<?xml version="1.0" encoding="UTF-8"?>
<testsuites name="Create New Inspection" time="89" tests="1" failures="1" errors="0">
   <testsuite name="Create New Inspection" tests="1" failures="1" errors="0" time="89" timestamp="2018-05-16 13:57:52" hostname="JHATFIELD - SNDFSMINFSRV001.defra.onmicrosoft.com" id="Test Suites/Create New Inspection">
      <properties>
         <property name="deviceName" value=""/>
         <property name="devicePlatform" value=""/>
         <property name="logFolder" value="C:\\Users\\JHATFIELD\\git\\DEFRA-FSM_Automated_Regression_NEW\\Reports\\Create New Inspection\\20180516_135748"/>
         <property name="logFiles" value="C:\\Users\\JHATFIELD\\git\\DEFRA-FSM_Automated_Regression_NEW\\Reports\\Create New Inspection\\20180516_135748\\execution0.log"/>
         <property name="attachments" value="C:\\Users\\JHATFIELD\\git\\DEFRA-FSM_Automated_Regression_NEW\\Reports\\Create New Inspection\\20180516_135748\\1526479160141.png"/>
         <property name="hostName" value="JHATFIELD - SNDFSMINFSRV001.defra.onmicrosoft.com"/>
         <property name="os" value="Windows NT (unknown) 64bit"/>
         <property name="katalonVersion" value="5.4.1.1"/>
         <property name="browser" value="Chrome 66.0.3359.139"/>
         <property name="hostAddress" value="10.201.1.17"/>
         <property name="sessionId" value="68769f6dee3d5361f3ee7ab87083060d"/>
         <property name="seleniumVersion" value="3.7.1"/>
         <property name="proxyInformation" value="ProxyInformation{proxyOption=NO_PROXY, proxyServerType=HTTP, password=, proxyServerAddress=, proxyServerPort=0}"/>
         <property name="platform" value="Windows NT (unknown)"/>
      </properties>
      <testcase name="Test Cases/Launch Job Manager Control Centre" classname="Test Cases/Launch Job Manager Control Centre" status="PASSED">
         <system-out><![CDATA[2018-05-16 13:57:53 - [TEST_CASE][PASSED] - Test Cases/Launch Job Manager Control Centre: Test Cases/Launch Job Manager Control Centre

2018-05-16 13:57:55 - [TEST_STEP][PASSED] - openBrowser: Browser is opened with url: ''

2018-05-16 13:58:00 - [MESSAGE][PASSED] - Browser is opened with url: ''

2018-05-16 13:58:00 - [TEST_STEP][PASSED] - navigateToUrl: Navigate to 'https://kirona-def-2.kirona.com/jmtest/login#!loginView' successfully

2018-05-16 13:58:02 - [MESSAGE][PASSED] - Navigate to 'https://kirona-def-2.kirona.com/jmtest/login#!loginView' successfully

2018-05-16 13:58:02 - [TEST_STEP][PASSED] - setText: Text 'jon.hatfield' is set on object 'Object Repository/FSM1/Control Centre/Page_Job Manager Login/input_gwt-uid-3'

2018-05-16 13:58:04 - [MESSAGE][PASSED] - Text 'jon.hatfield' is set on object 'Object Repository/FSM1/Control Centre/Page_Job Manager Login/input_gwt-uid-3'

2018-05-16 13:58:04 - [TEST_STEP][PASSED] - setText: Text 'Fr@nc1sJ0n' is set on object 'Object Repository/FSM1/Control Centre/Page_Job Manager Login/input_gwt-uid-5'

2018-05-16 13:58:05 - [MESSAGE][PASSED] - Text 'Fr@nc1sJ0n' is set on object 'Object Repository/FSM1/Control Centre/Page_Job Manager Login/input_gwt-uid-5'

2018-05-16 13:58:05 - [TEST_STEP][PASSED] - click: Object: 'Object Repository/FSM1/Control Centre/Page_Job Manager Login/Page_Job Manager Login/div_Login' is clicked on

2018-05-16 13:58:06 - [MESSAGE][PASSED] - Object: 'Object Repository/FSM1/Control Centre/Page_Job Manager Login/Page_Job Manager Login/div_Login' is clicked on

2018-05-16 13:58:06 - [TEST_STEP][PASSED] - delay: Delayed 5 second(s)

2018-05-16 13:58:11 - [MESSAGE][PASSED] - Delayed 5 second(s)]]></system-out>
         <system-err><![CDATA[]]></system-err>
      </testcase>
      <testcase name="Test Cases/Create EMI Inspection" classname="Test Cases/Create EMI Inspection" status="FAILED">
         <failure type="FAILED" message="Unable to set text 'jon' of object 'Object Repository/FSM1/Control Centre/Create EMI Inspection/Scheduling Criteria/Page_JM Control Centre/input_gwt-uid-66' (Root cause: com.kms.katalon.core.webui.exception.WebElementNotFoundException: Web element with id: 'Object Repository/FSM1/Control Centre/Create EMI Inspection/Scheduling Criteria/Page_JM Control Centre/input_gwt-uid-66' located by 'By.xpath: id(&quot;gwt-uid-66&quot;)[count(. | //input[@type = 'text' and @class = 'v-filterselect-input' and @id = 'gwt-uid-66']) = count(//input[@type = 'text' and @class = 'v-filterselect-input' and @id = 'gwt-uid-66'])]' not found)"/>
         <system-out><![CDATA[2018-05-16 13:58:11 - [TEST_CASE][FAILED] - Test Cases/Create EMI Inspection: Test Cases/Create EMI Inspection FAILED because (of) Unable to set text 'jon' of object 'Object Repository/FSM1/Control Centre/Create EMI Inspection/Scheduling Criteria/Page_JM Control Centre/input_gwt-uid-66' (Root cause: com.kms.katalon.core.webui.exception.WebElementNotFoundException: Web element with id: 'Object Repository/FSM1/Control Centre/Create EMI Inspection/Scheduling Criteria/Page_JM Control Centre/input_gwt-uid-66' located by 'By.xpath: id("gwt-uid-66")[count(. | //input[@type = 'text' and @class = 'v-filterselect-input' and @id = 'gwt-uid-66']) = count(//input[@type = 'text' and @class = 'v-filterselect-input' and @id = 'gwt-uid-66'])]' not found)

2018-05-16 13:58:11 - [TEST_STEP][PASSED] - click: Object: 'Object Repository/FSM1/Control Centre/Create EMI Inspection/Page_JM Control Centre/div_Create' is clicked on

2018-05-16 13:58:12 - [MESSAGE][PASSED] - Object: 'Object Repository/FSM1/Control Centre/Create EMI Inspection/Page_JM Control Centre/div_Create' is clicked on

2018-05-16 13:58:12 - [TEST_STEP][PASSED] - setText: Text 'emi' is set on object 'Object Repository/FSM1/Control Centre/Create EMI Inspection/Page_JM Control Centre/input_gwt-uid-8'

2018-05-16 13:58:14 - [MESSAGE][PASSED] - Text 'emi' is set on object 'Object Repository/FSM1/Control Centre/Create EMI Inspection/Page_JM Control Centre/input_gwt-uid-8'

2018-05-16 13:58:14 - [TEST_STEP][PASSED] - click: Object: 'Object Repository/FSM1/Control Centre/Create EMI Inspection/Page_JM Control Centre/span_EMI Inspection' is clicked on

2018-05-16 13:58:15 - [MESSAGE][PASSED] - Object: 'Object Repository/FSM1/Control Centre/Create EMI Inspection/Page_JM Control Centre/span_EMI Inspection' is clicked on

2018-05-16 13:58:15 - [TEST_STEP][PASSED] - clearText: Text of object 'Object Repository/FSM1/Control Centre/Create Inspection/SLA/Page_JM Control Centre/SLA' is cleared

2018-05-16 13:58:17 - [MESSAGE][PASSED] - Text of object 'Object Repository/FSM1/Control Centre/Create Inspection/SLA/Page_JM Control Centre/SLA' is cleared

2018-05-16 13:58:17 - [TEST_STEP][PASSED] - setText: Text '24' is set on object 'Object Repository/FSM1/Control Centre/Create Inspection/SLA/Page_JM Control Centre/SLA'

2018-05-16 13:58:17 - [MESSAGE][PASSED] - Text '24' is set on object 'Object Repository/FSM1/Control Centre/Create Inspection/SLA/Page_JM Control Centre/SLA'

2018-05-16 13:58:18 - [TEST_STEP][PASSED] - click: Object: 'Object Repository/FSM1/Control Centre/Create Inspection/SLA/Page_JM Control Centre (1)/span_24 Hours' is clicked on

2018-05-16 13:58:18 - [MESSAGE][PASSED] - Object: 'Object Repository/FSM1/Control Centre/Create Inspection/SLA/Page_JM Control Centre (1)/span_24 Hours' is clicked on

2018-05-16 13:58:18 - [TEST_STEP][PASSED] - setText: Text '5' is set on object 'Object Repository/FSM1/Control Centre/Create EMI Inspection/Page_JM Control Centre/input_gwt-uid-16'

2018-05-16 13:58:19 - [MESSAGE][PASSED] - Text '5' is set on object 'Object Repository/FSM1/Control Centre/Create EMI Inspection/Page_JM Control Centre/input_gwt-uid-16'

2018-05-16 13:58:19 - [TEST_STEP][PASSED] - setText: Text 'we' is set on object 'Object Repository/FSM1/Control Centre/Create EMI Inspection/Page_JM Control Centre/input_gwt-uid-26'

2018-05-16 13:58:19 - [MESSAGE][PASSED] - Text 'we' is set on object 'Object Repository/FSM1/Control Centre/Create EMI Inspection/Page_JM Control Centre/input_gwt-uid-26'

2018-05-16 13:58:20 - [TEST_STEP][PASSED] - click: Object: 'Object Repository/FSM1/Control Centre/Create EMI Inspection/Page_JM Control Centre/span_West' is clicked on

2018-05-16 13:58:20 - [MESSAGE][PASSED] - Object: 'Object Repository/FSM1/Control Centre/Create EMI Inspection/Page_JM Control Centre/span_West' is clicked on

2018-05-16 13:58:20 - [TEST_STEP][PASSED] - setText: Text 'EMI Routine' is set on object 'Object Repository/FSM1/Control Centre/Create EMI Inspection/Page_JM Control Centre (1)/Inspection Type'

2018-05-16 13:58:22 - [MESSAGE][PASSED] - Text 'EMI Routine' is set on object 'Object Repository/FSM1/Control Centre/Create EMI Inspection/Page_JM Control Centre (1)/Inspection Type'

2018-05-16 13:58:22 - [TEST_STEP][PASSED] - click: Object: 'Object Repository/FSM1/Control Centre/Create EMI Inspection/Page_JM Control Centre/span_EMI Routine' is clicked on

2018-05-16 13:58:23 - [MESSAGE][PASSED] - Object: 'Object Repository/FSM1/Control Centre/Create EMI Inspection/Page_JM Control Centre/span_EMI Routine' is clicked on

2018-05-16 13:58:23 - [TEST_STEP][PASSED] - setText: Text 'Mr Automation' is set on object 'Object Repository/FSM1/Control Centre/Create EMI Inspection/Page_JM Control Centre/input_gwt-uid-36'

2018-05-16 13:58:24 - [MESSAGE][PASSED] - Text 'Mr Automation' is set on object 'Object Repository/FSM1/Control Centre/Create EMI Inspection/Page_JM Control Centre/input_gwt-uid-36'

2018-05-16 13:58:24 - [TEST_STEP][PASSED] - setText: Text '111' is set on object 'Object Repository/FSM1/Control Centre/Create EMI Inspection/Page_JM Control Centre/input_gwt-uid-42'

2018-05-16 13:58:25 - [MESSAGE][PASSED] - Text '111' is set on object 'Object Repository/FSM1/Control Centre/Create EMI Inspection/Page_JM Control Centre/input_gwt-uid-42'

2018-05-16 13:58:25 - [TEST_STEP][PASSED] - setText: Text '222' is set on object 'Object Repository/FSM1/Control Centre/Create EMI Inspection/Page_JM Control Centre/input_gwt-uid-44'

2018-05-16 13:58:26 - [MESSAGE][PASSED] - Text '222' is set on object 'Object Repository/FSM1/Control Centre/Create EMI Inspection/Page_JM Control Centre/input_gwt-uid-44'

2018-05-16 13:58:26 - [TEST_STEP][PASSED] - click: Object: 'Object Repository/FSM1/Control Centre/Create EMI Inspection/Page_JM Control Centre/div_v-filterselect-button_1' is clicked on

2018-05-16 13:58:26 - [MESSAGE][PASSED] - Object: 'Object Repository/FSM1/Control Centre/Create EMI Inspection/Page_JM Control Centre/div_v-filterselect-button_1' is clicked on

2018-05-16 13:58:27 - [TEST_STEP][PASSED] - click: Object: 'Object Repository/FSM1/Control Centre/Create EMI Inspection/Page_JM Control Centre/span_EGG PACKER' is clicked on

2018-05-16 13:58:27 - [MESSAGE][PASSED] - Object: 'Object Repository/FSM1/Control Centre/Create EMI Inspection/Page_JM Control Centre/span_EGG PACKER' is clicked on

2018-05-16 13:58:28 - [TEST_STEP][PASSED] - click: Object: 'Object Repository/FSM1/Control Centre/Create EMI Inspection/Page_JM Control Centre/span_' is clicked on

2018-05-16 13:58:28 - [MESSAGE][PASSED] - Object: 'Object Repository/FSM1/Control Centre/Create EMI Inspection/Page_JM Control Centre/span_' is clicked on

2018-05-16 13:58:28 - [TEST_STEP][PASSED] - click: Object: 'Object Repository/FSM1/Control Centre/Create EMI Inspection/Address Search/Page_JM Control Centre/Postcode Search' is clicked on

2018-05-16 13:58:31 - [MESSAGE][PASSED] - Object: 'Object Repository/FSM1/Control Centre/Create EMI Inspection/Address Search/Page_JM Control Centre/Postcode Search' is clicked on

2018-05-16 13:58:31 - [TEST_STEP][PASSED] - setText: Text 'cv37 6sn' is set on object 'Object Repository/FSM1/Control Centre/Create EMI Inspection/Create Address/Page_JM Control Centre/input_v-textfield v-widget v-t'

2018-05-16 13:58:37 - [MESSAGE][PASSED] - Text 'cv37 6sn' is set on object 'Object Repository/FSM1/Control Centre/Create EMI Inspection/Create Address/Page_JM Control Centre/input_v-textfield v-widget v-t'

2018-05-16 13:58:38 - [TEST_STEP][PASSED] - click: Object: 'Object Repository/FSM1/Control Centre/Create EMI Inspection/Create Address/Page_JM Control Centre (1)/SearchButton' is clicked on

2018-05-16 13:58:40 - [MESSAGE][PASSED] - Object: 'Object Repository/FSM1/Control Centre/Create EMI Inspection/Create Address/Page_JM Control Centre (1)/SearchButton' is clicked on

2018-05-16 13:58:41 - [TEST_STEP][PASSED] - click: Object: 'Object Repository/FSM1/Control Centre/Create EMI Inspection/Page_JM Control Centre/div_90 Clopton Road Stratford' is clicked on

2018-05-16 13:58:42 - [MESSAGE][PASSED] - Object: 'Object Repository/FSM1/Control Centre/Create EMI Inspection/Page_JM Control Centre/div_90 Clopton Road Stratford' is clicked on

2018-05-16 13:58:43 - [TEST_STEP][PASSED] - click: Object: 'Object Repository/FSM1/Control Centre/Create EMI Inspection/Create Address/Page_JM Control Centre (2)/div_Add Selected Item' is clicked on

2018-05-16 13:58:45 - [MESSAGE][PASSED] - Object: 'Object Repository/FSM1/Control Centre/Create EMI Inspection/Create Address/Page_JM Control Centre (2)/div_Add Selected Item' is clicked on

2018-05-16 13:58:46 - [TEST_STEP][PASSED] - click: Object: 'Object Repository/FSM1/Control Centre/Create EMI Inspection/Scheduling Criteria/Page_JM Control Centre/div_Scheduling WindowFollow SL' is clicked on

2018-05-16 13:58:47 - [MESSAGE][PASSED] - Object: 'Object Repository/FSM1/Control Centre/Create EMI Inspection/Scheduling Criteria/Page_JM Control Centre/div_Scheduling WindowFollow SL' is clicked on

2018-05-16 13:58:47 - [TEST_STEP][PASSED] - click: Object: 'Object Repository/FSM1/Control Centre/Create EMI Inspection/Scheduling Criteria/Page_JM Control Centre/div_v-filterselect-button_1' is clicked on

2018-05-16 13:58:48 - [MESSAGE][PASSED] - Object: 'Object Repository/FSM1/Control Centre/Create EMI Inspection/Scheduling Criteria/Page_JM Control Centre/div_v-filterselect-button_1' is clicked on

2018-05-16 13:58:48 - [TEST_STEP][FAILED] - setText: Unable to set text 'jon' of object 'Object Repository/FSM1/Control Centre/Create EMI Inspection/Scheduling Criteria/Page_JM Control Centre/input_gwt-uid-66' (Root cause: com.kms.katalon.core.webui.exception.WebElementNotFoundException: Web element with id: 'Object Repository/FSM1/Control Centre/Create EMI Inspection/Scheduling Criteria/Page_JM Control Centre/input_gwt-uid-66' located by 'By.xpath: id("gwt-uid-66")[count(. | //input[@type = 'text' and @class = 'v-filterselect-input' and @id = 'gwt-uid-66']) = count(//input[@type = 'text' and @class = 'v-filterselect-input' and @id = 'gwt-uid-66'])]' not found)

2018-05-16 13:59:21 - [MESSAGE][FAILED] - Unable to set text 'jon' of object 'Object Repository/FSM1/Control Centre/Create EMI Inspection/Scheduling Criteria/Page_JM Control Centre/input_gwt-uid-66' (Root cause: com.kms.katalon.core.webui.exception.WebElementNotFoundException: Web element with id: 'Object Repository/FSM1/Control Centre/Create EMI Inspection/Scheduling Criteria/Page_JM Control Centre/input_gwt-uid-66' located by 'By.xpath: id("gwt-uid-66")[count(. | //input[@type = 'text' and @class = 'v-filterselect-input' and @id = 'gwt-uid-66']) = count(//input[@type = 'text' and @class = 'v-filterselect-input' and @id = 'gwt-uid-66'])]' not found)
[[ATTACHMENT|C:\\Users\\JHATFIELD\\git\\DEFRA-FSM_Automated_Regression_NEW\\Reports\\Create New Inspection\\20180516_135748\\1526479160141.png]]]]></system-out>
         <system-err><![CDATA[2018-05-16 13:58:11 - [TEST_CASE][FAILED] - Test Cases/Create EMI Inspection: Test Cases/Create EMI Inspection FAILED because (of) Unable to set text 'jon' of object 'Object Repository/FSM1/Control Centre/Create EMI Inspection/Scheduling Criteria/Page_JM Control Centre/input_gwt-uid-66' (Root cause: com.kms.katalon.core.webui.exception.WebElementNotFoundException: Web element with id: 'Object Repository/FSM1/Control Centre/Create EMI Inspection/Scheduling Criteria/Page_JM Control Centre/input_gwt-uid-66' located by 'By.xpath: id("gwt-uid-66")[count(. | //input[@type = 'text' and @class = 'v-filterselect-input' and @id = 'gwt-uid-66']) = count(//input[@type = 'text' and @class = 'v-filterselect-input' and @id = 'gwt-uid-66'])]' not found)]]></system-err>
      </testcase>
      <system-out><![CDATA[2018-05-16 13:57:52 - [TEST_SUITE][FAILED] - Create New Inspection: Test Cases/Create EMI Inspection FAILED because (of) Unable to set text 'jon' of object 'Object Repository/FSM1/Control Centre/Create EMI Inspection/Scheduling Criteria/Page_JM Control Centre/input_gwt-uid-66' (Root cause: com.kms.katalon.core.webui.exception.WebElementNotFoundException: Web element with id: 'Object Repository/FSM1/Control Centre/Create EMI Inspection/Scheduling Criteria/Page_JM Control Centre/input_gwt-uid-66' located by 'By.xpath: id("gwt-uid-66")[count(. | //input[@type = 'text' and @class = 'v-filterselect-input' and @id = 'gwt-uid-66']) = count(//input[@type = 'text' and @class = 'v-filterselect-input' and @id = 'gwt-uid-66'])]' not found)]]></system-out>
      <system-err><![CDATA[2018-05-16 13:57:52 - [TEST_SUITE][FAILED] - Create New Inspection: Test Cases/Create EMI Inspection FAILED because (of) Unable to set text 'jon' of object 'Object Repository/FSM1/Control Centre/Create EMI Inspection/Scheduling Criteria/Page_JM Control Centre/input_gwt-uid-66' (Root cause: com.kms.katalon.core.webui.exception.WebElementNotFoundException: Web element with id: 'Object Repository/FSM1/Control Centre/Create EMI Inspection/Scheduling Criteria/Page_JM Control Centre/input_gwt-uid-66' located by 'By.xpath: id("gwt-uid-66")[count(. | //input[@type = 'text' and @class = 'v-filterselect-input' and @id = 'gwt-uid-66']) = count(//input[@type = 'text' and @class = 'v-filterselect-input' and @id = 'gwt-uid-66'])]' not found)]]></system-err>
   </testsuite>
</testsuites>
