<?xml version="1.0" encoding="UTF-8"?>
<testsuites name="NCP Regression - Breeding Chickens" time="323" tests="5" failures="0" errors="0">
   <testsuite name="NCP Regression - Breeding Chickens" tests="5" failures="0" errors="0" time="323" timestamp="2018-12-10 15:22:09" hostname="JHATFIELD - SNDFSMINFSRV001.defra.onmicrosoft.com" id="Test Suites/NCP/NCP Regression - Breeding Chickens">
      <properties>
         <property name="deviceName" value=""/>
         <property name="devicePlatform" value=""/>
         <property name="logFolder" value="C:\\Users\\JHATFIELD\\Documents\\Katalon\\JM 8.8\\FSM_Automated_Regression_8_8\\Reports\\NCP\\NCP Regression - Breeding Chickens\\20181210_152203"/>
         <property name="logFiles" value="C:\\Users\\JHATFIELD\\Documents\\Katalon\\JM 8.8\\FSM_Automated_Regression_8_8\\Reports\\NCP\\NCP Regression - Breeding Chickens\\20181210_152203\\execution0.log"/>
         <property name="attachments" value="C:\\Users\\JHATFIELD\\Documents\\Katalon\\JM 8.8\\FSM_Automated_Regression_8_8\\Reports\\NCP\\NCP Regression - Breeding Chickens\\20181210_152203\\1544455584486.png"/>
         <property name="hostName" value="JHATFIELD - SNDFSMINFSRV001.defra.onmicrosoft.com"/>
         <property name="os" value="Windows Server 2016 64bit"/>
         <property name="katalonVersion" value="5.9.1.2"/>
         <property name="browser" value="Chrome 70.0.3538.110"/>
         <property name="hostAddress" value="10.201.1.17"/>
         <property name="sessionId" value="49408f599a3c8e7a2a20f7bfa75f0e46"/>
         <property name="seleniumVersion" value="3.7.1"/>
         <property name="proxyInformation" value="ProxyInformation{proxyOption=NO_PROXY, proxyServerType=HTTP, password=, proxyServerAddress=, proxyServerPort=0}"/>
         <property name="platform" value="Windows Server 2016"/>
      </properties>
      <testcase name="Test Cases/Generic/Launch Job Manager Control Centre" classname="Test Cases/Generic/Launch Job Manager Control Centre" status="PASSED">
         <system-out><![CDATA[2018-12-10 15:22:09 - [TEST_CASE][PASSED] - Test Cases/Generic/Launch Job Manager Control Centre: Test Cases/Generic/Launch Job Manager Control Centre

2018-12-10 15:22:11 - [TEST_STEP][PASSED] - openBrowser(""): Browser is opened with url: ''

2018-12-10 15:22:12 - [MESSAGE][INFO] - Starting 'Chrome' driver

2018-12-10 15:22:12 - [MESSAGE][INFO] - Action delay is set to 0 seconds

2018-12-10 15:22:16 - [MESSAGE][PASSED] - Browser is opened with url: ''

2018-12-10 15:22:16 - [TEST_STEP][PASSED] - navigateToUrl(CCURL): Navigate to 'https://kirona-def-11.kirona.com/jmtrain' successfully

2018-12-10 15:22:18 - [MESSAGE][PASSED] - Navigate to 'https://kirona-def-11.kirona.com/jmtrain' successfully

2018-12-10 15:22:18 - [TEST_STEP][PASSED] - delay(3): Delayed 3 second(s)

2018-12-10 15:22:21 - [MESSAGE][PASSED] - Delayed 3 second(s)

2018-12-10 15:22:21 - [TEST_STEP][PASSED] - setText(findTestObject("FSM1/Control Centre/Page_Job Manager Login/input_gwt-uid-3"), Username): Text 'jon.hatfield' is set on object 'Object Repository/FSM1/Control Centre/Page_Job Manager Login/input_gwt-uid-3'

2018-12-10 15:22:21 - [MESSAGE][PASSED] - Text 'jon.hatfield' is set on object 'Object Repository/FSM1/Control Centre/Page_Job Manager Login/input_gwt-uid-3'

2018-12-10 15:22:21 - [TEST_STEP][PASSED] - setText(findTestObject("FSM1/Control Centre/Page_Job Manager Login/input_gwt-uid-5"), Password): Text 'Fr@nc1sJ0n' is set on object 'Object Repository/FSM1/Control Centre/Page_Job Manager Login/input_gwt-uid-5'

2018-12-10 15:22:22 - [MESSAGE][PASSED] - Text 'Fr@nc1sJ0n' is set on object 'Object Repository/FSM1/Control Centre/Page_Job Manager Login/input_gwt-uid-5'

2018-12-10 15:22:22 - [TEST_STEP][PASSED] - delay(2): Delayed 2 second(s)

2018-12-10 15:22:24 - [MESSAGE][PASSED] - Delayed 2 second(s)

2018-12-10 15:22:24 - [TEST_STEP][PASSED] - click(findTestObject("FSM1/PreProd/Page_Job Manager Login/div_Login")): Object: 'Object Repository/FSM1/PreProd/Page_Job Manager Login/div_Login' is clicked on

2018-12-10 15:22:24 - [MESSAGE][PASSED] - Object: 'Object Repository/FSM1/PreProd/Page_Job Manager Login/div_Login' is clicked on

2018-12-10 15:22:24 - [TEST_STEP][PASSED] - delay(5): Delayed 5 second(s)

2018-12-10 15:22:29 - [MESSAGE][PASSED] - Delayed 5 second(s)]]></system-out>
         <system-err><![CDATA[]]></system-err>
      </testcase>
      <testcase name="Test Cases/NCP/Create NCP Inspection - Manual Assignment" classname="Test Cases/NCP/Create NCP Inspection - Manual Assignment" status="PASSED">
         <system-out><![CDATA[2018-12-10 15:22:29 - [TEST_CASE][PASSED] - Test Cases/NCP/Create NCP Inspection - Manual Assignment: Test Cases/NCP/Create NCP Inspection - Manual Assignment

2018-12-10 15:22:30 - [TEST_STEP][PASSED] - log = new com.kms.katalon.core.logging.KeywordLogger(): null

2018-12-10 15:22:30 - [TEST_STEP][PASSED] - click(findTestObject("Object Repository/FSM1/NCP/Create Inspection/Page_JM Control Centre/div_Create")): Object: 'Object Repository/FSM1/NCP/Create Inspection/Page_JM Control Centre/div_Create' is clicked on

2018-12-10 15:22:30 - [MESSAGE][PASSED] - Object: 'Object Repository/FSM1/NCP/Create Inspection/Page_JM Control Centre/div_Create' is clicked on

2018-12-10 15:22:30 - [TEST_STEP][PASSED] - setText(findTestObject("Object Repository/FSM1/NCP/Create Inspection/Page_JM Control Centre/input_Type_gwt-uid-8"), "cso01 - ncp salmonella"): Text 'cso01 - ncp salmonella' is set on object 'Object Repository/FSM1/NCP/Create Inspection/Page_JM Control Centre/input_Type_gwt-uid-8'

2018-12-10 15:22:33 - [MESSAGE][PASSED] - Text 'cso01 - ncp salmonella' is set on object 'Object Repository/FSM1/NCP/Create Inspection/Page_JM Control Centre/input_Type_gwt-uid-8'

2018-12-10 15:22:33 - [TEST_STEP][PASSED] - click(findTestObject("Object Repository/FSM1/NCP/Create Inspection/Page_JM Control Centre/span_CSO01 - NCP Salmonella")): Object: 'Object Repository/FSM1/NCP/Create Inspection/Page_JM Control Centre/span_CSO01 - NCP Salmonella' is clicked on

2018-12-10 15:22:33 - [MESSAGE][PASSED] - Object: 'Object Repository/FSM1/NCP/Create Inspection/Page_JM Control Centre/span_CSO01 - NCP Salmonella' is clicked on

2018-12-10 15:22:33 - [TEST_STEP][PASSED] - setText(findTestObject("Object Repository/FSM1/NCP/Create Inspection/Page_JM Control Centre/input_Type_gwt-uid-8"), "CSO01 - NCP Salmonella"): Text 'CSO01 - NCP Salmonella' is set on object 'Object Repository/FSM1/NCP/Create Inspection/Page_JM Control Centre/input_Type_gwt-uid-8'

2018-12-10 15:22:34 - [MESSAGE][PASSED] - Text 'CSO01 - NCP Salmonella' is set on object 'Object Repository/FSM1/NCP/Create Inspection/Page_JM Control Centre/input_Type_gwt-uid-8'

2018-12-10 15:22:34 - [TEST_STEP][PASSED] - click(findTestObject("Object Repository/FSM1/NCP/Create Inspection/Page_JM Control Centre/div_SLA_v-filterselect-button")): Object: 'Object Repository/FSM1/NCP/Create Inspection/Page_JM Control Centre/div_SLA_v-filterselect-button' is clicked on

2018-12-10 15:22:35 - [MESSAGE][PASSED] - Object: 'Object Repository/FSM1/NCP/Create Inspection/Page_JM Control Centre/div_SLA_v-filterselect-button' is clicked on

2018-12-10 15:22:36 - [TEST_STEP][PASSED] - click(findTestObject("Object Repository/FSM1/NCP/Create Inspection/Page_JM Control Centre/td_24 Hours")): Object: 'Object Repository/FSM1/NCP/Create Inspection/Page_JM Control Centre/td_24 Hours' is clicked on

2018-12-10 15:22:36 - [MESSAGE][PASSED] - Object: 'Object Repository/FSM1/NCP/Create Inspection/Page_JM Control Centre/td_24 Hours' is clicked on

2018-12-10 15:22:36 - [TEST_STEP][PASSED] - click(findTestObject("Object Repository/FSM1/NCP/Create Inspection/Page_JM Control Centre/div_Flock Type_v-filterselect-")): Object: 'Object Repository/FSM1/NCP/Create Inspection/Page_JM Control Centre/div_Flock Type_v-filterselect-' is clicked on

2018-12-10 15:22:36 - [MESSAGE][PASSED] - Object: 'Object Repository/FSM1/NCP/Create Inspection/Page_JM Control Centre/div_Flock Type_v-filterselect-' is clicked on

2018-12-10 15:22:36 - [TEST_STEP][PASSED] - FlockType = modifyObjectProperty(findTestObject("Object Repository/FSM1/NCP/Create Inspection/Page_JM Control Centre/span_Breeding Chickens"), "text", "equals", findTestData("Pre Production/NCP/FlockType").getValue(1, 1), true): Modify property of object successfully

2018-12-10 15:22:36 - [MESSAGE][PASSED] - Modify property of object successfully

2018-12-10 15:22:36 - [TEST_STEP][PASSED] - click(FlockType, STOP_ON_FAILURE): Object: 'Object Repository/FSM1/NCP/Create Inspection/Page_JM Control Centre/span_Breeding Chickens' is clicked on

2018-12-10 15:22:37 - [MESSAGE][PASSED] - Object: 'Object Repository/FSM1/NCP/Create Inspection/Page_JM Control Centre/span_Breeding Chickens' is clicked on

2018-12-10 15:22:37 - [TEST_STEP][NOT_RUN] - click(findTestObject("Object Repository/FSM1/NCP/Create Inspection/Page_JM Control Centre/span_Breeding Chickens")): NOT_RUN: click(findTestObject("Object Repository/FSM1/NCP/Create Inspection/Page_JM Control Centre/span_Breeding Chickens"))

2018-12-10 15:22:37 - [MESSAGE][NOT_RUN] - NOT_RUN: click(findTestObject("Object Repository/FSM1/NCP/Create Inspection/Page_JM Control Centre/span_Breeding Chickens"))

2018-12-10 15:22:37 - [TEST_STEP][PASSED] - click(findTestObject("Object Repository/FSM1/NCP/Create Inspection/Page_JM Control Centre/div_Region_v-filterselect-butt")): Object: 'Object Repository/FSM1/NCP/Create Inspection/Page_JM Control Centre/div_Region_v-filterselect-butt' is clicked on

2018-12-10 15:22:37 - [MESSAGE][PASSED] - Object: 'Object Repository/FSM1/NCP/Create Inspection/Page_JM Control Centre/div_Region_v-filterselect-butt' is clicked on

2018-12-10 15:22:37 - [TEST_STEP][PASSED] - click(findTestObject("Object Repository/FSM1/NCP/Create Inspection/Page_JM Control Centre/span_West")): Object: 'Object Repository/FSM1/NCP/Create Inspection/Page_JM Control Centre/span_West' is clicked on

2018-12-10 15:22:38 - [MESSAGE][PASSED] - Object: 'Object Repository/FSM1/NCP/Create Inspection/Page_JM Control Centre/span_West' is clicked on

2018-12-10 15:22:38 - [TEST_STEP][PASSED] - setText(findTestObject("Object Repository/FSM1/NCP/Create Inspection/Page_JM Control Centre/input_Customer ID_gwt-uid-34"), RandomStringUtils.randomNumeric(5)): Text '81803' is set on object 'Object Repository/FSM1/NCP/Create Inspection/Page_JM Control Centre/input_Customer ID_gwt-uid-34'

2018-12-10 15:22:38 - [MESSAGE][PASSED] - Text '81803' is set on object 'Object Repository/FSM1/NCP/Create Inspection/Page_JM Control Centre/input_Customer ID_gwt-uid-34'

2018-12-10 15:22:38 - [TEST_STEP][PASSED] - setText(findTestObject("Object Repository/FSM1/NCP/Create Inspection/Page_JM Control Centre/input_Customer Name_gwt-uid-36"), "Test Automation"): Text 'Test Automation' is set on object 'Object Repository/FSM1/NCP/Create Inspection/Page_JM Control Centre/input_Customer Name_gwt-uid-36'

2018-12-10 15:22:39 - [MESSAGE][PASSED] - Text 'Test Automation' is set on object 'Object Repository/FSM1/NCP/Create Inspection/Page_JM Control Centre/input_Customer Name_gwt-uid-36'

2018-12-10 15:22:39 - [TEST_STEP][PASSED] - setText(findTestObject("Object Repository/FSM1/NCP/Create Inspection/Page_JM Control Centre/input_Customer Phone_gwt-uid-3"), "07824487657"): Text '07824487657' is set on object 'Object Repository/FSM1/NCP/Create Inspection/Page_JM Control Centre/input_Customer Phone_gwt-uid-3'

2018-12-10 15:22:39 - [MESSAGE][PASSED] - Text '07824487657' is set on object 'Object Repository/FSM1/NCP/Create Inspection/Page_JM Control Centre/input_Customer Phone_gwt-uid-3'

2018-12-10 15:22:39 - [TEST_STEP][PASSED] - setText(findTestObject("Object Repository/FSM1/NCP/Create Inspection/Page_JM Control Centre/input_Customer email_gwt-uid-4"), "test@automation.com"): Text 'test@automation.com' is set on object 'Object Repository/FSM1/NCP/Create Inspection/Page_JM Control Centre/input_Customer email_gwt-uid-4'

2018-12-10 15:22:40 - [MESSAGE][PASSED] - Text 'test@automation.com' is set on object 'Object Repository/FSM1/NCP/Create Inspection/Page_JM Control Centre/input_Customer email_gwt-uid-4'

2018-12-10 15:22:40 - [TEST_STEP][PASSED] - setText(findTestObject("Object Repository/FSM1/NCP/Create Inspection/Page_JM Control Centre/input_Name_gwt-uid-42"), "Test Automation Reg"): Text 'Test Automation Reg' is set on object 'Object Repository/FSM1/NCP/Create Inspection/Page_JM Control Centre/input_Name_gwt-uid-42'

2018-12-10 15:22:40 - [MESSAGE][PASSED] - Text 'Test Automation Reg' is set on object 'Object Repository/FSM1/NCP/Create Inspection/Page_JM Control Centre/input_Name_gwt-uid-42'

2018-12-10 15:22:40 - [TEST_STEP][PASSED] - setText(findTestObject("Object Repository/FSM1/NCP/Create Inspection/Page_JM Control Centre/input_Phone_gwt-uid-44"), "017877645322"): Text '017877645322' is set on object 'Object Repository/FSM1/NCP/Create Inspection/Page_JM Control Centre/input_Phone_gwt-uid-44'

2018-12-10 15:22:41 - [MESSAGE][PASSED] - Text '017877645322' is set on object 'Object Repository/FSM1/NCP/Create Inspection/Page_JM Control Centre/input_Phone_gwt-uid-44'

2018-12-10 15:22:41 - [TEST_STEP][PASSED] - setText(findTestObject("Object Repository/FSM1/NCP/Create Inspection/Page_JM Control Centre/input_CPHRegistration Number_g"), "11/222/3333"): Text '11/222/3333' is set on object 'Object Repository/FSM1/NCP/Create Inspection/Page_JM Control Centre/input_CPHRegistration Number_g'

2018-12-10 15:22:41 - [MESSAGE][PASSED] - Text '11/222/3333' is set on object 'Object Repository/FSM1/NCP/Create Inspection/Page_JM Control Centre/input_CPHRegistration Number_g'

2018-12-10 15:22:41 - [TEST_STEP][PASSED] - setText(findTestObject("Object Repository/FSM1/NCP/Create Inspection/Page_JM Control Centre/input_Survey Ref_gwt-uid-48"), RandomStringUtils.randomNumeric(5)): Text '85099' is set on object 'Object Repository/FSM1/NCP/Create Inspection/Page_JM Control Centre/input_Survey Ref_gwt-uid-48'

2018-12-10 15:22:42 - [MESSAGE][PASSED] - Text '85099' is set on object 'Object Repository/FSM1/NCP/Create Inspection/Page_JM Control Centre/input_Survey Ref_gwt-uid-48'

2018-12-10 15:22:42 - [TEST_STEP][PASSED] - click(findTestObject("Object Repository/FSM1/Create ABP Inspection Manual Ass/Page_JM Control Centre/Page_JM Control Centre/Page_JM Control Centre/span_")): Object: 'Object Repository/FSM1/Create ABP Inspection Manual Ass/Page_JM Control Centre/Page_JM Control Centre/Page_JM Control Centre/span_' is clicked on

2018-12-10 15:22:42 - [MESSAGE][PASSED] - Object: 'Object Repository/FSM1/Create ABP Inspection Manual Ass/Page_JM Control Centre/Page_JM Control Centre/Page_JM Control Centre/span_' is clicked on

2018-12-10 15:22:42 - [TEST_STEP][PASSED] - click(findTestObject("Object Repository/FSM1/Create ABP Inspection Manual Ass/Page_JM Control Centre/Page_JM Control Centre/Page_JM Control Centre/Postcode Search")): Object: 'Object Repository/FSM1/Create ABP Inspection Manual Ass/Page_JM Control Centre/Page_JM Control Centre/Page_JM Control Centre/Postcode Search' is clicked on

2018-12-10 15:22:44 - [MESSAGE][PASSED] - Object: 'Object Repository/FSM1/Create ABP Inspection Manual Ass/Page_JM Control Centre/Page_JM Control Centre/Page_JM Control Centre/Postcode Search' is clicked on

2018-12-10 15:22:44 - [TEST_STEP][PASSED] - setText(findTestObject("Object Repository/FSM1/Create ABP Inspection Manual Ass/Page_JM Control Centre/Page_JM Control Centre/Page_JM Control Centre/PostcodeSearch"), findTestData("Pre Production/ABP/ABP Inspection Data 01a").getValue(2, 1)): Text 'WR5 2NQ' is set on object 'Object Repository/FSM1/Create ABP Inspection Manual Ass/Page_JM Control Centre/Page_JM Control Centre/Page_JM Control Centre/PostcodeSearch'

2018-12-10 15:22:44 - [MESSAGE][PASSED] - Text 'WR5 2NQ' is set on object 'Object Repository/FSM1/Create ABP Inspection Manual Ass/Page_JM Control Centre/Page_JM Control Centre/Page_JM Control Centre/PostcodeSearch'

2018-12-10 15:22:45 - [TEST_STEP][PASSED] - click(findTestObject("FSM1/Control Centre/Create EMI Inspection/Create Address/Page_JM Control Centre (1)/SearchButton")): Object: 'Object Repository/FSM1/Control Centre/Create EMI Inspection/Create Address/Page_JM Control Centre (1)/SearchButton' is clicked on

2018-12-10 15:22:45 - [MESSAGE][PASSED] - Object: 'Object Repository/FSM1/Control Centre/Create EMI Inspection/Create Address/Page_JM Control Centre (1)/SearchButton' is clicked on

2018-12-10 15:22:45 - [TEST_STEP][PASSED] - FullAddress = modifyObjectProperty(findTestObject("Object Repository/FSM1/Create ABP Inspection Manual Ass/Page_JM Control Centre/Page_JM Control Centre/Page_JM Control Centre/Address"), "text", "equals", findTestData("Pre Production/ABP/ABP Inspection Data 01a").getValue(3, 1), true): Modify property of object successfully

2018-12-10 15:22:45 - [MESSAGE][PASSED] - Modify property of object successfully

2018-12-10 15:22:45 - [TEST_STEP][PASSED] - click(FullAddress, STOP_ON_FAILURE): Object: 'Object Repository/FSM1/Create ABP Inspection Manual Ass/Page_JM Control Centre/Page_JM Control Centre/Page_JM Control Centre/Address' is clicked on

2018-12-10 15:22:47 - [MESSAGE][PASSED] - Object: 'Object Repository/FSM1/Create ABP Inspection Manual Ass/Page_JM Control Centre/Page_JM Control Centre/Page_JM Control Centre/Address' is clicked on

2018-12-10 15:22:47 - [TEST_STEP][PASSED] - click(findTestObject("FSM1/Control Centre/Create EMI Inspection/Create Address/Page_JM Control Centre (2)/div_Add Selected Item")): Object: 'Object Repository/FSM1/Control Centre/Create EMI Inspection/Create Address/Page_JM Control Centre (2)/div_Add Selected Item' is clicked on

2018-12-10 15:22:47 - [MESSAGE][PASSED] - Object: 'Object Repository/FSM1/Control Centre/Create EMI Inspection/Create Address/Page_JM Control Centre (2)/div_Add Selected Item' is clicked on

2018-12-10 15:22:47 - [TEST_STEP][PASSED] - delay(2): Delayed 2 second(s)

2018-12-10 15:22:49 - [MESSAGE][PASSED] - Delayed 2 second(s)

2018-12-10 15:22:49 - [TEST_STEP][PASSED] - click(findTestObject("FSM1/Control Centre/Create EMI Inspection/Finish/Page_JM Control Centre (3)/div_Create")): Object: 'Object Repository/FSM1/Control Centre/Create EMI Inspection/Finish/Page_JM Control Centre (3)/div_Create' is clicked on

2018-12-10 15:22:50 - [MESSAGE][PASSED] - Object: 'Object Repository/FSM1/Control Centre/Create EMI Inspection/Finish/Page_JM Control Centre (3)/div_Create' is clicked on

2018-12-10 15:22:50 - [TEST_STEP][PASSED] - waitForElementPresent(findTestObject("Object Repository/FSM1/Create ABP Inspection Manual Ass/Page_JM Control Centre/Page_JM Control Centre/Page_JM Control Centre/div_APPROVED"), 120, STOP_ON_FAILURE): Object 'Object Repository/FSM1/Create ABP Inspection Manual Ass/Page_JM Control Centre/Page_JM Control Centre/Page_JM Control Centre/div_APPROVED' is present

2018-12-10 15:22:54 - [MESSAGE][PASSED] - Object 'Object Repository/FSM1/Create ABP Inspection Manual Ass/Page_JM Control Centre/Page_JM Control Centre/Page_JM Control Centre/div_APPROVED' is present

2018-12-10 15:22:55 - [TEST_STEP][PASSED] - click(findTestObject("Object Repository/FSM1/Create ABP Inspection Manual Ass/Page_JM Control Centre/Page_JM Control Centre/Page_JM Control Centre/span_Schedule")): Object: 'Object Repository/FSM1/Create ABP Inspection Manual Ass/Page_JM Control Centre/Page_JM Control Centre/Page_JM Control Centre/span_Schedule' is clicked on

2018-12-10 15:22:55 - [MESSAGE][PASSED] - Object: 'Object Repository/FSM1/Create ABP Inspection Manual Ass/Page_JM Control Centre/Page_JM Control Centre/Page_JM Control Centre/span_Schedule' is clicked on

2018-12-10 15:22:55 - [TEST_STEP][PASSED] - click(findTestObject("Object Repository/FSM1/Create ABP Inspection Manual Ass/Page_JM Control Centre/Page_JM Control Centre/Page_JM Control Centre/label_Manual Ownership")): Object: 'Object Repository/FSM1/Create ABP Inspection Manual Ass/Page_JM Control Centre/Page_JM Control Centre/Page_JM Control Centre/label_Manual Ownership' is clicked on

2018-12-10 15:22:59 - [MESSAGE][PASSED] - Object: 'Object Repository/FSM1/Create ABP Inspection Manual Ass/Page_JM Control Centre/Page_JM Control Centre/Page_JM Control Centre/label_Manual Ownership' is clicked on

2018-12-10 15:22:59 - [TEST_STEP][PASSED] - setText(findTestObject("Object Repository/FSM1/Create ABP Inspection Manual Ass/Page_JM Control Centre/Page_JM Control Centre/Page_JM Control Centre/input_Owner_gwt-uid-311 (3)"), "test"): Text 'test' is set on object 'Object Repository/FSM1/Create ABP Inspection Manual Ass/Page_JM Control Centre/Page_JM Control Centre/Page_JM Control Centre/input_Owner_gwt-uid-311 (3)'

2018-12-10 15:23:01 - [MESSAGE][PASSED] - Text 'test' is set on object 'Object Repository/FSM1/Create ABP Inspection Manual Ass/Page_JM Control Centre/Page_JM Control Centre/Page_JM Control Centre/input_Owner_gwt-uid-311 (3)'

2018-12-10 15:23:01 - [TEST_STEP][PASSED] - click(findTestObject("Object Repository/FSM1/Create ABP Inspection Manual Ass/Page_JM Control Centre/Page_JM Control Centre/Page_JM Control Centre/span_Test Inspector")): Object: 'Object Repository/FSM1/Create ABP Inspection Manual Ass/Page_JM Control Centre/Page_JM Control Centre/Page_JM Control Centre/span_Test Inspector' is clicked on

2018-12-10 15:23:02 - [MESSAGE][PASSED] - Object: 'Object Repository/FSM1/Create ABP Inspection Manual Ass/Page_JM Control Centre/Page_JM Control Centre/Page_JM Control Centre/span_Test Inspector' is clicked on

2018-12-10 15:23:02 - [TEST_STEP][NOT_RUN] - setText(findTestObject("Object Repository/FSM1/Create ABP Inspection Manual Ass/Page_JM Control Centre/Page_JM Control Centre/Page_JM Control Centre/input_Owner_gwt-uid-311"), "Test Inspector"): NOT_RUN: setText(findTestObject("Object Repository/FSM1/Create ABP Inspection Manual Ass/Page_JM Control Centre/Page_JM Control Centre/Page_JM Control Centre/input_Owner_gwt-uid-311"), "Test Inspector")

2018-12-10 15:23:02 - [MESSAGE][NOT_RUN] - NOT_RUN: setText(findTestObject("Object Repository/FSM1/Create ABP Inspection Manual Ass/Page_JM Control Centre/Page_JM Control Centre/Page_JM Control Centre/input_Owner_gwt-uid-311"), "Test Inspector")

2018-12-10 15:23:02 - [TEST_STEP][PASSED] - mydate = new java.util.Date(): null

2018-12-10 15:23:02 - [TEST_STEP][PASSED] - tomorrow = mydate.next(): null

2018-12-10 15:23:02 - [TEST_STEP][PASSED] - formattedDate = tomorrow.format("dd-MMM-yyyy"): null

2018-12-10 15:23:02 - [TEST_STEP][PASSED] - setText(findTestObject("Object Repository/FSM1/Create ABP Inspection Manual Ass/Page_JM Control Centre/Page_JM Control Centre/Page_JM Control Centre/input_From date_gwt-uid-504 (10)"), formattedDate): Text '11-Dec-2018' is set on object 'Object Repository/FSM1/Create ABP Inspection Manual Ass/Page_JM Control Centre/Page_JM Control Centre/Page_JM Control Centre/input_From date_gwt-uid-504 (10)'

2018-12-10 15:23:04 - [MESSAGE][PASSED] - Text '11-Dec-2018' is set on object 'Object Repository/FSM1/Create ABP Inspection Manual Ass/Page_JM Control Centre/Page_JM Control Centre/Page_JM Control Centre/input_From date_gwt-uid-504 (10)'

2018-12-10 15:23:04 - [TEST_STEP][PASSED] - setText(findTestObject("Object Repository/FSM1/Create ABP Inspection Manual Ass/Page_JM Control Centre/Page_JM Control Centre/Page_JM Control Centre/input_Due date_gwt-uid-506 (11)"), formattedDate): Text '11-Dec-2018' is set on object 'Object Repository/FSM1/Create ABP Inspection Manual Ass/Page_JM Control Centre/Page_JM Control Centre/Page_JM Control Centre/input_Due date_gwt-uid-506 (11)'

2018-12-10 15:23:04 - [MESSAGE][PASSED] - Text '11-Dec-2018' is set on object 'Object Repository/FSM1/Create ABP Inspection Manual Ass/Page_JM Control Centre/Page_JM Control Centre/Page_JM Control Centre/input_Due date_gwt-uid-506 (11)'

2018-12-10 15:23:05 - [TEST_STEP][PASSED] - click(findTestObject("Object Repository/FSM1/Create ABP Inspection Manual Ass/Page_JM Control Centre/Page_JM Control Centre/Page_JM Control Centre/div_Allocate")): Object: 'Object Repository/FSM1/Create ABP Inspection Manual Ass/Page_JM Control Centre/Page_JM Control Centre/Page_JM Control Centre/div_Allocate' is clicked on

2018-12-10 15:23:05 - [MESSAGE][PASSED] - Object: 'Object Repository/FSM1/Create ABP Inspection Manual Ass/Page_JM Control Centre/Page_JM Control Centre/Page_JM Control Centre/div_Allocate' is clicked on

2018-12-10 15:23:05 - [TEST_STEP][PASSED] - InspectionID = getText(findTestObject("Object Repository/FSM1/Create ABP Inspection Manual Ass/Page_JM Control Centre/Page_JM Control Centre/Page_JM Control Centre/InspectionID")): Text of object 'Object Repository/FSM1/Create ABP Inspection Manual Ass/Page_JM Control Centre/Page_JM Control Centre/Page_JM Control Centre/InspectionID' is: 'Viewing Job 95493'

2018-12-10 15:23:06 - [MESSAGE][PASSED] - Text of object 'Object Repository/FSM1/Create ABP Inspection Manual Ass/Page_JM Control Centre/Page_JM Control Centre/Page_JM Control Centre/InspectionID' is: 'Viewing Job 95493'

2018-12-10 15:23:06 - [TEST_STEP][PASSED] - InspectionID = InspectionID.replaceAll("Viewing Job ", ""): null

2018-12-10 15:23:06 - [TEST_STEP][PASSED] - log.logWarning(InspectionID): 95493

2018-12-10 15:23:06 - [MESSAGE][WARNING] - 95493

2018-12-10 15:23:06 - [TEST_STEP][PASSED] - temp = InspectionID: null

2018-12-10 15:23:06 - [TEST_STEP][PASSED] - delay(90): Delayed 90 second(s)

2018-12-10 15:24:36 - [MESSAGE][PASSED] - Delayed 90 second(s)]]></system-out>
         <system-err><![CDATA[]]></system-err>
      </testcase>
      <testcase name="Test Cases/Generic/Launch Job Manager" classname="Test Cases/Generic/Launch Job Manager" status="PASSED">
         <system-out><![CDATA[2018-12-10 15:24:36 - [TEST_CASE][PASSED] - Test Cases/Generic/Launch Job Manager: Test Cases/Generic/Launch Job Manager

2018-12-10 15:24:36 - [TEST_STEP][PASSED] - openBrowser(""): Browser is opened with url: ''

2018-12-10 15:24:36 - [MESSAGE][WARNING] - A browser is already opened. Closing browser and opening a new one

2018-12-10 15:24:37 - [MESSAGE][INFO] - Starting 'Chrome' driver

2018-12-10 15:24:40 - [MESSAGE][PASSED] - Browser is opened with url: ''

2018-12-10 15:24:40 - [TEST_STEP][PASSED] - navigateToUrl(JMURL): Navigate to 'https://kirona-def-11.kirona.com/jmtrain/jclient/jclient.html' successfully

2018-12-10 15:24:41 - [MESSAGE][PASSED] - Navigate to 'https://kirona-def-11.kirona.com/jmtrain/jclient/jclient.html' successfully

2018-12-10 15:24:41 - [TEST_STEP][PASSED] - setText(findTestObject("FSM1/Launch Application/Page_JClient/input_gwt-TextBox GKH2EKQBMDB"), "KIR1"): Text 'KIR1' is set on object 'Object Repository/FSM1/Launch Application/Page_JClient/input_gwt-TextBox GKH2EKQBMDB'

2018-12-10 15:24:44 - [MESSAGE][PASSED] - Text 'KIR1' is set on object 'Object Repository/FSM1/Launch Application/Page_JClient/input_gwt-TextBox GKH2EKQBMDB'

2018-12-10 15:24:44 - [TEST_STEP][PASSED] - sendKeys(findTestObject("FSM1/Launch Application/Page_JClient/input_gwt-TextBox GKH2EKQBMDB"), Keys.chord(ENTER)): Keys 'ENTER + ' sent to object: 'Object Repository/FSM1/Launch Application/Page_JClient/input_gwt-TextBox GKH2EKQBMDB'

2018-12-10 15:24:44 - [MESSAGE][PASSED] - Keys 'ENTER + ' sent to object: 'Object Repository/FSM1/Launch Application/Page_JClient/input_gwt-TextBox GKH2EKQBMDB'

2018-12-10 15:24:44 - [TEST_STEP][PASSED] - click(findTestObject("FSM1/Launch Application/Page_JClient/div_Configure App")): Object: 'Object Repository/FSM1/Launch Application/Page_JClient/div_Configure App' is clicked on

2018-12-10 15:24:44 - [MESSAGE][PASSED] - Object: 'Object Repository/FSM1/Launch Application/Page_JClient/div_Configure App' is clicked on

2018-12-10 15:24:44 - [TEST_STEP][PASSED] - setText(findTestObject("FSM1/Launch Application/Page_JClient/input_gwt-TextBox GKH2EKQBNHC"), findTestData("Pre Production/Environmental/UandP").getValue(3, 1)): Text 'test.inspector' is set on object 'Object Repository/FSM1/Launch Application/Page_JClient/input_gwt-TextBox GKH2EKQBNHC'

2018-12-10 15:24:46 - [MESSAGE][PASSED] - Text 'test.inspector' is set on object 'Object Repository/FSM1/Launch Application/Page_JClient/input_gwt-TextBox GKH2EKQBNHC'

2018-12-10 15:24:46 - [TEST_STEP][PASSED] - setText(findTestObject("FSM1/Launch Application/Page_JClient/input_gwt-PasswordTextBox GKH2"), findTestData("Pre Production/Environmental/UandP").getValue(4, 1)): Text 'Password1.' is set on object 'Object Repository/FSM1/Launch Application/Page_JClient/input_gwt-PasswordTextBox GKH2'

2018-12-10 15:24:46 - [MESSAGE][PASSED] - Text 'Password1.' is set on object 'Object Repository/FSM1/Launch Application/Page_JClient/input_gwt-PasswordTextBox GKH2'

2018-12-10 15:24:46 - [TEST_STEP][PASSED] - click(findTestObject("FSM1/Launch Application/Page_JClient/div_Sign In")): Object: 'Object Repository/FSM1/Launch Application/Page_JClient/div_Sign In' is clicked on

2018-12-10 15:24:46 - [MESSAGE][PASSED] - Object: 'Object Repository/FSM1/Launch Application/Page_JClient/div_Sign In' is clicked on

2018-12-10 15:24:46 - [TEST_STEP][PASSED] - delay(15): Delayed 15 second(s)

2018-12-10 15:25:01 - [MESSAGE][PASSED] - Delayed 15 second(s)]]></system-out>
         <system-err><![CDATA[]]></system-err>
      </testcase>
      <testcase name="Test Cases/Generic/Select Inspection" classname="Test Cases/Generic/Select Inspection" status="PASSED">
         <system-out><![CDATA[2018-12-10 15:25:01 - [TEST_CASE][PASSED] - Test Cases/Generic/Select Inspection: Test Cases/Generic/Select Inspection

2018-12-10 15:25:02 - [TEST_STEP][PASSED] - delay(30): Delayed 30 second(s)

2018-12-10 15:25:32 - [MESSAGE][PASSED] - Delayed 30 second(s)

2018-12-10 15:25:32 - [TEST_STEP][PASSED] - waitForElementClickable(findTestObject("FSM1/Select Inspection/Landing/Refresh"), 250): Object 'Object Repository/FSM1/Select Inspection/Landing/Refresh' is clickable

2018-12-10 15:25:32 - [MESSAGE][PASSED] - Object 'Object Repository/FSM1/Select Inspection/Landing/Refresh' is clickable

2018-12-10 15:25:32 - [TEST_STEP][PASSED] - click(findTestObject("FSM1/Select Inspection/Landing/Refresh")): Object: 'Object Repository/FSM1/Select Inspection/Landing/Refresh' is clicked on

2018-12-10 15:25:32 - [MESSAGE][PASSED] - Object: 'Object Repository/FSM1/Select Inspection/Landing/Refresh' is clicked on

2018-12-10 15:25:32 - [TEST_STEP][PASSED] - waitForElementClickable(findTestObject("FSM1/Select Inspection/Landing/Refresh"), 250): Object 'Object Repository/FSM1/Select Inspection/Landing/Refresh' is clickable

2018-12-10 15:25:33 - [MESSAGE][PASSED] - Object 'Object Repository/FSM1/Select Inspection/Landing/Refresh' is clickable

2018-12-10 15:25:33 - [TEST_STEP][NOT_RUN] - delay(180): NOT_RUN: delay(180)

2018-12-10 15:25:33 - [MESSAGE][NOT_RUN] - NOT_RUN: delay(180)

2018-12-10 15:25:33 - [TEST_STEP][PASSED] - InspectionRef = modifyObjectProperty(findTestObject("FSM1/Select Inspection/Landing/Page_JClient/div_35098"), "text", "equals", temp, true, STOP_ON_FAILURE): Modify property of object successfully

2018-12-10 15:25:33 - [MESSAGE][PASSED] - Modify property of object successfully

2018-12-10 15:25:33 - [TEST_STEP][PASSED] - delay(20): Delayed 20 second(s)

2018-12-10 15:25:53 - [MESSAGE][PASSED] - Delayed 20 second(s)

2018-12-10 15:25:53 - [TEST_STEP][PASSED] - if (verifyElementPresent(InspectionRef, 30, OPTIONAL)): com.kms.katalon.core.webui.exception.WebElementNotFoundException: Web element with id: 'Object Repository/FSM1/Select Inspection/Landing/Page_JClient/div_35098' located by 'By.xpath: //div[(text() = '95493' or . = '95493')]' not found

2018-12-10 15:26:24 - [MESSAGE][INFO] - Unable to find the element located by 'By.xpath: //div[(text() = '95493' or . = '95493')]'. Please recheck the objects properties to make sure the desired element is located. 

2018-12-10 15:26:25 - [MESSAGE][WARNING] - com.kms.katalon.core.webui.exception.WebElementNotFoundException: Web element with id: 'Object Repository/FSM1/Select Inspection/Landing/Page_JClient/div_35098' located by 'By.xpath: //div[(text() = '95493' or . = '95493')]' not found
[[ATTACHMENT|C:\\Users\\JHATFIELD\\Documents\\Katalon\\JM 8.8\\FSM_Automated_Regression_8_8\\Reports\\NCP\\NCP Regression - Breeding Chickens\\20181210_152203\\1544455584486.png]]

2018-12-10 15:26:25 - [TEST_STEP][PASSED] - else: Object: 'Object Repository/FSM1/Select Inspection/Landing/Page_JClient/div_35098' is clicked on

2018-12-10 15:26:25 - [TEST_STEP][PASSED] - click(findTestObject("Object Repository/FSM1/Select Inspection/Landing/Page_JClient (1)/2 Days")): Object: 'Object Repository/FSM1/Select Inspection/Landing/Page_JClient (1)/2 Days' is clicked on

2018-12-10 15:26:25 - [MESSAGE][PASSED] - Object: 'Object Repository/FSM1/Select Inspection/Landing/Page_JClient (1)/2 Days' is clicked on

2018-12-10 15:26:25 - [TEST_STEP][PASSED] - delay(3): Delayed 3 second(s)

2018-12-10 15:26:28 - [MESSAGE][PASSED] - Delayed 3 second(s)

2018-12-10 15:26:28 - [TEST_STEP][PASSED] - click(InspectionRef): Object: 'Object Repository/FSM1/Select Inspection/Landing/Page_JClient/div_35098' is clicked on

2018-12-10 15:26:28 - [MESSAGE][PASSED] - Object: 'Object Repository/FSM1/Select Inspection/Landing/Page_JClient/div_35098' is clicked on

2018-12-10 15:26:28 - [TEST_STEP][PASSED] - click(findTestObject("FSM1/Select Inspection/Page_JClient/div_WITH OPERATIVE")): Object: 'Object Repository/FSM1/Select Inspection/Page_JClient/div_WITH OPERATIVE' is clicked on

2018-12-10 15:26:29 - [MESSAGE][PASSED] - Object: 'Object Repository/FSM1/Select Inspection/Page_JClient/div_WITH OPERATIVE' is clicked on

2018-12-10 15:26:29 - [TEST_STEP][PASSED] - delay(2): Delayed 2 second(s)

2018-12-10 15:26:31 - [MESSAGE][PASSED] - Delayed 2 second(s)

2018-12-10 15:26:31 - [TEST_STEP][PASSED] - click(findTestObject("FSM1/Select Inspection/Page_JClient/div_TRAVELLING")): Object: 'Object Repository/FSM1/Select Inspection/Page_JClient/div_TRAVELLING' is clicked on

2018-12-10 15:26:31 - [MESSAGE][PASSED] - Object: 'Object Repository/FSM1/Select Inspection/Page_JClient/div_TRAVELLING' is clicked on

2018-12-10 15:26:31 - [TEST_STEP][PASSED] - delay(2): Delayed 2 second(s)

2018-12-10 15:26:33 - [MESSAGE][PASSED] - Delayed 2 second(s)

2018-12-10 15:26:33 - [TEST_STEP][PASSED] - click(findTestObject("FSM1/Select Inspection/Page_JClient/div_TRAVELLING")): Object: 'Object Repository/FSM1/Select Inspection/Page_JClient/div_TRAVELLING' is clicked on

2018-12-10 15:26:34 - [MESSAGE][PASSED] - Object: 'Object Repository/FSM1/Select Inspection/Page_JClient/div_TRAVELLING' is clicked on

2018-12-10 15:26:34 - [TEST_STEP][PASSED] - delay(2): Delayed 2 second(s)

2018-12-10 15:26:36 - [MESSAGE][PASSED] - Delayed 2 second(s)

2018-12-10 15:26:36 - [TEST_STEP][PASSED] - click(findTestObject("FSM1/Select Inspection/Page_JClient/div_ARRIVED")): Object: 'Object Repository/FSM1/Select Inspection/Page_JClient/div_ARRIVED' is clicked on

2018-12-10 15:26:36 - [MESSAGE][PASSED] - Object: 'Object Repository/FSM1/Select Inspection/Page_JClient/div_ARRIVED' is clicked on

2018-12-10 15:26:36 - [TEST_STEP][PASSED] - delay(2): Delayed 2 second(s)

2018-12-10 15:26:38 - [MESSAGE][PASSED] - Delayed 2 second(s)

2018-12-10 15:26:38 - [TEST_STEP][PASSED] - click(findTestObject("FSM1/Select Inspection/Page_JClient/div_ARRIVED")): Object: 'Object Repository/FSM1/Select Inspection/Page_JClient/div_ARRIVED' is clicked on

2018-12-10 15:26:38 - [MESSAGE][PASSED] - Object: 'Object Repository/FSM1/Select Inspection/Page_JClient/div_ARRIVED' is clicked on

2018-12-10 15:26:38 - [TEST_STEP][PASSED] - delay(4): Delayed 4 second(s)

2018-12-10 15:26:42 - [MESSAGE][PASSED] - Delayed 4 second(s)

2018-12-10 15:26:42 - [TEST_STEP][PASSED] - click(findTestObject("FSM1/Select Inspection/Page_JClient/div_STARTED")): Object: 'Object Repository/FSM1/Select Inspection/Page_JClient/div_STARTED' is clicked on

2018-12-10 15:26:42 - [MESSAGE][PASSED] - Object: 'Object Repository/FSM1/Select Inspection/Page_JClient/div_STARTED' is clicked on

2018-12-10 15:26:42 - [TEST_STEP][PASSED] - delay(2): Delayed 2 second(s)

2018-12-10 15:26:44 - [MESSAGE][PASSED] - Delayed 2 second(s)]]></system-out>
         <system-err><![CDATA[]]></system-err>
      </testcase>
      <testcase name="Test Cases/NCP/Complete NCP Inspection - Edit Attributes" classname="Test Cases/NCP/Complete NCP Inspection - Edit Attributes" status="PASSED">
         <system-out><![CDATA[2018-12-10 15:26:44 - [TEST_CASE][PASSED] - Test Cases/NCP/Complete NCP Inspection - Edit Attributes: Test Cases/NCP/Complete NCP Inspection - Edit Attributes

2018-12-10 15:26:45 - [TEST_STEP][PASSED] - click(findTestObject("Object Repository/FSM1/NCP/Complete Inspection/Edit Attributes/Page_JClient/div_Edit attributes")): Object: 'Object Repository/FSM1/NCP/Complete Inspection/Edit Attributes/Page_JClient/div_Edit attributes' is clicked on

2018-12-10 15:26:45 - [MESSAGE][PASSED] - Object: 'Object Repository/FSM1/NCP/Complete Inspection/Edit Attributes/Page_JClient/div_Edit attributes' is clicked on

2018-12-10 15:26:45 - [TEST_STEP][PASSED] - delay(2): Delayed 2 second(s)

2018-12-10 15:26:47 - [MESSAGE][PASSED] - Delayed 2 second(s)

2018-12-10 15:26:47 - [TEST_STEP][PASSED] - click(findTestObject("Object Repository/FSM1/NCP/Complete Inspection/Edit Attributes/Page_JClient/input_Yes_radio_group_1")): Object: 'Object Repository/FSM1/NCP/Complete Inspection/Edit Attributes/Page_JClient/input_Yes_radio_group_1' is clicked on

2018-12-10 15:26:47 - [MESSAGE][PASSED] - Object: 'Object Repository/FSM1/NCP/Complete Inspection/Edit Attributes/Page_JClient/input_Yes_radio_group_1' is clicked on

2018-12-10 15:26:47 - [TEST_STEP][PASSED] - click(findTestObject("Object Repository/FSM1/NCP/Complete Inspection/Edit Attributes/Page_JClient/input_Yes_radio_group_2")): Object: 'Object Repository/FSM1/NCP/Complete Inspection/Edit Attributes/Page_JClient/input_Yes_radio_group_2' is clicked on

2018-12-10 15:26:47 - [MESSAGE][PASSED] - Object: 'Object Repository/FSM1/NCP/Complete Inspection/Edit Attributes/Page_JClient/input_Yes_radio_group_2' is clicked on

2018-12-10 15:26:47 - [TEST_STEP][PASSED] - click(findTestObject("Object Repository/FSM1/NCP/Complete Inspection/Edit Attributes/Page_JClient/input_Does the operator wish t")): Object: 'Object Repository/FSM1/NCP/Complete Inspection/Edit Attributes/Page_JClient/input_Does the operator wish t' is clicked on

2018-12-10 15:26:48 - [MESSAGE][PASSED] - Object: 'Object Repository/FSM1/NCP/Complete Inspection/Edit Attributes/Page_JClient/input_Does the operator wish t' is clicked on

2018-12-10 15:26:48 - [TEST_STEP][PASSED] - setText(findTestObject("Object Repository/FSM1/NCP/Complete Inspection/Edit Attributes/Page_JClient/textarea_Name and address of p"), "Test Automation"): Text 'Test Automation' is set on object 'Object Repository/FSM1/NCP/Complete Inspection/Edit Attributes/Page_JClient/textarea_Name and address of p'

2018-12-10 15:26:48 - [MESSAGE][PASSED] - Text 'Test Automation' is set on object 'Object Repository/FSM1/NCP/Complete Inspection/Edit Attributes/Page_JClient/textarea_Name and address of p'

2018-12-10 15:26:48 - [TEST_STEP][PASSED] - click(findTestObject("Object Repository/FSM1/NCP/Complete Inspection/Edit Attributes/Page_JClient/input_None_gwt-uid-103")): Object: 'Object Repository/FSM1/NCP/Complete Inspection/Edit Attributes/Page_JClient/input_None_gwt-uid-103' is clicked on

2018-12-10 15:26:48 - [MESSAGE][PASSED] - Object: 'Object Repository/FSM1/NCP/Complete Inspection/Edit Attributes/Page_JClient/input_None_gwt-uid-103' is clicked on

2018-12-10 15:26:48 - [TEST_STEP][PASSED] - click(findTestObject("Object Repository/FSM1/NCP/Complete Inspection/Edit Attributes/Page_JClient/input_Avipro Vac E_gwt-uid-105")): Object: 'Object Repository/FSM1/NCP/Complete Inspection/Edit Attributes/Page_JClient/input_Avipro Vac E_gwt-uid-105' is clicked on

2018-12-10 15:26:48 - [MESSAGE][PASSED] - Object: 'Object Repository/FSM1/NCP/Complete Inspection/Edit Attributes/Page_JClient/input_Avipro Vac E_gwt-uid-105' is clicked on

2018-12-10 15:26:48 - [TEST_STEP][PASSED] - click(findTestObject("Object Repository/FSM1/NCP/Complete Inspection/Edit Attributes/Page_JClient/input_Has the flock been treat")): Object: 'Object Repository/FSM1/NCP/Complete Inspection/Edit Attributes/Page_JClient/input_Has the flock been treat' is clicked on

2018-12-10 15:26:48 - [MESSAGE][PASSED] - Object: 'Object Repository/FSM1/NCP/Complete Inspection/Edit Attributes/Page_JClient/input_Has the flock been treat' is clicked on

2018-12-10 15:26:48 - [TEST_STEP][PASSED] - selectOptionByValue(findTestObject("Object Repository/FSM1/NCP/Complete Inspection/Edit Attributes/Page_JClient/select_WaterFeed"), "WATER", true): All options with value 'WATER' are selected in object 'Object Repository/FSM1/NCP/Complete Inspection/Edit Attributes/Page_JClient/select_WaterFeed'  using regular expression

2018-12-10 15:26:49 - [MESSAGE][PASSED] - All options with value 'WATER' are selected in object 'Object Repository/FSM1/NCP/Complete Inspection/Edit Attributes/Page_JClient/select_WaterFeed'  using regular expression

2018-12-10 15:26:49 - [TEST_STEP][PASSED] - setText(findTestObject("Object Repository/FSM1/NCP/Complete Inspection/Edit Attributes/Page_JClient/input_Name of product_gwt-Text"), "Test automation"): Text 'Test automation' is set on object 'Object Repository/FSM1/NCP/Complete Inspection/Edit Attributes/Page_JClient/input_Name of product_gwt-Text'

2018-12-10 15:26:49 - [MESSAGE][PASSED] - Text 'Test automation' is set on object 'Object Repository/FSM1/NCP/Complete Inspection/Edit Attributes/Page_JClient/input_Name of product_gwt-Text'

2018-12-10 15:26:49 - [TEST_STEP][PASSED] - setText(findTestObject("Object Repository/FSM1/NCP/Complete Inspection/Edit Attributes/Page_JClient/input_No. of houses (Complete"), "2"): Text '2' is set on object 'Object Repository/FSM1/NCP/Complete Inspection/Edit Attributes/Page_JClient/input_No. of houses (Complete'

2018-12-10 15:26:49 - [MESSAGE][PASSED] - Text '2' is set on object 'Object Repository/FSM1/NCP/Complete Inspection/Edit Attributes/Page_JClient/input_No. of houses (Complete'

2018-12-10 15:26:49 - [TEST_STEP][PASSED] - click(findTestObject("Object Repository/FSM1/NCP/Complete Inspection/Edit Attributes/Page_JClient/div_NCP Salmonella Record Chec")): Object: 'Object Repository/FSM1/NCP/Complete Inspection/Edit Attributes/Page_JClient/div_NCP Salmonella Record Chec' is clicked on

2018-12-10 15:26:50 - [MESSAGE][PASSED] - Object: 'Object Repository/FSM1/NCP/Complete Inspection/Edit Attributes/Page_JClient/div_NCP Salmonella Record Chec' is clicked on

2018-12-10 15:26:50 - [TEST_STEP][PASSED] - click(findTestObject("Object Repository/FSM1/NCP/Complete Inspection/Edit Attributes/Page_JClient/input_NCP Salmonella Record Ch")): Object: 'Object Repository/FSM1/NCP/Complete Inspection/Edit Attributes/Page_JClient/input_NCP Salmonella Record Ch' is clicked on

2018-12-10 15:26:51 - [MESSAGE][PASSED] - Object: 'Object Repository/FSM1/NCP/Complete Inspection/Edit Attributes/Page_JClient/input_NCP Salmonella Record Ch' is clicked on

2018-12-10 15:26:51 - [TEST_STEP][PASSED] - click(findTestObject("FSM1/NCP/Complete Inspection/Edit Attributes/Page_JClient/div_Save - Salmonella")): Object: 'Object Repository/FSM1/NCP/Complete Inspection/Edit Attributes/Page_JClient/div_Save - Salmonella' is clicked on

2018-12-10 15:26:51 - [MESSAGE][PASSED] - Object: 'Object Repository/FSM1/NCP/Complete Inspection/Edit Attributes/Page_JClient/div_Save - Salmonella' is clicked on

2018-12-10 15:26:51 - [TEST_STEP][PASSED] - delay(2): Delayed 2 second(s)

2018-12-10 15:26:53 - [MESSAGE][PASSED] - Delayed 2 second(s)

2018-12-10 15:26:53 - [TEST_STEP][PASSED] - click(findTestObject("Object Repository/FSM1/NCP/Complete Inspection/Edit Attributes/Page_JClient/div_Record Check Details")): Object: 'Object Repository/FSM1/NCP/Complete Inspection/Edit Attributes/Page_JClient/div_Record Check Details' is clicked on

2018-12-10 15:26:53 - [MESSAGE][PASSED] - Object: 'Object Repository/FSM1/NCP/Complete Inspection/Edit Attributes/Page_JClient/div_Record Check Details' is clicked on

2018-12-10 15:26:53 - [TEST_STEP][PASSED] - delay(2): Delayed 2 second(s)

2018-12-10 15:26:55 - [MESSAGE][PASSED] - Delayed 2 second(s)

2018-12-10 15:26:55 - [TEST_STEP][PASSED] - setText(findTestObject("Object Repository/FSM1/NCP/Complete Inspection/Edit Attributes/Page_JClient/input_Total No. of flocks on p"), "5"): Text '5' is set on object 'Object Repository/FSM1/NCP/Complete Inspection/Edit Attributes/Page_JClient/input_Total No. of flocks on p'

2018-12-10 15:26:56 - [MESSAGE][PASSED] - Text '5' is set on object 'Object Repository/FSM1/NCP/Complete Inspection/Edit Attributes/Page_JClient/input_Total No. of flocks on p'

2018-12-10 15:26:56 - [TEST_STEP][PASSED] - setText(findTestObject("Object Repository/FSM1/NCP/Complete Inspection/Edit Attributes/Page_JClient/input_No. of birds on premises"), "10"): Text '10' is set on object 'Object Repository/FSM1/NCP/Complete Inspection/Edit Attributes/Page_JClient/input_No. of birds on premises'

2018-12-10 15:26:56 - [MESSAGE][PASSED] - Text '10' is set on object 'Object Repository/FSM1/NCP/Complete Inspection/Edit Attributes/Page_JClient/input_No. of birds on premises'

2018-12-10 15:26:56 - [TEST_STEP][PASSED] - click(findTestObject("Object Repository/FSM1/NCP/Complete Inspection/Edit Attributes/Page_JClient/input_Housing typepremises_gwt")): Object: 'Object Repository/FSM1/NCP/Complete Inspection/Edit Attributes/Page_JClient/input_Housing typepremises_gwt' is clicked on

2018-12-10 15:26:56 - [MESSAGE][PASSED] - Object: 'Object Repository/FSM1/NCP/Complete Inspection/Edit Attributes/Page_JClient/input_Housing typepremises_gwt' is clicked on

2018-12-10 15:26:56 - [TEST_STEP][PASSED] - click(findTestObject("Object Repository/FSM1/NCP/Complete Inspection/Edit Attributes/Page_JClient/input_Cage_gwt-uid-163")): Object: 'Object Repository/FSM1/NCP/Complete Inspection/Edit Attributes/Page_JClient/input_Cage_gwt-uid-163' is clicked on

2018-12-10 15:26:56 - [MESSAGE][PASSED] - Object: 'Object Repository/FSM1/NCP/Complete Inspection/Edit Attributes/Page_JClient/input_Cage_gwt-uid-163' is clicked on

2018-12-10 15:26:56 - [TEST_STEP][PASSED] - click(findTestObject("Object Repository/FSM1/NCP/Complete Inspection/Edit Attributes/Page_JClient/input_BarnHoused_gwt-uid-164")): Object: 'Object Repository/FSM1/NCP/Complete Inspection/Edit Attributes/Page_JClient/input_BarnHoused_gwt-uid-164' is clicked on

2018-12-10 15:26:56 - [MESSAGE][PASSED] - Object: 'Object Repository/FSM1/NCP/Complete Inspection/Edit Attributes/Page_JClient/input_BarnHoused_gwt-uid-164' is clicked on

2018-12-10 15:26:56 - [TEST_STEP][PASSED] - click(findTestObject("Object Repository/FSM1/NCP/Complete Inspection/Edit Attributes/Page_JClient/input_Free Range_gwt-uid-165")): Object: 'Object Repository/FSM1/NCP/Complete Inspection/Edit Attributes/Page_JClient/input_Free Range_gwt-uid-165' is clicked on

2018-12-10 15:26:57 - [MESSAGE][PASSED] - Object: 'Object Repository/FSM1/NCP/Complete Inspection/Edit Attributes/Page_JClient/input_Free Range_gwt-uid-165' is clicked on

2018-12-10 15:26:57 - [TEST_STEP][PASSED] - click(findTestObject("Object Repository/FSM1/NCP/Complete Inspection/Edit Attributes/Page_JClient/input_Rearing_gwt-uid-166")): Object: 'Object Repository/FSM1/NCP/Complete Inspection/Edit Attributes/Page_JClient/input_Rearing_gwt-uid-166' is clicked on

2018-12-10 15:26:57 - [MESSAGE][PASSED] - Object: 'Object Repository/FSM1/NCP/Complete Inspection/Edit Attributes/Page_JClient/input_Rearing_gwt-uid-166' is clicked on

2018-12-10 15:26:57 - [TEST_STEP][PASSED] - setText(findTestObject("FSM1/NCP/Complete Inspection/Edit Attributes/Page_JClient/input_ No. of flocks - Barn"), "1"): Text '1' is set on object 'Object Repository/FSM1/NCP/Complete Inspection/Edit Attributes/Page_JClient/input_ No. of flocks - Barn'

2018-12-10 15:26:57 - [MESSAGE][PASSED] - Text '1' is set on object 'Object Repository/FSM1/NCP/Complete Inspection/Edit Attributes/Page_JClient/input_ No. of flocks - Barn'

2018-12-10 15:26:57 - [TEST_STEP][PASSED] - setText(findTestObject("FSM1/NCP/Complete Inspection/Edit Attributes/Page_JClient/input_ No. of flocks - Cage"), "1"): Text '1' is set on object 'Object Repository/FSM1/NCP/Complete Inspection/Edit Attributes/Page_JClient/input_ No. of flocks - Cage'

2018-12-10 15:26:57 - [MESSAGE][PASSED] - Text '1' is set on object 'Object Repository/FSM1/NCP/Complete Inspection/Edit Attributes/Page_JClient/input_ No. of flocks - Cage'

2018-12-10 15:26:57 - [TEST_STEP][PASSED] - setText(findTestObject("FSM1/NCP/Complete Inspection/Edit Attributes/Page_JClient/input_ No. of flocks - Conventional"), "1"): Text '1' is set on object 'Object Repository/FSM1/NCP/Complete Inspection/Edit Attributes/Page_JClient/input_ No. of flocks - Conventional'

2018-12-10 15:26:57 - [MESSAGE][PASSED] - Text '1' is set on object 'Object Repository/FSM1/NCP/Complete Inspection/Edit Attributes/Page_JClient/input_ No. of flocks - Conventional'

2018-12-10 15:26:57 - [TEST_STEP][PASSED] - setText(findTestObject("FSM1/NCP/Complete Inspection/Edit Attributes/Page_JClient/input_ No. of flocks - Free"), "1"): Text '1' is set on object 'Object Repository/FSM1/NCP/Complete Inspection/Edit Attributes/Page_JClient/input_ No. of flocks - Free'

2018-12-10 15:26:58 - [MESSAGE][PASSED] - Text '1' is set on object 'Object Repository/FSM1/NCP/Complete Inspection/Edit Attributes/Page_JClient/input_ No. of flocks - Free'

2018-12-10 15:26:58 - [TEST_STEP][PASSED] - setText(findTestObject("FSM1/NCP/Complete Inspection/Edit Attributes/Page_JClient/input_ No. of flocks - Rearing"), "1"): Text '1' is set on object 'Object Repository/FSM1/NCP/Complete Inspection/Edit Attributes/Page_JClient/input_ No. of flocks - Rearing'

2018-12-10 15:26:58 - [MESSAGE][PASSED] - Text '1' is set on object 'Object Repository/FSM1/NCP/Complete Inspection/Edit Attributes/Page_JClient/input_ No. of flocks - Rearing'

2018-12-10 15:26:58 - [TEST_STEP][PASSED] - delay(20): Delayed 20 second(s)

2018-12-10 15:27:18 - [MESSAGE][PASSED] - Delayed 20 second(s)

2018-12-10 15:27:18 - [TEST_STEP][PASSED] - click(findTestObject("Object Repository/FSM1/NCP/Complete Inspection/Edit Attributes/Page_JClient/input_Are movement records up")): Object: 'Object Repository/FSM1/NCP/Complete Inspection/Edit Attributes/Page_JClient/input_Are movement records up' is clicked on

2018-12-10 15:27:18 - [MESSAGE][PASSED] - Object: 'Object Repository/FSM1/NCP/Complete Inspection/Edit Attributes/Page_JClient/input_Are movement records up' is clicked on

2018-12-10 15:27:18 - [TEST_STEP][PASSED] - delay(2): Delayed 2 second(s)

2018-12-10 15:27:20 - [MESSAGE][PASSED] - Delayed 2 second(s)

2018-12-10 15:27:20 - [TEST_STEP][PASSED] - click(findTestObject("FSM1/NCP/Complete Inspection/Spy/Page_JClient/input_Are movement records up_2")): Object: 'Object Repository/FSM1/NCP/Complete Inspection/Spy/Page_JClient/input_Are movement records up_2' is clicked on

2018-12-10 15:27:20 - [MESSAGE][PASSED] - Object: 'Object Repository/FSM1/NCP/Complete Inspection/Spy/Page_JClient/input_Are movement records up_2' is clicked on

2018-12-10 15:27:20 - [TEST_STEP][PASSED] - click(findTestObject("Object Repository/FSM1/NCP/Complete Inspection/Edit Attributes/Page_JClient/input_If No please comment_rad")): Object: 'Object Repository/FSM1/NCP/Complete Inspection/Edit Attributes/Page_JClient/input_If No please comment_rad' is clicked on

2018-12-10 15:27:20 - [MESSAGE][PASSED] - Object: 'Object Repository/FSM1/NCP/Complete Inspection/Edit Attributes/Page_JClient/input_If No please comment_rad' is clicked on

2018-12-10 15:27:20 - [TEST_STEP][PASSED] - click(findTestObject("Object Repository/FSM1/NCP/Complete Inspection/Edit Attributes/Page_JClient/input_Are  the medicine record")): Object: 'Object Repository/FSM1/NCP/Complete Inspection/Edit Attributes/Page_JClient/input_Are  the medicine record' is clicked on

2018-12-10 15:27:20 - [MESSAGE][PASSED] - Object: 'Object Repository/FSM1/NCP/Complete Inspection/Edit Attributes/Page_JClient/input_Are  the medicine record' is clicked on

2018-12-10 15:27:20 - [TEST_STEP][PASSED] - click(findTestObject("Object Repository/FSM1/NCP/Complete Inspection/Edit Attributes/Page_JClient/input_If No please comment_rad_1")): Object: 'Object Repository/FSM1/NCP/Complete Inspection/Edit Attributes/Page_JClient/input_If No please comment_rad_1' is clicked on

2018-12-10 15:27:21 - [MESSAGE][PASSED] - Object: 'Object Repository/FSM1/NCP/Complete Inspection/Edit Attributes/Page_JClient/input_If No please comment_rad_1' is clicked on

2018-12-10 15:27:21 - [TEST_STEP][PASSED] - click(findTestObject("Object Repository/FSM1/NCP/Complete Inspection/Edit Attributes/Page_JClient/input_If No please give detail")): Object: 'Object Repository/FSM1/NCP/Complete Inspection/Edit Attributes/Page_JClient/input_If No please give detail' is clicked on

2018-12-10 15:27:21 - [MESSAGE][PASSED] - Object: 'Object Repository/FSM1/NCP/Complete Inspection/Edit Attributes/Page_JClient/input_If No please give detail' is clicked on

2018-12-10 15:27:21 - [TEST_STEP][PASSED] - setText(findTestObject("Object Repository/FSM1/NCP/Complete Inspection/Edit Attributes/Page_JClient/textarea_If Yes please comment"), "Test automation"): Text 'Test automation' is set on object 'Object Repository/FSM1/NCP/Complete Inspection/Edit Attributes/Page_JClient/textarea_If Yes please comment'

2018-12-10 15:27:21 - [MESSAGE][PASSED] - Text 'Test automation' is set on object 'Object Repository/FSM1/NCP/Complete Inspection/Edit Attributes/Page_JClient/textarea_If Yes please comment'

2018-12-10 15:27:21 - [TEST_STEP][PASSED] - click(findTestObject("FSM1/NCP/Complete Inspection/Edit Attributes/Page_JClient/div_Save - Record Check")): Object: 'Object Repository/FSM1/NCP/Complete Inspection/Edit Attributes/Page_JClient/div_Save - Record Check' is clicked on

2018-12-10 15:27:21 - [MESSAGE][PASSED] - Object: 'Object Repository/FSM1/NCP/Complete Inspection/Edit Attributes/Page_JClient/div_Save - Record Check' is clicked on

2018-12-10 15:27:21 - [TEST_STEP][PASSED] - delay(2): Delayed 2 second(s)

2018-12-10 15:27:23 - [MESSAGE][PASSED] - Delayed 2 second(s)

2018-12-10 15:27:23 - [TEST_STEP][PASSED] - click(findTestObject("Object Repository/FSM1/NCP/Complete Inspection/Edit Attributes/Page_JClient/div_Biosecurity Assessment")): Object: 'Object Repository/FSM1/NCP/Complete Inspection/Edit Attributes/Page_JClient/div_Biosecurity Assessment' is clicked on

2018-12-10 15:27:24 - [MESSAGE][PASSED] - Object: 'Object Repository/FSM1/NCP/Complete Inspection/Edit Attributes/Page_JClient/div_Biosecurity Assessment' is clicked on

2018-12-10 15:27:24 - [TEST_STEP][PASSED] - delay(2): Delayed 2 second(s)

2018-12-10 15:27:26 - [MESSAGE][PASSED] - Delayed 2 second(s)

2018-12-10 15:27:26 - [TEST_STEP][PASSED] - selectOptionByValue(findTestObject("Object Repository/FSM1/NCP/Complete Inspection/Edit Attributes/Page_JClient/select_NoneOne minor issue - G"), "ONE_MINOR_ISSU_GOOD", true): All options with value 'ONE_MINOR_ISSU_GOOD' are selected in object 'Object Repository/FSM1/NCP/Complete Inspection/Edit Attributes/Page_JClient/select_NoneOne minor issue - G'  using regular expression

2018-12-10 15:27:26 - [MESSAGE][PASSED] - All options with value 'ONE_MINOR_ISSU_GOOD' are selected in object 'Object Repository/FSM1/NCP/Complete Inspection/Edit Attributes/Page_JClient/select_NoneOne minor issue - G'  using regular expression

2018-12-10 15:27:26 - [TEST_STEP][PASSED] - setText(findTestObject("Object Repository/FSM1/NCP/Complete Inspection/Edit Attributes/Page_JClient/textarea_Specify_gwt-TextArea"), "Test automation"): Text 'Test automation' is set on object 'Object Repository/FSM1/NCP/Complete Inspection/Edit Attributes/Page_JClient/textarea_Specify_gwt-TextArea'

2018-12-10 15:27:26 - [MESSAGE][PASSED] - Text 'Test automation' is set on object 'Object Repository/FSM1/NCP/Complete Inspection/Edit Attributes/Page_JClient/textarea_Specify_gwt-TextArea'

2018-12-10 15:27:26 - [TEST_STEP][PASSED] - click(findTestObject("Object Repository/FSM1/NCP/Complete Inspection/Edit Attributes/Page_JClient/img_Signature_gwt-Image")): Object: 'Object Repository/FSM1/NCP/Complete Inspection/Edit Attributes/Page_JClient/img_Signature_gwt-Image' is clicked on

2018-12-10 15:27:26 - [MESSAGE][PASSED] - Object: 'Object Repository/FSM1/NCP/Complete Inspection/Edit Attributes/Page_JClient/img_Signature_gwt-Image' is clicked on

2018-12-10 15:27:26 - [TEST_STEP][PASSED] - click(findTestObject("FSM1/NCP/Complete Inspection/Edit Attributes/Page_JClient/UnableToSign")): Object: 'Object Repository/FSM1/NCP/Complete Inspection/Edit Attributes/Page_JClient/UnableToSign' is clicked on

2018-12-10 15:27:28 - [MESSAGE][PASSED] - Object: 'Object Repository/FSM1/NCP/Complete Inspection/Edit Attributes/Page_JClient/UnableToSign' is clicked on

2018-12-10 15:27:28 - [TEST_STEP][PASSED] - click(findTestObject("FSM1/NCP/Complete Inspection/Edit Attributes/Page_JClient/div_Save - Biosecurity")): Object: 'Object Repository/FSM1/NCP/Complete Inspection/Edit Attributes/Page_JClient/div_Save - Biosecurity' is clicked on

2018-12-10 15:27:29 - [MESSAGE][PASSED] - Object: 'Object Repository/FSM1/NCP/Complete Inspection/Edit Attributes/Page_JClient/div_Save - Biosecurity' is clicked on

2018-12-10 15:27:29 - [TEST_STEP][PASSED] - mydate = new java.util.Date(): null

2018-12-10 15:27:29 - [TEST_STEP][PASSED] - formattedDate = mydate.format("MM/dd/yyy"): null

2018-12-10 15:27:29 - [TEST_STEP][PASSED] - sendKeys(findTestObject("FSM1/NCP/Complete Inspection/Spy/Page_JClient/input_When last administered_G"), formattedDate): Keys '12/10/2018' sent to object: 'Object Repository/FSM1/NCP/Complete Inspection/Spy/Page_JClient/input_When last administered_G'

2018-12-10 15:27:31 - [MESSAGE][PASSED] - Keys '12/10/2018' sent to object: 'Object Repository/FSM1/NCP/Complete Inspection/Spy/Page_JClient/input_When last administered_G'

2018-12-10 15:27:31 - [TEST_STEP][PASSED] - click(findTestObject("Object Repository/FSM1/NCP/Complete Inspection/Edit Attributes/Page_JClient/div_Save")): Object: 'Object Repository/FSM1/NCP/Complete Inspection/Edit Attributes/Page_JClient/div_Save' is clicked on

2018-12-10 15:27:31 - [MESSAGE][PASSED] - Object: 'Object Repository/FSM1/NCP/Complete Inspection/Edit Attributes/Page_JClient/div_Save' is clicked on]]></system-out>
         <system-err><![CDATA[]]></system-err>
      </testcase>
      <system-out><![CDATA[2018-12-10 15:22:09 - [TEST_SUITE][PASSED] - NCP Regression - Breeding Chickens: Test Cases/NCP/Complete NCP Inspection - Edit Attributes]]></system-out>
      <system-err><![CDATA[]]></system-err>
   </testsuite>
</testsuites>
