<?xml version="1.0" encoding="UTF-8"?>
<testsuites name="ABP Regression - 02a" time="403" tests="12" failures="0" errors="0">
   <testsuite name="ABP Regression - 02a" tests="12" failures="0" errors="0" time="403" timestamp="2018-11-22 17:10:43" hostname="JHATFIELD - SNDFSMINFSRV001.defra.onmicrosoft.com" id="Test Suites/ABP/ABP Regression - 02a">
      <properties>
         <property name="deviceName" value=""/>
         <property name="devicePlatform" value=""/>
         <property name="logFolder" value="C:\\Users\\JHATFIELD\\git\\DEFRA-FSM_Automated_Regression_NEW\\Reports\\ABP\\ABP Regression - 02a\\20181122_161649"/>
         <property name="logFiles" value="C:\\Users\\JHATFIELD\\git\\DEFRA-FSM_Automated_Regression_NEW\\Reports\\ABP\\ABP Regression - 02a\\20181122_161649\\execution0.log"/>
         <property name="attachments" value="C:\\Users\\JHATFIELD\\git\\DEFRA-FSM_Automated_Regression_NEW\\Reports\\ABP\\ABP Regression - 02a\\20181122_161649\\1542906897004.png, C:\\Users\\JHATFIELD\\git\\DEFRA-FSM_Automated_Regression_NEW\\Reports\\ABP\\ABP Regression - 02a\\20181122_161649\\1542906943951.png"/>
         <property name="hostName" value="JHATFIELD - SNDFSMINFSRV001.defra.onmicrosoft.com"/>
         <property name="os" value="Windows Server 2016 64bit"/>
         <property name="katalonVersion" value="5.8.6.1"/>
         <property name="browser" value="Chrome 70.0.3538.102"/>
         <property name="hostAddress" value="10.201.1.17"/>
         <property name="sessionId" value="f0609b9d55a4f445f4823475ba20832b"/>
         <property name="seleniumVersion" value="3.7.1"/>
         <property name="proxyInformation" value="ProxyInformation{proxyOption=NO_PROXY, proxyServerType=HTTP, password=, proxyServerAddress=, proxyServerPort=0}"/>
         <property name="platform" value="Windows Server 2016"/>
      </properties>
      <testcase name="Test Cases/Generic/Launch Job Manager Control Centre" classname="Test Cases/Generic/Launch Job Manager Control Centre" status="PASSED">
         <system-out><![CDATA[2018-11-22 17:10:44 - [TEST_CASE][PASSED] - Test Cases/Generic/Launch Job Manager Control Centre: Test Cases/Generic/Launch Job Manager Control Centre

2018-11-22 17:10:44 - [TEST_STEP][PASSED] - openBrowser: Browser is opened with url: ''

2018-11-22 17:10:50 - [MESSAGE][PASSED] - Browser is opened with url: ''

2018-11-22 17:10:50 - [TEST_STEP][PASSED] - navigateToUrl: Navigate to 'https://kirona-def-6.kirona.com/jmprep/login#!loginView' successfully

2018-11-22 17:10:51 - [MESSAGE][PASSED] - Navigate to 'https://kirona-def-6.kirona.com/jmprep/login#!loginView' successfully

2018-11-22 17:10:51 - [TEST_STEP][PASSED] - setText: Text 'jon.hatfield' is set on object 'Object Repository/FSM1/Control Centre/Page_Job Manager Login/input_gwt-uid-3'

2018-11-22 17:10:53 - [MESSAGE][PASSED] - Text 'jon.hatfield' is set on object 'Object Repository/FSM1/Control Centre/Page_Job Manager Login/input_gwt-uid-3'

2018-11-22 17:10:53 - [TEST_STEP][PASSED] - setText: Text 'Fr@nc1sJ0n' is set on object 'Object Repository/FSM1/Control Centre/Page_Job Manager Login/input_gwt-uid-5'

2018-11-22 17:10:53 - [MESSAGE][PASSED] - Text 'Fr@nc1sJ0n' is set on object 'Object Repository/FSM1/Control Centre/Page_Job Manager Login/input_gwt-uid-5'

2018-11-22 17:10:53 - [TEST_STEP][PASSED] - click: Object: 'Object Repository/FSM1/PreProd/Page_Job Manager Login/div_Login' is clicked on

2018-11-22 17:10:54 - [MESSAGE][PASSED] - Object: 'Object Repository/FSM1/PreProd/Page_Job Manager Login/div_Login' is clicked on

2018-11-22 17:10:54 - [TEST_STEP][PASSED] - delay: Delayed 5 second(s)

2018-11-22 17:10:59 - [MESSAGE][PASSED] - Delayed 5 second(s)]]></system-out>
         <system-err><![CDATA[]]></system-err>
      </testcase>
      <testcase name="Test Cases/ABP/Generic/Create ABP Inspection - Manual Assignment" classname="Test Cases/ABP/Generic/Create ABP Inspection - Manual Assignment" status="PASSED">
         <system-out><![CDATA[2018-11-22 17:10:59 - [TEST_CASE][PASSED] - Test Cases/ABP/Generic/Create ABP Inspection - Manual Assignment: Test Cases/ABP/Generic/Create ABP Inspection - Manual Assignment

2018-11-22 17:11:00 - [TEST_STEP][PASSED] - Statement - log = new com.kms.katalon.core.logging.KeywordLogger(): null

2018-11-22 17:11:00 - [TEST_STEP][PASSED] - click: Object: 'Object Repository/FSM1/Create ABP Inspection Manual Ass/Page_JM Control Centre/Page_JM Control Centre/Page_JM Control Centre/div_Create' is clicked on

2018-11-22 17:11:00 - [MESSAGE][PASSED] - Object: 'Object Repository/FSM1/Create ABP Inspection Manual Ass/Page_JM Control Centre/Page_JM Control Centre/Page_JM Control Centre/div_Create' is clicked on

2018-11-22 17:11:00 - [TEST_STEP][PASSED] - click: Object: 'Object Repository/FSM1/Create ABP Inspection Manual Ass/Page_JM Control Centre/Page_JM Control Centre/Page_JM Control Centre/div_v-filterselect-button' is clicked on

2018-11-22 17:11:02 - [MESSAGE][PASSED] - Object: 'Object Repository/FSM1/Create ABP Inspection Manual Ass/Page_JM Control Centre/Page_JM Control Centre/Page_JM Control Centre/div_v-filterselect-button' is clicked on

2018-11-22 17:11:02 - [TEST_STEP][PASSED] - setText: Text 'ABPR02a' is set on object 'Object Repository/FSM1/Create ABP Inspection Manual Ass/Page_JM Control Centre/Page_JM Control Centre/Page_JM Control Centre/input_gwt-uid-8'

2018-11-22 17:11:02 - [MESSAGE][PASSED] - Text 'ABPR02a' is set on object 'Object Repository/FSM1/Create ABP Inspection Manual Ass/Page_JM Control Centre/Page_JM Control Centre/Page_JM Control Centre/input_gwt-uid-8'

2018-11-22 17:11:03 - [TEST_STEP][PASSED] - Statement - ABPInspectionTypeJ = com.kms.katalon.core.webui.keyword.WebUiBuiltInKeywords.modifyObjectProperty(com.kms.katalon.core.testobject.ObjectRepository.findTestObject(Object Repository/FSM1/Create ABP Inspection Manual Ass/Page_JM Control Centre/Page_JM Control Centre/Page_JM Control Centre/span_ABPR01A - Composting and), "text", "equals", ABPInspectionType, true): Modify property of object successfully

2018-11-22 17:11:03 - [MESSAGE][PASSED] - Modify property of object successfully

2018-11-22 17:11:03 - [TEST_STEP][PASSED] - click: Object: 'Object Repository/FSM1/Create ABP Inspection Manual Ass/Page_JM Control Centre/Page_JM Control Centre/Page_JM Control Centre/span_ABPR01A - Composting and' is clicked on

2018-11-22 17:11:03 - [MESSAGE][PASSED] - Object: 'Object Repository/FSM1/Create ABP Inspection Manual Ass/Page_JM Control Centre/Page_JM Control Centre/Page_JM Control Centre/span_ABPR01A - Composting and' is clicked on

2018-11-22 17:11:03 - [TEST_STEP][PASSED] - click: Object: 'Object Repository/FSM1/Create ABP Inspection Manual Ass/Page_JM Control Centre/Page_JM Control Centre/Page_JM Control Centre/div_v-filterselect-button_1' is clicked on

2018-11-22 17:11:05 - [MESSAGE][PASSED] - Object: 'Object Repository/FSM1/Create ABP Inspection Manual Ass/Page_JM Control Centre/Page_JM Control Centre/Page_JM Control Centre/div_v-filterselect-button_1' is clicked on

2018-11-22 17:11:05 - [TEST_STEP][PASSED] - click: Object: 'Object Repository/FSM1/Create ABP Inspection Manual Ass/Page_JM Control Centre/Page_JM Control Centre/Page_JM Control Centre/span_24 Hours' is clicked on

2018-11-22 17:11:06 - [MESSAGE][PASSED] - Object: 'Object Repository/FSM1/Create ABP Inspection Manual Ass/Page_JM Control Centre/Page_JM Control Centre/Page_JM Control Centre/span_24 Hours' is clicked on

2018-11-22 17:11:06 - [TEST_STEP][PASSED] - click: Object: 'Object Repository/FSM1/Create ABP Inspection Manual Ass/Page_JM Control Centre/Page_JM Control Centre/Page_JM Control Centre/div_Region_v-filterselect-butt' is clicked on

2018-11-22 17:11:06 - [MESSAGE][PASSED] - Object: 'Object Repository/FSM1/Create ABP Inspection Manual Ass/Page_JM Control Centre/Page_JM Control Centre/Page_JM Control Centre/div_Region_v-filterselect-butt' is clicked on

2018-11-22 17:11:06 - [TEST_STEP][PASSED] - click: Object: 'Object Repository/FSM1/Create ABP Inspection Manual Ass/Page_JM Control Centre/Page_JM Control Centre/Page_JM Control Centre/td_West' is clicked on

2018-11-22 17:11:07 - [MESSAGE][PASSED] - Object: 'Object Repository/FSM1/Create ABP Inspection Manual Ass/Page_JM Control Centre/Page_JM Control Centre/Page_JM Control Centre/td_West' is clicked on

2018-11-22 17:11:07 - [TEST_STEP][PASSED] - click: Object: 'Object Repository/FSM1/Create ABP Inspection Manual Ass/Page_JM Control Centre/Page_JM Control Centre/Page_JM Control Centre/div_Plant Type_v-filterselect-' is clicked on

2018-11-22 17:11:07 - [MESSAGE][PASSED] - Object: 'Object Repository/FSM1/Create ABP Inspection Manual Ass/Page_JM Control Centre/Page_JM Control Centre/Page_JM Control Centre/div_Plant Type_v-filterselect-' is clicked on

2018-11-22 17:11:07 - [TEST_STEP][PASSED] - click: Object: 'Object Repository/FSM1/Create ABP Inspection Manual Ass/Page_JM Control Centre/Page_JM Control Centre/Page_JM Control Centre/td_SECTION I Intermediate Acti' is clicked on

2018-11-22 17:11:07 - [MESSAGE][PASSED] - Object: 'Object Repository/FSM1/Create ABP Inspection Manual Ass/Page_JM Control Centre/Page_JM Control Centre/Page_JM Control Centre/td_SECTION I Intermediate Acti' is clicked on

2018-11-22 17:11:08 - [TEST_STEP][PASSED] - click: Object: 'Object Repository/FSM1/Create ABP Inspection Manual Ass/Page_JM Control Centre/Page_JM Control Centre/Page_JM Control Centre/div_Inspection Type_v-filterse' is clicked on

2018-11-22 17:11:08 - [MESSAGE][PASSED] - Object: 'Object Repository/FSM1/Create ABP Inspection Manual Ass/Page_JM Control Centre/Page_JM Control Centre/Page_JM Control Centre/div_Inspection Type_v-filterse' is clicked on

2018-11-22 17:11:08 - [TEST_STEP][PASSED] - click: Object: 'Object Repository/FSM1/Create ABP Inspection Manual Ass/Page_JM Control Centre/Page_JM Control Centre/Page_JM Control Centre/td_Routine' is clicked on

2018-11-22 17:11:08 - [MESSAGE][PASSED] - Object: 'Object Repository/FSM1/Create ABP Inspection Manual Ass/Page_JM Control Centre/Page_JM Control Centre/Page_JM Control Centre/td_Routine' is clicked on

2018-11-22 17:11:08 - [TEST_STEP][PASSED] - click: Object: 'Object Repository/FSM1/Create ABP Inspection Manual Ass/Page_JM Control Centre/Page_JM Control Centre/Page_JM Control Centre/div_Inspector Grade Required_v' is clicked on

2018-11-22 17:11:09 - [MESSAGE][PASSED] - Object: 'Object Repository/FSM1/Create ABP Inspection Manual Ass/Page_JM Control Centre/Page_JM Control Centre/Page_JM Control Centre/div_Inspector Grade Required_v' is clicked on

2018-11-22 17:11:09 - [TEST_STEP][PASSED] - click: Object: 'Object Repository/FSM1/Create ABP Inspection Manual Ass/Page_JM Control Centre/Page_JM Control Centre/Page_JM Control Centre/td_Tech' is clicked on

2018-11-22 17:11:09 - [MESSAGE][PASSED] - Object: 'Object Repository/FSM1/Create ABP Inspection Manual Ass/Page_JM Control Centre/Page_JM Control Centre/Page_JM Control Centre/td_Tech' is clicked on

2018-11-22 17:11:09 - [TEST_STEP][PASSED] - click: Object: 'Object Repository/FSM1/Create ABP Inspection Manual Ass/Page_JM Control Centre/Page_JM Control Centre/Page_JM Control Centre/div_Sequence within Inspection' is clicked on

2018-11-22 17:11:09 - [MESSAGE][PASSED] - Object: 'Object Repository/FSM1/Create ABP Inspection Manual Ass/Page_JM Control Centre/Page_JM Control Centre/Page_JM Control Centre/div_Sequence within Inspection' is clicked on

2018-11-22 17:11:10 - [TEST_STEP][PASSED] - click: Object: 'Object Repository/FSM1/Create ABP Inspection Manual Ass/Page_JM Control Centre/Page_JM Control Centre/Page_JM Control Centre/td_2 - Tech' is clicked on

2018-11-22 17:11:10 - [MESSAGE][PASSED] - Object: 'Object Repository/FSM1/Create ABP Inspection Manual Ass/Page_JM Control Centre/Page_JM Control Centre/Page_JM Control Centre/td_2 - Tech' is clicked on

2018-11-22 17:11:10 - [TEST_STEP][PASSED] - setText: Text '97926' is set on object 'Object Repository/FSM1/Create ABP Inspection Manual Ass/Page_JM Control Centre/Page_JM Control Centre/Page_JM Control Centre/input_Customer ID_gwt-uid-40'

2018-11-22 17:11:11 - [MESSAGE][PASSED] - Text '97926' is set on object 'Object Repository/FSM1/Create ABP Inspection Manual Ass/Page_JM Control Centre/Page_JM Control Centre/Page_JM Control Centre/input_Customer ID_gwt-uid-40'

2018-11-22 17:11:11 - [TEST_STEP][PASSED] - setText: Text '75567' is set on object 'Object Repository/FSM1/Create ABP Inspection Manual Ass/Page_JM Control Centre/Page_JM Control Centre/Page_JM Control Centre/input_Unit ID_gwt-uid-42'

2018-11-22 17:11:11 - [MESSAGE][PASSED] - Text '75567' is set on object 'Object Repository/FSM1/Create ABP Inspection Manual Ass/Page_JM Control Centre/Page_JM Control Centre/Page_JM Control Centre/input_Unit ID_gwt-uid-42'

2018-11-22 17:11:11 - [TEST_STEP][PASSED] - setText: Text 'Test Automation' is set on object 'Object Repository/FSM1/Create ABP Inspection Manual Ass/Page_JM Control Centre/Page_JM Control Centre/Page_JM Control Centre/input_Customer Name_gwt-uid-44'

2018-11-22 17:11:11 - [MESSAGE][PASSED] - Text 'Test Automation' is set on object 'Object Repository/FSM1/Create ABP Inspection Manual Ass/Page_JM Control Centre/Page_JM Control Centre/Page_JM Control Centre/input_Customer Name_gwt-uid-44'

2018-11-22 17:11:12 - [TEST_STEP][PASSED] - click: Object: 'Object Repository/FSM1/Create ABP Inspection Manual Ass/Page_JM Control Centre/Page_JM Control Centre/Page_JM Control Centre/span_' is clicked on

2018-11-22 17:11:12 - [MESSAGE][PASSED] - Object: 'Object Repository/FSM1/Create ABP Inspection Manual Ass/Page_JM Control Centre/Page_JM Control Centre/Page_JM Control Centre/span_' is clicked on

2018-11-22 17:11:12 - [TEST_STEP][PASSED] - click: Object: 'Object Repository/FSM1/Create ABP Inspection Manual Ass/Page_JM Control Centre/Page_JM Control Centre/Page_JM Control Centre/Postcode Search' is clicked on

2018-11-22 17:11:14 - [MESSAGE][PASSED] - Object: 'Object Repository/FSM1/Create ABP Inspection Manual Ass/Page_JM Control Centre/Page_JM Control Centre/Page_JM Control Centre/Postcode Search' is clicked on

2018-11-22 17:11:14 - [TEST_STEP][PASSED] - setText: Text 'WR5 2NQ' is set on object 'Object Repository/FSM1/Create ABP Inspection Manual Ass/Page_JM Control Centre/Page_JM Control Centre/Page_JM Control Centre/PostcodeSearch'

2018-11-22 17:11:14 - [MESSAGE][PASSED] - Text 'WR5 2NQ' is set on object 'Object Repository/FSM1/Create ABP Inspection Manual Ass/Page_JM Control Centre/Page_JM Control Centre/Page_JM Control Centre/PostcodeSearch'

2018-11-22 17:11:14 - [TEST_STEP][PASSED] - click: Object: 'Object Repository/FSM1/Control Centre/Create EMI Inspection/Create Address/Page_JM Control Centre (1)/SearchButton' is clicked on

2018-11-22 17:11:15 - [MESSAGE][PASSED] - Object: 'Object Repository/FSM1/Control Centre/Create EMI Inspection/Create Address/Page_JM Control Centre (1)/SearchButton' is clicked on

2018-11-22 17:11:15 - [TEST_STEP][PASSED] - Statement - FullAddress = com.kms.katalon.core.webui.keyword.WebUiBuiltInKeywords.modifyObjectProperty(com.kms.katalon.core.testobject.ObjectRepository.findTestObject(Object Repository/FSM1/Create ABP Inspection Manual Ass/Page_JM Control Centre/Page_JM Control Centre/Page_JM Control Centre/Address), "text", "equals", com.kms.katalon.core.testdata.TestDataFactory.findTestData(Pre Production/ABP/ABP Inspection Data 01a).getValue(3, 1), true): Modify property of object successfully

2018-11-22 17:11:16 - [MESSAGE][PASSED] - Modify property of object successfully

2018-11-22 17:11:16 - [TEST_STEP][PASSED] - click: Object: 'Object Repository/FSM1/Create ABP Inspection Manual Ass/Page_JM Control Centre/Page_JM Control Centre/Page_JM Control Centre/Address' is clicked on

2018-11-22 17:11:17 - [MESSAGE][PASSED] - Object: 'Object Repository/FSM1/Create ABP Inspection Manual Ass/Page_JM Control Centre/Page_JM Control Centre/Page_JM Control Centre/Address' is clicked on

2018-11-22 17:11:17 - [TEST_STEP][PASSED] - click: Object: 'Object Repository/FSM1/Control Centre/Create EMI Inspection/Create Address/Page_JM Control Centre (2)/div_Add Selected Item' is clicked on

2018-11-22 17:11:17 - [MESSAGE][PASSED] - Object: 'Object Repository/FSM1/Control Centre/Create EMI Inspection/Create Address/Page_JM Control Centre (2)/div_Add Selected Item' is clicked on

2018-11-22 17:11:18 - [TEST_STEP][PASSED] - delay: Delayed 2 second(s)

2018-11-22 17:11:20 - [MESSAGE][PASSED] - Delayed 2 second(s)

2018-11-22 17:11:20 - [TEST_STEP][PASSED] - click: Object: 'Object Repository/FSM1/Control Centre/Create EMI Inspection/Finish/Page_JM Control Centre (3)/div_Create' is clicked on

2018-11-22 17:11:20 - [MESSAGE][PASSED] - Object: 'Object Repository/FSM1/Control Centre/Create EMI Inspection/Finish/Page_JM Control Centre (3)/div_Create' is clicked on

2018-11-22 17:11:20 - [TEST_STEP][PASSED] - waitForElementPresent: Object 'Object Repository/FSM1/Create ABP Inspection Manual Ass/Page_JM Control Centre/Page_JM Control Centre/Page_JM Control Centre/div_APPROVED' is present

2018-11-22 17:11:26 - [MESSAGE][PASSED] - Object 'Object Repository/FSM1/Create ABP Inspection Manual Ass/Page_JM Control Centre/Page_JM Control Centre/Page_JM Control Centre/div_APPROVED' is present

2018-11-22 17:11:26 - [TEST_STEP][PASSED] - click: Object: 'Object Repository/FSM1/Create ABP Inspection Manual Ass/Page_JM Control Centre/Page_JM Control Centre/Page_JM Control Centre/span_Schedule' is clicked on

2018-11-22 17:11:27 - [MESSAGE][PASSED] - Object: 'Object Repository/FSM1/Create ABP Inspection Manual Ass/Page_JM Control Centre/Page_JM Control Centre/Page_JM Control Centre/span_Schedule' is clicked on

2018-11-22 17:11:27 - [TEST_STEP][PASSED] - click: Object: 'Object Repository/FSM1/Create ABP Inspection Manual Ass/Page_JM Control Centre/Page_JM Control Centre/Page_JM Control Centre/label_Manual Ownership' is clicked on

2018-11-22 17:11:31 - [MESSAGE][PASSED] - Object: 'Object Repository/FSM1/Create ABP Inspection Manual Ass/Page_JM Control Centre/Page_JM Control Centre/Page_JM Control Centre/label_Manual Ownership' is clicked on

2018-11-22 17:11:31 - [TEST_STEP][PASSED] - setText: Text 'test' is set on object 'Object Repository/FSM1/Create ABP Inspection Manual Ass/Page_JM Control Centre/Page_JM Control Centre/Page_JM Control Centre/input_Owner_gwt-uid-311 (3)'

2018-11-22 17:11:33 - [MESSAGE][PASSED] - Text 'test' is set on object 'Object Repository/FSM1/Create ABP Inspection Manual Ass/Page_JM Control Centre/Page_JM Control Centre/Page_JM Control Centre/input_Owner_gwt-uid-311 (3)'

2018-11-22 17:11:33 - [TEST_STEP][PASSED] - click: Object: 'Object Repository/FSM1/Create ABP Inspection Manual Ass/Page_JM Control Centre/Page_JM Control Centre/Page_JM Control Centre/span_Test Inspector' is clicked on

2018-11-22 17:11:34 - [MESSAGE][PASSED] - Object: 'Object Repository/FSM1/Create ABP Inspection Manual Ass/Page_JM Control Centre/Page_JM Control Centre/Page_JM Control Centre/span_Test Inspector' is clicked on

2018-11-22 17:11:35 - [TEST_STEP][NOT_RUN] - setText: NOT_RUN: setText

2018-11-22 17:11:35 - [MESSAGE][NOT_RUN] - NOT_RUN: setText

2018-11-22 17:11:35 - [TEST_STEP][PASSED] - Statement - mydate = new java.util.Date(): null

2018-11-22 17:11:35 - [TEST_STEP][PASSED] - Statement - tomorrow = mydate.next(): null

2018-11-22 17:11:35 - [TEST_STEP][PASSED] - Statement - formattedDate = tomorrow.format("dd-MMM-yyyy"): null

2018-11-22 17:11:35 - [TEST_STEP][PASSED] - setText: Text '23-Nov-2018' is set on object 'Object Repository/FSM1/Create ABP Inspection Manual Ass/Page_JM Control Centre/Page_JM Control Centre/Page_JM Control Centre/input_From date_gwt-uid-504 (10)'

2018-11-22 17:11:36 - [MESSAGE][PASSED] - Text '23-Nov-2018' is set on object 'Object Repository/FSM1/Create ABP Inspection Manual Ass/Page_JM Control Centre/Page_JM Control Centre/Page_JM Control Centre/input_From date_gwt-uid-504 (10)'

2018-11-22 17:11:36 - [TEST_STEP][PASSED] - setText: Text '23-Nov-2018' is set on object 'Object Repository/FSM1/Create ABP Inspection Manual Ass/Page_JM Control Centre/Page_JM Control Centre/Page_JM Control Centre/input_Due date_gwt-uid-506 (11)'

2018-11-22 17:11:37 - [MESSAGE][PASSED] - Text '23-Nov-2018' is set on object 'Object Repository/FSM1/Create ABP Inspection Manual Ass/Page_JM Control Centre/Page_JM Control Centre/Page_JM Control Centre/input_Due date_gwt-uid-506 (11)'

2018-11-22 17:11:37 - [TEST_STEP][PASSED] - click: Object: 'Object Repository/FSM1/Create ABP Inspection Manual Ass/Page_JM Control Centre/Page_JM Control Centre/Page_JM Control Centre/div_Allocate' is clicked on

2018-11-22 17:11:38 - [MESSAGE][PASSED] - Object: 'Object Repository/FSM1/Create ABP Inspection Manual Ass/Page_JM Control Centre/Page_JM Control Centre/Page_JM Control Centre/div_Allocate' is clicked on

2018-11-22 17:11:38 - [TEST_STEP][PASSED] - Statement - InspectionID = com.kms.katalon.core.webui.keyword.WebUiBuiltInKeywords.getText(com.kms.katalon.core.testobject.ObjectRepository.findTestObject(Object Repository/FSM1/Create ABP Inspection Manual Ass/Page_JM Control Centre/Page_JM Control Centre/Page_JM Control Centre/InspectionID)): Text of object 'Object Repository/FSM1/Create ABP Inspection Manual Ass/Page_JM Control Centre/Page_JM Control Centre/Page_JM Control Centre/InspectionID' is: 'Viewing Job 91361'

2018-11-22 17:11:38 - [MESSAGE][PASSED] - Text of object 'Object Repository/FSM1/Create ABP Inspection Manual Ass/Page_JM Control Centre/Page_JM Control Centre/Page_JM Control Centre/InspectionID' is: 'Viewing Job 91361'

2018-11-22 17:11:38 - [TEST_STEP][PASSED] - Statement - InspectionID = InspectionID.replaceAll("Viewing Job ", ""): null

2018-11-22 17:11:38 - [TEST_STEP][PASSED] - Statement - log.logWarning(InspectionID): 91361

2018-11-22 17:11:38 - [MESSAGE][WARNING] - 91361

2018-11-22 17:11:38 - [TEST_STEP][PASSED] - Statement - temp = InspectionID: null

2018-11-22 17:11:38 - [TEST_STEP][PASSED] - delay: Delayed 90 second(s)

2018-11-22 17:13:08 - [MESSAGE][PASSED] - Delayed 90 second(s)]]></system-out>
         <system-err><![CDATA[]]></system-err>
      </testcase>
      <testcase name="Test Cases/Generic/Launch Job Manager" classname="Test Cases/Generic/Launch Job Manager" status="PASSED">
         <system-out><![CDATA[2018-11-22 17:13:08 - [TEST_CASE][PASSED] - Test Cases/Generic/Launch Job Manager: Test Cases/Generic/Launch Job Manager

2018-11-22 17:13:09 - [TEST_STEP][PASSED] - openBrowser: Browser is opened with url: ''

2018-11-22 17:13:09 - [MESSAGE][WARNING] - A browser is already opened. Closing browser and opening a new one

2018-11-22 17:13:12 - [MESSAGE][PASSED] - Browser is opened with url: ''

2018-11-22 17:13:12 - [TEST_STEP][PASSED] - navigateToUrl: Navigate to 'https://kirona-def-6.kirona.com/jmprep/jclient/jclient.html' successfully

2018-11-22 17:13:13 - [MESSAGE][PASSED] - Navigate to 'https://kirona-def-6.kirona.com/jmprep/jclient/jclient.html' successfully

2018-11-22 17:13:13 - [TEST_STEP][PASSED] - setText: Text 'KIR1' is set on object 'Object Repository/FSM1/Launch Application/Page_JClient/input_gwt-TextBox GKH2EKQBMDB'

2018-11-22 17:13:16 - [MESSAGE][PASSED] - Text 'KIR1' is set on object 'Object Repository/FSM1/Launch Application/Page_JClient/input_gwt-TextBox GKH2EKQBMDB'

2018-11-22 17:13:16 - [TEST_STEP][PASSED] - sendKeys: Keys 'ENTER + ' sent to object: 'Object Repository/FSM1/Launch Application/Page_JClient/input_gwt-TextBox GKH2EKQBMDB'

2018-11-22 17:13:16 - [MESSAGE][PASSED] - Keys 'ENTER + ' sent to object: 'Object Repository/FSM1/Launch Application/Page_JClient/input_gwt-TextBox GKH2EKQBMDB'

2018-11-22 17:13:16 - [TEST_STEP][PASSED] - click: Object: 'Object Repository/FSM1/Launch Application/Page_JClient/div_Configure App' is clicked on

2018-11-22 17:13:16 - [MESSAGE][PASSED] - Object: 'Object Repository/FSM1/Launch Application/Page_JClient/div_Configure App' is clicked on

2018-11-22 17:13:16 - [TEST_STEP][PASSED] - setText: Text 'test.inspector' is set on object 'Object Repository/FSM1/Launch Application/Page_JClient/input_gwt-TextBox GKH2EKQBNHC'

2018-11-22 17:13:17 - [MESSAGE][PASSED] - Text 'test.inspector' is set on object 'Object Repository/FSM1/Launch Application/Page_JClient/input_gwt-TextBox GKH2EKQBNHC'

2018-11-22 17:13:17 - [TEST_STEP][PASSED] - setText: Text 'Password1.' is set on object 'Object Repository/FSM1/Launch Application/Page_JClient/input_gwt-PasswordTextBox GKH2'

2018-11-22 17:13:17 - [MESSAGE][PASSED] - Text 'Password1.' is set on object 'Object Repository/FSM1/Launch Application/Page_JClient/input_gwt-PasswordTextBox GKH2'

2018-11-22 17:13:17 - [TEST_STEP][PASSED] - click: Object: 'Object Repository/FSM1/Launch Application/Page_JClient/div_Sign In' is clicked on

2018-11-22 17:13:17 - [MESSAGE][PASSED] - Object: 'Object Repository/FSM1/Launch Application/Page_JClient/div_Sign In' is clicked on

2018-11-22 17:13:17 - [TEST_STEP][PASSED] - delay: Delayed 15 second(s)

2018-11-22 17:13:32 - [MESSAGE][PASSED] - Delayed 15 second(s)]]></system-out>
         <system-err><![CDATA[]]></system-err>
      </testcase>
      <testcase name="Test Cases/Generic/Select Inspection" classname="Test Cases/Generic/Select Inspection" status="PASSED">
         <system-out><![CDATA[2018-11-22 17:13:32 - [TEST_CASE][PASSED] - Test Cases/Generic/Select Inspection: Test Cases/Generic/Select Inspection

2018-11-22 17:13:33 - [TEST_STEP][PASSED] - delay: Delayed 30 second(s)

2018-11-22 17:14:03 - [MESSAGE][PASSED] - Delayed 30 second(s)

2018-11-22 17:14:03 - [TEST_STEP][PASSED] - waitForElementClickable: Object 'Object Repository/FSM1/Select Inspection/Landing/Refresh' is clickable

2018-11-22 17:14:03 - [MESSAGE][PASSED] - Object 'Object Repository/FSM1/Select Inspection/Landing/Refresh' is clickable

2018-11-22 17:14:03 - [TEST_STEP][PASSED] - click: Object: 'Object Repository/FSM1/Select Inspection/Landing/Refresh' is clicked on

2018-11-22 17:14:03 - [MESSAGE][PASSED] - Object: 'Object Repository/FSM1/Select Inspection/Landing/Refresh' is clicked on

2018-11-22 17:14:03 - [TEST_STEP][PASSED] - waitForElementClickable: Object 'Object Repository/FSM1/Select Inspection/Landing/Refresh' is clickable

2018-11-22 17:14:04 - [MESSAGE][PASSED] - Object 'Object Repository/FSM1/Select Inspection/Landing/Refresh' is clickable

2018-11-22 17:14:04 - [TEST_STEP][NOT_RUN] - delay: NOT_RUN: delay

2018-11-22 17:14:04 - [MESSAGE][NOT_RUN] - NOT_RUN: delay

2018-11-22 17:14:04 - [TEST_STEP][PASSED] - Statement - InspectionRef = com.kms.katalon.core.webui.keyword.WebUiBuiltInKeywords.modifyObjectProperty(com.kms.katalon.core.testobject.ObjectRepository.findTestObject(FSM1/Select Inspection/Landing/Page_JClient/div_35098), "text", "equals", temp, true, STOP_ON_FAILURE): Modify property of object successfully

2018-11-22 17:14:04 - [MESSAGE][PASSED] - Modify property of object successfully

2018-11-22 17:14:04 - [TEST_STEP][PASSED] - delay: Delayed 20 second(s)

2018-11-22 17:14:24 - [MESSAGE][PASSED] - Delayed 20 second(s)

2018-11-22 17:14:24 - [TEST_STEP][PASSED] - Statement - If (com.kms.katalon.core.webui.keyword.WebUiBuiltInKeywords.verifyElementPresent(InspectionRef, 30, OPTIONAL)): com.kms.katalon.core.webui.exception.WebElementNotFoundException: Web element with id: 'Object Repository/FSM1/Select Inspection/Landing/Page_JClient/div_35098' located by 'By.xpath: //div[(text() = '91361' or . = '91361')]' not found

2018-11-22 17:14:57 - [MESSAGE][WARNING] - com.kms.katalon.core.webui.exception.WebElementNotFoundException: Web element with id: 'Object Repository/FSM1/Select Inspection/Landing/Page_JClient/div_35098' located by 'By.xpath: //div[(text() = '91361' or . = '91361')]' not found
[[ATTACHMENT|C:\\Users\\JHATFIELD\\git\\DEFRA-FSM_Automated_Regression_NEW\\Reports\\ABP\\ABP Regression - 02a\\20181122_161649\\1542906897004.png]]

2018-11-22 17:14:57 - [TEST_STEP][PASSED] - Statement - Else: Object: 'Object Repository/FSM1/Select Inspection/Landing/Page_JClient/div_35098' is clicked on

2018-11-22 17:14:57 - [TEST_STEP][PASSED] - click: Object: 'Object Repository/FSM1/Select Inspection/Landing/Page_JClient (1)/2 Days' is clicked on

2018-11-22 17:14:58 - [MESSAGE][PASSED] - Object: 'Object Repository/FSM1/Select Inspection/Landing/Page_JClient (1)/2 Days' is clicked on

2018-11-22 17:14:58 - [TEST_STEP][PASSED] - delay: Delayed 3 second(s)

2018-11-22 17:15:01 - [MESSAGE][PASSED] - Delayed 3 second(s)

2018-11-22 17:15:01 - [TEST_STEP][PASSED] - click: Object: 'Object Repository/FSM1/Select Inspection/Landing/Page_JClient/div_35098' is clicked on

2018-11-22 17:15:01 - [MESSAGE][PASSED] - Object: 'Object Repository/FSM1/Select Inspection/Landing/Page_JClient/div_35098' is clicked on

2018-11-22 17:15:01 - [TEST_STEP][PASSED] - click: Object: 'Object Repository/FSM1/Select Inspection/Page_JClient/div_WITH OPERATIVE' is clicked on

2018-11-22 17:15:02 - [MESSAGE][PASSED] - Object: 'Object Repository/FSM1/Select Inspection/Page_JClient/div_WITH OPERATIVE' is clicked on

2018-11-22 17:15:02 - [TEST_STEP][PASSED] - delay: Delayed 2 second(s)

2018-11-22 17:15:04 - [MESSAGE][PASSED] - Delayed 2 second(s)

2018-11-22 17:15:04 - [TEST_STEP][PASSED] - click: Object: 'Object Repository/FSM1/Select Inspection/Page_JClient/div_TRAVELLING' is clicked on

2018-11-22 17:15:04 - [MESSAGE][PASSED] - Object: 'Object Repository/FSM1/Select Inspection/Page_JClient/div_TRAVELLING' is clicked on

2018-11-22 17:15:04 - [TEST_STEP][PASSED] - delay: Delayed 2 second(s)

2018-11-22 17:15:06 - [MESSAGE][PASSED] - Delayed 2 second(s)

2018-11-22 17:15:06 - [TEST_STEP][PASSED] - click: Object: 'Object Repository/FSM1/Select Inspection/Page_JClient/div_TRAVELLING' is clicked on

2018-11-22 17:15:06 - [MESSAGE][PASSED] - Object: 'Object Repository/FSM1/Select Inspection/Page_JClient/div_TRAVELLING' is clicked on

2018-11-22 17:15:06 - [TEST_STEP][PASSED] - delay: Delayed 2 second(s)

2018-11-22 17:15:08 - [MESSAGE][PASSED] - Delayed 2 second(s)

2018-11-22 17:15:08 - [TEST_STEP][PASSED] - click: Object: 'Object Repository/FSM1/Select Inspection/Page_JClient/div_ARRIVED' is clicked on

2018-11-22 17:15:08 - [MESSAGE][PASSED] - Object: 'Object Repository/FSM1/Select Inspection/Page_JClient/div_ARRIVED' is clicked on

2018-11-22 17:15:08 - [TEST_STEP][PASSED] - delay: Delayed 2 second(s)

2018-11-22 17:15:10 - [MESSAGE][PASSED] - Delayed 2 second(s)

2018-11-22 17:15:10 - [TEST_STEP][PASSED] - click: Object: 'Object Repository/FSM1/Select Inspection/Page_JClient/div_ARRIVED' is clicked on

2018-11-22 17:15:10 - [MESSAGE][PASSED] - Object: 'Object Repository/FSM1/Select Inspection/Page_JClient/div_ARRIVED' is clicked on

2018-11-22 17:15:10 - [TEST_STEP][PASSED] - delay: Delayed 4 second(s)

2018-11-22 17:15:14 - [MESSAGE][PASSED] - Delayed 4 second(s)

2018-11-22 17:15:14 - [TEST_STEP][PASSED] - click: Object: 'Object Repository/FSM1/Select Inspection/Page_JClient/div_STARTED' is clicked on

2018-11-22 17:15:14 - [MESSAGE][PASSED] - Object: 'Object Repository/FSM1/Select Inspection/Page_JClient/div_STARTED' is clicked on

2018-11-22 17:15:14 - [TEST_STEP][PASSED] - delay: Delayed 2 second(s)

2018-11-22 17:15:16 - [MESSAGE][PASSED] - Delayed 2 second(s)]]></system-out>
         <system-err><![CDATA[]]></system-err>
      </testcase>
      <testcase name="Test Cases/ABP/ABPR02a/Complete ABP Inspection - Section A - 02a" classname="Test Cases/ABP/ABPR02a/Complete ABP Inspection - Section A - 02a" status="PASSED">
         <system-out><![CDATA[2018-11-22 17:15:16 - [TEST_CASE][PASSED] - Test Cases/ABP/ABPR02a/Complete ABP Inspection - Section A - 02a: Test Cases/ABP/ABPR02a/Complete ABP Inspection - Section A - 02a

2018-11-22 17:15:17 - [TEST_STEP][PASSED] - click: Object: 'Object Repository/FSM1/Complete ABP Inspection/ABPR02a/Page_JClient/Page_JClient/Page_JClient/div_Section A Summary of Inspe' is clicked on

2018-11-22 17:15:18 - [MESSAGE][PASSED] - Object: 'Object Repository/FSM1/Complete ABP Inspection/ABPR02a/Page_JClient/Page_JClient/Page_JClient/div_Section A Summary of Inspe' is clicked on

2018-11-22 17:15:18 - [TEST_STEP][PASSED] - delay: Delayed 5 second(s)

2018-11-22 17:15:23 - [MESSAGE][PASSED] - Delayed 5 second(s)

2018-11-22 17:15:23 - [TEST_STEP][PASSED] - setText: Text '11/222/3333' is set on object 'Object Repository/FSM1/Complete ABP Inspection/ABPR02a/Page_JClient/Page_JClient/Page_JClient/input_County Parish Holding (C'

2018-11-22 17:15:23 - [MESSAGE][PASSED] - Text '11/222/3333' is set on object 'Object Repository/FSM1/Complete ABP Inspection/ABPR02a/Page_JClient/Page_JClient/Page_JClient/input_County Parish Holding (C'

2018-11-22 17:15:23 - [TEST_STEP][PASSED] - delay: Delayed 1 second(s)

2018-11-22 17:15:24 - [MESSAGE][PASSED] - Delayed 1 second(s)

2018-11-22 17:15:24 - [TEST_STEP][PASSED] - click: Object: 'Object Repository/FSM1/Complete ABP Inspection/ABPR02a/Page_JClient/Page_JClient/Page_JClient/span_No' is clicked on

2018-11-22 17:15:24 - [MESSAGE][PASSED] - Object: 'Object Repository/FSM1/Complete ABP Inspection/ABPR02a/Page_JClient/Page_JClient/Page_JClient/span_No' is clicked on

2018-11-22 17:15:24 - [TEST_STEP][PASSED] - click: Object: 'Object Repository/FSM1/Complete ABP Inspection/ABPR02a/Page_JClient/Page_JClient/Page_JClient/span_Yes' is clicked on

2018-11-22 17:15:24 - [MESSAGE][PASSED] - Object: 'Object Repository/FSM1/Complete ABP Inspection/ABPR02a/Page_JClient/Page_JClient/Page_JClient/span_Yes' is clicked on

2018-11-22 17:15:24 - [TEST_STEP][PASSED] - setText: Text 'Test Automation' is set on object 'Object Repository/FSM1/Complete ABP Inspection/ABPR02a/Page_JClient/Page_JClient/Page_JClient/input_Updated Customer Name_gw'

2018-11-22 17:15:25 - [MESSAGE][PASSED] - Text 'Test Automation' is set on object 'Object Repository/FSM1/Complete ABP Inspection/ABPR02a/Page_JClient/Page_JClient/Page_JClient/input_Updated Customer Name_gw'

2018-11-22 17:15:25 - [TEST_STEP][NOT_RUN] - setText: NOT_RUN: setText

2018-11-22 17:15:25 - [MESSAGE][NOT_RUN] - NOT_RUN: setText

2018-11-22 17:15:25 - [TEST_STEP][NOT_RUN] - setText: NOT_RUN: setText

2018-11-22 17:15:25 - [MESSAGE][NOT_RUN] - NOT_RUN: setText

2018-11-22 17:15:25 - [TEST_STEP][PASSED] - setText: Text '07812664043' is set on object 'Object Repository/FSM1/Complete ABP Inspection/ABPR02a/Page_JClient/Page_JClient/Page_JClient/input_Updated Customer Phone_g'

2018-11-22 17:15:25 - [MESSAGE][PASSED] - Text '07812664043' is set on object 'Object Repository/FSM1/Complete ABP Inspection/ABPR02a/Page_JClient/Page_JClient/Page_JClient/input_Updated Customer Phone_g'

2018-11-22 17:15:25 - [TEST_STEP][PASSED] - setText: Text 'updated@gmail.com' is set on object 'Object Repository/FSM1/Complete ABP Inspection/ABPR02a/Page_JClient/Page_JClient/Page_JClient/input_Updated Customer Email_g'

2018-11-22 17:15:25 - [MESSAGE][PASSED] - Text 'updated@gmail.com' is set on object 'Object Repository/FSM1/Complete ABP Inspection/ABPR02a/Page_JClient/Page_JClient/Page_JClient/input_Updated Customer Email_g'

2018-11-22 17:15:25 - [TEST_STEP][PASSED] - click: Object: 'Object Repository/FSM1/Complete ABP Inspection/ABPR02a/Page_JClient/Page_JClient/Page_JClient/span_Yes_1' is clicked on

2018-11-22 17:15:26 - [MESSAGE][PASSED] - Object: 'Object Repository/FSM1/Complete ABP Inspection/ABPR02a/Page_JClient/Page_JClient/Page_JClient/span_Yes_1' is clicked on

2018-11-22 17:15:26 - [TEST_STEP][PASSED] - setText: Text 'Test Automation' is set on object 'Object Repository/FSM1/Complete ABP Inspection/ABPR02a/Page_JClient/Page_JClient/Page_JClient/input_Updated Operator Name_gw'

2018-11-22 17:15:26 - [MESSAGE][PASSED] - Text 'Test Automation' is set on object 'Object Repository/FSM1/Complete ABP Inspection/ABPR02a/Page_JClient/Page_JClient/Page_JClient/input_Updated Operator Name_gw'

2018-11-22 17:15:26 - [TEST_STEP][PASSED] - setText: Text 'Test Automation' is set on object 'Object Repository/FSM1/Complete ABP Inspection/ABPR02a/Page_JClient/Page_JClient/Page_JClient/textarea_Updated Operator Addr'

2018-11-22 17:15:26 - [MESSAGE][PASSED] - Text 'Test Automation' is set on object 'Object Repository/FSM1/Complete ABP Inspection/ABPR02a/Page_JClient/Page_JClient/Page_JClient/textarea_Updated Operator Addr'

2018-11-22 17:15:26 - [TEST_STEP][PASSED] - setText: Text 'B93 0HN' is set on object 'Object Repository/FSM1/Complete ABP Inspection/ABPR02a/Page_JClient/Page_JClient/Page_JClient/input_Updated Operator Postcod'

2018-11-22 17:15:27 - [MESSAGE][PASSED] - Text 'B93 0HN' is set on object 'Object Repository/FSM1/Complete ABP Inspection/ABPR02a/Page_JClient/Page_JClient/Page_JClient/input_Updated Operator Postcod'

2018-11-22 17:15:27 - [TEST_STEP][PASSED] - setText: Text '07812664043' is set on object 'Object Repository/FSM1/Complete ABP Inspection/ABPR02a/Page_JClient/Page_JClient/Page_JClient/input_Updated Operator Phone_g'

2018-11-22 17:15:27 - [MESSAGE][PASSED] - Text '07812664043' is set on object 'Object Repository/FSM1/Complete ABP Inspection/ABPR02a/Page_JClient/Page_JClient/Page_JClient/input_Updated Operator Phone_g'

2018-11-22 17:15:27 - [TEST_STEP][PASSED] - setText: Text 'updated@gmail.com' is set on object 'Object Repository/FSM1/Complete ABP Inspection/ABPR02a/Page_JClient/Page_JClient/Page_JClient/input_Updated Operator Email_g'

2018-11-22 17:15:27 - [MESSAGE][PASSED] - Text 'updated@gmail.com' is set on object 'Object Repository/FSM1/Complete ABP Inspection/ABPR02a/Page_JClient/Page_JClient/Page_JClient/input_Updated Operator Email_g'

2018-11-22 17:15:27 - [TEST_STEP][PASSED] - click: Object: 'Object Repository/FSM1/Complete ABP Inspection/ABPR02a/Page_JClient/Page_JClient/Page_JClient/span_Yes_2' is clicked on

2018-11-22 17:15:27 - [MESSAGE][PASSED] - Object: 'Object Repository/FSM1/Complete ABP Inspection/ABPR02a/Page_JClient/Page_JClient/Page_JClient/span_Yes_2' is clicked on

2018-11-22 17:15:27 - [TEST_STEP][PASSED] - click: Object: 'Object Repository/FSM1/Complete ABP Inspection/ABPR02a/Page_JClient/Page_JClient/Page_JClient/label_LA Trading Standards' is clicked on

2018-11-22 17:15:28 - [MESSAGE][PASSED] - Object: 'Object Repository/FSM1/Complete ABP Inspection/ABPR02a/Page_JClient/Page_JClient/Page_JClient/label_LA Trading Standards' is clicked on

2018-11-22 17:15:28 - [TEST_STEP][PASSED] - click: Object: 'Object Repository/FSM1/Complete ABP Inspection/ABPR02a/Page_JClient/Page_JClient/Page_JClient/label_LA Environment Health' is clicked on

2018-11-22 17:15:28 - [MESSAGE][PASSED] - Object: 'Object Repository/FSM1/Complete ABP Inspection/ABPR02a/Page_JClient/Page_JClient/Page_JClient/label_LA Environment Health' is clicked on

2018-11-22 17:15:28 - [TEST_STEP][PASSED] - click: Object: 'Object Repository/FSM1/Complete ABP Inspection/ABPR02a/Page_JClient/Page_JClient/Page_JClient/label_Other non-DEFRA' is clicked on

2018-11-22 17:15:28 - [MESSAGE][PASSED] - Object: 'Object Repository/FSM1/Complete ABP Inspection/ABPR02a/Page_JClient/Page_JClient/Page_JClient/label_Other non-DEFRA' is clicked on

2018-11-22 17:15:28 - [TEST_STEP][PASSED] - delay: Delayed 2 second(s)

2018-11-22 17:15:30 - [MESSAGE][PASSED] - Delayed 2 second(s)

2018-11-22 17:15:30 - [TEST_STEP][PASSED] - click: Object: 'Object Repository/FSM1/Complete ABP Inspection/ABPR02a/Page_JClient/Page_JClient/Page_JClient/input_Plant operator or repres' is clicked on

2018-11-22 17:15:30 - [MESSAGE][PASSED] - Object: 'Object Repository/FSM1/Complete ABP Inspection/ABPR02a/Page_JClient/Page_JClient/Page_JClient/input_Plant operator or repres' is clicked on

2018-11-22 17:15:30 - [TEST_STEP][NOT_RUN] - click: NOT_RUN: click

2018-11-22 17:15:30 - [MESSAGE][NOT_RUN] - NOT_RUN: click

2018-11-22 17:15:30 - [TEST_STEP][PASSED] - delay: Delayed 2 second(s)

2018-11-22 17:15:32 - [MESSAGE][PASSED] - Delayed 2 second(s)

2018-11-22 17:15:32 - [TEST_STEP][PASSED] - setText: Text 'Test Automation' is set on object 'Object Repository/FSM1/Complete ABP Inspection/ABPR02a/Page_JClient/Page_JClient/Page_JClient/input_Name of plant representa'

2018-11-22 17:15:32 - [MESSAGE][PASSED] - Text 'Test Automation' is set on object 'Object Repository/FSM1/Complete ABP Inspection/ABPR02a/Page_JClient/Page_JClient/Page_JClient/input_Name of plant representa'

2018-11-22 17:15:32 - [TEST_STEP][PASSED] - setText: Text 'Test Automation' is set on object 'Object Repository/FSM1/Complete ABP Inspection/ABPR02a/Page_JClient/Page_JClient/Page_JClient/textarea_Issues raised at last'

2018-11-22 17:15:33 - [MESSAGE][PASSED] - Text 'Test Automation' is set on object 'Object Repository/FSM1/Complete ABP Inspection/ABPR02a/Page_JClient/Page_JClient/Page_JClient/textarea_Issues raised at last'

2018-11-22 17:15:33 - [TEST_STEP][PASSED] - selectOptionByValue: All options with value 'S' are selected in object 'Object Repository/FSM1/Complete ABP Inspection/ABPR02a/Page_JClient/Page_JClient/Page_JClient/select_SatisfactoryUnsatisfact_1'  using regular expression

2018-11-22 17:15:33 - [MESSAGE][PASSED] - All options with value 'S' are selected in object 'Object Repository/FSM1/Complete ABP Inspection/ABPR02a/Page_JClient/Page_JClient/Page_JClient/select_SatisfactoryUnsatisfact_1'  using regular expression

2018-11-22 17:15:33 - [TEST_STEP][PASSED] - selectOptionByValue: All options with value 'S' are selected in object 'Object Repository/FSM1/Complete ABP Inspection/ABPR02a/Page_JClient/Page_JClient/Page_JClient/select_SatisfactoryUnsatisfact_2'  using regular expression

2018-11-22 17:15:33 - [MESSAGE][PASSED] - All options with value 'S' are selected in object 'Object Repository/FSM1/Complete ABP Inspection/ABPR02a/Page_JClient/Page_JClient/Page_JClient/select_SatisfactoryUnsatisfact_2'  using regular expression

2018-11-22 17:15:33 - [TEST_STEP][PASSED] - selectOptionByValue: All options with value 'S' are selected in object 'Object Repository/FSM1/Complete ABP Inspection/ABPR02a/Page_JClient/Page_JClient/Page_JClient/select_SatisfactoryUnsatisfact_3'  using regular expression

2018-11-22 17:15:34 - [MESSAGE][PASSED] - All options with value 'S' are selected in object 'Object Repository/FSM1/Complete ABP Inspection/ABPR02a/Page_JClient/Page_JClient/Page_JClient/select_SatisfactoryUnsatisfact_3'  using regular expression

2018-11-22 17:15:34 - [TEST_STEP][PASSED] - selectOptionByValue: All options with value 'S' are selected in object 'Object Repository/FSM1/Complete ABP Inspection/ABPR02a/Page_JClient/Page_JClient/Page_JClient/select_SatisfactoryUnsatisfact_4'  using regular expression

2018-11-22 17:15:34 - [MESSAGE][PASSED] - All options with value 'S' are selected in object 'Object Repository/FSM1/Complete ABP Inspection/ABPR02a/Page_JClient/Page_JClient/Page_JClient/select_SatisfactoryUnsatisfact_4'  using regular expression

2018-11-22 17:15:34 - [TEST_STEP][PASSED] - setText: Text 'Test Automation' is set on object 'Object Repository/FSM1/Complete ABP Inspection/ABPR02a/Page_JClient/Page_JClient/Page_JClient/textarea_General Visit Comment'

2018-11-22 17:15:34 - [MESSAGE][PASSED] - Text 'Test Automation' is set on object 'Object Repository/FSM1/Complete ABP Inspection/ABPR02a/Page_JClient/Page_JClient/Page_JClient/textarea_General Visit Comment'

2018-11-22 17:15:34 - [TEST_STEP][PASSED] - click: Object: 'Object Repository/FSM1/Complete ABP Inspection/ABPR02a/Page_JClient/Page_JClient/Page_JClient/span_No_1' is clicked on

2018-11-22 17:15:34 - [MESSAGE][PASSED] - Object: 'Object Repository/FSM1/Complete ABP Inspection/ABPR02a/Page_JClient/Page_JClient/Page_JClient/span_No_1' is clicked on

2018-11-22 17:15:34 - [TEST_STEP][PASSED] - click: Object: 'Object Repository/FSM1/Complete ABP Inspection/ABPR02a/Page_JClient/Page_JClient/Page_JClient/span_No_2' is clicked on

2018-11-22 17:15:35 - [MESSAGE][PASSED] - Object: 'Object Repository/FSM1/Complete ABP Inspection/ABPR02a/Page_JClient/Page_JClient/Page_JClient/span_No_2' is clicked on

2018-11-22 17:15:35 - [TEST_STEP][PASSED] - delay: Delayed 2 second(s)

2018-11-22 17:15:37 - [MESSAGE][PASSED] - Delayed 2 second(s)

2018-11-22 17:15:37 - [TEST_STEP][PASSED] - Statement - If (com.kms.katalon.core.webui.keyword.WebUiBuiltInKeywords.verifyElementPresent(com.kms.katalon.core.testobject.ObjectRepository.findTestObject(Object Repository/FSM1/Complete ABP Inspection/ABPR02a/Page_JClient/Page_JClient/Page_JClient/Final_Approval_Inspection), 5, OPTIONAL)): com.kms.katalon.core.webui.exception.WebElementNotFoundException: Web element with id: 'Object Repository/FSM1/Complete ABP Inspection/ABPR02a/Page_JClient/Page_JClient/Page_JClient/Final_Approval_Inspection' located by 'By.cssSelector: body > div.GKH2EKQBOBB.GKH2EKQBACB > div.GKH2EKQBOBB.GKH2EKQBACB > div:nth-child(2) > div > div:nth-child(3) > div > div > div.GKH2EKQBMDC.GKH2EKQBMGB.GKH2EKQBNGB > div > div.GKH2EKQBOBB > div:nth-child(44) > div:nth-child(2) > div.GKH2EKQBOBB > span:nth-child(1)' not found

2018-11-22 17:15:45 - [MESSAGE][WARNING] - com.kms.katalon.core.webui.exception.WebElementNotFoundException: Web element with id: 'Object Repository/FSM1/Complete ABP Inspection/ABPR02a/Page_JClient/Page_JClient/Page_JClient/Final_Approval_Inspection' located by 'By.cssSelector: body > div.GKH2EKQBOBB.GKH2EKQBACB > div.GKH2EKQBOBB.GKH2EKQBACB > div:nth-child(2) > div > div:nth-child(3) > div > div > div.GKH2EKQBMDC.GKH2EKQBMGB.GKH2EKQBNGB > div > div.GKH2EKQBOBB > div:nth-child(44) > div:nth-child(2) > div.GKH2EKQBOBB > span:nth-child(1)' not found
[[ATTACHMENT|C:\\Users\\JHATFIELD\\git\\DEFRA-FSM_Automated_Regression_NEW\\Reports\\ABP\\ABP Regression - 02a\\20181122_161649\\1542906943951.png]]

2018-11-22 17:15:45 - [TEST_STEP][PASSED] - Statement - Else: Object: 'Object Repository/FSM1/Complete ABP Inspection/ABPR02a/Page_JClient/Page_JClient/Page_JClient/Final_Approval_Inspection Alternate' is clicked on

2018-11-22 17:15:45 - [TEST_STEP][PASSED] - click: Object: 'Object Repository/FSM1/Complete ABP Inspection/ABPR02a/Page_JClient/Page_JClient/Page_JClient/Final_Approval_Inspection Alternate' is clicked on

2018-11-22 17:15:45 - [MESSAGE][PASSED] - Object: 'Object Repository/FSM1/Complete ABP Inspection/ABPR02a/Page_JClient/Page_JClient/Page_JClient/Final_Approval_Inspection Alternate' is clicked on

2018-11-22 17:15:45 - [TEST_STEP][PASSED] - click: Object: 'Object Repository/FSM1/Complete ABP Inspection/ABPR02a/Page_JClient/Page_JClient/Page_JClient/input_Is this an On-Farm Incin' is clicked on

2018-11-22 17:15:45 - [MESSAGE][PASSED] - Object: 'Object Repository/FSM1/Complete ABP Inspection/ABPR02a/Page_JClient/Page_JClient/Page_JClient/input_Is this an On-Farm Incin' is clicked on

2018-11-22 17:15:45 - [TEST_STEP][PASSED] - click: Object: 'Object Repository/FSM1/Complete ABP Inspection/ABPR02a/Page_JClient/Page_JClient/Page_JClient/input_Do you confirm these det' is clicked on

2018-11-22 17:15:45 - [MESSAGE][PASSED] - Object: 'Object Repository/FSM1/Complete ABP Inspection/ABPR02a/Page_JClient/Page_JClient/Page_JClient/input_Do you confirm these det' is clicked on

2018-11-22 17:15:45 - [TEST_STEP][PASSED] - selectOptionByValue: All options with value 'Continue with current approval' are selected in object 'Object Repository/FSM1/Complete ABP Inspection/ABPR02a/Page_JClient/Page_JClient/Page_JClient/select_(a) Continue with curre'  using regular expression

2018-11-22 17:15:45 - [MESSAGE][PASSED] - All options with value 'Continue with current approval' are selected in object 'Object Repository/FSM1/Complete ABP Inspection/ABPR02a/Page_JClient/Page_JClient/Page_JClient/select_(a) Continue with curre'  using regular expression

2018-11-22 17:15:45 - [TEST_STEP][PASSED] - click: Object: 'Object Repository/FSM1/Complete ABP Inspection/ABPR02a/Page_JClient/Page_JClient/Page_JClient/input_Yes_radio_group_19' is clicked on

2018-11-22 17:15:46 - [MESSAGE][PASSED] - Object: 'Object Repository/FSM1/Complete ABP Inspection/ABPR02a/Page_JClient/Page_JClient/Page_JClient/input_Yes_radio_group_19' is clicked on

2018-11-22 17:15:46 - [TEST_STEP][PASSED] - click: Object: 'Object Repository/FSM1/Complete ABP Inspection/ABPR02a/Page_JClient/Page_JClient/Page_JClient/input_Are copies of all releva' is clicked on

2018-11-22 17:15:46 - [MESSAGE][PASSED] - Object: 'Object Repository/FSM1/Complete ABP Inspection/ABPR02a/Page_JClient/Page_JClient/Page_JClient/input_Are copies of all releva' is clicked on

2018-11-22 17:15:46 - [TEST_STEP][PASSED] - click: Object: 'Object Repository/FSM1/Complete ABP Inspection/ABPR02a/Page_JClient/Page_JClient/Page_JClient/input_Have the LA EA or any ot' is clicked on

2018-11-22 17:15:46 - [MESSAGE][PASSED] - Object: 'Object Repository/FSM1/Complete ABP Inspection/ABPR02a/Page_JClient/Page_JClient/Page_JClient/input_Have the LA EA or any ot' is clicked on

2018-11-22 17:15:46 - [TEST_STEP][PASSED] - setText: Text 'Test automation' is set on object 'Object Repository/FSM1/Complete ABP Inspection/ABPR02a/Page_JClient/Page_JClient/Page_JClient/textarea_When were they notifi'

2018-11-22 17:15:46 - [MESSAGE][PASSED] - Text 'Test automation' is set on object 'Object Repository/FSM1/Complete ABP Inspection/ABPR02a/Page_JClient/Page_JClient/Page_JClient/textarea_When were they notifi'

2018-11-22 17:15:46 - [TEST_STEP][PASSED] - setText: Text '10' is set on object 'Object Repository/FSM1/Complete ABP Inspection/ABPR02a/Page_JClient/Page_JClient/Page_JClient/input_Chargeable time (minutes'

2018-11-22 17:15:46 - [MESSAGE][PASSED] - Text '10' is set on object 'Object Repository/FSM1/Complete ABP Inspection/ABPR02a/Page_JClient/Page_JClient/Page_JClient/input_Chargeable time (minutes'

2018-11-22 17:15:46 - [TEST_STEP][PASSED] - click: Object: 'Object Repository/FSM1/Complete ABP Inspection/ABPR02a/Page_JClient/Page_JClient/Page_JClient/div_Save' is clicked on

2018-11-22 17:15:47 - [MESSAGE][PASSED] - Object: 'Object Repository/FSM1/Complete ABP Inspection/ABPR02a/Page_JClient/Page_JClient/Page_JClient/div_Save' is clicked on]]></system-out>
         <system-err><![CDATA[]]></system-err>
      </testcase>
      <testcase name="Test Cases/ABP/ABPR02a/Complete ABP Inspection - Section B - 02a" classname="Test Cases/ABP/ABPR02a/Complete ABP Inspection - Section B - 02a" status="PASSED">
         <system-out><![CDATA[2018-11-22 17:15:47 - [TEST_CASE][PASSED] - Test Cases/ABP/ABPR02a/Complete ABP Inspection - Section B - 02a: Test Cases/ABP/ABPR02a/Complete ABP Inspection - Section B - 02a

2018-11-22 17:15:47 - [TEST_STEP][PASSED] - click: Object: 'Object Repository/FSM1/Complete ABP Inspection/ABPR02a/Page_JClient/div_Section B Inspection Detai' is clicked on

2018-11-22 17:15:48 - [MESSAGE][PASSED] - Object: 'Object Repository/FSM1/Complete ABP Inspection/ABPR02a/Page_JClient/div_Section B Inspection Detai' is clicked on

2018-11-22 17:15:48 - [TEST_STEP][PASSED] - delay: Delayed 2 second(s)

2018-11-22 17:15:50 - [MESSAGE][PASSED] - Delayed 2 second(s)

2018-11-22 17:15:50 - [TEST_STEP][PASSED] - click: Object: 'Object Repository/FSM1/Complete ABP Inspection/ABPR02a/Page_JClient/input_Structure_radio_group_22' is clicked on

2018-11-22 17:15:50 - [MESSAGE][PASSED] - Object: 'Object Repository/FSM1/Complete ABP Inspection/ABPR02a/Page_JClient/input_Structure_radio_group_22' is clicked on

2018-11-22 17:15:50 - [TEST_STEP][PASSED] - click: Object: 'Object Repository/FSM1/Complete ABP Inspection/ABPR02a/Page_JClient/input_Not Checked_radio_group_' is clicked on

2018-11-22 17:15:50 - [MESSAGE][PASSED] - Object: 'Object Repository/FSM1/Complete ABP Inspection/ABPR02a/Page_JClient/input_Not Checked_radio_group_' is clicked on

2018-11-22 17:15:50 - [TEST_STEP][PASSED] - click: Object: 'Object Repository/FSM1/Complete ABP Inspection/ABPR02a/Page_JClient/input_Not Checked_radio_group__1' is clicked on

2018-11-22 17:15:50 - [MESSAGE][PASSED] - Object: 'Object Repository/FSM1/Complete ABP Inspection/ABPR02a/Page_JClient/input_Not Checked_radio_group__1' is clicked on

2018-11-22 17:15:50 - [TEST_STEP][PASSED] - click: Object: 'Object Repository/FSM1/Complete ABP Inspection/ABPR02a/Page_JClient/input_Operations_radio_group_2' is clicked on

2018-11-22 17:15:50 - [MESSAGE][PASSED] - Object: 'Object Repository/FSM1/Complete ABP Inspection/ABPR02a/Page_JClient/input_Operations_radio_group_2' is clicked on

2018-11-22 17:15:50 - [TEST_STEP][PASSED] - click: Object: 'Object Repository/FSM1/Complete ABP Inspection/ABPR02a/Page_JClient/input_Not Checked_radio_group__2' is clicked on

2018-11-22 17:15:50 - [MESSAGE][PASSED] - Object: 'Object Repository/FSM1/Complete ABP Inspection/ABPR02a/Page_JClient/input_Not Checked_radio_group__2' is clicked on

2018-11-22 17:15:50 - [TEST_STEP][PASSED] - click: Object: 'Object Repository/FSM1/Complete ABP Inspection/ABPR02a/Page_JClient/span_Yes' is clicked on

2018-11-22 17:15:50 - [MESSAGE][PASSED] - Object: 'Object Repository/FSM1/Complete ABP Inspection/ABPR02a/Page_JClient/span_Yes' is clicked on

2018-11-22 17:15:50 - [TEST_STEP][PASSED] - click: Object: 'Object Repository/FSM1/Complete ABP Inspection/ABPR02a/Page_JClient/input_Not Checked_radio_group__3' is clicked on

2018-11-22 17:15:51 - [MESSAGE][PASSED] - Object: 'Object Repository/FSM1/Complete ABP Inspection/ABPR02a/Page_JClient/input_Not Checked_radio_group__3' is clicked on

2018-11-22 17:15:51 - [TEST_STEP][PASSED] - click: Object: 'Object Repository/FSM1/Complete ABP Inspection/ABPR02a/Page_JClient/input_Not Checked_radio_group__4' is clicked on

2018-11-22 17:15:51 - [MESSAGE][PASSED] - Object: 'Object Repository/FSM1/Complete ABP Inspection/ABPR02a/Page_JClient/input_Not Checked_radio_group__4' is clicked on

2018-11-22 17:15:51 - [TEST_STEP][PASSED] - click: Object: 'Object Repository/FSM1/Complete ABP Inspection/ABPR02a/Page_JClient/input_Not Checked_radio_group__5' is clicked on

2018-11-22 17:15:51 - [MESSAGE][PASSED] - Object: 'Object Repository/FSM1/Complete ABP Inspection/ABPR02a/Page_JClient/input_Not Checked_radio_group__5' is clicked on

2018-11-22 17:15:51 - [TEST_STEP][PASSED] - click: Object: 'Object Repository/FSM1/Complete ABP Inspection/ABPR02a/Page_JClient/input_Not Checked_radio_group__6' is clicked on

2018-11-22 17:15:51 - [MESSAGE][PASSED] - Object: 'Object Repository/FSM1/Complete ABP Inspection/ABPR02a/Page_JClient/input_Not Checked_radio_group__6' is clicked on

2018-11-22 17:15:51 - [TEST_STEP][PASSED] - click: Object: 'Object Repository/FSM1/Complete ABP Inspection/ABPR02a/Page_JClient/input_(b) Personnel movements' is clicked on

2018-11-22 17:15:51 - [MESSAGE][PASSED] - Object: 'Object Repository/FSM1/Complete ABP Inspection/ABPR02a/Page_JClient/input_(b) Personnel movements' is clicked on

2018-11-22 17:15:51 - [TEST_STEP][PASSED] - click: Object: 'Object Repository/FSM1/Complete ABP Inspection/ABPR02a/Page_JClient/input_(c) Equipment usage_radi' is clicked on

2018-11-22 17:15:51 - [MESSAGE][PASSED] - Object: 'Object Repository/FSM1/Complete ABP Inspection/ABPR02a/Page_JClient/input_(c) Equipment usage_radi' is clicked on

2018-11-22 17:15:51 - [TEST_STEP][PASSED] - click: Object: 'Object Repository/FSM1/Complete ABP Inspection/ABPR02a/Page_JClient/input_(d) A documented cleanin' is clicked on

2018-11-22 17:15:51 - [MESSAGE][PASSED] - Object: 'Object Repository/FSM1/Complete ABP Inspection/ABPR02a/Page_JClient/input_(d) A documented cleanin' is clicked on

2018-11-22 17:15:51 - [TEST_STEP][PASSED] - click: Object: 'Object Repository/FSM1/Complete ABP Inspection/ABPR02a/Page_JClient/input_(e) Is the plant clean_r' is clicked on

2018-11-22 17:15:51 - [MESSAGE][PASSED] - Object: 'Object Repository/FSM1/Complete ABP Inspection/ABPR02a/Page_JClient/input_(e) Is the plant clean_r' is clicked on

2018-11-22 17:15:51 - [TEST_STEP][PASSED] - click: Object: 'Object Repository/FSM1/Complete ABP Inspection/ABPR02a/Page_JClient/input_(f) Is pest control plan' is clicked on

2018-11-22 17:15:52 - [MESSAGE][PASSED] - Object: 'Object Repository/FSM1/Complete ABP Inspection/ABPR02a/Page_JClient/input_(f) Is pest control plan' is clicked on

2018-11-22 17:15:52 - [TEST_STEP][PASSED] - click: Object: 'Object Repository/FSM1/Complete ABP Inspection/ABPR02a/Page_JClient/input_Not Checked_radio_group__7' is clicked on

2018-11-22 17:15:52 - [MESSAGE][PASSED] - Object: 'Object Repository/FSM1/Complete ABP Inspection/ABPR02a/Page_JClient/input_Not Checked_radio_group__7' is clicked on

2018-11-22 17:15:52 - [TEST_STEP][PASSED] - click: Object: 'Object Repository/FSM1/Complete ABP Inspection/ABPR02a/Page_JClient/input_Not Checked_radio_group__8' is clicked on

2018-11-22 17:15:52 - [MESSAGE][PASSED] - Object: 'Object Repository/FSM1/Complete ABP Inspection/ABPR02a/Page_JClient/input_Not Checked_radio_group__8' is clicked on

2018-11-22 17:15:52 - [TEST_STEP][PASSED] - click: Object: 'Object Repository/FSM1/Complete ABP Inspection/ABPR02a/Page_JClient/input_(b) to mains drains in l' is clicked on

2018-11-22 17:15:52 - [MESSAGE][PASSED] - Object: 'Object Repository/FSM1/Complete ABP Inspection/ABPR02a/Page_JClient/input_(b) to mains drains in l' is clicked on

2018-11-22 17:15:52 - [TEST_STEP][PASSED] - click: Object: 'Object Repository/FSM1/Complete ABP Inspection/ABPR02a/Page_JClient/input_(c) to land or soakaway' is clicked on

2018-11-22 17:15:52 - [MESSAGE][PASSED] - Object: 'Object Repository/FSM1/Complete ABP Inspection/ABPR02a/Page_JClient/input_(c) to land or soakaway' is clicked on

2018-11-22 17:15:52 - [TEST_STEP][PASSED] - click: Object: 'Object Repository/FSM1/Complete ABP Inspection/ABPR02a/Page_JClient/input_(d) absorbed and inciner' is clicked on

2018-11-22 17:15:52 - [MESSAGE][PASSED] - Object: 'Object Repository/FSM1/Complete ABP Inspection/ABPR02a/Page_JClient/input_(d) absorbed and inciner' is clicked on

2018-11-22 17:15:52 - [TEST_STEP][PASSED] - click: Object: 'Object Repository/FSM1/Complete ABP Inspection/ABPR02a/Page_JClient/input_Not Checked_radio_group__9' is clicked on

2018-11-22 17:15:53 - [MESSAGE][PASSED] - Object: 'Object Repository/FSM1/Complete ABP Inspection/ABPR02a/Page_JClient/input_Not Checked_radio_group__9' is clicked on

2018-11-22 17:15:53 - [TEST_STEP][PASSED] - click: Object: 'Object Repository/FSM1/Complete ABP Inspection/ABPR02a/Page_JClient/input_Not Checked_radio_group__10' is clicked on

2018-11-22 17:15:53 - [MESSAGE][PASSED] - Object: 'Object Repository/FSM1/Complete ABP Inspection/ABPR02a/Page_JClient/input_Not Checked_radio_group__10' is clicked on

2018-11-22 17:15:53 - [TEST_STEP][PASSED] - click: Object: 'Object Repository/FSM1/Complete ABP Inspection/ABPR02a/Page_JClient/input_Not Checked_radio_group__11' is clicked on

2018-11-22 17:15:53 - [MESSAGE][PASSED] - Object: 'Object Repository/FSM1/Complete ABP Inspection/ABPR02a/Page_JClient/input_Not Checked_radio_group__11' is clicked on

2018-11-22 17:15:53 - [TEST_STEP][PASSED] - click: Object: 'Object Repository/FSM1/Complete ABP Inspection/ABPR02a/Page_JClient/input_Not Checked_radio_group__12' is clicked on

2018-11-22 17:15:53 - [MESSAGE][PASSED] - Object: 'Object Repository/FSM1/Complete ABP Inspection/ABPR02a/Page_JClient/input_Not Checked_radio_group__12' is clicked on

2018-11-22 17:15:53 - [TEST_STEP][PASSED] - click: Object: 'Object Repository/FSM1/Complete ABP Inspection/ABPR02a/Page_JClient/input_Not Checked_radio_group__13' is clicked on

2018-11-22 17:15:53 - [MESSAGE][PASSED] - Object: 'Object Repository/FSM1/Complete ABP Inspection/ABPR02a/Page_JClient/input_Not Checked_radio_group__13' is clicked on

2018-11-22 17:15:53 - [TEST_STEP][PASSED] - click: Object: 'Object Repository/FSM1/Complete ABP Inspection/ABPR02a/Page_JClient/input_Have samples been collec' is clicked on

2018-11-22 17:15:53 - [MESSAGE][PASSED] - Object: 'Object Repository/FSM1/Complete ABP Inspection/ABPR02a/Page_JClient/input_Have samples been collec' is clicked on

2018-11-22 17:15:53 - [TEST_STEP][PASSED] - click: Object: 'Object Repository/FSM1/Complete ABP Inspection/ABPR02a/Page_JClient/input_Records_radio_group_47' is clicked on

2018-11-22 17:15:53 - [MESSAGE][PASSED] - Object: 'Object Repository/FSM1/Complete ABP Inspection/ABPR02a/Page_JClient/input_Records_radio_group_47' is clicked on

2018-11-22 17:15:53 - [TEST_STEP][PASSED] - click: Object: 'Object Repository/FSM1/Complete ABP Inspection/ABPR02a/Page_JClient/input_If records have not been' is clicked on

2018-11-22 17:15:54 - [MESSAGE][PASSED] - Object: 'Object Repository/FSM1/Complete ABP Inspection/ABPR02a/Page_JClient/input_If records have not been' is clicked on

2018-11-22 17:15:54 - [TEST_STEP][PASSED] - click: Object: 'Object Repository/FSM1/Complete ABP Inspection/ABPR02a/Page_JClient/input_Not Checked_radio_group__14' is clicked on

2018-11-22 17:15:54 - [MESSAGE][PASSED] - Object: 'Object Repository/FSM1/Complete ABP Inspection/ABPR02a/Page_JClient/input_Not Checked_radio_group__14' is clicked on

2018-11-22 17:15:54 - [TEST_STEP][PASSED] - click: Object: 'Object Repository/FSM1/Complete ABP Inspection/ABPR02a/Page_JClient/input_Not Checked_radio_group__15' is clicked on

2018-11-22 17:15:54 - [MESSAGE][PASSED] - Object: 'Object Repository/FSM1/Complete ABP Inspection/ABPR02a/Page_JClient/input_Not Checked_radio_group__15' is clicked on

2018-11-22 17:15:54 - [TEST_STEP][PASSED] - click: Object: 'Object Repository/FSM1/Complete ABP Inspection/ABPR02a/Page_JClient/input_Not Checked_radio_group__16' is clicked on

2018-11-22 17:15:54 - [MESSAGE][PASSED] - Object: 'Object Repository/FSM1/Complete ABP Inspection/ABPR02a/Page_JClient/input_Not Checked_radio_group__16' is clicked on

2018-11-22 17:15:54 - [TEST_STEP][PASSED] - click: Object: 'Object Repository/FSM1/Complete ABP Inspection/ABPR02a/Page_JClient/input_Not Checked_radio_group__17' is clicked on

2018-11-22 17:15:54 - [MESSAGE][PASSED] - Object: 'Object Repository/FSM1/Complete ABP Inspection/ABPR02a/Page_JClient/input_Not Checked_radio_group__17' is clicked on

2018-11-22 17:15:54 - [TEST_STEP][PASSED] - click: Object: 'Object Repository/FSM1/Complete ABP Inspection/ABPR02a/Page_JClient/input_(b) Is amount incinerate' is clicked on

2018-11-22 17:15:54 - [MESSAGE][PASSED] - Object: 'Object Repository/FSM1/Complete ABP Inspection/ABPR02a/Page_JClient/input_(b) Is amount incinerate' is clicked on

2018-11-22 17:15:54 - [TEST_STEP][PASSED] - click: Object: 'Object Repository/FSM1/Complete ABP Inspection/ABPR02a/Page_JClient/input_Not Checked_radio_group__18' is clicked on

2018-11-22 17:15:55 - [MESSAGE][PASSED] - Object: 'Object Repository/FSM1/Complete ABP Inspection/ABPR02a/Page_JClient/input_Not Checked_radio_group__18' is clicked on

2018-11-22 17:15:55 - [TEST_STEP][PASSED] - click: Object: 'Object Repository/FSM1/Complete ABP Inspection/ABPR02a/Page_JClient/input_Not Checked_radio_group__19' is clicked on

2018-11-22 17:15:55 - [MESSAGE][PASSED] - Object: 'Object Repository/FSM1/Complete ABP Inspection/ABPR02a/Page_JClient/input_Not Checked_radio_group__19' is clicked on

2018-11-22 17:15:55 - [TEST_STEP][PASSED] - click: Object: 'Object Repository/FSM1/Complete ABP Inspection/ABPR02a/Page_JClient/input_Is SRM handled at the pr' is clicked on

2018-11-22 17:15:55 - [MESSAGE][PASSED] - Object: 'Object Repository/FSM1/Complete ABP Inspection/ABPR02a/Page_JClient/input_Is SRM handled at the pr' is clicked on

2018-11-22 17:15:55 - [TEST_STEP][PASSED] - click: Object: 'Object Repository/FSM1/Complete ABP Inspection/ABPR02a/Page_JClient/input_Not Checked_radio_group__20' is clicked on

2018-11-22 17:15:55 - [MESSAGE][PASSED] - Object: 'Object Repository/FSM1/Complete ABP Inspection/ABPR02a/Page_JClient/input_Not Checked_radio_group__20' is clicked on

2018-11-22 17:15:55 - [TEST_STEP][PASSED] - click: Object: 'Object Repository/FSM1/Complete ABP Inspection/ABPR02a/Page_JClient/input_Not Checked_radio_group__21' is clicked on

2018-11-22 17:15:55 - [MESSAGE][PASSED] - Object: 'Object Repository/FSM1/Complete ABP Inspection/ABPR02a/Page_JClient/input_Not Checked_radio_group__21' is clicked on

2018-11-22 17:15:55 - [TEST_STEP][PASSED] - click: Object: 'Object Repository/FSM1/Complete ABP Inspection/ABPR02a/Page_JClient/input_Not Checked_radio_group__22' is clicked on

2018-11-22 17:15:55 - [MESSAGE][PASSED] - Object: 'Object Repository/FSM1/Complete ABP Inspection/ABPR02a/Page_JClient/input_Not Checked_radio_group__22' is clicked on

2018-11-22 17:15:55 - [TEST_STEP][PASSED] - click: Object: 'Object Repository/FSM1/Complete ABP Inspection/ABPR02a/Page_JClient/input_Not Checked_radio_group__23' is clicked on

2018-11-22 17:15:56 - [MESSAGE][PASSED] - Object: 'Object Repository/FSM1/Complete ABP Inspection/ABPR02a/Page_JClient/input_Not Checked_radio_group__23' is clicked on

2018-11-22 17:15:56 - [TEST_STEP][PASSED] - setText: Text 'test automation' is set on object 'Object Repository/FSM1/Complete ABP Inspection/ABPR02a/Page_JClient/textarea_Not Checked_gwt-TextA'

2018-11-22 17:15:56 - [MESSAGE][PASSED] - Text 'test automation' is set on object 'Object Repository/FSM1/Complete ABP Inspection/ABPR02a/Page_JClient/textarea_Not Checked_gwt-TextA'

2018-11-22 17:15:56 - [TEST_STEP][PASSED] - click: Object: 'Object Repository/FSM1/Complete ABP Inspection/ABPR02a/Page_JClient/input_Yes_radio_group_61' is clicked on

2018-11-22 17:15:56 - [MESSAGE][PASSED] - Object: 'Object Repository/FSM1/Complete ABP Inspection/ABPR02a/Page_JClient/input_Yes_radio_group_61' is clicked on

2018-11-22 17:15:56 - [TEST_STEP][PASSED] - Statement - mydate = new java.util.Date(): null

2018-11-22 17:15:56 - [TEST_STEP][PASSED] - Statement - formattedDate = mydate.format("MM/dd/yyy"): null

2018-11-22 17:15:56 - [TEST_STEP][PASSED] - sendKeys: Keys '11/22/2018' sent to object: 'Object Repository/FSM1/Complete ABP Inspection/ABPR02a/Page_JClient/DateDocument'

2018-11-22 17:15:56 - [MESSAGE][PASSED] - Keys '11/22/2018' sent to object: 'Object Repository/FSM1/Complete ABP Inspection/ABPR02a/Page_JClient/DateDocument'

2018-11-22 17:15:56 - [TEST_STEP][PASSED] - click: Object: 'Object Repository/FSM1/Complete ABP Inspection/ABPR02a/Page_JClient/div_Save' is clicked on

2018-11-22 17:15:56 - [MESSAGE][PASSED] - Object: 'Object Repository/FSM1/Complete ABP Inspection/ABPR02a/Page_JClient/div_Save' is clicked on]]></system-out>
         <system-err><![CDATA[]]></system-err>
      </testcase>
      <testcase name="Test Cases/ABP/ABPR02a/Complete ABP Inspection - Section C - Full Risk Assessment - 02a" classname="Test Cases/ABP/ABPR02a/Complete ABP Inspection - Section C - Full Risk Assessment - 02a" status="PASSED">
         <system-out><![CDATA[2018-11-22 17:15:56 - [TEST_CASE][PASSED] - Test Cases/ABP/ABPR02a/Complete ABP Inspection - Section C - Full Risk Assessment - 02a: Test Cases/ABP/ABPR02a/Complete ABP Inspection - Section C - Full Risk Assessment - 02a

2018-11-22 17:15:57 - [TEST_STEP][PASSED] - delay: Delayed 5 second(s)

2018-11-22 17:16:02 - [MESSAGE][PASSED] - Delayed 5 second(s)

2018-11-22 17:16:02 - [TEST_STEP][PASSED] - click: Object: 'Object Repository/FSM1/Complete ABP Inspection/ABPR02a/Page_JClient/Page_JClient/div_Section C Risk Assessment' is clicked on

2018-11-22 17:16:02 - [MESSAGE][PASSED] - Object: 'Object Repository/FSM1/Complete ABP Inspection/ABPR02a/Page_JClient/Page_JClient/div_Section C Risk Assessment' is clicked on

2018-11-22 17:16:02 - [TEST_STEP][PASSED] - selectOptionByValue: All options with value '12' are selected in object 'Object Repository/FSM1/Complete ABP Inspection/ABPR02a/Page_JClient/Page_JClient/select_3 - Cat 3 material and'  using regular expression

2018-11-22 17:16:03 - [MESSAGE][PASSED] - All options with value '12' are selected in object 'Object Repository/FSM1/Complete ABP Inspection/ABPR02a/Page_JClient/Page_JClient/select_3 - Cat 3 material and'  using regular expression

2018-11-22 17:16:03 - [TEST_STEP][PASSED] - selectOptionByValue: All options with value '10' are selected in object 'Object Repository/FSM1/Complete ABP Inspection/ABPR02a/Page_JClient/Page_JClient/select_0 - Very low throughput'  using regular expression

2018-11-22 17:16:03 - [MESSAGE][PASSED] - All options with value '10' are selected in object 'Object Repository/FSM1/Complete ABP Inspection/ABPR02a/Page_JClient/Page_JClient/select_0 - Very low throughput'  using regular expression

2018-11-22 17:16:03 - [TEST_STEP][PASSED] - selectOptionByValue: All options with value '15' are selected in object 'Object Repository/FSM1/Complete ABP Inspection/ABPR02a/Page_JClient/Page_JClient/select_0 - No product entering'  using regular expression

2018-11-22 17:16:03 - [MESSAGE][PASSED] - All options with value '15' are selected in object 'Object Repository/FSM1/Complete ABP Inspection/ABPR02a/Page_JClient/Page_JClient/select_0 - No product entering'  using regular expression

2018-11-22 17:16:03 - [TEST_STEP][PASSED] - selectOptionByValue: All options with value '5' are selected in object 'Object Repository/FSM1/Complete ABP Inspection/ABPR02a/Page_JClient/Page_JClient/select_0 - Not required or com'  using regular expression

2018-11-22 17:16:04 - [MESSAGE][PASSED] - All options with value '5' are selected in object 'Object Repository/FSM1/Complete ABP Inspection/ABPR02a/Page_JClient/Page_JClient/select_0 - Not required or com'  using regular expression

2018-11-22 17:16:04 - [TEST_STEP][PASSED] - selectOptionByValue: All options with value '10' are selected in object 'Object Repository/FSM1/Complete ABP Inspection/ABPR02a/Page_JClient/Page_JClient/select_0 - Fully compliant iss'  using regular expression

2018-11-22 17:16:04 - [MESSAGE][PASSED] - All options with value '10' are selected in object 'Object Repository/FSM1/Complete ABP Inspection/ABPR02a/Page_JClient/Page_JClient/select_0 - Fully compliant iss'  using regular expression

2018-11-22 17:16:04 - [TEST_STEP][PASSED] - click: Object: 'Object Repository/FSM1/Complete ABP Inspection/ABPR02a/Page_JClient/Page_JClient/input_Is this a fully complian' is clicked on

2018-11-22 17:16:04 - [MESSAGE][PASSED] - Object: 'Object Repository/FSM1/Complete ABP Inspection/ABPR02a/Page_JClient/Page_JClient/input_Is this a fully complian' is clicked on

2018-11-22 17:16:04 - [TEST_STEP][PASSED] - selectOptionByValue: All options with value 'Biennially' are selected in object 'Object Repository/FSM1/Complete ABP Inspection/ABPR02a/Page_JClient/Page_JClient/select_AnnuallyQuarterly6 Mont'  using regular expression

2018-11-22 17:16:05 - [MESSAGE][PASSED] - All options with value 'Biennially' are selected in object 'Object Repository/FSM1/Complete ABP Inspection/ABPR02a/Page_JClient/Page_JClient/select_AnnuallyQuarterly6 Mont'  using regular expression

2018-11-22 17:16:05 - [TEST_STEP][PASSED] - setText: Text 'Test Automation' is set on object 'Object Repository/FSM1/Complete ABP Inspection/ABPR02a/Page_JClient/Page_JClient/textarea_Any other relevant in'

2018-11-22 17:16:05 - [MESSAGE][PASSED] - Text 'Test Automation' is set on object 'Object Repository/FSM1/Complete ABP Inspection/ABPR02a/Page_JClient/Page_JClient/textarea_Any other relevant in'

2018-11-22 17:16:05 - [TEST_STEP][PASSED] - click: Object: 'Object Repository/FSM1/Complete ABP Inspection/ABPR02a/Page_JClient/Page_JClient/div_Save' is clicked on

2018-11-22 17:16:05 - [MESSAGE][PASSED] - Object: 'Object Repository/FSM1/Complete ABP Inspection/ABPR02a/Page_JClient/Page_JClient/div_Save' is clicked on]]></system-out>
         <system-err><![CDATA[]]></system-err>
      </testcase>
      <testcase name="Test Cases/ABP/Generic/Complete ABP Inspection - ABPR15 Sample Submission" classname="Test Cases/ABP/Generic/Complete ABP Inspection - ABPR15 Sample Submission" status="PASSED">
         <system-out><![CDATA[2018-11-22 17:16:05 - [TEST_CASE][PASSED] - Test Cases/ABP/Generic/Complete ABP Inspection - ABPR15 Sample Submission: Test Cases/ABP/Generic/Complete ABP Inspection - ABPR15 Sample Submission

2018-11-22 17:16:06 - [TEST_STEP][PASSED] - delay: Delayed 5 second(s)

2018-11-22 17:16:11 - [MESSAGE][PASSED] - Delayed 5 second(s)

2018-11-22 17:16:11 - [TEST_STEP][PASSED] - click: Object: 'Object Repository/FSM1/Complete ABP Inspection/ABPR15 Sample Submission/Page_JClient/div_ABPR15 - Sample Submission' is clicked on

2018-11-22 17:16:11 - [MESSAGE][PASSED] - Object: 'Object Repository/FSM1/Complete ABP Inspection/ABPR15 Sample Submission/Page_JClient/div_ABPR15 - Sample Submission' is clicked on

2018-11-22 17:16:11 - [TEST_STEP][PASSED] - click: Object: 'Object Repository/FSM1/Complete ABP Inspection/ABPR15 Sample Submission/Page_JClient/div_Create_GKH2EKQBDXB GKH2EKQ' is clicked on

2018-11-22 17:16:11 - [MESSAGE][PASSED] - Object: 'Object Repository/FSM1/Complete ABP Inspection/ABPR15 Sample Submission/Page_JClient/div_Create_GKH2EKQBDXB GKH2EKQ' is clicked on

2018-11-22 17:16:11 - [TEST_STEP][PASSED] - selectOptionByValue: All options with value 'Investigation' are selected in object 'Object Repository/FSM1/Complete ABP Inspection/ABPR15 Sample Submission/Page_JClient/select_InvestigationRoutineVal'  using regular expression

2018-11-22 17:16:12 - [MESSAGE][PASSED] - All options with value 'Investigation' are selected in object 'Object Repository/FSM1/Complete ABP Inspection/ABPR15 Sample Submission/Page_JClient/select_InvestigationRoutineVal'  using regular expression

2018-11-22 17:16:12 - [TEST_STEP][PASSED] - selectOptionByValue: All options with value '2' are selected in object 'Object Repository/FSM1/Complete ABP Inspection/ABPR15 Sample Submission/Page_JClient/select_123Catering waste'  using regular expression

2018-11-22 17:16:12 - [MESSAGE][PASSED] - All options with value '2' are selected in object 'Object Repository/FSM1/Complete ABP Inspection/ABPR15 Sample Submission/Page_JClient/select_123Catering waste'  using regular expression

2018-11-22 17:16:12 - [TEST_STEP][PASSED] - setText: Text 'Test automation' is set on object 'Object Repository/FSM1/Complete ABP Inspection/ABPR15 Sample Submission/Page_JClient/input_Sample identity (e.g. se'

2018-11-22 17:16:12 - [MESSAGE][PASSED] - Text 'Test automation' is set on object 'Object Repository/FSM1/Complete ABP Inspection/ABPR15 Sample Submission/Page_JClient/input_Sample identity (e.g. se'

2018-11-22 17:16:12 - [TEST_STEP][PASSED] - setText: Text 'Test automation' is set on object 'Object Repository/FSM1/Complete ABP Inspection/ABPR15 Sample Submission/Page_JClient/input_Type of material sampled'

2018-11-22 17:16:13 - [MESSAGE][PASSED] - Text 'Test automation' is set on object 'Object Repository/FSM1/Complete ABP Inspection/ABPR15 Sample Submission/Page_JClient/input_Type of material sampled'

2018-11-22 17:16:13 - [TEST_STEP][PASSED] - selectOptionByValue: All options with value 'Compost or digestate' are selected in object 'Object Repository/FSM1/Complete ABP Inspection/ABPR15 Sample Submission/Page_JClient/select_Compost or digestatePro'  using regular expression

2018-11-22 17:16:13 - [MESSAGE][PASSED] - All options with value 'Compost or digestate' are selected in object 'Object Repository/FSM1/Complete ABP Inspection/ABPR15 Sample Submission/Page_JClient/select_Compost or digestatePro'  using regular expression

2018-11-22 17:16:13 - [TEST_STEP][PASSED] - click: Object: 'Object Repository/FSM1/Complete ABP Inspection/ABPR15 Sample Submission/Page_JClient/input_Test Requested (refer to' is clicked on

2018-11-22 17:16:13 - [MESSAGE][PASSED] - Object: 'Object Repository/FSM1/Complete ABP Inspection/ABPR15 Sample Submission/Page_JClient/input_Test Requested (refer to' is clicked on

2018-11-22 17:16:13 - [TEST_STEP][PASSED] - click: Object: 'Object Repository/FSM1/Complete ABP Inspection/ABPR15 Sample Submission/Page_JClient/input_Clostridium perfringens' is clicked on

2018-11-22 17:16:13 - [MESSAGE][PASSED] - Object: 'Object Repository/FSM1/Complete ABP Inspection/ABPR15 Sample Submission/Page_JClient/input_Clostridium perfringens' is clicked on

2018-11-22 17:16:13 - [TEST_STEP][PASSED] - Statement - mydate = new java.util.Date(): null

2018-11-22 17:16:13 - [TEST_STEP][PASSED] - Statement - formattedDate = mydate.format("MM/dd/yyy"): null

2018-11-22 17:16:13 - [TEST_STEP][PASSED] - sendKeys: Keys '11/22/2018' sent to object: 'Object Repository/FSM1/Complete ABP Inspection/ABPR15 Sample Submission/Page_JClient/DateofSample'

2018-11-22 17:16:14 - [MESSAGE][PASSED] - Keys '11/22/2018' sent to object: 'Object Repository/FSM1/Complete ABP Inspection/ABPR15 Sample Submission/Page_JClient/DateofSample'

2018-11-22 17:16:14 - [TEST_STEP][PASSED] - sendKeys: Keys '11/22/2018' sent to object: 'Object Repository/FSM1/Complete ABP Inspection/ABPR15 Sample Submission/Page_JClient/DateofSubmission'

2018-11-22 17:16:14 - [MESSAGE][PASSED] - Keys '11/22/2018' sent to object: 'Object Repository/FSM1/Complete ABP Inspection/ABPR15 Sample Submission/Page_JClient/DateofSubmission'

2018-11-22 17:16:14 - [TEST_STEP][PASSED] - delay: Delayed 2 second(s)

2018-11-22 17:16:16 - [MESSAGE][PASSED] - Delayed 2 second(s)

2018-11-22 17:16:16 - [TEST_STEP][PASSED] - click: Object: 'Object Repository/FSM1/Complete ABP Inspection/ABPR15 Sample Submission/Page_JClient/div_Save1' is clicked on

2018-11-22 17:16:16 - [MESSAGE][PASSED] - Object: 'Object Repository/FSM1/Complete ABP Inspection/ABPR15 Sample Submission/Page_JClient/div_Save1' is clicked on]]></system-out>
         <system-err><![CDATA[]]></system-err>
      </testcase>
      <testcase name="Test Cases/ABP/Generic/Complete ABP Inspection - Complete" classname="Test Cases/ABP/Generic/Complete ABP Inspection - Complete" status="PASSED">
         <system-out><![CDATA[2018-11-22 17:16:16 - [TEST_CASE][PASSED] - Test Cases/ABP/Generic/Complete ABP Inspection - Complete: Test Cases/ABP/Generic/Complete ABP Inspection - Complete

2018-11-22 17:16:17 - [TEST_STEP][PASSED] - delay: Delayed 2 second(s)

2018-11-22 17:16:19 - [MESSAGE][PASSED] - Delayed 2 second(s)

2018-11-22 17:16:19 - [TEST_STEP][PASSED] - click: Object: 'Object Repository/FSM1/Complete ABP Inspection/Complete ABP01a Inspection/Page_JClient/div_STARTED (locked)' is clicked on

2018-11-22 17:16:19 - [MESSAGE][PASSED] - Object: 'Object Repository/FSM1/Complete ABP Inspection/Complete ABP01a Inspection/Page_JClient/div_STARTED (locked)' is clicked on

2018-11-22 17:16:19 - [TEST_STEP][PASSED] - delay: Delayed 2 second(s)

2018-11-22 17:16:21 - [MESSAGE][PASSED] - Delayed 2 second(s)

2018-11-22 17:16:21 - [TEST_STEP][PASSED] - click: Object: 'Object Repository/FSM1/Complete ABP Inspection/Complete ABP01a Inspection/Page_JClient/div_COMPLETED' is clicked on

2018-11-22 17:16:21 - [MESSAGE][PASSED] - Object: 'Object Repository/FSM1/Complete ABP Inspection/Complete ABP01a Inspection/Page_JClient/div_COMPLETED' is clicked on

2018-11-22 17:16:21 - [TEST_STEP][PASSED] - selectOptionByValue: All options with value 'COMPLETED' are selected in object 'Object Repository/FSM1/Complete ABP Inspection/Complete ABP01a Inspection/Page_JClient/select_Yes'  using regular expression

2018-11-22 17:16:23 - [MESSAGE][PASSED] - All options with value 'COMPLETED' are selected in object 'Object Repository/FSM1/Complete ABP Inspection/Complete ABP01a Inspection/Page_JClient/select_Yes'  using regular expression

2018-11-22 17:16:23 - [TEST_STEP][PASSED] - delay: Delayed 3 second(s)

2018-11-22 17:16:26 - [MESSAGE][PASSED] - Delayed 3 second(s)

2018-11-22 17:16:26 - [TEST_STEP][PASSED] - click: Object: 'Object Repository/FSM1/Complete ABP Inspection/Complete ABP01a Inspection/Page_JClient/div_Save' is clicked on

2018-11-22 17:16:26 - [MESSAGE][PASSED] - Object: 'Object Repository/FSM1/Complete ABP Inspection/Complete ABP01a Inspection/Page_JClient/div_Save' is clicked on

2018-11-22 17:16:26 - [TEST_STEP][PASSED] - delay: Delayed 2 second(s)

2018-11-22 17:16:28 - [MESSAGE][PASSED] - Delayed 2 second(s)

2018-11-22 17:16:28 - [TEST_STEP][PASSED] - click: Object: 'Object Repository/FSM1/Complete ABP Inspection/Complete ABP01a Inspection/Page_JClient/div_Ok' is clicked on

2018-11-22 17:16:28 - [MESSAGE][PASSED] - Object: 'Object Repository/FSM1/Complete ABP Inspection/Complete ABP01a Inspection/Page_JClient/div_Ok' is clicked on

2018-11-22 17:16:28 - [TEST_STEP][PASSED] - delay: Delayed 30 second(s)

2018-11-22 17:16:58 - [MESSAGE][PASSED] - Delayed 30 second(s)]]></system-out>
         <system-err><![CDATA[]]></system-err>
      </testcase>
      <testcase name="Test Cases/Generic/Launch Job Manager Control Centre - Check Result" classname="Test Cases/Generic/Launch Job Manager Control Centre - Check Result" status="PASSED">
         <system-out><![CDATA[2018-11-22 17:16:58 - [TEST_CASE][PASSED] - Test Cases/Generic/Launch Job Manager Control Centre - Check Result: Test Cases/Generic/Launch Job Manager Control Centre - Check Result

2018-11-22 17:16:58 - [TEST_STEP][PASSED] - openBrowser: Browser is opened with url: ''

2018-11-22 17:16:58 - [MESSAGE][WARNING] - A browser is already opened. Closing browser and opening a new one

2018-11-22 17:17:02 - [MESSAGE][PASSED] - Browser is opened with url: ''

2018-11-22 17:17:02 - [TEST_STEP][PASSED] - navigateToUrl: Navigate to 'https://kirona-def-6.kirona.com/jmprep/login#!loginView' successfully

2018-11-22 17:17:03 - [MESSAGE][PASSED] - Navigate to 'https://kirona-def-6.kirona.com/jmprep/login#!loginView' successfully

2018-11-22 17:17:03 - [TEST_STEP][PASSED] - setText: Text 'jon.hatfield' is set on object 'Object Repository/FSM1/Control Centre/Page_Job Manager Login/input_gwt-uid-3'

2018-11-22 17:17:05 - [MESSAGE][PASSED] - Text 'jon.hatfield' is set on object 'Object Repository/FSM1/Control Centre/Page_Job Manager Login/input_gwt-uid-3'

2018-11-22 17:17:05 - [TEST_STEP][PASSED] - setText: Text 'Fr@nc1sJ0n' is set on object 'Object Repository/FSM1/Control Centre/Page_Job Manager Login/input_gwt-uid-5'

2018-11-22 17:17:05 - [MESSAGE][PASSED] - Text 'Fr@nc1sJ0n' is set on object 'Object Repository/FSM1/Control Centre/Page_Job Manager Login/input_gwt-uid-5'

2018-11-22 17:17:05 - [TEST_STEP][PASSED] - click: Object: 'Object Repository/FSM1/PreProd/Page_Job Manager Login/div_Login' is clicked on

2018-11-22 17:17:05 - [MESSAGE][PASSED] - Object: 'Object Repository/FSM1/PreProd/Page_Job Manager Login/div_Login' is clicked on

2018-11-22 17:17:05 - [TEST_STEP][PASSED] - delay: Delayed 5 second(s)

2018-11-22 17:17:10 - [MESSAGE][PASSED] - Delayed 5 second(s)]]></system-out>
         <system-err><![CDATA[]]></system-err>
      </testcase>
      <testcase name="Test Cases/ABP/ABPR02a/Control Centre - Check Results - ABPR02a" classname="Test Cases/ABP/ABPR02a/Control Centre - Check Results - ABPR02a" status="PASSED">
         <system-out><![CDATA[2018-11-22 17:17:10 - [TEST_CASE][PASSED] - Test Cases/ABP/ABPR02a/Control Centre - Check Results - ABPR02a: Test Cases/ABP/ABPR02a/Control Centre - Check Results - ABPR02a

2018-11-22 17:17:11 - [TEST_STEP][PASSED] - Statement - log = new com.kms.katalon.core.logging.KeywordLogger(): null

2018-11-22 17:17:11 - [TEST_STEP][PASSED] - setText: Text '91361' is set on object 'Object Repository/FSM1/EMI Check Results/Page_JM Control Centre/input_Recents_v-textfield v-wi'

2018-11-22 17:17:11 - [MESSAGE][PASSED] - Text '91361' is set on object 'Object Repository/FSM1/EMI Check Results/Page_JM Control Centre/input_Recents_v-textfield v-wi'

2018-11-22 17:17:11 - [TEST_STEP][PASSED] - click: Object: 'Object Repository/FSM1/EMI Check Results/Page_JM Control Centre/span_' is clicked on

2018-11-22 17:17:12 - [MESSAGE][PASSED] - Object: 'Object Repository/FSM1/EMI Check Results/Page_JM Control Centre/span_' is clicked on

2018-11-22 17:17:12 - [TEST_STEP][PASSED] - waitForElementPresent: Object 'Object Repository/FSM1/EMI Check Results/Page_JM Control Centre/div_CLOSED' is present

2018-11-22 17:17:16 - [MESSAGE][PASSED] - Object 'Object Repository/FSM1/EMI Check Results/Page_JM Control Centre/div_CLOSED' is present

2018-11-22 17:17:16 - [TEST_STEP][PASSED] - delay: Delayed 3 second(s)

2018-11-22 17:17:19 - [MESSAGE][PASSED] - Delayed 3 second(s)

2018-11-22 17:17:19 - [TEST_STEP][PASSED] - verifyElementPresent: Object 'Object Repository/FSM1/Complete ABP Inspection/Check Results/Page_JM Control Centre/ABPR15 - Microbiology' is present

2018-11-22 17:17:19 - [MESSAGE][PASSED] - Object 'Object Repository/FSM1/Complete ABP Inspection/Check Results/Page_JM Control Centre/ABPR15 - Microbiology' is present

2018-11-22 17:17:19 - [TEST_STEP][PASSED] - verifyElementPresent: Object 'Object Repository/FSM1/Complete ABP Inspection/Check Results/03a/Page_JM Control Centre/div_Attachments_ABPR02A' is present

2018-11-22 17:17:19 - [MESSAGE][PASSED] - Object 'Object Repository/FSM1/Complete ABP Inspection/Check Results/03a/Page_JM Control Centre/div_Attachments_ABPR02A' is present]]></system-out>
         <system-err><![CDATA[]]></system-err>
      </testcase>
      <testcase name="Test Cases/ABP/Generic/Check Subsequent Inspection Exist" classname="Test Cases/ABP/Generic/Check Subsequent Inspection Exist" status="PASSED">
         <system-out><![CDATA[2018-11-22 17:17:19 - [TEST_CASE][PASSED] - Test Cases/ABP/Generic/Check Subsequent Inspection Exist: Test Cases/ABP/Generic/Check Subsequent Inspection Exist

2018-11-22 17:17:20 - [TEST_STEP][PASSED] - delay: Delayed 2 second(s)

2018-11-22 17:17:22 - [MESSAGE][PASSED] - Delayed 2 second(s)

2018-11-22 17:17:22 - [TEST_STEP][PASSED] - click: Object: 'Object Repository/FSM1/Complete ABP Inspection/Check Subsequent Inspections/New/Page_JM Control Centre/div_' is clicked on

2018-11-22 17:17:22 - [MESSAGE][PASSED] - Object: 'Object Repository/FSM1/Complete ABP Inspection/Check Subsequent Inspections/New/Page_JM Control Centre/div_' is clicked on

2018-11-22 17:17:22 - [TEST_STEP][PASSED] - click: Object: 'Object Repository/FSM1/Complete ABP Inspection/Check Subsequent Inspections/New/Page_JM Control Centre/span_List All Subordinate Jobs' is clicked on

2018-11-22 17:17:22 - [MESSAGE][PASSED] - Object: 'Object Repository/FSM1/Complete ABP Inspection/Check Subsequent Inspections/New/Page_JM Control Centre/span_List All Subordinate Jobs' is clicked on

2018-11-22 17:17:22 - [TEST_STEP][PASSED] - delay: Delayed 2 second(s)

2018-11-22 17:17:24 - [MESSAGE][PASSED] - Delayed 2 second(s)

2018-11-22 17:17:24 - [TEST_STEP][PASSED] - verifyElementVisible: Object 'Object Repository/FSM1/Complete ABP Inspection/Check Subsequent Inspections/New/Page_JM Control Centre/div_2 found.' is visible

2018-11-22 17:17:25 - [MESSAGE][PASSED] - Object 'Object Repository/FSM1/Complete ABP Inspection/Check Subsequent Inspections/New/Page_JM Control Centre/div_2 found.' is visible

2018-11-22 17:17:25 - [TEST_STEP][PASSED] - closeBrowser: Browser is closed

2018-11-22 17:17:26 - [MESSAGE][PASSED] - Browser is closed]]></system-out>
         <system-err><![CDATA[]]></system-err>
      </testcase>
      <system-out><![CDATA[2018-11-22 17:10:43 - [TEST_SUITE][PASSED] - ABP Regression - 02a: Test Cases/ABP/Generic/Check Subsequent Inspection Exist]]></system-out>
      <system-err><![CDATA[]]></system-err>
   </testsuite>
</testsuites>
