<?xml version="1.0" encoding="UTF-8"?>
<testsuites name="Create New Inspection" time="69" tests="1" failures="1" errors="0">
   <testsuite name="Create New Inspection" tests="1" failures="1" errors="0" time="69" timestamp="2018-05-14 15:30:51" hostname="JHATFIELD - SNDFSMINFSRV001.defra.onmicrosoft.com" id="Test Suites/Create New Inspection">
      <properties>
         <property name="deviceName" value=""/>
         <property name="devicePlatform" value=""/>
         <property name="logFolder" value="C:\\Users\\JHATFIELD\\git\\DEFRA-FSM_Automated_Regression_NEW\\Reports\\Create New Inspection\\20180514_153047"/>
         <property name="logFiles" value="C:\\Users\\JHATFIELD\\git\\DEFRA-FSM_Automated_Regression_NEW\\Reports\\Create New Inspection\\20180514_153047\\execution0.log"/>
         <property name="attachments" value="C:\\Users\\JHATFIELD\\git\\DEFRA-FSM_Automated_Regression_NEW\\Reports\\Create New Inspection\\20180514_153047\\1526311918907.png"/>
         <property name="hostName" value="JHATFIELD - SNDFSMINFSRV001.defra.onmicrosoft.com"/>
         <property name="os" value="Windows NT (unknown) 64bit"/>
         <property name="katalonVersion" value="5.4.1.1"/>
         <property name="browser" value="Chrome 66.0.3359.139"/>
         <property name="hostAddress" value="10.201.1.17"/>
         <property name="sessionId" value="4156d860bbe4103ada727c2c13b7d2fa"/>
         <property name="seleniumVersion" value="3.7.1"/>
         <property name="proxyInformation" value="ProxyInformation{proxyOption=NO_PROXY, proxyServerType=HTTP, password=, proxyServerAddress=, proxyServerPort=0}"/>
         <property name="platform" value="Windows NT (unknown)"/>
      </properties>
      <testcase name="Test Cases/Launch Job Manager Control Centre" classname="Test Cases/Launch Job Manager Control Centre" status="PASSED">
         <system-out><![CDATA[2018-05-14 15:30:51 - [TEST_CASE][PASSED] - Test Cases/Launch Job Manager Control Centre: Test Cases/Launch Job Manager Control Centre

2018-05-14 15:30:52 - [TEST_STEP][PASSED] - openBrowser: Browser is opened with url: ''

2018-05-14 15:30:57 - [MESSAGE][PASSED] - Browser is opened with url: ''

2018-05-14 15:30:57 - [TEST_STEP][PASSED] - navigateToUrl: Navigate to 'https://kirona-def-2.kirona.com/jmtest/login#!loginView' successfully

2018-05-14 15:30:59 - [MESSAGE][PASSED] - Navigate to 'https://kirona-def-2.kirona.com/jmtest/login#!loginView' successfully

2018-05-14 15:30:59 - [TEST_STEP][PASSED] - setText: Text 'jon.hatfield' is set on object 'Object Repository/FSM1/Control Centre/Page_Job Manager Login/input_gwt-uid-3'

2018-05-14 15:31:00 - [MESSAGE][PASSED] - Text 'jon.hatfield' is set on object 'Object Repository/FSM1/Control Centre/Page_Job Manager Login/input_gwt-uid-3'

2018-05-14 15:31:00 - [TEST_STEP][PASSED] - setText: Text 'Fr@nc1sJ0n' is set on object 'Object Repository/FSM1/Control Centre/Page_Job Manager Login/input_gwt-uid-5'

2018-05-14 15:31:01 - [MESSAGE][PASSED] - Text 'Fr@nc1sJ0n' is set on object 'Object Repository/FSM1/Control Centre/Page_Job Manager Login/input_gwt-uid-5'

2018-05-14 15:31:01 - [TEST_STEP][PASSED] - click: Object: 'Object Repository/FSM1/Control Centre/Page_Job Manager Login/Page_Job Manager Login/div_Login' is clicked on

2018-05-14 15:31:01 - [MESSAGE][PASSED] - Object: 'Object Repository/FSM1/Control Centre/Page_Job Manager Login/Page_Job Manager Login/div_Login' is clicked on

2018-05-14 15:31:01 - [TEST_STEP][PASSED] - delay: Delayed 5 second(s)

2018-05-14 15:31:06 - [MESSAGE][PASSED] - Delayed 5 second(s)]]></system-out>
         <system-err><![CDATA[]]></system-err>
      </testcase>
      <testcase name="Test Cases/Create EMI Inspection" classname="Test Cases/Create EMI Inspection" status="FAILED">
         <failure type="FAILED" message="Unable to click on object 'Object Repository/FSM1/Control Centre/Create EMI Inspection/FixedResource1/Page_JM Control Centre/div_v-filterselect-button_1' (Root cause: com.kms.katalon.core.webui.exception.WebElementNotFoundException: Web element with id: 'Object Repository/FSM1/Control Centre/Create EMI Inspection/FixedResource1/Page_JM Control Centre/div_v-filterselect-button_1' located by 'By.xpath: id(&quot;jmcontent&quot;)/div[@class=&quot;v-csslayout v-layout v-widget mainLayout v-csslayout-mainLayout&quot;]/div[@class=&quot;v-customcomponent v-widget jm-standard-panel v-customcomponent-jm-standard-panel formBuilderPanel v-customcomponent-formBuilderPanel&quot;]/div[@class=&quot;v-csslayout v-layout v-widget k-csslayout v-csslayout-k-csslayout&quot;]/div[@class=&quot;v-csslayout v-layout v-widget k-csslayout v-csslayout-k-csslayout options v-csslayout-options&quot;]/div[@class=&quot;v-csslayout v-layout v-widget k-csslayout v-csslayout-k-csslayout footer v-csslayout-footer&quot;]/div[@class=&quot;v-filterselect v-widget fixedResource v-filterselect-fixedResource nicer-field v-filterselect-nicer-field medium-field v-filterselect-medium-field v-filterselect-focus&quot;]/div[@class=&quot;v-filterselect-button&quot;]' not found)"/>
         <system-out><![CDATA[2018-05-14 15:31:06 - [TEST_CASE][FAILED] - Test Cases/Create EMI Inspection: Test Cases/Create EMI Inspection FAILED because (of) Unable to click on object 'Object Repository/FSM1/Control Centre/Create EMI Inspection/FixedResource1/Page_JM Control Centre/div_v-filterselect-button_1' (Root cause: com.kms.katalon.core.webui.exception.WebElementNotFoundException: Web element with id: 'Object Repository/FSM1/Control Centre/Create EMI Inspection/FixedResource1/Page_JM Control Centre/div_v-filterselect-button_1' located by 'By.xpath: id("jmcontent")/div[@class="v-csslayout v-layout v-widget mainLayout v-csslayout-mainLayout"]/div[@class="v-customcomponent v-widget jm-standard-panel v-customcomponent-jm-standard-panel formBuilderPanel v-customcomponent-formBuilderPanel"]/div[@class="v-csslayout v-layout v-widget k-csslayout v-csslayout-k-csslayout"]/div[@class="v-csslayout v-layout v-widget k-csslayout v-csslayout-k-csslayout options v-csslayout-options"]/div[@class="v-csslayout v-layout v-widget k-csslayout v-csslayout-k-csslayout footer v-csslayout-footer"]/div[@class="v-filterselect v-widget fixedResource v-filterselect-fixedResource nicer-field v-filterselect-nicer-field medium-field v-filterselect-medium-field v-filterselect-focus"]/div[@class="v-filterselect-button"]' not found)

2018-05-14 15:31:06 - [TEST_STEP][PASSED] - click: Object: 'Object Repository/FSM1/Control Centre/Create EMI Inspection/Page_JM Control Centre/div_Create' is clicked on

2018-05-14 15:31:07 - [MESSAGE][PASSED] - Object: 'Object Repository/FSM1/Control Centre/Create EMI Inspection/Page_JM Control Centre/div_Create' is clicked on

2018-05-14 15:31:07 - [TEST_STEP][PASSED] - setText: Text 'emi' is set on object 'Object Repository/FSM1/Control Centre/Create EMI Inspection/Page_JM Control Centre/input_gwt-uid-8'

2018-05-14 15:31:08 - [MESSAGE][PASSED] - Text 'emi' is set on object 'Object Repository/FSM1/Control Centre/Create EMI Inspection/Page_JM Control Centre/input_gwt-uid-8'

2018-05-14 15:31:08 - [TEST_STEP][PASSED] - click: Object: 'Object Repository/FSM1/Control Centre/Create EMI Inspection/Page_JM Control Centre/span_EMI Inspection' is clicked on

2018-05-14 15:31:09 - [MESSAGE][PASSED] - Object: 'Object Repository/FSM1/Control Centre/Create EMI Inspection/Page_JM Control Centre/span_EMI Inspection' is clicked on

2018-05-14 15:31:09 - [TEST_STEP][PASSED] - clearText: Text of object 'Object Repository/FSM1/Control Centre/Create Inspection/SLA/Page_JM Control Centre/SLA' is cleared

2018-05-14 15:31:11 - [MESSAGE][PASSED] - Text of object 'Object Repository/FSM1/Control Centre/Create Inspection/SLA/Page_JM Control Centre/SLA' is cleared

2018-05-14 15:31:11 - [TEST_STEP][PASSED] - setText: Text '24' is set on object 'Object Repository/FSM1/Control Centre/Create Inspection/SLA/Page_JM Control Centre/SLA'

2018-05-14 15:31:11 - [MESSAGE][PASSED] - Text '24' is set on object 'Object Repository/FSM1/Control Centre/Create Inspection/SLA/Page_JM Control Centre/SLA'

2018-05-14 15:31:11 - [TEST_STEP][PASSED] - click: Object: 'Object Repository/FSM1/Control Centre/Create Inspection/SLA/Page_JM Control Centre (1)/span_24 Hours' is clicked on

2018-05-14 15:31:12 - [MESSAGE][PASSED] - Object: 'Object Repository/FSM1/Control Centre/Create Inspection/SLA/Page_JM Control Centre (1)/span_24 Hours' is clicked on

2018-05-14 15:31:12 - [TEST_STEP][PASSED] - setText: Text '5' is set on object 'Object Repository/FSM1/Control Centre/Create EMI Inspection/Page_JM Control Centre/input_gwt-uid-16'

2018-05-14 15:31:12 - [MESSAGE][PASSED] - Text '5' is set on object 'Object Repository/FSM1/Control Centre/Create EMI Inspection/Page_JM Control Centre/input_gwt-uid-16'

2018-05-14 15:31:12 - [TEST_STEP][PASSED] - setText: Text 'we' is set on object 'Object Repository/FSM1/Control Centre/Create EMI Inspection/Page_JM Control Centre/input_gwt-uid-26'

2018-05-14 15:31:13 - [MESSAGE][PASSED] - Text 'we' is set on object 'Object Repository/FSM1/Control Centre/Create EMI Inspection/Page_JM Control Centre/input_gwt-uid-26'

2018-05-14 15:31:13 - [TEST_STEP][PASSED] - click: Object: 'Object Repository/FSM1/Control Centre/Create EMI Inspection/Page_JM Control Centre/span_West' is clicked on

2018-05-14 15:31:13 - [MESSAGE][PASSED] - Object: 'Object Repository/FSM1/Control Centre/Create EMI Inspection/Page_JM Control Centre/span_West' is clicked on

2018-05-14 15:31:13 - [TEST_STEP][PASSED] - setText: Text 'EMI Routine' is set on object 'Object Repository/FSM1/Control Centre/Create EMI Inspection/Page_JM Control Centre (1)/Inspection Type'

2018-05-14 15:31:15 - [MESSAGE][PASSED] - Text 'EMI Routine' is set on object 'Object Repository/FSM1/Control Centre/Create EMI Inspection/Page_JM Control Centre (1)/Inspection Type'

2018-05-14 15:31:15 - [TEST_STEP][PASSED] - click: Object: 'Object Repository/FSM1/Control Centre/Create EMI Inspection/Page_JM Control Centre/span_EMI Routine' is clicked on

2018-05-14 15:31:15 - [MESSAGE][PASSED] - Object: 'Object Repository/FSM1/Control Centre/Create EMI Inspection/Page_JM Control Centre/span_EMI Routine' is clicked on

2018-05-14 15:31:15 - [TEST_STEP][PASSED] - setText: Text 'Mr Automation' is set on object 'Object Repository/FSM1/Control Centre/Create EMI Inspection/Page_JM Control Centre/input_gwt-uid-36'

2018-05-14 15:31:16 - [MESSAGE][PASSED] - Text 'Mr Automation' is set on object 'Object Repository/FSM1/Control Centre/Create EMI Inspection/Page_JM Control Centre/input_gwt-uid-36'

2018-05-14 15:31:16 - [TEST_STEP][PASSED] - setText: Text '111' is set on object 'Object Repository/FSM1/Control Centre/Create EMI Inspection/Page_JM Control Centre/input_gwt-uid-42'

2018-05-14 15:31:17 - [MESSAGE][PASSED] - Text '111' is set on object 'Object Repository/FSM1/Control Centre/Create EMI Inspection/Page_JM Control Centre/input_gwt-uid-42'

2018-05-14 15:31:17 - [TEST_STEP][PASSED] - setText: Text '222' is set on object 'Object Repository/FSM1/Control Centre/Create EMI Inspection/Page_JM Control Centre/input_gwt-uid-44'

2018-05-14 15:31:17 - [MESSAGE][PASSED] - Text '222' is set on object 'Object Repository/FSM1/Control Centre/Create EMI Inspection/Page_JM Control Centre/input_gwt-uid-44'

2018-05-14 15:31:17 - [TEST_STEP][PASSED] - click: Object: 'Object Repository/FSM1/Control Centre/Create EMI Inspection/Page_JM Control Centre/div_v-filterselect-button_1' is clicked on

2018-05-14 15:31:17 - [MESSAGE][PASSED] - Object: 'Object Repository/FSM1/Control Centre/Create EMI Inspection/Page_JM Control Centre/div_v-filterselect-button_1' is clicked on

2018-05-14 15:31:18 - [TEST_STEP][PASSED] - click: Object: 'Object Repository/FSM1/Control Centre/Create EMI Inspection/Page_JM Control Centre/span_EGG PACKER' is clicked on

2018-05-14 15:31:18 - [MESSAGE][PASSED] - Object: 'Object Repository/FSM1/Control Centre/Create EMI Inspection/Page_JM Control Centre/span_EGG PACKER' is clicked on

2018-05-14 15:31:18 - [TEST_STEP][PASSED] - click: Object: 'Object Repository/FSM1/Control Centre/Create EMI Inspection/Page_JM Control Centre/span_' is clicked on

2018-05-14 15:31:19 - [MESSAGE][PASSED] - Object: 'Object Repository/FSM1/Control Centre/Create EMI Inspection/Page_JM Control Centre/span_' is clicked on

2018-05-14 15:31:19 - [TEST_STEP][PASSED] - click: Object: 'Object Repository/FSM1/Control Centre/Create EMI Inspection/Address Search/Page_JM Control Centre/Postcode Search' is clicked on

2018-05-14 15:31:20 - [MESSAGE][PASSED] - Object: 'Object Repository/FSM1/Control Centre/Create EMI Inspection/Address Search/Page_JM Control Centre/Postcode Search' is clicked on

2018-05-14 15:31:20 - [TEST_STEP][PASSED] - setText: Text 'cv37 6sn' is set on object 'Object Repository/FSM1/Control Centre/Create EMI Inspection/Create Address/Page_JM Control Centre/input_v-textfield v-widget v-t'

2018-05-14 15:31:22 - [MESSAGE][PASSED] - Text 'cv37 6sn' is set on object 'Object Repository/FSM1/Control Centre/Create EMI Inspection/Create Address/Page_JM Control Centre/input_v-textfield v-widget v-t'

2018-05-14 15:31:22 - [TEST_STEP][PASSED] - click: Object: 'Object Repository/FSM1/Control Centre/Create EMI Inspection/Create Address/Page_JM Control Centre (1)/SearchButton' is clicked on

2018-05-14 15:31:23 - [MESSAGE][PASSED] - Object: 'Object Repository/FSM1/Control Centre/Create EMI Inspection/Create Address/Page_JM Control Centre (1)/SearchButton' is clicked on

2018-05-14 15:31:24 - [TEST_STEP][PASSED] - click: Object: 'Object Repository/FSM1/Control Centre/Create EMI Inspection/Page_JM Control Centre/div_90 Clopton Road Stratford' is clicked on

2018-05-14 15:31:25 - [MESSAGE][PASSED] - Object: 'Object Repository/FSM1/Control Centre/Create EMI Inspection/Page_JM Control Centre/div_90 Clopton Road Stratford' is clicked on

2018-05-14 15:31:25 - [TEST_STEP][PASSED] - click: Object: 'Object Repository/FSM1/Control Centre/Create EMI Inspection/Create Address/Page_JM Control Centre (2)/div_Add Selected Item' is clicked on

2018-05-14 15:31:26 - [MESSAGE][PASSED] - Object: 'Object Repository/FSM1/Control Centre/Create EMI Inspection/Create Address/Page_JM Control Centre (2)/div_Add Selected Item' is clicked on

2018-05-14 15:31:26 - [TEST_STEP][FAILED] - click: Unable to click on object 'Object Repository/FSM1/Control Centre/Create EMI Inspection/FixedResource1/Page_JM Control Centre/div_v-filterselect-button_1' (Root cause: com.kms.katalon.core.webui.exception.WebElementNotFoundException: Web element with id: 'Object Repository/FSM1/Control Centre/Create EMI Inspection/FixedResource1/Page_JM Control Centre/div_v-filterselect-button_1' located by 'By.xpath: id("jmcontent")/div[@class="v-csslayout v-layout v-widget mainLayout v-csslayout-mainLayout"]/div[@class="v-customcomponent v-widget jm-standard-panel v-customcomponent-jm-standard-panel formBuilderPanel v-customcomponent-formBuilderPanel"]/div[@class="v-csslayout v-layout v-widget k-csslayout v-csslayout-k-csslayout"]/div[@class="v-csslayout v-layout v-widget k-csslayout v-csslayout-k-csslayout options v-csslayout-options"]/div[@class="v-csslayout v-layout v-widget k-csslayout v-csslayout-k-csslayout footer v-csslayout-footer"]/div[@class="v-filterselect v-widget fixedResource v-filterselect-fixedResource nicer-field v-filterselect-nicer-field medium-field v-filterselect-medium-field v-filterselect-focus"]/div[@class="v-filterselect-button"]' not found)

2018-05-14 15:31:59 - [MESSAGE][FAILED] - Unable to click on object 'Object Repository/FSM1/Control Centre/Create EMI Inspection/FixedResource1/Page_JM Control Centre/div_v-filterselect-button_1' (Root cause: com.kms.katalon.core.webui.exception.WebElementNotFoundException: Web element with id: 'Object Repository/FSM1/Control Centre/Create EMI Inspection/FixedResource1/Page_JM Control Centre/div_v-filterselect-button_1' located by 'By.xpath: id("jmcontent")/div[@class="v-csslayout v-layout v-widget mainLayout v-csslayout-mainLayout"]/div[@class="v-customcomponent v-widget jm-standard-panel v-customcomponent-jm-standard-panel formBuilderPanel v-customcomponent-formBuilderPanel"]/div[@class="v-csslayout v-layout v-widget k-csslayout v-csslayout-k-csslayout"]/div[@class="v-csslayout v-layout v-widget k-csslayout v-csslayout-k-csslayout options v-csslayout-options"]/div[@class="v-csslayout v-layout v-widget k-csslayout v-csslayout-k-csslayout footer v-csslayout-footer"]/div[@class="v-filterselect v-widget fixedResource v-filterselect-fixedResource nicer-field v-filterselect-nicer-field medium-field v-filterselect-medium-field v-filterselect-focus"]/div[@class="v-filterselect-button"]' not found)
[[ATTACHMENT|C:\\Users\\JHATFIELD\\git\\DEFRA-FSM_Automated_Regression_NEW\\Reports\\Create New Inspection\\20180514_153047\\1526311918907.png]]]]></system-out>
         <system-err><![CDATA[2018-05-14 15:31:06 - [TEST_CASE][FAILED] - Test Cases/Create EMI Inspection: Test Cases/Create EMI Inspection FAILED because (of) Unable to click on object 'Object Repository/FSM1/Control Centre/Create EMI Inspection/FixedResource1/Page_JM Control Centre/div_v-filterselect-button_1' (Root cause: com.kms.katalon.core.webui.exception.WebElementNotFoundException: Web element with id: 'Object Repository/FSM1/Control Centre/Create EMI Inspection/FixedResource1/Page_JM Control Centre/div_v-filterselect-button_1' located by 'By.xpath: id("jmcontent")/div[@class="v-csslayout v-layout v-widget mainLayout v-csslayout-mainLayout"]/div[@class="v-customcomponent v-widget jm-standard-panel v-customcomponent-jm-standard-panel formBuilderPanel v-customcomponent-formBuilderPanel"]/div[@class="v-csslayout v-layout v-widget k-csslayout v-csslayout-k-csslayout"]/div[@class="v-csslayout v-layout v-widget k-csslayout v-csslayout-k-csslayout options v-csslayout-options"]/div[@class="v-csslayout v-layout v-widget k-csslayout v-csslayout-k-csslayout footer v-csslayout-footer"]/div[@class="v-filterselect v-widget fixedResource v-filterselect-fixedResource nicer-field v-filterselect-nicer-field medium-field v-filterselect-medium-field v-filterselect-focus"]/div[@class="v-filterselect-button"]' not found)]]></system-err>
      </testcase>
      <system-out><![CDATA[2018-05-14 15:30:51 - [TEST_SUITE][FAILED] - Create New Inspection: Test Cases/Create EMI Inspection FAILED because (of) Unable to click on object 'Object Repository/FSM1/Control Centre/Create EMI Inspection/FixedResource1/Page_JM Control Centre/div_v-filterselect-button_1' (Root cause: com.kms.katalon.core.webui.exception.WebElementNotFoundException: Web element with id: 'Object Repository/FSM1/Control Centre/Create EMI Inspection/FixedResource1/Page_JM Control Centre/div_v-filterselect-button_1' located by 'By.xpath: id("jmcontent")/div[@class="v-csslayout v-layout v-widget mainLayout v-csslayout-mainLayout"]/div[@class="v-customcomponent v-widget jm-standard-panel v-customcomponent-jm-standard-panel formBuilderPanel v-customcomponent-formBuilderPanel"]/div[@class="v-csslayout v-layout v-widget k-csslayout v-csslayout-k-csslayout"]/div[@class="v-csslayout v-layout v-widget k-csslayout v-csslayout-k-csslayout options v-csslayout-options"]/div[@class="v-csslayout v-layout v-widget k-csslayout v-csslayout-k-csslayout footer v-csslayout-footer"]/div[@class="v-filterselect v-widget fixedResource v-filterselect-fixedResource nicer-field v-filterselect-nicer-field medium-field v-filterselect-medium-field v-filterselect-focus"]/div[@class="v-filterselect-button"]' not found)]]></system-out>
      <system-err><![CDATA[2018-05-14 15:30:51 - [TEST_SUITE][FAILED] - Create New Inspection: Test Cases/Create EMI Inspection FAILED because (of) Unable to click on object 'Object Repository/FSM1/Control Centre/Create EMI Inspection/FixedResource1/Page_JM Control Centre/div_v-filterselect-button_1' (Root cause: com.kms.katalon.core.webui.exception.WebElementNotFoundException: Web element with id: 'Object Repository/FSM1/Control Centre/Create EMI Inspection/FixedResource1/Page_JM Control Centre/div_v-filterselect-button_1' located by 'By.xpath: id("jmcontent")/div[@class="v-csslayout v-layout v-widget mainLayout v-csslayout-mainLayout"]/div[@class="v-customcomponent v-widget jm-standard-panel v-customcomponent-jm-standard-panel formBuilderPanel v-customcomponent-formBuilderPanel"]/div[@class="v-csslayout v-layout v-widget k-csslayout v-csslayout-k-csslayout"]/div[@class="v-csslayout v-layout v-widget k-csslayout v-csslayout-k-csslayout options v-csslayout-options"]/div[@class="v-csslayout v-layout v-widget k-csslayout v-csslayout-k-csslayout footer v-csslayout-footer"]/div[@class="v-filterselect v-widget fixedResource v-filterselect-fixedResource nicer-field v-filterselect-nicer-field medium-field v-filterselect-medium-field v-filterselect-focus"]/div[@class="v-filterselect-button"]' not found)]]></system-err>
   </testsuite>
</testsuites>
