<?xml version="1.0" encoding="UTF-8"?>
<testsuites name="BSE16 Regression - Livestock Farm" time="192" tests="21" failures="0" errors="0">
   <testsuite name="BSE16 Regression - Livestock Farm" tests="21" failures="0" errors="0" time="192" timestamp="2018-11-23 08:47:40" hostname="JHATFIELD - SNDFSMINFSRV001.defra.onmicrosoft.com" id="Test Suites/Form Jobs/BSE16 Regression - Livestock Farm">
      <properties>
         <property name="deviceName" value=""/>
         <property name="devicePlatform" value=""/>
         <property name="logFolder" value="C:\\Users\\JHATFIELD\\git\\DEFRA-FSM_Automated_Regression_NEW\\Reports\\Form Jobs\\BSE16 Regression - Livestock Farm\\20181123_084735"/>
         <property name="logFiles" value="C:\\Users\\JHATFIELD\\git\\DEFRA-FSM_Automated_Regression_NEW\\Reports\\Form Jobs\\BSE16 Regression - Livestock Farm\\20181123_084735\\execution0.log"/>
         <property name="attachments" value=""/>
         <property name="hostName" value="JHATFIELD - SNDFSMINFSRV001.defra.onmicrosoft.com"/>
         <property name="os" value="Windows Server 2016 64bit"/>
         <property name="katalonVersion" value="5.8.6.1"/>
         <property name="browser" value="Chrome 70.0.3538.102"/>
         <property name="hostAddress" value="10.201.1.17"/>
         <property name="sessionId" value="2893caf4f9777599811ed9cadeff9656"/>
         <property name="seleniumVersion" value="3.7.1"/>
         <property name="proxyInformation" value="ProxyInformation{proxyOption=NO_PROXY, proxyServerType=HTTP, password=, proxyServerAddress=, proxyServerPort=0}"/>
         <property name="platform" value="Windows Server 2016"/>
      </properties>
      <testcase name="Test Cases/Generic/Launch Job Manager" classname="Test Cases/Generic/Launch Job Manager" status="PASSED">
         <system-out><![CDATA[2018-11-23 08:47:41 - [TEST_CASE][PASSED] - Test Cases/Generic/Launch Job Manager: Test Cases/Generic/Launch Job Manager

2018-11-23 08:47:42 - [TEST_STEP][PASSED] - openBrowser: Browser is opened with url: ''

2018-11-23 08:47:47 - [MESSAGE][PASSED] - Browser is opened with url: ''

2018-11-23 08:47:47 - [TEST_STEP][PASSED] - navigateToUrl: Navigate to 'https://kirona-def-6.kirona.com/jmprep/jclient/jclient.html' successfully

2018-11-23 08:47:48 - [MESSAGE][PASSED] - Navigate to 'https://kirona-def-6.kirona.com/jmprep/jclient/jclient.html' successfully

2018-11-23 08:47:48 - [TEST_STEP][PASSED] - setText: Text 'KIR1' is set on object 'Object Repository/FSM1/Launch Application/Page_JClient/input_gwt-TextBox GKH2EKQBMDB'

2018-11-23 08:47:51 - [MESSAGE][PASSED] - Text 'KIR1' is set on object 'Object Repository/FSM1/Launch Application/Page_JClient/input_gwt-TextBox GKH2EKQBMDB'

2018-11-23 08:47:51 - [TEST_STEP][PASSED] - sendKeys: Keys 'ENTER + ' sent to object: 'Object Repository/FSM1/Launch Application/Page_JClient/input_gwt-TextBox GKH2EKQBMDB'

2018-11-23 08:47:51 - [MESSAGE][PASSED] - Keys 'ENTER + ' sent to object: 'Object Repository/FSM1/Launch Application/Page_JClient/input_gwt-TextBox GKH2EKQBMDB'

2018-11-23 08:47:51 - [TEST_STEP][PASSED] - click: Object: 'Object Repository/FSM1/Launch Application/Page_JClient/div_Configure App' is clicked on

2018-11-23 08:47:51 - [MESSAGE][PASSED] - Object: 'Object Repository/FSM1/Launch Application/Page_JClient/div_Configure App' is clicked on

2018-11-23 08:47:51 - [TEST_STEP][PASSED] - setText: Text 'test.inspector' is set on object 'Object Repository/FSM1/Launch Application/Page_JClient/input_gwt-TextBox GKH2EKQBNHC'

2018-11-23 08:47:53 - [MESSAGE][PASSED] - Text 'test.inspector' is set on object 'Object Repository/FSM1/Launch Application/Page_JClient/input_gwt-TextBox GKH2EKQBNHC'

2018-11-23 08:47:53 - [TEST_STEP][PASSED] - setText: Text 'Password1.' is set on object 'Object Repository/FSM1/Launch Application/Page_JClient/input_gwt-PasswordTextBox GKH2'

2018-11-23 08:47:53 - [MESSAGE][PASSED] - Text 'Password1.' is set on object 'Object Repository/FSM1/Launch Application/Page_JClient/input_gwt-PasswordTextBox GKH2'

2018-11-23 08:47:53 - [TEST_STEP][PASSED] - click: Object: 'Object Repository/FSM1/Launch Application/Page_JClient/div_Sign In' is clicked on

2018-11-23 08:47:54 - [MESSAGE][PASSED] - Object: 'Object Repository/FSM1/Launch Application/Page_JClient/div_Sign In' is clicked on

2018-11-23 08:47:54 - [TEST_STEP][PASSED] - delay: Delayed 15 second(s)

2018-11-23 08:48:09 - [MESSAGE][PASSED] - Delayed 15 second(s)]]></system-out>
         <system-err><![CDATA[]]></system-err>
      </testcase>
      <testcase name="Test Cases/Form Jobs/BSE16/Create BSE Inspection" classname="Test Cases/Form Jobs/BSE16/Create BSE Inspection" status="PASSED">
         <system-out><![CDATA[2018-11-23 08:48:09 - [TEST_CASE][PASSED] - Test Cases/Form Jobs/BSE16/Create BSE Inspection: Test Cases/Form Jobs/BSE16/Create BSE Inspection

2018-11-23 08:48:09 - [TEST_STEP][PASSED] - Statement - log = new com.kms.katalon.core.logging.KeywordLogger(): null

2018-11-23 08:48:09 - [TEST_STEP][PASSED] - delay: Delayed 15 second(s)

2018-11-23 08:48:24 - [MESSAGE][PASSED] - Delayed 15 second(s)

2018-11-23 08:48:24 - [TEST_STEP][PASSED] - click: Object: 'Object Repository/FSM1/BSE16/Page_JClient/div_Main Menu_GKH2EKQBMBC' is clicked on

2018-11-23 08:48:25 - [MESSAGE][PASSED] - Object: 'Object Repository/FSM1/BSE16/Page_JClient/div_Main Menu_GKH2EKQBMBC' is clicked on

2018-11-23 08:48:25 - [TEST_STEP][PASSED] - delay: Delayed 3 second(s)

2018-11-23 08:48:28 - [MESSAGE][PASSED] - Delayed 3 second(s)

2018-11-23 08:48:28 - [TEST_STEP][PASSED] - click: Object: 'Object Repository/FSM1/BSE16/Page_JClient/div_Form Jobs' is clicked on

2018-11-23 08:48:28 - [MESSAGE][PASSED] - Object: 'Object Repository/FSM1/BSE16/Page_JClient/div_Form Jobs' is clicked on

2018-11-23 08:48:28 - [TEST_STEP][PASSED] - click: Object: 'Object Repository/FSM1/BSE16/Page_JClient/div_BSE16' is clicked on

2018-11-23 08:48:28 - [MESSAGE][PASSED] - Object: 'Object Repository/FSM1/BSE16/Page_JClient/div_BSE16' is clicked on

2018-11-23 08:48:28 - [TEST_STEP][PASSED] - click: Object: 'Object Repository/FSM1/BSE16/Page_JClient/div_WITH OPERATIVE' is clicked on

2018-11-23 08:48:29 - [MESSAGE][PASSED] - Object: 'Object Repository/FSM1/BSE16/Page_JClient/div_WITH OPERATIVE' is clicked on

2018-11-23 08:48:29 - [TEST_STEP][PASSED] - click: Object: 'Object Repository/FSM1/BSE16/Page_JClient/div_TRAVELLING' is clicked on

2018-11-23 08:48:29 - [MESSAGE][PASSED] - Object: 'Object Repository/FSM1/BSE16/Page_JClient/div_TRAVELLING' is clicked on

2018-11-23 08:48:29 - [TEST_STEP][PASSED] - click: Object: 'Object Repository/FSM1/BSE16/Page_JClient/div_TRAVELLING' is clicked on

2018-11-23 08:48:29 - [MESSAGE][PASSED] - Object: 'Object Repository/FSM1/BSE16/Page_JClient/div_TRAVELLING' is clicked on

2018-11-23 08:48:29 - [TEST_STEP][PASSED] - click: Object: 'Object Repository/FSM1/BSE16/Page_JClient/div_ARRIVED' is clicked on

2018-11-23 08:48:30 - [MESSAGE][PASSED] - Object: 'Object Repository/FSM1/BSE16/Page_JClient/div_ARRIVED' is clicked on

2018-11-23 08:48:30 - [TEST_STEP][PASSED] - click: Object: 'Object Repository/FSM1/BSE16/Page_JClient/div_ARRIVED' is clicked on

2018-11-23 08:48:30 - [MESSAGE][PASSED] - Object: 'Object Repository/FSM1/BSE16/Page_JClient/div_ARRIVED' is clicked on

2018-11-23 08:48:30 - [TEST_STEP][PASSED] - click: Object: 'Object Repository/FSM1/BSE16/Page_JClient/div_STARTED' is clicked on

2018-11-23 08:48:30 - [MESSAGE][PASSED] - Object: 'Object Repository/FSM1/BSE16/Page_JClient/div_STARTED' is clicked on

2018-11-23 08:48:30 - [TEST_STEP][NOT_RUN] - Statement - mydate = new java.util.Date(): NOT_RUN: Statement - mydate = new java.util.Date()

2018-11-23 08:48:30 - [MESSAGE][NOT_RUN] - NOT_RUN: Statement - mydate = new java.util.Date()

2018-11-23 08:48:30 - [TEST_STEP][NOT_RUN] - Statement - formattedDate = mydate.format("MM/dd/yyy"): NOT_RUN: Statement - formattedDate = mydate.format("MM/dd/yyy")

2018-11-23 08:48:30 - [MESSAGE][NOT_RUN] - NOT_RUN: Statement - formattedDate = mydate.format("MM/dd/yyy")

2018-11-23 08:48:30 - [TEST_STEP][NOT_RUN] - sendKeys: NOT_RUN: sendKeys

2018-11-23 08:48:30 - [MESSAGE][NOT_RUN] - NOT_RUN: sendKeys]]></system-out>
         <system-err><![CDATA[]]></system-err>
      </testcase>
      <testcase name="Test Cases/Form Jobs/BSE16/Edit Job Details - Livestock Farm" classname="Test Cases/Form Jobs/BSE16/Edit Job Details - Livestock Farm" status="PASSED">
         <system-out><![CDATA[2018-11-23 08:48:30 - [TEST_CASE][PASSED] - Test Cases/Form Jobs/BSE16/Edit Job Details - Livestock Farm: Test Cases/Form Jobs/BSE16/Edit Job Details - Livestock Farm

2018-11-23 08:48:31 - [TEST_STEP][PASSED] - click: Object: 'Object Repository/FSM1/BSE16/Page_JClient/Page_JClient/div_Edit attributes' is clicked on

2018-11-23 08:48:32 - [MESSAGE][PASSED] - Object: 'Object Repository/FSM1/BSE16/Page_JClient/Page_JClient/div_Edit attributes' is clicked on

2018-11-23 08:48:32 - [TEST_STEP][PASSED] - selectOptionByValue: All options with value 'SOUTHERN1' are selected in object 'Object Repository/FSM1/BSE16/Page_JClient/Page_JClient/select_Southern-1Southern-2Sou'  using regular expression

2018-11-23 08:48:32 - [MESSAGE][PASSED] - All options with value 'SOUTHERN1' are selected in object 'Object Repository/FSM1/BSE16/Page_JClient/Page_JClient/select_Southern-1Southern-2Sou'  using regular expression

2018-11-23 08:48:32 - [TEST_STEP][PASSED] - setText: Text 'test@automation.com' is set on object 'Object Repository/FSM1/BSE16/Page_JClient/Page_JClient/input_Email_gwt-TextBox GKH2EK'

2018-11-23 08:48:33 - [MESSAGE][PASSED] - Text 'test@automation.com' is set on object 'Object Repository/FSM1/BSE16/Page_JClient/Page_JClient/input_Email_gwt-TextBox GKH2EK'

2018-11-23 08:48:33 - [TEST_STEP][PASSED] - click: Object: 'Object Repository/FSM1/BSE16/Page_JClient/Page_JClient/input_Vet_radio_group_2' is clicked on

2018-11-23 08:48:33 - [MESSAGE][PASSED] - Object: 'Object Repository/FSM1/BSE16/Page_JClient/Page_JClient/input_Vet_radio_group_2' is clicked on

2018-11-23 08:48:33 - [TEST_STEP][PASSED] - setText: Text 'Test Automation' is set on object 'Object Repository/FSM1/BSE16/Page_JClient/Page_JClient/input_TownFarm_gwt-TextBox GKH'

2018-11-23 08:48:33 - [MESSAGE][PASSED] - Text 'Test Automation' is set on object 'Object Repository/FSM1/BSE16/Page_JClient/Page_JClient/input_TownFarm_gwt-TextBox GKH'

2018-11-23 08:48:33 - [TEST_STEP][PASSED] - setText: Text 'Test automation' is set on object 'Object Repository/FSM1/BSE16/Page_JClient/Page_JClient/textarea_Address_gwt-TextArea'

2018-11-23 08:48:33 - [MESSAGE][PASSED] - Text 'Test automation' is set on object 'Object Repository/FSM1/BSE16/Page_JClient/Page_JClient/textarea_Address_gwt-TextArea'

2018-11-23 08:48:33 - [TEST_STEP][PASSED] - setText: Text 'CV37 6SN' is set on object 'Object Repository/FSM1/BSE16/Page_JClient/Page_JClient/input_Postcode_gwt-TextBox GKH'

2018-11-23 08:48:34 - [MESSAGE][PASSED] - Text 'CV37 6SN' is set on object 'Object Repository/FSM1/BSE16/Page_JClient/Page_JClient/input_Postcode_gwt-TextBox GKH'

2018-11-23 08:48:34 - [TEST_STEP][PASSED] - selectOptionByValue: All options with value 'LIVESTOCK_FARM' are selected in object 'Object Repository/FSM1/BSE16/Page_JClient/Page_JClient/select_FeedmillImporterInterme' 

2018-11-23 08:48:34 - [MESSAGE][PASSED] - All options with value 'LIVESTOCK_FARM' are selected in object 'Object Repository/FSM1/BSE16/Page_JClient/Page_JClient/select_FeedmillImporterInterme' 

2018-11-23 08:48:34 - [TEST_STEP][PASSED] - delay: Delayed 3 second(s)

2018-11-23 08:48:37 - [MESSAGE][PASSED] - Delayed 3 second(s)]]></system-out>
         <system-err><![CDATA[]]></system-err>
      </testcase>
      <testcase name="Test Cases/Form Jobs/BSE16/Sample Details" classname="Test Cases/Form Jobs/BSE16/Sample Details" status="PASSED">
         <system-out><![CDATA[2018-11-23 08:48:37 - [TEST_CASE][PASSED] - Test Cases/Form Jobs/BSE16/Sample Details: Test Cases/Form Jobs/BSE16/Sample Details

2018-11-23 08:48:37 - [TEST_STEP][PASSED] - click: Object: 'Object Repository/FSM1/BSE16/Page_JClient/div_Sample Details' is clicked on

2018-11-23 08:48:38 - [MESSAGE][PASSED] - Object: 'Object Repository/FSM1/BSE16/Page_JClient/div_Sample Details' is clicked on

2018-11-23 08:48:38 - [TEST_STEP][PASSED] - click: Object: 'Object Repository/FSM1/BSE16/Page_JClient/input_Did you take samples at' is clicked on

2018-11-23 08:48:39 - [MESSAGE][PASSED] - Object: 'Object Repository/FSM1/BSE16/Page_JClient/input_Did you take samples at' is clicked on

2018-11-23 08:48:39 - [TEST_STEP][PASSED] - click: Object: 'Object Repository/FSM1/BSE16/Page_JClient/input_Are these routine sample' is clicked on

2018-11-23 08:48:39 - [MESSAGE][PASSED] - Object: 'Object Repository/FSM1/BSE16/Page_JClient/input_Are these routine sample' is clicked on

2018-11-23 08:48:39 - [TEST_STEP][PASSED] - setText: Text '2' is set on object 'Object Repository/FSM1/BSE16/Page_JClient/input_Total no. of rations sam'

2018-11-23 08:48:40 - [MESSAGE][PASSED] - Text '2' is set on object 'Object Repository/FSM1/BSE16/Page_JClient/input_Total no. of rations sam'

2018-11-23 08:48:40 - [TEST_STEP][PASSED] - setText: Text '2' is set on object 'Object Repository/FSM1/BSE16/Page_JClient/input_No. of fatoil samples_gw'

2018-11-23 08:48:40 - [MESSAGE][PASSED] - Text '2' is set on object 'Object Repository/FSM1/BSE16/Page_JClient/input_No. of fatoil samples_gw'

2018-11-23 08:48:40 - [TEST_STEP][PASSED] - Statement - mydate = new java.util.Date(): null

2018-11-23 08:48:40 - [TEST_STEP][PASSED] - Statement - formattedDate = mydate.format("MM/dd/yyy"): null

2018-11-23 08:48:40 - [TEST_STEP][PASSED] - sendKeys: Keys '11/23/2018' sent to object: 'Object Repository/FSM1/BSE16/Page_JClient/input_Date of dispatch to Weyb'

2018-11-23 08:48:40 - [MESSAGE][PASSED] - Keys '11/23/2018' sent to object: 'Object Repository/FSM1/BSE16/Page_JClient/input_Date of dispatch to Weyb'

2018-11-23 08:48:40 - [TEST_STEP][PASSED] - click: Object: 'Object Repository/FSM1/BSE16/Page_JClient/div_Save - Sample' is clicked on

2018-11-23 08:48:40 - [MESSAGE][PASSED] - Object: 'Object Repository/FSM1/BSE16/Page_JClient/div_Save - Sample' is clicked on

2018-11-23 08:48:40 - [TEST_STEP][PASSED] - delay: Delayed 2 second(s)

2018-11-23 08:48:42 - [MESSAGE][PASSED] - Delayed 2 second(s)]]></system-out>
         <system-err><![CDATA[]]></system-err>
      </testcase>
      <testcase name="Test Cases/Form Jobs/BSE16/Establishment - Production Information" classname="Test Cases/Form Jobs/BSE16/Establishment - Production Information" status="PASSED">
         <system-out><![CDATA[2018-11-23 08:48:42 - [TEST_CASE][PASSED] - Test Cases/Form Jobs/BSE16/Establishment - Production Information: Test Cases/Form Jobs/BSE16/Establishment - Production Information

2018-11-23 08:48:43 - [TEST_STEP][PASSED] - click: Object: 'Object Repository/FSM1/BSE16/Page_JClient/div_EstablishmentProduction In' is clicked on

2018-11-23 08:48:43 - [MESSAGE][PASSED] - Object: 'Object Repository/FSM1/BSE16/Page_JClient/div_EstablishmentProduction In' is clicked on

2018-11-23 08:48:43 - [TEST_STEP][PASSED] - selectOptionByValue: All options with value '15000150000_TONNES' are selected in object 'Object Repository/FSM1/BSE16/Page_JClient/select_ 15000 tonnes15000-1500'  using regular expression

2018-11-23 08:48:45 - [MESSAGE][PASSED] - All options with value '15000150000_TONNES' are selected in object 'Object Repository/FSM1/BSE16/Page_JClient/select_ 15000 tonnes15000-1500'  using regular expression

2018-11-23 08:48:45 - [TEST_STEP][PASSED] - click: Object: 'Object Repository/FSM1/BSE16/Page_JClient/input_Non-ruminant feed only_r' is clicked on

2018-11-23 08:48:45 - [MESSAGE][PASSED] - Object: 'Object Repository/FSM1/BSE16/Page_JClient/input_Non-ruminant feed only_r' is clicked on

2018-11-23 08:48:45 - [TEST_STEP][PASSED] - click: Object: 'Object Repository/FSM1/BSE16/Page_JClient/input_Ruminant feed only_radio' is clicked on

2018-11-23 08:48:45 - [MESSAGE][PASSED] - Object: 'Object Repository/FSM1/BSE16/Page_JClient/input_Ruminant feed only_radio' is clicked on

2018-11-23 08:48:45 - [TEST_STEP][PASSED] - click: Object: 'Object Repository/FSM1/BSE16/Page_JClient/input_Ruminant and non-ruminan' is clicked on

2018-11-23 08:48:45 - [MESSAGE][PASSED] - Object: 'Object Repository/FSM1/BSE16/Page_JClient/input_Ruminant and non-ruminan' is clicked on

2018-11-23 08:48:45 - [TEST_STEP][PASSED] - click: Object: 'Object Repository/FSM1/BSE16/Page_JClient/input_Only Non-ruminant feed w' is clicked on

2018-11-23 08:48:45 - [MESSAGE][PASSED] - Object: 'Object Repository/FSM1/BSE16/Page_JClient/input_Only Non-ruminant feed w' is clicked on

2018-11-23 08:48:45 - [TEST_STEP][PASSED] - click: Object: 'Object Repository/FSM1/BSE16/Page_JClient/input_Ruminant and Non-ruminan (1)' is clicked on

2018-11-23 08:48:46 - [MESSAGE][PASSED] - Object: 'Object Repository/FSM1/BSE16/Page_JClient/input_Ruminant and Non-ruminan (1)' is clicked on

2018-11-23 08:48:46 - [TEST_STEP][PASSED] - click: Object: 'Object Repository/FSM1/BSE16/Page_JClient/input_No_radio_group_10' is clicked on

2018-11-23 08:48:46 - [MESSAGE][PASSED] - Object: 'Object Repository/FSM1/BSE16/Page_JClient/input_No_radio_group_10' is clicked on

2018-11-23 08:48:46 - [TEST_STEP][PASSED] - click: Object: 'Object Repository/FSM1/BSE16/Page_JClient/input_Is production single str' is clicked on

2018-11-23 08:48:46 - [MESSAGE][PASSED] - Object: 'Object Repository/FSM1/BSE16/Page_JClient/input_Is production single str' is clicked on

2018-11-23 08:48:46 - [TEST_STEP][PASSED] - click: Object: 'Object Repository/FSM1/BSE16/Page_JClient/input_Is production dual strea' is clicked on

2018-11-23 08:48:46 - [MESSAGE][PASSED] - Object: 'Object Repository/FSM1/BSE16/Page_JClient/input_Is production dual strea' is clicked on

2018-11-23 08:48:46 - [TEST_STEP][PASSED] - click: Object: 'Object Repository/FSM1/BSE16/Page_JClient/input_Is this a blending plant' is clicked on

2018-11-23 08:48:46 - [MESSAGE][PASSED] - Object: 'Object Repository/FSM1/BSE16/Page_JClient/input_Is this a blending plant' is clicked on

2018-11-23 08:48:46 - [TEST_STEP][PASSED] - click: Object: 'Object Repository/FSM1/BSE16/Page_JClient/input_No_radio_group_14' is clicked on

2018-11-23 08:48:47 - [MESSAGE][PASSED] - Object: 'Object Repository/FSM1/BSE16/Page_JClient/input_No_radio_group_14' is clicked on

2018-11-23 08:48:47 - [TEST_STEP][PASSED] - setText: Text '1234' is set on object 'Object Repository/FSM1/BSE16/Page_JClient/input_Registration no. (if app'

2018-11-23 08:48:47 - [MESSAGE][PASSED] - Text '1234' is set on object 'Object Repository/FSM1/BSE16/Page_JClient/input_Registration no. (if app'

2018-11-23 08:48:47 - [TEST_STEP][PASSED] - click: Object: 'Object Repository/FSM1/BSE16/Page_JClient/input_Registration no. (if app_1' is clicked on

2018-11-23 08:48:47 - [MESSAGE][PASSED] - Object: 'Object Repository/FSM1/BSE16/Page_JClient/input_Registration no. (if app_1' is clicked on

2018-11-23 08:48:47 - [TEST_STEP][PASSED] - click: Object: 'Object Repository/FSM1/BSE16/Page_JClient/div_Save - Generic' is clicked on

2018-11-23 08:48:48 - [MESSAGE][PASSED] - Object: 'Object Repository/FSM1/BSE16/Page_JClient/div_Save - Generic' is clicked on

2018-11-23 08:48:48 - [TEST_STEP][PASSED] - delay: Delayed 2 second(s)

2018-11-23 08:48:50 - [MESSAGE][PASSED] - Delayed 2 second(s)]]></system-out>
         <system-err><![CDATA[]]></system-err>
      </testcase>
      <testcase name="Test Cases/Form Jobs/BSE16/Livestock On Farm" classname="Test Cases/Form Jobs/BSE16/Livestock On Farm" status="PASSED">
         <system-out><![CDATA[2018-11-23 08:48:50 - [TEST_CASE][PASSED] - Test Cases/Form Jobs/BSE16/Livestock On Farm: Test Cases/Form Jobs/BSE16/Livestock On Farm

2018-11-23 08:48:50 - [TEST_STEP][PASSED] - click: Object: 'Object Repository/FSM1/BSE16/Page_JClient/div_Livestock on Farm' is clicked on

2018-11-23 08:48:50 - [MESSAGE][PASSED] - Object: 'Object Repository/FSM1/BSE16/Page_JClient/div_Livestock on Farm' is clicked on

2018-11-23 08:48:50 - [TEST_STEP][PASSED] - click: Object: 'Object Repository/FSM1/BSE16/Page_JClient/input_Ruminants on farm_radio_' is clicked on

2018-11-23 08:48:51 - [MESSAGE][PASSED] - Object: 'Object Repository/FSM1/BSE16/Page_JClient/input_Ruminants on farm_radio_' is clicked on

2018-11-23 08:48:51 - [TEST_STEP][PASSED] - click: Object: 'Object Repository/FSM1/BSE16/Page_JClient/input_Stock types kept on prem' is clicked on

2018-11-23 08:48:52 - [MESSAGE][PASSED] - Object: 'Object Repository/FSM1/BSE16/Page_JClient/input_Stock types kept on prem' is clicked on

2018-11-23 08:48:52 - [TEST_STEP][PASSED] - click: Object: 'Object Repository/FSM1/BSE16/Page_JClient/input_Non-ruminants on farm_ra' is clicked on

2018-11-23 08:48:52 - [MESSAGE][PASSED] - Object: 'Object Repository/FSM1/BSE16/Page_JClient/input_Non-ruminants on farm_ra' is clicked on

2018-11-23 08:48:52 - [TEST_STEP][PASSED] - click: Object: 'Object Repository/FSM1/BSE16/Page_JClient/input_Poultry_gwt-uid-157' is clicked on

2018-11-23 08:48:52 - [MESSAGE][PASSED] - Object: 'Object Repository/FSM1/BSE16/Page_JClient/input_Poultry_gwt-uid-157' is clicked on

2018-11-23 08:48:52 - [TEST_STEP][PASSED] - click: Object: 'Object Repository/FSM1/BSE16/Page_JClient/div_Save - Generic' is clicked on

2018-11-23 08:48:52 - [MESSAGE][PASSED] - Object: 'Object Repository/FSM1/BSE16/Page_JClient/div_Save - Generic' is clicked on

2018-11-23 08:48:52 - [TEST_STEP][PASSED] - delay: Delayed 2 second(s)

2018-11-23 08:48:54 - [MESSAGE][PASSED] - Delayed 2 second(s)]]></system-out>
         <system-err><![CDATA[]]></system-err>
      </testcase>
      <testcase name="Test Cases/Form Jobs/BSE16/Restricted Proteins" classname="Test Cases/Form Jobs/BSE16/Restricted Proteins" status="PASSED">
         <system-out><![CDATA[2018-11-23 08:48:54 - [TEST_CASE][PASSED] - Test Cases/Form Jobs/BSE16/Restricted Proteins: Test Cases/Form Jobs/BSE16/Restricted Proteins

2018-11-23 08:48:55 - [TEST_STEP][PASSED] - click: Object: 'Object Repository/FSM1/BSE16/Page_JClient/Page_JClient/div_Restricted ProteinsAuthori' is clicked on

2018-11-23 08:48:55 - [MESSAGE][PASSED] - Object: 'Object Repository/FSM1/BSE16/Page_JClient/Page_JClient/div_Restricted ProteinsAuthori' is clicked on

2018-11-23 08:48:55 - [TEST_STEP][PASSED] - click: Object: 'Object Repository/FSM1/BSE16/Page_JClient/Page_JClient/input_Are restricted proteins (1)' is clicked on

2018-11-23 08:48:56 - [MESSAGE][PASSED] - Object: 'Object Repository/FSM1/BSE16/Page_JClient/Page_JClient/input_Are restricted proteins (1)' is clicked on

2018-11-23 08:48:56 - [TEST_STEP][PASSED] - click: Object: 'Object Repository/FSM1/BSE16/Page_JClient/Page_JClient/input_Which restricted protein' is clicked on

2018-11-23 08:48:57 - [MESSAGE][PASSED] - Object: 'Object Repository/FSM1/BSE16/Page_JClient/Page_JClient/input_Which restricted protein' is clicked on

2018-11-23 08:48:57 - [TEST_STEP][PASSED] - click: Object: 'Object Repository/FSM1/BSE16/Page_JClient/Page_JClient/input_Supply further details o_2' is clicked on

2018-11-23 08:48:57 - [MESSAGE][PASSED] - Object: 'Object Repository/FSM1/BSE16/Page_JClient/Page_JClient/input_Supply further details o_2' is clicked on

2018-11-23 08:48:57 - [TEST_STEP][PASSED] - click: Object: 'Object Repository/FSM1/BSE16/Page_JClient/Page_JClient/input_No_radio_group_4' is clicked on

2018-11-23 08:48:57 - [MESSAGE][PASSED] - Object: 'Object Repository/FSM1/BSE16/Page_JClient/Page_JClient/input_No_radio_group_4' is clicked on

2018-11-23 08:48:57 - [TEST_STEP][PASSED] - selectOptionByValue: All options with value 'YES' are selected in object 'Object Repository/FSM1/BSE16/Page_JClient/Page_JClient/select_YesNo'  using regular expression

2018-11-23 08:48:57 - [MESSAGE][PASSED] - All options with value 'YES' are selected in object 'Object Repository/FSM1/BSE16/Page_JClient/Page_JClient/select_YesNo'  using regular expression

2018-11-23 08:48:57 - [TEST_STEP][PASSED] - click: Object: 'Object Repository/FSM1/BSE16/Page_JClient/Page_JClient/input_Registration number of b' is clicked on

2018-11-23 08:48:57 - [MESSAGE][PASSED] - Object: 'Object Repository/FSM1/BSE16/Page_JClient/Page_JClient/input_Registration number of b' is clicked on

2018-11-23 08:48:57 - [TEST_STEP][PASSED] - click: Object: 'Object Repository/FSM1/BSE16/Page_JClient/Page_JClient/input_No_gwt-uid-127' is clicked on

2018-11-23 08:48:58 - [MESSAGE][PASSED] - Object: 'Object Repository/FSM1/BSE16/Page_JClient/Page_JClient/input_No_gwt-uid-127' is clicked on

2018-11-23 08:48:58 - [TEST_STEP][PASSED] - click: Object: 'Object Repository/FSM1/BSE16/Page_JClient/Page_JClient/input_How are the restricted p' is clicked on

2018-11-23 08:48:58 - [MESSAGE][PASSED] - Object: 'Object Repository/FSM1/BSE16/Page_JClient/Page_JClient/input_How are the restricted p' is clicked on

2018-11-23 08:48:58 - [TEST_STEP][PASSED] - click: Object: 'Object Repository/FSM1/BSE16/Page_JClient/Page_JClient/input_NA_radio_group_6' is clicked on

2018-11-23 08:48:58 - [MESSAGE][PASSED] - Object: 'Object Repository/FSM1/BSE16/Page_JClient/Page_JClient/input_NA_radio_group_6' is clicked on

2018-11-23 08:48:58 - [TEST_STEP][PASSED] - click: Object: 'Object Repository/FSM1/BSE16/Page_JClient/Page_JClient/input_NA_radio_group_7' is clicked on

2018-11-23 08:48:58 - [MESSAGE][PASSED] - Object: 'Object Repository/FSM1/BSE16/Page_JClient/Page_JClient/input_NA_radio_group_7' is clicked on

2018-11-23 08:48:58 - [TEST_STEP][PASSED] - click: Object: 'Object Repository/FSM1/BSE16/Page_JClient/Page_JClient/input_NA_radio_group_8' is clicked on

2018-11-23 08:48:58 - [MESSAGE][PASSED] - Object: 'Object Repository/FSM1/BSE16/Page_JClient/Page_JClient/input_NA_radio_group_8' is clicked on

2018-11-23 08:48:58 - [TEST_STEP][PASSED] - click: Object: 'Object Repository/FSM1/BSE16/Page_JClient/Page_JClient/input_NA_radio_group_9' is clicked on

2018-11-23 08:48:59 - [MESSAGE][PASSED] - Object: 'Object Repository/FSM1/BSE16/Page_JClient/Page_JClient/input_NA_radio_group_9' is clicked on

2018-11-23 08:48:59 - [TEST_STEP][PASSED] - click: Object: 'Object Repository/FSM1/BSE16/Page_JClient/Page_JClient/input_NA_radio_group_10' is clicked on

2018-11-23 08:48:59 - [MESSAGE][PASSED] - Object: 'Object Repository/FSM1/BSE16/Page_JClient/Page_JClient/input_NA_radio_group_10' is clicked on

2018-11-23 08:48:59 - [TEST_STEP][PASSED] - click: Object: 'Object Repository/FSM1/BSE16/Page_JClient/Page_JClient/input_Commentsfurther details_' is clicked on

2018-11-23 08:48:59 - [MESSAGE][PASSED] - Object: 'Object Repository/FSM1/BSE16/Page_JClient/Page_JClient/input_Commentsfurther details_' is clicked on

2018-11-23 08:48:59 - [TEST_STEP][PASSED] - click: Object: 'Object Repository/FSM1/BSE16/Page_JClient/Page_JClient/div_Save - Generic' is clicked on

2018-11-23 08:48:59 - [MESSAGE][PASSED] - Object: 'Object Repository/FSM1/BSE16/Page_JClient/Page_JClient/div_Save - Generic' is clicked on

2018-11-23 08:48:59 - [TEST_STEP][PASSED] - delay: Delayed 2 second(s)

2018-11-23 08:49:01 - [MESSAGE][PASSED] - Delayed 2 second(s)]]></system-out>
         <system-err><![CDATA[]]></system-err>
      </testcase>
      <testcase name="Test Cases/Form Jobs/BSE16/Pet Food" classname="Test Cases/Form Jobs/BSE16/Pet Food" status="PASSED">
         <system-out><![CDATA[2018-11-23 08:49:01 - [TEST_CASE][PASSED] - Test Cases/Form Jobs/BSE16/Pet Food: Test Cases/Form Jobs/BSE16/Pet Food

2018-11-23 08:49:02 - [TEST_STEP][PASSED] - click: Object: 'Object Repository/FSM1/BSE16/Page_JClient/div_Pet Food' is clicked on

2018-11-23 08:49:02 - [MESSAGE][PASSED] - Object: 'Object Repository/FSM1/BSE16/Page_JClient/div_Pet Food' is clicked on

2018-11-23 08:49:02 - [TEST_STEP][PASSED] - delay: Delayed 2 second(s)

2018-11-23 08:49:04 - [MESSAGE][PASSED] - Delayed 2 second(s)

2018-11-23 08:49:04 - [TEST_STEP][PASSED] - click: Object: 'Object Repository/FSM1/BSE16/Page_JClient/input_NA_radio_group_2' is clicked on

2018-11-23 08:49:04 - [MESSAGE][PASSED] - Object: 'Object Repository/FSM1/BSE16/Page_JClient/input_NA_radio_group_2' is clicked on

2018-11-23 08:49:04 - [TEST_STEP][PASSED] - click: Object: 'Object Repository/FSM1/BSE16/Page_JClient/input_NA_radio_group_3' is clicked on

2018-11-23 08:49:05 - [MESSAGE][PASSED] - Object: 'Object Repository/FSM1/BSE16/Page_JClient/input_NA_radio_group_3' is clicked on

2018-11-23 08:49:05 - [TEST_STEP][PASSED] - setText: Text 'Test automation' is set on object 'Object Repository/FSM1/BSE16/Page_JClient/textarea_Further details if re'

2018-11-23 08:49:05 - [MESSAGE][PASSED] - Text 'Test automation' is set on object 'Object Repository/FSM1/BSE16/Page_JClient/textarea_Further details if re'

2018-11-23 08:49:05 - [TEST_STEP][PASSED] - click: Object: 'Object Repository/FSM1/BSE16/Page_JClient/div_Save - Generic' is clicked on

2018-11-23 08:49:05 - [MESSAGE][PASSED] - Object: 'Object Repository/FSM1/BSE16/Page_JClient/div_Save - Generic' is clicked on

2018-11-23 08:49:05 - [TEST_STEP][PASSED] - delay: Delayed 3 second(s)

2018-11-23 08:49:08 - [MESSAGE][PASSED] - Delayed 3 second(s)]]></system-out>
         <system-err><![CDATA[]]></system-err>
      </testcase>
      <testcase name="Test Cases/Form Jobs/BSE16/Former Food Stuffs" classname="Test Cases/Form Jobs/BSE16/Former Food Stuffs" status="PASSED">
         <system-out><![CDATA[2018-11-23 08:49:08 - [TEST_CASE][PASSED] - Test Cases/Form Jobs/BSE16/Former Food Stuffs: Test Cases/Form Jobs/BSE16/Former Food Stuffs

2018-11-23 08:49:08 - [TEST_STEP][PASSED] - click: Object: 'Object Repository/FSM1/BSE16/Page_JClient/div_Former Foodstuffs' is clicked on

2018-11-23 08:49:09 - [MESSAGE][PASSED] - Object: 'Object Repository/FSM1/BSE16/Page_JClient/div_Former Foodstuffs' is clicked on

2018-11-23 08:49:09 - [TEST_STEP][PASSED] - click: Object: 'Object Repository/FSM1/BSE16/Page_JClient/input_Are former foodstuffs us' is clicked on

2018-11-23 08:49:10 - [MESSAGE][PASSED] - Object: 'Object Repository/FSM1/BSE16/Page_JClient/input_Are former foodstuffs us' is clicked on

2018-11-23 08:49:10 - [TEST_STEP][PASSED] - click: Object: 'Object Repository/FSM1/BSE16/Page_JClient/input_Which former foodstuffs' is clicked on

2018-11-23 08:49:10 - [MESSAGE][PASSED] - Object: 'Object Repository/FSM1/BSE16/Page_JClient/input_Which former foodstuffs' is clicked on

2018-11-23 08:49:10 - [TEST_STEP][PASSED] - click: Object: 'Object Repository/FSM1/BSE16/Page_JClient/input_Kitchenrestaurant_gwt-ui' is clicked on

2018-11-23 08:49:10 - [MESSAGE][PASSED] - Object: 'Object Repository/FSM1/BSE16/Page_JClient/input_Kitchenrestaurant_gwt-ui' is clicked on

2018-11-23 08:49:10 - [TEST_STEP][PASSED] - click: Object: 'Object Repository/FSM1/BSE16/Page_JClient/input_Food manufacturer_radio_' is clicked on

2018-11-23 08:49:11 - [MESSAGE][PASSED] - Object: 'Object Repository/FSM1/BSE16/Page_JClient/input_Food manufacturer_radio_' is clicked on

2018-11-23 08:49:11 - [TEST_STEP][PASSED] - click: Object: 'Object Repository/FSM1/BSE16/Page_JClient/input_NA_radio_group_6' is clicked on

2018-11-23 08:49:11 - [MESSAGE][PASSED] - Object: 'Object Repository/FSM1/BSE16/Page_JClient/input_NA_radio_group_6' is clicked on

2018-11-23 08:49:11 - [TEST_STEP][PASSED] - click: Object: 'Object Repository/FSM1/BSE16/Page_JClient/div_Save - Generic' is clicked on

2018-11-23 08:49:11 - [MESSAGE][PASSED] - Object: 'Object Repository/FSM1/BSE16/Page_JClient/div_Save - Generic' is clicked on

2018-11-23 08:49:11 - [TEST_STEP][PASSED] - delay: Delayed 3 second(s)

2018-11-23 08:49:14 - [MESSAGE][PASSED] - Delayed 3 second(s)]]></system-out>
         <system-err><![CDATA[]]></system-err>
      </testcase>
      <testcase name="Test Cases/Form Jobs/BSE16/Storage of ABP, PAP and Organic Fertiliser" classname="Test Cases/Form Jobs/BSE16/Storage of ABP, PAP and Organic Fertiliser" status="PASSED">
         <system-out><![CDATA[2018-11-23 08:49:14 - [TEST_CASE][PASSED] - Test Cases/Form Jobs/BSE16/Storage of ABP, PAP and Organic Fertiliser: Test Cases/Form Jobs/BSE16/Storage of ABP, PAP and Organic Fertiliser

2018-11-23 08:49:14 - [TEST_STEP][PASSED] - click: Object: 'Object Repository/FSM1/BSE16/Page_JClient/div_Storage of ABP PAP and org' is clicked on

2018-11-23 08:49:15 - [MESSAGE][PASSED] - Object: 'Object Repository/FSM1/BSE16/Page_JClient/div_Storage of ABP PAP and org' is clicked on

2018-11-23 08:49:15 - [TEST_STEP][PASSED] - click: Object: 'Object Repository/FSM1/BSE16/Page_JClient/input_PAP (not including restr' is clicked on

2018-11-23 08:49:16 - [MESSAGE][PASSED] - Object: 'Object Repository/FSM1/BSE16/Page_JClient/input_PAP (not including restr' is clicked on

2018-11-23 08:49:16 - [TEST_STEP][PASSED] - setText: Text 'Test automation' is set on object 'Object Repository/FSM1/BSE16/Page_JClient/textarea_None_gwt-TextArea GKH'

2018-11-23 08:49:16 - [MESSAGE][PASSED] - Text 'Test automation' is set on object 'Object Repository/FSM1/BSE16/Page_JClient/textarea_None_gwt-TextArea GKH'

2018-11-23 08:49:16 - [TEST_STEP][PASSED] - click: Object: 'Object Repository/FSM1/BSE16/Page_JClient/input_NA_radio_group_7' is clicked on

2018-11-23 08:49:17 - [MESSAGE][PASSED] - Object: 'Object Repository/FSM1/BSE16/Page_JClient/input_NA_radio_group_7' is clicked on

2018-11-23 08:49:17 - [TEST_STEP][PASSED] - click: Object: 'Object Repository/FSM1/BSE16/Page_JClient/input_NA_radio_group_8' is clicked on

2018-11-23 08:49:17 - [MESSAGE][PASSED] - Object: 'Object Repository/FSM1/BSE16/Page_JClient/input_NA_radio_group_8' is clicked on

2018-11-23 08:49:17 - [TEST_STEP][PASSED] - click: Object: 'Object Repository/FSM1/BSE16/Page_JClient/input_NA_radio_group_9' is clicked on

2018-11-23 08:49:17 - [MESSAGE][PASSED] - Object: 'Object Repository/FSM1/BSE16/Page_JClient/input_NA_radio_group_9' is clicked on

2018-11-23 08:49:17 - [TEST_STEP][PASSED] - click: Object: 'Object Repository/FSM1/BSE16/Page_JClient/input_NA_radio_group_10' is clicked on

2018-11-23 08:49:17 - [MESSAGE][PASSED] - Object: 'Object Repository/FSM1/BSE16/Page_JClient/input_NA_radio_group_10' is clicked on

2018-11-23 08:49:17 - [TEST_STEP][PASSED] - click: Object: 'Object Repository/FSM1/BSE16/Page_JClient/input_NA_radio_group_11' is clicked on

2018-11-23 08:49:17 - [MESSAGE][PASSED] - Object: 'Object Repository/FSM1/BSE16/Page_JClient/input_NA_radio_group_11' is clicked on

2018-11-23 08:49:17 - [TEST_STEP][PASSED] - click: Object: 'Object Repository/FSM1/BSE16/Page_JClient/div_Save - Generic' is clicked on

2018-11-23 08:49:18 - [MESSAGE][PASSED] - Object: 'Object Repository/FSM1/BSE16/Page_JClient/div_Save - Generic' is clicked on

2018-11-23 08:49:18 - [TEST_STEP][PASSED] - delay: Delayed 3 second(s)

2018-11-23 08:49:21 - [MESSAGE][PASSED] - Delayed 3 second(s)]]></system-out>
         <system-err><![CDATA[]]></system-err>
      </testcase>
      <testcase name="Test Cases/Form Jobs/BSE16/On Farm Feeding of Milk" classname="Test Cases/Form Jobs/BSE16/On Farm Feeding of Milk" status="PASSED">
         <system-out><![CDATA[2018-11-23 08:49:21 - [TEST_CASE][PASSED] - Test Cases/Form Jobs/BSE16/On Farm Feeding of Milk: Test Cases/Form Jobs/BSE16/On Farm Feeding of Milk

2018-11-23 08:49:21 - [TEST_STEP][PASSED] - click: Object: 'Object Repository/FSM1/BSE16/Page_JClient/div_On farm feeding of milk mi' is clicked on

2018-11-23 08:49:21 - [MESSAGE][PASSED] - Object: 'Object Repository/FSM1/BSE16/Page_JClient/div_On farm feeding of milk mi' is clicked on

2018-11-23 08:49:21 - [TEST_STEP][PASSED] - click: Object: 'Object Repository/FSM1/BSE16/Page_JClient/input_Is there on farm feeding' is clicked on

2018-11-23 08:49:23 - [MESSAGE][PASSED] - Object: 'Object Repository/FSM1/BSE16/Page_JClient/input_Is there on farm feeding' is clicked on

2018-11-23 08:49:23 - [TEST_STEP][PASSED] - click: Object: 'Object Repository/FSM1/BSE16/Page_JClient/input_No_radio_group_13' is clicked on

2018-11-23 08:49:23 - [MESSAGE][PASSED] - Object: 'Object Repository/FSM1/BSE16/Page_JClient/input_No_radio_group_13' is clicked on

2018-11-23 08:49:23 - [TEST_STEP][PASSED] - click: Object: 'Object Repository/FSM1/BSE16/Page_JClient/input_Registered milk processi' is clicked on

2018-11-23 08:49:23 - [MESSAGE][PASSED] - Object: 'Object Repository/FSM1/BSE16/Page_JClient/input_Registered milk processi' is clicked on

2018-11-23 08:49:23 - [TEST_STEP][PASSED] - click: Object: 'Object Repository/FSM1/BSE16/Page_JClient/input_Unregistered milk proces' is clicked on

2018-11-23 08:49:23 - [MESSAGE][PASSED] - Object: 'Object Repository/FSM1/BSE16/Page_JClient/input_Unregistered milk proces' is clicked on

2018-11-23 08:49:23 - [TEST_STEP][PASSED] - click: Object: 'Object Repository/FSM1/BSE16/Page_JClient/input_Retail stores or superma' is clicked on

2018-11-23 08:49:24 - [MESSAGE][PASSED] - Object: 'Object Repository/FSM1/BSE16/Page_JClient/input_Retail stores or superma' is clicked on

2018-11-23 08:49:24 - [TEST_STEP][PASSED] - click: Object: 'Object Repository/FSM1/BSE16/Page_JClient/input_concat(Another farm whic' is clicked on

2018-11-23 08:49:24 - [MESSAGE][PASSED] - Object: 'Object Repository/FSM1/BSE16/Page_JClient/input_concat(Another farm whic' is clicked on

2018-11-23 08:49:24 - [TEST_STEP][PASSED] - click: Object: 'Object Repository/FSM1/BSE16/Page_JClient/div_Save - Generic' is clicked on

2018-11-23 08:49:24 - [MESSAGE][PASSED] - Object: 'Object Repository/FSM1/BSE16/Page_JClient/div_Save - Generic' is clicked on

2018-11-23 08:49:24 - [TEST_STEP][PASSED] - delay: Delayed 3 second(s)

2018-11-23 08:49:27 - [MESSAGE][PASSED] - Delayed 3 second(s)]]></system-out>
         <system-err><![CDATA[]]></system-err>
      </testcase>
      <testcase name="Test Cases/Form Jobs/BSE16/Hobby Farms" classname="Test Cases/Form Jobs/BSE16/Hobby Farms" status="PASSED">
         <system-out><![CDATA[2018-11-23 08:49:27 - [TEST_CASE][PASSED] - Test Cases/Form Jobs/BSE16/Hobby Farms: Test Cases/Form Jobs/BSE16/Hobby Farms

2018-11-23 08:49:27 - [TEST_STEP][PASSED] - click: Object: 'Object Repository/FSM1/BSE16/Page_JClient/div_Hobby farms city open farm' is clicked on

2018-11-23 08:49:28 - [MESSAGE][PASSED] - Object: 'Object Repository/FSM1/BSE16/Page_JClient/div_Hobby farms city open farm' is clicked on

2018-11-23 08:49:28 - [TEST_STEP][PASSED] - selectOptionByValue: All options with value 'HOBBY_FARM' are selected in object 'Object Repository/FSM1/BSE16/Page_JClient/select_Hobby farmCity open far'  using regular expression

2018-11-23 08:49:29 - [MESSAGE][PASSED] - All options with value 'HOBBY_FARM' are selected in object 'Object Repository/FSM1/BSE16/Page_JClient/select_Hobby farmCity open far'  using regular expression

2018-11-23 08:49:29 - [TEST_STEP][PASSED] - click: Object: 'Object Repository/FSM1/BSE16/Page_JClient/input_Are there non-commercial' is clicked on

2018-11-23 08:49:29 - [MESSAGE][PASSED] - Object: 'Object Repository/FSM1/BSE16/Page_JClient/input_Are there non-commercial' is clicked on

2018-11-23 08:49:29 - [TEST_STEP][PASSED] - click: Object: 'Object Repository/FSM1/BSE16/Page_JClient/input_If you have any welfare' is clicked on

2018-11-23 08:49:29 - [MESSAGE][PASSED] - Object: 'Object Repository/FSM1/BSE16/Page_JClient/input_If you have any welfare' is clicked on

2018-11-23 08:49:29 - [TEST_STEP][PASSED] - click: Object: 'Object Repository/FSM1/BSE16/Page_JClient/div_Save - Generic' is clicked on

2018-11-23 08:49:30 - [MESSAGE][PASSED] - Object: 'Object Repository/FSM1/BSE16/Page_JClient/div_Save - Generic' is clicked on

2018-11-23 08:49:30 - [TEST_STEP][PASSED] - delay: Delayed 3 second(s)

2018-11-23 08:49:33 - [MESSAGE][PASSED] - Delayed 3 second(s)]]></system-out>
         <system-err><![CDATA[]]></system-err>
      </testcase>
      <testcase name="Test Cases/Form Jobs/BSE16/Visit Report" classname="Test Cases/Form Jobs/BSE16/Visit Report" status="PASSED">
         <system-out><![CDATA[2018-11-23 08:49:33 - [TEST_CASE][PASSED] - Test Cases/Form Jobs/BSE16/Visit Report: Test Cases/Form Jobs/BSE16/Visit Report

2018-11-23 08:49:33 - [TEST_STEP][PASSED] - click: Object: 'Object Repository/FSM1/BSE16/Page_JClient/div_Visit Report' is clicked on

2018-11-23 08:49:33 - [MESSAGE][PASSED] - Object: 'Object Repository/FSM1/BSE16/Page_JClient/div_Visit Report' is clicked on

2018-11-23 08:49:33 - [TEST_STEP][PASSED] - setText: Text 'Test automation' is set on object 'Object Repository/FSM1/BSE16/Page_JClient/textarea_Visit Report_gwt-Text'

2018-11-23 08:49:35 - [MESSAGE][PASSED] - Text 'Test automation' is set on object 'Object Repository/FSM1/BSE16/Page_JClient/textarea_Visit Report_gwt-Text'

2018-11-23 08:49:35 - [TEST_STEP][PASSED] - delay: Delayed 2 second(s)

2018-11-23 08:49:37 - [MESSAGE][PASSED] - Delayed 2 second(s)

2018-11-23 08:49:37 - [TEST_STEP][PASSED] - click: Object: 'Object Repository/FSM1/BSE16/Page_JClient/div_Save - Generic' is clicked on

2018-11-23 08:49:37 - [MESSAGE][PASSED] - Object: 'Object Repository/FSM1/BSE16/Page_JClient/div_Save - Generic' is clicked on

2018-11-23 08:49:37 - [TEST_STEP][PASSED] - delay: Delayed 3 second(s)

2018-11-23 08:49:40 - [MESSAGE][PASSED] - Delayed 3 second(s)]]></system-out>
         <system-err><![CDATA[]]></system-err>
      </testcase>
      <testcase name="Test Cases/Form Jobs/BSE16/All Livestock Premises" classname="Test Cases/Form Jobs/BSE16/All Livestock Premises" status="PASSED">
         <system-out><![CDATA[2018-11-23 08:49:40 - [TEST_CASE][PASSED] - Test Cases/Form Jobs/BSE16/All Livestock Premises: Test Cases/Form Jobs/BSE16/All Livestock Premises

2018-11-23 08:49:40 - [TEST_STEP][PASSED] - click: Object: 'Object Repository/FSM1/BSE16/Page_JClient/div_All Livestock Premises' is clicked on

2018-11-23 08:49:41 - [MESSAGE][PASSED] - Object: 'Object Repository/FSM1/BSE16/Page_JClient/div_All Livestock Premises' is clicked on

2018-11-23 08:49:41 - [TEST_STEP][PASSED] - delay: Delayed 2 second(s)

2018-11-23 08:49:43 - [MESSAGE][PASSED] - Delayed 2 second(s)

2018-11-23 08:49:43 - [TEST_STEP][PASSED] - click: Object: 'Object Repository/FSM1/BSE16/Page_JClient/input_Do you suspect illegal f' is clicked on

2018-11-23 08:49:43 - [MESSAGE][PASSED] - Object: 'Object Repository/FSM1/BSE16/Page_JClient/input_Do you suspect illegal f' is clicked on

2018-11-23 08:49:43 - [TEST_STEP][PASSED] - click: Object: 'Object Repository/FSM1/BSE16/Page_JClient/div_Save - Generic' is clicked on

2018-11-23 08:49:43 - [MESSAGE][PASSED] - Object: 'Object Repository/FSM1/BSE16/Page_JClient/div_Save - Generic' is clicked on

2018-11-23 08:49:43 - [TEST_STEP][PASSED] - delay: Delayed 3 second(s)

2018-11-23 08:49:46 - [MESSAGE][PASSED] - Delayed 3 second(s)]]></system-out>
         <system-err><![CDATA[]]></system-err>
      </testcase>
      <testcase name="Test Cases/Form Jobs/BSE16/Save All Job Lines" classname="Test Cases/Form Jobs/BSE16/Save All Job Lines" status="PASSED">
         <system-out><![CDATA[2018-11-23 08:49:46 - [TEST_CASE][PASSED] - Test Cases/Form Jobs/BSE16/Save All Job Lines: Test Cases/Form Jobs/BSE16/Save All Job Lines

2018-11-23 08:49:46 - [TEST_STEP][PASSED] - delay: Delayed 2 second(s)

2018-11-23 08:49:48 - [MESSAGE][PASSED] - Delayed 2 second(s)

2018-11-23 08:49:48 - [TEST_STEP][PASSED] - click: Object: 'Object Repository/FSM1/BSE16/Page_JClient/div_Save (1)' is clicked on

2018-11-23 08:49:49 - [MESSAGE][PASSED] - Object: 'Object Repository/FSM1/BSE16/Page_JClient/div_Save (1)' is clicked on

2018-11-23 08:49:49 - [TEST_STEP][PASSED] - delay: Delayed 3 second(s)

2018-11-23 08:49:52 - [MESSAGE][PASSED] - Delayed 3 second(s)]]></system-out>
         <system-err><![CDATA[]]></system-err>
      </testcase>
      <testcase name="Test Cases/Form Jobs/BSE16/NFA Samples Taken" classname="Test Cases/Form Jobs/BSE16/NFA Samples Taken" status="PASSED">
         <system-out><![CDATA[2018-11-23 08:49:52 - [TEST_CASE][PASSED] - Test Cases/Form Jobs/BSE16/NFA Samples Taken: Test Cases/Form Jobs/BSE16/NFA Samples Taken

2018-11-23 08:49:52 - [TEST_STEP][PASSED] - click: Object: 'Object Repository/FSM1/BSE16/NFA Samples/Page_JClient/Page_JClient/Page_JClient/div_Samples Taken NFA' is clicked on

2018-11-23 08:49:52 - [MESSAGE][PASSED] - Object: 'Object Repository/FSM1/BSE16/NFA Samples/Page_JClient/Page_JClient/Page_JClient/div_Samples Taken NFA' is clicked on

2018-11-23 08:49:52 - [TEST_STEP][PASSED] - verifyElementText: Actual text and expected text of test object 'Object Repository/FSM1/BSE16/NFA Samples/Page_JClient/Page_JClient/Page_JClient/div_Minimum number of instance' are matched.

2018-11-23 08:49:52 - [MESSAGE][PASSED] - Actual text and expected text of test object 'Object Repository/FSM1/BSE16/NFA Samples/Page_JClient/Page_JClient/Page_JClient/div_Minimum number of instance' are matched.

2018-11-23 08:49:52 - [TEST_STEP][PASSED] - click: Object: 'Object Repository/FSM1/BSE16/NFA Samples/Page_JClient/Page_JClient/Page_JClient/div_Create_GKH2EKQBDXB GKH2EKQ' is clicked on

2018-11-23 08:49:53 - [MESSAGE][PASSED] - Object: 'Object Repository/FSM1/BSE16/NFA Samples/Page_JClient/Page_JClient/Page_JClient/div_Create_GKH2EKQBDXB GKH2EKQ' is clicked on

2018-11-23 08:49:53 - [TEST_STEP][PASSED] - selectOptionByValue: All options with value 'COMPOUND_OR_CONCENTRATE' are selected in object 'Object Repository/FSM1/BSE16/NFA Samples/Page_JClient/Page_JClient/Page_JClient/select_Compound or concentrate'  using regular expression

2018-11-23 08:49:53 - [MESSAGE][PASSED] - All options with value 'COMPOUND_OR_CONCENTRATE' are selected in object 'Object Repository/FSM1/BSE16/NFA Samples/Page_JClient/Page_JClient/Page_JClient/select_Compound or concentrate'  using regular expression

2018-11-23 08:49:53 - [TEST_STEP][PASSED] - selectOptionByValue: All options with value 'RUMINANTS' are selected in object 'Object Repository/FSM1/BSE16/NFA Samples/Page_JClient/Page_JClient/Page_JClient/select_RuminantsNon-ruminantsP'  using regular expression

2018-11-23 08:49:53 - [MESSAGE][PASSED] - All options with value 'RUMINANTS' are selected in object 'Object Repository/FSM1/BSE16/NFA Samples/Page_JClient/Page_JClient/Page_JClient/select_RuminantsNon-ruminantsP'  using regular expression

2018-11-23 08:49:53 - [TEST_STEP][PASSED] - setText: Text 'Test automation' is set on object 'Object Repository/FSM1/BSE16/NFA Samples/Page_JClient/Page_JClient/Page_JClient/input_Feed name_gwt-TextBox GK'

2018-11-23 08:49:54 - [MESSAGE][PASSED] - Text 'Test automation' is set on object 'Object Repository/FSM1/BSE16/NFA Samples/Page_JClient/Page_JClient/Page_JClient/input_Feed name_gwt-TextBox GK'

2018-11-23 08:49:54 - [TEST_STEP][PASSED] - selectOptionByValue: All options with value 'YES' are selected in object 'Object Repository/FSM1/BSE16/NFA Samples/Page_JClient/Page_JClient/Page_JClient/select_YesNo'  using regular expression

2018-11-23 08:49:54 - [MESSAGE][PASSED] - All options with value 'YES' are selected in object 'Object Repository/FSM1/BSE16/NFA Samples/Page_JClient/Page_JClient/Page_JClient/select_YesNo'  using regular expression

2018-11-23 08:49:54 - [TEST_STEP][PASSED] - selectOptionByValue: All options with value 'UK' are selected in object 'Object Repository/FSM1/BSE16/NFA Samples/Page_JClient/Page_JClient/Page_JClient/select_UKImport'  using regular expression

2018-11-23 08:49:55 - [MESSAGE][PASSED] - All options with value 'UK' are selected in object 'Object Repository/FSM1/BSE16/NFA Samples/Page_JClient/Page_JClient/Page_JClient/select_UKImport'  using regular expression

2018-11-23 08:49:55 - [TEST_STEP][PASSED] - setText: Text '123' is set on object 'Object Repository/FSM1/BSE16/NFA Samples/Page_JClient/Page_JClient/Page_JClient/input_Batch no._gwt-TextBox GK'

2018-11-23 08:49:55 - [MESSAGE][PASSED] - Text '123' is set on object 'Object Repository/FSM1/BSE16/NFA Samples/Page_JClient/Page_JClient/Page_JClient/input_Batch no._gwt-TextBox GK'

2018-11-23 08:49:55 - [TEST_STEP][PASSED] - setText: Text 'Test' is set on object 'Object Repository/FSM1/BSE16/NFA Samples/Page_JClient/Page_JClient/Page_JClient/input_Laboratory_gwt-TextBox G'

2018-11-23 08:49:55 - [MESSAGE][PASSED] - Text 'Test' is set on object 'Object Repository/FSM1/BSE16/NFA Samples/Page_JClient/Page_JClient/Page_JClient/input_Laboratory_gwt-TextBox G'

2018-11-23 08:49:55 - [TEST_STEP][PASSED] - setText: Text 'Test' is set on object 'Object Repository/FSM1/BSE16/NFA Samples/Page_JClient/Page_JClient/Page_JClient/input_Operator_gwt-TextBox GKH'

2018-11-23 08:49:55 - [MESSAGE][PASSED] - Text 'Test' is set on object 'Object Repository/FSM1/BSE16/NFA Samples/Page_JClient/Page_JClient/Page_JClient/input_Operator_gwt-TextBox GKH'

2018-11-23 08:49:55 - [TEST_STEP][PASSED] - setText: Text 'Test' is set on object 'Object Repository/FSM1/BSE16/NFA Samples/Page_JClient/Page_JClient/Page_JClient/input_Office_gwt-TextBox GKH2E'

2018-11-23 08:49:56 - [MESSAGE][PASSED] - Text 'Test' is set on object 'Object Repository/FSM1/BSE16/NFA Samples/Page_JClient/Page_JClient/Page_JClient/input_Office_gwt-TextBox GKH2E'

2018-11-23 08:49:56 - [TEST_STEP][PASSED] - click: Object: 'Object Repository/FSM1/BSE16/NFA Samples/Page_JClient/Page_JClient/Page_JClient/div_Save' is clicked on

2018-11-23 08:49:56 - [MESSAGE][PASSED] - Object: 'Object Repository/FSM1/BSE16/NFA Samples/Page_JClient/Page_JClient/Page_JClient/div_Save' is clicked on

2018-11-23 08:49:56 - [TEST_STEP][PASSED] - delay: Delayed 3 second(s)

2018-11-23 08:49:59 - [MESSAGE][PASSED] - Delayed 3 second(s)]]></system-out>
         <system-err><![CDATA[]]></system-err>
      </testcase>
      <testcase name="Test Cases/Form Jobs/BSE16/NFA Samples Taken 2" classname="Test Cases/Form Jobs/BSE16/NFA Samples Taken 2" status="PASSED">
         <system-out><![CDATA[2018-11-23 08:49:59 - [TEST_CASE][PASSED] - Test Cases/Form Jobs/BSE16/NFA Samples Taken 2: Test Cases/Form Jobs/BSE16/NFA Samples Taken 2

2018-11-23 08:49:59 - [TEST_STEP][PASSED] - click: Object: 'Object Repository/FSM1/BSE16/NFA Samples/Page_JClient/Page_JClient/div_Samples Taken NFA' is clicked on

2018-11-23 08:50:00 - [MESSAGE][PASSED] - Object: 'Object Repository/FSM1/BSE16/NFA Samples/Page_JClient/Page_JClient/div_Samples Taken NFA' is clicked on

2018-11-23 08:50:00 - [TEST_STEP][PASSED] - click: Object: 'Object Repository/FSM1/BSE16/NFA Samples/Page_JClient/Page_JClient/div_Create_GKH2EKQBDXB GKH2EKQ' is clicked on

2018-11-23 08:50:00 - [MESSAGE][PASSED] - Object: 'Object Repository/FSM1/BSE16/NFA Samples/Page_JClient/Page_JClient/div_Create_GKH2EKQBDXB GKH2EKQ' is clicked on

2018-11-23 08:50:00 - [TEST_STEP][PASSED] - selectOptionByValue: All options with value 'COMPOUND_OR_CONCENTRATE' are selected in object 'Object Repository/FSM1/BSE16/NFA Samples/Page_JClient/Page_JClient/select_Compound or concentrate'  using regular expression

2018-11-23 08:50:00 - [MESSAGE][PASSED] - All options with value 'COMPOUND_OR_CONCENTRATE' are selected in object 'Object Repository/FSM1/BSE16/NFA Samples/Page_JClient/Page_JClient/select_Compound or concentrate'  using regular expression

2018-11-23 08:50:00 - [TEST_STEP][PASSED] - selectOptionByValue: All options with value 'NONRUMINANTS' are selected in object 'Object Repository/FSM1/BSE16/NFA Samples/Page_JClient/Page_JClient/select_RuminantsNon-ruminantsP'  using regular expression

2018-11-23 08:50:01 - [MESSAGE][PASSED] - All options with value 'NONRUMINANTS' are selected in object 'Object Repository/FSM1/BSE16/NFA Samples/Page_JClient/Page_JClient/select_RuminantsNon-ruminantsP'  using regular expression

2018-11-23 08:50:01 - [TEST_STEP][PASSED] - setText: Text 'Test automation' is set on object 'Object Repository/FSM1/BSE16/NFA Samples/Page_JClient/Page_JClient/input_Feed name_gwt-TextBox GK'

2018-11-23 08:50:01 - [MESSAGE][PASSED] - Text 'Test automation' is set on object 'Object Repository/FSM1/BSE16/NFA Samples/Page_JClient/Page_JClient/input_Feed name_gwt-TextBox GK'

2018-11-23 08:50:01 - [TEST_STEP][PASSED] - selectOptionByValue: All options with value 'NO' are selected in object 'Object Repository/FSM1/BSE16/NFA Samples/Page_JClient/Page_JClient/select_YesNo'  using regular expression

2018-11-23 08:50:01 - [MESSAGE][PASSED] - All options with value 'NO' are selected in object 'Object Repository/FSM1/BSE16/NFA Samples/Page_JClient/Page_JClient/select_YesNo'  using regular expression

2018-11-23 08:50:01 - [TEST_STEP][PASSED] - setText: Text 'Test automation' is set on object 'Object Repository/FSM1/BSE16/NFA Samples/Page_JClient/Page_JClient/textarea_If official method no'

2018-11-23 08:50:02 - [MESSAGE][PASSED] - Text 'Test automation' is set on object 'Object Repository/FSM1/BSE16/NFA Samples/Page_JClient/Page_JClient/textarea_If official method no'

2018-11-23 08:50:02 - [TEST_STEP][PASSED] - selectOptionByValue: All options with value 'IMPORT' are selected in object 'Object Repository/FSM1/BSE16/NFA Samples/Page_JClient/Page_JClient/select_UKImport'  using regular expression

2018-11-23 08:50:02 - [MESSAGE][PASSED] - All options with value 'IMPORT' are selected in object 'Object Repository/FSM1/BSE16/NFA Samples/Page_JClient/Page_JClient/select_UKImport'  using regular expression

2018-11-23 08:50:02 - [TEST_STEP][PASSED] - setText: Text '123' is set on object 'Object Repository/FSM1/BSE16/NFA Samples/Page_JClient/Page_JClient/input_Batch no._gwt-TextBox GK'

2018-11-23 08:50:02 - [MESSAGE][PASSED] - Text '123' is set on object 'Object Repository/FSM1/BSE16/NFA Samples/Page_JClient/Page_JClient/input_Batch no._gwt-TextBox GK'

2018-11-23 08:50:03 - [TEST_STEP][PASSED] - setText: Text '123' is set on object 'Object Repository/FSM1/BSE16/NFA Samples/Page_JClient/Page_JClient/input_Laboratory_gwt-TextBox G'

2018-11-23 08:50:03 - [MESSAGE][PASSED] - Text '123' is set on object 'Object Repository/FSM1/BSE16/NFA Samples/Page_JClient/Page_JClient/input_Laboratory_gwt-TextBox G'

2018-11-23 08:50:03 - [TEST_STEP][PASSED] - setText: Text '123' is set on object 'Object Repository/FSM1/BSE16/NFA Samples/Page_JClient/Page_JClient/input_Operator_gwt-TextBox GKH'

2018-11-23 08:50:03 - [MESSAGE][PASSED] - Text '123' is set on object 'Object Repository/FSM1/BSE16/NFA Samples/Page_JClient/Page_JClient/input_Operator_gwt-TextBox GKH'

2018-11-23 08:50:03 - [TEST_STEP][PASSED] - setText: Text '123' is set on object 'Object Repository/FSM1/BSE16/NFA Samples/Page_JClient/Page_JClient/input_Office_gwt-TextBox GKH2E'

2018-11-23 08:50:04 - [MESSAGE][PASSED] - Text '123' is set on object 'Object Repository/FSM1/BSE16/NFA Samples/Page_JClient/Page_JClient/input_Office_gwt-TextBox GKH2E'

2018-11-23 08:50:04 - [TEST_STEP][PASSED] - click: Object: 'Object Repository/FSM1/BSE16/NFA Samples/Page_JClient/Page_JClient/div_Save' is clicked on

2018-11-23 08:50:04 - [MESSAGE][PASSED] - Object: 'Object Repository/FSM1/BSE16/NFA Samples/Page_JClient/Page_JClient/div_Save' is clicked on

2018-11-23 08:50:04 - [TEST_STEP][PASSED] - delay: Delayed 3 second(s)

2018-11-23 08:50:07 - [MESSAGE][PASSED] - Delayed 3 second(s)]]></system-out>
         <system-err><![CDATA[]]></system-err>
      </testcase>
      <testcase name="Test Cases/Form Jobs/BSE16/Complete BSE16 Inspection" classname="Test Cases/Form Jobs/BSE16/Complete BSE16 Inspection" status="PASSED">
         <system-out><![CDATA[2018-11-23 08:50:07 - [TEST_CASE][PASSED] - Test Cases/Form Jobs/BSE16/Complete BSE16 Inspection: Test Cases/Form Jobs/BSE16/Complete BSE16 Inspection

2018-11-23 08:50:07 - [TEST_STEP][PASSED] - Statement - log = new com.kms.katalon.core.logging.KeywordLogger(): null

2018-11-23 08:50:07 - [TEST_STEP][PASSED] - click: Object: 'Object Repository/FSM1/IV17/Page_JClient/div_STARTED' is clicked on

2018-11-23 08:50:08 - [MESSAGE][PASSED] - Object: 'Object Repository/FSM1/IV17/Page_JClient/div_STARTED' is clicked on

2018-11-23 08:50:08 - [TEST_STEP][PASSED] - click: Object: 'Object Repository/FSM1/IV17/Page_JClient/div_COMPLETED' is clicked on

2018-11-23 08:50:08 - [MESSAGE][PASSED] - Object: 'Object Repository/FSM1/IV17/Page_JClient/div_COMPLETED' is clicked on

2018-11-23 08:50:08 - [TEST_STEP][PASSED] - delay: Delayed 2 second(s)

2018-11-23 08:50:10 - [MESSAGE][PASSED] - Delayed 2 second(s)

2018-11-23 08:50:10 - [TEST_STEP][PASSED] - click: Object: 'Object Repository/FSM1/IV17/Page_JClient/div_Ok' is clicked on

2018-11-23 08:50:11 - [MESSAGE][PASSED] - Object: 'Object Repository/FSM1/IV17/Page_JClient/div_Ok' is clicked on

2018-11-23 08:50:11 - [TEST_STEP][PASSED] - delay: Delayed 15 second(s)

2018-11-23 08:50:26 - [MESSAGE][PASSED] - Delayed 15 second(s)

2018-11-23 08:50:26 - [TEST_STEP][PASSED] - Statement - FormJobReference = com.kms.katalon.core.webui.keyword.WebUiBuiltInKeywords.getText(com.kms.katalon.core.testobject.ObjectRepository.findTestObject(FSM1/IV17/Page_JClient/Form Job Reference)): Text of object 'Object Repository/FSM1/IV17/Page_JClient/Form Job Reference' is: 'Form Job 1 (91416)'

2018-11-23 08:50:26 - [MESSAGE][PASSED] - Text of object 'Object Repository/FSM1/IV17/Page_JClient/Form Job Reference' is: 'Form Job 1 (91416)'

2018-11-23 08:50:26 - [TEST_STEP][PASSED] - Statement - FormJobReference = FormJobReference.replaceAll("Form Job 1 \(", ""): null

2018-11-23 08:50:26 - [TEST_STEP][PASSED] - Statement - FormJobReference = FormJobReference.replaceAll("\)", ""): null

2018-11-23 08:50:26 - [TEST_STEP][PASSED] - Statement - log.logWarning(FormJobReference): 91416

2018-11-23 08:50:26 - [MESSAGE][WARNING] - 91416

2018-11-23 08:50:26 - [TEST_STEP][PASSED] - Statement - temp1 = FormJobReference: null]]></system-out>
         <system-err><![CDATA[]]></system-err>
      </testcase>
      <testcase name="Test Cases/Generic/Launch Job Manager Control Centre - Check Result" classname="Test Cases/Generic/Launch Job Manager Control Centre - Check Result" status="PASSED">
         <system-out><![CDATA[2018-11-23 08:50:26 - [TEST_CASE][PASSED] - Test Cases/Generic/Launch Job Manager Control Centre - Check Result: Test Cases/Generic/Launch Job Manager Control Centre - Check Result

2018-11-23 08:50:26 - [TEST_STEP][PASSED] - openBrowser: Browser is opened with url: ''

2018-11-23 08:50:26 - [MESSAGE][WARNING] - A browser is already opened. Closing browser and opening a new one

2018-11-23 08:50:30 - [MESSAGE][PASSED] - Browser is opened with url: ''

2018-11-23 08:50:30 - [TEST_STEP][PASSED] - navigateToUrl: Navigate to 'https://kirona-def-6.kirona.com/jmprep/login#!loginView' successfully

2018-11-23 08:50:31 - [MESSAGE][PASSED] - Navigate to 'https://kirona-def-6.kirona.com/jmprep/login#!loginView' successfully

2018-11-23 08:50:31 - [TEST_STEP][PASSED] - setText: Text 'jon.hatfield' is set on object 'Object Repository/FSM1/Control Centre/Page_Job Manager Login/input_gwt-uid-3'

2018-11-23 08:50:33 - [MESSAGE][PASSED] - Text 'jon.hatfield' is set on object 'Object Repository/FSM1/Control Centre/Page_Job Manager Login/input_gwt-uid-3'

2018-11-23 08:50:33 - [TEST_STEP][PASSED] - setText: Text 'Fr@nc1sJ0n' is set on object 'Object Repository/FSM1/Control Centre/Page_Job Manager Login/input_gwt-uid-5'

2018-11-23 08:50:33 - [MESSAGE][PASSED] - Text 'Fr@nc1sJ0n' is set on object 'Object Repository/FSM1/Control Centre/Page_Job Manager Login/input_gwt-uid-5'

2018-11-23 08:50:33 - [TEST_STEP][PASSED] - click: Object: 'Object Repository/FSM1/PreProd/Page_Job Manager Login/div_Login' is clicked on

2018-11-23 08:50:34 - [MESSAGE][PASSED] - Object: 'Object Repository/FSM1/PreProd/Page_Job Manager Login/div_Login' is clicked on

2018-11-23 08:50:34 - [TEST_STEP][PASSED] - delay: Delayed 5 second(s)

2018-11-23 08:50:39 - [MESSAGE][PASSED] - Delayed 5 second(s)]]></system-out>
         <system-err><![CDATA[]]></system-err>
      </testcase>
      <testcase name="Test Cases/Form Jobs/BSE16/Control Centre - Check Results - BSE16" classname="Test Cases/Form Jobs/BSE16/Control Centre - Check Results - BSE16" status="PASSED">
         <system-out><![CDATA[2018-11-23 08:50:39 - [TEST_CASE][PASSED] - Test Cases/Form Jobs/BSE16/Control Centre - Check Results - BSE16: Test Cases/Form Jobs/BSE16/Control Centre - Check Results - BSE16

2018-11-23 08:50:39 - [TEST_STEP][PASSED] - Statement - log = new com.kms.katalon.core.logging.KeywordLogger(): null

2018-11-23 08:50:39 - [TEST_STEP][PASSED] - setText: Text '91416' is set on object 'Object Repository/FSM1/EMI Check Results/Page_JM Control Centre/input_Recents_v-textfield v-wi'

2018-11-23 08:50:40 - [MESSAGE][PASSED] - Text '91416' is set on object 'Object Repository/FSM1/EMI Check Results/Page_JM Control Centre/input_Recents_v-textfield v-wi'

2018-11-23 08:50:40 - [TEST_STEP][PASSED] - click: Object: 'Object Repository/FSM1/EMI Check Results/Page_JM Control Centre/span_' is clicked on

2018-11-23 08:50:40 - [MESSAGE][PASSED] - Object: 'Object Repository/FSM1/EMI Check Results/Page_JM Control Centre/span_' is clicked on

2018-11-23 08:50:40 - [TEST_STEP][PASSED] - waitForElementPresent: Object 'Object Repository/FSM1/EMI Check Results/Page_JM Control Centre/div_CLOSED' is present

2018-11-23 08:50:44 - [MESSAGE][PASSED] - Object 'Object Repository/FSM1/EMI Check Results/Page_JM Control Centre/div_CLOSED' is present

2018-11-23 08:50:44 - [TEST_STEP][PASSED] - delay: Delayed 3 second(s)

2018-11-23 08:50:47 - [MESSAGE][PASSED] - Delayed 3 second(s)

2018-11-23 08:50:47 - [TEST_STEP][PASSED] - verifyElementPresent: Object 'Object Repository/FSM1/Complete ABP Inspection/Check Results/03a/Page_JM Control Centre/div_Attachments_BSE16' is present

2018-11-23 08:50:47 - [MESSAGE][PASSED] - Object 'Object Repository/FSM1/Complete ABP Inspection/Check Results/03a/Page_JM Control Centre/div_Attachments_BSE16' is present]]></system-out>
         <system-err><![CDATA[]]></system-err>
      </testcase>
      <testcase name="Test Cases/ABP/Generic/Check Subsequent Inspection Doesnt Exist" classname="Test Cases/ABP/Generic/Check Subsequent Inspection Doesnt Exist" status="PASSED">
         <system-out><![CDATA[2018-11-23 08:50:47 - [TEST_CASE][PASSED] - Test Cases/ABP/Generic/Check Subsequent Inspection Doesnt Exist: Test Cases/ABP/Generic/Check Subsequent Inspection Doesnt Exist

2018-11-23 08:50:48 - [TEST_STEP][PASSED] - delay: Delayed 2 second(s)

2018-11-23 08:50:50 - [MESSAGE][PASSED] - Delayed 2 second(s)

2018-11-23 08:50:50 - [TEST_STEP][PASSED] - click: Object: 'Object Repository/FSM1/Complete ABP Inspection/Check Subsequent Inspections/New/Page_JM Control Centre/div_' is clicked on

2018-11-23 08:50:50 - [MESSAGE][PASSED] - Object: 'Object Repository/FSM1/Complete ABP Inspection/Check Subsequent Inspections/New/Page_JM Control Centre/div_' is clicked on

2018-11-23 08:50:50 - [TEST_STEP][PASSED] - click: Object: 'Object Repository/FSM1/Complete ABP Inspection/Check Subsequent Inspections/New/Page_JM Control Centre/span_List All Subordinate Jobs' is clicked on

2018-11-23 08:50:50 - [MESSAGE][PASSED] - Object: 'Object Repository/FSM1/Complete ABP Inspection/Check Subsequent Inspections/New/Page_JM Control Centre/span_List All Subordinate Jobs' is clicked on

2018-11-23 08:50:50 - [TEST_STEP][PASSED] - verifyElementNotPresent: Web element with id: 'Object Repository/FSM1/Complete ABP Inspection/Check Subsequent Inspections/New/Page_JM Control Centre/div_2 found.' located by 'By.xpath: //div[@class = 'v-captiontext' and (text() = '2 found.' or . = '2 found.')]' is not present after '5' second(s)

2018-11-23 08:50:51 - [MESSAGE][PASSED] - Web element with id: 'Object Repository/FSM1/Complete ABP Inspection/Check Subsequent Inspections/New/Page_JM Control Centre/div_2 found.' located by 'By.xpath: //div[@class = 'v-captiontext' and (text() = '2 found.' or . = '2 found.')]' is not present after '5' second(s)

2018-11-23 08:50:51 - [TEST_STEP][PASSED] - closeBrowser: Browser is closed

2018-11-23 08:50:52 - [MESSAGE][PASSED] - Browser is closed]]></system-out>
         <system-err><![CDATA[]]></system-err>
      </testcase>
      <system-out><![CDATA[2018-11-23 08:47:40 - [TEST_SUITE][PASSED] - BSE16 Regression - Livestock Farm: Test Cases/ABP/Generic/Check Subsequent Inspection Doesnt Exist]]></system-out>
      <system-err><![CDATA[]]></system-err>
   </testsuite>
</testsuites>
