<?xml version="1.0" encoding="UTF-8"?>
<testsuites name="EMI Regression" time="113" tests="2" failures="0" errors="0">
   <testsuite name="EMI Regression" tests="2" failures="0" errors="0" time="113" timestamp="2018-05-23 14:07:18" hostname="JHATFIELD - SNDFSMINFSRV001.defra.onmicrosoft.com" id="Test Suites/EMI Regression">
      <properties>
         <property name="deviceName" value=""/>
         <property name="devicePlatform" value=""/>
         <property name="logFolder" value="C:\\Users\\JHATFIELD\\git\\DEFRA-FSM_Automated_Regression_NEW\\Reports\\EMI Regression\\20180523_140714"/>
         <property name="logFiles" value="C:\\Users\\JHATFIELD\\git\\DEFRA-FSM_Automated_Regression_NEW\\Reports\\EMI Regression\\20180523_140714\\execution0.log"/>
         <property name="attachments" value=""/>
         <property name="hostName" value="JHATFIELD - SNDFSMINFSRV001.defra.onmicrosoft.com"/>
         <property name="os" value="Windows NT (unknown) 64bit"/>
         <property name="katalonVersion" value="5.4.1.1"/>
         <property name="browser" value="Chrome 66.0.3359.181"/>
         <property name="hostAddress" value="10.201.1.17"/>
         <property name="sessionId" value="dae6998209b3195d4e49eecc8c5109e9"/>
         <property name="seleniumVersion" value="3.7.1"/>
         <property name="proxyInformation" value="ProxyInformation{proxyOption=NO_PROXY, proxyServerType=HTTP, password=, proxyServerAddress=, proxyServerPort=0}"/>
         <property name="platform" value="Windows NT (unknown)"/>
      </properties>
      <testcase name="Test Cases/Launch Job Manager Control Centre" classname="Test Cases/Launch Job Manager Control Centre" status="PASSED">
         <system-out><![CDATA[2018-05-23 14:07:19 - [TEST_CASE][PASSED] - Test Cases/Launch Job Manager Control Centre: Test Cases/Launch Job Manager Control Centre

2018-05-23 14:07:19 - [TEST_STEP][PASSED] - openBrowser: Browser is opened with url: ''

2018-05-23 14:07:25 - [MESSAGE][PASSED] - Browser is opened with url: ''

2018-05-23 14:07:25 - [TEST_STEP][PASSED] - navigateToUrl: Navigate to 'https://kirona-def-2.kirona.com/jmtest/login#!loginView' successfully

2018-05-23 14:07:28 - [MESSAGE][PASSED] - Navigate to 'https://kirona-def-2.kirona.com/jmtest/login#!loginView' successfully

2018-05-23 14:07:28 - [TEST_STEP][PASSED] - setText: Text 'jon.hatfield' is set on object 'Object Repository/FSM1/Control Centre/Page_Job Manager Login/input_gwt-uid-3'

2018-05-23 14:07:29 - [MESSAGE][PASSED] - Text 'jon.hatfield' is set on object 'Object Repository/FSM1/Control Centre/Page_Job Manager Login/input_gwt-uid-3'

2018-05-23 14:07:29 - [TEST_STEP][PASSED] - setText: Text 'Fr@nc1sJ0n' is set on object 'Object Repository/FSM1/Control Centre/Page_Job Manager Login/input_gwt-uid-5'

2018-05-23 14:07:30 - [MESSAGE][PASSED] - Text 'Fr@nc1sJ0n' is set on object 'Object Repository/FSM1/Control Centre/Page_Job Manager Login/input_gwt-uid-5'

2018-05-23 14:07:30 - [TEST_STEP][PASSED] - click: Object: 'Object Repository/FSM1/Control Centre/Page_Job Manager Login/Page_Job Manager Login/div_Login' is clicked on

2018-05-23 14:07:30 - [MESSAGE][PASSED] - Object: 'Object Repository/FSM1/Control Centre/Page_Job Manager Login/Page_Job Manager Login/div_Login' is clicked on

2018-05-23 14:07:30 - [TEST_STEP][PASSED] - delay: Delayed 5 second(s)

2018-05-23 14:07:35 - [MESSAGE][PASSED] - Delayed 5 second(s)]]></system-out>
         <system-err><![CDATA[]]></system-err>
      </testcase>
      <testcase name="Test Cases/Create EMI Inspection" classname="Test Cases/Create EMI Inspection" status="PASSED">
         <system-out><![CDATA[2018-05-23 14:07:35 - [TEST_CASE][PASSED] - Test Cases/Create EMI Inspection: Test Cases/Create EMI Inspection

2018-05-23 14:07:36 - [TEST_STEP][PASSED] - Statement - log = new com.kms.katalon.core.logging.KeywordLogger(): null

2018-05-23 14:07:36 - [TEST_STEP][PASSED] - click: Object: 'Object Repository/FSM1/JH Test/Page_JM Control Centre/div_Create' is clicked on

2018-05-23 14:07:36 - [MESSAGE][PASSED] - Object: 'Object Repository/FSM1/JH Test/Page_JM Control Centre/div_Create' is clicked on

2018-05-23 14:07:36 - [TEST_STEP][PASSED] - setText: Text 'emi' is set on object 'Object Repository/FSM1/JH Test/Page_JM Control Centre/input_gwt-uid-8'

2018-05-23 14:07:38 - [MESSAGE][PASSED] - Text 'emi' is set on object 'Object Repository/FSM1/JH Test/Page_JM Control Centre/input_gwt-uid-8'

2018-05-23 14:07:38 - [TEST_STEP][PASSED] - click: Object: 'Object Repository/FSM1/JH Test/Page_JM Control Centre/span_EMI Inspection' is clicked on

2018-05-23 14:07:39 - [MESSAGE][PASSED] - Object: 'Object Repository/FSM1/JH Test/Page_JM Control Centre/span_EMI Inspection' is clicked on

2018-05-23 14:07:39 - [TEST_STEP][PASSED] - click: Object: 'Object Repository/FSM1/Control Centre/Create EMI Inspection/Page_JM Control Centre/span_' is clicked on

2018-05-23 14:07:41 - [MESSAGE][PASSED] - Object: 'Object Repository/FSM1/Control Centre/Create EMI Inspection/Page_JM Control Centre/span_' is clicked on

2018-05-23 14:07:41 - [TEST_STEP][PASSED] - click: Object: 'Object Repository/FSM1/Control Centre/Create EMI Inspection/Address Search/Page_JM Control Centre/Postcode Search' is clicked on

2018-05-23 14:07:44 - [MESSAGE][PASSED] - Object: 'Object Repository/FSM1/Control Centre/Create EMI Inspection/Address Search/Page_JM Control Centre/Postcode Search' is clicked on

2018-05-23 14:07:44 - [TEST_STEP][PASSED] - setText: Text 'CV37 6SN' is set on object 'Object Repository/FSM1/Control Centre/Create EMI Inspection/Create Address/Page_JM Control Centre/input_v-textfield v-widget v-t'

2018-05-23 14:07:49 - [MESSAGE][PASSED] - Text 'CV37 6SN' is set on object 'Object Repository/FSM1/Control Centre/Create EMI Inspection/Create Address/Page_JM Control Centre/input_v-textfield v-widget v-t'

2018-05-23 14:07:49 - [TEST_STEP][PASSED] - click: Object: 'Object Repository/FSM1/Control Centre/Create EMI Inspection/Create Address/Page_JM Control Centre (1)/SearchButton' is clicked on

2018-05-23 14:07:51 - [MESSAGE][PASSED] - Object: 'Object Repository/FSM1/Control Centre/Create EMI Inspection/Create Address/Page_JM Control Centre (1)/SearchButton' is clicked on

2018-05-23 14:07:52 - [TEST_STEP][PASSED] - click: Object: 'Object Repository/FSM1/Control Centre/Create EMI Inspection/Page_JM Control Centre/Address' is clicked on

2018-05-23 14:07:53 - [MESSAGE][PASSED] - Object: 'Object Repository/FSM1/Control Centre/Create EMI Inspection/Page_JM Control Centre/Address' is clicked on

2018-05-23 14:07:53 - [TEST_STEP][PASSED] - click: Object: 'Object Repository/FSM1/Control Centre/Create EMI Inspection/Create Address/Page_JM Control Centre (2)/div_Add Selected Item' is clicked on

2018-05-23 14:07:55 - [MESSAGE][PASSED] - Object: 'Object Repository/FSM1/Control Centre/Create EMI Inspection/Create Address/Page_JM Control Centre (2)/div_Add Selected Item' is clicked on

2018-05-23 14:07:55 - [TEST_STEP][PASSED] - click: Object: 'Object Repository/FSM1/JH Test 1/Page_JM Control Centre (1)/div_Scheduling WindowFollow SL' is clicked on

2018-05-23 14:07:57 - [MESSAGE][PASSED] - Object: 'Object Repository/FSM1/JH Test 1/Page_JM Control Centre (1)/div_Scheduling WindowFollow SL' is clicked on

2018-05-23 14:07:57 - [TEST_STEP][PASSED] - setText: Text 'jon' is set on object 'Object Repository/FSM1/JH Test 1/Page_JM Control Centre (2)/input_gwt-uid-147'

2018-05-23 14:07:58 - [MESSAGE][PASSED] - Text 'jon' is set on object 'Object Repository/FSM1/JH Test 1/Page_JM Control Centre (2)/input_gwt-uid-147'

2018-05-23 14:07:58 - [TEST_STEP][PASSED] - click: Object: 'Object Repository/FSM1/JH Test 1/Page_JM Control Centre (4)/InspectorName' is clicked on

2018-05-23 14:07:58 - [MESSAGE][PASSED] - Object: 'Object Repository/FSM1/JH Test 1/Page_JM Control Centre (4)/InspectorName' is clicked on

2018-05-23 14:07:58 - [TEST_STEP][PASSED] - click: Object: 'Object Repository/FSM1/JH Test 2/Page_JM Control Centre/div_Duration' is clicked on

2018-05-23 14:07:59 - [MESSAGE][PASSED] - Object: 'Object Repository/FSM1/JH Test 2/Page_JM Control Centre/div_Duration' is clicked on

2018-05-23 14:07:59 - [TEST_STEP][PASSED] - setText: Text '15' is set on object 'Object Repository/FSM1/JH Test 2/Page_JM Control Centre/input_gwt-uid-97'

2018-05-23 14:07:59 - [MESSAGE][PASSED] - Text '15' is set on object 'Object Repository/FSM1/JH Test 2/Page_JM Control Centre/input_gwt-uid-97'

2018-05-23 14:07:59 - [TEST_STEP][PASSED] - setText: Text 'west' is set on object 'Object Repository/FSM1/JH Test 3/Page_JM Control Centre/input_gwt-uid-107'

2018-05-23 14:08:00 - [MESSAGE][PASSED] - Text 'west' is set on object 'Object Repository/FSM1/JH Test 3/Page_JM Control Centre/input_gwt-uid-107'

2018-05-23 14:08:00 - [TEST_STEP][PASSED] - click: Object: 'Object Repository/FSM1/JH Test 3/Page_JM Control Centre/span_West' is clicked on

2018-05-23 14:08:00 - [MESSAGE][PASSED] - Object: 'Object Repository/FSM1/JH Test 3/Page_JM Control Centre/span_West' is clicked on

2018-05-23 14:08:01 - [TEST_STEP][PASSED] - setText: Text 'emi routine' is set on object 'Object Repository/FSM1/JH Test 3/Page_JM Control Centre/input_gwt-uid-115'

2018-05-23 14:08:02 - [MESSAGE][PASSED] - Text 'emi routine' is set on object 'Object Repository/FSM1/JH Test 3/Page_JM Control Centre/input_gwt-uid-115'

2018-05-23 14:08:02 - [TEST_STEP][PASSED] - click: Object: 'Object Repository/FSM1/JH Test 3/Page_JM Control Centre/InspectionType' is clicked on

2018-05-23 14:08:03 - [MESSAGE][PASSED] - Object: 'Object Repository/FSM1/JH Test 3/Page_JM Control Centre/InspectionType' is clicked on

2018-05-23 14:08:03 - [TEST_STEP][PASSED] - setText: Text 'Mr Automation' is set on object 'Object Repository/FSM1/JH Test 3/Page_JM Control Centre/input_gwt-uid-117'

2018-05-23 14:08:03 - [MESSAGE][PASSED] - Text 'Mr Automation' is set on object 'Object Repository/FSM1/JH Test 3/Page_JM Control Centre/input_gwt-uid-117'

2018-05-23 14:08:03 - [TEST_STEP][PASSED] - setText: Text '111' is set on object 'Object Repository/FSM1/JH Test 3/Page_JM Control Centre/input_gwt-uid-123'

2018-05-23 14:08:04 - [MESSAGE][PASSED] - Text '111' is set on object 'Object Repository/FSM1/JH Test 3/Page_JM Control Centre/input_gwt-uid-123'

2018-05-23 14:08:04 - [TEST_STEP][PASSED] - setText: Text '222' is set on object 'Object Repository/FSM1/JH Test 3/Page_JM Control Centre/input_gwt-uid-125'

2018-05-23 14:08:04 - [MESSAGE][PASSED] - Text '222' is set on object 'Object Repository/FSM1/JH Test 3/Page_JM Control Centre/input_gwt-uid-125'

2018-05-23 14:08:04 - [TEST_STEP][PASSED] - setText: Text 'egg packer' is set on object 'Object Repository/FSM1/JH Test 3/Page_JM Control Centre/input_gwt-uid-133'

2018-05-23 14:08:06 - [MESSAGE][PASSED] - Text 'egg packer' is set on object 'Object Repository/FSM1/JH Test 3/Page_JM Control Centre/input_gwt-uid-133'

2018-05-23 14:08:06 - [TEST_STEP][PASSED] - click: Object: 'Object Repository/FSM1/JH Test 3/Page_JM Control Centre/VisitType' is clicked on

2018-05-23 14:08:06 - [MESSAGE][PASSED] - Object: 'Object Repository/FSM1/JH Test 3/Page_JM Control Centre/VisitType' is clicked on

2018-05-23 14:08:06 - [TEST_STEP][PASSED] - click: Object: 'Object Repository/FSM1/Control Centre/Create EMI Inspection/Finish/Page_JM Control Centre (3)/div_Create' is clicked on

2018-05-23 14:08:07 - [MESSAGE][PASSED] - Object: 'Object Repository/FSM1/Control Centre/Create EMI Inspection/Finish/Page_JM Control Centre (3)/div_Create' is clicked on

2018-05-23 14:08:07 - [TEST_STEP][PASSED] - waitForElementPresent: Object 'Object Repository/FSM1/Control Centre/Status/Page_JM Control Centre/div_PLANNED DYNAMIC' is present

2018-05-23 14:09:10 - [MESSAGE][PASSED] - Object 'Object Repository/FSM1/Control Centre/Status/Page_JM Control Centre/div_PLANNED DYNAMIC' is present

2018-05-23 14:09:10 - [TEST_STEP][PASSED] - Statement - InspectionID = com.kms.katalon.core.webui.keyword.WebUiBuiltInKeywords.getText(com.kms.katalon.core.testobject.ObjectRepository.findTestObject(FSM1/Control Centre/Create EMI Inspection/InspectionID/Page_JM Control Centre/InspectionID)): Text of object 'Object Repository/FSM1/Control Centre/Create EMI Inspection/InspectionID/Page_JM Control Centre/InspectionID' is: 'Viewing Job 33637'

2018-05-23 14:09:11 - [MESSAGE][PASSED] - Text of object 'Object Repository/FSM1/Control Centre/Create EMI Inspection/InspectionID/Page_JM Control Centre/InspectionID' is: 'Viewing Job 33637'

2018-05-23 14:09:11 - [TEST_STEP][PASSED] - Statement - InspectionID = InspectionID.replaceAll("Viewing Job ", ""): null

2018-05-23 14:09:11 - [TEST_STEP][PASSED] - Statement - log.logWarning(InspectionID): 33637

2018-05-23 14:09:11 - [MESSAGE][WARNING] - 33637]]></system-out>
         <system-err><![CDATA[]]></system-err>
      </testcase>
      <system-out><![CDATA[2018-05-23 14:07:18 - [TEST_SUITE][PASSED] - EMI Regression: Test Cases/Create EMI Inspection]]></system-out>
      <system-err><![CDATA[]]></system-err>
   </testsuite>
</testsuites>
