<?xml version="1.0" encoding="UTF-8"?>
<testsuites name="BSE16 Regression - Feedmill" time="168" tests="17" failures="0" errors="0">
   <testsuite name="BSE16 Regression - Feedmill" tests="17" failures="0" errors="0" time="168" timestamp="2018-11-23 08:33:34" hostname="JHATFIELD - SNDFSMINFSRV001.defra.onmicrosoft.com" id="Test Suites/Form Jobs/BSE16 Regression - Feedmill">
      <properties>
         <property name="deviceName" value=""/>
         <property name="devicePlatform" value=""/>
         <property name="logFolder" value="C:\\Users\\JHATFIELD\\git\\DEFRA-FSM_Automated_Regression_NEW\\Reports\\Form Jobs\\BSE16 Regression - Feedmill\\20181123_083329"/>
         <property name="logFiles" value="C:\\Users\\JHATFIELD\\git\\DEFRA-FSM_Automated_Regression_NEW\\Reports\\Form Jobs\\BSE16 Regression - Feedmill\\20181123_083329\\execution0.log"/>
         <property name="attachments" value=""/>
         <property name="hostName" value="JHATFIELD - SNDFSMINFSRV001.defra.onmicrosoft.com"/>
         <property name="os" value="Windows Server 2016 64bit"/>
         <property name="katalonVersion" value="5.8.6.1"/>
         <property name="browser" value="Chrome 70.0.3538.102"/>
         <property name="hostAddress" value="10.201.1.17"/>
         <property name="sessionId" value="73fefdb6f08c8fc7dcdf852326781afa"/>
         <property name="seleniumVersion" value="3.7.1"/>
         <property name="proxyInformation" value="ProxyInformation{proxyOption=NO_PROXY, proxyServerType=HTTP, password=, proxyServerAddress=, proxyServerPort=0}"/>
         <property name="platform" value="Windows Server 2016"/>
      </properties>
      <testcase name="Test Cases/Generic/Launch Job Manager" classname="Test Cases/Generic/Launch Job Manager" status="PASSED">
         <system-out><![CDATA[2018-11-23 08:33:35 - [TEST_CASE][PASSED] - Test Cases/Generic/Launch Job Manager: Test Cases/Generic/Launch Job Manager

2018-11-23 08:33:36 - [TEST_STEP][PASSED] - openBrowser: Browser is opened with url: ''

2018-11-23 08:33:41 - [MESSAGE][PASSED] - Browser is opened with url: ''

2018-11-23 08:33:41 - [TEST_STEP][PASSED] - navigateToUrl: Navigate to 'https://kirona-def-6.kirona.com/jmprep/jclient/jclient.html' successfully

2018-11-23 08:33:42 - [MESSAGE][PASSED] - Navigate to 'https://kirona-def-6.kirona.com/jmprep/jclient/jclient.html' successfully

2018-11-23 08:33:42 - [TEST_STEP][PASSED] - setText: Text 'KIR1' is set on object 'Object Repository/FSM1/Launch Application/Page_JClient/input_gwt-TextBox GKH2EKQBMDB'

2018-11-23 08:33:45 - [MESSAGE][PASSED] - Text 'KIR1' is set on object 'Object Repository/FSM1/Launch Application/Page_JClient/input_gwt-TextBox GKH2EKQBMDB'

2018-11-23 08:33:45 - [TEST_STEP][PASSED] - sendKeys: Keys 'ENTER + ' sent to object: 'Object Repository/FSM1/Launch Application/Page_JClient/input_gwt-TextBox GKH2EKQBMDB'

2018-11-23 08:33:45 - [MESSAGE][PASSED] - Keys 'ENTER + ' sent to object: 'Object Repository/FSM1/Launch Application/Page_JClient/input_gwt-TextBox GKH2EKQBMDB'

2018-11-23 08:33:45 - [TEST_STEP][PASSED] - click: Object: 'Object Repository/FSM1/Launch Application/Page_JClient/div_Configure App' is clicked on

2018-11-23 08:33:45 - [MESSAGE][PASSED] - Object: 'Object Repository/FSM1/Launch Application/Page_JClient/div_Configure App' is clicked on

2018-11-23 08:33:45 - [TEST_STEP][PASSED] - setText: Text 'test.inspector' is set on object 'Object Repository/FSM1/Launch Application/Page_JClient/input_gwt-TextBox GKH2EKQBNHC'

2018-11-23 08:33:47 - [MESSAGE][PASSED] - Text 'test.inspector' is set on object 'Object Repository/FSM1/Launch Application/Page_JClient/input_gwt-TextBox GKH2EKQBNHC'

2018-11-23 08:33:47 - [TEST_STEP][PASSED] - setText: Text 'Password1.' is set on object 'Object Repository/FSM1/Launch Application/Page_JClient/input_gwt-PasswordTextBox GKH2'

2018-11-23 08:33:47 - [MESSAGE][PASSED] - Text 'Password1.' is set on object 'Object Repository/FSM1/Launch Application/Page_JClient/input_gwt-PasswordTextBox GKH2'

2018-11-23 08:33:47 - [TEST_STEP][PASSED] - click: Object: 'Object Repository/FSM1/Launch Application/Page_JClient/div_Sign In' is clicked on

2018-11-23 08:33:47 - [MESSAGE][PASSED] - Object: 'Object Repository/FSM1/Launch Application/Page_JClient/div_Sign In' is clicked on

2018-11-23 08:33:47 - [TEST_STEP][PASSED] - delay: Delayed 15 second(s)

2018-11-23 08:34:02 - [MESSAGE][PASSED] - Delayed 15 second(s)]]></system-out>
         <system-err><![CDATA[]]></system-err>
      </testcase>
      <testcase name="Test Cases/Form Jobs/BSE16/Create BSE Inspection" classname="Test Cases/Form Jobs/BSE16/Create BSE Inspection" status="PASSED">
         <system-out><![CDATA[2018-11-23 08:34:02 - [TEST_CASE][PASSED] - Test Cases/Form Jobs/BSE16/Create BSE Inspection: Test Cases/Form Jobs/BSE16/Create BSE Inspection

2018-11-23 08:34:03 - [TEST_STEP][PASSED] - Statement - log = new com.kms.katalon.core.logging.KeywordLogger(): null

2018-11-23 08:34:03 - [TEST_STEP][PASSED] - delay: Delayed 15 second(s)

2018-11-23 08:34:18 - [MESSAGE][PASSED] - Delayed 15 second(s)

2018-11-23 08:34:18 - [TEST_STEP][PASSED] - click: Object: 'Object Repository/FSM1/BSE16/Page_JClient/div_Main Menu_GKH2EKQBMBC' is clicked on

2018-11-23 08:34:18 - [MESSAGE][PASSED] - Object: 'Object Repository/FSM1/BSE16/Page_JClient/div_Main Menu_GKH2EKQBMBC' is clicked on

2018-11-23 08:34:18 - [TEST_STEP][PASSED] - delay: Delayed 3 second(s)

2018-11-23 08:34:21 - [MESSAGE][PASSED] - Delayed 3 second(s)

2018-11-23 08:34:21 - [TEST_STEP][PASSED] - click: Object: 'Object Repository/FSM1/BSE16/Page_JClient/div_Form Jobs' is clicked on

2018-11-23 08:34:22 - [MESSAGE][PASSED] - Object: 'Object Repository/FSM1/BSE16/Page_JClient/div_Form Jobs' is clicked on

2018-11-23 08:34:22 - [TEST_STEP][PASSED] - click: Object: 'Object Repository/FSM1/BSE16/Page_JClient/div_BSE16' is clicked on

2018-11-23 08:34:22 - [MESSAGE][PASSED] - Object: 'Object Repository/FSM1/BSE16/Page_JClient/div_BSE16' is clicked on

2018-11-23 08:34:22 - [TEST_STEP][PASSED] - click: Object: 'Object Repository/FSM1/BSE16/Page_JClient/div_WITH OPERATIVE' is clicked on

2018-11-23 08:34:23 - [MESSAGE][PASSED] - Object: 'Object Repository/FSM1/BSE16/Page_JClient/div_WITH OPERATIVE' is clicked on

2018-11-23 08:34:23 - [TEST_STEP][PASSED] - click: Object: 'Object Repository/FSM1/BSE16/Page_JClient/div_TRAVELLING' is clicked on

2018-11-23 08:34:23 - [MESSAGE][PASSED] - Object: 'Object Repository/FSM1/BSE16/Page_JClient/div_TRAVELLING' is clicked on

2018-11-23 08:34:23 - [TEST_STEP][PASSED] - click: Object: 'Object Repository/FSM1/BSE16/Page_JClient/div_TRAVELLING' is clicked on

2018-11-23 08:34:23 - [MESSAGE][PASSED] - Object: 'Object Repository/FSM1/BSE16/Page_JClient/div_TRAVELLING' is clicked on

2018-11-23 08:34:23 - [TEST_STEP][PASSED] - click: Object: 'Object Repository/FSM1/BSE16/Page_JClient/div_ARRIVED' is clicked on

2018-11-23 08:34:23 - [MESSAGE][PASSED] - Object: 'Object Repository/FSM1/BSE16/Page_JClient/div_ARRIVED' is clicked on

2018-11-23 08:34:23 - [TEST_STEP][PASSED] - click: Object: 'Object Repository/FSM1/BSE16/Page_JClient/div_ARRIVED' is clicked on

2018-11-23 08:34:24 - [MESSAGE][PASSED] - Object: 'Object Repository/FSM1/BSE16/Page_JClient/div_ARRIVED' is clicked on

2018-11-23 08:34:24 - [TEST_STEP][PASSED] - click: Object: 'Object Repository/FSM1/BSE16/Page_JClient/div_STARTED' is clicked on

2018-11-23 08:34:24 - [MESSAGE][PASSED] - Object: 'Object Repository/FSM1/BSE16/Page_JClient/div_STARTED' is clicked on

2018-11-23 08:34:24 - [TEST_STEP][NOT_RUN] - Statement - mydate = new java.util.Date(): NOT_RUN: Statement - mydate = new java.util.Date()

2018-11-23 08:34:24 - [MESSAGE][NOT_RUN] - NOT_RUN: Statement - mydate = new java.util.Date()

2018-11-23 08:34:24 - [TEST_STEP][NOT_RUN] - Statement - formattedDate = mydate.format("MM/dd/yyy"): NOT_RUN: Statement - formattedDate = mydate.format("MM/dd/yyy")

2018-11-23 08:34:24 - [MESSAGE][NOT_RUN] - NOT_RUN: Statement - formattedDate = mydate.format("MM/dd/yyy")

2018-11-23 08:34:24 - [TEST_STEP][NOT_RUN] - sendKeys: NOT_RUN: sendKeys

2018-11-23 08:34:24 - [MESSAGE][NOT_RUN] - NOT_RUN: sendKeys]]></system-out>
         <system-err><![CDATA[]]></system-err>
      </testcase>
      <testcase name="Test Cases/Form Jobs/BSE16/Edit Job Details - Feedmill" classname="Test Cases/Form Jobs/BSE16/Edit Job Details - Feedmill" status="PASSED">
         <system-out><![CDATA[2018-11-23 08:34:24 - [TEST_CASE][PASSED] - Test Cases/Form Jobs/BSE16/Edit Job Details - Feedmill: Test Cases/Form Jobs/BSE16/Edit Job Details - Feedmill

2018-11-23 08:34:24 - [TEST_STEP][PASSED] - click: Object: 'Object Repository/FSM1/BSE16/Page_JClient/Page_JClient/div_Edit attributes' is clicked on

2018-11-23 08:34:25 - [MESSAGE][PASSED] - Object: 'Object Repository/FSM1/BSE16/Page_JClient/Page_JClient/div_Edit attributes' is clicked on

2018-11-23 08:34:25 - [TEST_STEP][PASSED] - selectOptionByValue: All options with value 'SOUTHERN1' are selected in object 'Object Repository/FSM1/BSE16/Page_JClient/Page_JClient/select_Southern-1Southern-2Sou'  using regular expression

2018-11-23 08:34:26 - [MESSAGE][PASSED] - All options with value 'SOUTHERN1' are selected in object 'Object Repository/FSM1/BSE16/Page_JClient/Page_JClient/select_Southern-1Southern-2Sou'  using regular expression

2018-11-23 08:34:26 - [TEST_STEP][PASSED] - setText: Text 'test@automation.com' is set on object 'Object Repository/FSM1/BSE16/Page_JClient/Page_JClient/input_Email_gwt-TextBox GKH2EK'

2018-11-23 08:34:26 - [MESSAGE][PASSED] - Text 'test@automation.com' is set on object 'Object Repository/FSM1/BSE16/Page_JClient/Page_JClient/input_Email_gwt-TextBox GKH2EK'

2018-11-23 08:34:26 - [TEST_STEP][PASSED] - click: Object: 'Object Repository/FSM1/BSE16/Page_JClient/Page_JClient/input_Vet_radio_group_2' is clicked on

2018-11-23 08:34:26 - [MESSAGE][PASSED] - Object: 'Object Repository/FSM1/BSE16/Page_JClient/Page_JClient/input_Vet_radio_group_2' is clicked on

2018-11-23 08:34:26 - [TEST_STEP][PASSED] - setText: Text 'Test Automation' is set on object 'Object Repository/FSM1/BSE16/Page_JClient/Page_JClient/input_TownFarm_gwt-TextBox GKH'

2018-11-23 08:34:27 - [MESSAGE][PASSED] - Text 'Test Automation' is set on object 'Object Repository/FSM1/BSE16/Page_JClient/Page_JClient/input_TownFarm_gwt-TextBox GKH'

2018-11-23 08:34:27 - [TEST_STEP][PASSED] - setText: Text 'Test automation' is set on object 'Object Repository/FSM1/BSE16/Page_JClient/Page_JClient/textarea_Address_gwt-TextArea'

2018-11-23 08:34:27 - [MESSAGE][PASSED] - Text 'Test automation' is set on object 'Object Repository/FSM1/BSE16/Page_JClient/Page_JClient/textarea_Address_gwt-TextArea'

2018-11-23 08:34:27 - [TEST_STEP][PASSED] - setText: Text 'CV37 6SN' is set on object 'Object Repository/FSM1/BSE16/Page_JClient/Page_JClient/input_Postcode_gwt-TextBox GKH'

2018-11-23 08:34:27 - [MESSAGE][PASSED] - Text 'CV37 6SN' is set on object 'Object Repository/FSM1/BSE16/Page_JClient/Page_JClient/input_Postcode_gwt-TextBox GKH'

2018-11-23 08:34:27 - [TEST_STEP][PASSED] - selectOptionByValue: All options with value 'FEEDMILL' are selected in object 'Object Repository/FSM1/BSE16/Page_JClient/Page_JClient/select_FeedmillImporterInterme' 

2018-11-23 08:34:28 - [MESSAGE][PASSED] - All options with value 'FEEDMILL' are selected in object 'Object Repository/FSM1/BSE16/Page_JClient/Page_JClient/select_FeedmillImporterInterme' 

2018-11-23 08:34:28 - [TEST_STEP][PASSED] - delay: Delayed 3 second(s)

2018-11-23 08:34:31 - [MESSAGE][PASSED] - Delayed 3 second(s)]]></system-out>
         <system-err><![CDATA[]]></system-err>
      </testcase>
      <testcase name="Test Cases/Form Jobs/BSE16/Sample Details" classname="Test Cases/Form Jobs/BSE16/Sample Details" status="PASSED">
         <system-out><![CDATA[2018-11-23 08:34:31 - [TEST_CASE][PASSED] - Test Cases/Form Jobs/BSE16/Sample Details: Test Cases/Form Jobs/BSE16/Sample Details

2018-11-23 08:34:31 - [TEST_STEP][PASSED] - click: Object: 'Object Repository/FSM1/BSE16/Page_JClient/div_Sample Details' is clicked on

2018-11-23 08:34:31 - [MESSAGE][PASSED] - Object: 'Object Repository/FSM1/BSE16/Page_JClient/div_Sample Details' is clicked on

2018-11-23 08:34:31 - [TEST_STEP][PASSED] - click: Object: 'Object Repository/FSM1/BSE16/Page_JClient/input_Did you take samples at' is clicked on

2018-11-23 08:34:33 - [MESSAGE][PASSED] - Object: 'Object Repository/FSM1/BSE16/Page_JClient/input_Did you take samples at' is clicked on

2018-11-23 08:34:33 - [TEST_STEP][PASSED] - click: Object: 'Object Repository/FSM1/BSE16/Page_JClient/input_Are these routine sample' is clicked on

2018-11-23 08:34:33 - [MESSAGE][PASSED] - Object: 'Object Repository/FSM1/BSE16/Page_JClient/input_Are these routine sample' is clicked on

2018-11-23 08:34:33 - [TEST_STEP][PASSED] - setText: Text '2' is set on object 'Object Repository/FSM1/BSE16/Page_JClient/input_Total no. of rations sam'

2018-11-23 08:34:33 - [MESSAGE][PASSED] - Text '2' is set on object 'Object Repository/FSM1/BSE16/Page_JClient/input_Total no. of rations sam'

2018-11-23 08:34:33 - [TEST_STEP][PASSED] - setText: Text '2' is set on object 'Object Repository/FSM1/BSE16/Page_JClient/input_No. of fatoil samples_gw'

2018-11-23 08:34:34 - [MESSAGE][PASSED] - Text '2' is set on object 'Object Repository/FSM1/BSE16/Page_JClient/input_No. of fatoil samples_gw'

2018-11-23 08:34:34 - [TEST_STEP][PASSED] - Statement - mydate = new java.util.Date(): null

2018-11-23 08:34:34 - [TEST_STEP][PASSED] - Statement - formattedDate = mydate.format("MM/dd/yyy"): null

2018-11-23 08:34:34 - [TEST_STEP][PASSED] - sendKeys: Keys '11/23/2018' sent to object: 'Object Repository/FSM1/BSE16/Page_JClient/input_Date of dispatch to Weyb'

2018-11-23 08:34:34 - [MESSAGE][PASSED] - Keys '11/23/2018' sent to object: 'Object Repository/FSM1/BSE16/Page_JClient/input_Date of dispatch to Weyb'

2018-11-23 08:34:34 - [TEST_STEP][PASSED] - click: Object: 'Object Repository/FSM1/BSE16/Page_JClient/div_Save - Sample' is clicked on

2018-11-23 08:34:34 - [MESSAGE][PASSED] - Object: 'Object Repository/FSM1/BSE16/Page_JClient/div_Save - Sample' is clicked on

2018-11-23 08:34:34 - [TEST_STEP][PASSED] - delay: Delayed 2 second(s)

2018-11-23 08:34:36 - [MESSAGE][PASSED] - Delayed 2 second(s)]]></system-out>
         <system-err><![CDATA[]]></system-err>
      </testcase>
      <testcase name="Test Cases/Form Jobs/BSE16/Establishment - Production Information" classname="Test Cases/Form Jobs/BSE16/Establishment - Production Information" status="PASSED">
         <system-out><![CDATA[2018-11-23 08:34:36 - [TEST_CASE][PASSED] - Test Cases/Form Jobs/BSE16/Establishment - Production Information: Test Cases/Form Jobs/BSE16/Establishment - Production Information

2018-11-23 08:34:37 - [TEST_STEP][PASSED] - click: Object: 'Object Repository/FSM1/BSE16/Page_JClient/div_EstablishmentProduction In' is clicked on

2018-11-23 08:34:37 - [MESSAGE][PASSED] - Object: 'Object Repository/FSM1/BSE16/Page_JClient/div_EstablishmentProduction In' is clicked on

2018-11-23 08:34:37 - [TEST_STEP][PASSED] - selectOptionByValue: All options with value '15000150000_TONNES' are selected in object 'Object Repository/FSM1/BSE16/Page_JClient/select_ 15000 tonnes15000-1500'  using regular expression

2018-11-23 08:34:39 - [MESSAGE][PASSED] - All options with value '15000150000_TONNES' are selected in object 'Object Repository/FSM1/BSE16/Page_JClient/select_ 15000 tonnes15000-1500'  using regular expression

2018-11-23 08:34:39 - [TEST_STEP][PASSED] - click: Object: 'Object Repository/FSM1/BSE16/Page_JClient/input_Non-ruminant feed only_r' is clicked on

2018-11-23 08:34:39 - [MESSAGE][PASSED] - Object: 'Object Repository/FSM1/BSE16/Page_JClient/input_Non-ruminant feed only_r' is clicked on

2018-11-23 08:34:39 - [TEST_STEP][PASSED] - click: Object: 'Object Repository/FSM1/BSE16/Page_JClient/input_Ruminant feed only_radio' is clicked on

2018-11-23 08:34:39 - [MESSAGE][PASSED] - Object: 'Object Repository/FSM1/BSE16/Page_JClient/input_Ruminant feed only_radio' is clicked on

2018-11-23 08:34:39 - [TEST_STEP][PASSED] - click: Object: 'Object Repository/FSM1/BSE16/Page_JClient/input_Ruminant and non-ruminan' is clicked on

2018-11-23 08:34:39 - [MESSAGE][PASSED] - Object: 'Object Repository/FSM1/BSE16/Page_JClient/input_Ruminant and non-ruminan' is clicked on

2018-11-23 08:34:39 - [TEST_STEP][PASSED] - click: Object: 'Object Repository/FSM1/BSE16/Page_JClient/input_Only Non-ruminant feed w' is clicked on

2018-11-23 08:34:40 - [MESSAGE][PASSED] - Object: 'Object Repository/FSM1/BSE16/Page_JClient/input_Only Non-ruminant feed w' is clicked on

2018-11-23 08:34:40 - [TEST_STEP][PASSED] - click: Object: 'Object Repository/FSM1/BSE16/Page_JClient/input_Ruminant and Non-ruminan (1)' is clicked on

2018-11-23 08:34:40 - [MESSAGE][PASSED] - Object: 'Object Repository/FSM1/BSE16/Page_JClient/input_Ruminant and Non-ruminan (1)' is clicked on

2018-11-23 08:34:40 - [TEST_STEP][PASSED] - click: Object: 'Object Repository/FSM1/BSE16/Page_JClient/input_No_radio_group_10' is clicked on

2018-11-23 08:34:40 - [MESSAGE][PASSED] - Object: 'Object Repository/FSM1/BSE16/Page_JClient/input_No_radio_group_10' is clicked on

2018-11-23 08:34:40 - [TEST_STEP][PASSED] - click: Object: 'Object Repository/FSM1/BSE16/Page_JClient/input_Is production single str' is clicked on

2018-11-23 08:34:40 - [MESSAGE][PASSED] - Object: 'Object Repository/FSM1/BSE16/Page_JClient/input_Is production single str' is clicked on

2018-11-23 08:34:40 - [TEST_STEP][PASSED] - click: Object: 'Object Repository/FSM1/BSE16/Page_JClient/input_Is production dual strea' is clicked on

2018-11-23 08:34:40 - [MESSAGE][PASSED] - Object: 'Object Repository/FSM1/BSE16/Page_JClient/input_Is production dual strea' is clicked on

2018-11-23 08:34:40 - [TEST_STEP][PASSED] - click: Object: 'Object Repository/FSM1/BSE16/Page_JClient/input_Is this a blending plant' is clicked on

2018-11-23 08:34:40 - [MESSAGE][PASSED] - Object: 'Object Repository/FSM1/BSE16/Page_JClient/input_Is this a blending plant' is clicked on

2018-11-23 08:34:40 - [TEST_STEP][PASSED] - click: Object: 'Object Repository/FSM1/BSE16/Page_JClient/input_No_radio_group_14' is clicked on

2018-11-23 08:34:41 - [MESSAGE][PASSED] - Object: 'Object Repository/FSM1/BSE16/Page_JClient/input_No_radio_group_14' is clicked on

2018-11-23 08:34:41 - [TEST_STEP][PASSED] - setText: Text '1234' is set on object 'Object Repository/FSM1/BSE16/Page_JClient/input_Registration no. (if app'

2018-11-23 08:34:41 - [MESSAGE][PASSED] - Text '1234' is set on object 'Object Repository/FSM1/BSE16/Page_JClient/input_Registration no. (if app'

2018-11-23 08:34:41 - [TEST_STEP][PASSED] - click: Object: 'Object Repository/FSM1/BSE16/Page_JClient/input_Registration no. (if app_1' is clicked on

2018-11-23 08:34:41 - [MESSAGE][PASSED] - Object: 'Object Repository/FSM1/BSE16/Page_JClient/input_Registration no. (if app_1' is clicked on

2018-11-23 08:34:41 - [TEST_STEP][PASSED] - click: Object: 'Object Repository/FSM1/BSE16/Page_JClient/div_Save - Generic' is clicked on

2018-11-23 08:34:41 - [MESSAGE][PASSED] - Object: 'Object Repository/FSM1/BSE16/Page_JClient/div_Save - Generic' is clicked on

2018-11-23 08:34:41 - [TEST_STEP][PASSED] - delay: Delayed 2 second(s)

2018-11-23 08:34:43 - [MESSAGE][PASSED] - Delayed 2 second(s)]]></system-out>
         <system-err><![CDATA[]]></system-err>
      </testcase>
      <testcase name="Test Cases/Form Jobs/BSE16/Restricted Proteins" classname="Test Cases/Form Jobs/BSE16/Restricted Proteins" status="PASSED">
         <system-out><![CDATA[2018-11-23 08:34:43 - [TEST_CASE][PASSED] - Test Cases/Form Jobs/BSE16/Restricted Proteins: Test Cases/Form Jobs/BSE16/Restricted Proteins

2018-11-23 08:34:44 - [TEST_STEP][PASSED] - click: Object: 'Object Repository/FSM1/BSE16/Page_JClient/Page_JClient/div_Restricted ProteinsAuthori' is clicked on

2018-11-23 08:34:44 - [MESSAGE][PASSED] - Object: 'Object Repository/FSM1/BSE16/Page_JClient/Page_JClient/div_Restricted ProteinsAuthori' is clicked on

2018-11-23 08:34:44 - [TEST_STEP][PASSED] - click: Object: 'Object Repository/FSM1/BSE16/Page_JClient/Page_JClient/input_Are restricted proteins (1)' is clicked on

2018-11-23 08:34:45 - [MESSAGE][PASSED] - Object: 'Object Repository/FSM1/BSE16/Page_JClient/Page_JClient/input_Are restricted proteins (1)' is clicked on

2018-11-23 08:34:45 - [TEST_STEP][PASSED] - click: Object: 'Object Repository/FSM1/BSE16/Page_JClient/Page_JClient/input_Which restricted protein' is clicked on

2018-11-23 08:34:46 - [MESSAGE][PASSED] - Object: 'Object Repository/FSM1/BSE16/Page_JClient/Page_JClient/input_Which restricted protein' is clicked on

2018-11-23 08:34:46 - [TEST_STEP][PASSED] - click: Object: 'Object Repository/FSM1/BSE16/Page_JClient/Page_JClient/input_Supply further details o_2' is clicked on

2018-11-23 08:34:46 - [MESSAGE][PASSED] - Object: 'Object Repository/FSM1/BSE16/Page_JClient/Page_JClient/input_Supply further details o_2' is clicked on

2018-11-23 08:34:46 - [TEST_STEP][PASSED] - click: Object: 'Object Repository/FSM1/BSE16/Page_JClient/Page_JClient/input_No_radio_group_4' is clicked on

2018-11-23 08:34:46 - [MESSAGE][PASSED] - Object: 'Object Repository/FSM1/BSE16/Page_JClient/Page_JClient/input_No_radio_group_4' is clicked on

2018-11-23 08:34:46 - [TEST_STEP][PASSED] - selectOptionByValue: All options with value 'YES' are selected in object 'Object Repository/FSM1/BSE16/Page_JClient/Page_JClient/select_YesNo'  using regular expression

2018-11-23 08:34:46 - [MESSAGE][PASSED] - All options with value 'YES' are selected in object 'Object Repository/FSM1/BSE16/Page_JClient/Page_JClient/select_YesNo'  using regular expression

2018-11-23 08:34:46 - [TEST_STEP][PASSED] - click: Object: 'Object Repository/FSM1/BSE16/Page_JClient/Page_JClient/input_Registration number of b' is clicked on

2018-11-23 08:34:46 - [MESSAGE][PASSED] - Object: 'Object Repository/FSM1/BSE16/Page_JClient/Page_JClient/input_Registration number of b' is clicked on

2018-11-23 08:34:46 - [TEST_STEP][PASSED] - click: Object: 'Object Repository/FSM1/BSE16/Page_JClient/Page_JClient/input_No_gwt-uid-127' is clicked on

2018-11-23 08:34:47 - [MESSAGE][PASSED] - Object: 'Object Repository/FSM1/BSE16/Page_JClient/Page_JClient/input_No_gwt-uid-127' is clicked on

2018-11-23 08:34:47 - [TEST_STEP][PASSED] - click: Object: 'Object Repository/FSM1/BSE16/Page_JClient/Page_JClient/input_How are the restricted p' is clicked on

2018-11-23 08:34:47 - [MESSAGE][PASSED] - Object: 'Object Repository/FSM1/BSE16/Page_JClient/Page_JClient/input_How are the restricted p' is clicked on

2018-11-23 08:34:47 - [TEST_STEP][PASSED] - click: Object: 'Object Repository/FSM1/BSE16/Page_JClient/Page_JClient/input_NA_radio_group_6' is clicked on

2018-11-23 08:34:47 - [MESSAGE][PASSED] - Object: 'Object Repository/FSM1/BSE16/Page_JClient/Page_JClient/input_NA_radio_group_6' is clicked on

2018-11-23 08:34:47 - [TEST_STEP][PASSED] - click: Object: 'Object Repository/FSM1/BSE16/Page_JClient/Page_JClient/input_NA_radio_group_7' is clicked on

2018-11-23 08:34:47 - [MESSAGE][PASSED] - Object: 'Object Repository/FSM1/BSE16/Page_JClient/Page_JClient/input_NA_radio_group_7' is clicked on

2018-11-23 08:34:47 - [TEST_STEP][PASSED] - click: Object: 'Object Repository/FSM1/BSE16/Page_JClient/Page_JClient/input_NA_radio_group_8' is clicked on

2018-11-23 08:34:47 - [MESSAGE][PASSED] - Object: 'Object Repository/FSM1/BSE16/Page_JClient/Page_JClient/input_NA_radio_group_8' is clicked on

2018-11-23 08:34:47 - [TEST_STEP][PASSED] - click: Object: 'Object Repository/FSM1/BSE16/Page_JClient/Page_JClient/input_NA_radio_group_9' is clicked on

2018-11-23 08:34:48 - [MESSAGE][PASSED] - Object: 'Object Repository/FSM1/BSE16/Page_JClient/Page_JClient/input_NA_radio_group_9' is clicked on

2018-11-23 08:34:48 - [TEST_STEP][PASSED] - click: Object: 'Object Repository/FSM1/BSE16/Page_JClient/Page_JClient/input_NA_radio_group_10' is clicked on

2018-11-23 08:34:48 - [MESSAGE][PASSED] - Object: 'Object Repository/FSM1/BSE16/Page_JClient/Page_JClient/input_NA_radio_group_10' is clicked on

2018-11-23 08:34:48 - [TEST_STEP][PASSED] - click: Object: 'Object Repository/FSM1/BSE16/Page_JClient/Page_JClient/input_Commentsfurther details_' is clicked on

2018-11-23 08:34:48 - [MESSAGE][PASSED] - Object: 'Object Repository/FSM1/BSE16/Page_JClient/Page_JClient/input_Commentsfurther details_' is clicked on

2018-11-23 08:34:48 - [TEST_STEP][PASSED] - click: Object: 'Object Repository/FSM1/BSE16/Page_JClient/Page_JClient/div_Save - Generic' is clicked on

2018-11-23 08:34:48 - [MESSAGE][PASSED] - Object: 'Object Repository/FSM1/BSE16/Page_JClient/Page_JClient/div_Save - Generic' is clicked on

2018-11-23 08:34:48 - [TEST_STEP][PASSED] - delay: Delayed 2 second(s)

2018-11-23 08:34:50 - [MESSAGE][PASSED] - Delayed 2 second(s)]]></system-out>
         <system-err><![CDATA[]]></system-err>
      </testcase>
      <testcase name="Test Cases/Form Jobs/BSE16/Pet Food" classname="Test Cases/Form Jobs/BSE16/Pet Food" status="PASSED">
         <system-out><![CDATA[2018-11-23 08:34:50 - [TEST_CASE][PASSED] - Test Cases/Form Jobs/BSE16/Pet Food: Test Cases/Form Jobs/BSE16/Pet Food

2018-11-23 08:34:51 - [TEST_STEP][PASSED] - click: Object: 'Object Repository/FSM1/BSE16/Page_JClient/div_Pet Food' is clicked on

2018-11-23 08:34:51 - [MESSAGE][PASSED] - Object: 'Object Repository/FSM1/BSE16/Page_JClient/div_Pet Food' is clicked on

2018-11-23 08:34:51 - [TEST_STEP][PASSED] - delay: Delayed 2 second(s)

2018-11-23 08:34:53 - [MESSAGE][PASSED] - Delayed 2 second(s)

2018-11-23 08:34:53 - [TEST_STEP][PASSED] - click: Object: 'Object Repository/FSM1/BSE16/Page_JClient/input_NA_radio_group_2' is clicked on

2018-11-23 08:34:53 - [MESSAGE][PASSED] - Object: 'Object Repository/FSM1/BSE16/Page_JClient/input_NA_radio_group_2' is clicked on

2018-11-23 08:34:53 - [TEST_STEP][PASSED] - click: Object: 'Object Repository/FSM1/BSE16/Page_JClient/input_NA_radio_group_3' is clicked on

2018-11-23 08:34:53 - [MESSAGE][PASSED] - Object: 'Object Repository/FSM1/BSE16/Page_JClient/input_NA_radio_group_3' is clicked on

2018-11-23 08:34:53 - [TEST_STEP][PASSED] - setText: Text 'Test automation' is set on object 'Object Repository/FSM1/BSE16/Page_JClient/textarea_Further details if re'

2018-11-23 08:34:54 - [MESSAGE][PASSED] - Text 'Test automation' is set on object 'Object Repository/FSM1/BSE16/Page_JClient/textarea_Further details if re'

2018-11-23 08:34:54 - [TEST_STEP][PASSED] - click: Object: 'Object Repository/FSM1/BSE16/Page_JClient/div_Save - Generic' is clicked on

2018-11-23 08:34:54 - [MESSAGE][PASSED] - Object: 'Object Repository/FSM1/BSE16/Page_JClient/div_Save - Generic' is clicked on

2018-11-23 08:34:54 - [TEST_STEP][PASSED] - delay: Delayed 3 second(s)

2018-11-23 08:34:57 - [MESSAGE][PASSED] - Delayed 3 second(s)]]></system-out>
         <system-err><![CDATA[]]></system-err>
      </testcase>
      <testcase name="Test Cases/Form Jobs/BSE16/Former Food Stuffs" classname="Test Cases/Form Jobs/BSE16/Former Food Stuffs" status="PASSED">
         <system-out><![CDATA[2018-11-23 08:34:57 - [TEST_CASE][PASSED] - Test Cases/Form Jobs/BSE16/Former Food Stuffs: Test Cases/Form Jobs/BSE16/Former Food Stuffs

2018-11-23 08:34:57 - [TEST_STEP][PASSED] - click: Object: 'Object Repository/FSM1/BSE16/Page_JClient/div_Former Foodstuffs' is clicked on

2018-11-23 08:34:58 - [MESSAGE][PASSED] - Object: 'Object Repository/FSM1/BSE16/Page_JClient/div_Former Foodstuffs' is clicked on

2018-11-23 08:34:58 - [TEST_STEP][PASSED] - click: Object: 'Object Repository/FSM1/BSE16/Page_JClient/input_Are former foodstuffs us' is clicked on

2018-11-23 08:34:59 - [MESSAGE][PASSED] - Object: 'Object Repository/FSM1/BSE16/Page_JClient/input_Are former foodstuffs us' is clicked on

2018-11-23 08:34:59 - [TEST_STEP][PASSED] - click: Object: 'Object Repository/FSM1/BSE16/Page_JClient/input_Which former foodstuffs' is clicked on

2018-11-23 08:34:59 - [MESSAGE][PASSED] - Object: 'Object Repository/FSM1/BSE16/Page_JClient/input_Which former foodstuffs' is clicked on

2018-11-23 08:34:59 - [TEST_STEP][PASSED] - click: Object: 'Object Repository/FSM1/BSE16/Page_JClient/input_Kitchenrestaurant_gwt-ui' is clicked on

2018-11-23 08:34:59 - [MESSAGE][PASSED] - Object: 'Object Repository/FSM1/BSE16/Page_JClient/input_Kitchenrestaurant_gwt-ui' is clicked on

2018-11-23 08:34:59 - [TEST_STEP][PASSED] - click: Object: 'Object Repository/FSM1/BSE16/Page_JClient/input_Food manufacturer_radio_' is clicked on

2018-11-23 08:35:00 - [MESSAGE][PASSED] - Object: 'Object Repository/FSM1/BSE16/Page_JClient/input_Food manufacturer_radio_' is clicked on

2018-11-23 08:35:00 - [TEST_STEP][PASSED] - click: Object: 'Object Repository/FSM1/BSE16/Page_JClient/input_NA_radio_group_6' is clicked on

2018-11-23 08:35:00 - [MESSAGE][PASSED] - Object: 'Object Repository/FSM1/BSE16/Page_JClient/input_NA_radio_group_6' is clicked on

2018-11-23 08:35:00 - [TEST_STEP][PASSED] - click: Object: 'Object Repository/FSM1/BSE16/Page_JClient/div_Save - Generic' is clicked on

2018-11-23 08:35:00 - [MESSAGE][PASSED] - Object: 'Object Repository/FSM1/BSE16/Page_JClient/div_Save - Generic' is clicked on

2018-11-23 08:35:00 - [TEST_STEP][PASSED] - delay: Delayed 3 second(s)

2018-11-23 08:35:03 - [MESSAGE][PASSED] - Delayed 3 second(s)]]></system-out>
         <system-err><![CDATA[]]></system-err>
      </testcase>
      <testcase name="Test Cases/Form Jobs/BSE16/Storage of ABP, PAP and Organic Fertiliser" classname="Test Cases/Form Jobs/BSE16/Storage of ABP, PAP and Organic Fertiliser" status="PASSED">
         <system-out><![CDATA[2018-11-23 08:35:03 - [TEST_CASE][PASSED] - Test Cases/Form Jobs/BSE16/Storage of ABP, PAP and Organic Fertiliser: Test Cases/Form Jobs/BSE16/Storage of ABP, PAP and Organic Fertiliser

2018-11-23 08:35:03 - [TEST_STEP][PASSED] - click: Object: 'Object Repository/FSM1/BSE16/Page_JClient/div_Storage of ABP PAP and org' is clicked on

2018-11-23 08:35:04 - [MESSAGE][PASSED] - Object: 'Object Repository/FSM1/BSE16/Page_JClient/div_Storage of ABP PAP and org' is clicked on

2018-11-23 08:35:04 - [TEST_STEP][PASSED] - click: Object: 'Object Repository/FSM1/BSE16/Page_JClient/input_PAP (not including restr' is clicked on

2018-11-23 08:35:05 - [MESSAGE][PASSED] - Object: 'Object Repository/FSM1/BSE16/Page_JClient/input_PAP (not including restr' is clicked on

2018-11-23 08:35:05 - [TEST_STEP][PASSED] - setText: Text 'Test automation' is set on object 'Object Repository/FSM1/BSE16/Page_JClient/textarea_None_gwt-TextArea GKH'

2018-11-23 08:35:05 - [MESSAGE][PASSED] - Text 'Test automation' is set on object 'Object Repository/FSM1/BSE16/Page_JClient/textarea_None_gwt-TextArea GKH'

2018-11-23 08:35:05 - [TEST_STEP][PASSED] - click: Object: 'Object Repository/FSM1/BSE16/Page_JClient/input_NA_radio_group_7' is clicked on

2018-11-23 08:35:05 - [MESSAGE][PASSED] - Object: 'Object Repository/FSM1/BSE16/Page_JClient/input_NA_radio_group_7' is clicked on

2018-11-23 08:35:05 - [TEST_STEP][PASSED] - click: Object: 'Object Repository/FSM1/BSE16/Page_JClient/input_NA_radio_group_8' is clicked on

2018-11-23 08:35:06 - [MESSAGE][PASSED] - Object: 'Object Repository/FSM1/BSE16/Page_JClient/input_NA_radio_group_8' is clicked on

2018-11-23 08:35:06 - [TEST_STEP][PASSED] - click: Object: 'Object Repository/FSM1/BSE16/Page_JClient/input_NA_radio_group_9' is clicked on

2018-11-23 08:35:06 - [MESSAGE][PASSED] - Object: 'Object Repository/FSM1/BSE16/Page_JClient/input_NA_radio_group_9' is clicked on

2018-11-23 08:35:06 - [TEST_STEP][PASSED] - click: Object: 'Object Repository/FSM1/BSE16/Page_JClient/input_NA_radio_group_10' is clicked on

2018-11-23 08:35:06 - [MESSAGE][PASSED] - Object: 'Object Repository/FSM1/BSE16/Page_JClient/input_NA_radio_group_10' is clicked on

2018-11-23 08:35:06 - [TEST_STEP][PASSED] - click: Object: 'Object Repository/FSM1/BSE16/Page_JClient/input_NA_radio_group_11' is clicked on

2018-11-23 08:35:06 - [MESSAGE][PASSED] - Object: 'Object Repository/FSM1/BSE16/Page_JClient/input_NA_radio_group_11' is clicked on

2018-11-23 08:35:06 - [TEST_STEP][PASSED] - click: Object: 'Object Repository/FSM1/BSE16/Page_JClient/div_Save - Generic' is clicked on

2018-11-23 08:35:06 - [MESSAGE][PASSED] - Object: 'Object Repository/FSM1/BSE16/Page_JClient/div_Save - Generic' is clicked on

2018-11-23 08:35:06 - [TEST_STEP][PASSED] - delay: Delayed 3 second(s)

2018-11-23 08:35:09 - [MESSAGE][PASSED] - Delayed 3 second(s)]]></system-out>
         <system-err><![CDATA[]]></system-err>
      </testcase>
      <testcase name="Test Cases/Form Jobs/BSE16/Visit Report" classname="Test Cases/Form Jobs/BSE16/Visit Report" status="PASSED">
         <system-out><![CDATA[2018-11-23 08:35:09 - [TEST_CASE][PASSED] - Test Cases/Form Jobs/BSE16/Visit Report: Test Cases/Form Jobs/BSE16/Visit Report

2018-11-23 08:35:10 - [TEST_STEP][PASSED] - click: Object: 'Object Repository/FSM1/BSE16/Page_JClient/div_Visit Report' is clicked on

2018-11-23 08:35:10 - [MESSAGE][PASSED] - Object: 'Object Repository/FSM1/BSE16/Page_JClient/div_Visit Report' is clicked on

2018-11-23 08:35:10 - [TEST_STEP][PASSED] - setText: Text 'Test automation' is set on object 'Object Repository/FSM1/BSE16/Page_JClient/textarea_Visit Report_gwt-Text'

2018-11-23 08:35:11 - [MESSAGE][PASSED] - Text 'Test automation' is set on object 'Object Repository/FSM1/BSE16/Page_JClient/textarea_Visit Report_gwt-Text'

2018-11-23 08:35:11 - [TEST_STEP][PASSED] - delay: Delayed 2 second(s)

2018-11-23 08:35:13 - [MESSAGE][PASSED] - Delayed 2 second(s)

2018-11-23 08:35:13 - [TEST_STEP][PASSED] - click: Object: 'Object Repository/FSM1/BSE16/Page_JClient/div_Save - Generic' is clicked on

2018-11-23 08:35:13 - [MESSAGE][PASSED] - Object: 'Object Repository/FSM1/BSE16/Page_JClient/div_Save - Generic' is clicked on

2018-11-23 08:35:13 - [TEST_STEP][PASSED] - delay: Delayed 3 second(s)

2018-11-23 08:35:16 - [MESSAGE][PASSED] - Delayed 3 second(s)]]></system-out>
         <system-err><![CDATA[]]></system-err>
      </testcase>
      <testcase name="Test Cases/Form Jobs/BSE16/Save All Job Lines" classname="Test Cases/Form Jobs/BSE16/Save All Job Lines" status="PASSED">
         <system-out><![CDATA[2018-11-23 08:35:16 - [TEST_CASE][PASSED] - Test Cases/Form Jobs/BSE16/Save All Job Lines: Test Cases/Form Jobs/BSE16/Save All Job Lines

2018-11-23 08:35:17 - [TEST_STEP][PASSED] - delay: Delayed 2 second(s)

2018-11-23 08:35:19 - [MESSAGE][PASSED] - Delayed 2 second(s)

2018-11-23 08:35:19 - [TEST_STEP][PASSED] - click: Object: 'Object Repository/FSM1/BSE16/Page_JClient/div_Save (1)' is clicked on

2018-11-23 08:35:19 - [MESSAGE][PASSED] - Object: 'Object Repository/FSM1/BSE16/Page_JClient/div_Save (1)' is clicked on

2018-11-23 08:35:19 - [TEST_STEP][PASSED] - delay: Delayed 3 second(s)

2018-11-23 08:35:22 - [MESSAGE][PASSED] - Delayed 3 second(s)]]></system-out>
         <system-err><![CDATA[]]></system-err>
      </testcase>
      <testcase name="Test Cases/Form Jobs/BSE16/NFA Samples Taken" classname="Test Cases/Form Jobs/BSE16/NFA Samples Taken" status="PASSED">
         <system-out><![CDATA[2018-11-23 08:35:22 - [TEST_CASE][PASSED] - Test Cases/Form Jobs/BSE16/NFA Samples Taken: Test Cases/Form Jobs/BSE16/NFA Samples Taken

2018-11-23 08:35:22 - [TEST_STEP][PASSED] - click: Object: 'Object Repository/FSM1/BSE16/NFA Samples/Page_JClient/Page_JClient/Page_JClient/div_Samples Taken NFA' is clicked on

2018-11-23 08:35:23 - [MESSAGE][PASSED] - Object: 'Object Repository/FSM1/BSE16/NFA Samples/Page_JClient/Page_JClient/Page_JClient/div_Samples Taken NFA' is clicked on

2018-11-23 08:35:23 - [TEST_STEP][PASSED] - verifyElementText: Actual text and expected text of test object 'Object Repository/FSM1/BSE16/NFA Samples/Page_JClient/Page_JClient/Page_JClient/div_Minimum number of instance' are matched.

2018-11-23 08:35:23 - [MESSAGE][PASSED] - Actual text and expected text of test object 'Object Repository/FSM1/BSE16/NFA Samples/Page_JClient/Page_JClient/Page_JClient/div_Minimum number of instance' are matched.

2018-11-23 08:35:23 - [TEST_STEP][PASSED] - click: Object: 'Object Repository/FSM1/BSE16/NFA Samples/Page_JClient/Page_JClient/Page_JClient/div_Create_GKH2EKQBDXB GKH2EKQ' is clicked on

2018-11-23 08:35:23 - [MESSAGE][PASSED] - Object: 'Object Repository/FSM1/BSE16/NFA Samples/Page_JClient/Page_JClient/Page_JClient/div_Create_GKH2EKQBDXB GKH2EKQ' is clicked on

2018-11-23 08:35:23 - [TEST_STEP][PASSED] - selectOptionByValue: All options with value 'COMPOUND_OR_CONCENTRATE' are selected in object 'Object Repository/FSM1/BSE16/NFA Samples/Page_JClient/Page_JClient/Page_JClient/select_Compound or concentrate'  using regular expression

2018-11-23 08:35:24 - [MESSAGE][PASSED] - All options with value 'COMPOUND_OR_CONCENTRATE' are selected in object 'Object Repository/FSM1/BSE16/NFA Samples/Page_JClient/Page_JClient/Page_JClient/select_Compound or concentrate'  using regular expression

2018-11-23 08:35:24 - [TEST_STEP][PASSED] - selectOptionByValue: All options with value 'RUMINANTS' are selected in object 'Object Repository/FSM1/BSE16/NFA Samples/Page_JClient/Page_JClient/Page_JClient/select_RuminantsNon-ruminantsP'  using regular expression

2018-11-23 08:35:24 - [MESSAGE][PASSED] - All options with value 'RUMINANTS' are selected in object 'Object Repository/FSM1/BSE16/NFA Samples/Page_JClient/Page_JClient/Page_JClient/select_RuminantsNon-ruminantsP'  using regular expression

2018-11-23 08:35:24 - [TEST_STEP][PASSED] - setText: Text 'Test automation' is set on object 'Object Repository/FSM1/BSE16/NFA Samples/Page_JClient/Page_JClient/Page_JClient/input_Feed name_gwt-TextBox GK'

2018-11-23 08:35:24 - [MESSAGE][PASSED] - Text 'Test automation' is set on object 'Object Repository/FSM1/BSE16/NFA Samples/Page_JClient/Page_JClient/Page_JClient/input_Feed name_gwt-TextBox GK'

2018-11-23 08:35:24 - [TEST_STEP][PASSED] - selectOptionByValue: All options with value 'YES' are selected in object 'Object Repository/FSM1/BSE16/NFA Samples/Page_JClient/Page_JClient/Page_JClient/select_YesNo'  using regular expression

2018-11-23 08:35:25 - [MESSAGE][PASSED] - All options with value 'YES' are selected in object 'Object Repository/FSM1/BSE16/NFA Samples/Page_JClient/Page_JClient/Page_JClient/select_YesNo'  using regular expression

2018-11-23 08:35:25 - [TEST_STEP][PASSED] - selectOptionByValue: All options with value 'UK' are selected in object 'Object Repository/FSM1/BSE16/NFA Samples/Page_JClient/Page_JClient/Page_JClient/select_UKImport'  using regular expression

2018-11-23 08:35:25 - [MESSAGE][PASSED] - All options with value 'UK' are selected in object 'Object Repository/FSM1/BSE16/NFA Samples/Page_JClient/Page_JClient/Page_JClient/select_UKImport'  using regular expression

2018-11-23 08:35:25 - [TEST_STEP][PASSED] - setText: Text '123' is set on object 'Object Repository/FSM1/BSE16/NFA Samples/Page_JClient/Page_JClient/Page_JClient/input_Batch no._gwt-TextBox GK'

2018-11-23 08:35:25 - [MESSAGE][PASSED] - Text '123' is set on object 'Object Repository/FSM1/BSE16/NFA Samples/Page_JClient/Page_JClient/Page_JClient/input_Batch no._gwt-TextBox GK'

2018-11-23 08:35:25 - [TEST_STEP][PASSED] - setText: Text 'Test' is set on object 'Object Repository/FSM1/BSE16/NFA Samples/Page_JClient/Page_JClient/Page_JClient/input_Laboratory_gwt-TextBox G'

2018-11-23 08:35:26 - [MESSAGE][PASSED] - Text 'Test' is set on object 'Object Repository/FSM1/BSE16/NFA Samples/Page_JClient/Page_JClient/Page_JClient/input_Laboratory_gwt-TextBox G'

2018-11-23 08:35:26 - [TEST_STEP][PASSED] - setText: Text 'Test' is set on object 'Object Repository/FSM1/BSE16/NFA Samples/Page_JClient/Page_JClient/Page_JClient/input_Operator_gwt-TextBox GKH'

2018-11-23 08:35:26 - [MESSAGE][PASSED] - Text 'Test' is set on object 'Object Repository/FSM1/BSE16/NFA Samples/Page_JClient/Page_JClient/Page_JClient/input_Operator_gwt-TextBox GKH'

2018-11-23 08:35:26 - [TEST_STEP][PASSED] - setText: Text 'Test' is set on object 'Object Repository/FSM1/BSE16/NFA Samples/Page_JClient/Page_JClient/Page_JClient/input_Office_gwt-TextBox GKH2E'

2018-11-23 08:35:26 - [MESSAGE][PASSED] - Text 'Test' is set on object 'Object Repository/FSM1/BSE16/NFA Samples/Page_JClient/Page_JClient/Page_JClient/input_Office_gwt-TextBox GKH2E'

2018-11-23 08:35:26 - [TEST_STEP][PASSED] - click: Object: 'Object Repository/FSM1/BSE16/NFA Samples/Page_JClient/Page_JClient/Page_JClient/div_Save' is clicked on

2018-11-23 08:35:27 - [MESSAGE][PASSED] - Object: 'Object Repository/FSM1/BSE16/NFA Samples/Page_JClient/Page_JClient/Page_JClient/div_Save' is clicked on

2018-11-23 08:35:27 - [TEST_STEP][PASSED] - delay: Delayed 3 second(s)

2018-11-23 08:35:30 - [MESSAGE][PASSED] - Delayed 3 second(s)]]></system-out>
         <system-err><![CDATA[]]></system-err>
      </testcase>
      <testcase name="Test Cases/Form Jobs/BSE16/NFA Samples Taken 2" classname="Test Cases/Form Jobs/BSE16/NFA Samples Taken 2" status="PASSED">
         <system-out><![CDATA[2018-11-23 08:35:30 - [TEST_CASE][PASSED] - Test Cases/Form Jobs/BSE16/NFA Samples Taken 2: Test Cases/Form Jobs/BSE16/NFA Samples Taken 2

2018-11-23 08:35:30 - [TEST_STEP][PASSED] - click: Object: 'Object Repository/FSM1/BSE16/NFA Samples/Page_JClient/Page_JClient/div_Samples Taken NFA' is clicked on

2018-11-23 08:35:30 - [MESSAGE][PASSED] - Object: 'Object Repository/FSM1/BSE16/NFA Samples/Page_JClient/Page_JClient/div_Samples Taken NFA' is clicked on

2018-11-23 08:35:30 - [TEST_STEP][PASSED] - click: Object: 'Object Repository/FSM1/BSE16/NFA Samples/Page_JClient/Page_JClient/div_Create_GKH2EKQBDXB GKH2EKQ' is clicked on

2018-11-23 08:35:30 - [MESSAGE][PASSED] - Object: 'Object Repository/FSM1/BSE16/NFA Samples/Page_JClient/Page_JClient/div_Create_GKH2EKQBDXB GKH2EKQ' is clicked on

2018-11-23 08:35:30 - [TEST_STEP][PASSED] - selectOptionByValue: All options with value 'COMPOUND_OR_CONCENTRATE' are selected in object 'Object Repository/FSM1/BSE16/NFA Samples/Page_JClient/Page_JClient/select_Compound or concentrate'  using regular expression

2018-11-23 08:35:31 - [MESSAGE][PASSED] - All options with value 'COMPOUND_OR_CONCENTRATE' are selected in object 'Object Repository/FSM1/BSE16/NFA Samples/Page_JClient/Page_JClient/select_Compound or concentrate'  using regular expression

2018-11-23 08:35:31 - [TEST_STEP][PASSED] - selectOptionByValue: All options with value 'NONRUMINANTS' are selected in object 'Object Repository/FSM1/BSE16/NFA Samples/Page_JClient/Page_JClient/select_RuminantsNon-ruminantsP'  using regular expression

2018-11-23 08:35:31 - [MESSAGE][PASSED] - All options with value 'NONRUMINANTS' are selected in object 'Object Repository/FSM1/BSE16/NFA Samples/Page_JClient/Page_JClient/select_RuminantsNon-ruminantsP'  using regular expression

2018-11-23 08:35:31 - [TEST_STEP][PASSED] - setText: Text 'Test automation' is set on object 'Object Repository/FSM1/BSE16/NFA Samples/Page_JClient/Page_JClient/input_Feed name_gwt-TextBox GK'

2018-11-23 08:35:32 - [MESSAGE][PASSED] - Text 'Test automation' is set on object 'Object Repository/FSM1/BSE16/NFA Samples/Page_JClient/Page_JClient/input_Feed name_gwt-TextBox GK'

2018-11-23 08:35:32 - [TEST_STEP][PASSED] - selectOptionByValue: All options with value 'NO' are selected in object 'Object Repository/FSM1/BSE16/NFA Samples/Page_JClient/Page_JClient/select_YesNo'  using regular expression

2018-11-23 08:35:32 - [MESSAGE][PASSED] - All options with value 'NO' are selected in object 'Object Repository/FSM1/BSE16/NFA Samples/Page_JClient/Page_JClient/select_YesNo'  using regular expression

2018-11-23 08:35:32 - [TEST_STEP][PASSED] - setText: Text 'Test automation' is set on object 'Object Repository/FSM1/BSE16/NFA Samples/Page_JClient/Page_JClient/textarea_If official method no'

2018-11-23 08:35:32 - [MESSAGE][PASSED] - Text 'Test automation' is set on object 'Object Repository/FSM1/BSE16/NFA Samples/Page_JClient/Page_JClient/textarea_If official method no'

2018-11-23 08:35:32 - [TEST_STEP][PASSED] - selectOptionByValue: All options with value 'IMPORT' are selected in object 'Object Repository/FSM1/BSE16/NFA Samples/Page_JClient/Page_JClient/select_UKImport'  using regular expression

2018-11-23 08:35:33 - [MESSAGE][PASSED] - All options with value 'IMPORT' are selected in object 'Object Repository/FSM1/BSE16/NFA Samples/Page_JClient/Page_JClient/select_UKImport'  using regular expression

2018-11-23 08:35:33 - [TEST_STEP][PASSED] - setText: Text '123' is set on object 'Object Repository/FSM1/BSE16/NFA Samples/Page_JClient/Page_JClient/input_Batch no._gwt-TextBox GK'

2018-11-23 08:35:33 - [MESSAGE][PASSED] - Text '123' is set on object 'Object Repository/FSM1/BSE16/NFA Samples/Page_JClient/Page_JClient/input_Batch no._gwt-TextBox GK'

2018-11-23 08:35:33 - [TEST_STEP][PASSED] - setText: Text '123' is set on object 'Object Repository/FSM1/BSE16/NFA Samples/Page_JClient/Page_JClient/input_Laboratory_gwt-TextBox G'

2018-11-23 08:35:33 - [MESSAGE][PASSED] - Text '123' is set on object 'Object Repository/FSM1/BSE16/NFA Samples/Page_JClient/Page_JClient/input_Laboratory_gwt-TextBox G'

2018-11-23 08:35:33 - [TEST_STEP][PASSED] - setText: Text '123' is set on object 'Object Repository/FSM1/BSE16/NFA Samples/Page_JClient/Page_JClient/input_Operator_gwt-TextBox GKH'

2018-11-23 08:35:34 - [MESSAGE][PASSED] - Text '123' is set on object 'Object Repository/FSM1/BSE16/NFA Samples/Page_JClient/Page_JClient/input_Operator_gwt-TextBox GKH'

2018-11-23 08:35:34 - [TEST_STEP][PASSED] - setText: Text '123' is set on object 'Object Repository/FSM1/BSE16/NFA Samples/Page_JClient/Page_JClient/input_Office_gwt-TextBox GKH2E'

2018-11-23 08:35:34 - [MESSAGE][PASSED] - Text '123' is set on object 'Object Repository/FSM1/BSE16/NFA Samples/Page_JClient/Page_JClient/input_Office_gwt-TextBox GKH2E'

2018-11-23 08:35:34 - [TEST_STEP][PASSED] - click: Object: 'Object Repository/FSM1/BSE16/NFA Samples/Page_JClient/Page_JClient/div_Save' is clicked on

2018-11-23 08:35:34 - [MESSAGE][PASSED] - Object: 'Object Repository/FSM1/BSE16/NFA Samples/Page_JClient/Page_JClient/div_Save' is clicked on

2018-11-23 08:35:34 - [TEST_STEP][PASSED] - delay: Delayed 3 second(s)

2018-11-23 08:35:37 - [MESSAGE][PASSED] - Delayed 3 second(s)]]></system-out>
         <system-err><![CDATA[]]></system-err>
      </testcase>
      <testcase name="Test Cases/Form Jobs/BSE16/Complete BSE16 Inspection" classname="Test Cases/Form Jobs/BSE16/Complete BSE16 Inspection" status="PASSED">
         <system-out><![CDATA[2018-11-23 08:35:37 - [TEST_CASE][PASSED] - Test Cases/Form Jobs/BSE16/Complete BSE16 Inspection: Test Cases/Form Jobs/BSE16/Complete BSE16 Inspection

2018-11-23 08:35:38 - [TEST_STEP][PASSED] - Statement - log = new com.kms.katalon.core.logging.KeywordLogger(): null

2018-11-23 08:35:38 - [TEST_STEP][PASSED] - click: Object: 'Object Repository/FSM1/IV17/Page_JClient/div_STARTED' is clicked on

2018-11-23 08:35:38 - [MESSAGE][PASSED] - Object: 'Object Repository/FSM1/IV17/Page_JClient/div_STARTED' is clicked on

2018-11-23 08:35:38 - [TEST_STEP][PASSED] - click: Object: 'Object Repository/FSM1/IV17/Page_JClient/div_COMPLETED' is clicked on

2018-11-23 08:35:38 - [MESSAGE][PASSED] - Object: 'Object Repository/FSM1/IV17/Page_JClient/div_COMPLETED' is clicked on

2018-11-23 08:35:38 - [TEST_STEP][PASSED] - delay: Delayed 2 second(s)

2018-11-23 08:35:40 - [MESSAGE][PASSED] - Delayed 2 second(s)

2018-11-23 08:35:40 - [TEST_STEP][PASSED] - click: Object: 'Object Repository/FSM1/IV17/Page_JClient/div_Ok' is clicked on

2018-11-23 08:35:41 - [MESSAGE][PASSED] - Object: 'Object Repository/FSM1/IV17/Page_JClient/div_Ok' is clicked on

2018-11-23 08:35:41 - [TEST_STEP][PASSED] - delay: Delayed 15 second(s)

2018-11-23 08:35:56 - [MESSAGE][PASSED] - Delayed 15 second(s)

2018-11-23 08:35:56 - [TEST_STEP][PASSED] - Statement - FormJobReference = com.kms.katalon.core.webui.keyword.WebUiBuiltInKeywords.getText(com.kms.katalon.core.testobject.ObjectRepository.findTestObject(FSM1/IV17/Page_JClient/Form Job Reference)): Text of object 'Object Repository/FSM1/IV17/Page_JClient/Form Job Reference' is: 'Form Job 1 (91414)'

2018-11-23 08:35:56 - [MESSAGE][PASSED] - Text of object 'Object Repository/FSM1/IV17/Page_JClient/Form Job Reference' is: 'Form Job 1 (91414)'

2018-11-23 08:35:56 - [TEST_STEP][PASSED] - Statement - FormJobReference = FormJobReference.replaceAll("Form Job 1 \(", ""): null

2018-11-23 08:35:56 - [TEST_STEP][PASSED] - Statement - FormJobReference = FormJobReference.replaceAll("\)", ""): null

2018-11-23 08:35:56 - [TEST_STEP][PASSED] - Statement - log.logWarning(FormJobReference): 91414

2018-11-23 08:35:56 - [MESSAGE][WARNING] - 91414

2018-11-23 08:35:56 - [TEST_STEP][PASSED] - Statement - temp1 = FormJobReference: null]]></system-out>
         <system-err><![CDATA[]]></system-err>
      </testcase>
      <testcase name="Test Cases/Generic/Launch Job Manager Control Centre - Check Result" classname="Test Cases/Generic/Launch Job Manager Control Centre - Check Result" status="PASSED">
         <system-out><![CDATA[2018-11-23 08:35:56 - [TEST_CASE][PASSED] - Test Cases/Generic/Launch Job Manager Control Centre - Check Result: Test Cases/Generic/Launch Job Manager Control Centre - Check Result

2018-11-23 08:35:56 - [TEST_STEP][PASSED] - openBrowser: Browser is opened with url: ''

2018-11-23 08:35:56 - [MESSAGE][WARNING] - A browser is already opened. Closing browser and opening a new one

2018-11-23 08:36:00 - [MESSAGE][PASSED] - Browser is opened with url: ''

2018-11-23 08:36:00 - [TEST_STEP][PASSED] - navigateToUrl: Navigate to 'https://kirona-def-6.kirona.com/jmprep/login#!loginView' successfully

2018-11-23 08:36:01 - [MESSAGE][PASSED] - Navigate to 'https://kirona-def-6.kirona.com/jmprep/login#!loginView' successfully

2018-11-23 08:36:01 - [TEST_STEP][PASSED] - setText: Text 'jon.hatfield' is set on object 'Object Repository/FSM1/Control Centre/Page_Job Manager Login/input_gwt-uid-3'

2018-11-23 08:36:03 - [MESSAGE][PASSED] - Text 'jon.hatfield' is set on object 'Object Repository/FSM1/Control Centre/Page_Job Manager Login/input_gwt-uid-3'

2018-11-23 08:36:03 - [TEST_STEP][PASSED] - setText: Text 'Fr@nc1sJ0n' is set on object 'Object Repository/FSM1/Control Centre/Page_Job Manager Login/input_gwt-uid-5'

2018-11-23 08:36:03 - [MESSAGE][PASSED] - Text 'Fr@nc1sJ0n' is set on object 'Object Repository/FSM1/Control Centre/Page_Job Manager Login/input_gwt-uid-5'

2018-11-23 08:36:03 - [TEST_STEP][PASSED] - click: Object: 'Object Repository/FSM1/PreProd/Page_Job Manager Login/div_Login' is clicked on

2018-11-23 08:36:04 - [MESSAGE][PASSED] - Object: 'Object Repository/FSM1/PreProd/Page_Job Manager Login/div_Login' is clicked on

2018-11-23 08:36:04 - [TEST_STEP][PASSED] - delay: Delayed 5 second(s)

2018-11-23 08:36:09 - [MESSAGE][PASSED] - Delayed 5 second(s)]]></system-out>
         <system-err><![CDATA[]]></system-err>
      </testcase>
      <testcase name="Test Cases/Form Jobs/BSE16/Control Centre - Check Results - BSE16" classname="Test Cases/Form Jobs/BSE16/Control Centre - Check Results - BSE16" status="PASSED">
         <system-out><![CDATA[2018-11-23 08:36:09 - [TEST_CASE][PASSED] - Test Cases/Form Jobs/BSE16/Control Centre - Check Results - BSE16: Test Cases/Form Jobs/BSE16/Control Centre - Check Results - BSE16

2018-11-23 08:36:09 - [TEST_STEP][PASSED] - Statement - log = new com.kms.katalon.core.logging.KeywordLogger(): null

2018-11-23 08:36:09 - [TEST_STEP][PASSED] - setText: Text '91414' is set on object 'Object Repository/FSM1/EMI Check Results/Page_JM Control Centre/input_Recents_v-textfield v-wi'

2018-11-23 08:36:10 - [MESSAGE][PASSED] - Text '91414' is set on object 'Object Repository/FSM1/EMI Check Results/Page_JM Control Centre/input_Recents_v-textfield v-wi'

2018-11-23 08:36:10 - [TEST_STEP][PASSED] - click: Object: 'Object Repository/FSM1/EMI Check Results/Page_JM Control Centre/span_' is clicked on

2018-11-23 08:36:10 - [MESSAGE][PASSED] - Object: 'Object Repository/FSM1/EMI Check Results/Page_JM Control Centre/span_' is clicked on

2018-11-23 08:36:10 - [TEST_STEP][PASSED] - waitForElementPresent: Object 'Object Repository/FSM1/EMI Check Results/Page_JM Control Centre/div_CLOSED' is present

2018-11-23 08:36:14 - [MESSAGE][PASSED] - Object 'Object Repository/FSM1/EMI Check Results/Page_JM Control Centre/div_CLOSED' is present

2018-11-23 08:36:14 - [TEST_STEP][PASSED] - delay: Delayed 3 second(s)

2018-11-23 08:36:17 - [MESSAGE][PASSED] - Delayed 3 second(s)

2018-11-23 08:36:17 - [TEST_STEP][PASSED] - verifyElementPresent: Object 'Object Repository/FSM1/Complete ABP Inspection/Check Results/03a/Page_JM Control Centre/div_Attachments_BSE16' is present

2018-11-23 08:36:17 - [MESSAGE][PASSED] - Object 'Object Repository/FSM1/Complete ABP Inspection/Check Results/03a/Page_JM Control Centre/div_Attachments_BSE16' is present]]></system-out>
         <system-err><![CDATA[]]></system-err>
      </testcase>
      <testcase name="Test Cases/ABP/Generic/Check Subsequent Inspection Doesnt Exist" classname="Test Cases/ABP/Generic/Check Subsequent Inspection Doesnt Exist" status="PASSED">
         <system-out><![CDATA[2018-11-23 08:36:17 - [TEST_CASE][PASSED] - Test Cases/ABP/Generic/Check Subsequent Inspection Doesnt Exist: Test Cases/ABP/Generic/Check Subsequent Inspection Doesnt Exist

2018-11-23 08:36:18 - [TEST_STEP][PASSED] - delay: Delayed 2 second(s)

2018-11-23 08:36:20 - [MESSAGE][PASSED] - Delayed 2 second(s)

2018-11-23 08:36:20 - [TEST_STEP][PASSED] - click: Object: 'Object Repository/FSM1/Complete ABP Inspection/Check Subsequent Inspections/New/Page_JM Control Centre/div_' is clicked on

2018-11-23 08:36:20 - [MESSAGE][PASSED] - Object: 'Object Repository/FSM1/Complete ABP Inspection/Check Subsequent Inspections/New/Page_JM Control Centre/div_' is clicked on

2018-11-23 08:36:20 - [TEST_STEP][PASSED] - click: Object: 'Object Repository/FSM1/Complete ABP Inspection/Check Subsequent Inspections/New/Page_JM Control Centre/span_List All Subordinate Jobs' is clicked on

2018-11-23 08:36:21 - [MESSAGE][PASSED] - Object: 'Object Repository/FSM1/Complete ABP Inspection/Check Subsequent Inspections/New/Page_JM Control Centre/span_List All Subordinate Jobs' is clicked on

2018-11-23 08:36:21 - [TEST_STEP][PASSED] - verifyElementNotPresent: Web element with id: 'Object Repository/FSM1/Complete ABP Inspection/Check Subsequent Inspections/New/Page_JM Control Centre/div_2 found.' located by 'By.xpath: //div[@class = 'v-captiontext' and (text() = '2 found.' or . = '2 found.')]' is not present after '5' second(s)

2018-11-23 08:36:22 - [MESSAGE][PASSED] - Web element with id: 'Object Repository/FSM1/Complete ABP Inspection/Check Subsequent Inspections/New/Page_JM Control Centre/div_2 found.' located by 'By.xpath: //div[@class = 'v-captiontext' and (text() = '2 found.' or . = '2 found.')]' is not present after '5' second(s)

2018-11-23 08:36:22 - [TEST_STEP][PASSED] - closeBrowser: Browser is closed

2018-11-23 08:36:23 - [MESSAGE][PASSED] - Browser is closed]]></system-out>
         <system-err><![CDATA[]]></system-err>
      </testcase>
      <system-out><![CDATA[2018-11-23 08:33:34 - [TEST_SUITE][PASSED] - BSE16 Regression - Feedmill: Test Cases/ABP/Generic/Check Subsequent Inspection Doesnt Exist]]></system-out>
      <system-err><![CDATA[]]></system-err>
   </testsuite>
</testsuites>
