<?xml version="1.0" encoding="UTF-8"?>
<testsuites name="PMM Regression - Registration - Rejected" time="426" tests="7" failures="0" errors="0">
   <testsuite name="PMM Regression - Registration - Rejected" tests="7" failures="0" errors="0" time="426" timestamp="2018-12-04 14:17:40" hostname="JHATFIELD - SNDFSMINFSRV001.defra.onmicrosoft.com" id="Test Suites/PMM/PMM Regression - Registration - Rejected">
      <properties>
         <property name="deviceName" value=""/>
         <property name="devicePlatform" value=""/>
         <property name="logFolder" value="C:\\Users\\JHATFIELD\\git\\DEFRA-FSM_Automated_Regression_NEW\\Reports\\PMM\\PMM Regression - Registration - Rejected\\20181204_132858"/>
         <property name="logFiles" value="C:\\Users\\JHATFIELD\\git\\DEFRA-FSM_Automated_Regression_NEW\\Reports\\PMM\\PMM Regression - Registration - Rejected\\20181204_132858\\execution0.log"/>
         <property name="attachments" value=""/>
         <property name="hostName" value="JHATFIELD - SNDFSMINFSRV001.defra.onmicrosoft.com"/>
         <property name="os" value="Windows Server 2016 64bit"/>
         <property name="katalonVersion" value="5.9.1.2"/>
         <property name="browser" value="Chrome 70.0.3538.110"/>
         <property name="hostAddress" value="10.201.1.17"/>
         <property name="sessionId" value="1ae26f95085f7bbabb91c2dc4b1ab367"/>
         <property name="seleniumVersion" value="3.7.1"/>
         <property name="proxyInformation" value="ProxyInformation{proxyOption=NO_PROXY, proxyServerType=HTTP, password=, proxyServerAddress=, proxyServerPort=0}"/>
         <property name="platform" value="Windows Server 2016"/>
      </properties>
      <testcase name="Test Cases/Generic/Launch Job Manager Control Centre" classname="Test Cases/Generic/Launch Job Manager Control Centre" status="PASSED">
         <system-out><![CDATA[2018-12-04 14:17:41 - [TEST_CASE][PASSED] - Test Cases/Generic/Launch Job Manager Control Centre: Test Cases/Generic/Launch Job Manager Control Centre

2018-12-04 14:17:42 - [TEST_STEP][PASSED] - openBrowser(""): Browser is opened with url: ''

2018-12-04 14:17:43 - [MESSAGE][INFO] - Starting 'Chrome' driver

2018-12-04 14:17:43 - [MESSAGE][INFO] - Action delay is set to 0 seconds

2018-12-04 14:17:47 - [MESSAGE][PASSED] - Browser is opened with url: ''

2018-12-04 14:17:47 - [TEST_STEP][PASSED] - navigateToUrl(CCURL): Navigate to 'https://kirona-def-6.kirona.com/jmprep/login#!loginView' successfully

2018-12-04 14:17:50 - [MESSAGE][PASSED] - Navigate to 'https://kirona-def-6.kirona.com/jmprep/login#!loginView' successfully

2018-12-04 14:17:50 - [TEST_STEP][PASSED] - setText(findTestObject("FSM1/Control Centre/Page_Job Manager Login/input_gwt-uid-3"), Username): Text 'jon.hatfield' is set on object 'Object Repository/FSM1/Control Centre/Page_Job Manager Login/input_gwt-uid-3'

2018-12-04 14:17:51 - [MESSAGE][PASSED] - Text 'jon.hatfield' is set on object 'Object Repository/FSM1/Control Centre/Page_Job Manager Login/input_gwt-uid-3'

2018-12-04 14:17:51 - [TEST_STEP][PASSED] - setText(findTestObject("FSM1/Control Centre/Page_Job Manager Login/input_gwt-uid-5"), Password): Text 'Fr@nc1sJ0n' is set on object 'Object Repository/FSM1/Control Centre/Page_Job Manager Login/input_gwt-uid-5'

2018-12-04 14:17:52 - [MESSAGE][PASSED] - Text 'Fr@nc1sJ0n' is set on object 'Object Repository/FSM1/Control Centre/Page_Job Manager Login/input_gwt-uid-5'

2018-12-04 14:17:52 - [TEST_STEP][PASSED] - click(findTestObject("FSM1/PreProd/Page_Job Manager Login/div_Login")): Object: 'Object Repository/FSM1/PreProd/Page_Job Manager Login/div_Login' is clicked on

2018-12-04 14:17:52 - [MESSAGE][PASSED] - Object: 'Object Repository/FSM1/PreProd/Page_Job Manager Login/div_Login' is clicked on

2018-12-04 14:17:52 - [TEST_STEP][PASSED] - delay(5): Delayed 5 second(s)

2018-12-04 14:17:57 - [MESSAGE][PASSED] - Delayed 5 second(s)]]></system-out>
         <system-err><![CDATA[]]></system-err>
      </testcase>
      <testcase name="Test Cases/PMM/Registration/Create PMM Inspection - Registration" classname="Test Cases/PMM/Registration/Create PMM Inspection - Registration" status="PASSED">
         <system-out><![CDATA[2018-12-04 14:17:57 - [TEST_CASE][PASSED] - Test Cases/PMM/Registration/Create PMM Inspection - Registration: Test Cases/PMM/Registration/Create PMM Inspection - Registration

2018-12-04 14:17:58 - [TEST_STEP][PASSED] - log = new com.kms.katalon.core.logging.KeywordLogger(): null

2018-12-04 14:17:58 - [TEST_STEP][PASSED] - delay(2): Delayed 2 second(s)

2018-12-04 14:18:00 - [MESSAGE][PASSED] - Delayed 2 second(s)

2018-12-04 14:18:00 - [TEST_STEP][PASSED] - click(findTestObject("FSM1/Complete ABP Inspection/Create PMM Registration/Page_JM Control Centre/div_Create")): Object: 'Object Repository/FSM1/Complete ABP Inspection/Create PMM Registration/Page_JM Control Centre/div_Create' is clicked on

2018-12-04 14:18:00 - [MESSAGE][PASSED] - Object: 'Object Repository/FSM1/Complete ABP Inspection/Create PMM Registration/Page_JM Control Centre/div_Create' is clicked on

2018-12-04 14:18:00 - [TEST_STEP][PASSED] - delay(2): Delayed 2 second(s)

2018-12-04 14:18:02 - [MESSAGE][PASSED] - Delayed 2 second(s)

2018-12-04 14:18:02 - [TEST_STEP][PASSED] - setText(findTestObject("Object Repository/FSM1/Create PMM Inspection/d/Page_JM Control Centre/input_Type_gwt-uid-8"), "pmr03"): Text 'pmr03' is set on object 'Object Repository/FSM1/Create PMM Inspection/d/Page_JM Control Centre/input_Type_gwt-uid-8'

2018-12-04 14:18:03 - [MESSAGE][PASSED] - Text 'pmr03' is set on object 'Object Repository/FSM1/Create PMM Inspection/d/Page_JM Control Centre/input_Type_gwt-uid-8'

2018-12-04 14:18:03 - [TEST_STEP][PASSED] - click(findTestObject("FSM1/Create PMM Inspection/a/Page_JM Control Centre/Page_JM Control Centre/span_PMR03 - Producer Registration")): Object: 'Object Repository/FSM1/Create PMM Inspection/a/Page_JM Control Centre/Page_JM Control Centre/span_PMR03 - Producer Registration' is clicked on

2018-12-04 14:18:03 - [MESSAGE][PASSED] - Object: 'Object Repository/FSM1/Create PMM Inspection/a/Page_JM Control Centre/Page_JM Control Centre/span_PMR03 - Producer Registration' is clicked on

2018-12-04 14:18:03 - [TEST_STEP][PASSED] - click(findTestObject("Object Repository/FSM1/Create PMM Inspection/e/Page_JM Control Centre/div_SLA_v-filterselect-button")): Object: 'Object Repository/FSM1/Create PMM Inspection/e/Page_JM Control Centre/div_SLA_v-filterselect-button' is clicked on

2018-12-04 14:18:05 - [MESSAGE][PASSED] - Object: 'Object Repository/FSM1/Create PMM Inspection/e/Page_JM Control Centre/div_SLA_v-filterselect-button' is clicked on

2018-12-04 14:18:05 - [TEST_STEP][PASSED] - click(findTestObject("Object Repository/FSM1/Create PMM Inspection/e/Page_JM Control Centre/span_24 Hours")): Object: 'Object Repository/FSM1/Create PMM Inspection/e/Page_JM Control Centre/span_24 Hours' is clicked on

2018-12-04 14:18:05 - [MESSAGE][PASSED] - Object: 'Object Repository/FSM1/Create PMM Inspection/e/Page_JM Control Centre/span_24 Hours' is clicked on

2018-12-04 14:18:05 - [TEST_STEP][PASSED] - click(findTestObject("Object Repository/FSM1/Create PMM Inspection/e/Page_JM Control Centre/div_Region_v-filterselect-butt")): Object: 'Object Repository/FSM1/Create PMM Inspection/e/Page_JM Control Centre/div_Region_v-filterselect-butt' is clicked on

2018-12-04 14:18:06 - [MESSAGE][PASSED] - Object: 'Object Repository/FSM1/Create PMM Inspection/e/Page_JM Control Centre/div_Region_v-filterselect-butt' is clicked on

2018-12-04 14:18:06 - [TEST_STEP][PASSED] - click(findTestObject("Object Repository/FSM1/Create PMM Inspection/e/Page_JM Control Centre/span_West")): Object: 'Object Repository/FSM1/Create PMM Inspection/e/Page_JM Control Centre/span_West' is clicked on

2018-12-04 14:18:06 - [MESSAGE][PASSED] - Object: 'Object Repository/FSM1/Create PMM Inspection/e/Page_JM Control Centre/span_West' is clicked on

2018-12-04 14:18:06 - [TEST_STEP][PASSED] - click(findTestObject("Object Repository/FSM1/Create PMM Inspection/d/Page_JM Control Centre/div_Production Type_v-filterse")): Object: 'Object Repository/FSM1/Create PMM Inspection/d/Page_JM Control Centre/div_Production Type_v-filterse' is clicked on

2018-12-04 14:18:07 - [MESSAGE][PASSED] - Object: 'Object Repository/FSM1/Create PMM Inspection/d/Page_JM Control Centre/div_Production Type_v-filterse' is clicked on

2018-12-04 14:18:07 - [TEST_STEP][PASSED] - click(findTestObject("Object Repository/FSM1/Create PMM Inspection/d/Page_JM Control Centre/span_Extensive Indoor (Barn Re")): Object: 'Object Repository/FSM1/Create PMM Inspection/d/Page_JM Control Centre/span_Extensive Indoor (Barn Re' is clicked on

2018-12-04 14:18:07 - [MESSAGE][PASSED] - Object: 'Object Repository/FSM1/Create PMM Inspection/d/Page_JM Control Centre/span_Extensive Indoor (Barn Re' is clicked on

2018-12-04 14:18:07 - [TEST_STEP][PASSED] - click(findTestObject("Object Repository/FSM1/Create PMM Inspection/d/Page_JM Control Centre/div_Species_v-filterselect-but")): Object: 'Object Repository/FSM1/Create PMM Inspection/d/Page_JM Control Centre/div_Species_v-filterselect-but' is clicked on

2018-12-04 14:18:07 - [MESSAGE][PASSED] - Object: 'Object Repository/FSM1/Create PMM Inspection/d/Page_JM Control Centre/div_Species_v-filterselect-but' is clicked on

2018-12-04 14:18:07 - [TEST_STEP][PASSED] - click(findTestObject("Object Repository/FSM1/Create PMM Inspection/d/Page_JM Control Centre/span_Chicken")): Object: 'Object Repository/FSM1/Create PMM Inspection/d/Page_JM Control Centre/span_Chicken' is clicked on

2018-12-04 14:18:08 - [MESSAGE][PASSED] - Object: 'Object Repository/FSM1/Create PMM Inspection/d/Page_JM Control Centre/span_Chicken' is clicked on

2018-12-04 14:18:08 - [TEST_STEP][PASSED] - setText(findTestObject("Object Repository/FSM1/Create PMM Inspection/d/Page_JM Control Centre/input_Keeper ID_gwt-uid-34"), RandomStringUtils.randomNumeric(5)): Text '08124' is set on object 'Object Repository/FSM1/Create PMM Inspection/d/Page_JM Control Centre/input_Keeper ID_gwt-uid-34'

2018-12-04 14:18:08 - [MESSAGE][PASSED] - Text '08124' is set on object 'Object Repository/FSM1/Create PMM Inspection/d/Page_JM Control Centre/input_Keeper ID_gwt-uid-34'

2018-12-04 14:18:08 - [TEST_STEP][PASSED] - setText(findTestObject("Object Repository/FSM1/Create PMM Inspection/d/Page_JM Control Centre/input_Keeper Name_gwt-uid-36"), RandomStringUtils.randomNumeric(5)): Text '15166' is set on object 'Object Repository/FSM1/Create PMM Inspection/d/Page_JM Control Centre/input_Keeper Name_gwt-uid-36'

2018-12-04 14:18:09 - [MESSAGE][PASSED] - Text '15166' is set on object 'Object Repository/FSM1/Create PMM Inspection/d/Page_JM Control Centre/input_Keeper Name_gwt-uid-36'

2018-12-04 14:18:09 - [TEST_STEP][PASSED] - setText(findTestObject("Object Repository/FSM1/Create PMM Inspection/d/Page_JM Control Centre/input_Keeper Contact Name_gwt- (2)"), RandomStringUtils.randomNumeric(5)): Text '17915' is set on object 'Object Repository/FSM1/Create PMM Inspection/d/Page_JM Control Centre/input_Keeper Contact Name_gwt- (2)'

2018-12-04 14:18:09 - [MESSAGE][PASSED] - Text '17915' is set on object 'Object Repository/FSM1/Create PMM Inspection/d/Page_JM Control Centre/input_Keeper Contact Name_gwt- (2)'

2018-12-04 14:18:09 - [TEST_STEP][PASSED] - setText(findTestObject("Object Repository/FSM1/Create PMM Inspection/d/Page_JM Control Centre/input_Location ID_gwt-uid-44 (1)"), RandomStringUtils.randomNumeric(5)): Text '42763' is set on object 'Object Repository/FSM1/Create PMM Inspection/d/Page_JM Control Centre/input_Location ID_gwt-uid-44 (1)'

2018-12-04 14:18:10 - [MESSAGE][PASSED] - Text '42763' is set on object 'Object Repository/FSM1/Create PMM Inspection/d/Page_JM Control Centre/input_Location ID_gwt-uid-44 (1)'

2018-12-04 14:18:10 - [TEST_STEP][PASSED] - setText(findTestObject("FSM1/Complete ABP Inspection/Create PMM Registration/Page_JM Control Centre/input_Customer ID_gwt-uid-48 (2)"), RandomStringUtils.randomNumeric(5)): Text '07726' is set on object 'Object Repository/FSM1/Complete ABP Inspection/Create PMM Registration/Page_JM Control Centre/input_Customer ID_gwt-uid-48 (2)'

2018-12-04 14:18:10 - [MESSAGE][PASSED] - Text '07726' is set on object 'Object Repository/FSM1/Complete ABP Inspection/Create PMM Registration/Page_JM Control Centre/input_Customer ID_gwt-uid-48 (2)'

2018-12-04 14:18:10 - [TEST_STEP][PASSED] - setText(findTestObject("FSM1/Complete ABP Inspection/Create PMM Registration/Page_JM Control Centre/input_Customer Name_gwt-uid-50"), RandomStringUtils.randomNumeric(5)): Text '42843' is set on object 'Object Repository/FSM1/Complete ABP Inspection/Create PMM Registration/Page_JM Control Centre/input_Customer Name_gwt-uid-50'

2018-12-04 14:18:11 - [MESSAGE][PASSED] - Text '42843' is set on object 'Object Repository/FSM1/Complete ABP Inspection/Create PMM Registration/Page_JM Control Centre/input_Customer Name_gwt-uid-50'

2018-12-04 14:18:11 - [TEST_STEP][PASSED] - setText(findTestObject("FSM1/Complete ABP Inspection/Create PMM Registration/Page_JM Control Centre/input_Customer Contact Name_gw (2)"), RandomStringUtils.randomNumeric(5)): Text '98071' is set on object 'Object Repository/FSM1/Complete ABP Inspection/Create PMM Registration/Page_JM Control Centre/input_Customer Contact Name_gw (2)'

2018-12-04 14:18:11 - [MESSAGE][PASSED] - Text '98071' is set on object 'Object Repository/FSM1/Complete ABP Inspection/Create PMM Registration/Page_JM Control Centre/input_Customer Contact Name_gw (2)'

2018-12-04 14:18:11 - [TEST_STEP][PASSED] - setText(findTestObject("Object Repository/FSM1/Create PMM Inspection/d/Page_JM Control Centre/CPH"), RandomStringUtils.randomNumeric(5)): Text '30874' is set on object 'Object Repository/FSM1/Create PMM Inspection/d/Page_JM Control Centre/CPH'

2018-12-04 14:18:11 - [MESSAGE][PASSED] - Text '30874' is set on object 'Object Repository/FSM1/Create PMM Inspection/d/Page_JM Control Centre/CPH'

2018-12-04 14:18:11 - [TEST_STEP][PASSED] - setText(findTestObject("Object Repository/FSM1/Create PMM Inspection/d/Page_JM Control Centre/CPHH"), RandomStringUtils.randomNumeric(5)): Text '82072' is set on object 'Object Repository/FSM1/Create PMM Inspection/d/Page_JM Control Centre/CPHH'

2018-12-04 14:18:12 - [MESSAGE][PASSED] - Text '82072' is set on object 'Object Repository/FSM1/Create PMM Inspection/d/Page_JM Control Centre/CPHH'

2018-12-04 14:18:12 - [TEST_STEP][PASSED] - click(findTestObject("FSM1/Control Centre/Create EMI Inspection/Page_JM Control Centre/span_")): Object: 'Object Repository/FSM1/Control Centre/Create EMI Inspection/Page_JM Control Centre/span_' is clicked on

2018-12-04 14:18:12 - [MESSAGE][PASSED] - Object: 'Object Repository/FSM1/Control Centre/Create EMI Inspection/Page_JM Control Centre/span_' is clicked on

2018-12-04 14:18:12 - [TEST_STEP][PASSED] - click(findTestObject("FSM1/Control Centre/Create EMI Inspection/Address Search/Page_JM Control Centre/Postcode Search")): Object: 'Object Repository/FSM1/Control Centre/Create EMI Inspection/Address Search/Page_JM Control Centre/Postcode Search' is clicked on

2018-12-04 14:18:14 - [MESSAGE][PASSED] - Object: 'Object Repository/FSM1/Control Centre/Create EMI Inspection/Address Search/Page_JM Control Centre/Postcode Search' is clicked on

2018-12-04 14:18:14 - [TEST_STEP][PASSED] - setText(findTestObject("FSM1/PreProd/Page_JM Control Centre/PostcodeSearch"), findTestData("Pre Production/PMM/PMM Inspection Data").getValue(1, 1)): Text 'WR5 2NQ' is set on object 'Object Repository/FSM1/PreProd/Page_JM Control Centre/PostcodeSearch'

2018-12-04 14:18:14 - [MESSAGE][PASSED] - Text 'WR5 2NQ' is set on object 'Object Repository/FSM1/PreProd/Page_JM Control Centre/PostcodeSearch'

2018-12-04 14:18:14 - [TEST_STEP][PASSED] - click(findTestObject("FSM1/Control Centre/Create EMI Inspection/Create Address/Page_JM Control Centre (1)/SearchButton")): Object: 'Object Repository/FSM1/Control Centre/Create EMI Inspection/Create Address/Page_JM Control Centre (1)/SearchButton' is clicked on

2018-12-04 14:18:15 - [MESSAGE][PASSED] - Object: 'Object Repository/FSM1/Control Centre/Create EMI Inspection/Create Address/Page_JM Control Centre (1)/SearchButton' is clicked on

2018-12-04 14:18:15 - [TEST_STEP][PASSED] - FullAddress = modifyObjectProperty(findTestObject("FSM1/Control Centre/Create EMI Inspection/Page_JM Control Centre/Address"), "text", "equals", findTestData("Pre Production/PMM/PMM Inspection Data").getValue(2, 1), true): Modify property of object successfully

2018-12-04 14:18:15 - [MESSAGE][PASSED] - Modify property of object successfully

2018-12-04 14:18:15 - [TEST_STEP][PASSED] - click(FullAddress, STOP_ON_FAILURE): Object: 'Object Repository/FSM1/Control Centre/Create EMI Inspection/Page_JM Control Centre/Address' is clicked on

2018-12-04 14:18:16 - [MESSAGE][PASSED] - Object: 'Object Repository/FSM1/Control Centre/Create EMI Inspection/Page_JM Control Centre/Address' is clicked on

2018-12-04 14:18:16 - [TEST_STEP][PASSED] - click(findTestObject("FSM1/Control Centre/Create EMI Inspection/Create Address/Page_JM Control Centre (2)/div_Add Selected Item")): Object: 'Object Repository/FSM1/Control Centre/Create EMI Inspection/Create Address/Page_JM Control Centre (2)/div_Add Selected Item' is clicked on

2018-12-04 14:18:17 - [MESSAGE][PASSED] - Object: 'Object Repository/FSM1/Control Centre/Create EMI Inspection/Create Address/Page_JM Control Centre (2)/div_Add Selected Item' is clicked on

2018-12-04 14:18:17 - [TEST_STEP][PASSED] - delay(2): Delayed 2 second(s)

2018-12-04 14:18:19 - [MESSAGE][PASSED] - Delayed 2 second(s)

2018-12-04 14:18:19 - [TEST_STEP][PASSED] - setText(findTestObject("Object Repository/FSM1/Create PMM Inspection/f/Page_JM Control Centre/input_Fixed Resource_gwt-uid-1"), "test"): Text 'test' is set on object 'Object Repository/FSM1/Create PMM Inspection/f/Page_JM Control Centre/input_Fixed Resource_gwt-uid-1'

2018-12-04 14:18:19 - [MESSAGE][PASSED] - Text 'test' is set on object 'Object Repository/FSM1/Create PMM Inspection/f/Page_JM Control Centre/input_Fixed Resource_gwt-uid-1'

2018-12-04 14:18:19 - [TEST_STEP][PASSED] - click(findTestObject("Object Repository/FSM1/Create PMM Inspection/f/Page_JM Control Centre/span_Test Inspector")): Object: 'Object Repository/FSM1/Create PMM Inspection/f/Page_JM Control Centre/span_Test Inspector' is clicked on

2018-12-04 14:18:20 - [MESSAGE][PASSED] - Object: 'Object Repository/FSM1/Create PMM Inspection/f/Page_JM Control Centre/span_Test Inspector' is clicked on

2018-12-04 14:18:20 - [TEST_STEP][PASSED] - click(findTestObject("Object Repository/FSM1/Create PMM Inspection/f/Page_JM Control Centre/div_Auto Schedulable_v-filters")): Object: 'Object Repository/FSM1/Create PMM Inspection/f/Page_JM Control Centre/div_Auto Schedulable_v-filters' is clicked on

2018-12-04 14:18:20 - [MESSAGE][PASSED] - Object: 'Object Repository/FSM1/Create PMM Inspection/f/Page_JM Control Centre/div_Auto Schedulable_v-filters' is clicked on

2018-12-04 14:18:20 - [TEST_STEP][PASSED] - setText(findTestObject("Object Repository/FSM1/Create PMM Inspection/f/Page_JM Control Centre/input_Fixed Resource_gwt-uid-1"), "Test Inspector"): Text 'Test Inspector' is set on object 'Object Repository/FSM1/Create PMM Inspection/f/Page_JM Control Centre/input_Fixed Resource_gwt-uid-1'

2018-12-04 14:18:21 - [MESSAGE][PASSED] - Text 'Test Inspector' is set on object 'Object Repository/FSM1/Create PMM Inspection/f/Page_JM Control Centre/input_Fixed Resource_gwt-uid-1'

2018-12-04 14:18:21 - [TEST_STEP][PASSED] - click(findTestObject("Object Repository/FSM1/Create PMM Inspection/f/Page_JM Control Centre/span_Yes")): Object: 'Object Repository/FSM1/Create PMM Inspection/f/Page_JM Control Centre/span_Yes' is clicked on

2018-12-04 14:18:21 - [MESSAGE][PASSED] - Object: 'Object Repository/FSM1/Create PMM Inspection/f/Page_JM Control Centre/span_Yes' is clicked on

2018-12-04 14:18:21 - [TEST_STEP][PASSED] - delay(2): Delayed 2 second(s)

2018-12-04 14:18:23 - [MESSAGE][PASSED] - Delayed 2 second(s)

2018-12-04 14:18:23 - [TEST_STEP][PASSED] - click(findTestObject("FSM1/Control Centre/Create EMI Inspection/Finish/Page_JM Control Centre (3)/div_Create")): Object: 'Object Repository/FSM1/Control Centre/Create EMI Inspection/Finish/Page_JM Control Centre (3)/div_Create' is clicked on

2018-12-04 14:18:23 - [MESSAGE][PASSED] - Object: 'Object Repository/FSM1/Control Centre/Create EMI Inspection/Finish/Page_JM Control Centre (3)/div_Create' is clicked on

2018-12-04 14:18:23 - [TEST_STEP][PASSED] - waitForElementPresent(findTestObject("FSM1/Control Centre/Status/Page_JM Control Centre/div_PLANNED DYNAMIC"), 120, STOP_ON_FAILURE): Object 'Object Repository/FSM1/Control Centre/Status/Page_JM Control Centre/div_PLANNED DYNAMIC' is present

2018-12-04 14:19:03 - [MESSAGE][PASSED] - Object 'Object Repository/FSM1/Control Centre/Status/Page_JM Control Centre/div_PLANNED DYNAMIC' is present

2018-12-04 14:19:03 - [TEST_STEP][PASSED] - InspectionID = getText(findTestObject("FSM1/Control Centre/Create EMI Inspection/InspectionID/Page_JM Control Centre/InspectionID")): Text of object 'Object Repository/FSM1/Control Centre/Create EMI Inspection/InspectionID/Page_JM Control Centre/InspectionID' is: 'Viewing Job 94181'

2018-12-04 14:19:03 - [MESSAGE][PASSED] - Text of object 'Object Repository/FSM1/Control Centre/Create EMI Inspection/InspectionID/Page_JM Control Centre/InspectionID' is: 'Viewing Job 94181'

2018-12-04 14:19:03 - [TEST_STEP][PASSED] - InspectionID = InspectionID.replaceAll("Viewing Job ", ""): null

2018-12-04 14:19:03 - [TEST_STEP][PASSED] - log.logWarning(InspectionID): 94181

2018-12-04 14:19:03 - [MESSAGE][WARNING] - 94181

2018-12-04 14:19:03 - [TEST_STEP][PASSED] - temp = InspectionID: null

2018-12-04 14:19:03 - [TEST_STEP][PASSED] - delay(200): Delayed 200 second(s)

2018-12-04 14:22:23 - [MESSAGE][PASSED] - Delayed 200 second(s)]]></system-out>
         <system-err><![CDATA[]]></system-err>
      </testcase>
      <testcase name="Test Cases/Generic/Launch Job Manager" classname="Test Cases/Generic/Launch Job Manager" status="PASSED">
         <system-out><![CDATA[2018-12-04 14:22:23 - [TEST_CASE][PASSED] - Test Cases/Generic/Launch Job Manager: Test Cases/Generic/Launch Job Manager

2018-12-04 14:22:24 - [TEST_STEP][PASSED] - openBrowser(""): Browser is opened with url: ''

2018-12-04 14:22:24 - [MESSAGE][WARNING] - A browser is already opened. Closing browser and opening a new one

2018-12-04 14:22:25 - [MESSAGE][INFO] - Starting 'Chrome' driver

2018-12-04 14:22:27 - [MESSAGE][PASSED] - Browser is opened with url: ''

2018-12-04 14:22:27 - [TEST_STEP][PASSED] - navigateToUrl(JMURL): Navigate to 'https://kirona-def-6.kirona.com/jmprep/jclient/jclient.html' successfully

2018-12-04 14:22:28 - [MESSAGE][PASSED] - Navigate to 'https://kirona-def-6.kirona.com/jmprep/jclient/jclient.html' successfully

2018-12-04 14:22:28 - [TEST_STEP][PASSED] - setText(findTestObject("FSM1/Launch Application/Page_JClient/input_gwt-TextBox GKH2EKQBMDB"), "KIR1"): Text 'KIR1' is set on object 'Object Repository/FSM1/Launch Application/Page_JClient/input_gwt-TextBox GKH2EKQBMDB'

2018-12-04 14:22:31 - [MESSAGE][PASSED] - Text 'KIR1' is set on object 'Object Repository/FSM1/Launch Application/Page_JClient/input_gwt-TextBox GKH2EKQBMDB'

2018-12-04 14:22:31 - [TEST_STEP][PASSED] - sendKeys(findTestObject("FSM1/Launch Application/Page_JClient/input_gwt-TextBox GKH2EKQBMDB"), Keys.chord(ENTER)): Keys 'ENTER + ' sent to object: 'Object Repository/FSM1/Launch Application/Page_JClient/input_gwt-TextBox GKH2EKQBMDB'

2018-12-04 14:22:31 - [MESSAGE][PASSED] - Keys 'ENTER + ' sent to object: 'Object Repository/FSM1/Launch Application/Page_JClient/input_gwt-TextBox GKH2EKQBMDB'

2018-12-04 14:22:31 - [TEST_STEP][PASSED] - click(findTestObject("FSM1/Launch Application/Page_JClient/div_Configure App")): Object: 'Object Repository/FSM1/Launch Application/Page_JClient/div_Configure App' is clicked on

2018-12-04 14:22:31 - [MESSAGE][PASSED] - Object: 'Object Repository/FSM1/Launch Application/Page_JClient/div_Configure App' is clicked on

2018-12-04 14:22:31 - [TEST_STEP][PASSED] - setText(findTestObject("FSM1/Launch Application/Page_JClient/input_gwt-TextBox GKH2EKQBNHC"), findTestData("Pre Production/Environmental/UandP").getValue(3, 1)): Text 'test.inspector' is set on object 'Object Repository/FSM1/Launch Application/Page_JClient/input_gwt-TextBox GKH2EKQBNHC'

2018-12-04 14:22:32 - [MESSAGE][PASSED] - Text 'test.inspector' is set on object 'Object Repository/FSM1/Launch Application/Page_JClient/input_gwt-TextBox GKH2EKQBNHC'

2018-12-04 14:22:32 - [TEST_STEP][PASSED] - setText(findTestObject("FSM1/Launch Application/Page_JClient/input_gwt-PasswordTextBox GKH2"), findTestData("Pre Production/Environmental/UandP").getValue(4, 1)): Text 'Password1.' is set on object 'Object Repository/FSM1/Launch Application/Page_JClient/input_gwt-PasswordTextBox GKH2'

2018-12-04 14:22:32 - [MESSAGE][PASSED] - Text 'Password1.' is set on object 'Object Repository/FSM1/Launch Application/Page_JClient/input_gwt-PasswordTextBox GKH2'

2018-12-04 14:22:32 - [TEST_STEP][PASSED] - click(findTestObject("FSM1/Launch Application/Page_JClient/div_Sign In")): Object: 'Object Repository/FSM1/Launch Application/Page_JClient/div_Sign In' is clicked on

2018-12-04 14:22:33 - [MESSAGE][PASSED] - Object: 'Object Repository/FSM1/Launch Application/Page_JClient/div_Sign In' is clicked on

2018-12-04 14:22:33 - [TEST_STEP][PASSED] - delay(15): Delayed 15 second(s)

2018-12-04 14:22:48 - [MESSAGE][PASSED] - Delayed 15 second(s)]]></system-out>
         <system-err><![CDATA[]]></system-err>
      </testcase>
      <testcase name="Test Cases/Generic/Select Inspection For Rejection - Availability Changed" classname="Test Cases/Generic/Select Inspection For Rejection - Availability Changed" status="PASSED">
         <system-out><![CDATA[2018-12-04 14:22:48 - [TEST_CASE][PASSED] - Test Cases/Generic/Select Inspection For Rejection - Availability Changed: Test Cases/Generic/Select Inspection For Rejection - Availability Changed

2018-12-04 14:22:48 - [TEST_STEP][PASSED] - delay(30): Delayed 30 second(s)

2018-12-04 14:23:18 - [MESSAGE][PASSED] - Delayed 30 second(s)

2018-12-04 14:23:18 - [TEST_STEP][PASSED] - waitForElementClickable(findTestObject("FSM1/Select Inspection/Landing/Refresh"), 250): Object 'Object Repository/FSM1/Select Inspection/Landing/Refresh' is clickable

2018-12-04 14:23:18 - [MESSAGE][PASSED] - Object 'Object Repository/FSM1/Select Inspection/Landing/Refresh' is clickable

2018-12-04 14:23:18 - [TEST_STEP][PASSED] - click(findTestObject("FSM1/Select Inspection/Landing/Refresh")): Object: 'Object Repository/FSM1/Select Inspection/Landing/Refresh' is clicked on

2018-12-04 14:23:19 - [MESSAGE][PASSED] - Object: 'Object Repository/FSM1/Select Inspection/Landing/Refresh' is clicked on

2018-12-04 14:23:19 - [TEST_STEP][PASSED] - waitForElementClickable(findTestObject("FSM1/Select Inspection/Landing/Refresh"), 250): Object 'Object Repository/FSM1/Select Inspection/Landing/Refresh' is clickable

2018-12-04 14:23:20 - [MESSAGE][PASSED] - Object 'Object Repository/FSM1/Select Inspection/Landing/Refresh' is clickable

2018-12-04 14:23:20 - [TEST_STEP][NOT_RUN] - delay(180): NOT_RUN: delay(180)

2018-12-04 14:23:20 - [MESSAGE][NOT_RUN] - NOT_RUN: delay(180)

2018-12-04 14:23:20 - [TEST_STEP][PASSED] - InspectionRef = modifyObjectProperty(findTestObject("Object Repository/FSM1/Reject Inspection/Page_JClient/div_35098"), "text", "equals", temp, true, STOP_ON_FAILURE): Modify property of object successfully

2018-12-04 14:23:20 - [MESSAGE][PASSED] - Modify property of object successfully

2018-12-04 14:23:20 - [TEST_STEP][PASSED] - delay(20): Delayed 20 second(s)

2018-12-04 14:23:40 - [MESSAGE][PASSED] - Delayed 20 second(s)

2018-12-04 14:23:40 - [TEST_STEP][PASSED] - if (verifyElementPresent(InspectionRef, 30, OPTIONAL)): Object: 'Object Repository/FSM1/Reject Inspection/Page_JClient/div_35098' is clicked on

2018-12-04 14:23:40 - [MESSAGE][PASSED] - Object 'Object Repository/FSM1/Reject Inspection/Page_JClient/div_35098' is present

2018-12-04 14:23:40 - [TEST_STEP][PASSED] - delay(3): Delayed 3 second(s)

2018-12-04 14:23:43 - [MESSAGE][PASSED] - Delayed 3 second(s)

2018-12-04 14:23:43 - [TEST_STEP][PASSED] - click(InspectionRef): Object: 'Object Repository/FSM1/Reject Inspection/Page_JClient/div_35098' is clicked on

2018-12-04 14:23:43 - [MESSAGE][PASSED] - Object: 'Object Repository/FSM1/Reject Inspection/Page_JClient/div_35098' is clicked on

2018-12-04 14:23:43 - [TEST_STEP][PASSED] - click(findTestObject("FSM1/Select Inspection/Page_JClient/div_WITH OPERATIVE")): Object: 'Object Repository/FSM1/Select Inspection/Page_JClient/div_WITH OPERATIVE' is clicked on

2018-12-04 14:23:44 - [MESSAGE][PASSED] - Object: 'Object Repository/FSM1/Select Inspection/Page_JClient/div_WITH OPERATIVE' is clicked on

2018-12-04 14:23:44 - [TEST_STEP][PASSED] - delay(2): Delayed 2 second(s)

2018-12-04 14:23:46 - [MESSAGE][PASSED] - Delayed 2 second(s)

2018-12-04 14:23:46 - [TEST_STEP][PASSED] - click(findTestObject("Object Repository/FSM1/Reject Inspection/Page_JClient/div_REJECTED")): Object: 'Object Repository/FSM1/Reject Inspection/Page_JClient/div_REJECTED' is clicked on

2018-12-04 14:23:46 - [MESSAGE][PASSED] - Object: 'Object Repository/FSM1/Reject Inspection/Page_JClient/div_REJECTED' is clicked on

2018-12-04 14:23:46 - [TEST_STEP][PASSED] - delay(2): Delayed 2 second(s)

2018-12-04 14:23:48 - [MESSAGE][PASSED] - Delayed 2 second(s)

2018-12-04 14:23:48 - [TEST_STEP][PASSED] - selectOptionByValue(findTestObject("Object Repository/FSM1/Reject Inspection/Page_JClient/select_Availability ChangedBio"), findTestData("Pre Production/ABP/Rejection - Availability Changed").getValue(1, 1), true): All options with value 'AVAILABILITY CHANGED' are selected in object 'Object Repository/FSM1/Reject Inspection/Page_JClient/select_Availability ChangedBio'  using regular expression

2018-12-04 14:23:48 - [MESSAGE][PASSED] - All options with value 'AVAILABILITY CHANGED' are selected in object 'Object Repository/FSM1/Reject Inspection/Page_JClient/select_Availability ChangedBio'  using regular expression

2018-12-04 14:23:48 - [TEST_STEP][NOT_RUN] - selectOptionByValue(findTestObject("Object Repository/FSM1/Reject Inspection/Page_JClient/select_Availability ChangedBio"), "BIOSECURITY", true): NOT_RUN: selectOptionByValue(findTestObject("Object Repository/FSM1/Reject Inspection/Page_JClient/select_Availability ChangedBio"), "BIOSECURITY", true)

2018-12-04 14:23:48 - [MESSAGE][NOT_RUN] - NOT_RUN: selectOptionByValue(findTestObject("Object Repository/FSM1/Reject Inspection/Page_JClient/select_Availability ChangedBio"), "BIOSECURITY", true)

2018-12-04 14:23:48 - [TEST_STEP][PASSED] - click(findTestObject("Object Repository/FSM1/Reject Inspection/Page_JClient/div_Save")): Object: 'Object Repository/FSM1/Reject Inspection/Page_JClient/div_Save' is clicked on

2018-12-04 14:23:49 - [MESSAGE][PASSED] - Object: 'Object Repository/FSM1/Reject Inspection/Page_JClient/div_Save' is clicked on

2018-12-04 14:23:49 - [TEST_STEP][PASSED] - click(findTestObject("Object Repository/FSM1/Reject Inspection/Page_JClient/div_Ok")): Object: 'Object Repository/FSM1/Reject Inspection/Page_JClient/div_Ok' is clicked on

2018-12-04 14:23:49 - [MESSAGE][PASSED] - Object: 'Object Repository/FSM1/Reject Inspection/Page_JClient/div_Ok' is clicked on

2018-12-04 14:23:49 - [TEST_STEP][PASSED] - delay(30): Delayed 30 second(s)

2018-12-04 14:24:19 - [MESSAGE][PASSED] - Delayed 30 second(s)]]></system-out>
         <system-err><![CDATA[]]></system-err>
      </testcase>
      <testcase name="Test Cases/Generic/Launch Job Manager Control Centre - Check Result" classname="Test Cases/Generic/Launch Job Manager Control Centre - Check Result" status="PASSED">
         <system-out><![CDATA[2018-12-04 14:24:19 - [TEST_CASE][PASSED] - Test Cases/Generic/Launch Job Manager Control Centre - Check Result: Test Cases/Generic/Launch Job Manager Control Centre - Check Result

2018-12-04 14:24:20 - [TEST_STEP][PASSED] - openBrowser(""): Browser is opened with url: ''

2018-12-04 14:24:20 - [MESSAGE][WARNING] - A browser is already opened. Closing browser and opening a new one

2018-12-04 14:24:21 - [MESSAGE][INFO] - Starting 'Chrome' driver

2018-12-04 14:24:23 - [MESSAGE][PASSED] - Browser is opened with url: ''

2018-12-04 14:24:23 - [TEST_STEP][PASSED] - navigateToUrl(CCURL): Navigate to 'https://kirona-def-6.kirona.com/jmprep/login#!loginView' successfully

2018-12-04 14:24:25 - [MESSAGE][PASSED] - Navigate to 'https://kirona-def-6.kirona.com/jmprep/login#!loginView' successfully

2018-12-04 14:24:25 - [TEST_STEP][PASSED] - setText(findTestObject("FSM1/Control Centre/Page_Job Manager Login/input_gwt-uid-3"), Username): Text 'jon.hatfield' is set on object 'Object Repository/FSM1/Control Centre/Page_Job Manager Login/input_gwt-uid-3'

2018-12-04 14:24:26 - [MESSAGE][PASSED] - Text 'jon.hatfield' is set on object 'Object Repository/FSM1/Control Centre/Page_Job Manager Login/input_gwt-uid-3'

2018-12-04 14:24:26 - [TEST_STEP][PASSED] - setText(findTestObject("FSM1/Control Centre/Page_Job Manager Login/input_gwt-uid-5"), Password): Text 'Fr@nc1sJ0n' is set on object 'Object Repository/FSM1/Control Centre/Page_Job Manager Login/input_gwt-uid-5'

2018-12-04 14:24:27 - [MESSAGE][PASSED] - Text 'Fr@nc1sJ0n' is set on object 'Object Repository/FSM1/Control Centre/Page_Job Manager Login/input_gwt-uid-5'

2018-12-04 14:24:27 - [TEST_STEP][PASSED] - click(findTestObject("FSM1/PreProd/Page_Job Manager Login/div_Login")): Object: 'Object Repository/FSM1/PreProd/Page_Job Manager Login/div_Login' is clicked on

2018-12-04 14:24:27 - [MESSAGE][PASSED] - Object: 'Object Repository/FSM1/PreProd/Page_Job Manager Login/div_Login' is clicked on

2018-12-04 14:24:27 - [TEST_STEP][PASSED] - delay(5): Delayed 5 second(s)

2018-12-04 14:24:32 - [MESSAGE][PASSED] - Delayed 5 second(s)]]></system-out>
         <system-err><![CDATA[]]></system-err>
      </testcase>
      <testcase name="Test Cases/ABP/Rejection/Control Centre - Check Results - Rejection" classname="Test Cases/ABP/Rejection/Control Centre - Check Results - Rejection" status="PASSED">
         <system-out><![CDATA[2018-12-04 14:24:32 - [TEST_CASE][PASSED] - Test Cases/ABP/Rejection/Control Centre - Check Results - Rejection: Test Cases/ABP/Rejection/Control Centre - Check Results - Rejection

2018-12-04 14:24:32 - [TEST_STEP][PASSED] - log = new com.kms.katalon.core.logging.KeywordLogger(): null

2018-12-04 14:24:32 - [TEST_STEP][PASSED] - setText(findTestObject("Object Repository/FSM1/EMI Check Results/Page_JM Control Centre/input_Recents_v-textfield v-wi"), temp): Text '94181' is set on object 'Object Repository/FSM1/EMI Check Results/Page_JM Control Centre/input_Recents_v-textfield v-wi'

2018-12-04 14:24:33 - [MESSAGE][PASSED] - Text '94181' is set on object 'Object Repository/FSM1/EMI Check Results/Page_JM Control Centre/input_Recents_v-textfield v-wi'

2018-12-04 14:24:33 - [TEST_STEP][PASSED] - click(findTestObject("Object Repository/FSM1/EMI Check Results/Page_JM Control Centre/span_")): Object: 'Object Repository/FSM1/EMI Check Results/Page_JM Control Centre/span_' is clicked on

2018-12-04 14:24:34 - [MESSAGE][PASSED] - Object: 'Object Repository/FSM1/EMI Check Results/Page_JM Control Centre/span_' is clicked on

2018-12-04 14:24:34 - [TEST_STEP][PASSED] - waitForElementPresent(findTestObject("Object Repository/FSM1/EMI Check Results/Page_JM Control Centre/div_CLOSED"), 60): Object 'Object Repository/FSM1/EMI Check Results/Page_JM Control Centre/div_CLOSED' is present

2018-12-04 14:24:37 - [MESSAGE][PASSED] - Object 'Object Repository/FSM1/EMI Check Results/Page_JM Control Centre/div_CLOSED' is present

2018-12-04 14:24:37 - [TEST_STEP][PASSED] - delay(3): Delayed 3 second(s)

2018-12-04 14:24:40 - [MESSAGE][PASSED] - Delayed 3 second(s)]]></system-out>
         <system-err><![CDATA[]]></system-err>
      </testcase>
      <testcase name="Test Cases/ABP/Generic/Check Subsequent Inspection Exist" classname="Test Cases/ABP/Generic/Check Subsequent Inspection Exist" status="PASSED">
         <system-out><![CDATA[2018-12-04 14:24:40 - [TEST_CASE][PASSED] - Test Cases/ABP/Generic/Check Subsequent Inspection Exist: Test Cases/ABP/Generic/Check Subsequent Inspection Exist

2018-12-04 14:24:40 - [TEST_STEP][PASSED] - delay(2): Delayed 2 second(s)

2018-12-04 14:24:42 - [MESSAGE][PASSED] - Delayed 2 second(s)

2018-12-04 14:24:42 - [TEST_STEP][PASSED] - click(findTestObject("Object Repository/FSM1/Complete ABP Inspection/Check Subsequent Inspections/New/Page_JM Control Centre/div_")): Object: 'Object Repository/FSM1/Complete ABP Inspection/Check Subsequent Inspections/New/Page_JM Control Centre/div_' is clicked on

2018-12-04 14:24:42 - [MESSAGE][PASSED] - Object: 'Object Repository/FSM1/Complete ABP Inspection/Check Subsequent Inspections/New/Page_JM Control Centre/div_' is clicked on

2018-12-04 14:24:43 - [TEST_STEP][PASSED] - click(findTestObject("Object Repository/FSM1/Complete ABP Inspection/Check Subsequent Inspections/New/Page_JM Control Centre/span_List All Subordinate Jobs")): Object: 'Object Repository/FSM1/Complete ABP Inspection/Check Subsequent Inspections/New/Page_JM Control Centre/span_List All Subordinate Jobs' is clicked on

2018-12-04 14:24:43 - [MESSAGE][PASSED] - Object: 'Object Repository/FSM1/Complete ABP Inspection/Check Subsequent Inspections/New/Page_JM Control Centre/span_List All Subordinate Jobs' is clicked on

2018-12-04 14:24:43 - [TEST_STEP][PASSED] - delay(2): Delayed 2 second(s)

2018-12-04 14:24:45 - [MESSAGE][PASSED] - Delayed 2 second(s)

2018-12-04 14:24:45 - [TEST_STEP][PASSED] - verifyElementVisible(findTestObject("Object Repository/FSM1/Complete ABP Inspection/Check Subsequent Inspections/New/Page_JM Control Centre/div_2 found.")): Object 'Object Repository/FSM1/Complete ABP Inspection/Check Subsequent Inspections/New/Page_JM Control Centre/div_2 found.' is visible

2018-12-04 14:24:46 - [MESSAGE][PASSED] - Object 'Object Repository/FSM1/Complete ABP Inspection/Check Subsequent Inspections/New/Page_JM Control Centre/div_2 found.' is visible

2018-12-04 14:24:46 - [TEST_STEP][PASSED] - closeBrowser(): Browser is closed

2018-12-04 14:24:47 - [MESSAGE][PASSED] - Browser is closed]]></system-out>
         <system-err><![CDATA[]]></system-err>
      </testcase>
      <system-out><![CDATA[2018-12-04 14:17:40 - [TEST_SUITE][PASSED] - PMM Regression - Registration - Rejected: Test Cases/ABP/Generic/Check Subsequent Inspection Exist]]></system-out>
      <system-err><![CDATA[]]></system-err>
   </testsuite>
</testsuites>
