<?xml version="1.0" encoding="UTF-8"?>
<testsuites name="EMI Regression" time="225" tests="4" failures="1" errors="0">
   <testsuite name="EMI Regression" tests="4" failures="1" errors="0" time="225" timestamp="2018-06-02 12:34:53" hostname="JHATFIELD - SNDFSMINFSRV001.defra.onmicrosoft.com" id="Test Suites/EMI Regression">
      <properties>
         <property name="deviceName" value=""/>
         <property name="devicePlatform" value=""/>
         <property name="logFolder" value="C:\\Users\\JHATFIELD\\git\\DEFRA-FSM_Automated_Regression_NEW\\Reports\\EMI Regression\\20180602_123449"/>
         <property name="logFiles" value="C:\\Users\\JHATFIELD\\git\\DEFRA-FSM_Automated_Regression_NEW\\Reports\\EMI Regression\\20180602_123449\\execution0.log"/>
         <property name="attachments" value="C:\\Users\\JHATFIELD\\git\\DEFRA-FSM_Automated_Regression_NEW\\Reports\\EMI Regression\\20180602_123449\\1527943063792.png, C:\\Users\\JHATFIELD\\git\\DEFRA-FSM_Automated_Regression_NEW\\Reports\\EMI Regression\\20180602_123449\\1527943116562.png"/>
         <property name="hostName" value="JHATFIELD - SNDFSMINFSRV001.defra.onmicrosoft.com"/>
         <property name="os" value="Windows NT (unknown) 64bit"/>
         <property name="katalonVersion" value="5.4.1.1"/>
         <property name="browser" value="Chrome 66.0.3359.181"/>
         <property name="hostAddress" value="10.201.1.17"/>
         <property name="sessionId" value="8a0e345ccc9d245db2cc315d8b4e823c"/>
         <property name="seleniumVersion" value="3.7.1"/>
         <property name="proxyInformation" value="ProxyInformation{proxyOption=NO_PROXY, proxyServerType=HTTP, password=, proxyServerAddress=, proxyServerPort=0}"/>
         <property name="platform" value="Windows NT (unknown)"/>
      </properties>
      <testcase name="Test Cases/Launch Job Manager Control Centre" classname="Test Cases/Launch Job Manager Control Centre" status="PASSED">
         <system-out><![CDATA[2018-06-02 12:34:53 - [TEST_CASE][PASSED] - Test Cases/Launch Job Manager Control Centre: Test Cases/Launch Job Manager Control Centre

2018-06-02 12:34:54 - [TEST_STEP][PASSED] - openBrowser: Browser is opened with url: ''

2018-06-02 12:34:59 - [MESSAGE][PASSED] - Browser is opened with url: ''

2018-06-02 12:34:59 - [TEST_STEP][PASSED] - navigateToUrl: Navigate to 'https://kirona-def-2.kirona.com/jmtest/login#!loginView' successfully

2018-06-02 12:35:01 - [MESSAGE][PASSED] - Navigate to 'https://kirona-def-2.kirona.com/jmtest/login#!loginView' successfully

2018-06-02 12:35:01 - [TEST_STEP][PASSED] - setText: Text 'jon.hatfield' is set on object 'Object Repository/FSM1/Control Centre/Page_Job Manager Login/input_gwt-uid-3'

2018-06-02 12:35:03 - [MESSAGE][PASSED] - Text 'jon.hatfield' is set on object 'Object Repository/FSM1/Control Centre/Page_Job Manager Login/input_gwt-uid-3'

2018-06-02 12:35:03 - [TEST_STEP][PASSED] - setText: Text 'Fr@nc1sJ0n' is set on object 'Object Repository/FSM1/Control Centre/Page_Job Manager Login/input_gwt-uid-5'

2018-06-02 12:35:03 - [MESSAGE][PASSED] - Text 'Fr@nc1sJ0n' is set on object 'Object Repository/FSM1/Control Centre/Page_Job Manager Login/input_gwt-uid-5'

2018-06-02 12:35:03 - [TEST_STEP][PASSED] - click: Object: 'Object Repository/FSM1/Control Centre/Page_Job Manager Login/Page_Job Manager Login/div_Login' is clicked on

2018-06-02 12:35:04 - [MESSAGE][PASSED] - Object: 'Object Repository/FSM1/Control Centre/Page_Job Manager Login/Page_Job Manager Login/div_Login' is clicked on

2018-06-02 12:35:04 - [TEST_STEP][PASSED] - delay: Delayed 5 second(s)

2018-06-02 12:35:09 - [MESSAGE][PASSED] - Delayed 5 second(s)]]></system-out>
         <system-err><![CDATA[]]></system-err>
      </testcase>
      <testcase name="Test Cases/Create EMI Inspection" classname="Test Cases/Create EMI Inspection" status="PASSED">
         <system-out><![CDATA[2018-06-02 12:35:09 - [TEST_CASE][PASSED] - Test Cases/Create EMI Inspection: Test Cases/Create EMI Inspection

2018-06-02 12:35:09 - [TEST_STEP][PASSED] - Statement - log = new com.kms.katalon.core.logging.KeywordLogger(): null

2018-06-02 12:35:09 - [TEST_STEP][PASSED] - click: Object: 'Object Repository/FSM1/JH Test/Page_JM Control Centre/div_Create' is clicked on

2018-06-02 12:35:10 - [MESSAGE][PASSED] - Object: 'Object Repository/FSM1/JH Test/Page_JM Control Centre/div_Create' is clicked on

2018-06-02 12:35:10 - [TEST_STEP][PASSED] - setText: Text 'emi' is set on object 'Object Repository/FSM1/JH Test/Page_JM Control Centre/input_gwt-uid-8'

2018-06-02 12:35:12 - [MESSAGE][PASSED] - Text 'emi' is set on object 'Object Repository/FSM1/JH Test/Page_JM Control Centre/input_gwt-uid-8'

2018-06-02 12:35:12 - [TEST_STEP][PASSED] - click: Object: 'Object Repository/FSM1/JH Test/Page_JM Control Centre/span_EMI Inspection' is clicked on

2018-06-02 12:35:12 - [MESSAGE][PASSED] - Object: 'Object Repository/FSM1/JH Test/Page_JM Control Centre/span_EMI Inspection' is clicked on

2018-06-02 12:35:12 - [TEST_STEP][PASSED] - click: Object: 'Object Repository/FSM1/Control Centre/Create EMI Inspection/Page_JM Control Centre/span_' is clicked on

2018-06-02 12:35:14 - [MESSAGE][PASSED] - Object: 'Object Repository/FSM1/Control Centre/Create EMI Inspection/Page_JM Control Centre/span_' is clicked on

2018-06-02 12:35:15 - [TEST_STEP][PASSED] - click: Object: 'Object Repository/FSM1/Control Centre/Create EMI Inspection/Address Search/Page_JM Control Centre/Postcode Search' is clicked on

2018-06-02 12:35:16 - [MESSAGE][PASSED] - Object: 'Object Repository/FSM1/Control Centre/Create EMI Inspection/Address Search/Page_JM Control Centre/Postcode Search' is clicked on

2018-06-02 12:35:17 - [TEST_STEP][PASSED] - setText: Text 'CV37 6SN' is set on object 'Object Repository/FSM1/Control Centre/Create EMI Inspection/Create Address/Page_JM Control Centre/input_v-textfield v-widget v-t'

2018-06-02 12:35:20 - [MESSAGE][PASSED] - Text 'CV37 6SN' is set on object 'Object Repository/FSM1/Control Centre/Create EMI Inspection/Create Address/Page_JM Control Centre/input_v-textfield v-widget v-t'

2018-06-02 12:35:21 - [TEST_STEP][PASSED] - click: Object: 'Object Repository/FSM1/Control Centre/Create EMI Inspection/Create Address/Page_JM Control Centre (1)/SearchButton' is clicked on

2018-06-02 12:35:22 - [MESSAGE][PASSED] - Object: 'Object Repository/FSM1/Control Centre/Create EMI Inspection/Create Address/Page_JM Control Centre (1)/SearchButton' is clicked on

2018-06-02 12:35:23 - [TEST_STEP][PASSED] - Statement - FullAddress = com.kms.katalon.core.webui.keyword.WebUiBuiltInKeywords.modifyObjectProperty(com.kms.katalon.core.testobject.ObjectRepository.findTestObject(FSM1/Control Centre/Create EMI Inspection/Page_JM Control Centre/Address), "text", "equals", com.kms.katalon.core.testdata.TestDataFactory.findTestData(Data Files/EMI Inspection Data).getValue(2, 1), true): Modify property of object successfully

2018-06-02 12:35:23 - [MESSAGE][PASSED] - Modify property of object successfully

2018-06-02 12:35:23 - [TEST_STEP][PASSED] - click: Object: 'Object Repository/FSM1/Control Centre/Create EMI Inspection/Page_JM Control Centre/Address' is clicked on

2018-06-02 12:35:24 - [MESSAGE][PASSED] - Object: 'Object Repository/FSM1/Control Centre/Create EMI Inspection/Page_JM Control Centre/Address' is clicked on

2018-06-02 12:35:24 - [TEST_STEP][PASSED] - click: Object: 'Object Repository/FSM1/Control Centre/Create EMI Inspection/Create Address/Page_JM Control Centre (2)/div_Add Selected Item' is clicked on

2018-06-02 12:35:26 - [MESSAGE][PASSED] - Object: 'Object Repository/FSM1/Control Centre/Create EMI Inspection/Create Address/Page_JM Control Centre (2)/div_Add Selected Item' is clicked on

2018-06-02 12:35:26 - [TEST_STEP][PASSED] - click: Object: 'Object Repository/FSM1/JH Test 1/Page_JM Control Centre (1)/div_Scheduling WindowFollow SL' is clicked on

2018-06-02 12:35:28 - [MESSAGE][PASSED] - Object: 'Object Repository/FSM1/JH Test 1/Page_JM Control Centre (1)/div_Scheduling WindowFollow SL' is clicked on

2018-06-02 12:35:28 - [TEST_STEP][PASSED] - setText: Text 'Jon Hatfield' is set on object 'Object Repository/FSM1/JH Test 1/Page_JM Control Centre (2)/input_gwt-uid-147'

2018-06-02 12:35:29 - [MESSAGE][PASSED] - Text 'Jon Hatfield' is set on object 'Object Repository/FSM1/JH Test 1/Page_JM Control Centre (2)/input_gwt-uid-147'

2018-06-02 12:35:29 - [TEST_STEP][PASSED] - Statement - InspectorName = com.kms.katalon.core.webui.keyword.WebUiBuiltInKeywords.modifyObjectProperty(com.kms.katalon.core.testobject.ObjectRepository.findTestObject(FSM1/JH Test 1/Page_JM Control Centre (4)/InspectorName), "text", "equals", com.kms.katalon.core.testdata.TestDataFactory.findTestData(Data Files/EMI Inspection Data).getValue(3, 1), true): Modify property of object successfully

2018-06-02 12:35:29 - [MESSAGE][PASSED] - Modify property of object successfully

2018-06-02 12:35:29 - [TEST_STEP][PASSED] - click: Object: 'Object Repository/FSM1/JH Test 1/Page_JM Control Centre (4)/InspectorName' is clicked on

2018-06-02 12:35:30 - [MESSAGE][PASSED] - Object: 'Object Repository/FSM1/JH Test 1/Page_JM Control Centre (4)/InspectorName' is clicked on

2018-06-02 12:35:30 - [TEST_STEP][PASSED] - click: Object: 'Object Repository/FSM1/JH Test 2/Page_JM Control Centre/div_Duration' is clicked on

2018-06-02 12:35:30 - [MESSAGE][PASSED] - Object: 'Object Repository/FSM1/JH Test 2/Page_JM Control Centre/div_Duration' is clicked on

2018-06-02 12:35:30 - [TEST_STEP][PASSED] - setText: Text '15' is set on object 'Object Repository/FSM1/JH Test 2/Page_JM Control Centre/input_gwt-uid-97'

2018-06-02 12:35:31 - [MESSAGE][PASSED] - Text '15' is set on object 'Object Repository/FSM1/JH Test 2/Page_JM Control Centre/input_gwt-uid-97'

2018-06-02 12:35:31 - [TEST_STEP][PASSED] - setText: Text '24 Hours' is set on object 'Object Repository/FSM1/Control Centre/Create EMI Inspection/SLA/Page_JM Control Centre (1)/input_gwt-uid-103'

2018-06-02 12:35:31 - [MESSAGE][PASSED] - Text '24 Hours' is set on object 'Object Repository/FSM1/Control Centre/Create EMI Inspection/SLA/Page_JM Control Centre (1)/input_gwt-uid-103'

2018-06-02 12:35:32 - [TEST_STEP][PASSED] - click: Object: 'Object Repository/FSM1/Control Centre/Create EMI Inspection/SLA/Page_JM Control Centre (1)/span_24 Hours' is clicked on

2018-06-02 12:35:32 - [MESSAGE][PASSED] - Object: 'Object Repository/FSM1/Control Centre/Create EMI Inspection/SLA/Page_JM Control Centre (1)/span_24 Hours' is clicked on

2018-06-02 12:35:32 - [TEST_STEP][PASSED] - setText: Text 'west' is set on object 'Object Repository/FSM1/JH Test 3/Page_JM Control Centre/input_gwt-uid-107'

2018-06-02 12:35:33 - [MESSAGE][PASSED] - Text 'west' is set on object 'Object Repository/FSM1/JH Test 3/Page_JM Control Centre/input_gwt-uid-107'

2018-06-02 12:35:33 - [TEST_STEP][PASSED] - click: Object: 'Object Repository/FSM1/JH Test 3/Page_JM Control Centre/span_West' is clicked on

2018-06-02 12:35:33 - [MESSAGE][PASSED] - Object: 'Object Repository/FSM1/JH Test 3/Page_JM Control Centre/span_West' is clicked on

2018-06-02 12:35:33 - [TEST_STEP][PASSED] - setText: Text 'EMI Routine' is set on object 'Object Repository/FSM1/JH Test 3/Page_JM Control Centre/input_gwt-uid-115'

2018-06-02 12:35:35 - [MESSAGE][PASSED] - Text 'EMI Routine' is set on object 'Object Repository/FSM1/JH Test 3/Page_JM Control Centre/input_gwt-uid-115'

2018-06-02 12:35:35 - [TEST_STEP][PASSED] - Statement - InspectionType = com.kms.katalon.core.webui.keyword.WebUiBuiltInKeywords.modifyObjectProperty(com.kms.katalon.core.testobject.ObjectRepository.findTestObject(FSM1/JH Test 3/Page_JM Control Centre/InspectionType), "text", "equals", com.kms.katalon.core.testdata.TestDataFactory.findTestData(Data Files/EMI Inspection Data).getValue(4, 1), true): Modify property of object successfully

2018-06-02 12:35:35 - [MESSAGE][PASSED] - Modify property of object successfully

2018-06-02 12:35:35 - [TEST_STEP][PASSED] - click: Object: 'Object Repository/FSM1/JH Test 3/Page_JM Control Centre/InspectionType' is clicked on

2018-06-02 12:35:35 - [MESSAGE][PASSED] - Object: 'Object Repository/FSM1/JH Test 3/Page_JM Control Centre/InspectionType' is clicked on

2018-06-02 12:35:35 - [TEST_STEP][PASSED] - setText: Text 'Mr Automation' is set on object 'Object Repository/FSM1/JH Test 3/Page_JM Control Centre/input_gwt-uid-117'

2018-06-02 12:35:36 - [MESSAGE][PASSED] - Text 'Mr Automation' is set on object 'Object Repository/FSM1/JH Test 3/Page_JM Control Centre/input_gwt-uid-117'

2018-06-02 12:35:36 - [TEST_STEP][PASSED] - setText: Text '111' is set on object 'Object Repository/FSM1/JH Test 3/Page_JM Control Centre/input_gwt-uid-123'

2018-06-02 12:35:36 - [MESSAGE][PASSED] - Text '111' is set on object 'Object Repository/FSM1/JH Test 3/Page_JM Control Centre/input_gwt-uid-123'

2018-06-02 12:35:36 - [TEST_STEP][PASSED] - setText: Text '222' is set on object 'Object Repository/FSM1/JH Test 3/Page_JM Control Centre/input_gwt-uid-125'

2018-06-02 12:35:36 - [MESSAGE][PASSED] - Text '222' is set on object 'Object Repository/FSM1/JH Test 3/Page_JM Control Centre/input_gwt-uid-125'

2018-06-02 12:35:36 - [TEST_STEP][PASSED] - setText: Text 'EGG PACKER' is set on object 'Object Repository/FSM1/JH Test 3/Page_JM Control Centre/input_gwt-uid-133'

2018-06-02 12:35:38 - [MESSAGE][PASSED] - Text 'EGG PACKER' is set on object 'Object Repository/FSM1/JH Test 3/Page_JM Control Centre/input_gwt-uid-133'

2018-06-02 12:35:38 - [TEST_STEP][PASSED] - Statement - VisitType = com.kms.katalon.core.webui.keyword.WebUiBuiltInKeywords.modifyObjectProperty(com.kms.katalon.core.testobject.ObjectRepository.findTestObject(FSM1/JH Test 3/Page_JM Control Centre/VisitType), "text", "equals", com.kms.katalon.core.testdata.TestDataFactory.findTestData(Data Files/EMI Inspection Data).getValue(5, 1), true): Modify property of object successfully

2018-06-02 12:35:38 - [MESSAGE][PASSED] - Modify property of object successfully

2018-06-02 12:35:38 - [TEST_STEP][PASSED] - click: Object: 'Object Repository/FSM1/JH Test 3/Page_JM Control Centre/VisitType' is clicked on

2018-06-02 12:35:38 - [MESSAGE][PASSED] - Object: 'Object Repository/FSM1/JH Test 3/Page_JM Control Centre/VisitType' is clicked on

2018-06-02 12:35:38 - [TEST_STEP][PASSED] - click: Object: 'Object Repository/FSM1/Control Centre/Create EMI Inspection/Finish/Page_JM Control Centre (3)/div_Create' is clicked on

2018-06-02 12:35:38 - [MESSAGE][PASSED] - Object: 'Object Repository/FSM1/Control Centre/Create EMI Inspection/Finish/Page_JM Control Centre (3)/div_Create' is clicked on

2018-06-02 12:35:38 - [TEST_STEP][PASSED] - waitForElementPresent: Object 'Object Repository/FSM1/Control Centre/Status/Page_JM Control Centre/div_PLANNED DYNAMIC' is present

2018-06-02 12:36:07 - [MESSAGE][PASSED] - Object 'Object Repository/FSM1/Control Centre/Status/Page_JM Control Centre/div_PLANNED DYNAMIC' is present

2018-06-02 12:36:07 - [TEST_STEP][PASSED] - Statement - InspectionID = com.kms.katalon.core.webui.keyword.WebUiBuiltInKeywords.getText(com.kms.katalon.core.testobject.ObjectRepository.findTestObject(FSM1/Control Centre/Create EMI Inspection/InspectionID/Page_JM Control Centre/InspectionID)): Text of object 'Object Repository/FSM1/Control Centre/Create EMI Inspection/InspectionID/Page_JM Control Centre/InspectionID' is: 'Viewing Job 35246'

2018-06-02 12:36:07 - [MESSAGE][PASSED] - Text of object 'Object Repository/FSM1/Control Centre/Create EMI Inspection/InspectionID/Page_JM Control Centre/InspectionID' is: 'Viewing Job 35246'

2018-06-02 12:36:07 - [TEST_STEP][PASSED] - Statement - InspectionID = InspectionID.replaceAll("Viewing Job ", ""): null

2018-06-02 12:36:07 - [TEST_STEP][PASSED] - Statement - log.logWarning(InspectionID): 35246

2018-06-02 12:36:07 - [MESSAGE][WARNING] - 35246

2018-06-02 12:36:07 - [TEST_STEP][PASSED] - Statement - temp = InspectionID: null]]></system-out>
         <system-err><![CDATA[]]></system-err>
      </testcase>
      <testcase name="Test Cases/Launch Job Manager" classname="Test Cases/Launch Job Manager" status="PASSED">
         <system-out><![CDATA[2018-06-02 12:36:07 - [TEST_CASE][PASSED] - Test Cases/Launch Job Manager: Test Cases/Launch Job Manager

2018-06-02 12:36:08 - [TEST_STEP][PASSED] - openBrowser: Browser is opened with url: ''

2018-06-02 12:36:08 - [MESSAGE][WARNING] - A browser is already opened. Closing browser and opening a new one

2018-06-02 12:36:11 - [MESSAGE][PASSED] - Browser is opened with url: ''

2018-06-02 12:36:11 - [TEST_STEP][PASSED] - navigateToUrl: Navigate to 'https://kirona-def-2.kirona.com/jmtest/jclient/jclient.html' successfully

2018-06-02 12:36:12 - [MESSAGE][PASSED] - Navigate to 'https://kirona-def-2.kirona.com/jmtest/jclient/jclient.html' successfully

2018-06-02 12:36:12 - [TEST_STEP][PASSED] - setText: Text 'KIR1' is set on object 'Object Repository/FSM1/Launch Application/Page_JClient/input_gwt-TextBox GKH2EKQBMDB'

2018-06-02 12:36:15 - [MESSAGE][PASSED] - Text 'KIR1' is set on object 'Object Repository/FSM1/Launch Application/Page_JClient/input_gwt-TextBox GKH2EKQBMDB'

2018-06-02 12:36:15 - [TEST_STEP][PASSED] - sendKeys: Keys 'ENTER + ' sent to object: 'Object Repository/FSM1/Launch Application/Page_JClient/input_gwt-TextBox GKH2EKQBMDB'

2018-06-02 12:36:15 - [MESSAGE][PASSED] - Keys 'ENTER + ' sent to object: 'Object Repository/FSM1/Launch Application/Page_JClient/input_gwt-TextBox GKH2EKQBMDB'

2018-06-02 12:36:15 - [TEST_STEP][PASSED] - click: Object: 'Object Repository/FSM1/Launch Application/Page_JClient/div_Configure App' is clicked on

2018-06-02 12:36:15 - [MESSAGE][PASSED] - Object: 'Object Repository/FSM1/Launch Application/Page_JClient/div_Configure App' is clicked on

2018-06-02 12:36:15 - [TEST_STEP][PASSED] - setText: Text 'jon.hatfield' is set on object 'Object Repository/FSM1/Launch Application/Page_JClient/input_gwt-TextBox GKH2EKQBNHC'

2018-06-02 12:36:16 - [MESSAGE][PASSED] - Text 'jon.hatfield' is set on object 'Object Repository/FSM1/Launch Application/Page_JClient/input_gwt-TextBox GKH2EKQBNHC'

2018-06-02 12:36:16 - [TEST_STEP][PASSED] - setText: Text 'Fr@nc1sJ0n' is set on object 'Object Repository/FSM1/Launch Application/Page_JClient/input_gwt-PasswordTextBox GKH2'

2018-06-02 12:36:17 - [MESSAGE][PASSED] - Text 'Fr@nc1sJ0n' is set on object 'Object Repository/FSM1/Launch Application/Page_JClient/input_gwt-PasswordTextBox GKH2'

2018-06-02 12:36:17 - [TEST_STEP][PASSED] - click: Object: 'Object Repository/FSM1/Launch Application/Page_JClient/div_Sign In' is clicked on

2018-06-02 12:36:17 - [MESSAGE][PASSED] - Object: 'Object Repository/FSM1/Launch Application/Page_JClient/div_Sign In' is clicked on

2018-06-02 12:36:17 - [TEST_STEP][PASSED] - delay: Delayed 15 second(s)

2018-06-02 12:36:32 - [MESSAGE][PASSED] - Delayed 15 second(s)]]></system-out>
         <system-err><![CDATA[]]></system-err>
      </testcase>
      <testcase name="Test Cases/Select Inspection" classname="Test Cases/Select Inspection" status="PASSED">
         <system-out><![CDATA[2018-06-02 12:36:32 - [TEST_CASE][PASSED] - Test Cases/Select Inspection: Test Cases/Select Inspection

2018-06-02 12:36:32 - [TEST_STEP][PASSED] - delay: Delayed 30 second(s)

2018-06-02 12:37:02 - [MESSAGE][PASSED] - Delayed 30 second(s)

2018-06-02 12:37:02 - [TEST_STEP][PASSED] - waitForElementClickable: Object 'Object Repository/FSM1/Select Inspection/Landing/Refresh' is clickable

2018-06-02 12:37:02 - [MESSAGE][PASSED] - Object 'Object Repository/FSM1/Select Inspection/Landing/Refresh' is clickable

2018-06-02 12:37:02 - [TEST_STEP][PASSED] - click: Object: 'Object Repository/FSM1/Select Inspection/Landing/Refresh' is clicked on

2018-06-02 12:37:03 - [MESSAGE][PASSED] - Object: 'Object Repository/FSM1/Select Inspection/Landing/Refresh' is clicked on

2018-06-02 12:37:03 - [TEST_STEP][PASSED] - waitForElementClickable: Object 'Object Repository/FSM1/Select Inspection/Landing/Refresh' is clickable

2018-06-02 12:37:03 - [MESSAGE][PASSED] - Object 'Object Repository/FSM1/Select Inspection/Landing/Refresh' is clickable

2018-06-02 12:37:03 - [TEST_STEP][NOT_RUN] - delay: NOT_RUN: delay

2018-06-02 12:37:03 - [MESSAGE][NOT_RUN] - NOT_RUN: delay

2018-06-02 12:37:03 - [TEST_STEP][PASSED] - Statement - InspectionRef = com.kms.katalon.core.webui.keyword.WebUiBuiltInKeywords.modifyObjectProperty(com.kms.katalon.core.testobject.ObjectRepository.findTestObject(FSM1/Select Inspection/Landing/Page_JClient/div_35098), "text", "equals", temp, true, STOP_ON_FAILURE): Modify property of object successfully

2018-06-02 12:37:03 - [MESSAGE][PASSED] - Modify property of object successfully

2018-06-02 12:37:03 - [TEST_STEP][PASSED] - delay: Delayed 10 second(s)

2018-06-02 12:37:13 - [MESSAGE][PASSED] - Delayed 10 second(s)

2018-06-02 12:37:13 - [TEST_STEP][PASSED] - Statement - If (com.kms.katalon.core.webui.keyword.WebUiBuiltInKeywords.verifyElementPresent(InspectionRef, 30, OPTIONAL)): com.kms.katalon.core.webui.exception.WebElementNotFoundException: Web element with id: 'Object Repository/FSM1/Select Inspection/Landing/Page_JClient/div_35098' located by 'By.xpath: //div[(text() = '35246' or . = '35246')]' not found

2018-06-02 12:37:44 - [MESSAGE][WARNING] - com.kms.katalon.core.webui.exception.WebElementNotFoundException: Web element with id: 'Object Repository/FSM1/Select Inspection/Landing/Page_JClient/div_35098' located by 'By.xpath: //div[(text() = '35246' or . = '35246')]' not found
[[ATTACHMENT|C:\\Users\\JHATFIELD\\git\\DEFRA-FSM_Automated_Regression_NEW\\Reports\\EMI Regression\\20180602_123449\\1527943063792.png]]

2018-06-02 12:37:44 - [TEST_STEP][PASSED] - Statement - Else: Object: 'Object Repository/FSM1/Select Inspection/Landing/Page_JClient/div_35098' is clicked on

2018-06-02 12:37:44 - [TEST_STEP][PASSED] - click: Object: 'Object Repository/FSM1/Select Inspection/Landing/Page_JClient (1)/2 Days' is clicked on

2018-06-02 12:37:44 - [MESSAGE][PASSED] - Object: 'Object Repository/FSM1/Select Inspection/Landing/Page_JClient (1)/2 Days' is clicked on

2018-06-02 12:37:44 - [TEST_STEP][PASSED] - delay: Delayed 3 second(s)

2018-06-02 12:37:47 - [MESSAGE][PASSED] - Delayed 3 second(s)

2018-06-02 12:37:47 - [TEST_STEP][PASSED] - click: Object: 'Object Repository/FSM1/Select Inspection/Landing/Page_JClient/div_35098' is clicked on

2018-06-02 12:37:47 - [MESSAGE][PASSED] - Object: 'Object Repository/FSM1/Select Inspection/Landing/Page_JClient/div_35098' is clicked on

2018-06-02 12:37:47 - [TEST_STEP][PASSED] - click: Object: 'Object Repository/FSM1/Select Inspection/Page_JClient/div_WITH OPERATIVE' is clicked on

2018-06-02 12:37:48 - [MESSAGE][PASSED] - Object: 'Object Repository/FSM1/Select Inspection/Page_JClient/div_WITH OPERATIVE' is clicked on

2018-06-02 12:37:48 - [TEST_STEP][PASSED] - delay: Delayed 2 second(s)

2018-06-02 12:37:50 - [MESSAGE][PASSED] - Delayed 2 second(s)

2018-06-02 12:37:50 - [TEST_STEP][PASSED] - click: Object: 'Object Repository/FSM1/Select Inspection/Page_JClient/div_TRAVELLING' is clicked on

2018-06-02 12:37:51 - [MESSAGE][PASSED] - Object: 'Object Repository/FSM1/Select Inspection/Page_JClient/div_TRAVELLING' is clicked on

2018-06-02 12:37:51 - [TEST_STEP][PASSED] - delay: Delayed 2 second(s)

2018-06-02 12:37:53 - [MESSAGE][PASSED] - Delayed 2 second(s)

2018-06-02 12:37:53 - [TEST_STEP][PASSED] - click: Object: 'Object Repository/FSM1/Select Inspection/Page_JClient/div_TRAVELLING' is clicked on

2018-06-02 12:37:53 - [MESSAGE][PASSED] - Object: 'Object Repository/FSM1/Select Inspection/Page_JClient/div_TRAVELLING' is clicked on

2018-06-02 12:37:53 - [TEST_STEP][PASSED] - delay: Delayed 2 second(s)

2018-06-02 12:37:55 - [MESSAGE][PASSED] - Delayed 2 second(s)

2018-06-02 12:37:55 - [TEST_STEP][PASSED] - click: Object: 'Object Repository/FSM1/Select Inspection/Page_JClient/div_ARRIVED' is clicked on

2018-06-02 12:37:55 - [MESSAGE][PASSED] - Object: 'Object Repository/FSM1/Select Inspection/Page_JClient/div_ARRIVED' is clicked on

2018-06-02 12:37:55 - [TEST_STEP][PASSED] - delay: Delayed 2 second(s)

2018-06-02 12:37:57 - [MESSAGE][PASSED] - Delayed 2 second(s)

2018-06-02 12:37:57 - [TEST_STEP][PASSED] - click: Object: 'Object Repository/FSM1/Select Inspection/Page_JClient/div_ARRIVED' is clicked on

2018-06-02 12:37:58 - [MESSAGE][PASSED] - Object: 'Object Repository/FSM1/Select Inspection/Page_JClient/div_ARRIVED' is clicked on

2018-06-02 12:37:58 - [TEST_STEP][PASSED] - delay: Delayed 4 second(s)

2018-06-02 12:38:02 - [MESSAGE][PASSED] - Delayed 4 second(s)

2018-06-02 12:38:02 - [TEST_STEP][PASSED] - click: Object: 'Object Repository/FSM1/Select Inspection/Page_JClient/div_STARTED' is clicked on

2018-06-02 12:38:02 - [MESSAGE][PASSED] - Object: 'Object Repository/FSM1/Select Inspection/Page_JClient/div_STARTED' is clicked on

2018-06-02 12:38:02 - [TEST_STEP][PASSED] - delay: Delayed 2 second(s)

2018-06-02 12:38:04 - [MESSAGE][PASSED] - Delayed 2 second(s)]]></system-out>
         <system-err><![CDATA[]]></system-err>
      </testcase>
      <testcase name="Test Cases/Complete EMI Inspection" classname="Test Cases/Complete EMI Inspection" status="FAILED">
         <failure type="FAILED" message="Unable to click on object 'Object Repository/FSM1/Complete Egg Inspection/Page_JClient/div_Job TypeEMI InspectionJob' (Root cause: com.kms.katalon.core.webui.exception.WebElementNotFoundException: Web element with id: 'Object Repository/FSM1/Complete Egg Inspection/Page_JClient/div_Job TypeEMI InspectionJob' located by 'By.xpath: //div[(text() = 'Job TypeEMI InspectionJob StatusSTARTED at 14:50Status CommentJob Id35128DescriptionScheduled01/06/2018 07:00 - 01/06/2018 07:15Ref1Ref2SLA24 HoursPrimary90 Clopton Road,
Stratford Upon Avon,
CV37 6SNAreaCategory Code 10D12D18D1DY20D24D2D52DY30D3DY4DY6DY8D6AUDFS3FS4HYGN01NRLP00P01P09P14P17P25P50P62P66P68P75P99PD0PD1PD2PD3PD4PD5PD7PD8PD9PF3PF4PF8PO1PO9POOPS1PS2PS3PS4PS5PS6PS7PS8RLOInspection Type EMI HygieneEMI Hygiene InspectionEMI NCP LayersEMI Record AuditEMI Reg VisitEMI RoutineEMI Routine LargeFollow UpCustomer NameMr AutomationCustomer PhoneCustomer EmailRegistration Number111ID Number222County Parish Holding (CPH) Number (00 / 000 / 0000)Last Inspection DateBusiness Type AUCTION MARKETEGG BREAKEREGG COLLECTOREGG IMPORTEREGG PACKEREGG PROCESSOREGG PRODUCEREGG WHOLESALERHATCHERYRETAILERREARER\CHICK COMPANYEdit attributesNotesFAIR PROCESSING NOTICEBATCH GUIDELINESREGULATIONSSignatures / RemarksOverride DependencySTARTED (locked)ScheduleBooking OffersAwaiting Further InformationCreate Follow OnMore DetailsData CaptureFurther Work' or . = 'Job TypeEMI InspectionJob StatusSTARTED at 14:50Status CommentJob Id35128DescriptionScheduled01/06/2018 07:00 - 01/06/2018 07:15Ref1Ref2SLA24 HoursPrimary90 Clopton Road,
Stratford Upon Avon,
CV37 6SNAreaCategory Code 10D12D18D1DY20D24D2D52DY30D3DY4DY6DY8D6AUDFS3FS4HYGN01NRLP00P01P09P14P17P25P50P62P66P68P75P99PD0PD1PD2PD3PD4PD5PD7PD8PD9PF3PF4PF8PO1PO9POOPS1PS2PS3PS4PS5PS6PS7PS8RLOInspection Type EMI HygieneEMI Hygiene InspectionEMI NCP LayersEMI Record AuditEMI Reg VisitEMI RoutineEMI Routine LargeFollow UpCustomer NameMr AutomationCustomer PhoneCustomer EmailRegistration Number111ID Number222County Parish Holding (CPH) Number (00 / 000 / 0000)Last Inspection DateBusiness Type AUCTION MARKETEGG BREAKEREGG COLLECTOREGG IMPORTEREGG PACKEREGG PROCESSOREGG PRODUCEREGG WHOLESALERHATCHERYRETAILERREARER\CHICK COMPANYEdit attributesNotesFAIR PROCESSING NOTICEBATCH GUIDELINESREGULATIONSSignatures / RemarksOverride DependencySTARTED (locked)ScheduleBooking OffersAwaiting Further InformationCreate Follow OnMore DetailsData CaptureFurther Work')]' not found)"/>
         <system-out><![CDATA[2018-06-02 12:38:04 - [TEST_CASE][FAILED] - Test Cases/Complete EMI Inspection: Test Cases/Complete EMI Inspection FAILED because (of) Unable to click on object 'Object Repository/FSM1/Complete Egg Inspection/Page_JClient/div_Job TypeEMI InspectionJob' (Root cause: com.kms.katalon.core.webui.exception.WebElementNotFoundException: Web element with id: 'Object Repository/FSM1/Complete Egg Inspection/Page_JClient/div_Job TypeEMI InspectionJob' located by 'By.xpath: //div[(text() = 'Job TypeEMI InspectionJob StatusSTARTED at 14:50Status CommentJob Id35128DescriptionScheduled01/06/2018 07:00 - 01/06/2018 07:15Ref1Ref2SLA24 HoursPrimary90 Clopton Road,
Stratford Upon Avon,
CV37 6SNAreaCategory Code 10D12D18D1DY20D24D2D52DY30D3DY4DY6DY8D6AUDFS3FS4HYGN01NRLP00P01P09P14P17P25P50P62P66P68P75P99PD0PD1PD2PD3PD4PD5PD7PD8PD9PF3PF4PF8PO1PO9POOPS1PS2PS3PS4PS5PS6PS7PS8RLOInspection Type EMI HygieneEMI Hygiene InspectionEMI NCP LayersEMI Record AuditEMI Reg VisitEMI RoutineEMI Routine LargeFollow UpCustomer NameMr AutomationCustomer PhoneCustomer EmailRegistration Number111ID Number222County Parish Holding (CPH) Number (00 / 000 / 0000)Last Inspection DateBusiness Type AUCTION MARKETEGG BREAKEREGG COLLECTOREGG IMPORTEREGG PACKEREGG PROCESSOREGG PRODUCEREGG WHOLESALERHATCHERYRETAILERREARER\CHICK COMPANYEdit attributesNotesFAIR PROCESSING NOTICEBATCH GUIDELINESREGULATIONSSignatures / RemarksOverride DependencySTARTED (locked)ScheduleBooking OffersAwaiting Further InformationCreate Follow OnMore DetailsData CaptureFurther Work' or . = 'Job TypeEMI InspectionJob StatusSTARTED at 14:50Status CommentJob Id35128DescriptionScheduled01/06/2018 07:00 - 01/06/2018 07:15Ref1Ref2SLA24 HoursPrimary90 Clopton Road,
Stratford Upon Avon,
CV37 6SNAreaCategory Code 10D12D18D1DY20D24D2D52DY30D3DY4DY6DY8D6AUDFS3FS4HYGN01NRLP00P01P09P14P17P25P50P62P66P68P75P99PD0PD1PD2PD3PD4PD5PD7PD8PD9PF3PF4PF8PO1PO9POOPS1PS2PS3PS4PS5PS6PS7PS8RLOInspection Type EMI HygieneEMI Hygiene InspectionEMI NCP LayersEMI Record AuditEMI Reg VisitEMI RoutineEMI Routine LargeFollow UpCustomer NameMr AutomationCustomer PhoneCustomer EmailRegistration Number111ID Number222County Parish Holding (CPH) Number (00 / 000 / 0000)Last Inspection DateBusiness Type AUCTION MARKETEGG BREAKEREGG COLLECTOREGG IMPORTEREGG PACKEREGG PROCESSOREGG PRODUCEREGG WHOLESALERHATCHERYRETAILERREARER\CHICK COMPANYEdit attributesNotesFAIR PROCESSING NOTICEBATCH GUIDELINESREGULATIONSSignatures / RemarksOverride DependencySTARTED (locked)ScheduleBooking OffersAwaiting Further InformationCreate Follow OnMore DetailsData CaptureFurther Work')]' not found)

2018-06-02 12:38:04 - [TEST_STEP][PASSED] - verifyElementPresent: Object 'Object Repository/FSM1/Complete Egg Inspection/Page_JClient/div_Mr Automation' is present

2018-06-02 12:38:04 - [MESSAGE][WARNING] - Timeout '0' is invalid. Using default page load timeout: '30'

2018-06-02 12:38:05 - [MESSAGE][PASSED] - Object 'Object Repository/FSM1/Complete Egg Inspection/Page_JClient/div_Mr Automation' is present

2018-06-02 12:38:05 - [TEST_STEP][PASSED] - verifyElementPresent: Object 'Object Repository/FSM1/Complete Egg Inspection/Page_JClient/div_111' is present

2018-06-02 12:38:05 - [MESSAGE][WARNING] - Timeout '0' is invalid. Using default page load timeout: '30'

2018-06-02 12:38:05 - [MESSAGE][PASSED] - Object 'Object Repository/FSM1/Complete Egg Inspection/Page_JClient/div_111' is present

2018-06-02 12:38:05 - [TEST_STEP][PASSED] - verifyElementPresent: Object 'Object Repository/FSM1/Complete Egg Inspection/Page_JClient/div_222' is present

2018-06-02 12:38:05 - [MESSAGE][WARNING] - Timeout '0' is invalid. Using default page load timeout: '30'

2018-06-02 12:38:05 - [MESSAGE][PASSED] - Object 'Object Repository/FSM1/Complete Egg Inspection/Page_JClient/div_222' is present

2018-06-02 12:38:05 - [TEST_STEP][PASSED] - click: Object: 'Object Repository/FSM1/Complete Egg Inspection/Page_JClient/div_Business TypeAUCTION MARKE' is clicked on

2018-06-02 12:38:05 - [MESSAGE][PASSED] - Object: 'Object Repository/FSM1/Complete Egg Inspection/Page_JClient/div_Business TypeAUCTION MARKE' is clicked on

2018-06-02 12:38:05 - [TEST_STEP][FAILED] - click: Unable to click on object 'Object Repository/FSM1/Complete Egg Inspection/Page_JClient/div_Job TypeEMI InspectionJob' (Root cause: com.kms.katalon.core.webui.exception.WebElementNotFoundException: Web element with id: 'Object Repository/FSM1/Complete Egg Inspection/Page_JClient/div_Job TypeEMI InspectionJob' located by 'By.xpath: //div[(text() = 'Job TypeEMI InspectionJob StatusSTARTED at 14:50Status CommentJob Id35128DescriptionScheduled01/06/2018 07:00 - 01/06/2018 07:15Ref1Ref2SLA24 HoursPrimary90 Clopton Road,
Stratford Upon Avon,
CV37 6SNAreaCategory Code 10D12D18D1DY20D24D2D52DY30D3DY4DY6DY8D6AUDFS3FS4HYGN01NRLP00P01P09P14P17P25P50P62P66P68P75P99PD0PD1PD2PD3PD4PD5PD7PD8PD9PF3PF4PF8PO1PO9POOPS1PS2PS3PS4PS5PS6PS7PS8RLOInspection Type EMI HygieneEMI Hygiene InspectionEMI NCP LayersEMI Record AuditEMI Reg VisitEMI RoutineEMI Routine LargeFollow UpCustomer NameMr AutomationCustomer PhoneCustomer EmailRegistration Number111ID Number222County Parish Holding (CPH) Number (00 / 000 / 0000)Last Inspection DateBusiness Type AUCTION MARKETEGG BREAKEREGG COLLECTOREGG IMPORTEREGG PACKEREGG PROCESSOREGG PRODUCEREGG WHOLESALERHATCHERYRETAILERREARER\CHICK COMPANYEdit attributesNotesFAIR PROCESSING NOTICEBATCH GUIDELINESREGULATIONSSignatures / RemarksOverride DependencySTARTED (locked)ScheduleBooking OffersAwaiting Further InformationCreate Follow OnMore DetailsData CaptureFurther Work' or . = 'Job TypeEMI InspectionJob StatusSTARTED at 14:50Status CommentJob Id35128DescriptionScheduled01/06/2018 07:00 - 01/06/2018 07:15Ref1Ref2SLA24 HoursPrimary90 Clopton Road,
Stratford Upon Avon,
CV37 6SNAreaCategory Code 10D12D18D1DY20D24D2D52DY30D3DY4DY6DY8D6AUDFS3FS4HYGN01NRLP00P01P09P14P17P25P50P62P66P68P75P99PD0PD1PD2PD3PD4PD5PD7PD8PD9PF3PF4PF8PO1PO9POOPS1PS2PS3PS4PS5PS6PS7PS8RLOInspection Type EMI HygieneEMI Hygiene InspectionEMI NCP LayersEMI Record AuditEMI Reg VisitEMI RoutineEMI Routine LargeFollow UpCustomer NameMr AutomationCustomer PhoneCustomer EmailRegistration Number111ID Number222County Parish Holding (CPH) Number (00 / 000 / 0000)Last Inspection DateBusiness Type AUCTION MARKETEGG BREAKEREGG COLLECTOREGG IMPORTEREGG PACKEREGG PROCESSOREGG PRODUCEREGG WHOLESALERHATCHERYRETAILERREARER\CHICK COMPANYEdit attributesNotesFAIR PROCESSING NOTICEBATCH GUIDELINESREGULATIONSSignatures / RemarksOverride DependencySTARTED (locked)ScheduleBooking OffersAwaiting Further InformationCreate Follow OnMore DetailsData CaptureFurther Work')]' not found)

2018-06-02 12:38:37 - [MESSAGE][FAILED] - Unable to click on object 'Object Repository/FSM1/Complete Egg Inspection/Page_JClient/div_Job TypeEMI InspectionJob' (Root cause: com.kms.katalon.core.webui.exception.WebElementNotFoundException: Web element with id: 'Object Repository/FSM1/Complete Egg Inspection/Page_JClient/div_Job TypeEMI InspectionJob' located by 'By.xpath: //div[(text() = 'Job TypeEMI InspectionJob StatusSTARTED at 14:50Status CommentJob Id35128DescriptionScheduled01/06/2018 07:00 - 01/06/2018 07:15Ref1Ref2SLA24 HoursPrimary90 Clopton Road,
Stratford Upon Avon,
CV37 6SNAreaCategory Code 10D12D18D1DY20D24D2D52DY30D3DY4DY6DY8D6AUDFS3FS4HYGN01NRLP00P01P09P14P17P25P50P62P66P68P75P99PD0PD1PD2PD3PD4PD5PD7PD8PD9PF3PF4PF8PO1PO9POOPS1PS2PS3PS4PS5PS6PS7PS8RLOInspection Type EMI HygieneEMI Hygiene InspectionEMI NCP LayersEMI Record AuditEMI Reg VisitEMI RoutineEMI Routine LargeFollow UpCustomer NameMr AutomationCustomer PhoneCustomer EmailRegistration Number111ID Number222County Parish Holding (CPH) Number (00 / 000 / 0000)Last Inspection DateBusiness Type AUCTION MARKETEGG BREAKEREGG COLLECTOREGG IMPORTEREGG PACKEREGG PROCESSOREGG PRODUCEREGG WHOLESALERHATCHERYRETAILERREARER\CHICK COMPANYEdit attributesNotesFAIR PROCESSING NOTICEBATCH GUIDELINESREGULATIONSSignatures / RemarksOverride DependencySTARTED (locked)ScheduleBooking OffersAwaiting Further InformationCreate Follow OnMore DetailsData CaptureFurther Work' or . = 'Job TypeEMI InspectionJob StatusSTARTED at 14:50Status CommentJob Id35128DescriptionScheduled01/06/2018 07:00 - 01/06/2018 07:15Ref1Ref2SLA24 HoursPrimary90 Clopton Road,
Stratford Upon Avon,
CV37 6SNAreaCategory Code 10D12D18D1DY20D24D2D52DY30D3DY4DY6DY8D6AUDFS3FS4HYGN01NRLP00P01P09P14P17P25P50P62P66P68P75P99PD0PD1PD2PD3PD4PD5PD7PD8PD9PF3PF4PF8PO1PO9POOPS1PS2PS3PS4PS5PS6PS7PS8RLOInspection Type EMI HygieneEMI Hygiene InspectionEMI NCP LayersEMI Record AuditEMI Reg VisitEMI RoutineEMI Routine LargeFollow UpCustomer NameMr AutomationCustomer PhoneCustomer EmailRegistration Number111ID Number222County Parish Holding (CPH) Number (00 / 000 / 0000)Last Inspection DateBusiness Type AUCTION MARKETEGG BREAKEREGG COLLECTOREGG IMPORTEREGG PACKEREGG PROCESSOREGG PRODUCEREGG WHOLESALERHATCHERYRETAILERREARER\CHICK COMPANYEdit attributesNotesFAIR PROCESSING NOTICEBATCH GUIDELINESREGULATIONSSignatures / RemarksOverride DependencySTARTED (locked)ScheduleBooking OffersAwaiting Further InformationCreate Follow OnMore DetailsData CaptureFurther Work')]' not found)
[[ATTACHMENT|C:\\Users\\JHATFIELD\\git\\DEFRA-FSM_Automated_Regression_NEW\\Reports\\EMI Regression\\20180602_123449\\1527943116562.png]]]]></system-out>
         <system-err><![CDATA[2018-06-02 12:38:04 - [TEST_CASE][FAILED] - Test Cases/Complete EMI Inspection: Test Cases/Complete EMI Inspection FAILED because (of) Unable to click on object 'Object Repository/FSM1/Complete Egg Inspection/Page_JClient/div_Job TypeEMI InspectionJob' (Root cause: com.kms.katalon.core.webui.exception.WebElementNotFoundException: Web element with id: 'Object Repository/FSM1/Complete Egg Inspection/Page_JClient/div_Job TypeEMI InspectionJob' located by 'By.xpath: //div[(text() = 'Job TypeEMI InspectionJob StatusSTARTED at 14:50Status CommentJob Id35128DescriptionScheduled01/06/2018 07:00 - 01/06/2018 07:15Ref1Ref2SLA24 HoursPrimary90 Clopton Road,
Stratford Upon Avon,
CV37 6SNAreaCategory Code 10D12D18D1DY20D24D2D52DY30D3DY4DY6DY8D6AUDFS3FS4HYGN01NRLP00P01P09P14P17P25P50P62P66P68P75P99PD0PD1PD2PD3PD4PD5PD7PD8PD9PF3PF4PF8PO1PO9POOPS1PS2PS3PS4PS5PS6PS7PS8RLOInspection Type EMI HygieneEMI Hygiene InspectionEMI NCP LayersEMI Record AuditEMI Reg VisitEMI RoutineEMI Routine LargeFollow UpCustomer NameMr AutomationCustomer PhoneCustomer EmailRegistration Number111ID Number222County Parish Holding (CPH) Number (00 / 000 / 0000)Last Inspection DateBusiness Type AUCTION MARKETEGG BREAKEREGG COLLECTOREGG IMPORTEREGG PACKEREGG PROCESSOREGG PRODUCEREGG WHOLESALERHATCHERYRETAILERREARER\CHICK COMPANYEdit attributesNotesFAIR PROCESSING NOTICEBATCH GUIDELINESREGULATIONSSignatures / RemarksOverride DependencySTARTED (locked)ScheduleBooking OffersAwaiting Further InformationCreate Follow OnMore DetailsData CaptureFurther Work' or . = 'Job TypeEMI InspectionJob StatusSTARTED at 14:50Status CommentJob Id35128DescriptionScheduled01/06/2018 07:00 - 01/06/2018 07:15Ref1Ref2SLA24 HoursPrimary90 Clopton Road,
Stratford Upon Avon,
CV37 6SNAreaCategory Code 10D12D18D1DY20D24D2D52DY30D3DY4DY6DY8D6AUDFS3FS4HYGN01NRLP00P01P09P14P17P25P50P62P66P68P75P99PD0PD1PD2PD3PD4PD5PD7PD8PD9PF3PF4PF8PO1PO9POOPS1PS2PS3PS4PS5PS6PS7PS8RLOInspection Type EMI HygieneEMI Hygiene InspectionEMI NCP LayersEMI Record AuditEMI Reg VisitEMI RoutineEMI Routine LargeFollow UpCustomer NameMr AutomationCustomer PhoneCustomer EmailRegistration Number111ID Number222County Parish Holding (CPH) Number (00 / 000 / 0000)Last Inspection DateBusiness Type AUCTION MARKETEGG BREAKEREGG COLLECTOREGG IMPORTEREGG PACKEREGG PROCESSOREGG PRODUCEREGG WHOLESALERHATCHERYRETAILERREARER\CHICK COMPANYEdit attributesNotesFAIR PROCESSING NOTICEBATCH GUIDELINESREGULATIONSSignatures / RemarksOverride DependencySTARTED (locked)ScheduleBooking OffersAwaiting Further InformationCreate Follow OnMore DetailsData CaptureFurther Work')]' not found)]]></system-err>
      </testcase>
      <system-out><![CDATA[2018-06-02 12:34:53 - [TEST_SUITE][FAILED] - EMI Regression: Test Cases/Complete EMI Inspection FAILED because (of) Unable to click on object 'Object Repository/FSM1/Complete Egg Inspection/Page_JClient/div_Job TypeEMI InspectionJob' (Root cause: com.kms.katalon.core.webui.exception.WebElementNotFoundException: Web element with id: 'Object Repository/FSM1/Complete Egg Inspection/Page_JClient/div_Job TypeEMI InspectionJob' located by 'By.xpath: //div[(text() = 'Job TypeEMI InspectionJob StatusSTARTED at 14:50Status CommentJob Id35128DescriptionScheduled01/06/2018 07:00 - 01/06/2018 07:15Ref1Ref2SLA24 HoursPrimary90 Clopton Road,
Stratford Upon Avon,
CV37 6SNAreaCategory Code 10D12D18D1DY20D24D2D52DY30D3DY4DY6DY8D6AUDFS3FS4HYGN01NRLP00P01P09P14P17P25P50P62P66P68P75P99PD0PD1PD2PD3PD4PD5PD7PD8PD9PF3PF4PF8PO1PO9POOPS1PS2PS3PS4PS5PS6PS7PS8RLOInspection Type EMI HygieneEMI Hygiene InspectionEMI NCP LayersEMI Record AuditEMI Reg VisitEMI RoutineEMI Routine LargeFollow UpCustomer NameMr AutomationCustomer PhoneCustomer EmailRegistration Number111ID Number222County Parish Holding (CPH) Number (00 / 000 / 0000)Last Inspection DateBusiness Type AUCTION MARKETEGG BREAKEREGG COLLECTOREGG IMPORTEREGG PACKEREGG PROCESSOREGG PRODUCEREGG WHOLESALERHATCHERYRETAILERREARER\CHICK COMPANYEdit attributesNotesFAIR PROCESSING NOTICEBATCH GUIDELINESREGULATIONSSignatures / RemarksOverride DependencySTARTED (locked)ScheduleBooking OffersAwaiting Further InformationCreate Follow OnMore DetailsData CaptureFurther Work' or . = 'Job TypeEMI InspectionJob StatusSTARTED at 14:50Status CommentJob Id35128DescriptionScheduled01/06/2018 07:00 - 01/06/2018 07:15Ref1Ref2SLA24 HoursPrimary90 Clopton Road,
Stratford Upon Avon,
CV37 6SNAreaCategory Code 10D12D18D1DY20D24D2D52DY30D3DY4DY6DY8D6AUDFS3FS4HYGN01NRLP00P01P09P14P17P25P50P62P66P68P75P99PD0PD1PD2PD3PD4PD5PD7PD8PD9PF3PF4PF8PO1PO9POOPS1PS2PS3PS4PS5PS6PS7PS8RLOInspection Type EMI HygieneEMI Hygiene InspectionEMI NCP LayersEMI Record AuditEMI Reg VisitEMI RoutineEMI Routine LargeFollow UpCustomer NameMr AutomationCustomer PhoneCustomer EmailRegistration Number111ID Number222County Parish Holding (CPH) Number (00 / 000 / 0000)Last Inspection DateBusiness Type AUCTION MARKETEGG BREAKEREGG COLLECTOREGG IMPORTEREGG PACKEREGG PROCESSOREGG PRODUCEREGG WHOLESALERHATCHERYRETAILERREARER\CHICK COMPANYEdit attributesNotesFAIR PROCESSING NOTICEBATCH GUIDELINESREGULATIONSSignatures / RemarksOverride DependencySTARTED (locked)ScheduleBooking OffersAwaiting Further InformationCreate Follow OnMore DetailsData CaptureFurther Work')]' not found)]]></system-out>
      <system-err><![CDATA[2018-06-02 12:34:53 - [TEST_SUITE][FAILED] - EMI Regression: Test Cases/Complete EMI Inspection FAILED because (of) Unable to click on object 'Object Repository/FSM1/Complete Egg Inspection/Page_JClient/div_Job TypeEMI InspectionJob' (Root cause: com.kms.katalon.core.webui.exception.WebElementNotFoundException: Web element with id: 'Object Repository/FSM1/Complete Egg Inspection/Page_JClient/div_Job TypeEMI InspectionJob' located by 'By.xpath: //div[(text() = 'Job TypeEMI InspectionJob StatusSTARTED at 14:50Status CommentJob Id35128DescriptionScheduled01/06/2018 07:00 - 01/06/2018 07:15Ref1Ref2SLA24 HoursPrimary90 Clopton Road,
Stratford Upon Avon,
CV37 6SNAreaCategory Code 10D12D18D1DY20D24D2D52DY30D3DY4DY6DY8D6AUDFS3FS4HYGN01NRLP00P01P09P14P17P25P50P62P66P68P75P99PD0PD1PD2PD3PD4PD5PD7PD8PD9PF3PF4PF8PO1PO9POOPS1PS2PS3PS4PS5PS6PS7PS8RLOInspection Type EMI HygieneEMI Hygiene InspectionEMI NCP LayersEMI Record AuditEMI Reg VisitEMI RoutineEMI Routine LargeFollow UpCustomer NameMr AutomationCustomer PhoneCustomer EmailRegistration Number111ID Number222County Parish Holding (CPH) Number (00 / 000 / 0000)Last Inspection DateBusiness Type AUCTION MARKETEGG BREAKEREGG COLLECTOREGG IMPORTEREGG PACKEREGG PROCESSOREGG PRODUCEREGG WHOLESALERHATCHERYRETAILERREARER\CHICK COMPANYEdit attributesNotesFAIR PROCESSING NOTICEBATCH GUIDELINESREGULATIONSSignatures / RemarksOverride DependencySTARTED (locked)ScheduleBooking OffersAwaiting Further InformationCreate Follow OnMore DetailsData CaptureFurther Work' or . = 'Job TypeEMI InspectionJob StatusSTARTED at 14:50Status CommentJob Id35128DescriptionScheduled01/06/2018 07:00 - 01/06/2018 07:15Ref1Ref2SLA24 HoursPrimary90 Clopton Road,
Stratford Upon Avon,
CV37 6SNAreaCategory Code 10D12D18D1DY20D24D2D52DY30D3DY4DY6DY8D6AUDFS3FS4HYGN01NRLP00P01P09P14P17P25P50P62P66P68P75P99PD0PD1PD2PD3PD4PD5PD7PD8PD9PF3PF4PF8PO1PO9POOPS1PS2PS3PS4PS5PS6PS7PS8RLOInspection Type EMI HygieneEMI Hygiene InspectionEMI NCP LayersEMI Record AuditEMI Reg VisitEMI RoutineEMI Routine LargeFollow UpCustomer NameMr AutomationCustomer PhoneCustomer EmailRegistration Number111ID Number222County Parish Holding (CPH) Number (00 / 000 / 0000)Last Inspection DateBusiness Type AUCTION MARKETEGG BREAKEREGG COLLECTOREGG IMPORTEREGG PACKEREGG PROCESSOREGG PRODUCEREGG WHOLESALERHATCHERYRETAILERREARER\CHICK COMPANYEdit attributesNotesFAIR PROCESSING NOTICEBATCH GUIDELINESREGULATIONSSignatures / RemarksOverride DependencySTARTED (locked)ScheduleBooking OffersAwaiting Further InformationCreate Follow OnMore DetailsData CaptureFurther Work')]' not found)]]></system-err>
   </testsuite>
</testsuites>
