<?xml version="1.0" encoding="UTF-8"?>
<testsuites name="ABP Regression - 03a" time="462" tests="18" failures="0" errors="0">
   <testsuite name="ABP Regression - 03a" tests="18" failures="0" errors="0" time="462" timestamp="2019-01-26 10:09:23" hostname="JHATFIELD - SNDFSMINFSRV001.defra.onmicrosoft.com" id="Test Suites/ABP/ABP Regression - 03a">
      <properties>
         <property name="deviceName" value=""/>
         <property name="devicePlatform" value=""/>
         <property name="logFolder" value="C:\\Users\\JHATFIELD\\Documents\\Katalon\\JM 8.9\\FSM\\DEFRA-FSM_Automated_Regression\\Reports\\ABP\\ABP Regression - 03a\\20190126_092410"/>
         <property name="logFiles" value="C:\\Users\\JHATFIELD\\Documents\\Katalon\\JM 8.9\\FSM\\DEFRA-FSM_Automated_Regression\\Reports\\ABP\\ABP Regression - 03a\\20190126_092410\\execution0.log"/>
         <property name="attachments" value=""/>
         <property name="hostName" value="JHATFIELD - SNDFSMINFSRV001.defra.onmicrosoft.com"/>
         <property name="os" value="Windows Server 2016 64bit"/>
         <property name="katalonVersion" value="5.9.1.2"/>
         <property name="browser" value="Chrome 71.0.3578.98"/>
         <property name="hostAddress" value="10.201.1.17"/>
         <property name="sessionId" value="c01da443b645997305c070b2ffaadfd7"/>
         <property name="seleniumVersion" value="3.7.1"/>
         <property name="proxyInformation" value="ProxyInformation{proxyOption=NO_PROXY, proxyServerType=HTTP, password=, proxyServerAddress=, proxyServerPort=0}"/>
         <property name="platform" value="Windows Server 2016"/>
      </properties>
      <testcase name="Test Cases/Generic/Launch Job Manager Control Centre" classname="Test Cases/Generic/Launch Job Manager Control Centre" status="PASSED">
         <system-out><![CDATA[2019-01-26 10:09:24 - [TEST_CASE][PASSED] - Test Cases/Generic/Launch Job Manager Control Centre: Test Cases/Generic/Launch Job Manager Control Centre

2019-01-26 10:09:25 - [TEST_STEP][PASSED] - openBrowser(""): Browser is opened with url: ''

2019-01-26 10:09:26 - [MESSAGE][INFO] - Starting 'Chrome' driver

2019-01-26 10:09:26 - [MESSAGE][INFO] - Action delay is set to 0 seconds

2019-01-26 10:09:30 - [MESSAGE][PASSED] - Browser is opened with url: ''

2019-01-26 10:09:30 - [TEST_STEP][PASSED] - navigateToUrl(CCURL): Navigate to 'https://kirona-def-6.kirona.com/jmprep/login#!loginView' successfully

2019-01-26 10:09:32 - [MESSAGE][PASSED] - Navigate to 'https://kirona-def-6.kirona.com/jmprep/login#!loginView' successfully

2019-01-26 10:09:32 - [TEST_STEP][PASSED] - setText(findTestObject("FSM1/Control Centre/Page_Job Manager Login/input_gwt-uid-3"), Username): Text 'jon.hatfield' is set on object 'Object Repository/FSM1/Control Centre/Page_Job Manager Login/input_gwt-uid-3'

2019-01-26 10:09:33 - [MESSAGE][PASSED] - Text 'jon.hatfield' is set on object 'Object Repository/FSM1/Control Centre/Page_Job Manager Login/input_gwt-uid-3'

2019-01-26 10:09:33 - [TEST_STEP][PASSED] - setText(findTestObject("FSM1/Control Centre/Page_Job Manager Login/input_gwt-uid-5"), Password): Text 'Fr@nc1sJ0n' is set on object 'Object Repository/FSM1/Control Centre/Page_Job Manager Login/input_gwt-uid-5'

2019-01-26 10:09:33 - [MESSAGE][PASSED] - Text 'Fr@nc1sJ0n' is set on object 'Object Repository/FSM1/Control Centre/Page_Job Manager Login/input_gwt-uid-5'

2019-01-26 10:09:33 - [TEST_STEP][PASSED] - delay(2): Delayed 2 second(s)

2019-01-26 10:09:36 - [MESSAGE][PASSED] - Delayed 2 second(s)

2019-01-26 10:09:36 - [TEST_STEP][PASSED] - click(findTestObject("FSM1/PreProd/Page_Job Manager Login/div_Login")): Object: 'Object Repository/FSM1/PreProd/Page_Job Manager Login/div_Login' is clicked on

2019-01-26 10:09:36 - [MESSAGE][PASSED] - Object: 'Object Repository/FSM1/PreProd/Page_Job Manager Login/div_Login' is clicked on

2019-01-26 10:09:36 - [TEST_STEP][PASSED] - delay(5): Delayed 5 second(s)

2019-01-26 10:09:41 - [MESSAGE][PASSED] - Delayed 5 second(s)]]></system-out>
         <system-err><![CDATA[]]></system-err>
      </testcase>
      <testcase name="Test Cases/ABP/Generic/Create ABP Inspection - Manual Assignment" classname="Test Cases/ABP/Generic/Create ABP Inspection - Manual Assignment" status="PASSED">
         <system-out><![CDATA[2019-01-26 10:09:41 - [TEST_CASE][PASSED] - Test Cases/ABP/Generic/Create ABP Inspection - Manual Assignment: Test Cases/ABP/Generic/Create ABP Inspection - Manual Assignment

2019-01-26 10:09:42 - [TEST_STEP][PASSED] - log = new com.kms.katalon.core.logging.KeywordLogger(): null

2019-01-26 10:09:42 - [TEST_STEP][PASSED] - waitForElementClickable(findTestObject("Object Repository/FSM1/Create ABP Inspection Manual Ass/Page_JM Control Centre/Page_JM Control Centre/Page_JM Control Centre/div_Create"), 60, STOP_ON_FAILURE): Object 'Object Repository/FSM1/Create ABP Inspection Manual Ass/Page_JM Control Centre/Page_JM Control Centre/Page_JM Control Centre/div_Create' is clickable

2019-01-26 10:09:50 - [MESSAGE][PASSED] - Object 'Object Repository/FSM1/Create ABP Inspection Manual Ass/Page_JM Control Centre/Page_JM Control Centre/Page_JM Control Centre/div_Create' is clickable

2019-01-26 10:09:50 - [TEST_STEP][PASSED] - delay(3): Delayed 3 second(s)

2019-01-26 10:09:53 - [MESSAGE][PASSED] - Delayed 3 second(s)

2019-01-26 10:09:53 - [TEST_STEP][PASSED] - click(findTestObject("Object Repository/FSM1/Create ABP Inspection Manual Ass/Page_JM Control Centre/Page_JM Control Centre/Page_JM Control Centre/div_Create")): Object: 'Object Repository/FSM1/Create ABP Inspection Manual Ass/Page_JM Control Centre/Page_JM Control Centre/Page_JM Control Centre/div_Create' is clicked on

2019-01-26 10:09:53 - [MESSAGE][PASSED] - Object: 'Object Repository/FSM1/Create ABP Inspection Manual Ass/Page_JM Control Centre/Page_JM Control Centre/Page_JM Control Centre/div_Create' is clicked on

2019-01-26 10:09:53 - [TEST_STEP][PASSED] - click(findTestObject("Object Repository/FSM1/Create ABP Inspection Manual Ass/Page_JM Control Centre/Page_JM Control Centre/Page_JM Control Centre/div_v-filterselect-button")): Object: 'Object Repository/FSM1/Create ABP Inspection Manual Ass/Page_JM Control Centre/Page_JM Control Centre/Page_JM Control Centre/div_v-filterselect-button' is clicked on

2019-01-26 10:09:55 - [MESSAGE][PASSED] - Object: 'Object Repository/FSM1/Create ABP Inspection Manual Ass/Page_JM Control Centre/Page_JM Control Centre/Page_JM Control Centre/div_v-filterselect-button' is clicked on

2019-01-26 10:09:56 - [TEST_STEP][PASSED] - setText(findTestObject("Object Repository/FSM1/Create ABP Inspection Manual Ass/Page_JM Control Centre/Page_JM Control Centre/Page_JM Control Centre/input_gwt-uid-8"), ABPInspection): Text 'ABPR03a' is set on object 'Object Repository/FSM1/Create ABP Inspection Manual Ass/Page_JM Control Centre/Page_JM Control Centre/Page_JM Control Centre/input_gwt-uid-8'

2019-01-26 10:09:57 - [MESSAGE][PASSED] - Text 'ABPR03a' is set on object 'Object Repository/FSM1/Create ABP Inspection Manual Ass/Page_JM Control Centre/Page_JM Control Centre/Page_JM Control Centre/input_gwt-uid-8'

2019-01-26 10:09:57 - [TEST_STEP][PASSED] - ABPInspectionTypeJ = modifyObjectProperty(findTestObject("Object Repository/FSM1/Create ABP Inspection Manual Ass/Page_JM Control Centre/Page_JM Control Centre/Page_JM Control Centre/span_ABPR01A - Composting and"), "text", "equals", ABPInspectionType, true): Modify property of object successfully

2019-01-26 10:09:57 - [MESSAGE][PASSED] - Modify property of object successfully

2019-01-26 10:09:57 - [TEST_STEP][PASSED] - click(ABPInspectionTypeJ, STOP_ON_FAILURE): Object: 'Object Repository/FSM1/Create ABP Inspection Manual Ass/Page_JM Control Centre/Page_JM Control Centre/Page_JM Control Centre/span_ABPR01A - Composting and' is clicked on

2019-01-26 10:09:57 - [MESSAGE][PASSED] - Object: 'Object Repository/FSM1/Create ABP Inspection Manual Ass/Page_JM Control Centre/Page_JM Control Centre/Page_JM Control Centre/span_ABPR01A - Composting and' is clicked on

2019-01-26 10:09:57 - [TEST_STEP][PASSED] - click(findTestObject("Object Repository/FSM1/Create ABP Inspection Manual Ass/Page_JM Control Centre/Page_JM Control Centre/Page_JM Control Centre/div_v-filterselect-button_1")): Object: 'Object Repository/FSM1/Create ABP Inspection Manual Ass/Page_JM Control Centre/Page_JM Control Centre/Page_JM Control Centre/div_v-filterselect-button_1' is clicked on

2019-01-26 10:10:00 - [MESSAGE][PASSED] - Object: 'Object Repository/FSM1/Create ABP Inspection Manual Ass/Page_JM Control Centre/Page_JM Control Centre/Page_JM Control Centre/div_v-filterselect-button_1' is clicked on

2019-01-26 10:10:00 - [TEST_STEP][PASSED] - click(findTestObject("Object Repository/FSM1/Create ABP Inspection Manual Ass/Page_JM Control Centre/Page_JM Control Centre/Page_JM Control Centre/span_24 Hours")): Object: 'Object Repository/FSM1/Create ABP Inspection Manual Ass/Page_JM Control Centre/Page_JM Control Centre/Page_JM Control Centre/span_24 Hours' is clicked on

2019-01-26 10:10:01 - [MESSAGE][PASSED] - Object: 'Object Repository/FSM1/Create ABP Inspection Manual Ass/Page_JM Control Centre/Page_JM Control Centre/Page_JM Control Centre/span_24 Hours' is clicked on

2019-01-26 10:10:01 - [TEST_STEP][PASSED] - click(findTestObject("Object Repository/FSM1/Create ABP Inspection/Page_JM Control Centre/div_Region_v-filterselect-butt")): Object: 'Object Repository/FSM1/Create ABP Inspection/Page_JM Control Centre/div_Region_v-filterselect-butt' is clicked on

2019-01-26 10:10:01 - [MESSAGE][PASSED] - Object: 'Object Repository/FSM1/Create ABP Inspection/Page_JM Control Centre/div_Region_v-filterselect-butt' is clicked on

2019-01-26 10:10:01 - [TEST_STEP][PASSED] - click(findTestObject("Object Repository/FSM1/Create ABP Inspection Manual Ass/Page_JM Control Centre/Page_JM Control Centre/Page_JM Control Centre/td_West")): Object: 'Object Repository/FSM1/Create ABP Inspection Manual Ass/Page_JM Control Centre/Page_JM Control Centre/Page_JM Control Centre/td_West' is clicked on

2019-01-26 10:10:02 - [MESSAGE][PASSED] - Object: 'Object Repository/FSM1/Create ABP Inspection Manual Ass/Page_JM Control Centre/Page_JM Control Centre/Page_JM Control Centre/td_West' is clicked on

2019-01-26 10:10:02 - [TEST_STEP][PASSED] - click(findTestObject("Object Repository/FSM1/Create ABP Inspection/Page_JM Control Centre/div_Plant Type_v-filterselect-")): Object: 'Object Repository/FSM1/Create ABP Inspection/Page_JM Control Centre/div_Plant Type_v-filterselect-' is clicked on

2019-01-26 10:10:02 - [MESSAGE][PASSED] - Object: 'Object Repository/FSM1/Create ABP Inspection/Page_JM Control Centre/div_Plant Type_v-filterselect-' is clicked on

2019-01-26 10:10:02 - [TEST_STEP][PASSED] - click(findTestObject("Object Repository/FSM1/Create ABP Inspection Manual Ass/Page_JM Control Centre/Page_JM Control Centre/Page_JM Control Centre/td_SECTION I Intermediate Acti")): Object: 'Object Repository/FSM1/Create ABP Inspection Manual Ass/Page_JM Control Centre/Page_JM Control Centre/Page_JM Control Centre/td_SECTION I Intermediate Acti' is clicked on

2019-01-26 10:10:02 - [MESSAGE][PASSED] - Object: 'Object Repository/FSM1/Create ABP Inspection Manual Ass/Page_JM Control Centre/Page_JM Control Centre/Page_JM Control Centre/td_SECTION I Intermediate Acti' is clicked on

2019-01-26 10:10:03 - [TEST_STEP][PASSED] - click(findTestObject("Object Repository/FSM1/Create ABP Inspection/Page_JM Control Centre/div_Inspection Type_v-filterse")): Object: 'Object Repository/FSM1/Create ABP Inspection/Page_JM Control Centre/div_Inspection Type_v-filterse' is clicked on

2019-01-26 10:10:03 - [MESSAGE][PASSED] - Object: 'Object Repository/FSM1/Create ABP Inspection/Page_JM Control Centre/div_Inspection Type_v-filterse' is clicked on

2019-01-26 10:10:03 - [TEST_STEP][PASSED] - click(findTestObject("Object Repository/FSM1/Create ABP Inspection Manual Ass/Page_JM Control Centre/Page_JM Control Centre/Page_JM Control Centre/td_Routine")): Object: 'Object Repository/FSM1/Create ABP Inspection Manual Ass/Page_JM Control Centre/Page_JM Control Centre/Page_JM Control Centre/td_Routine' is clicked on

2019-01-26 10:10:03 - [MESSAGE][PASSED] - Object: 'Object Repository/FSM1/Create ABP Inspection Manual Ass/Page_JM Control Centre/Page_JM Control Centre/Page_JM Control Centre/td_Routine' is clicked on

2019-01-26 10:10:03 - [TEST_STEP][PASSED] - click(findTestObject("Object Repository/JM_8918/New/Page_JClient/Page_JM Control Centre/Page_JM Control Centre/label_1")): Object: 'Object Repository/JM_8918/New/Page_JClient/Page_JM Control Centre/Page_JM Control Centre/label_1' is clicked on

2019-01-26 10:10:04 - [MESSAGE][PASSED] - Object: 'Object Repository/JM_8918/New/Page_JClient/Page_JM Control Centre/Page_JM Control Centre/label_1' is clicked on

2019-01-26 10:10:04 - [TEST_STEP][PASSED] - click(findTestObject("Object Repository/FSM1/Create ABP Inspection/Page_JM Control Centre/div_Inspector Grade Required_v")): Object: 'Object Repository/FSM1/Create ABP Inspection/Page_JM Control Centre/div_Inspector Grade Required_v' is clicked on

2019-01-26 10:10:04 - [MESSAGE][PASSED] - Object: 'Object Repository/FSM1/Create ABP Inspection/Page_JM Control Centre/div_Inspector Grade Required_v' is clicked on

2019-01-26 10:10:04 - [TEST_STEP][PASSED] - click(findTestObject("Object Repository/FSM1/Create ABP Inspection Manual Ass/Page_JM Control Centre/Page_JM Control Centre/Page_JM Control Centre/td_Tech")): Object: 'Object Repository/FSM1/Create ABP Inspection Manual Ass/Page_JM Control Centre/Page_JM Control Centre/Page_JM Control Centre/td_Tech' is clicked on

2019-01-26 10:10:04 - [MESSAGE][PASSED] - Object: 'Object Repository/FSM1/Create ABP Inspection Manual Ass/Page_JM Control Centre/Page_JM Control Centre/Page_JM Control Centre/td_Tech' is clicked on

2019-01-26 10:10:05 - [TEST_STEP][PASSED] - click(findTestObject("Object Repository/FSM1/Create ABP Inspection/Page_JM Control Centre/div_Sequence within Inspection")): Object: 'Object Repository/FSM1/Create ABP Inspection/Page_JM Control Centre/div_Sequence within Inspection' is clicked on

2019-01-26 10:10:05 - [MESSAGE][PASSED] - Object: 'Object Repository/FSM1/Create ABP Inspection/Page_JM Control Centre/div_Sequence within Inspection' is clicked on

2019-01-26 10:10:05 - [TEST_STEP][PASSED] - click(findTestObject("Object Repository/FSM1/Create ABP Inspection Manual Ass/Page_JM Control Centre/Page_JM Control Centre/Page_JM Control Centre/td_2 - Tech")): Object: 'Object Repository/FSM1/Create ABP Inspection Manual Ass/Page_JM Control Centre/Page_JM Control Centre/Page_JM Control Centre/td_2 - Tech' is clicked on

2019-01-26 10:10:05 - [MESSAGE][PASSED] - Object: 'Object Repository/FSM1/Create ABP Inspection Manual Ass/Page_JM Control Centre/Page_JM Control Centre/Page_JM Control Centre/td_2 - Tech' is clicked on

2019-01-26 10:10:05 - [TEST_STEP][PASSED] - setText(findTestObject("JM_8918/ABP/Page_JM Control Centre/input_Customer ID_gwt-uid-42"), RandomStringUtils.randomNumeric(5)): Text '18349' is set on object 'Object Repository/JM_8918/ABP/Page_JM Control Centre/input_Customer ID_gwt-uid-42'

2019-01-26 10:10:06 - [MESSAGE][PASSED] - Text '18349' is set on object 'Object Repository/JM_8918/ABP/Page_JM Control Centre/input_Customer ID_gwt-uid-42'

2019-01-26 10:10:06 - [TEST_STEP][PASSED] - delay(2): Delayed 2 second(s)

2019-01-26 10:10:08 - [MESSAGE][PASSED] - Delayed 2 second(s)

2019-01-26 10:10:08 - [TEST_STEP][PASSED] - setText(findTestObject("JM_8918/ABP/Page_JM Control Centre/input_Unit ID_gwt-uid-44"), RandomStringUtils.randomNumeric(5)): Text '08543' is set on object 'Object Repository/JM_8918/ABP/Page_JM Control Centre/input_Unit ID_gwt-uid-44'

2019-01-26 10:10:08 - [MESSAGE][PASSED] - Text '08543' is set on object 'Object Repository/JM_8918/ABP/Page_JM Control Centre/input_Unit ID_gwt-uid-44'

2019-01-26 10:10:08 - [TEST_STEP][PASSED] - setText(findTestObject("JM_8918/ABP/Page_JM Control Centre/input_Customer Name_gwt-uid-46"), "Test Automation"): Text 'Test Automation' is set on object 'Object Repository/JM_8918/ABP/Page_JM Control Centre/input_Customer Name_gwt-uid-46'

2019-01-26 10:10:09 - [MESSAGE][PASSED] - Text 'Test Automation' is set on object 'Object Repository/JM_8918/ABP/Page_JM Control Centre/input_Customer Name_gwt-uid-46'

2019-01-26 10:10:09 - [TEST_STEP][PASSED] - click(findTestObject("Object Repository/FSM1/Create ABP Inspection Manual Ass/Page_JM Control Centre/Page_JM Control Centre/Page_JM Control Centre/span_")): Object: 'Object Repository/FSM1/Create ABP Inspection Manual Ass/Page_JM Control Centre/Page_JM Control Centre/Page_JM Control Centre/span_' is clicked on

2019-01-26 10:10:09 - [MESSAGE][PASSED] - Object: 'Object Repository/FSM1/Create ABP Inspection Manual Ass/Page_JM Control Centre/Page_JM Control Centre/Page_JM Control Centre/span_' is clicked on

2019-01-26 10:10:09 - [TEST_STEP][PASSED] - click(findTestObject("FSM1/Control Centre/Create EMI Inspection/Address Search/Page_JM Control Centre/Postcode Search")): Object: 'Object Repository/FSM1/Control Centre/Create EMI Inspection/Address Search/Page_JM Control Centre/Postcode Search' is clicked on

2019-01-26 10:10:11 - [MESSAGE][PASSED] - Object: 'Object Repository/FSM1/Control Centre/Create EMI Inspection/Address Search/Page_JM Control Centre/Postcode Search' is clicked on

2019-01-26 10:10:11 - [TEST_STEP][PASSED] - setText(findTestObject("FSM1/PreProd/Page_JM Control Centre/PostcodeSearch"), findTestData("Pre Production/ABP/ABP Inspection Data 01a").getValue(2, 1)): Text 'WR5 2NQ' is set on object 'Object Repository/FSM1/PreProd/Page_JM Control Centre/PostcodeSearch'

2019-01-26 10:10:11 - [MESSAGE][PASSED] - Text 'WR5 2NQ' is set on object 'Object Repository/FSM1/PreProd/Page_JM Control Centre/PostcodeSearch'

2019-01-26 10:10:11 - [TEST_STEP][PASSED] - doubleClick(findTestObject("JM_8918/Page_JM Control Centre/div_Search")): Object: 'Object Repository/JM_8918/Page_JM Control Centre/div_Search' is double clicked on

2019-01-26 10:10:12 - [MESSAGE][PASSED] - Object: 'Object Repository/JM_8918/Page_JM Control Centre/div_Search' is double clicked on

2019-01-26 10:10:13 - [TEST_STEP][PASSED] - FullAddress = modifyObjectProperty(findTestObject("Object Repository/FSM1/Create ABP Inspection Manual Ass/Page_JM Control Centre/Page_JM Control Centre/Page_JM Control Centre/Address"), "text", "equals", findTestData("Pre Production/ABP/ABP Inspection Data 01a").getValue(3, 1), true): Modify property of object successfully

2019-01-26 10:10:13 - [MESSAGE][PASSED] - Modify property of object successfully

2019-01-26 10:10:13 - [TEST_STEP][PASSED] - click(FullAddress, STOP_ON_FAILURE): Object: 'Object Repository/FSM1/Create ABP Inspection Manual Ass/Page_JM Control Centre/Page_JM Control Centre/Page_JM Control Centre/Address' is clicked on

2019-01-26 10:10:14 - [MESSAGE][PASSED] - Object: 'Object Repository/FSM1/Create ABP Inspection Manual Ass/Page_JM Control Centre/Page_JM Control Centre/Page_JM Control Centre/Address' is clicked on

2019-01-26 10:10:14 - [TEST_STEP][PASSED] - click(findTestObject("FSM1/Control Centre/Create EMI Inspection/Create Address/Page_JM Control Centre (2)/div_Add Selected Item")): Object: 'Object Repository/FSM1/Control Centre/Create EMI Inspection/Create Address/Page_JM Control Centre (2)/div_Add Selected Item' is clicked on

2019-01-26 10:10:14 - [MESSAGE][PASSED] - Object: 'Object Repository/FSM1/Control Centre/Create EMI Inspection/Create Address/Page_JM Control Centre (2)/div_Add Selected Item' is clicked on

2019-01-26 10:10:14 - [TEST_STEP][PASSED] - delay(3): Delayed 3 second(s)

2019-01-26 10:10:17 - [MESSAGE][PASSED] - Delayed 3 second(s)

2019-01-26 10:10:17 - [TEST_STEP][PASSED] - click(findTestObject("FSM1/Control Centre/Create EMI Inspection/Finish/Page_JM Control Centre (3)/div_Create")): Object: 'Object Repository/FSM1/Control Centre/Create EMI Inspection/Finish/Page_JM Control Centre (3)/div_Create' is clicked on

2019-01-26 10:10:18 - [MESSAGE][PASSED] - Object: 'Object Repository/FSM1/Control Centre/Create EMI Inspection/Finish/Page_JM Control Centre (3)/div_Create' is clicked on

2019-01-26 10:10:18 - [TEST_STEP][PASSED] - waitForElementPresent(findTestObject("Object Repository/FSM1/Create ABP Inspection Manual Ass/Page_JM Control Centre/Page_JM Control Centre/Page_JM Control Centre/div_APPROVED"), 120, STOP_ON_FAILURE): Object 'Object Repository/FSM1/Create ABP Inspection Manual Ass/Page_JM Control Centre/Page_JM Control Centre/Page_JM Control Centre/div_APPROVED' is present

2019-01-26 10:10:22 - [MESSAGE][PASSED] - Object 'Object Repository/FSM1/Create ABP Inspection Manual Ass/Page_JM Control Centre/Page_JM Control Centre/Page_JM Control Centre/div_APPROVED' is present

2019-01-26 10:10:22 - [TEST_STEP][PASSED] - click(findTestObject("Object Repository/FSM1/Create ABP Inspection Manual Ass/Page_JM Control Centre/Page_JM Control Centre/Page_JM Control Centre/span_Schedule")): Object: 'Object Repository/FSM1/Create ABP Inspection Manual Ass/Page_JM Control Centre/Page_JM Control Centre/Page_JM Control Centre/span_Schedule' is clicked on

2019-01-26 10:10:22 - [MESSAGE][PASSED] - Object: 'Object Repository/FSM1/Create ABP Inspection Manual Ass/Page_JM Control Centre/Page_JM Control Centre/Page_JM Control Centre/span_Schedule' is clicked on

2019-01-26 10:10:22 - [TEST_STEP][PASSED] - click(findTestObject("Object Repository/JM_8918/New/Page_JM Control Centre/Page_JM Control Centre/label_Manually Allocate as an")): Object: 'Object Repository/JM_8918/New/Page_JM Control Centre/Page_JM Control Centre/label_Manually Allocate as an' is clicked on

2019-01-26 10:10:26 - [MESSAGE][PASSED] - Object: 'Object Repository/JM_8918/New/Page_JM Control Centre/Page_JM Control Centre/label_Manually Allocate as an' is clicked on

2019-01-26 10:10:26 - [TEST_STEP][PASSED] - click(findTestObject("Object Repository/JM_8918/New/Page_JM Control Centre/Page_JM Control Centre/div_Owner_v-filterselect-butto")): Object: 'Object Repository/JM_8918/New/Page_JM Control Centre/Page_JM Control Centre/div_Owner_v-filterselect-butto' is clicked on

2019-01-26 10:10:27 - [MESSAGE][PASSED] - Object: 'Object Repository/JM_8918/New/Page_JM Control Centre/Page_JM Control Centre/div_Owner_v-filterselect-butto' is clicked on

2019-01-26 10:10:27 - [TEST_STEP][PASSED] - setText(findTestObject("Object Repository/JM_8918/New/Page_JM Control Centre/Page_JM Control Centre/input_Owner_gwt-uid-304"), "test"): Text 'test' is set on object 'Object Repository/JM_8918/New/Page_JM Control Centre/Page_JM Control Centre/input_Owner_gwt-uid-304'

2019-01-26 10:10:29 - [MESSAGE][PASSED] - Text 'test' is set on object 'Object Repository/JM_8918/New/Page_JM Control Centre/Page_JM Control Centre/input_Owner_gwt-uid-304'

2019-01-26 10:10:29 - [TEST_STEP][PASSED] - click(findTestObject("Object Repository/JM_8918/New/Page_JM Control Centre/Page_JM Control Centre/span_Test Inspector")): Object: 'Object Repository/JM_8918/New/Page_JM Control Centre/Page_JM Control Centre/span_Test Inspector' is clicked on

2019-01-26 10:10:30 - [MESSAGE][PASSED] - Object: 'Object Repository/JM_8918/New/Page_JM Control Centre/Page_JM Control Centre/span_Test Inspector' is clicked on

2019-01-26 10:10:30 - [TEST_STEP][PASSED] - delay(3): Delayed 3 second(s)

2019-01-26 10:10:33 - [MESSAGE][PASSED] - Delayed 3 second(s)

2019-01-26 10:10:33 - [TEST_STEP][NOT_RUN] - mydate = new java.util.Date(): NOT_RUN: mydate = new java.util.Date()

2019-01-26 10:10:33 - [MESSAGE][NOT_RUN] - NOT_RUN: mydate = new java.util.Date()

2019-01-26 10:10:33 - [TEST_STEP][NOT_RUN] - tomorrow = mydate.next(): NOT_RUN: tomorrow = mydate.next()

2019-01-26 10:10:33 - [MESSAGE][NOT_RUN] - NOT_RUN: tomorrow = mydate.next()

2019-01-26 10:10:33 - [TEST_STEP][NOT_RUN] - formattedDate = tomorrow.format("dd-MMM-yyyy"): NOT_RUN: formattedDate = tomorrow.format("dd-MMM-yyyy")

2019-01-26 10:10:33 - [MESSAGE][NOT_RUN] - NOT_RUN: formattedDate = tomorrow.format("dd-MMM-yyyy")

2019-01-26 10:10:33 - [TEST_STEP][NOT_RUN] - delay(2): NOT_RUN: delay(2)

2019-01-26 10:10:33 - [MESSAGE][NOT_RUN] - NOT_RUN: delay(2)

2019-01-26 10:10:33 - [TEST_STEP][NOT_RUN] - setText(findTestObject("JM_8918/New/Page_JM Control Centre/Page_JM Control Centre/input_Due date_gwt-uid-308"), formattedDate): NOT_RUN: setText(findTestObject("JM_8918/New/Page_JM Control Centre/Page_JM Control Centre/input_Due date_gwt-uid-308"), formattedDate)

2019-01-26 10:10:33 - [MESSAGE][NOT_RUN] - NOT_RUN: setText(findTestObject("JM_8918/New/Page_JM Control Centre/Page_JM Control Centre/input_Due date_gwt-uid-308"), formattedDate)

2019-01-26 10:10:33 - [TEST_STEP][NOT_RUN] - delay(2): NOT_RUN: delay(2)

2019-01-26 10:10:33 - [MESSAGE][NOT_RUN] - NOT_RUN: delay(2)

2019-01-26 10:10:33 - [TEST_STEP][NOT_RUN] - setText(findTestObject("JM_8918/New/Page_JM Control Centre/Page_JM Control Centre/input_From date_gwt-uid-306"), formattedDate): NOT_RUN: setText(findTestObject("JM_8918/New/Page_JM Control Centre/Page_JM Control Centre/input_From date_gwt-uid-306"), formattedDate)

2019-01-26 10:10:33 - [MESSAGE][NOT_RUN] - NOT_RUN: setText(findTestObject("JM_8918/New/Page_JM Control Centre/Page_JM Control Centre/input_From date_gwt-uid-306"), formattedDate)

2019-01-26 10:10:33 - [TEST_STEP][PASSED] - delay(5): Delayed 5 second(s)

2019-01-26 10:10:38 - [MESSAGE][PASSED] - Delayed 5 second(s)

2019-01-26 10:10:38 - [TEST_STEP][PASSED] - click(findTestObject("Object Repository/FSM1/Create ABP Inspection Manual Ass/Page_JM Control Centre/Page_JM Control Centre/Page_JM Control Centre/div_Allocate")): Object: 'Object Repository/FSM1/Create ABP Inspection Manual Ass/Page_JM Control Centre/Page_JM Control Centre/Page_JM Control Centre/div_Allocate' is clicked on

2019-01-26 10:10:38 - [MESSAGE][PASSED] - Object: 'Object Repository/FSM1/Create ABP Inspection Manual Ass/Page_JM Control Centre/Page_JM Control Centre/Page_JM Control Centre/div_Allocate' is clicked on

2019-01-26 10:10:38 - [TEST_STEP][PASSED] - InspectionID = getText(findTestObject("Object Repository/FSM1/Create ABP Inspection Manual Ass/Page_JM Control Centre/Page_JM Control Centre/Page_JM Control Centre/InspectionID")): Text of object 'Object Repository/FSM1/Create ABP Inspection Manual Ass/Page_JM Control Centre/Page_JM Control Centre/Page_JM Control Centre/InspectionID' is: 'Viewing Job 102375'

2019-01-26 10:10:39 - [MESSAGE][PASSED] - Text of object 'Object Repository/FSM1/Create ABP Inspection Manual Ass/Page_JM Control Centre/Page_JM Control Centre/Page_JM Control Centre/InspectionID' is: 'Viewing Job 102375'

2019-01-26 10:10:39 - [TEST_STEP][PASSED] - InspectionID = InspectionID.replaceAll("Viewing Job ", ""): null

2019-01-26 10:10:39 - [TEST_STEP][PASSED] - log.logWarning(InspectionID): 102375

2019-01-26 10:10:39 - [MESSAGE][WARNING] - 102375

2019-01-26 10:10:39 - [TEST_STEP][PASSED] - temp = InspectionID: null

2019-01-26 10:10:39 - [TEST_STEP][PASSED] - delay(90): Delayed 90 second(s)

2019-01-26 10:12:09 - [MESSAGE][PASSED] - Delayed 90 second(s)]]></system-out>
         <system-err><![CDATA[]]></system-err>
      </testcase>
      <testcase name="Test Cases/Generic/Launch Job Manager" classname="Test Cases/Generic/Launch Job Manager" status="PASSED">
         <system-out><![CDATA[2019-01-26 10:12:09 - [TEST_CASE][PASSED] - Test Cases/Generic/Launch Job Manager: Test Cases/Generic/Launch Job Manager

2019-01-26 10:12:10 - [TEST_STEP][PASSED] - openBrowser(""): Browser is opened with url: ''

2019-01-26 10:12:10 - [MESSAGE][WARNING] - A browser is already opened. Closing browser and opening a new one

2019-01-26 10:12:11 - [MESSAGE][INFO] - Starting 'Chrome' driver

2019-01-26 10:12:13 - [MESSAGE][PASSED] - Browser is opened with url: ''

2019-01-26 10:12:13 - [TEST_STEP][PASSED] - navigateToUrl(JMURL): Navigate to 'https://kirona-def-6.kirona.com/jmprep/jclient/jclient.html' successfully

2019-01-26 10:12:14 - [MESSAGE][PASSED] - Navigate to 'https://kirona-def-6.kirona.com/jmprep/jclient/jclient.html' successfully

2019-01-26 10:12:14 - [TEST_STEP][PASSED] - delay(3): Delayed 3 second(s)

2019-01-26 10:12:17 - [MESSAGE][PASSED] - Delayed 3 second(s)

2019-01-26 10:12:17 - [TEST_STEP][PASSED] - setText(findTestObject("FSM1/Launch Application/Page_JClient/input_gwt-TextBox GKH2EKQBMDB"), "KIR1"): Text 'KIR1' is set on object 'Object Repository/FSM1/Launch Application/Page_JClient/input_gwt-TextBox GKH2EKQBMDB'

2019-01-26 10:12:17 - [MESSAGE][PASSED] - Text 'KIR1' is set on object 'Object Repository/FSM1/Launch Application/Page_JClient/input_gwt-TextBox GKH2EKQBMDB'

2019-01-26 10:12:17 - [TEST_STEP][PASSED] - sendKeys(findTestObject("FSM1/Launch Application/Page_JClient/input_gwt-TextBox GKH2EKQBMDB"), Keys.chord(ENTER)): Keys 'ENTER + ' sent to object: 'Object Repository/FSM1/Launch Application/Page_JClient/input_gwt-TextBox GKH2EKQBMDB'

2019-01-26 10:12:17 - [MESSAGE][PASSED] - Keys 'ENTER + ' sent to object: 'Object Repository/FSM1/Launch Application/Page_JClient/input_gwt-TextBox GKH2EKQBMDB'

2019-01-26 10:12:17 - [TEST_STEP][PASSED] - delay(3): Delayed 3 second(s)

2019-01-26 10:12:20 - [MESSAGE][PASSED] - Delayed 3 second(s)

2019-01-26 10:12:20 - [TEST_STEP][PASSED] - click(findTestObject("FSM1/Launch Application/Page_JClient/div_Configure App")): Object: 'Object Repository/FSM1/Launch Application/Page_JClient/div_Configure App' is clicked on

2019-01-26 10:12:20 - [MESSAGE][PASSED] - Object: 'Object Repository/FSM1/Launch Application/Page_JClient/div_Configure App' is clicked on

2019-01-26 10:12:20 - [TEST_STEP][PASSED] - setText(findTestObject("FSM1/Launch Application/Page_JClient/input_gwt-TextBox GKH2EKQBNHC"), findTestData("Pre Production/Environmental/UandP").getValue(3, 1)): Text 'test.inspector' is set on object 'Object Repository/FSM1/Launch Application/Page_JClient/input_gwt-TextBox GKH2EKQBNHC'

2019-01-26 10:12:21 - [MESSAGE][PASSED] - Text 'test.inspector' is set on object 'Object Repository/FSM1/Launch Application/Page_JClient/input_gwt-TextBox GKH2EKQBNHC'

2019-01-26 10:12:21 - [TEST_STEP][PASSED] - setText(findTestObject("FSM1/Launch Application/Page_JClient/input_gwt-PasswordTextBox GKH2"), findTestData("Pre Production/Environmental/UandP").getValue(4, 1)): Text 'Password1.' is set on object 'Object Repository/FSM1/Launch Application/Page_JClient/input_gwt-PasswordTextBox GKH2'

2019-01-26 10:12:22 - [MESSAGE][PASSED] - Text 'Password1.' is set on object 'Object Repository/FSM1/Launch Application/Page_JClient/input_gwt-PasswordTextBox GKH2'

2019-01-26 10:12:22 - [TEST_STEP][PASSED] - click(findTestObject("FSM1/Launch Application/Page_JClient/div_Sign In")): Object: 'Object Repository/FSM1/Launch Application/Page_JClient/div_Sign In' is clicked on

2019-01-26 10:12:22 - [MESSAGE][PASSED] - Object: 'Object Repository/FSM1/Launch Application/Page_JClient/div_Sign In' is clicked on

2019-01-26 10:12:22 - [TEST_STEP][PASSED] - delay(15): Delayed 15 second(s)

2019-01-26 10:12:37 - [MESSAGE][PASSED] - Delayed 15 second(s)]]></system-out>
         <system-err><![CDATA[]]></system-err>
      </testcase>
      <testcase name="Test Cases/Generic/Select Inspection" classname="Test Cases/Generic/Select Inspection" status="PASSED">
         <system-out><![CDATA[2019-01-26 10:12:37 - [TEST_CASE][PASSED] - Test Cases/Generic/Select Inspection: Test Cases/Generic/Select Inspection

2019-01-26 10:12:38 - [TEST_STEP][PASSED] - delay(20): Delayed 20 second(s)

2019-01-26 10:12:58 - [MESSAGE][PASSED] - Delayed 20 second(s)

2019-01-26 10:12:58 - [TEST_STEP][PASSED] - waitForElementClickable(findTestObject("JM_8918/Page_JM Control Centre/Page_JM Control Centre/Page_JClient/Refresh"), 250): Object 'Object Repository/JM_8918/Page_JM Control Centre/Page_JM Control Centre/Page_JClient/Refresh' is clickable

2019-01-26 10:12:58 - [MESSAGE][PASSED] - Object 'Object Repository/JM_8918/Page_JM Control Centre/Page_JM Control Centre/Page_JClient/Refresh' is clickable

2019-01-26 10:12:58 - [TEST_STEP][PASSED] - click(findTestObject("JM_8918/Page_JM Control Centre/Page_JM Control Centre/Page_JClient/Refresh")): Object: 'Object Repository/JM_8918/Page_JM Control Centre/Page_JM Control Centre/Page_JClient/Refresh' is clicked on

2019-01-26 10:12:58 - [MESSAGE][PASSED] - Object: 'Object Repository/JM_8918/Page_JM Control Centre/Page_JM Control Centre/Page_JClient/Refresh' is clicked on

2019-01-26 10:12:58 - [TEST_STEP][PASSED] - waitForElementClickable(findTestObject("JM_8918/Page_JM Control Centre/Page_JM Control Centre/Page_JClient/Refresh"), 250): Object 'Object Repository/JM_8918/Page_JM Control Centre/Page_JM Control Centre/Page_JClient/Refresh' is clickable

2019-01-26 10:12:58 - [MESSAGE][PASSED] - Object 'Object Repository/JM_8918/Page_JM Control Centre/Page_JM Control Centre/Page_JClient/Refresh' is clickable

2019-01-26 10:12:58 - [TEST_STEP][PASSED] - InspectionRef = modifyObjectProperty(findTestObject("FSM1/Select Inspection/Landing/Page_JClient/div_35098"), "text", "equals", temp, true, STOP_ON_FAILURE): Modify property of object successfully

2019-01-26 10:12:58 - [MESSAGE][PASSED] - Modify property of object successfully

2019-01-26 10:12:58 - [TEST_STEP][PASSED] - delay(5): Delayed 5 second(s)

2019-01-26 10:13:03 - [MESSAGE][PASSED] - Delayed 5 second(s)

2019-01-26 10:13:03 - [TEST_STEP][PASSED] - if (verifyElementPresent(InspectionRef, 10, OPTIONAL)): Object: 'Object Repository/FSM1/Select Inspection/Landing/Page_JClient/div_35098' is clicked on

2019-01-26 10:13:03 - [MESSAGE][PASSED] - Object 'Object Repository/FSM1/Select Inspection/Landing/Page_JClient/div_35098' is present

2019-01-26 10:13:03 - [TEST_STEP][PASSED] - delay(3): Delayed 3 second(s)

2019-01-26 10:13:06 - [MESSAGE][PASSED] - Delayed 3 second(s)

2019-01-26 10:13:06 - [TEST_STEP][PASSED] - click(InspectionRef): Object: 'Object Repository/FSM1/Select Inspection/Landing/Page_JClient/div_35098' is clicked on

2019-01-26 10:13:06 - [MESSAGE][PASSED] - Object: 'Object Repository/FSM1/Select Inspection/Landing/Page_JClient/div_35098' is clicked on

2019-01-26 10:13:06 - [TEST_STEP][PASSED] - click(findTestObject("FSM1/Select Inspection/Page_JClient/div_WITH OPERATIVE")): Object: 'Object Repository/FSM1/Select Inspection/Page_JClient/div_WITH OPERATIVE' is clicked on

2019-01-26 10:13:07 - [MESSAGE][PASSED] - Object: 'Object Repository/FSM1/Select Inspection/Page_JClient/div_WITH OPERATIVE' is clicked on

2019-01-26 10:13:07 - [TEST_STEP][PASSED] - delay(2): Delayed 2 second(s)

2019-01-26 10:13:09 - [MESSAGE][PASSED] - Delayed 2 second(s)

2019-01-26 10:13:09 - [TEST_STEP][PASSED] - click(findTestObject("FSM1/Select Inspection/Page_JClient/div_TRAVELLING")): Object: 'Object Repository/FSM1/Select Inspection/Page_JClient/div_TRAVELLING' is clicked on

2019-01-26 10:13:09 - [MESSAGE][PASSED] - Object: 'Object Repository/FSM1/Select Inspection/Page_JClient/div_TRAVELLING' is clicked on

2019-01-26 10:13:09 - [TEST_STEP][PASSED] - delay(2): Delayed 2 second(s)

2019-01-26 10:13:11 - [MESSAGE][PASSED] - Delayed 2 second(s)

2019-01-26 10:13:11 - [TEST_STEP][PASSED] - click(findTestObject("FSM1/Select Inspection/Page_JClient/div_TRAVELLING")): Object: 'Object Repository/FSM1/Select Inspection/Page_JClient/div_TRAVELLING' is clicked on

2019-01-26 10:13:11 - [MESSAGE][PASSED] - Object: 'Object Repository/FSM1/Select Inspection/Page_JClient/div_TRAVELLING' is clicked on

2019-01-26 10:13:11 - [TEST_STEP][PASSED] - delay(2): Delayed 2 second(s)

2019-01-26 10:13:13 - [MESSAGE][PASSED] - Delayed 2 second(s)

2019-01-26 10:13:13 - [TEST_STEP][PASSED] - click(findTestObject("FSM1/Select Inspection/Page_JClient/div_ARRIVED")): Object: 'Object Repository/FSM1/Select Inspection/Page_JClient/div_ARRIVED' is clicked on

2019-01-26 10:13:13 - [MESSAGE][PASSED] - Object: 'Object Repository/FSM1/Select Inspection/Page_JClient/div_ARRIVED' is clicked on

2019-01-26 10:13:13 - [TEST_STEP][PASSED] - delay(2): Delayed 2 second(s)

2019-01-26 10:13:15 - [MESSAGE][PASSED] - Delayed 2 second(s)

2019-01-26 10:13:15 - [TEST_STEP][PASSED] - click(findTestObject("FSM1/Select Inspection/Page_JClient/div_ARRIVED")): Object: 'Object Repository/FSM1/Select Inspection/Page_JClient/div_ARRIVED' is clicked on

2019-01-26 10:13:16 - [MESSAGE][PASSED] - Object: 'Object Repository/FSM1/Select Inspection/Page_JClient/div_ARRIVED' is clicked on

2019-01-26 10:13:16 - [TEST_STEP][PASSED] - delay(4): Delayed 4 second(s)

2019-01-26 10:13:20 - [MESSAGE][PASSED] - Delayed 4 second(s)

2019-01-26 10:13:20 - [TEST_STEP][PASSED] - click(findTestObject("FSM1/Select Inspection/Page_JClient/div_STARTED")): Object: 'Object Repository/FSM1/Select Inspection/Page_JClient/div_STARTED' is clicked on

2019-01-26 10:13:20 - [MESSAGE][PASSED] - Object: 'Object Repository/FSM1/Select Inspection/Page_JClient/div_STARTED' is clicked on

2019-01-26 10:13:20 - [TEST_STEP][PASSED] - delay(2): Delayed 2 second(s)

2019-01-26 10:13:22 - [MESSAGE][PASSED] - Delayed 2 second(s)]]></system-out>
         <system-err><![CDATA[]]></system-err>
      </testcase>
      <testcase name="Test Cases/ABP/Generic/Complete ABP Inspection - Section A - 01a, 03a, 04a, 07a, 09a, 22" classname="Test Cases/ABP/Generic/Complete ABP Inspection - Section A - 01a, 03a, 04a, 07a, 09a, 22" status="PASSED">
         <system-out><![CDATA[2019-01-26 10:13:22 - [TEST_CASE][PASSED] - Test Cases/ABP/Generic/Complete ABP Inspection - Section A - 01a, 03a, 04a, 07a, 09a, 22: Test Cases/ABP/Generic/Complete ABP Inspection - Section A - 01a, 03a, 04a, 07a, 09a, 22

2019-01-26 10:13:22 - [TEST_STEP][PASSED] - click(findTestObject("Object Repository/FSM1/Complete ABP Inspection/Section A/Page_JClient/div_Section A Summary of Inspe")): Object: 'Object Repository/FSM1/Complete ABP Inspection/Section A/Page_JClient/div_Section A Summary of Inspe' is clicked on

2019-01-26 10:13:23 - [MESSAGE][PASSED] - Object: 'Object Repository/FSM1/Complete ABP Inspection/Section A/Page_JClient/div_Section A Summary of Inspe' is clicked on

2019-01-26 10:13:23 - [TEST_STEP][PASSED] - delay(5): Delayed 5 second(s)

2019-01-26 10:13:28 - [MESSAGE][PASSED] - Delayed 5 second(s)

2019-01-26 10:13:28 - [TEST_STEP][PASSED] - setText(findTestObject("Object Repository/FSM1/Complete ABP Inspection/Section A/Page_JClient/input_County Parish Holding (C"), "11/222/3333"): Text '11/222/3333' is set on object 'Object Repository/FSM1/Complete ABP Inspection/Section A/Page_JClient/input_County Parish Holding (C'

2019-01-26 10:13:28 - [MESSAGE][PASSED] - Text '11/222/3333' is set on object 'Object Repository/FSM1/Complete ABP Inspection/Section A/Page_JClient/input_County Parish Holding (C'

2019-01-26 10:13:28 - [TEST_STEP][PASSED] - delay(1): Delayed 1 second(s)

2019-01-26 10:13:29 - [MESSAGE][PASSED] - Delayed 1 second(s)

2019-01-26 10:13:29 - [TEST_STEP][PASSED] - click(findTestObject("Object Repository/FSM1/Complete ABP Inspection/Section A/Page_JClient/span_No")): Object: 'Object Repository/FSM1/Complete ABP Inspection/Section A/Page_JClient/span_No' is clicked on

2019-01-26 10:13:29 - [MESSAGE][PASSED] - Object: 'Object Repository/FSM1/Complete ABP Inspection/Section A/Page_JClient/span_No' is clicked on

2019-01-26 10:13:29 - [TEST_STEP][PASSED] - click(findTestObject("Object Repository/FSM1/Complete ABP Inspection/Section A/Page_JClient/span_Yes")): Object: 'Object Repository/FSM1/Complete ABP Inspection/Section A/Page_JClient/span_Yes' is clicked on

2019-01-26 10:13:29 - [MESSAGE][PASSED] - Object: 'Object Repository/FSM1/Complete ABP Inspection/Section A/Page_JClient/span_Yes' is clicked on

2019-01-26 10:13:29 - [TEST_STEP][PASSED] - setText(findTestObject("Object Repository/FSM1/Complete ABP Inspection/Section A/Page_JClient/input_Updated Customer Name_gw"), "Test Automation"): Text 'Test Automation' is set on object 'Object Repository/FSM1/Complete ABP Inspection/Section A/Page_JClient/input_Updated Customer Name_gw'

2019-01-26 10:13:30 - [MESSAGE][PASSED] - Text 'Test Automation' is set on object 'Object Repository/FSM1/Complete ABP Inspection/Section A/Page_JClient/input_Updated Customer Name_gw'

2019-01-26 10:13:30 - [TEST_STEP][PASSED] - setText(findTestObject("Object Repository/FSM1/Complete ABP Inspection/Section A/Page_JClient/input_Updated Customer Phone_g"), "07812664043"): Text '07812664043' is set on object 'Object Repository/FSM1/Complete ABP Inspection/Section A/Page_JClient/input_Updated Customer Phone_g'

2019-01-26 10:13:30 - [MESSAGE][PASSED] - Text '07812664043' is set on object 'Object Repository/FSM1/Complete ABP Inspection/Section A/Page_JClient/input_Updated Customer Phone_g'

2019-01-26 10:13:30 - [TEST_STEP][PASSED] - setText(findTestObject("Object Repository/FSM1/Complete ABP Inspection/Section A/Page_JClient/input_Updated Customer Email_g"), "updated@gmail.com"): Text 'updated@gmail.com' is set on object 'Object Repository/FSM1/Complete ABP Inspection/Section A/Page_JClient/input_Updated Customer Email_g'

2019-01-26 10:13:31 - [MESSAGE][PASSED] - Text 'updated@gmail.com' is set on object 'Object Repository/FSM1/Complete ABP Inspection/Section A/Page_JClient/input_Updated Customer Email_g'

2019-01-26 10:13:31 - [TEST_STEP][PASSED] - click(findTestObject("Object Repository/FSM1/Complete ABP Inspection/Section A/Page_JClient/span_Yes_1")): Object: 'Object Repository/FSM1/Complete ABP Inspection/Section A/Page_JClient/span_Yes_1' is clicked on

2019-01-26 10:13:31 - [MESSAGE][PASSED] - Object: 'Object Repository/FSM1/Complete ABP Inspection/Section A/Page_JClient/span_Yes_1' is clicked on

2019-01-26 10:13:31 - [TEST_STEP][PASSED] - setText(findTestObject("Object Repository/FSM1/Complete ABP Inspection/Section A/Page_JClient/input_Updated Operator Name_gw"), "Test Automation"): Text 'Test Automation' is set on object 'Object Repository/FSM1/Complete ABP Inspection/Section A/Page_JClient/input_Updated Operator Name_gw'

2019-01-26 10:13:32 - [MESSAGE][PASSED] - Text 'Test Automation' is set on object 'Object Repository/FSM1/Complete ABP Inspection/Section A/Page_JClient/input_Updated Operator Name_gw'

2019-01-26 10:13:32 - [TEST_STEP][PASSED] - setText(findTestObject("Object Repository/FSM1/Complete ABP Inspection/Section A/Page_JClient/textarea_Updated Operator Addr"), "Test Automation"): Text 'Test Automation' is set on object 'Object Repository/FSM1/Complete ABP Inspection/Section A/Page_JClient/textarea_Updated Operator Addr'

2019-01-26 10:13:32 - [MESSAGE][PASSED] - Text 'Test Automation' is set on object 'Object Repository/FSM1/Complete ABP Inspection/Section A/Page_JClient/textarea_Updated Operator Addr'

2019-01-26 10:13:32 - [TEST_STEP][PASSED] - setText(findTestObject("Object Repository/FSM1/Complete ABP Inspection/Section A/Page_JClient/input_Updated Operator Postcod"), "B93 0HN"): Text 'B93 0HN' is set on object 'Object Repository/FSM1/Complete ABP Inspection/Section A/Page_JClient/input_Updated Operator Postcod'

2019-01-26 10:13:32 - [MESSAGE][PASSED] - Text 'B93 0HN' is set on object 'Object Repository/FSM1/Complete ABP Inspection/Section A/Page_JClient/input_Updated Operator Postcod'

2019-01-26 10:13:32 - [TEST_STEP][PASSED] - setText(findTestObject("Object Repository/FSM1/Complete ABP Inspection/Section A/Page_JClient/input_Updated Operator Phone_g"), "07812664043"): Text '07812664043' is set on object 'Object Repository/FSM1/Complete ABP Inspection/Section A/Page_JClient/input_Updated Operator Phone_g'

2019-01-26 10:13:33 - [MESSAGE][PASSED] - Text '07812664043' is set on object 'Object Repository/FSM1/Complete ABP Inspection/Section A/Page_JClient/input_Updated Operator Phone_g'

2019-01-26 10:13:33 - [TEST_STEP][PASSED] - setText(findTestObject("Object Repository/FSM1/Complete ABP Inspection/Section A/Page_JClient/input_Updated Operator Email_g"), "updated@gmail.com"): Text 'updated@gmail.com' is set on object 'Object Repository/FSM1/Complete ABP Inspection/Section A/Page_JClient/input_Updated Operator Email_g'

2019-01-26 10:13:33 - [MESSAGE][PASSED] - Text 'updated@gmail.com' is set on object 'Object Repository/FSM1/Complete ABP Inspection/Section A/Page_JClient/input_Updated Operator Email_g'

2019-01-26 10:13:33 - [TEST_STEP][PASSED] - click(findTestObject("Object Repository/FSM1/Complete ABP Inspection/Section A/Page_JClient/span_Yes_2")): Object: 'Object Repository/FSM1/Complete ABP Inspection/Section A/Page_JClient/span_Yes_2' is clicked on

2019-01-26 10:13:33 - [MESSAGE][PASSED] - Object: 'Object Repository/FSM1/Complete ABP Inspection/Section A/Page_JClient/span_Yes_2' is clicked on

2019-01-26 10:13:33 - [TEST_STEP][PASSED] - click(findTestObject("Object Repository/FSM1/Complete ABP Inspection/Section A/Page_JClient/label_LA Trading Standards")): Object: 'Object Repository/FSM1/Complete ABP Inspection/Section A/Page_JClient/label_LA Trading Standards' is clicked on

2019-01-26 10:13:33 - [MESSAGE][PASSED] - Object: 'Object Repository/FSM1/Complete ABP Inspection/Section A/Page_JClient/label_LA Trading Standards' is clicked on

2019-01-26 10:13:33 - [TEST_STEP][PASSED] - click(findTestObject("Object Repository/FSM1/Complete ABP Inspection/Section A/Page_JClient/label_LA Environment Health")): Object: 'Object Repository/FSM1/Complete ABP Inspection/Section A/Page_JClient/label_LA Environment Health' is clicked on

2019-01-26 10:13:33 - [MESSAGE][PASSED] - Object: 'Object Repository/FSM1/Complete ABP Inspection/Section A/Page_JClient/label_LA Environment Health' is clicked on

2019-01-26 10:13:33 - [TEST_STEP][PASSED] - click(findTestObject("Object Repository/FSM1/Complete ABP Inspection/Section A/Page_JClient/label_Other non-DEFRA")): Object: 'Object Repository/FSM1/Complete ABP Inspection/Section A/Page_JClient/label_Other non-DEFRA' is clicked on

2019-01-26 10:13:34 - [MESSAGE][PASSED] - Object: 'Object Repository/FSM1/Complete ABP Inspection/Section A/Page_JClient/label_Other non-DEFRA' is clicked on

2019-01-26 10:13:34 - [TEST_STEP][PASSED] - delay(2): Delayed 2 second(s)

2019-01-26 10:13:36 - [MESSAGE][PASSED] - Delayed 2 second(s)

2019-01-26 10:13:36 - [TEST_STEP][PASSED] - click(findTestObject("Object Repository/FSM1/Complete ABP Inspection/Section A/Page_JClient/span_Yes_3")): Object: 'Object Repository/FSM1/Complete ABP Inspection/Section A/Page_JClient/span_Yes_3' is clicked on

2019-01-26 10:13:36 - [MESSAGE][PASSED] - Object: 'Object Repository/FSM1/Complete ABP Inspection/Section A/Page_JClient/span_Yes_3' is clicked on

2019-01-26 10:13:36 - [TEST_STEP][PASSED] - delay(2): Delayed 2 second(s)

2019-01-26 10:13:38 - [MESSAGE][PASSED] - Delayed 2 second(s)

2019-01-26 10:13:38 - [TEST_STEP][PASSED] - setText(findTestObject("Object Repository/FSM1/Complete ABP Inspection/Section A/Page_JClient/input_Name of plant representa"), "Test Automation"): Text 'Test Automation' is set on object 'Object Repository/FSM1/Complete ABP Inspection/Section A/Page_JClient/input_Name of plant representa'

2019-01-26 10:13:38 - [MESSAGE][PASSED] - Text 'Test Automation' is set on object 'Object Repository/FSM1/Complete ABP Inspection/Section A/Page_JClient/input_Name of plant representa'

2019-01-26 10:13:38 - [TEST_STEP][PASSED] - setText(findTestObject("Object Repository/FSM1/Complete ABP Inspection/Section A/Page_JClient/textarea_Issues raised at last"), "Test Automation"): Text 'Test Automation' is set on object 'Object Repository/FSM1/Complete ABP Inspection/Section A/Page_JClient/textarea_Issues raised at last'

2019-01-26 10:13:39 - [MESSAGE][PASSED] - Text 'Test Automation' is set on object 'Object Repository/FSM1/Complete ABP Inspection/Section A/Page_JClient/textarea_Issues raised at last'

2019-01-26 10:13:39 - [TEST_STEP][PASSED] - selectOptionByValue(findTestObject("Object Repository/FSM1/Complete ABP Inspection/Section A/Page_JClient/select_SatisfactoryUnsatisfact_1"), "S", true): All options with value 'S' are selected in object 'Object Repository/FSM1/Complete ABP Inspection/Section A/Page_JClient/select_SatisfactoryUnsatisfact_1'  using regular expression

2019-01-26 10:13:39 - [MESSAGE][PASSED] - All options with value 'S' are selected in object 'Object Repository/FSM1/Complete ABP Inspection/Section A/Page_JClient/select_SatisfactoryUnsatisfact_1'  using regular expression

2019-01-26 10:13:39 - [TEST_STEP][PASSED] - selectOptionByValue(findTestObject("Object Repository/FSM1/Complete ABP Inspection/Section A/Page_JClient/select_SatisfactoryUnsatisfact_2"), "S", true): All options with value 'S' are selected in object 'Object Repository/FSM1/Complete ABP Inspection/Section A/Page_JClient/select_SatisfactoryUnsatisfact_2'  using regular expression

2019-01-26 10:13:39 - [MESSAGE][PASSED] - All options with value 'S' are selected in object 'Object Repository/FSM1/Complete ABP Inspection/Section A/Page_JClient/select_SatisfactoryUnsatisfact_2'  using regular expression

2019-01-26 10:13:39 - [TEST_STEP][PASSED] - selectOptionByValue(findTestObject("Object Repository/FSM1/Complete ABP Inspection/Section A/Page_JClient/select_SatisfactoryUnsatisfact_3"), "S", true): All options with value 'S' are selected in object 'Object Repository/FSM1/Complete ABP Inspection/Section A/Page_JClient/select_SatisfactoryUnsatisfact_3'  using regular expression

2019-01-26 10:13:40 - [MESSAGE][PASSED] - All options with value 'S' are selected in object 'Object Repository/FSM1/Complete ABP Inspection/Section A/Page_JClient/select_SatisfactoryUnsatisfact_3'  using regular expression

2019-01-26 10:13:40 - [TEST_STEP][PASSED] - selectOptionByValue(findTestObject("Object Repository/FSM1/Complete ABP Inspection/Section A/Page_JClient/select_SatisfactoryUnsatisfact_4"), "S", true): All options with value 'S' are selected in object 'Object Repository/FSM1/Complete ABP Inspection/Section A/Page_JClient/select_SatisfactoryUnsatisfact_4'  using regular expression

2019-01-26 10:13:40 - [MESSAGE][PASSED] - All options with value 'S' are selected in object 'Object Repository/FSM1/Complete ABP Inspection/Section A/Page_JClient/select_SatisfactoryUnsatisfact_4'  using regular expression

2019-01-26 10:13:40 - [TEST_STEP][PASSED] - setText(findTestObject("Object Repository/FSM1/Complete ABP Inspection/Section A/Page_JClient/textarea_General Visit Comment"), "Test Automation"): Text 'Test Automation' is set on object 'Object Repository/FSM1/Complete ABP Inspection/Section A/Page_JClient/textarea_General Visit Comment'

2019-01-26 10:13:40 - [MESSAGE][PASSED] - Text 'Test Automation' is set on object 'Object Repository/FSM1/Complete ABP Inspection/Section A/Page_JClient/textarea_General Visit Comment'

2019-01-26 10:13:40 - [TEST_STEP][PASSED] - click(findTestObject("Object Repository/FSM1/Complete ABP Inspection/Section A/Page_JClient/span_No_1")): Object: 'Object Repository/FSM1/Complete ABP Inspection/Section A/Page_JClient/span_No_1' is clicked on

2019-01-26 10:13:40 - [MESSAGE][PASSED] - Object: 'Object Repository/FSM1/Complete ABP Inspection/Section A/Page_JClient/span_No_1' is clicked on

2019-01-26 10:13:40 - [TEST_STEP][PASSED] - click(findTestObject("Object Repository/FSM1/Complete ABP Inspection/Section A/Page_JClient/span_No_2")): Object: 'Object Repository/FSM1/Complete ABP Inspection/Section A/Page_JClient/span_No_2' is clicked on

2019-01-26 10:13:40 - [MESSAGE][PASSED] - Object: 'Object Repository/FSM1/Complete ABP Inspection/Section A/Page_JClient/span_No_2' is clicked on

2019-01-26 10:13:40 - [TEST_STEP][PASSED] - delay(2): Delayed 2 second(s)

2019-01-26 10:13:42 - [MESSAGE][PASSED] - Delayed 2 second(s)

2019-01-26 10:13:42 - [TEST_STEP][PASSED] - if (verifyElementPresent(findTestObject("Object Repository/FSM1/Complete ABP Inspection/Section A/Page_JClient/span_No_3"), 5, OPTIONAL)): Object: 'Object Repository/FSM1/Complete ABP Inspection/Section A/Page_JClient/span_No_3' is clicked on

2019-01-26 10:13:42 - [MESSAGE][PASSED] - Object 'Object Repository/FSM1/Complete ABP Inspection/Section A/Page_JClient/span_No_3' is present

2019-01-26 10:13:42 - [TEST_STEP][PASSED] - click(findTestObject("Object Repository/FSM1/Complete ABP Inspection/Section A/Page_JClient/span_No_3")): Object: 'Object Repository/FSM1/Complete ABP Inspection/Section A/Page_JClient/span_No_3' is clicked on

2019-01-26 10:13:42 - [MESSAGE][PASSED] - Object: 'Object Repository/FSM1/Complete ABP Inspection/Section A/Page_JClient/span_No_3' is clicked on

2019-01-26 10:13:42 - [TEST_STEP][PASSED] - selectOptionByValue(findTestObject("Object Repository/FSM1/Complete ABP Inspection/Section A/Page_JClient/select_(a) Continue with curre"), "Continue with current approval", true): All options with value 'Continue with current approval' are selected in object 'Object Repository/FSM1/Complete ABP Inspection/Section A/Page_JClient/select_(a) Continue with curre'  using regular expression

2019-01-26 10:13:43 - [MESSAGE][PASSED] - All options with value 'Continue with current approval' are selected in object 'Object Repository/FSM1/Complete ABP Inspection/Section A/Page_JClient/select_(a) Continue with curre'  using regular expression

2019-01-26 10:13:43 - [TEST_STEP][PASSED] - click(findTestObject("Object Repository/FSM1/Complete ABP Inspection/Section A/Page_JClient/span_No_4")): Object: 'Object Repository/FSM1/Complete ABP Inspection/Section A/Page_JClient/span_No_4' is clicked on

2019-01-26 10:13:43 - [MESSAGE][PASSED] - Object: 'Object Repository/FSM1/Complete ABP Inspection/Section A/Page_JClient/span_No_4' is clicked on

2019-01-26 10:13:43 - [TEST_STEP][PASSED] - click(findTestObject("Object Repository/FSM1/Complete ABP Inspection/Section A/Page_JClient/span_Yes_4")): Object: 'Object Repository/FSM1/Complete ABP Inspection/Section A/Page_JClient/span_Yes_4' is clicked on

2019-01-26 10:13:43 - [MESSAGE][PASSED] - Object: 'Object Repository/FSM1/Complete ABP Inspection/Section A/Page_JClient/span_Yes_4' is clicked on

2019-01-26 10:13:43 - [TEST_STEP][PASSED] - click(findTestObject("Object Repository/FSM1/Complete ABP Inspection/Section A/Page_JClient/span_Yes_5")): Object: 'Object Repository/FSM1/Complete ABP Inspection/Section A/Page_JClient/span_Yes_5' is clicked on

2019-01-26 10:13:43 - [MESSAGE][PASSED] - Object: 'Object Repository/FSM1/Complete ABP Inspection/Section A/Page_JClient/span_Yes_5' is clicked on

2019-01-26 10:13:43 - [TEST_STEP][PASSED] - setText(findTestObject("FSM1/Complete ABP Inspection/Section A/Page_JClient/NotifiedAndActions"), "Test Automation"): Text 'Test Automation' is set on object 'Object Repository/FSM1/Complete ABP Inspection/Section A/Page_JClient/NotifiedAndActions'

2019-01-26 10:13:44 - [MESSAGE][PASSED] - Text 'Test Automation' is set on object 'Object Repository/FSM1/Complete ABP Inspection/Section A/Page_JClient/NotifiedAndActions'

2019-01-26 10:13:44 - [TEST_STEP][PASSED] - click(findTestObject("Object Repository/FSM1/Complete ABP Inspection/Section A/Page_JClient/div_Save")): Object: 'Object Repository/FSM1/Complete ABP Inspection/Section A/Page_JClient/div_Save' is clicked on

2019-01-26 10:13:44 - [MESSAGE][PASSED] - Object: 'Object Repository/FSM1/Complete ABP Inspection/Section A/Page_JClient/div_Save' is clicked on

2019-01-26 10:13:44 - [TEST_STEP][PASSED] - delay(2): Delayed 2 second(s)

2019-01-26 10:13:46 - [MESSAGE][PASSED] - Delayed 2 second(s)

2019-01-26 10:13:46 - [TEST_STEP][PASSED] - verifyElementPresent(findTestObject("Object Repository/FSM1/Complete ABP Inspection/Section A/Page_JClient/div_Section A Summary of Inspe"), 2): Object 'Object Repository/FSM1/Complete ABP Inspection/Section A/Page_JClient/div_Section A Summary of Inspe' is present

2019-01-26 10:13:46 - [MESSAGE][PASSED] - Object 'Object Repository/FSM1/Complete ABP Inspection/Section A/Page_JClient/div_Section A Summary of Inspe' is present

2019-01-26 10:13:46 - [TEST_STEP][PASSED] - click(findTestObject("Object Repository/FSM1/Complete ABP Inspection/Section A/Page_JClient/div_Section A Summary of Inspe")): Object: 'Object Repository/FSM1/Complete ABP Inspection/Section A/Page_JClient/div_Section A Summary of Inspe' is clicked on

2019-01-26 10:13:46 - [MESSAGE][PASSED] - Object: 'Object Repository/FSM1/Complete ABP Inspection/Section A/Page_JClient/div_Section A Summary of Inspe' is clicked on

2019-01-26 10:13:46 - [TEST_STEP][PASSED] - delay(2): Delayed 2 second(s)

2019-01-26 10:13:48 - [MESSAGE][PASSED] - Delayed 2 second(s)

2019-01-26 10:13:48 - [TEST_STEP][PASSED] - setText(findTestObject("Object Repository/FSM1/Complete ABP Inspection/Section A/Page_JClient/input_Chargeable time (minutes"), "10"): Text '10' is set on object 'Object Repository/FSM1/Complete ABP Inspection/Section A/Page_JClient/input_Chargeable time (minutes'

2019-01-26 10:13:48 - [MESSAGE][PASSED] - Text '10' is set on object 'Object Repository/FSM1/Complete ABP Inspection/Section A/Page_JClient/input_Chargeable time (minutes'

2019-01-26 10:13:48 - [TEST_STEP][PASSED] - click(findTestObject("Object Repository/FSM1/Complete ABP Inspection/Section A/Page_JClient/div_Save")): Object: 'Object Repository/FSM1/Complete ABP Inspection/Section A/Page_JClient/div_Save' is clicked on

2019-01-26 10:13:49 - [MESSAGE][PASSED] - Object: 'Object Repository/FSM1/Complete ABP Inspection/Section A/Page_JClient/div_Save' is clicked on

2019-01-26 10:13:49 - [TEST_STEP][PASSED] - delay(2): Delayed 2 second(s)

2019-01-26 10:13:51 - [MESSAGE][PASSED] - Delayed 2 second(s)]]></system-out>
         <system-err><![CDATA[]]></system-err>
      </testcase>
      <testcase name="Test Cases/ABP/ABPR03a/Complete ABP Inspection - Section B - 03a" classname="Test Cases/ABP/ABPR03a/Complete ABP Inspection - Section B - 03a" status="PASSED">
         <system-out><![CDATA[2019-01-26 10:13:51 - [TEST_CASE][PASSED] - Test Cases/ABP/ABPR03a/Complete ABP Inspection - Section B - 03a: Test Cases/ABP/ABPR03a/Complete ABP Inspection - Section B - 03a

2019-01-26 10:13:51 - [TEST_STEP][PASSED] - click(findTestObject("Object Repository/FSM1/Complete ABP Inspection/ABPR03a/Section B/Page_JClient/div_Section B Inspection Detai")): Object: 'Object Repository/FSM1/Complete ABP Inspection/ABPR03a/Section B/Page_JClient/div_Section B Inspection Detai' is clicked on

2019-01-26 10:13:52 - [MESSAGE][PASSED] - Object: 'Object Repository/FSM1/Complete ABP Inspection/ABPR03a/Section B/Page_JClient/div_Section B Inspection Detai' is clicked on

2019-01-26 10:13:52 - [TEST_STEP][PASSED] - delay(2): Delayed 2 second(s)

2019-01-26 10:13:54 - [MESSAGE][PASSED] - Delayed 2 second(s)

2019-01-26 10:13:54 - [TEST_STEP][PASSED] - click(findTestObject("Object Repository/FSM1/Complete ABP Inspection/ABPR03a/Section B/Page_JClient/input_Structure_radio_group_20")): Object: 'Object Repository/FSM1/Complete ABP Inspection/ABPR03a/Section B/Page_JClient/input_Structure_radio_group_20' is clicked on

2019-01-26 10:13:54 - [MESSAGE][PASSED] - Object: 'Object Repository/FSM1/Complete ABP Inspection/ABPR03a/Section B/Page_JClient/input_Structure_radio_group_20' is clicked on

2019-01-26 10:13:54 - [TEST_STEP][PASSED] - click(findTestObject("Object Repository/FSM1/Complete ABP Inspection/ABPR03a/Section B/Page_JClient/input_Not Checked_radio_group_")): Object: 'Object Repository/FSM1/Complete ABP Inspection/ABPR03a/Section B/Page_JClient/input_Not Checked_radio_group_' is clicked on

2019-01-26 10:13:54 - [MESSAGE][PASSED] - Object: 'Object Repository/FSM1/Complete ABP Inspection/ABPR03a/Section B/Page_JClient/input_Not Checked_radio_group_' is clicked on

2019-01-26 10:13:54 - [TEST_STEP][PASSED] - click(findTestObject("Object Repository/FSM1/Complete ABP Inspection/ABPR03a/Section B/Page_JClient/input_Not Checked_radio_group__1")): Object: 'Object Repository/FSM1/Complete ABP Inspection/ABPR03a/Section B/Page_JClient/input_Not Checked_radio_group__1' is clicked on

2019-01-26 10:13:54 - [MESSAGE][PASSED] - Object: 'Object Repository/FSM1/Complete ABP Inspection/ABPR03a/Section B/Page_JClient/input_Not Checked_radio_group__1' is clicked on

2019-01-26 10:13:54 - [TEST_STEP][PASSED] - click(findTestObject("Object Repository/FSM1/Complete ABP Inspection/ABPR03a/Section B/Page_JClient/input_Not Checked_radio_group__2")): Object: 'Object Repository/FSM1/Complete ABP Inspection/ABPR03a/Section B/Page_JClient/input_Not Checked_radio_group__2' is clicked on

2019-01-26 10:13:54 - [MESSAGE][PASSED] - Object: 'Object Repository/FSM1/Complete ABP Inspection/ABPR03a/Section B/Page_JClient/input_Not Checked_radio_group__2' is clicked on

2019-01-26 10:13:54 - [TEST_STEP][PASSED] - click(findTestObject("Object Repository/FSM1/Complete ABP Inspection/ABPR03a/Section B/Page_JClient/input_Not Checked_radio_group__3")): Object: 'Object Repository/FSM1/Complete ABP Inspection/ABPR03a/Section B/Page_JClient/input_Not Checked_radio_group__3' is clicked on

2019-01-26 10:13:54 - [MESSAGE][PASSED] - Object: 'Object Repository/FSM1/Complete ABP Inspection/ABPR03a/Section B/Page_JClient/input_Not Checked_radio_group__3' is clicked on

2019-01-26 10:13:54 - [TEST_STEP][PASSED] - click(findTestObject("Object Repository/FSM1/Complete ABP Inspection/ABPR03a/Section B/Page_JClient/input_Not Checked_radio_group__4")): Object: 'Object Repository/FSM1/Complete ABP Inspection/ABPR03a/Section B/Page_JClient/input_Not Checked_radio_group__4' is clicked on

2019-01-26 10:13:54 - [MESSAGE][PASSED] - Object: 'Object Repository/FSM1/Complete ABP Inspection/ABPR03a/Section B/Page_JClient/input_Not Checked_radio_group__4' is clicked on

2019-01-26 10:13:54 - [TEST_STEP][PASSED] - click(findTestObject("Object Repository/FSM1/Complete ABP Inspection/ABPR03a/Section B/Page_JClient/input_Not Checked_radio_group__5")): Object: 'Object Repository/FSM1/Complete ABP Inspection/ABPR03a/Section B/Page_JClient/input_Not Checked_radio_group__5' is clicked on

2019-01-26 10:13:55 - [MESSAGE][PASSED] - Object: 'Object Repository/FSM1/Complete ABP Inspection/ABPR03a/Section B/Page_JClient/input_Not Checked_radio_group__5' is clicked on

2019-01-26 10:13:55 - [TEST_STEP][PASSED] - click(findTestObject("Object Repository/FSM1/Complete ABP Inspection/ABPR03a/Section B/Page_JClient/input_Not Checked_radio_group__6")): Object: 'Object Repository/FSM1/Complete ABP Inspection/ABPR03a/Section B/Page_JClient/input_Not Checked_radio_group__6' is clicked on

2019-01-26 10:13:55 - [MESSAGE][PASSED] - Object: 'Object Repository/FSM1/Complete ABP Inspection/ABPR03a/Section B/Page_JClient/input_Not Checked_radio_group__6' is clicked on

2019-01-26 10:13:55 - [TEST_STEP][PASSED] - click(findTestObject("Object Repository/FSM1/Complete ABP Inspection/ABPR03a/Section B/Page_JClient/input_Operations_radio_group_2")): Object: 'Object Repository/FSM1/Complete ABP Inspection/ABPR03a/Section B/Page_JClient/input_Operations_radio_group_2' is clicked on

2019-01-26 10:13:55 - [MESSAGE][PASSED] - Object: 'Object Repository/FSM1/Complete ABP Inspection/ABPR03a/Section B/Page_JClient/input_Operations_radio_group_2' is clicked on

2019-01-26 10:13:55 - [TEST_STEP][PASSED] - click(findTestObject("Object Repository/FSM1/Complete ABP Inspection/ABPR03a/Section B/Page_JClient/input_Not Checked_radio_group__7")): Object: 'Object Repository/FSM1/Complete ABP Inspection/ABPR03a/Section B/Page_JClient/input_Not Checked_radio_group__7' is clicked on

2019-01-26 10:13:55 - [MESSAGE][PASSED] - Object: 'Object Repository/FSM1/Complete ABP Inspection/ABPR03a/Section B/Page_JClient/input_Not Checked_radio_group__7' is clicked on

2019-01-26 10:13:55 - [TEST_STEP][PASSED] - click(findTestObject("Object Repository/FSM1/Complete ABP Inspection/ABPR03a/Section B/Page_JClient/input_Not Checked_radio_group__8")): Object: 'Object Repository/FSM1/Complete ABP Inspection/ABPR03a/Section B/Page_JClient/input_Not Checked_radio_group__8' is clicked on

2019-01-26 10:13:55 - [MESSAGE][PASSED] - Object: 'Object Repository/FSM1/Complete ABP Inspection/ABPR03a/Section B/Page_JClient/input_Not Checked_radio_group__8' is clicked on

2019-01-26 10:13:55 - [TEST_STEP][PASSED] - click(findTestObject("Object Repository/FSM1/Complete ABP Inspection/ABPR03a/Section B/Page_JClient/input_Not Checked_radio_group__9")): Object: 'Object Repository/FSM1/Complete ABP Inspection/ABPR03a/Section B/Page_JClient/input_Not Checked_radio_group__9' is clicked on

2019-01-26 10:13:55 - [MESSAGE][PASSED] - Object: 'Object Repository/FSM1/Complete ABP Inspection/ABPR03a/Section B/Page_JClient/input_Not Checked_radio_group__9' is clicked on

2019-01-26 10:13:55 - [TEST_STEP][PASSED] - click(findTestObject("Object Repository/FSM1/Complete ABP Inspection/ABPR03a/Section B/Page_JClient/input_Not Checked_radio_group__10")): Object: 'Object Repository/FSM1/Complete ABP Inspection/ABPR03a/Section B/Page_JClient/input_Not Checked_radio_group__10' is clicked on

2019-01-26 10:13:55 - [MESSAGE][PASSED] - Object: 'Object Repository/FSM1/Complete ABP Inspection/ABPR03a/Section B/Page_JClient/input_Not Checked_radio_group__10' is clicked on

2019-01-26 10:13:55 - [TEST_STEP][PASSED] - click(findTestObject("Object Repository/FSM1/Complete ABP Inspection/ABPR03a/Section B/Page_JClient/input_Not Checked_radio_group__11")): Object: 'Object Repository/FSM1/Complete ABP Inspection/ABPR03a/Section B/Page_JClient/input_Not Checked_radio_group__11' is clicked on

2019-01-26 10:13:56 - [MESSAGE][PASSED] - Object: 'Object Repository/FSM1/Complete ABP Inspection/ABPR03a/Section B/Page_JClient/input_Not Checked_radio_group__11' is clicked on

2019-01-26 10:13:56 - [TEST_STEP][PASSED] - click(findTestObject("Object Repository/FSM1/Complete ABP Inspection/ABPR03a/Section B/Page_JClient/input_Not Checked_radio_group__12")): Object: 'Object Repository/FSM1/Complete ABP Inspection/ABPR03a/Section B/Page_JClient/input_Not Checked_radio_group__12' is clicked on

2019-01-26 10:13:56 - [MESSAGE][PASSED] - Object: 'Object Repository/FSM1/Complete ABP Inspection/ABPR03a/Section B/Page_JClient/input_Not Checked_radio_group__12' is clicked on

2019-01-26 10:13:56 - [TEST_STEP][PASSED] - click(findTestObject("Object Repository/FSM1/Complete ABP Inspection/ABPR03a/Section B/Page_JClient/input_Not Checked_radio_group__13")): Object: 'Object Repository/FSM1/Complete ABP Inspection/ABPR03a/Section B/Page_JClient/input_Not Checked_radio_group__13' is clicked on

2019-01-26 10:13:56 - [MESSAGE][PASSED] - Object: 'Object Repository/FSM1/Complete ABP Inspection/ABPR03a/Section B/Page_JClient/input_Not Checked_radio_group__13' is clicked on

2019-01-26 10:13:56 - [TEST_STEP][PASSED] - click(findTestObject("Object Repository/FSM1/Complete ABP Inspection/ABPR03a/Section B/Page_JClient/input_Not Checked_radio_group__14")): Object: 'Object Repository/FSM1/Complete ABP Inspection/ABPR03a/Section B/Page_JClient/input_Not Checked_radio_group__14' is clicked on

2019-01-26 10:13:56 - [MESSAGE][PASSED] - Object: 'Object Repository/FSM1/Complete ABP Inspection/ABPR03a/Section B/Page_JClient/input_Not Checked_radio_group__14' is clicked on

2019-01-26 10:13:56 - [TEST_STEP][PASSED] - click(findTestObject("Object Repository/FSM1/Complete ABP Inspection/ABPR03a/Section B/Page_JClient/input_Not Checked_radio_group__15")): Object: 'Object Repository/FSM1/Complete ABP Inspection/ABPR03a/Section B/Page_JClient/input_Not Checked_radio_group__15' is clicked on

2019-01-26 10:13:56 - [MESSAGE][PASSED] - Object: 'Object Repository/FSM1/Complete ABP Inspection/ABPR03a/Section B/Page_JClient/input_Not Checked_radio_group__15' is clicked on

2019-01-26 10:13:56 - [TEST_STEP][PASSED] - click(findTestObject("Object Repository/FSM1/Complete ABP Inspection/ABPR03a/Section B/Page_JClient/input_Not Checked_radio_group__16")): Object: 'Object Repository/FSM1/Complete ABP Inspection/ABPR03a/Section B/Page_JClient/input_Not Checked_radio_group__16' is clicked on

2019-01-26 10:13:56 - [MESSAGE][PASSED] - Object: 'Object Repository/FSM1/Complete ABP Inspection/ABPR03a/Section B/Page_JClient/input_Not Checked_radio_group__16' is clicked on

2019-01-26 10:13:56 - [TEST_STEP][PASSED] - click(findTestObject("Object Repository/FSM1/Complete ABP Inspection/ABPR03a/Section B/Page_JClient/input_AND (b) Separately from")): Object: 'Object Repository/FSM1/Complete ABP Inspection/ABPR03a/Section B/Page_JClient/input_AND (b) Separately from' is clicked on

2019-01-26 10:13:57 - [MESSAGE][PASSED] - Object: 'Object Repository/FSM1/Complete ABP Inspection/ABPR03a/Section B/Page_JClient/input_AND (b) Separately from' is clicked on

2019-01-26 10:13:57 - [TEST_STEP][PASSED] - click(findTestObject("Object Repository/FSM1/Complete ABP Inspection/ABPR03a/Section B/Page_JClient/input_Not Checked_radio_group__17")): Object: 'Object Repository/FSM1/Complete ABP Inspection/ABPR03a/Section B/Page_JClient/input_Not Checked_radio_group__17' is clicked on

2019-01-26 10:13:57 - [MESSAGE][PASSED] - Object: 'Object Repository/FSM1/Complete ABP Inspection/ABPR03a/Section B/Page_JClient/input_Not Checked_radio_group__17' is clicked on

2019-01-26 10:13:57 - [TEST_STEP][PASSED] - click(findTestObject("Object Repository/FSM1/Complete ABP Inspection/ABPR03a/Section B/Page_JClient/input_(b) Equipment_radio_grou")): Object: 'Object Repository/FSM1/Complete ABP Inspection/ABPR03a/Section B/Page_JClient/input_(b) Equipment_radio_grou' is clicked on

2019-01-26 10:13:57 - [MESSAGE][PASSED] - Object: 'Object Repository/FSM1/Complete ABP Inspection/ABPR03a/Section B/Page_JClient/input_(b) Equipment_radio_grou' is clicked on

2019-01-26 10:13:57 - [TEST_STEP][PASSED] - click(findTestObject("Object Repository/FSM1/Complete ABP Inspection/ABPR03a/Section B/Page_JClient/input_(c) Staff_radio_group_42")): Object: 'Object Repository/FSM1/Complete ABP Inspection/ABPR03a/Section B/Page_JClient/input_(c) Staff_radio_group_42' is clicked on

2019-01-26 10:13:57 - [MESSAGE][PASSED] - Object: 'Object Repository/FSM1/Complete ABP Inspection/ABPR03a/Section B/Page_JClient/input_(c) Staff_radio_group_42' is clicked on

2019-01-26 10:13:57 - [TEST_STEP][PASSED] - click(findTestObject("Object Repository/FSM1/Complete ABP Inspection/ABPR03a/Section B/Page_JClient/input_Not Checked_radio_group__18")): Object: 'Object Repository/FSM1/Complete ABP Inspection/ABPR03a/Section B/Page_JClient/input_Not Checked_radio_group__18' is clicked on

2019-01-26 10:13:57 - [MESSAGE][PASSED] - Object: 'Object Repository/FSM1/Complete ABP Inspection/ABPR03a/Section B/Page_JClient/input_Not Checked_radio_group__18' is clicked on

2019-01-26 10:13:57 - [TEST_STEP][PASSED] - click(findTestObject("Object Repository/FSM1/Complete ABP Inspection/ABPR03a/Section B/Page_JClient/input_Not Checked_radio_group__19")): Object: 'Object Repository/FSM1/Complete ABP Inspection/ABPR03a/Section B/Page_JClient/input_Not Checked_radio_group__19' is clicked on

2019-01-26 10:13:57 - [MESSAGE][PASSED] - Object: 'Object Repository/FSM1/Complete ABP Inspection/ABPR03a/Section B/Page_JClient/input_Not Checked_radio_group__19' is clicked on

2019-01-26 10:13:57 - [TEST_STEP][PASSED] - click(findTestObject("Object Repository/FSM1/Complete ABP Inspection/ABPR03a/Section B/Page_JClient/input_Not Checked_radio_group__20")): Object: 'Object Repository/FSM1/Complete ABP Inspection/ABPR03a/Section B/Page_JClient/input_Not Checked_radio_group__20' is clicked on

2019-01-26 10:13:57 - [MESSAGE][PASSED] - Object: 'Object Repository/FSM1/Complete ABP Inspection/ABPR03a/Section B/Page_JClient/input_Not Checked_radio_group__20' is clicked on

2019-01-26 10:13:57 - [TEST_STEP][PASSED] - click(findTestObject("Object Repository/FSM1/Complete ABP Inspection/ABPR03a/Section B/Page_JClient/input_Not Checked_radio_group__21")): Object: 'Object Repository/FSM1/Complete ABP Inspection/ABPR03a/Section B/Page_JClient/input_Not Checked_radio_group__21' is clicked on

2019-01-26 10:13:58 - [MESSAGE][PASSED] - Object: 'Object Repository/FSM1/Complete ABP Inspection/ABPR03a/Section B/Page_JClient/input_Not Checked_radio_group__21' is clicked on

2019-01-26 10:13:58 - [TEST_STEP][PASSED] - click(findTestObject("Object Repository/FSM1/Complete ABP Inspection/ABPR03a/Section B/Page_JClient/input_Records_radio_group_47")): Object: 'Object Repository/FSM1/Complete ABP Inspection/ABPR03a/Section B/Page_JClient/input_Records_radio_group_47' is clicked on

2019-01-26 10:13:58 - [MESSAGE][PASSED] - Object: 'Object Repository/FSM1/Complete ABP Inspection/ABPR03a/Section B/Page_JClient/input_Records_radio_group_47' is clicked on

2019-01-26 10:13:58 - [TEST_STEP][PASSED] - click(findTestObject("Object Repository/FSM1/Complete ABP Inspection/ABPR03a/Section B/Page_JClient/input_If records have not been")): Object: 'Object Repository/FSM1/Complete ABP Inspection/ABPR03a/Section B/Page_JClient/input_If records have not been' is clicked on

2019-01-26 10:13:58 - [MESSAGE][PASSED] - Object: 'Object Repository/FSM1/Complete ABP Inspection/ABPR03a/Section B/Page_JClient/input_If records have not been' is clicked on

2019-01-26 10:13:58 - [TEST_STEP][PASSED] - click(findTestObject("Object Repository/FSM1/Complete ABP Inspection/ABPR03a/Section B/Page_JClient/input_Not Checked_radio_group__22")): Object: 'Object Repository/FSM1/Complete ABP Inspection/ABPR03a/Section B/Page_JClient/input_Not Checked_radio_group__22' is clicked on

2019-01-26 10:13:58 - [MESSAGE][PASSED] - Object: 'Object Repository/FSM1/Complete ABP Inspection/ABPR03a/Section B/Page_JClient/input_Not Checked_radio_group__22' is clicked on

2019-01-26 10:13:58 - [TEST_STEP][PASSED] - click(findTestObject("Object Repository/FSM1/Complete ABP Inspection/ABPR03a/Section B/Page_JClient/input_Not Checked_radio_group__23")): Object: 'Object Repository/FSM1/Complete ABP Inspection/ABPR03a/Section B/Page_JClient/input_Not Checked_radio_group__23' is clicked on

2019-01-26 10:13:58 - [MESSAGE][PASSED] - Object: 'Object Repository/FSM1/Complete ABP Inspection/ABPR03a/Section B/Page_JClient/input_Not Checked_radio_group__23' is clicked on

2019-01-26 10:13:58 - [TEST_STEP][PASSED] - click(findTestObject("Object Repository/FSM1/Complete ABP Inspection/ABPR03a/Section B/Page_JClient/input_b. ABP category of mater")): Object: 'Object Repository/FSM1/Complete ABP Inspection/ABPR03a/Section B/Page_JClient/input_b. ABP category of mater' is clicked on

2019-01-26 10:13:58 - [MESSAGE][PASSED] - Object: 'Object Repository/FSM1/Complete ABP Inspection/ABPR03a/Section B/Page_JClient/input_b. ABP category of mater' is clicked on

2019-01-26 10:13:58 - [TEST_STEP][PASSED] - click(findTestObject("Object Repository/FSM1/Complete ABP Inspection/ABPR03a/Section B/Page_JClient/input_c. Volume of material (w")): Object: 'Object Repository/FSM1/Complete ABP Inspection/ABPR03a/Section B/Page_JClient/input_c. Volume of material (w' is clicked on

2019-01-26 10:13:58 - [MESSAGE][PASSED] - Object: 'Object Repository/FSM1/Complete ABP Inspection/ABPR03a/Section B/Page_JClient/input_c. Volume of material (w' is clicked on

2019-01-26 10:13:58 - [TEST_STEP][PASSED] - click(findTestObject("Object Repository/FSM1/Complete ABP Inspection/ABPR03a/Section B/Page_JClient/input_No_radio_group_53")): Object: 'Object Repository/FSM1/Complete ABP Inspection/ABPR03a/Section B/Page_JClient/input_No_radio_group_53' is clicked on

2019-01-26 10:13:59 - [MESSAGE][PASSED] - Object: 'Object Repository/FSM1/Complete ABP Inspection/ABPR03a/Section B/Page_JClient/input_No_radio_group_53' is clicked on

2019-01-26 10:13:59 - [TEST_STEP][PASSED] - click(findTestObject("Object Repository/FSM1/Complete ABP Inspection/ABPR03a/Section B/Page_JClient/input_e. Name and address of h")): Object: 'Object Repository/FSM1/Complete ABP Inspection/ABPR03a/Section B/Page_JClient/input_e. Name and address of h' is clicked on

2019-01-26 10:13:59 - [MESSAGE][PASSED] - Object: 'Object Repository/FSM1/Complete ABP Inspection/ABPR03a/Section B/Page_JClient/input_e. Name and address of h' is clicked on

2019-01-26 10:13:59 - [TEST_STEP][PASSED] - click(findTestObject("Object Repository/FSM1/Complete ABP Inspection/ABPR03a/Section B/Page_JClient/input_f. Name and address of r")): Object: 'Object Repository/FSM1/Complete ABP Inspection/ABPR03a/Section B/Page_JClient/input_f. Name and address of r' is clicked on

2019-01-26 10:13:59 - [MESSAGE][PASSED] - Object: 'Object Repository/FSM1/Complete ABP Inspection/ABPR03a/Section B/Page_JClient/input_f. Name and address of r' is clicked on

2019-01-26 10:13:59 - [TEST_STEP][PASSED] - click(findTestObject("Object Repository/FSM1/Complete ABP Inspection/ABPR03a/Section B/Page_JClient/input_g. If destined for anima")): Object: 'Object Repository/FSM1/Complete ABP Inspection/ABPR03a/Section B/Page_JClient/input_g. If destined for anima' is clicked on

2019-01-26 10:13:59 - [MESSAGE][PASSED] - Object: 'Object Repository/FSM1/Complete ABP Inspection/ABPR03a/Section B/Page_JClient/input_g. If destined for anima' is clicked on

2019-01-26 10:13:59 - [TEST_STEP][PASSED] - click(findTestObject("Object Repository/FSM1/Complete ABP Inspection/ABPR03a/Section B/Page_JClient/input_h. Grazing ban requireme")): Object: 'Object Repository/FSM1/Complete ABP Inspection/ABPR03a/Section B/Page_JClient/input_h. Grazing ban requireme' is clicked on

2019-01-26 10:13:59 - [MESSAGE][PASSED] - Object: 'Object Repository/FSM1/Complete ABP Inspection/ABPR03a/Section B/Page_JClient/input_h. Grazing ban requireme' is clicked on

2019-01-26 10:13:59 - [TEST_STEP][PASSED] - click(findTestObject("Object Repository/FSM1/Complete ABP Inspection/ABPR03a/Section B/Page_JClient/input_Na_radio_group_58")): Object: 'Object Repository/FSM1/Complete ABP Inspection/ABPR03a/Section B/Page_JClient/input_Na_radio_group_58' is clicked on

2019-01-26 10:13:59 - [MESSAGE][PASSED] - Object: 'Object Repository/FSM1/Complete ABP Inspection/ABPR03a/Section B/Page_JClient/input_Na_radio_group_58' is clicked on

2019-01-26 10:13:59 - [TEST_STEP][PASSED] - click(findTestObject("Object Repository/FSM1/Complete ABP Inspection/ABPR03a/Section B/Page_JClient/input_Not Checked_radio_group__24")): Object: 'Object Repository/FSM1/Complete ABP Inspection/ABPR03a/Section B/Page_JClient/input_Not Checked_radio_group__24' is clicked on

2019-01-26 10:14:00 - [MESSAGE][PASSED] - Object: 'Object Repository/FSM1/Complete ABP Inspection/ABPR03a/Section B/Page_JClient/input_Not Checked_radio_group__24' is clicked on

2019-01-26 10:14:00 - [TEST_STEP][PASSED] - click(findTestObject("Object Repository/FSM1/Complete ABP Inspection/ABPR03a/Section B/Page_JClient/input_(b) Do pest control reco")): Object: 'Object Repository/FSM1/Complete ABP Inspection/ABPR03a/Section B/Page_JClient/input_(b) Do pest control reco' is clicked on

2019-01-26 10:14:00 - [MESSAGE][PASSED] - Object: 'Object Repository/FSM1/Complete ABP Inspection/ABPR03a/Section B/Page_JClient/input_(b) Do pest control reco' is clicked on

2019-01-26 10:14:00 - [TEST_STEP][PASSED] - click(findTestObject("Object Repository/FSM1/Complete ABP Inspection/ABPR03a/Section B/Page_JClient/input_(a) Back trace (complete")): Object: 'Object Repository/FSM1/Complete ABP Inspection/ABPR03a/Section B/Page_JClient/input_(a) Back trace (complete' is clicked on

2019-01-26 10:14:00 - [MESSAGE][PASSED] - Object: 'Object Repository/FSM1/Complete ABP Inspection/ABPR03a/Section B/Page_JClient/input_(a) Back trace (complete' is clicked on

2019-01-26 10:14:00 - [TEST_STEP][PASSED] - click(findTestObject("Object Repository/FSM1/Complete ABP Inspection/ABPR03a/Section B/Page_JClient/input_Yes_radio_group_62")): Object: 'Object Repository/FSM1/Complete ABP Inspection/ABPR03a/Section B/Page_JClient/input_Yes_radio_group_62' is clicked on

2019-01-26 10:14:00 - [MESSAGE][PASSED] - Object: 'Object Repository/FSM1/Complete ABP Inspection/ABPR03a/Section B/Page_JClient/input_Yes_radio_group_62' is clicked on

2019-01-26 10:14:00 - [TEST_STEP][PASSED] - click(findTestObject("Object Repository/FSM1/Complete ABP Inspection/ABPR03a/Section B/Page_JClient/input_(b) Forward trace (compl")): Object: 'Object Repository/FSM1/Complete ABP Inspection/ABPR03a/Section B/Page_JClient/input_(b) Forward trace (compl' is clicked on

2019-01-26 10:14:00 - [MESSAGE][PASSED] - Object: 'Object Repository/FSM1/Complete ABP Inspection/ABPR03a/Section B/Page_JClient/input_(b) Forward trace (compl' is clicked on

2019-01-26 10:14:00 - [TEST_STEP][PASSED] - click(findTestObject("Object Repository/FSM1/Complete ABP Inspection/ABPR03a/Section B/Page_JClient/input_Yes_radio_group_64")): Object: 'Object Repository/FSM1/Complete ABP Inspection/ABPR03a/Section B/Page_JClient/input_Yes_radio_group_64' is clicked on

2019-01-26 10:14:00 - [MESSAGE][PASSED] - Object: 'Object Repository/FSM1/Complete ABP Inspection/ABPR03a/Section B/Page_JClient/input_Yes_radio_group_64' is clicked on

2019-01-26 10:14:00 - [TEST_STEP][PASSED] - click(findTestObject("Object Repository/FSM1/Complete ABP Inspection/ABPR03a/Section B/Page_JClient/input_Is SRM handled at the pr")): Object: 'Object Repository/FSM1/Complete ABP Inspection/ABPR03a/Section B/Page_JClient/input_Is SRM handled at the pr' is clicked on

2019-01-26 10:14:01 - [MESSAGE][PASSED] - Object: 'Object Repository/FSM1/Complete ABP Inspection/ABPR03a/Section B/Page_JClient/input_Is SRM handled at the pr' is clicked on

2019-01-26 10:14:01 - [TEST_STEP][PASSED] - click(findTestObject("Object Repository/FSM1/Complete ABP Inspection/ABPR03a/Section B/Page_JClient/input_Not Checked_radio_group__25")): Object: 'Object Repository/FSM1/Complete ABP Inspection/ABPR03a/Section B/Page_JClient/input_Not Checked_radio_group__25' is clicked on

2019-01-26 10:14:01 - [MESSAGE][PASSED] - Object: 'Object Repository/FSM1/Complete ABP Inspection/ABPR03a/Section B/Page_JClient/input_Not Checked_radio_group__25' is clicked on

2019-01-26 10:14:01 - [TEST_STEP][PASSED] - click(findTestObject("Object Repository/FSM1/Complete ABP Inspection/ABPR03a/Section B/Page_JClient/input_Not Checked_radio_group__26")): Object: 'Object Repository/FSM1/Complete ABP Inspection/ABPR03a/Section B/Page_JClient/input_Not Checked_radio_group__26' is clicked on

2019-01-26 10:14:01 - [MESSAGE][PASSED] - Object: 'Object Repository/FSM1/Complete ABP Inspection/ABPR03a/Section B/Page_JClient/input_Not Checked_radio_group__26' is clicked on

2019-01-26 10:14:01 - [TEST_STEP][PASSED] - click(findTestObject("Object Repository/FSM1/Complete ABP Inspection/ABPR03a/Section B/Page_JClient/input_Not Checked_radio_group__27")): Object: 'Object Repository/FSM1/Complete ABP Inspection/ABPR03a/Section B/Page_JClient/input_Not Checked_radio_group__27' is clicked on

2019-01-26 10:14:01 - [MESSAGE][PASSED] - Object: 'Object Repository/FSM1/Complete ABP Inspection/ABPR03a/Section B/Page_JClient/input_Not Checked_radio_group__27' is clicked on

2019-01-26 10:14:01 - [TEST_STEP][PASSED] - click(findTestObject("Object Repository/FSM1/Complete ABP Inspection/ABPR03a/Section B/Page_JClient/input_Not Checked_radio_group__28")): Object: 'Object Repository/FSM1/Complete ABP Inspection/ABPR03a/Section B/Page_JClient/input_Not Checked_radio_group__28' is clicked on

2019-01-26 10:14:01 - [MESSAGE][PASSED] - Object: 'Object Repository/FSM1/Complete ABP Inspection/ABPR03a/Section B/Page_JClient/input_Not Checked_radio_group__28' is clicked on

2019-01-26 10:14:01 - [TEST_STEP][PASSED] - click(findTestObject("Object Repository/FSM1/Complete ABP Inspection/ABPR03a/Section B/Page_JClient/input_Not Checked_radio_group__29")): Object: 'Object Repository/FSM1/Complete ABP Inspection/ABPR03a/Section B/Page_JClient/input_Not Checked_radio_group__29' is clicked on

2019-01-26 10:14:01 - [MESSAGE][PASSED] - Object: 'Object Repository/FSM1/Complete ABP Inspection/ABPR03a/Section B/Page_JClient/input_Not Checked_radio_group__29' is clicked on

2019-01-26 10:14:01 - [TEST_STEP][PASSED] - click(findTestObject("Object Repository/FSM1/Complete ABP Inspection/ABPR03a/Section B/Page_JClient/input_Not Checked_radio_group__30")): Object: 'Object Repository/FSM1/Complete ABP Inspection/ABPR03a/Section B/Page_JClient/input_Not Checked_radio_group__30' is clicked on

2019-01-26 10:14:01 - [MESSAGE][PASSED] - Object: 'Object Repository/FSM1/Complete ABP Inspection/ABPR03a/Section B/Page_JClient/input_Not Checked_radio_group__30' is clicked on

2019-01-26 10:14:01 - [TEST_STEP][PASSED] - click(findTestObject("Object Repository/FSM1/Complete ABP Inspection/ABPR03a/Section B/Page_JClient/input_Not Checked_radio_group__31")): Object: 'Object Repository/FSM1/Complete ABP Inspection/ABPR03a/Section B/Page_JClient/input_Not Checked_radio_group__31' is clicked on

2019-01-26 10:14:02 - [MESSAGE][PASSED] - Object: 'Object Repository/FSM1/Complete ABP Inspection/ABPR03a/Section B/Page_JClient/input_Not Checked_radio_group__31' is clicked on

2019-01-26 10:14:02 - [TEST_STEP][PASSED] - click(findTestObject("Object Repository/FSM1/Complete ABP Inspection/ABPR03a/Section B/Page_JClient/input_Not Checked_radio_group__32")): Object: 'Object Repository/FSM1/Complete ABP Inspection/ABPR03a/Section B/Page_JClient/input_Not Checked_radio_group__32' is clicked on

2019-01-26 10:14:02 - [MESSAGE][PASSED] - Object: 'Object Repository/FSM1/Complete ABP Inspection/ABPR03a/Section B/Page_JClient/input_Not Checked_radio_group__32' is clicked on

2019-01-26 10:14:02 - [TEST_STEP][PASSED] - click(findTestObject("Object Repository/FSM1/Complete ABP Inspection/ABPR03a/Section B/Page_JClient/input_Is this also a TSE sampl")): Object: 'Object Repository/FSM1/Complete ABP Inspection/ABPR03a/Section B/Page_JClient/input_Is this also a TSE sampl' is clicked on

2019-01-26 10:14:02 - [MESSAGE][PASSED] - Object: 'Object Repository/FSM1/Complete ABP Inspection/ABPR03a/Section B/Page_JClient/input_Is this also a TSE sampl' is clicked on

2019-01-26 10:14:02 - [TEST_STEP][PASSED] - click(findTestObject("Object Repository/FSM1/Complete ABP Inspection/ABPR03a/Section B/Page_JClient/input_Is the site listed for e")): Object: 'Object Repository/FSM1/Complete ABP Inspection/ABPR03a/Section B/Page_JClient/input_Is the site listed for e' is clicked on

2019-01-26 10:14:02 - [MESSAGE][PASSED] - Object: 'Object Repository/FSM1/Complete ABP Inspection/ABPR03a/Section B/Page_JClient/input_Is the site listed for e' is clicked on

2019-01-26 10:14:02 - [TEST_STEP][PASSED] - click(findTestObject("Object Repository/FSM1/Complete ABP Inspection/ABPR03a/Section B/Page_JClient/div_Save")): Object: 'Object Repository/FSM1/Complete ABP Inspection/ABPR03a/Section B/Page_JClient/div_Save' is clicked on

2019-01-26 10:14:02 - [MESSAGE][PASSED] - Object: 'Object Repository/FSM1/Complete ABP Inspection/ABPR03a/Section B/Page_JClient/div_Save' is clicked on]]></system-out>
         <system-err><![CDATA[]]></system-err>
      </testcase>
      <testcase name="Test Cases/ABP/Generic/Complete ABP Inspection - Section C - Full Risk Assessment" classname="Test Cases/ABP/Generic/Complete ABP Inspection - Section C - Full Risk Assessment" status="PASSED">
         <system-out><![CDATA[2019-01-26 10:14:02 - [TEST_CASE][PASSED] - Test Cases/ABP/Generic/Complete ABP Inspection - Section C - Full Risk Assessment: Test Cases/ABP/Generic/Complete ABP Inspection - Section C - Full Risk Assessment

2019-01-26 10:14:03 - [TEST_STEP][PASSED] - delay(5): Delayed 5 second(s)

2019-01-26 10:14:08 - [MESSAGE][PASSED] - Delayed 5 second(s)

2019-01-26 10:14:08 - [TEST_STEP][PASSED] - click(findTestObject("Object Repository/FSM1/Complete ABP Inspection/Section C Full Risk Assessment/Page_JClient/div_Section C Risk Assessment")): Object: 'Object Repository/FSM1/Complete ABP Inspection/Section C Full Risk Assessment/Page_JClient/div_Section C Risk Assessment' is clicked on

2019-01-26 10:14:08 - [MESSAGE][PASSED] - Object: 'Object Repository/FSM1/Complete ABP Inspection/Section C Full Risk Assessment/Page_JClient/div_Section C Risk Assessment' is clicked on

2019-01-26 10:14:08 - [TEST_STEP][PASSED] - selectOptionByValue(findTestObject("Object Repository/FSM1/Complete ABP Inspection/Section C Full Risk Assessment/Page_JClient/select_3 - Cat 3 material and"), "12", true): All options with value '12' are selected in object 'Object Repository/FSM1/Complete ABP Inspection/Section C Full Risk Assessment/Page_JClient/select_3 - Cat 3 material and'  using regular expression

2019-01-26 10:14:09 - [MESSAGE][PASSED] - All options with value '12' are selected in object 'Object Repository/FSM1/Complete ABP Inspection/Section C Full Risk Assessment/Page_JClient/select_3 - Cat 3 material and'  using regular expression

2019-01-26 10:14:09 - [TEST_STEP][PASSED] - selectOptionByValue(findTestObject("Object Repository/FSM1/Complete ABP Inspection/Section C Full Risk Assessment/Page_JClient/select_0 - Very low throughput"), "10", true): All options with value '10' are selected in object 'Object Repository/FSM1/Complete ABP Inspection/Section C Full Risk Assessment/Page_JClient/select_0 - Very low throughput'  using regular expression

2019-01-26 10:14:09 - [MESSAGE][PASSED] - All options with value '10' are selected in object 'Object Repository/FSM1/Complete ABP Inspection/Section C Full Risk Assessment/Page_JClient/select_0 - Very low throughput'  using regular expression

2019-01-26 10:14:09 - [TEST_STEP][PASSED] - selectOptionByValue(findTestObject("Object Repository/FSM1/Complete ABP Inspection/Section C Full Risk Assessment/Page_JClient/select_0 - No product entering"), "15", true): All options with value '15' are selected in object 'Object Repository/FSM1/Complete ABP Inspection/Section C Full Risk Assessment/Page_JClient/select_0 - No product entering'  using regular expression

2019-01-26 10:14:09 - [MESSAGE][PASSED] - All options with value '15' are selected in object 'Object Repository/FSM1/Complete ABP Inspection/Section C Full Risk Assessment/Page_JClient/select_0 - No product entering'  using regular expression

2019-01-26 10:14:09 - [TEST_STEP][PASSED] - selectOptionByValue(findTestObject("Object Repository/FSM1/Complete ABP Inspection/Section C Full Risk Assessment/Page_JClient/select_0 - Not required or com"), "5", true): All options with value '5' are selected in object 'Object Repository/FSM1/Complete ABP Inspection/Section C Full Risk Assessment/Page_JClient/select_0 - Not required or com'  using regular expression

2019-01-26 10:14:09 - [MESSAGE][PASSED] - All options with value '5' are selected in object 'Object Repository/FSM1/Complete ABP Inspection/Section C Full Risk Assessment/Page_JClient/select_0 - Not required or com'  using regular expression

2019-01-26 10:14:09 - [TEST_STEP][PASSED] - selectOptionByValue(findTestObject("Object Repository/FSM1/Complete ABP Inspection/Section C Full Risk Assessment/Page_JClient/select_0 - Fully compliant iss"), "10", true): All options with value '10' are selected in object 'Object Repository/FSM1/Complete ABP Inspection/Section C Full Risk Assessment/Page_JClient/select_0 - Fully compliant iss'  using regular expression

2019-01-26 10:14:10 - [MESSAGE][PASSED] - All options with value '10' are selected in object 'Object Repository/FSM1/Complete ABP Inspection/Section C Full Risk Assessment/Page_JClient/select_0 - Fully compliant iss'  using regular expression

2019-01-26 10:14:10 - [TEST_STEP][PASSED] - selectOptionByValue(findTestObject("Object Repository/FSM1/Complete ABP Inspection/Section C Full Risk Assessment/Page_JClient/select_AnnuallyQuarterly6 Mont"), "Monthly", true): All options with value 'Monthly' are selected in object 'Object Repository/FSM1/Complete ABP Inspection/Section C Full Risk Assessment/Page_JClient/select_AnnuallyQuarterly6 Mont'  using regular expression

2019-01-26 10:14:10 - [MESSAGE][PASSED] - All options with value 'Monthly' are selected in object 'Object Repository/FSM1/Complete ABP Inspection/Section C Full Risk Assessment/Page_JClient/select_AnnuallyQuarterly6 Mont'  using regular expression

2019-01-26 10:14:10 - [TEST_STEP][PASSED] - setText(findTestObject("Object Repository/FSM1/Complete ABP Inspection/Section C Full Risk Assessment/Page_JClient/textarea_Any other relevant in"), "Test Automation"): Text 'Test Automation' is set on object 'Object Repository/FSM1/Complete ABP Inspection/Section C Full Risk Assessment/Page_JClient/textarea_Any other relevant in'

2019-01-26 10:14:11 - [MESSAGE][PASSED] - Text 'Test Automation' is set on object 'Object Repository/FSM1/Complete ABP Inspection/Section C Full Risk Assessment/Page_JClient/textarea_Any other relevant in'

2019-01-26 10:14:11 - [TEST_STEP][PASSED] - click(findTestObject("Object Repository/FSM1/Complete ABP Inspection/Section C Full Risk Assessment/Page_JClient/div_Save")): Object: 'Object Repository/FSM1/Complete ABP Inspection/Section C Full Risk Assessment/Page_JClient/div_Save' is clicked on

2019-01-26 10:14:11 - [MESSAGE][PASSED] - Object: 'Object Repository/FSM1/Complete ABP Inspection/Section C Full Risk Assessment/Page_JClient/div_Save' is clicked on]]></system-out>
         <system-err><![CDATA[]]></system-err>
      </testcase>
      <testcase name="Test Cases/ABP/Generic/Complete ABP Inspection - ABPR17 Backward Trace - Not Completed" classname="Test Cases/ABP/Generic/Complete ABP Inspection - ABPR17 Backward Trace - Not Completed" status="PASSED">
         <system-out><![CDATA[2019-01-26 10:14:11 - [TEST_CASE][PASSED] - Test Cases/ABP/Generic/Complete ABP Inspection - ABPR17 Backward Trace - Not Completed: Test Cases/ABP/Generic/Complete ABP Inspection - ABPR17 Backward Trace - Not Completed

2019-01-26 10:14:11 - [TEST_STEP][PASSED] - delay(3): Delayed 3 second(s)

2019-01-26 10:14:14 - [MESSAGE][PASSED] - Delayed 3 second(s)

2019-01-26 10:14:14 - [TEST_STEP][PASSED] - click(findTestObject("FSM1/Complete ABP Inspection/ABPR17 Backward Trace/Page_JClient/div_ABPR17 - Backward Trace1")): Object: 'Object Repository/FSM1/Complete ABP Inspection/ABPR17 Backward Trace/Page_JClient/div_ABPR17 - Backward Trace1' is clicked on

2019-01-26 10:14:14 - [MESSAGE][PASSED] - Object: 'Object Repository/FSM1/Complete ABP Inspection/ABPR17 Backward Trace/Page_JClient/div_ABPR17 - Backward Trace1' is clicked on

2019-01-26 10:14:14 - [TEST_STEP][PASSED] - delay(2): Delayed 2 second(s)

2019-01-26 10:14:16 - [MESSAGE][PASSED] - Delayed 2 second(s)

2019-01-26 10:14:16 - [TEST_STEP][PASSED] - click(findTestObject("Object Repository/FSM1/Complete ABP Inspection/ABPR17 Backward Trace/Page_JClient/div_Create_GKH2EKQBDXB GKH2EKQ")): Object: 'Object Repository/FSM1/Complete ABP Inspection/ABPR17 Backward Trace/Page_JClient/div_Create_GKH2EKQBDXB GKH2EKQ' is clicked on

2019-01-26 10:14:17 - [MESSAGE][PASSED] - Object: 'Object Repository/FSM1/Complete ABP Inspection/ABPR17 Backward Trace/Page_JClient/div_Create_GKH2EKQBDXB GKH2EKQ' is clicked on

2019-01-26 10:14:17 - [TEST_STEP][PASSED] - delay(2): Delayed 2 second(s)

2019-01-26 10:14:19 - [MESSAGE][PASSED] - Delayed 2 second(s)

2019-01-26 10:14:19 - [TEST_STEP][PASSED] - click(findTestObject("Object Repository/FSM1/Complete ABP Inspection/ABPR17 Backward Trace/Page_JClient/input_Is this inspection at th")): Object: 'Object Repository/FSM1/Complete ABP Inspection/ABPR17 Backward Trace/Page_JClient/input_Is this inspection at th' is clicked on

2019-01-26 10:14:19 - [MESSAGE][PASSED] - Object: 'Object Repository/FSM1/Complete ABP Inspection/ABPR17 Backward Trace/Page_JClient/input_Is this inspection at th' is clicked on

2019-01-26 10:14:19 - [TEST_STEP][PASSED] - verifyElementPresent(findTestObject("FSM1/Release22/Page_JClient/div_Name of Operator_17"), 2): Object 'Object Repository/FSM1/Release22/Page_JClient/div_Name of Operator_17' is present

2019-01-26 10:14:19 - [MESSAGE][PASSED] - Object 'Object Repository/FSM1/Release22/Page_JClient/div_Name of Operator_17' is present

2019-01-26 10:14:19 - [TEST_STEP][PASSED] - verifyElementPresent(findTestObject("FSM1/Release22/Page_JClient/div_Name of Operator_17_1"), 2): Object 'Object Repository/FSM1/Release22/Page_JClient/div_Name of Operator_17_1' is present

2019-01-26 10:14:19 - [MESSAGE][PASSED] - Object 'Object Repository/FSM1/Release22/Page_JClient/div_Name of Operator_17_1' is present

2019-01-26 10:14:19 - [TEST_STEP][PASSED] - setText(findTestObject("Object Repository/FSM1/Complete ABP Inspection/ABPR17 Backward Trace/Page_JClient/input_Approval Number_gwt-Text"), "1234"): Text '1234' is set on object 'Object Repository/FSM1/Complete ABP Inspection/ABPR17 Backward Trace/Page_JClient/input_Approval Number_gwt-Text'

2019-01-26 10:14:19 - [MESSAGE][PASSED] - Text '1234' is set on object 'Object Repository/FSM1/Complete ABP Inspection/ABPR17 Backward Trace/Page_JClient/input_Approval Number_gwt-Text'

2019-01-26 10:14:19 - [TEST_STEP][PASSED] - setText(findTestObject("Object Repository/FSM1/Complete ABP Inspection/ABPR17 Backward Trace/Page_JClient/input_Premises Type_gwt-TextBo"), "Test automation"): Text 'Test automation' is set on object 'Object Repository/FSM1/Complete ABP Inspection/ABPR17 Backward Trace/Page_JClient/input_Premises Type_gwt-TextBo'

2019-01-26 10:14:20 - [MESSAGE][PASSED] - Text 'Test automation' is set on object 'Object Repository/FSM1/Complete ABP Inspection/ABPR17 Backward Trace/Page_JClient/input_Premises Type_gwt-TextBo'

2019-01-26 10:14:20 - [TEST_STEP][PASSED] - setText(findTestObject("FSM1/Complete ABP Inspection/ABPR17 Backward Trace/Page_JClient/input_Name of Operator_gwt-Tex"), "Test automation"): Text 'Test automation' is set on object 'Object Repository/FSM1/Complete ABP Inspection/ABPR17 Backward Trace/Page_JClient/input_Name of Operator_gwt-Tex'

2019-01-26 10:14:20 - [MESSAGE][PASSED] - Text 'Test automation' is set on object 'Object Repository/FSM1/Complete ABP Inspection/ABPR17 Backward Trace/Page_JClient/input_Name of Operator_gwt-Tex'

2019-01-26 10:14:20 - [TEST_STEP][PASSED] - setText(findTestObject("Object Repository/FSM1/Complete ABP Inspection/ABPR17 Backward Trace/Page_JClient/textarea_Address of premises_g"), "Test automation"): Text 'Test automation' is set on object 'Object Repository/FSM1/Complete ABP Inspection/ABPR17 Backward Trace/Page_JClient/textarea_Address of premises_g'

2019-01-26 10:14:21 - [MESSAGE][PASSED] - Text 'Test automation' is set on object 'Object Repository/FSM1/Complete ABP Inspection/ABPR17 Backward Trace/Page_JClient/textarea_Address of premises_g'

2019-01-26 10:14:21 - [TEST_STEP][PASSED] - setText(findTestObject("Object Repository/FSM1/Complete ABP Inspection/ABPR17 Backward Trace/Page_JClient/input_Postcode_gwt-TextBox GKH"), "WR5 2NB"): Text 'WR5 2NB' is set on object 'Object Repository/FSM1/Complete ABP Inspection/ABPR17 Backward Trace/Page_JClient/input_Postcode_gwt-TextBox GKH'

2019-01-26 10:14:21 - [MESSAGE][PASSED] - Text 'WR5 2NB' is set on object 'Object Repository/FSM1/Complete ABP Inspection/ABPR17 Backward Trace/Page_JClient/input_Postcode_gwt-TextBox GKH'

2019-01-26 10:14:21 - [TEST_STEP][PASSED] - setText(findTestObject("Object Repository/FSM1/Complete ABP Inspection/ABPR17 Backward Trace/Page_JClient/input_Email_gwt-TextBox GKH2EK"), "test@gmail.com"): Text 'test@gmail.com' is set on object 'Object Repository/FSM1/Complete ABP Inspection/ABPR17 Backward Trace/Page_JClient/input_Email_gwt-TextBox GKH2EK'

2019-01-26 10:14:21 - [MESSAGE][PASSED] - Text 'test@gmail.com' is set on object 'Object Repository/FSM1/Complete ABP Inspection/ABPR17 Backward Trace/Page_JClient/input_Email_gwt-TextBox GKH2EK'

2019-01-26 10:14:21 - [TEST_STEP][PASSED] - setText(findTestObject("Object Repository/FSM1/Complete ABP Inspection/ABPR17 Backward Trace/Page_JClient/input_Approval number (if appl"), "1234"): Text '1234' is set on object 'Object Repository/FSM1/Complete ABP Inspection/ABPR17 Backward Trace/Page_JClient/input_Approval number (if appl'

2019-01-26 10:14:21 - [MESSAGE][PASSED] - Text '1234' is set on object 'Object Repository/FSM1/Complete ABP Inspection/ABPR17 Backward Trace/Page_JClient/input_Approval number (if appl'

2019-01-26 10:14:21 - [TEST_STEP][PASSED] - selectOptionByValue(findTestObject("Object Repository/FSM1/Complete ABP Inspection/ABPR17 Backward Trace/Page_JClient/select_NorthScotlandSouthernWa"), "North", true): All options with value 'North' are selected in object 'Object Repository/FSM1/Complete ABP Inspection/ABPR17 Backward Trace/Page_JClient/select_NorthScotlandSouthernWa'  using regular expression

2019-01-26 10:14:22 - [MESSAGE][PASSED] - All options with value 'North' are selected in object 'Object Repository/FSM1/Complete ABP Inspection/ABPR17 Backward Trace/Page_JClient/select_NorthScotlandSouthernWa'  using regular expression

2019-01-26 10:14:22 - [TEST_STEP][PASSED] - setText(findTestObject("Object Repository/FSM1/Complete ABP Inspection/ABPR17 Backward Trace/Page_JClient/input_Name of haulier_gwt-Text"), "Test automation"): Text 'Test automation' is set on object 'Object Repository/FSM1/Complete ABP Inspection/ABPR17 Backward Trace/Page_JClient/input_Name of haulier_gwt-Text'

2019-01-26 10:14:22 - [MESSAGE][PASSED] - Text 'Test automation' is set on object 'Object Repository/FSM1/Complete ABP Inspection/ABPR17 Backward Trace/Page_JClient/input_Name of haulier_gwt-Text'

2019-01-26 10:14:22 - [TEST_STEP][PASSED] - setText(findTestObject("Object Repository/FSM1/Complete ABP Inspection/ABPR17 Backward Trace/Page_JClient/textarea_Address of haulier_gw"), "Test automation"): Text 'Test automation' is set on object 'Object Repository/FSM1/Complete ABP Inspection/ABPR17 Backward Trace/Page_JClient/textarea_Address of haulier_gw'

2019-01-26 10:14:22 - [MESSAGE][PASSED] - Text 'Test automation' is set on object 'Object Repository/FSM1/Complete ABP Inspection/ABPR17 Backward Trace/Page_JClient/textarea_Address of haulier_gw'

2019-01-26 10:14:22 - [TEST_STEP][PASSED] - delay(2): Delayed 2 second(s)

2019-01-26 10:14:24 - [MESSAGE][PASSED] - Delayed 2 second(s)

2019-01-26 10:14:24 - [TEST_STEP][PASSED] - setText(findTestObject("FSM1/Complete ABP Inspection/ABPR17 Backward Trace/Page_JClient/Postcode"), "RN2 3WE"): Text 'RN2 3WE' is set on object 'Object Repository/FSM1/Complete ABP Inspection/ABPR17 Backward Trace/Page_JClient/Postcode'

2019-01-26 10:14:25 - [MESSAGE][PASSED] - Text 'RN2 3WE' is set on object 'Object Repository/FSM1/Complete ABP Inspection/ABPR17 Backward Trace/Page_JClient/Postcode'

2019-01-26 10:14:25 - [TEST_STEP][PASSED] - setText(findTestObject("Object Repository/FSM1/Complete ABP Inspection/ABPR17 Backward Trace/Page_JClient/input_Registration number (if"), "9876"): Text '9876' is set on object 'Object Repository/FSM1/Complete ABP Inspection/ABPR17 Backward Trace/Page_JClient/input_Registration number (if'

2019-01-26 10:14:25 - [MESSAGE][PASSED] - Text '9876' is set on object 'Object Repository/FSM1/Complete ABP Inspection/ABPR17 Backward Trace/Page_JClient/input_Registration number (if'

2019-01-26 10:14:25 - [TEST_STEP][PASSED] - setText(findTestObject("Object Repository/FSM1/Complete ABP Inspection/ABPR17 Backward Trace/Page_JClient/input_Reference No. of CD or o"), "112233"): Text '112233' is set on object 'Object Repository/FSM1/Complete ABP Inspection/ABPR17 Backward Trace/Page_JClient/input_Reference No. of CD or o'

2019-01-26 10:14:25 - [MESSAGE][PASSED] - Text '112233' is set on object 'Object Repository/FSM1/Complete ABP Inspection/ABPR17 Backward Trace/Page_JClient/input_Reference No. of CD or o'

2019-01-26 10:14:25 - [TEST_STEP][PASSED] - setText(findTestObject("Object Repository/FSM1/Complete ABP Inspection/ABPR17 Backward Trace/Page_JClient/textarea_Description of materi"), "Test automation"): Text 'Test automation' is set on object 'Object Repository/FSM1/Complete ABP Inspection/ABPR17 Backward Trace/Page_JClient/textarea_Description of materi'

2019-01-26 10:14:26 - [MESSAGE][PASSED] - Text 'Test automation' is set on object 'Object Repository/FSM1/Complete ABP Inspection/ABPR17 Backward Trace/Page_JClient/textarea_Description of materi'

2019-01-26 10:14:26 - [TEST_STEP][PASSED] - selectOptionByValue(findTestObject("Object Repository/FSM1/Complete ABP Inspection/ABPR17 Backward Trace/Page_JClient/select_NACattleDeerFishGoatsPi"), "Fish", true): All options with value 'Fish' are selected in object 'Object Repository/FSM1/Complete ABP Inspection/ABPR17 Backward Trace/Page_JClient/select_NACattleDeerFishGoatsPi'  using regular expression

2019-01-26 10:14:26 - [MESSAGE][PASSED] - All options with value 'Fish' are selected in object 'Object Repository/FSM1/Complete ABP Inspection/ABPR17 Backward Trace/Page_JClient/select_NACattleDeerFishGoatsPi'  using regular expression

2019-01-26 10:14:26 - [TEST_STEP][PASSED] - setText(findTestObject("Object Repository/FSM1/Complete ABP Inspection/ABPR17 Backward Trace/Page_JClient/input_Category_gwt-TextBox GKH"), "Test automation"): Text 'Test automation' is set on object 'Object Repository/FSM1/Complete ABP Inspection/ABPR17 Backward Trace/Page_JClient/input_Category_gwt-TextBox GKH'

2019-01-26 10:14:26 - [MESSAGE][PASSED] - Text 'Test automation' is set on object 'Object Repository/FSM1/Complete ABP Inspection/ABPR17 Backward Trace/Page_JClient/input_Category_gwt-TextBox GKH'

2019-01-26 10:14:26 - [TEST_STEP][PASSED] - setText(findTestObject("Object Repository/FSM1/Complete ABP Inspection/ABPR17 Backward Trace/Page_JClient/input_Quantity_gwt-TextBox GKH"), "100abc"): Text '100abc' is set on object 'Object Repository/FSM1/Complete ABP Inspection/ABPR17 Backward Trace/Page_JClient/input_Quantity_gwt-TextBox GKH'

2019-01-26 10:14:27 - [MESSAGE][PASSED] - Text '100abc' is set on object 'Object Repository/FSM1/Complete ABP Inspection/ABPR17 Backward Trace/Page_JClient/input_Quantity_gwt-TextBox GKH'

2019-01-26 10:14:27 - [TEST_STEP][PASSED] - setText(findTestObject("Object Repository/FSM1/Complete ABP Inspection/ABPR17 Backward Trace/Page_JClient/textarea_Any other relevant in"), "Test automation"): Text 'Test automation' is set on object 'Object Repository/FSM1/Complete ABP Inspection/ABPR17 Backward Trace/Page_JClient/textarea_Any other relevant in'

2019-01-26 10:14:27 - [MESSAGE][PASSED] - Text 'Test automation' is set on object 'Object Repository/FSM1/Complete ABP Inspection/ABPR17 Backward Trace/Page_JClient/textarea_Any other relevant in'

2019-01-26 10:14:27 - [TEST_STEP][PASSED] - click(findTestObject("Object Repository/FSM1/Complete ABP Inspection/ABPR17 Backward Trace/Page_JClient/input_Yes_radio_group_56")): Object: 'Object Repository/FSM1/Complete ABP Inspection/ABPR17 Backward Trace/Page_JClient/input_Yes_radio_group_56' is clicked on

2019-01-26 10:14:27 - [MESSAGE][PASSED] - Object: 'Object Repository/FSM1/Complete ABP Inspection/ABPR17 Backward Trace/Page_JClient/input_Yes_radio_group_56' is clicked on

2019-01-26 10:14:27 - [TEST_STEP][PASSED] - click(findTestObject("Object Repository/FSM1/Complete ABP Inspection/ABPR17 Backward Trace/Page_JClient/input_Yes_radio_group_57")): Object: 'Object Repository/FSM1/Complete ABP Inspection/ABPR17 Backward Trace/Page_JClient/input_Yes_radio_group_57' is clicked on

2019-01-26 10:14:27 - [MESSAGE][PASSED] - Object: 'Object Repository/FSM1/Complete ABP Inspection/ABPR17 Backward Trace/Page_JClient/input_Yes_radio_group_57' is clicked on

2019-01-26 10:14:27 - [TEST_STEP][PASSED] - delay(1): Delayed 1 second(s)

2019-01-26 10:14:28 - [MESSAGE][PASSED] - Delayed 1 second(s)

2019-01-26 10:14:28 - [TEST_STEP][PASSED] - mydate = new java.util.Date(): null

2019-01-26 10:14:28 - [TEST_STEP][PASSED] - formattedDate = mydate.format("dd/MM/yyyy"): null

2019-01-26 10:14:28 - [TEST_STEP][PASSED] - sendKeys(findTestObject("FSM1/Complete ABP Inspection/ABPR17 Backward Trace/Page_JClient/DateofDespatch"), formattedDate): Keys '26/01/2019' sent to object: 'Object Repository/FSM1/Complete ABP Inspection/ABPR17 Backward Trace/Page_JClient/DateofDespatch'

2019-01-26 10:14:29 - [MESSAGE][PASSED] - Keys '26/01/2019' sent to object: 'Object Repository/FSM1/Complete ABP Inspection/ABPR17 Backward Trace/Page_JClient/DateofDespatch'

2019-01-26 10:14:29 - [TEST_STEP][PASSED] - click(findTestObject("FSM1/Complete ABP Inspection/ABPR17 Backward Trace/Page_JClient/div_Save1")): Object: 'Object Repository/FSM1/Complete ABP Inspection/ABPR17 Backward Trace/Page_JClient/div_Save1' is clicked on

2019-01-26 10:14:29 - [MESSAGE][PASSED] - Object: 'Object Repository/FSM1/Complete ABP Inspection/ABPR17 Backward Trace/Page_JClient/div_Save1' is clicked on]]></system-out>
         <system-err><![CDATA[]]></system-err>
      </testcase>
      <testcase name="Test Cases/ABP/Generic/Complete ABP Inspection - ABPR18 Forward Trace - Not Completed" classname="Test Cases/ABP/Generic/Complete ABP Inspection - ABPR18 Forward Trace - Not Completed" status="PASSED">
         <system-out><![CDATA[2019-01-26 10:14:29 - [TEST_CASE][PASSED] - Test Cases/ABP/Generic/Complete ABP Inspection - ABPR18 Forward Trace - Not Completed: Test Cases/ABP/Generic/Complete ABP Inspection - ABPR18 Forward Trace - Not Completed

2019-01-26 10:14:29 - [TEST_STEP][PASSED] - delay(2): Delayed 2 second(s)

2019-01-26 10:14:31 - [MESSAGE][PASSED] - Delayed 2 second(s)

2019-01-26 10:14:31 - [TEST_STEP][PASSED] - click(findTestObject("FSM1/Complete ABP Inspection/ABP18 Forward Trace/Page_JClient/div_ABPR18 - Forward Trace1")): Object: 'Object Repository/FSM1/Complete ABP Inspection/ABP18 Forward Trace/Page_JClient/div_ABPR18 - Forward Trace1' is clicked on

2019-01-26 10:14:31 - [MESSAGE][PASSED] - Object: 'Object Repository/FSM1/Complete ABP Inspection/ABP18 Forward Trace/Page_JClient/div_ABPR18 - Forward Trace1' is clicked on

2019-01-26 10:14:31 - [TEST_STEP][PASSED] - delay(2): Delayed 2 second(s)

2019-01-26 10:14:33 - [MESSAGE][PASSED] - Delayed 2 second(s)

2019-01-26 10:14:33 - [TEST_STEP][PASSED] - click(findTestObject("Object Repository/FSM1/Complete ABP Inspection/ABP18 Forward Trace/Page_JClient/div_Create_GKH2EKQBDXB GKH2EKQ")): Object: 'Object Repository/FSM1/Complete ABP Inspection/ABP18 Forward Trace/Page_JClient/div_Create_GKH2EKQBDXB GKH2EKQ' is clicked on

2019-01-26 10:14:34 - [MESSAGE][PASSED] - Object: 'Object Repository/FSM1/Complete ABP Inspection/ABP18 Forward Trace/Page_JClient/div_Create_GKH2EKQBDXB GKH2EKQ' is clicked on

2019-01-26 10:14:34 - [TEST_STEP][PASSED] - delay(2): Delayed 2 second(s)

2019-01-26 10:14:36 - [MESSAGE][PASSED] - Delayed 2 second(s)

2019-01-26 10:14:36 - [TEST_STEP][PASSED] - verifyElementPresent(findTestObject("FSM1/Release22/Page_JClient/div_Name of Operator_18"), 2): Object 'Object Repository/FSM1/Release22/Page_JClient/div_Name of Operator_18' is present

2019-01-26 10:14:36 - [MESSAGE][PASSED] - Object 'Object Repository/FSM1/Release22/Page_JClient/div_Name of Operator_18' is present

2019-01-26 10:14:36 - [TEST_STEP][PASSED] - verifyElementPresent(findTestObject("FSM1/Release22/Page_JClient/div_Name of Operator_18_1"), 2): Object 'Object Repository/FSM1/Release22/Page_JClient/div_Name of Operator_18_1' is present

2019-01-26 10:14:36 - [MESSAGE][PASSED] - Object 'Object Repository/FSM1/Release22/Page_JClient/div_Name of Operator_18_1' is present

2019-01-26 10:14:36 - [TEST_STEP][PASSED] - click(findTestObject("Object Repository/FSM1/Complete ABP Inspection/ABP18 Forward Trace/Page_JClient/input_Is this inspection at th")): Object: 'Object Repository/FSM1/Complete ABP Inspection/ABP18 Forward Trace/Page_JClient/input_Is this inspection at th' is clicked on

2019-01-26 10:14:36 - [MESSAGE][PASSED] - Object: 'Object Repository/FSM1/Complete ABP Inspection/ABP18 Forward Trace/Page_JClient/input_Is this inspection at th' is clicked on

2019-01-26 10:14:36 - [TEST_STEP][PASSED] - setText(findTestObject("Object Repository/FSM1/Complete ABP Inspection/ABP18 Forward Trace/Page_JClient/input_Approval Number_gwt-Text"), "123"): Text '123' is set on object 'Object Repository/FSM1/Complete ABP Inspection/ABP18 Forward Trace/Page_JClient/input_Approval Number_gwt-Text'

2019-01-26 10:14:36 - [MESSAGE][PASSED] - Text '123' is set on object 'Object Repository/FSM1/Complete ABP Inspection/ABP18 Forward Trace/Page_JClient/input_Approval Number_gwt-Text'

2019-01-26 10:14:36 - [TEST_STEP][PASSED] - setText(findTestObject("Object Repository/FSM1/Complete ABP Inspection/ABP18 Forward Trace/Page_JClient/input_Premises Type_gwt-TextBo"), "Test automation"): Text 'Test automation' is set on object 'Object Repository/FSM1/Complete ABP Inspection/ABP18 Forward Trace/Page_JClient/input_Premises Type_gwt-TextBo'

2019-01-26 10:14:37 - [MESSAGE][PASSED] - Text 'Test automation' is set on object 'Object Repository/FSM1/Complete ABP Inspection/ABP18 Forward Trace/Page_JClient/input_Premises Type_gwt-TextBo'

2019-01-26 10:14:37 - [TEST_STEP][PASSED] - setText(findTestObject("FSM1/Complete ABP Inspection/ABP18 Forward Trace/Page_JClient/input_Name of Operator_gwt-Tex"), "Test automation"): Text 'Test automation' is set on object 'Object Repository/FSM1/Complete ABP Inspection/ABP18 Forward Trace/Page_JClient/input_Name of Operator_gwt-Tex'

2019-01-26 10:14:37 - [MESSAGE][PASSED] - Text 'Test automation' is set on object 'Object Repository/FSM1/Complete ABP Inspection/ABP18 Forward Trace/Page_JClient/input_Name of Operator_gwt-Tex'

2019-01-26 10:14:37 - [TEST_STEP][PASSED] - setText(findTestObject("Object Repository/FSM1/Complete ABP Inspection/ABP18 Forward Trace/Page_JClient/textarea_Address of premises_g"), "Test automation"): Text 'Test automation' is set on object 'Object Repository/FSM1/Complete ABP Inspection/ABP18 Forward Trace/Page_JClient/textarea_Address of premises_g'

2019-01-26 10:14:37 - [MESSAGE][PASSED] - Text 'Test automation' is set on object 'Object Repository/FSM1/Complete ABP Inspection/ABP18 Forward Trace/Page_JClient/textarea_Address of premises_g'

2019-01-26 10:14:37 - [TEST_STEP][PASSED] - setText(findTestObject("Object Repository/FSM1/Complete ABP Inspection/ABP18 Forward Trace/Page_JClient/input_Postcode_gwt-TextBox GKH"), "WR5 2NB"): Text 'WR5 2NB' is set on object 'Object Repository/FSM1/Complete ABP Inspection/ABP18 Forward Trace/Page_JClient/input_Postcode_gwt-TextBox GKH'

2019-01-26 10:14:38 - [MESSAGE][PASSED] - Text 'WR5 2NB' is set on object 'Object Repository/FSM1/Complete ABP Inspection/ABP18 Forward Trace/Page_JClient/input_Postcode_gwt-TextBox GKH'

2019-01-26 10:14:38 - [TEST_STEP][PASSED] - selectOptionByValue(findTestObject("Object Repository/FSM1/Complete ABP Inspection/ABP18 Forward Trace/Page_JClient/select_NorthScotlandSouthernWa"), "Scotland", true): All options with value 'Scotland' are selected in object 'Object Repository/FSM1/Complete ABP Inspection/ABP18 Forward Trace/Page_JClient/select_NorthScotlandSouthernWa'  using regular expression

2019-01-26 10:14:38 - [MESSAGE][PASSED] - All options with value 'Scotland' are selected in object 'Object Repository/FSM1/Complete ABP Inspection/ABP18 Forward Trace/Page_JClient/select_NorthScotlandSouthernWa'  using regular expression

2019-01-26 10:14:38 - [TEST_STEP][PASSED] - setText(findTestObject("Object Repository/FSM1/Complete ABP Inspection/ABP18 Forward Trace/Page_JClient/input_Name of haulier_gwt-Text"), "Test automation"): Text 'Test automation' is set on object 'Object Repository/FSM1/Complete ABP Inspection/ABP18 Forward Trace/Page_JClient/input_Name of haulier_gwt-Text'

2019-01-26 10:14:38 - [MESSAGE][PASSED] - Text 'Test automation' is set on object 'Object Repository/FSM1/Complete ABP Inspection/ABP18 Forward Trace/Page_JClient/input_Name of haulier_gwt-Text'

2019-01-26 10:14:38 - [TEST_STEP][PASSED] - setText(findTestObject("Object Repository/FSM1/Complete ABP Inspection/ABP18 Forward Trace/Page_JClient/textarea_Address of haulier_gw"), "Test automation"): Text 'Test automation' is set on object 'Object Repository/FSM1/Complete ABP Inspection/ABP18 Forward Trace/Page_JClient/textarea_Address of haulier_gw'

2019-01-26 10:14:39 - [MESSAGE][PASSED] - Text 'Test automation' is set on object 'Object Repository/FSM1/Complete ABP Inspection/ABP18 Forward Trace/Page_JClient/textarea_Address of haulier_gw'

2019-01-26 10:14:39 - [TEST_STEP][PASSED] - setText(findTestObject("FSM1/Complete ABP Inspection/ABP18 Forward Trace/Page_JClient/Postcode"), "WR5 2NB"): Text 'WR5 2NB' is set on object 'Object Repository/FSM1/Complete ABP Inspection/ABP18 Forward Trace/Page_JClient/Postcode'

2019-01-26 10:14:39 - [MESSAGE][PASSED] - Text 'WR5 2NB' is set on object 'Object Repository/FSM1/Complete ABP Inspection/ABP18 Forward Trace/Page_JClient/Postcode'

2019-01-26 10:14:39 - [TEST_STEP][PASSED] - setText(findTestObject("Object Repository/FSM1/Complete ABP Inspection/ABP18 Forward Trace/Page_JClient/input_Registration number (if"), "123"): Text '123' is set on object 'Object Repository/FSM1/Complete ABP Inspection/ABP18 Forward Trace/Page_JClient/input_Registration number (if'

2019-01-26 10:14:39 - [MESSAGE][PASSED] - Text '123' is set on object 'Object Repository/FSM1/Complete ABP Inspection/ABP18 Forward Trace/Page_JClient/input_Registration number (if'

2019-01-26 10:14:39 - [TEST_STEP][PASSED] - setText(findTestObject("Object Repository/FSM1/Complete ABP Inspection/ABP18 Forward Trace/Page_JClient/input_Reference No. of CD or o"), "987"): Text '987' is set on object 'Object Repository/FSM1/Complete ABP Inspection/ABP18 Forward Trace/Page_JClient/input_Reference No. of CD or o'

2019-01-26 10:14:39 - [MESSAGE][PASSED] - Text '987' is set on object 'Object Repository/FSM1/Complete ABP Inspection/ABP18 Forward Trace/Page_JClient/input_Reference No. of CD or o'

2019-01-26 10:14:39 - [TEST_STEP][PASSED] - setText(findTestObject("Object Repository/FSM1/Complete ABP Inspection/ABP18 Forward Trace/Page_JClient/textarea_Description of materi"), "Test automation"): Text 'Test automation' is set on object 'Object Repository/FSM1/Complete ABP Inspection/ABP18 Forward Trace/Page_JClient/textarea_Description of materi'

2019-01-26 10:14:40 - [MESSAGE][PASSED] - Text 'Test automation' is set on object 'Object Repository/FSM1/Complete ABP Inspection/ABP18 Forward Trace/Page_JClient/textarea_Description of materi'

2019-01-26 10:14:40 - [TEST_STEP][PASSED] - selectOptionByValue(findTestObject("Object Repository/FSM1/Complete ABP Inspection/ABP18 Forward Trace/Page_JClient/select_NACattleDeerFishGoatsPi"), "Goats", true): All options with value 'Goats' are selected in object 'Object Repository/FSM1/Complete ABP Inspection/ABP18 Forward Trace/Page_JClient/select_NACattleDeerFishGoatsPi'  using regular expression

2019-01-26 10:14:40 - [MESSAGE][PASSED] - All options with value 'Goats' are selected in object 'Object Repository/FSM1/Complete ABP Inspection/ABP18 Forward Trace/Page_JClient/select_NACattleDeerFishGoatsPi'  using regular expression

2019-01-26 10:14:40 - [TEST_STEP][PASSED] - setText(findTestObject("Object Repository/FSM1/Complete ABP Inspection/ABP18 Forward Trace/Page_JClient/input_Category_gwt-TextBox GKH"), "Test automation"): Text 'Test automation' is set on object 'Object Repository/FSM1/Complete ABP Inspection/ABP18 Forward Trace/Page_JClient/input_Category_gwt-TextBox GKH'

2019-01-26 10:14:40 - [MESSAGE][PASSED] - Text 'Test automation' is set on object 'Object Repository/FSM1/Complete ABP Inspection/ABP18 Forward Trace/Page_JClient/input_Category_gwt-TextBox GKH'

2019-01-26 10:14:40 - [TEST_STEP][PASSED] - setText(findTestObject("Object Repository/FSM1/Complete ABP Inspection/ABP18 Forward Trace/Page_JClient/input_Quantity_gwt-TextBox GKH"), "12abc"): Text '12abc' is set on object 'Object Repository/FSM1/Complete ABP Inspection/ABP18 Forward Trace/Page_JClient/input_Quantity_gwt-TextBox GKH'

2019-01-26 10:14:41 - [MESSAGE][PASSED] - Text '12abc' is set on object 'Object Repository/FSM1/Complete ABP Inspection/ABP18 Forward Trace/Page_JClient/input_Quantity_gwt-TextBox GKH'

2019-01-26 10:14:41 - [TEST_STEP][PASSED] - setText(findTestObject("Object Repository/FSM1/Complete ABP Inspection/ABP18 Forward Trace/Page_JClient/textarea_Any other relevant in"), "Test automation"): Text 'Test automation' is set on object 'Object Repository/FSM1/Complete ABP Inspection/ABP18 Forward Trace/Page_JClient/textarea_Any other relevant in'

2019-01-26 10:14:41 - [MESSAGE][PASSED] - Text 'Test automation' is set on object 'Object Repository/FSM1/Complete ABP Inspection/ABP18 Forward Trace/Page_JClient/textarea_Any other relevant in'

2019-01-26 10:14:41 - [TEST_STEP][PASSED] - click(findTestObject("Object Repository/FSM1/Complete ABP Inspection/ABP18 Forward Trace/Page_JClient/input_Any other relevant infor")): Object: 'Object Repository/FSM1/Complete ABP Inspection/ABP18 Forward Trace/Page_JClient/input_Any other relevant infor' is clicked on

2019-01-26 10:14:41 - [MESSAGE][PASSED] - Object: 'Object Repository/FSM1/Complete ABP Inspection/ABP18 Forward Trace/Page_JClient/input_Any other relevant infor' is clicked on

2019-01-26 10:14:41 - [TEST_STEP][PASSED] - setText(findTestObject("Object Repository/FSM1/Complete ABP Inspection/ABP18 Forward Trace/Page_JClient/textarea_If so give details_gw"), "Test automation"): Text 'Test automation' is set on object 'Object Repository/FSM1/Complete ABP Inspection/ABP18 Forward Trace/Page_JClient/textarea_If so give details_gw'

2019-01-26 10:14:42 - [MESSAGE][PASSED] - Text 'Test automation' is set on object 'Object Repository/FSM1/Complete ABP Inspection/ABP18 Forward Trace/Page_JClient/textarea_If so give details_gw'

2019-01-26 10:14:42 - [TEST_STEP][PASSED] - click(findTestObject("Object Repository/FSM1/Complete ABP Inspection/ABP18 Forward Trace/Page_JClient/input_Yes_radio_group_132")): Object: 'Object Repository/FSM1/Complete ABP Inspection/ABP18 Forward Trace/Page_JClient/input_Yes_radio_group_132' is clicked on

2019-01-26 10:14:42 - [MESSAGE][PASSED] - Object: 'Object Repository/FSM1/Complete ABP Inspection/ABP18 Forward Trace/Page_JClient/input_Yes_radio_group_132' is clicked on

2019-01-26 10:14:42 - [TEST_STEP][NOT_RUN] - click(findTestObject("Object Repository/FSM1/Complete ABP Inspection/ABP18 Forward Trace/Page_JClient/input_How was the trace carrie")): NOT_RUN: click(findTestObject("Object Repository/FSM1/Complete ABP Inspection/ABP18 Forward Trace/Page_JClient/input_How was the trace carrie"))

2019-01-26 10:14:42 - [MESSAGE][NOT_RUN] - NOT_RUN: click(findTestObject("Object Repository/FSM1/Complete ABP Inspection/ABP18 Forward Trace/Page_JClient/input_How was the trace carrie"))

2019-01-26 10:14:42 - [TEST_STEP][NOT_RUN] - click(findTestObject("Object Repository/FSM1/Complete ABP Inspection/ABP18 Forward Trace/Page_JClient/input_Outcome_radio_group_134")): NOT_RUN: click(findTestObject("Object Repository/FSM1/Complete ABP Inspection/ABP18 Forward Trace/Page_JClient/input_Outcome_radio_group_134"))

2019-01-26 10:14:42 - [MESSAGE][NOT_RUN] - NOT_RUN: click(findTestObject("Object Repository/FSM1/Complete ABP Inspection/ABP18 Forward Trace/Page_JClient/input_Outcome_radio_group_134"))

2019-01-26 10:14:42 - [TEST_STEP][NOT_RUN] - setText(findTestObject("Object Repository/FSM1/Complete ABP Inspection/ABP18 Forward Trace/Page_JClient/textarea_Give Details_gwt-Text"), "Test automation"): NOT_RUN: setText(findTestObject("Object Repository/FSM1/Complete ABP Inspection/ABP18 Forward Trace/Page_JClient/textarea_Give Details_gwt-Text"), "Test automation")

2019-01-26 10:14:42 - [MESSAGE][NOT_RUN] - NOT_RUN: setText(findTestObject("Object Repository/FSM1/Complete ABP Inspection/ABP18 Forward Trace/Page_JClient/textarea_Give Details_gwt-Text"), "Test automation")

2019-01-26 10:14:42 - [TEST_STEP][NOT_RUN] - setText(findTestObject("Object Repository/FSM1/Complete ABP Inspection/ABP18 Forward Trace/Page_JClient/textarea_Describe action taken"), "Test automation"): NOT_RUN: setText(findTestObject("Object Repository/FSM1/Complete ABP Inspection/ABP18 Forward Trace/Page_JClient/textarea_Describe action taken"), "Test automation")

2019-01-26 10:14:42 - [MESSAGE][NOT_RUN] - NOT_RUN: setText(findTestObject("Object Repository/FSM1/Complete ABP Inspection/ABP18 Forward Trace/Page_JClient/textarea_Describe action taken"), "Test automation")

2019-01-26 10:14:42 - [TEST_STEP][PASSED] - mydate = new java.util.Date(): null

2019-01-26 10:14:42 - [TEST_STEP][PASSED] - formattedDate = mydate.format("dd/MM/yyyy"): null

2019-01-26 10:14:42 - [TEST_STEP][PASSED] - sendKeys(findTestObject("FSM1/Complete ABP Inspection/ABP18 Forward Trace/Page_JClient/DateofDespatch"), formattedDate): Keys '26/01/2019' sent to object: 'Object Repository/FSM1/Complete ABP Inspection/ABP18 Forward Trace/Page_JClient/DateofDespatch'

2019-01-26 10:14:42 - [MESSAGE][PASSED] - Keys '26/01/2019' sent to object: 'Object Repository/FSM1/Complete ABP Inspection/ABP18 Forward Trace/Page_JClient/DateofDespatch'

2019-01-26 10:14:42 - [TEST_STEP][PASSED] - click(findTestObject("Object Repository/FSM1/Complete ABP Inspection/ABP18 Forward Trace/Page_JClient/div_Save")): Object: 'Object Repository/FSM1/Complete ABP Inspection/ABP18 Forward Trace/Page_JClient/div_Save' is clicked on

2019-01-26 10:14:42 - [MESSAGE][PASSED] - Object: 'Object Repository/FSM1/Complete ABP Inspection/ABP18 Forward Trace/Page_JClient/div_Save' is clicked on]]></system-out>
         <system-err><![CDATA[]]></system-err>
      </testcase>
      <testcase name="Test Cases/ABP/ABPR46/Complete Summary of Inspection - 46" classname="Test Cases/ABP/ABPR46/Complete Summary of Inspection - 46" status="PASSED">
         <system-out><![CDATA[2019-01-26 10:14:42 - [TEST_CASE][PASSED] - Test Cases/ABP/ABPR46/Complete Summary of Inspection - 46: Test Cases/ABP/ABPR46/Complete Summary of Inspection - 46

2019-01-26 10:14:43 - [TEST_STEP][PASSED] - click(findTestObject("Object Repository/FSM1/Complete ABP Inspection/ABPR46 and others/Page_JClient/div_ABPR46 - Summary of Inspec")): Object: 'Object Repository/FSM1/Complete ABP Inspection/ABPR46 and others/Page_JClient/div_ABPR46 - Summary of Inspec' is clicked on

2019-01-26 10:14:43 - [MESSAGE][PASSED] - Object: 'Object Repository/FSM1/Complete ABP Inspection/ABPR46 and others/Page_JClient/div_ABPR46 - Summary of Inspec' is clicked on

2019-01-26 10:14:43 - [TEST_STEP][PASSED] - delay(2): Delayed 2 second(s)

2019-01-26 10:14:45 - [MESSAGE][PASSED] - Delayed 2 second(s)

2019-01-26 10:14:45 - [TEST_STEP][PASSED] - selectOptionByValue(findTestObject("FSM1/Complete ABP Inspection/ABPR46 and others/Page_JClient/select_Structure"), "S", true): All options with value 'S' are selected in object 'Object Repository/FSM1/Complete ABP Inspection/ABPR46 and others/Page_JClient/select_Structure'  using regular expression

2019-01-26 10:14:45 - [MESSAGE][PASSED] - All options with value 'S' are selected in object 'Object Repository/FSM1/Complete ABP Inspection/ABPR46 and others/Page_JClient/select_Structure'  using regular expression

2019-01-26 10:14:45 - [TEST_STEP][PASSED] - selectOptionByValue(findTestObject("FSM1/Complete ABP Inspection/ABPR46 and others/Page_JClient/select_Operation"), "S", true): All options with value 'S' are selected in object 'Object Repository/FSM1/Complete ABP Inspection/ABPR46 and others/Page_JClient/select_Operation'  using regular expression

2019-01-26 10:14:46 - [MESSAGE][PASSED] - All options with value 'S' are selected in object 'Object Repository/FSM1/Complete ABP Inspection/ABPR46 and others/Page_JClient/select_Operation'  using regular expression

2019-01-26 10:14:46 - [TEST_STEP][PASSED] - selectOptionByValue(findTestObject("FSM1/Complete ABP Inspection/ABPR46 and others/Page_JClient/select_Records"), "S", true): All options with value 'S' are selected in object 'Object Repository/FSM1/Complete ABP Inspection/ABPR46 and others/Page_JClient/select_Records'  using regular expression

2019-01-26 10:14:46 - [MESSAGE][PASSED] - All options with value 'S' are selected in object 'Object Repository/FSM1/Complete ABP Inspection/ABPR46 and others/Page_JClient/select_Records'  using regular expression

2019-01-26 10:14:46 - [TEST_STEP][PASSED] - selectOptionByValue(findTestObject("FSM1/Complete ABP Inspection/ABPR46 and others/Page_JClient/select_SRM"), "S", true): All options with value 'S' are selected in object 'Object Repository/FSM1/Complete ABP Inspection/ABPR46 and others/Page_JClient/select_SRM'  using regular expression

2019-01-26 10:14:46 - [MESSAGE][PASSED] - All options with value 'S' are selected in object 'Object Repository/FSM1/Complete ABP Inspection/ABPR46 and others/Page_JClient/select_SRM'  using regular expression

2019-01-26 10:14:46 - [TEST_STEP][PASSED] - click(findTestObject("Object Repository/FSM1/Complete ABP Inspection/ABPR46 and others/Page_JClient/input_Yes_radio_group_154")): Object: 'Object Repository/FSM1/Complete ABP Inspection/ABPR46 and others/Page_JClient/input_Yes_radio_group_154' is clicked on

2019-01-26 10:14:46 - [MESSAGE][PASSED] - Object: 'Object Repository/FSM1/Complete ABP Inspection/ABPR46 and others/Page_JClient/input_Yes_radio_group_154' is clicked on

2019-01-26 10:14:46 - [TEST_STEP][PASSED] - selectOptionByValue(findTestObject("Object Repository/FSM1/Complete ABP Inspection/ABPR46 and others/Page_JClient/select_(a) Maintain approval f"), "Maintain approval for export", true): All options with value 'Maintain approval for export' are selected in object 'Object Repository/FSM1/Complete ABP Inspection/ABPR46 and others/Page_JClient/select_(a) Maintain approval f'  using regular expression

2019-01-26 10:14:47 - [MESSAGE][PASSED] - All options with value 'Maintain approval for export' are selected in object 'Object Repository/FSM1/Complete ABP Inspection/ABPR46 and others/Page_JClient/select_(a) Maintain approval f'  using regular expression

2019-01-26 10:14:47 - [TEST_STEP][PASSED] - click(findTestObject("Object Repository/FSM1/Complete ABP Inspection/ABPR46 and others/Page_JClient/input_Yes_radio_group_155")): Object: 'Object Repository/FSM1/Complete ABP Inspection/ABPR46 and others/Page_JClient/input_Yes_radio_group_155' is clicked on

2019-01-26 10:14:47 - [MESSAGE][PASSED] - Object: 'Object Repository/FSM1/Complete ABP Inspection/ABPR46 and others/Page_JClient/input_Yes_radio_group_155' is clicked on

2019-01-26 10:14:47 - [TEST_STEP][PASSED] - click(findTestObject("Object Repository/FSM1/Complete ABP Inspection/ABPR46 and others/Page_JClient/input_Are copies of all releva")): Object: 'Object Repository/FSM1/Complete ABP Inspection/ABPR46 and others/Page_JClient/input_Are copies of all releva' is clicked on

2019-01-26 10:14:47 - [MESSAGE][PASSED] - Object: 'Object Repository/FSM1/Complete ABP Inspection/ABPR46 and others/Page_JClient/input_Are copies of all releva' is clicked on

2019-01-26 10:14:47 - [TEST_STEP][PASSED] - click(findTestObject("Object Repository/FSM1/Complete ABP Inspection/ABPR46 and others/Page_JClient/input_Yes_radio_group_157")): Object: 'Object Repository/FSM1/Complete ABP Inspection/ABPR46 and others/Page_JClient/input_Yes_radio_group_157' is clicked on

2019-01-26 10:14:47 - [MESSAGE][PASSED] - Object: 'Object Repository/FSM1/Complete ABP Inspection/ABPR46 and others/Page_JClient/input_Yes_radio_group_157' is clicked on

2019-01-26 10:14:47 - [TEST_STEP][PASSED] - click(findTestObject("Object Repository/FSM1/Complete ABP Inspection/ABPR46 and others/Page_JClient/div_Save")): Object: 'Object Repository/FSM1/Complete ABP Inspection/ABPR46 and others/Page_JClient/div_Save' is clicked on

2019-01-26 10:14:47 - [MESSAGE][PASSED] - Object: 'Object Repository/FSM1/Complete ABP Inspection/ABPR46 and others/Page_JClient/div_Save' is clicked on]]></system-out>
         <system-err><![CDATA[]]></system-err>
      </testcase>
      <testcase name="Test Cases/ABP/ABPR46/Complete Inspection Details - 46" classname="Test Cases/ABP/ABPR46/Complete Inspection Details - 46" status="PASSED">
         <system-out><![CDATA[2019-01-26 10:14:47 - [TEST_CASE][PASSED] - Test Cases/ABP/ABPR46/Complete Inspection Details - 46: Test Cases/ABP/ABPR46/Complete Inspection Details - 46

2019-01-26 10:14:48 - [TEST_STEP][PASSED] - click(findTestObject("Object Repository/FSM1/Complete ABP Inspection/ABPR46 and others/Page_JClient/div_ABPR46 - Inspection Detail")): Object: 'Object Repository/FSM1/Complete ABP Inspection/ABPR46 and others/Page_JClient/div_ABPR46 - Inspection Detail' is clicked on

2019-01-26 10:14:48 - [MESSAGE][PASSED] - Object: 'Object Repository/FSM1/Complete ABP Inspection/ABPR46 and others/Page_JClient/div_ABPR46 - Inspection Detail' is clicked on

2019-01-26 10:14:48 - [TEST_STEP][PASSED] - delay(3): Delayed 3 second(s)

2019-01-26 10:14:51 - [MESSAGE][PASSED] - Delayed 3 second(s)

2019-01-26 10:14:51 - [TEST_STEP][PASSED] - click(findTestObject("Object Repository/FSM1/Complete ABP Inspection/ABPR46 and others/Page_JClient/input_Structural Requirements_")): Object: 'Object Repository/FSM1/Complete ABP Inspection/ABPR46 and others/Page_JClient/input_Structural Requirements_' is clicked on

2019-01-26 10:14:51 - [MESSAGE][PASSED] - Object: 'Object Repository/FSM1/Complete ABP Inspection/ABPR46 and others/Page_JClient/input_Structural Requirements_' is clicked on

2019-01-26 10:14:51 - [TEST_STEP][PASSED] - click(findTestObject("Object Repository/FSM1/Complete ABP Inspection/ABPR46 and others/Page_JClient/input_Not Checked_radio_group_")): Object: 'Object Repository/FSM1/Complete ABP Inspection/ABPR46 and others/Page_JClient/input_Not Checked_radio_group_' is clicked on

2019-01-26 10:14:51 - [MESSAGE][PASSED] - Object: 'Object Repository/FSM1/Complete ABP Inspection/ABPR46 and others/Page_JClient/input_Not Checked_radio_group_' is clicked on

2019-01-26 10:14:51 - [TEST_STEP][PASSED] - click(findTestObject("Object Repository/FSM1/Complete ABP Inspection/ABPR46 and others/Page_JClient/input_Not Checked_radio_group__1")): Object: 'Object Repository/FSM1/Complete ABP Inspection/ABPR46 and others/Page_JClient/input_Not Checked_radio_group__1' is clicked on

2019-01-26 10:14:52 - [MESSAGE][PASSED] - Object: 'Object Repository/FSM1/Complete ABP Inspection/ABPR46 and others/Page_JClient/input_Not Checked_radio_group__1' is clicked on

2019-01-26 10:14:52 - [TEST_STEP][PASSED] - click(findTestObject("Object Repository/FSM1/Complete ABP Inspection/ABPR46 and others/Page_JClient/input_Not Checked_radio_group__2")): Object: 'Object Repository/FSM1/Complete ABP Inspection/ABPR46 and others/Page_JClient/input_Not Checked_radio_group__2' is clicked on

2019-01-26 10:14:52 - [MESSAGE][PASSED] - Object: 'Object Repository/FSM1/Complete ABP Inspection/ABPR46 and others/Page_JClient/input_Not Checked_radio_group__2' is clicked on

2019-01-26 10:14:52 - [TEST_STEP][PASSED] - click(findTestObject("Object Repository/FSM1/Complete ABP Inspection/ABPR46 and others/Page_JClient/input_Not Checked_radio_group__3")): Object: 'Object Repository/FSM1/Complete ABP Inspection/ABPR46 and others/Page_JClient/input_Not Checked_radio_group__3' is clicked on

2019-01-26 10:14:52 - [MESSAGE][PASSED] - Object: 'Object Repository/FSM1/Complete ABP Inspection/ABPR46 and others/Page_JClient/input_Not Checked_radio_group__3' is clicked on

2019-01-26 10:14:52 - [TEST_STEP][PASSED] - click(findTestObject("Object Repository/FSM1/Complete ABP Inspection/ABPR46 and others/Page_JClient/input_Not Checked_radio_group__4")): Object: 'Object Repository/FSM1/Complete ABP Inspection/ABPR46 and others/Page_JClient/input_Not Checked_radio_group__4' is clicked on

2019-01-26 10:14:52 - [MESSAGE][PASSED] - Object: 'Object Repository/FSM1/Complete ABP Inspection/ABPR46 and others/Page_JClient/input_Not Checked_radio_group__4' is clicked on

2019-01-26 10:14:52 - [TEST_STEP][PASSED] - click(findTestObject("Object Repository/FSM1/Complete ABP Inspection/ABPR46 and others/Page_JClient/input_Not Checked_radio_group__5")): Object: 'Object Repository/FSM1/Complete ABP Inspection/ABPR46 and others/Page_JClient/input_Not Checked_radio_group__5' is clicked on

2019-01-26 10:14:52 - [MESSAGE][PASSED] - Object: 'Object Repository/FSM1/Complete ABP Inspection/ABPR46 and others/Page_JClient/input_Not Checked_radio_group__5' is clicked on

2019-01-26 10:14:52 - [TEST_STEP][PASSED] - click(findTestObject("Object Repository/FSM1/Complete ABP Inspection/ABPR46 and others/Page_JClient/input_Not Checked_radio_group__6")): Object: 'Object Repository/FSM1/Complete ABP Inspection/ABPR46 and others/Page_JClient/input_Not Checked_radio_group__6' is clicked on

2019-01-26 10:14:52 - [MESSAGE][PASSED] - Object: 'Object Repository/FSM1/Complete ABP Inspection/ABPR46 and others/Page_JClient/input_Not Checked_radio_group__6' is clicked on

2019-01-26 10:14:52 - [TEST_STEP][PASSED] - click(findTestObject("Object Repository/FSM1/Complete ABP Inspection/ABPR46 and others/Page_JClient/input_(i) Does drainage lead t")): Object: 'Object Repository/FSM1/Complete ABP Inspection/ABPR46 and others/Page_JClient/input_(i) Does drainage lead t' is clicked on

2019-01-26 10:14:53 - [MESSAGE][PASSED] - Object: 'Object Repository/FSM1/Complete ABP Inspection/ABPR46 and others/Page_JClient/input_(i) Does drainage lead t' is clicked on

2019-01-26 10:14:53 - [TEST_STEP][PASSED] - click(findTestObject("Object Repository/FSM1/Complete ABP Inspection/ABPR46 and others/Page_JClient/input_(ii) Does drainage lead")): Object: 'Object Repository/FSM1/Complete ABP Inspection/ABPR46 and others/Page_JClient/input_(ii) Does drainage lead' is clicked on

2019-01-26 10:14:53 - [MESSAGE][PASSED] - Object: 'Object Repository/FSM1/Complete ABP Inspection/ABPR46 and others/Page_JClient/input_(ii) Does drainage lead' is clicked on

2019-01-26 10:14:53 - [TEST_STEP][PASSED] - click(findTestObject("Object Repository/FSM1/Complete ABP Inspection/ABPR46 and others/Page_JClient/input_Not Checked_radio_group__7")): Object: 'Object Repository/FSM1/Complete ABP Inspection/ABPR46 and others/Page_JClient/input_Not Checked_radio_group__7' is clicked on

2019-01-26 10:14:53 - [MESSAGE][PASSED] - Object: 'Object Repository/FSM1/Complete ABP Inspection/ABPR46 and others/Page_JClient/input_Not Checked_radio_group__7' is clicked on

2019-01-26 10:14:53 - [TEST_STEP][PASSED] - click(findTestObject("Object Repository/FSM1/Complete ABP Inspection/ABPR46 and others/Page_JClient/input_State the capacity of th")): Object: 'Object Repository/FSM1/Complete ABP Inspection/ABPR46 and others/Page_JClient/input_State the capacity of th' is clicked on

2019-01-26 10:14:53 - [MESSAGE][PASSED] - Object: 'Object Repository/FSM1/Complete ABP Inspection/ABPR46 and others/Page_JClient/input_State the capacity of th' is clicked on

2019-01-26 10:14:53 - [TEST_STEP][PASSED] - click(findTestObject("Object Repository/FSM1/Complete ABP Inspection/ABPR46 and others/Page_JClient/input_Not Checked_radio_group__8")): Object: 'Object Repository/FSM1/Complete ABP Inspection/ABPR46 and others/Page_JClient/input_Not Checked_radio_group__8' is clicked on

2019-01-26 10:14:53 - [MESSAGE][PASSED] - Object: 'Object Repository/FSM1/Complete ABP Inspection/ABPR46 and others/Page_JClient/input_Not Checked_radio_group__8' is clicked on

2019-01-26 10:14:53 - [TEST_STEP][PASSED] - click(findTestObject("Object Repository/FSM1/Complete ABP Inspection/ABPR46 and others/Page_JClient/input_Not Checked_radio_group__9")): Object: 'Object Repository/FSM1/Complete ABP Inspection/ABPR46 and others/Page_JClient/input_Not Checked_radio_group__9' is clicked on

2019-01-26 10:14:53 - [MESSAGE][PASSED] - Object: 'Object Repository/FSM1/Complete ABP Inspection/ABPR46 and others/Page_JClient/input_Not Checked_radio_group__9' is clicked on

2019-01-26 10:14:53 - [TEST_STEP][PASSED] - click(findTestObject("Object Repository/FSM1/Complete ABP Inspection/ABPR46 and others/Page_JClient/input_Not Checked_radio_group__10")): Object: 'Object Repository/FSM1/Complete ABP Inspection/ABPR46 and others/Page_JClient/input_Not Checked_radio_group__10' is clicked on

2019-01-26 10:14:54 - [MESSAGE][PASSED] - Object: 'Object Repository/FSM1/Complete ABP Inspection/ABPR46 and others/Page_JClient/input_Not Checked_radio_group__10' is clicked on

2019-01-26 10:14:54 - [TEST_STEP][PASSED] - click(findTestObject("Object Repository/FSM1/Complete ABP Inspection/ABPR46 and others/Page_JClient/input_Not Checked_radio_group__11")): Object: 'Object Repository/FSM1/Complete ABP Inspection/ABPR46 and others/Page_JClient/input_Not Checked_radio_group__11' is clicked on

2019-01-26 10:14:54 - [MESSAGE][PASSED] - Object: 'Object Repository/FSM1/Complete ABP Inspection/ABPR46 and others/Page_JClient/input_Not Checked_radio_group__11' is clicked on

2019-01-26 10:14:54 - [TEST_STEP][PASSED] - click(findTestObject("Object Repository/FSM1/Complete ABP Inspection/ABPR46 and others/Page_JClient/input_Operational Requirements")): Object: 'Object Repository/FSM1/Complete ABP Inspection/ABPR46 and others/Page_JClient/input_Operational Requirements' is clicked on

2019-01-26 10:14:54 - [MESSAGE][PASSED] - Object: 'Object Repository/FSM1/Complete ABP Inspection/ABPR46 and others/Page_JClient/input_Operational Requirements' is clicked on

2019-01-26 10:14:54 - [TEST_STEP][PASSED] - click(findTestObject("Object Repository/FSM1/Complete ABP Inspection/ABPR46 and others/Page_JClient/input_(b) Hazard Analysis and")): Object: 'Object Repository/FSM1/Complete ABP Inspection/ABPR46 and others/Page_JClient/input_(b) Hazard Analysis and' is clicked on

2019-01-26 10:14:54 - [MESSAGE][PASSED] - Object: 'Object Repository/FSM1/Complete ABP Inspection/ABPR46 and others/Page_JClient/input_(b) Hazard Analysis and' is clicked on

2019-01-26 10:14:54 - [TEST_STEP][PASSED] - click(findTestObject("Object Repository/FSM1/Complete ABP Inspection/ABPR46 and others/Page_JClient/input_(c) Cleaning Programme_r")): Object: 'Object Repository/FSM1/Complete ABP Inspection/ABPR46 and others/Page_JClient/input_(c) Cleaning Programme_r' is clicked on

2019-01-26 10:14:54 - [MESSAGE][PASSED] - Object: 'Object Repository/FSM1/Complete ABP Inspection/ABPR46 and others/Page_JClient/input_(c) Cleaning Programme_r' is clicked on

2019-01-26 10:14:54 - [TEST_STEP][PASSED] - click(findTestObject("Object Repository/FSM1/Complete ABP Inspection/ABPR46 and others/Page_JClient/input_(d) Procedure for dealin")): Object: 'Object Repository/FSM1/Complete ABP Inspection/ABPR46 and others/Page_JClient/input_(d) Procedure for dealin' is clicked on

2019-01-26 10:14:54 - [MESSAGE][PASSED] - Object: 'Object Repository/FSM1/Complete ABP Inspection/ABPR46 and others/Page_JClient/input_(d) Procedure for dealin' is clicked on

2019-01-26 10:14:54 - [TEST_STEP][PASSED] - click(findTestObject("Object Repository/FSM1/Complete ABP Inspection/ABPR46 and others/Page_JClient/input_Not Checked_radio_group__12")): Object: 'Object Repository/FSM1/Complete ABP Inspection/ABPR46 and others/Page_JClient/input_Not Checked_radio_group__12' is clicked on

2019-01-26 10:14:54 - [MESSAGE][PASSED] - Object: 'Object Repository/FSM1/Complete ABP Inspection/ABPR46 and others/Page_JClient/input_Not Checked_radio_group__12' is clicked on

2019-01-26 10:14:54 - [TEST_STEP][PASSED] - click(findTestObject("Object Repository/FSM1/Complete ABP Inspection/ABPR46 and others/Page_JClient/input_Not Checked_radio_group__13")): Object: 'Object Repository/FSM1/Complete ABP Inspection/ABPR46 and others/Page_JClient/input_Not Checked_radio_group__13' is clicked on

2019-01-26 10:14:55 - [MESSAGE][PASSED] - Object: 'Object Repository/FSM1/Complete ABP Inspection/ABPR46 and others/Page_JClient/input_Not Checked_radio_group__13' is clicked on

2019-01-26 10:14:55 - [TEST_STEP][PASSED] - setText(findTestObject("Object Repository/FSM1/Complete ABP Inspection/ABPR46 and others/Page_JClient/textarea_Describe the separati"), "Test automation"): Text 'Test automation' is set on object 'Object Repository/FSM1/Complete ABP Inspection/ABPR46 and others/Page_JClient/textarea_Describe the separati'

2019-01-26 10:14:55 - [MESSAGE][PASSED] - Text 'Test automation' is set on object 'Object Repository/FSM1/Complete ABP Inspection/ABPR46 and others/Page_JClient/textarea_Describe the separati'

2019-01-26 10:14:55 - [TEST_STEP][PASSED] - click(findTestObject("Object Repository/FSM1/Complete ABP Inspection/ABPR46 and others/Page_JClient/input_Describe the separation")): Object: 'Object Repository/FSM1/Complete ABP Inspection/ABPR46 and others/Page_JClient/input_Describe the separation' is clicked on

2019-01-26 10:14:55 - [MESSAGE][PASSED] - Object: 'Object Repository/FSM1/Complete ABP Inspection/ABPR46 and others/Page_JClient/input_Describe the separation' is clicked on

2019-01-26 10:14:55 - [TEST_STEP][PASSED] - click(findTestObject("Object Repository/FSM1/Complete ABP Inspection/ABPR46 and others/Page_JClient/input_Not Checked_radio_group__14")): Object: 'Object Repository/FSM1/Complete ABP Inspection/ABPR46 and others/Page_JClient/input_Not Checked_radio_group__14' is clicked on

2019-01-26 10:14:55 - [MESSAGE][PASSED] - Object: 'Object Repository/FSM1/Complete ABP Inspection/ABPR46 and others/Page_JClient/input_Not Checked_radio_group__14' is clicked on

2019-01-26 10:14:55 - [TEST_STEP][PASSED] - click(findTestObject("Object Repository/FSM1/Complete ABP Inspection/ABPR46 and others/Page_JClient/input_Records_radio_group_215")): Object: 'Object Repository/FSM1/Complete ABP Inspection/ABPR46 and others/Page_JClient/input_Records_radio_group_215' is clicked on

2019-01-26 10:14:55 - [MESSAGE][PASSED] - Object: 'Object Repository/FSM1/Complete ABP Inspection/ABPR46 and others/Page_JClient/input_Records_radio_group_215' is clicked on

2019-01-26 10:14:55 - [TEST_STEP][PASSED] - click(findTestObject("Object Repository/FSM1/Complete ABP Inspection/ABPR46 and others/Page_JClient/input_If records have not been")): Object: 'Object Repository/FSM1/Complete ABP Inspection/ABPR46 and others/Page_JClient/input_If records have not been' is clicked on

2019-01-26 10:14:56 - [MESSAGE][PASSED] - Object: 'Object Repository/FSM1/Complete ABP Inspection/ABPR46 and others/Page_JClient/input_If records have not been' is clicked on

2019-01-26 10:14:56 - [TEST_STEP][PASSED] - click(findTestObject("Object Repository/FSM1/Complete ABP Inspection/ABPR46 and others/Page_JClient/input_Not Checked_radio_group__15")): Object: 'Object Repository/FSM1/Complete ABP Inspection/ABPR46 and others/Page_JClient/input_Not Checked_radio_group__15' is clicked on

2019-01-26 10:14:56 - [MESSAGE][PASSED] - Object: 'Object Repository/FSM1/Complete ABP Inspection/ABPR46 and others/Page_JClient/input_Not Checked_radio_group__15' is clicked on

2019-01-26 10:14:56 - [TEST_STEP][PASSED] - setText(findTestObject("Object Repository/FSM1/Complete ABP Inspection/ABPR46 and others/Page_JClient/textarea_Describe the method o"), "Test automation"): Text 'Test automation' is set on object 'Object Repository/FSM1/Complete ABP Inspection/ABPR46 and others/Page_JClient/textarea_Describe the method o'

2019-01-26 10:14:56 - [MESSAGE][PASSED] - Text 'Test automation' is set on object 'Object Repository/FSM1/Complete ABP Inspection/ABPR46 and others/Page_JClient/textarea_Describe the method o'

2019-01-26 10:14:56 - [TEST_STEP][PASSED] - click(findTestObject("Object Repository/FSM1/Complete ABP Inspection/ABPR46 and others/Page_JClient/input_Describe the method of h")): Object: 'Object Repository/FSM1/Complete ABP Inspection/ABPR46 and others/Page_JClient/input_Describe the method of h' is clicked on

2019-01-26 10:14:56 - [MESSAGE][PASSED] - Object: 'Object Repository/FSM1/Complete ABP Inspection/ABPR46 and others/Page_JClient/input_Describe the method of h' is clicked on

2019-01-26 10:14:56 - [TEST_STEP][PASSED] - click(findTestObject("Object Repository/FSM1/Complete ABP Inspection/ABPR46 and others/Page_JClient/input_Transport_radio_group_21")): Object: 'Object Repository/FSM1/Complete ABP Inspection/ABPR46 and others/Page_JClient/input_Transport_radio_group_21' is clicked on

2019-01-26 10:14:56 - [MESSAGE][PASSED] - Object: 'Object Repository/FSM1/Complete ABP Inspection/ABPR46 and others/Page_JClient/input_Transport_radio_group_21' is clicked on

2019-01-26 10:14:56 - [TEST_STEP][PASSED] - click(findTestObject("Object Repository/FSM1/Complete ABP Inspection/ABPR46 and others/Page_JClient/input_Not Checked_radio_group__16")): Object: 'Object Repository/FSM1/Complete ABP Inspection/ABPR46 and others/Page_JClient/input_Not Checked_radio_group__16' is clicked on

2019-01-26 10:14:57 - [MESSAGE][PASSED] - Object: 'Object Repository/FSM1/Complete ABP Inspection/ABPR46 and others/Page_JClient/input_Not Checked_radio_group__16' is clicked on

2019-01-26 10:14:57 - [TEST_STEP][PASSED] - click(findTestObject("Object Repository/FSM1/Complete ABP Inspection/ABPR46 and others/Page_JClient/input_Not Checked_radio_group__17")): Object: 'Object Repository/FSM1/Complete ABP Inspection/ABPR46 and others/Page_JClient/input_Not Checked_radio_group__17' is clicked on

2019-01-26 10:14:57 - [MESSAGE][PASSED] - Object: 'Object Repository/FSM1/Complete ABP Inspection/ABPR46 and others/Page_JClient/input_Not Checked_radio_group__17' is clicked on

2019-01-26 10:14:57 - [TEST_STEP][PASSED] - click(findTestObject("Object Repository/FSM1/Complete ABP Inspection/ABPR46 and others/Page_JClient/input_Not Checked_radio_group__18")): Object: 'Object Repository/FSM1/Complete ABP Inspection/ABPR46 and others/Page_JClient/input_Not Checked_radio_group__18' is clicked on

2019-01-26 10:14:57 - [MESSAGE][PASSED] - Object: 'Object Repository/FSM1/Complete ABP Inspection/ABPR46 and others/Page_JClient/input_Not Checked_radio_group__18' is clicked on

2019-01-26 10:14:57 - [TEST_STEP][PASSED] - click(findTestObject("Object Repository/FSM1/Complete ABP Inspection/ABPR46 and others/Page_JClient/input_Not Checked_radio_group__19")): Object: 'Object Repository/FSM1/Complete ABP Inspection/ABPR46 and others/Page_JClient/input_Not Checked_radio_group__19' is clicked on

2019-01-26 10:14:57 - [MESSAGE][PASSED] - Object: 'Object Repository/FSM1/Complete ABP Inspection/ABPR46 and others/Page_JClient/input_Not Checked_radio_group__19' is clicked on

2019-01-26 10:14:57 - [TEST_STEP][PASSED] - click(findTestObject("FSM1/Complete ABP Inspection/ABPR46 and others/Page_JClient/div_Save_46_insp")): Object: 'Object Repository/FSM1/Complete ABP Inspection/ABPR46 and others/Page_JClient/div_Save_46_insp' is clicked on

2019-01-26 10:14:57 - [MESSAGE][PASSED] - Object: 'Object Repository/FSM1/Complete ABP Inspection/ABPR46 and others/Page_JClient/div_Save_46_insp' is clicked on]]></system-out>
         <system-err><![CDATA[]]></system-err>
      </testcase>
      <testcase name="Test Cases/ABP/ABPR12a/Complete Summary of Inspection - 12a" classname="Test Cases/ABP/ABPR12a/Complete Summary of Inspection - 12a" status="PASSED">
         <system-out><![CDATA[2019-01-26 10:14:57 - [TEST_CASE][PASSED] - Test Cases/ABP/ABPR12a/Complete Summary of Inspection - 12a: Test Cases/ABP/ABPR12a/Complete Summary of Inspection - 12a

2019-01-26 10:14:58 - [TEST_STEP][PASSED] - click(findTestObject("Object Repository/FSM1/Complete ABP Inspection/ABPR46 and others/Page_JClient/div_ABPR12A - Summary of Inspe")): Object: 'Object Repository/FSM1/Complete ABP Inspection/ABPR46 and others/Page_JClient/div_ABPR12A - Summary of Inspe' is clicked on

2019-01-26 10:14:58 - [MESSAGE][PASSED] - Object: 'Object Repository/FSM1/Complete ABP Inspection/ABPR46 and others/Page_JClient/div_ABPR12A - Summary of Inspe' is clicked on

2019-01-26 10:14:58 - [TEST_STEP][PASSED] - delay(3): Delayed 3 second(s)

2019-01-26 10:15:01 - [MESSAGE][PASSED] - Delayed 3 second(s)

2019-01-26 10:15:01 - [TEST_STEP][PASSED] - click(findTestObject("Object Repository/FSM1/Complete ABP Inspection/ABPR46 and others/Page_JClient/input_Map reference validated")): Object: 'Object Repository/FSM1/Complete ABP Inspection/ABPR46 and others/Page_JClient/input_Map reference validated' is clicked on

2019-01-26 10:15:01 - [MESSAGE][PASSED] - Object: 'Object Repository/FSM1/Complete ABP Inspection/ABPR46 and others/Page_JClient/input_Map reference validated' is clicked on

2019-01-26 10:15:01 - [TEST_STEP][PASSED] - click(findTestObject("Object Repository/FSM1/Complete ABP Inspection/ABPR46 and others/Page_JClient/input_Premises approved as_gwt")): Object: 'Object Repository/FSM1/Complete ABP Inspection/ABPR46 and others/Page_JClient/input_Premises approved as_gwt' is clicked on

2019-01-26 10:15:01 - [MESSAGE][PASSED] - Object: 'Object Repository/FSM1/Complete ABP Inspection/ABPR46 and others/Page_JClient/input_Premises approved as_gwt' is clicked on

2019-01-26 10:15:01 - [TEST_STEP][PASSED] - click(findTestObject("Object Repository/FSM1/Complete ABP Inspection/ABPR46 and others/Page_JClient/input_Brain stem sampling site")): Object: 'Object Repository/FSM1/Complete ABP Inspection/ABPR46 and others/Page_JClient/input_Brain stem sampling site' is clicked on

2019-01-26 10:15:01 - [MESSAGE][PASSED] - Object: 'Object Repository/FSM1/Complete ABP Inspection/ABPR46 and others/Page_JClient/input_Brain stem sampling site' is clicked on

2019-01-26 10:15:01 - [TEST_STEP][PASSED] - selectOptionByValue(findTestObject("FSM1/Complete ABP Inspection/ABPR46 and others/12a/Page_JClient/select_Structure"), "S", true): All options with value 'S' are selected in object 'Object Repository/FSM1/Complete ABP Inspection/ABPR46 and others/12a/Page_JClient/select_Structure'  using regular expression

2019-01-26 10:15:02 - [MESSAGE][PASSED] - All options with value 'S' are selected in object 'Object Repository/FSM1/Complete ABP Inspection/ABPR46 and others/12a/Page_JClient/select_Structure'  using regular expression

2019-01-26 10:15:02 - [TEST_STEP][PASSED] - selectOptionByValue(findTestObject("FSM1/Complete ABP Inspection/ABPR46 and others/12a/Page_JClient/select_Operation"), "S", true): All options with value 'S' are selected in object 'Object Repository/FSM1/Complete ABP Inspection/ABPR46 and others/12a/Page_JClient/select_Operation'  using regular expression

2019-01-26 10:15:02 - [MESSAGE][PASSED] - All options with value 'S' are selected in object 'Object Repository/FSM1/Complete ABP Inspection/ABPR46 and others/12a/Page_JClient/select_Operation'  using regular expression

2019-01-26 10:15:02 - [TEST_STEP][PASSED] - selectOptionByValue(findTestObject("FSM1/Complete ABP Inspection/ABPR46 and others/12a/Page_JClient/select_Records"), "S", true): All options with value 'S' are selected in object 'Object Repository/FSM1/Complete ABP Inspection/ABPR46 and others/12a/Page_JClient/select_Records'  using regular expression

2019-01-26 10:15:02 - [MESSAGE][PASSED] - All options with value 'S' are selected in object 'Object Repository/FSM1/Complete ABP Inspection/ABPR46 and others/12a/Page_JClient/select_Records'  using regular expression

2019-01-26 10:15:02 - [TEST_STEP][PASSED] - selectOptionByValue(findTestObject("FSM1/Complete ABP Inspection/ABPR46 and others/12a/Page_JClient/select_SRM"), "S", true): All options with value 'S' are selected in object 'Object Repository/FSM1/Complete ABP Inspection/ABPR46 and others/12a/Page_JClient/select_SRM'  using regular expression

2019-01-26 10:15:03 - [MESSAGE][PASSED] - All options with value 'S' are selected in object 'Object Repository/FSM1/Complete ABP Inspection/ABPR46 and others/12a/Page_JClient/select_SRM'  using regular expression

2019-01-26 10:15:03 - [TEST_STEP][PASSED] - click(findTestObject("Object Repository/FSM1/Complete ABP Inspection/ABPR46 and others/Page_JClient/input_Yes_radio_group_246")): Object: 'Object Repository/FSM1/Complete ABP Inspection/ABPR46 and others/Page_JClient/input_Yes_radio_group_246' is clicked on

2019-01-26 10:15:03 - [MESSAGE][PASSED] - Object: 'Object Repository/FSM1/Complete ABP Inspection/ABPR46 and others/Page_JClient/input_Yes_radio_group_246' is clicked on

2019-01-26 10:15:03 - [TEST_STEP][PASSED] - selectOptionByValue(findTestObject("Object Repository/FSM1/Complete ABP Inspection/ABPR46 and others/Page_JClient/select_(a) Continue with curre"), "Continue with current approval", true): All options with value 'Continue with current approval' are selected in object 'Object Repository/FSM1/Complete ABP Inspection/ABPR46 and others/Page_JClient/select_(a) Continue with curre'  using regular expression

2019-01-26 10:15:03 - [MESSAGE][PASSED] - All options with value 'Continue with current approval' are selected in object 'Object Repository/FSM1/Complete ABP Inspection/ABPR46 and others/Page_JClient/select_(a) Continue with curre'  using regular expression

2019-01-26 10:15:03 - [TEST_STEP][PASSED] - click(findTestObject("Object Repository/FSM1/Complete ABP Inspection/ABPR46 and others/Page_JClient/input_Yes_radio_group_247")): Object: 'Object Repository/FSM1/Complete ABP Inspection/ABPR46 and others/Page_JClient/input_Yes_radio_group_247' is clicked on

2019-01-26 10:15:03 - [MESSAGE][PASSED] - Object: 'Object Repository/FSM1/Complete ABP Inspection/ABPR46 and others/Page_JClient/input_Yes_radio_group_247' is clicked on

2019-01-26 10:15:03 - [TEST_STEP][PASSED] - click(findTestObject("Object Repository/FSM1/Complete ABP Inspection/ABPR46 and others/Page_JClient/input_Are copies of all releva_1")): Object: 'Object Repository/FSM1/Complete ABP Inspection/ABPR46 and others/Page_JClient/input_Are copies of all releva_1' is clicked on

2019-01-26 10:15:03 - [MESSAGE][PASSED] - Object: 'Object Repository/FSM1/Complete ABP Inspection/ABPR46 and others/Page_JClient/input_Are copies of all releva_1' is clicked on

2019-01-26 10:15:03 - [TEST_STEP][PASSED] - click(findTestObject("Object Repository/FSM1/Complete ABP Inspection/ABPR46 and others/Page_JClient/input_Yes_radio_group_249")): Object: 'Object Repository/FSM1/Complete ABP Inspection/ABPR46 and others/Page_JClient/input_Yes_radio_group_249' is clicked on

2019-01-26 10:15:03 - [MESSAGE][PASSED] - Object: 'Object Repository/FSM1/Complete ABP Inspection/ABPR46 and others/Page_JClient/input_Yes_radio_group_249' is clicked on

2019-01-26 10:15:03 - [TEST_STEP][PASSED] - click(findTestObject("FSM1/Complete ABP Inspection/ABPR46 and others/Page_JClient/div_Save_1")): Object: 'Object Repository/FSM1/Complete ABP Inspection/ABPR46 and others/Page_JClient/div_Save_1' is clicked on

2019-01-26 10:15:04 - [MESSAGE][PASSED] - Object: 'Object Repository/FSM1/Complete ABP Inspection/ABPR46 and others/Page_JClient/div_Save_1' is clicked on]]></system-out>
         <system-err><![CDATA[]]></system-err>
      </testcase>
      <testcase name="Test Cases/ABP/ABPR12a/Complete Inspection Details - 12a" classname="Test Cases/ABP/ABPR12a/Complete Inspection Details - 12a" status="PASSED">
         <system-out><![CDATA[2019-01-26 10:15:04 - [TEST_CASE][PASSED] - Test Cases/ABP/ABPR12a/Complete Inspection Details - 12a: Test Cases/ABP/ABPR12a/Complete Inspection Details - 12a

2019-01-26 10:15:04 - [TEST_STEP][PASSED] - click(findTestObject("Object Repository/FSM1/Complete ABP Inspection/ABPR46 and others/Page_JClient/div_ABPR12A - Inspection Detai")): Object: 'Object Repository/FSM1/Complete ABP Inspection/ABPR46 and others/Page_JClient/div_ABPR12A - Inspection Detai' is clicked on

2019-01-26 10:15:04 - [MESSAGE][PASSED] - Object: 'Object Repository/FSM1/Complete ABP Inspection/ABPR46 and others/Page_JClient/div_ABPR12A - Inspection Detai' is clicked on

2019-01-26 10:15:04 - [TEST_STEP][PASSED] - delay(3): Delayed 3 second(s)

2019-01-26 10:15:07 - [MESSAGE][PASSED] - Delayed 3 second(s)

2019-01-26 10:15:07 - [TEST_STEP][PASSED] - click(findTestObject("Object Repository/FSM1/Complete ABP Inspection/ABPR46 and others/Page_JClient/input_Facilities_radio_group_2")): Object: 'Object Repository/FSM1/Complete ABP Inspection/ABPR46 and others/Page_JClient/input_Facilities_radio_group_2' is clicked on

2019-01-26 10:15:08 - [MESSAGE][PASSED] - Object: 'Object Repository/FSM1/Complete ABP Inspection/ABPR46 and others/Page_JClient/input_Facilities_radio_group_2' is clicked on

2019-01-26 10:15:08 - [TEST_STEP][PASSED] - click(findTestObject("Object Repository/FSM1/Complete ABP Inspection/ABPR46 and others/Page_JClient/input_Not Checked_radio_group__20")): Object: 'Object Repository/FSM1/Complete ABP Inspection/ABPR46 and others/Page_JClient/input_Not Checked_radio_group__20' is clicked on

2019-01-26 10:15:08 - [MESSAGE][PASSED] - Object: 'Object Repository/FSM1/Complete ABP Inspection/ABPR46 and others/Page_JClient/input_Not Checked_radio_group__20' is clicked on

2019-01-26 10:15:08 - [TEST_STEP][PASSED] - click(findTestObject("Object Repository/FSM1/Complete ABP Inspection/ABPR46 and others/Page_JClient/input_Not Checked_radio_group__21")): Object: 'Object Repository/FSM1/Complete ABP Inspection/ABPR46 and others/Page_JClient/input_Not Checked_radio_group__21' is clicked on

2019-01-26 10:15:08 - [MESSAGE][PASSED] - Object: 'Object Repository/FSM1/Complete ABP Inspection/ABPR46 and others/Page_JClient/input_Not Checked_radio_group__21' is clicked on

2019-01-26 10:15:08 - [TEST_STEP][PASSED] - click(findTestObject("Object Repository/FSM1/Complete ABP Inspection/ABPR46 and others/Page_JClient/input_Not Checked_radio_group__22")): Object: 'Object Repository/FSM1/Complete ABP Inspection/ABPR46 and others/Page_JClient/input_Not Checked_radio_group__22' is clicked on

2019-01-26 10:15:08 - [MESSAGE][PASSED] - Object: 'Object Repository/FSM1/Complete ABP Inspection/ABPR46 and others/Page_JClient/input_Not Checked_radio_group__22' is clicked on

2019-01-26 10:15:08 - [TEST_STEP][PASSED] - click(findTestObject("Object Repository/FSM1/Complete ABP Inspection/ABPR46 and others/Page_JClient/input_Not Checked_radio_group__23")): Object: 'Object Repository/FSM1/Complete ABP Inspection/ABPR46 and others/Page_JClient/input_Not Checked_radio_group__23' is clicked on

2019-01-26 10:15:08 - [MESSAGE][PASSED] - Object: 'Object Repository/FSM1/Complete ABP Inspection/ABPR46 and others/Page_JClient/input_Not Checked_radio_group__23' is clicked on

2019-01-26 10:15:08 - [TEST_STEP][PASSED] - click(findTestObject("Object Repository/FSM1/Complete ABP Inspection/ABPR46 and others/Page_JClient/input_Not Checked_radio_group__24")): Object: 'Object Repository/FSM1/Complete ABP Inspection/ABPR46 and others/Page_JClient/input_Not Checked_radio_group__24' is clicked on

2019-01-26 10:15:08 - [MESSAGE][PASSED] - Object: 'Object Repository/FSM1/Complete ABP Inspection/ABPR46 and others/Page_JClient/input_Not Checked_radio_group__24' is clicked on

2019-01-26 10:15:08 - [TEST_STEP][PASSED] - click(findTestObject("Object Repository/FSM1/Complete ABP Inspection/ABPR46 and others/Page_JClient/input_Not Checked_radio_group__25")): Object: 'Object Repository/FSM1/Complete ABP Inspection/ABPR46 and others/Page_JClient/input_Not Checked_radio_group__25' is clicked on

2019-01-26 10:15:08 - [MESSAGE][PASSED] - Object: 'Object Repository/FSM1/Complete ABP Inspection/ABPR46 and others/Page_JClient/input_Not Checked_radio_group__25' is clicked on

2019-01-26 10:15:08 - [TEST_STEP][PASSED] - click(findTestObject("Object Repository/FSM1/Complete ABP Inspection/ABPR46 and others/Page_JClient/input_Not Checked_radio_group__26")): Object: 'Object Repository/FSM1/Complete ABP Inspection/ABPR46 and others/Page_JClient/input_Not Checked_radio_group__26' is clicked on

2019-01-26 10:15:09 - [MESSAGE][PASSED] - Object: 'Object Repository/FSM1/Complete ABP Inspection/ABPR46 and others/Page_JClient/input_Not Checked_radio_group__26' is clicked on

2019-01-26 10:15:09 - [TEST_STEP][PASSED] - click(findTestObject("Object Repository/FSM1/Complete ABP Inspection/ABPR46 and others/Page_JClient/input_Not Checked_radio_group__27")): Object: 'Object Repository/FSM1/Complete ABP Inspection/ABPR46 and others/Page_JClient/input_Not Checked_radio_group__27' is clicked on

2019-01-26 10:15:09 - [MESSAGE][PASSED] - Object: 'Object Repository/FSM1/Complete ABP Inspection/ABPR46 and others/Page_JClient/input_Not Checked_radio_group__27' is clicked on

2019-01-26 10:15:09 - [TEST_STEP][PASSED] - click(findTestObject("Object Repository/FSM1/Complete ABP Inspection/ABPR46 and others/Page_JClient/input_Operations_radio_group_2")): Object: 'Object Repository/FSM1/Complete ABP Inspection/ABPR46 and others/Page_JClient/input_Operations_radio_group_2' is clicked on

2019-01-26 10:15:09 - [MESSAGE][PASSED] - Object: 'Object Repository/FSM1/Complete ABP Inspection/ABPR46 and others/Page_JClient/input_Operations_radio_group_2' is clicked on

2019-01-26 10:15:09 - [TEST_STEP][PASSED] - click(findTestObject("Object Repository/FSM1/Complete ABP Inspection/ABPR46 and others/Page_JClient/input_Not Checked_radio_group__28")): Object: 'Object Repository/FSM1/Complete ABP Inspection/ABPR46 and others/Page_JClient/input_Not Checked_radio_group__28' is clicked on

2019-01-26 10:15:09 - [MESSAGE][PASSED] - Object: 'Object Repository/FSM1/Complete ABP Inspection/ABPR46 and others/Page_JClient/input_Not Checked_radio_group__28' is clicked on

2019-01-26 10:15:09 - [TEST_STEP][PASSED] - click(findTestObject("Object Repository/FSM1/Complete ABP Inspection/ABPR46 and others/Page_JClient/input_Not Checked_radio_group__29")): Object: 'Object Repository/FSM1/Complete ABP Inspection/ABPR46 and others/Page_JClient/input_Not Checked_radio_group__29' is clicked on

2019-01-26 10:15:09 - [MESSAGE][PASSED] - Object: 'Object Repository/FSM1/Complete ABP Inspection/ABPR46 and others/Page_JClient/input_Not Checked_radio_group__29' is clicked on

2019-01-26 10:15:09 - [TEST_STEP][PASSED] - click(findTestObject("Object Repository/FSM1/Complete ABP Inspection/ABPR46 and others/Page_JClient/input_Not Checked_radio_group__30")): Object: 'Object Repository/FSM1/Complete ABP Inspection/ABPR46 and others/Page_JClient/input_Not Checked_radio_group__30' is clicked on

2019-01-26 10:15:09 - [MESSAGE][PASSED] - Object: 'Object Repository/FSM1/Complete ABP Inspection/ABPR46 and others/Page_JClient/input_Not Checked_radio_group__30' is clicked on

2019-01-26 10:15:09 - [TEST_STEP][PASSED] - click(findTestObject("Object Repository/FSM1/Complete ABP Inspection/ABPR46 and others/Page_JClient/input_Not Checked_radio_group__31")): Object: 'Object Repository/FSM1/Complete ABP Inspection/ABPR46 and others/Page_JClient/input_Not Checked_radio_group__31' is clicked on

2019-01-26 10:15:10 - [MESSAGE][PASSED] - Object: 'Object Repository/FSM1/Complete ABP Inspection/ABPR46 and others/Page_JClient/input_Not Checked_radio_group__31' is clicked on

2019-01-26 10:15:10 - [TEST_STEP][PASSED] - click(findTestObject("Object Repository/FSM1/Complete ABP Inspection/ABPR46 and others/Page_JClient/input_Not Checked_radio_group__32")): Object: 'Object Repository/FSM1/Complete ABP Inspection/ABPR46 and others/Page_JClient/input_Not Checked_radio_group__32' is clicked on

2019-01-26 10:15:10 - [MESSAGE][PASSED] - Object: 'Object Repository/FSM1/Complete ABP Inspection/ABPR46 and others/Page_JClient/input_Not Checked_radio_group__32' is clicked on

2019-01-26 10:15:10 - [TEST_STEP][PASSED] - click(findTestObject("Object Repository/FSM1/Complete ABP Inspection/ABPR46 and others/Page_JClient/input_Not Checked_radio_group__33")): Object: 'Object Repository/FSM1/Complete ABP Inspection/ABPR46 and others/Page_JClient/input_Not Checked_radio_group__33' is clicked on

2019-01-26 10:15:10 - [MESSAGE][PASSED] - Object: 'Object Repository/FSM1/Complete ABP Inspection/ABPR46 and others/Page_JClient/input_Not Checked_radio_group__33' is clicked on

2019-01-26 10:15:10 - [TEST_STEP][PASSED] - click(findTestObject("Object Repository/FSM1/Complete ABP Inspection/ABPR46 and others/Page_JClient/input_Not Checked_radio_group__34")): Object: 'Object Repository/FSM1/Complete ABP Inspection/ABPR46 and others/Page_JClient/input_Not Checked_radio_group__34' is clicked on

2019-01-26 10:15:10 - [MESSAGE][PASSED] - Object: 'Object Repository/FSM1/Complete ABP Inspection/ABPR46 and others/Page_JClient/input_Not Checked_radio_group__34' is clicked on

2019-01-26 10:15:10 - [TEST_STEP][PASSED] - click(findTestObject("Object Repository/FSM1/Complete ABP Inspection/ABPR46 and others/Page_JClient/input_Not Checked_radio_group__35")): Object: 'Object Repository/FSM1/Complete ABP Inspection/ABPR46 and others/Page_JClient/input_Not Checked_radio_group__35' is clicked on

2019-01-26 10:15:10 - [MESSAGE][PASSED] - Object: 'Object Repository/FSM1/Complete ABP Inspection/ABPR46 and others/Page_JClient/input_Not Checked_radio_group__35' is clicked on

2019-01-26 10:15:10 - [TEST_STEP][PASSED] - click(findTestObject("Object Repository/FSM1/Complete ABP Inspection/ABPR46 and others/Page_JClient/input_Not Checked_radio_group__36")): Object: 'Object Repository/FSM1/Complete ABP Inspection/ABPR46 and others/Page_JClient/input_Not Checked_radio_group__36' is clicked on

2019-01-26 10:15:10 - [MESSAGE][PASSED] - Object: 'Object Repository/FSM1/Complete ABP Inspection/ABPR46 and others/Page_JClient/input_Not Checked_radio_group__36' is clicked on

2019-01-26 10:15:10 - [TEST_STEP][PASSED] - click(findTestObject("Object Repository/FSM1/Complete ABP Inspection/ABPR46 and others/Page_JClient/input_Not Checked_radio_group__37")): Object: 'Object Repository/FSM1/Complete ABP Inspection/ABPR46 and others/Page_JClient/input_Not Checked_radio_group__37' is clicked on

2019-01-26 10:15:10 - [MESSAGE][PASSED] - Object: 'Object Repository/FSM1/Complete ABP Inspection/ABPR46 and others/Page_JClient/input_Not Checked_radio_group__37' is clicked on

2019-01-26 10:15:10 - [TEST_STEP][PASSED] - click(findTestObject("Object Repository/FSM1/Complete ABP Inspection/ABPR46 and others/Page_JClient/input_Not Checked_radio_group__38")): Object: 'Object Repository/FSM1/Complete ABP Inspection/ABPR46 and others/Page_JClient/input_Not Checked_radio_group__38' is clicked on

2019-01-26 10:15:11 - [MESSAGE][PASSED] - Object: 'Object Repository/FSM1/Complete ABP Inspection/ABPR46 and others/Page_JClient/input_Not Checked_radio_group__38' is clicked on

2019-01-26 10:15:11 - [TEST_STEP][PASSED] - click(findTestObject("Object Repository/FSM1/Complete ABP Inspection/ABPR46 and others/Page_JClient/input_Not Checked_radio_group__39")): Object: 'Object Repository/FSM1/Complete ABP Inspection/ABPR46 and others/Page_JClient/input_Not Checked_radio_group__39' is clicked on

2019-01-26 10:15:11 - [MESSAGE][PASSED] - Object: 'Object Repository/FSM1/Complete ABP Inspection/ABPR46 and others/Page_JClient/input_Not Checked_radio_group__39' is clicked on

2019-01-26 10:15:11 - [TEST_STEP][PASSED] - click(findTestObject("Object Repository/FSM1/Complete ABP Inspection/ABPR46 and others/Page_JClient/input_Not Checked_radio_group__40")): Object: 'Object Repository/FSM1/Complete ABP Inspection/ABPR46 and others/Page_JClient/input_Not Checked_radio_group__40' is clicked on

2019-01-26 10:15:11 - [MESSAGE][PASSED] - Object: 'Object Repository/FSM1/Complete ABP Inspection/ABPR46 and others/Page_JClient/input_Not Checked_radio_group__40' is clicked on

2019-01-26 10:15:11 - [TEST_STEP][PASSED] - click(findTestObject("Object Repository/FSM1/Complete ABP Inspection/ABPR46 and others/Page_JClient/input_Not Checked_radio_group__41")): Object: 'Object Repository/FSM1/Complete ABP Inspection/ABPR46 and others/Page_JClient/input_Not Checked_radio_group__41' is clicked on

2019-01-26 10:15:11 - [MESSAGE][PASSED] - Object: 'Object Repository/FSM1/Complete ABP Inspection/ABPR46 and others/Page_JClient/input_Not Checked_radio_group__41' is clicked on

2019-01-26 10:15:11 - [TEST_STEP][PASSED] - click(findTestObject("Object Repository/FSM1/Complete ABP Inspection/ABPR46 and others/Page_JClient/input_Not Checked_radio_group__42")): Object: 'Object Repository/FSM1/Complete ABP Inspection/ABPR46 and others/Page_JClient/input_Not Checked_radio_group__42' is clicked on

2019-01-26 10:15:11 - [MESSAGE][PASSED] - Object: 'Object Repository/FSM1/Complete ABP Inspection/ABPR46 and others/Page_JClient/input_Not Checked_radio_group__42' is clicked on

2019-01-26 10:15:11 - [TEST_STEP][PASSED] - click(findTestObject("Object Repository/FSM1/Complete ABP Inspection/ABPR46 and others/Page_JClient/input_Not Checked_radio_group__43")): Object: 'Object Repository/FSM1/Complete ABP Inspection/ABPR46 and others/Page_JClient/input_Not Checked_radio_group__43' is clicked on

2019-01-26 10:15:11 - [MESSAGE][PASSED] - Object: 'Object Repository/FSM1/Complete ABP Inspection/ABPR46 and others/Page_JClient/input_Not Checked_radio_group__43' is clicked on

2019-01-26 10:15:11 - [TEST_STEP][PASSED] - click(findTestObject("Object Repository/FSM1/Complete ABP Inspection/ABPR46 and others/Page_JClient/input_Not Checked_radio_group__44")): Object: 'Object Repository/FSM1/Complete ABP Inspection/ABPR46 and others/Page_JClient/input_Not Checked_radio_group__44' is clicked on

2019-01-26 10:15:12 - [MESSAGE][PASSED] - Object: 'Object Repository/FSM1/Complete ABP Inspection/ABPR46 and others/Page_JClient/input_Not Checked_radio_group__44' is clicked on

2019-01-26 10:15:12 - [TEST_STEP][PASSED] - click(findTestObject("Object Repository/FSM1/Complete ABP Inspection/ABPR46 and others/Page_JClient/input_Details of problems foun")): Object: 'Object Repository/FSM1/Complete ABP Inspection/ABPR46 and others/Page_JClient/input_Details of problems foun' is clicked on

2019-01-26 10:15:12 - [MESSAGE][PASSED] - Object: 'Object Repository/FSM1/Complete ABP Inspection/ABPR46 and others/Page_JClient/input_Details of problems foun' is clicked on

2019-01-26 10:15:12 - [TEST_STEP][PASSED] - click(findTestObject("Object Repository/FSM1/Complete ABP Inspection/ABPR46 and others/Page_JClient/input_Records_radio_group_311")): Object: 'Object Repository/FSM1/Complete ABP Inspection/ABPR46 and others/Page_JClient/input_Records_radio_group_311' is clicked on

2019-01-26 10:15:12 - [MESSAGE][PASSED] - Object: 'Object Repository/FSM1/Complete ABP Inspection/ABPR46 and others/Page_JClient/input_Records_radio_group_311' is clicked on

2019-01-26 10:15:12 - [TEST_STEP][PASSED] - click(findTestObject("Object Repository/FSM1/Complete ABP Inspection/ABPR46 and others/Page_JClient/input_If records have not been_1")): Object: 'Object Repository/FSM1/Complete ABP Inspection/ABPR46 and others/Page_JClient/input_If records have not been_1' is clicked on

2019-01-26 10:15:12 - [MESSAGE][PASSED] - Object: 'Object Repository/FSM1/Complete ABP Inspection/ABPR46 and others/Page_JClient/input_If records have not been_1' is clicked on

2019-01-26 10:15:12 - [TEST_STEP][PASSED] - click(findTestObject("Object Repository/FSM1/Complete ABP Inspection/ABPR46 and others/Page_JClient/input_Not Checked_radio_group__45")): Object: 'Object Repository/FSM1/Complete ABP Inspection/ABPR46 and others/Page_JClient/input_Not Checked_radio_group__45' is clicked on

2019-01-26 10:15:12 - [MESSAGE][PASSED] - Object: 'Object Repository/FSM1/Complete ABP Inspection/ABPR46 and others/Page_JClient/input_Not Checked_radio_group__45' is clicked on

2019-01-26 10:15:12 - [TEST_STEP][PASSED] - click(findTestObject("Object Repository/FSM1/Complete ABP Inspection/ABPR46 and others/Page_JClient/input_Not Checked_radio_group__46")): Object: 'Object Repository/FSM1/Complete ABP Inspection/ABPR46 and others/Page_JClient/input_Not Checked_radio_group__46' is clicked on

2019-01-26 10:15:13 - [MESSAGE][PASSED] - Object: 'Object Repository/FSM1/Complete ABP Inspection/ABPR46 and others/Page_JClient/input_Not Checked_radio_group__46' is clicked on

2019-01-26 10:15:13 - [TEST_STEP][PASSED] - click(findTestObject("Object Repository/FSM1/Complete ABP Inspection/ABPR46 and others/Page_JClient/input_Not Checked_radio_group__47")): Object: 'Object Repository/FSM1/Complete ABP Inspection/ABPR46 and others/Page_JClient/input_Not Checked_radio_group__47' is clicked on

2019-01-26 10:15:13 - [MESSAGE][PASSED] - Object: 'Object Repository/FSM1/Complete ABP Inspection/ABPR46 and others/Page_JClient/input_Not Checked_radio_group__47' is clicked on

2019-01-26 10:15:13 - [TEST_STEP][PASSED] - setText(findTestObject("Object Repository/FSM1/Complete ABP Inspection/ABPR46 and others/Page_JClient/input_Not Checked_gwt-DoubleBo"), "12"): Text '12' is set on object 'Object Repository/FSM1/Complete ABP Inspection/ABPR46 and others/Page_JClient/input_Not Checked_gwt-DoubleBo'

2019-01-26 10:15:13 - [MESSAGE][PASSED] - Text '12' is set on object 'Object Repository/FSM1/Complete ABP Inspection/ABPR46 and others/Page_JClient/input_Not Checked_gwt-DoubleBo'

2019-01-26 10:15:13 - [TEST_STEP][PASSED] - setText(findTestObject("FSM1/Complete ABP Inspection/ABPR46 and others/Page_JClient/input_Number_of_sheep"), "12"): Text '12' is set on object 'Object Repository/FSM1/Complete ABP Inspection/ABPR46 and others/Page_JClient/input_Number_of_sheep'

2019-01-26 10:15:13 - [MESSAGE][PASSED] - Text '12' is set on object 'Object Repository/FSM1/Complete ABP Inspection/ABPR46 and others/Page_JClient/input_Number_of_sheep'

2019-01-26 10:15:13 - [TEST_STEP][PASSED] - setText(findTestObject("FSM1/Complete ABP Inspection/ABPR46 and others/Page_JClient/input_Number_of_goats"), "12"): Text '12' is set on object 'Object Repository/FSM1/Complete ABP Inspection/ABPR46 and others/Page_JClient/input_Number_of_goats'

2019-01-26 10:15:13 - [MESSAGE][PASSED] - Text '12' is set on object 'Object Repository/FSM1/Complete ABP Inspection/ABPR46 and others/Page_JClient/input_Number_of_goats'

2019-01-26 10:15:13 - [TEST_STEP][PASSED] - click(findTestObject("Object Repository/FSM1/Complete ABP Inspection/ABPR46 and others/Page_JClient/div_Section C TSE Risk Assessm")): Object: 'Object Repository/FSM1/Complete ABP Inspection/ABPR46 and others/Page_JClient/div_Section C TSE Risk Assessm' is clicked on

2019-01-26 10:15:14 - [MESSAGE][PASSED] - Object: 'Object Repository/FSM1/Complete ABP Inspection/ABPR46 and others/Page_JClient/div_Section C TSE Risk Assessm' is clicked on

2019-01-26 10:15:14 - [TEST_STEP][PASSED] - delay(2): Delayed 2 second(s)

2019-01-26 10:15:16 - [MESSAGE][PASSED] - Delayed 2 second(s)

2019-01-26 10:15:16 - [TEST_STEP][PASSED] - selectOptionByValue(findTestObject("Object Repository/FSM1/Complete ABP Inspection/ABPR46 and others/Page_JClient/select_Low Risk (Good)Medium R"), "LOW", true): All options with value 'LOW' are selected in object 'Object Repository/FSM1/Complete ABP Inspection/ABPR46 and others/Page_JClient/select_Low Risk (Good)Medium R'  using regular expression

2019-01-26 10:15:16 - [MESSAGE][PASSED] - All options with value 'LOW' are selected in object 'Object Repository/FSM1/Complete ABP Inspection/ABPR46 and others/Page_JClient/select_Low Risk (Good)Medium R'  using regular expression

2019-01-26 10:15:16 - [TEST_STEP][PASSED] - selectOptionByValue(findTestObject("FSM1/Complete ABP Inspection/ABPR46 and others/Page_JClient/select_Low Risk (Good)Medium R - Copy"), "LOW", true): All options with value 'LOW' are selected in object 'Object Repository/FSM1/Complete ABP Inspection/ABPR46 and others/Page_JClient/select_Low Risk (Good)Medium R - Copy'  using regular expression

2019-01-26 10:15:16 - [MESSAGE][PASSED] - All options with value 'LOW' are selected in object 'Object Repository/FSM1/Complete ABP Inspection/ABPR46 and others/Page_JClient/select_Low Risk (Good)Medium R - Copy'  using regular expression

2019-01-26 10:15:16 - [TEST_STEP][PASSED] - selectOptionByValue(findTestObject("FSM1/Complete ABP Inspection/ABPR46 and others/Page_JClient/select_Low Risk (Good)Medium R - Copy (1)"), "LOW", true): All options with value 'LOW' are selected in object 'Object Repository/FSM1/Complete ABP Inspection/ABPR46 and others/Page_JClient/select_Low Risk (Good)Medium R - Copy (1)'  using regular expression

2019-01-26 10:15:17 - [MESSAGE][PASSED] - All options with value 'LOW' are selected in object 'Object Repository/FSM1/Complete ABP Inspection/ABPR46 and others/Page_JClient/select_Low Risk (Good)Medium R - Copy (1)'  using regular expression

2019-01-26 10:15:17 - [TEST_STEP][PASSED] - selectOptionByValue(findTestObject("FSM1/Complete ABP Inspection/ABPR46 and others/Page_JClient/select_Low Risk (Good)Medium R - Copy (2)"), "LOW", true): All options with value 'LOW' are selected in object 'Object Repository/FSM1/Complete ABP Inspection/ABPR46 and others/Page_JClient/select_Low Risk (Good)Medium R - Copy (2)'  using regular expression

2019-01-26 10:15:17 - [MESSAGE][PASSED] - All options with value 'LOW' are selected in object 'Object Repository/FSM1/Complete ABP Inspection/ABPR46 and others/Page_JClient/select_Low Risk (Good)Medium R - Copy (2)'  using regular expression

2019-01-26 10:15:17 - [TEST_STEP][PASSED] - selectOptionByValue(findTestObject("FSM1/Complete ABP Inspection/ABPR46 and others/Page_JClient/select_Low Risk (Good)Medium R - Copy (3)"), "LOW", true): All options with value 'LOW' are selected in object 'Object Repository/FSM1/Complete ABP Inspection/ABPR46 and others/Page_JClient/select_Low Risk (Good)Medium R - Copy (3)'  using regular expression

2019-01-26 10:15:17 - [MESSAGE][PASSED] - All options with value 'LOW' are selected in object 'Object Repository/FSM1/Complete ABP Inspection/ABPR46 and others/Page_JClient/select_Low Risk (Good)Medium R - Copy (3)'  using regular expression

2019-01-26 10:15:17 - [TEST_STEP][PASSED] - selectOptionByValue(findTestObject("FSM1/Complete ABP Inspection/ABPR46 and others/Page_JClient/select_Low Risk (Good)Medium R - Copy (4)"), "LOW", true): All options with value 'LOW' are selected in object 'Object Repository/FSM1/Complete ABP Inspection/ABPR46 and others/Page_JClient/select_Low Risk (Good)Medium R - Copy (4)'  using regular expression

2019-01-26 10:15:18 - [MESSAGE][PASSED] - All options with value 'LOW' are selected in object 'Object Repository/FSM1/Complete ABP Inspection/ABPR46 and others/Page_JClient/select_Low Risk (Good)Medium R - Copy (4)'  using regular expression

2019-01-26 10:15:18 - [TEST_STEP][PASSED] - selectOptionByValue(findTestObject("FSM1/Complete ABP Inspection/ABPR46 and others/Page_JClient/select_Low Risk (Good)Medium R - Copy (5)"), "LOW", true): All options with value 'LOW' are selected in object 'Object Repository/FSM1/Complete ABP Inspection/ABPR46 and others/Page_JClient/select_Low Risk (Good)Medium R - Copy (5)'  using regular expression

2019-01-26 10:15:18 - [MESSAGE][PASSED] - All options with value 'LOW' are selected in object 'Object Repository/FSM1/Complete ABP Inspection/ABPR46 and others/Page_JClient/select_Low Risk (Good)Medium R - Copy (5)'  using regular expression

2019-01-26 10:15:18 - [TEST_STEP][PASSED] - selectOptionByValue(findTestObject("Object Repository/FSM1/Complete ABP Inspection/ABPR46 and others/Page_JClient/select_BienniallyAnnuallyQuart"), "Biennially", true): All options with value 'Biennially' are selected in object 'Object Repository/FSM1/Complete ABP Inspection/ABPR46 and others/Page_JClient/select_BienniallyAnnuallyQuart'  using regular expression

2019-01-26 10:15:19 - [MESSAGE][PASSED] - All options with value 'Biennially' are selected in object 'Object Repository/FSM1/Complete ABP Inspection/ABPR46 and others/Page_JClient/select_BienniallyAnnuallyQuart'  using regular expression

2019-01-26 10:15:19 - [TEST_STEP][PASSED] - click(findTestObject("FSM1/Complete ABP Inspection/ABPR46 and others/Page_JClient/div_Save_TSE")): Object: 'Object Repository/FSM1/Complete ABP Inspection/ABPR46 and others/Page_JClient/div_Save_TSE' is clicked on

2019-01-26 10:15:19 - [MESSAGE][PASSED] - Object: 'Object Repository/FSM1/Complete ABP Inspection/ABPR46 and others/Page_JClient/div_Save_TSE' is clicked on

2019-01-26 10:15:19 - [TEST_STEP][PASSED] - delay(2): Delayed 2 second(s)

2019-01-26 10:15:21 - [MESSAGE][PASSED] - Delayed 2 second(s)

2019-01-26 10:15:21 - [TEST_STEP][PASSED] - click(findTestObject("Object Repository/FSM1/Complete ABP Inspection/ABPR46 and others/Page_JClient/div_Save")): Object: 'Object Repository/FSM1/Complete ABP Inspection/ABPR46 and others/Page_JClient/div_Save' is clicked on

2019-01-26 10:15:21 - [MESSAGE][PASSED] - Object: 'Object Repository/FSM1/Complete ABP Inspection/ABPR46 and others/Page_JClient/div_Save' is clicked on]]></system-out>
         <system-err><![CDATA[]]></system-err>
      </testcase>
      <testcase name="Test Cases/ABP/Generic/Check Guidance Notes" classname="Test Cases/ABP/Generic/Check Guidance Notes" status="PASSED">
         <system-out><![CDATA[2019-01-26 10:15:21 - [TEST_CASE][PASSED] - Test Cases/ABP/Generic/Check Guidance Notes: Test Cases/ABP/Generic/Check Guidance Notes

2019-01-26 10:15:22 - [TEST_STEP][PASSED] - click(findTestObject("Object Repository/FSM1/Release 21/Page_JClient/div_Data Capture")): Object: 'Object Repository/FSM1/Release 21/Page_JClient/div_Data Capture' is clicked on

2019-01-26 10:15:22 - [MESSAGE][PASSED] - Object: 'Object Repository/FSM1/Release 21/Page_JClient/div_Data Capture' is clicked on

2019-01-26 10:15:22 - [TEST_STEP][PASSED] - delay(2): Delayed 2 second(s)

2019-01-26 10:15:24 - [MESSAGE][PASSED] - Delayed 2 second(s)

2019-01-26 10:15:24 - [TEST_STEP][PASSED] - click(findTestObject("Object Repository/FSM1/Release 21/Page_JClient/div_Notes")): Object: 'Object Repository/FSM1/Release 21/Page_JClient/div_Notes' is clicked on

2019-01-26 10:15:25 - [MESSAGE][PASSED] - Object: 'Object Repository/FSM1/Release 21/Page_JClient/div_Notes' is clicked on

2019-01-26 10:15:25 - [TEST_STEP][PASSED] - delay(2): Delayed 2 second(s)

2019-01-26 10:15:27 - [MESSAGE][PASSED] - Delayed 2 second(s)

2019-01-26 10:15:27 - [TEST_STEP][PASSED] - verifyElementPresent(findTestObject("Object Repository/FSM1/Release 21/Page_JClient/td_0Fully compliant issues rap"), 0): Object 'Object Repository/FSM1/Release 21/Page_JClient/td_0Fully compliant issues rap' is present

2019-01-26 10:15:27 - [MESSAGE][WARNING] - Timeout '0' is invalid. Using default page load timeout: '30'

2019-01-26 10:15:27 - [MESSAGE][PASSED] - Object 'Object Repository/FSM1/Release 21/Page_JClient/td_0Fully compliant issues rap' is present

2019-01-26 10:15:27 - [TEST_STEP][PASSED] - verifyElementPresent(findTestObject("Object Repository/FSM1/Release 21/Page_JClient/td_0No product entering livest"), 0): Object 'Object Repository/FSM1/Release 21/Page_JClient/td_0No product entering livest' is present

2019-01-26 10:15:27 - [MESSAGE][WARNING] - Timeout '0' is invalid. Using default page load timeout: '30'

2019-01-26 10:15:27 - [MESSAGE][PASSED] - Object 'Object Repository/FSM1/Release 21/Page_JClient/td_0No product entering livest' is present

2019-01-26 10:15:27 - [TEST_STEP][PASSED] - verifyElementPresent(findTestObject("Object Repository/FSM1/Release 21/Page_JClient/td_0Not required or complete a"), 0): Object 'Object Repository/FSM1/Release 21/Page_JClient/td_0Not required or complete a' is present

2019-01-26 10:15:27 - [MESSAGE][WARNING] - Timeout '0' is invalid. Using default page load timeout: '30'

2019-01-26 10:15:27 - [MESSAGE][PASSED] - Object 'Object Repository/FSM1/Release 21/Page_JClient/td_0Not required or complete a' is present

2019-01-26 10:15:27 - [TEST_STEP][PASSED] - verifyElementPresent(findTestObject("Object Repository/FSM1/Release 21/Page_JClient/td_0Very low throughput1 tonne"), 0): Object 'Object Repository/FSM1/Release 21/Page_JClient/td_0Very low throughput1 tonne' is present

2019-01-26 10:15:27 - [MESSAGE][WARNING] - Timeout '0' is invalid. Using default page load timeout: '30'

2019-01-26 10:15:27 - [MESSAGE][PASSED] - Object 'Object Repository/FSM1/Release 21/Page_JClient/td_0Very low throughput1 tonne' is present

2019-01-26 10:15:27 - [TEST_STEP][PASSED] - verifyElementPresent(findTestObject("Object Repository/FSM1/Release 21/Page_JClient/td_3Cat 3 material  catering w"), 0): Object 'Object Repository/FSM1/Release 21/Page_JClient/td_3Cat 3 material  catering w' is present

2019-01-26 10:15:27 - [MESSAGE][WARNING] - Timeout '0' is invalid. Using default page load timeout: '30'

2019-01-26 10:15:27 - [MESSAGE][PASSED] - Object 'Object Repository/FSM1/Release 21/Page_JClient/td_3Cat 3 material  catering w' is present

2019-01-26 10:15:27 - [TEST_STEP][PASSED] - verifyElementPresent(findTestObject("Object Repository/FSM1/Release 21/Page_JClient/td_What is the potential risk"), 0): Object 'Object Repository/FSM1/Release 21/Page_JClient/td_What is the potential risk' is present

2019-01-26 10:15:27 - [MESSAGE][WARNING] - Timeout '0' is invalid. Using default page load timeout: '30'

2019-01-26 10:15:27 - [MESSAGE][PASSED] - Object 'Object Repository/FSM1/Release 21/Page_JClient/td_What is the potential risk' is present

2019-01-26 10:15:27 - [TEST_STEP][PASSED] - verifyElementPresent(findTestObject("Object Repository/FSM1/Release 21/Page_JClient/td_0No product entering livest"), 0): Object 'Object Repository/FSM1/Release 21/Page_JClient/td_0No product entering livest' is present

2019-01-26 10:15:27 - [MESSAGE][WARNING] - Timeout '0' is invalid. Using default page load timeout: '30'

2019-01-26 10:15:27 - [MESSAGE][PASSED] - Object 'Object Repository/FSM1/Release 21/Page_JClient/td_0No product entering livest' is present

2019-01-26 10:15:27 - [TEST_STEP][PASSED] - verifyElementPresent(findTestObject("Object Repository/FSM1/Release 21/Page_JClient/td_5Potential risk of product"), 0): Object 'Object Repository/FSM1/Release 21/Page_JClient/td_5Potential risk of product' is present

2019-01-26 10:15:27 - [MESSAGE][WARNING] - Timeout '0' is invalid. Using default page load timeout: '30'

2019-01-26 10:15:27 - [MESSAGE][PASSED] - Object 'Object Repository/FSM1/Release 21/Page_JClient/td_5Potential risk of product' is present

2019-01-26 10:15:27 - [TEST_STEP][PASSED] - verifyElementPresent(findTestObject("Object Repository/FSM1/Release 21/Page_JClient/td_15Potential risk of the pro"), 0): Object 'Object Repository/FSM1/Release 21/Page_JClient/td_15Potential risk of the pro' is present

2019-01-26 10:15:27 - [MESSAGE][WARNING] - Timeout '0' is invalid. Using default page load timeout: '30'

2019-01-26 10:15:27 - [MESSAGE][PASSED] - Object 'Object Repository/FSM1/Release 21/Page_JClient/td_15Potential risk of the pro' is present]]></system-out>
         <system-err><![CDATA[]]></system-err>
      </testcase>
      <testcase name="Test Cases/ABP/Generic/Complete ABP Inspection - Complete" classname="Test Cases/ABP/Generic/Complete ABP Inspection - Complete" status="PASSED">
         <system-out><![CDATA[2019-01-26 10:15:27 - [TEST_CASE][PASSED] - Test Cases/ABP/Generic/Complete ABP Inspection - Complete: Test Cases/ABP/Generic/Complete ABP Inspection - Complete

2019-01-26 10:15:27 - [TEST_STEP][PASSED] - delay(2): Delayed 2 second(s)

2019-01-26 10:15:29 - [MESSAGE][PASSED] - Delayed 2 second(s)

2019-01-26 10:15:29 - [TEST_STEP][PASSED] - click(findTestObject("Object Repository/FSM1/Complete ABP Inspection/Complete ABP01a Inspection/Page_JClient/div_STARTED (locked)")): Object: 'Object Repository/FSM1/Complete ABP Inspection/Complete ABP01a Inspection/Page_JClient/div_STARTED (locked)' is clicked on

2019-01-26 10:15:29 - [MESSAGE][PASSED] - Object: 'Object Repository/FSM1/Complete ABP Inspection/Complete ABP01a Inspection/Page_JClient/div_STARTED (locked)' is clicked on

2019-01-26 10:15:29 - [TEST_STEP][PASSED] - delay(2): Delayed 2 second(s)

2019-01-26 10:15:31 - [MESSAGE][PASSED] - Delayed 2 second(s)

2019-01-26 10:15:31 - [TEST_STEP][PASSED] - click(findTestObject("Object Repository/FSM1/Complete ABP Inspection/Complete ABP01a Inspection/Page_JClient/div_COMPLETED")): Object: 'Object Repository/FSM1/Complete ABP Inspection/Complete ABP01a Inspection/Page_JClient/div_COMPLETED' is clicked on

2019-01-26 10:15:32 - [MESSAGE][PASSED] - Object: 'Object Repository/FSM1/Complete ABP Inspection/Complete ABP01a Inspection/Page_JClient/div_COMPLETED' is clicked on

2019-01-26 10:15:32 - [TEST_STEP][PASSED] - selectOptionByValue(findTestObject("Object Repository/FSM1/Complete ABP Inspection/Complete ABP01a Inspection/Page_JClient/select_Yes"), "COMPLETED", true): All options with value 'COMPLETED' are selected in object 'Object Repository/FSM1/Complete ABP Inspection/Complete ABP01a Inspection/Page_JClient/select_Yes'  using regular expression

2019-01-26 10:15:32 - [MESSAGE][PASSED] - All options with value 'COMPLETED' are selected in object 'Object Repository/FSM1/Complete ABP Inspection/Complete ABP01a Inspection/Page_JClient/select_Yes'  using regular expression

2019-01-26 10:15:32 - [TEST_STEP][PASSED] - delay(3): Delayed 3 second(s)

2019-01-26 10:15:35 - [MESSAGE][PASSED] - Delayed 3 second(s)

2019-01-26 10:15:35 - [TEST_STEP][PASSED] - click(findTestObject("Object Repository/FSM1/Complete ABP Inspection/Complete ABP01a Inspection/Page_JClient/div_Save")): Object: 'Object Repository/FSM1/Complete ABP Inspection/Complete ABP01a Inspection/Page_JClient/div_Save' is clicked on

2019-01-26 10:15:36 - [MESSAGE][PASSED] - Object: 'Object Repository/FSM1/Complete ABP Inspection/Complete ABP01a Inspection/Page_JClient/div_Save' is clicked on

2019-01-26 10:15:36 - [TEST_STEP][PASSED] - delay(2): Delayed 2 second(s)

2019-01-26 10:15:38 - [MESSAGE][PASSED] - Delayed 2 second(s)

2019-01-26 10:15:38 - [TEST_STEP][PASSED] - click(findTestObject("Object Repository/FSM1/Complete ABP Inspection/Complete ABP01a Inspection/Page_JClient/div_Ok")): Object: 'Object Repository/FSM1/Complete ABP Inspection/Complete ABP01a Inspection/Page_JClient/div_Ok' is clicked on

2019-01-26 10:15:38 - [MESSAGE][PASSED] - Object: 'Object Repository/FSM1/Complete ABP Inspection/Complete ABP01a Inspection/Page_JClient/div_Ok' is clicked on

2019-01-26 10:15:38 - [TEST_STEP][PASSED] - delay(30): Delayed 30 second(s)

2019-01-26 10:16:08 - [MESSAGE][PASSED] - Delayed 30 second(s)]]></system-out>
         <system-err><![CDATA[]]></system-err>
      </testcase>
      <testcase name="Test Cases/Generic/Launch Job Manager Control Centre - Check Result" classname="Test Cases/Generic/Launch Job Manager Control Centre - Check Result" status="PASSED">
         <system-out><![CDATA[2019-01-26 10:16:08 - [TEST_CASE][PASSED] - Test Cases/Generic/Launch Job Manager Control Centre - Check Result: Test Cases/Generic/Launch Job Manager Control Centre - Check Result

2019-01-26 10:16:08 - [TEST_STEP][PASSED] - openBrowser(""): Browser is opened with url: ''

2019-01-26 10:16:08 - [MESSAGE][WARNING] - A browser is already opened. Closing browser and opening a new one

2019-01-26 10:16:09 - [MESSAGE][INFO] - Starting 'Chrome' driver

2019-01-26 10:16:12 - [MESSAGE][PASSED] - Browser is opened with url: ''

2019-01-26 10:16:12 - [TEST_STEP][PASSED] - navigateToUrl(CCURL): Navigate to 'https://kirona-def-6.kirona.com/jmprep/login#!loginView' successfully

2019-01-26 10:16:13 - [MESSAGE][PASSED] - Navigate to 'https://kirona-def-6.kirona.com/jmprep/login#!loginView' successfully

2019-01-26 10:16:13 - [TEST_STEP][PASSED] - setText(findTestObject("FSM1/Control Centre/Page_Job Manager Login/input_gwt-uid-3"), Username): Text 'jon.hatfield' is set on object 'Object Repository/FSM1/Control Centre/Page_Job Manager Login/input_gwt-uid-3'

2019-01-26 10:16:15 - [MESSAGE][PASSED] - Text 'jon.hatfield' is set on object 'Object Repository/FSM1/Control Centre/Page_Job Manager Login/input_gwt-uid-3'

2019-01-26 10:16:15 - [TEST_STEP][PASSED] - setText(findTestObject("FSM1/Control Centre/Page_Job Manager Login/input_gwt-uid-5"), Password): Text 'Fr@nc1sJ0n' is set on object 'Object Repository/FSM1/Control Centre/Page_Job Manager Login/input_gwt-uid-5'

2019-01-26 10:16:15 - [MESSAGE][PASSED] - Text 'Fr@nc1sJ0n' is set on object 'Object Repository/FSM1/Control Centre/Page_Job Manager Login/input_gwt-uid-5'

2019-01-26 10:16:15 - [TEST_STEP][PASSED] - delay(2): Delayed 2 second(s)

2019-01-26 10:16:17 - [MESSAGE][PASSED] - Delayed 2 second(s)

2019-01-26 10:16:17 - [TEST_STEP][PASSED] - click(findTestObject("FSM1/PreProd/Page_Job Manager Login/div_Login")): Object: 'Object Repository/FSM1/PreProd/Page_Job Manager Login/div_Login' is clicked on

2019-01-26 10:16:17 - [MESSAGE][PASSED] - Object: 'Object Repository/FSM1/PreProd/Page_Job Manager Login/div_Login' is clicked on

2019-01-26 10:16:17 - [TEST_STEP][PASSED] - delay(20): Delayed 20 second(s)

2019-01-26 10:16:37 - [MESSAGE][PASSED] - Delayed 20 second(s)]]></system-out>
         <system-err><![CDATA[]]></system-err>
      </testcase>
      <testcase name="Test Cases/ABP/ABPR03a/Control Centre - Check Results - ABPR03a" classname="Test Cases/ABP/ABPR03a/Control Centre - Check Results - ABPR03a" status="PASSED">
         <system-out><![CDATA[2019-01-26 10:16:37 - [TEST_CASE][PASSED] - Test Cases/ABP/ABPR03a/Control Centre - Check Results - ABPR03a: Test Cases/ABP/ABPR03a/Control Centre - Check Results - ABPR03a

2019-01-26 10:16:38 - [TEST_STEP][PASSED] - log = new com.kms.katalon.core.logging.KeywordLogger(): null

2019-01-26 10:16:38 - [TEST_STEP][PASSED] - setText(findTestObject("Object Repository/FSM1/EMI Check Results/Page_JM Control Centre/input_Recents_v-textfield v-wi"), temp): Text '102375' is set on object 'Object Repository/FSM1/EMI Check Results/Page_JM Control Centre/input_Recents_v-textfield v-wi'

2019-01-26 10:16:38 - [MESSAGE][PASSED] - Text '102375' is set on object 'Object Repository/FSM1/EMI Check Results/Page_JM Control Centre/input_Recents_v-textfield v-wi'

2019-01-26 10:16:38 - [TEST_STEP][PASSED] - click(findTestObject("Object Repository/FSM1/EMI Check Results/Page_JM Control Centre/span_")): Object: 'Object Repository/FSM1/EMI Check Results/Page_JM Control Centre/span_' is clicked on

2019-01-26 10:16:39 - [MESSAGE][PASSED] - Object: 'Object Repository/FSM1/EMI Check Results/Page_JM Control Centre/span_' is clicked on

2019-01-26 10:16:39 - [TEST_STEP][PASSED] - waitForElementPresent(findTestObject("Object Repository/FSM1/EMI Check Results/Page_JM Control Centre/div_CLOSED"), 60): Object 'Object Repository/FSM1/EMI Check Results/Page_JM Control Centre/div_CLOSED' is present

2019-01-26 10:16:43 - [MESSAGE][PASSED] - Object 'Object Repository/FSM1/EMI Check Results/Page_JM Control Centre/div_CLOSED' is present

2019-01-26 10:16:43 - [TEST_STEP][PASSED] - delay(3): Delayed 3 second(s)

2019-01-26 10:16:46 - [MESSAGE][PASSED] - Delayed 3 second(s)

2019-01-26 10:16:46 - [TEST_STEP][PASSED] - verifyElementPresent(findTestObject("FSM1/Complete ABP Inspection/Check Results/03a/Page_JM Control Centre/div_Attachments_ABPR03A - Hand"), 5): Object 'Object Repository/FSM1/Complete ABP Inspection/Check Results/03a/Page_JM Control Centre/div_Attachments_ABPR03A - Hand' is present

2019-01-26 10:16:46 - [MESSAGE][PASSED] - Object 'Object Repository/FSM1/Complete ABP Inspection/Check Results/03a/Page_JM Control Centre/div_Attachments_ABPR03A - Hand' is present

2019-01-26 10:16:46 - [TEST_STEP][PASSED] - verifyElementPresent(findTestObject("FSM1/Complete ABP Inspection/Check Results/03a/Page_JM Control Centre/div_Attachments_ABPR12A - Site"), 5): Object 'Object Repository/FSM1/Complete ABP Inspection/Check Results/03a/Page_JM Control Centre/div_Attachments_ABPR12A - Site' is present

2019-01-26 10:16:46 - [MESSAGE][PASSED] - Object 'Object Repository/FSM1/Complete ABP Inspection/Check Results/03a/Page_JM Control Centre/div_Attachments_ABPR12A - Site' is present

2019-01-26 10:16:46 - [TEST_STEP][PASSED] - verifyElementPresent(findTestObject("FSM1/Complete ABP Inspection/Check Results/03a/Page_JM Control Centre/div_Attachments_ABPR17 - Backw"), 5): Object 'Object Repository/FSM1/Complete ABP Inspection/Check Results/03a/Page_JM Control Centre/div_Attachments_ABPR17 - Backw' is present

2019-01-26 10:16:46 - [MESSAGE][PASSED] - Object 'Object Repository/FSM1/Complete ABP Inspection/Check Results/03a/Page_JM Control Centre/div_Attachments_ABPR17 - Backw' is present

2019-01-26 10:16:46 - [TEST_STEP][PASSED] - verifyElementPresent(findTestObject("FSM1/Complete ABP Inspection/Check Results/03a/Page_JM Control Centre/div_Attachments_ABPR46 - Estab"), 5): Object 'Object Repository/FSM1/Complete ABP Inspection/Check Results/03a/Page_JM Control Centre/div_Attachments_ABPR46 - Estab' is present

2019-01-26 10:16:46 - [MESSAGE][PASSED] - Object 'Object Repository/FSM1/Complete ABP Inspection/Check Results/03a/Page_JM Control Centre/div_Attachments_ABPR46 - Estab' is present

2019-01-26 10:16:46 - [TEST_STEP][PASSED] - verifyElementPresent(findTestObject("FSM1/Complete ABP Inspection/Check Results/03a/Page_JM Control Centre/div_Attachments_ABPR18 - Forwa"), 5): Object 'Object Repository/FSM1/Complete ABP Inspection/Check Results/03a/Page_JM Control Centre/div_Attachments_ABPR18 - Forwa' is present

2019-01-26 10:16:46 - [MESSAGE][PASSED] - Object 'Object Repository/FSM1/Complete ABP Inspection/Check Results/03a/Page_JM Control Centre/div_Attachments_ABPR18 - Forwa' is present]]></system-out>
         <system-err><![CDATA[]]></system-err>
      </testcase>
      <testcase name="Test Cases/Generic/Check Subsequent Inspection Exist" classname="Test Cases/Generic/Check Subsequent Inspection Exist" status="PASSED">
         <system-out><![CDATA[2019-01-26 10:16:47 - [TEST_CASE][PASSED] - Test Cases/Generic/Check Subsequent Inspection Exist: Test Cases/Generic/Check Subsequent Inspection Exist

2019-01-26 10:16:47 - [TEST_STEP][PASSED] - delay(2): Delayed 2 second(s)

2019-01-26 10:16:49 - [MESSAGE][PASSED] - Delayed 2 second(s)

2019-01-26 10:16:49 - [TEST_STEP][PASSED] - click(findTestObject("Object Repository/FSM1/Complete ABP Inspection/Check Subsequent Inspections/New/Page_JM Control Centre/div_")): Object: 'Object Repository/FSM1/Complete ABP Inspection/Check Subsequent Inspections/New/Page_JM Control Centre/div_' is clicked on

2019-01-26 10:16:49 - [MESSAGE][PASSED] - Object: 'Object Repository/FSM1/Complete ABP Inspection/Check Subsequent Inspections/New/Page_JM Control Centre/div_' is clicked on

2019-01-26 10:16:49 - [TEST_STEP][PASSED] - click(findTestObject("Object Repository/FSM1/Complete ABP Inspection/Check Subsequent Inspections/New/Page_JM Control Centre/span_List All Subordinate Jobs")): Object: 'Object Repository/FSM1/Complete ABP Inspection/Check Subsequent Inspections/New/Page_JM Control Centre/span_List All Subordinate Jobs' is clicked on

2019-01-26 10:16:50 - [MESSAGE][PASSED] - Object: 'Object Repository/FSM1/Complete ABP Inspection/Check Subsequent Inspections/New/Page_JM Control Centre/span_List All Subordinate Jobs' is clicked on

2019-01-26 10:16:50 - [TEST_STEP][PASSED] - delay(2): Delayed 2 second(s)

2019-01-26 10:16:52 - [MESSAGE][PASSED] - Delayed 2 second(s)

2019-01-26 10:16:52 - [TEST_STEP][PASSED] - verifyElementVisible(findTestObject("Object Repository/FSM1/Complete ABP Inspection/Check Subsequent Inspections/New/Page_JM Control Centre/div_2 found.")): Object 'Object Repository/FSM1/Complete ABP Inspection/Check Subsequent Inspections/New/Page_JM Control Centre/div_2 found.' is visible

2019-01-26 10:17:04 - [MESSAGE][PASSED] - Object 'Object Repository/FSM1/Complete ABP Inspection/Check Subsequent Inspections/New/Page_JM Control Centre/div_2 found.' is visible

2019-01-26 10:17:04 - [TEST_STEP][PASSED] - verifyElementNotPresent(findTestObject("JM_8918/New/Page_JM Control Centre/td_INVALID"), 2): Web element with id: 'Object Repository/JM_8918/New/Page_JM Control Centre/td_INVALID' located by 'By.xpath: //td[(text() = 'INVALID' or . = 'INVALID')]' is not present after '2' second(s)

2019-01-26 10:17:05 - [MESSAGE][PASSED] - Web element with id: 'Object Repository/JM_8918/New/Page_JM Control Centre/td_INVALID' located by 'By.xpath: //td[(text() = 'INVALID' or . = 'INVALID')]' is not present after '2' second(s)

2019-01-26 10:17:05 - [TEST_STEP][PASSED] - verifyElementNotPresent(findTestObject("JM_8918/New/Page_JM Control Centre/td_CREATING"), 2): Web element with id: 'Object Repository/JM_8918/New/Page_JM Control Centre/td_CREATING' located by 'By.xpath: //td[(text() = 'CREATING' or . = 'CREATING')]' is not present after '2' second(s)

2019-01-26 10:17:05 - [MESSAGE][PASSED] - Web element with id: 'Object Repository/JM_8918/New/Page_JM Control Centre/td_CREATING' located by 'By.xpath: //td[(text() = 'CREATING' or . = 'CREATING')]' is not present after '2' second(s)

2019-01-26 10:17:05 - [TEST_STEP][PASSED] - closeBrowser(): Browser is closed

2019-01-26 10:17:06 - [MESSAGE][PASSED] - Browser is closed]]></system-out>
         <system-err><![CDATA[]]></system-err>
      </testcase>
      <system-out><![CDATA[2019-01-26 10:09:23 - [TEST_SUITE][PASSED] - ABP Regression - 03a: Test Cases/Generic/Check Subsequent Inspection Exist]]></system-out>
      <system-err><![CDATA[]]></system-err>
   </testsuite>
</testsuites>
