<?xml version="1.0" encoding="UTF-8"?>
<testsuites name="Create New Inspection" time="86" tests="1" failures="1" errors="0">
   <testsuite name="Create New Inspection" tests="1" failures="1" errors="0" time="86" timestamp="2018-05-22 12:21:02" hostname="JHATFIELD - SNDFSMINFSRV001.defra.onmicrosoft.com" id="Test Suites/Create New Inspection">
      <properties>
         <property name="deviceName" value=""/>
         <property name="devicePlatform" value=""/>
         <property name="logFolder" value="C:\\Users\\JHATFIELD\\git\\DEFRA-FSM_Automated_Regression_NEW\\Reports\\Create New Inspection\\20180522_122057"/>
         <property name="logFiles" value="C:\\Users\\JHATFIELD\\git\\DEFRA-FSM_Automated_Regression_NEW\\Reports\\Create New Inspection\\20180522_122057\\execution0.log"/>
         <property name="attachments" value="C:\\Users\\JHATFIELD\\git\\DEFRA-FSM_Automated_Regression_NEW\\Reports\\Create New Inspection\\20180522_122057\\1526991746558.png"/>
         <property name="hostName" value="JHATFIELD - SNDFSMINFSRV001.defra.onmicrosoft.com"/>
         <property name="os" value="Windows NT (unknown) 64bit"/>
         <property name="katalonVersion" value="5.4.1.1"/>
         <property name="browser" value="Chrome 66.0.3359.181"/>
         <property name="hostAddress" value="10.201.1.17"/>
         <property name="sessionId" value="b9129c80ac061aac9c6ee5ae3f7994a8"/>
         <property name="seleniumVersion" value="3.7.1"/>
         <property name="proxyInformation" value="ProxyInformation{proxyOption=NO_PROXY, proxyServerType=HTTP, password=, proxyServerAddress=, proxyServerPort=0}"/>
         <property name="platform" value="Windows NT (unknown)"/>
      </properties>
      <testcase name="Test Cases/Launch Job Manager Control Centre" classname="Test Cases/Launch Job Manager Control Centre" status="PASSED">
         <system-out><![CDATA[2018-05-22 12:21:02 - [TEST_CASE][PASSED] - Test Cases/Launch Job Manager Control Centre: Test Cases/Launch Job Manager Control Centre

2018-05-22 12:21:03 - [TEST_STEP][PASSED] - openBrowser: Browser is opened with url: ''

2018-05-22 12:21:08 - [MESSAGE][PASSED] - Browser is opened with url: ''

2018-05-22 12:21:08 - [TEST_STEP][PASSED] - navigateToUrl: Navigate to 'https://kirona-def-2.kirona.com/jmtest/login#!loginView' successfully

2018-05-22 12:21:17 - [MESSAGE][PASSED] - Navigate to 'https://kirona-def-2.kirona.com/jmtest/login#!loginView' successfully

2018-05-22 12:21:17 - [TEST_STEP][PASSED] - setText: Text 'jon.hatfield' is set on object 'Object Repository/FSM1/Control Centre/Page_Job Manager Login/input_gwt-uid-3'

2018-05-22 12:21:19 - [MESSAGE][PASSED] - Text 'jon.hatfield' is set on object 'Object Repository/FSM1/Control Centre/Page_Job Manager Login/input_gwt-uid-3'

2018-05-22 12:21:19 - [TEST_STEP][PASSED] - setText: Text 'Fr@nc1sJ0n' is set on object 'Object Repository/FSM1/Control Centre/Page_Job Manager Login/input_gwt-uid-5'

2018-05-22 12:21:20 - [MESSAGE][PASSED] - Text 'Fr@nc1sJ0n' is set on object 'Object Repository/FSM1/Control Centre/Page_Job Manager Login/input_gwt-uid-5'

2018-05-22 12:21:20 - [TEST_STEP][PASSED] - click: Object: 'Object Repository/FSM1/Control Centre/Page_Job Manager Login/Page_Job Manager Login/div_Login' is clicked on

2018-05-22 12:21:23 - [MESSAGE][PASSED] - Object: 'Object Repository/FSM1/Control Centre/Page_Job Manager Login/Page_Job Manager Login/div_Login' is clicked on

2018-05-22 12:21:23 - [TEST_STEP][PASSED] - delay: Delayed 5 second(s)

2018-05-22 12:21:28 - [MESSAGE][PASSED] - Delayed 5 second(s)]]></system-out>
         <system-err><![CDATA[]]></system-err>
      </testcase>
      <testcase name="Test Cases/Create EMI Inspection" classname="Test Cases/Create EMI Inspection" status="FAILED">
         <failure type="FAILED" message="Unable to click on object 'Object Repository/FSM1/Select Inspection/Page_JM Control Centre/div_Job DetailTypeInspectionDu' (Root cause: com.kms.katalon.core.webui.exception.WebElementNotFoundException: Web element with id: 'Object Repository/FSM1/Select Inspection/Page_JM Control Centre/iframe_vaadiniframe' located by 'By.xpath: id(&quot;vaadiniframe&quot;)[count(. | //iframe[@id = 'vaadiniframe' and @src = 'https://kirona-def-2.kirona.com/jmtest/embedded?authToken=']) = count(//iframe[@id = 'vaadiniframe' and @src = 'https://kirona-def-2.kirona.com/jmtest/embedded?authToken='])]' not found)"/>
         <system-out><![CDATA[2018-05-22 12:21:28 - [TEST_CASE][FAILED] - Test Cases/Create EMI Inspection: Test Cases/Create EMI Inspection FAILED because (of) Unable to click on object 'Object Repository/FSM1/Select Inspection/Page_JM Control Centre/div_Job DetailTypeInspectionDu' (Root cause: com.kms.katalon.core.webui.exception.WebElementNotFoundException: Web element with id: 'Object Repository/FSM1/Select Inspection/Page_JM Control Centre/iframe_vaadiniframe' located by 'By.xpath: id("vaadiniframe")[count(. | //iframe[@id = 'vaadiniframe' and @src = 'https://kirona-def-2.kirona.com/jmtest/embedded?authToken=']) = count(//iframe[@id = 'vaadiniframe' and @src = 'https://kirona-def-2.kirona.com/jmtest/embedded?authToken='])]' not found)

2018-05-22 12:21:28 - [TEST_STEP][PASSED] - click: Object: 'Object Repository/FSM1/Control Centre/Create EMI Inspection/Page_JM Control Centre/div_Create' is clicked on

2018-05-22 12:21:28 - [MESSAGE][PASSED] - Object: 'Object Repository/FSM1/Control Centre/Create EMI Inspection/Page_JM Control Centre/div_Create' is clicked on

2018-05-22 12:21:28 - [TEST_STEP][PASSED] - setText: Text 'emi' is set on object 'Object Repository/FSM1/Control Centre/Create EMI Inspection/Page_JM Control Centre/input_gwt-uid-8'

2018-05-22 12:21:31 - [MESSAGE][PASSED] - Text 'emi' is set on object 'Object Repository/FSM1/Control Centre/Create EMI Inspection/Page_JM Control Centre/input_gwt-uid-8'

2018-05-22 12:21:31 - [TEST_STEP][PASSED] - click: Object: 'Object Repository/FSM1/Control Centre/Create EMI Inspection/Page_JM Control Centre/span_EMI Inspection' is clicked on

2018-05-22 12:21:31 - [MESSAGE][PASSED] - Object: 'Object Repository/FSM1/Control Centre/Create EMI Inspection/Page_JM Control Centre/span_EMI Inspection' is clicked on

2018-05-22 12:21:31 - [TEST_STEP][PASSED] - clearText: Text of object 'Object Repository/FSM1/Control Centre/Create Inspection/SLA/Page_JM Control Centre/SLA' is cleared

2018-05-22 12:21:33 - [MESSAGE][PASSED] - Text of object 'Object Repository/FSM1/Control Centre/Create Inspection/SLA/Page_JM Control Centre/SLA' is cleared

2018-05-22 12:21:33 - [TEST_STEP][PASSED] - setText: Text '24' is set on object 'Object Repository/FSM1/Control Centre/Create Inspection/SLA/Page_JM Control Centre/SLA'

2018-05-22 12:21:34 - [MESSAGE][PASSED] - Text '24' is set on object 'Object Repository/FSM1/Control Centre/Create Inspection/SLA/Page_JM Control Centre/SLA'

2018-05-22 12:21:34 - [TEST_STEP][PASSED] - click: Object: 'Object Repository/FSM1/Control Centre/Create Inspection/SLA/Page_JM Control Centre (1)/span_24 Hours' is clicked on

2018-05-22 12:21:34 - [MESSAGE][PASSED] - Object: 'Object Repository/FSM1/Control Centre/Create Inspection/SLA/Page_JM Control Centre (1)/span_24 Hours' is clicked on

2018-05-22 12:21:34 - [TEST_STEP][PASSED] - setText: Text '5' is set on object 'Object Repository/FSM1/Control Centre/Create EMI Inspection/Page_JM Control Centre/input_gwt-uid-16'

2018-05-22 12:21:35 - [MESSAGE][PASSED] - Text '5' is set on object 'Object Repository/FSM1/Control Centre/Create EMI Inspection/Page_JM Control Centre/input_gwt-uid-16'

2018-05-22 12:21:35 - [TEST_STEP][PASSED] - setText: Text 'we' is set on object 'Object Repository/FSM1/Control Centre/Create EMI Inspection/Page_JM Control Centre/input_gwt-uid-26'

2018-05-22 12:21:35 - [MESSAGE][PASSED] - Text 'we' is set on object 'Object Repository/FSM1/Control Centre/Create EMI Inspection/Page_JM Control Centre/input_gwt-uid-26'

2018-05-22 12:21:35 - [TEST_STEP][PASSED] - click: Object: 'Object Repository/FSM1/Control Centre/Create EMI Inspection/Page_JM Control Centre/span_West' is clicked on

2018-05-22 12:21:36 - [MESSAGE][PASSED] - Object: 'Object Repository/FSM1/Control Centre/Create EMI Inspection/Page_JM Control Centre/span_West' is clicked on

2018-05-22 12:21:36 - [TEST_STEP][PASSED] - setText: Text 'EMI Routine' is set on object 'Object Repository/FSM1/Control Centre/Create EMI Inspection/Page_JM Control Centre (1)/Inspection Type'

2018-05-22 12:21:38 - [MESSAGE][PASSED] - Text 'EMI Routine' is set on object 'Object Repository/FSM1/Control Centre/Create EMI Inspection/Page_JM Control Centre (1)/Inspection Type'

2018-05-22 12:21:38 - [TEST_STEP][PASSED] - click: Object: 'Object Repository/FSM1/Control Centre/Create EMI Inspection/Page_JM Control Centre/span_EMI Routine' is clicked on

2018-05-22 12:21:38 - [MESSAGE][PASSED] - Object: 'Object Repository/FSM1/Control Centre/Create EMI Inspection/Page_JM Control Centre/span_EMI Routine' is clicked on

2018-05-22 12:21:38 - [TEST_STEP][PASSED] - setText: Text 'Mr Automation' is set on object 'Object Repository/FSM1/Control Centre/Create EMI Inspection/Page_JM Control Centre/input_gwt-uid-36'

2018-05-22 12:21:39 - [MESSAGE][PASSED] - Text 'Mr Automation' is set on object 'Object Repository/FSM1/Control Centre/Create EMI Inspection/Page_JM Control Centre/input_gwt-uid-36'

2018-05-22 12:21:39 - [TEST_STEP][PASSED] - setText: Text '111' is set on object 'Object Repository/FSM1/Control Centre/Create EMI Inspection/Page_JM Control Centre/input_gwt-uid-42'

2018-05-22 12:21:40 - [MESSAGE][PASSED] - Text '111' is set on object 'Object Repository/FSM1/Control Centre/Create EMI Inspection/Page_JM Control Centre/input_gwt-uid-42'

2018-05-22 12:21:40 - [TEST_STEP][PASSED] - setText: Text '222' is set on object 'Object Repository/FSM1/Control Centre/Create EMI Inspection/Page_JM Control Centre/input_gwt-uid-44'

2018-05-22 12:21:40 - [MESSAGE][PASSED] - Text '222' is set on object 'Object Repository/FSM1/Control Centre/Create EMI Inspection/Page_JM Control Centre/input_gwt-uid-44'

2018-05-22 12:21:40 - [TEST_STEP][PASSED] - click: Object: 'Object Repository/FSM1/Control Centre/Create EMI Inspection/Page_JM Control Centre/div_v-filterselect-button_1' is clicked on

2018-05-22 12:21:41 - [MESSAGE][PASSED] - Object: 'Object Repository/FSM1/Control Centre/Create EMI Inspection/Page_JM Control Centre/div_v-filterselect-button_1' is clicked on

2018-05-22 12:21:41 - [TEST_STEP][PASSED] - click: Object: 'Object Repository/FSM1/Control Centre/Create EMI Inspection/Page_JM Control Centre/span_EGG PACKER' is clicked on

2018-05-22 12:21:41 - [MESSAGE][PASSED] - Object: 'Object Repository/FSM1/Control Centre/Create EMI Inspection/Page_JM Control Centre/span_EGG PACKER' is clicked on

2018-05-22 12:21:42 - [TEST_STEP][PASSED] - click: Object: 'Object Repository/FSM1/Control Centre/Create EMI Inspection/Page_JM Control Centre/span_' is clicked on

2018-05-22 12:21:42 - [MESSAGE][PASSED] - Object: 'Object Repository/FSM1/Control Centre/Create EMI Inspection/Page_JM Control Centre/span_' is clicked on

2018-05-22 12:21:42 - [TEST_STEP][PASSED] - click: Object: 'Object Repository/FSM1/Control Centre/Create EMI Inspection/Address Search/Page_JM Control Centre/Postcode Search' is clicked on

2018-05-22 12:21:44 - [MESSAGE][PASSED] - Object: 'Object Repository/FSM1/Control Centre/Create EMI Inspection/Address Search/Page_JM Control Centre/Postcode Search' is clicked on

2018-05-22 12:21:45 - [TEST_STEP][PASSED] - setText: Text 'cv37 6sn' is set on object 'Object Repository/FSM1/Control Centre/Create EMI Inspection/Create Address/Page_JM Control Centre/input_v-textfield v-widget v-t'

2018-05-22 12:21:49 - [MESSAGE][PASSED] - Text 'cv37 6sn' is set on object 'Object Repository/FSM1/Control Centre/Create EMI Inspection/Create Address/Page_JM Control Centre/input_v-textfield v-widget v-t'

2018-05-22 12:21:50 - [TEST_STEP][PASSED] - click: Object: 'Object Repository/FSM1/Control Centre/Create EMI Inspection/Create Address/Page_JM Control Centre (1)/SearchButton' is clicked on

2018-05-22 12:21:52 - [MESSAGE][PASSED] - Object: 'Object Repository/FSM1/Control Centre/Create EMI Inspection/Create Address/Page_JM Control Centre (1)/SearchButton' is clicked on

2018-05-22 12:21:52 - [TEST_STEP][PASSED] - click: Object: 'Object Repository/FSM1/Control Centre/Create EMI Inspection/Page_JM Control Centre/div_90 Clopton Road Stratford' is clicked on

2018-05-22 12:21:53 - [MESSAGE][PASSED] - Object: 'Object Repository/FSM1/Control Centre/Create EMI Inspection/Page_JM Control Centre/div_90 Clopton Road Stratford' is clicked on

2018-05-22 12:21:53 - [TEST_STEP][PASSED] - click: Object: 'Object Repository/FSM1/Control Centre/Create EMI Inspection/Create Address/Page_JM Control Centre (2)/div_Add Selected Item' is clicked on

2018-05-22 12:21:55 - [MESSAGE][PASSED] - Object: 'Object Repository/FSM1/Control Centre/Create EMI Inspection/Create Address/Page_JM Control Centre (2)/div_Add Selected Item' is clicked on

2018-05-22 12:21:55 - [TEST_STEP][FAILED] - click: Unable to click on object 'Object Repository/FSM1/Select Inspection/Page_JM Control Centre/div_Job DetailTypeInspectionDu' (Root cause: com.kms.katalon.core.webui.exception.WebElementNotFoundException: Web element with id: 'Object Repository/FSM1/Select Inspection/Page_JM Control Centre/iframe_vaadiniframe' located by 'By.xpath: id("vaadiniframe")[count(. | //iframe[@id = 'vaadiniframe' and @src = 'https://kirona-def-2.kirona.com/jmtest/embedded?authToken=']) = count(//iframe[@id = 'vaadiniframe' and @src = 'https://kirona-def-2.kirona.com/jmtest/embedded?authToken='])]' not found)

2018-05-22 12:22:27 - [MESSAGE][FAILED] - Unable to click on object 'Object Repository/FSM1/Select Inspection/Page_JM Control Centre/div_Job DetailTypeInspectionDu' (Root cause: com.kms.katalon.core.webui.exception.WebElementNotFoundException: Web element with id: 'Object Repository/FSM1/Select Inspection/Page_JM Control Centre/iframe_vaadiniframe' located by 'By.xpath: id("vaadiniframe")[count(. | //iframe[@id = 'vaadiniframe' and @src = 'https://kirona-def-2.kirona.com/jmtest/embedded?authToken=']) = count(//iframe[@id = 'vaadiniframe' and @src = 'https://kirona-def-2.kirona.com/jmtest/embedded?authToken='])]' not found)
[[ATTACHMENT|C:\\Users\\JHATFIELD\\git\\DEFRA-FSM_Automated_Regression_NEW\\Reports\\Create New Inspection\\20180522_122057\\1526991746558.png]]]]></system-out>
         <system-err><![CDATA[2018-05-22 12:21:28 - [TEST_CASE][FAILED] - Test Cases/Create EMI Inspection: Test Cases/Create EMI Inspection FAILED because (of) Unable to click on object 'Object Repository/FSM1/Select Inspection/Page_JM Control Centre/div_Job DetailTypeInspectionDu' (Root cause: com.kms.katalon.core.webui.exception.WebElementNotFoundException: Web element with id: 'Object Repository/FSM1/Select Inspection/Page_JM Control Centre/iframe_vaadiniframe' located by 'By.xpath: id("vaadiniframe")[count(. | //iframe[@id = 'vaadiniframe' and @src = 'https://kirona-def-2.kirona.com/jmtest/embedded?authToken=']) = count(//iframe[@id = 'vaadiniframe' and @src = 'https://kirona-def-2.kirona.com/jmtest/embedded?authToken='])]' not found)]]></system-err>
      </testcase>
      <system-out><![CDATA[2018-05-22 12:21:02 - [TEST_SUITE][FAILED] - Create New Inspection: Test Cases/Create EMI Inspection FAILED because (of) Unable to click on object 'Object Repository/FSM1/Select Inspection/Page_JM Control Centre/div_Job DetailTypeInspectionDu' (Root cause: com.kms.katalon.core.webui.exception.WebElementNotFoundException: Web element with id: 'Object Repository/FSM1/Select Inspection/Page_JM Control Centre/iframe_vaadiniframe' located by 'By.xpath: id("vaadiniframe")[count(. | //iframe[@id = 'vaadiniframe' and @src = 'https://kirona-def-2.kirona.com/jmtest/embedded?authToken=']) = count(//iframe[@id = 'vaadiniframe' and @src = 'https://kirona-def-2.kirona.com/jmtest/embedded?authToken='])]' not found)]]></system-out>
      <system-err><![CDATA[2018-05-22 12:21:02 - [TEST_SUITE][FAILED] - Create New Inspection: Test Cases/Create EMI Inspection FAILED because (of) Unable to click on object 'Object Repository/FSM1/Select Inspection/Page_JM Control Centre/div_Job DetailTypeInspectionDu' (Root cause: com.kms.katalon.core.webui.exception.WebElementNotFoundException: Web element with id: 'Object Repository/FSM1/Select Inspection/Page_JM Control Centre/iframe_vaadiniframe' located by 'By.xpath: id("vaadiniframe")[count(. | //iframe[@id = 'vaadiniframe' and @src = 'https://kirona-def-2.kirona.com/jmtest/embedded?authToken=']) = count(//iframe[@id = 'vaadiniframe' and @src = 'https://kirona-def-2.kirona.com/jmtest/embedded?authToken='])]' not found)]]></system-err>
   </testsuite>
</testsuites>
