<?xml version="1.0" encoding="UTF-8"?>
<testsuites name="PMM Regression - Compliance" time="458" tests="13" failures="0" errors="0">
   <testsuite name="PMM Regression - Compliance" tests="13" failures="0" errors="0" time="458" timestamp="2019-01-15 14:58:53" hostname="jonha - DESKTOP-KMCIR60" id="Test Suites/PMM/PMM Regression - Compliance">
      <properties>
         <property name="deviceName" value=""/>
         <property name="devicePlatform" value=""/>
         <property name="logFolder" value="C:\\Users\\jonha\\Documents\\Katalon\\APHA\\JM_8.9\\FSM_Regression\\Reports\\PMM\\PMM Regression - Compliance\\20190115_145850"/>
         <property name="logFiles" value="C:\\Users\\jonha\\Documents\\Katalon\\APHA\\JM_8.9\\FSM_Regression\\Reports\\PMM\\PMM Regression - Compliance\\20190115_145850\\execution0.log"/>
         <property name="attachments" value="C:\\Users\\jonha\\Documents\\Katalon\\APHA\\JM_8.9\\FSM_Regression\\Reports\\PMM\\PMM Regression - Compliance\\20190115_145850\\1547564667891.png"/>
         <property name="hostName" value="jonha - DESKTOP-KMCIR60"/>
         <property name="os" value="Windows 10 64bit"/>
         <property name="katalonVersion" value="5.9.1.2"/>
         <property name="browser" value="Chrome 71.0.3578.98"/>
         <property name="hostAddress" value="192.168.0.17"/>
         <property name="sessionId" value="ee68668e311824e10c2936fa8da864c7"/>
         <property name="seleniumVersion" value="3.7.1"/>
         <property name="proxyInformation" value="ProxyInformation{proxyOption=NO_PROXY, proxyServerType=HTTP, password=, proxyServerAddress=, proxyServerPort=0}"/>
         <property name="platform" value="Windows 10"/>
      </properties>
      <testcase name="Test Cases/Generic/Launch Job Manager Control Centre" classname="Test Cases/Generic/Launch Job Manager Control Centre" status="PASSED">
         <system-out><![CDATA[2019-01-15 14:58:53 - [TEST_CASE][PASSED] - Test Cases/Generic/Launch Job Manager Control Centre: Test Cases/Generic/Launch Job Manager Control Centre

2019-01-15 14:58:54 - [TEST_STEP][PASSED] - openBrowser(""): Browser is opened with url: ''

2019-01-15 14:58:54 - [MESSAGE][INFO] - Starting 'Chrome' driver

2019-01-15 14:58:54 - [MESSAGE][INFO] - Action delay is set to 0 seconds

2019-01-15 14:58:58 - [MESSAGE][PASSED] - Browser is opened with url: ''

2019-01-15 14:58:58 - [TEST_STEP][PASSED] - navigateToUrl(CCURL): Navigate to 'https://kirona-def-6.kirona.com/jmprep/login#!loginView' successfully

2019-01-15 14:58:59 - [MESSAGE][PASSED] - Navigate to 'https://kirona-def-6.kirona.com/jmprep/login#!loginView' successfully

2019-01-15 14:58:59 - [TEST_STEP][PASSED] - setText(findTestObject("FSM1/Control Centre/Page_Job Manager Login/input_gwt-uid-3"), Username): Text 'jon.hatfield' is set on object 'Object Repository/FSM1/Control Centre/Page_Job Manager Login/input_gwt-uid-3'

2019-01-15 14:59:00 - [MESSAGE][PASSED] - Text 'jon.hatfield' is set on object 'Object Repository/FSM1/Control Centre/Page_Job Manager Login/input_gwt-uid-3'

2019-01-15 14:59:00 - [TEST_STEP][PASSED] - setText(findTestObject("FSM1/Control Centre/Page_Job Manager Login/input_gwt-uid-5"), Password): Text 'Fr@nc1sJ0n' is set on object 'Object Repository/FSM1/Control Centre/Page_Job Manager Login/input_gwt-uid-5'

2019-01-15 14:59:00 - [MESSAGE][PASSED] - Text 'Fr@nc1sJ0n' is set on object 'Object Repository/FSM1/Control Centre/Page_Job Manager Login/input_gwt-uid-5'

2019-01-15 14:59:00 - [TEST_STEP][PASSED] - delay(2): Delayed 2 second(s)

2019-01-15 14:59:02 - [MESSAGE][PASSED] - Delayed 2 second(s)

2019-01-15 14:59:02 - [TEST_STEP][PASSED] - click(findTestObject("FSM1/PreProd/Page_Job Manager Login/div_Login")): Object: 'Object Repository/FSM1/PreProd/Page_Job Manager Login/div_Login' is clicked on

2019-01-15 14:59:02 - [MESSAGE][PASSED] - Object: 'Object Repository/FSM1/PreProd/Page_Job Manager Login/div_Login' is clicked on

2019-01-15 14:59:02 - [TEST_STEP][PASSED] - delay(5): Delayed 5 second(s)

2019-01-15 14:59:07 - [MESSAGE][PASSED] - Delayed 5 second(s)]]></system-out>
         <system-err><![CDATA[]]></system-err>
      </testcase>
      <testcase name="Test Cases/PMM/Generic/Create PMM Inspection" classname="Test Cases/PMM/Generic/Create PMM Inspection" status="PASSED">
         <system-out><![CDATA[2019-01-15 14:59:07 - [TEST_CASE][PASSED] - Test Cases/PMM/Generic/Create PMM Inspection: Test Cases/PMM/Generic/Create PMM Inspection

2019-01-15 14:59:07 - [TEST_STEP][PASSED] - log = new com.kms.katalon.core.logging.KeywordLogger(): null

2019-01-15 14:59:07 - [TEST_STEP][PASSED] - waitForElementClickable(findTestObject("Object Repository/FSM1/Create PMM Inspection/a/Page_JM Control Centre/Page_JM Control Centre/div_Create"), 60, STOP_ON_FAILURE): Object 'Object Repository/FSM1/Create PMM Inspection/a/Page_JM Control Centre/Page_JM Control Centre/div_Create' is clickable

2019-01-15 14:59:16 - [MESSAGE][PASSED] - Object 'Object Repository/FSM1/Create PMM Inspection/a/Page_JM Control Centre/Page_JM Control Centre/div_Create' is clickable

2019-01-15 14:59:16 - [TEST_STEP][PASSED] - delay(2): Delayed 2 second(s)

2019-01-15 14:59:18 - [MESSAGE][PASSED] - Delayed 2 second(s)

2019-01-15 14:59:18 - [TEST_STEP][PASSED] - click(findTestObject("Object Repository/FSM1/Create PMM Inspection/a/Page_JM Control Centre/Page_JM Control Centre/div_Create")): Object: 'Object Repository/FSM1/Create PMM Inspection/a/Page_JM Control Centre/Page_JM Control Centre/div_Create' is clicked on

2019-01-15 14:59:18 - [MESSAGE][PASSED] - Object: 'Object Repository/FSM1/Create PMM Inspection/a/Page_JM Control Centre/Page_JM Control Centre/div_Create' is clicked on

2019-01-15 14:59:18 - [TEST_STEP][PASSED] - delay(2): Delayed 2 second(s)

2019-01-15 14:59:20 - [MESSAGE][PASSED] - Delayed 2 second(s)

2019-01-15 14:59:20 - [TEST_STEP][PASSED] - setText(findTestObject("Object Repository/FSM1/Create PMM Inspection/a/Page_JM Control Centre/Page_JM Control Centre/input_Type_gwt-uid-8"), PMMInspectionType): Text 'PMR03A - Producer Compliance / Follow Up Inspection' is set on object 'Object Repository/FSM1/Create PMM Inspection/a/Page_JM Control Centre/Page_JM Control Centre/input_Type_gwt-uid-8'

2019-01-15 14:59:21 - [MESSAGE][PASSED] - Text 'PMR03A - Producer Compliance / Follow Up Inspection' is set on object 'Object Repository/FSM1/Create PMM Inspection/a/Page_JM Control Centre/Page_JM Control Centre/input_Type_gwt-uid-8'

2019-01-15 14:59:21 - [TEST_STEP][PASSED] - PMMInspectionType = modifyObjectProperty(findTestObject("Object Repository/FSM1/Create PMM Inspection/a/Page_JM Control Centre/Page_JM Control Centre/span_PMR03A - Producer Complia"), "text", "equals", PMMInspectionType, true): Modify property of object successfully

2019-01-15 14:59:21 - [MESSAGE][PASSED] - Modify property of object successfully

2019-01-15 14:59:21 - [TEST_STEP][PASSED] - click(PMMInspectionType, STOP_ON_FAILURE): Object: 'Object Repository/FSM1/Create PMM Inspection/a/Page_JM Control Centre/Page_JM Control Centre/span_PMR03A - Producer Complia' is clicked on

2019-01-15 14:59:21 - [MESSAGE][PASSED] - Object: 'Object Repository/FSM1/Create PMM Inspection/a/Page_JM Control Centre/Page_JM Control Centre/span_PMR03A - Producer Complia' is clicked on

2019-01-15 14:59:21 - [TEST_STEP][PASSED] - click(findTestObject("FSM1/Control Centre/Create EMI Inspection New/Page_JM Control Centre/div_v-filterselect-button_1")): Object: 'Object Repository/FSM1/Control Centre/Create EMI Inspection New/Page_JM Control Centre/div_v-filterselect-button_1' is clicked on

2019-01-15 14:59:24 - [MESSAGE][PASSED] - Object: 'Object Repository/FSM1/Control Centre/Create EMI Inspection New/Page_JM Control Centre/div_v-filterselect-button_1' is clicked on

2019-01-15 14:59:24 - [TEST_STEP][PASSED] - click(findTestObject("FSM1/Control Centre/Create EMI Inspection New/Page_JM Control Centre/span_24 Hours")): Object: 'Object Repository/FSM1/Control Centre/Create EMI Inspection New/Page_JM Control Centre/span_24 Hours' is clicked on

2019-01-15 14:59:24 - [MESSAGE][PASSED] - Object: 'Object Repository/FSM1/Control Centre/Create EMI Inspection New/Page_JM Control Centre/span_24 Hours' is clicked on

2019-01-15 14:59:24 - [TEST_STEP][PASSED] - setText(findTestObject("Object Repository/FSM1/Create PMM Inspection/a/Page_JM Control Centre/Page_JM Control Centre/input_Region_gwt-uid-24"), "w"): Text 'w' is set on object 'Object Repository/FSM1/Create PMM Inspection/a/Page_JM Control Centre/Page_JM Control Centre/input_Region_gwt-uid-24'

2019-01-15 14:59:24 - [MESSAGE][PASSED] - Text 'w' is set on object 'Object Repository/FSM1/Create PMM Inspection/a/Page_JM Control Centre/Page_JM Control Centre/input_Region_gwt-uid-24'

2019-01-15 14:59:24 - [TEST_STEP][PASSED] - click(findTestObject("Object Repository/FSM1/Create PMM Inspection/a/Page_JM Control Centre/Page_JM Control Centre/span_West")): Object: 'Object Repository/FSM1/Create PMM Inspection/a/Page_JM Control Centre/Page_JM Control Centre/span_West' is clicked on

2019-01-15 14:59:24 - [MESSAGE][PASSED] - Object: 'Object Repository/FSM1/Create PMM Inspection/a/Page_JM Control Centre/Page_JM Control Centre/span_West' is clicked on

2019-01-15 14:59:24 - [TEST_STEP][PASSED] - setText(findTestObject("Object Repository/FSM1/Create PMM Inspection/a/Page_JM Control Centre/Page_JM Control Centre/input_Priority_gwt-uid-26"), "h"): Text 'h' is set on object 'Object Repository/FSM1/Create PMM Inspection/a/Page_JM Control Centre/Page_JM Control Centre/input_Priority_gwt-uid-26'

2019-01-15 14:59:25 - [MESSAGE][PASSED] - Text 'h' is set on object 'Object Repository/FSM1/Create PMM Inspection/a/Page_JM Control Centre/Page_JM Control Centre/input_Priority_gwt-uid-26'

2019-01-15 14:59:25 - [TEST_STEP][PASSED] - click(findTestObject("Object Repository/FSM1/Create PMM Inspection/a/Page_JM Control Centre/Page_JM Control Centre/span_High")): Object: 'Object Repository/FSM1/Create PMM Inspection/a/Page_JM Control Centre/Page_JM Control Centre/span_High' is clicked on

2019-01-15 14:59:25 - [MESSAGE][PASSED] - Object: 'Object Repository/FSM1/Create PMM Inspection/a/Page_JM Control Centre/Page_JM Control Centre/span_High' is clicked on

2019-01-15 14:59:25 - [TEST_STEP][PASSED] - if (verifyElementPresent(findTestObject("JM_8918/PMM/Page_JM Control Centre/Page_JM Control Centre/InspectionType"), 2, OPTIONAL)): Object: 'Object Repository/FSM1/Create PMM Inspection/a/Page_JM Control Centre/Page_JM Control Centre/span_Extensive Indoor (Barn Re' is clicked on

2019-01-15 14:59:25 - [MESSAGE][PASSED] - Object 'Object Repository/JM_8918/PMM/Page_JM Control Centre/Page_JM Control Centre/InspectionType' is present

2019-01-15 14:59:25 - [TEST_STEP][PASSED] - setText(findTestObject("JM_8918/PMM/Page_JM Control Centre/Page_JM Control Centre/InspectionType"), "r"): Text 'r' is set on object 'Object Repository/JM_8918/PMM/Page_JM Control Centre/Page_JM Control Centre/InspectionType'

2019-01-15 14:59:25 - [MESSAGE][PASSED] - Text 'r' is set on object 'Object Repository/JM_8918/PMM/Page_JM Control Centre/Page_JM Control Centre/InspectionType'

2019-01-15 14:59:25 - [TEST_STEP][PASSED] - click(findTestObject("Object Repository/FSM1/Create PMM Inspection/a/Page_JM Control Centre/Page_JM Control Centre/span_Routine")): Object: 'Object Repository/FSM1/Create PMM Inspection/a/Page_JM Control Centre/Page_JM Control Centre/span_Routine' is clicked on

2019-01-15 14:59:25 - [MESSAGE][PASSED] - Object: 'Object Repository/FSM1/Create PMM Inspection/a/Page_JM Control Centre/Page_JM Control Centre/span_Routine' is clicked on

2019-01-15 14:59:25 - [TEST_STEP][PASSED] - click(findTestObject("Object Repository/FSM1/Create PMM Inspection/a/Page_JM Control Centre/Page_JM Control Centre/div_Production Type_v-filterse")): Object: 'Object Repository/FSM1/Create PMM Inspection/a/Page_JM Control Centre/Page_JM Control Centre/div_Production Type_v-filterse' is clicked on

2019-01-15 14:59:25 - [MESSAGE][PASSED] - Object: 'Object Repository/FSM1/Create PMM Inspection/a/Page_JM Control Centre/Page_JM Control Centre/div_Production Type_v-filterse' is clicked on

2019-01-15 14:59:25 - [TEST_STEP][PASSED] - click(findTestObject("Object Repository/FSM1/Create PMM Inspection/a/Page_JM Control Centre/Page_JM Control Centre/span_Extensive Indoor (Barn Re")): Object: 'Object Repository/FSM1/Create PMM Inspection/a/Page_JM Control Centre/Page_JM Control Centre/span_Extensive Indoor (Barn Re' is clicked on

2019-01-15 14:59:26 - [MESSAGE][PASSED] - Object: 'Object Repository/FSM1/Create PMM Inspection/a/Page_JM Control Centre/Page_JM Control Centre/span_Extensive Indoor (Barn Re' is clicked on

2019-01-15 14:59:26 - [TEST_STEP][PASSED] - click(findTestObject("Object Repository/FSM1/Create PMM Inspection/a/Page_JM Control Centre/Page_JM Control Centre/div_Species_v-filterselect-but")): Object: 'Object Repository/FSM1/Create PMM Inspection/a/Page_JM Control Centre/Page_JM Control Centre/div_Species_v-filterselect-but' is clicked on

2019-01-15 14:59:26 - [MESSAGE][PASSED] - Object: 'Object Repository/FSM1/Create PMM Inspection/a/Page_JM Control Centre/Page_JM Control Centre/div_Species_v-filterselect-but' is clicked on

2019-01-15 14:59:26 - [TEST_STEP][PASSED] - click(findTestObject("Object Repository/FSM1/Create PMM Inspection/a/Page_JM Control Centre/Page_JM Control Centre/span_Chicken")): Object: 'Object Repository/FSM1/Create PMM Inspection/a/Page_JM Control Centre/Page_JM Control Centre/span_Chicken' is clicked on

2019-01-15 14:59:26 - [MESSAGE][PASSED] - Object: 'Object Repository/FSM1/Create PMM Inspection/a/Page_JM Control Centre/Page_JM Control Centre/span_Chicken' is clicked on

2019-01-15 14:59:26 - [TEST_STEP][PASSED] - setText(findTestObject("Object Repository/JM_8918/PMM/Registration/Page_JM Control Centre/input_Keeper ID_gwt-uid-34"), RandomStringUtils.randomNumeric(5)): Text '00699' is set on object 'Object Repository/JM_8918/PMM/Registration/Page_JM Control Centre/input_Keeper ID_gwt-uid-34'

2019-01-15 14:59:26 - [MESSAGE][PASSED] - Text '00699' is set on object 'Object Repository/JM_8918/PMM/Registration/Page_JM Control Centre/input_Keeper ID_gwt-uid-34'

2019-01-15 14:59:26 - [TEST_STEP][PASSED] - setText(findTestObject("Object Repository/FSM1/Create PMM Inspection/a/Page_JM Control Centre/Page_JM Control Centre/input_Keeper ID_gwt-uid-36"), RandomStringUtils.randomNumeric(5)): Text '38191' is set on object 'Object Repository/FSM1/Create PMM Inspection/a/Page_JM Control Centre/Page_JM Control Centre/input_Keeper ID_gwt-uid-36'

2019-01-15 14:59:26 - [MESSAGE][PASSED] - Text '38191' is set on object 'Object Repository/FSM1/Create PMM Inspection/a/Page_JM Control Centre/Page_JM Control Centre/input_Keeper ID_gwt-uid-36'

2019-01-15 14:59:26 - [TEST_STEP][PASSED] - setText(findTestObject("Object Repository/FSM1/Create PMM Inspection/a/Page_JM Control Centre/Page_JM Control Centre/input_Keeper Name_gwt-uid-38"), RandomStringUtils.randomNumeric(5)): Text '53768' is set on object 'Object Repository/FSM1/Create PMM Inspection/a/Page_JM Control Centre/Page_JM Control Centre/input_Keeper Name_gwt-uid-38'

2019-01-15 14:59:27 - [MESSAGE][PASSED] - Text '53768' is set on object 'Object Repository/FSM1/Create PMM Inspection/a/Page_JM Control Centre/Page_JM Control Centre/input_Keeper Name_gwt-uid-38'

2019-01-15 14:59:27 - [TEST_STEP][PASSED] - setText(findTestObject("Object Repository/FSM1/Create PMM Inspection/a/Page_JM Control Centre/Page_JM Control Centre/input_Keeper Contact Name_gwt-"), RandomStringUtils.randomNumeric(5)): Text '64598' is set on object 'Object Repository/FSM1/Create PMM Inspection/a/Page_JM Control Centre/Page_JM Control Centre/input_Keeper Contact Name_gwt-'

2019-01-15 14:59:27 - [MESSAGE][PASSED] - Text '64598' is set on object 'Object Repository/FSM1/Create PMM Inspection/a/Page_JM Control Centre/Page_JM Control Centre/input_Keeper Contact Name_gwt-'

2019-01-15 14:59:27 - [TEST_STEP][PASSED] - setText(findTestObject("Object Repository/JM_8918/PMM/Registration/Page_JM Control Centre/input_Location ID_gwt-uid-44"), RandomStringUtils.randomNumeric(5)): Text '31769' is set on object 'Object Repository/JM_8918/PMM/Registration/Page_JM Control Centre/input_Location ID_gwt-uid-44'

2019-01-15 14:59:27 - [MESSAGE][PASSED] - Text '31769' is set on object 'Object Repository/JM_8918/PMM/Registration/Page_JM Control Centre/input_Location ID_gwt-uid-44'

2019-01-15 14:59:27 - [TEST_STEP][PASSED] - setText(findTestObject("Object Repository/JM_8918/PMM/Registration/Page_JM Control Centre/input_Customer ID_gwt-uid-48"), RandomStringUtils.randomNumeric(5)): Text '33612' is set on object 'Object Repository/JM_8918/PMM/Registration/Page_JM Control Centre/input_Customer ID_gwt-uid-48'

2019-01-15 14:59:27 - [MESSAGE][PASSED] - Text '33612' is set on object 'Object Repository/JM_8918/PMM/Registration/Page_JM Control Centre/input_Customer ID_gwt-uid-48'

2019-01-15 14:59:27 - [TEST_STEP][PASSED] - setText(findTestObject("Object Repository/JM_8918/PMM/Registration/Page_JM Control Centre/input_Customer Name_gwt-uid-50"), RandomStringUtils.randomNumeric(5)): Text '63557' is set on object 'Object Repository/JM_8918/PMM/Registration/Page_JM Control Centre/input_Customer Name_gwt-uid-50'

2019-01-15 14:59:27 - [MESSAGE][PASSED] - Text '63557' is set on object 'Object Repository/JM_8918/PMM/Registration/Page_JM Control Centre/input_Customer Name_gwt-uid-50'

2019-01-15 14:59:27 - [TEST_STEP][PASSED] - setText(findTestObject("Object Repository/JM_8918/PMM/Registration/Page_JM Control Centre/input_Customer Contact Name_gw"), RandomStringUtils.randomNumeric(5)): Text '77874' is set on object 'Object Repository/JM_8918/PMM/Registration/Page_JM Control Centre/input_Customer Contact Name_gw'

2019-01-15 14:59:28 - [MESSAGE][PASSED] - Text '77874' is set on object 'Object Repository/JM_8918/PMM/Registration/Page_JM Control Centre/input_Customer Contact Name_gw'

2019-01-15 14:59:28 - [TEST_STEP][PASSED] - setText(findTestObject("Object Repository/JM_8918/PMM/Registration/Page_JM Control Centre/input_County Parish Holding (C"), RandomStringUtils.randomNumeric(5)): Text '73817' is set on object 'Object Repository/JM_8918/PMM/Registration/Page_JM Control Centre/input_County Parish Holding (C'

2019-01-15 14:59:28 - [MESSAGE][PASSED] - Text '73817' is set on object 'Object Repository/JM_8918/PMM/Registration/Page_JM Control Centre/input_County Parish Holding (C'

2019-01-15 14:59:28 - [TEST_STEP][PASSED] - setText(findTestObject("Object Repository/JM_8918/PMM/Registration/Page_JM Control Centre/input_CPHH_gwt-uid-64"), RandomStringUtils.randomNumeric(5)): Text '48049' is set on object 'Object Repository/JM_8918/PMM/Registration/Page_JM Control Centre/input_CPHH_gwt-uid-64'

2019-01-15 14:59:28 - [MESSAGE][PASSED] - Text '48049' is set on object 'Object Repository/JM_8918/PMM/Registration/Page_JM Control Centre/input_CPHH_gwt-uid-64'

2019-01-15 14:59:28 - [TEST_STEP][PASSED] - click(findTestObject("FSM1/Control Centre/Create EMI Inspection/Page_JM Control Centre/span_")): Object: 'Object Repository/FSM1/Control Centre/Create EMI Inspection/Page_JM Control Centre/span_' is clicked on

2019-01-15 14:59:28 - [MESSAGE][PASSED] - Object: 'Object Repository/FSM1/Control Centre/Create EMI Inspection/Page_JM Control Centre/span_' is clicked on

2019-01-15 14:59:28 - [TEST_STEP][PASSED] - click(findTestObject("FSM1/Control Centre/Create EMI Inspection/Address Search/Page_JM Control Centre/Postcode Search")): Object: 'Object Repository/FSM1/Control Centre/Create EMI Inspection/Address Search/Page_JM Control Centre/Postcode Search' is clicked on

2019-01-15 14:59:28 - [MESSAGE][PASSED] - Object: 'Object Repository/FSM1/Control Centre/Create EMI Inspection/Address Search/Page_JM Control Centre/Postcode Search' is clicked on

2019-01-15 14:59:28 - [TEST_STEP][PASSED] - setText(findTestObject("FSM1/PreProd/Page_JM Control Centre/PostcodeSearch"), findTestData("Pre Production/PMM/PMM Inspection Data").getValue(1, 1)): Text 'WR5 2NQ' is set on object 'Object Repository/FSM1/PreProd/Page_JM Control Centre/PostcodeSearch'

2019-01-15 14:59:29 - [MESSAGE][PASSED] - Text 'WR5 2NQ' is set on object 'Object Repository/FSM1/PreProd/Page_JM Control Centre/PostcodeSearch'

2019-01-15 14:59:29 - [TEST_STEP][PASSED] - doubleClick(findTestObject("JM_8918/Page_JM Control Centre/div_Search")): Object: 'Object Repository/JM_8918/Page_JM Control Centre/div_Search' is double clicked on

2019-01-15 14:59:29 - [MESSAGE][PASSED] - Object: 'Object Repository/JM_8918/Page_JM Control Centre/div_Search' is double clicked on

2019-01-15 14:59:29 - [TEST_STEP][PASSED] - FullAddress = modifyObjectProperty(findTestObject("FSM1/Control Centre/Create EMI Inspection/Page_JM Control Centre/Address"), "text", "equals", findTestData("Pre Production/PMM/PMM Inspection Data").getValue(2, 1), true): Modify property of object successfully

2019-01-15 14:59:29 - [MESSAGE][PASSED] - Modify property of object successfully

2019-01-15 14:59:29 - [TEST_STEP][PASSED] - click(FullAddress, STOP_ON_FAILURE): Object: 'Object Repository/FSM1/Control Centre/Create EMI Inspection/Page_JM Control Centre/Address' is clicked on

2019-01-15 14:59:31 - [MESSAGE][PASSED] - Object: 'Object Repository/FSM1/Control Centre/Create EMI Inspection/Page_JM Control Centre/Address' is clicked on

2019-01-15 14:59:31 - [TEST_STEP][PASSED] - click(findTestObject("FSM1/Control Centre/Create EMI Inspection/Create Address/Page_JM Control Centre (2)/div_Add Selected Item")): Object: 'Object Repository/FSM1/Control Centre/Create EMI Inspection/Create Address/Page_JM Control Centre (2)/div_Add Selected Item' is clicked on

2019-01-15 14:59:31 - [MESSAGE][PASSED] - Object: 'Object Repository/FSM1/Control Centre/Create EMI Inspection/Create Address/Page_JM Control Centre (2)/div_Add Selected Item' is clicked on

2019-01-15 14:59:31 - [TEST_STEP][PASSED] - delay(5): Delayed 5 second(s)

2019-01-15 14:59:36 - [MESSAGE][PASSED] - Delayed 5 second(s)

2019-01-15 14:59:36 - [TEST_STEP][PASSED] - setText(findTestObject("Object Repository/JM_8918/EMI/Fixed Resource/Page_JM Control Centre/input_Fixed Resource_gwt-uid-1"), "test"): Text 'test' is set on object 'Object Repository/JM_8918/EMI/Fixed Resource/Page_JM Control Centre/input_Fixed Resource_gwt-uid-1'

2019-01-15 14:59:36 - [MESSAGE][PASSED] - Text 'test' is set on object 'Object Repository/JM_8918/EMI/Fixed Resource/Page_JM Control Centre/input_Fixed Resource_gwt-uid-1'

2019-01-15 14:59:36 - [TEST_STEP][PASSED] - click(findTestObject("Object Repository/JM_8918/EMI/Fixed Resource/Page_JM Control Centre/span_Test Inspector")): Object: 'Object Repository/JM_8918/EMI/Fixed Resource/Page_JM Control Centre/span_Test Inspector' is clicked on

2019-01-15 14:59:36 - [MESSAGE][PASSED] - Object: 'Object Repository/JM_8918/EMI/Fixed Resource/Page_JM Control Centre/span_Test Inspector' is clicked on

2019-01-15 14:59:36 - [TEST_STEP][PASSED] - delay(2): Delayed 2 second(s)

2019-01-15 14:59:38 - [MESSAGE][PASSED] - Delayed 2 second(s)

2019-01-15 14:59:38 - [TEST_STEP][PASSED] - click(findTestObject("Object Repository/JM_8918/PMM/Page_JM Control Centre/div_Auto Schedulable_v-filters")): Object: 'Object Repository/JM_8918/PMM/Page_JM Control Centre/div_Auto Schedulable_v-filters' is clicked on

2019-01-15 14:59:38 - [MESSAGE][PASSED] - Object: 'Object Repository/JM_8918/PMM/Page_JM Control Centre/div_Auto Schedulable_v-filters' is clicked on

2019-01-15 14:59:38 - [TEST_STEP][PASSED] - click(findTestObject("Object Repository/JM_8918/PMM/Page_JM Control Centre/span_Yes")): Object: 'Object Repository/JM_8918/PMM/Page_JM Control Centre/span_Yes' is clicked on

2019-01-15 14:59:39 - [MESSAGE][PASSED] - Object: 'Object Repository/JM_8918/PMM/Page_JM Control Centre/span_Yes' is clicked on

2019-01-15 14:59:39 - [TEST_STEP][PASSED] - delay(2): Delayed 2 second(s)

2019-01-15 14:59:41 - [MESSAGE][PASSED] - Delayed 2 second(s)

2019-01-15 14:59:41 - [TEST_STEP][PASSED] - click(findTestObject("Object Repository/JM_8918/PMM/Page_JM Control Centre/div_Create")): Object: 'Object Repository/JM_8918/PMM/Page_JM Control Centre/div_Create' is clicked on

2019-01-15 14:59:41 - [MESSAGE][PASSED] - Object: 'Object Repository/JM_8918/PMM/Page_JM Control Centre/div_Create' is clicked on

2019-01-15 14:59:41 - [TEST_STEP][PASSED] - waitForElementPresent(findTestObject("FSM1/Control Centre/Status/Page_JM Control Centre/div_PLANNED DYNAMIC"), 120, STOP_ON_FAILURE): Object 'Object Repository/FSM1/Control Centre/Status/Page_JM Control Centre/div_PLANNED DYNAMIC' is present

2019-01-15 15:00:04 - [MESSAGE][PASSED] - Object 'Object Repository/FSM1/Control Centre/Status/Page_JM Control Centre/div_PLANNED DYNAMIC' is present

2019-01-15 15:00:04 - [TEST_STEP][PASSED] - InspectionID = getText(findTestObject("FSM1/Control Centre/Create EMI Inspection/InspectionID/Page_JM Control Centre/InspectionID")): Text of object 'Object Repository/FSM1/Control Centre/Create EMI Inspection/InspectionID/Page_JM Control Centre/InspectionID' is: 'Viewing Job 101424'

2019-01-15 15:00:05 - [MESSAGE][PASSED] - Text of object 'Object Repository/FSM1/Control Centre/Create EMI Inspection/InspectionID/Page_JM Control Centre/InspectionID' is: 'Viewing Job 101424'

2019-01-15 15:00:05 - [TEST_STEP][PASSED] - InspectionID = InspectionID.replaceAll("Viewing Job ", ""): null

2019-01-15 15:00:05 - [TEST_STEP][PASSED] - log.logWarning(InspectionID): 101424

2019-01-15 15:00:05 - [MESSAGE][WARNING] - 101424

2019-01-15 15:00:05 - [TEST_STEP][PASSED] - temp = InspectionID: null

2019-01-15 15:00:05 - [TEST_STEP][PASSED] - delay(200): Delayed 200 second(s)

2019-01-15 15:03:25 - [MESSAGE][PASSED] - Delayed 200 second(s)]]></system-out>
         <system-err><![CDATA[]]></system-err>
      </testcase>
      <testcase name="Test Cases/Generic/Launch Job Manager" classname="Test Cases/Generic/Launch Job Manager" status="PASSED">
         <system-out><![CDATA[2019-01-15 15:03:25 - [TEST_CASE][PASSED] - Test Cases/Generic/Launch Job Manager: Test Cases/Generic/Launch Job Manager

2019-01-15 15:03:25 - [TEST_STEP][PASSED] - openBrowser(""): Browser is opened with url: ''

2019-01-15 15:03:25 - [MESSAGE][WARNING] - A browser is already opened. Closing browser and opening a new one

2019-01-15 15:03:26 - [MESSAGE][INFO] - Starting 'Chrome' driver

2019-01-15 15:03:28 - [MESSAGE][PASSED] - Browser is opened with url: ''

2019-01-15 15:03:28 - [TEST_STEP][PASSED] - navigateToUrl(JMURL): Navigate to 'https://kirona-def-6.kirona.com/jmprep/jclient/jclient.html' successfully

2019-01-15 15:03:29 - [MESSAGE][PASSED] - Navigate to 'https://kirona-def-6.kirona.com/jmprep/jclient/jclient.html' successfully

2019-01-15 15:03:29 - [TEST_STEP][PASSED] - delay(3): Delayed 3 second(s)

2019-01-15 15:03:32 - [MESSAGE][PASSED] - Delayed 3 second(s)

2019-01-15 15:03:32 - [TEST_STEP][PASSED] - setText(findTestObject("FSM1/Launch Application/Page_JClient/input_gwt-TextBox GKH2EKQBMDB"), "KIR1"): Text 'KIR1' is set on object 'Object Repository/FSM1/Launch Application/Page_JClient/input_gwt-TextBox GKH2EKQBMDB'

2019-01-15 15:03:32 - [MESSAGE][PASSED] - Text 'KIR1' is set on object 'Object Repository/FSM1/Launch Application/Page_JClient/input_gwt-TextBox GKH2EKQBMDB'

2019-01-15 15:03:32 - [TEST_STEP][PASSED] - sendKeys(findTestObject("FSM1/Launch Application/Page_JClient/input_gwt-TextBox GKH2EKQBMDB"), Keys.chord(ENTER)): Keys 'ENTER + ' sent to object: 'Object Repository/FSM1/Launch Application/Page_JClient/input_gwt-TextBox GKH2EKQBMDB'

2019-01-15 15:03:32 - [MESSAGE][PASSED] - Keys 'ENTER + ' sent to object: 'Object Repository/FSM1/Launch Application/Page_JClient/input_gwt-TextBox GKH2EKQBMDB'

2019-01-15 15:03:32 - [TEST_STEP][PASSED] - delay(3): Delayed 3 second(s)

2019-01-15 15:03:35 - [MESSAGE][PASSED] - Delayed 3 second(s)

2019-01-15 15:03:35 - [TEST_STEP][PASSED] - click(findTestObject("FSM1/Launch Application/Page_JClient/div_Configure App")): Object: 'Object Repository/FSM1/Launch Application/Page_JClient/div_Configure App' is clicked on

2019-01-15 15:03:35 - [MESSAGE][PASSED] - Object: 'Object Repository/FSM1/Launch Application/Page_JClient/div_Configure App' is clicked on

2019-01-15 15:03:35 - [TEST_STEP][PASSED] - setText(findTestObject("FSM1/Launch Application/Page_JClient/input_gwt-TextBox GKH2EKQBNHC"), findTestData("Pre Production/Environmental/UandP").getValue(3, 1)): Text 'test.inspector' is set on object 'Object Repository/FSM1/Launch Application/Page_JClient/input_gwt-TextBox GKH2EKQBNHC'

2019-01-15 15:03:36 - [MESSAGE][PASSED] - Text 'test.inspector' is set on object 'Object Repository/FSM1/Launch Application/Page_JClient/input_gwt-TextBox GKH2EKQBNHC'

2019-01-15 15:03:36 - [TEST_STEP][PASSED] - setText(findTestObject("FSM1/Launch Application/Page_JClient/input_gwt-PasswordTextBox GKH2"), findTestData("Pre Production/Environmental/UandP").getValue(4, 1)): Text 'Password1.' is set on object 'Object Repository/FSM1/Launch Application/Page_JClient/input_gwt-PasswordTextBox GKH2'

2019-01-15 15:03:36 - [MESSAGE][PASSED] - Text 'Password1.' is set on object 'Object Repository/FSM1/Launch Application/Page_JClient/input_gwt-PasswordTextBox GKH2'

2019-01-15 15:03:36 - [TEST_STEP][PASSED] - click(findTestObject("FSM1/Launch Application/Page_JClient/div_Sign In")): Object: 'Object Repository/FSM1/Launch Application/Page_JClient/div_Sign In' is clicked on

2019-01-15 15:03:36 - [MESSAGE][PASSED] - Object: 'Object Repository/FSM1/Launch Application/Page_JClient/div_Sign In' is clicked on

2019-01-15 15:03:36 - [TEST_STEP][PASSED] - delay(15): Delayed 15 second(s)

2019-01-15 15:03:51 - [MESSAGE][PASSED] - Delayed 15 second(s)]]></system-out>
         <system-err><![CDATA[]]></system-err>
      </testcase>
      <testcase name="Test Cases/Generic/Select Inspection" classname="Test Cases/Generic/Select Inspection" status="PASSED">
         <system-out><![CDATA[2019-01-15 15:03:51 - [TEST_CASE][PASSED] - Test Cases/Generic/Select Inspection: Test Cases/Generic/Select Inspection

2019-01-15 15:03:52 - [TEST_STEP][PASSED] - delay(20): Delayed 20 second(s)

2019-01-15 15:04:12 - [MESSAGE][PASSED] - Delayed 20 second(s)

2019-01-15 15:04:12 - [TEST_STEP][PASSED] - waitForElementClickable(findTestObject("JM_8918/Page_JM Control Centre/Page_JM Control Centre/Page_JClient/Refresh"), 250): Object 'Object Repository/JM_8918/Page_JM Control Centre/Page_JM Control Centre/Page_JClient/Refresh' is clickable

2019-01-15 15:04:12 - [MESSAGE][PASSED] - Object 'Object Repository/JM_8918/Page_JM Control Centre/Page_JM Control Centre/Page_JClient/Refresh' is clickable

2019-01-15 15:04:12 - [TEST_STEP][PASSED] - click(findTestObject("JM_8918/Page_JM Control Centre/Page_JM Control Centre/Page_JClient/Refresh")): Object: 'Object Repository/JM_8918/Page_JM Control Centre/Page_JM Control Centre/Page_JClient/Refresh' is clicked on

2019-01-15 15:04:12 - [MESSAGE][PASSED] - Object: 'Object Repository/JM_8918/Page_JM Control Centre/Page_JM Control Centre/Page_JClient/Refresh' is clicked on

2019-01-15 15:04:12 - [TEST_STEP][PASSED] - waitForElementClickable(findTestObject("JM_8918/Page_JM Control Centre/Page_JM Control Centre/Page_JClient/Refresh"), 250): Object 'Object Repository/JM_8918/Page_JM Control Centre/Page_JM Control Centre/Page_JClient/Refresh' is clickable

2019-01-15 15:04:12 - [MESSAGE][PASSED] - Object 'Object Repository/JM_8918/Page_JM Control Centre/Page_JM Control Centre/Page_JClient/Refresh' is clickable

2019-01-15 15:04:12 - [TEST_STEP][PASSED] - InspectionRef = modifyObjectProperty(findTestObject("FSM1/Select Inspection/Landing/Page_JClient/div_35098"), "text", "equals", temp, true, STOP_ON_FAILURE): Modify property of object successfully

2019-01-15 15:04:12 - [MESSAGE][PASSED] - Modify property of object successfully

2019-01-15 15:04:12 - [TEST_STEP][PASSED] - delay(5): Delayed 5 second(s)

2019-01-15 15:04:17 - [MESSAGE][PASSED] - Delayed 5 second(s)

2019-01-15 15:04:17 - [TEST_STEP][PASSED] - if (verifyElementPresent(InspectionRef, 10, OPTIONAL)): com.kms.katalon.core.webui.exception.WebElementNotFoundException: Web element with id: 'Object Repository/FSM1/Select Inspection/Landing/Page_JClient/div_35098' located by 'By.xpath: //div[(text() = '101424' or . = '101424')]' not found

2019-01-15 15:04:27 - [MESSAGE][INFO] - Unable to find the element located by 'By.xpath: //div[(text() = '101424' or . = '101424')]'. Please recheck the objects properties to make sure the desired element is located. 

2019-01-15 15:04:28 - [MESSAGE][WARNING] - com.kms.katalon.core.webui.exception.WebElementNotFoundException: Web element with id: 'Object Repository/FSM1/Select Inspection/Landing/Page_JClient/div_35098' located by 'By.xpath: //div[(text() = '101424' or . = '101424')]' not found
[[ATTACHMENT|C:\\Users\\jonha\\Documents\\Katalon\\APHA\\JM_8.9\\FSM_Regression\\Reports\\PMM\\PMM Regression - Compliance\\20190115_145850\\1547564667891.png]]

2019-01-15 15:04:28 - [TEST_STEP][PASSED] - else: Object: 'Object Repository/FSM1/Select Inspection/Landing/Page_JClient/div_35098' is clicked on

2019-01-15 15:04:28 - [TEST_STEP][PASSED] - click(findTestObject("JM_8918/Page_JM Control Centre/Page_JM Control Centre/Page_JClient/div_2 Days")): Object: 'Object Repository/JM_8918/Page_JM Control Centre/Page_JM Control Centre/Page_JClient/div_2 Days' is clicked on

2019-01-15 15:04:28 - [MESSAGE][PASSED] - Object: 'Object Repository/JM_8918/Page_JM Control Centre/Page_JM Control Centre/Page_JClient/div_2 Days' is clicked on

2019-01-15 15:04:28 - [TEST_STEP][PASSED] - delay(3): Delayed 3 second(s)

2019-01-15 15:04:31 - [MESSAGE][PASSED] - Delayed 3 second(s)

2019-01-15 15:04:31 - [TEST_STEP][PASSED] - click(InspectionRef): Object: 'Object Repository/FSM1/Select Inspection/Landing/Page_JClient/div_35098' is clicked on

2019-01-15 15:04:31 - [MESSAGE][PASSED] - Object: 'Object Repository/FSM1/Select Inspection/Landing/Page_JClient/div_35098' is clicked on

2019-01-15 15:04:31 - [TEST_STEP][PASSED] - click(findTestObject("FSM1/Select Inspection/Page_JClient/div_WITH OPERATIVE")): Object: 'Object Repository/FSM1/Select Inspection/Page_JClient/div_WITH OPERATIVE' is clicked on

2019-01-15 15:04:32 - [MESSAGE][PASSED] - Object: 'Object Repository/FSM1/Select Inspection/Page_JClient/div_WITH OPERATIVE' is clicked on

2019-01-15 15:04:32 - [TEST_STEP][PASSED] - delay(2): Delayed 2 second(s)

2019-01-15 15:04:34 - [MESSAGE][PASSED] - Delayed 2 second(s)

2019-01-15 15:04:34 - [TEST_STEP][PASSED] - click(findTestObject("FSM1/Select Inspection/Page_JClient/div_TRAVELLING")): Object: 'Object Repository/FSM1/Select Inspection/Page_JClient/div_TRAVELLING' is clicked on

2019-01-15 15:04:34 - [MESSAGE][PASSED] - Object: 'Object Repository/FSM1/Select Inspection/Page_JClient/div_TRAVELLING' is clicked on

2019-01-15 15:04:34 - [TEST_STEP][PASSED] - delay(2): Delayed 2 second(s)

2019-01-15 15:04:36 - [MESSAGE][PASSED] - Delayed 2 second(s)

2019-01-15 15:04:36 - [TEST_STEP][PASSED] - click(findTestObject("FSM1/Select Inspection/Page_JClient/div_TRAVELLING")): Object: 'Object Repository/FSM1/Select Inspection/Page_JClient/div_TRAVELLING' is clicked on

2019-01-15 15:04:36 - [MESSAGE][PASSED] - Object: 'Object Repository/FSM1/Select Inspection/Page_JClient/div_TRAVELLING' is clicked on

2019-01-15 15:04:36 - [TEST_STEP][PASSED] - delay(2): Delayed 2 second(s)

2019-01-15 15:04:38 - [MESSAGE][PASSED] - Delayed 2 second(s)

2019-01-15 15:04:38 - [TEST_STEP][PASSED] - click(findTestObject("FSM1/Select Inspection/Page_JClient/div_ARRIVED")): Object: 'Object Repository/FSM1/Select Inspection/Page_JClient/div_ARRIVED' is clicked on

2019-01-15 15:04:38 - [MESSAGE][PASSED] - Object: 'Object Repository/FSM1/Select Inspection/Page_JClient/div_ARRIVED' is clicked on

2019-01-15 15:04:38 - [TEST_STEP][PASSED] - delay(2): Delayed 2 second(s)

2019-01-15 15:04:40 - [MESSAGE][PASSED] - Delayed 2 second(s)

2019-01-15 15:04:40 - [TEST_STEP][PASSED] - click(findTestObject("FSM1/Select Inspection/Page_JClient/div_ARRIVED")): Object: 'Object Repository/FSM1/Select Inspection/Page_JClient/div_ARRIVED' is clicked on

2019-01-15 15:04:40 - [MESSAGE][PASSED] - Object: 'Object Repository/FSM1/Select Inspection/Page_JClient/div_ARRIVED' is clicked on

2019-01-15 15:04:40 - [TEST_STEP][PASSED] - delay(4): Delayed 4 second(s)

2019-01-15 15:04:44 - [MESSAGE][PASSED] - Delayed 4 second(s)

2019-01-15 15:04:44 - [TEST_STEP][PASSED] - click(findTestObject("FSM1/Select Inspection/Page_JClient/div_STARTED")): Object: 'Object Repository/FSM1/Select Inspection/Page_JClient/div_STARTED' is clicked on

2019-01-15 15:04:44 - [MESSAGE][PASSED] - Object: 'Object Repository/FSM1/Select Inspection/Page_JClient/div_STARTED' is clicked on

2019-01-15 15:04:44 - [TEST_STEP][PASSED] - delay(2): Delayed 2 second(s)

2019-01-15 15:04:46 - [MESSAGE][PASSED] - Delayed 2 second(s)]]></system-out>
         <system-err><![CDATA[]]></system-err>
      </testcase>
      <testcase name="Test Cases/PMM/Compliance/Complete PMM Inspection - Inspection Details" classname="Test Cases/PMM/Compliance/Complete PMM Inspection - Inspection Details" status="PASSED">
         <system-out><![CDATA[2019-01-15 15:04:46 - [TEST_CASE][PASSED] - Test Cases/PMM/Compliance/Complete PMM Inspection - Inspection Details: Test Cases/PMM/Compliance/Complete PMM Inspection - Inspection Details

2019-01-15 15:04:46 - [TEST_STEP][PASSED] - click(findTestObject("Object Repository/FSM1/Complete PMM Inspection/Inspection Details/Page_JClient/Page_JClient/div_Inspection Details")): Object: 'Object Repository/FSM1/Complete PMM Inspection/Inspection Details/Page_JClient/Page_JClient/div_Inspection Details' is clicked on

2019-01-15 15:04:47 - [MESSAGE][PASSED] - Object: 'Object Repository/FSM1/Complete PMM Inspection/Inspection Details/Page_JClient/Page_JClient/div_Inspection Details' is clicked on

2019-01-15 15:04:47 - [TEST_STEP][PASSED] - delay(2): Delayed 2 second(s)

2019-01-15 15:04:49 - [MESSAGE][PASSED] - Delayed 2 second(s)

2019-01-15 15:04:49 - [TEST_STEP][PASSED] - click(findTestObject("Object Repository/FSM1/Complete PMM Inspection/Inspection Details/Page_JClient/Page_JClient/input_Previous crop data avail")): Object: 'Object Repository/FSM1/Complete PMM Inspection/Inspection Details/Page_JClient/Page_JClient/input_Previous crop data avail' is clicked on

2019-01-15 15:04:49 - [MESSAGE][PASSED] - Object: 'Object Repository/FSM1/Complete PMM Inspection/Inspection Details/Page_JClient/Page_JClient/input_Previous crop data avail' is clicked on

2019-01-15 15:04:49 - [TEST_STEP][PASSED] - click(findTestObject("Object Repository/FSM1/Complete PMM Inspection/Inspection Details/Page_JClient/Page_JClient/input_Yes_radio_group_5")): Object: 'Object Repository/FSM1/Complete PMM Inspection/Inspection Details/Page_JClient/Page_JClient/input_Yes_radio_group_5' is clicked on

2019-01-15 15:04:49 - [MESSAGE][PASSED] - Object: 'Object Repository/FSM1/Complete PMM Inspection/Inspection Details/Page_JClient/Page_JClient/input_Yes_radio_group_5' is clicked on

2019-01-15 15:04:49 - [TEST_STEP][PASSED] - click(findTestObject("Object Repository/FSM1/Complete PMM Inspection/Inspection Details/Page_JClient/Page_JClient/input_Yes_radio_group_6")): Object: 'Object Repository/FSM1/Complete PMM Inspection/Inspection Details/Page_JClient/Page_JClient/input_Yes_radio_group_6' is clicked on

2019-01-15 15:04:49 - [MESSAGE][PASSED] - Object: 'Object Repository/FSM1/Complete PMM Inspection/Inspection Details/Page_JClient/Page_JClient/input_Yes_radio_group_6' is clicked on

2019-01-15 15:04:49 - [TEST_STEP][PASSED] - setText(findTestObject("Object Repository/FSM1/Complete PMM Inspection/Inspection Details/Page_JClient/Page_JClient/input_Person Seen_gwt-TextBox"), "Test automation"): Text 'Test automation' is set on object 'Object Repository/FSM1/Complete PMM Inspection/Inspection Details/Page_JClient/Page_JClient/input_Person Seen_gwt-TextBox'

2019-01-15 15:04:49 - [MESSAGE][PASSED] - Text 'Test automation' is set on object 'Object Repository/FSM1/Complete PMM Inspection/Inspection Details/Page_JClient/Page_JClient/input_Person Seen_gwt-TextBox'

2019-01-15 15:04:49 - [TEST_STEP][PASSED] - click(findTestObject("Object Repository/FSM1/Complete PMM Inspection/Inspection Details/Page_JClient/Page_JClient/input_Person Seen Position_rad")): Object: 'Object Repository/FSM1/Complete PMM Inspection/Inspection Details/Page_JClient/Page_JClient/input_Person Seen Position_rad' is clicked on

2019-01-15 15:04:49 - [MESSAGE][PASSED] - Object: 'Object Repository/FSM1/Complete PMM Inspection/Inspection Details/Page_JClient/Page_JClient/input_Person Seen Position_rad' is clicked on

2019-01-15 15:04:49 - [TEST_STEP][PASSED] - click(findTestObject("Object Repository/FSM1/Complete PMM Inspection/Inspection Details/Page_JClient/Page_JClient/input_Did this crop originate")): Object: 'Object Repository/FSM1/Complete PMM Inspection/Inspection Details/Page_JClient/Page_JClient/input_Did this crop originate' is clicked on

2019-01-15 15:04:49 - [MESSAGE][PASSED] - Object: 'Object Repository/FSM1/Complete PMM Inspection/Inspection Details/Page_JClient/Page_JClient/input_Did this crop originate' is clicked on

2019-01-15 15:04:49 - [TEST_STEP][PASSED] - click(findTestObject("Object Repository/FSM1/Complete PMM Inspection/Inspection Details/Page_JClient/Page_JClient/input_Yes_radio_group_9")): Object: 'Object Repository/FSM1/Complete PMM Inspection/Inspection Details/Page_JClient/Page_JClient/input_Yes_radio_group_9' is clicked on

2019-01-15 15:04:49 - [MESSAGE][PASSED] - Object: 'Object Repository/FSM1/Complete PMM Inspection/Inspection Details/Page_JClient/Page_JClient/input_Yes_radio_group_9' is clicked on

2019-01-15 15:04:49 - [TEST_STEP][PASSED] - click(findTestObject("Object Repository/FSM1/Complete PMM Inspection/Inspection Details/Page_JClient/Page_JClient/div_Save")): Object: 'Object Repository/FSM1/Complete PMM Inspection/Inspection Details/Page_JClient/Page_JClient/div_Save' is clicked on

2019-01-15 15:04:49 - [MESSAGE][PASSED] - Object: 'Object Repository/FSM1/Complete PMM Inspection/Inspection Details/Page_JClient/Page_JClient/div_Save' is clicked on]]></system-out>
         <system-err><![CDATA[]]></system-err>
      </testcase>
      <testcase name="Test Cases/PMM/Compliance/Complete PMM Inspection - Processor Details" classname="Test Cases/PMM/Compliance/Complete PMM Inspection - Processor Details" status="PASSED">
         <system-out><![CDATA[2019-01-15 15:04:49 - [TEST_CASE][PASSED] - Test Cases/PMM/Compliance/Complete PMM Inspection - Processor Details: Test Cases/PMM/Compliance/Complete PMM Inspection - Processor Details

2019-01-15 15:04:49 - [TEST_STEP][PASSED] - click(findTestObject("Object Repository/FSM1/Complete PMM Inspection/Processor Details/Page_JClient/Page_JClient/div_Processor Details")): Object: 'Object Repository/FSM1/Complete PMM Inspection/Processor Details/Page_JClient/Page_JClient/div_Processor Details' is clicked on

2019-01-15 15:04:50 - [MESSAGE][PASSED] - Object: 'Object Repository/FSM1/Complete PMM Inspection/Processor Details/Page_JClient/Page_JClient/div_Processor Details' is clicked on

2019-01-15 15:04:50 - [TEST_STEP][PASSED] - delay(2): Delayed 2 second(s)

2019-01-15 15:04:52 - [MESSAGE][PASSED] - Delayed 2 second(s)

2019-01-15 15:04:52 - [TEST_STEP][PASSED] - click(findTestObject("Object Repository/FSM1/Complete PMM Inspection/Processor Details/Page_JClient/Page_JClient/div_Create_GKH2EKQBDXB GKH2EKQ")): Object: 'Object Repository/FSM1/Complete PMM Inspection/Processor Details/Page_JClient/Page_JClient/div_Create_GKH2EKQBDXB GKH2EKQ' is clicked on

2019-01-15 15:04:52 - [MESSAGE][PASSED] - Object: 'Object Repository/FSM1/Complete PMM Inspection/Processor Details/Page_JClient/Page_JClient/div_Create_GKH2EKQBDXB GKH2EKQ' is clicked on

2019-01-15 15:04:52 - [TEST_STEP][PASSED] - delay(2): Delayed 2 second(s)

2019-01-15 15:04:54 - [MESSAGE][PASSED] - Delayed 2 second(s)

2019-01-15 15:04:54 - [TEST_STEP][PASSED] - setText(findTestObject("Object Repository/FSM1/Complete PMM Inspection/Processor Details/Page_JClient/Page_JClient/input_Processor Name_gwt-TextB"), "Test automation"): Text 'Test automation' is set on object 'Object Repository/FSM1/Complete PMM Inspection/Processor Details/Page_JClient/Page_JClient/input_Processor Name_gwt-TextB'

2019-01-15 15:04:54 - [MESSAGE][PASSED] - Text 'Test automation' is set on object 'Object Repository/FSM1/Complete PMM Inspection/Processor Details/Page_JClient/Page_JClient/input_Processor Name_gwt-TextB'

2019-01-15 15:04:54 - [TEST_STEP][PASSED] - setText(findTestObject("Object Repository/FSM1/Complete PMM Inspection/Processor Details/Page_JClient/Page_JClient/textarea_Processor Address_gwt"), "Test Automation"): Text 'Test Automation' is set on object 'Object Repository/FSM1/Complete PMM Inspection/Processor Details/Page_JClient/Page_JClient/textarea_Processor Address_gwt'

2019-01-15 15:04:54 - [MESSAGE][PASSED] - Text 'Test Automation' is set on object 'Object Repository/FSM1/Complete PMM Inspection/Processor Details/Page_JClient/Page_JClient/textarea_Processor Address_gwt'

2019-01-15 15:04:54 - [TEST_STEP][PASSED] - setText(findTestObject("Object Repository/FSM1/Complete PMM Inspection/Processor Details/Page_JClient/Page_JClient/input_Processor Postcode_gwt-T"), "Test aut"): Text 'Test aut' is set on object 'Object Repository/FSM1/Complete PMM Inspection/Processor Details/Page_JClient/Page_JClient/input_Processor Postcode_gwt-T'

2019-01-15 15:04:54 - [MESSAGE][PASSED] - Text 'Test aut' is set on object 'Object Repository/FSM1/Complete PMM Inspection/Processor Details/Page_JClient/Page_JClient/input_Processor Postcode_gwt-T'

2019-01-15 15:04:54 - [TEST_STEP][PASSED] - click(findTestObject("Object Repository/FSM1/Complete PMM Inspection/Processor Details/Page_JClient/Page_JClient/div_SaveCancel")): Object: 'Object Repository/FSM1/Complete PMM Inspection/Processor Details/Page_JClient/Page_JClient/div_SaveCancel' is clicked on

2019-01-15 15:04:54 - [MESSAGE][PASSED] - Object: 'Object Repository/FSM1/Complete PMM Inspection/Processor Details/Page_JClient/Page_JClient/div_SaveCancel' is clicked on]]></system-out>
         <system-err><![CDATA[]]></system-err>
      </testcase>
      <testcase name="Test Cases/PMM/Compliance/Complete PMM Inspection - Crop Data" classname="Test Cases/PMM/Compliance/Complete PMM Inspection - Crop Data" status="PASSED">
         <system-out><![CDATA[2019-01-15 15:04:54 - [TEST_CASE][PASSED] - Test Cases/PMM/Compliance/Complete PMM Inspection - Crop Data: Test Cases/PMM/Compliance/Complete PMM Inspection - Crop Data

2019-01-15 15:04:55 - [TEST_STEP][PASSED] - click(findTestObject("Object Repository/FSM1/Complete PMM Inspection/Crop Data/Page_JClient/Page_JClient/div_Crop Data")): Object: 'Object Repository/FSM1/Complete PMM Inspection/Crop Data/Page_JClient/Page_JClient/div_Crop Data' is clicked on

2019-01-15 15:04:55 - [MESSAGE][PASSED] - Object: 'Object Repository/FSM1/Complete PMM Inspection/Crop Data/Page_JClient/Page_JClient/div_Crop Data' is clicked on

2019-01-15 15:04:55 - [TEST_STEP][PASSED] - delay(2): Delayed 2 second(s)

2019-01-15 15:04:57 - [MESSAGE][PASSED] - Delayed 2 second(s)

2019-01-15 15:04:57 - [TEST_STEP][PASSED] - click(findTestObject("Object Repository/FSM1/Complete PMM Inspection/Crop Data/Page_JClient/Page_JClient/div_Create_GKH2EKQBDXB GKH2EKQ")): Object: 'Object Repository/FSM1/Complete PMM Inspection/Crop Data/Page_JClient/Page_JClient/div_Create_GKH2EKQBDXB GKH2EKQ' is clicked on

2019-01-15 15:04:57 - [MESSAGE][PASSED] - Object: 'Object Repository/FSM1/Complete PMM Inspection/Crop Data/Page_JClient/Page_JClient/div_Create_GKH2EKQBDXB GKH2EKQ' is clicked on

2019-01-15 15:04:57 - [TEST_STEP][PASSED] - setText(findTestObject("Object Repository/FSM1/Complete PMM Inspection/Crop Data/Page_JClient/Page_JClient/input_House number or name_gwt"), "12"): Text '12' is set on object 'Object Repository/FSM1/Complete PMM Inspection/Crop Data/Page_JClient/Page_JClient/input_House number or name_gwt'

2019-01-15 15:04:57 - [MESSAGE][PASSED] - Text '12' is set on object 'Object Repository/FSM1/Complete PMM Inspection/Crop Data/Page_JClient/Page_JClient/input_House number or name_gwt'

2019-01-15 15:04:57 - [TEST_STEP][PASSED] - selectOptionByValue(findTestObject("Object Repository/FSM1/Complete PMM Inspection/Crop Data/Page_JClient/Page_JClient/select_Cotswold GoldHubbard Fl"), "Cotswold Gold", true): All options with value 'Cotswold Gold' are selected in object 'Object Repository/FSM1/Complete PMM Inspection/Crop Data/Page_JClient/Page_JClient/select_Cotswold GoldHubbard Fl'  using regular expression

2019-01-15 15:04:57 - [MESSAGE][PASSED] - All options with value 'Cotswold Gold' are selected in object 'Object Repository/FSM1/Complete PMM Inspection/Crop Data/Page_JClient/Page_JClient/select_Cotswold GoldHubbard Fl'  using regular expression

2019-01-15 15:04:57 - [TEST_STEP][PASSED] - click(findTestObject("Object Repository/FSM1/Complete PMM Inspection/Crop Data/Page_JClient/Page_JClient/input_(c) Sex of birds_radio_g")): Object: 'Object Repository/FSM1/Complete PMM Inspection/Crop Data/Page_JClient/Page_JClient/input_(c) Sex of birds_radio_g' is clicked on

2019-01-15 15:04:57 - [MESSAGE][PASSED] - Object: 'Object Repository/FSM1/Complete PMM Inspection/Crop Data/Page_JClient/Page_JClient/input_(c) Sex of birds_radio_g' is clicked on

2019-01-15 15:04:57 - [TEST_STEP][PASSED] - setText(findTestObject("Object Repository/FSM1/Complete PMM Inspection/Crop Data/Page_JClient/Page_JClient/input_(d) Number of birds plac"), "12"): Text '12' is set on object 'Object Repository/FSM1/Complete PMM Inspection/Crop Data/Page_JClient/Page_JClient/input_(d) Number of birds plac'

2019-01-15 15:04:58 - [MESSAGE][PASSED] - Text '12' is set on object 'Object Repository/FSM1/Complete PMM Inspection/Crop Data/Page_JClient/Page_JClient/input_(d) Number of birds plac'

2019-01-15 15:04:58 - [TEST_STEP][PASSED] - setText(findTestObject("Object Repository/FSM1/Complete PMM Inspection/Crop Data/Page_JClient/Page_JClient/input_(f) Age of birds at plac"), "12"): Text '12' is set on object 'Object Repository/FSM1/Complete PMM Inspection/Crop Data/Page_JClient/Page_JClient/input_(f) Age of birds at plac'

2019-01-15 15:04:58 - [MESSAGE][PASSED] - Text '12' is set on object 'Object Repository/FSM1/Complete PMM Inspection/Crop Data/Page_JClient/Page_JClient/input_(f) Age of birds at plac'

2019-01-15 15:04:58 - [TEST_STEP][PASSED] - setText(findTestObject("Object Repository/FSM1/Complete PMM Inspection/Crop Data/Page_JClient/Page_JClient/input_(g) Number of Birds at i"), "12"): Text '12' is set on object 'Object Repository/FSM1/Complete PMM Inspection/Crop Data/Page_JClient/Page_JClient/input_(g) Number of Birds at i'

2019-01-15 15:04:58 - [MESSAGE][PASSED] - Text '12' is set on object 'Object Repository/FSM1/Complete PMM Inspection/Crop Data/Page_JClient/Page_JClient/input_(g) Number of Birds at i'

2019-01-15 15:04:58 - [TEST_STEP][PASSED] - setText(findTestObject("Object Repository/FSM1/Complete PMM Inspection/Crop Data/Page_JClient/Page_JClient/input_(h) Age of birds at insp"), "12"): Text '12' is set on object 'Object Repository/FSM1/Complete PMM Inspection/Crop Data/Page_JClient/Page_JClient/input_(h) Age of birds at insp'

2019-01-15 15:04:58 - [MESSAGE][PASSED] - Text '12' is set on object 'Object Repository/FSM1/Complete PMM Inspection/Crop Data/Page_JClient/Page_JClient/input_(h) Age of birds at insp'

2019-01-15 15:04:58 - [TEST_STEP][PASSED] - setText(findTestObject("Object Repository/FSM1/Complete PMM Inspection/Crop Data/Page_JClient/Page_JClient/input_(n) House Floor area ava"), "12"): Text '12' is set on object 'Object Repository/FSM1/Complete PMM Inspection/Crop Data/Page_JClient/Page_JClient/input_(n) House Floor area ava'

2019-01-15 15:04:58 - [MESSAGE][PASSED] - Text '12' is set on object 'Object Repository/FSM1/Complete PMM Inspection/Crop Data/Page_JClient/Page_JClient/input_(n) House Floor area ava'

2019-01-15 15:04:58 - [TEST_STEP][PASSED] - mydate = new java.util.Date(): null

2019-01-15 15:04:58 - [TEST_STEP][PASSED] - formattedDate = mydate.format("dd/MM/yyyy"): null

2019-01-15 15:04:58 - [TEST_STEP][PASSED] - sendKeys(findTestObject("FSM1/Complete PMM Inspection/Crop Data/Page_JClient/input_(e) Date birds placed_GK"), formattedDate): Keys '15/01/2019' sent to object: 'Object Repository/FSM1/Complete PMM Inspection/Crop Data/Page_JClient/input_(e) Date birds placed_GK'

2019-01-15 15:04:58 - [MESSAGE][PASSED] - Keys '15/01/2019' sent to object: 'Object Repository/FSM1/Complete PMM Inspection/Crop Data/Page_JClient/input_(e) Date birds placed_GK'

2019-01-15 15:04:58 - [TEST_STEP][PASSED] - sendKeys(findTestObject("FSM1/Complete PMM Inspection/Crop Data/Page_JClient/input_(p) Earliest slaughter d"), formattedDate): Keys '15/01/2019' sent to object: 'Object Repository/FSM1/Complete PMM Inspection/Crop Data/Page_JClient/input_(p) Earliest slaughter d'

2019-01-15 15:04:58 - [MESSAGE][PASSED] - Keys '15/01/2019' sent to object: 'Object Repository/FSM1/Complete PMM Inspection/Crop Data/Page_JClient/input_(p) Earliest slaughter d'

2019-01-15 15:04:58 - [TEST_STEP][PASSED] - click(findTestObject("Object Repository/FSM1/Complete PMM Inspection/Crop Data/Page_JClient/Page_JClient/div_Save")): Object: 'Object Repository/FSM1/Complete PMM Inspection/Crop Data/Page_JClient/Page_JClient/div_Save' is clicked on

2019-01-15 15:04:58 - [MESSAGE][PASSED] - Object: 'Object Repository/FSM1/Complete PMM Inspection/Crop Data/Page_JClient/Page_JClient/div_Save' is clicked on]]></system-out>
         <system-err><![CDATA[]]></system-err>
      </testcase>
      <testcase name="Test Cases/PMM/Compliance/Complete PMM Inspection - Previous Crop Data" classname="Test Cases/PMM/Compliance/Complete PMM Inspection - Previous Crop Data" status="PASSED">
         <system-out><![CDATA[2019-01-15 15:04:58 - [TEST_CASE][PASSED] - Test Cases/PMM/Compliance/Complete PMM Inspection - Previous Crop Data: Test Cases/PMM/Compliance/Complete PMM Inspection - Previous Crop Data

2019-01-15 15:04:58 - [TEST_STEP][PASSED] - click(findTestObject("Object Repository/FSM1/Complete PMM Inspection/Previous Crop/Page_JClient/Page_JClient/div_Previous Crop")): Object: 'Object Repository/FSM1/Complete PMM Inspection/Previous Crop/Page_JClient/Page_JClient/div_Previous Crop' is clicked on

2019-01-15 15:04:59 - [MESSAGE][PASSED] - Object: 'Object Repository/FSM1/Complete PMM Inspection/Previous Crop/Page_JClient/Page_JClient/div_Previous Crop' is clicked on

2019-01-15 15:04:59 - [TEST_STEP][PASSED] - click(findTestObject("Object Repository/FSM1/Complete PMM Inspection/Previous Crop/Page_JClient/Page_JClient/div_Create_GKH2EKQBDXB GKH2EKQ")): Object: 'Object Repository/FSM1/Complete PMM Inspection/Previous Crop/Page_JClient/Page_JClient/div_Create_GKH2EKQBDXB GKH2EKQ' is clicked on

2019-01-15 15:04:59 - [MESSAGE][PASSED] - Object: 'Object Repository/FSM1/Complete PMM Inspection/Previous Crop/Page_JClient/Page_JClient/div_Create_GKH2EKQBDXB GKH2EKQ' is clicked on

2019-01-15 15:04:59 - [TEST_STEP][PASSED] - setText(findTestObject("Object Repository/FSM1/Complete PMM Inspection/Previous Crop/Page_JClient/Page_JClient/input_House number or name_gwt"), "12"): Text '12' is set on object 'Object Repository/FSM1/Complete PMM Inspection/Previous Crop/Page_JClient/Page_JClient/input_House number or name_gwt'

2019-01-15 15:04:59 - [MESSAGE][PASSED] - Text '12' is set on object 'Object Repository/FSM1/Complete PMM Inspection/Previous Crop/Page_JClient/Page_JClient/input_House number or name_gwt'

2019-01-15 15:04:59 - [TEST_STEP][PASSED] - setText(findTestObject("Object Repository/FSM1/Complete PMM Inspection/Previous Crop/Page_JClient/Page_JClient/input_(n) House Floor area ava"), "12"): Text '12' is set on object 'Object Repository/FSM1/Complete PMM Inspection/Previous Crop/Page_JClient/Page_JClient/input_(n) House Floor area ava'

2019-01-15 15:04:59 - [MESSAGE][PASSED] - Text '12' is set on object 'Object Repository/FSM1/Complete PMM Inspection/Previous Crop/Page_JClient/Page_JClient/input_(n) House Floor area ava'

2019-01-15 15:04:59 - [TEST_STEP][PASSED] - setText(findTestObject("Object Repository/FSM1/Complete PMM Inspection/Previous Crop/Page_JClient/Page_JClient/input_(q) No. of birds at prev"), "12"): Text '12' is set on object 'Object Repository/FSM1/Complete PMM Inspection/Previous Crop/Page_JClient/Page_JClient/input_(q) No. of birds at prev'

2019-01-15 15:04:59 - [MESSAGE][PASSED] - Text '12' is set on object 'Object Repository/FSM1/Complete PMM Inspection/Previous Crop/Page_JClient/Page_JClient/input_(q) No. of birds at prev'

2019-01-15 15:04:59 - [TEST_STEP][PASSED] - setText(findTestObject("Object Repository/FSM1/Complete PMM Inspection/Previous Crop/Page_JClient/Page_JClient/input_(r) Total Live Weight of"), "12"): Text '12' is set on object 'Object Repository/FSM1/Complete PMM Inspection/Previous Crop/Page_JClient/Page_JClient/input_(r) Total Live Weight of'

2019-01-15 15:04:59 - [MESSAGE][PASSED] - Text '12' is set on object 'Object Repository/FSM1/Complete PMM Inspection/Previous Crop/Page_JClient/Page_JClient/input_(r) Total Live Weight of'

2019-01-15 15:04:59 - [TEST_STEP][PASSED] - click(findTestObject("Object Repository/FSM1/Complete PMM Inspection/Previous Crop/Page_JClient/Page_JClient/div_Save")): Object: 'Object Repository/FSM1/Complete PMM Inspection/Previous Crop/Page_JClient/Page_JClient/div_Save' is clicked on

2019-01-15 15:04:59 - [MESSAGE][PASSED] - Object: 'Object Repository/FSM1/Complete PMM Inspection/Previous Crop/Page_JClient/Page_JClient/div_Save' is clicked on]]></system-out>
         <system-err><![CDATA[]]></system-err>
      </testcase>
      <testcase name="Test Cases/PMM/Compliance/Complete PMM Inspection - Compliance" classname="Test Cases/PMM/Compliance/Complete PMM Inspection - Compliance" status="PASSED">
         <system-out><![CDATA[2019-01-15 15:04:59 - [TEST_CASE][PASSED] - Test Cases/PMM/Compliance/Complete PMM Inspection - Compliance: Test Cases/PMM/Compliance/Complete PMM Inspection - Compliance

2019-01-15 15:05:00 - [TEST_STEP][PASSED] - click(findTestObject("FSM1/Complete PMM Inspection/Compliance/Page_JClient/div_Compliance")): Object: 'Object Repository/FSM1/Complete PMM Inspection/Compliance/Page_JClient/div_Compliance' is clicked on

2019-01-15 15:05:00 - [MESSAGE][PASSED] - Object: 'Object Repository/FSM1/Complete PMM Inspection/Compliance/Page_JClient/div_Compliance' is clicked on

2019-01-15 15:05:00 - [TEST_STEP][PASSED] - click(findTestObject("FSM1/Complete PMM Inspection/Compliance/Page_JClient/input_Current crop compliant_r")): Object: 'Object Repository/FSM1/Complete PMM Inspection/Compliance/Page_JClient/input_Current crop compliant_r' is clicked on

2019-01-15 15:05:00 - [MESSAGE][PASSED] - Object: 'Object Repository/FSM1/Complete PMM Inspection/Compliance/Page_JClient/input_Current crop compliant_r' is clicked on

2019-01-15 15:05:00 - [TEST_STEP][PASSED] - click(findTestObject("FSM1/Complete PMM Inspection/Compliance/Page_JClient/input_Previous crop compliant_")): Object: 'Object Repository/FSM1/Complete PMM Inspection/Compliance/Page_JClient/input_Previous crop compliant_' is clicked on

2019-01-15 15:05:00 - [MESSAGE][PASSED] - Object: 'Object Repository/FSM1/Complete PMM Inspection/Compliance/Page_JClient/input_Previous crop compliant_' is clicked on

2019-01-15 15:05:00 - [TEST_STEP][PASSED] - click(findTestObject("FSM1/Complete PMM Inspection/Compliance/Page_JClient/input_Previous crop compliant__1")): Object: 'Object Repository/FSM1/Complete PMM Inspection/Compliance/Page_JClient/input_Previous crop compliant__1' is clicked on

2019-01-15 15:05:00 - [MESSAGE][PASSED] - Object: 'Object Repository/FSM1/Complete PMM Inspection/Compliance/Page_JClient/input_Previous crop compliant__1' is clicked on

2019-01-15 15:05:00 - [TEST_STEP][PASSED] - click(findTestObject("FSM1/Complete PMM Inspection/Compliance/Page_JClient/input_Current crop compliant_r_1")): Object: 'Object Repository/FSM1/Complete PMM Inspection/Compliance/Page_JClient/input_Current crop compliant_r_1' is clicked on

2019-01-15 15:05:00 - [MESSAGE][PASSED] - Object: 'Object Repository/FSM1/Complete PMM Inspection/Compliance/Page_JClient/input_Current crop compliant_r_1' is clicked on

2019-01-15 15:05:00 - [TEST_STEP][PASSED] - click(findTestObject("FSM1/Complete PMM Inspection/Compliance/Page_JClient/input_Previous crop compliant__2")): Object: 'Object Repository/FSM1/Complete PMM Inspection/Compliance/Page_JClient/input_Previous crop compliant__2' is clicked on

2019-01-15 15:05:00 - [MESSAGE][PASSED] - Object: 'Object Repository/FSM1/Complete PMM Inspection/Compliance/Page_JClient/input_Previous crop compliant__2' is clicked on

2019-01-15 15:05:00 - [TEST_STEP][PASSED] - click(findTestObject("FSM1/Complete PMM Inspection/Compliance/Page_JClient/input_Current crop compliant_r_2")): Object: 'Object Repository/FSM1/Complete PMM Inspection/Compliance/Page_JClient/input_Current crop compliant_r_2' is clicked on

2019-01-15 15:05:00 - [MESSAGE][PASSED] - Object: 'Object Repository/FSM1/Complete PMM Inspection/Compliance/Page_JClient/input_Current crop compliant_r_2' is clicked on

2019-01-15 15:05:00 - [TEST_STEP][PASSED] - click(findTestObject("FSM1/Complete PMM Inspection/Compliance/Page_JClient/input_Previous crop compliant__3")): Object: 'Object Repository/FSM1/Complete PMM Inspection/Compliance/Page_JClient/input_Previous crop compliant__3' is clicked on

2019-01-15 15:05:00 - [MESSAGE][PASSED] - Object: 'Object Repository/FSM1/Complete PMM Inspection/Compliance/Page_JClient/input_Previous crop compliant__3' is clicked on

2019-01-15 15:05:00 - [TEST_STEP][PASSED] - click(findTestObject("FSM1/Complete PMM Inspection/Compliance/Page_JClient/input_Current crop compliant_r_3")): Object: 'Object Repository/FSM1/Complete PMM Inspection/Compliance/Page_JClient/input_Current crop compliant_r_3' is clicked on

2019-01-15 15:05:00 - [MESSAGE][PASSED] - Object: 'Object Repository/FSM1/Complete PMM Inspection/Compliance/Page_JClient/input_Current crop compliant_r_3' is clicked on

2019-01-15 15:05:00 - [TEST_STEP][PASSED] - click(findTestObject("FSM1/Complete PMM Inspection/Compliance/Page_JClient/input_Previous crop compliant__4")): Object: 'Object Repository/FSM1/Complete PMM Inspection/Compliance/Page_JClient/input_Previous crop compliant__4' is clicked on

2019-01-15 15:05:00 - [MESSAGE][PASSED] - Object: 'Object Repository/FSM1/Complete PMM Inspection/Compliance/Page_JClient/input_Previous crop compliant__4' is clicked on

2019-01-15 15:05:00 - [TEST_STEP][PASSED] - click(findTestObject("FSM1/Complete PMM Inspection/Compliance/Page_JClient/input_Previous crop compliant__5")): Object: 'Object Repository/FSM1/Complete PMM Inspection/Compliance/Page_JClient/input_Previous crop compliant__5' is clicked on

2019-01-15 15:05:00 - [MESSAGE][PASSED] - Object: 'Object Repository/FSM1/Complete PMM Inspection/Compliance/Page_JClient/input_Previous crop compliant__5' is clicked on

2019-01-15 15:05:00 - [TEST_STEP][PASSED] - click(findTestObject("FSM1/Complete PMM Inspection/Compliance/Page_JClient/input_Current crop compliant_r_4")): Object: 'Object Repository/FSM1/Complete PMM Inspection/Compliance/Page_JClient/input_Current crop compliant_r_4' is clicked on

2019-01-15 15:05:01 - [MESSAGE][PASSED] - Object: 'Object Repository/FSM1/Complete PMM Inspection/Compliance/Page_JClient/input_Current crop compliant_r_4' is clicked on

2019-01-15 15:05:01 - [TEST_STEP][PASSED] - selectOptionByValue(findTestObject("FSM1/Complete PMM Inspection/Compliance/Page_JClient/select_CompliantNot Compliant"), "Compliant", true): All options with value 'Compliant' are selected in object 'Object Repository/FSM1/Complete PMM Inspection/Compliance/Page_JClient/select_CompliantNot Compliant'  using regular expression

2019-01-15 15:05:01 - [MESSAGE][PASSED] - All options with value 'Compliant' are selected in object 'Object Repository/FSM1/Complete PMM Inspection/Compliance/Page_JClient/select_CompliantNot Compliant'  using regular expression

2019-01-15 15:05:01 - [TEST_STEP][PASSED] - selectOptionByValue(findTestObject("FSM1/Complete PMM Inspection/Compliance/Page_JClient/select_Fully compliant Fully c"), "Fully compliant", true): All options with value 'Fully compliant' are selected in object 'Object Repository/FSM1/Complete PMM Inspection/Compliance/Page_JClient/select_Fully compliant Fully c'  using regular expression

2019-01-15 15:05:01 - [MESSAGE][PASSED] - All options with value 'Fully compliant' are selected in object 'Object Repository/FSM1/Complete PMM Inspection/Compliance/Page_JClient/select_Fully compliant Fully c'  using regular expression

2019-01-15 15:05:01 - [TEST_STEP][PASSED] - setText(findTestObject("FSM1/Complete PMM Inspection/Compliance/Page_JClient/textarea_Recommended Action -"), "Test automation"): Text 'Test automation' is set on object 'Object Repository/FSM1/Complete PMM Inspection/Compliance/Page_JClient/textarea_Recommended Action -'

2019-01-15 15:05:01 - [MESSAGE][PASSED] - Text 'Test automation' is set on object 'Object Repository/FSM1/Complete PMM Inspection/Compliance/Page_JClient/textarea_Recommended Action -'

2019-01-15 15:05:01 - [TEST_STEP][PASSED] - selectOptionByValue(findTestObject("FSM1/Complete PMM Inspection/Compliance/Page_JClient/select_RoutineFollow UpNo furt"), "No further visits", true): All options with value 'No further visits' are selected in object 'Object Repository/FSM1/Complete PMM Inspection/Compliance/Page_JClient/select_RoutineFollow UpNo furt'  using regular expression

2019-01-15 15:05:01 - [MESSAGE][PASSED] - All options with value 'No further visits' are selected in object 'Object Repository/FSM1/Complete PMM Inspection/Compliance/Page_JClient/select_RoutineFollow UpNo furt'  using regular expression

2019-01-15 15:05:01 - [TEST_STEP][PASSED] - setText(findTestObject("FSM1/Complete PMM Inspection/Compliance/Page_JClient/textarea_Reason for no further"), "Test automation"): Text 'Test automation' is set on object 'Object Repository/FSM1/Complete PMM Inspection/Compliance/Page_JClient/textarea_Reason for no further'

2019-01-15 15:05:01 - [MESSAGE][PASSED] - Text 'Test automation' is set on object 'Object Repository/FSM1/Complete PMM Inspection/Compliance/Page_JClient/textarea_Reason for no further'

2019-01-15 15:05:01 - [TEST_STEP][PASSED] - click(findTestObject("FSM1/Complete PMM Inspection/Compliance/Page_JClient/img_Inspector Signature_gwt-Im")): Object: 'Object Repository/FSM1/Complete PMM Inspection/Compliance/Page_JClient/img_Inspector Signature_gwt-Im' is clicked on

2019-01-15 15:05:01 - [MESSAGE][PASSED] - Object: 'Object Repository/FSM1/Complete PMM Inspection/Compliance/Page_JClient/img_Inspector Signature_gwt-Im' is clicked on

2019-01-15 15:05:01 - [TEST_STEP][PASSED] - click(findTestObject("FSM1/Complete PMM Inspection/Compliance/Page_JClient/div_Unable To Sign_Inspector")): Object: 'Object Repository/FSM1/Complete PMM Inspection/Compliance/Page_JClient/div_Unable To Sign_Inspector' is clicked on

2019-01-15 15:05:02 - [MESSAGE][PASSED] - Object: 'Object Repository/FSM1/Complete PMM Inspection/Compliance/Page_JClient/div_Unable To Sign_Inspector' is clicked on

2019-01-15 15:05:02 - [TEST_STEP][PASSED] - delay(2): Delayed 2 second(s)

2019-01-15 15:05:04 - [MESSAGE][PASSED] - Delayed 2 second(s)

2019-01-15 15:05:04 - [TEST_STEP][PASSED] - click(findTestObject("FSM1/Complete PMM Inspection/Compliance/Page_JClient/img_Person Seen Signature_gwt-")): Object: 'Object Repository/FSM1/Complete PMM Inspection/Compliance/Page_JClient/img_Person Seen Signature_gwt-' is clicked on

2019-01-15 15:05:04 - [MESSAGE][PASSED] - Object: 'Object Repository/FSM1/Complete PMM Inspection/Compliance/Page_JClient/img_Person Seen Signature_gwt-' is clicked on

2019-01-15 15:05:04 - [TEST_STEP][PASSED] - click(findTestObject("FSM1/Complete PMM Inspection/Compliance/Page_JClient/div_Unable To Sign_Person")): Object: 'Object Repository/FSM1/Complete PMM Inspection/Compliance/Page_JClient/div_Unable To Sign_Person' is clicked on

2019-01-15 15:05:04 - [MESSAGE][PASSED] - Object: 'Object Repository/FSM1/Complete PMM Inspection/Compliance/Page_JClient/div_Unable To Sign_Person' is clicked on

2019-01-15 15:05:04 - [TEST_STEP][PASSED] - verifyElementPresent(findTestObject("Object Repository/FSM1/Release 21/Page_JClient/input_No_radio_group_1"), 2): Object 'Object Repository/FSM1/Release 21/Page_JClient/input_No_radio_group_1' is present

2019-01-15 15:05:04 - [MESSAGE][PASSED] - Object 'Object Repository/FSM1/Release 21/Page_JClient/input_No_radio_group_1' is present

2019-01-15 15:05:04 - [TEST_STEP][PASSED] - verifyElementPresent(findTestObject("Object Repository/FSM1/Release 21/Page_JClient/input_No_radio_group_4"), 2): Object 'Object Repository/FSM1/Release 21/Page_JClient/input_No_radio_group_4' is present

2019-01-15 15:05:04 - [MESSAGE][PASSED] - Object 'Object Repository/FSM1/Release 21/Page_JClient/input_No_radio_group_4' is present

2019-01-15 15:05:04 - [TEST_STEP][PASSED] - verifyElementPresent(findTestObject("Object Repository/FSM1/Release 21/Page_JClient/input_No_radio_group_6"), 2): Object 'Object Repository/FSM1/Release 21/Page_JClient/input_No_radio_group_6' is present

2019-01-15 15:05:04 - [MESSAGE][PASSED] - Object 'Object Repository/FSM1/Release 21/Page_JClient/input_No_radio_group_6' is present

2019-01-15 15:05:04 - [TEST_STEP][PASSED] - verifyElementPresent(findTestObject("Object Repository/FSM1/Release 21/Page_JClient/input_No_radio_group_8"), 2): Object 'Object Repository/FSM1/Release 21/Page_JClient/input_No_radio_group_8' is present

2019-01-15 15:05:04 - [MESSAGE][PASSED] - Object 'Object Repository/FSM1/Release 21/Page_JClient/input_No_radio_group_8' is present

2019-01-15 15:05:04 - [TEST_STEP][PASSED] - verifyElementPresent(findTestObject("Object Repository/FSM1/Release 21/Page_JClient/input_No_radio_group_11"), 2): Object 'Object Repository/FSM1/Release 21/Page_JClient/input_No_radio_group_11' is present

2019-01-15 15:05:04 - [MESSAGE][PASSED] - Object 'Object Repository/FSM1/Release 21/Page_JClient/input_No_radio_group_11' is present

2019-01-15 15:05:04 - [TEST_STEP][PASSED] - click(findTestObject("FSM1/Complete PMM Inspection/Compliance/Page_JClient/div_Save")): Object: 'Object Repository/FSM1/Complete PMM Inspection/Compliance/Page_JClient/div_Save' is clicked on

2019-01-15 15:05:04 - [MESSAGE][PASSED] - Object: 'Object Repository/FSM1/Complete PMM Inspection/Compliance/Page_JClient/div_Save' is clicked on]]></system-out>
         <system-err><![CDATA[]]></system-err>
      </testcase>
      <testcase name="Test Cases/PMM/Compliance/Complete PMM Inspection - Complete" classname="Test Cases/PMM/Compliance/Complete PMM Inspection - Complete" status="PASSED">
         <system-out><![CDATA[2019-01-15 15:05:04 - [TEST_CASE][PASSED] - Test Cases/PMM/Compliance/Complete PMM Inspection - Complete: Test Cases/PMM/Compliance/Complete PMM Inspection - Complete

2019-01-15 15:05:04 - [TEST_STEP][PASSED] - delay(2): Delayed 2 second(s)

2019-01-15 15:05:06 - [MESSAGE][PASSED] - Delayed 2 second(s)

2019-01-15 15:05:06 - [TEST_STEP][PASSED] - click(findTestObject("Object Repository/FSM1/Complete ABP Inspection/Complete ABP01a Inspection/Page_JClient/div_STARTED (locked)")): Object: 'Object Repository/FSM1/Complete ABP Inspection/Complete ABP01a Inspection/Page_JClient/div_STARTED (locked)' is clicked on

2019-01-15 15:05:06 - [MESSAGE][PASSED] - Object: 'Object Repository/FSM1/Complete ABP Inspection/Complete ABP01a Inspection/Page_JClient/div_STARTED (locked)' is clicked on

2019-01-15 15:05:06 - [TEST_STEP][PASSED] - delay(2): Delayed 2 second(s)

2019-01-15 15:05:08 - [MESSAGE][PASSED] - Delayed 2 second(s)

2019-01-15 15:05:08 - [TEST_STEP][PASSED] - click(findTestObject("Object Repository/FSM1/Complete ABP Inspection/Complete ABP01a Inspection/Page_JClient/div_COMPLETED")): Object: 'Object Repository/FSM1/Complete ABP Inspection/Complete ABP01a Inspection/Page_JClient/div_COMPLETED' is clicked on

2019-01-15 15:05:08 - [MESSAGE][PASSED] - Object: 'Object Repository/FSM1/Complete ABP Inspection/Complete ABP01a Inspection/Page_JClient/div_COMPLETED' is clicked on

2019-01-15 15:05:08 - [TEST_STEP][PASSED] - selectOptionByValue(findTestObject("Object Repository/FSM1/Complete ABP Inspection/Complete ABP01a Inspection/Page_JClient/select_Yes"), "COMPLETED", true): All options with value 'COMPLETED' are selected in object 'Object Repository/FSM1/Complete ABP Inspection/Complete ABP01a Inspection/Page_JClient/select_Yes'  using regular expression

2019-01-15 15:05:09 - [MESSAGE][PASSED] - All options with value 'COMPLETED' are selected in object 'Object Repository/FSM1/Complete ABP Inspection/Complete ABP01a Inspection/Page_JClient/select_Yes'  using regular expression

2019-01-15 15:05:09 - [TEST_STEP][PASSED] - click(findTestObject("Object Repository/FSM1/Complete ABP Inspection/Complete ABP01a Inspection/Page_JClient/div_Save")): Object: 'Object Repository/FSM1/Complete ABP Inspection/Complete ABP01a Inspection/Page_JClient/div_Save' is clicked on

2019-01-15 15:05:09 - [MESSAGE][PASSED] - Object: 'Object Repository/FSM1/Complete ABP Inspection/Complete ABP01a Inspection/Page_JClient/div_Save' is clicked on

2019-01-15 15:05:09 - [TEST_STEP][PASSED] - delay(2): Delayed 2 second(s)

2019-01-15 15:05:11 - [MESSAGE][PASSED] - Delayed 2 second(s)

2019-01-15 15:05:11 - [TEST_STEP][PASSED] - click(findTestObject("FSM1/Complete PMM Inspection/Page_JClient/div_Ok")): Object: 'Object Repository/FSM1/Complete PMM Inspection/Page_JClient/div_Ok' is clicked on

2019-01-15 15:05:11 - [MESSAGE][PASSED] - Object: 'Object Repository/FSM1/Complete PMM Inspection/Page_JClient/div_Ok' is clicked on

2019-01-15 15:05:11 - [TEST_STEP][PASSED] - delay(30): Delayed 30 second(s)

2019-01-15 15:05:41 - [MESSAGE][PASSED] - Delayed 30 second(s)]]></system-out>
         <system-err><![CDATA[]]></system-err>
      </testcase>
      <testcase name="Test Cases/Generic/Launch Job Manager Control Centre - Check Result" classname="Test Cases/Generic/Launch Job Manager Control Centre - Check Result" status="PASSED">
         <system-out><![CDATA[2019-01-15 15:05:41 - [TEST_CASE][PASSED] - Test Cases/Generic/Launch Job Manager Control Centre - Check Result: Test Cases/Generic/Launch Job Manager Control Centre - Check Result

2019-01-15 15:05:41 - [TEST_STEP][PASSED] - openBrowser(""): Browser is opened with url: ''

2019-01-15 15:05:41 - [MESSAGE][WARNING] - A browser is already opened. Closing browser and opening a new one

2019-01-15 15:05:42 - [MESSAGE][INFO] - Starting 'Chrome' driver

2019-01-15 15:05:44 - [MESSAGE][PASSED] - Browser is opened with url: ''

2019-01-15 15:05:44 - [TEST_STEP][PASSED] - navigateToUrl(CCURL): Navigate to 'https://kirona-def-6.kirona.com/jmprep/login#!loginView' successfully

2019-01-15 15:05:45 - [MESSAGE][PASSED] - Navigate to 'https://kirona-def-6.kirona.com/jmprep/login#!loginView' successfully

2019-01-15 15:05:45 - [TEST_STEP][PASSED] - setText(findTestObject("FSM1/Control Centre/Page_Job Manager Login/input_gwt-uid-3"), Username): Text 'jon.hatfield' is set on object 'Object Repository/FSM1/Control Centre/Page_Job Manager Login/input_gwt-uid-3'

2019-01-15 15:05:45 - [MESSAGE][PASSED] - Text 'jon.hatfield' is set on object 'Object Repository/FSM1/Control Centre/Page_Job Manager Login/input_gwt-uid-3'

2019-01-15 15:05:45 - [TEST_STEP][PASSED] - setText(findTestObject("FSM1/Control Centre/Page_Job Manager Login/input_gwt-uid-5"), Password): Text 'Fr@nc1sJ0n' is set on object 'Object Repository/FSM1/Control Centre/Page_Job Manager Login/input_gwt-uid-5'

2019-01-15 15:05:45 - [MESSAGE][PASSED] - Text 'Fr@nc1sJ0n' is set on object 'Object Repository/FSM1/Control Centre/Page_Job Manager Login/input_gwt-uid-5'

2019-01-15 15:05:45 - [TEST_STEP][PASSED] - delay(2): Delayed 2 second(s)

2019-01-15 15:05:47 - [MESSAGE][PASSED] - Delayed 2 second(s)

2019-01-15 15:05:47 - [TEST_STEP][PASSED] - click(findTestObject("FSM1/PreProd/Page_Job Manager Login/div_Login")): Object: 'Object Repository/FSM1/PreProd/Page_Job Manager Login/div_Login' is clicked on

2019-01-15 15:05:47 - [MESSAGE][PASSED] - Object: 'Object Repository/FSM1/PreProd/Page_Job Manager Login/div_Login' is clicked on

2019-01-15 15:05:47 - [TEST_STEP][PASSED] - delay(20): Delayed 20 second(s)

2019-01-15 15:06:07 - [MESSAGE][PASSED] - Delayed 20 second(s)]]></system-out>
         <system-err><![CDATA[]]></system-err>
      </testcase>
      <testcase name="Test Cases/PMM/Generic/Control Centre - Check Results - PMM" classname="Test Cases/PMM/Generic/Control Centre - Check Results - PMM" status="PASSED">
         <system-out><![CDATA[2019-01-15 15:06:07 - [TEST_CASE][PASSED] - Test Cases/PMM/Generic/Control Centre - Check Results - PMM: Test Cases/PMM/Generic/Control Centre - Check Results - PMM

2019-01-15 15:06:08 - [TEST_STEP][PASSED] - log = new com.kms.katalon.core.logging.KeywordLogger(): null

2019-01-15 15:06:08 - [TEST_STEP][PASSED] - setText(findTestObject("Object Repository/FSM1/EMI Check Results/Page_JM Control Centre/input_Recents_v-textfield v-wi"), temp): Text '101424' is set on object 'Object Repository/FSM1/EMI Check Results/Page_JM Control Centre/input_Recents_v-textfield v-wi'

2019-01-15 15:06:08 - [MESSAGE][PASSED] - Text '101424' is set on object 'Object Repository/FSM1/EMI Check Results/Page_JM Control Centre/input_Recents_v-textfield v-wi'

2019-01-15 15:06:08 - [TEST_STEP][NOT_RUN] - setText(findTestObject("Object Repository/FSM1/EMI Check Results/Page_JM Control Centre/input_Recents_v-textfield v-wi"), "88292"): NOT_RUN: setText(findTestObject("Object Repository/FSM1/EMI Check Results/Page_JM Control Centre/input_Recents_v-textfield v-wi"), "88292")

2019-01-15 15:06:08 - [MESSAGE][NOT_RUN] - NOT_RUN: setText(findTestObject("Object Repository/FSM1/EMI Check Results/Page_JM Control Centre/input_Recents_v-textfield v-wi"), "88292")

2019-01-15 15:06:08 - [TEST_STEP][PASSED] - click(findTestObject("Object Repository/FSM1/EMI Check Results/Page_JM Control Centre/span_")): Object: 'Object Repository/FSM1/EMI Check Results/Page_JM Control Centre/span_' is clicked on

2019-01-15 15:06:08 - [MESSAGE][PASSED] - Object: 'Object Repository/FSM1/EMI Check Results/Page_JM Control Centre/span_' is clicked on

2019-01-15 15:06:08 - [TEST_STEP][PASSED] - waitForElementPresent(findTestObject("Object Repository/FSM1/EMI Check Results/Page_JM Control Centre/div_CLOSED"), 60): Object 'Object Repository/FSM1/EMI Check Results/Page_JM Control Centre/div_CLOSED' is present

2019-01-15 15:06:10 - [MESSAGE][PASSED] - Object 'Object Repository/FSM1/EMI Check Results/Page_JM Control Centre/div_CLOSED' is present

2019-01-15 15:06:10 - [TEST_STEP][PASSED] - delay(3): Delayed 3 second(s)

2019-01-15 15:06:13 - [MESSAGE][PASSED] - Delayed 3 second(s)

2019-01-15 15:06:13 - [TEST_STEP][PASSED] - verifyElementPresent(findTestObject("FSM1/Complete PMM Inspection/PMM Check Results/Page_JM Control Centre/div_Attachments_PMR03A - Produ"), 5): Object 'Object Repository/FSM1/Complete PMM Inspection/PMM Check Results/Page_JM Control Centre/div_Attachments_PMR03A - Produ' is present

2019-01-15 15:06:13 - [MESSAGE][PASSED] - Object 'Object Repository/FSM1/Complete PMM Inspection/PMM Check Results/Page_JM Control Centre/div_Attachments_PMR03A - Produ' is present

2019-01-15 15:06:13 - [TEST_STEP][PASSED] - verifyElementPresent(findTestObject("FSM1/Complete PMM Inspection/PMM Check Results/Page_JM Control Centre/div_Attachments_PMR06 - Summar"), 5): Object 'Object Repository/FSM1/Complete PMM Inspection/PMM Check Results/Page_JM Control Centre/div_Attachments_PMR06 - Summar' is present

2019-01-15 15:06:14 - [MESSAGE][PASSED] - Object 'Object Repository/FSM1/Complete PMM Inspection/PMM Check Results/Page_JM Control Centre/div_Attachments_PMR06 - Summar' is present]]></system-out>
         <system-err><![CDATA[]]></system-err>
      </testcase>
      <testcase name="Test Cases/Generic/Check Subsequent Inspection Doesnt Exist" classname="Test Cases/Generic/Check Subsequent Inspection Doesnt Exist" status="PASSED">
         <system-out><![CDATA[2019-01-15 15:06:14 - [TEST_CASE][PASSED] - Test Cases/Generic/Check Subsequent Inspection Doesnt Exist: Test Cases/Generic/Check Subsequent Inspection Doesnt Exist

2019-01-15 15:06:14 - [TEST_STEP][PASSED] - delay(2): Delayed 2 second(s)

2019-01-15 15:06:16 - [MESSAGE][PASSED] - Delayed 2 second(s)

2019-01-15 15:06:16 - [TEST_STEP][PASSED] - click(findTestObject("Object Repository/FSM1/Complete ABP Inspection/Check Subsequent Inspections/New/Page_JM Control Centre/div_")): Object: 'Object Repository/FSM1/Complete ABP Inspection/Check Subsequent Inspections/New/Page_JM Control Centre/div_' is clicked on

2019-01-15 15:06:16 - [MESSAGE][PASSED] - Object: 'Object Repository/FSM1/Complete ABP Inspection/Check Subsequent Inspections/New/Page_JM Control Centre/div_' is clicked on

2019-01-15 15:06:16 - [TEST_STEP][PASSED] - click(findTestObject("Object Repository/FSM1/Complete ABP Inspection/Check Subsequent Inspections/New/Page_JM Control Centre/span_List All Subordinate Jobs")): Object: 'Object Repository/FSM1/Complete ABP Inspection/Check Subsequent Inspections/New/Page_JM Control Centre/span_List All Subordinate Jobs' is clicked on

2019-01-15 15:06:16 - [MESSAGE][PASSED] - Object: 'Object Repository/FSM1/Complete ABP Inspection/Check Subsequent Inspections/New/Page_JM Control Centre/span_List All Subordinate Jobs' is clicked on

2019-01-15 15:06:16 - [TEST_STEP][PASSED] - delay(5): Delayed 5 second(s)

2019-01-15 15:06:21 - [MESSAGE][PASSED] - Delayed 5 second(s)

2019-01-15 15:06:21 - [TEST_STEP][PASSED] - verifyElementVisible(findTestObject("FSM1/Complete ABP Inspection/Check Subsequent Inspections/New/Page_JM Control Centre/div_1 found"), STOP_ON_FAILURE): Object 'Object Repository/FSM1/Complete ABP Inspection/Check Subsequent Inspections/New/Page_JM Control Centre/div_1 found' is visible

2019-01-15 15:06:30 - [MESSAGE][PASSED] - Object 'Object Repository/FSM1/Complete ABP Inspection/Check Subsequent Inspections/New/Page_JM Control Centre/div_1 found' is visible

2019-01-15 15:06:30 - [TEST_STEP][PASSED] - closeBrowser(): Browser is closed

2019-01-15 15:06:31 - [MESSAGE][PASSED] - Browser is closed]]></system-out>
         <system-err><![CDATA[]]></system-err>
      </testcase>
      <system-out><![CDATA[2019-01-15 14:58:53 - [TEST_SUITE][PASSED] - PMM Regression - Compliance: Test Cases/Generic/Check Subsequent Inspection Doesnt Exist]]></system-out>
      <system-err><![CDATA[]]></system-err>
   </testsuite>
</testsuites>
