<?xml version="1.0" encoding="UTF-8"?>
<testsuites name="Create New Inspection" time="24" tests="2" failures="0" errors="0">
   <testsuite name="Create New Inspection" tests="2" failures="0" errors="0" time="24" timestamp="2018-05-12 16:47:51" hostname="JHATFIELD - SNDFSMINFSRV001.defra.onmicrosoft.com" id="Test Suites/Create New Inspection">
      <properties>
         <property name="deviceName" value=""/>
         <property name="devicePlatform" value=""/>
         <property name="logFolder" value="C:\\Users\\JHATFIELD\\git\\DEFRA-FSM_Automated_Regression_NEW\\Reports\\Create New Inspection\\20180512_164748"/>
         <property name="logFiles" value="C:\\Users\\JHATFIELD\\git\\DEFRA-FSM_Automated_Regression_NEW\\Reports\\Create New Inspection\\20180512_164748\\execution0.log"/>
         <property name="attachments" value=""/>
         <property name="hostName" value="JHATFIELD - SNDFSMINFSRV001.defra.onmicrosoft.com"/>
         <property name="os" value="Windows NT (unknown) 64bit"/>
         <property name="katalonVersion" value="5.4.1.1"/>
         <property name="browser" value="Chrome 66.0.3359.139"/>
         <property name="hostAddress" value="10.201.1.17"/>
         <property name="sessionId" value="f71959c511e6fc0894d7646e510728c4"/>
         <property name="seleniumVersion" value="3.7.1"/>
         <property name="proxyInformation" value="ProxyInformation{proxyOption=NO_PROXY, proxyServerType=HTTP, password=, proxyServerAddress=, proxyServerPort=0}"/>
         <property name="platform" value="Windows NT (unknown)"/>
      </properties>
      <testcase name="Test Cases/Launch Job Manager Control Centre" classname="Test Cases/Launch Job Manager Control Centre" status="PASSED">
         <system-out><![CDATA[2018-05-12 16:47:52 - [TEST_CASE][PASSED] - Test Cases/Launch Job Manager Control Centre: Test Cases/Launch Job Manager Control Centre

2018-05-12 16:47:53 - [TEST_STEP][PASSED] - openBrowser: Browser is opened with url: ''

2018-05-12 16:47:57 - [MESSAGE][PASSED] - Browser is opened with url: ''

2018-05-12 16:47:57 - [TEST_STEP][PASSED] - navigateToUrl: Navigate to 'https://kirona-def-2.kirona.com/jmtest/login#!loginView' successfully

2018-05-12 16:47:59 - [MESSAGE][PASSED] - Navigate to 'https://kirona-def-2.kirona.com/jmtest/login#!loginView' successfully

2018-05-12 16:47:59 - [TEST_STEP][PASSED] - setText: Text 'jon.hatfield' is set on object 'Object Repository/FSM1/Control Centre/Page_Job Manager Login/input_gwt-uid-3'

2018-05-12 16:48:01 - [MESSAGE][PASSED] - Text 'jon.hatfield' is set on object 'Object Repository/FSM1/Control Centre/Page_Job Manager Login/input_gwt-uid-3'

2018-05-12 16:48:01 - [TEST_STEP][PASSED] - setText: Text 'Fr@nc1sJ0n' is set on object 'Object Repository/FSM1/Control Centre/Page_Job Manager Login/input_gwt-uid-5'

2018-05-12 16:48:01 - [MESSAGE][PASSED] - Text 'Fr@nc1sJ0n' is set on object 'Object Repository/FSM1/Control Centre/Page_Job Manager Login/input_gwt-uid-5'

2018-05-12 16:48:01 - [TEST_STEP][PASSED] - click: Object: 'Object Repository/FSM1/Control Centre/Page_Job Manager Login/Page_Job Manager Login/div_Login' is clicked on

2018-05-12 16:48:02 - [MESSAGE][PASSED] - Object: 'Object Repository/FSM1/Control Centre/Page_Job Manager Login/Page_Job Manager Login/div_Login' is clicked on

2018-05-12 16:48:02 - [TEST_STEP][PASSED] - delay: Delayed 10 second(s)

2018-05-12 16:48:12 - [MESSAGE][PASSED] - Delayed 10 second(s)]]></system-out>
         <system-err><![CDATA[]]></system-err>
      </testcase>
      <testcase name="Test Cases/Create EMI Inspection" classname="Test Cases/Create EMI Inspection" status="PASSED">
         <system-out><![CDATA[2018-05-12 16:48:12 - [TEST_CASE][PASSED] - Test Cases/Create EMI Inspection: Test Cases/Create EMI Inspection

2018-05-12 16:48:12 - [TEST_STEP][PASSED] - click: Object: 'Object Repository/FSM1/Control Centre/Create Inspection/Page_JM Control Centre/div_Create' is clicked on

2018-05-12 16:48:12 - [MESSAGE][PASSED] - Object: 'Object Repository/FSM1/Control Centre/Create Inspection/Page_JM Control Centre/div_Create' is clicked on

2018-05-12 16:48:12 - [TEST_STEP][PASSED] - setText: Text 'emi' is set on object 'Object Repository/FSM1/Control Centre/Create Inspection/Page_JM Control Centre/input_gwt-uid-8'

2018-05-12 16:48:14 - [MESSAGE][PASSED] - Text 'emi' is set on object 'Object Repository/FSM1/Control Centre/Create Inspection/Page_JM Control Centre/input_gwt-uid-8'

2018-05-12 16:48:14 - [TEST_STEP][PASSED] - click: Object: 'Object Repository/FSM1/Control Centre/Create Inspection/Page_JM Control Centre/span_EMI Inspection' is clicked on

2018-05-12 16:48:14 - [MESSAGE][PASSED] - Object: 'Object Repository/FSM1/Control Centre/Create Inspection/Page_JM Control Centre/span_EMI Inspection' is clicked on

2018-05-12 16:48:15 - [TEST_STEP][PASSED] - closeBrowser: Browser is closed

2018-05-12 16:48:15 - [MESSAGE][PASSED] - Browser is closed]]></system-out>
         <system-err><![CDATA[]]></system-err>
      </testcase>
      <system-out><![CDATA[2018-05-12 16:47:51 - [TEST_SUITE][PASSED] - Create New Inspection: Test Cases/Create EMI Inspection]]></system-out>
      <system-err><![CDATA[]]></system-err>
   </testsuite>
</testsuites>
