<?xml version="1.0" encoding="UTF-8"?>
<testsuites name="EMI Regression - Packer" time="343" tests="10" failures="0" errors="0">
   <testsuite name="EMI Regression - Packer" tests="10" failures="0" errors="0" time="343" timestamp="2019-01-25 10:04:21" hostname="jonha - DESKTOP-KMCIR60" id="Test Suites/EMI/EMI Regression - Packer">
      <properties>
         <property name="deviceName" value=""/>
         <property name="devicePlatform" value=""/>
         <property name="logFolder" value="C:\\Users\\jonha\\Documents\\Katalon\\APHA\\JM_8.9\\FSM_Regression\\Reports\\EMI\\EMI Regression - Packer\\20190125_100418"/>
         <property name="logFiles" value="C:\\Users\\jonha\\Documents\\Katalon\\APHA\\JM_8.9\\FSM_Regression\\Reports\\EMI\\EMI Regression - Packer\\20190125_100418\\execution0.log"/>
         <property name="attachments" value=""/>
         <property name="hostName" value="jonha - DESKTOP-KMCIR60"/>
         <property name="os" value="Windows 10 64bit"/>
         <property name="katalonVersion" value="5.9.1.2"/>
         <property name="browser" value="Chrome 71.0.3578.98"/>
         <property name="hostAddress" value="192.168.0.12"/>
         <property name="sessionId" value="f9f0370053c714db11d184b4c956daeb"/>
         <property name="seleniumVersion" value="3.7.1"/>
         <property name="proxyInformation" value="ProxyInformation{proxyOption=NO_PROXY, proxyServerType=HTTP, password=, proxyServerAddress=, proxyServerPort=0}"/>
         <property name="platform" value="Windows 10"/>
      </properties>
      <testcase name="Test Cases/Generic/Launch Job Manager Control Centre" classname="Test Cases/Generic/Launch Job Manager Control Centre" status="PASSED">
         <system-out><![CDATA[2019-01-25 10:04:22 - [TEST_CASE][PASSED] - Test Cases/Generic/Launch Job Manager Control Centre: Test Cases/Generic/Launch Job Manager Control Centre

2019-01-25 10:04:23 - [TEST_STEP][PASSED] - openBrowser(""): Browser is opened with url: ''

2019-01-25 10:04:23 - [MESSAGE][INFO] - Starting 'Chrome' driver

2019-01-25 10:04:23 - [MESSAGE][INFO] - Action delay is set to 0 seconds

2019-01-25 10:04:27 - [MESSAGE][PASSED] - Browser is opened with url: ''

2019-01-25 10:04:27 - [TEST_STEP][PASSED] - navigateToUrl(CCURL): Navigate to 'https://kirona-def-6.kirona.com/jmprep/login#!loginView' successfully

2019-01-25 10:04:28 - [MESSAGE][PASSED] - Navigate to 'https://kirona-def-6.kirona.com/jmprep/login#!loginView' successfully

2019-01-25 10:04:28 - [TEST_STEP][PASSED] - setText(findTestObject("FSM1/Control Centre/Page_Job Manager Login/input_gwt-uid-3"), Username): Text 'jon.hatfield' is set on object 'Object Repository/FSM1/Control Centre/Page_Job Manager Login/input_gwt-uid-3'

2019-01-25 10:04:28 - [MESSAGE][PASSED] - Text 'jon.hatfield' is set on object 'Object Repository/FSM1/Control Centre/Page_Job Manager Login/input_gwt-uid-3'

2019-01-25 10:04:28 - [TEST_STEP][PASSED] - setText(findTestObject("FSM1/Control Centre/Page_Job Manager Login/input_gwt-uid-5"), Password): Text 'Fr@nc1sJ0n' is set on object 'Object Repository/FSM1/Control Centre/Page_Job Manager Login/input_gwt-uid-5'

2019-01-25 10:04:28 - [MESSAGE][PASSED] - Text 'Fr@nc1sJ0n' is set on object 'Object Repository/FSM1/Control Centre/Page_Job Manager Login/input_gwt-uid-5'

2019-01-25 10:04:28 - [TEST_STEP][PASSED] - delay(2): Delayed 2 second(s)

2019-01-25 10:04:30 - [MESSAGE][PASSED] - Delayed 2 second(s)

2019-01-25 10:04:30 - [TEST_STEP][PASSED] - click(findTestObject("FSM1/PreProd/Page_Job Manager Login/div_Login")): Object: 'Object Repository/FSM1/PreProd/Page_Job Manager Login/div_Login' is clicked on

2019-01-25 10:04:30 - [MESSAGE][PASSED] - Object: 'Object Repository/FSM1/PreProd/Page_Job Manager Login/div_Login' is clicked on

2019-01-25 10:04:30 - [TEST_STEP][PASSED] - delay(5): Delayed 5 second(s)

2019-01-25 10:04:35 - [MESSAGE][PASSED] - Delayed 5 second(s)]]></system-out>
         <system-err><![CDATA[]]></system-err>
      </testcase>
      <testcase name="Test Cases/EMI/Create EMI Inspection" classname="Test Cases/EMI/Create EMI Inspection" status="PASSED">
         <system-out><![CDATA[2019-01-25 10:04:35 - [TEST_CASE][PASSED] - Test Cases/EMI/Create EMI Inspection: Test Cases/EMI/Create EMI Inspection

2019-01-25 10:04:36 - [TEST_STEP][PASSED] - log = new com.kms.katalon.core.logging.KeywordLogger(): null

2019-01-25 10:04:36 - [TEST_STEP][PASSED] - waitForElementClickable(findTestObject("FSM1/Control Centre/Create EMI Inspection New/Page_JM Control Centre/div_Create"), 60, STOP_ON_FAILURE): Object 'Object Repository/FSM1/Control Centre/Create EMI Inspection New/Page_JM Control Centre/div_Create' is clickable

2019-01-25 10:04:45 - [MESSAGE][PASSED] - Object 'Object Repository/FSM1/Control Centre/Create EMI Inspection New/Page_JM Control Centre/div_Create' is clickable

2019-01-25 10:04:45 - [TEST_STEP][PASSED] - delay(3): Delayed 3 second(s)

2019-01-25 10:04:48 - [MESSAGE][PASSED] - Delayed 3 second(s)

2019-01-25 10:04:48 - [TEST_STEP][PASSED] - click(findTestObject("FSM1/Control Centre/Create EMI Inspection New/Page_JM Control Centre/div_Create")): Object: 'Object Repository/FSM1/Control Centre/Create EMI Inspection New/Page_JM Control Centre/div_Create' is clicked on

2019-01-25 10:04:48 - [MESSAGE][PASSED] - Object: 'Object Repository/FSM1/Control Centre/Create EMI Inspection New/Page_JM Control Centre/div_Create' is clicked on

2019-01-25 10:04:48 - [TEST_STEP][PASSED] - click(findTestObject("FSM1/Control Centre/Create EMI Inspection New/Page_JM Control Centre/div_v-filterselect-button")): Object: 'Object Repository/FSM1/Control Centre/Create EMI Inspection New/Page_JM Control Centre/div_v-filterselect-button' is clicked on

2019-01-25 10:04:50 - [MESSAGE][PASSED] - Object: 'Object Repository/FSM1/Control Centre/Create EMI Inspection New/Page_JM Control Centre/div_v-filterselect-button' is clicked on

2019-01-25 10:04:50 - [TEST_STEP][PASSED] - setText(findTestObject("FSM1/Control Centre/Create EMI Inspection New/Page_JM Control Centre/input_gwt-uid-8"), "emi"): Text 'emi' is set on object 'Object Repository/FSM1/Control Centre/Create EMI Inspection New/Page_JM Control Centre/input_gwt-uid-8'

2019-01-25 10:04:50 - [MESSAGE][PASSED] - Text 'emi' is set on object 'Object Repository/FSM1/Control Centre/Create EMI Inspection New/Page_JM Control Centre/input_gwt-uid-8'

2019-01-25 10:04:50 - [TEST_STEP][PASSED] - click(findTestObject("FSM1/Control Centre/Create EMI Inspection New/Page_JM Control Centre/span_EMI Inspection")): Object: 'Object Repository/FSM1/Control Centre/Create EMI Inspection New/Page_JM Control Centre/span_EMI Inspection' is clicked on

2019-01-25 10:04:50 - [MESSAGE][PASSED] - Object: 'Object Repository/FSM1/Control Centre/Create EMI Inspection New/Page_JM Control Centre/span_EMI Inspection' is clicked on

2019-01-25 10:04:50 - [TEST_STEP][PASSED] - setText(findTestObject("FSM1/Control Centre/Create EMI Inspection New/Page_JM Control Centre/input_gwt-uid-16"), "15"): Text '15' is set on object 'Object Repository/FSM1/Control Centre/Create EMI Inspection New/Page_JM Control Centre/input_gwt-uid-16'

2019-01-25 10:04:53 - [MESSAGE][PASSED] - Text '15' is set on object 'Object Repository/FSM1/Control Centre/Create EMI Inspection New/Page_JM Control Centre/input_gwt-uid-16'

2019-01-25 10:04:53 - [TEST_STEP][PASSED] - click(findTestObject("FSM1/Control Centre/Create EMI Inspection New/Page_JM Control Centre/div_v-filterselect-button_1")): Object: 'Object Repository/FSM1/Control Centre/Create EMI Inspection New/Page_JM Control Centre/div_v-filterselect-button_1' is clicked on

2019-01-25 10:04:54 - [MESSAGE][PASSED] - Object: 'Object Repository/FSM1/Control Centre/Create EMI Inspection New/Page_JM Control Centre/div_v-filterselect-button_1' is clicked on

2019-01-25 10:04:54 - [TEST_STEP][PASSED] - click(findTestObject("FSM1/Control Centre/Create EMI Inspection New/Page_JM Control Centre/span_24 Hours")): Object: 'Object Repository/FSM1/Control Centre/Create EMI Inspection New/Page_JM Control Centre/span_24 Hours' is clicked on

2019-01-25 10:04:54 - [MESSAGE][PASSED] - Object: 'Object Repository/FSM1/Control Centre/Create EMI Inspection New/Page_JM Control Centre/span_24 Hours' is clicked on

2019-01-25 10:04:54 - [TEST_STEP][PASSED] - click(findTestObject("JM_8918/Page_JM Control Centre/div_Region_v-filterselect-butt")): Object: 'Object Repository/JM_8918/Page_JM Control Centre/div_Region_v-filterselect-butt' is clicked on

2019-01-25 10:04:54 - [MESSAGE][PASSED] - Object: 'Object Repository/JM_8918/Page_JM Control Centre/div_Region_v-filterselect-butt' is clicked on

2019-01-25 10:04:54 - [TEST_STEP][PASSED] - click(findTestObject("FSM1/Control Centre/Create EMI Inspection New/Page_JM Control Centre/span_West")): Object: 'Object Repository/FSM1/Control Centre/Create EMI Inspection New/Page_JM Control Centre/span_West' is clicked on

2019-01-25 10:04:54 - [MESSAGE][PASSED] - Object: 'Object Repository/FSM1/Control Centre/Create EMI Inspection New/Page_JM Control Centre/span_West' is clicked on

2019-01-25 10:04:54 - [TEST_STEP][PASSED] - click(findTestObject("JM_8918/Page_JM Control Centre/div_Inspection Type_v-filterse")): Object: 'Object Repository/JM_8918/Page_JM Control Centre/div_Inspection Type_v-filterse' is clicked on

2019-01-25 10:04:55 - [MESSAGE][PASSED] - Object: 'Object Repository/JM_8918/Page_JM Control Centre/div_Inspection Type_v-filterse' is clicked on

2019-01-25 10:04:55 - [TEST_STEP][PASSED] - click(findTestObject("FSM1/Control Centre/Create EMI Inspection New/Page_JM Control Centre/span_EMI Routine")): Object: 'Object Repository/FSM1/Control Centre/Create EMI Inspection New/Page_JM Control Centre/span_EMI Routine' is clicked on

2019-01-25 10:04:55 - [MESSAGE][PASSED] - Object: 'Object Repository/FSM1/Control Centre/Create EMI Inspection New/Page_JM Control Centre/span_EMI Routine' is clicked on

2019-01-25 10:04:55 - [TEST_STEP][PASSED] - setText(findTestObject("FSM1/Control Centre/Create EMI Inspection New/Page_JM Control Centre/input_gwt-uid-34"), "Test Automation"): Text 'Test Automation' is set on object 'Object Repository/FSM1/Control Centre/Create EMI Inspection New/Page_JM Control Centre/input_gwt-uid-34'

2019-01-25 10:04:55 - [MESSAGE][PASSED] - Text 'Test Automation' is set on object 'Object Repository/FSM1/Control Centre/Create EMI Inspection New/Page_JM Control Centre/input_gwt-uid-34'

2019-01-25 10:04:55 - [TEST_STEP][PASSED] - setText(findTestObject("FSM1/Control Centre/Create EMI Inspection New/Page_JM Control Centre/input_gwt-uid-40"), RandomStringUtils.randomNumeric(5)): Text '84355' is set on object 'Object Repository/FSM1/Control Centre/Create EMI Inspection New/Page_JM Control Centre/input_gwt-uid-40'

2019-01-25 10:04:56 - [MESSAGE][PASSED] - Text '84355' is set on object 'Object Repository/FSM1/Control Centre/Create EMI Inspection New/Page_JM Control Centre/input_gwt-uid-40'

2019-01-25 10:04:56 - [TEST_STEP][PASSED] - setText(findTestObject("FSM1/Control Centre/Create EMI Inspection New/Page_JM Control Centre/input_gwt-uid-42"), RandomStringUtils.randomNumeric(5)): Text '92856' is set on object 'Object Repository/FSM1/Control Centre/Create EMI Inspection New/Page_JM Control Centre/input_gwt-uid-42'

2019-01-25 10:04:56 - [MESSAGE][PASSED] - Text '92856' is set on object 'Object Repository/FSM1/Control Centre/Create EMI Inspection New/Page_JM Control Centre/input_gwt-uid-42'

2019-01-25 10:04:56 - [TEST_STEP][PASSED] - click(findTestObject("JM_8918/Page_JM Control Centre/Page_JM Control Centre/div_Business Type_v-filtersele")): Object: 'Object Repository/JM_8918/Page_JM Control Centre/Page_JM Control Centre/div_Business Type_v-filtersele' is clicked on

2019-01-25 10:04:56 - [MESSAGE][PASSED] - Object: 'Object Repository/JM_8918/Page_JM Control Centre/Page_JM Control Centre/div_Business Type_v-filtersele' is clicked on

2019-01-25 10:04:56 - [TEST_STEP][PASSED] - click(findTestObject("FSM1/Control Centre/Create EMI Inspection New/Page_JM Control Centre/td_EGG PACKER")): Object: 'Object Repository/FSM1/Control Centre/Create EMI Inspection New/Page_JM Control Centre/td_EGG PACKER' is clicked on

2019-01-25 10:04:56 - [MESSAGE][PASSED] - Object: 'Object Repository/FSM1/Control Centre/Create EMI Inspection New/Page_JM Control Centre/td_EGG PACKER' is clicked on

2019-01-25 10:04:56 - [TEST_STEP][PASSED] - click(findTestObject("FSM1/Control Centre/Create EMI Inspection/Page_JM Control Centre/span_")): Object: 'Object Repository/FSM1/Control Centre/Create EMI Inspection/Page_JM Control Centre/span_' is clicked on

2019-01-25 10:04:56 - [MESSAGE][PASSED] - Object: 'Object Repository/FSM1/Control Centre/Create EMI Inspection/Page_JM Control Centre/span_' is clicked on

2019-01-25 10:04:56 - [TEST_STEP][NOT_RUN] - click(findTestObject("FSM1/Control Centre/Create EMI Inspection/Address Search/Page_JM Control Centre/Postcode Search")): NOT_RUN: click(findTestObject("FSM1/Control Centre/Create EMI Inspection/Address Search/Page_JM Control Centre/Postcode Search"))

2019-01-25 10:04:56 - [MESSAGE][NOT_RUN] - NOT_RUN: click(findTestObject("FSM1/Control Centre/Create EMI Inspection/Address Search/Page_JM Control Centre/Postcode Search"))

2019-01-25 10:04:56 - [TEST_STEP][PASSED] - setText(findTestObject("JM_8918/Page_JM Control Centre/input_Add Location_v-textfield"), findTestData("Pre Production/EMI/EMI Inspection Data").getValue(1, 1)): Text 'WR5 2NQ' is set on object 'Object Repository/JM_8918/Page_JM Control Centre/input_Add Location_v-textfield'

2019-01-25 10:04:57 - [MESSAGE][PASSED] - Text 'WR5 2NQ' is set on object 'Object Repository/JM_8918/Page_JM Control Centre/input_Add Location_v-textfield'

2019-01-25 10:04:57 - [TEST_STEP][PASSED] - doubleClick(findTestObject("JM_8918/Page_JM Control Centre/div_Search")): Object: 'Object Repository/JM_8918/Page_JM Control Centre/div_Search' is double clicked on

2019-01-25 10:04:58 - [MESSAGE][PASSED] - Object: 'Object Repository/JM_8918/Page_JM Control Centre/div_Search' is double clicked on

2019-01-25 10:04:58 - [TEST_STEP][PASSED] - FullAddress = modifyObjectProperty(findTestObject("FSM1/Control Centre/Create EMI Inspection/Page_JM Control Centre/Address"), "text", "equals", findTestData("Pre Production/EMI/EMI Inspection Data").getValue(2, 1), true): Modify property of object successfully

2019-01-25 10:04:58 - [MESSAGE][PASSED] - Modify property of object successfully

2019-01-25 10:04:58 - [TEST_STEP][PASSED] - click(FullAddress, STOP_ON_FAILURE): Object: 'Object Repository/FSM1/Control Centre/Create EMI Inspection/Page_JM Control Centre/Address' is clicked on

2019-01-25 10:04:59 - [MESSAGE][PASSED] - Object: 'Object Repository/FSM1/Control Centre/Create EMI Inspection/Page_JM Control Centre/Address' is clicked on

2019-01-25 10:04:59 - [TEST_STEP][PASSED] - click(findTestObject("FSM1/Control Centre/Create EMI Inspection/Create Address/Page_JM Control Centre (2)/div_Add Selected Item")): Object: 'Object Repository/FSM1/Control Centre/Create EMI Inspection/Create Address/Page_JM Control Centre (2)/div_Add Selected Item' is clicked on

2019-01-25 10:04:59 - [MESSAGE][PASSED] - Object: 'Object Repository/FSM1/Control Centre/Create EMI Inspection/Create Address/Page_JM Control Centre (2)/div_Add Selected Item' is clicked on

2019-01-25 10:04:59 - [TEST_STEP][PASSED] - delay(5): Delayed 5 second(s)

2019-01-25 10:05:04 - [MESSAGE][PASSED] - Delayed 5 second(s)

2019-01-25 10:05:04 - [TEST_STEP][PASSED] - setText(findTestObject("Object Repository/JM_8918/EMI/Fixed Resource/Page_JM Control Centre/input_Fixed Resource_gwt-uid-1"), "test"): Text 'test' is set on object 'Object Repository/JM_8918/EMI/Fixed Resource/Page_JM Control Centre/input_Fixed Resource_gwt-uid-1'

2019-01-25 10:05:04 - [MESSAGE][PASSED] - Text 'test' is set on object 'Object Repository/JM_8918/EMI/Fixed Resource/Page_JM Control Centre/input_Fixed Resource_gwt-uid-1'

2019-01-25 10:05:05 - [TEST_STEP][PASSED] - click(findTestObject("Object Repository/JM_8918/EMI/Fixed Resource/Page_JM Control Centre/span_Test Inspector")): Object: 'Object Repository/JM_8918/EMI/Fixed Resource/Page_JM Control Centre/span_Test Inspector' is clicked on

2019-01-25 10:05:05 - [MESSAGE][PASSED] - Object: 'Object Repository/JM_8918/EMI/Fixed Resource/Page_JM Control Centre/span_Test Inspector' is clicked on

2019-01-25 10:05:05 - [TEST_STEP][PASSED] - delay(2): Delayed 2 second(s)

2019-01-25 10:05:07 - [MESSAGE][PASSED] - Delayed 2 second(s)

2019-01-25 10:05:07 - [TEST_STEP][PASSED] - click(findTestObject("FSM1/Control Centre/Create EMI Inspection/Finish/Page_JM Control Centre (3)/div_Create")): Object: 'Object Repository/FSM1/Control Centre/Create EMI Inspection/Finish/Page_JM Control Centre (3)/div_Create' is clicked on

2019-01-25 10:05:07 - [MESSAGE][PASSED] - Object: 'Object Repository/FSM1/Control Centre/Create EMI Inspection/Finish/Page_JM Control Centre (3)/div_Create' is clicked on

2019-01-25 10:05:07 - [TEST_STEP][PASSED] - waitForElementPresent(findTestObject("FSM1/Control Centre/Status/Page_JM Control Centre/div_PLANNED DYNAMIC"), 120, STOP_ON_FAILURE): Object 'Object Repository/FSM1/Control Centre/Status/Page_JM Control Centre/div_PLANNED DYNAMIC' is present

2019-01-25 10:06:06 - [MESSAGE][PASSED] - Object 'Object Repository/FSM1/Control Centre/Status/Page_JM Control Centre/div_PLANNED DYNAMIC' is present

2019-01-25 10:06:06 - [TEST_STEP][PASSED] - InspectionID = getText(findTestObject("FSM1/Control Centre/Create EMI Inspection/InspectionID/Page_JM Control Centre/InspectionID")): Text of object 'Object Repository/FSM1/Control Centre/Create EMI Inspection/InspectionID/Page_JM Control Centre/InspectionID' is: 'Viewing Job 101477'

2019-01-25 10:06:06 - [MESSAGE][PASSED] - Text of object 'Object Repository/FSM1/Control Centre/Create EMI Inspection/InspectionID/Page_JM Control Centre/InspectionID' is: 'Viewing Job 101477'

2019-01-25 10:06:06 - [TEST_STEP][PASSED] - InspectionID = InspectionID.replaceAll("Viewing Job ", ""): null

2019-01-25 10:06:06 - [TEST_STEP][PASSED] - log.logWarning(InspectionID): 101477

2019-01-25 10:06:06 - [MESSAGE][WARNING] - 101477

2019-01-25 10:06:06 - [TEST_STEP][PASSED] - temp = InspectionID: null

2019-01-25 10:06:06 - [TEST_STEP][PASSED] - delay(30): Delayed 30 second(s)

2019-01-25 10:06:36 - [MESSAGE][PASSED] - Delayed 30 second(s)]]></system-out>
         <system-err><![CDATA[]]></system-err>
      </testcase>
      <testcase name="Test Cases/Generic/Launch Job Manager" classname="Test Cases/Generic/Launch Job Manager" status="PASSED">
         <system-out><![CDATA[2019-01-25 10:06:36 - [TEST_CASE][PASSED] - Test Cases/Generic/Launch Job Manager: Test Cases/Generic/Launch Job Manager

2019-01-25 10:06:37 - [TEST_STEP][PASSED] - openBrowser(""): Browser is opened with url: ''

2019-01-25 10:06:37 - [MESSAGE][WARNING] - A browser is already opened. Closing browser and opening a new one

2019-01-25 10:06:38 - [MESSAGE][INFO] - Starting 'Chrome' driver

2019-01-25 10:06:40 - [MESSAGE][PASSED] - Browser is opened with url: ''

2019-01-25 10:06:40 - [TEST_STEP][PASSED] - navigateToUrl(JMURL): Navigate to 'https://kirona-def-6.kirona.com/jmprep/jclient/jclient.html' successfully

2019-01-25 10:06:41 - [MESSAGE][PASSED] - Navigate to 'https://kirona-def-6.kirona.com/jmprep/jclient/jclient.html' successfully

2019-01-25 10:06:41 - [TEST_STEP][PASSED] - delay(3): Delayed 3 second(s)

2019-01-25 10:06:44 - [MESSAGE][PASSED] - Delayed 3 second(s)

2019-01-25 10:06:44 - [TEST_STEP][PASSED] - setText(findTestObject("FSM1/Launch Application/Page_JClient/input_gwt-TextBox GKH2EKQBMDB"), "KIR1"): Text 'KIR1' is set on object 'Object Repository/FSM1/Launch Application/Page_JClient/input_gwt-TextBox GKH2EKQBMDB'

2019-01-25 10:06:44 - [MESSAGE][PASSED] - Text 'KIR1' is set on object 'Object Repository/FSM1/Launch Application/Page_JClient/input_gwt-TextBox GKH2EKQBMDB'

2019-01-25 10:06:44 - [TEST_STEP][PASSED] - sendKeys(findTestObject("FSM1/Launch Application/Page_JClient/input_gwt-TextBox GKH2EKQBMDB"), Keys.chord(ENTER)): Keys 'ENTER + ' sent to object: 'Object Repository/FSM1/Launch Application/Page_JClient/input_gwt-TextBox GKH2EKQBMDB'

2019-01-25 10:06:44 - [MESSAGE][PASSED] - Keys 'ENTER + ' sent to object: 'Object Repository/FSM1/Launch Application/Page_JClient/input_gwt-TextBox GKH2EKQBMDB'

2019-01-25 10:06:44 - [TEST_STEP][PASSED] - delay(3): Delayed 3 second(s)

2019-01-25 10:06:47 - [MESSAGE][PASSED] - Delayed 3 second(s)

2019-01-25 10:06:47 - [TEST_STEP][PASSED] - click(findTestObject("FSM1/Launch Application/Page_JClient/div_Configure App")): Object: 'Object Repository/FSM1/Launch Application/Page_JClient/div_Configure App' is clicked on

2019-01-25 10:06:47 - [MESSAGE][PASSED] - Object: 'Object Repository/FSM1/Launch Application/Page_JClient/div_Configure App' is clicked on

2019-01-25 10:06:47 - [TEST_STEP][PASSED] - setText(findTestObject("FSM1/Launch Application/Page_JClient/input_gwt-TextBox GKH2EKQBNHC"), findTestData("Pre Production/Environmental/UandP").getValue(3, 1)): Text 'test.inspector' is set on object 'Object Repository/FSM1/Launch Application/Page_JClient/input_gwt-TextBox GKH2EKQBNHC'

2019-01-25 10:06:48 - [MESSAGE][PASSED] - Text 'test.inspector' is set on object 'Object Repository/FSM1/Launch Application/Page_JClient/input_gwt-TextBox GKH2EKQBNHC'

2019-01-25 10:06:48 - [TEST_STEP][PASSED] - setText(findTestObject("FSM1/Launch Application/Page_JClient/input_gwt-PasswordTextBox GKH2"), findTestData("Pre Production/Environmental/UandP").getValue(4, 1)): Text 'Password1.' is set on object 'Object Repository/FSM1/Launch Application/Page_JClient/input_gwt-PasswordTextBox GKH2'

2019-01-25 10:06:48 - [MESSAGE][PASSED] - Text 'Password1.' is set on object 'Object Repository/FSM1/Launch Application/Page_JClient/input_gwt-PasswordTextBox GKH2'

2019-01-25 10:06:48 - [TEST_STEP][PASSED] - click(findTestObject("FSM1/Launch Application/Page_JClient/div_Sign In")): Object: 'Object Repository/FSM1/Launch Application/Page_JClient/div_Sign In' is clicked on

2019-01-25 10:06:48 - [MESSAGE][PASSED] - Object: 'Object Repository/FSM1/Launch Application/Page_JClient/div_Sign In' is clicked on

2019-01-25 10:06:48 - [TEST_STEP][PASSED] - delay(15): Delayed 15 second(s)

2019-01-25 10:07:03 - [MESSAGE][PASSED] - Delayed 15 second(s)]]></system-out>
         <system-err><![CDATA[]]></system-err>
      </testcase>
      <testcase name="Test Cases/Generic/Select Inspection" classname="Test Cases/Generic/Select Inspection" status="PASSED">
         <system-out><![CDATA[2019-01-25 10:07:03 - [TEST_CASE][PASSED] - Test Cases/Generic/Select Inspection: Test Cases/Generic/Select Inspection

2019-01-25 10:07:04 - [TEST_STEP][PASSED] - delay(20): Delayed 20 second(s)

2019-01-25 10:07:24 - [MESSAGE][PASSED] - Delayed 20 second(s)

2019-01-25 10:07:24 - [TEST_STEP][PASSED] - waitForElementClickable(findTestObject("JM_8918/Page_JM Control Centre/Page_JM Control Centre/Page_JClient/Refresh"), 250): Object 'Object Repository/JM_8918/Page_JM Control Centre/Page_JM Control Centre/Page_JClient/Refresh' is clickable

2019-01-25 10:07:24 - [MESSAGE][PASSED] - Object 'Object Repository/JM_8918/Page_JM Control Centre/Page_JM Control Centre/Page_JClient/Refresh' is clickable

2019-01-25 10:07:24 - [TEST_STEP][PASSED] - click(findTestObject("JM_8918/Page_JM Control Centre/Page_JM Control Centre/Page_JClient/Refresh")): Object: 'Object Repository/JM_8918/Page_JM Control Centre/Page_JM Control Centre/Page_JClient/Refresh' is clicked on

2019-01-25 10:07:24 - [MESSAGE][PASSED] - Object: 'Object Repository/JM_8918/Page_JM Control Centre/Page_JM Control Centre/Page_JClient/Refresh' is clicked on

2019-01-25 10:07:24 - [TEST_STEP][PASSED] - waitForElementClickable(findTestObject("JM_8918/Page_JM Control Centre/Page_JM Control Centre/Page_JClient/Refresh"), 250): Object 'Object Repository/JM_8918/Page_JM Control Centre/Page_JM Control Centre/Page_JClient/Refresh' is clickable

2019-01-25 10:07:24 - [MESSAGE][PASSED] - Object 'Object Repository/JM_8918/Page_JM Control Centre/Page_JM Control Centre/Page_JClient/Refresh' is clickable

2019-01-25 10:07:24 - [TEST_STEP][PASSED] - InspectionRef = modifyObjectProperty(findTestObject("FSM1/Select Inspection/Landing/Page_JClient/div_35098"), "text", "equals", temp, true, STOP_ON_FAILURE): Modify property of object successfully

2019-01-25 10:07:24 - [MESSAGE][PASSED] - Modify property of object successfully

2019-01-25 10:07:24 - [TEST_STEP][PASSED] - delay(5): Delayed 5 second(s)

2019-01-25 10:07:29 - [MESSAGE][PASSED] - Delayed 5 second(s)

2019-01-25 10:07:29 - [TEST_STEP][PASSED] - if (verifyElementPresent(InspectionRef, 10, OPTIONAL)): Object: 'Object Repository/FSM1/Select Inspection/Landing/Page_JClient/div_35098' is clicked on

2019-01-25 10:07:29 - [MESSAGE][PASSED] - Object 'Object Repository/FSM1/Select Inspection/Landing/Page_JClient/div_35098' is present

2019-01-25 10:07:29 - [TEST_STEP][PASSED] - delay(3): Delayed 3 second(s)

2019-01-25 10:07:32 - [MESSAGE][PASSED] - Delayed 3 second(s)

2019-01-25 10:07:32 - [TEST_STEP][PASSED] - click(InspectionRef): Object: 'Object Repository/FSM1/Select Inspection/Landing/Page_JClient/div_35098' is clicked on

2019-01-25 10:07:32 - [MESSAGE][PASSED] - Object: 'Object Repository/FSM1/Select Inspection/Landing/Page_JClient/div_35098' is clicked on

2019-01-25 10:07:32 - [TEST_STEP][PASSED] - click(findTestObject("FSM1/Select Inspection/Page_JClient/div_WITH OPERATIVE")): Object: 'Object Repository/FSM1/Select Inspection/Page_JClient/div_WITH OPERATIVE' is clicked on

2019-01-25 10:07:33 - [MESSAGE][PASSED] - Object: 'Object Repository/FSM1/Select Inspection/Page_JClient/div_WITH OPERATIVE' is clicked on

2019-01-25 10:07:33 - [TEST_STEP][PASSED] - delay(2): Delayed 2 second(s)

2019-01-25 10:07:35 - [MESSAGE][PASSED] - Delayed 2 second(s)

2019-01-25 10:07:35 - [TEST_STEP][PASSED] - click(findTestObject("FSM1/Select Inspection/Page_JClient/div_TRAVELLING")): Object: 'Object Repository/FSM1/Select Inspection/Page_JClient/div_TRAVELLING' is clicked on

2019-01-25 10:07:35 - [MESSAGE][PASSED] - Object: 'Object Repository/FSM1/Select Inspection/Page_JClient/div_TRAVELLING' is clicked on

2019-01-25 10:07:35 - [TEST_STEP][PASSED] - delay(2): Delayed 2 second(s)

2019-01-25 10:07:37 - [MESSAGE][PASSED] - Delayed 2 second(s)

2019-01-25 10:07:37 - [TEST_STEP][PASSED] - click(findTestObject("FSM1/Select Inspection/Page_JClient/div_TRAVELLING")): Object: 'Object Repository/FSM1/Select Inspection/Page_JClient/div_TRAVELLING' is clicked on

2019-01-25 10:07:37 - [MESSAGE][PASSED] - Object: 'Object Repository/FSM1/Select Inspection/Page_JClient/div_TRAVELLING' is clicked on

2019-01-25 10:07:37 - [TEST_STEP][PASSED] - delay(2): Delayed 2 second(s)

2019-01-25 10:07:39 - [MESSAGE][PASSED] - Delayed 2 second(s)

2019-01-25 10:07:39 - [TEST_STEP][PASSED] - click(findTestObject("FSM1/Select Inspection/Page_JClient/div_ARRIVED")): Object: 'Object Repository/FSM1/Select Inspection/Page_JClient/div_ARRIVED' is clicked on

2019-01-25 10:07:39 - [MESSAGE][PASSED] - Object: 'Object Repository/FSM1/Select Inspection/Page_JClient/div_ARRIVED' is clicked on

2019-01-25 10:07:39 - [TEST_STEP][PASSED] - delay(2): Delayed 2 second(s)

2019-01-25 10:07:41 - [MESSAGE][PASSED] - Delayed 2 second(s)

2019-01-25 10:07:41 - [TEST_STEP][PASSED] - click(findTestObject("FSM1/Select Inspection/Page_JClient/div_ARRIVED")): Object: 'Object Repository/FSM1/Select Inspection/Page_JClient/div_ARRIVED' is clicked on

2019-01-25 10:07:41 - [MESSAGE][PASSED] - Object: 'Object Repository/FSM1/Select Inspection/Page_JClient/div_ARRIVED' is clicked on

2019-01-25 10:07:41 - [TEST_STEP][PASSED] - delay(4): Delayed 4 second(s)

2019-01-25 10:07:45 - [MESSAGE][PASSED] - Delayed 4 second(s)

2019-01-25 10:07:45 - [TEST_STEP][PASSED] - click(findTestObject("FSM1/Select Inspection/Page_JClient/div_STARTED")): Object: 'Object Repository/FSM1/Select Inspection/Page_JClient/div_STARTED' is clicked on

2019-01-25 10:07:46 - [MESSAGE][PASSED] - Object: 'Object Repository/FSM1/Select Inspection/Page_JClient/div_STARTED' is clicked on

2019-01-25 10:07:46 - [TEST_STEP][PASSED] - delay(2): Delayed 2 second(s)

2019-01-25 10:07:48 - [MESSAGE][PASSED] - Delayed 2 second(s)]]></system-out>
         <system-err><![CDATA[]]></system-err>
      </testcase>
      <testcase name="Test Cases/EMI/Complete EMI Inspection - Edit Attributes" classname="Test Cases/EMI/Complete EMI Inspection - Edit Attributes" status="PASSED">
         <system-out><![CDATA[2019-01-25 10:07:48 - [TEST_CASE][PASSED] - Test Cases/EMI/Complete EMI Inspection - Edit Attributes: Test Cases/EMI/Complete EMI Inspection - Edit Attributes

2019-01-25 10:07:48 - [TEST_STEP][PASSED] - log = new com.kms.katalon.core.logging.KeywordLogger(): null

2019-01-25 10:07:49 - [TEST_STEP][PASSED] - click(findTestObject("Object Repository/JM_8918/Page_JClient/div_Edit attributes")): Object: 'Object Repository/JM_8918/Page_JClient/div_Edit attributes' is clicked on

2019-01-25 10:07:49 - [MESSAGE][PASSED] - Object: 'Object Repository/JM_8918/Page_JClient/div_Edit attributes' is clicked on

2019-01-25 10:07:49 - [TEST_STEP][PASSED] - delay(3): Delayed 3 second(s)

2019-01-25 10:07:52 - [MESSAGE][PASSED] - Delayed 3 second(s)

2019-01-25 10:07:52 - [TEST_STEP][PASSED] - setText(findTestObject("Object Repository/JM_8918/Page_JClient/input_County Parish Holding (C"), "11/222/3333"): Text '11/222/3333' is set on object 'Object Repository/JM_8918/Page_JClient/input_County Parish Holding (C'

2019-01-25 10:07:52 - [MESSAGE][PASSED] - Text '11/222/3333' is set on object 'Object Repository/JM_8918/Page_JClient/input_County Parish Holding (C'

2019-01-25 10:07:52 - [TEST_STEP][PASSED] - setText(findTestObject("Object Repository/JM_8918/Page_JClient/input_Trading Name_gwt-TextBox"), "Test Automation"): Text 'Test Automation' is set on object 'Object Repository/JM_8918/Page_JClient/input_Trading Name_gwt-TextBox'

2019-01-25 10:07:52 - [MESSAGE][PASSED] - Text 'Test Automation' is set on object 'Object Repository/JM_8918/Page_JClient/input_Trading Name_gwt-TextBox'

2019-01-25 10:07:52 - [TEST_STEP][PASSED] - selectOptionByValue(findTestObject("Object Repository/JM_8918/Page_JClient/select_Compliance (Schedule  A"), "COMPLIANCE", true): All options with value 'COMPLIANCE' are selected in object 'Object Repository/JM_8918/Page_JClient/select_Compliance (Schedule  A'  using regular expression

2019-01-25 10:07:53 - [MESSAGE][PASSED] - All options with value 'COMPLIANCE' are selected in object 'Object Repository/JM_8918/Page_JClient/select_Compliance (Schedule  A'  using regular expression

2019-01-25 10:07:53 - [TEST_STEP][PASSED] - click(findTestObject("Object Repository/JM_8918/Page_JClient/input_Have the egg throughputs")): Object: 'Object Repository/JM_8918/Page_JClient/input_Have the egg throughputs' is clicked on

2019-01-25 10:07:53 - [MESSAGE][PASSED] - Object: 'Object Repository/JM_8918/Page_JClient/input_Have the egg throughputs' is clicked on

2019-01-25 10:07:53 - [TEST_STEP][PASSED] - setText(findTestObject("Object Repository/JM_8918/Page_JClient/input_Organic_gwt-DoubleBox GF"), "10"): Text '10' is set on object 'Object Repository/JM_8918/Page_JClient/input_Organic_gwt-DoubleBox GF'

2019-01-25 10:07:53 - [MESSAGE][PASSED] - Text '10' is set on object 'Object Repository/JM_8918/Page_JClient/input_Organic_gwt-DoubleBox GF'

2019-01-25 10:07:53 - [TEST_STEP][PASSED] - setText(findTestObject("Object Repository/JM_8918/Page_JClient/input_Free Range_gwt-DoubleBox"), "10"): Text '10' is set on object 'Object Repository/JM_8918/Page_JClient/input_Free Range_gwt-DoubleBox'

2019-01-25 10:07:53 - [MESSAGE][PASSED] - Text '10' is set on object 'Object Repository/JM_8918/Page_JClient/input_Free Range_gwt-DoubleBox'

2019-01-25 10:07:53 - [TEST_STEP][PASSED] - setText(findTestObject("Object Repository/JM_8918/Page_JClient/input_Barn_gwt-DoubleBox GFNJN"), "10"): Text '10' is set on object 'Object Repository/JM_8918/Page_JClient/input_Barn_gwt-DoubleBox GFNJN'

2019-01-25 10:07:53 - [MESSAGE][PASSED] - Text '10' is set on object 'Object Repository/JM_8918/Page_JClient/input_Barn_gwt-DoubleBox GFNJN'

2019-01-25 10:07:53 - [TEST_STEP][PASSED] - setText(findTestObject("Object Repository/JM_8918/Page_JClient/input_Cage Enriched_gwt-Double"), "12"): Text '12' is set on object 'Object Repository/JM_8918/Page_JClient/input_Cage Enriched_gwt-Double'

2019-01-25 10:07:53 - [MESSAGE][PASSED] - Text '12' is set on object 'Object Repository/JM_8918/Page_JClient/input_Cage Enriched_gwt-Double'

2019-01-25 10:07:53 - [TEST_STEP][PASSED] - setText(findTestObject("Object Repository/JM_8918/Page_JClient/input_Organic_gwt-DoubleBox GF - EP Imp"), "11"): Text '11' is set on object 'Object Repository/JM_8918/Page_JClient/input_Organic_gwt-DoubleBox GF - EP Imp'

2019-01-25 10:07:54 - [MESSAGE][PASSED] - Text '11' is set on object 'Object Repository/JM_8918/Page_JClient/input_Organic_gwt-DoubleBox GF - EP Imp'

2019-01-25 10:07:54 - [TEST_STEP][PASSED] - setText(findTestObject("Object Repository/JM_8918/Page_JClient/input_Free Range_gwt-DoubleBox - EP Imp"), "11"): Text '11' is set on object 'Object Repository/JM_8918/Page_JClient/input_Free Range_gwt-DoubleBox - EP Imp'

2019-01-25 10:07:54 - [MESSAGE][PASSED] - Text '11' is set on object 'Object Repository/JM_8918/Page_JClient/input_Free Range_gwt-DoubleBox - EP Imp'

2019-01-25 10:07:54 - [TEST_STEP][PASSED] - setText(findTestObject("Object Repository/JM_8918/Page_JClient/input_Barn_gwt-DoubleBox GFNJN - Ep Imp"), "11"): Text '11' is set on object 'Object Repository/JM_8918/Page_JClient/input_Barn_gwt-DoubleBox GFNJN - Ep Imp'

2019-01-25 10:07:54 - [MESSAGE][PASSED] - Text '11' is set on object 'Object Repository/JM_8918/Page_JClient/input_Barn_gwt-DoubleBox GFNJN - Ep Imp'

2019-01-25 10:07:54 - [TEST_STEP][PASSED] - setText(findTestObject("Object Repository/JM_8918/Page_JClient/input_Cage Enriched_gwt-Double - Ep Imp"), "11"): Text '11' is set on object 'Object Repository/JM_8918/Page_JClient/input_Cage Enriched_gwt-Double - Ep Imp'

2019-01-25 10:07:54 - [MESSAGE][PASSED] - Text '11' is set on object 'Object Repository/JM_8918/Page_JClient/input_Cage Enriched_gwt-Double - Ep Imp'

2019-01-25 10:07:54 - [TEST_STEP][PASSED] - setText(findTestObject("Object Repository/JM_8918/Page_JClient/input_Organic_gwt-DoubleBox GF - Wh Reg"), "12"): Text '12' is set on object 'Object Repository/JM_8918/Page_JClient/input_Organic_gwt-DoubleBox GF - Wh Reg'

2019-01-25 10:07:54 - [MESSAGE][PASSED] - Text '12' is set on object 'Object Repository/JM_8918/Page_JClient/input_Organic_gwt-DoubleBox GF - Wh Reg'

2019-01-25 10:07:54 - [TEST_STEP][PASSED] - setText(findTestObject("Object Repository/JM_8918/Page_JClient/input_Free Range_gwt-DoubleBox - Wh Reg"), "12"): Text '12' is set on object 'Object Repository/JM_8918/Page_JClient/input_Free Range_gwt-DoubleBox - Wh Reg'

2019-01-25 10:07:54 - [MESSAGE][PASSED] - Text '12' is set on object 'Object Repository/JM_8918/Page_JClient/input_Free Range_gwt-DoubleBox - Wh Reg'

2019-01-25 10:07:54 - [TEST_STEP][PASSED] - setText(findTestObject("Object Repository/JM_8918/Page_JClient/input_Cage Enriched_gwt-Double - Wh Reg"), "12"): Text '12' is set on object 'Object Repository/JM_8918/Page_JClient/input_Cage Enriched_gwt-Double - Wh Reg'

2019-01-25 10:07:55 - [MESSAGE][PASSED] - Text '12' is set on object 'Object Repository/JM_8918/Page_JClient/input_Cage Enriched_gwt-Double - Wh Reg'

2019-01-25 10:07:55 - [TEST_STEP][PASSED] - setText(findTestObject("Object Repository/JM_8918/Page_JClient/input_Barn_gwt-DoubleBox GFNJN - Wh Reg"), "12"): Text '12' is set on object 'Object Repository/JM_8918/Page_JClient/input_Barn_gwt-DoubleBox GFNJN - Wh Reg'

2019-01-25 10:07:55 - [MESSAGE][PASSED] - Text '12' is set on object 'Object Repository/JM_8918/Page_JClient/input_Barn_gwt-DoubleBox GFNJN - Wh Reg'

2019-01-25 10:07:55 - [TEST_STEP][PASSED] - setText(findTestObject("Object Repository/JM_8918/Page_JClient/input_Organic_gwt-DoubleBox GF - Wh Imp"), "13"): Text '13' is set on object 'Object Repository/JM_8918/Page_JClient/input_Organic_gwt-DoubleBox GF - Wh Imp'

2019-01-25 10:07:55 - [MESSAGE][PASSED] - Text '13' is set on object 'Object Repository/JM_8918/Page_JClient/input_Organic_gwt-DoubleBox GF - Wh Imp'

2019-01-25 10:07:55 - [TEST_STEP][PASSED] - setText(findTestObject("Object Repository/JM_8918/Page_JClient/input_Free Range_gwt-DoubleBox - Wh Imp"), "13"): Text '13' is set on object 'Object Repository/JM_8918/Page_JClient/input_Free Range_gwt-DoubleBox - Wh Imp'

2019-01-25 10:07:55 - [MESSAGE][PASSED] - Text '13' is set on object 'Object Repository/JM_8918/Page_JClient/input_Free Range_gwt-DoubleBox - Wh Imp'

2019-01-25 10:07:55 - [TEST_STEP][PASSED] - setText(findTestObject("Object Repository/JM_8918/Page_JClient/input_Barn_gwt-DoubleBox GFNJN - Wh Imp"), "13"): Text '13' is set on object 'Object Repository/JM_8918/Page_JClient/input_Barn_gwt-DoubleBox GFNJN - Wh Imp'

2019-01-25 10:07:55 - [MESSAGE][PASSED] - Text '13' is set on object 'Object Repository/JM_8918/Page_JClient/input_Barn_gwt-DoubleBox GFNJN - Wh Imp'

2019-01-25 10:07:55 - [TEST_STEP][PASSED] - setText(findTestObject("Object Repository/JM_8918/Page_JClient/input_Cage Enriched_gwt-Double - Wh Imp"), "13"): Text '13' is set on object 'Object Repository/JM_8918/Page_JClient/input_Cage Enriched_gwt-Double - Wh Imp'

2019-01-25 10:07:55 - [MESSAGE][PASSED] - Text '13' is set on object 'Object Repository/JM_8918/Page_JClient/input_Cage Enriched_gwt-Double - Wh Imp'

2019-01-25 10:07:55 - [TEST_STEP][PASSED] - setText(findTestObject("Object Repository/JM_8918/Page_JClient/input_Throughput Changed To (U"), "50"): Text '50' is set on object 'Object Repository/JM_8918/Page_JClient/input_Throughput Changed To (U'

2019-01-25 10:07:56 - [MESSAGE][PASSED] - Text '50' is set on object 'Object Repository/JM_8918/Page_JClient/input_Throughput Changed To (U'

2019-01-25 10:07:56 - [TEST_STEP][PASSED] - setText(findTestObject("Object Repository/JM_8918/Page_JClient/input_Throughput Changed To (I"), "55"): Text '55' is set on object 'Object Repository/JM_8918/Page_JClient/input_Throughput Changed To (I'

2019-01-25 10:07:56 - [MESSAGE][PASSED] - Text '55' is set on object 'Object Repository/JM_8918/Page_JClient/input_Throughput Changed To (I'

2019-01-25 10:07:56 - [TEST_STEP][PASSED] - click(findTestObject("Object Repository/JM_8918/Page_JClient/input_Was the inspection compl")): Object: 'Object Repository/JM_8918/Page_JClient/input_Was the inspection compl' is clicked on

2019-01-25 10:07:56 - [MESSAGE][PASSED] - Object: 'Object Repository/JM_8918/Page_JClient/input_Was the inspection compl' is clicked on

2019-01-25 10:07:56 - [TEST_STEP][PASSED] - click(findTestObject("Object Repository/JM_8918/Page_JClient/input_Accreditation Body_gwt-u")): Object: 'Object Repository/JM_8918/Page_JClient/input_Accreditation Body_gwt-u' is clicked on

2019-01-25 10:07:56 - [MESSAGE][PASSED] - Object: 'Object Repository/JM_8918/Page_JClient/input_Accreditation Body_gwt-u' is clicked on

2019-01-25 10:07:56 - [TEST_STEP][PASSED] - setText(findTestObject("Object Repository/JM_8918/Page_JClient/input_Packer Throughput_gwt-Do"), "100"): Text '100' is set on object 'Object Repository/JM_8918/Page_JClient/input_Packer Throughput_gwt-Do'

2019-01-25 10:07:56 - [MESSAGE][PASSED] - Text '100' is set on object 'Object Repository/JM_8918/Page_JClient/input_Packer Throughput_gwt-Do'

2019-01-25 10:07:56 - [TEST_STEP][PASSED] - setText(findTestObject("Object Repository/JM_8918/Page_JClient/input_Wholesaler Throughput_gw"), "150"): Text '150' is set on object 'Object Repository/JM_8918/Page_JClient/input_Wholesaler Throughput_gw'

2019-01-25 10:07:56 - [MESSAGE][PASSED] - Text '150' is set on object 'Object Repository/JM_8918/Page_JClient/input_Wholesaler Throughput_gw'

2019-01-25 10:07:56 - [TEST_STEP][PASSED] - setText(findTestObject("Object Repository/JM_8918/Page_JClient/input_Importer Throughput_gwt-"), "200"): Text '200' is set on object 'Object Repository/JM_8918/Page_JClient/input_Importer Throughput_gwt-'

2019-01-25 10:07:56 - [MESSAGE][PASSED] - Text '200' is set on object 'Object Repository/JM_8918/Page_JClient/input_Importer Throughput_gwt-'

2019-01-25 10:07:56 - [TEST_STEP][PASSED] - click(findTestObject("Object Repository/JM_8918/Page_JClient/div_Signatures  Remarks")): Object: 'Object Repository/JM_8918/Page_JClient/div_Signatures  Remarks' is clicked on

2019-01-25 10:07:57 - [MESSAGE][PASSED] - Object: 'Object Repository/JM_8918/Page_JClient/div_Signatures  Remarks' is clicked on

2019-01-25 10:07:57 - [TEST_STEP][PASSED] - delay(2): Delayed 2 second(s)

2019-01-25 10:07:59 - [MESSAGE][PASSED] - Delayed 2 second(s)

2019-01-25 10:07:59 - [TEST_STEP][PASSED] - click(findTestObject("Object Repository/JM_8918/Page_JClient/img_Inspector Signature_gwt-Im")): Object: 'Object Repository/JM_8918/Page_JClient/img_Inspector Signature_gwt-Im' is clicked on

2019-01-25 10:07:59 - [MESSAGE][PASSED] - Object: 'Object Repository/JM_8918/Page_JClient/img_Inspector Signature_gwt-Im' is clicked on

2019-01-25 10:07:59 - [TEST_STEP][PASSED] - delay(2): Delayed 2 second(s)

2019-01-25 10:08:01 - [MESSAGE][PASSED] - Delayed 2 second(s)

2019-01-25 10:08:01 - [TEST_STEP][PASSED] - click(findTestObject("JM_8918/EMI/Packer Edit Attributes/Page_JClient/Page_JClient/div_Unable To Sign_Inspector")): Object: 'Object Repository/JM_8918/EMI/Packer Edit Attributes/Page_JClient/Page_JClient/div_Unable To Sign_Inspector' is clicked on

2019-01-25 10:08:01 - [MESSAGE][PASSED] - Object: 'Object Repository/JM_8918/EMI/Packer Edit Attributes/Page_JClient/Page_JClient/div_Unable To Sign_Inspector' is clicked on

2019-01-25 10:08:01 - [TEST_STEP][PASSED] - delay(2): Delayed 2 second(s)

2019-01-25 10:08:03 - [MESSAGE][PASSED] - Delayed 2 second(s)

2019-01-25 10:08:03 - [TEST_STEP][PASSED] - click(findTestObject("Object Repository/JM_8918/Page_JClient/img_Recipient Signature_gwt-Im")): Object: 'Object Repository/JM_8918/Page_JClient/img_Recipient Signature_gwt-Im' is clicked on

2019-01-25 10:08:03 - [MESSAGE][PASSED] - Object: 'Object Repository/JM_8918/Page_JClient/img_Recipient Signature_gwt-Im' is clicked on

2019-01-25 10:08:03 - [TEST_STEP][PASSED] - delay(2): Delayed 2 second(s)

2019-01-25 10:08:05 - [MESSAGE][PASSED] - Delayed 2 second(s)

2019-01-25 10:08:05 - [TEST_STEP][PASSED] - click(findTestObject("JM_8918/EMI/Packer Edit Attributes/Page_JClient/Page_JClient/div_Unable To Sign_Recipient")): Object: 'Object Repository/JM_8918/EMI/Packer Edit Attributes/Page_JClient/Page_JClient/div_Unable To Sign_Recipient' is clicked on

2019-01-25 10:08:05 - [MESSAGE][PASSED] - Object: 'Object Repository/JM_8918/EMI/Packer Edit Attributes/Page_JClient/Page_JClient/div_Unable To Sign_Recipient' is clicked on

2019-01-25 10:08:05 - [TEST_STEP][PASSED] - setText(findTestObject("Object Repository/JM_8918/Page_JClient/input_Recipient Name_gwt-TextB"), "Test automation"): Text 'Test automation' is set on object 'Object Repository/JM_8918/Page_JClient/input_Recipient Name_gwt-TextB'

2019-01-25 10:08:05 - [MESSAGE][PASSED] - Text 'Test automation' is set on object 'Object Repository/JM_8918/Page_JClient/input_Recipient Name_gwt-TextB'

2019-01-25 10:08:05 - [TEST_STEP][PASSED] - click(findTestObject("Object Repository/JM_8918/Page_JClient/input_Recipient Position_radio")): Object: 'Object Repository/JM_8918/Page_JClient/input_Recipient Position_radio' is clicked on

2019-01-25 10:08:05 - [MESSAGE][PASSED] - Object: 'Object Repository/JM_8918/Page_JClient/input_Recipient Position_radio' is clicked on

2019-01-25 10:08:05 - [TEST_STEP][PASSED] - click(findTestObject("Object Repository/JM_8918/Page_JClient/div_Save")): Object: 'Object Repository/JM_8918/Page_JClient/div_Save' is clicked on

2019-01-25 10:08:06 - [MESSAGE][PASSED] - Object: 'Object Repository/JM_8918/Page_JClient/div_Save' is clicked on

2019-01-25 10:08:06 - [TEST_STEP][PASSED] - delay(2): Delayed 2 second(s)

2019-01-25 10:08:08 - [MESSAGE][PASSED] - Delayed 2 second(s)

2019-01-25 10:08:08 - [TEST_STEP][PASSED] - click(findTestObject("JM_8918/EMI/Packer Edit Attributes/Page_JClient/div_Save - Job Details")): Object: 'Object Repository/JM_8918/EMI/Packer Edit Attributes/Page_JClient/div_Save - Job Details' is clicked on

2019-01-25 10:08:08 - [MESSAGE][PASSED] - Object: 'Object Repository/JM_8918/EMI/Packer Edit Attributes/Page_JClient/div_Save - Job Details' is clicked on]]></system-out>
         <system-err><![CDATA[]]></system-err>
      </testcase>
      <testcase name="Test Cases/EMI/Complete EMI Inspection - Data Capture - Packer" classname="Test Cases/EMI/Complete EMI Inspection - Data Capture - Packer" status="PASSED">
         <system-out><![CDATA[2019-01-25 10:08:08 - [TEST_CASE][PASSED] - Test Cases/EMI/Complete EMI Inspection - Data Capture - Packer: Test Cases/EMI/Complete EMI Inspection - Data Capture - Packer

2019-01-25 10:08:08 - [TEST_STEP][PASSED] - click(findTestObject("Object Repository/JM_8918/EMI/Packer/Page_JClient/div_Data Capture")): Object: 'Object Repository/JM_8918/EMI/Packer/Page_JClient/div_Data Capture' is clicked on

2019-01-25 10:08:08 - [MESSAGE][PASSED] - Object: 'Object Repository/JM_8918/EMI/Packer/Page_JClient/div_Data Capture' is clicked on

2019-01-25 10:08:08 - [TEST_STEP][PASSED] - delay(2): Delayed 2 second(s)

2019-01-25 10:08:10 - [MESSAGE][PASSED] - Delayed 2 second(s)

2019-01-25 10:08:10 - [TEST_STEP][PASSED] - click(findTestObject("Object Repository/JM_8918/EMI/Packer/Page_JClient/div_Packer")): Object: 'Object Repository/JM_8918/EMI/Packer/Page_JClient/div_Packer' is clicked on

2019-01-25 10:08:10 - [MESSAGE][PASSED] - Object: 'Object Repository/JM_8918/EMI/Packer/Page_JClient/div_Packer' is clicked on

2019-01-25 10:08:10 - [TEST_STEP][PASSED] - delay(2): Delayed 2 second(s)

2019-01-25 10:08:12 - [MESSAGE][PASSED] - Delayed 2 second(s)

2019-01-25 10:08:12 - [TEST_STEP][PASSED] - click(findTestObject("FSM1/PreProd/Page_JClient/CreateButton")): Object: 'Object Repository/FSM1/PreProd/Page_JClient/CreateButton' is clicked on

2019-01-25 10:08:13 - [MESSAGE][PASSED] - Object: 'Object Repository/FSM1/PreProd/Page_JClient/CreateButton' is clicked on

2019-01-25 10:08:13 - [TEST_STEP][PASSED] - delay(2): Delayed 2 second(s)

2019-01-25 10:08:15 - [MESSAGE][PASSED] - Delayed 2 second(s)

2019-01-25 10:08:15 - [TEST_STEP][PASSED] - selectOptionByValue(findTestObject("Object Repository/JM_8918/EMI/Packer/Page_JClient/select_ADLAORAPLAQYASDCATCCICS"), "ADL", true): All options with value 'ADL' are selected in object 'Object Repository/JM_8918/EMI/Packer/Page_JClient/select_ADLAORAPLAQYASDCATCCICS'  using regular expression

2019-01-25 10:08:15 - [MESSAGE][PASSED] - All options with value 'ADL' are selected in object 'Object Repository/JM_8918/EMI/Packer/Page_JClient/select_ADLAORAPLAQYASDCATCCICS'  using regular expression

2019-01-25 10:08:15 - [TEST_STEP][PASSED] - setText(findTestObject("Object Repository/JM_8918/EMI/Packer/Page_JClient/input_Inspection Duration 1 (m"), "10"): Text '10' is set on object 'Object Repository/JM_8918/EMI/Packer/Page_JClient/input_Inspection Duration 1 (m'

2019-01-25 10:08:16 - [MESSAGE][PASSED] - Text '10' is set on object 'Object Repository/JM_8918/EMI/Packer/Page_JClient/input_Inspection Duration 1 (m'

2019-01-25 10:08:16 - [TEST_STEP][PASSED] - delay(3): Delayed 3 second(s)

2019-01-25 10:08:19 - [MESSAGE][PASSED] - Delayed 3 second(s)

2019-01-25 10:08:19 - [TEST_STEP][NOT_RUN] - click(findTestObject("Object Repository/JM_8918/EMI/Packer/Page_JClient/Page_JClient/input_Premises_radio_group_1")): NOT_RUN: click(findTestObject("Object Repository/JM_8918/EMI/Packer/Page_JClient/Page_JClient/input_Premises_radio_group_1"))

2019-01-25 10:08:19 - [MESSAGE][NOT_RUN] - NOT_RUN: click(findTestObject("Object Repository/JM_8918/EMI/Packer/Page_JClient/Page_JClient/input_Premises_radio_group_1"))

2019-01-25 10:08:19 - [TEST_STEP][PASSED] - click(findTestObject("Object Repository/JM_8918/EMI/Page_JClient/input_Yes_radio_group_1")): Object: 'Object Repository/JM_8918/EMI/Page_JClient/input_Yes_radio_group_1' is clicked on

2019-01-25 10:08:19 - [MESSAGE][PASSED] - Object: 'Object Repository/JM_8918/EMI/Page_JClient/input_Yes_radio_group_1' is clicked on

2019-01-25 10:08:19 - [TEST_STEP][PASSED] - delay(2): Delayed 2 second(s)

2019-01-25 10:08:21 - [MESSAGE][PASSED] - Delayed 2 second(s)

2019-01-25 10:08:21 - [TEST_STEP][PASSED] - click(findTestObject("JM_8918/New/Page_JClient/label_Yes_Premises")): Object: 'Object Repository/JM_8918/New/Page_JClient/label_Yes_Premises' is clicked on

2019-01-25 10:08:21 - [MESSAGE][PASSED] - Object: 'Object Repository/JM_8918/New/Page_JClient/label_Yes_Premises' is clicked on

2019-01-25 10:08:21 - [TEST_STEP][PASSED] - click(findTestObject("JM_8918/New/Page_JClient/input_Premises_radio_group_1_NEW")): Object: 'Object Repository/JM_8918/New/Page_JClient/input_Premises_radio_group_1_NEW' is clicked on

2019-01-25 10:08:21 - [MESSAGE][PASSED] - Object: 'Object Repository/JM_8918/New/Page_JClient/input_Premises_radio_group_1_NEW' is clicked on

2019-01-25 10:08:21 - [TEST_STEP][PASSED] - click(findTestObject("Object Repository/JM_8918/EMI/Packer/Page_JClient/input_Equipment_radio_group_2")): Object: 'Object Repository/JM_8918/EMI/Packer/Page_JClient/input_Equipment_radio_group_2' is clicked on

2019-01-25 10:08:21 - [MESSAGE][PASSED] - Object: 'Object Repository/JM_8918/EMI/Packer/Page_JClient/input_Equipment_radio_group_2' is clicked on

2019-01-25 10:08:21 - [TEST_STEP][PASSED] - click(findTestObject("Object Repository/JM_8918/EMI/Packer/Page_JClient/input_Quality_radio_group_3")): Object: 'Object Repository/JM_8918/EMI/Packer/Page_JClient/input_Quality_radio_group_3' is clicked on

2019-01-25 10:08:21 - [MESSAGE][PASSED] - Object: 'Object Repository/JM_8918/EMI/Packer/Page_JClient/input_Quality_radio_group_3' is clicked on

2019-01-25 10:08:21 - [TEST_STEP][PASSED] - click(findTestObject("Object Repository/JM_8918/EMI/Packer/Page_JClient/input_Weight_radio_group_4")): Object: 'Object Repository/JM_8918/EMI/Packer/Page_JClient/input_Weight_radio_group_4' is clicked on

2019-01-25 10:08:21 - [MESSAGE][PASSED] - Object: 'Object Repository/JM_8918/EMI/Packer/Page_JClient/input_Weight_radio_group_4' is clicked on

2019-01-25 10:08:21 - [TEST_STEP][PASSED] - click(findTestObject("Object Repository/JM_8918/EMI/Packer/Page_JClient/input_Marking (Eggs)_radio_gro")): Object: 'Object Repository/JM_8918/EMI/Packer/Page_JClient/input_Marking (Eggs)_radio_gro' is clicked on

2019-01-25 10:08:21 - [MESSAGE][PASSED] - Object: 'Object Repository/JM_8918/EMI/Packer/Page_JClient/input_Marking (Eggs)_radio_gro' is clicked on

2019-01-25 10:08:21 - [TEST_STEP][PASSED] - click(findTestObject("Object Repository/JM_8918/EMI/Packer/Page_JClient/input_Grading (Time  Movement)")): Object: 'Object Repository/JM_8918/EMI/Packer/Page_JClient/input_Grading (Time  Movement)' is clicked on

2019-01-25 10:08:22 - [MESSAGE][PASSED] - Object: 'Object Repository/JM_8918/EMI/Packer/Page_JClient/input_Grading (Time  Movement)' is clicked on

2019-01-25 10:08:22 - [TEST_STEP][PASSED] - click(findTestObject("Object Repository/JM_8918/EMI/Packer/Page_JClient/input_Packaging_radio_group_7")): Object: 'Object Repository/JM_8918/EMI/Packer/Page_JClient/input_Packaging_radio_group_7' is clicked on

2019-01-25 10:08:22 - [MESSAGE][PASSED] - Object: 'Object Repository/JM_8918/EMI/Packer/Page_JClient/input_Packaging_radio_group_7' is clicked on

2019-01-25 10:08:22 - [TEST_STEP][PASSED] - click(findTestObject("Object Repository/JM_8918/EMI/Packer/Page_JClient/input_Labelling  Id_radio_grou")): Object: 'Object Repository/JM_8918/EMI/Packer/Page_JClient/input_Labelling  Id_radio_grou' is clicked on

2019-01-25 10:08:22 - [MESSAGE][PASSED] - Object: 'Object Repository/JM_8918/EMI/Packer/Page_JClient/input_Labelling  Id_radio_grou' is clicked on

2019-01-25 10:08:22 - [TEST_STEP][PASSED] - click(findTestObject("Object Repository/JM_8918/EMI/Packer/Page_JClient/input_Records (EggsHens)_radio")): Object: 'Object Repository/JM_8918/EMI/Packer/Page_JClient/input_Records (EggsHens)_radio' is clicked on

2019-01-25 10:08:22 - [MESSAGE][PASSED] - Object: 'Object Repository/JM_8918/EMI/Packer/Page_JClient/input_Records (EggsHens)_radio' is clicked on

2019-01-25 10:08:22 - [TEST_STEP][PASSED] - click(findTestObject("Object Repository/JM_8918/EMI/Packer/Page_JClient/input_Yes_radio_group_10")): Object: 'Object Repository/JM_8918/EMI/Packer/Page_JClient/input_Yes_radio_group_10' is clicked on

2019-01-25 10:08:22 - [MESSAGE][PASSED] - Object: 'Object Repository/JM_8918/EMI/Packer/Page_JClient/input_Yes_radio_group_10' is clicked on

2019-01-25 10:08:22 - [TEST_STEP][PASSED] - click(findTestObject("Object Repository/JM_8918/EMI/Packer/Page_JClient/div_Save")): Object: 'Object Repository/JM_8918/EMI/Packer/Page_JClient/div_Save' is clicked on

2019-01-25 10:08:22 - [MESSAGE][PASSED] - Object: 'Object Repository/JM_8918/EMI/Packer/Page_JClient/div_Save' is clicked on

2019-01-25 10:08:22 - [TEST_STEP][PASSED] - delay(2): Delayed 2 second(s)

2019-01-25 10:08:24 - [MESSAGE][PASSED] - Delayed 2 second(s)]]></system-out>
         <system-err><![CDATA[]]></system-err>
      </testcase>
      <testcase name="Test Cases/EMI/Complete EMI Inspection - Completion Attributes" classname="Test Cases/EMI/Complete EMI Inspection - Completion Attributes" status="PASSED">
         <system-out><![CDATA[2019-01-25 10:08:24 - [TEST_CASE][PASSED] - Test Cases/EMI/Complete EMI Inspection - Completion Attributes: Test Cases/EMI/Complete EMI Inspection - Completion Attributes

2019-01-25 10:08:24 - [TEST_STEP][PASSED] - click(findTestObject("FSM1/Complete Egg Inspection/CompletionAttributes/Page_JClient/div_STARTED (locked)")): Object: 'Object Repository/FSM1/Complete Egg Inspection/CompletionAttributes/Page_JClient/div_STARTED (locked)' is clicked on

2019-01-25 10:08:25 - [MESSAGE][PASSED] - Object: 'Object Repository/FSM1/Complete Egg Inspection/CompletionAttributes/Page_JClient/div_STARTED (locked)' is clicked on

2019-01-25 10:08:25 - [TEST_STEP][PASSED] - delay(2): Delayed 2 second(s)

2019-01-25 10:08:27 - [MESSAGE][PASSED] - Delayed 2 second(s)

2019-01-25 10:08:27 - [TEST_STEP][PASSED] - click(findTestObject("FSM1/Complete Egg Inspection/CompletionAttributes/Page_JClient/div_COMPLETED")): Object: 'Object Repository/FSM1/Complete Egg Inspection/CompletionAttributes/Page_JClient/div_COMPLETED' is clicked on

2019-01-25 10:08:27 - [MESSAGE][PASSED] - Object: 'Object Repository/FSM1/Complete Egg Inspection/CompletionAttributes/Page_JClient/div_COMPLETED' is clicked on

2019-01-25 10:08:27 - [TEST_STEP][PASSED] - delay(2): Delayed 2 second(s)

2019-01-25 10:08:29 - [MESSAGE][PASSED] - Delayed 2 second(s)

2019-01-25 10:08:29 - [TEST_STEP][PASSED] - setText(findTestObject("FSM1/Complete Egg Inspection/CompletionAttributes/Page_JClient/OrganicNumber"), "1"): Text '1' is set on object 'Object Repository/FSM1/Complete Egg Inspection/CompletionAttributes/Page_JClient/OrganicNumber'

2019-01-25 10:08:29 - [MESSAGE][PASSED] - Text '1' is set on object 'Object Repository/FSM1/Complete Egg Inspection/CompletionAttributes/Page_JClient/OrganicNumber'

2019-01-25 10:08:29 - [TEST_STEP][PASSED] - click(findTestObject("FSM1/Complete Egg Inspection/CompletionAttributes/Page_JClient/FreeRangeNumber")): Object: 'Object Repository/FSM1/Complete Egg Inspection/CompletionAttributes/Page_JClient/FreeRangeNumber' is clicked on

2019-01-25 10:08:29 - [MESSAGE][PASSED] - Object: 'Object Repository/FSM1/Complete Egg Inspection/CompletionAttributes/Page_JClient/FreeRangeNumber' is clicked on

2019-01-25 10:08:29 - [TEST_STEP][PASSED] - click(findTestObject("FSM1/Complete Egg Inspection/CompletionAttributes/Page_JClient/OrganicCompliant")): Object: 'Object Repository/FSM1/Complete Egg Inspection/CompletionAttributes/Page_JClient/OrganicCompliant' is clicked on

2019-01-25 10:08:29 - [MESSAGE][PASSED] - Object: 'Object Repository/FSM1/Complete Egg Inspection/CompletionAttributes/Page_JClient/OrganicCompliant' is clicked on

2019-01-25 10:08:29 - [TEST_STEP][PASSED] - setText(findTestObject("FSM1/Complete Egg Inspection/CompletionAttributes/Page_JClient/FreeRangeNumber1"), "1"): Text '1' is set on object 'Object Repository/FSM1/Complete Egg Inspection/CompletionAttributes/Page_JClient/FreeRangeNumber1'

2019-01-25 10:08:29 - [MESSAGE][PASSED] - Text '1' is set on object 'Object Repository/FSM1/Complete Egg Inspection/CompletionAttributes/Page_JClient/FreeRangeNumber1'

2019-01-25 10:08:29 - [TEST_STEP][PASSED] - click(findTestObject("FSM1/Complete Egg Inspection/CompletionAttributes/Page_JClient/BarnNumber")): Object: 'Object Repository/FSM1/Complete Egg Inspection/CompletionAttributes/Page_JClient/BarnNumber' is clicked on

2019-01-25 10:08:29 - [MESSAGE][PASSED] - Object: 'Object Repository/FSM1/Complete Egg Inspection/CompletionAttributes/Page_JClient/BarnNumber' is clicked on

2019-01-25 10:08:29 - [TEST_STEP][PASSED] - click(findTestObject("FSM1/Complete Egg Inspection/CompletionAttributes/Page_JClient/FreeRangeCompliant")): Object: 'Object Repository/FSM1/Complete Egg Inspection/CompletionAttributes/Page_JClient/FreeRangeCompliant' is clicked on

2019-01-25 10:08:29 - [MESSAGE][PASSED] - Object: 'Object Repository/FSM1/Complete Egg Inspection/CompletionAttributes/Page_JClient/FreeRangeCompliant' is clicked on

2019-01-25 10:08:29 - [TEST_STEP][PASSED] - setText(findTestObject("FSM1/Complete Egg Inspection/CompletionAttributes/Page_JClient/BarnNumber1"), "1"): Text '1' is set on object 'Object Repository/FSM1/Complete Egg Inspection/CompletionAttributes/Page_JClient/BarnNumber1'

2019-01-25 10:08:30 - [MESSAGE][PASSED] - Text '1' is set on object 'Object Repository/FSM1/Complete Egg Inspection/CompletionAttributes/Page_JClient/BarnNumber1'

2019-01-25 10:08:30 - [TEST_STEP][PASSED] - click(findTestObject("FSM1/Complete Egg Inspection/CompletionAttributes/Page_JClient/CageEnriched")): Object: 'Object Repository/FSM1/Complete Egg Inspection/CompletionAttributes/Page_JClient/CageEnriched' is clicked on

2019-01-25 10:08:30 - [MESSAGE][PASSED] - Object: 'Object Repository/FSM1/Complete Egg Inspection/CompletionAttributes/Page_JClient/CageEnriched' is clicked on

2019-01-25 10:08:30 - [TEST_STEP][PASSED] - click(findTestObject("FSM1/Complete Egg Inspection/CompletionAttributes/Page_JClient/BarnNumberCompliant")): Object: 'Object Repository/FSM1/Complete Egg Inspection/CompletionAttributes/Page_JClient/BarnNumberCompliant' is clicked on

2019-01-25 10:08:30 - [MESSAGE][PASSED] - Object: 'Object Repository/FSM1/Complete Egg Inspection/CompletionAttributes/Page_JClient/BarnNumberCompliant' is clicked on

2019-01-25 10:08:30 - [TEST_STEP][PASSED] - setText(findTestObject("FSM1/Complete Egg Inspection/CompletionAttributes/Page_JClient/CageEnriched1"), "1"): Text '1' is set on object 'Object Repository/FSM1/Complete Egg Inspection/CompletionAttributes/Page_JClient/CageEnriched1'

2019-01-25 10:08:30 - [MESSAGE][PASSED] - Text '1' is set on object 'Object Repository/FSM1/Complete Egg Inspection/CompletionAttributes/Page_JClient/CageEnriched1'

2019-01-25 10:08:30 - [TEST_STEP][PASSED] - click(findTestObject("FSM1/Complete Egg Inspection/CompletionAttributes/Page_JClient/VeterinaryRecords")): Object: 'Object Repository/FSM1/Complete Egg Inspection/CompletionAttributes/Page_JClient/VeterinaryRecords' is clicked on

2019-01-25 10:08:30 - [MESSAGE][PASSED] - Object: 'Object Repository/FSM1/Complete Egg Inspection/CompletionAttributes/Page_JClient/VeterinaryRecords' is clicked on

2019-01-25 10:08:30 - [TEST_STEP][PASSED] - click(findTestObject("FSM1/Complete Egg Inspection/CompletionAttributes/Page_JClient/CageEnrichedCompliant")): Object: 'Object Repository/FSM1/Complete Egg Inspection/CompletionAttributes/Page_JClient/CageEnrichedCompliant' is clicked on

2019-01-25 10:08:30 - [MESSAGE][PASSED] - Object: 'Object Repository/FSM1/Complete Egg Inspection/CompletionAttributes/Page_JClient/CageEnrichedCompliant' is clicked on

2019-01-25 10:08:30 - [TEST_STEP][PASSED] - click(findTestObject("FSM1/Complete Egg Inspection/CompletionAttributes/Page_JClient/VeterinaryMedical")): Object: 'Object Repository/FSM1/Complete Egg Inspection/CompletionAttributes/Page_JClient/VeterinaryMedical' is clicked on

2019-01-25 10:08:30 - [MESSAGE][PASSED] - Object: 'Object Repository/FSM1/Complete Egg Inspection/CompletionAttributes/Page_JClient/VeterinaryMedical' is clicked on

2019-01-25 10:08:30 - [TEST_STEP][PASSED] - click(findTestObject("FSM1/Complete Egg Inspection/CompletionAttributes/Page_JClient/HygieneCompliant")): Object: 'Object Repository/FSM1/Complete Egg Inspection/CompletionAttributes/Page_JClient/HygieneCompliant' is clicked on

2019-01-25 10:08:30 - [MESSAGE][PASSED] - Object: 'Object Repository/FSM1/Complete Egg Inspection/CompletionAttributes/Page_JClient/HygieneCompliant' is clicked on

2019-01-25 10:08:30 - [TEST_STEP][PASSED] - click(findTestObject("FSM1/Complete Egg Inspection/CompletionAttributes/Page_JClient/WelfareCompliant")): Object: 'Object Repository/FSM1/Complete Egg Inspection/CompletionAttributes/Page_JClient/WelfareCompliant' is clicked on

2019-01-25 10:08:30 - [MESSAGE][PASSED] - Object: 'Object Repository/FSM1/Complete Egg Inspection/CompletionAttributes/Page_JClient/WelfareCompliant' is clicked on

2019-01-25 10:08:30 - [TEST_STEP][PASSED] - click(findTestObject("FSM1/Complete Egg Inspection/CompletionAttributes/Page_JClient/SalmonellaCompliant")): Object: 'Object Repository/FSM1/Complete Egg Inspection/CompletionAttributes/Page_JClient/SalmonellaCompliant' is clicked on

2019-01-25 10:08:30 - [MESSAGE][PASSED] - Object: 'Object Repository/FSM1/Complete Egg Inspection/CompletionAttributes/Page_JClient/SalmonellaCompliant' is clicked on

2019-01-25 10:08:30 - [TEST_STEP][PASSED] - click(findTestObject("FSM1/Complete Egg Inspection/CompletionAttributes/Page_JClient/VMDCompliant")): Object: 'Object Repository/FSM1/Complete Egg Inspection/CompletionAttributes/Page_JClient/VMDCompliant' is clicked on

2019-01-25 10:08:31 - [MESSAGE][PASSED] - Object: 'Object Repository/FSM1/Complete Egg Inspection/CompletionAttributes/Page_JClient/VMDCompliant' is clicked on

2019-01-25 10:08:31 - [TEST_STEP][PASSED] - click(findTestObject("FSM1/Complete Egg Inspection/CompletionAttributes/Page_JClient/PremisesCompliant")): Object: 'Object Repository/FSM1/Complete Egg Inspection/CompletionAttributes/Page_JClient/PremisesCompliant' is clicked on

2019-01-25 10:08:31 - [MESSAGE][PASSED] - Object: 'Object Repository/FSM1/Complete Egg Inspection/CompletionAttributes/Page_JClient/PremisesCompliant' is clicked on

2019-01-25 10:08:31 - [TEST_STEP][PASSED] - click(findTestObject("FSM1/Complete Egg Inspection/CompletionAttributes/Page_JClient/PremisesTempCompliant")): Object: 'Object Repository/FSM1/Complete Egg Inspection/CompletionAttributes/Page_JClient/PremisesTempCompliant' is clicked on

2019-01-25 10:08:31 - [MESSAGE][PASSED] - Object: 'Object Repository/FSM1/Complete Egg Inspection/CompletionAttributes/Page_JClient/PremisesTempCompliant' is clicked on

2019-01-25 10:08:31 - [TEST_STEP][PASSED] - click(findTestObject("FSM1/Complete Egg Inspection/CompletionAttributes/Page_JClient/EquipmentCompliant")): Object: 'Object Repository/FSM1/Complete Egg Inspection/CompletionAttributes/Page_JClient/EquipmentCompliant' is clicked on

2019-01-25 10:08:31 - [MESSAGE][PASSED] - Object: 'Object Repository/FSM1/Complete Egg Inspection/CompletionAttributes/Page_JClient/EquipmentCompliant' is clicked on

2019-01-25 10:08:31 - [TEST_STEP][PASSED] - click(findTestObject("FSM1/Complete Egg Inspection/CompletionAttributes/Page_JClient/QualityCompliant")): Object: 'Object Repository/FSM1/Complete Egg Inspection/CompletionAttributes/Page_JClient/QualityCompliant' is clicked on

2019-01-25 10:08:31 - [MESSAGE][PASSED] - Object: 'Object Repository/FSM1/Complete Egg Inspection/CompletionAttributes/Page_JClient/QualityCompliant' is clicked on

2019-01-25 10:08:31 - [TEST_STEP][PASSED] - click(findTestObject("FSM1/Complete Egg Inspection/CompletionAttributes/Page_JClient/WeightGradingCompliant")): Object: 'Object Repository/FSM1/Complete Egg Inspection/CompletionAttributes/Page_JClient/WeightGradingCompliant' is clicked on

2019-01-25 10:08:31 - [MESSAGE][PASSED] - Object: 'Object Repository/FSM1/Complete Egg Inspection/CompletionAttributes/Page_JClient/WeightGradingCompliant' is clicked on

2019-01-25 10:08:31 - [TEST_STEP][PASSED] - click(findTestObject("FSM1/Complete Egg Inspection/CompletionAttributes/Page_JClient/ProductionCompliant")): Object: 'Object Repository/FSM1/Complete Egg Inspection/CompletionAttributes/Page_JClient/ProductionCompliant' is clicked on

2019-01-25 10:08:31 - [MESSAGE][PASSED] - Object: 'Object Repository/FSM1/Complete Egg Inspection/CompletionAttributes/Page_JClient/ProductionCompliant' is clicked on

2019-01-25 10:08:31 - [TEST_STEP][PASSED] - click(findTestObject("FSM1/Complete Egg Inspection/CompletionAttributes/Page_JClient/MarkingEggsCompliant")): Object: 'Object Repository/FSM1/Complete Egg Inspection/CompletionAttributes/Page_JClient/MarkingEggsCompliant' is clicked on

2019-01-25 10:08:31 - [MESSAGE][PASSED] - Object: 'Object Repository/FSM1/Complete Egg Inspection/CompletionAttributes/Page_JClient/MarkingEggsCompliant' is clicked on

2019-01-25 10:08:31 - [TEST_STEP][PASSED] - delay(2): Delayed 2 second(s)

2019-01-25 10:08:33 - [MESSAGE][PASSED] - Delayed 2 second(s)

2019-01-25 10:08:33 - [TEST_STEP][PASSED] - click(findTestObject("FSM1/Complete Egg Inspection/CompletionAttributes/Page_JClient/LabellingCompliant1")): Object: 'Object Repository/FSM1/Complete Egg Inspection/CompletionAttributes/Page_JClient/LabellingCompliant1' is clicked on

2019-01-25 10:08:33 - [MESSAGE][PASSED] - Object: 'Object Repository/FSM1/Complete Egg Inspection/CompletionAttributes/Page_JClient/LabellingCompliant1' is clicked on

2019-01-25 10:08:33 - [TEST_STEP][PASSED] - selectOptionByValue(findTestObject("Object Repository/FSM1/Complete Egg Inspection/CompletionAttributes/Page_JClient/Page_JClient/Page_JClient/select_Yes"), "COMPLETED", true): All options with value 'COMPLETED' are selected in object 'Object Repository/FSM1/Complete Egg Inspection/CompletionAttributes/Page_JClient/Page_JClient/Page_JClient/select_Yes'  using regular expression

2019-01-25 10:08:34 - [MESSAGE][PASSED] - All options with value 'COMPLETED' are selected in object 'Object Repository/FSM1/Complete Egg Inspection/CompletionAttributes/Page_JClient/Page_JClient/Page_JClient/select_Yes'  using regular expression

2019-01-25 10:08:34 - [TEST_STEP][PASSED] - delay(2): Delayed 2 second(s)

2019-01-25 10:08:36 - [MESSAGE][PASSED] - Delayed 2 second(s)

2019-01-25 10:08:36 - [TEST_STEP][PASSED] - click(findTestObject("FSM1/Complete Egg Inspection/CompletionAttributes/Page_JClient/Page_JClient/div_Save")): Object: 'Object Repository/FSM1/Complete Egg Inspection/CompletionAttributes/Page_JClient/Page_JClient/div_Save' is clicked on

2019-01-25 10:08:36 - [MESSAGE][PASSED] - Object: 'Object Repository/FSM1/Complete Egg Inspection/CompletionAttributes/Page_JClient/Page_JClient/div_Save' is clicked on

2019-01-25 10:08:36 - [TEST_STEP][PASSED] - delay(10): Delayed 10 second(s)

2019-01-25 10:08:46 - [MESSAGE][PASSED] - Delayed 10 second(s)

2019-01-25 10:08:46 - [TEST_STEP][PASSED] - click(findTestObject("FSM1/Complete Egg Inspection/CompletionAttributes/Page_JClient/CompletedOK")): Object: 'Object Repository/FSM1/Complete Egg Inspection/CompletionAttributes/Page_JClient/CompletedOK' is clicked on

2019-01-25 10:08:46 - [MESSAGE][PASSED] - Object: 'Object Repository/FSM1/Complete Egg Inspection/CompletionAttributes/Page_JClient/CompletedOK' is clicked on

2019-01-25 10:08:46 - [TEST_STEP][PASSED] - delay(30): Delayed 30 second(s)

2019-01-25 10:09:16 - [MESSAGE][PASSED] - Delayed 30 second(s)]]></system-out>
         <system-err><![CDATA[]]></system-err>
      </testcase>
      <testcase name="Test Cases/Generic/Launch Job Manager Control Centre - Check Result" classname="Test Cases/Generic/Launch Job Manager Control Centre - Check Result" status="PASSED">
         <system-out><![CDATA[2019-01-25 10:09:16 - [TEST_CASE][PASSED] - Test Cases/Generic/Launch Job Manager Control Centre - Check Result: Test Cases/Generic/Launch Job Manager Control Centre - Check Result

2019-01-25 10:09:16 - [TEST_STEP][PASSED] - openBrowser(""): Browser is opened with url: ''

2019-01-25 10:09:16 - [MESSAGE][WARNING] - A browser is already opened. Closing browser and opening a new one

2019-01-25 10:09:17 - [MESSAGE][INFO] - Starting 'Chrome' driver

2019-01-25 10:09:19 - [MESSAGE][PASSED] - Browser is opened with url: ''

2019-01-25 10:09:20 - [TEST_STEP][PASSED] - navigateToUrl(CCURL): Navigate to 'https://kirona-def-6.kirona.com/jmprep/login#!loginView' successfully

2019-01-25 10:09:20 - [MESSAGE][PASSED] - Navigate to 'https://kirona-def-6.kirona.com/jmprep/login#!loginView' successfully

2019-01-25 10:09:20 - [TEST_STEP][PASSED] - setText(findTestObject("FSM1/Control Centre/Page_Job Manager Login/input_gwt-uid-3"), Username): Text 'jon.hatfield' is set on object 'Object Repository/FSM1/Control Centre/Page_Job Manager Login/input_gwt-uid-3'

2019-01-25 10:09:21 - [MESSAGE][PASSED] - Text 'jon.hatfield' is set on object 'Object Repository/FSM1/Control Centre/Page_Job Manager Login/input_gwt-uid-3'

2019-01-25 10:09:21 - [TEST_STEP][PASSED] - setText(findTestObject("FSM1/Control Centre/Page_Job Manager Login/input_gwt-uid-5"), Password): Text 'Fr@nc1sJ0n' is set on object 'Object Repository/FSM1/Control Centre/Page_Job Manager Login/input_gwt-uid-5'

2019-01-25 10:09:21 - [MESSAGE][PASSED] - Text 'Fr@nc1sJ0n' is set on object 'Object Repository/FSM1/Control Centre/Page_Job Manager Login/input_gwt-uid-5'

2019-01-25 10:09:21 - [TEST_STEP][PASSED] - delay(2): Delayed 2 second(s)

2019-01-25 10:09:23 - [MESSAGE][PASSED] - Delayed 2 second(s)

2019-01-25 10:09:23 - [TEST_STEP][PASSED] - click(findTestObject("FSM1/PreProd/Page_Job Manager Login/div_Login")): Object: 'Object Repository/FSM1/PreProd/Page_Job Manager Login/div_Login' is clicked on

2019-01-25 10:09:23 - [MESSAGE][PASSED] - Object: 'Object Repository/FSM1/PreProd/Page_Job Manager Login/div_Login' is clicked on

2019-01-25 10:09:23 - [TEST_STEP][PASSED] - delay(20): Delayed 20 second(s)

2019-01-25 10:09:43 - [MESSAGE][PASSED] - Delayed 20 second(s)]]></system-out>
         <system-err><![CDATA[]]></system-err>
      </testcase>
      <testcase name="Test Cases/EMI/Control Centre - Check Results - EMI" classname="Test Cases/EMI/Control Centre - Check Results - EMI" status="PASSED">
         <system-out><![CDATA[2019-01-25 10:09:43 - [TEST_CASE][PASSED] - Test Cases/EMI/Control Centre - Check Results - EMI: Test Cases/EMI/Control Centre - Check Results - EMI

2019-01-25 10:09:43 - [TEST_STEP][PASSED] - log = new com.kms.katalon.core.logging.KeywordLogger(): null

2019-01-25 10:09:43 - [TEST_STEP][PASSED] - setText(findTestObject("Object Repository/FSM1/EMI Check Results/Page_JM Control Centre/input_Recents_v-textfield v-wi"), temp): Text '101477' is set on object 'Object Repository/FSM1/EMI Check Results/Page_JM Control Centre/input_Recents_v-textfield v-wi'

2019-01-25 10:09:44 - [MESSAGE][PASSED] - Text '101477' is set on object 'Object Repository/FSM1/EMI Check Results/Page_JM Control Centre/input_Recents_v-textfield v-wi'

2019-01-25 10:09:44 - [TEST_STEP][PASSED] - click(findTestObject("Object Repository/FSM1/EMI Check Results/Page_JM Control Centre/span_")): Object: 'Object Repository/FSM1/EMI Check Results/Page_JM Control Centre/span_' is clicked on

2019-01-25 10:09:44 - [MESSAGE][PASSED] - Object: 'Object Repository/FSM1/EMI Check Results/Page_JM Control Centre/span_' is clicked on

2019-01-25 10:09:44 - [TEST_STEP][PASSED] - waitForElementPresent(findTestObject("Object Repository/FSM1/EMI Check Results/Page_JM Control Centre/div_CLOSED"), 60): Object 'Object Repository/FSM1/EMI Check Results/Page_JM Control Centre/div_CLOSED' is present

2019-01-25 10:09:46 - [MESSAGE][PASSED] - Object 'Object Repository/FSM1/EMI Check Results/Page_JM Control Centre/div_CLOSED' is present

2019-01-25 10:09:46 - [TEST_STEP][PASSED] - verifyElementPresent(findTestObject("FSM1/EMI Check Results/Page_JM Control Centre/Page_JM Control Centre/Page_JM Control Centre/Page_JM Control Centre/Page_JM Control Centre/div_Attachments_EMI Technical"), 5): Object 'Object Repository/FSM1/EMI Check Results/Page_JM Control Centre/Page_JM Control Centre/Page_JM Control Centre/Page_JM Control Centre/Page_JM Control Centre/div_Attachments_EMI Technical' is present

2019-01-25 10:09:46 - [MESSAGE][PASSED] - Object 'Object Repository/FSM1/EMI Check Results/Page_JM Control Centre/Page_JM Control Centre/Page_JM Control Centre/Page_JM Control Centre/Page_JM Control Centre/div_Attachments_EMI Technical' is present]]></system-out>
         <system-err><![CDATA[]]></system-err>
      </testcase>
      <testcase name="Test Cases/Generic/Check Subsequent Inspection Doesnt Exist" classname="Test Cases/Generic/Check Subsequent Inspection Doesnt Exist" status="PASSED">
         <system-out><![CDATA[2019-01-25 10:09:46 - [TEST_CASE][PASSED] - Test Cases/Generic/Check Subsequent Inspection Doesnt Exist: Test Cases/Generic/Check Subsequent Inspection Doesnt Exist

2019-01-25 10:09:47 - [TEST_STEP][PASSED] - delay(2): Delayed 2 second(s)

2019-01-25 10:09:49 - [MESSAGE][PASSED] - Delayed 2 second(s)

2019-01-25 10:09:49 - [TEST_STEP][PASSED] - click(findTestObject("Object Repository/FSM1/Complete ABP Inspection/Check Subsequent Inspections/New/Page_JM Control Centre/div_")): Object: 'Object Repository/FSM1/Complete ABP Inspection/Check Subsequent Inspections/New/Page_JM Control Centre/div_' is clicked on

2019-01-25 10:09:49 - [MESSAGE][PASSED] - Object: 'Object Repository/FSM1/Complete ABP Inspection/Check Subsequent Inspections/New/Page_JM Control Centre/div_' is clicked on

2019-01-25 10:09:49 - [TEST_STEP][PASSED] - click(findTestObject("Object Repository/FSM1/Complete ABP Inspection/Check Subsequent Inspections/New/Page_JM Control Centre/span_List All Subordinate Jobs")): Object: 'Object Repository/FSM1/Complete ABP Inspection/Check Subsequent Inspections/New/Page_JM Control Centre/span_List All Subordinate Jobs' is clicked on

2019-01-25 10:09:49 - [MESSAGE][PASSED] - Object: 'Object Repository/FSM1/Complete ABP Inspection/Check Subsequent Inspections/New/Page_JM Control Centre/span_List All Subordinate Jobs' is clicked on

2019-01-25 10:09:49 - [TEST_STEP][PASSED] - delay(5): Delayed 5 second(s)

2019-01-25 10:09:54 - [MESSAGE][PASSED] - Delayed 5 second(s)

2019-01-25 10:09:54 - [TEST_STEP][PASSED] - verifyElementVisible(findTestObject("FSM1/Complete ABP Inspection/Check Subsequent Inspections/New/Page_JM Control Centre/div_1 found"), STOP_ON_FAILURE): Object 'Object Repository/FSM1/Complete ABP Inspection/Check Subsequent Inspections/New/Page_JM Control Centre/div_1 found' is visible

2019-01-25 10:10:04 - [MESSAGE][PASSED] - Object 'Object Repository/FSM1/Complete ABP Inspection/Check Subsequent Inspections/New/Page_JM Control Centre/div_1 found' is visible

2019-01-25 10:10:04 - [TEST_STEP][PASSED] - closeBrowser(): Browser is closed

2019-01-25 10:10:05 - [MESSAGE][PASSED] - Browser is closed]]></system-out>
         <system-err><![CDATA[]]></system-err>
      </testcase>
      <system-out><![CDATA[2019-01-25 10:04:21 - [TEST_SUITE][PASSED] - EMI Regression - Packer: Test Cases/Generic/Check Subsequent Inspection Doesnt Exist]]></system-out>
      <system-err><![CDATA[]]></system-err>
   </testsuite>
</testsuites>
