<?xml version="1.0" encoding="UTF-8"?>
<testsuites name="PMM Regression - Registration" time="342" tests="9" failures="0" errors="0">
   <testsuite name="PMM Regression - Registration" tests="9" failures="0" errors="0" time="342" timestamp="2018-11-12 12:38:13" hostname="JHATFIELD - SNDFSMINFSRV001.defra.onmicrosoft.com" id="Test Suites/PMM/PMM Regression - Registration">
      <properties>
         <property name="deviceName" value=""/>
         <property name="devicePlatform" value=""/>
         <property name="logFolder" value="C:\\Users\\JHATFIELD\\git\\DEFRA-FSM_Automated_Regression_NEW\\Reports\\PMM\\PMM Regression - Registration\\20181112_122358"/>
         <property name="logFiles" value="C:\\Users\\JHATFIELD\\git\\DEFRA-FSM_Automated_Regression_NEW\\Reports\\PMM\\PMM Regression - Registration\\20181112_122358\\execution0.log"/>
         <property name="attachments" value=""/>
         <property name="hostName" value="JHATFIELD - SNDFSMINFSRV001.defra.onmicrosoft.com"/>
         <property name="os" value="Windows Server 2016 64bit"/>
         <property name="katalonVersion" value="5.8.4.14"/>
         <property name="browser" value="Chrome 70.0.3538.102"/>
         <property name="hostAddress" value="10.201.1.17"/>
         <property name="sessionId" value="355d8a7027039dcebb61e10fde4aa88e"/>
         <property name="seleniumVersion" value="3.7.1"/>
         <property name="proxyInformation" value="ProxyInformation{proxyOption=NO_PROXY, proxyServerType=HTTP, password=, proxyServerAddress=, proxyServerPort=0}"/>
         <property name="platform" value="Windows Server 2016"/>
      </properties>
      <testcase name="Test Cases/Generic/Launch Job Manager Control Centre" classname="Test Cases/Generic/Launch Job Manager Control Centre" status="PASSED">
         <system-out><![CDATA[2018-11-12 12:38:14 - [TEST_CASE][PASSED] - Test Cases/Generic/Launch Job Manager Control Centre: Test Cases/Generic/Launch Job Manager Control Centre

2018-11-12 12:38:15 - [TEST_STEP][PASSED] - openBrowser: Browser is opened with url: ''

2018-11-12 12:38:20 - [MESSAGE][PASSED] - Browser is opened with url: ''

2018-11-12 12:38:20 - [TEST_STEP][PASSED] - navigateToUrl: Navigate to 'https://kirona-def-6.kirona.com/jmprep/login#!loginView' successfully

2018-11-12 12:38:23 - [MESSAGE][PASSED] - Navigate to 'https://kirona-def-6.kirona.com/jmprep/login#!loginView' successfully

2018-11-12 12:38:23 - [TEST_STEP][PASSED] - setText: Text 'jon.hatfield' is set on object 'Object Repository/FSM1/Control Centre/Page_Job Manager Login/input_gwt-uid-3'

2018-11-12 12:38:24 - [MESSAGE][PASSED] - Text 'jon.hatfield' is set on object 'Object Repository/FSM1/Control Centre/Page_Job Manager Login/input_gwt-uid-3'

2018-11-12 12:38:24 - [TEST_STEP][PASSED] - setText: Text 'Fr@nc1sJ0n' is set on object 'Object Repository/FSM1/Control Centre/Page_Job Manager Login/input_gwt-uid-5'

2018-11-12 12:38:24 - [MESSAGE][PASSED] - Text 'Fr@nc1sJ0n' is set on object 'Object Repository/FSM1/Control Centre/Page_Job Manager Login/input_gwt-uid-5'

2018-11-12 12:38:24 - [TEST_STEP][PASSED] - click: Object: 'Object Repository/FSM1/PreProd/Page_Job Manager Login/div_Login' is clicked on

2018-11-12 12:38:24 - [MESSAGE][PASSED] - Object: 'Object Repository/FSM1/PreProd/Page_Job Manager Login/div_Login' is clicked on

2018-11-12 12:38:24 - [TEST_STEP][PASSED] - delay: Delayed 5 second(s)

2018-11-12 12:38:29 - [MESSAGE][PASSED] - Delayed 5 second(s)]]></system-out>
         <system-err><![CDATA[]]></system-err>
      </testcase>
      <testcase name="Test Cases/PMM/Registration/Create PMM Inspection - Registration" classname="Test Cases/PMM/Registration/Create PMM Inspection - Registration" status="PASSED">
         <system-out><![CDATA[2018-11-12 12:38:29 - [TEST_CASE][PASSED] - Test Cases/PMM/Registration/Create PMM Inspection - Registration: Test Cases/PMM/Registration/Create PMM Inspection - Registration

2018-11-12 12:38:30 - [TEST_STEP][PASSED] - Statement - log = new com.kms.katalon.core.logging.KeywordLogger(): null

2018-11-12 12:38:30 - [TEST_STEP][PASSED] - delay: Delayed 2 second(s)

2018-11-12 12:38:32 - [MESSAGE][PASSED] - Delayed 2 second(s)

2018-11-12 12:38:32 - [TEST_STEP][PASSED] - click: Object: 'Object Repository/FSM1/Complete ABP Inspection/Create PMM Registration/Page_JM Control Centre/div_Create' is clicked on

2018-11-12 12:38:32 - [MESSAGE][PASSED] - Object: 'Object Repository/FSM1/Complete ABP Inspection/Create PMM Registration/Page_JM Control Centre/div_Create' is clicked on

2018-11-12 12:38:32 - [TEST_STEP][PASSED] - delay: Delayed 2 second(s)

2018-11-12 12:38:34 - [MESSAGE][PASSED] - Delayed 2 second(s)

2018-11-12 12:38:34 - [TEST_STEP][PASSED] - setText: Text 'pmr03' is set on object 'Object Repository/FSM1/Create PMM Inspection/d/Page_JM Control Centre/input_Type_gwt-uid-8'

2018-11-12 12:38:35 - [MESSAGE][PASSED] - Text 'pmr03' is set on object 'Object Repository/FSM1/Create PMM Inspection/d/Page_JM Control Centre/input_Type_gwt-uid-8'

2018-11-12 12:38:35 - [TEST_STEP][PASSED] - click: Object: 'Object Repository/FSM1/Create PMM Inspection/a/Page_JM Control Centre/Page_JM Control Centre/span_PMR03 - Producer Registration' is clicked on

2018-11-12 12:38:36 - [MESSAGE][PASSED] - Object: 'Object Repository/FSM1/Create PMM Inspection/a/Page_JM Control Centre/Page_JM Control Centre/span_PMR03 - Producer Registration' is clicked on

2018-11-12 12:38:36 - [TEST_STEP][PASSED] - click: Object: 'Object Repository/FSM1/Create PMM Inspection/e/Page_JM Control Centre/div_SLA_v-filterselect-button' is clicked on

2018-11-12 12:38:38 - [MESSAGE][PASSED] - Object: 'Object Repository/FSM1/Create PMM Inspection/e/Page_JM Control Centre/div_SLA_v-filterselect-button' is clicked on

2018-11-12 12:38:38 - [TEST_STEP][PASSED] - click: Object: 'Object Repository/FSM1/Create PMM Inspection/e/Page_JM Control Centre/span_24 Hours' is clicked on

2018-11-12 12:38:38 - [MESSAGE][PASSED] - Object: 'Object Repository/FSM1/Create PMM Inspection/e/Page_JM Control Centre/span_24 Hours' is clicked on

2018-11-12 12:38:38 - [TEST_STEP][PASSED] - click: Object: 'Object Repository/FSM1/Create PMM Inspection/e/Page_JM Control Centre/div_Region_v-filterselect-butt' is clicked on

2018-11-12 12:38:38 - [MESSAGE][PASSED] - Object: 'Object Repository/FSM1/Create PMM Inspection/e/Page_JM Control Centre/div_Region_v-filterselect-butt' is clicked on

2018-11-12 12:38:38 - [TEST_STEP][PASSED] - click: Object: 'Object Repository/FSM1/Create PMM Inspection/e/Page_JM Control Centre/span_West' is clicked on

2018-11-12 12:38:39 - [MESSAGE][PASSED] - Object: 'Object Repository/FSM1/Create PMM Inspection/e/Page_JM Control Centre/span_West' is clicked on

2018-11-12 12:38:39 - [TEST_STEP][PASSED] - click: Object: 'Object Repository/FSM1/Create PMM Inspection/d/Page_JM Control Centre/div_Production Type_v-filterse' is clicked on

2018-11-12 12:38:39 - [MESSAGE][PASSED] - Object: 'Object Repository/FSM1/Create PMM Inspection/d/Page_JM Control Centre/div_Production Type_v-filterse' is clicked on

2018-11-12 12:38:39 - [TEST_STEP][PASSED] - click: Object: 'Object Repository/FSM1/Create PMM Inspection/d/Page_JM Control Centre/span_Extensive Indoor (Barn Re' is clicked on

2018-11-12 12:38:40 - [MESSAGE][PASSED] - Object: 'Object Repository/FSM1/Create PMM Inspection/d/Page_JM Control Centre/span_Extensive Indoor (Barn Re' is clicked on

2018-11-12 12:38:40 - [TEST_STEP][PASSED] - click: Object: 'Object Repository/FSM1/Create PMM Inspection/d/Page_JM Control Centre/div_Species_v-filterselect-but' is clicked on

2018-11-12 12:38:40 - [MESSAGE][PASSED] - Object: 'Object Repository/FSM1/Create PMM Inspection/d/Page_JM Control Centre/div_Species_v-filterselect-but' is clicked on

2018-11-12 12:38:40 - [TEST_STEP][PASSED] - click: Object: 'Object Repository/FSM1/Create PMM Inspection/d/Page_JM Control Centre/span_Chicken' is clicked on

2018-11-12 12:38:41 - [MESSAGE][PASSED] - Object: 'Object Repository/FSM1/Create PMM Inspection/d/Page_JM Control Centre/span_Chicken' is clicked on

2018-11-12 12:38:41 - [TEST_STEP][PASSED] - setText: Text '12100' is set on object 'Object Repository/FSM1/Create PMM Inspection/d/Page_JM Control Centre/input_Keeper ID_gwt-uid-34'

2018-11-12 12:38:41 - [MESSAGE][PASSED] - Text '12100' is set on object 'Object Repository/FSM1/Create PMM Inspection/d/Page_JM Control Centre/input_Keeper ID_gwt-uid-34'

2018-11-12 12:38:41 - [TEST_STEP][PASSED] - setText: Text '37830' is set on object 'Object Repository/FSM1/Create PMM Inspection/d/Page_JM Control Centre/input_Keeper Name_gwt-uid-36'

2018-11-12 12:38:41 - [MESSAGE][PASSED] - Text '37830' is set on object 'Object Repository/FSM1/Create PMM Inspection/d/Page_JM Control Centre/input_Keeper Name_gwt-uid-36'

2018-11-12 12:38:41 - [TEST_STEP][PASSED] - setText: Text '15535' is set on object 'Object Repository/FSM1/Create PMM Inspection/d/Page_JM Control Centre/input_Keeper Contact Name_gwt- (2)'

2018-11-12 12:38:42 - [MESSAGE][PASSED] - Text '15535' is set on object 'Object Repository/FSM1/Create PMM Inspection/d/Page_JM Control Centre/input_Keeper Contact Name_gwt- (2)'

2018-11-12 12:38:42 - [TEST_STEP][PASSED] - setText: Text '95893' is set on object 'Object Repository/FSM1/Create PMM Inspection/d/Page_JM Control Centre/input_Location ID_gwt-uid-44 (1)'

2018-11-12 12:38:42 - [MESSAGE][PASSED] - Text '95893' is set on object 'Object Repository/FSM1/Create PMM Inspection/d/Page_JM Control Centre/input_Location ID_gwt-uid-44 (1)'

2018-11-12 12:38:42 - [TEST_STEP][PASSED] - setText: Text '05361' is set on object 'Object Repository/FSM1/Complete ABP Inspection/Create PMM Registration/Page_JM Control Centre/input_Customer ID_gwt-uid-48 (2)'

2018-11-12 12:38:43 - [MESSAGE][PASSED] - Text '05361' is set on object 'Object Repository/FSM1/Complete ABP Inspection/Create PMM Registration/Page_JM Control Centre/input_Customer ID_gwt-uid-48 (2)'

2018-11-12 12:38:43 - [TEST_STEP][PASSED] - setText: Text '17726' is set on object 'Object Repository/FSM1/Complete ABP Inspection/Create PMM Registration/Page_JM Control Centre/input_Customer Name_gwt-uid-50'

2018-11-12 12:38:43 - [MESSAGE][PASSED] - Text '17726' is set on object 'Object Repository/FSM1/Complete ABP Inspection/Create PMM Registration/Page_JM Control Centre/input_Customer Name_gwt-uid-50'

2018-11-12 12:38:43 - [TEST_STEP][PASSED] - setText: Text '70193' is set on object 'Object Repository/FSM1/Complete ABP Inspection/Create PMM Registration/Page_JM Control Centre/input_Customer Contact Name_gw (2)'

2018-11-12 12:38:44 - [MESSAGE][PASSED] - Text '70193' is set on object 'Object Repository/FSM1/Complete ABP Inspection/Create PMM Registration/Page_JM Control Centre/input_Customer Contact Name_gw (2)'

2018-11-12 12:38:44 - [TEST_STEP][PASSED] - setText: Text '40195' is set on object 'Object Repository/FSM1/Create PMM Inspection/d/Page_JM Control Centre/CPH'

2018-11-12 12:38:44 - [MESSAGE][PASSED] - Text '40195' is set on object 'Object Repository/FSM1/Create PMM Inspection/d/Page_JM Control Centre/CPH'

2018-11-12 12:38:44 - [TEST_STEP][PASSED] - setText: Text '58596' is set on object 'Object Repository/FSM1/Create PMM Inspection/d/Page_JM Control Centre/CPHH'

2018-11-12 12:38:44 - [MESSAGE][PASSED] - Text '58596' is set on object 'Object Repository/FSM1/Create PMM Inspection/d/Page_JM Control Centre/CPHH'

2018-11-12 12:38:44 - [TEST_STEP][PASSED] - click: Object: 'Object Repository/FSM1/Control Centre/Create EMI Inspection/Page_JM Control Centre/span_' is clicked on

2018-11-12 12:38:45 - [MESSAGE][PASSED] - Object: 'Object Repository/FSM1/Control Centre/Create EMI Inspection/Page_JM Control Centre/span_' is clicked on

2018-11-12 12:38:45 - [TEST_STEP][PASSED] - click: Object: 'Object Repository/FSM1/Control Centre/Create EMI Inspection/Address Search/Page_JM Control Centre/Postcode Search' is clicked on

2018-11-12 12:38:46 - [MESSAGE][PASSED] - Object: 'Object Repository/FSM1/Control Centre/Create EMI Inspection/Address Search/Page_JM Control Centre/Postcode Search' is clicked on

2018-11-12 12:38:46 - [TEST_STEP][PASSED] - setText: Text 'WR5 2NQ' is set on object 'Object Repository/FSM1/PreProd/Page_JM Control Centre/PostcodeSearch'

2018-11-12 12:38:47 - [MESSAGE][PASSED] - Text 'WR5 2NQ' is set on object 'Object Repository/FSM1/PreProd/Page_JM Control Centre/PostcodeSearch'

2018-11-12 12:38:47 - [TEST_STEP][PASSED] - click: Object: 'Object Repository/FSM1/Control Centre/Create EMI Inspection/Create Address/Page_JM Control Centre (1)/SearchButton' is clicked on

2018-11-12 12:38:47 - [MESSAGE][PASSED] - Object: 'Object Repository/FSM1/Control Centre/Create EMI Inspection/Create Address/Page_JM Control Centre (1)/SearchButton' is clicked on

2018-11-12 12:38:48 - [TEST_STEP][PASSED] - Statement - FullAddress = com.kms.katalon.core.webui.keyword.WebUiBuiltInKeywords.modifyObjectProperty(com.kms.katalon.core.testobject.ObjectRepository.findTestObject(FSM1/Control Centre/Create EMI Inspection/Page_JM Control Centre/Address), "text", "equals", com.kms.katalon.core.testdata.TestDataFactory.findTestData(Pre Production/PMM/PMM Inspection Data).getValue(2, 1), true): Modify property of object successfully

2018-11-12 12:38:48 - [MESSAGE][PASSED] - Modify property of object successfully

2018-11-12 12:38:48 - [TEST_STEP][PASSED] - click: Object: 'Object Repository/FSM1/Control Centre/Create EMI Inspection/Page_JM Control Centre/Address' is clicked on

2018-11-12 12:38:48 - [MESSAGE][PASSED] - Object: 'Object Repository/FSM1/Control Centre/Create EMI Inspection/Page_JM Control Centre/Address' is clicked on

2018-11-12 12:38:48 - [TEST_STEP][PASSED] - click: Object: 'Object Repository/FSM1/Control Centre/Create EMI Inspection/Create Address/Page_JM Control Centre (2)/div_Add Selected Item' is clicked on

2018-11-12 12:38:49 - [MESSAGE][PASSED] - Object: 'Object Repository/FSM1/Control Centre/Create EMI Inspection/Create Address/Page_JM Control Centre (2)/div_Add Selected Item' is clicked on

2018-11-12 12:38:49 - [TEST_STEP][PASSED] - delay: Delayed 2 second(s)

2018-11-12 12:38:51 - [MESSAGE][PASSED] - Delayed 2 second(s)

2018-11-12 12:38:51 - [TEST_STEP][PASSED] - setText: Text 'test' is set on object 'Object Repository/FSM1/Create PMM Inspection/f/Page_JM Control Centre/input_Fixed Resource_gwt-uid-1'

2018-11-12 12:38:51 - [MESSAGE][PASSED] - Text 'test' is set on object 'Object Repository/FSM1/Create PMM Inspection/f/Page_JM Control Centre/input_Fixed Resource_gwt-uid-1'

2018-11-12 12:38:51 - [TEST_STEP][PASSED] - click: Object: 'Object Repository/FSM1/Create PMM Inspection/f/Page_JM Control Centre/span_Test Inspector' is clicked on

2018-11-12 12:38:52 - [MESSAGE][PASSED] - Object: 'Object Repository/FSM1/Create PMM Inspection/f/Page_JM Control Centre/span_Test Inspector' is clicked on

2018-11-12 12:38:52 - [TEST_STEP][PASSED] - click: Object: 'Object Repository/FSM1/Create PMM Inspection/f/Page_JM Control Centre/div_Auto Schedulable_v-filters' is clicked on

2018-11-12 12:38:52 - [MESSAGE][PASSED] - Object: 'Object Repository/FSM1/Create PMM Inspection/f/Page_JM Control Centre/div_Auto Schedulable_v-filters' is clicked on

2018-11-12 12:38:52 - [TEST_STEP][PASSED] - setText: Text 'Test Inspector' is set on object 'Object Repository/FSM1/Create PMM Inspection/f/Page_JM Control Centre/input_Fixed Resource_gwt-uid-1'

2018-11-12 12:38:53 - [MESSAGE][PASSED] - Text 'Test Inspector' is set on object 'Object Repository/FSM1/Create PMM Inspection/f/Page_JM Control Centre/input_Fixed Resource_gwt-uid-1'

2018-11-12 12:38:53 - [TEST_STEP][PASSED] - click: Object: 'Object Repository/FSM1/Create PMM Inspection/f/Page_JM Control Centre/span_Yes' is clicked on

2018-11-12 12:38:53 - [MESSAGE][PASSED] - Object: 'Object Repository/FSM1/Create PMM Inspection/f/Page_JM Control Centre/span_Yes' is clicked on

2018-11-12 12:38:53 - [TEST_STEP][PASSED] - delay: Delayed 2 second(s)

2018-11-12 12:38:55 - [MESSAGE][PASSED] - Delayed 2 second(s)

2018-11-12 12:38:55 - [TEST_STEP][PASSED] - click: Object: 'Object Repository/FSM1/Control Centre/Create EMI Inspection/Finish/Page_JM Control Centre (3)/div_Create' is clicked on

2018-11-12 12:38:56 - [MESSAGE][PASSED] - Object: 'Object Repository/FSM1/Control Centre/Create EMI Inspection/Finish/Page_JM Control Centre (3)/div_Create' is clicked on

2018-11-12 12:38:56 - [TEST_STEP][PASSED] - waitForElementPresent: Object 'Object Repository/FSM1/Control Centre/Status/Page_JM Control Centre/div_PLANNED DYNAMIC' is present

2018-11-12 12:39:03 - [MESSAGE][PASSED] - Object 'Object Repository/FSM1/Control Centre/Status/Page_JM Control Centre/div_PLANNED DYNAMIC' is present

2018-11-12 12:39:03 - [TEST_STEP][PASSED] - Statement - InspectionID = com.kms.katalon.core.webui.keyword.WebUiBuiltInKeywords.getText(com.kms.katalon.core.testobject.ObjectRepository.findTestObject(FSM1/Control Centre/Create EMI Inspection/InspectionID/Page_JM Control Centre/InspectionID)): Text of object 'Object Repository/FSM1/Control Centre/Create EMI Inspection/InspectionID/Page_JM Control Centre/InspectionID' is: 'Viewing Job 90921'

2018-11-12 12:39:03 - [MESSAGE][PASSED] - Text of object 'Object Repository/FSM1/Control Centre/Create EMI Inspection/InspectionID/Page_JM Control Centre/InspectionID' is: 'Viewing Job 90921'

2018-11-12 12:39:03 - [TEST_STEP][PASSED] - Statement - InspectionID = InspectionID.replaceAll("Viewing Job ", ""): null

2018-11-12 12:39:03 - [TEST_STEP][PASSED] - Statement - log.logWarning(InspectionID): 90921

2018-11-12 12:39:03 - [MESSAGE][WARNING] - 90921

2018-11-12 12:39:03 - [TEST_STEP][PASSED] - Statement - temp = InspectionID: null

2018-11-12 12:39:03 - [TEST_STEP][PASSED] - delay: Delayed 120 second(s)

2018-11-12 12:41:03 - [MESSAGE][PASSED] - Delayed 120 second(s)]]></system-out>
         <system-err><![CDATA[]]></system-err>
      </testcase>
      <testcase name="Test Cases/Generic/Launch Job Manager" classname="Test Cases/Generic/Launch Job Manager" status="PASSED">
         <system-out><![CDATA[2018-11-12 12:41:03 - [TEST_CASE][PASSED] - Test Cases/Generic/Launch Job Manager: Test Cases/Generic/Launch Job Manager

2018-11-12 12:41:04 - [TEST_STEP][PASSED] - openBrowser: Browser is opened with url: ''

2018-11-12 12:41:04 - [MESSAGE][WARNING] - A browser is already opened. Closing browser and opening a new one

2018-11-12 12:41:07 - [MESSAGE][PASSED] - Browser is opened with url: ''

2018-11-12 12:41:07 - [TEST_STEP][PASSED] - navigateToUrl: Navigate to 'https://kirona-def-6.kirona.com/jmprep/jclient/jclient.html' successfully

2018-11-12 12:41:08 - [MESSAGE][PASSED] - Navigate to 'https://kirona-def-6.kirona.com/jmprep/jclient/jclient.html' successfully

2018-11-12 12:41:08 - [TEST_STEP][PASSED] - setText: Text 'KIR1' is set on object 'Object Repository/FSM1/Launch Application/Page_JClient/input_gwt-TextBox GKH2EKQBMDB'

2018-11-12 12:41:11 - [MESSAGE][PASSED] - Text 'KIR1' is set on object 'Object Repository/FSM1/Launch Application/Page_JClient/input_gwt-TextBox GKH2EKQBMDB'

2018-11-12 12:41:11 - [TEST_STEP][PASSED] - sendKeys: Keys 'ENTER + ' sent to object: 'Object Repository/FSM1/Launch Application/Page_JClient/input_gwt-TextBox GKH2EKQBMDB'

2018-11-12 12:41:11 - [MESSAGE][PASSED] - Keys 'ENTER + ' sent to object: 'Object Repository/FSM1/Launch Application/Page_JClient/input_gwt-TextBox GKH2EKQBMDB'

2018-11-12 12:41:11 - [TEST_STEP][PASSED] - click: Object: 'Object Repository/FSM1/Launch Application/Page_JClient/div_Configure App' is clicked on

2018-11-12 12:41:11 - [MESSAGE][PASSED] - Object: 'Object Repository/FSM1/Launch Application/Page_JClient/div_Configure App' is clicked on

2018-11-12 12:41:11 - [TEST_STEP][PASSED] - setText: Text 'test.inspector' is set on object 'Object Repository/FSM1/Launch Application/Page_JClient/input_gwt-TextBox GKH2EKQBNHC'

2018-11-12 12:41:12 - [MESSAGE][PASSED] - Text 'test.inspector' is set on object 'Object Repository/FSM1/Launch Application/Page_JClient/input_gwt-TextBox GKH2EKQBNHC'

2018-11-12 12:41:12 - [TEST_STEP][PASSED] - setText: Text 'Password1.' is set on object 'Object Repository/FSM1/Launch Application/Page_JClient/input_gwt-PasswordTextBox GKH2'

2018-11-12 12:41:13 - [MESSAGE][PASSED] - Text 'Password1.' is set on object 'Object Repository/FSM1/Launch Application/Page_JClient/input_gwt-PasswordTextBox GKH2'

2018-11-12 12:41:13 - [TEST_STEP][PASSED] - click: Object: 'Object Repository/FSM1/Launch Application/Page_JClient/div_Sign In' is clicked on

2018-11-12 12:41:13 - [MESSAGE][PASSED] - Object: 'Object Repository/FSM1/Launch Application/Page_JClient/div_Sign In' is clicked on

2018-11-12 12:41:13 - [TEST_STEP][PASSED] - delay: Delayed 15 second(s)

2018-11-12 12:41:28 - [MESSAGE][PASSED] - Delayed 15 second(s)]]></system-out>
         <system-err><![CDATA[]]></system-err>
      </testcase>
      <testcase name="Test Cases/Generic/Select Inspection" classname="Test Cases/Generic/Select Inspection" status="PASSED">
         <system-out><![CDATA[2018-11-12 12:41:28 - [TEST_CASE][PASSED] - Test Cases/Generic/Select Inspection: Test Cases/Generic/Select Inspection

2018-11-12 12:41:28 - [TEST_STEP][PASSED] - delay: Delayed 30 second(s)

2018-11-12 12:41:58 - [MESSAGE][PASSED] - Delayed 30 second(s)

2018-11-12 12:41:58 - [TEST_STEP][PASSED] - waitForElementClickable: Object 'Object Repository/FSM1/Select Inspection/Landing/Refresh' is clickable

2018-11-12 12:41:59 - [MESSAGE][PASSED] - Object 'Object Repository/FSM1/Select Inspection/Landing/Refresh' is clickable

2018-11-12 12:41:59 - [TEST_STEP][PASSED] - click: Object: 'Object Repository/FSM1/Select Inspection/Landing/Refresh' is clicked on

2018-11-12 12:41:59 - [MESSAGE][PASSED] - Object: 'Object Repository/FSM1/Select Inspection/Landing/Refresh' is clicked on

2018-11-12 12:41:59 - [TEST_STEP][PASSED] - waitForElementClickable: Object 'Object Repository/FSM1/Select Inspection/Landing/Refresh' is clickable

2018-11-12 12:42:00 - [MESSAGE][PASSED] - Object 'Object Repository/FSM1/Select Inspection/Landing/Refresh' is clickable

2018-11-12 12:42:00 - [TEST_STEP][NOT_RUN] - delay: NOT_RUN: delay

2018-11-12 12:42:00 - [MESSAGE][NOT_RUN] - NOT_RUN: delay

2018-11-12 12:42:00 - [TEST_STEP][PASSED] - Statement - InspectionRef = com.kms.katalon.core.webui.keyword.WebUiBuiltInKeywords.modifyObjectProperty(com.kms.katalon.core.testobject.ObjectRepository.findTestObject(FSM1/Select Inspection/Landing/Page_JClient/div_35098), "text", "equals", temp, true, STOP_ON_FAILURE): Modify property of object successfully

2018-11-12 12:42:00 - [MESSAGE][PASSED] - Modify property of object successfully

2018-11-12 12:42:00 - [TEST_STEP][PASSED] - delay: Delayed 20 second(s)

2018-11-12 12:42:20 - [MESSAGE][PASSED] - Delayed 20 second(s)

2018-11-12 12:42:20 - [TEST_STEP][PASSED] - Statement - If (com.kms.katalon.core.webui.keyword.WebUiBuiltInKeywords.verifyElementPresent(InspectionRef, 30, OPTIONAL)): Object: 'Object Repository/FSM1/Select Inspection/Landing/Page_JClient/div_35098' is clicked on

2018-11-12 12:42:20 - [MESSAGE][PASSED] - Object 'Object Repository/FSM1/Select Inspection/Landing/Page_JClient/div_35098' is present

2018-11-12 12:42:20 - [TEST_STEP][PASSED] - delay: Delayed 3 second(s)

2018-11-12 12:42:23 - [MESSAGE][PASSED] - Delayed 3 second(s)

2018-11-12 12:42:23 - [TEST_STEP][PASSED] - click: Object: 'Object Repository/FSM1/Select Inspection/Landing/Page_JClient/div_35098' is clicked on

2018-11-12 12:42:23 - [MESSAGE][PASSED] - Object: 'Object Repository/FSM1/Select Inspection/Landing/Page_JClient/div_35098' is clicked on

2018-11-12 12:42:23 - [TEST_STEP][PASSED] - click: Object: 'Object Repository/FSM1/Select Inspection/Page_JClient/div_WITH OPERATIVE' is clicked on

2018-11-12 12:42:24 - [MESSAGE][PASSED] - Object: 'Object Repository/FSM1/Select Inspection/Page_JClient/div_WITH OPERATIVE' is clicked on

2018-11-12 12:42:24 - [TEST_STEP][PASSED] - delay: Delayed 2 second(s)

2018-11-12 12:42:26 - [MESSAGE][PASSED] - Delayed 2 second(s)

2018-11-12 12:42:26 - [TEST_STEP][PASSED] - click: Object: 'Object Repository/FSM1/Select Inspection/Page_JClient/div_TRAVELLING' is clicked on

2018-11-12 12:42:26 - [MESSAGE][PASSED] - Object: 'Object Repository/FSM1/Select Inspection/Page_JClient/div_TRAVELLING' is clicked on

2018-11-12 12:42:26 - [TEST_STEP][PASSED] - delay: Delayed 2 second(s)

2018-11-12 12:42:28 - [MESSAGE][PASSED] - Delayed 2 second(s)

2018-11-12 12:42:28 - [TEST_STEP][PASSED] - click: Object: 'Object Repository/FSM1/Select Inspection/Page_JClient/div_TRAVELLING' is clicked on

2018-11-12 12:42:28 - [MESSAGE][PASSED] - Object: 'Object Repository/FSM1/Select Inspection/Page_JClient/div_TRAVELLING' is clicked on

2018-11-12 12:42:28 - [TEST_STEP][PASSED] - delay: Delayed 2 second(s)

2018-11-12 12:42:30 - [MESSAGE][PASSED] - Delayed 2 second(s)

2018-11-12 12:42:30 - [TEST_STEP][PASSED] - click: Object: 'Object Repository/FSM1/Select Inspection/Page_JClient/div_ARRIVED' is clicked on

2018-11-12 12:42:30 - [MESSAGE][PASSED] - Object: 'Object Repository/FSM1/Select Inspection/Page_JClient/div_ARRIVED' is clicked on

2018-11-12 12:42:30 - [TEST_STEP][PASSED] - delay: Delayed 2 second(s)

2018-11-12 12:42:32 - [MESSAGE][PASSED] - Delayed 2 second(s)

2018-11-12 12:42:32 - [TEST_STEP][PASSED] - click: Object: 'Object Repository/FSM1/Select Inspection/Page_JClient/div_ARRIVED' is clicked on

2018-11-12 12:42:32 - [MESSAGE][PASSED] - Object: 'Object Repository/FSM1/Select Inspection/Page_JClient/div_ARRIVED' is clicked on

2018-11-12 12:42:32 - [TEST_STEP][PASSED] - delay: Delayed 4 second(s)

2018-11-12 12:42:36 - [MESSAGE][PASSED] - Delayed 4 second(s)

2018-11-12 12:42:36 - [TEST_STEP][PASSED] - click: Object: 'Object Repository/FSM1/Select Inspection/Page_JClient/div_STARTED' is clicked on

2018-11-12 12:42:36 - [MESSAGE][PASSED] - Object: 'Object Repository/FSM1/Select Inspection/Page_JClient/div_STARTED' is clicked on

2018-11-12 12:42:36 - [TEST_STEP][PASSED] - delay: Delayed 2 second(s)

2018-11-12 12:42:38 - [MESSAGE][PASSED] - Delayed 2 second(s)]]></system-out>
         <system-err><![CDATA[]]></system-err>
      </testcase>
      <testcase name="Test Cases/PMM/Registration/Complete PMM Inspection - Registration - Inspection Details" classname="Test Cases/PMM/Registration/Complete PMM Inspection - Registration - Inspection Details" status="PASSED">
         <system-out><![CDATA[2018-11-12 12:42:38 - [TEST_CASE][PASSED] - Test Cases/PMM/Registration/Complete PMM Inspection - Registration - Inspection Details: Test Cases/PMM/Registration/Complete PMM Inspection - Registration - Inspection Details

2018-11-12 12:42:39 - [TEST_STEP][PASSED] - click: Object: 'Object Repository/FSM1/Create PMM Inspection/Registration - Inspection Details/Page_JClient/div_Inspection Details' is clicked on

2018-11-12 12:42:39 - [MESSAGE][PASSED] - Object: 'Object Repository/FSM1/Create PMM Inspection/Registration - Inspection Details/Page_JClient/div_Inspection Details' is clicked on

2018-11-12 12:42:39 - [TEST_STEP][PASSED] - delay: Delayed 2 second(s)

2018-11-12 12:42:41 - [MESSAGE][PASSED] - Delayed 2 second(s)

2018-11-12 12:42:41 - [TEST_STEP][PASSED] - click: Object: 'Object Repository/FSM1/Create PMM Inspection/Registration - Inspection Details/Page_JClient/input_Yes_radio_group_2' is clicked on

2018-11-12 12:42:41 - [MESSAGE][PASSED] - Object: 'Object Repository/FSM1/Create PMM Inspection/Registration - Inspection Details/Page_JClient/input_Yes_radio_group_2' is clicked on

2018-11-12 12:42:41 - [TEST_STEP][PASSED] - click: Object: 'Object Repository/FSM1/Create PMM Inspection/Registration - Inspection Details/Page_JClient/input_Yes_radio_group_3' is clicked on

2018-11-12 12:42:42 - [MESSAGE][PASSED] - Object: 'Object Repository/FSM1/Create PMM Inspection/Registration - Inspection Details/Page_JClient/input_Yes_radio_group_3' is clicked on

2018-11-12 12:42:42 - [TEST_STEP][PASSED] - selectOptionByValue: All options with value 'Register' are selected in object 'Object Repository/FSM1/Create PMM Inspection/Registration - Inspection Details/Page_JClient/select_RegisterRemedial action'  using regular expression

2018-11-12 12:42:42 - [MESSAGE][PASSED] - All options with value 'Register' are selected in object 'Object Repository/FSM1/Create PMM Inspection/Registration - Inspection Details/Page_JClient/select_RegisterRemedial action'  using regular expression

2018-11-12 12:42:42 - [TEST_STEP][PASSED] - setText: Text 'Test automation' is set on object 'Object Repository/FSM1/Create PMM Inspection/Registration - Inspection Details/Page_JClient/textarea_Recommended Action -'

2018-11-12 12:42:42 - [MESSAGE][PASSED] - Text 'Test automation' is set on object 'Object Repository/FSM1/Create PMM Inspection/Registration - Inspection Details/Page_JClient/textarea_Recommended Action -'

2018-11-12 12:42:42 - [TEST_STEP][PASSED] - selectOptionByValue: All options with value 'Routine' are selected in object 'Object Repository/FSM1/Create PMM Inspection/Registration - Inspection Details/Page_JClient/select_Routine'  using regular expression

2018-11-12 12:42:43 - [MESSAGE][PASSED] - All options with value 'Routine' are selected in object 'Object Repository/FSM1/Create PMM Inspection/Registration - Inspection Details/Page_JClient/select_Routine'  using regular expression

2018-11-12 12:42:43 - [TEST_STEP][PASSED] - click: Object: 'Object Repository/FSM1/Create PMM Inspection/Registration - Inspection Details/Page_JClient/img_Inspector Signature_gwt-Im' is clicked on

2018-11-12 12:42:43 - [MESSAGE][PASSED] - Object: 'Object Repository/FSM1/Create PMM Inspection/Registration - Inspection Details/Page_JClient/img_Inspector Signature_gwt-Im' is clicked on

2018-11-12 12:42:43 - [TEST_STEP][PASSED] - click: Object: 'Object Repository/FSM1/Complete PMM Inspection/Registration/Page_JClient/Inspector_Unable To Sign' is clicked on

2018-11-12 12:42:44 - [MESSAGE][PASSED] - Object: 'Object Repository/FSM1/Complete PMM Inspection/Registration/Page_JClient/Inspector_Unable To Sign' is clicked on

2018-11-12 12:42:44 - [TEST_STEP][PASSED] - click: Object: 'Object Repository/FSM1/Create PMM Inspection/Registration - Inspection Details/Page_JClient/img_Person Seen Signature_gwt-' is clicked on

2018-11-12 12:42:46 - [MESSAGE][PASSED] - Object: 'Object Repository/FSM1/Create PMM Inspection/Registration - Inspection Details/Page_JClient/img_Person Seen Signature_gwt-' is clicked on

2018-11-12 12:42:46 - [TEST_STEP][PASSED] - click: Object: 'Object Repository/FSM1/Complete PMM Inspection/Registration/Page_JClient/Person_Unable To Sign' is clicked on

2018-11-12 12:42:47 - [MESSAGE][PASSED] - Object: 'Object Repository/FSM1/Complete PMM Inspection/Registration/Page_JClient/Person_Unable To Sign' is clicked on

2018-11-12 12:42:47 - [TEST_STEP][PASSED] - Statement - mydate = new java.util.Date(): null

2018-11-12 12:42:47 - [TEST_STEP][PASSED] - Statement - tomorrow = mydate.next(): null

2018-11-12 12:42:47 - [TEST_STEP][PASSED] - Statement - formattedDate = tomorrow.format("MM/dd/yyyy"): null

2018-11-12 12:42:47 - [TEST_STEP][PASSED] - sendKeys: Keys '11/13/2018' sent to object: 'Object Repository/FSM1/Complete PMM Inspection/Registration/Page_JClient/input_Next inspection due_GKH2'

2018-11-12 12:42:49 - [MESSAGE][PASSED] - Keys '11/13/2018' sent to object: 'Object Repository/FSM1/Complete PMM Inspection/Registration/Page_JClient/input_Next inspection due_GKH2'

2018-11-12 12:42:49 - [TEST_STEP][PASSED] - click: Object: 'Object Repository/FSM1/Create PMM Inspection/Registration - Inspection Details/Page_JClient/div_Save' is clicked on

2018-11-12 12:42:49 - [MESSAGE][PASSED] - Object: 'Object Repository/FSM1/Create PMM Inspection/Registration - Inspection Details/Page_JClient/div_Save' is clicked on]]></system-out>
         <system-err><![CDATA[]]></system-err>
      </testcase>
      <testcase name="Test Cases/PMM/Compliance/Complete PMM Inspection - Complete" classname="Test Cases/PMM/Compliance/Complete PMM Inspection - Complete" status="PASSED">
         <system-out><![CDATA[2018-11-12 12:42:49 - [TEST_CASE][PASSED] - Test Cases/PMM/Compliance/Complete PMM Inspection - Complete: Test Cases/PMM/Compliance/Complete PMM Inspection - Complete

2018-11-12 12:42:49 - [TEST_STEP][PASSED] - delay: Delayed 2 second(s)

2018-11-12 12:42:51 - [MESSAGE][PASSED] - Delayed 2 second(s)

2018-11-12 12:42:51 - [TEST_STEP][PASSED] - click: Object: 'Object Repository/FSM1/Complete ABP Inspection/Complete ABP01a Inspection/Page_JClient/div_STARTED (locked)' is clicked on

2018-11-12 12:42:51 - [MESSAGE][PASSED] - Object: 'Object Repository/FSM1/Complete ABP Inspection/Complete ABP01a Inspection/Page_JClient/div_STARTED (locked)' is clicked on

2018-11-12 12:42:51 - [TEST_STEP][PASSED] - delay: Delayed 2 second(s)

2018-11-12 12:42:53 - [MESSAGE][PASSED] - Delayed 2 second(s)

2018-11-12 12:42:53 - [TEST_STEP][PASSED] - click: Object: 'Object Repository/FSM1/Complete ABP Inspection/Complete ABP01a Inspection/Page_JClient/div_COMPLETED' is clicked on

2018-11-12 12:42:53 - [MESSAGE][PASSED] - Object: 'Object Repository/FSM1/Complete ABP Inspection/Complete ABP01a Inspection/Page_JClient/div_COMPLETED' is clicked on

2018-11-12 12:42:53 - [TEST_STEP][PASSED] - selectOptionByValue: All options with value 'COMPLETED' are selected in object 'Object Repository/FSM1/Complete ABP Inspection/Complete ABP01a Inspection/Page_JClient/select_Yes'  using regular expression

2018-11-12 12:42:55 - [MESSAGE][PASSED] - All options with value 'COMPLETED' are selected in object 'Object Repository/FSM1/Complete ABP Inspection/Complete ABP01a Inspection/Page_JClient/select_Yes'  using regular expression

2018-11-12 12:42:55 - [TEST_STEP][PASSED] - click: Object: 'Object Repository/FSM1/Complete ABP Inspection/Complete ABP01a Inspection/Page_JClient/div_Save' is clicked on

2018-11-12 12:42:55 - [MESSAGE][PASSED] - Object: 'Object Repository/FSM1/Complete ABP Inspection/Complete ABP01a Inspection/Page_JClient/div_Save' is clicked on

2018-11-12 12:42:55 - [TEST_STEP][PASSED] - delay: Delayed 2 second(s)

2018-11-12 12:42:57 - [MESSAGE][PASSED] - Delayed 2 second(s)

2018-11-12 12:42:57 - [TEST_STEP][PASSED] - click: Object: 'Object Repository/FSM1/Complete PMM Inspection/Page_JClient/div_Ok' is clicked on

2018-11-12 12:42:57 - [MESSAGE][PASSED] - Object: 'Object Repository/FSM1/Complete PMM Inspection/Page_JClient/div_Ok' is clicked on

2018-11-12 12:42:57 - [TEST_STEP][PASSED] - delay: Delayed 30 second(s)

2018-11-12 12:43:27 - [MESSAGE][PASSED] - Delayed 30 second(s)]]></system-out>
         <system-err><![CDATA[]]></system-err>
      </testcase>
      <testcase name="Test Cases/Generic/Launch Job Manager Control Centre - Check Result" classname="Test Cases/Generic/Launch Job Manager Control Centre - Check Result" status="PASSED">
         <system-out><![CDATA[2018-11-12 12:43:27 - [TEST_CASE][PASSED] - Test Cases/Generic/Launch Job Manager Control Centre - Check Result: Test Cases/Generic/Launch Job Manager Control Centre - Check Result

2018-11-12 12:43:28 - [TEST_STEP][PASSED] - openBrowser: Browser is opened with url: ''

2018-11-12 12:43:28 - [MESSAGE][WARNING] - A browser is already opened. Closing browser and opening a new one

2018-11-12 12:43:31 - [MESSAGE][PASSED] - Browser is opened with url: ''

2018-11-12 12:43:31 - [TEST_STEP][PASSED] - navigateToUrl: Navigate to 'https://kirona-def-6.kirona.com/jmprep/login#!loginView' successfully

2018-11-12 12:43:33 - [MESSAGE][PASSED] - Navigate to 'https://kirona-def-6.kirona.com/jmprep/login#!loginView' successfully

2018-11-12 12:43:33 - [TEST_STEP][PASSED] - setText: Text 'jon.hatfield' is set on object 'Object Repository/FSM1/Control Centre/Page_Job Manager Login/input_gwt-uid-3'

2018-11-12 12:43:34 - [MESSAGE][PASSED] - Text 'jon.hatfield' is set on object 'Object Repository/FSM1/Control Centre/Page_Job Manager Login/input_gwt-uid-3'

2018-11-12 12:43:34 - [TEST_STEP][PASSED] - setText: Text 'Fr@nc1sJ0n' is set on object 'Object Repository/FSM1/Control Centre/Page_Job Manager Login/input_gwt-uid-5'

2018-11-12 12:43:34 - [MESSAGE][PASSED] - Text 'Fr@nc1sJ0n' is set on object 'Object Repository/FSM1/Control Centre/Page_Job Manager Login/input_gwt-uid-5'

2018-11-12 12:43:34 - [TEST_STEP][PASSED] - click: Object: 'Object Repository/FSM1/PreProd/Page_Job Manager Login/div_Login' is clicked on

2018-11-12 12:43:34 - [MESSAGE][PASSED] - Object: 'Object Repository/FSM1/PreProd/Page_Job Manager Login/div_Login' is clicked on

2018-11-12 12:43:34 - [TEST_STEP][PASSED] - delay: Delayed 5 second(s)

2018-11-12 12:43:39 - [MESSAGE][PASSED] - Delayed 5 second(s)]]></system-out>
         <system-err><![CDATA[]]></system-err>
      </testcase>
      <testcase name="Test Cases/PMM/Registration/Control Centre - Check Results - PMM Registration" classname="Test Cases/PMM/Registration/Control Centre - Check Results - PMM Registration" status="PASSED">
         <system-out><![CDATA[2018-11-12 12:43:39 - [TEST_CASE][PASSED] - Test Cases/PMM/Registration/Control Centre - Check Results - PMM Registration: Test Cases/PMM/Registration/Control Centre - Check Results - PMM Registration

2018-11-12 12:43:40 - [TEST_STEP][PASSED] - Statement - log = new com.kms.katalon.core.logging.KeywordLogger(): null

2018-11-12 12:43:40 - [TEST_STEP][PASSED] - setText: Text '90921' is set on object 'Object Repository/FSM1/EMI Check Results/Page_JM Control Centre/input_Recents_v-textfield v-wi'

2018-11-12 12:43:40 - [MESSAGE][PASSED] - Text '90921' is set on object 'Object Repository/FSM1/EMI Check Results/Page_JM Control Centre/input_Recents_v-textfield v-wi'

2018-11-12 12:43:40 - [TEST_STEP][NOT_RUN] - setText: NOT_RUN: setText

2018-11-12 12:43:40 - [MESSAGE][NOT_RUN] - NOT_RUN: setText

2018-11-12 12:43:40 - [TEST_STEP][PASSED] - click: Object: 'Object Repository/FSM1/EMI Check Results/Page_JM Control Centre/span_' is clicked on

2018-11-12 12:43:41 - [MESSAGE][PASSED] - Object: 'Object Repository/FSM1/EMI Check Results/Page_JM Control Centre/span_' is clicked on

2018-11-12 12:43:41 - [TEST_STEP][PASSED] - waitForElementPresent: Object 'Object Repository/FSM1/EMI Check Results/Page_JM Control Centre/div_CLOSED' is present

2018-11-12 12:43:45 - [MESSAGE][PASSED] - Object 'Object Repository/FSM1/EMI Check Results/Page_JM Control Centre/div_CLOSED' is present

2018-11-12 12:43:45 - [TEST_STEP][PASSED] - delay: Delayed 3 second(s)

2018-11-12 12:43:48 - [MESSAGE][PASSED] - Delayed 3 second(s)

2018-11-12 12:43:48 - [TEST_STEP][PASSED] - verifyElementPresent: Object 'Object Repository/FSM1/Complete PMM Inspection/PMM Check Results/Page_JM Control Centre/div_Attachments_PMR03 - Registration' is present

2018-11-12 12:43:48 - [MESSAGE][PASSED] - Object 'Object Repository/FSM1/Complete PMM Inspection/PMM Check Results/Page_JM Control Centre/div_Attachments_PMR03 - Registration' is present]]></system-out>
         <system-err><![CDATA[]]></system-err>
      </testcase>
      <testcase name="Test Cases/ABP/Generic/Check Subsequent Inspection Exist" classname="Test Cases/ABP/Generic/Check Subsequent Inspection Exist" status="PASSED">
         <system-out><![CDATA[2018-11-12 12:43:48 - [TEST_CASE][PASSED] - Test Cases/ABP/Generic/Check Subsequent Inspection Exist: Test Cases/ABP/Generic/Check Subsequent Inspection Exist

2018-11-12 12:43:49 - [TEST_STEP][PASSED] - delay: Delayed 2 second(s)

2018-11-12 12:43:51 - [MESSAGE][PASSED] - Delayed 2 second(s)

2018-11-12 12:43:51 - [TEST_STEP][PASSED] - click: Object: 'Object Repository/FSM1/Complete ABP Inspection/Check Subsequent Inspections/New/Page_JM Control Centre/div_' is clicked on

2018-11-12 12:43:51 - [MESSAGE][PASSED] - Object: 'Object Repository/FSM1/Complete ABP Inspection/Check Subsequent Inspections/New/Page_JM Control Centre/div_' is clicked on

2018-11-12 12:43:51 - [TEST_STEP][PASSED] - click: Object: 'Object Repository/FSM1/Complete ABP Inspection/Check Subsequent Inspections/New/Page_JM Control Centre/span_List All Subordinate Jobs' is clicked on

2018-11-12 12:43:52 - [MESSAGE][PASSED] - Object: 'Object Repository/FSM1/Complete ABP Inspection/Check Subsequent Inspections/New/Page_JM Control Centre/span_List All Subordinate Jobs' is clicked on

2018-11-12 12:43:52 - [TEST_STEP][PASSED] - delay: Delayed 2 second(s)

2018-11-12 12:43:54 - [MESSAGE][PASSED] - Delayed 2 second(s)

2018-11-12 12:43:54 - [TEST_STEP][PASSED] - verifyElementVisible: Object 'Object Repository/FSM1/Complete ABP Inspection/Check Subsequent Inspections/New/Page_JM Control Centre/div_2 found.' is visible

2018-11-12 12:43:55 - [MESSAGE][PASSED] - Object 'Object Repository/FSM1/Complete ABP Inspection/Check Subsequent Inspections/New/Page_JM Control Centre/div_2 found.' is visible

2018-11-12 12:43:55 - [TEST_STEP][PASSED] - closeBrowser: Browser is closed

2018-11-12 12:43:56 - [MESSAGE][PASSED] - Browser is closed]]></system-out>
         <system-err><![CDATA[]]></system-err>
      </testcase>
      <system-out><![CDATA[2018-11-12 12:38:13 - [TEST_SUITE][PASSED] - PMM Regression - Registration: Test Cases/ABP/Generic/Check Subsequent Inspection Exist]]></system-out>
      <system-err><![CDATA[]]></system-err>
   </testsuite>
</testsuites>
