<?xml version="1.0" encoding="UTF-8"?>
<testsuites name="Create New Inspection" time="60" tests="1" failures="1" errors="0">
   <testsuite name="Create New Inspection" tests="1" failures="1" errors="0" time="60" timestamp="2018-05-13 07:54:20" hostname="JHATFIELD - SNDFSMINFSRV001.defra.onmicrosoft.com" id="Test Suites/Create New Inspection">
      <properties>
         <property name="deviceName" value=""/>
         <property name="devicePlatform" value=""/>
         <property name="logFolder" value="C:\\Users\\JHATFIELD\\git\\DEFRA-FSM_Automated_Regression_NEW\\Reports\\Create New Inspection\\20180513_075416"/>
         <property name="logFiles" value="C:\\Users\\JHATFIELD\\git\\DEFRA-FSM_Automated_Regression_NEW\\Reports\\Create New Inspection\\20180513_075416\\execution0.log"/>
         <property name="attachments" value="C:\\Users\\JHATFIELD\\git\\DEFRA-FSM_Automated_Regression_NEW\\Reports\\Create New Inspection\\20180513_075416\\1526198118058.png"/>
         <property name="hostName" value="JHATFIELD - SNDFSMINFSRV001.defra.onmicrosoft.com"/>
         <property name="os" value="Windows NT (unknown) 64bit"/>
         <property name="katalonVersion" value="5.4.1.1"/>
         <property name="browser" value="Chrome 66.0.3359.139"/>
         <property name="hostAddress" value="10.201.1.17"/>
         <property name="sessionId" value="243cfffe5348e4512946d18ad2a77283"/>
         <property name="seleniumVersion" value="3.7.1"/>
         <property name="proxyInformation" value="ProxyInformation{proxyOption=NO_PROXY, proxyServerType=HTTP, password=, proxyServerAddress=, proxyServerPort=0}"/>
         <property name="platform" value="Windows NT (unknown)"/>
      </properties>
      <testcase name="Test Cases/Launch Job Manager Control Centre" classname="Test Cases/Launch Job Manager Control Centre" status="PASSED">
         <system-out><![CDATA[2018-05-13 07:54:20 - [TEST_CASE][PASSED] - Test Cases/Launch Job Manager Control Centre: Test Cases/Launch Job Manager Control Centre

2018-05-13 07:54:21 - [TEST_STEP][PASSED] - openBrowser: Browser is opened with url: ''

2018-05-13 07:54:26 - [MESSAGE][PASSED] - Browser is opened with url: ''

2018-05-13 07:54:26 - [TEST_STEP][PASSED] - navigateToUrl: Navigate to 'https://kirona-def-2.kirona.com/jmtest/login#!loginView' successfully

2018-05-13 07:54:27 - [MESSAGE][PASSED] - Navigate to 'https://kirona-def-2.kirona.com/jmtest/login#!loginView' successfully

2018-05-13 07:54:27 - [TEST_STEP][PASSED] - setText: Text 'jon.hatfield' is set on object 'Object Repository/FSM1/Control Centre/Page_Job Manager Login/input_gwt-uid-3'

2018-05-13 07:54:28 - [MESSAGE][PASSED] - Text 'jon.hatfield' is set on object 'Object Repository/FSM1/Control Centre/Page_Job Manager Login/input_gwt-uid-3'

2018-05-13 07:54:28 - [TEST_STEP][PASSED] - setText: Text 'Fr@nc1sJ0n' is set on object 'Object Repository/FSM1/Control Centre/Page_Job Manager Login/input_gwt-uid-5'

2018-05-13 07:54:29 - [MESSAGE][PASSED] - Text 'Fr@nc1sJ0n' is set on object 'Object Repository/FSM1/Control Centre/Page_Job Manager Login/input_gwt-uid-5'

2018-05-13 07:54:29 - [TEST_STEP][PASSED] - click: Object: 'Object Repository/FSM1/Control Centre/Page_Job Manager Login/Page_Job Manager Login/div_Login' is clicked on

2018-05-13 07:54:29 - [MESSAGE][PASSED] - Object: 'Object Repository/FSM1/Control Centre/Page_Job Manager Login/Page_Job Manager Login/div_Login' is clicked on

2018-05-13 07:54:29 - [TEST_STEP][PASSED] - delay: Delayed 5 second(s)

2018-05-13 07:54:34 - [MESSAGE][PASSED] - Delayed 5 second(s)]]></system-out>
         <system-err><![CDATA[]]></system-err>
      </testcase>
      <testcase name="Test Cases/Create EMI Inspection" classname="Test Cases/Create EMI Inspection" status="FAILED">
         <failure type="FAILED" message="Unable to send keys 'cv37 6sn' to object 'Object Repository/FSM1/Control Centre/Create EMI Inspection/Address Search/Page_JM Control Centre/Postcode Search' (Root cause: com.kms.katalon.core.webui.exception.WebElementNotFoundException: Web element with id: 'Object Repository/FSM1/Control Centre/Create EMI Inspection/Address Search/Page_JM Control Centre/Postcode Search' located by 'By.xpath: id(&quot;formBuilderHeadersearch&quot;)/div[@class=&quot;v-csslayout v-layout v-widget formBuilderHeaderArea v-csslayout-formBuilderHeaderArea&quot;]/div[@class=&quot;v-csslayout v-layout v-widget searchEntitiesHeader v-csslayout-searchEntitiesHeader&quot;]/div[@class=&quot;v-customcomponent v-widget search-criteria-comp v-customcomponent-search-criteria-comp&quot;]/div[@class=&quot;v-csslayout v-layout v-widget&quot;]/input[@class=&quot;v-textfield v-widget&quot;][count(. | //input[@type = 'text' and @class = 'v-textfield v-widget']) = count(//input[@type = 'text' and @class = 'v-textfield v-widget'])]' not found)"/>
         <system-out><![CDATA[2018-05-13 07:54:34 - [TEST_CASE][FAILED] - Test Cases/Create EMI Inspection: Test Cases/Create EMI Inspection FAILED because (of) Unable to send keys 'cv37 6sn' to object 'Object Repository/FSM1/Control Centre/Create EMI Inspection/Address Search/Page_JM Control Centre/Postcode Search' (Root cause: com.kms.katalon.core.webui.exception.WebElementNotFoundException: Web element with id: 'Object Repository/FSM1/Control Centre/Create EMI Inspection/Address Search/Page_JM Control Centre/Postcode Search' located by 'By.xpath: id("formBuilderHeadersearch")/div[@class="v-csslayout v-layout v-widget formBuilderHeaderArea v-csslayout-formBuilderHeaderArea"]/div[@class="v-csslayout v-layout v-widget searchEntitiesHeader v-csslayout-searchEntitiesHeader"]/div[@class="v-customcomponent v-widget search-criteria-comp v-customcomponent-search-criteria-comp"]/div[@class="v-csslayout v-layout v-widget"]/input[@class="v-textfield v-widget"][count(. | //input[@type = 'text' and @class = 'v-textfield v-widget']) = count(//input[@type = 'text' and @class = 'v-textfield v-widget'])]' not found)

2018-05-13 07:54:34 - [TEST_STEP][PASSED] - click: Object: 'Object Repository/FSM1/Control Centre/Create EMI Inspection/Page_JM Control Centre/div_Create' is clicked on

2018-05-13 07:54:35 - [MESSAGE][PASSED] - Object: 'Object Repository/FSM1/Control Centre/Create EMI Inspection/Page_JM Control Centre/div_Create' is clicked on

2018-05-13 07:54:35 - [TEST_STEP][PASSED] - setText: Text 'emi' is set on object 'Object Repository/FSM1/Control Centre/Create EMI Inspection/Page_JM Control Centre/input_gwt-uid-8'

2018-05-13 07:54:36 - [MESSAGE][PASSED] - Text 'emi' is set on object 'Object Repository/FSM1/Control Centre/Create EMI Inspection/Page_JM Control Centre/input_gwt-uid-8'

2018-05-13 07:54:36 - [TEST_STEP][PASSED] - click: Object: 'Object Repository/FSM1/Control Centre/Create EMI Inspection/Page_JM Control Centre/span_EMI Inspection' is clicked on

2018-05-13 07:54:37 - [MESSAGE][PASSED] - Object: 'Object Repository/FSM1/Control Centre/Create EMI Inspection/Page_JM Control Centre/span_EMI Inspection' is clicked on

2018-05-13 07:54:37 - [TEST_STEP][PASSED] - setText: Text '5' is set on object 'Object Repository/FSM1/Control Centre/Create EMI Inspection/Page_JM Control Centre/input_gwt-uid-16'

2018-05-13 07:54:39 - [MESSAGE][PASSED] - Text '5' is set on object 'Object Repository/FSM1/Control Centre/Create EMI Inspection/Page_JM Control Centre/input_gwt-uid-16'

2018-05-13 07:54:39 - [TEST_STEP][PASSED] - setText: Text 'we' is set on object 'Object Repository/FSM1/Control Centre/Create EMI Inspection/Page_JM Control Centre/input_gwt-uid-26'

2018-05-13 07:54:39 - [MESSAGE][PASSED] - Text 'we' is set on object 'Object Repository/FSM1/Control Centre/Create EMI Inspection/Page_JM Control Centre/input_gwt-uid-26'

2018-05-13 07:54:39 - [TEST_STEP][PASSED] - click: Object: 'Object Repository/FSM1/Control Centre/Create EMI Inspection/Page_JM Control Centre/span_West' is clicked on

2018-05-13 07:54:40 - [MESSAGE][PASSED] - Object: 'Object Repository/FSM1/Control Centre/Create EMI Inspection/Page_JM Control Centre/span_West' is clicked on

2018-05-13 07:54:40 - [TEST_STEP][PASSED] - setText: Text 'EMI Routine' is set on object 'Object Repository/FSM1/Control Centre/Create EMI Inspection/Page_JM Control Centre (1)/Inspection Type'

2018-05-13 07:54:41 - [MESSAGE][PASSED] - Text 'EMI Routine' is set on object 'Object Repository/FSM1/Control Centre/Create EMI Inspection/Page_JM Control Centre (1)/Inspection Type'

2018-05-13 07:54:41 - [TEST_STEP][PASSED] - click: Object: 'Object Repository/FSM1/Control Centre/Create EMI Inspection/Page_JM Control Centre/span_EMI Routine' is clicked on

2018-05-13 07:54:41 - [MESSAGE][PASSED] - Object: 'Object Repository/FSM1/Control Centre/Create EMI Inspection/Page_JM Control Centre/span_EMI Routine' is clicked on

2018-05-13 07:54:41 - [TEST_STEP][PASSED] - setText: Text 'Mr Automation' is set on object 'Object Repository/FSM1/Control Centre/Create EMI Inspection/Page_JM Control Centre/input_gwt-uid-36'

2018-05-13 07:54:42 - [MESSAGE][PASSED] - Text 'Mr Automation' is set on object 'Object Repository/FSM1/Control Centre/Create EMI Inspection/Page_JM Control Centre/input_gwt-uid-36'

2018-05-13 07:54:42 - [TEST_STEP][PASSED] - setText: Text '111' is set on object 'Object Repository/FSM1/Control Centre/Create EMI Inspection/Page_JM Control Centre/input_gwt-uid-42'

2018-05-13 07:54:42 - [MESSAGE][PASSED] - Text '111' is set on object 'Object Repository/FSM1/Control Centre/Create EMI Inspection/Page_JM Control Centre/input_gwt-uid-42'

2018-05-13 07:54:42 - [TEST_STEP][PASSED] - setText: Text '222' is set on object 'Object Repository/FSM1/Control Centre/Create EMI Inspection/Page_JM Control Centre/input_gwt-uid-44'

2018-05-13 07:54:43 - [MESSAGE][PASSED] - Text '222' is set on object 'Object Repository/FSM1/Control Centre/Create EMI Inspection/Page_JM Control Centre/input_gwt-uid-44'

2018-05-13 07:54:43 - [TEST_STEP][PASSED] - click: Object: 'Object Repository/FSM1/Control Centre/Create EMI Inspection/Page_JM Control Centre/div_v-filterselect-button_1' is clicked on

2018-05-13 07:54:43 - [MESSAGE][PASSED] - Object: 'Object Repository/FSM1/Control Centre/Create EMI Inspection/Page_JM Control Centre/div_v-filterselect-button_1' is clicked on

2018-05-13 07:54:43 - [TEST_STEP][PASSED] - click: Object: 'Object Repository/FSM1/Control Centre/Create EMI Inspection/Page_JM Control Centre/span_EGG PACKER' is clicked on

2018-05-13 07:54:44 - [MESSAGE][PASSED] - Object: 'Object Repository/FSM1/Control Centre/Create EMI Inspection/Page_JM Control Centre/span_EGG PACKER' is clicked on

2018-05-13 07:54:44 - [TEST_STEP][PASSED] - click: Object: 'Object Repository/FSM1/Control Centre/Create EMI Inspection/Page_JM Control Centre/span_' is clicked on

2018-05-13 07:54:44 - [MESSAGE][PASSED] - Object: 'Object Repository/FSM1/Control Centre/Create EMI Inspection/Page_JM Control Centre/span_' is clicked on

2018-05-13 07:54:44 - [TEST_STEP][PASSED] - click: Object: 'Object Repository/FSM1/Control Centre/Create EMI Inspection/Address Search/Page_JM Control Centre/Postcode Search' is clicked on

2018-05-13 07:54:45 - [MESSAGE][PASSED] - Object: 'Object Repository/FSM1/Control Centre/Create EMI Inspection/Address Search/Page_JM Control Centre/Postcode Search' is clicked on

2018-05-13 07:54:45 - [TEST_STEP][FAILED] - sendKeys: Unable to send keys 'cv37 6sn' to object 'Object Repository/FSM1/Control Centre/Create EMI Inspection/Address Search/Page_JM Control Centre/Postcode Search' (Root cause: com.kms.katalon.core.webui.exception.WebElementNotFoundException: Web element with id: 'Object Repository/FSM1/Control Centre/Create EMI Inspection/Address Search/Page_JM Control Centre/Postcode Search' located by 'By.xpath: id("formBuilderHeadersearch")/div[@class="v-csslayout v-layout v-widget formBuilderHeaderArea v-csslayout-formBuilderHeaderArea"]/div[@class="v-csslayout v-layout v-widget searchEntitiesHeader v-csslayout-searchEntitiesHeader"]/div[@class="v-customcomponent v-widget search-criteria-comp v-customcomponent-search-criteria-comp"]/div[@class="v-csslayout v-layout v-widget"]/input[@class="v-textfield v-widget"][count(. | //input[@type = 'text' and @class = 'v-textfield v-widget']) = count(//input[@type = 'text' and @class = 'v-textfield v-widget'])]' not found)

2018-05-13 07:55:19 - [MESSAGE][FAILED] - Unable to send keys 'cv37 6sn' to object 'Object Repository/FSM1/Control Centre/Create EMI Inspection/Address Search/Page_JM Control Centre/Postcode Search' (Root cause: com.kms.katalon.core.webui.exception.WebElementNotFoundException: Web element with id: 'Object Repository/FSM1/Control Centre/Create EMI Inspection/Address Search/Page_JM Control Centre/Postcode Search' located by 'By.xpath: id("formBuilderHeadersearch")/div[@class="v-csslayout v-layout v-widget formBuilderHeaderArea v-csslayout-formBuilderHeaderArea"]/div[@class="v-csslayout v-layout v-widget searchEntitiesHeader v-csslayout-searchEntitiesHeader"]/div[@class="v-customcomponent v-widget search-criteria-comp v-customcomponent-search-criteria-comp"]/div[@class="v-csslayout v-layout v-widget"]/input[@class="v-textfield v-widget"][count(. | //input[@type = 'text' and @class = 'v-textfield v-widget']) = count(//input[@type = 'text' and @class = 'v-textfield v-widget'])]' not found)
[[ATTACHMENT|C:\\Users\\JHATFIELD\\git\\DEFRA-FSM_Automated_Regression_NEW\\Reports\\Create New Inspection\\20180513_075416\\1526198118058.png]]]]></system-out>
         <system-err><![CDATA[2018-05-13 07:54:34 - [TEST_CASE][FAILED] - Test Cases/Create EMI Inspection: Test Cases/Create EMI Inspection FAILED because (of) Unable to send keys 'cv37 6sn' to object 'Object Repository/FSM1/Control Centre/Create EMI Inspection/Address Search/Page_JM Control Centre/Postcode Search' (Root cause: com.kms.katalon.core.webui.exception.WebElementNotFoundException: Web element with id: 'Object Repository/FSM1/Control Centre/Create EMI Inspection/Address Search/Page_JM Control Centre/Postcode Search' located by 'By.xpath: id("formBuilderHeadersearch")/div[@class="v-csslayout v-layout v-widget formBuilderHeaderArea v-csslayout-formBuilderHeaderArea"]/div[@class="v-csslayout v-layout v-widget searchEntitiesHeader v-csslayout-searchEntitiesHeader"]/div[@class="v-customcomponent v-widget search-criteria-comp v-customcomponent-search-criteria-comp"]/div[@class="v-csslayout v-layout v-widget"]/input[@class="v-textfield v-widget"][count(. | //input[@type = 'text' and @class = 'v-textfield v-widget']) = count(//input[@type = 'text' and @class = 'v-textfield v-widget'])]' not found)]]></system-err>
      </testcase>
      <system-out><![CDATA[2018-05-13 07:54:20 - [TEST_SUITE][FAILED] - Create New Inspection: Test Cases/Create EMI Inspection FAILED because (of) Unable to send keys 'cv37 6sn' to object 'Object Repository/FSM1/Control Centre/Create EMI Inspection/Address Search/Page_JM Control Centre/Postcode Search' (Root cause: com.kms.katalon.core.webui.exception.WebElementNotFoundException: Web element with id: 'Object Repository/FSM1/Control Centre/Create EMI Inspection/Address Search/Page_JM Control Centre/Postcode Search' located by 'By.xpath: id("formBuilderHeadersearch")/div[@class="v-csslayout v-layout v-widget formBuilderHeaderArea v-csslayout-formBuilderHeaderArea"]/div[@class="v-csslayout v-layout v-widget searchEntitiesHeader v-csslayout-searchEntitiesHeader"]/div[@class="v-customcomponent v-widget search-criteria-comp v-customcomponent-search-criteria-comp"]/div[@class="v-csslayout v-layout v-widget"]/input[@class="v-textfield v-widget"][count(. | //input[@type = 'text' and @class = 'v-textfield v-widget']) = count(//input[@type = 'text' and @class = 'v-textfield v-widget'])]' not found)]]></system-out>
      <system-err><![CDATA[2018-05-13 07:54:20 - [TEST_SUITE][FAILED] - Create New Inspection: Test Cases/Create EMI Inspection FAILED because (of) Unable to send keys 'cv37 6sn' to object 'Object Repository/FSM1/Control Centre/Create EMI Inspection/Address Search/Page_JM Control Centre/Postcode Search' (Root cause: com.kms.katalon.core.webui.exception.WebElementNotFoundException: Web element with id: 'Object Repository/FSM1/Control Centre/Create EMI Inspection/Address Search/Page_JM Control Centre/Postcode Search' located by 'By.xpath: id("formBuilderHeadersearch")/div[@class="v-csslayout v-layout v-widget formBuilderHeaderArea v-csslayout-formBuilderHeaderArea"]/div[@class="v-csslayout v-layout v-widget searchEntitiesHeader v-csslayout-searchEntitiesHeader"]/div[@class="v-customcomponent v-widget search-criteria-comp v-customcomponent-search-criteria-comp"]/div[@class="v-csslayout v-layout v-widget"]/input[@class="v-textfield v-widget"][count(. | //input[@type = 'text' and @class = 'v-textfield v-widget']) = count(//input[@type = 'text' and @class = 'v-textfield v-widget'])]' not found)]]></system-err>
   </testsuite>
</testsuites>
