<?xml version="1.0" encoding="UTF-8"?>
<testsuites name="EMI Regression" time="75" tests="1" failures="1" errors="0">
   <testsuite name="EMI Regression" tests="1" failures="1" errors="0" time="75" timestamp="2018-05-24 13:44:02" hostname="JHATFIELD - SNDFSMINFSRV001.defra.onmicrosoft.com" id="Test Suites/EMI Regression">
      <properties>
         <property name="deviceName" value=""/>
         <property name="devicePlatform" value=""/>
         <property name="logFolder" value="C:\\Users\\JHATFIELD\\git\\DEFRA-FSM_Automated_Regression_NEW\\Reports\\EMI Regression\\20180524_134359"/>
         <property name="logFiles" value="C:\\Users\\JHATFIELD\\git\\DEFRA-FSM_Automated_Regression_NEW\\Reports\\EMI Regression\\20180524_134359\\execution0.log"/>
         <property name="attachments" value="C:\\Users\\JHATFIELD\\git\\DEFRA-FSM_Automated_Regression_NEW\\Reports\\EMI Regression\\20180524_134359\\1527169516038.png"/>
         <property name="hostName" value="JHATFIELD - SNDFSMINFSRV001.defra.onmicrosoft.com"/>
         <property name="os" value="Windows NT (unknown) 64bit"/>
         <property name="katalonVersion" value="5.4.1.1"/>
         <property name="browser" value="Chrome 66.0.3359.181"/>
         <property name="hostAddress" value="10.201.1.17"/>
         <property name="sessionId" value="93beae331b12367b0c1ab23b9fc59cfe"/>
         <property name="seleniumVersion" value="3.7.1"/>
         <property name="proxyInformation" value="ProxyInformation{proxyOption=NO_PROXY, proxyServerType=HTTP, password=, proxyServerAddress=, proxyServerPort=0}"/>
         <property name="platform" value="Windows NT (unknown)"/>
      </properties>
      <testcase name="Test Cases/Launch Job Manager Control Centre" classname="Test Cases/Launch Job Manager Control Centre" status="PASSED">
         <system-out><![CDATA[2018-05-24 13:44:03 - [TEST_CASE][PASSED] - Test Cases/Launch Job Manager Control Centre: Test Cases/Launch Job Manager Control Centre

2018-05-24 13:44:04 - [TEST_STEP][PASSED] - openBrowser: Browser is opened with url: ''

2018-05-24 13:44:09 - [MESSAGE][PASSED] - Browser is opened with url: ''

2018-05-24 13:44:09 - [TEST_STEP][PASSED] - navigateToUrl: Navigate to 'https://kirona-def-2.kirona.com/jmtest/login#!loginView' successfully

2018-05-24 13:44:10 - [MESSAGE][PASSED] - Navigate to 'https://kirona-def-2.kirona.com/jmtest/login#!loginView' successfully

2018-05-24 13:44:10 - [TEST_STEP][PASSED] - setText: Text 'jon.hatfield' is set on object 'Object Repository/FSM1/Control Centre/Page_Job Manager Login/input_gwt-uid-3'

2018-05-24 13:44:12 - [MESSAGE][PASSED] - Text 'jon.hatfield' is set on object 'Object Repository/FSM1/Control Centre/Page_Job Manager Login/input_gwt-uid-3'

2018-05-24 13:44:12 - [TEST_STEP][PASSED] - setText: Text 'Fr@nc1sJ0n' is set on object 'Object Repository/FSM1/Control Centre/Page_Job Manager Login/input_gwt-uid-5'

2018-05-24 13:44:13 - [MESSAGE][PASSED] - Text 'Fr@nc1sJ0n' is set on object 'Object Repository/FSM1/Control Centre/Page_Job Manager Login/input_gwt-uid-5'

2018-05-24 13:44:13 - [TEST_STEP][PASSED] - click: Object: 'Object Repository/FSM1/Control Centre/Page_Job Manager Login/Page_Job Manager Login/div_Login' is clicked on

2018-05-24 13:44:13 - [MESSAGE][PASSED] - Object: 'Object Repository/FSM1/Control Centre/Page_Job Manager Login/Page_Job Manager Login/div_Login' is clicked on

2018-05-24 13:44:13 - [TEST_STEP][PASSED] - delay: Delayed 5 second(s)

2018-05-24 13:44:18 - [MESSAGE][PASSED] - Delayed 5 second(s)]]></system-out>
         <system-err><![CDATA[]]></system-err>
      </testcase>
      <testcase name="Test Cases/Create EMI Inspection" classname="Test Cases/Create EMI Inspection" status="FAILED">
         <failure type="FAILED" message="Unable to click on object 'Object Repository/FSM1/JH Test 3/Page_JM Control Centre/InspectionType' (Root cause: com.kms.katalon.core.webui.exception.WebElementNotFoundException: Web element with id: 'Object Repository/FSM1/JH Test 3/Page_JM Control Centre/InspectionType' located by 'By.xpath: //span[(text() = 'EMI Routiine' or . = 'EMI Routiine')]' not found)"/>
         <system-out><![CDATA[2018-05-24 13:44:18 - [TEST_CASE][FAILED] - Test Cases/Create EMI Inspection: Test Cases/Create EMI Inspection FAILED because (of) Unable to click on object 'Object Repository/FSM1/JH Test 3/Page_JM Control Centre/InspectionType' (Root cause: com.kms.katalon.core.webui.exception.WebElementNotFoundException: Web element with id: 'Object Repository/FSM1/JH Test 3/Page_JM Control Centre/InspectionType' located by 'By.xpath: //span[(text() = 'EMI Routiine' or . = 'EMI Routiine')]' not found)

2018-05-24 13:44:19 - [TEST_STEP][PASSED] - Statement - log = new com.kms.katalon.core.logging.KeywordLogger(): null

2018-05-24 13:44:19 - [TEST_STEP][PASSED] - click: Object: 'Object Repository/FSM1/JH Test/Page_JM Control Centre/div_Create' is clicked on

2018-05-24 13:44:19 - [MESSAGE][PASSED] - Object: 'Object Repository/FSM1/JH Test/Page_JM Control Centre/div_Create' is clicked on

2018-05-24 13:44:19 - [TEST_STEP][PASSED] - setText: Text 'emi' is set on object 'Object Repository/FSM1/JH Test/Page_JM Control Centre/input_gwt-uid-8'

2018-05-24 13:44:21 - [MESSAGE][PASSED] - Text 'emi' is set on object 'Object Repository/FSM1/JH Test/Page_JM Control Centre/input_gwt-uid-8'

2018-05-24 13:44:21 - [TEST_STEP][PASSED] - click: Object: 'Object Repository/FSM1/JH Test/Page_JM Control Centre/span_EMI Inspection' is clicked on

2018-05-24 13:44:22 - [MESSAGE][PASSED] - Object: 'Object Repository/FSM1/JH Test/Page_JM Control Centre/span_EMI Inspection' is clicked on

2018-05-24 13:44:22 - [TEST_STEP][PASSED] - click: Object: 'Object Repository/FSM1/Control Centre/Create EMI Inspection/Page_JM Control Centre/span_' is clicked on

2018-05-24 13:44:24 - [MESSAGE][PASSED] - Object: 'Object Repository/FSM1/Control Centre/Create EMI Inspection/Page_JM Control Centre/span_' is clicked on

2018-05-24 13:44:24 - [TEST_STEP][PASSED] - click: Object: 'Object Repository/FSM1/Control Centre/Create EMI Inspection/Address Search/Page_JM Control Centre/Postcode Search' is clicked on

2018-05-24 13:44:27 - [MESSAGE][PASSED] - Object: 'Object Repository/FSM1/Control Centre/Create EMI Inspection/Address Search/Page_JM Control Centre/Postcode Search' is clicked on

2018-05-24 13:44:27 - [TEST_STEP][PASSED] - setText: Text 'CV37 6SN' is set on object 'Object Repository/FSM1/Control Centre/Create EMI Inspection/Create Address/Page_JM Control Centre/input_v-textfield v-widget v-t'

2018-05-24 13:44:31 - [MESSAGE][PASSED] - Text 'CV37 6SN' is set on object 'Object Repository/FSM1/Control Centre/Create EMI Inspection/Create Address/Page_JM Control Centre/input_v-textfield v-widget v-t'

2018-05-24 13:44:31 - [TEST_STEP][PASSED] - click: Object: 'Object Repository/FSM1/Control Centre/Create EMI Inspection/Create Address/Page_JM Control Centre (1)/SearchButton' is clicked on

2018-05-24 13:44:32 - [MESSAGE][PASSED] - Object: 'Object Repository/FSM1/Control Centre/Create EMI Inspection/Create Address/Page_JM Control Centre (1)/SearchButton' is clicked on

2018-05-24 13:44:33 - [TEST_STEP][PASSED] - Statement - FullAddress = com.kms.katalon.core.webui.keyword.WebUiBuiltInKeywords.modifyObjectProperty(com.kms.katalon.core.testobject.ObjectRepository.findTestObject(FSM1/Control Centre/Create EMI Inspection/Page_JM Control Centre/Address), "text", "equals", com.kms.katalon.core.testdata.TestDataFactory.findTestData(Data Files/EMI Inspection Data).getValue(2, 1), true): Modify property of object successfully

2018-05-24 13:44:34 - [MESSAGE][PASSED] - Modify property of object successfully

2018-05-24 13:44:34 - [TEST_STEP][PASSED] - click: Object: 'Object Repository/FSM1/Control Centre/Create EMI Inspection/Page_JM Control Centre/Address' is clicked on

2018-05-24 13:44:34 - [MESSAGE][PASSED] - Object: 'Object Repository/FSM1/Control Centre/Create EMI Inspection/Page_JM Control Centre/Address' is clicked on

2018-05-24 13:44:35 - [TEST_STEP][NOT_RUN] - click: NOT_RUN: click

2018-05-24 13:44:35 - [MESSAGE][NOT_RUN] - NOT_RUN: click

2018-05-24 13:44:35 - [TEST_STEP][PASSED] - click: Object: 'Object Repository/FSM1/Control Centre/Create EMI Inspection/Create Address/Page_JM Control Centre (2)/div_Add Selected Item' is clicked on

2018-05-24 13:44:36 - [MESSAGE][PASSED] - Object: 'Object Repository/FSM1/Control Centre/Create EMI Inspection/Create Address/Page_JM Control Centre (2)/div_Add Selected Item' is clicked on

2018-05-24 13:44:36 - [TEST_STEP][PASSED] - click: Object: 'Object Repository/FSM1/JH Test 1/Page_JM Control Centre (1)/div_Scheduling WindowFollow SL' is clicked on

2018-05-24 13:44:38 - [MESSAGE][PASSED] - Object: 'Object Repository/FSM1/JH Test 1/Page_JM Control Centre (1)/div_Scheduling WindowFollow SL' is clicked on

2018-05-24 13:44:38 - [TEST_STEP][PASSED] - setText: Text 'Jon Hatfield' is set on object 'Object Repository/FSM1/JH Test 1/Page_JM Control Centre (2)/input_gwt-uid-147'

2018-05-24 13:44:40 - [MESSAGE][PASSED] - Text 'Jon Hatfield' is set on object 'Object Repository/FSM1/JH Test 1/Page_JM Control Centre (2)/input_gwt-uid-147'

2018-05-24 13:44:40 - [TEST_STEP][PASSED] - Statement - InspectorName = com.kms.katalon.core.webui.keyword.WebUiBuiltInKeywords.modifyObjectProperty(com.kms.katalon.core.testobject.ObjectRepository.findTestObject(FSM1/JH Test 1/Page_JM Control Centre (4)/InspectorName), "text", "equals", com.kms.katalon.core.testdata.TestDataFactory.findTestData(Data Files/EMI Inspection Data).getValue(3, 1), true): Modify property of object successfully

2018-05-24 13:44:40 - [MESSAGE][PASSED] - Modify property of object successfully

2018-05-24 13:44:40 - [TEST_STEP][PASSED] - click: Object: 'Object Repository/FSM1/JH Test 1/Page_JM Control Centre (4)/InspectorName' is clicked on

2018-05-24 13:44:40 - [MESSAGE][PASSED] - Object: 'Object Repository/FSM1/JH Test 1/Page_JM Control Centre (4)/InspectorName' is clicked on

2018-05-24 13:44:41 - [TEST_STEP][PASSED] - click: Object: 'Object Repository/FSM1/JH Test 2/Page_JM Control Centre/div_Duration' is clicked on

2018-05-24 13:44:41 - [MESSAGE][PASSED] - Object: 'Object Repository/FSM1/JH Test 2/Page_JM Control Centre/div_Duration' is clicked on

2018-05-24 13:44:41 - [TEST_STEP][PASSED] - setText: Text '15' is set on object 'Object Repository/FSM1/JH Test 2/Page_JM Control Centre/input_gwt-uid-97'

2018-05-24 13:44:41 - [MESSAGE][PASSED] - Text '15' is set on object 'Object Repository/FSM1/JH Test 2/Page_JM Control Centre/input_gwt-uid-97'

2018-05-24 13:44:41 - [TEST_STEP][PASSED] - setText: Text 'west' is set on object 'Object Repository/FSM1/JH Test 3/Page_JM Control Centre/input_gwt-uid-107'

2018-05-24 13:44:42 - [MESSAGE][PASSED] - Text 'west' is set on object 'Object Repository/FSM1/JH Test 3/Page_JM Control Centre/input_gwt-uid-107'

2018-05-24 13:44:43 - [TEST_STEP][PASSED] - click: Object: 'Object Repository/FSM1/JH Test 3/Page_JM Control Centre/span_West' is clicked on

2018-05-24 13:44:43 - [MESSAGE][PASSED] - Object: 'Object Repository/FSM1/JH Test 3/Page_JM Control Centre/span_West' is clicked on

2018-05-24 13:44:43 - [TEST_STEP][PASSED] - setText: Text 'EMI Routiine' is set on object 'Object Repository/FSM1/JH Test 3/Page_JM Control Centre/input_gwt-uid-115'

2018-05-24 13:44:44 - [MESSAGE][PASSED] - Text 'EMI Routiine' is set on object 'Object Repository/FSM1/JH Test 3/Page_JM Control Centre/input_gwt-uid-115'

2018-05-24 13:44:45 - [TEST_STEP][PASSED] - Statement - InspectionType = com.kms.katalon.core.webui.keyword.WebUiBuiltInKeywords.modifyObjectProperty(com.kms.katalon.core.testobject.ObjectRepository.findTestObject(FSM1/JH Test 3/Page_JM Control Centre/InspectionType), "text", "equals", com.kms.katalon.core.testdata.TestDataFactory.findTestData(Data Files/EMI Inspection Data).getValue(4, 1), true): Modify property of object successfully

2018-05-24 13:44:45 - [MESSAGE][PASSED] - Modify property of object successfully

2018-05-24 13:44:45 - [TEST_STEP][FAILED] - click: Unable to click on object 'Object Repository/FSM1/JH Test 3/Page_JM Control Centre/InspectionType' (Root cause: com.kms.katalon.core.webui.exception.WebElementNotFoundException: Web element with id: 'Object Repository/FSM1/JH Test 3/Page_JM Control Centre/InspectionType' located by 'By.xpath: //span[(text() = 'EMI Routiine' or . = 'EMI Routiine')]' not found)

2018-05-24 13:45:16 - [MESSAGE][FAILED] - Unable to click on object 'Object Repository/FSM1/JH Test 3/Page_JM Control Centre/InspectionType' (Root cause: com.kms.katalon.core.webui.exception.WebElementNotFoundException: Web element with id: 'Object Repository/FSM1/JH Test 3/Page_JM Control Centre/InspectionType' located by 'By.xpath: //span[(text() = 'EMI Routiine' or . = 'EMI Routiine')]' not found)
[[ATTACHMENT|C:\\Users\\JHATFIELD\\git\\DEFRA-FSM_Automated_Regression_NEW\\Reports\\EMI Regression\\20180524_134359\\1527169516038.png]]]]></system-out>
         <system-err><![CDATA[2018-05-24 13:44:18 - [TEST_CASE][FAILED] - Test Cases/Create EMI Inspection: Test Cases/Create EMI Inspection FAILED because (of) Unable to click on object 'Object Repository/FSM1/JH Test 3/Page_JM Control Centre/InspectionType' (Root cause: com.kms.katalon.core.webui.exception.WebElementNotFoundException: Web element with id: 'Object Repository/FSM1/JH Test 3/Page_JM Control Centre/InspectionType' located by 'By.xpath: //span[(text() = 'EMI Routiine' or . = 'EMI Routiine')]' not found)]]></system-err>
      </testcase>
      <system-out><![CDATA[2018-05-24 13:44:02 - [TEST_SUITE][FAILED] - EMI Regression: Test Cases/Create EMI Inspection FAILED because (of) Unable to click on object 'Object Repository/FSM1/JH Test 3/Page_JM Control Centre/InspectionType' (Root cause: com.kms.katalon.core.webui.exception.WebElementNotFoundException: Web element with id: 'Object Repository/FSM1/JH Test 3/Page_JM Control Centre/InspectionType' located by 'By.xpath: //span[(text() = 'EMI Routiine' or . = 'EMI Routiine')]' not found)]]></system-out>
      <system-err><![CDATA[2018-05-24 13:44:02 - [TEST_SUITE][FAILED] - EMI Regression: Test Cases/Create EMI Inspection FAILED because (of) Unable to click on object 'Object Repository/FSM1/JH Test 3/Page_JM Control Centre/InspectionType' (Root cause: com.kms.katalon.core.webui.exception.WebElementNotFoundException: Web element with id: 'Object Repository/FSM1/JH Test 3/Page_JM Control Centre/InspectionType' located by 'By.xpath: //span[(text() = 'EMI Routiine' or . = 'EMI Routiine')]' not found)]]></system-err>
   </testsuite>
</testsuites>
