<?xml version="1.0" encoding="UTF-8"?>
<testsuites name="EMI Regression - Hygiene" time="114" tests="1" failures="0" errors="0">
   <testsuite name="EMI Regression - Hygiene" tests="1" failures="0" errors="0" time="114" timestamp="2018-12-05 14:46:09" hostname="JHATFIELD - SNDFSMINFSRV001.defra.onmicrosoft.com" id="Test Suites/EMI/EMI Regression - Hygiene">
      <properties>
         <property name="deviceName" value=""/>
         <property name="devicePlatform" value=""/>
         <property name="logFolder" value="C:\\Users\\JHATFIELD\\git\\DEFRA-FSM_Automated_Regression_JM_Upgrade\\Reports\\EMI\\EMI Regression - Hygiene\\20181205_144603"/>
         <property name="logFiles" value="C:\\Users\\JHATFIELD\\git\\DEFRA-FSM_Automated_Regression_JM_Upgrade\\Reports\\EMI\\EMI Regression - Hygiene\\20181205_144603\\execution0.log"/>
         <property name="attachments" value=""/>
         <property name="hostName" value="JHATFIELD - SNDFSMINFSRV001.defra.onmicrosoft.com"/>
         <property name="os" value="Windows Server 2016 64bit"/>
         <property name="katalonVersion" value="5.9.1.2"/>
         <property name="browser" value="Chrome 70.0.3538.110"/>
         <property name="hostAddress" value="10.201.1.17"/>
         <property name="sessionId" value="9d33003a89750af68e00a4631094d5cd"/>
         <property name="seleniumVersion" value="3.7.1"/>
         <property name="proxyInformation" value="ProxyInformation{proxyOption=NO_PROXY, proxyServerType=HTTP, password=, proxyServerAddress=, proxyServerPort=0}"/>
         <property name="platform" value="Windows Server 2016"/>
      </properties>
      <testcase name="Test Cases/Generic/Launch Job Manager Control Centre" classname="Test Cases/Generic/Launch Job Manager Control Centre" status="PASSED">
         <system-out><![CDATA[2018-12-05 14:46:10 - [TEST_CASE][PASSED] - Test Cases/Generic/Launch Job Manager Control Centre: Test Cases/Generic/Launch Job Manager Control Centre

2018-12-05 14:46:11 - [TEST_STEP][PASSED] - openBrowser(""): Browser is opened with url: ''

2018-12-05 14:46:12 - [MESSAGE][INFO] - Starting 'Chrome' driver

2018-12-05 14:46:12 - [MESSAGE][INFO] - Action delay is set to 0 seconds

2018-12-05 14:46:16 - [MESSAGE][PASSED] - Browser is opened with url: ''

2018-12-05 14:46:16 - [TEST_STEP][PASSED] - navigateToUrl(CCURL): Navigate to 'https://kirona-def-6.kirona.com/jmprep/login#!loginView' successfully

2018-12-05 14:46:18 - [MESSAGE][PASSED] - Navigate to 'https://kirona-def-6.kirona.com/jmprep/login#!loginView' successfully

2018-12-05 14:46:18 - [TEST_STEP][PASSED] - setText(findTestObject("FSM1/Control Centre/Page_Job Manager Login/input_gwt-uid-3"), Username): Text 'jon.hatfield' is set on object 'Object Repository/FSM1/Control Centre/Page_Job Manager Login/input_gwt-uid-3'

2018-12-05 14:46:20 - [MESSAGE][PASSED] - Text 'jon.hatfield' is set on object 'Object Repository/FSM1/Control Centre/Page_Job Manager Login/input_gwt-uid-3'

2018-12-05 14:46:20 - [TEST_STEP][PASSED] - setText(findTestObject("FSM1/Control Centre/Page_Job Manager Login/input_gwt-uid-5"), Password): Text 'Fr@nc1sJ0n' is set on object 'Object Repository/FSM1/Control Centre/Page_Job Manager Login/input_gwt-uid-5'

2018-12-05 14:46:20 - [MESSAGE][PASSED] - Text 'Fr@nc1sJ0n' is set on object 'Object Repository/FSM1/Control Centre/Page_Job Manager Login/input_gwt-uid-5'

2018-12-05 14:46:20 - [TEST_STEP][PASSED] - click(findTestObject("FSM1/PreProd/Page_Job Manager Login/div_Login")): Object: 'Object Repository/FSM1/PreProd/Page_Job Manager Login/div_Login' is clicked on

2018-12-05 14:46:20 - [MESSAGE][PASSED] - Object: 'Object Repository/FSM1/PreProd/Page_Job Manager Login/div_Login' is clicked on

2018-12-05 14:46:20 - [TEST_STEP][PASSED] - delay(5): Delayed 5 second(s)

2018-12-05 14:46:25 - [MESSAGE][PASSED] - Delayed 5 second(s)]]></system-out>
         <system-err><![CDATA[]]></system-err>
      </testcase>
      <testcase name="Test Cases/EMI/Create EMI Hygiene Inspection" classname="Test Cases/EMI/Create EMI Hygiene Inspection" status="INCOMPLETE">
         <system-out><![CDATA[2018-12-05 14:46:26 - [TEST_CASE][INCOMPLETE] - Test Cases/EMI/Create EMI Hygiene Inspection: null

2018-12-05 14:46:27 - [TEST_STEP][PASSED] - logg = new com.kms.katalon.core.logging.KeywordLogger(): null

2018-12-05 14:46:27 - [TEST_STEP][PASSED] - click(findTestObject("FSM1/Control Centre/Create EMI Inspection New/Page_JM Control Centre/div_Create")): Object: 'Object Repository/FSM1/Control Centre/Create EMI Inspection New/Page_JM Control Centre/div_Create' is clicked on

2018-12-05 14:46:35 - [MESSAGE][PASSED] - Object: 'Object Repository/FSM1/Control Centre/Create EMI Inspection New/Page_JM Control Centre/div_Create' is clicked on

2018-12-05 14:46:35 - [TEST_STEP][PASSED] - click(findTestObject("FSM1/Control Centre/Create EMI Inspection New/Page_JM Control Centre/div_v-filterselect-button")): Object: 'Object Repository/FSM1/Control Centre/Create EMI Inspection New/Page_JM Control Centre/div_v-filterselect-button' is clicked on

2018-12-05 14:46:38 - [MESSAGE][PASSED] - Object: 'Object Repository/FSM1/Control Centre/Create EMI Inspection New/Page_JM Control Centre/div_v-filterselect-button' is clicked on

2018-12-05 14:46:38 - [TEST_STEP][PASSED] - setText(findTestObject("FSM1/Control Centre/Create EMI Inspection New/Page_JM Control Centre/input_gwt-uid-8"), "emi"): Text 'emi' is set on object 'Object Repository/FSM1/Control Centre/Create EMI Inspection New/Page_JM Control Centre/input_gwt-uid-8'

2018-12-05 14:46:38 - [MESSAGE][PASSED] - Text 'emi' is set on object 'Object Repository/FSM1/Control Centre/Create EMI Inspection New/Page_JM Control Centre/input_gwt-uid-8'

2018-12-05 14:46:38 - [TEST_STEP][PASSED] - click(findTestObject("FSM1/Control Centre/Create EMI Inspection New/Page_JM Control Centre/span_EMI Hygiene Inspection")): Object: 'Object Repository/FSM1/Control Centre/Create EMI Inspection New/Page_JM Control Centre/span_EMI Hygiene Inspection' is clicked on

2018-12-05 14:46:39 - [MESSAGE][PASSED] - Object: 'Object Repository/FSM1/Control Centre/Create EMI Inspection New/Page_JM Control Centre/span_EMI Hygiene Inspection' is clicked on

2018-12-05 14:46:39 - [TEST_STEP][PASSED] - setText(findTestObject("FSM1/Control Centre/Create EMI Inspection New/Page_JM Control Centre/input_gwt-uid-16"), "15"): Text '15' is set on object 'Object Repository/FSM1/Control Centre/Create EMI Inspection New/Page_JM Control Centre/input_gwt-uid-16'

2018-12-05 14:46:42 - [MESSAGE][PASSED] - Text '15' is set on object 'Object Repository/FSM1/Control Centre/Create EMI Inspection New/Page_JM Control Centre/input_gwt-uid-16'

2018-12-05 14:46:42 - [TEST_STEP][PASSED] - click(findTestObject("FSM1/Control Centre/Create EMI Inspection New/Page_JM Control Centre/div_v-filterselect-button_1")): Object: 'Object Repository/FSM1/Control Centre/Create EMI Inspection New/Page_JM Control Centre/div_v-filterselect-button_1' is clicked on

2018-12-05 14:46:42 - [MESSAGE][PASSED] - Object: 'Object Repository/FSM1/Control Centre/Create EMI Inspection New/Page_JM Control Centre/div_v-filterselect-button_1' is clicked on

2018-12-05 14:46:42 - [TEST_STEP][PASSED] - click(findTestObject("FSM1/Control Centre/Create EMI Inspection New/Page_JM Control Centre/span_24 Hours")): Object: 'Object Repository/FSM1/Control Centre/Create EMI Inspection New/Page_JM Control Centre/span_24 Hours' is clicked on

2018-12-05 14:46:43 - [MESSAGE][PASSED] - Object: 'Object Repository/FSM1/Control Centre/Create EMI Inspection New/Page_JM Control Centre/span_24 Hours' is clicked on

2018-12-05 14:46:43 - [TEST_STEP][PASSED] - click(findTestObject("Object Repository/JM_8918/Page_JM Control Centre/div_Region_v-filterselect-butt")): Object: 'Object Repository/JM_8918/Page_JM Control Centre/div_Region_v-filterselect-butt' is clicked on

2018-12-05 14:46:43 - [MESSAGE][PASSED] - Object: 'Object Repository/JM_8918/Page_JM Control Centre/div_Region_v-filterselect-butt' is clicked on

2018-12-05 14:46:43 - [TEST_STEP][PASSED] - click(findTestObject("FSM1/Control Centre/Create EMI Inspection New/Page_JM Control Centre/span_West")): Object: 'Object Repository/FSM1/Control Centre/Create EMI Inspection New/Page_JM Control Centre/span_West' is clicked on

2018-12-05 14:46:43 - [MESSAGE][PASSED] - Object: 'Object Repository/FSM1/Control Centre/Create EMI Inspection New/Page_JM Control Centre/span_West' is clicked on

2018-12-05 14:46:43 - [TEST_STEP][PASSED] - click(findTestObject("Object Repository/JM_8918/Page_JM Control Centre/div_Inspection Type_v-filterse")): Object: 'Object Repository/JM_8918/Page_JM Control Centre/div_Inspection Type_v-filterse' is clicked on

2018-12-05 14:46:44 - [MESSAGE][PASSED] - Object: 'Object Repository/JM_8918/Page_JM Control Centre/div_Inspection Type_v-filterse' is clicked on

2018-12-05 14:46:44 - [TEST_STEP][PASSED] - click(findTestObject("FSM1/Control Centre/Create EMI Inspection New/Page_JM Control Centre/span_EMI Hygiene Inspection")): Object: 'Object Repository/FSM1/Control Centre/Create EMI Inspection New/Page_JM Control Centre/span_EMI Hygiene Inspection' is clicked on

2018-12-05 14:46:44 - [MESSAGE][PASSED] - Object: 'Object Repository/FSM1/Control Centre/Create EMI Inspection New/Page_JM Control Centre/span_EMI Hygiene Inspection' is clicked on

2018-12-05 14:46:44 - [TEST_STEP][PASSED] - setText(findTestObject("FSM1/Control Centre/Create EMI Inspection New/Page_JM Control Centre/input_gwt-uid-34"), "Test Automation"): Text 'Test Automation' is set on object 'Object Repository/FSM1/Control Centre/Create EMI Inspection New/Page_JM Control Centre/input_gwt-uid-34'

2018-12-05 14:46:45 - [MESSAGE][PASSED] - Text 'Test Automation' is set on object 'Object Repository/FSM1/Control Centre/Create EMI Inspection New/Page_JM Control Centre/input_gwt-uid-34'

2018-12-05 14:46:45 - [TEST_STEP][PASSED] - setText(findTestObject("FSM1/Control Centre/Create EMI Inspection New/Page_JM Control Centre/input_gwt-uid-40"), RandomStringUtils.randomNumeric(5)): Text '42291' is set on object 'Object Repository/FSM1/Control Centre/Create EMI Inspection New/Page_JM Control Centre/input_gwt-uid-40'

2018-12-05 14:46:45 - [MESSAGE][PASSED] - Text '42291' is set on object 'Object Repository/FSM1/Control Centre/Create EMI Inspection New/Page_JM Control Centre/input_gwt-uid-40'

2018-12-05 14:46:45 - [TEST_STEP][PASSED] - setText(findTestObject("FSM1/Control Centre/Create EMI Inspection New/Page_JM Control Centre/input_gwt-uid-42"), RandomStringUtils.randomNumeric(5)): Text '73991' is set on object 'Object Repository/FSM1/Control Centre/Create EMI Inspection New/Page_JM Control Centre/input_gwt-uid-42'

2018-12-05 14:46:46 - [MESSAGE][PASSED] - Text '73991' is set on object 'Object Repository/FSM1/Control Centre/Create EMI Inspection New/Page_JM Control Centre/input_gwt-uid-42'

2018-12-05 14:46:46 - [TEST_STEP][PASSED] - click(findTestObject("FSM1/Control Centre/Create EMI Inspection/Page_JM Control Centre/span_")): Object: 'Object Repository/FSM1/Control Centre/Create EMI Inspection/Page_JM Control Centre/span_' is clicked on

2018-12-05 14:46:46 - [MESSAGE][PASSED] - Object: 'Object Repository/FSM1/Control Centre/Create EMI Inspection/Page_JM Control Centre/span_' is clicked on

2018-12-05 14:46:46 - [TEST_STEP][NOT_RUN] - click(findTestObject("FSM1/Control Centre/Create EMI Inspection/Address Search/Page_JM Control Centre/Postcode Search")): NOT_RUN: click(findTestObject("FSM1/Control Centre/Create EMI Inspection/Address Search/Page_JM Control Centre/Postcode Search"))

2018-12-05 14:46:46 - [MESSAGE][NOT_RUN] - NOT_RUN: click(findTestObject("FSM1/Control Centre/Create EMI Inspection/Address Search/Page_JM Control Centre/Postcode Search"))

2018-12-05 14:46:46 - [TEST_STEP][PASSED] - setText(findTestObject("JM_8918/Page_JM Control Centre/input_Add Location_v-textfield"), findTestData("Pre Production/EMI/EMI Inspection Data").getValue(1, 1)): Text 'WR5 2NQ' is set on object 'Object Repository/JM_8918/Page_JM Control Centre/input_Add Location_v-textfield'

2018-12-05 14:46:49 - [MESSAGE][PASSED] - Text 'WR5 2NQ' is set on object 'Object Repository/JM_8918/Page_JM Control Centre/input_Add Location_v-textfield'

2018-12-05 14:46:49 - [TEST_STEP][PASSED] - doubleClick(findTestObject("JM_8918/Page_JM Control Centre/div_Search")): Object: 'Object Repository/JM_8918/Page_JM Control Centre/div_Search' is double clicked on

2018-12-05 14:46:50 - [MESSAGE][PASSED] - Object: 'Object Repository/JM_8918/Page_JM Control Centre/div_Search' is double clicked on

2018-12-05 14:46:50 - [TEST_STEP][PASSED] - FullAddress = modifyObjectProperty(findTestObject("FSM1/Control Centre/Create EMI Inspection/Page_JM Control Centre/Address"), "text", "equals", findTestData("Pre Production/EMI/EMI Inspection Data").getValue(2, 1), true): Modify property of object successfully

2018-12-05 14:46:50 - [MESSAGE][PASSED] - Modify property of object successfully

2018-12-05 14:46:50 - [TEST_STEP][PASSED] - click(FullAddress, STOP_ON_FAILURE): Object: 'Object Repository/FSM1/Control Centre/Create EMI Inspection/Page_JM Control Centre/Address' is clicked on

2018-12-05 14:46:51 - [MESSAGE][PASSED] - Object: 'Object Repository/FSM1/Control Centre/Create EMI Inspection/Page_JM Control Centre/Address' is clicked on

2018-12-05 14:46:51 - [TEST_STEP][PASSED] - click(findTestObject("FSM1/Control Centre/Create EMI Inspection/Create Address/Page_JM Control Centre (2)/div_Add Selected Item")): Object: 'Object Repository/FSM1/Control Centre/Create EMI Inspection/Create Address/Page_JM Control Centre (2)/div_Add Selected Item' is clicked on

2018-12-05 14:46:51 - [MESSAGE][PASSED] - Object: 'Object Repository/FSM1/Control Centre/Create EMI Inspection/Create Address/Page_JM Control Centre (2)/div_Add Selected Item' is clicked on

2018-12-05 14:46:52 - [TEST_STEP][PASSED] - delay(2): Delayed 2 second(s)

2018-12-05 14:46:54 - [MESSAGE][PASSED] - Delayed 2 second(s)

2018-12-05 14:46:54 - [TEST_STEP][PASSED] - setText(findTestObject("Object Repository/JM_8918/Page_JM Control Centre/input_Fixed Resource_gwt-uid-1"), "test"): Text 'test' is set on object 'Object Repository/JM_8918/Page_JM Control Centre/input_Fixed Resource_gwt-uid-1'

2018-12-05 14:46:55 - [MESSAGE][PASSED] - Text 'test' is set on object 'Object Repository/JM_8918/Page_JM Control Centre/input_Fixed Resource_gwt-uid-1'

2018-12-05 14:46:55 - [TEST_STEP][PASSED] - click(findTestObject("FSM1/Control Centre/Create EMI Inspection New/Page_JM Control Centre/span_Test Inspector")): Object: 'Object Repository/FSM1/Control Centre/Create EMI Inspection New/Page_JM Control Centre/span_Test Inspector' is clicked on

2018-12-05 14:46:55 - [MESSAGE][PASSED] - Object: 'Object Repository/FSM1/Control Centre/Create EMI Inspection New/Page_JM Control Centre/span_Test Inspector' is clicked on

2018-12-05 14:46:55 - [TEST_STEP][PASSED] - setText(findTestObject("Object Repository/JM_8918/Page_JM Control Centre/input_Fixed Resource_gwt-uid-1"), "Test Inspector"): Text 'Test Inspector' is set on object 'Object Repository/JM_8918/Page_JM Control Centre/input_Fixed Resource_gwt-uid-1'

2018-12-05 14:46:56 - [MESSAGE][PASSED] - Text 'Test Inspector' is set on object 'Object Repository/JM_8918/Page_JM Control Centre/input_Fixed Resource_gwt-uid-1'

2018-12-05 14:46:56 - [TEST_STEP][PASSED] - click(findTestObject("FSM1/Control Centre/Create EMI Inspection/Finish/Page_JM Control Centre (3)/div_Create")): Object: 'Object Repository/FSM1/Control Centre/Create EMI Inspection/Finish/Page_JM Control Centre (3)/div_Create' is clicked on

2018-12-05 14:46:56 - [MESSAGE][PASSED] - Object: 'Object Repository/FSM1/Control Centre/Create EMI Inspection/Finish/Page_JM Control Centre (3)/div_Create' is clicked on

2018-12-05 14:46:56 - [TEST_STEP][PASSED] - waitForElementPresent(findTestObject("FSM1/Control Centre/Status/Page_JM Control Centre/div_PLANNED DYNAMIC"), 120, STOP_ON_FAILURE): Object 'Object Repository/FSM1/Control Centre/Status/Page_JM Control Centre/div_PLANNED DYNAMIC' is present

2018-12-05 14:48:03 - [MESSAGE][PASSED] - Object 'Object Repository/FSM1/Control Centre/Status/Page_JM Control Centre/div_PLANNED DYNAMIC' is present

2018-12-05 14:48:03 - [TEST_STEP][PASSED] - InspectionID = getText(findTestObject("FSM1/Control Centre/Create EMI Inspection/InspectionID/Page_JM Control Centre/InspectionID")): Text of object 'Object Repository/FSM1/Control Centre/Create EMI Inspection/InspectionID/Page_JM Control Centre/InspectionID' is: 'Viewing Job 94312'

2018-12-05 14:48:04 - [MESSAGE][PASSED] - Text of object 'Object Repository/FSM1/Control Centre/Create EMI Inspection/InspectionID/Page_JM Control Centre/InspectionID' is: 'Viewing Job 94312'

2018-12-05 14:48:04 - [TEST_STEP][PASSED] - InspectionID = InspectionID.replaceAll("Viewing Job ", ""): null

2018-12-05 14:48:04 - [TEST_STEP][PASSED] - logg.logWarning(InspectionID): 94312

2018-12-05 14:48:04 - [MESSAGE][WARNING] - 94312

2018-12-05 14:48:04 - [TEST_STEP][PASSED] - temp = InspectionID: null

2018-12-05 14:48:04 - [TEST_STEP][INCOMPLETE] - delay(200): null]]></system-out>
         <system-err><![CDATA[2018-12-05 14:46:26 - [TEST_CASE][INCOMPLETE] - Test Cases/EMI/Create EMI Hygiene Inspection: null]]></system-err>
      </testcase>
      <system-out><![CDATA[2018-12-05 14:46:09 - [TEST_SUITE][INCOMPLETE] - EMI Regression - Hygiene: null]]></system-out>
      <system-err><![CDATA[2018-12-05 14:46:09 - [TEST_SUITE][INCOMPLETE] - EMI Regression - Hygiene: null]]></system-err>
   </testsuite>
</testsuites>
