<?xml version="1.0" encoding="UTF-8"?>
<testsuites name="PMM Regression - Compliance" time="422" tests="13" failures="0" errors="0">
   <testsuite name="PMM Regression - Compliance" tests="13" failures="0" errors="0" time="422" timestamp="2018-11-12 09:49:13" hostname="JHATFIELD - SNDFSMINFSRV001.defra.onmicrosoft.com" id="Test Suites/PMM/PMM Regression - Compliance">
      <properties>
         <property name="deviceName" value=""/>
         <property name="devicePlatform" value=""/>
         <property name="logFolder" value="C:\\Users\\JHATFIELD\\git\\DEFRA-FSM_Automated_Regression_NEW\\Reports\\PMM\\PMM Regression - Compliance\\20181112_094909"/>
         <property name="logFiles" value="C:\\Users\\JHATFIELD\\git\\DEFRA-FSM_Automated_Regression_NEW\\Reports\\PMM\\PMM Regression - Compliance\\20181112_094909\\execution0.log"/>
         <property name="attachments" value=""/>
         <property name="hostName" value="JHATFIELD - SNDFSMINFSRV001.defra.onmicrosoft.com"/>
         <property name="os" value="Windows Server 2016 64bit"/>
         <property name="katalonVersion" value="5.8.4.14"/>
         <property name="browser" value="Chrome 70.0.3538.102"/>
         <property name="hostAddress" value="10.201.1.17"/>
         <property name="sessionId" value="03413efc25e23e03ec7f346c2b2be811"/>
         <property name="seleniumVersion" value="3.7.1"/>
         <property name="proxyInformation" value="ProxyInformation{proxyOption=NO_PROXY, proxyServerType=HTTP, password=, proxyServerAddress=, proxyServerPort=0}"/>
         <property name="platform" value="Windows Server 2016"/>
      </properties>
      <testcase name="Test Cases/Generic/Launch Job Manager Control Centre" classname="Test Cases/Generic/Launch Job Manager Control Centre" status="PASSED">
         <system-out><![CDATA[2018-11-12 09:49:14 - [TEST_CASE][PASSED] - Test Cases/Generic/Launch Job Manager Control Centre: Test Cases/Generic/Launch Job Manager Control Centre

2018-11-12 09:49:15 - [TEST_STEP][PASSED] - openBrowser: Browser is opened with url: ''

2018-11-12 09:49:20 - [MESSAGE][PASSED] - Browser is opened with url: ''

2018-11-12 09:49:20 - [TEST_STEP][PASSED] - navigateToUrl: Navigate to 'https://kirona-def-6.kirona.com/jmprep/login#!loginView' successfully

2018-11-12 09:49:22 - [MESSAGE][PASSED] - Navigate to 'https://kirona-def-6.kirona.com/jmprep/login#!loginView' successfully

2018-11-12 09:49:22 - [TEST_STEP][PASSED] - setText: Text 'jon.hatfield' is set on object 'Object Repository/FSM1/Control Centre/Page_Job Manager Login/input_gwt-uid-3'

2018-11-12 09:49:24 - [MESSAGE][PASSED] - Text 'jon.hatfield' is set on object 'Object Repository/FSM1/Control Centre/Page_Job Manager Login/input_gwt-uid-3'

2018-11-12 09:49:24 - [TEST_STEP][PASSED] - setText: Text 'Fr@nc1sJ0n' is set on object 'Object Repository/FSM1/Control Centre/Page_Job Manager Login/input_gwt-uid-5'

2018-11-12 09:49:25 - [MESSAGE][PASSED] - Text 'Fr@nc1sJ0n' is set on object 'Object Repository/FSM1/Control Centre/Page_Job Manager Login/input_gwt-uid-5'

2018-11-12 09:49:25 - [TEST_STEP][PASSED] - click: Object: 'Object Repository/FSM1/PreProd/Page_Job Manager Login/div_Login' is clicked on

2018-11-12 09:49:26 - [MESSAGE][PASSED] - Object: 'Object Repository/FSM1/PreProd/Page_Job Manager Login/div_Login' is clicked on

2018-11-12 09:49:26 - [TEST_STEP][PASSED] - delay: Delayed 5 second(s)

2018-11-12 09:49:31 - [MESSAGE][PASSED] - Delayed 5 second(s)]]></system-out>
         <system-err><![CDATA[]]></system-err>
      </testcase>
      <testcase name="Test Cases/PMM/Compliance/Create PMM Inspection - Compliance" classname="Test Cases/PMM/Compliance/Create PMM Inspection - Compliance" status="PASSED">
         <system-out><![CDATA[2018-11-12 09:49:31 - [TEST_CASE][PASSED] - Test Cases/PMM/Compliance/Create PMM Inspection - Compliance: Test Cases/PMM/Compliance/Create PMM Inspection - Compliance

2018-11-12 09:49:31 - [TEST_STEP][PASSED] - Statement - log = new com.kms.katalon.core.logging.KeywordLogger(): null

2018-11-12 09:49:31 - [TEST_STEP][PASSED] - delay: Delayed 2 second(s)

2018-11-12 09:49:33 - [MESSAGE][PASSED] - Delayed 2 second(s)

2018-11-12 09:49:33 - [TEST_STEP][PASSED] - click: Object: 'Object Repository/FSM1/Create PMM Inspection/a/Page_JM Control Centre/Page_JM Control Centre/div_Create' is clicked on

2018-11-12 09:49:34 - [MESSAGE][PASSED] - Object: 'Object Repository/FSM1/Create PMM Inspection/a/Page_JM Control Centre/Page_JM Control Centre/div_Create' is clicked on

2018-11-12 09:49:34 - [TEST_STEP][PASSED] - delay: Delayed 2 second(s)

2018-11-12 09:49:36 - [MESSAGE][PASSED] - Delayed 2 second(s)

2018-11-12 09:49:36 - [TEST_STEP][PASSED] - setText: Text 'pmr03a' is set on object 'Object Repository/FSM1/Create PMM Inspection/a/Page_JM Control Centre/Page_JM Control Centre/input_Type_gwt-uid-8'

2018-11-12 09:49:37 - [MESSAGE][PASSED] - Text 'pmr03a' is set on object 'Object Repository/FSM1/Create PMM Inspection/a/Page_JM Control Centre/Page_JM Control Centre/input_Type_gwt-uid-8'

2018-11-12 09:49:37 - [TEST_STEP][PASSED] - click: Object: 'Object Repository/FSM1/Create PMM Inspection/a/Page_JM Control Centre/Page_JM Control Centre/span_PMR03A - Producer Complia' is clicked on

2018-11-12 09:49:37 - [MESSAGE][PASSED] - Object: 'Object Repository/FSM1/Create PMM Inspection/a/Page_JM Control Centre/Page_JM Control Centre/span_PMR03A - Producer Complia' is clicked on

2018-11-12 09:49:38 - [TEST_STEP][NOT_RUN] - setText: NOT_RUN: setText

2018-11-12 09:49:38 - [MESSAGE][NOT_RUN] - NOT_RUN: setText

2018-11-12 09:49:38 - [TEST_STEP][PASSED] - click: Object: 'Object Repository/FSM1/Control Centre/Create EMI Inspection New/Page_JM Control Centre/div_v-filterselect-button_1' is clicked on

2018-11-12 09:49:40 - [MESSAGE][PASSED] - Object: 'Object Repository/FSM1/Control Centre/Create EMI Inspection New/Page_JM Control Centre/div_v-filterselect-button_1' is clicked on

2018-11-12 09:49:40 - [TEST_STEP][PASSED] - click: Object: 'Object Repository/FSM1/Control Centre/Create EMI Inspection New/Page_JM Control Centre/span_24 Hours' is clicked on

2018-11-12 09:49:40 - [MESSAGE][PASSED] - Object: 'Object Repository/FSM1/Control Centre/Create EMI Inspection New/Page_JM Control Centre/span_24 Hours' is clicked on

2018-11-12 09:49:40 - [TEST_STEP][PASSED] - setText: Text 'w' is set on object 'Object Repository/FSM1/Create PMM Inspection/a/Page_JM Control Centre/Page_JM Control Centre/input_Region_gwt-uid-24'

2018-11-12 09:49:41 - [MESSAGE][PASSED] - Text 'w' is set on object 'Object Repository/FSM1/Create PMM Inspection/a/Page_JM Control Centre/Page_JM Control Centre/input_Region_gwt-uid-24'

2018-11-12 09:49:41 - [TEST_STEP][PASSED] - click: Object: 'Object Repository/FSM1/Create PMM Inspection/a/Page_JM Control Centre/Page_JM Control Centre/span_West' is clicked on

2018-11-12 09:49:41 - [MESSAGE][PASSED] - Object: 'Object Repository/FSM1/Create PMM Inspection/a/Page_JM Control Centre/Page_JM Control Centre/span_West' is clicked on

2018-11-12 09:49:41 - [TEST_STEP][PASSED] - setText: Text 'West' is set on object 'Object Repository/FSM1/Create PMM Inspection/a/Page_JM Control Centre/Page_JM Control Centre/input_Region_gwt-uid-24'

2018-11-12 09:49:42 - [MESSAGE][PASSED] - Text 'West' is set on object 'Object Repository/FSM1/Create PMM Inspection/a/Page_JM Control Centre/Page_JM Control Centre/input_Region_gwt-uid-24'

2018-11-12 09:49:42 - [TEST_STEP][PASSED] - setText: Text 'h' is set on object 'Object Repository/FSM1/Create PMM Inspection/a/Page_JM Control Centre/Page_JM Control Centre/input_Priority_gwt-uid-26'

2018-11-12 09:49:42 - [MESSAGE][PASSED] - Text 'h' is set on object 'Object Repository/FSM1/Create PMM Inspection/a/Page_JM Control Centre/Page_JM Control Centre/input_Priority_gwt-uid-26'

2018-11-12 09:49:42 - [TEST_STEP][PASSED] - click: Object: 'Object Repository/FSM1/Create PMM Inspection/a/Page_JM Control Centre/Page_JM Control Centre/span_High' is clicked on

2018-11-12 09:49:43 - [MESSAGE][PASSED] - Object: 'Object Repository/FSM1/Create PMM Inspection/a/Page_JM Control Centre/Page_JM Control Centre/span_High' is clicked on

2018-11-12 09:49:43 - [TEST_STEP][PASSED] - setText: Text 'High' is set on object 'Object Repository/FSM1/Create PMM Inspection/a/Page_JM Control Centre/Page_JM Control Centre/input_Priority_gwt-uid-26'

2018-11-12 09:49:43 - [MESSAGE][PASSED] - Text 'High' is set on object 'Object Repository/FSM1/Create PMM Inspection/a/Page_JM Control Centre/Page_JM Control Centre/input_Priority_gwt-uid-26'

2018-11-12 09:49:43 - [TEST_STEP][PASSED] - setText: Text 'r' is set on object 'Object Repository/FSM1/Create PMM Inspection/a/Page_JM Control Centre/Page_JM Control Centre/input_Inspection Type_gwt-uid-'

2018-11-12 09:49:44 - [MESSAGE][PASSED] - Text 'r' is set on object 'Object Repository/FSM1/Create PMM Inspection/a/Page_JM Control Centre/Page_JM Control Centre/input_Inspection Type_gwt-uid-'

2018-11-12 09:49:44 - [TEST_STEP][PASSED] - click: Object: 'Object Repository/FSM1/Create PMM Inspection/a/Page_JM Control Centre/Page_JM Control Centre/span_Routine' is clicked on

2018-11-12 09:49:44 - [MESSAGE][PASSED] - Object: 'Object Repository/FSM1/Create PMM Inspection/a/Page_JM Control Centre/Page_JM Control Centre/span_Routine' is clicked on

2018-11-12 09:49:44 - [TEST_STEP][PASSED] - click: Object: 'Object Repository/FSM1/Create PMM Inspection/a/Page_JM Control Centre/Page_JM Control Centre/div_Production Type_v-filterse' is clicked on

2018-11-12 09:49:45 - [MESSAGE][PASSED] - Object: 'Object Repository/FSM1/Create PMM Inspection/a/Page_JM Control Centre/Page_JM Control Centre/div_Production Type_v-filterse' is clicked on

2018-11-12 09:49:45 - [TEST_STEP][PASSED] - click: Object: 'Object Repository/FSM1/Create PMM Inspection/a/Page_JM Control Centre/Page_JM Control Centre/span_Extensive Indoor (Barn Re' is clicked on

2018-11-12 09:49:45 - [MESSAGE][PASSED] - Object: 'Object Repository/FSM1/Create PMM Inspection/a/Page_JM Control Centre/Page_JM Control Centre/span_Extensive Indoor (Barn Re' is clicked on

2018-11-12 09:49:45 - [TEST_STEP][PASSED] - click: Object: 'Object Repository/FSM1/Create PMM Inspection/a/Page_JM Control Centre/Page_JM Control Centre/div_Species_v-filterselect-but' is clicked on

2018-11-12 09:49:45 - [MESSAGE][PASSED] - Object: 'Object Repository/FSM1/Create PMM Inspection/a/Page_JM Control Centre/Page_JM Control Centre/div_Species_v-filterselect-but' is clicked on

2018-11-12 09:49:46 - [TEST_STEP][PASSED] - click: Object: 'Object Repository/FSM1/Create PMM Inspection/a/Page_JM Control Centre/Page_JM Control Centre/span_Chicken' is clicked on

2018-11-12 09:49:46 - [MESSAGE][PASSED] - Object: 'Object Repository/FSM1/Create PMM Inspection/a/Page_JM Control Centre/Page_JM Control Centre/span_Chicken' is clicked on

2018-11-12 09:49:46 - [TEST_STEP][PASSED] - setText: Text '85645' is set on object 'Object Repository/FSM1/Create PMM Inspection/a/Page_JM Control Centre/Page_JM Control Centre/input_Keeper ID_gwt-uid-36'

2018-11-12 09:49:47 - [MESSAGE][PASSED] - Text '85645' is set on object 'Object Repository/FSM1/Create PMM Inspection/a/Page_JM Control Centre/Page_JM Control Centre/input_Keeper ID_gwt-uid-36'

2018-11-12 09:49:47 - [TEST_STEP][PASSED] - setText: Text '14956' is set on object 'Object Repository/FSM1/Create PMM Inspection/a/Page_JM Control Centre/Page_JM Control Centre/input_Keeper Name_gwt-uid-38'

2018-11-12 09:49:47 - [MESSAGE][PASSED] - Text '14956' is set on object 'Object Repository/FSM1/Create PMM Inspection/a/Page_JM Control Centre/Page_JM Control Centre/input_Keeper Name_gwt-uid-38'

2018-11-12 09:49:47 - [TEST_STEP][PASSED] - setText: Text '37991' is set on object 'Object Repository/FSM1/Create PMM Inspection/a/Page_JM Control Centre/Page_JM Control Centre/input_Keeper Contact Name_gwt-'

2018-11-12 09:49:48 - [MESSAGE][PASSED] - Text '37991' is set on object 'Object Repository/FSM1/Create PMM Inspection/a/Page_JM Control Centre/Page_JM Control Centre/input_Keeper Contact Name_gwt-'

2018-11-12 09:49:48 - [TEST_STEP][PASSED] - setText: Text '38718' is set on object 'Object Repository/FSM1/Create PMM Inspection/a/Page_JM Control Centre/Page_JM Control Centre/input_Location ID_gwt-uid-46'

2018-11-12 09:49:48 - [MESSAGE][PASSED] - Text '38718' is set on object 'Object Repository/FSM1/Create PMM Inspection/a/Page_JM Control Centre/Page_JM Control Centre/input_Location ID_gwt-uid-46'

2018-11-12 09:49:48 - [TEST_STEP][PASSED] - setText: Text '79010' is set on object 'Object Repository/FSM1/Create PMM Inspection/a/Page_JM Control Centre/Page_JM Control Centre/input_Customer ID_gwt-uid-50'

2018-11-12 09:49:49 - [MESSAGE][PASSED] - Text '79010' is set on object 'Object Repository/FSM1/Create PMM Inspection/a/Page_JM Control Centre/Page_JM Control Centre/input_Customer ID_gwt-uid-50'

2018-11-12 09:49:49 - [TEST_STEP][PASSED] - setText: Text '55311' is set on object 'Object Repository/FSM1/Create PMM Inspection/a/Page_JM Control Centre/Page_JM Control Centre/input_Customer Name_gwt-uid-52'

2018-11-12 09:49:50 - [MESSAGE][PASSED] - Text '55311' is set on object 'Object Repository/FSM1/Create PMM Inspection/a/Page_JM Control Centre/Page_JM Control Centre/input_Customer Name_gwt-uid-52'

2018-11-12 09:49:50 - [TEST_STEP][PASSED] - setText: Text '91261' is set on object 'Object Repository/FSM1/Create PMM Inspection/a/Page_JM Control Centre/Page_JM Control Centre/input_Customer Contact Name_gw'

2018-11-12 09:49:50 - [MESSAGE][PASSED] - Text '91261' is set on object 'Object Repository/FSM1/Create PMM Inspection/a/Page_JM Control Centre/Page_JM Control Centre/input_Customer Contact Name_gw'

2018-11-12 09:49:50 - [TEST_STEP][PASSED] - setText: Text '61882' is set on object 'Object Repository/FSM1/Create PMM Inspection/a/Page_JM Control Centre/Page_JM Control Centre/input_County Parish Holding (C'

2018-11-12 09:49:51 - [MESSAGE][PASSED] - Text '61882' is set on object 'Object Repository/FSM1/Create PMM Inspection/a/Page_JM Control Centre/Page_JM Control Centre/input_County Parish Holding (C'

2018-11-12 09:49:51 - [TEST_STEP][PASSED] - setText: Text '33525' is set on object 'Object Repository/FSM1/Create PMM Inspection/a/Page_JM Control Centre/Page_JM Control Centre/input_CPHH_gwt-uid-66'

2018-11-12 09:49:51 - [MESSAGE][PASSED] - Text '33525' is set on object 'Object Repository/FSM1/Create PMM Inspection/a/Page_JM Control Centre/Page_JM Control Centre/input_CPHH_gwt-uid-66'

2018-11-12 09:49:51 - [TEST_STEP][PASSED] - click: Object: 'Object Repository/FSM1/Control Centre/Create EMI Inspection/Page_JM Control Centre/span_' is clicked on

2018-11-12 09:49:51 - [MESSAGE][PASSED] - Object: 'Object Repository/FSM1/Control Centre/Create EMI Inspection/Page_JM Control Centre/span_' is clicked on

2018-11-12 09:49:51 - [TEST_STEP][PASSED] - click: Object: 'Object Repository/FSM1/Control Centre/Create EMI Inspection/Address Search/Page_JM Control Centre/Postcode Search' is clicked on

2018-11-12 09:49:53 - [MESSAGE][PASSED] - Object: 'Object Repository/FSM1/Control Centre/Create EMI Inspection/Address Search/Page_JM Control Centre/Postcode Search' is clicked on

2018-11-12 09:49:53 - [TEST_STEP][PASSED] - setText: Text 'WR5 2NQ' is set on object 'Object Repository/FSM1/PreProd/Page_JM Control Centre/PostcodeSearch'

2018-11-12 09:49:54 - [MESSAGE][PASSED] - Text 'WR5 2NQ' is set on object 'Object Repository/FSM1/PreProd/Page_JM Control Centre/PostcodeSearch'

2018-11-12 09:49:54 - [TEST_STEP][PASSED] - click: Object: 'Object Repository/FSM1/Control Centre/Create EMI Inspection/Create Address/Page_JM Control Centre (1)/SearchButton' is clicked on

2018-11-12 09:49:54 - [MESSAGE][PASSED] - Object: 'Object Repository/FSM1/Control Centre/Create EMI Inspection/Create Address/Page_JM Control Centre (1)/SearchButton' is clicked on

2018-11-12 09:49:55 - [TEST_STEP][PASSED] - Statement - FullAddress = com.kms.katalon.core.webui.keyword.WebUiBuiltInKeywords.modifyObjectProperty(com.kms.katalon.core.testobject.ObjectRepository.findTestObject(FSM1/Control Centre/Create EMI Inspection/Page_JM Control Centre/Address), "text", "equals", com.kms.katalon.core.testdata.TestDataFactory.findTestData(Pre Production/PMM/PMM Inspection Data).getValue(2, 1), true): Modify property of object successfully

2018-11-12 09:49:55 - [MESSAGE][PASSED] - Modify property of object successfully

2018-11-12 09:49:55 - [TEST_STEP][PASSED] - click: Object: 'Object Repository/FSM1/Control Centre/Create EMI Inspection/Page_JM Control Centre/Address' is clicked on

2018-11-12 09:49:56 - [MESSAGE][PASSED] - Object: 'Object Repository/FSM1/Control Centre/Create EMI Inspection/Page_JM Control Centre/Address' is clicked on

2018-11-12 09:49:56 - [TEST_STEP][PASSED] - click: Object: 'Object Repository/FSM1/Control Centre/Create EMI Inspection/Create Address/Page_JM Control Centre (2)/div_Add Selected Item' is clicked on

2018-11-12 09:49:57 - [MESSAGE][PASSED] - Object: 'Object Repository/FSM1/Control Centre/Create EMI Inspection/Create Address/Page_JM Control Centre (2)/div_Add Selected Item' is clicked on

2018-11-12 09:49:57 - [TEST_STEP][PASSED] - delay: Delayed 2 second(s)

2018-11-12 09:49:59 - [MESSAGE][PASSED] - Delayed 2 second(s)

2018-11-12 09:49:59 - [TEST_STEP][PASSED] - setText: Text 'test' is set on object 'Object Repository/FSM1/Create PMM Inspection/b/Page_JM Control Centre/input_Fixed Resource_gwt-uid-1'

2018-11-12 09:50:00 - [MESSAGE][PASSED] - Text 'test' is set on object 'Object Repository/FSM1/Create PMM Inspection/b/Page_JM Control Centre/input_Fixed Resource_gwt-uid-1'

2018-11-12 09:50:00 - [TEST_STEP][PASSED] - click: Object: 'Object Repository/FSM1/Create PMM Inspection/b/Page_JM Control Centre/span_Test Inspector' is clicked on

2018-11-12 09:50:00 - [MESSAGE][PASSED] - Object: 'Object Repository/FSM1/Create PMM Inspection/b/Page_JM Control Centre/span_Test Inspector' is clicked on

2018-11-12 09:50:00 - [TEST_STEP][PASSED] - click: Object: 'Object Repository/FSM1/Create PMM Inspection/b/Page_JM Control Centre/div_Auto Schedulable_v-filters' is clicked on

2018-11-12 09:50:00 - [MESSAGE][PASSED] - Object: 'Object Repository/FSM1/Create PMM Inspection/b/Page_JM Control Centre/div_Auto Schedulable_v-filters' is clicked on

2018-11-12 09:50:00 - [TEST_STEP][PASSED] - setText: Text 'Test Inspector' is set on object 'Object Repository/FSM1/Create PMM Inspection/b/Page_JM Control Centre/input_Fixed Resource_gwt-uid-1'

2018-11-12 09:50:02 - [MESSAGE][PASSED] - Text 'Test Inspector' is set on object 'Object Repository/FSM1/Create PMM Inspection/b/Page_JM Control Centre/input_Fixed Resource_gwt-uid-1'

2018-11-12 09:50:02 - [TEST_STEP][PASSED] - click: Object: 'Object Repository/FSM1/Create PMM Inspection/b/Page_JM Control Centre/span_Yes' is clicked on

2018-11-12 09:50:02 - [MESSAGE][PASSED] - Object: 'Object Repository/FSM1/Create PMM Inspection/b/Page_JM Control Centre/span_Yes' is clicked on

2018-11-12 09:50:02 - [TEST_STEP][PASSED] - delay: Delayed 2 second(s)

2018-11-12 09:50:04 - [MESSAGE][PASSED] - Delayed 2 second(s)

2018-11-12 09:50:04 - [TEST_STEP][PASSED] - click: Object: 'Object Repository/FSM1/Control Centre/Create EMI Inspection/Finish/Page_JM Control Centre (3)/div_Create' is clicked on

2018-11-12 09:50:04 - [MESSAGE][PASSED] - Object: 'Object Repository/FSM1/Control Centre/Create EMI Inspection/Finish/Page_JM Control Centre (3)/div_Create' is clicked on

2018-11-12 09:50:05 - [TEST_STEP][PASSED] - waitForElementPresent: Object 'Object Repository/FSM1/Control Centre/Status/Page_JM Control Centre/div_PLANNED DYNAMIC' is present

2018-11-12 09:51:03 - [MESSAGE][PASSED] - Object 'Object Repository/FSM1/Control Centre/Status/Page_JM Control Centre/div_PLANNED DYNAMIC' is present

2018-11-12 09:51:03 - [TEST_STEP][PASSED] - Statement - InspectionID = com.kms.katalon.core.webui.keyword.WebUiBuiltInKeywords.getText(com.kms.katalon.core.testobject.ObjectRepository.findTestObject(FSM1/Control Centre/Create EMI Inspection/InspectionID/Page_JM Control Centre/InspectionID)): Text of object 'Object Repository/FSM1/Control Centre/Create EMI Inspection/InspectionID/Page_JM Control Centre/InspectionID' is: 'Viewing Job 88892'

2018-11-12 09:51:04 - [MESSAGE][PASSED] - Text of object 'Object Repository/FSM1/Control Centre/Create EMI Inspection/InspectionID/Page_JM Control Centre/InspectionID' is: 'Viewing Job 88892'

2018-11-12 09:51:04 - [TEST_STEP][PASSED] - Statement - InspectionID = InspectionID.replaceAll("Viewing Job ", ""): null

2018-11-12 09:51:04 - [TEST_STEP][PASSED] - Statement - log.logWarning(InspectionID): 88892

2018-11-12 09:51:04 - [MESSAGE][WARNING] - 88892

2018-11-12 09:51:04 - [TEST_STEP][PASSED] - Statement - temp = InspectionID: null

2018-11-12 09:51:04 - [TEST_STEP][PASSED] - delay: Delayed 120 second(s)

2018-11-12 09:53:04 - [MESSAGE][PASSED] - Delayed 120 second(s)]]></system-out>
         <system-err><![CDATA[]]></system-err>
      </testcase>
      <testcase name="Test Cases/Generic/Launch Job Manager" classname="Test Cases/Generic/Launch Job Manager" status="PASSED">
         <system-out><![CDATA[2018-11-12 09:53:04 - [TEST_CASE][PASSED] - Test Cases/Generic/Launch Job Manager: Test Cases/Generic/Launch Job Manager

2018-11-12 09:53:04 - [TEST_STEP][PASSED] - openBrowser: Browser is opened with url: ''

2018-11-12 09:53:04 - [MESSAGE][WARNING] - A browser is already opened. Closing browser and opening a new one

2018-11-12 09:53:08 - [MESSAGE][PASSED] - Browser is opened with url: ''

2018-11-12 09:53:08 - [TEST_STEP][PASSED] - navigateToUrl: Navigate to 'https://kirona-def-6.kirona.com/jmprep/jclient/jclient.html' successfully

2018-11-12 09:53:09 - [MESSAGE][PASSED] - Navigate to 'https://kirona-def-6.kirona.com/jmprep/jclient/jclient.html' successfully

2018-11-12 09:53:09 - [TEST_STEP][PASSED] - setText: Text 'KIR1' is set on object 'Object Repository/FSM1/Launch Application/Page_JClient/input_gwt-TextBox GKH2EKQBMDB'

2018-11-12 09:53:12 - [MESSAGE][PASSED] - Text 'KIR1' is set on object 'Object Repository/FSM1/Launch Application/Page_JClient/input_gwt-TextBox GKH2EKQBMDB'

2018-11-12 09:53:12 - [TEST_STEP][PASSED] - sendKeys: Keys 'ENTER + ' sent to object: 'Object Repository/FSM1/Launch Application/Page_JClient/input_gwt-TextBox GKH2EKQBMDB'

2018-11-12 09:53:12 - [MESSAGE][PASSED] - Keys 'ENTER + ' sent to object: 'Object Repository/FSM1/Launch Application/Page_JClient/input_gwt-TextBox GKH2EKQBMDB'

2018-11-12 09:53:12 - [TEST_STEP][PASSED] - click: Object: 'Object Repository/FSM1/Launch Application/Page_JClient/div_Configure App' is clicked on

2018-11-12 09:53:12 - [MESSAGE][PASSED] - Object: 'Object Repository/FSM1/Launch Application/Page_JClient/div_Configure App' is clicked on

2018-11-12 09:53:12 - [TEST_STEP][PASSED] - setText: Text 'test.inspector' is set on object 'Object Repository/FSM1/Launch Application/Page_JClient/input_gwt-TextBox GKH2EKQBNHC'

2018-11-12 09:53:14 - [MESSAGE][PASSED] - Text 'test.inspector' is set on object 'Object Repository/FSM1/Launch Application/Page_JClient/input_gwt-TextBox GKH2EKQBNHC'

2018-11-12 09:53:14 - [TEST_STEP][PASSED] - setText: Text 'Password1.' is set on object 'Object Repository/FSM1/Launch Application/Page_JClient/input_gwt-PasswordTextBox GKH2'

2018-11-12 09:53:14 - [MESSAGE][PASSED] - Text 'Password1.' is set on object 'Object Repository/FSM1/Launch Application/Page_JClient/input_gwt-PasswordTextBox GKH2'

2018-11-12 09:53:14 - [TEST_STEP][PASSED] - click: Object: 'Object Repository/FSM1/Launch Application/Page_JClient/div_Sign In' is clicked on

2018-11-12 09:53:14 - [MESSAGE][PASSED] - Object: 'Object Repository/FSM1/Launch Application/Page_JClient/div_Sign In' is clicked on

2018-11-12 09:53:14 - [TEST_STEP][PASSED] - delay: Delayed 15 second(s)

2018-11-12 09:53:29 - [MESSAGE][PASSED] - Delayed 15 second(s)]]></system-out>
         <system-err><![CDATA[]]></system-err>
      </testcase>
      <testcase name="Test Cases/Generic/Select Inspection" classname="Test Cases/Generic/Select Inspection" status="PASSED">
         <system-out><![CDATA[2018-11-12 09:53:29 - [TEST_CASE][PASSED] - Test Cases/Generic/Select Inspection: Test Cases/Generic/Select Inspection

2018-11-12 09:53:30 - [TEST_STEP][PASSED] - delay: Delayed 30 second(s)

2018-11-12 09:54:00 - [MESSAGE][PASSED] - Delayed 30 second(s)

2018-11-12 09:54:00 - [TEST_STEP][PASSED] - waitForElementClickable: Object 'Object Repository/FSM1/Select Inspection/Landing/Refresh' is clickable

2018-11-12 09:54:00 - [MESSAGE][PASSED] - Object 'Object Repository/FSM1/Select Inspection/Landing/Refresh' is clickable

2018-11-12 09:54:00 - [TEST_STEP][PASSED] - click: Object: 'Object Repository/FSM1/Select Inspection/Landing/Refresh' is clicked on

2018-11-12 09:54:00 - [MESSAGE][PASSED] - Object: 'Object Repository/FSM1/Select Inspection/Landing/Refresh' is clicked on

2018-11-12 09:54:00 - [TEST_STEP][PASSED] - waitForElementClickable: Object 'Object Repository/FSM1/Select Inspection/Landing/Refresh' is clickable

2018-11-12 09:54:02 - [MESSAGE][PASSED] - Object 'Object Repository/FSM1/Select Inspection/Landing/Refresh' is clickable

2018-11-12 09:54:02 - [TEST_STEP][NOT_RUN] - delay: NOT_RUN: delay

2018-11-12 09:54:02 - [MESSAGE][NOT_RUN] - NOT_RUN: delay

2018-11-12 09:54:02 - [TEST_STEP][PASSED] - Statement - InspectionRef = com.kms.katalon.core.webui.keyword.WebUiBuiltInKeywords.modifyObjectProperty(com.kms.katalon.core.testobject.ObjectRepository.findTestObject(FSM1/Select Inspection/Landing/Page_JClient/div_35098), "text", "equals", temp, true, STOP_ON_FAILURE): Modify property of object successfully

2018-11-12 09:54:02 - [MESSAGE][PASSED] - Modify property of object successfully

2018-11-12 09:54:02 - [TEST_STEP][PASSED] - delay: Delayed 20 second(s)

2018-11-12 09:54:22 - [MESSAGE][PASSED] - Delayed 20 second(s)

2018-11-12 09:54:22 - [TEST_STEP][PASSED] - Statement - If (com.kms.katalon.core.webui.keyword.WebUiBuiltInKeywords.verifyElementPresent(InspectionRef, 30, OPTIONAL)): Object: 'Object Repository/FSM1/Select Inspection/Landing/Page_JClient/div_35098' is clicked on

2018-11-12 09:54:22 - [MESSAGE][PASSED] - Object 'Object Repository/FSM1/Select Inspection/Landing/Page_JClient/div_35098' is present

2018-11-12 09:54:22 - [TEST_STEP][PASSED] - delay: Delayed 3 second(s)

2018-11-12 09:54:25 - [MESSAGE][PASSED] - Delayed 3 second(s)

2018-11-12 09:54:25 - [TEST_STEP][PASSED] - click: Object: 'Object Repository/FSM1/Select Inspection/Landing/Page_JClient/div_35098' is clicked on

2018-11-12 09:54:25 - [MESSAGE][PASSED] - Object: 'Object Repository/FSM1/Select Inspection/Landing/Page_JClient/div_35098' is clicked on

2018-11-12 09:54:25 - [TEST_STEP][PASSED] - click: Object: 'Object Repository/FSM1/Select Inspection/Page_JClient/div_WITH OPERATIVE' is clicked on

2018-11-12 09:54:26 - [MESSAGE][PASSED] - Object: 'Object Repository/FSM1/Select Inspection/Page_JClient/div_WITH OPERATIVE' is clicked on

2018-11-12 09:54:26 - [TEST_STEP][PASSED] - delay: Delayed 2 second(s)

2018-11-12 09:54:28 - [MESSAGE][PASSED] - Delayed 2 second(s)

2018-11-12 09:54:28 - [TEST_STEP][PASSED] - click: Object: 'Object Repository/FSM1/Select Inspection/Page_JClient/div_TRAVELLING' is clicked on

2018-11-12 09:54:28 - [MESSAGE][PASSED] - Object: 'Object Repository/FSM1/Select Inspection/Page_JClient/div_TRAVELLING' is clicked on

2018-11-12 09:54:28 - [TEST_STEP][PASSED] - delay: Delayed 2 second(s)

2018-11-12 09:54:30 - [MESSAGE][PASSED] - Delayed 2 second(s)

2018-11-12 09:54:30 - [TEST_STEP][PASSED] - click: Object: 'Object Repository/FSM1/Select Inspection/Page_JClient/div_TRAVELLING' is clicked on

2018-11-12 09:54:30 - [MESSAGE][PASSED] - Object: 'Object Repository/FSM1/Select Inspection/Page_JClient/div_TRAVELLING' is clicked on

2018-11-12 09:54:30 - [TEST_STEP][PASSED] - delay: Delayed 2 second(s)

2018-11-12 09:54:32 - [MESSAGE][PASSED] - Delayed 2 second(s)

2018-11-12 09:54:32 - [TEST_STEP][PASSED] - click: Object: 'Object Repository/FSM1/Select Inspection/Page_JClient/div_ARRIVED' is clicked on

2018-11-12 09:54:32 - [MESSAGE][PASSED] - Object: 'Object Repository/FSM1/Select Inspection/Page_JClient/div_ARRIVED' is clicked on

2018-11-12 09:54:32 - [TEST_STEP][PASSED] - delay: Delayed 2 second(s)

2018-11-12 09:54:34 - [MESSAGE][PASSED] - Delayed 2 second(s)

2018-11-12 09:54:34 - [TEST_STEP][PASSED] - click: Object: 'Object Repository/FSM1/Select Inspection/Page_JClient/div_ARRIVED' is clicked on

2018-11-12 09:54:35 - [MESSAGE][PASSED] - Object: 'Object Repository/FSM1/Select Inspection/Page_JClient/div_ARRIVED' is clicked on

2018-11-12 09:54:35 - [TEST_STEP][PASSED] - delay: Delayed 4 second(s)

2018-11-12 09:54:39 - [MESSAGE][PASSED] - Delayed 4 second(s)

2018-11-12 09:54:39 - [TEST_STEP][PASSED] - click: Object: 'Object Repository/FSM1/Select Inspection/Page_JClient/div_STARTED' is clicked on

2018-11-12 09:54:39 - [MESSAGE][PASSED] - Object: 'Object Repository/FSM1/Select Inspection/Page_JClient/div_STARTED' is clicked on

2018-11-12 09:54:39 - [TEST_STEP][PASSED] - delay: Delayed 2 second(s)

2018-11-12 09:54:41 - [MESSAGE][PASSED] - Delayed 2 second(s)]]></system-out>
         <system-err><![CDATA[]]></system-err>
      </testcase>
      <testcase name="Test Cases/PMM/Compliance/Complete PMM Inspection - Inspection Details" classname="Test Cases/PMM/Compliance/Complete PMM Inspection - Inspection Details" status="PASSED">
         <system-out><![CDATA[2018-11-12 09:54:41 - [TEST_CASE][PASSED] - Test Cases/PMM/Compliance/Complete PMM Inspection - Inspection Details: Test Cases/PMM/Compliance/Complete PMM Inspection - Inspection Details

2018-11-12 09:54:41 - [TEST_STEP][PASSED] - click: Object: 'Object Repository/FSM1/Complete PMM Inspection/Inspection Details/Page_JClient/Page_JClient/div_Inspection Details' is clicked on

2018-11-12 09:54:42 - [MESSAGE][PASSED] - Object: 'Object Repository/FSM1/Complete PMM Inspection/Inspection Details/Page_JClient/Page_JClient/div_Inspection Details' is clicked on

2018-11-12 09:54:42 - [TEST_STEP][PASSED] - delay: Delayed 2 second(s)

2018-11-12 09:54:44 - [MESSAGE][PASSED] - Delayed 2 second(s)

2018-11-12 09:54:44 - [TEST_STEP][PASSED] - click: Object: 'Object Repository/FSM1/Complete PMM Inspection/Inspection Details/Page_JClient/Page_JClient/input_Previous crop data avail' is clicked on

2018-11-12 09:54:44 - [MESSAGE][PASSED] - Object: 'Object Repository/FSM1/Complete PMM Inspection/Inspection Details/Page_JClient/Page_JClient/input_Previous crop data avail' is clicked on

2018-11-12 09:54:44 - [TEST_STEP][PASSED] - click: Object: 'Object Repository/FSM1/Complete PMM Inspection/Inspection Details/Page_JClient/Page_JClient/input_Yes_radio_group_5' is clicked on

2018-11-12 09:54:44 - [MESSAGE][PASSED] - Object: 'Object Repository/FSM1/Complete PMM Inspection/Inspection Details/Page_JClient/Page_JClient/input_Yes_radio_group_5' is clicked on

2018-11-12 09:54:44 - [TEST_STEP][PASSED] - click: Object: 'Object Repository/FSM1/Complete PMM Inspection/Inspection Details/Page_JClient/Page_JClient/input_Yes_radio_group_6' is clicked on

2018-11-12 09:54:44 - [MESSAGE][PASSED] - Object: 'Object Repository/FSM1/Complete PMM Inspection/Inspection Details/Page_JClient/Page_JClient/input_Yes_radio_group_6' is clicked on

2018-11-12 09:54:44 - [TEST_STEP][PASSED] - setText: Text 'Test automation' is set on object 'Object Repository/FSM1/Complete PMM Inspection/Inspection Details/Page_JClient/Page_JClient/input_Person Seen_gwt-TextBox'

2018-11-12 09:54:45 - [MESSAGE][PASSED] - Text 'Test automation' is set on object 'Object Repository/FSM1/Complete PMM Inspection/Inspection Details/Page_JClient/Page_JClient/input_Person Seen_gwt-TextBox'

2018-11-12 09:54:45 - [TEST_STEP][PASSED] - click: Object: 'Object Repository/FSM1/Complete PMM Inspection/Inspection Details/Page_JClient/Page_JClient/input_Person Seen Position_rad' is clicked on

2018-11-12 09:54:45 - [MESSAGE][PASSED] - Object: 'Object Repository/FSM1/Complete PMM Inspection/Inspection Details/Page_JClient/Page_JClient/input_Person Seen Position_rad' is clicked on

2018-11-12 09:54:45 - [TEST_STEP][PASSED] - click: Object: 'Object Repository/FSM1/Complete PMM Inspection/Inspection Details/Page_JClient/Page_JClient/input_Did this crop originate' is clicked on

2018-11-12 09:54:45 - [MESSAGE][PASSED] - Object: 'Object Repository/FSM1/Complete PMM Inspection/Inspection Details/Page_JClient/Page_JClient/input_Did this crop originate' is clicked on

2018-11-12 09:54:45 - [TEST_STEP][PASSED] - click: Object: 'Object Repository/FSM1/Complete PMM Inspection/Inspection Details/Page_JClient/Page_JClient/input_Yes_radio_group_9' is clicked on

2018-11-12 09:54:45 - [MESSAGE][PASSED] - Object: 'Object Repository/FSM1/Complete PMM Inspection/Inspection Details/Page_JClient/Page_JClient/input_Yes_radio_group_9' is clicked on

2018-11-12 09:54:45 - [TEST_STEP][PASSED] - click: Object: 'Object Repository/FSM1/Complete PMM Inspection/Inspection Details/Page_JClient/Page_JClient/div_Save' is clicked on

2018-11-12 09:54:45 - [MESSAGE][PASSED] - Object: 'Object Repository/FSM1/Complete PMM Inspection/Inspection Details/Page_JClient/Page_JClient/div_Save' is clicked on]]></system-out>
         <system-err><![CDATA[]]></system-err>
      </testcase>
      <testcase name="Test Cases/PMM/Compliance/Complete PMM Inspection - Processor Details" classname="Test Cases/PMM/Compliance/Complete PMM Inspection - Processor Details" status="PASSED">
         <system-out><![CDATA[2018-11-12 09:54:45 - [TEST_CASE][PASSED] - Test Cases/PMM/Compliance/Complete PMM Inspection - Processor Details: Test Cases/PMM/Compliance/Complete PMM Inspection - Processor Details

2018-11-12 09:54:46 - [TEST_STEP][PASSED] - click: Object: 'Object Repository/FSM1/Complete PMM Inspection/Processor Details/Page_JClient/Page_JClient/div_Processor Details' is clicked on

2018-11-12 09:54:46 - [MESSAGE][PASSED] - Object: 'Object Repository/FSM1/Complete PMM Inspection/Processor Details/Page_JClient/Page_JClient/div_Processor Details' is clicked on

2018-11-12 09:54:46 - [TEST_STEP][PASSED] - delay: Delayed 2 second(s)

2018-11-12 09:54:48 - [MESSAGE][PASSED] - Delayed 2 second(s)

2018-11-12 09:54:48 - [TEST_STEP][PASSED] - click: Object: 'Object Repository/FSM1/Complete PMM Inspection/Processor Details/Page_JClient/Page_JClient/div_Create_GKH2EKQBDXB GKH2EKQ' is clicked on

2018-11-12 09:54:48 - [MESSAGE][PASSED] - Object: 'Object Repository/FSM1/Complete PMM Inspection/Processor Details/Page_JClient/Page_JClient/div_Create_GKH2EKQBDXB GKH2EKQ' is clicked on

2018-11-12 09:54:48 - [TEST_STEP][PASSED] - delay: Delayed 2 second(s)

2018-11-12 09:54:50 - [MESSAGE][PASSED] - Delayed 2 second(s)

2018-11-12 09:54:50 - [TEST_STEP][PASSED] - setText: Text 'Test automation' is set on object 'Object Repository/FSM1/Complete PMM Inspection/Processor Details/Page_JClient/Page_JClient/input_Processor Name_gwt-TextB'

2018-11-12 09:54:51 - [MESSAGE][PASSED] - Text 'Test automation' is set on object 'Object Repository/FSM1/Complete PMM Inspection/Processor Details/Page_JClient/Page_JClient/input_Processor Name_gwt-TextB'

2018-11-12 09:54:51 - [TEST_STEP][PASSED] - setText: Text 'Test Automation' is set on object 'Object Repository/FSM1/Complete PMM Inspection/Processor Details/Page_JClient/Page_JClient/textarea_Processor Address_gwt'

2018-11-12 09:54:51 - [MESSAGE][PASSED] - Text 'Test Automation' is set on object 'Object Repository/FSM1/Complete PMM Inspection/Processor Details/Page_JClient/Page_JClient/textarea_Processor Address_gwt'

2018-11-12 09:54:51 - [TEST_STEP][PASSED] - setText: Text 'Test aut' is set on object 'Object Repository/FSM1/Complete PMM Inspection/Processor Details/Page_JClient/Page_JClient/input_Processor Postcode_gwt-T'

2018-11-12 09:54:52 - [MESSAGE][PASSED] - Text 'Test aut' is set on object 'Object Repository/FSM1/Complete PMM Inspection/Processor Details/Page_JClient/Page_JClient/input_Processor Postcode_gwt-T'

2018-11-12 09:54:52 - [TEST_STEP][PASSED] - click: Object: 'Object Repository/FSM1/Complete PMM Inspection/Processor Details/Page_JClient/Page_JClient/div_SaveCancel' is clicked on

2018-11-12 09:54:52 - [MESSAGE][PASSED] - Object: 'Object Repository/FSM1/Complete PMM Inspection/Processor Details/Page_JClient/Page_JClient/div_SaveCancel' is clicked on]]></system-out>
         <system-err><![CDATA[]]></system-err>
      </testcase>
      <testcase name="Test Cases/PMM/Compliance/Complete PMM Inspection - Crop Data" classname="Test Cases/PMM/Compliance/Complete PMM Inspection - Crop Data" status="PASSED">
         <system-out><![CDATA[2018-11-12 09:54:52 - [TEST_CASE][PASSED] - Test Cases/PMM/Compliance/Complete PMM Inspection - Crop Data: Test Cases/PMM/Compliance/Complete PMM Inspection - Crop Data

2018-11-12 09:54:52 - [TEST_STEP][PASSED] - click: Object: 'Object Repository/FSM1/Complete PMM Inspection/Crop Data/Page_JClient/Page_JClient/div_Crop Data' is clicked on

2018-11-12 09:54:53 - [MESSAGE][PASSED] - Object: 'Object Repository/FSM1/Complete PMM Inspection/Crop Data/Page_JClient/Page_JClient/div_Crop Data' is clicked on

2018-11-12 09:54:53 - [TEST_STEP][PASSED] - click: Object: 'Object Repository/FSM1/Complete PMM Inspection/Crop Data/Page_JClient/Page_JClient/div_Create_GKH2EKQBDXB GKH2EKQ' is clicked on

2018-11-12 09:54:53 - [MESSAGE][PASSED] - Object: 'Object Repository/FSM1/Complete PMM Inspection/Crop Data/Page_JClient/Page_JClient/div_Create_GKH2EKQBDXB GKH2EKQ' is clicked on

2018-11-12 09:54:53 - [TEST_STEP][PASSED] - setText: Text '12' is set on object 'Object Repository/FSM1/Complete PMM Inspection/Crop Data/Page_JClient/Page_JClient/input_House number or name_gwt'

2018-11-12 09:54:53 - [MESSAGE][PASSED] - Text '12' is set on object 'Object Repository/FSM1/Complete PMM Inspection/Crop Data/Page_JClient/Page_JClient/input_House number or name_gwt'

2018-11-12 09:54:53 - [TEST_STEP][PASSED] - selectOptionByValue: All options with value 'Cotswold Gold' are selected in object 'Object Repository/FSM1/Complete PMM Inspection/Crop Data/Page_JClient/Page_JClient/select_Cotswold GoldHubbard Fl'  using regular expression

2018-11-12 09:54:54 - [MESSAGE][PASSED] - All options with value 'Cotswold Gold' are selected in object 'Object Repository/FSM1/Complete PMM Inspection/Crop Data/Page_JClient/Page_JClient/select_Cotswold GoldHubbard Fl'  using regular expression

2018-11-12 09:54:54 - [TEST_STEP][PASSED] - click: Object: 'Object Repository/FSM1/Complete PMM Inspection/Crop Data/Page_JClient/Page_JClient/input_(c) Sex of birds_radio_g' is clicked on

2018-11-12 09:54:54 - [MESSAGE][PASSED] - Object: 'Object Repository/FSM1/Complete PMM Inspection/Crop Data/Page_JClient/Page_JClient/input_(c) Sex of birds_radio_g' is clicked on

2018-11-12 09:54:54 - [TEST_STEP][PASSED] - setText: Text '12' is set on object 'Object Repository/FSM1/Complete PMM Inspection/Crop Data/Page_JClient/Page_JClient/input_(d) Number of birds plac'

2018-11-12 09:54:54 - [MESSAGE][PASSED] - Text '12' is set on object 'Object Repository/FSM1/Complete PMM Inspection/Crop Data/Page_JClient/Page_JClient/input_(d) Number of birds plac'

2018-11-12 09:54:54 - [TEST_STEP][PASSED] - setText: Text '12' is set on object 'Object Repository/FSM1/Complete PMM Inspection/Crop Data/Page_JClient/Page_JClient/input_(f) Age of birds at plac'

2018-11-12 09:54:55 - [MESSAGE][PASSED] - Text '12' is set on object 'Object Repository/FSM1/Complete PMM Inspection/Crop Data/Page_JClient/Page_JClient/input_(f) Age of birds at plac'

2018-11-12 09:54:55 - [TEST_STEP][PASSED] - setText: Text '12' is set on object 'Object Repository/FSM1/Complete PMM Inspection/Crop Data/Page_JClient/Page_JClient/input_(g) Number of Birds at i'

2018-11-12 09:54:55 - [MESSAGE][PASSED] - Text '12' is set on object 'Object Repository/FSM1/Complete PMM Inspection/Crop Data/Page_JClient/Page_JClient/input_(g) Number of Birds at i'

2018-11-12 09:54:55 - [TEST_STEP][PASSED] - setText: Text '12' is set on object 'Object Repository/FSM1/Complete PMM Inspection/Crop Data/Page_JClient/Page_JClient/input_(h) Age of birds at insp'

2018-11-12 09:54:55 - [MESSAGE][PASSED] - Text '12' is set on object 'Object Repository/FSM1/Complete PMM Inspection/Crop Data/Page_JClient/Page_JClient/input_(h) Age of birds at insp'

2018-11-12 09:54:55 - [TEST_STEP][PASSED] - setText: Text '12' is set on object 'Object Repository/FSM1/Complete PMM Inspection/Crop Data/Page_JClient/Page_JClient/input_(n) House Floor area ava'

2018-11-12 09:54:56 - [MESSAGE][PASSED] - Text '12' is set on object 'Object Repository/FSM1/Complete PMM Inspection/Crop Data/Page_JClient/Page_JClient/input_(n) House Floor area ava'

2018-11-12 09:54:56 - [TEST_STEP][PASSED] - Statement - mydate = new java.util.Date(): null

2018-11-12 09:54:56 - [TEST_STEP][PASSED] - Statement - formattedDate = mydate.format("MM/dd/yyy"): null

2018-11-12 09:54:56 - [TEST_STEP][PASSED] - sendKeys: Keys '11/12/2018' sent to object: 'Object Repository/FSM1/Complete PMM Inspection/Crop Data/Page_JClient/input_(e) Date birds placed_GK'

2018-11-12 09:54:56 - [MESSAGE][PASSED] - Keys '11/12/2018' sent to object: 'Object Repository/FSM1/Complete PMM Inspection/Crop Data/Page_JClient/input_(e) Date birds placed_GK'

2018-11-12 09:54:56 - [TEST_STEP][PASSED] - sendKeys: Keys '11/12/2018' sent to object: 'Object Repository/FSM1/Complete PMM Inspection/Crop Data/Page_JClient/input_(p) Earliest slaughter d'

2018-11-12 09:54:56 - [MESSAGE][PASSED] - Keys '11/12/2018' sent to object: 'Object Repository/FSM1/Complete PMM Inspection/Crop Data/Page_JClient/input_(p) Earliest slaughter d'

2018-11-12 09:54:56 - [TEST_STEP][PASSED] - click: Object: 'Object Repository/FSM1/Complete PMM Inspection/Crop Data/Page_JClient/Page_JClient/div_Save' is clicked on

2018-11-12 09:54:57 - [MESSAGE][PASSED] - Object: 'Object Repository/FSM1/Complete PMM Inspection/Crop Data/Page_JClient/Page_JClient/div_Save' is clicked on]]></system-out>
         <system-err><![CDATA[]]></system-err>
      </testcase>
      <testcase name="Test Cases/PMM/Compliance/Complete PMM Inspection - Previous Crop Data" classname="Test Cases/PMM/Compliance/Complete PMM Inspection - Previous Crop Data" status="PASSED">
         <system-out><![CDATA[2018-11-12 09:54:57 - [TEST_CASE][PASSED] - Test Cases/PMM/Compliance/Complete PMM Inspection - Previous Crop Data: Test Cases/PMM/Compliance/Complete PMM Inspection - Previous Crop Data

2018-11-12 09:54:57 - [TEST_STEP][PASSED] - click: Object: 'Object Repository/FSM1/Complete PMM Inspection/Previous Crop/Page_JClient/Page_JClient/div_Previous Crop' is clicked on

2018-11-12 09:54:57 - [MESSAGE][PASSED] - Object: 'Object Repository/FSM1/Complete PMM Inspection/Previous Crop/Page_JClient/Page_JClient/div_Previous Crop' is clicked on

2018-11-12 09:54:57 - [TEST_STEP][PASSED] - click: Object: 'Object Repository/FSM1/Complete PMM Inspection/Previous Crop/Page_JClient/Page_JClient/div_Create_GKH2EKQBDXB GKH2EKQ' is clicked on

2018-11-12 09:54:58 - [MESSAGE][PASSED] - Object: 'Object Repository/FSM1/Complete PMM Inspection/Previous Crop/Page_JClient/Page_JClient/div_Create_GKH2EKQBDXB GKH2EKQ' is clicked on

2018-11-12 09:54:58 - [TEST_STEP][PASSED] - setText: Text '12' is set on object 'Object Repository/FSM1/Complete PMM Inspection/Previous Crop/Page_JClient/Page_JClient/input_House number or name_gwt'

2018-11-12 09:54:58 - [MESSAGE][PASSED] - Text '12' is set on object 'Object Repository/FSM1/Complete PMM Inspection/Previous Crop/Page_JClient/Page_JClient/input_House number or name_gwt'

2018-11-12 09:54:58 - [TEST_STEP][PASSED] - setText: Text '12' is set on object 'Object Repository/FSM1/Complete PMM Inspection/Previous Crop/Page_JClient/Page_JClient/input_(n) House Floor area ava'

2018-11-12 09:54:58 - [MESSAGE][PASSED] - Text '12' is set on object 'Object Repository/FSM1/Complete PMM Inspection/Previous Crop/Page_JClient/Page_JClient/input_(n) House Floor area ava'

2018-11-12 09:54:58 - [TEST_STEP][PASSED] - setText: Text '12' is set on object 'Object Repository/FSM1/Complete PMM Inspection/Previous Crop/Page_JClient/Page_JClient/input_(q) No. of birds at prev'

2018-11-12 09:54:59 - [MESSAGE][PASSED] - Text '12' is set on object 'Object Repository/FSM1/Complete PMM Inspection/Previous Crop/Page_JClient/Page_JClient/input_(q) No. of birds at prev'

2018-11-12 09:54:59 - [TEST_STEP][PASSED] - setText: Text '12' is set on object 'Object Repository/FSM1/Complete PMM Inspection/Previous Crop/Page_JClient/Page_JClient/input_(r) Total Live Weight of'

2018-11-12 09:54:59 - [MESSAGE][PASSED] - Text '12' is set on object 'Object Repository/FSM1/Complete PMM Inspection/Previous Crop/Page_JClient/Page_JClient/input_(r) Total Live Weight of'

2018-11-12 09:54:59 - [TEST_STEP][PASSED] - click: Object: 'Object Repository/FSM1/Complete PMM Inspection/Previous Crop/Page_JClient/Page_JClient/div_Save' is clicked on

2018-11-12 09:54:59 - [MESSAGE][PASSED] - Object: 'Object Repository/FSM1/Complete PMM Inspection/Previous Crop/Page_JClient/Page_JClient/div_Save' is clicked on]]></system-out>
         <system-err><![CDATA[]]></system-err>
      </testcase>
      <testcase name="Test Cases/PMM/Compliance/Complete PMM Inspection - Compliance" classname="Test Cases/PMM/Compliance/Complete PMM Inspection - Compliance" status="PASSED">
         <system-out><![CDATA[2018-11-12 09:54:59 - [TEST_CASE][PASSED] - Test Cases/PMM/Compliance/Complete PMM Inspection - Compliance: Test Cases/PMM/Compliance/Complete PMM Inspection - Compliance

2018-11-12 09:55:00 - [TEST_STEP][PASSED] - click: Object: 'Object Repository/FSM1/Complete PMM Inspection/Compliance/Page_JClient/div_Compliance' is clicked on

2018-11-12 09:55:00 - [MESSAGE][PASSED] - Object: 'Object Repository/FSM1/Complete PMM Inspection/Compliance/Page_JClient/div_Compliance' is clicked on

2018-11-12 09:55:00 - [TEST_STEP][PASSED] - click: Object: 'Object Repository/FSM1/Complete PMM Inspection/Compliance/Page_JClient/input_Current crop compliant_r' is clicked on

2018-11-12 09:55:00 - [MESSAGE][PASSED] - Object: 'Object Repository/FSM1/Complete PMM Inspection/Compliance/Page_JClient/input_Current crop compliant_r' is clicked on

2018-11-12 09:55:00 - [TEST_STEP][PASSED] - click: Object: 'Object Repository/FSM1/Complete PMM Inspection/Compliance/Page_JClient/input_Previous crop compliant_' is clicked on

2018-11-12 09:55:01 - [MESSAGE][PASSED] - Object: 'Object Repository/FSM1/Complete PMM Inspection/Compliance/Page_JClient/input_Previous crop compliant_' is clicked on

2018-11-12 09:55:01 - [TEST_STEP][PASSED] - click: Object: 'Object Repository/FSM1/Complete PMM Inspection/Compliance/Page_JClient/input_Previous crop compliant__1' is clicked on

2018-11-12 09:55:01 - [MESSAGE][PASSED] - Object: 'Object Repository/FSM1/Complete PMM Inspection/Compliance/Page_JClient/input_Previous crop compliant__1' is clicked on

2018-11-12 09:55:01 - [TEST_STEP][PASSED] - click: Object: 'Object Repository/FSM1/Complete PMM Inspection/Compliance/Page_JClient/input_Current crop compliant_r_1' is clicked on

2018-11-12 09:55:01 - [MESSAGE][PASSED] - Object: 'Object Repository/FSM1/Complete PMM Inspection/Compliance/Page_JClient/input_Current crop compliant_r_1' is clicked on

2018-11-12 09:55:01 - [TEST_STEP][PASSED] - click: Object: 'Object Repository/FSM1/Complete PMM Inspection/Compliance/Page_JClient/input_Previous crop compliant__2' is clicked on

2018-11-12 09:55:01 - [MESSAGE][PASSED] - Object: 'Object Repository/FSM1/Complete PMM Inspection/Compliance/Page_JClient/input_Previous crop compliant__2' is clicked on

2018-11-12 09:55:01 - [TEST_STEP][PASSED] - click: Object: 'Object Repository/FSM1/Complete PMM Inspection/Compliance/Page_JClient/input_Current crop compliant_r_2' is clicked on

2018-11-12 09:55:01 - [MESSAGE][PASSED] - Object: 'Object Repository/FSM1/Complete PMM Inspection/Compliance/Page_JClient/input_Current crop compliant_r_2' is clicked on

2018-11-12 09:55:01 - [TEST_STEP][PASSED] - click: Object: 'Object Repository/FSM1/Complete PMM Inspection/Compliance/Page_JClient/input_Previous crop compliant__3' is clicked on

2018-11-12 09:55:01 - [MESSAGE][PASSED] - Object: 'Object Repository/FSM1/Complete PMM Inspection/Compliance/Page_JClient/input_Previous crop compliant__3' is clicked on

2018-11-12 09:55:01 - [TEST_STEP][PASSED] - click: Object: 'Object Repository/FSM1/Complete PMM Inspection/Compliance/Page_JClient/input_Current crop compliant_r_3' is clicked on

2018-11-12 09:55:02 - [MESSAGE][PASSED] - Object: 'Object Repository/FSM1/Complete PMM Inspection/Compliance/Page_JClient/input_Current crop compliant_r_3' is clicked on

2018-11-12 09:55:02 - [TEST_STEP][PASSED] - click: Object: 'Object Repository/FSM1/Complete PMM Inspection/Compliance/Page_JClient/input_Previous crop compliant__4' is clicked on

2018-11-12 09:55:02 - [MESSAGE][PASSED] - Object: 'Object Repository/FSM1/Complete PMM Inspection/Compliance/Page_JClient/input_Previous crop compliant__4' is clicked on

2018-11-12 09:55:02 - [TEST_STEP][PASSED] - click: Object: 'Object Repository/FSM1/Complete PMM Inspection/Compliance/Page_JClient/input_Previous crop compliant__5' is clicked on

2018-11-12 09:55:02 - [MESSAGE][PASSED] - Object: 'Object Repository/FSM1/Complete PMM Inspection/Compliance/Page_JClient/input_Previous crop compliant__5' is clicked on

2018-11-12 09:55:02 - [TEST_STEP][PASSED] - click: Object: 'Object Repository/FSM1/Complete PMM Inspection/Compliance/Page_JClient/input_Current crop compliant_r_4' is clicked on

2018-11-12 09:55:02 - [MESSAGE][PASSED] - Object: 'Object Repository/FSM1/Complete PMM Inspection/Compliance/Page_JClient/input_Current crop compliant_r_4' is clicked on

2018-11-12 09:55:02 - [TEST_STEP][PASSED] - selectOptionByValue: All options with value 'Compliant' are selected in object 'Object Repository/FSM1/Complete PMM Inspection/Compliance/Page_JClient/select_CompliantNot Compliant'  using regular expression

2018-11-12 09:55:03 - [MESSAGE][PASSED] - All options with value 'Compliant' are selected in object 'Object Repository/FSM1/Complete PMM Inspection/Compliance/Page_JClient/select_CompliantNot Compliant'  using regular expression

2018-11-12 09:55:03 - [TEST_STEP][PASSED] - selectOptionByValue: All options with value 'Fully compliant' are selected in object 'Object Repository/FSM1/Complete PMM Inspection/Compliance/Page_JClient/select_Fully compliant Fully c'  using regular expression

2018-11-12 09:55:03 - [MESSAGE][PASSED] - All options with value 'Fully compliant' are selected in object 'Object Repository/FSM1/Complete PMM Inspection/Compliance/Page_JClient/select_Fully compliant Fully c'  using regular expression

2018-11-12 09:55:03 - [TEST_STEP][PASSED] - setText: Text 'Test automation' is set on object 'Object Repository/FSM1/Complete PMM Inspection/Compliance/Page_JClient/textarea_Recommended Action -'

2018-11-12 09:55:04 - [MESSAGE][PASSED] - Text 'Test automation' is set on object 'Object Repository/FSM1/Complete PMM Inspection/Compliance/Page_JClient/textarea_Recommended Action -'

2018-11-12 09:55:04 - [TEST_STEP][PASSED] - selectOptionByValue: All options with value 'No further visits' are selected in object 'Object Repository/FSM1/Complete PMM Inspection/Compliance/Page_JClient/select_RoutineFollow UpNo furt'  using regular expression

2018-11-12 09:55:04 - [MESSAGE][PASSED] - All options with value 'No further visits' are selected in object 'Object Repository/FSM1/Complete PMM Inspection/Compliance/Page_JClient/select_RoutineFollow UpNo furt'  using regular expression

2018-11-12 09:55:04 - [TEST_STEP][PASSED] - setText: Text 'Test automation' is set on object 'Object Repository/FSM1/Complete PMM Inspection/Compliance/Page_JClient/textarea_Reason for no further'

2018-11-12 09:55:04 - [MESSAGE][PASSED] - Text 'Test automation' is set on object 'Object Repository/FSM1/Complete PMM Inspection/Compliance/Page_JClient/textarea_Reason for no further'

2018-11-12 09:55:04 - [TEST_STEP][PASSED] - click: Object: 'Object Repository/FSM1/Complete PMM Inspection/Compliance/Page_JClient/img_Inspector Signature_gwt-Im' is clicked on

2018-11-12 09:55:04 - [MESSAGE][PASSED] - Object: 'Object Repository/FSM1/Complete PMM Inspection/Compliance/Page_JClient/img_Inspector Signature_gwt-Im' is clicked on

2018-11-12 09:55:04 - [TEST_STEP][PASSED] - click: Object: 'Object Repository/FSM1/Complete PMM Inspection/Compliance/Page_JClient/div_Unable To Sign_Inspector' is clicked on

2018-11-12 09:55:06 - [MESSAGE][PASSED] - Object: 'Object Repository/FSM1/Complete PMM Inspection/Compliance/Page_JClient/div_Unable To Sign_Inspector' is clicked on

2018-11-12 09:55:06 - [TEST_STEP][PASSED] - click: Object: 'Object Repository/FSM1/Complete PMM Inspection/Compliance/Page_JClient/img_Person Seen Signature_gwt-' is clicked on

2018-11-12 09:55:07 - [MESSAGE][PASSED] - Object: 'Object Repository/FSM1/Complete PMM Inspection/Compliance/Page_JClient/img_Person Seen Signature_gwt-' is clicked on

2018-11-12 09:55:07 - [TEST_STEP][PASSED] - click: Object: 'Object Repository/FSM1/Complete PMM Inspection/Compliance/Page_JClient/div_Unable To Sign_Person' is clicked on

2018-11-12 09:55:08 - [MESSAGE][PASSED] - Object: 'Object Repository/FSM1/Complete PMM Inspection/Compliance/Page_JClient/div_Unable To Sign_Person' is clicked on

2018-11-12 09:55:08 - [TEST_STEP][PASSED] - click: Object: 'Object Repository/FSM1/Complete PMM Inspection/Compliance/Page_JClient/div_Save' is clicked on

2018-11-12 09:55:10 - [MESSAGE][PASSED] - Object: 'Object Repository/FSM1/Complete PMM Inspection/Compliance/Page_JClient/div_Save' is clicked on]]></system-out>
         <system-err><![CDATA[]]></system-err>
      </testcase>
      <testcase name="Test Cases/PMM/Compliance/Complete PMM Inspection - Complete" classname="Test Cases/PMM/Compliance/Complete PMM Inspection - Complete" status="PASSED">
         <system-out><![CDATA[2018-11-12 09:55:10 - [TEST_CASE][PASSED] - Test Cases/PMM/Compliance/Complete PMM Inspection - Complete: Test Cases/PMM/Compliance/Complete PMM Inspection - Complete

2018-11-12 09:55:10 - [TEST_STEP][PASSED] - delay: Delayed 2 second(s)

2018-11-12 09:55:12 - [MESSAGE][PASSED] - Delayed 2 second(s)

2018-11-12 09:55:12 - [TEST_STEP][PASSED] - click: Object: 'Object Repository/FSM1/Complete ABP Inspection/Complete ABP01a Inspection/Page_JClient/div_STARTED (locked)' is clicked on

2018-11-12 09:55:12 - [MESSAGE][PASSED] - Object: 'Object Repository/FSM1/Complete ABP Inspection/Complete ABP01a Inspection/Page_JClient/div_STARTED (locked)' is clicked on

2018-11-12 09:55:12 - [TEST_STEP][PASSED] - delay: Delayed 2 second(s)

2018-11-12 09:55:14 - [MESSAGE][PASSED] - Delayed 2 second(s)

2018-11-12 09:55:14 - [TEST_STEP][PASSED] - click: Object: 'Object Repository/FSM1/Complete ABP Inspection/Complete ABP01a Inspection/Page_JClient/div_COMPLETED' is clicked on

2018-11-12 09:55:15 - [MESSAGE][PASSED] - Object: 'Object Repository/FSM1/Complete ABP Inspection/Complete ABP01a Inspection/Page_JClient/div_COMPLETED' is clicked on

2018-11-12 09:55:15 - [TEST_STEP][PASSED] - selectOptionByValue: All options with value 'COMPLETED' are selected in object 'Object Repository/FSM1/Complete ABP Inspection/Complete ABP01a Inspection/Page_JClient/select_Yes'  using regular expression

2018-11-12 09:55:16 - [MESSAGE][PASSED] - All options with value 'COMPLETED' are selected in object 'Object Repository/FSM1/Complete ABP Inspection/Complete ABP01a Inspection/Page_JClient/select_Yes'  using regular expression

2018-11-12 09:55:16 - [TEST_STEP][PASSED] - click: Object: 'Object Repository/FSM1/Complete ABP Inspection/Complete ABP01a Inspection/Page_JClient/div_Save' is clicked on

2018-11-12 09:55:16 - [MESSAGE][PASSED] - Object: 'Object Repository/FSM1/Complete ABP Inspection/Complete ABP01a Inspection/Page_JClient/div_Save' is clicked on

2018-11-12 09:55:16 - [TEST_STEP][PASSED] - delay: Delayed 2 second(s)

2018-11-12 09:55:18 - [MESSAGE][PASSED] - Delayed 2 second(s)

2018-11-12 09:55:18 - [TEST_STEP][PASSED] - click: Object: 'Object Repository/FSM1/Complete PMM Inspection/Page_JClient/div_Ok' is clicked on

2018-11-12 09:55:18 - [MESSAGE][PASSED] - Object: 'Object Repository/FSM1/Complete PMM Inspection/Page_JClient/div_Ok' is clicked on

2018-11-12 09:55:18 - [TEST_STEP][PASSED] - delay: Delayed 30 second(s)

2018-11-12 09:55:48 - [MESSAGE][PASSED] - Delayed 30 second(s)]]></system-out>
         <system-err><![CDATA[]]></system-err>
      </testcase>
      <testcase name="Test Cases/Generic/Launch Job Manager Control Centre - Check Result" classname="Test Cases/Generic/Launch Job Manager Control Centre - Check Result" status="PASSED">
         <system-out><![CDATA[2018-11-12 09:55:48 - [TEST_CASE][PASSED] - Test Cases/Generic/Launch Job Manager Control Centre - Check Result: Test Cases/Generic/Launch Job Manager Control Centre - Check Result

2018-11-12 09:55:49 - [TEST_STEP][PASSED] - openBrowser: Browser is opened with url: ''

2018-11-12 09:55:49 - [MESSAGE][WARNING] - A browser is already opened. Closing browser and opening a new one

2018-11-12 09:55:53 - [MESSAGE][PASSED] - Browser is opened with url: ''

2018-11-12 09:55:53 - [TEST_STEP][PASSED] - navigateToUrl: Navigate to 'https://kirona-def-6.kirona.com/jmprep/login#!loginView' successfully

2018-11-12 09:55:54 - [MESSAGE][PASSED] - Navigate to 'https://kirona-def-6.kirona.com/jmprep/login#!loginView' successfully

2018-11-12 09:55:54 - [TEST_STEP][PASSED] - setText: Text 'jon.hatfield' is set on object 'Object Repository/FSM1/Control Centre/Page_Job Manager Login/input_gwt-uid-3'

2018-11-12 09:55:56 - [MESSAGE][PASSED] - Text 'jon.hatfield' is set on object 'Object Repository/FSM1/Control Centre/Page_Job Manager Login/input_gwt-uid-3'

2018-11-12 09:55:56 - [TEST_STEP][PASSED] - setText: Text 'Fr@nc1sJ0n' is set on object 'Object Repository/FSM1/Control Centre/Page_Job Manager Login/input_gwt-uid-5'

2018-11-12 09:55:56 - [MESSAGE][PASSED] - Text 'Fr@nc1sJ0n' is set on object 'Object Repository/FSM1/Control Centre/Page_Job Manager Login/input_gwt-uid-5'

2018-11-12 09:55:56 - [TEST_STEP][PASSED] - click: Object: 'Object Repository/FSM1/PreProd/Page_Job Manager Login/div_Login' is clicked on

2018-11-12 09:55:56 - [MESSAGE][PASSED] - Object: 'Object Repository/FSM1/PreProd/Page_Job Manager Login/div_Login' is clicked on

2018-11-12 09:55:56 - [TEST_STEP][PASSED] - delay: Delayed 5 second(s)

2018-11-12 09:56:01 - [MESSAGE][PASSED] - Delayed 5 second(s)]]></system-out>
         <system-err><![CDATA[]]></system-err>
      </testcase>
      <testcase name="Test Cases/PMM/Generic/Control Centre - Check Results - PMM" classname="Test Cases/PMM/Generic/Control Centre - Check Results - PMM" status="PASSED">
         <system-out><![CDATA[2018-11-12 09:56:01 - [TEST_CASE][PASSED] - Test Cases/PMM/Generic/Control Centre - Check Results - PMM: Test Cases/PMM/Generic/Control Centre - Check Results - PMM

2018-11-12 09:56:02 - [TEST_STEP][PASSED] - Statement - log = new com.kms.katalon.core.logging.KeywordLogger(): null

2018-11-12 09:56:02 - [TEST_STEP][PASSED] - setText: Text '88892' is set on object 'Object Repository/FSM1/EMI Check Results/Page_JM Control Centre/input_Recents_v-textfield v-wi'

2018-11-12 09:56:02 - [MESSAGE][PASSED] - Text '88892' is set on object 'Object Repository/FSM1/EMI Check Results/Page_JM Control Centre/input_Recents_v-textfield v-wi'

2018-11-12 09:56:02 - [TEST_STEP][NOT_RUN] - setText: NOT_RUN: setText

2018-11-12 09:56:02 - [MESSAGE][NOT_RUN] - NOT_RUN: setText

2018-11-12 09:56:02 - [TEST_STEP][PASSED] - click: Object: 'Object Repository/FSM1/EMI Check Results/Page_JM Control Centre/span_' is clicked on

2018-11-12 09:56:03 - [MESSAGE][PASSED] - Object: 'Object Repository/FSM1/EMI Check Results/Page_JM Control Centre/span_' is clicked on

2018-11-12 09:56:03 - [TEST_STEP][PASSED] - waitForElementPresent: Object 'Object Repository/FSM1/EMI Check Results/Page_JM Control Centre/div_CLOSED' is present

2018-11-12 09:56:07 - [MESSAGE][PASSED] - Object 'Object Repository/FSM1/EMI Check Results/Page_JM Control Centre/div_CLOSED' is present

2018-11-12 09:56:07 - [TEST_STEP][PASSED] - delay: Delayed 3 second(s)

2018-11-12 09:56:10 - [MESSAGE][PASSED] - Delayed 3 second(s)

2018-11-12 09:56:10 - [TEST_STEP][PASSED] - verifyElementPresent: Object 'Object Repository/FSM1/Complete PMM Inspection/PMM Check Results/Page_JM Control Centre/div_Attachments_PMR03A - Produ' is present

2018-11-12 09:56:10 - [MESSAGE][PASSED] - Object 'Object Repository/FSM1/Complete PMM Inspection/PMM Check Results/Page_JM Control Centre/div_Attachments_PMR03A - Produ' is present

2018-11-12 09:56:10 - [TEST_STEP][PASSED] - verifyElementPresent: Object 'Object Repository/FSM1/Complete PMM Inspection/PMM Check Results/Page_JM Control Centre/div_Attachments_PMR06 - Summar' is present

2018-11-12 09:56:10 - [MESSAGE][PASSED] - Object 'Object Repository/FSM1/Complete PMM Inspection/PMM Check Results/Page_JM Control Centre/div_Attachments_PMR06 - Summar' is present]]></system-out>
         <system-err><![CDATA[]]></system-err>
      </testcase>
      <testcase name="Test Cases/ABP/Generic/Check Subsequent Inspection Doesnt Exist" classname="Test Cases/ABP/Generic/Check Subsequent Inspection Doesnt Exist" status="PASSED">
         <system-out><![CDATA[2018-11-12 09:56:10 - [TEST_CASE][PASSED] - Test Cases/ABP/Generic/Check Subsequent Inspection Doesnt Exist: Test Cases/ABP/Generic/Check Subsequent Inspection Doesnt Exist

2018-11-12 09:56:11 - [TEST_STEP][PASSED] - delay: Delayed 2 second(s)

2018-11-12 09:56:13 - [MESSAGE][PASSED] - Delayed 2 second(s)

2018-11-12 09:56:13 - [TEST_STEP][PASSED] - click: Object: 'Object Repository/FSM1/Complete ABP Inspection/Check Subsequent Inspections/New/Page_JM Control Centre/div_' is clicked on

2018-11-12 09:56:13 - [MESSAGE][PASSED] - Object: 'Object Repository/FSM1/Complete ABP Inspection/Check Subsequent Inspections/New/Page_JM Control Centre/div_' is clicked on

2018-11-12 09:56:13 - [TEST_STEP][PASSED] - click: Object: 'Object Repository/FSM1/Complete ABP Inspection/Check Subsequent Inspections/New/Page_JM Control Centre/span_List All Subordinate Jobs' is clicked on

2018-11-12 09:56:14 - [MESSAGE][PASSED] - Object: 'Object Repository/FSM1/Complete ABP Inspection/Check Subsequent Inspections/New/Page_JM Control Centre/span_List All Subordinate Jobs' is clicked on

2018-11-12 09:56:15 - [TEST_STEP][PASSED] - verifyElementNotPresent: Web element with id: 'Object Repository/FSM1/Complete ABP Inspection/Check Subsequent Inspections/New/Page_JM Control Centre/div_2 found.' located by 'By.xpath: //div[@class = 'v-captiontext' and (text() = '2 found.' or . = '2 found.')]' is not present after '5' second(s)

2018-11-12 09:56:15 - [MESSAGE][PASSED] - Web element with id: 'Object Repository/FSM1/Complete ABP Inspection/Check Subsequent Inspections/New/Page_JM Control Centre/div_2 found.' located by 'By.xpath: //div[@class = 'v-captiontext' and (text() = '2 found.' or . = '2 found.')]' is not present after '5' second(s)

2018-11-12 09:56:15 - [TEST_STEP][PASSED] - closeBrowser: Browser is closed

2018-11-12 09:56:16 - [MESSAGE][PASSED] - Browser is closed]]></system-out>
         <system-err><![CDATA[]]></system-err>
      </testcase>
      <system-out><![CDATA[2018-11-12 09:49:13 - [TEST_SUITE][PASSED] - PMM Regression - Compliance: Test Cases/ABP/Generic/Check Subsequent Inspection Doesnt Exist]]></system-out>
      <system-err><![CDATA[]]></system-err>
   </testsuite>
</testsuites>
