<?xml version="1.0" encoding="UTF-8"?>
<testsuites name="ABP Regression - 24a" time="428" tests="15" failures="0" errors="0">
   <testsuite name="ABP Regression - 24a" tests="15" failures="0" errors="0" time="428" timestamp="2018-11-13 21:34:39" hostname="JHATFIELD - SNDFSMINFSRV001.defra.onmicrosoft.com" id="Test Suites/ABP/ABP Regression - 24a">
      <properties>
         <property name="deviceName" value=""/>
         <property name="devicePlatform" value=""/>
         <property name="logFolder" value="C:\\Users\\JHATFIELD\\git\\DEFRA-FSM_Automated_Regression_NEW\\Reports\\ABP\\ABP Regression - 24a\\20181113_201018"/>
         <property name="logFiles" value="C:\\Users\\JHATFIELD\\git\\DEFRA-FSM_Automated_Regression_NEW\\Reports\\ABP\\ABP Regression - 24a\\20181113_201018\\execution0.log"/>
         <property name="attachments" value="C:\\Users\\JHATFIELD\\git\\DEFRA-FSM_Automated_Regression_NEW\\Reports\\ABP\\ABP Regression - 24a\\20181113_201018\\1542145133844.png"/>
         <property name="hostName" value="JHATFIELD - SNDFSMINFSRV001.defra.onmicrosoft.com"/>
         <property name="os" value="Windows Server 2016 64bit"/>
         <property name="katalonVersion" value="5.8.4.14"/>
         <property name="browser" value="Chrome 70.0.3538.102"/>
         <property name="hostAddress" value="10.201.1.17"/>
         <property name="sessionId" value="1cd1b1c87095e24395655183004c41b1"/>
         <property name="seleniumVersion" value="3.7.1"/>
         <property name="proxyInformation" value="ProxyInformation{proxyOption=NO_PROXY, proxyServerType=HTTP, password=, proxyServerAddress=, proxyServerPort=0}"/>
         <property name="platform" value="Windows Server 2016"/>
      </properties>
      <testcase name="Test Cases/Generic/Launch Job Manager Control Centre" classname="Test Cases/Generic/Launch Job Manager Control Centre" status="PASSED">
         <system-out><![CDATA[2018-11-13 21:34:40 - [TEST_CASE][PASSED] - Test Cases/Generic/Launch Job Manager Control Centre: Test Cases/Generic/Launch Job Manager Control Centre

2018-11-13 21:34:41 - [TEST_STEP][PASSED] - openBrowser: Browser is opened with url: ''

2018-11-13 21:34:46 - [MESSAGE][PASSED] - Browser is opened with url: ''

2018-11-13 21:34:46 - [TEST_STEP][PASSED] - navigateToUrl: Navigate to 'https://kirona-def-6.kirona.com/jmprep/login#!loginView' successfully

2018-11-13 21:34:47 - [MESSAGE][PASSED] - Navigate to 'https://kirona-def-6.kirona.com/jmprep/login#!loginView' successfully

2018-11-13 21:34:47 - [TEST_STEP][PASSED] - setText: Text 'jon.hatfield' is set on object 'Object Repository/FSM1/Control Centre/Page_Job Manager Login/input_gwt-uid-3'

2018-11-13 21:34:49 - [MESSAGE][PASSED] - Text 'jon.hatfield' is set on object 'Object Repository/FSM1/Control Centre/Page_Job Manager Login/input_gwt-uid-3'

2018-11-13 21:34:49 - [TEST_STEP][PASSED] - setText: Text 'Fr@nc1sJ0n' is set on object 'Object Repository/FSM1/Control Centre/Page_Job Manager Login/input_gwt-uid-5'

2018-11-13 21:34:50 - [MESSAGE][PASSED] - Text 'Fr@nc1sJ0n' is set on object 'Object Repository/FSM1/Control Centre/Page_Job Manager Login/input_gwt-uid-5'

2018-11-13 21:34:50 - [TEST_STEP][PASSED] - click: Object: 'Object Repository/FSM1/PreProd/Page_Job Manager Login/div_Login' is clicked on

2018-11-13 21:34:50 - [MESSAGE][PASSED] - Object: 'Object Repository/FSM1/PreProd/Page_Job Manager Login/div_Login' is clicked on

2018-11-13 21:34:50 - [TEST_STEP][PASSED] - delay: Delayed 5 second(s)

2018-11-13 21:34:55 - [MESSAGE][PASSED] - Delayed 5 second(s)]]></system-out>
         <system-err><![CDATA[]]></system-err>
      </testcase>
      <testcase name="Test Cases/ABP/Generic/Create ABP Inspection - Manual Assignment" classname="Test Cases/ABP/Generic/Create ABP Inspection - Manual Assignment" status="PASSED">
         <system-out><![CDATA[2018-11-13 21:34:55 - [TEST_CASE][PASSED] - Test Cases/ABP/Generic/Create ABP Inspection - Manual Assignment: Test Cases/ABP/Generic/Create ABP Inspection - Manual Assignment

2018-11-13 21:34:56 - [TEST_STEP][PASSED] - Statement - log = new com.kms.katalon.core.logging.KeywordLogger(): null

2018-11-13 21:34:56 - [TEST_STEP][PASSED] - click: Object: 'Object Repository/FSM1/Create ABP Inspection Manual Ass/Page_JM Control Centre/Page_JM Control Centre/Page_JM Control Centre/div_Create' is clicked on

2018-11-13 21:34:56 - [MESSAGE][PASSED] - Object: 'Object Repository/FSM1/Create ABP Inspection Manual Ass/Page_JM Control Centre/Page_JM Control Centre/Page_JM Control Centre/div_Create' is clicked on

2018-11-13 21:34:56 - [TEST_STEP][PASSED] - click: Object: 'Object Repository/FSM1/Create ABP Inspection Manual Ass/Page_JM Control Centre/Page_JM Control Centre/Page_JM Control Centre/div_v-filterselect-button' is clicked on

2018-11-13 21:34:58 - [MESSAGE][PASSED] - Object: 'Object Repository/FSM1/Create ABP Inspection Manual Ass/Page_JM Control Centre/Page_JM Control Centre/Page_JM Control Centre/div_v-filterselect-button' is clicked on

2018-11-13 21:34:58 - [TEST_STEP][PASSED] - setText: Text 'ABPR24a' is set on object 'Object Repository/FSM1/Create ABP Inspection Manual Ass/Page_JM Control Centre/Page_JM Control Centre/Page_JM Control Centre/input_gwt-uid-8'

2018-11-13 21:34:59 - [MESSAGE][PASSED] - Text 'ABPR24a' is set on object 'Object Repository/FSM1/Create ABP Inspection Manual Ass/Page_JM Control Centre/Page_JM Control Centre/Page_JM Control Centre/input_gwt-uid-8'

2018-11-13 21:34:59 - [TEST_STEP][PASSED] - Statement - ABPInspectionTypeJ = com.kms.katalon.core.webui.keyword.WebUiBuiltInKeywords.modifyObjectProperty(com.kms.katalon.core.testobject.ObjectRepository.findTestObject(Object Repository/FSM1/Create ABP Inspection Manual Ass/Page_JM Control Centre/Page_JM Control Centre/Page_JM Control Centre/span_ABPR01A - Composting and), "text", "equals", ABPInspectionType, true): Modify property of object successfully

2018-11-13 21:34:59 - [MESSAGE][PASSED] - Modify property of object successfully

2018-11-13 21:34:59 - [TEST_STEP][PASSED] - click: Object: 'Object Repository/FSM1/Create ABP Inspection Manual Ass/Page_JM Control Centre/Page_JM Control Centre/Page_JM Control Centre/span_ABPR01A - Composting and' is clicked on

2018-11-13 21:35:00 - [MESSAGE][PASSED] - Object: 'Object Repository/FSM1/Create ABP Inspection Manual Ass/Page_JM Control Centre/Page_JM Control Centre/Page_JM Control Centre/span_ABPR01A - Composting and' is clicked on

2018-11-13 21:35:00 - [TEST_STEP][PASSED] - click: Object: 'Object Repository/FSM1/Create ABP Inspection Manual Ass/Page_JM Control Centre/Page_JM Control Centre/Page_JM Control Centre/div_v-filterselect-button_1' is clicked on

2018-11-13 21:35:02 - [MESSAGE][PASSED] - Object: 'Object Repository/FSM1/Create ABP Inspection Manual Ass/Page_JM Control Centre/Page_JM Control Centre/Page_JM Control Centre/div_v-filterselect-button_1' is clicked on

2018-11-13 21:35:02 - [TEST_STEP][PASSED] - click: Object: 'Object Repository/FSM1/Create ABP Inspection Manual Ass/Page_JM Control Centre/Page_JM Control Centre/Page_JM Control Centre/span_24 Hours' is clicked on

2018-11-13 21:35:03 - [MESSAGE][PASSED] - Object: 'Object Repository/FSM1/Create ABP Inspection Manual Ass/Page_JM Control Centre/Page_JM Control Centre/Page_JM Control Centre/span_24 Hours' is clicked on

2018-11-13 21:35:03 - [TEST_STEP][PASSED] - click: Object: 'Object Repository/FSM1/Create ABP Inspection Manual Ass/Page_JM Control Centre/Page_JM Control Centre/Page_JM Control Centre/div_Region_v-filterselect-butt' is clicked on

2018-11-13 21:35:03 - [MESSAGE][PASSED] - Object: 'Object Repository/FSM1/Create ABP Inspection Manual Ass/Page_JM Control Centre/Page_JM Control Centre/Page_JM Control Centre/div_Region_v-filterselect-butt' is clicked on

2018-11-13 21:35:03 - [TEST_STEP][PASSED] - click: Object: 'Object Repository/FSM1/Create ABP Inspection Manual Ass/Page_JM Control Centre/Page_JM Control Centre/Page_JM Control Centre/td_West' is clicked on

2018-11-13 21:35:04 - [MESSAGE][PASSED] - Object: 'Object Repository/FSM1/Create ABP Inspection Manual Ass/Page_JM Control Centre/Page_JM Control Centre/Page_JM Control Centre/td_West' is clicked on

2018-11-13 21:35:04 - [TEST_STEP][PASSED] - click: Object: 'Object Repository/FSM1/Create ABP Inspection Manual Ass/Page_JM Control Centre/Page_JM Control Centre/Page_JM Control Centre/div_Plant Type_v-filterselect-' is clicked on

2018-11-13 21:35:04 - [MESSAGE][PASSED] - Object: 'Object Repository/FSM1/Create ABP Inspection Manual Ass/Page_JM Control Centre/Page_JM Control Centre/Page_JM Control Centre/div_Plant Type_v-filterselect-' is clicked on

2018-11-13 21:35:04 - [TEST_STEP][PASSED] - click: Object: 'Object Repository/FSM1/Create ABP Inspection Manual Ass/Page_JM Control Centre/Page_JM Control Centre/Page_JM Control Centre/td_SECTION I Intermediate Acti' is clicked on

2018-11-13 21:35:05 - [MESSAGE][PASSED] - Object: 'Object Repository/FSM1/Create ABP Inspection Manual Ass/Page_JM Control Centre/Page_JM Control Centre/Page_JM Control Centre/td_SECTION I Intermediate Acti' is clicked on

2018-11-13 21:35:05 - [TEST_STEP][PASSED] - click: Object: 'Object Repository/FSM1/Create ABP Inspection Manual Ass/Page_JM Control Centre/Page_JM Control Centre/Page_JM Control Centre/div_Inspection Type_v-filterse' is clicked on

2018-11-13 21:35:05 - [MESSAGE][PASSED] - Object: 'Object Repository/FSM1/Create ABP Inspection Manual Ass/Page_JM Control Centre/Page_JM Control Centre/Page_JM Control Centre/div_Inspection Type_v-filterse' is clicked on

2018-11-13 21:35:05 - [TEST_STEP][PASSED] - click: Object: 'Object Repository/FSM1/Create ABP Inspection Manual Ass/Page_JM Control Centre/Page_JM Control Centre/Page_JM Control Centre/td_Routine' is clicked on

2018-11-13 21:35:06 - [MESSAGE][PASSED] - Object: 'Object Repository/FSM1/Create ABP Inspection Manual Ass/Page_JM Control Centre/Page_JM Control Centre/Page_JM Control Centre/td_Routine' is clicked on

2018-11-13 21:35:06 - [TEST_STEP][PASSED] - click: Object: 'Object Repository/FSM1/Create ABP Inspection Manual Ass/Page_JM Control Centre/Page_JM Control Centre/Page_JM Control Centre/div_Inspector Grade Required_v' is clicked on

2018-11-13 21:35:06 - [MESSAGE][PASSED] - Object: 'Object Repository/FSM1/Create ABP Inspection Manual Ass/Page_JM Control Centre/Page_JM Control Centre/Page_JM Control Centre/div_Inspector Grade Required_v' is clicked on

2018-11-13 21:35:06 - [TEST_STEP][PASSED] - click: Object: 'Object Repository/FSM1/Create ABP Inspection Manual Ass/Page_JM Control Centre/Page_JM Control Centre/Page_JM Control Centre/td_Tech' is clicked on

2018-11-13 21:35:06 - [MESSAGE][PASSED] - Object: 'Object Repository/FSM1/Create ABP Inspection Manual Ass/Page_JM Control Centre/Page_JM Control Centre/Page_JM Control Centre/td_Tech' is clicked on

2018-11-13 21:35:06 - [TEST_STEP][PASSED] - click: Object: 'Object Repository/FSM1/Create ABP Inspection Manual Ass/Page_JM Control Centre/Page_JM Control Centre/Page_JM Control Centre/div_Sequence within Inspection' is clicked on

2018-11-13 21:35:07 - [MESSAGE][PASSED] - Object: 'Object Repository/FSM1/Create ABP Inspection Manual Ass/Page_JM Control Centre/Page_JM Control Centre/Page_JM Control Centre/div_Sequence within Inspection' is clicked on

2018-11-13 21:35:07 - [TEST_STEP][PASSED] - click: Object: 'Object Repository/FSM1/Create ABP Inspection Manual Ass/Page_JM Control Centre/Page_JM Control Centre/Page_JM Control Centre/td_2 - Tech' is clicked on

2018-11-13 21:35:07 - [MESSAGE][PASSED] - Object: 'Object Repository/FSM1/Create ABP Inspection Manual Ass/Page_JM Control Centre/Page_JM Control Centre/Page_JM Control Centre/td_2 - Tech' is clicked on

2018-11-13 21:35:07 - [TEST_STEP][PASSED] - setText: Text '14709' is set on object 'Object Repository/FSM1/Create ABP Inspection Manual Ass/Page_JM Control Centre/Page_JM Control Centre/Page_JM Control Centre/input_Customer ID_gwt-uid-40'

2018-11-13 21:35:08 - [MESSAGE][PASSED] - Text '14709' is set on object 'Object Repository/FSM1/Create ABP Inspection Manual Ass/Page_JM Control Centre/Page_JM Control Centre/Page_JM Control Centre/input_Customer ID_gwt-uid-40'

2018-11-13 21:35:08 - [TEST_STEP][PASSED] - setText: Text '65449' is set on object 'Object Repository/FSM1/Create ABP Inspection Manual Ass/Page_JM Control Centre/Page_JM Control Centre/Page_JM Control Centre/input_Unit ID_gwt-uid-42'

2018-11-13 21:35:08 - [MESSAGE][PASSED] - Text '65449' is set on object 'Object Repository/FSM1/Create ABP Inspection Manual Ass/Page_JM Control Centre/Page_JM Control Centre/Page_JM Control Centre/input_Unit ID_gwt-uid-42'

2018-11-13 21:35:08 - [TEST_STEP][PASSED] - setText: Text 'Test Automation' is set on object 'Object Repository/FSM1/Create ABP Inspection Manual Ass/Page_JM Control Centre/Page_JM Control Centre/Page_JM Control Centre/input_Customer Name_gwt-uid-44'

2018-11-13 21:35:09 - [MESSAGE][PASSED] - Text 'Test Automation' is set on object 'Object Repository/FSM1/Create ABP Inspection Manual Ass/Page_JM Control Centre/Page_JM Control Centre/Page_JM Control Centre/input_Customer Name_gwt-uid-44'

2018-11-13 21:35:09 - [TEST_STEP][PASSED] - click: Object: 'Object Repository/FSM1/Create ABP Inspection Manual Ass/Page_JM Control Centre/Page_JM Control Centre/Page_JM Control Centre/span_' is clicked on

2018-11-13 21:35:09 - [MESSAGE][PASSED] - Object: 'Object Repository/FSM1/Create ABP Inspection Manual Ass/Page_JM Control Centre/Page_JM Control Centre/Page_JM Control Centre/span_' is clicked on

2018-11-13 21:35:09 - [TEST_STEP][PASSED] - click: Object: 'Object Repository/FSM1/Create ABP Inspection Manual Ass/Page_JM Control Centre/Page_JM Control Centre/Page_JM Control Centre/Postcode Search' is clicked on

2018-11-13 21:35:11 - [MESSAGE][PASSED] - Object: 'Object Repository/FSM1/Create ABP Inspection Manual Ass/Page_JM Control Centre/Page_JM Control Centre/Page_JM Control Centre/Postcode Search' is clicked on

2018-11-13 21:35:11 - [TEST_STEP][PASSED] - setText: Text 'WR5 2NQ' is set on object 'Object Repository/FSM1/Create ABP Inspection Manual Ass/Page_JM Control Centre/Page_JM Control Centre/Page_JM Control Centre/PostcodeSearch'

2018-11-13 21:35:11 - [MESSAGE][PASSED] - Text 'WR5 2NQ' is set on object 'Object Repository/FSM1/Create ABP Inspection Manual Ass/Page_JM Control Centre/Page_JM Control Centre/Page_JM Control Centre/PostcodeSearch'

2018-11-13 21:35:11 - [TEST_STEP][PASSED] - click: Object: 'Object Repository/FSM1/Control Centre/Create EMI Inspection/Create Address/Page_JM Control Centre (1)/SearchButton' is clicked on

2018-11-13 21:35:12 - [MESSAGE][PASSED] - Object: 'Object Repository/FSM1/Control Centre/Create EMI Inspection/Create Address/Page_JM Control Centre (1)/SearchButton' is clicked on

2018-11-13 21:35:12 - [TEST_STEP][PASSED] - Statement - FullAddress = com.kms.katalon.core.webui.keyword.WebUiBuiltInKeywords.modifyObjectProperty(com.kms.katalon.core.testobject.ObjectRepository.findTestObject(Object Repository/FSM1/Create ABP Inspection Manual Ass/Page_JM Control Centre/Page_JM Control Centre/Page_JM Control Centre/Address), "text", "equals", com.kms.katalon.core.testdata.TestDataFactory.findTestData(Pre Production/ABP/ABP Inspection Data 01a).getValue(3, 1), true): Modify property of object successfully

2018-11-13 21:35:12 - [MESSAGE][PASSED] - Modify property of object successfully

2018-11-13 21:35:12 - [TEST_STEP][PASSED] - click: Object: 'Object Repository/FSM1/Create ABP Inspection Manual Ass/Page_JM Control Centre/Page_JM Control Centre/Page_JM Control Centre/Address' is clicked on

2018-11-13 21:35:14 - [MESSAGE][PASSED] - Object: 'Object Repository/FSM1/Create ABP Inspection Manual Ass/Page_JM Control Centre/Page_JM Control Centre/Page_JM Control Centre/Address' is clicked on

2018-11-13 21:35:14 - [TEST_STEP][PASSED] - click: Object: 'Object Repository/FSM1/Control Centre/Create EMI Inspection/Create Address/Page_JM Control Centre (2)/div_Add Selected Item' is clicked on

2018-11-13 21:35:14 - [MESSAGE][PASSED] - Object: 'Object Repository/FSM1/Control Centre/Create EMI Inspection/Create Address/Page_JM Control Centre (2)/div_Add Selected Item' is clicked on

2018-11-13 21:35:14 - [TEST_STEP][PASSED] - delay: Delayed 2 second(s)

2018-11-13 21:35:16 - [MESSAGE][PASSED] - Delayed 2 second(s)

2018-11-13 21:35:16 - [TEST_STEP][PASSED] - click: Object: 'Object Repository/FSM1/Control Centre/Create EMI Inspection/Finish/Page_JM Control Centre (3)/div_Create' is clicked on

2018-11-13 21:35:17 - [MESSAGE][PASSED] - Object: 'Object Repository/FSM1/Control Centre/Create EMI Inspection/Finish/Page_JM Control Centre (3)/div_Create' is clicked on

2018-11-13 21:35:17 - [TEST_STEP][PASSED] - waitForElementPresent: Object 'Object Repository/FSM1/Create ABP Inspection Manual Ass/Page_JM Control Centre/Page_JM Control Centre/Page_JM Control Centre/div_APPROVED' is present

2018-11-13 21:35:23 - [MESSAGE][PASSED] - Object 'Object Repository/FSM1/Create ABP Inspection Manual Ass/Page_JM Control Centre/Page_JM Control Centre/Page_JM Control Centre/div_APPROVED' is present

2018-11-13 21:35:24 - [TEST_STEP][PASSED] - click: Object: 'Object Repository/FSM1/Create ABP Inspection Manual Ass/Page_JM Control Centre/Page_JM Control Centre/Page_JM Control Centre/span_Schedule' is clicked on

2018-11-13 21:35:24 - [MESSAGE][PASSED] - Object: 'Object Repository/FSM1/Create ABP Inspection Manual Ass/Page_JM Control Centre/Page_JM Control Centre/Page_JM Control Centre/span_Schedule' is clicked on

2018-11-13 21:35:24 - [TEST_STEP][PASSED] - click: Object: 'Object Repository/FSM1/Create ABP Inspection Manual Ass/Page_JM Control Centre/Page_JM Control Centre/Page_JM Control Centre/label_Manual Ownership' is clicked on

2018-11-13 21:35:29 - [MESSAGE][PASSED] - Object: 'Object Repository/FSM1/Create ABP Inspection Manual Ass/Page_JM Control Centre/Page_JM Control Centre/Page_JM Control Centre/label_Manual Ownership' is clicked on

2018-11-13 21:35:29 - [TEST_STEP][PASSED] - setText: Text 'test' is set on object 'Object Repository/FSM1/Create ABP Inspection Manual Ass/Page_JM Control Centre/Page_JM Control Centre/Page_JM Control Centre/input_Owner_gwt-uid-311 (3)'

2018-11-13 21:35:30 - [MESSAGE][PASSED] - Text 'test' is set on object 'Object Repository/FSM1/Create ABP Inspection Manual Ass/Page_JM Control Centre/Page_JM Control Centre/Page_JM Control Centre/input_Owner_gwt-uid-311 (3)'

2018-11-13 21:35:31 - [TEST_STEP][PASSED] - click: Object: 'Object Repository/FSM1/Create ABP Inspection Manual Ass/Page_JM Control Centre/Page_JM Control Centre/Page_JM Control Centre/span_Test Inspector' is clicked on

2018-11-13 21:35:31 - [MESSAGE][PASSED] - Object: 'Object Repository/FSM1/Create ABP Inspection Manual Ass/Page_JM Control Centre/Page_JM Control Centre/Page_JM Control Centre/span_Test Inspector' is clicked on

2018-11-13 21:35:31 - [TEST_STEP][NOT_RUN] - setText: NOT_RUN: setText

2018-11-13 21:35:31 - [MESSAGE][NOT_RUN] - NOT_RUN: setText

2018-11-13 21:35:31 - [TEST_STEP][PASSED] - Statement - mydate = new java.util.Date(): null

2018-11-13 21:35:31 - [TEST_STEP][PASSED] - Statement - tomorrow = mydate.next(): null

2018-11-13 21:35:31 - [TEST_STEP][PASSED] - Statement - formattedDate = tomorrow.format("dd-MMM-yyyy"): null

2018-11-13 21:35:31 - [TEST_STEP][PASSED] - setText: Text '14-Nov-2018' is set on object 'Object Repository/FSM1/Create ABP Inspection Manual Ass/Page_JM Control Centre/Page_JM Control Centre/Page_JM Control Centre/input_From date_gwt-uid-504 (10)'

2018-11-13 21:35:32 - [MESSAGE][PASSED] - Text '14-Nov-2018' is set on object 'Object Repository/FSM1/Create ABP Inspection Manual Ass/Page_JM Control Centre/Page_JM Control Centre/Page_JM Control Centre/input_From date_gwt-uid-504 (10)'

2018-11-13 21:35:32 - [TEST_STEP][PASSED] - setText: Text '14-Nov-2018' is set on object 'Object Repository/FSM1/Create ABP Inspection Manual Ass/Page_JM Control Centre/Page_JM Control Centre/Page_JM Control Centre/input_Due date_gwt-uid-506 (11)'

2018-11-13 21:35:33 - [MESSAGE][PASSED] - Text '14-Nov-2018' is set on object 'Object Repository/FSM1/Create ABP Inspection Manual Ass/Page_JM Control Centre/Page_JM Control Centre/Page_JM Control Centre/input_Due date_gwt-uid-506 (11)'

2018-11-13 21:35:33 - [TEST_STEP][PASSED] - click: Object: 'Object Repository/FSM1/Create ABP Inspection Manual Ass/Page_JM Control Centre/Page_JM Control Centre/Page_JM Control Centre/div_Allocate' is clicked on

2018-11-13 21:35:34 - [MESSAGE][PASSED] - Object: 'Object Repository/FSM1/Create ABP Inspection Manual Ass/Page_JM Control Centre/Page_JM Control Centre/Page_JM Control Centre/div_Allocate' is clicked on

2018-11-13 21:35:34 - [TEST_STEP][PASSED] - Statement - InspectionID = com.kms.katalon.core.webui.keyword.WebUiBuiltInKeywords.getText(com.kms.katalon.core.testobject.ObjectRepository.findTestObject(Object Repository/FSM1/Create ABP Inspection Manual Ass/Page_JM Control Centre/Page_JM Control Centre/Page_JM Control Centre/InspectionID)): Text of object 'Object Repository/FSM1/Create ABP Inspection Manual Ass/Page_JM Control Centre/Page_JM Control Centre/Page_JM Control Centre/InspectionID' is: 'Viewing Job 91054'

2018-11-13 21:35:34 - [MESSAGE][PASSED] - Text of object 'Object Repository/FSM1/Create ABP Inspection Manual Ass/Page_JM Control Centre/Page_JM Control Centre/Page_JM Control Centre/InspectionID' is: 'Viewing Job 91054'

2018-11-13 21:35:35 - [TEST_STEP][PASSED] - Statement - InspectionID = InspectionID.replaceAll("Viewing Job ", ""): null

2018-11-13 21:35:35 - [TEST_STEP][PASSED] - Statement - log.logWarning(InspectionID): 91054

2018-11-13 21:35:35 - [MESSAGE][WARNING] - 91054

2018-11-13 21:35:35 - [TEST_STEP][PASSED] - Statement - temp = InspectionID: null

2018-11-13 21:35:35 - [TEST_STEP][PASSED] - delay: Delayed 90 second(s)

2018-11-13 21:37:05 - [MESSAGE][PASSED] - Delayed 90 second(s)]]></system-out>
         <system-err><![CDATA[]]></system-err>
      </testcase>
      <testcase name="Test Cases/Generic/Launch Job Manager" classname="Test Cases/Generic/Launch Job Manager" status="PASSED">
         <system-out><![CDATA[2018-11-13 21:37:05 - [TEST_CASE][PASSED] - Test Cases/Generic/Launch Job Manager: Test Cases/Generic/Launch Job Manager

2018-11-13 21:37:05 - [TEST_STEP][PASSED] - openBrowser: Browser is opened with url: ''

2018-11-13 21:37:05 - [MESSAGE][WARNING] - A browser is already opened. Closing browser and opening a new one

2018-11-13 21:37:09 - [MESSAGE][PASSED] - Browser is opened with url: ''

2018-11-13 21:37:09 - [TEST_STEP][PASSED] - navigateToUrl: Navigate to 'https://kirona-def-6.kirona.com/jmprep/jclient/jclient.html' successfully

2018-11-13 21:37:10 - [MESSAGE][PASSED] - Navigate to 'https://kirona-def-6.kirona.com/jmprep/jclient/jclient.html' successfully

2018-11-13 21:37:10 - [TEST_STEP][PASSED] - setText: Text 'KIR1' is set on object 'Object Repository/FSM1/Launch Application/Page_JClient/input_gwt-TextBox GKH2EKQBMDB'

2018-11-13 21:37:12 - [MESSAGE][PASSED] - Text 'KIR1' is set on object 'Object Repository/FSM1/Launch Application/Page_JClient/input_gwt-TextBox GKH2EKQBMDB'

2018-11-13 21:37:12 - [TEST_STEP][PASSED] - sendKeys: Keys 'ENTER + ' sent to object: 'Object Repository/FSM1/Launch Application/Page_JClient/input_gwt-TextBox GKH2EKQBMDB'

2018-11-13 21:37:12 - [MESSAGE][PASSED] - Keys 'ENTER + ' sent to object: 'Object Repository/FSM1/Launch Application/Page_JClient/input_gwt-TextBox GKH2EKQBMDB'

2018-11-13 21:37:12 - [TEST_STEP][PASSED] - click: Object: 'Object Repository/FSM1/Launch Application/Page_JClient/div_Configure App' is clicked on

2018-11-13 21:37:12 - [MESSAGE][PASSED] - Object: 'Object Repository/FSM1/Launch Application/Page_JClient/div_Configure App' is clicked on

2018-11-13 21:37:12 - [TEST_STEP][PASSED] - setText: Text 'test.inspector' is set on object 'Object Repository/FSM1/Launch Application/Page_JClient/input_gwt-TextBox GKH2EKQBNHC'

2018-11-13 21:37:14 - [MESSAGE][PASSED] - Text 'test.inspector' is set on object 'Object Repository/FSM1/Launch Application/Page_JClient/input_gwt-TextBox GKH2EKQBNHC'

2018-11-13 21:37:14 - [TEST_STEP][PASSED] - setText: Text 'Password1.' is set on object 'Object Repository/FSM1/Launch Application/Page_JClient/input_gwt-PasswordTextBox GKH2'

2018-11-13 21:37:14 - [MESSAGE][PASSED] - Text 'Password1.' is set on object 'Object Repository/FSM1/Launch Application/Page_JClient/input_gwt-PasswordTextBox GKH2'

2018-11-13 21:37:14 - [TEST_STEP][PASSED] - click: Object: 'Object Repository/FSM1/Launch Application/Page_JClient/div_Sign In' is clicked on

2018-11-13 21:37:14 - [MESSAGE][PASSED] - Object: 'Object Repository/FSM1/Launch Application/Page_JClient/div_Sign In' is clicked on

2018-11-13 21:37:14 - [TEST_STEP][PASSED] - delay: Delayed 15 second(s)

2018-11-13 21:37:29 - [MESSAGE][PASSED] - Delayed 15 second(s)]]></system-out>
         <system-err><![CDATA[]]></system-err>
      </testcase>
      <testcase name="Test Cases/Generic/Select Inspection" classname="Test Cases/Generic/Select Inspection" status="PASSED">
         <system-out><![CDATA[2018-11-13 21:37:29 - [TEST_CASE][PASSED] - Test Cases/Generic/Select Inspection: Test Cases/Generic/Select Inspection

2018-11-13 21:37:30 - [TEST_STEP][PASSED] - delay: Delayed 30 second(s)

2018-11-13 21:38:00 - [MESSAGE][PASSED] - Delayed 30 second(s)

2018-11-13 21:38:00 - [TEST_STEP][PASSED] - waitForElementClickable: Object 'Object Repository/FSM1/Select Inspection/Landing/Refresh' is clickable

2018-11-13 21:38:00 - [MESSAGE][PASSED] - Object 'Object Repository/FSM1/Select Inspection/Landing/Refresh' is clickable

2018-11-13 21:38:00 - [TEST_STEP][PASSED] - click: Object: 'Object Repository/FSM1/Select Inspection/Landing/Refresh' is clicked on

2018-11-13 21:38:00 - [MESSAGE][PASSED] - Object: 'Object Repository/FSM1/Select Inspection/Landing/Refresh' is clicked on

2018-11-13 21:38:00 - [TEST_STEP][PASSED] - waitForElementClickable: Object 'Object Repository/FSM1/Select Inspection/Landing/Refresh' is clickable

2018-11-13 21:38:01 - [MESSAGE][PASSED] - Object 'Object Repository/FSM1/Select Inspection/Landing/Refresh' is clickable

2018-11-13 21:38:01 - [TEST_STEP][NOT_RUN] - delay: NOT_RUN: delay

2018-11-13 21:38:01 - [MESSAGE][NOT_RUN] - NOT_RUN: delay

2018-11-13 21:38:01 - [TEST_STEP][PASSED] - Statement - InspectionRef = com.kms.katalon.core.webui.keyword.WebUiBuiltInKeywords.modifyObjectProperty(com.kms.katalon.core.testobject.ObjectRepository.findTestObject(FSM1/Select Inspection/Landing/Page_JClient/div_35098), "text", "equals", temp, true, STOP_ON_FAILURE): Modify property of object successfully

2018-11-13 21:38:01 - [MESSAGE][PASSED] - Modify property of object successfully

2018-11-13 21:38:01 - [TEST_STEP][PASSED] - delay: Delayed 20 second(s)

2018-11-13 21:38:21 - [MESSAGE][PASSED] - Delayed 20 second(s)

2018-11-13 21:38:21 - [TEST_STEP][PASSED] - Statement - If (com.kms.katalon.core.webui.keyword.WebUiBuiltInKeywords.verifyElementPresent(InspectionRef, 30, OPTIONAL)): com.kms.katalon.core.webui.exception.WebElementNotFoundException: Web element with id: 'Object Repository/FSM1/Select Inspection/Landing/Page_JClient/div_35098' located by 'By.xpath: //div[(text() = '91054' or . = '91054')]' not found

2018-11-13 21:38:54 - [MESSAGE][WARNING] - com.kms.katalon.core.webui.exception.WebElementNotFoundException: Web element with id: 'Object Repository/FSM1/Select Inspection/Landing/Page_JClient/div_35098' located by 'By.xpath: //div[(text() = '91054' or . = '91054')]' not found
[[ATTACHMENT|C:\\Users\\JHATFIELD\\git\\DEFRA-FSM_Automated_Regression_NEW\\Reports\\ABP\\ABP Regression - 24a\\20181113_201018\\1542145133844.png]]

2018-11-13 21:38:54 - [TEST_STEP][PASSED] - Statement - Else: Object: 'Object Repository/FSM1/Select Inspection/Landing/Page_JClient/div_35098' is clicked on

2018-11-13 21:38:54 - [TEST_STEP][PASSED] - click: Object: 'Object Repository/FSM1/Select Inspection/Landing/Page_JClient (1)/2 Days' is clicked on

2018-11-13 21:38:54 - [MESSAGE][PASSED] - Object: 'Object Repository/FSM1/Select Inspection/Landing/Page_JClient (1)/2 Days' is clicked on

2018-11-13 21:38:54 - [TEST_STEP][PASSED] - delay: Delayed 3 second(s)

2018-11-13 21:38:57 - [MESSAGE][PASSED] - Delayed 3 second(s)

2018-11-13 21:38:57 - [TEST_STEP][PASSED] - click: Object: 'Object Repository/FSM1/Select Inspection/Landing/Page_JClient/div_35098' is clicked on

2018-11-13 21:38:58 - [MESSAGE][PASSED] - Object: 'Object Repository/FSM1/Select Inspection/Landing/Page_JClient/div_35098' is clicked on

2018-11-13 21:38:58 - [TEST_STEP][PASSED] - click: Object: 'Object Repository/FSM1/Select Inspection/Page_JClient/div_WITH OPERATIVE' is clicked on

2018-11-13 21:38:58 - [MESSAGE][PASSED] - Object: 'Object Repository/FSM1/Select Inspection/Page_JClient/div_WITH OPERATIVE' is clicked on

2018-11-13 21:38:58 - [TEST_STEP][PASSED] - delay: Delayed 2 second(s)

2018-11-13 21:39:00 - [MESSAGE][PASSED] - Delayed 2 second(s)

2018-11-13 21:39:00 - [TEST_STEP][PASSED] - click: Object: 'Object Repository/FSM1/Select Inspection/Page_JClient/div_TRAVELLING' is clicked on

2018-11-13 21:39:01 - [MESSAGE][PASSED] - Object: 'Object Repository/FSM1/Select Inspection/Page_JClient/div_TRAVELLING' is clicked on

2018-11-13 21:39:01 - [TEST_STEP][PASSED] - delay: Delayed 2 second(s)

2018-11-13 21:39:03 - [MESSAGE][PASSED] - Delayed 2 second(s)

2018-11-13 21:39:03 - [TEST_STEP][PASSED] - click: Object: 'Object Repository/FSM1/Select Inspection/Page_JClient/div_TRAVELLING' is clicked on

2018-11-13 21:39:03 - [MESSAGE][PASSED] - Object: 'Object Repository/FSM1/Select Inspection/Page_JClient/div_TRAVELLING' is clicked on

2018-11-13 21:39:03 - [TEST_STEP][PASSED] - delay: Delayed 2 second(s)

2018-11-13 21:39:05 - [MESSAGE][PASSED] - Delayed 2 second(s)

2018-11-13 21:39:05 - [TEST_STEP][PASSED] - click: Object: 'Object Repository/FSM1/Select Inspection/Page_JClient/div_ARRIVED' is clicked on

2018-11-13 21:39:05 - [MESSAGE][PASSED] - Object: 'Object Repository/FSM1/Select Inspection/Page_JClient/div_ARRIVED' is clicked on

2018-11-13 21:39:05 - [TEST_STEP][PASSED] - delay: Delayed 2 second(s)

2018-11-13 21:39:07 - [MESSAGE][PASSED] - Delayed 2 second(s)

2018-11-13 21:39:07 - [TEST_STEP][PASSED] - click: Object: 'Object Repository/FSM1/Select Inspection/Page_JClient/div_ARRIVED' is clicked on

2018-11-13 21:39:07 - [MESSAGE][PASSED] - Object: 'Object Repository/FSM1/Select Inspection/Page_JClient/div_ARRIVED' is clicked on

2018-11-13 21:39:07 - [TEST_STEP][PASSED] - delay: Delayed 4 second(s)

2018-11-13 21:39:11 - [MESSAGE][PASSED] - Delayed 4 second(s)

2018-11-13 21:39:11 - [TEST_STEP][PASSED] - click: Object: 'Object Repository/FSM1/Select Inspection/Page_JClient/div_STARTED' is clicked on

2018-11-13 21:39:11 - [MESSAGE][PASSED] - Object: 'Object Repository/FSM1/Select Inspection/Page_JClient/div_STARTED' is clicked on

2018-11-13 21:39:11 - [TEST_STEP][PASSED] - delay: Delayed 2 second(s)

2018-11-13 21:39:13 - [MESSAGE][PASSED] - Delayed 2 second(s)]]></system-out>
         <system-err><![CDATA[]]></system-err>
      </testcase>
      <testcase name="Test Cases/ABP/ABPR24a/Complete ABP Inspection - Section A - 24a, 25a, 26a, 29a" classname="Test Cases/ABP/ABPR24a/Complete ABP Inspection - Section A - 24a, 25a, 26a, 29a" status="PASSED">
         <system-out><![CDATA[2018-11-13 21:39:13 - [TEST_CASE][PASSED] - Test Cases/ABP/ABPR24a/Complete ABP Inspection - Section A - 24a, 25a, 26a, 29a: Test Cases/ABP/ABPR24a/Complete ABP Inspection - Section A - 24a, 25a, 26a, 29a

2018-11-13 21:39:14 - [TEST_STEP][PASSED] - click: Object: 'Object Repository/FSM1/Complete ABP Inspection/ABPR24a/Section A/Page_JClient/div_Section A Summary of Inspe' is clicked on

2018-11-13 21:39:14 - [MESSAGE][PASSED] - Object: 'Object Repository/FSM1/Complete ABP Inspection/ABPR24a/Section A/Page_JClient/div_Section A Summary of Inspe' is clicked on

2018-11-13 21:39:14 - [TEST_STEP][PASSED] - delay: Delayed 3 second(s)

2018-11-13 21:39:17 - [MESSAGE][PASSED] - Delayed 3 second(s)

2018-11-13 21:39:17 - [TEST_STEP][PASSED] - setText: Text '11/222/3333' is set on object 'Object Repository/FSM1/Complete ABP Inspection/ABPR24a/Section A/Page_JClient/input_County Parish Holding (C'

2018-11-13 21:39:17 - [MESSAGE][PASSED] - Text '11/222/3333' is set on object 'Object Repository/FSM1/Complete ABP Inspection/ABPR24a/Section A/Page_JClient/input_County Parish Holding (C'

2018-11-13 21:39:17 - [TEST_STEP][PASSED] - click: Object: 'Object Repository/FSM1/Complete ABP Inspection/ABPR24a/Section A/Page_JClient/input_Yes_radio_group_1' is clicked on

2018-11-13 21:39:18 - [MESSAGE][PASSED] - Object: 'Object Repository/FSM1/Complete ABP Inspection/ABPR24a/Section A/Page_JClient/input_Yes_radio_group_1' is clicked on

2018-11-13 21:39:18 - [TEST_STEP][PASSED] - click: Object: 'Object Repository/FSM1/Complete ABP Inspection/ABPR24a/Section A/Page_JClient/input_Yes_radio_group_2' is clicked on

2018-11-13 21:39:18 - [MESSAGE][PASSED] - Object: 'Object Repository/FSM1/Complete ABP Inspection/ABPR24a/Section A/Page_JClient/input_Yes_radio_group_2' is clicked on

2018-11-13 21:39:18 - [TEST_STEP][PASSED] - click: Object: 'Object Repository/FSM1/Complete ABP Inspection/ABPR24a/Section A/Page_JClient/input_Yes_radio_group_3' is clicked on

2018-11-13 21:39:18 - [MESSAGE][PASSED] - Object: 'Object Repository/FSM1/Complete ABP Inspection/ABPR24a/Section A/Page_JClient/input_Yes_radio_group_3' is clicked on

2018-11-13 21:39:18 - [TEST_STEP][PASSED] - click: Object: 'Object Repository/FSM1/Complete ABP Inspection/ABPR24a/Section A/Page_JClient/input_Yes_radio_group_4' is clicked on

2018-11-13 21:39:18 - [MESSAGE][PASSED] - Object: 'Object Repository/FSM1/Complete ABP Inspection/ABPR24a/Section A/Page_JClient/input_Yes_radio_group_4' is clicked on

2018-11-13 21:39:18 - [TEST_STEP][PASSED] - click: Object: 'Object Repository/FSM1/Complete ABP Inspection/ABPR24a/Section A/Page_JClient/input_Yes_radio_group_5' is clicked on

2018-11-13 21:39:18 - [MESSAGE][PASSED] - Object: 'Object Repository/FSM1/Complete ABP Inspection/ABPR24a/Section A/Page_JClient/input_Yes_radio_group_5' is clicked on

2018-11-13 21:39:18 - [TEST_STEP][PASSED] - selectOptionByValue: All options with value 'S' are selected in object 'Object Repository/FSM1/Complete ABP Inspection/ABPR24a/Page_JClient/Page_JClient/Operation'  using regular expression

2018-11-13 21:39:19 - [MESSAGE][PASSED] - All options with value 'S' are selected in object 'Object Repository/FSM1/Complete ABP Inspection/ABPR24a/Page_JClient/Page_JClient/Operation'  using regular expression

2018-11-13 21:39:19 - [TEST_STEP][PASSED] - selectOptionByValue: All options with value 'S' are selected in object 'Object Repository/FSM1/Complete ABP Inspection/ABPR24a/Page_JClient/Page_JClient/Structure'  using regular expression

2018-11-13 21:39:19 - [MESSAGE][PASSED] - All options with value 'S' are selected in object 'Object Repository/FSM1/Complete ABP Inspection/ABPR24a/Page_JClient/Page_JClient/Structure'  using regular expression

2018-11-13 21:39:19 - [TEST_STEP][PASSED] - selectOptionByValue: All options with value 'S' are selected in object 'Object Repository/FSM1/Complete ABP Inspection/ABPR24a/Page_JClient/Page_JClient/Records'  using regular expression

2018-11-13 21:39:19 - [MESSAGE][PASSED] - All options with value 'S' are selected in object 'Object Repository/FSM1/Complete ABP Inspection/ABPR24a/Page_JClient/Page_JClient/Records'  using regular expression

2018-11-13 21:39:19 - [TEST_STEP][PASSED] - selectOptionByValue: All options with value 'S' are selected in object 'Object Repository/FSM1/Complete ABP Inspection/ABPR24a/Page_JClient/Page_JClient/SRM'  using regular expression

2018-11-13 21:39:20 - [MESSAGE][PASSED] - All options with value 'S' are selected in object 'Object Repository/FSM1/Complete ABP Inspection/ABPR24a/Page_JClient/Page_JClient/SRM'  using regular expression

2018-11-13 21:39:20 - [TEST_STEP][PASSED] - click: Object: 'Object Repository/FSM1/Complete ABP Inspection/ABPR24a/Section A/Page_JClient/input_Yes_radio_group_14' is clicked on

2018-11-13 21:39:20 - [MESSAGE][PASSED] - Object: 'Object Repository/FSM1/Complete ABP Inspection/ABPR24a/Section A/Page_JClient/input_Yes_radio_group_14' is clicked on

2018-11-13 21:39:20 - [TEST_STEP][PASSED] - click: Object: 'Object Repository/FSM1/Complete ABP Inspection/ABPR24a/Section A/Page_JClient/input_Yes_radio_group_15' is clicked on

2018-11-13 21:39:20 - [MESSAGE][PASSED] - Object: 'Object Repository/FSM1/Complete ABP Inspection/ABPR24a/Section A/Page_JClient/input_Yes_radio_group_15' is clicked on

2018-11-13 21:39:20 - [TEST_STEP][PASSED] - selectOptionByValue: All options with value 'Continue with current reg' are selected in object 'Object Repository/FSM1/Complete ABP Inspection/ABPR24a/Section A/Page_JClient/select_(a) Continue with curre'  using regular expression

2018-11-13 21:39:20 - [MESSAGE][PASSED] - All options with value 'Continue with current reg' are selected in object 'Object Repository/FSM1/Complete ABP Inspection/ABPR24a/Section A/Page_JClient/select_(a) Continue with curre'  using regular expression

2018-11-13 21:39:20 - [TEST_STEP][PASSED] - click: Object: 'Object Repository/FSM1/Complete ABP Inspection/ABPR24a/Section A/Page_JClient/input_Yes_radio_group_16' is clicked on

2018-11-13 21:39:20 - [MESSAGE][PASSED] - Object: 'Object Repository/FSM1/Complete ABP Inspection/ABPR24a/Section A/Page_JClient/input_Yes_radio_group_16' is clicked on

2018-11-13 21:39:20 - [TEST_STEP][PASSED] - click: Object: 'Object Repository/FSM1/Complete ABP Inspection/ABPR24a/Section A/Page_JClient/input_Yes_radio_group_17' is clicked on

2018-11-13 21:39:21 - [MESSAGE][PASSED] - Object: 'Object Repository/FSM1/Complete ABP Inspection/ABPR24a/Section A/Page_JClient/input_Yes_radio_group_17' is clicked on

2018-11-13 21:39:21 - [TEST_STEP][PASSED] - click: Object: 'Object Repository/FSM1/Complete ABP Inspection/ABPR24a/Section A/Page_JClient/input_Yes_radio_group_18' is clicked on

2018-11-13 21:39:21 - [MESSAGE][PASSED] - Object: 'Object Repository/FSM1/Complete ABP Inspection/ABPR24a/Section A/Page_JClient/input_Yes_radio_group_18' is clicked on

2018-11-13 21:39:21 - [TEST_STEP][PASSED] - setText: Text '12' is set on object 'Object Repository/FSM1/Complete ABP Inspection/ABPR24a/Section A/Page_JClient/input_Chargeable time (minutes'

2018-11-13 21:39:21 - [MESSAGE][PASSED] - Text '12' is set on object 'Object Repository/FSM1/Complete ABP Inspection/ABPR24a/Section A/Page_JClient/input_Chargeable time (minutes'

2018-11-13 21:39:21 - [TEST_STEP][PASSED] - click: Object: 'Object Repository/FSM1/Complete ABP Inspection/ABPR24a/Section A/Page_JClient/div_Save' is clicked on

2018-11-13 21:39:21 - [MESSAGE][PASSED] - Object: 'Object Repository/FSM1/Complete ABP Inspection/ABPR24a/Section A/Page_JClient/div_Save' is clicked on]]></system-out>
         <system-err><![CDATA[]]></system-err>
      </testcase>
      <testcase name="Test Cases/ABP/ABPR24a/Complete ABP Inspection -Section B - 24a" classname="Test Cases/ABP/ABPR24a/Complete ABP Inspection -Section B - 24a" status="PASSED">
         <system-out><![CDATA[2018-11-13 21:39:21 - [TEST_CASE][PASSED] - Test Cases/ABP/ABPR24a/Complete ABP Inspection -Section B - 24a: Test Cases/ABP/ABPR24a/Complete ABP Inspection -Section B - 24a

2018-11-13 21:39:22 - [TEST_STEP][PASSED] - click: Object: 'Object Repository/FSM1/Complete ABP Inspection/ABPR24a/Page_JClient/div_Section B Inspection Detai' is clicked on

2018-11-13 21:39:22 - [MESSAGE][PASSED] - Object: 'Object Repository/FSM1/Complete ABP Inspection/ABPR24a/Page_JClient/div_Section B Inspection Detai' is clicked on

2018-11-13 21:39:22 - [TEST_STEP][PASSED] - delay: Delayed 3 second(s)

2018-11-13 21:39:25 - [MESSAGE][PASSED] - Delayed 3 second(s)

2018-11-13 21:39:25 - [TEST_STEP][PASSED] - click: Object: 'Object Repository/FSM1/Complete ABP Inspection/ABPR24a/Page_JClient/input_Structure_radio_group_19' is clicked on

2018-11-13 21:39:25 - [MESSAGE][PASSED] - Object: 'Object Repository/FSM1/Complete ABP Inspection/ABPR24a/Page_JClient/input_Structure_radio_group_19' is clicked on

2018-11-13 21:39:25 - [TEST_STEP][PASSED] - click: Object: 'Object Repository/FSM1/Complete ABP Inspection/ABPR24a/Page_JClient/input_Not Checked_radio_group_' is clicked on

2018-11-13 21:39:25 - [MESSAGE][PASSED] - Object: 'Object Repository/FSM1/Complete ABP Inspection/ABPR24a/Page_JClient/input_Not Checked_radio_group_' is clicked on

2018-11-13 21:39:25 - [TEST_STEP][PASSED] - click: Object: 'Object Repository/FSM1/Complete ABP Inspection/ABPR24a/Page_JClient/input_Not Checked_radio_group__1' is clicked on

2018-11-13 21:39:25 - [MESSAGE][PASSED] - Object: 'Object Repository/FSM1/Complete ABP Inspection/ABPR24a/Page_JClient/input_Not Checked_radio_group__1' is clicked on

2018-11-13 21:39:25 - [TEST_STEP][PASSED] - click: Object: 'Object Repository/FSM1/Complete ABP Inspection/ABPR24a/Page_JClient/input_Not Checked_radio_group__2' is clicked on

2018-11-13 21:39:26 - [MESSAGE][PASSED] - Object: 'Object Repository/FSM1/Complete ABP Inspection/ABPR24a/Page_JClient/input_Not Checked_radio_group__2' is clicked on

2018-11-13 21:39:26 - [TEST_STEP][PASSED] - click: Object: 'Object Repository/FSM1/Complete ABP Inspection/ABPR24a/Page_JClient/input_Not Checked_radio_group__3' is clicked on

2018-11-13 21:39:26 - [MESSAGE][PASSED] - Object: 'Object Repository/FSM1/Complete ABP Inspection/ABPR24a/Page_JClient/input_Not Checked_radio_group__3' is clicked on

2018-11-13 21:39:26 - [TEST_STEP][PASSED] - click: Object: 'Object Repository/FSM1/Complete ABP Inspection/ABPR24a/Page_JClient/input_Not Checked_radio_group__4' is clicked on

2018-11-13 21:39:26 - [MESSAGE][PASSED] - Object: 'Object Repository/FSM1/Complete ABP Inspection/ABPR24a/Page_JClient/input_Not Checked_radio_group__4' is clicked on

2018-11-13 21:39:26 - [TEST_STEP][PASSED] - click: Object: 'Object Repository/FSM1/Complete ABP Inspection/ABPR24a/Page_JClient/input_Operations_radio_group_2' is clicked on

2018-11-13 21:39:26 - [MESSAGE][PASSED] - Object: 'Object Repository/FSM1/Complete ABP Inspection/ABPR24a/Page_JClient/input_Operations_radio_group_2' is clicked on

2018-11-13 21:39:26 - [TEST_STEP][PASSED] - click: Object: 'Object Repository/FSM1/Complete ABP Inspection/ABPR24a/Page_JClient/input_Not Checked_radio_group__5' is clicked on

2018-11-13 21:39:26 - [MESSAGE][PASSED] - Object: 'Object Repository/FSM1/Complete ABP Inspection/ABPR24a/Page_JClient/input_Not Checked_radio_group__5' is clicked on

2018-11-13 21:39:26 - [TEST_STEP][PASSED] - click: Object: 'Object Repository/FSM1/Complete ABP Inspection/ABPR24a/Page_JClient/input_Not Checked_radio_group__6' is clicked on

2018-11-13 21:39:26 - [MESSAGE][PASSED] - Object: 'Object Repository/FSM1/Complete ABP Inspection/ABPR24a/Page_JClient/input_Not Checked_radio_group__6' is clicked on

2018-11-13 21:39:26 - [TEST_STEP][PASSED] - click: Object: 'Object Repository/FSM1/Complete ABP Inspection/ABPR24a/Page_JClient/input_Not Checked_radio_group__7' is clicked on

2018-11-13 21:39:26 - [MESSAGE][PASSED] - Object: 'Object Repository/FSM1/Complete ABP Inspection/ABPR24a/Page_JClient/input_Not Checked_radio_group__7' is clicked on

2018-11-13 21:39:26 - [TEST_STEP][PASSED] - click: Object: 'Object Repository/FSM1/Complete ABP Inspection/ABPR24a/Page_JClient/input_Not Checked_radio_group__8' is clicked on

2018-11-13 21:39:27 - [MESSAGE][PASSED] - Object: 'Object Repository/FSM1/Complete ABP Inspection/ABPR24a/Page_JClient/input_Not Checked_radio_group__8' is clicked on

2018-11-13 21:39:27 - [TEST_STEP][PASSED] - click: Object: 'Object Repository/FSM1/Complete ABP Inspection/ABPR24a/Page_JClient/input_Not Checked_radio_group__9' is clicked on

2018-11-13 21:39:27 - [MESSAGE][PASSED] - Object: 'Object Repository/FSM1/Complete ABP Inspection/ABPR24a/Page_JClient/input_Not Checked_radio_group__9' is clicked on

2018-11-13 21:39:27 - [TEST_STEP][PASSED] - click: Object: 'Object Repository/FSM1/Complete ABP Inspection/ABPR24a/Page_JClient/input_Not Checked_radio_group__10' is clicked on

2018-11-13 21:39:27 - [MESSAGE][PASSED] - Object: 'Object Repository/FSM1/Complete ABP Inspection/ABPR24a/Page_JClient/input_Not Checked_radio_group__10' is clicked on

2018-11-13 21:39:27 - [TEST_STEP][PASSED] - click: Object: 'Object Repository/FSM1/Complete ABP Inspection/ABPR24a/Page_JClient/input_Not Checked_radio_group__11' is clicked on

2018-11-13 21:39:27 - [MESSAGE][PASSED] - Object: 'Object Repository/FSM1/Complete ABP Inspection/ABPR24a/Page_JClient/input_Not Checked_radio_group__11' is clicked on

2018-11-13 21:39:27 - [TEST_STEP][PASSED] - click: Object: 'Object Repository/FSM1/Complete ABP Inspection/ABPR24a/Page_JClient/input_Not Checked_radio_group__12' is clicked on

2018-11-13 21:39:27 - [MESSAGE][PASSED] - Object: 'Object Repository/FSM1/Complete ABP Inspection/ABPR24a/Page_JClient/input_Not Checked_radio_group__12' is clicked on

2018-11-13 21:39:27 - [TEST_STEP][PASSED] - click: Object: 'Object Repository/FSM1/Complete ABP Inspection/ABPR24a/Page_JClient/input_Not Checked_radio_group__13' is clicked on

2018-11-13 21:39:27 - [MESSAGE][PASSED] - Object: 'Object Repository/FSM1/Complete ABP Inspection/ABPR24a/Page_JClient/input_Not Checked_radio_group__13' is clicked on

2018-11-13 21:39:27 - [TEST_STEP][PASSED] - click: Object: 'Object Repository/FSM1/Complete ABP Inspection/ABPR24a/Page_JClient/input_Not Checked_radio_group__14' is clicked on

2018-11-13 21:39:28 - [MESSAGE][PASSED] - Object: 'Object Repository/FSM1/Complete ABP Inspection/ABPR24a/Page_JClient/input_Not Checked_radio_group__14' is clicked on

2018-11-13 21:39:28 - [TEST_STEP][PASSED] - click: Object: 'Object Repository/FSM1/Complete ABP Inspection/ABPR24a/Page_JClient/input_Not Checked_radio_group__15' is clicked on

2018-11-13 21:39:28 - [MESSAGE][PASSED] - Object: 'Object Repository/FSM1/Complete ABP Inspection/ABPR24a/Page_JClient/input_Not Checked_radio_group__15' is clicked on

2018-11-13 21:39:28 - [TEST_STEP][PASSED] - click: Object: 'Object Repository/FSM1/Complete ABP Inspection/ABPR24a/Page_JClient/input_Not Checked_radio_group__16' is clicked on

2018-11-13 21:39:28 - [MESSAGE][PASSED] - Object: 'Object Repository/FSM1/Complete ABP Inspection/ABPR24a/Page_JClient/input_Not Checked_radio_group__16' is clicked on

2018-11-13 21:39:28 - [TEST_STEP][PASSED] - click: Object: 'Object Repository/FSM1/Complete ABP Inspection/ABPR24a/Page_JClient/input_Not Checked_radio_group__17' is clicked on

2018-11-13 21:39:28 - [MESSAGE][PASSED] - Object: 'Object Repository/FSM1/Complete ABP Inspection/ABPR24a/Page_JClient/input_Not Checked_radio_group__17' is clicked on

2018-11-13 21:39:28 - [TEST_STEP][PASSED] - click: Object: 'Object Repository/FSM1/Complete ABP Inspection/ABPR24a/Page_JClient/input_Not Checked_radio_group__18' is clicked on

2018-11-13 21:39:28 - [MESSAGE][PASSED] - Object: 'Object Repository/FSM1/Complete ABP Inspection/ABPR24a/Page_JClient/input_Not Checked_radio_group__18' is clicked on

2018-11-13 21:39:28 - [TEST_STEP][PASSED] - click: Object: 'Object Repository/FSM1/Complete ABP Inspection/ABPR24a/Page_JClient/input_Not Checked_radio_group__19' is clicked on

2018-11-13 21:39:28 - [MESSAGE][PASSED] - Object: 'Object Repository/FSM1/Complete ABP Inspection/ABPR24a/Page_JClient/input_Not Checked_radio_group__19' is clicked on

2018-11-13 21:39:28 - [TEST_STEP][PASSED] - click: Object: 'Object Repository/FSM1/Complete ABP Inspection/ABPR24a/Page_JClient/input_Not Checked_radio_group__20' is clicked on

2018-11-13 21:39:29 - [MESSAGE][PASSED] - Object: 'Object Repository/FSM1/Complete ABP Inspection/ABPR24a/Page_JClient/input_Not Checked_radio_group__20' is clicked on

2018-11-13 21:39:29 - [TEST_STEP][PASSED] - click: Object: 'Object Repository/FSM1/Complete ABP Inspection/ABPR24a/Page_JClient/input_Not Checked_radio_group__21' is clicked on

2018-11-13 21:39:29 - [MESSAGE][PASSED] - Object: 'Object Repository/FSM1/Complete ABP Inspection/ABPR24a/Page_JClient/input_Not Checked_radio_group__21' is clicked on

2018-11-13 21:39:29 - [TEST_STEP][PASSED] - click: Object: 'Object Repository/FSM1/Complete ABP Inspection/ABPR24a/Page_JClient/input_Records_radio_group_43' is clicked on

2018-11-13 21:39:29 - [MESSAGE][PASSED] - Object: 'Object Repository/FSM1/Complete ABP Inspection/ABPR24a/Page_JClient/input_Records_radio_group_43' is clicked on

2018-11-13 21:39:29 - [TEST_STEP][PASSED] - click: Object: 'Object Repository/FSM1/Complete ABP Inspection/ABPR24a/Page_JClient/input_Not Checked_radio_group__22' is clicked on

2018-11-13 21:39:29 - [MESSAGE][PASSED] - Object: 'Object Repository/FSM1/Complete ABP Inspection/ABPR24a/Page_JClient/input_Not Checked_radio_group__22' is clicked on

2018-11-13 21:39:29 - [TEST_STEP][PASSED] - click: Object: 'Object Repository/FSM1/Complete ABP Inspection/ABPR24a/Page_JClient/input_(b) Quantity (weight or' is clicked on

2018-11-13 21:39:29 - [MESSAGE][PASSED] - Object: 'Object Repository/FSM1/Complete ABP Inspection/ABPR24a/Page_JClient/input_(b) Quantity (weight or' is clicked on

2018-11-13 21:39:29 - [TEST_STEP][PASSED] - click: Object: 'Object Repository/FSM1/Complete ABP Inspection/ABPR24a/Page_JClient/input_(c) ABP Category e.g. ca' is clicked on

2018-11-13 21:39:29 - [MESSAGE][PASSED] - Object: 'Object Repository/FSM1/Complete ABP Inspection/ABPR24a/Page_JClient/input_(c) ABP Category e.g. ca' is clicked on

2018-11-13 21:39:29 - [TEST_STEP][PASSED] - click: Object: 'Object Repository/FSM1/Complete ABP Inspection/ABPR24a/Page_JClient/input_(d) Transporter (if appl' is clicked on

2018-11-13 21:39:29 - [MESSAGE][PASSED] - Object: 'Object Repository/FSM1/Complete ABP Inspection/ABPR24a/Page_JClient/input_(d) Transporter (if appl' is clicked on

2018-11-13 21:39:29 - [TEST_STEP][PASSED] - click: Object: 'Object Repository/FSM1/Complete ABP Inspection/ABPR24a/Page_JClient/input_(e) Place of origin of A' is clicked on

2018-11-13 21:39:30 - [MESSAGE][PASSED] - Object: 'Object Repository/FSM1/Complete ABP Inspection/ABPR24a/Page_JClient/input_(e) Place of origin of A' is clicked on

2018-11-13 21:39:30 - [TEST_STEP][PASSED] - click: Object: 'Object Repository/FSM1/Complete ABP Inspection/ABPR24a/Page_JClient/input_(f) Place of destination' is clicked on

2018-11-13 21:39:30 - [MESSAGE][PASSED] - Object: 'Object Repository/FSM1/Complete ABP Inspection/ABPR24a/Page_JClient/input_(f) Place of destination' is clicked on

2018-11-13 21:39:30 - [TEST_STEP][PASSED] - click: Object: 'Object Repository/FSM1/Complete ABP Inspection/ABPR24a/Page_JClient/input_Not Checked_radio_group__23' is clicked on

2018-11-13 21:39:30 - [MESSAGE][PASSED] - Object: 'Object Repository/FSM1/Complete ABP Inspection/ABPR24a/Page_JClient/input_Not Checked_radio_group__23' is clicked on

2018-11-13 21:39:30 - [TEST_STEP][PASSED] - click: Object: 'Object Repository/FSM1/Complete ABP Inspection/ABPR24a/Page_JClient/input_Not Checked_radio_group__24' is clicked on

2018-11-13 21:39:30 - [MESSAGE][PASSED] - Object: 'Object Repository/FSM1/Complete ABP Inspection/ABPR24a/Page_JClient/input_Not Checked_radio_group__24' is clicked on

2018-11-13 21:39:30 - [TEST_STEP][PASSED] - click: Object: 'Object Repository/FSM1/Complete ABP Inspection/ABPR24a/Page_JClient/input_Not Checked_radio_group__25' is clicked on

2018-11-13 21:39:30 - [MESSAGE][PASSED] - Object: 'Object Repository/FSM1/Complete ABP Inspection/ABPR24a/Page_JClient/input_Not Checked_radio_group__25' is clicked on

2018-11-13 21:39:30 - [TEST_STEP][PASSED] - click: Object: 'Object Repository/FSM1/Complete ABP Inspection/ABPR24a/Page_JClient/input_b) Approximate numbervol' is clicked on

2018-11-13 21:39:30 - [MESSAGE][PASSED] - Object: 'Object Repository/FSM1/Complete ABP Inspection/ABPR24a/Page_JClient/input_b) Approximate numbervol' is clicked on

2018-11-13 21:39:30 - [TEST_STEP][PASSED] - click: Object: 'Object Repository/FSM1/Complete ABP Inspection/ABPR24a/Page_JClient/input_c) Approximate numbervol' is clicked on

2018-11-13 21:39:31 - [MESSAGE][PASSED] - Object: 'Object Repository/FSM1/Complete ABP Inspection/ABPR24a/Page_JClient/input_c) Approximate numbervol' is clicked on

2018-11-13 21:39:31 - [TEST_STEP][PASSED] - click: Object: 'Object Repository/FSM1/Complete ABP Inspection/ABPR24a/Page_JClient/input_Not Checked_radio_group__26' is clicked on

2018-11-13 21:39:31 - [MESSAGE][PASSED] - Object: 'Object Repository/FSM1/Complete ABP Inspection/ABPR24a/Page_JClient/input_Not Checked_radio_group__26' is clicked on

2018-11-13 21:39:31 - [TEST_STEP][PASSED] - setText: Text 'test automation' is set on object 'Object Repository/FSM1/Complete ABP Inspection/ABPR24a/Page_JClient/textarea_Not Checked_gwt-TextA'

2018-11-13 21:39:31 - [MESSAGE][PASSED] - Text 'test automation' is set on object 'Object Repository/FSM1/Complete ABP Inspection/ABPR24a/Page_JClient/textarea_Not Checked_gwt-TextA'

2018-11-13 21:39:31 - [TEST_STEP][PASSED] - click: Object: 'Object Repository/FSM1/Complete ABP Inspection/ABPR24a/Page_JClient/input_(a) Back trace (complete' is clicked on

2018-11-13 21:39:31 - [MESSAGE][PASSED] - Object: 'Object Repository/FSM1/Complete ABP Inspection/ABPR24a/Page_JClient/input_(a) Back trace (complete' is clicked on

2018-11-13 21:39:31 - [TEST_STEP][PASSED] - click: Object: 'Object Repository/FSM1/Complete ABP Inspection/ABPR24a/Page_JClient/input_Yes_radio_group_57' is clicked on

2018-11-13 21:39:31 - [MESSAGE][PASSED] - Object: 'Object Repository/FSM1/Complete ABP Inspection/ABPR24a/Page_JClient/input_Yes_radio_group_57' is clicked on

2018-11-13 21:39:31 - [TEST_STEP][PASSED] - click: Object: 'Object Repository/FSM1/Complete ABP Inspection/ABPR24a/Page_JClient/input_(b) Forward trace (compl' is clicked on

2018-11-13 21:39:32 - [MESSAGE][PASSED] - Object: 'Object Repository/FSM1/Complete ABP Inspection/ABPR24a/Page_JClient/input_(b) Forward trace (compl' is clicked on

2018-11-13 21:39:32 - [TEST_STEP][PASSED] - click: Object: 'Object Repository/FSM1/Complete ABP Inspection/ABPR24a/Page_JClient/input_Yes_radio_group_59' is clicked on

2018-11-13 21:39:32 - [MESSAGE][PASSED] - Object: 'Object Repository/FSM1/Complete ABP Inspection/ABPR24a/Page_JClient/input_Yes_radio_group_59' is clicked on

2018-11-13 21:39:32 - [TEST_STEP][PASSED] - click: Object: 'Object Repository/FSM1/Complete ABP Inspection/ABPR24a/Page_JClient/input_Is SRM handled at the pr' is clicked on

2018-11-13 21:39:32 - [MESSAGE][PASSED] - Object: 'Object Repository/FSM1/Complete ABP Inspection/ABPR24a/Page_JClient/input_Is SRM handled at the pr' is clicked on

2018-11-13 21:39:32 - [TEST_STEP][PASSED] - click: Object: 'Object Repository/FSM1/Complete ABP Inspection/ABPR24a/Page_JClient/input_Not Checked_radio_group__27' is clicked on

2018-11-13 21:39:32 - [MESSAGE][PASSED] - Object: 'Object Repository/FSM1/Complete ABP Inspection/ABPR24a/Page_JClient/input_Not Checked_radio_group__27' is clicked on

2018-11-13 21:39:32 - [TEST_STEP][PASSED] - click: Object: 'Object Repository/FSM1/Complete ABP Inspection/ABPR24a/Page_JClient/input_Not Checked_radio_group__28' is clicked on

2018-11-13 21:39:32 - [MESSAGE][PASSED] - Object: 'Object Repository/FSM1/Complete ABP Inspection/ABPR24a/Page_JClient/input_Not Checked_radio_group__28' is clicked on

2018-11-13 21:39:32 - [TEST_STEP][PASSED] - click: Object: 'Object Repository/FSM1/Complete ABP Inspection/ABPR24a/Page_JClient/input_Not Checked_radio_group__29' is clicked on

2018-11-13 21:39:32 - [MESSAGE][PASSED] - Object: 'Object Repository/FSM1/Complete ABP Inspection/ABPR24a/Page_JClient/input_Not Checked_radio_group__29' is clicked on

2018-11-13 21:39:32 - [TEST_STEP][PASSED] - click: Object: 'Object Repository/FSM1/Complete ABP Inspection/ABPR24a/Page_JClient/input_Not Checked_radio_group__30' is clicked on

2018-11-13 21:39:33 - [MESSAGE][PASSED] - Object: 'Object Repository/FSM1/Complete ABP Inspection/ABPR24a/Page_JClient/input_Not Checked_radio_group__30' is clicked on

2018-11-13 21:39:33 - [TEST_STEP][PASSED] - click: Object: 'Object Repository/FSM1/Complete ABP Inspection/ABPR24a/Page_JClient/input_Not Checked_radio_group__31' is clicked on

2018-11-13 21:39:33 - [MESSAGE][PASSED] - Object: 'Object Repository/FSM1/Complete ABP Inspection/ABPR24a/Page_JClient/input_Not Checked_radio_group__31' is clicked on

2018-11-13 21:39:33 - [TEST_STEP][PASSED] - click: Object: 'Object Repository/FSM1/Complete ABP Inspection/ABPR24a/Page_JClient/input_Not Checked_radio_group__32' is clicked on

2018-11-13 21:39:33 - [MESSAGE][PASSED] - Object: 'Object Repository/FSM1/Complete ABP Inspection/ABPR24a/Page_JClient/input_Not Checked_radio_group__32' is clicked on

2018-11-13 21:39:33 - [TEST_STEP][PASSED] - click: Object: 'Object Repository/FSM1/Complete ABP Inspection/ABPR24a/Page_JClient/input_Not Checked_radio_group__33' is clicked on

2018-11-13 21:39:33 - [MESSAGE][PASSED] - Object: 'Object Repository/FSM1/Complete ABP Inspection/ABPR24a/Page_JClient/input_Not Checked_radio_group__33' is clicked on

2018-11-13 21:39:33 - [TEST_STEP][PASSED] - click: Object: 'Object Repository/FSM1/Complete ABP Inspection/ABPR24a/Page_JClient/input_Is this also a TSE sampl' is clicked on

2018-11-13 21:39:33 - [MESSAGE][PASSED] - Object: 'Object Repository/FSM1/Complete ABP Inspection/ABPR24a/Page_JClient/input_Is this also a TSE sampl' is clicked on

2018-11-13 21:39:33 - [TEST_STEP][PASSED] - click: Object: 'Object Repository/FSM1/Complete ABP Inspection/ABPR24a/Page_JClient/div_Save' is clicked on

2018-11-13 21:39:33 - [MESSAGE][PASSED] - Object: 'Object Repository/FSM1/Complete ABP Inspection/ABPR24a/Page_JClient/div_Save' is clicked on]]></system-out>
         <system-err><![CDATA[]]></system-err>
      </testcase>
      <testcase name="Test Cases/ABP/Generic/Complete ABP Inspection - Section C - Full Risk Assessment" classname="Test Cases/ABP/Generic/Complete ABP Inspection - Section C - Full Risk Assessment" status="PASSED">
         <system-out><![CDATA[2018-11-13 21:39:33 - [TEST_CASE][PASSED] - Test Cases/ABP/Generic/Complete ABP Inspection - Section C - Full Risk Assessment: Test Cases/ABP/Generic/Complete ABP Inspection - Section C - Full Risk Assessment

2018-11-13 21:39:34 - [TEST_STEP][PASSED] - delay: Delayed 5 second(s)

2018-11-13 21:39:39 - [MESSAGE][PASSED] - Delayed 5 second(s)

2018-11-13 21:39:39 - [TEST_STEP][PASSED] - click: Object: 'Object Repository/FSM1/Complete ABP Inspection/Section C Full Risk Assessment/Page_JClient/div_Section C Risk Assessment' is clicked on

2018-11-13 21:39:39 - [MESSAGE][PASSED] - Object: 'Object Repository/FSM1/Complete ABP Inspection/Section C Full Risk Assessment/Page_JClient/div_Section C Risk Assessment' is clicked on

2018-11-13 21:39:39 - [TEST_STEP][PASSED] - selectOptionByValue: All options with value '12' are selected in object 'Object Repository/FSM1/Complete ABP Inspection/Section C Full Risk Assessment/Page_JClient/select_3 - Cat 3 material and'  using regular expression

2018-11-13 21:39:40 - [MESSAGE][PASSED] - All options with value '12' are selected in object 'Object Repository/FSM1/Complete ABP Inspection/Section C Full Risk Assessment/Page_JClient/select_3 - Cat 3 material and'  using regular expression

2018-11-13 21:39:40 - [TEST_STEP][PASSED] - selectOptionByValue: All options with value '10' are selected in object 'Object Repository/FSM1/Complete ABP Inspection/Section C Full Risk Assessment/Page_JClient/select_0 - Very low throughput'  using regular expression

2018-11-13 21:39:40 - [MESSAGE][PASSED] - All options with value '10' are selected in object 'Object Repository/FSM1/Complete ABP Inspection/Section C Full Risk Assessment/Page_JClient/select_0 - Very low throughput'  using regular expression

2018-11-13 21:39:40 - [TEST_STEP][PASSED] - selectOptionByValue: All options with value '15' are selected in object 'Object Repository/FSM1/Complete ABP Inspection/Section C Full Risk Assessment/Page_JClient/select_0 - No product entering'  using regular expression

2018-11-13 21:39:40 - [MESSAGE][PASSED] - All options with value '15' are selected in object 'Object Repository/FSM1/Complete ABP Inspection/Section C Full Risk Assessment/Page_JClient/select_0 - No product entering'  using regular expression

2018-11-13 21:39:40 - [TEST_STEP][PASSED] - selectOptionByValue: All options with value '5' are selected in object 'Object Repository/FSM1/Complete ABP Inspection/Section C Full Risk Assessment/Page_JClient/select_0 - Not required or com'  using regular expression

2018-11-13 21:39:41 - [MESSAGE][PASSED] - All options with value '5' are selected in object 'Object Repository/FSM1/Complete ABP Inspection/Section C Full Risk Assessment/Page_JClient/select_0 - Not required or com'  using regular expression

2018-11-13 21:39:41 - [TEST_STEP][PASSED] - selectOptionByValue: All options with value '10' are selected in object 'Object Repository/FSM1/Complete ABP Inspection/Section C Full Risk Assessment/Page_JClient/select_0 - Fully compliant iss'  using regular expression

2018-11-13 21:39:41 - [MESSAGE][PASSED] - All options with value '10' are selected in object 'Object Repository/FSM1/Complete ABP Inspection/Section C Full Risk Assessment/Page_JClient/select_0 - Fully compliant iss'  using regular expression

2018-11-13 21:39:41 - [TEST_STEP][PASSED] - selectOptionByValue: All options with value 'Monthly' are selected in object 'Object Repository/FSM1/Complete ABP Inspection/Section C Full Risk Assessment/Page_JClient/select_AnnuallyQuarterly6 Mont'  using regular expression

2018-11-13 21:39:42 - [MESSAGE][PASSED] - All options with value 'Monthly' are selected in object 'Object Repository/FSM1/Complete ABP Inspection/Section C Full Risk Assessment/Page_JClient/select_AnnuallyQuarterly6 Mont'  using regular expression

2018-11-13 21:39:42 - [TEST_STEP][PASSED] - setText: Text 'Test Automation' is set on object 'Object Repository/FSM1/Complete ABP Inspection/Section C Full Risk Assessment/Page_JClient/textarea_Any other relevant in'

2018-11-13 21:39:42 - [MESSAGE][PASSED] - Text 'Test Automation' is set on object 'Object Repository/FSM1/Complete ABP Inspection/Section C Full Risk Assessment/Page_JClient/textarea_Any other relevant in'

2018-11-13 21:39:42 - [TEST_STEP][PASSED] - click: Object: 'Object Repository/FSM1/Complete ABP Inspection/Section C Full Risk Assessment/Page_JClient/div_Save' is clicked on

2018-11-13 21:39:42 - [MESSAGE][PASSED] - Object: 'Object Repository/FSM1/Complete ABP Inspection/Section C Full Risk Assessment/Page_JClient/div_Save' is clicked on]]></system-out>
         <system-err><![CDATA[]]></system-err>
      </testcase>
      <testcase name="Test Cases/ABP/Generic/Complete ABP Inspection - ABPR17 Forward Trace" classname="Test Cases/ABP/Generic/Complete ABP Inspection - ABPR17 Forward Trace" status="PASSED">
         <system-out><![CDATA[2018-11-13 21:39:42 - [TEST_CASE][PASSED] - Test Cases/ABP/Generic/Complete ABP Inspection - ABPR17 Forward Trace: Test Cases/ABP/Generic/Complete ABP Inspection - ABPR17 Forward Trace

2018-11-13 21:39:43 - [TEST_STEP][PASSED] - delay: Delayed 3 second(s)

2018-11-13 21:39:46 - [MESSAGE][PASSED] - Delayed 3 second(s)

2018-11-13 21:39:46 - [TEST_STEP][PASSED] - click: Object: 'Object Repository/FSM1/Complete ABP Inspection/ABPR17 Backward Trace/Page_JClient/div_ABPR17 - Backward Trace1' is clicked on

2018-11-13 21:39:46 - [MESSAGE][PASSED] - Object: 'Object Repository/FSM1/Complete ABP Inspection/ABPR17 Backward Trace/Page_JClient/div_ABPR17 - Backward Trace1' is clicked on

2018-11-13 21:39:46 - [TEST_STEP][PASSED] - delay: Delayed 2 second(s)

2018-11-13 21:39:48 - [MESSAGE][PASSED] - Delayed 2 second(s)

2018-11-13 21:39:48 - [TEST_STEP][PASSED] - click: Object: 'Object Repository/FSM1/Complete ABP Inspection/ABPR17 Backward Trace/Page_JClient/div_Create_GKH2EKQBDXB GKH2EKQ' is clicked on

2018-11-13 21:39:48 - [MESSAGE][PASSED] - Object: 'Object Repository/FSM1/Complete ABP Inspection/ABPR17 Backward Trace/Page_JClient/div_Create_GKH2EKQBDXB GKH2EKQ' is clicked on

2018-11-13 21:39:48 - [TEST_STEP][PASSED] - delay: Delayed 2 second(s)

2018-11-13 21:39:50 - [MESSAGE][PASSED] - Delayed 2 second(s)

2018-11-13 21:39:50 - [TEST_STEP][PASSED] - click: Object: 'Object Repository/FSM1/Complete ABP Inspection/ABPR17 Backward Trace/Page_JClient/input_Is this inspection at th' is clicked on

2018-11-13 21:39:50 - [MESSAGE][PASSED] - Object: 'Object Repository/FSM1/Complete ABP Inspection/ABPR17 Backward Trace/Page_JClient/input_Is this inspection at th' is clicked on

2018-11-13 21:39:50 - [TEST_STEP][PASSED] - setText: Text '1234' is set on object 'Object Repository/FSM1/Complete ABP Inspection/ABPR17 Backward Trace/Page_JClient/input_Approval Number_gwt-Text'

2018-11-13 21:39:51 - [MESSAGE][PASSED] - Text '1234' is set on object 'Object Repository/FSM1/Complete ABP Inspection/ABPR17 Backward Trace/Page_JClient/input_Approval Number_gwt-Text'

2018-11-13 21:39:51 - [TEST_STEP][PASSED] - setText: Text 'Test automation' is set on object 'Object Repository/FSM1/Complete ABP Inspection/ABPR17 Backward Trace/Page_JClient/input_Premises Type_gwt-TextBo'

2018-11-13 21:39:51 - [MESSAGE][PASSED] - Text 'Test automation' is set on object 'Object Repository/FSM1/Complete ABP Inspection/ABPR17 Backward Trace/Page_JClient/input_Premises Type_gwt-TextBo'

2018-11-13 21:39:51 - [TEST_STEP][PASSED] - setText: Text 'Test automation' is set on object 'Object Repository/FSM1/Complete ABP Inspection/ABPR17 Backward Trace/Page_JClient/input_Name of Operator_gwt-Tex'

2018-11-13 21:39:51 - [MESSAGE][PASSED] - Text 'Test automation' is set on object 'Object Repository/FSM1/Complete ABP Inspection/ABPR17 Backward Trace/Page_JClient/input_Name of Operator_gwt-Tex'

2018-11-13 21:39:51 - [TEST_STEP][PASSED] - setText: Text 'Test automation' is set on object 'Object Repository/FSM1/Complete ABP Inspection/ABPR17 Backward Trace/Page_JClient/textarea_Address of premises_g'

2018-11-13 21:39:52 - [MESSAGE][PASSED] - Text 'Test automation' is set on object 'Object Repository/FSM1/Complete ABP Inspection/ABPR17 Backward Trace/Page_JClient/textarea_Address of premises_g'

2018-11-13 21:39:52 - [TEST_STEP][PASSED] - setText: Text 'WR5 2NB' is set on object 'Object Repository/FSM1/Complete ABP Inspection/ABPR17 Backward Trace/Page_JClient/input_Postcode_gwt-TextBox GKH'

2018-11-13 21:39:52 - [MESSAGE][PASSED] - Text 'WR5 2NB' is set on object 'Object Repository/FSM1/Complete ABP Inspection/ABPR17 Backward Trace/Page_JClient/input_Postcode_gwt-TextBox GKH'

2018-11-13 21:39:52 - [TEST_STEP][PASSED] - setText: Text 'test@gmail.com' is set on object 'Object Repository/FSM1/Complete ABP Inspection/ABPR17 Backward Trace/Page_JClient/input_Email_gwt-TextBox GKH2EK'

2018-11-13 21:39:52 - [MESSAGE][PASSED] - Text 'test@gmail.com' is set on object 'Object Repository/FSM1/Complete ABP Inspection/ABPR17 Backward Trace/Page_JClient/input_Email_gwt-TextBox GKH2EK'

2018-11-13 21:39:52 - [TEST_STEP][PASSED] - setText: Text '1234' is set on object 'Object Repository/FSM1/Complete ABP Inspection/ABPR17 Backward Trace/Page_JClient/input_Approval number (if appl'

2018-11-13 21:39:53 - [MESSAGE][PASSED] - Text '1234' is set on object 'Object Repository/FSM1/Complete ABP Inspection/ABPR17 Backward Trace/Page_JClient/input_Approval number (if appl'

2018-11-13 21:39:53 - [TEST_STEP][PASSED] - selectOptionByValue: All options with value 'North' are selected in object 'Object Repository/FSM1/Complete ABP Inspection/ABPR17 Backward Trace/Page_JClient/select_NorthScotlandSouthernWa'  using regular expression

2018-11-13 21:39:53 - [MESSAGE][PASSED] - All options with value 'North' are selected in object 'Object Repository/FSM1/Complete ABP Inspection/ABPR17 Backward Trace/Page_JClient/select_NorthScotlandSouthernWa'  using regular expression

2018-11-13 21:39:53 - [TEST_STEP][PASSED] - setText: Text 'Test automation' is set on object 'Object Repository/FSM1/Complete ABP Inspection/ABPR17 Backward Trace/Page_JClient/input_Name of haulier_gwt-Text'

2018-11-13 21:39:53 - [MESSAGE][PASSED] - Text 'Test automation' is set on object 'Object Repository/FSM1/Complete ABP Inspection/ABPR17 Backward Trace/Page_JClient/input_Name of haulier_gwt-Text'

2018-11-13 21:39:53 - [TEST_STEP][PASSED] - setText: Text 'Test automation' is set on object 'Object Repository/FSM1/Complete ABP Inspection/ABPR17 Backward Trace/Page_JClient/textarea_Address of haulier_gw'

2018-11-13 21:39:54 - [MESSAGE][PASSED] - Text 'Test automation' is set on object 'Object Repository/FSM1/Complete ABP Inspection/ABPR17 Backward Trace/Page_JClient/textarea_Address of haulier_gw'

2018-11-13 21:39:54 - [TEST_STEP][PASSED] - delay: Delayed 2 second(s)

2018-11-13 21:39:56 - [MESSAGE][PASSED] - Delayed 2 second(s)

2018-11-13 21:39:56 - [TEST_STEP][PASSED] - setText: Text 'RN2 3WE' is set on object 'Object Repository/FSM1/Complete ABP Inspection/ABPR17 Backward Trace/Page_JClient/Postcode'

2018-11-13 21:39:56 - [MESSAGE][PASSED] - Text 'RN2 3WE' is set on object 'Object Repository/FSM1/Complete ABP Inspection/ABPR17 Backward Trace/Page_JClient/Postcode'

2018-11-13 21:39:56 - [TEST_STEP][PASSED] - setText: Text '9876' is set on object 'Object Repository/FSM1/Complete ABP Inspection/ABPR17 Backward Trace/Page_JClient/input_Registration number (if'

2018-11-13 21:39:56 - [MESSAGE][PASSED] - Text '9876' is set on object 'Object Repository/FSM1/Complete ABP Inspection/ABPR17 Backward Trace/Page_JClient/input_Registration number (if'

2018-11-13 21:39:56 - [TEST_STEP][PASSED] - setText: Text '112233' is set on object 'Object Repository/FSM1/Complete ABP Inspection/ABPR17 Backward Trace/Page_JClient/input_Reference No. of CD or o'

2018-11-13 21:39:56 - [MESSAGE][PASSED] - Text '112233' is set on object 'Object Repository/FSM1/Complete ABP Inspection/ABPR17 Backward Trace/Page_JClient/input_Reference No. of CD or o'

2018-11-13 21:39:56 - [TEST_STEP][PASSED] - setText: Text 'Test automation' is set on object 'Object Repository/FSM1/Complete ABP Inspection/ABPR17 Backward Trace/Page_JClient/textarea_Description of materi'

2018-11-13 21:39:57 - [MESSAGE][PASSED] - Text 'Test automation' is set on object 'Object Repository/FSM1/Complete ABP Inspection/ABPR17 Backward Trace/Page_JClient/textarea_Description of materi'

2018-11-13 21:39:57 - [TEST_STEP][PASSED] - selectOptionByValue: All options with value 'Fish' are selected in object 'Object Repository/FSM1/Complete ABP Inspection/ABPR17 Backward Trace/Page_JClient/select_NACattleDeerFishGoatsPi'  using regular expression

2018-11-13 21:39:57 - [MESSAGE][PASSED] - All options with value 'Fish' are selected in object 'Object Repository/FSM1/Complete ABP Inspection/ABPR17 Backward Trace/Page_JClient/select_NACattleDeerFishGoatsPi'  using regular expression

2018-11-13 21:39:57 - [TEST_STEP][PASSED] - setText: Text 'Test automation' is set on object 'Object Repository/FSM1/Complete ABP Inspection/ABPR17 Backward Trace/Page_JClient/input_Category_gwt-TextBox GKH'

2018-11-13 21:39:57 - [MESSAGE][PASSED] - Text 'Test automation' is set on object 'Object Repository/FSM1/Complete ABP Inspection/ABPR17 Backward Trace/Page_JClient/input_Category_gwt-TextBox GKH'

2018-11-13 21:39:57 - [TEST_STEP][PASSED] - setText: Text '100' is set on object 'Object Repository/FSM1/Complete ABP Inspection/ABPR17 Backward Trace/Page_JClient/input_Quantity_gwt-TextBox GKH'

2018-11-13 21:39:58 - [MESSAGE][PASSED] - Text '100' is set on object 'Object Repository/FSM1/Complete ABP Inspection/ABPR17 Backward Trace/Page_JClient/input_Quantity_gwt-TextBox GKH'

2018-11-13 21:39:58 - [TEST_STEP][PASSED] - setText: Text 'Test automation' is set on object 'Object Repository/FSM1/Complete ABP Inspection/ABPR17 Backward Trace/Page_JClient/textarea_Any other relevant in'

2018-11-13 21:39:58 - [MESSAGE][PASSED] - Text 'Test automation' is set on object 'Object Repository/FSM1/Complete ABP Inspection/ABPR17 Backward Trace/Page_JClient/textarea_Any other relevant in'

2018-11-13 21:39:58 - [TEST_STEP][PASSED] - click: Object: 'Object Repository/FSM1/Complete ABP Inspection/ABPR17 Backward Trace/Page_JClient/input_Yes_radio_group_56' is clicked on

2018-11-13 21:39:58 - [MESSAGE][PASSED] - Object: 'Object Repository/FSM1/Complete ABP Inspection/ABPR17 Backward Trace/Page_JClient/input_Yes_radio_group_56' is clicked on

2018-11-13 21:39:58 - [TEST_STEP][PASSED] - click: Object: 'Object Repository/FSM1/Complete ABP Inspection/ABPR17 Backward Trace/Page_JClient/input_Yes_radio_group_57' is clicked on

2018-11-13 21:39:58 - [MESSAGE][PASSED] - Object: 'Object Repository/FSM1/Complete ABP Inspection/ABPR17 Backward Trace/Page_JClient/input_Yes_radio_group_57' is clicked on

2018-11-13 21:39:58 - [TEST_STEP][PASSED] - delay: Delayed 1 second(s)

2018-11-13 21:39:59 - [MESSAGE][PASSED] - Delayed 1 second(s)

2018-11-13 21:39:59 - [TEST_STEP][PASSED] - Statement - mydate = new java.util.Date(): null

2018-11-13 21:39:59 - [TEST_STEP][PASSED] - Statement - formattedDate = mydate.format("MM/dd/yyy"): null

2018-11-13 21:39:59 - [TEST_STEP][PASSED] - sendKeys: Keys '11/13/2018' sent to object: 'Object Repository/FSM1/Complete ABP Inspection/ABPR17 Backward Trace/Page_JClient/DateofDespatch'

2018-11-13 21:40:00 - [MESSAGE][PASSED] - Keys '11/13/2018' sent to object: 'Object Repository/FSM1/Complete ABP Inspection/ABPR17 Backward Trace/Page_JClient/DateofDespatch'

2018-11-13 21:40:00 - [TEST_STEP][PASSED] - click: Object: 'Object Repository/FSM1/Complete ABP Inspection/ABPR17 Backward Trace/Page_JClient/div_Save1' is clicked on

2018-11-13 21:40:00 - [MESSAGE][PASSED] - Object: 'Object Repository/FSM1/Complete ABP Inspection/ABPR17 Backward Trace/Page_JClient/div_Save1' is clicked on]]></system-out>
         <system-err><![CDATA[]]></system-err>
      </testcase>
      <testcase name="Test Cases/ABP/Generic/Complete ABP Inspection - ABPR18 Backward Trace" classname="Test Cases/ABP/Generic/Complete ABP Inspection - ABPR18 Backward Trace" status="PASSED">
         <system-out><![CDATA[2018-11-13 21:40:00 - [TEST_CASE][PASSED] - Test Cases/ABP/Generic/Complete ABP Inspection - ABPR18 Backward Trace: Test Cases/ABP/Generic/Complete ABP Inspection - ABPR18 Backward Trace

2018-11-13 21:40:00 - [TEST_STEP][PASSED] - delay: Delayed 2 second(s)

2018-11-13 21:40:02 - [MESSAGE][PASSED] - Delayed 2 second(s)

2018-11-13 21:40:02 - [TEST_STEP][PASSED] - click: Object: 'Object Repository/FSM1/Complete ABP Inspection/ABP18 Forward Trace/Page_JClient/div_ABPR18 - Forward Trace1' is clicked on

2018-11-13 21:40:03 - [MESSAGE][PASSED] - Object: 'Object Repository/FSM1/Complete ABP Inspection/ABP18 Forward Trace/Page_JClient/div_ABPR18 - Forward Trace1' is clicked on

2018-11-13 21:40:03 - [TEST_STEP][PASSED] - delay: Delayed 2 second(s)

2018-11-13 21:40:05 - [MESSAGE][PASSED] - Delayed 2 second(s)

2018-11-13 21:40:05 - [TEST_STEP][PASSED] - click: Object: 'Object Repository/FSM1/Complete ABP Inspection/ABP18 Forward Trace/Page_JClient/div_Create_GKH2EKQBDXB GKH2EKQ' is clicked on

2018-11-13 21:40:05 - [MESSAGE][PASSED] - Object: 'Object Repository/FSM1/Complete ABP Inspection/ABP18 Forward Trace/Page_JClient/div_Create_GKH2EKQBDXB GKH2EKQ' is clicked on

2018-11-13 21:40:05 - [TEST_STEP][PASSED] - click: Object: 'Object Repository/FSM1/Complete ABP Inspection/ABP18 Forward Trace/Page_JClient/input_Is this inspection at th' is clicked on

2018-11-13 21:40:05 - [MESSAGE][PASSED] - Object: 'Object Repository/FSM1/Complete ABP Inspection/ABP18 Forward Trace/Page_JClient/input_Is this inspection at th' is clicked on

2018-11-13 21:40:05 - [TEST_STEP][PASSED] - setText: Text '123' is set on object 'Object Repository/FSM1/Complete ABP Inspection/ABP18 Forward Trace/Page_JClient/input_Approval Number_gwt-Text'

2018-11-13 21:40:05 - [MESSAGE][PASSED] - Text '123' is set on object 'Object Repository/FSM1/Complete ABP Inspection/ABP18 Forward Trace/Page_JClient/input_Approval Number_gwt-Text'

2018-11-13 21:40:05 - [TEST_STEP][PASSED] - setText: Text 'Test automation' is set on object 'Object Repository/FSM1/Complete ABP Inspection/ABP18 Forward Trace/Page_JClient/input_Premises Type_gwt-TextBo'

2018-11-13 21:40:06 - [MESSAGE][PASSED] - Text 'Test automation' is set on object 'Object Repository/FSM1/Complete ABP Inspection/ABP18 Forward Trace/Page_JClient/input_Premises Type_gwt-TextBo'

2018-11-13 21:40:06 - [TEST_STEP][PASSED] - setText: Text 'Test automation' is set on object 'Object Repository/FSM1/Complete ABP Inspection/ABP18 Forward Trace/Page_JClient/input_Name of Operator_gwt-Tex'

2018-11-13 21:40:06 - [MESSAGE][PASSED] - Text 'Test automation' is set on object 'Object Repository/FSM1/Complete ABP Inspection/ABP18 Forward Trace/Page_JClient/input_Name of Operator_gwt-Tex'

2018-11-13 21:40:06 - [TEST_STEP][PASSED] - setText: Text 'Test automation' is set on object 'Object Repository/FSM1/Complete ABP Inspection/ABP18 Forward Trace/Page_JClient/textarea_Address of premises_g'

2018-11-13 21:40:06 - [MESSAGE][PASSED] - Text 'Test automation' is set on object 'Object Repository/FSM1/Complete ABP Inspection/ABP18 Forward Trace/Page_JClient/textarea_Address of premises_g'

2018-11-13 21:40:06 - [TEST_STEP][PASSED] - setText: Text 'WR5 2NB' is set on object 'Object Repository/FSM1/Complete ABP Inspection/ABP18 Forward Trace/Page_JClient/input_Postcode_gwt-TextBox GKH'

2018-11-13 21:40:07 - [MESSAGE][PASSED] - Text 'WR5 2NB' is set on object 'Object Repository/FSM1/Complete ABP Inspection/ABP18 Forward Trace/Page_JClient/input_Postcode_gwt-TextBox GKH'

2018-11-13 21:40:07 - [TEST_STEP][PASSED] - selectOptionByValue: All options with value 'Scotland' are selected in object 'Object Repository/FSM1/Complete ABP Inspection/ABP18 Forward Trace/Page_JClient/select_NorthScotlandSouthernWa'  using regular expression

2018-11-13 21:40:07 - [MESSAGE][PASSED] - All options with value 'Scotland' are selected in object 'Object Repository/FSM1/Complete ABP Inspection/ABP18 Forward Trace/Page_JClient/select_NorthScotlandSouthernWa'  using regular expression

2018-11-13 21:40:07 - [TEST_STEP][PASSED] - setText: Text 'Test automation' is set on object 'Object Repository/FSM1/Complete ABP Inspection/ABP18 Forward Trace/Page_JClient/input_Name of haulier_gwt-Text'

2018-11-13 21:40:07 - [MESSAGE][PASSED] - Text 'Test automation' is set on object 'Object Repository/FSM1/Complete ABP Inspection/ABP18 Forward Trace/Page_JClient/input_Name of haulier_gwt-Text'

2018-11-13 21:40:07 - [TEST_STEP][PASSED] - setText: Text 'Test automation' is set on object 'Object Repository/FSM1/Complete ABP Inspection/ABP18 Forward Trace/Page_JClient/textarea_Address of haulier_gw'

2018-11-13 21:40:08 - [MESSAGE][PASSED] - Text 'Test automation' is set on object 'Object Repository/FSM1/Complete ABP Inspection/ABP18 Forward Trace/Page_JClient/textarea_Address of haulier_gw'

2018-11-13 21:40:08 - [TEST_STEP][PASSED] - setText: Text 'WR5 2NB' is set on object 'Object Repository/FSM1/Complete ABP Inspection/ABP18 Forward Trace/Page_JClient/Postcode'

2018-11-13 21:40:08 - [MESSAGE][PASSED] - Text 'WR5 2NB' is set on object 'Object Repository/FSM1/Complete ABP Inspection/ABP18 Forward Trace/Page_JClient/Postcode'

2018-11-13 21:40:08 - [TEST_STEP][PASSED] - setText: Text '123' is set on object 'Object Repository/FSM1/Complete ABP Inspection/ABP18 Forward Trace/Page_JClient/input_Registration number (if'

2018-11-13 21:40:08 - [MESSAGE][PASSED] - Text '123' is set on object 'Object Repository/FSM1/Complete ABP Inspection/ABP18 Forward Trace/Page_JClient/input_Registration number (if'

2018-11-13 21:40:08 - [TEST_STEP][PASSED] - setText: Text '987' is set on object 'Object Repository/FSM1/Complete ABP Inspection/ABP18 Forward Trace/Page_JClient/input_Reference No. of CD or o'

2018-11-13 21:40:08 - [MESSAGE][PASSED] - Text '987' is set on object 'Object Repository/FSM1/Complete ABP Inspection/ABP18 Forward Trace/Page_JClient/input_Reference No. of CD or o'

2018-11-13 21:40:08 - [TEST_STEP][PASSED] - setText: Text 'Test automation' is set on object 'Object Repository/FSM1/Complete ABP Inspection/ABP18 Forward Trace/Page_JClient/textarea_Description of materi'

2018-11-13 21:40:09 - [MESSAGE][PASSED] - Text 'Test automation' is set on object 'Object Repository/FSM1/Complete ABP Inspection/ABP18 Forward Trace/Page_JClient/textarea_Description of materi'

2018-11-13 21:40:09 - [TEST_STEP][PASSED] - selectOptionByValue: All options with value 'Goats' are selected in object 'Object Repository/FSM1/Complete ABP Inspection/ABP18 Forward Trace/Page_JClient/select_NACattleDeerFishGoatsPi'  using regular expression

2018-11-13 21:40:09 - [MESSAGE][PASSED] - All options with value 'Goats' are selected in object 'Object Repository/FSM1/Complete ABP Inspection/ABP18 Forward Trace/Page_JClient/select_NACattleDeerFishGoatsPi'  using regular expression

2018-11-13 21:40:09 - [TEST_STEP][PASSED] - setText: Text 'Test automation' is set on object 'Object Repository/FSM1/Complete ABP Inspection/ABP18 Forward Trace/Page_JClient/input_Category_gwt-TextBox GKH'

2018-11-13 21:40:10 - [MESSAGE][PASSED] - Text 'Test automation' is set on object 'Object Repository/FSM1/Complete ABP Inspection/ABP18 Forward Trace/Page_JClient/input_Category_gwt-TextBox GKH'

2018-11-13 21:40:10 - [TEST_STEP][PASSED] - setText: Text '12' is set on object 'Object Repository/FSM1/Complete ABP Inspection/ABP18 Forward Trace/Page_JClient/input_Quantity_gwt-TextBox GKH'

2018-11-13 21:40:10 - [MESSAGE][PASSED] - Text '12' is set on object 'Object Repository/FSM1/Complete ABP Inspection/ABP18 Forward Trace/Page_JClient/input_Quantity_gwt-TextBox GKH'

2018-11-13 21:40:10 - [TEST_STEP][PASSED] - setText: Text 'Test automation' is set on object 'Object Repository/FSM1/Complete ABP Inspection/ABP18 Forward Trace/Page_JClient/textarea_Any other relevant in'

2018-11-13 21:40:10 - [MESSAGE][PASSED] - Text 'Test automation' is set on object 'Object Repository/FSM1/Complete ABP Inspection/ABP18 Forward Trace/Page_JClient/textarea_Any other relevant in'

2018-11-13 21:40:10 - [TEST_STEP][PASSED] - click: Object: 'Object Repository/FSM1/Complete ABP Inspection/ABP18 Forward Trace/Page_JClient/input_Any other relevant infor' is clicked on

2018-11-13 21:40:10 - [MESSAGE][PASSED] - Object: 'Object Repository/FSM1/Complete ABP Inspection/ABP18 Forward Trace/Page_JClient/input_Any other relevant infor' is clicked on

2018-11-13 21:40:10 - [TEST_STEP][PASSED] - setText: Text 'Test automation' is set on object 'Object Repository/FSM1/Complete ABP Inspection/ABP18 Forward Trace/Page_JClient/textarea_If so give details_gw'

2018-11-13 21:40:11 - [MESSAGE][PASSED] - Text 'Test automation' is set on object 'Object Repository/FSM1/Complete ABP Inspection/ABP18 Forward Trace/Page_JClient/textarea_If so give details_gw'

2018-11-13 21:40:11 - [TEST_STEP][PASSED] - click: Object: 'Object Repository/FSM1/Complete ABP Inspection/ABP18 Forward Trace/Page_JClient/input_Yes_radio_group_132' is clicked on

2018-11-13 21:40:11 - [MESSAGE][PASSED] - Object: 'Object Repository/FSM1/Complete ABP Inspection/ABP18 Forward Trace/Page_JClient/input_Yes_radio_group_132' is clicked on

2018-11-13 21:40:11 - [TEST_STEP][NOT_RUN] - click: NOT_RUN: click

2018-11-13 21:40:11 - [MESSAGE][NOT_RUN] - NOT_RUN: click

2018-11-13 21:40:11 - [TEST_STEP][NOT_RUN] - click: NOT_RUN: click

2018-11-13 21:40:11 - [MESSAGE][NOT_RUN] - NOT_RUN: click

2018-11-13 21:40:11 - [TEST_STEP][NOT_RUN] - setText: NOT_RUN: setText

2018-11-13 21:40:11 - [MESSAGE][NOT_RUN] - NOT_RUN: setText

2018-11-13 21:40:11 - [TEST_STEP][NOT_RUN] - setText: NOT_RUN: setText

2018-11-13 21:40:11 - [MESSAGE][NOT_RUN] - NOT_RUN: setText

2018-11-13 21:40:11 - [TEST_STEP][PASSED] - Statement - mydate = new java.util.Date(): null

2018-11-13 21:40:11 - [TEST_STEP][PASSED] - Statement - formattedDate = mydate.format("MM/dd/yyy"): null

2018-11-13 21:40:11 - [TEST_STEP][PASSED] - sendKeys: Keys '11/13/2018' sent to object: 'Object Repository/FSM1/Complete ABP Inspection/ABP18 Forward Trace/Page_JClient/DateofDespatch'

2018-11-13 21:40:11 - [MESSAGE][PASSED] - Keys '11/13/2018' sent to object: 'Object Repository/FSM1/Complete ABP Inspection/ABP18 Forward Trace/Page_JClient/DateofDespatch'

2018-11-13 21:40:11 - [TEST_STEP][PASSED] - click: Object: 'Object Repository/FSM1/Complete ABP Inspection/ABP18 Forward Trace/Page_JClient/div_Save' is clicked on

2018-11-13 21:40:11 - [MESSAGE][PASSED] - Object: 'Object Repository/FSM1/Complete ABP Inspection/ABP18 Forward Trace/Page_JClient/div_Save' is clicked on]]></system-out>
         <system-err><![CDATA[]]></system-err>
      </testcase>
      <testcase name="Test Cases/ABP/ABPR12a/Complete Summary of Inspection - 12a" classname="Test Cases/ABP/ABPR12a/Complete Summary of Inspection - 12a" status="PASSED">
         <system-out><![CDATA[2018-11-13 21:40:11 - [TEST_CASE][PASSED] - Test Cases/ABP/ABPR12a/Complete Summary of Inspection - 12a: Test Cases/ABP/ABPR12a/Complete Summary of Inspection - 12a

2018-11-13 21:40:12 - [TEST_STEP][PASSED] - click: Object: 'Object Repository/FSM1/Complete ABP Inspection/ABPR46 and others/Page_JClient/div_ABPR12A - Summary of Inspe' is clicked on

2018-11-13 21:40:12 - [MESSAGE][PASSED] - Object: 'Object Repository/FSM1/Complete ABP Inspection/ABPR46 and others/Page_JClient/div_ABPR12A - Summary of Inspe' is clicked on

2018-11-13 21:40:12 - [TEST_STEP][PASSED] - delay: Delayed 3 second(s)

2018-11-13 21:40:15 - [MESSAGE][PASSED] - Delayed 3 second(s)

2018-11-13 21:40:15 - [TEST_STEP][PASSED] - click: Object: 'Object Repository/FSM1/Complete ABP Inspection/ABPR46 and others/Page_JClient/input_Map reference validated' is clicked on

2018-11-13 21:40:15 - [MESSAGE][PASSED] - Object: 'Object Repository/FSM1/Complete ABP Inspection/ABPR46 and others/Page_JClient/input_Map reference validated' is clicked on

2018-11-13 21:40:15 - [TEST_STEP][PASSED] - click: Object: 'Object Repository/FSM1/Complete ABP Inspection/ABPR46 and others/Page_JClient/input_Premises approved as_gwt' is clicked on

2018-11-13 21:40:15 - [MESSAGE][PASSED] - Object: 'Object Repository/FSM1/Complete ABP Inspection/ABPR46 and others/Page_JClient/input_Premises approved as_gwt' is clicked on

2018-11-13 21:40:15 - [TEST_STEP][PASSED] - click: Object: 'Object Repository/FSM1/Complete ABP Inspection/ABPR46 and others/Page_JClient/input_Brain stem sampling site' is clicked on

2018-11-13 21:40:15 - [MESSAGE][PASSED] - Object: 'Object Repository/FSM1/Complete ABP Inspection/ABPR46 and others/Page_JClient/input_Brain stem sampling site' is clicked on

2018-11-13 21:40:15 - [TEST_STEP][PASSED] - selectOptionByValue: All options with value 'S' are selected in object 'Object Repository/FSM1/Complete ABP Inspection/ABPR46 and others/12a/Page_JClient/select_Structure'  using regular expression

2018-11-13 21:40:16 - [MESSAGE][PASSED] - All options with value 'S' are selected in object 'Object Repository/FSM1/Complete ABP Inspection/ABPR46 and others/12a/Page_JClient/select_Structure'  using regular expression

2018-11-13 21:40:16 - [TEST_STEP][PASSED] - selectOptionByValue: All options with value 'S' are selected in object 'Object Repository/FSM1/Complete ABP Inspection/ABPR46 and others/12a/Page_JClient/select_Operation'  using regular expression

2018-11-13 21:40:16 - [MESSAGE][PASSED] - All options with value 'S' are selected in object 'Object Repository/FSM1/Complete ABP Inspection/ABPR46 and others/12a/Page_JClient/select_Operation'  using regular expression

2018-11-13 21:40:16 - [TEST_STEP][PASSED] - selectOptionByValue: All options with value 'S' are selected in object 'Object Repository/FSM1/Complete ABP Inspection/ABPR46 and others/12a/Page_JClient/select_Records'  using regular expression

2018-11-13 21:40:17 - [MESSAGE][PASSED] - All options with value 'S' are selected in object 'Object Repository/FSM1/Complete ABP Inspection/ABPR46 and others/12a/Page_JClient/select_Records'  using regular expression

2018-11-13 21:40:17 - [TEST_STEP][PASSED] - selectOptionByValue: All options with value 'S' are selected in object 'Object Repository/FSM1/Complete ABP Inspection/ABPR46 and others/12a/Page_JClient/select_SRM'  using regular expression

2018-11-13 21:40:17 - [MESSAGE][PASSED] - All options with value 'S' are selected in object 'Object Repository/FSM1/Complete ABP Inspection/ABPR46 and others/12a/Page_JClient/select_SRM'  using regular expression

2018-11-13 21:40:17 - [TEST_STEP][PASSED] - click: Object: 'Object Repository/FSM1/Complete ABP Inspection/ABPR46 and others/Page_JClient/input_Yes_radio_group_246' is clicked on

2018-11-13 21:40:17 - [MESSAGE][PASSED] - Object: 'Object Repository/FSM1/Complete ABP Inspection/ABPR46 and others/Page_JClient/input_Yes_radio_group_246' is clicked on

2018-11-13 21:40:17 - [TEST_STEP][PASSED] - selectOptionByValue: All options with value 'Continue with current approval' are selected in object 'Object Repository/FSM1/Complete ABP Inspection/ABPR46 and others/Page_JClient/select_(a) Continue with curre'  using regular expression

2018-11-13 21:40:17 - [MESSAGE][PASSED] - All options with value 'Continue with current approval' are selected in object 'Object Repository/FSM1/Complete ABP Inspection/ABPR46 and others/Page_JClient/select_(a) Continue with curre'  using regular expression

2018-11-13 21:40:17 - [TEST_STEP][PASSED] - click: Object: 'Object Repository/FSM1/Complete ABP Inspection/ABPR46 and others/Page_JClient/input_Yes_radio_group_247' is clicked on

2018-11-13 21:40:18 - [MESSAGE][PASSED] - Object: 'Object Repository/FSM1/Complete ABP Inspection/ABPR46 and others/Page_JClient/input_Yes_radio_group_247' is clicked on

2018-11-13 21:40:18 - [TEST_STEP][PASSED] - click: Object: 'Object Repository/FSM1/Complete ABP Inspection/ABPR46 and others/Page_JClient/input_Are copies of all releva_1' is clicked on

2018-11-13 21:40:18 - [MESSAGE][PASSED] - Object: 'Object Repository/FSM1/Complete ABP Inspection/ABPR46 and others/Page_JClient/input_Are copies of all releva_1' is clicked on

2018-11-13 21:40:18 - [TEST_STEP][PASSED] - click: Object: 'Object Repository/FSM1/Complete ABP Inspection/ABPR46 and others/Page_JClient/input_Yes_radio_group_249' is clicked on

2018-11-13 21:40:18 - [MESSAGE][PASSED] - Object: 'Object Repository/FSM1/Complete ABP Inspection/ABPR46 and others/Page_JClient/input_Yes_radio_group_249' is clicked on

2018-11-13 21:40:18 - [TEST_STEP][PASSED] - click: Object: 'Object Repository/FSM1/Complete ABP Inspection/ABPR46 and others/Page_JClient/div_Save' is clicked on

2018-11-13 21:40:18 - [MESSAGE][PASSED] - Object: 'Object Repository/FSM1/Complete ABP Inspection/ABPR46 and others/Page_JClient/div_Save' is clicked on]]></system-out>
         <system-err><![CDATA[]]></system-err>
      </testcase>
      <testcase name="Test Cases/ABP/ABPR12a/Complete Inspection Details - 12a" classname="Test Cases/ABP/ABPR12a/Complete Inspection Details - 12a" status="PASSED">
         <system-out><![CDATA[2018-11-13 21:40:18 - [TEST_CASE][PASSED] - Test Cases/ABP/ABPR12a/Complete Inspection Details - 12a: Test Cases/ABP/ABPR12a/Complete Inspection Details - 12a

2018-11-13 21:40:19 - [TEST_STEP][PASSED] - click: Object: 'Object Repository/FSM1/Complete ABP Inspection/ABPR46 and others/Page_JClient/div_ABPR12A - Inspection Detai' is clicked on

2018-11-13 21:40:19 - [MESSAGE][PASSED] - Object: 'Object Repository/FSM1/Complete ABP Inspection/ABPR46 and others/Page_JClient/div_ABPR12A - Inspection Detai' is clicked on

2018-11-13 21:40:19 - [TEST_STEP][PASSED] - delay: Delayed 3 second(s)

2018-11-13 21:40:22 - [MESSAGE][PASSED] - Delayed 3 second(s)

2018-11-13 21:40:22 - [TEST_STEP][PASSED] - click: Object: 'Object Repository/FSM1/Complete ABP Inspection/ABPR46 and others/Page_JClient/input_Facilities_radio_group_2' is clicked on

2018-11-13 21:40:22 - [MESSAGE][PASSED] - Object: 'Object Repository/FSM1/Complete ABP Inspection/ABPR46 and others/Page_JClient/input_Facilities_radio_group_2' is clicked on

2018-11-13 21:40:22 - [TEST_STEP][PASSED] - click: Object: 'Object Repository/FSM1/Complete ABP Inspection/ABPR46 and others/Page_JClient/input_Not Checked_radio_group__20' is clicked on

2018-11-13 21:40:23 - [MESSAGE][PASSED] - Object: 'Object Repository/FSM1/Complete ABP Inspection/ABPR46 and others/Page_JClient/input_Not Checked_radio_group__20' is clicked on

2018-11-13 21:40:23 - [TEST_STEP][PASSED] - click: Object: 'Object Repository/FSM1/Complete ABP Inspection/ABPR46 and others/Page_JClient/input_Not Checked_radio_group__21' is clicked on

2018-11-13 21:40:23 - [MESSAGE][PASSED] - Object: 'Object Repository/FSM1/Complete ABP Inspection/ABPR46 and others/Page_JClient/input_Not Checked_radio_group__21' is clicked on

2018-11-13 21:40:23 - [TEST_STEP][PASSED] - click: Object: 'Object Repository/FSM1/Complete ABP Inspection/ABPR46 and others/Page_JClient/input_Not Checked_radio_group__22' is clicked on

2018-11-13 21:40:23 - [MESSAGE][PASSED] - Object: 'Object Repository/FSM1/Complete ABP Inspection/ABPR46 and others/Page_JClient/input_Not Checked_radio_group__22' is clicked on

2018-11-13 21:40:23 - [TEST_STEP][PASSED] - click: Object: 'Object Repository/FSM1/Complete ABP Inspection/ABPR46 and others/Page_JClient/input_Not Checked_radio_group__23' is clicked on

2018-11-13 21:40:23 - [MESSAGE][PASSED] - Object: 'Object Repository/FSM1/Complete ABP Inspection/ABPR46 and others/Page_JClient/input_Not Checked_radio_group__23' is clicked on

2018-11-13 21:40:23 - [TEST_STEP][PASSED] - click: Object: 'Object Repository/FSM1/Complete ABP Inspection/ABPR46 and others/Page_JClient/input_Not Checked_radio_group__24' is clicked on

2018-11-13 21:40:23 - [MESSAGE][PASSED] - Object: 'Object Repository/FSM1/Complete ABP Inspection/ABPR46 and others/Page_JClient/input_Not Checked_radio_group__24' is clicked on

2018-11-13 21:40:23 - [TEST_STEP][PASSED] - click: Object: 'Object Repository/FSM1/Complete ABP Inspection/ABPR46 and others/Page_JClient/input_Not Checked_radio_group__25' is clicked on

2018-11-13 21:40:24 - [MESSAGE][PASSED] - Object: 'Object Repository/FSM1/Complete ABP Inspection/ABPR46 and others/Page_JClient/input_Not Checked_radio_group__25' is clicked on

2018-11-13 21:40:24 - [TEST_STEP][PASSED] - click: Object: 'Object Repository/FSM1/Complete ABP Inspection/ABPR46 and others/Page_JClient/input_Not Checked_radio_group__26' is clicked on

2018-11-13 21:40:24 - [MESSAGE][PASSED] - Object: 'Object Repository/FSM1/Complete ABP Inspection/ABPR46 and others/Page_JClient/input_Not Checked_radio_group__26' is clicked on

2018-11-13 21:40:24 - [TEST_STEP][PASSED] - click: Object: 'Object Repository/FSM1/Complete ABP Inspection/ABPR46 and others/Page_JClient/input_Not Checked_radio_group__27' is clicked on

2018-11-13 21:40:24 - [MESSAGE][PASSED] - Object: 'Object Repository/FSM1/Complete ABP Inspection/ABPR46 and others/Page_JClient/input_Not Checked_radio_group__27' is clicked on

2018-11-13 21:40:24 - [TEST_STEP][PASSED] - click: Object: 'Object Repository/FSM1/Complete ABP Inspection/ABPR46 and others/Page_JClient/input_Operations_radio_group_2' is clicked on

2018-11-13 21:40:24 - [MESSAGE][PASSED] - Object: 'Object Repository/FSM1/Complete ABP Inspection/ABPR46 and others/Page_JClient/input_Operations_radio_group_2' is clicked on

2018-11-13 21:40:24 - [TEST_STEP][PASSED] - click: Object: 'Object Repository/FSM1/Complete ABP Inspection/ABPR46 and others/Page_JClient/input_Not Checked_radio_group__28' is clicked on

2018-11-13 21:40:24 - [MESSAGE][PASSED] - Object: 'Object Repository/FSM1/Complete ABP Inspection/ABPR46 and others/Page_JClient/input_Not Checked_radio_group__28' is clicked on

2018-11-13 21:40:24 - [TEST_STEP][PASSED] - click: Object: 'Object Repository/FSM1/Complete ABP Inspection/ABPR46 and others/Page_JClient/input_Not Checked_radio_group__29' is clicked on

2018-11-13 21:40:24 - [MESSAGE][PASSED] - Object: 'Object Repository/FSM1/Complete ABP Inspection/ABPR46 and others/Page_JClient/input_Not Checked_radio_group__29' is clicked on

2018-11-13 21:40:24 - [TEST_STEP][PASSED] - click: Object: 'Object Repository/FSM1/Complete ABP Inspection/ABPR46 and others/Page_JClient/input_Not Checked_radio_group__30' is clicked on

2018-11-13 21:40:25 - [MESSAGE][PASSED] - Object: 'Object Repository/FSM1/Complete ABP Inspection/ABPR46 and others/Page_JClient/input_Not Checked_radio_group__30' is clicked on

2018-11-13 21:40:25 - [TEST_STEP][PASSED] - click: Object: 'Object Repository/FSM1/Complete ABP Inspection/ABPR46 and others/Page_JClient/input_Not Checked_radio_group__31' is clicked on

2018-11-13 21:40:25 - [MESSAGE][PASSED] - Object: 'Object Repository/FSM1/Complete ABP Inspection/ABPR46 and others/Page_JClient/input_Not Checked_radio_group__31' is clicked on

2018-11-13 21:40:25 - [TEST_STEP][PASSED] - click: Object: 'Object Repository/FSM1/Complete ABP Inspection/ABPR46 and others/Page_JClient/input_Not Checked_radio_group__32' is clicked on

2018-11-13 21:40:25 - [MESSAGE][PASSED] - Object: 'Object Repository/FSM1/Complete ABP Inspection/ABPR46 and others/Page_JClient/input_Not Checked_radio_group__32' is clicked on

2018-11-13 21:40:25 - [TEST_STEP][PASSED] - click: Object: 'Object Repository/FSM1/Complete ABP Inspection/ABPR46 and others/Page_JClient/input_Not Checked_radio_group__33' is clicked on

2018-11-13 21:40:25 - [MESSAGE][PASSED] - Object: 'Object Repository/FSM1/Complete ABP Inspection/ABPR46 and others/Page_JClient/input_Not Checked_radio_group__33' is clicked on

2018-11-13 21:40:25 - [TEST_STEP][PASSED] - click: Object: 'Object Repository/FSM1/Complete ABP Inspection/ABPR46 and others/Page_JClient/input_Not Checked_radio_group__34' is clicked on

2018-11-13 21:40:25 - [MESSAGE][PASSED] - Object: 'Object Repository/FSM1/Complete ABP Inspection/ABPR46 and others/Page_JClient/input_Not Checked_radio_group__34' is clicked on

2018-11-13 21:40:25 - [TEST_STEP][PASSED] - click: Object: 'Object Repository/FSM1/Complete ABP Inspection/ABPR46 and others/Page_JClient/input_Not Checked_radio_group__35' is clicked on

2018-11-13 21:40:26 - [MESSAGE][PASSED] - Object: 'Object Repository/FSM1/Complete ABP Inspection/ABPR46 and others/Page_JClient/input_Not Checked_radio_group__35' is clicked on

2018-11-13 21:40:26 - [TEST_STEP][PASSED] - click: Object: 'Object Repository/FSM1/Complete ABP Inspection/ABPR46 and others/Page_JClient/input_Not Checked_radio_group__36' is clicked on

2018-11-13 21:40:26 - [MESSAGE][PASSED] - Object: 'Object Repository/FSM1/Complete ABP Inspection/ABPR46 and others/Page_JClient/input_Not Checked_radio_group__36' is clicked on

2018-11-13 21:40:26 - [TEST_STEP][PASSED] - click: Object: 'Object Repository/FSM1/Complete ABP Inspection/ABPR46 and others/Page_JClient/input_Not Checked_radio_group__37' is clicked on

2018-11-13 21:40:26 - [MESSAGE][PASSED] - Object: 'Object Repository/FSM1/Complete ABP Inspection/ABPR46 and others/Page_JClient/input_Not Checked_radio_group__37' is clicked on

2018-11-13 21:40:26 - [TEST_STEP][PASSED] - click: Object: 'Object Repository/FSM1/Complete ABP Inspection/ABPR46 and others/Page_JClient/input_Not Checked_radio_group__38' is clicked on

2018-11-13 21:40:26 - [MESSAGE][PASSED] - Object: 'Object Repository/FSM1/Complete ABP Inspection/ABPR46 and others/Page_JClient/input_Not Checked_radio_group__38' is clicked on

2018-11-13 21:40:26 - [TEST_STEP][PASSED] - click: Object: 'Object Repository/FSM1/Complete ABP Inspection/ABPR46 and others/Page_JClient/input_Not Checked_radio_group__39' is clicked on

2018-11-13 21:40:26 - [MESSAGE][PASSED] - Object: 'Object Repository/FSM1/Complete ABP Inspection/ABPR46 and others/Page_JClient/input_Not Checked_radio_group__39' is clicked on

2018-11-13 21:40:26 - [TEST_STEP][PASSED] - click: Object: 'Object Repository/FSM1/Complete ABP Inspection/ABPR46 and others/Page_JClient/input_Not Checked_radio_group__40' is clicked on

2018-11-13 21:40:27 - [MESSAGE][PASSED] - Object: 'Object Repository/FSM1/Complete ABP Inspection/ABPR46 and others/Page_JClient/input_Not Checked_radio_group__40' is clicked on

2018-11-13 21:40:27 - [TEST_STEP][PASSED] - click: Object: 'Object Repository/FSM1/Complete ABP Inspection/ABPR46 and others/Page_JClient/input_Not Checked_radio_group__41' is clicked on

2018-11-13 21:40:27 - [MESSAGE][PASSED] - Object: 'Object Repository/FSM1/Complete ABP Inspection/ABPR46 and others/Page_JClient/input_Not Checked_radio_group__41' is clicked on

2018-11-13 21:40:27 - [TEST_STEP][PASSED] - click: Object: 'Object Repository/FSM1/Complete ABP Inspection/ABPR46 and others/Page_JClient/input_Not Checked_radio_group__42' is clicked on

2018-11-13 21:40:27 - [MESSAGE][PASSED] - Object: 'Object Repository/FSM1/Complete ABP Inspection/ABPR46 and others/Page_JClient/input_Not Checked_radio_group__42' is clicked on

2018-11-13 21:40:27 - [TEST_STEP][PASSED] - click: Object: 'Object Repository/FSM1/Complete ABP Inspection/ABPR46 and others/Page_JClient/input_Not Checked_radio_group__43' is clicked on

2018-11-13 21:40:27 - [MESSAGE][PASSED] - Object: 'Object Repository/FSM1/Complete ABP Inspection/ABPR46 and others/Page_JClient/input_Not Checked_radio_group__43' is clicked on

2018-11-13 21:40:27 - [TEST_STEP][PASSED] - click: Object: 'Object Repository/FSM1/Complete ABP Inspection/ABPR46 and others/Page_JClient/input_Not Checked_radio_group__44' is clicked on

2018-11-13 21:40:27 - [MESSAGE][PASSED] - Object: 'Object Repository/FSM1/Complete ABP Inspection/ABPR46 and others/Page_JClient/input_Not Checked_radio_group__44' is clicked on

2018-11-13 21:40:27 - [TEST_STEP][PASSED] - click: Object: 'Object Repository/FSM1/Complete ABP Inspection/ABPR46 and others/Page_JClient/input_Details of problems foun' is clicked on

2018-11-13 21:40:28 - [MESSAGE][PASSED] - Object: 'Object Repository/FSM1/Complete ABP Inspection/ABPR46 and others/Page_JClient/input_Details of problems foun' is clicked on

2018-11-13 21:40:28 - [TEST_STEP][PASSED] - click: Object: 'Object Repository/FSM1/Complete ABP Inspection/ABPR46 and others/Page_JClient/input_Records_radio_group_311' is clicked on

2018-11-13 21:40:28 - [MESSAGE][PASSED] - Object: 'Object Repository/FSM1/Complete ABP Inspection/ABPR46 and others/Page_JClient/input_Records_radio_group_311' is clicked on

2018-11-13 21:40:28 - [TEST_STEP][PASSED] - click: Object: 'Object Repository/FSM1/Complete ABP Inspection/ABPR46 and others/Page_JClient/input_If records have not been_1' is clicked on

2018-11-13 21:40:28 - [MESSAGE][PASSED] - Object: 'Object Repository/FSM1/Complete ABP Inspection/ABPR46 and others/Page_JClient/input_If records have not been_1' is clicked on

2018-11-13 21:40:28 - [TEST_STEP][PASSED] - click: Object: 'Object Repository/FSM1/Complete ABP Inspection/ABPR46 and others/Page_JClient/input_Not Checked_radio_group__45' is clicked on

2018-11-13 21:40:28 - [MESSAGE][PASSED] - Object: 'Object Repository/FSM1/Complete ABP Inspection/ABPR46 and others/Page_JClient/input_Not Checked_radio_group__45' is clicked on

2018-11-13 21:40:28 - [TEST_STEP][PASSED] - click: Object: 'Object Repository/FSM1/Complete ABP Inspection/ABPR46 and others/Page_JClient/input_Not Checked_radio_group__46' is clicked on

2018-11-13 21:40:28 - [MESSAGE][PASSED] - Object: 'Object Repository/FSM1/Complete ABP Inspection/ABPR46 and others/Page_JClient/input_Not Checked_radio_group__46' is clicked on

2018-11-13 21:40:28 - [TEST_STEP][PASSED] - click: Object: 'Object Repository/FSM1/Complete ABP Inspection/ABPR46 and others/Page_JClient/input_Not Checked_radio_group__47' is clicked on

2018-11-13 21:40:28 - [MESSAGE][PASSED] - Object: 'Object Repository/FSM1/Complete ABP Inspection/ABPR46 and others/Page_JClient/input_Not Checked_radio_group__47' is clicked on

2018-11-13 21:40:28 - [TEST_STEP][PASSED] - setText: Text '12' is set on object 'Object Repository/FSM1/Complete ABP Inspection/ABPR46 and others/Page_JClient/input_Not Checked_gwt-DoubleBo'

2018-11-13 21:40:29 - [MESSAGE][PASSED] - Text '12' is set on object 'Object Repository/FSM1/Complete ABP Inspection/ABPR46 and others/Page_JClient/input_Not Checked_gwt-DoubleBo'

2018-11-13 21:40:29 - [TEST_STEP][PASSED] - setText: Text '12' is set on object 'Object Repository/FSM1/Complete ABP Inspection/ABPR46 and others/Page_JClient/input_Number_of_sheep'

2018-11-13 21:40:29 - [MESSAGE][PASSED] - Text '12' is set on object 'Object Repository/FSM1/Complete ABP Inspection/ABPR46 and others/Page_JClient/input_Number_of_sheep'

2018-11-13 21:40:29 - [TEST_STEP][PASSED] - setText: Text '12' is set on object 'Object Repository/FSM1/Complete ABP Inspection/ABPR46 and others/Page_JClient/input_Number_of_goats'

2018-11-13 21:40:29 - [MESSAGE][PASSED] - Text '12' is set on object 'Object Repository/FSM1/Complete ABP Inspection/ABPR46 and others/Page_JClient/input_Number_of_goats'

2018-11-13 21:40:29 - [TEST_STEP][PASSED] - click: Object: 'Object Repository/FSM1/Complete ABP Inspection/ABPR46 and others/Page_JClient/div_Section C TSE Risk Assessm' is clicked on

2018-11-13 21:40:29 - [MESSAGE][PASSED] - Object: 'Object Repository/FSM1/Complete ABP Inspection/ABPR46 and others/Page_JClient/div_Section C TSE Risk Assessm' is clicked on

2018-11-13 21:40:29 - [TEST_STEP][PASSED] - selectOptionByValue: All options with value 'LOW' are selected in object 'Object Repository/FSM1/Complete ABP Inspection/ABPR46 and others/Page_JClient/select_Low Risk (Good)Medium R'  using regular expression

2018-11-13 21:40:31 - [MESSAGE][PASSED] - All options with value 'LOW' are selected in object 'Object Repository/FSM1/Complete ABP Inspection/ABPR46 and others/Page_JClient/select_Low Risk (Good)Medium R'  using regular expression

2018-11-13 21:40:31 - [TEST_STEP][PASSED] - selectOptionByValue: All options with value 'LOW' are selected in object 'Object Repository/FSM1/Complete ABP Inspection/ABPR46 and others/Page_JClient/select_Low Risk (Good)Medium R - Copy'  using regular expression

2018-11-13 21:40:32 - [MESSAGE][PASSED] - All options with value 'LOW' are selected in object 'Object Repository/FSM1/Complete ABP Inspection/ABPR46 and others/Page_JClient/select_Low Risk (Good)Medium R - Copy'  using regular expression

2018-11-13 21:40:32 - [TEST_STEP][PASSED] - selectOptionByValue: All options with value 'LOW' are selected in object 'Object Repository/FSM1/Complete ABP Inspection/ABPR46 and others/Page_JClient/select_Low Risk (Good)Medium R - Copy (1)'  using regular expression

2018-11-13 21:40:32 - [MESSAGE][PASSED] - All options with value 'LOW' are selected in object 'Object Repository/FSM1/Complete ABP Inspection/ABPR46 and others/Page_JClient/select_Low Risk (Good)Medium R - Copy (1)'  using regular expression

2018-11-13 21:40:32 - [TEST_STEP][PASSED] - selectOptionByValue: All options with value 'LOW' are selected in object 'Object Repository/FSM1/Complete ABP Inspection/ABPR46 and others/Page_JClient/select_Low Risk (Good)Medium R - Copy (2)'  using regular expression

2018-11-13 21:40:32 - [MESSAGE][PASSED] - All options with value 'LOW' are selected in object 'Object Repository/FSM1/Complete ABP Inspection/ABPR46 and others/Page_JClient/select_Low Risk (Good)Medium R - Copy (2)'  using regular expression

2018-11-13 21:40:32 - [TEST_STEP][PASSED] - selectOptionByValue: All options with value 'LOW' are selected in object 'Object Repository/FSM1/Complete ABP Inspection/ABPR46 and others/Page_JClient/select_Low Risk (Good)Medium R - Copy (3)'  using regular expression

2018-11-13 21:40:32 - [MESSAGE][PASSED] - All options with value 'LOW' are selected in object 'Object Repository/FSM1/Complete ABP Inspection/ABPR46 and others/Page_JClient/select_Low Risk (Good)Medium R - Copy (3)'  using regular expression

2018-11-13 21:40:32 - [TEST_STEP][PASSED] - selectOptionByValue: All options with value 'LOW' are selected in object 'Object Repository/FSM1/Complete ABP Inspection/ABPR46 and others/Page_JClient/select_Low Risk (Good)Medium R - Copy (4)'  using regular expression

2018-11-13 21:40:33 - [MESSAGE][PASSED] - All options with value 'LOW' are selected in object 'Object Repository/FSM1/Complete ABP Inspection/ABPR46 and others/Page_JClient/select_Low Risk (Good)Medium R - Copy (4)'  using regular expression

2018-11-13 21:40:33 - [TEST_STEP][PASSED] - selectOptionByValue: All options with value 'LOW' are selected in object 'Object Repository/FSM1/Complete ABP Inspection/ABPR46 and others/Page_JClient/select_Low Risk (Good)Medium R - Copy (5)'  using regular expression

2018-11-13 21:40:33 - [MESSAGE][PASSED] - All options with value 'LOW' are selected in object 'Object Repository/FSM1/Complete ABP Inspection/ABPR46 and others/Page_JClient/select_Low Risk (Good)Medium R - Copy (5)'  using regular expression

2018-11-13 21:40:33 - [TEST_STEP][PASSED] - selectOptionByValue: All options with value 'Biennially' are selected in object 'Object Repository/FSM1/Complete ABP Inspection/ABPR46 and others/Page_JClient/select_BienniallyAnnuallyQuart'  using regular expression

2018-11-13 21:40:33 - [MESSAGE][PASSED] - All options with value 'Biennially' are selected in object 'Object Repository/FSM1/Complete ABP Inspection/ABPR46 and others/Page_JClient/select_BienniallyAnnuallyQuart'  using regular expression

2018-11-13 21:40:33 - [TEST_STEP][PASSED] - click: Object: 'Object Repository/FSM1/Complete ABP Inspection/ABPR46 and others/Page_JClient/div_Save_TSE' is clicked on

2018-11-13 21:40:34 - [MESSAGE][PASSED] - Object: 'Object Repository/FSM1/Complete ABP Inspection/ABPR46 and others/Page_JClient/div_Save_TSE' is clicked on

2018-11-13 21:40:34 - [TEST_STEP][PASSED] - delay: Delayed 2 second(s)

2018-11-13 21:40:36 - [MESSAGE][PASSED] - Delayed 2 second(s)

2018-11-13 21:40:36 - [TEST_STEP][PASSED] - click: Object: 'Object Repository/FSM1/Complete ABP Inspection/ABPR46 and others/Page_JClient/div_Save' is clicked on

2018-11-13 21:40:36 - [MESSAGE][PASSED] - Object: 'Object Repository/FSM1/Complete ABP Inspection/ABPR46 and others/Page_JClient/div_Save' is clicked on]]></system-out>
         <system-err><![CDATA[]]></system-err>
      </testcase>
      <testcase name="Test Cases/ABP/Generic/Complete ABP Inspection - Complete" classname="Test Cases/ABP/Generic/Complete ABP Inspection - Complete" status="PASSED">
         <system-out><![CDATA[2018-11-13 21:40:36 - [TEST_CASE][PASSED] - Test Cases/ABP/Generic/Complete ABP Inspection - Complete: Test Cases/ABP/Generic/Complete ABP Inspection - Complete

2018-11-13 21:40:37 - [TEST_STEP][PASSED] - delay: Delayed 2 second(s)

2018-11-13 21:40:39 - [MESSAGE][PASSED] - Delayed 2 second(s)

2018-11-13 21:40:39 - [TEST_STEP][PASSED] - click: Object: 'Object Repository/FSM1/Complete ABP Inspection/Complete ABP01a Inspection/Page_JClient/div_STARTED (locked)' is clicked on

2018-11-13 21:40:39 - [MESSAGE][PASSED] - Object: 'Object Repository/FSM1/Complete ABP Inspection/Complete ABP01a Inspection/Page_JClient/div_STARTED (locked)' is clicked on

2018-11-13 21:40:39 - [TEST_STEP][PASSED] - delay: Delayed 2 second(s)

2018-11-13 21:40:41 - [MESSAGE][PASSED] - Delayed 2 second(s)

2018-11-13 21:40:41 - [TEST_STEP][PASSED] - click: Object: 'Object Repository/FSM1/Complete ABP Inspection/Complete ABP01a Inspection/Page_JClient/div_COMPLETED' is clicked on

2018-11-13 21:40:41 - [MESSAGE][PASSED] - Object: 'Object Repository/FSM1/Complete ABP Inspection/Complete ABP01a Inspection/Page_JClient/div_COMPLETED' is clicked on

2018-11-13 21:40:41 - [TEST_STEP][PASSED] - selectOptionByValue: All options with value 'COMPLETED' are selected in object 'Object Repository/FSM1/Complete ABP Inspection/Complete ABP01a Inspection/Page_JClient/select_Yes'  using regular expression

2018-11-13 21:40:42 - [MESSAGE][PASSED] - All options with value 'COMPLETED' are selected in object 'Object Repository/FSM1/Complete ABP Inspection/Complete ABP01a Inspection/Page_JClient/select_Yes'  using regular expression

2018-11-13 21:40:42 - [TEST_STEP][PASSED] - delay: Delayed 3 second(s)

2018-11-13 21:40:45 - [MESSAGE][PASSED] - Delayed 3 second(s)

2018-11-13 21:40:45 - [TEST_STEP][PASSED] - click: Object: 'Object Repository/FSM1/Complete ABP Inspection/Complete ABP01a Inspection/Page_JClient/div_Save' is clicked on

2018-11-13 21:40:45 - [MESSAGE][PASSED] - Object: 'Object Repository/FSM1/Complete ABP Inspection/Complete ABP01a Inspection/Page_JClient/div_Save' is clicked on

2018-11-13 21:40:45 - [TEST_STEP][PASSED] - delay: Delayed 2 second(s)

2018-11-13 21:40:47 - [MESSAGE][PASSED] - Delayed 2 second(s)

2018-11-13 21:40:47 - [TEST_STEP][PASSED] - click: Object: 'Object Repository/FSM1/Complete ABP Inspection/Complete ABP01a Inspection/Page_JClient/div_Ok' is clicked on

2018-11-13 21:40:48 - [MESSAGE][PASSED] - Object: 'Object Repository/FSM1/Complete ABP Inspection/Complete ABP01a Inspection/Page_JClient/div_Ok' is clicked on

2018-11-13 21:40:48 - [TEST_STEP][PASSED] - delay: Delayed 30 second(s)

2018-11-13 21:41:18 - [MESSAGE][PASSED] - Delayed 30 second(s)]]></system-out>
         <system-err><![CDATA[]]></system-err>
      </testcase>
      <testcase name="Test Cases/Generic/Launch Job Manager Control Centre - Check Result" classname="Test Cases/Generic/Launch Job Manager Control Centre - Check Result" status="PASSED">
         <system-out><![CDATA[2018-11-13 21:41:18 - [TEST_CASE][PASSED] - Test Cases/Generic/Launch Job Manager Control Centre - Check Result: Test Cases/Generic/Launch Job Manager Control Centre - Check Result

2018-11-13 21:41:18 - [TEST_STEP][PASSED] - openBrowser: Browser is opened with url: ''

2018-11-13 21:41:18 - [MESSAGE][WARNING] - A browser is already opened. Closing browser and opening a new one

2018-11-13 21:41:22 - [MESSAGE][PASSED] - Browser is opened with url: ''

2018-11-13 21:41:22 - [TEST_STEP][PASSED] - navigateToUrl: Navigate to 'https://kirona-def-6.kirona.com/jmprep/login#!loginView' successfully

2018-11-13 21:41:23 - [MESSAGE][PASSED] - Navigate to 'https://kirona-def-6.kirona.com/jmprep/login#!loginView' successfully

2018-11-13 21:41:23 - [TEST_STEP][PASSED] - setText: Text 'jon.hatfield' is set on object 'Object Repository/FSM1/Control Centre/Page_Job Manager Login/input_gwt-uid-3'

2018-11-13 21:41:25 - [MESSAGE][PASSED] - Text 'jon.hatfield' is set on object 'Object Repository/FSM1/Control Centre/Page_Job Manager Login/input_gwt-uid-3'

2018-11-13 21:41:25 - [TEST_STEP][PASSED] - setText: Text 'Fr@nc1sJ0n' is set on object 'Object Repository/FSM1/Control Centre/Page_Job Manager Login/input_gwt-uid-5'

2018-11-13 21:41:25 - [MESSAGE][PASSED] - Text 'Fr@nc1sJ0n' is set on object 'Object Repository/FSM1/Control Centre/Page_Job Manager Login/input_gwt-uid-5'

2018-11-13 21:41:25 - [TEST_STEP][PASSED] - click: Object: 'Object Repository/FSM1/PreProd/Page_Job Manager Login/div_Login' is clicked on

2018-11-13 21:41:25 - [MESSAGE][PASSED] - Object: 'Object Repository/FSM1/PreProd/Page_Job Manager Login/div_Login' is clicked on

2018-11-13 21:41:25 - [TEST_STEP][PASSED] - delay: Delayed 5 second(s)

2018-11-13 21:41:30 - [MESSAGE][PASSED] - Delayed 5 second(s)]]></system-out>
         <system-err><![CDATA[]]></system-err>
      </testcase>
      <testcase name="Test Cases/ABP/ABPR24a/Control Centre - Check Results - ABPR24a" classname="Test Cases/ABP/ABPR24a/Control Centre - Check Results - ABPR24a" status="PASSED">
         <system-out><![CDATA[2018-11-13 21:41:30 - [TEST_CASE][PASSED] - Test Cases/ABP/ABPR24a/Control Centre - Check Results - ABPR24a: Test Cases/ABP/ABPR24a/Control Centre - Check Results - ABPR24a

2018-11-13 21:41:31 - [TEST_STEP][PASSED] - Statement - log = new com.kms.katalon.core.logging.KeywordLogger(): null

2018-11-13 21:41:31 - [TEST_STEP][PASSED] - setText: Text '91054' is set on object 'Object Repository/FSM1/EMI Check Results/Page_JM Control Centre/input_Recents_v-textfield v-wi'

2018-11-13 21:41:31 - [MESSAGE][PASSED] - Text '91054' is set on object 'Object Repository/FSM1/EMI Check Results/Page_JM Control Centre/input_Recents_v-textfield v-wi'

2018-11-13 21:41:31 - [TEST_STEP][PASSED] - click: Object: 'Object Repository/FSM1/EMI Check Results/Page_JM Control Centre/span_' is clicked on

2018-11-13 21:41:31 - [MESSAGE][PASSED] - Object: 'Object Repository/FSM1/EMI Check Results/Page_JM Control Centre/span_' is clicked on

2018-11-13 21:41:31 - [TEST_STEP][PASSED] - waitForElementPresent: Object 'Object Repository/FSM1/EMI Check Results/Page_JM Control Centre/div_CLOSED' is present

2018-11-13 21:41:37 - [MESSAGE][PASSED] - Object 'Object Repository/FSM1/EMI Check Results/Page_JM Control Centre/div_CLOSED' is present

2018-11-13 21:41:37 - [TEST_STEP][PASSED] - delay: Delayed 3 second(s)

2018-11-13 21:41:40 - [MESSAGE][PASSED] - Delayed 3 second(s)

2018-11-13 21:41:40 - [TEST_STEP][PASSED] - verifyElementPresent: Object 'Object Repository/FSM1/Complete ABP Inspection/Check Results/03a/Page_JM Control Centre/div_Attachments_ABPR24A' is present

2018-11-13 21:41:40 - [MESSAGE][PASSED] - Object 'Object Repository/FSM1/Complete ABP Inspection/Check Results/03a/Page_JM Control Centre/div_Attachments_ABPR24A' is present

2018-11-13 21:41:40 - [TEST_STEP][PASSED] - verifyElementPresent: Object 'Object Repository/FSM1/Complete ABP Inspection/Check Results/03a/Page_JM Control Centre/div_Attachments_ABPR17 - Backw' is present

2018-11-13 21:41:40 - [MESSAGE][PASSED] - Object 'Object Repository/FSM1/Complete ABP Inspection/Check Results/03a/Page_JM Control Centre/div_Attachments_ABPR17 - Backw' is present

2018-11-13 21:41:40 - [TEST_STEP][PASSED] - verifyElementPresent: Object 'Object Repository/FSM1/Complete ABP Inspection/Check Results/03a/Page_JM Control Centre/div_Attachments_ABPR12A - Site' is present

2018-11-13 21:41:41 - [MESSAGE][PASSED] - Object 'Object Repository/FSM1/Complete ABP Inspection/Check Results/03a/Page_JM Control Centre/div_Attachments_ABPR12A - Site' is present

2018-11-13 21:41:41 - [TEST_STEP][PASSED] - verifyElementPresent: Object 'Object Repository/FSM1/Complete ABP Inspection/Check Results/03a/Page_JM Control Centre/div_Attachments_ABPR18 - Forwa' is present

2018-11-13 21:41:41 - [MESSAGE][PASSED] - Object 'Object Repository/FSM1/Complete ABP Inspection/Check Results/03a/Page_JM Control Centre/div_Attachments_ABPR18 - Forwa' is present]]></system-out>
         <system-err><![CDATA[]]></system-err>
      </testcase>
      <testcase name="Test Cases/ABP/Generic/Check Subsequent Inspection Exist" classname="Test Cases/ABP/Generic/Check Subsequent Inspection Exist" status="PASSED">
         <system-out><![CDATA[2018-11-13 21:41:41 - [TEST_CASE][PASSED] - Test Cases/ABP/Generic/Check Subsequent Inspection Exist: Test Cases/ABP/Generic/Check Subsequent Inspection Exist

2018-11-13 21:41:41 - [TEST_STEP][PASSED] - delay: Delayed 2 second(s)

2018-11-13 21:41:43 - [MESSAGE][PASSED] - Delayed 2 second(s)

2018-11-13 21:41:43 - [TEST_STEP][PASSED] - click: Object: 'Object Repository/FSM1/Complete ABP Inspection/Check Subsequent Inspections/New/Page_JM Control Centre/div_' is clicked on

2018-11-13 21:41:43 - [MESSAGE][PASSED] - Object: 'Object Repository/FSM1/Complete ABP Inspection/Check Subsequent Inspections/New/Page_JM Control Centre/div_' is clicked on

2018-11-13 21:41:43 - [TEST_STEP][PASSED] - click: Object: 'Object Repository/FSM1/Complete ABP Inspection/Check Subsequent Inspections/New/Page_JM Control Centre/span_List All Subordinate Jobs' is clicked on

2018-11-13 21:41:44 - [MESSAGE][PASSED] - Object: 'Object Repository/FSM1/Complete ABP Inspection/Check Subsequent Inspections/New/Page_JM Control Centre/span_List All Subordinate Jobs' is clicked on

2018-11-13 21:41:44 - [TEST_STEP][PASSED] - delay: Delayed 2 second(s)

2018-11-13 21:41:46 - [MESSAGE][PASSED] - Delayed 2 second(s)

2018-11-13 21:41:46 - [TEST_STEP][PASSED] - verifyElementVisible: Object 'Object Repository/FSM1/Complete ABP Inspection/Check Subsequent Inspections/New/Page_JM Control Centre/div_2 found.' is visible

2018-11-13 21:41:47 - [MESSAGE][PASSED] - Object 'Object Repository/FSM1/Complete ABP Inspection/Check Subsequent Inspections/New/Page_JM Control Centre/div_2 found.' is visible

2018-11-13 21:41:47 - [TEST_STEP][PASSED] - closeBrowser: Browser is closed

2018-11-13 21:41:48 - [MESSAGE][PASSED] - Browser is closed]]></system-out>
         <system-err><![CDATA[]]></system-err>
      </testcase>
      <system-out><![CDATA[2018-11-13 21:34:39 - [TEST_SUITE][PASSED] - ABP Regression - 24a: Test Cases/ABP/Generic/Check Subsequent Inspection Exist]]></system-out>
      <system-err><![CDATA[]]></system-err>
   </testsuite>
</testsuites>
