<?xml version="1.0" encoding="UTF-8"?>
<testsuites name="ICW Regression - 191 - GB" time="373" tests="13" failures="0" errors="0">
   <testsuite name="ICW Regression - 191 - GB" tests="13" failures="0" errors="0" time="373" timestamp="2018-11-11 15:55:06" hostname="JHATFIELD - SNDFSMINFSRV001.defra.onmicrosoft.com" id="Test Suites/ICW/ICW Regression - 191 - GB">
      <properties>
         <property name="deviceName" value=""/>
         <property name="devicePlatform" value=""/>
         <property name="logFolder" value="C:\\Users\\JHATFIELD\\git\\DEFRA-FSM_Automated_Regression_NEW\\Reports\\ICW\\ICW Regression - 191 - GB\\20181111_134808"/>
         <property name="logFiles" value="C:\\Users\\JHATFIELD\\git\\DEFRA-FSM_Automated_Regression_NEW\\Reports\\ICW\\ICW Regression - 191 - GB\\20181111_134808\\execution0.log"/>
         <property name="attachments" value="C:\\Users\\JHATFIELD\\git\\DEFRA-FSM_Automated_Regression_NEW\\Reports\\ICW\\ICW Regression - 191 - GB\\20181111_134808\\1541951952691.png"/>
         <property name="hostName" value="JHATFIELD - SNDFSMINFSRV001.defra.onmicrosoft.com"/>
         <property name="os" value="Windows Server 2016 64bit"/>
         <property name="katalonVersion" value="5.8.4.14"/>
         <property name="browser" value="Chrome 70.0.3538.102"/>
         <property name="hostAddress" value="10.201.1.17"/>
         <property name="sessionId" value="c219bb57a1074fc684a30225d651b89f"/>
         <property name="seleniumVersion" value="3.7.1"/>
         <property name="proxyInformation" value="ProxyInformation{proxyOption=NO_PROXY, proxyServerType=HTTP, password=, proxyServerAddress=, proxyServerPort=0}"/>
         <property name="platform" value="Windows Server 2016"/>
      </properties>
      <testcase name="Test Cases/Generic/Launch Job Manager Control Centre" classname="Test Cases/Generic/Launch Job Manager Control Centre" status="PASSED">
         <system-out><![CDATA[2018-11-11 15:55:06 - [TEST_CASE][PASSED] - Test Cases/Generic/Launch Job Manager Control Centre: Test Cases/Generic/Launch Job Manager Control Centre

2018-11-11 15:55:07 - [TEST_STEP][PASSED] - openBrowser: Browser is opened with url: ''

2018-11-11 15:55:13 - [MESSAGE][PASSED] - Browser is opened with url: ''

2018-11-11 15:55:13 - [TEST_STEP][PASSED] - navigateToUrl: Navigate to 'https://kirona-def-6.kirona.com/jmprep/login#!loginView' successfully

2018-11-11 15:55:14 - [MESSAGE][PASSED] - Navigate to 'https://kirona-def-6.kirona.com/jmprep/login#!loginView' successfully

2018-11-11 15:55:14 - [TEST_STEP][PASSED] - setText: Text 'jon.hatfield' is set on object 'Object Repository/FSM1/Control Centre/Page_Job Manager Login/input_gwt-uid-3'

2018-11-11 15:55:16 - [MESSAGE][PASSED] - Text 'jon.hatfield' is set on object 'Object Repository/FSM1/Control Centre/Page_Job Manager Login/input_gwt-uid-3'

2018-11-11 15:55:16 - [TEST_STEP][PASSED] - setText: Text 'Fr@nc1sJ0n' is set on object 'Object Repository/FSM1/Control Centre/Page_Job Manager Login/input_gwt-uid-5'

2018-11-11 15:55:16 - [MESSAGE][PASSED] - Text 'Fr@nc1sJ0n' is set on object 'Object Repository/FSM1/Control Centre/Page_Job Manager Login/input_gwt-uid-5'

2018-11-11 15:55:16 - [TEST_STEP][PASSED] - click: Object: 'Object Repository/FSM1/PreProd/Page_Job Manager Login/div_Login' is clicked on

2018-11-11 15:55:16 - [MESSAGE][PASSED] - Object: 'Object Repository/FSM1/PreProd/Page_Job Manager Login/div_Login' is clicked on

2018-11-11 15:55:16 - [TEST_STEP][PASSED] - delay: Delayed 5 second(s)

2018-11-11 15:55:21 - [MESSAGE][PASSED] - Delayed 5 second(s)]]></system-out>
         <system-err><![CDATA[]]></system-err>
      </testcase>
      <testcase name="Test Cases/ABP/Generic/Create ABP Inspection - Manual Assignment" classname="Test Cases/ABP/Generic/Create ABP Inspection - Manual Assignment" status="PASSED">
         <system-out><![CDATA[2018-11-11 15:55:21 - [TEST_CASE][PASSED] - Test Cases/ABP/Generic/Create ABP Inspection - Manual Assignment: Test Cases/ABP/Generic/Create ABP Inspection - Manual Assignment

2018-11-11 15:55:22 - [TEST_STEP][PASSED] - Statement - log = new com.kms.katalon.core.logging.KeywordLogger(): null

2018-11-11 15:55:22 - [TEST_STEP][PASSED] - click: Object: 'Object Repository/FSM1/Create ABP Inspection Manual Ass/Page_JM Control Centre/Page_JM Control Centre/Page_JM Control Centre/div_Create' is clicked on

2018-11-11 15:55:22 - [MESSAGE][PASSED] - Object: 'Object Repository/FSM1/Create ABP Inspection Manual Ass/Page_JM Control Centre/Page_JM Control Centre/Page_JM Control Centre/div_Create' is clicked on

2018-11-11 15:55:22 - [TEST_STEP][PASSED] - click: Object: 'Object Repository/FSM1/Create ABP Inspection Manual Ass/Page_JM Control Centre/Page_JM Control Centre/Page_JM Control Centre/div_v-filterselect-button' is clicked on

2018-11-11 15:55:24 - [MESSAGE][PASSED] - Object: 'Object Repository/FSM1/Create ABP Inspection Manual Ass/Page_JM Control Centre/Page_JM Control Centre/Page_JM Control Centre/div_v-filterselect-button' is clicked on

2018-11-11 15:55:24 - [TEST_STEP][PASSED] - setText: Text 'AB191' is set on object 'Object Repository/FSM1/Create ABP Inspection Manual Ass/Page_JM Control Centre/Page_JM Control Centre/Page_JM Control Centre/input_gwt-uid-8'

2018-11-11 15:55:25 - [MESSAGE][PASSED] - Text 'AB191' is set on object 'Object Repository/FSM1/Create ABP Inspection Manual Ass/Page_JM Control Centre/Page_JM Control Centre/Page_JM Control Centre/input_gwt-uid-8'

2018-11-11 15:55:25 - [TEST_STEP][PASSED] - Statement - ABPInspectionTypeJ = com.kms.katalon.core.webui.keyword.WebUiBuiltInKeywords.modifyObjectProperty(com.kms.katalon.core.testobject.ObjectRepository.findTestObject(Object Repository/FSM1/Create ABP Inspection Manual Ass/Page_JM Control Centre/Page_JM Control Centre/Page_JM Control Centre/span_ABPR01A - Composting and), "text", "equals", ABPInspectionType, true): Modify property of object successfully

2018-11-11 15:55:25 - [MESSAGE][PASSED] - Modify property of object successfully

2018-11-11 15:55:25 - [TEST_STEP][PASSED] - click: Object: 'Object Repository/FSM1/Create ABP Inspection Manual Ass/Page_JM Control Centre/Page_JM Control Centre/Page_JM Control Centre/span_ABPR01A - Composting and' is clicked on

2018-11-11 15:55:25 - [MESSAGE][PASSED] - Object: 'Object Repository/FSM1/Create ABP Inspection Manual Ass/Page_JM Control Centre/Page_JM Control Centre/Page_JM Control Centre/span_ABPR01A - Composting and' is clicked on

2018-11-11 15:55:25 - [TEST_STEP][PASSED] - click: Object: 'Object Repository/FSM1/Create ABP Inspection Manual Ass/Page_JM Control Centre/Page_JM Control Centre/Page_JM Control Centre/div_v-filterselect-button_1' is clicked on

2018-11-11 15:55:27 - [MESSAGE][PASSED] - Object: 'Object Repository/FSM1/Create ABP Inspection Manual Ass/Page_JM Control Centre/Page_JM Control Centre/Page_JM Control Centre/div_v-filterselect-button_1' is clicked on

2018-11-11 15:55:27 - [TEST_STEP][PASSED] - click: Object: 'Object Repository/FSM1/Create ABP Inspection Manual Ass/Page_JM Control Centre/Page_JM Control Centre/Page_JM Control Centre/span_24 Hours' is clicked on

2018-11-11 15:55:28 - [MESSAGE][PASSED] - Object: 'Object Repository/FSM1/Create ABP Inspection Manual Ass/Page_JM Control Centre/Page_JM Control Centre/Page_JM Control Centre/span_24 Hours' is clicked on

2018-11-11 15:55:28 - [TEST_STEP][PASSED] - click: Object: 'Object Repository/FSM1/Create ABP Inspection Manual Ass/Page_JM Control Centre/Page_JM Control Centre/Page_JM Control Centre/div_Region_v-filterselect-butt' is clicked on

2018-11-11 15:55:28 - [MESSAGE][PASSED] - Object: 'Object Repository/FSM1/Create ABP Inspection Manual Ass/Page_JM Control Centre/Page_JM Control Centre/Page_JM Control Centre/div_Region_v-filterselect-butt' is clicked on

2018-11-11 15:55:28 - [TEST_STEP][PASSED] - click: Object: 'Object Repository/FSM1/Create ABP Inspection Manual Ass/Page_JM Control Centre/Page_JM Control Centre/Page_JM Control Centre/td_West' is clicked on

2018-11-11 15:55:29 - [MESSAGE][PASSED] - Object: 'Object Repository/FSM1/Create ABP Inspection Manual Ass/Page_JM Control Centre/Page_JM Control Centre/Page_JM Control Centre/td_West' is clicked on

2018-11-11 15:55:29 - [TEST_STEP][PASSED] - click: Object: 'Object Repository/FSM1/Create ABP Inspection Manual Ass/Page_JM Control Centre/Page_JM Control Centre/Page_JM Control Centre/div_Plant Type_v-filterselect-' is clicked on

2018-11-11 15:55:29 - [MESSAGE][PASSED] - Object: 'Object Repository/FSM1/Create ABP Inspection Manual Ass/Page_JM Control Centre/Page_JM Control Centre/Page_JM Control Centre/div_Plant Type_v-filterselect-' is clicked on

2018-11-11 15:55:29 - [TEST_STEP][PASSED] - click: Object: 'Object Repository/FSM1/Create ABP Inspection Manual Ass/Page_JM Control Centre/Page_JM Control Centre/Page_JM Control Centre/td_SECTION I Intermediate Acti' is clicked on

2018-11-11 15:55:29 - [MESSAGE][PASSED] - Object: 'Object Repository/FSM1/Create ABP Inspection Manual Ass/Page_JM Control Centre/Page_JM Control Centre/Page_JM Control Centre/td_SECTION I Intermediate Acti' is clicked on

2018-11-11 15:55:29 - [TEST_STEP][PASSED] - click: Object: 'Object Repository/FSM1/Create ABP Inspection Manual Ass/Page_JM Control Centre/Page_JM Control Centre/Page_JM Control Centre/div_Inspection Type_v-filterse' is clicked on

2018-11-11 15:55:30 - [MESSAGE][PASSED] - Object: 'Object Repository/FSM1/Create ABP Inspection Manual Ass/Page_JM Control Centre/Page_JM Control Centre/Page_JM Control Centre/div_Inspection Type_v-filterse' is clicked on

2018-11-11 15:55:30 - [TEST_STEP][PASSED] - click: Object: 'Object Repository/FSM1/Create ABP Inspection Manual Ass/Page_JM Control Centre/Page_JM Control Centre/Page_JM Control Centre/td_Routine' is clicked on

2018-11-11 15:55:30 - [MESSAGE][PASSED] - Object: 'Object Repository/FSM1/Create ABP Inspection Manual Ass/Page_JM Control Centre/Page_JM Control Centre/Page_JM Control Centre/td_Routine' is clicked on

2018-11-11 15:55:30 - [TEST_STEP][PASSED] - click: Object: 'Object Repository/FSM1/Create ABP Inspection Manual Ass/Page_JM Control Centre/Page_JM Control Centre/Page_JM Control Centre/div_Inspector Grade Required_v' is clicked on

2018-11-11 15:55:30 - [MESSAGE][PASSED] - Object: 'Object Repository/FSM1/Create ABP Inspection Manual Ass/Page_JM Control Centre/Page_JM Control Centre/Page_JM Control Centre/div_Inspector Grade Required_v' is clicked on

2018-11-11 15:55:31 - [TEST_STEP][PASSED] - click: Object: 'Object Repository/FSM1/Create ABP Inspection Manual Ass/Page_JM Control Centre/Page_JM Control Centre/Page_JM Control Centre/td_Tech' is clicked on

2018-11-11 15:55:31 - [MESSAGE][PASSED] - Object: 'Object Repository/FSM1/Create ABP Inspection Manual Ass/Page_JM Control Centre/Page_JM Control Centre/Page_JM Control Centre/td_Tech' is clicked on

2018-11-11 15:55:31 - [TEST_STEP][PASSED] - click: Object: 'Object Repository/FSM1/Create ABP Inspection Manual Ass/Page_JM Control Centre/Page_JM Control Centre/Page_JM Control Centre/div_Sequence within Inspection' is clicked on

2018-11-11 15:55:31 - [MESSAGE][PASSED] - Object: 'Object Repository/FSM1/Create ABP Inspection Manual Ass/Page_JM Control Centre/Page_JM Control Centre/Page_JM Control Centre/div_Sequence within Inspection' is clicked on

2018-11-11 15:55:31 - [TEST_STEP][PASSED] - click: Object: 'Object Repository/FSM1/Create ABP Inspection Manual Ass/Page_JM Control Centre/Page_JM Control Centre/Page_JM Control Centre/td_2 - Tech' is clicked on

2018-11-11 15:55:32 - [MESSAGE][PASSED] - Object: 'Object Repository/FSM1/Create ABP Inspection Manual Ass/Page_JM Control Centre/Page_JM Control Centre/Page_JM Control Centre/td_2 - Tech' is clicked on

2018-11-11 15:55:32 - [TEST_STEP][PASSED] - setText: Text '91116' is set on object 'Object Repository/FSM1/Create ABP Inspection Manual Ass/Page_JM Control Centre/Page_JM Control Centre/Page_JM Control Centre/input_Customer ID_gwt-uid-40'

2018-11-11 15:55:32 - [MESSAGE][PASSED] - Text '91116' is set on object 'Object Repository/FSM1/Create ABP Inspection Manual Ass/Page_JM Control Centre/Page_JM Control Centre/Page_JM Control Centre/input_Customer ID_gwt-uid-40'

2018-11-11 15:55:32 - [TEST_STEP][PASSED] - setText: Text '48014' is set on object 'Object Repository/FSM1/Create ABP Inspection Manual Ass/Page_JM Control Centre/Page_JM Control Centre/Page_JM Control Centre/input_Unit ID_gwt-uid-42'

2018-11-11 15:55:32 - [MESSAGE][PASSED] - Text '48014' is set on object 'Object Repository/FSM1/Create ABP Inspection Manual Ass/Page_JM Control Centre/Page_JM Control Centre/Page_JM Control Centre/input_Unit ID_gwt-uid-42'

2018-11-11 15:55:32 - [TEST_STEP][PASSED] - setText: Text 'Test Automation' is set on object 'Object Repository/FSM1/Create ABP Inspection Manual Ass/Page_JM Control Centre/Page_JM Control Centre/Page_JM Control Centre/input_Customer Name_gwt-uid-44'

2018-11-11 15:55:33 - [MESSAGE][PASSED] - Text 'Test Automation' is set on object 'Object Repository/FSM1/Create ABP Inspection Manual Ass/Page_JM Control Centre/Page_JM Control Centre/Page_JM Control Centre/input_Customer Name_gwt-uid-44'

2018-11-11 15:55:33 - [TEST_STEP][PASSED] - click: Object: 'Object Repository/FSM1/Create ABP Inspection Manual Ass/Page_JM Control Centre/Page_JM Control Centre/Page_JM Control Centre/span_' is clicked on

2018-11-11 15:55:33 - [MESSAGE][PASSED] - Object: 'Object Repository/FSM1/Create ABP Inspection Manual Ass/Page_JM Control Centre/Page_JM Control Centre/Page_JM Control Centre/span_' is clicked on

2018-11-11 15:55:33 - [TEST_STEP][PASSED] - click: Object: 'Object Repository/FSM1/Create ABP Inspection Manual Ass/Page_JM Control Centre/Page_JM Control Centre/Page_JM Control Centre/Postcode Search' is clicked on

2018-11-11 15:55:35 - [MESSAGE][PASSED] - Object: 'Object Repository/FSM1/Create ABP Inspection Manual Ass/Page_JM Control Centre/Page_JM Control Centre/Page_JM Control Centre/Postcode Search' is clicked on

2018-11-11 15:55:35 - [TEST_STEP][PASSED] - setText: Text 'WR5 2NQ' is set on object 'Object Repository/FSM1/Create ABP Inspection Manual Ass/Page_JM Control Centre/Page_JM Control Centre/Page_JM Control Centre/PostcodeSearch'

2018-11-11 15:55:35 - [MESSAGE][PASSED] - Text 'WR5 2NQ' is set on object 'Object Repository/FSM1/Create ABP Inspection Manual Ass/Page_JM Control Centre/Page_JM Control Centre/Page_JM Control Centre/PostcodeSearch'

2018-11-11 15:55:35 - [TEST_STEP][PASSED] - click: Object: 'Object Repository/FSM1/Control Centre/Create EMI Inspection/Create Address/Page_JM Control Centre (1)/SearchButton' is clicked on

2018-11-11 15:55:35 - [MESSAGE][PASSED] - Object: 'Object Repository/FSM1/Control Centre/Create EMI Inspection/Create Address/Page_JM Control Centre (1)/SearchButton' is clicked on

2018-11-11 15:55:36 - [TEST_STEP][PASSED] - Statement - FullAddress = com.kms.katalon.core.webui.keyword.WebUiBuiltInKeywords.modifyObjectProperty(com.kms.katalon.core.testobject.ObjectRepository.findTestObject(Object Repository/FSM1/Create ABP Inspection Manual Ass/Page_JM Control Centre/Page_JM Control Centre/Page_JM Control Centre/Address), "text", "equals", com.kms.katalon.core.testdata.TestDataFactory.findTestData(Pre Production/ABP/ABP Inspection Data 01a).getValue(3, 1), true): Modify property of object successfully

2018-11-11 15:55:36 - [MESSAGE][PASSED] - Modify property of object successfully

2018-11-11 15:55:36 - [TEST_STEP][PASSED] - click: Object: 'Object Repository/FSM1/Create ABP Inspection Manual Ass/Page_JM Control Centre/Page_JM Control Centre/Page_JM Control Centre/Address' is clicked on

2018-11-11 15:55:37 - [MESSAGE][PASSED] - Object: 'Object Repository/FSM1/Create ABP Inspection Manual Ass/Page_JM Control Centre/Page_JM Control Centre/Page_JM Control Centre/Address' is clicked on

2018-11-11 15:55:37 - [TEST_STEP][PASSED] - click: Object: 'Object Repository/FSM1/Control Centre/Create EMI Inspection/Create Address/Page_JM Control Centre (2)/div_Add Selected Item' is clicked on

2018-11-11 15:55:37 - [MESSAGE][PASSED] - Object: 'Object Repository/FSM1/Control Centre/Create EMI Inspection/Create Address/Page_JM Control Centre (2)/div_Add Selected Item' is clicked on

2018-11-11 15:55:37 - [TEST_STEP][PASSED] - delay: Delayed 2 second(s)

2018-11-11 15:55:39 - [MESSAGE][PASSED] - Delayed 2 second(s)

2018-11-11 15:55:39 - [TEST_STEP][PASSED] - click: Object: 'Object Repository/FSM1/Control Centre/Create EMI Inspection/Finish/Page_JM Control Centre (3)/div_Create' is clicked on

2018-11-11 15:55:40 - [MESSAGE][PASSED] - Object: 'Object Repository/FSM1/Control Centre/Create EMI Inspection/Finish/Page_JM Control Centre (3)/div_Create' is clicked on

2018-11-11 15:55:40 - [TEST_STEP][PASSED] - waitForElementPresent: Object 'Object Repository/FSM1/Create ABP Inspection Manual Ass/Page_JM Control Centre/Page_JM Control Centre/Page_JM Control Centre/div_APPROVED' is present

2018-11-11 15:55:45 - [MESSAGE][PASSED] - Object 'Object Repository/FSM1/Create ABP Inspection Manual Ass/Page_JM Control Centre/Page_JM Control Centre/Page_JM Control Centre/div_APPROVED' is present

2018-11-11 15:55:45 - [TEST_STEP][PASSED] - click: Object: 'Object Repository/FSM1/Create ABP Inspection Manual Ass/Page_JM Control Centre/Page_JM Control Centre/Page_JM Control Centre/span_Schedule' is clicked on

2018-11-11 15:55:46 - [MESSAGE][PASSED] - Object: 'Object Repository/FSM1/Create ABP Inspection Manual Ass/Page_JM Control Centre/Page_JM Control Centre/Page_JM Control Centre/span_Schedule' is clicked on

2018-11-11 15:55:46 - [TEST_STEP][PASSED] - click: Object: 'Object Repository/FSM1/Create ABP Inspection Manual Ass/Page_JM Control Centre/Page_JM Control Centre/Page_JM Control Centre/label_Manual Ownership' is clicked on

2018-11-11 15:55:50 - [MESSAGE][PASSED] - Object: 'Object Repository/FSM1/Create ABP Inspection Manual Ass/Page_JM Control Centre/Page_JM Control Centre/Page_JM Control Centre/label_Manual Ownership' is clicked on

2018-11-11 15:55:50 - [TEST_STEP][PASSED] - setText: Text 'test' is set on object 'Object Repository/FSM1/Create ABP Inspection Manual Ass/Page_JM Control Centre/Page_JM Control Centre/Page_JM Control Centre/input_Owner_gwt-uid-311 (3)'

2018-11-11 15:55:50 - [MESSAGE][PASSED] - Text 'test' is set on object 'Object Repository/FSM1/Create ABP Inspection Manual Ass/Page_JM Control Centre/Page_JM Control Centre/Page_JM Control Centre/input_Owner_gwt-uid-311 (3)'

2018-11-11 15:55:51 - [TEST_STEP][PASSED] - click: Object: 'Object Repository/FSM1/Create ABP Inspection Manual Ass/Page_JM Control Centre/Page_JM Control Centre/Page_JM Control Centre/span_Test Inspector' is clicked on

2018-11-11 15:55:51 - [MESSAGE][PASSED] - Object: 'Object Repository/FSM1/Create ABP Inspection Manual Ass/Page_JM Control Centre/Page_JM Control Centre/Page_JM Control Centre/span_Test Inspector' is clicked on

2018-11-11 15:55:51 - [TEST_STEP][NOT_RUN] - setText: NOT_RUN: setText

2018-11-11 15:55:51 - [MESSAGE][NOT_RUN] - NOT_RUN: setText

2018-11-11 15:55:51 - [TEST_STEP][PASSED] - Statement - mydate = new java.util.Date(): null

2018-11-11 15:55:51 - [TEST_STEP][PASSED] - Statement - tomorrow = mydate.next(): null

2018-11-11 15:55:51 - [TEST_STEP][PASSED] - Statement - formattedDate = tomorrow.format("dd-MMM-yyyy"): null

2018-11-11 15:55:51 - [TEST_STEP][PASSED] - setText: Text '12-Nov-2018' is set on object 'Object Repository/FSM1/Create ABP Inspection Manual Ass/Page_JM Control Centre/Page_JM Control Centre/Page_JM Control Centre/input_From date_gwt-uid-504 (10)'

2018-11-11 15:55:52 - [MESSAGE][PASSED] - Text '12-Nov-2018' is set on object 'Object Repository/FSM1/Create ABP Inspection Manual Ass/Page_JM Control Centre/Page_JM Control Centre/Page_JM Control Centre/input_From date_gwt-uid-504 (10)'

2018-11-11 15:55:52 - [TEST_STEP][PASSED] - setText: Text '12-Nov-2018' is set on object 'Object Repository/FSM1/Create ABP Inspection Manual Ass/Page_JM Control Centre/Page_JM Control Centre/Page_JM Control Centre/input_Due date_gwt-uid-506 (11)'

2018-11-11 15:55:53 - [MESSAGE][PASSED] - Text '12-Nov-2018' is set on object 'Object Repository/FSM1/Create ABP Inspection Manual Ass/Page_JM Control Centre/Page_JM Control Centre/Page_JM Control Centre/input_Due date_gwt-uid-506 (11)'

2018-11-11 15:55:53 - [TEST_STEP][PASSED] - click: Object: 'Object Repository/FSM1/Create ABP Inspection Manual Ass/Page_JM Control Centre/Page_JM Control Centre/Page_JM Control Centre/div_Allocate' is clicked on

2018-11-11 15:55:53 - [MESSAGE][PASSED] - Object: 'Object Repository/FSM1/Create ABP Inspection Manual Ass/Page_JM Control Centre/Page_JM Control Centre/Page_JM Control Centre/div_Allocate' is clicked on

2018-11-11 15:55:54 - [TEST_STEP][PASSED] - Statement - InspectionID = com.kms.katalon.core.webui.keyword.WebUiBuiltInKeywords.getText(com.kms.katalon.core.testobject.ObjectRepository.findTestObject(Object Repository/FSM1/Create ABP Inspection Manual Ass/Page_JM Control Centre/Page_JM Control Centre/Page_JM Control Centre/InspectionID)): Text of object 'Object Repository/FSM1/Create ABP Inspection Manual Ass/Page_JM Control Centre/Page_JM Control Centre/Page_JM Control Centre/InspectionID' is: 'Viewing Job 88876'

2018-11-11 15:55:54 - [MESSAGE][PASSED] - Text of object 'Object Repository/FSM1/Create ABP Inspection Manual Ass/Page_JM Control Centre/Page_JM Control Centre/Page_JM Control Centre/InspectionID' is: 'Viewing Job 88876'

2018-11-11 15:55:54 - [TEST_STEP][PASSED] - Statement - InspectionID = InspectionID.replaceAll("Viewing Job ", ""): null

2018-11-11 15:55:54 - [TEST_STEP][PASSED] - Statement - log.logWarning(InspectionID): 88876

2018-11-11 15:55:54 - [MESSAGE][WARNING] - 88876

2018-11-11 15:55:54 - [TEST_STEP][PASSED] - Statement - temp = InspectionID: null

2018-11-11 15:55:54 - [TEST_STEP][PASSED] - delay: Delayed 90 second(s)

2018-11-11 15:57:24 - [MESSAGE][PASSED] - Delayed 90 second(s)]]></system-out>
         <system-err><![CDATA[]]></system-err>
      </testcase>
      <testcase name="Test Cases/Generic/Launch Job Manager" classname="Test Cases/Generic/Launch Job Manager" status="PASSED">
         <system-out><![CDATA[2018-11-11 15:57:24 - [TEST_CASE][PASSED] - Test Cases/Generic/Launch Job Manager: Test Cases/Generic/Launch Job Manager

2018-11-11 15:57:25 - [TEST_STEP][PASSED] - openBrowser: Browser is opened with url: ''

2018-11-11 15:57:25 - [MESSAGE][WARNING] - A browser is already opened. Closing browser and opening a new one

2018-11-11 15:57:28 - [MESSAGE][PASSED] - Browser is opened with url: ''

2018-11-11 15:57:28 - [TEST_STEP][PASSED] - navigateToUrl: Navigate to 'https://kirona-def-6.kirona.com/jmprep/jclient/jclient.html' successfully

2018-11-11 15:57:29 - [MESSAGE][PASSED] - Navigate to 'https://kirona-def-6.kirona.com/jmprep/jclient/jclient.html' successfully

2018-11-11 15:57:29 - [TEST_STEP][PASSED] - setText: Text 'KIR1' is set on object 'Object Repository/FSM1/Launch Application/Page_JClient/input_gwt-TextBox GKH2EKQBMDB'

2018-11-11 15:57:32 - [MESSAGE][PASSED] - Text 'KIR1' is set on object 'Object Repository/FSM1/Launch Application/Page_JClient/input_gwt-TextBox GKH2EKQBMDB'

2018-11-11 15:57:32 - [TEST_STEP][PASSED] - sendKeys: Keys 'ENTER + ' sent to object: 'Object Repository/FSM1/Launch Application/Page_JClient/input_gwt-TextBox GKH2EKQBMDB'

2018-11-11 15:57:32 - [MESSAGE][PASSED] - Keys 'ENTER + ' sent to object: 'Object Repository/FSM1/Launch Application/Page_JClient/input_gwt-TextBox GKH2EKQBMDB'

2018-11-11 15:57:32 - [TEST_STEP][PASSED] - click: Object: 'Object Repository/FSM1/Launch Application/Page_JClient/div_Configure App' is clicked on

2018-11-11 15:57:32 - [MESSAGE][PASSED] - Object: 'Object Repository/FSM1/Launch Application/Page_JClient/div_Configure App' is clicked on

2018-11-11 15:57:32 - [TEST_STEP][PASSED] - setText: Text 'test.inspector' is set on object 'Object Repository/FSM1/Launch Application/Page_JClient/input_gwt-TextBox GKH2EKQBNHC'

2018-11-11 15:57:33 - [MESSAGE][PASSED] - Text 'test.inspector' is set on object 'Object Repository/FSM1/Launch Application/Page_JClient/input_gwt-TextBox GKH2EKQBNHC'

2018-11-11 15:57:33 - [TEST_STEP][PASSED] - setText: Text 'Password1.' is set on object 'Object Repository/FSM1/Launch Application/Page_JClient/input_gwt-PasswordTextBox GKH2'

2018-11-11 15:57:33 - [MESSAGE][PASSED] - Text 'Password1.' is set on object 'Object Repository/FSM1/Launch Application/Page_JClient/input_gwt-PasswordTextBox GKH2'

2018-11-11 15:57:33 - [TEST_STEP][PASSED] - click: Object: 'Object Repository/FSM1/Launch Application/Page_JClient/div_Sign In' is clicked on

2018-11-11 15:57:33 - [MESSAGE][PASSED] - Object: 'Object Repository/FSM1/Launch Application/Page_JClient/div_Sign In' is clicked on

2018-11-11 15:57:33 - [TEST_STEP][PASSED] - delay: Delayed 15 second(s)

2018-11-11 15:57:48 - [MESSAGE][PASSED] - Delayed 15 second(s)]]></system-out>
         <system-err><![CDATA[]]></system-err>
      </testcase>
      <testcase name="Test Cases/Generic/Select Inspection" classname="Test Cases/Generic/Select Inspection" status="PASSED">
         <system-out><![CDATA[2018-11-11 15:57:48 - [TEST_CASE][PASSED] - Test Cases/Generic/Select Inspection: Test Cases/Generic/Select Inspection

2018-11-11 15:57:49 - [TEST_STEP][PASSED] - delay: Delayed 30 second(s)

2018-11-11 15:58:19 - [MESSAGE][PASSED] - Delayed 30 second(s)

2018-11-11 15:58:19 - [TEST_STEP][PASSED] - waitForElementClickable: Object 'Object Repository/FSM1/Select Inspection/Landing/Refresh' is clickable

2018-11-11 15:58:19 - [MESSAGE][PASSED] - Object 'Object Repository/FSM1/Select Inspection/Landing/Refresh' is clickable

2018-11-11 15:58:19 - [TEST_STEP][PASSED] - click: Object: 'Object Repository/FSM1/Select Inspection/Landing/Refresh' is clicked on

2018-11-11 15:58:19 - [MESSAGE][PASSED] - Object: 'Object Repository/FSM1/Select Inspection/Landing/Refresh' is clicked on

2018-11-11 15:58:19 - [TEST_STEP][PASSED] - waitForElementClickable: Object 'Object Repository/FSM1/Select Inspection/Landing/Refresh' is clickable

2018-11-11 15:58:20 - [MESSAGE][PASSED] - Object 'Object Repository/FSM1/Select Inspection/Landing/Refresh' is clickable

2018-11-11 15:58:20 - [TEST_STEP][NOT_RUN] - delay: NOT_RUN: delay

2018-11-11 15:58:20 - [MESSAGE][NOT_RUN] - NOT_RUN: delay

2018-11-11 15:58:20 - [TEST_STEP][PASSED] - Statement - InspectionRef = com.kms.katalon.core.webui.keyword.WebUiBuiltInKeywords.modifyObjectProperty(com.kms.katalon.core.testobject.ObjectRepository.findTestObject(FSM1/Select Inspection/Landing/Page_JClient/div_35098), "text", "equals", temp, true, STOP_ON_FAILURE): Modify property of object successfully

2018-11-11 15:58:20 - [MESSAGE][PASSED] - Modify property of object successfully

2018-11-11 15:58:20 - [TEST_STEP][PASSED] - delay: Delayed 20 second(s)

2018-11-11 15:58:40 - [MESSAGE][PASSED] - Delayed 20 second(s)

2018-11-11 15:58:40 - [TEST_STEP][PASSED] - Statement - If (com.kms.katalon.core.webui.keyword.WebUiBuiltInKeywords.verifyElementPresent(InspectionRef, 30, OPTIONAL)): com.kms.katalon.core.webui.exception.WebElementNotFoundException: Web element with id: 'Object Repository/FSM1/Select Inspection/Landing/Page_JClient/div_35098' located by 'By.xpath: //div[(text() = '88876' or . = '88876')]' not found

2018-11-11 15:59:13 - [MESSAGE][WARNING] - com.kms.katalon.core.webui.exception.WebElementNotFoundException: Web element with id: 'Object Repository/FSM1/Select Inspection/Landing/Page_JClient/div_35098' located by 'By.xpath: //div[(text() = '88876' or . = '88876')]' not found
[[ATTACHMENT|C:\\Users\\JHATFIELD\\git\\DEFRA-FSM_Automated_Regression_NEW\\Reports\\ICW\\ICW Regression - 191 - GB\\20181111_134808\\1541951952691.png]]

2018-11-11 15:59:13 - [TEST_STEP][PASSED] - Statement - Else: Object: 'Object Repository/FSM1/Select Inspection/Landing/Page_JClient/div_35098' is clicked on

2018-11-11 15:59:13 - [TEST_STEP][PASSED] - click: Object: 'Object Repository/FSM1/Select Inspection/Landing/Page_JClient (1)/2 Days' is clicked on

2018-11-11 15:59:13 - [MESSAGE][PASSED] - Object: 'Object Repository/FSM1/Select Inspection/Landing/Page_JClient (1)/2 Days' is clicked on

2018-11-11 15:59:13 - [TEST_STEP][PASSED] - delay: Delayed 3 second(s)

2018-11-11 15:59:16 - [MESSAGE][PASSED] - Delayed 3 second(s)

2018-11-11 15:59:16 - [TEST_STEP][PASSED] - click: Object: 'Object Repository/FSM1/Select Inspection/Landing/Page_JClient/div_35098' is clicked on

2018-11-11 15:59:16 - [MESSAGE][PASSED] - Object: 'Object Repository/FSM1/Select Inspection/Landing/Page_JClient/div_35098' is clicked on

2018-11-11 15:59:16 - [TEST_STEP][PASSED] - click: Object: 'Object Repository/FSM1/Select Inspection/Page_JClient/div_WITH OPERATIVE' is clicked on

2018-11-11 15:59:17 - [MESSAGE][PASSED] - Object: 'Object Repository/FSM1/Select Inspection/Page_JClient/div_WITH OPERATIVE' is clicked on

2018-11-11 15:59:17 - [TEST_STEP][PASSED] - delay: Delayed 2 second(s)

2018-11-11 15:59:19 - [MESSAGE][PASSED] - Delayed 2 second(s)

2018-11-11 15:59:19 - [TEST_STEP][PASSED] - click: Object: 'Object Repository/FSM1/Select Inspection/Page_JClient/div_TRAVELLING' is clicked on

2018-11-11 15:59:19 - [MESSAGE][PASSED] - Object: 'Object Repository/FSM1/Select Inspection/Page_JClient/div_TRAVELLING' is clicked on

2018-11-11 15:59:19 - [TEST_STEP][PASSED] - delay: Delayed 2 second(s)

2018-11-11 15:59:21 - [MESSAGE][PASSED] - Delayed 2 second(s)

2018-11-11 15:59:21 - [TEST_STEP][PASSED] - click: Object: 'Object Repository/FSM1/Select Inspection/Page_JClient/div_TRAVELLING' is clicked on

2018-11-11 15:59:21 - [MESSAGE][PASSED] - Object: 'Object Repository/FSM1/Select Inspection/Page_JClient/div_TRAVELLING' is clicked on

2018-11-11 15:59:21 - [TEST_STEP][PASSED] - delay: Delayed 2 second(s)

2018-11-11 15:59:23 - [MESSAGE][PASSED] - Delayed 2 second(s)

2018-11-11 15:59:23 - [TEST_STEP][PASSED] - click: Object: 'Object Repository/FSM1/Select Inspection/Page_JClient/div_ARRIVED' is clicked on

2018-11-11 15:59:23 - [MESSAGE][PASSED] - Object: 'Object Repository/FSM1/Select Inspection/Page_JClient/div_ARRIVED' is clicked on

2018-11-11 15:59:23 - [TEST_STEP][PASSED] - delay: Delayed 2 second(s)

2018-11-11 15:59:25 - [MESSAGE][PASSED] - Delayed 2 second(s)

2018-11-11 15:59:25 - [TEST_STEP][PASSED] - click: Object: 'Object Repository/FSM1/Select Inspection/Page_JClient/div_ARRIVED' is clicked on

2018-11-11 15:59:26 - [MESSAGE][PASSED] - Object: 'Object Repository/FSM1/Select Inspection/Page_JClient/div_ARRIVED' is clicked on

2018-11-11 15:59:26 - [TEST_STEP][PASSED] - delay: Delayed 4 second(s)

2018-11-11 15:59:30 - [MESSAGE][PASSED] - Delayed 4 second(s)

2018-11-11 15:59:30 - [TEST_STEP][PASSED] - click: Object: 'Object Repository/FSM1/Select Inspection/Page_JClient/div_STARTED' is clicked on

2018-11-11 15:59:30 - [MESSAGE][PASSED] - Object: 'Object Repository/FSM1/Select Inspection/Page_JClient/div_STARTED' is clicked on

2018-11-11 15:59:30 - [TEST_STEP][PASSED] - delay: Delayed 2 second(s)

2018-11-11 15:59:32 - [MESSAGE][PASSED] - Delayed 2 second(s)]]></system-out>
         <system-err><![CDATA[]]></system-err>
      </testcase>
      <testcase name="Test Cases/ICW/AB191/Complete ICW Inspection - Section A - 191" classname="Test Cases/ICW/AB191/Complete ICW Inspection - Section A - 191" status="PASSED">
         <system-out><![CDATA[2018-11-11 15:59:32 - [TEST_CASE][PASSED] - Test Cases/ICW/AB191/Complete ICW Inspection - Section A - 191: Test Cases/ICW/AB191/Complete ICW Inspection - Section A - 191

2018-11-11 15:59:32 - [TEST_STEP][PASSED] - click: Object: 'Object Repository/FSM1/Complete 191/Section A/Page_JClient/div_Section A Summary of Inspe' is clicked on

2018-11-11 15:59:33 - [MESSAGE][PASSED] - Object: 'Object Repository/FSM1/Complete 191/Section A/Page_JClient/div_Section A Summary of Inspe' is clicked on

2018-11-11 15:59:33 - [TEST_STEP][PASSED] - delay: Delayed 3 second(s)

2018-11-11 15:59:36 - [MESSAGE][PASSED] - Delayed 3 second(s)

2018-11-11 15:59:36 - [TEST_STEP][PASSED] - click: Object: 'Object Repository/FSM1/Complete 191/Section A/Page_JClient/input_Yes_radio_group_1' is clicked on

2018-11-11 15:59:36 - [MESSAGE][PASSED] - Object: 'Object Repository/FSM1/Complete 191/Section A/Page_JClient/input_Yes_radio_group_1' is clicked on

2018-11-11 15:59:36 - [TEST_STEP][PASSED] - click: Object: 'Object Repository/FSM1/Complete 191/Section A/Page_JClient/input_Yes_radio_group_2' is clicked on

2018-11-11 15:59:36 - [MESSAGE][PASSED] - Object: 'Object Repository/FSM1/Complete 191/Section A/Page_JClient/input_Yes_radio_group_2' is clicked on

2018-11-11 15:59:36 - [TEST_STEP][PASSED] - click: Object: 'Object Repository/FSM1/Complete 191/Section A/Page_JClient/input_Yes_radio_group_3' is clicked on

2018-11-11 15:59:36 - [MESSAGE][PASSED] - Object: 'Object Repository/FSM1/Complete 191/Section A/Page_JClient/input_Yes_radio_group_3' is clicked on

2018-11-11 15:59:36 - [TEST_STEP][PASSED] - click: Object: 'Object Repository/FSM1/Complete 191/Section A/Page_JClient/input_Waste Originator Details' is clicked on

2018-11-11 15:59:36 - [MESSAGE][PASSED] - Object: 'Object Repository/FSM1/Complete 191/Section A/Page_JClient/input_Waste Originator Details' is clicked on

2018-11-11 15:59:36 - [TEST_STEP][PASSED] - setText: Text '12' is set on object 'Object Repository/FSM1/Complete 191/Section A/Page_JClient/input_Local AuthorityPort Heal'

2018-11-11 15:59:36 - [MESSAGE][PASSED] - Text '12' is set on object 'Object Repository/FSM1/Complete 191/Section A/Page_JClient/input_Local AuthorityPort Heal'

2018-11-11 15:59:36 - [TEST_STEP][PASSED] - click: Object: 'Object Repository/FSM1/Complete 191/Section A/Page_JClient/input_Yes_radio_group_4' is clicked on

2018-11-11 15:59:36 - [MESSAGE][PASSED] - Object: 'Object Repository/FSM1/Complete 191/Section A/Page_JClient/input_Yes_radio_group_4' is clicked on

2018-11-11 15:59:36 - [TEST_STEP][PASSED] - click: Object: 'Object Repository/FSM1/Complete 191/Section A/Page_JClient/input_Yes_radio_group_5' is clicked on

2018-11-11 15:59:37 - [MESSAGE][PASSED] - Object: 'Object Repository/FSM1/Complete 191/Section A/Page_JClient/input_Yes_radio_group_5' is clicked on

2018-11-11 15:59:37 - [TEST_STEP][PASSED] - selectOptionByValue: All options with value 'Continue with current approval' are selected in object 'Object Repository/FSM1/Complete 191/Section A/Page_JClient/select_(a) Continue with curre'  using regular expression

2018-11-11 15:59:37 - [MESSAGE][PASSED] - All options with value 'Continue with current approval' are selected in object 'Object Repository/FSM1/Complete 191/Section A/Page_JClient/select_(a) Continue with curre'  using regular expression

2018-11-11 15:59:37 - [TEST_STEP][PASSED] - click: Object: 'Object Repository/FSM1/Complete 191/Section A/Page_JClient/input_Yes_radio_group_6' is clicked on

2018-11-11 15:59:37 - [MESSAGE][PASSED] - Object: 'Object Repository/FSM1/Complete 191/Section A/Page_JClient/input_Yes_radio_group_6' is clicked on

2018-11-11 15:59:37 - [TEST_STEP][PASSED] - setText: Text '10' is set on object 'Object Repository/FSM1/Complete 191/Section A/Page_JClient/input_Chargeable time (minutes'

2018-11-11 15:59:37 - [MESSAGE][PASSED] - Text '10' is set on object 'Object Repository/FSM1/Complete 191/Section A/Page_JClient/input_Chargeable time (minutes'

2018-11-11 15:59:37 - [TEST_STEP][PASSED] - click: Object: 'Object Repository/FSM1/Complete 191/Section A/Page_JClient/div_Save' is clicked on

2018-11-11 15:59:37 - [MESSAGE][PASSED] - Object: 'Object Repository/FSM1/Complete 191/Section A/Page_JClient/div_Save' is clicked on]]></system-out>
         <system-err><![CDATA[]]></system-err>
      </testcase>
      <testcase name="Test Cases/ICW/AB191/Complete ICW Inspection - Section B - GB - 191" classname="Test Cases/ICW/AB191/Complete ICW Inspection - Section B - GB - 191" status="PASSED">
         <system-out><![CDATA[2018-11-11 15:59:37 - [TEST_CASE][PASSED] - Test Cases/ICW/AB191/Complete ICW Inspection - Section B - GB - 191: Test Cases/ICW/AB191/Complete ICW Inspection - Section B - GB - 191

2018-11-11 15:59:38 - [TEST_STEP][PASSED] - click: Object: 'Object Repository/FSM1/Complete 191/Section B GB/Page_JClient/div_Section B Inspection Detai' is clicked on

2018-11-11 15:59:38 - [MESSAGE][PASSED] - Object: 'Object Repository/FSM1/Complete 191/Section B GB/Page_JClient/div_Section B Inspection Detai' is clicked on

2018-11-11 15:59:38 - [TEST_STEP][PASSED] - delay: Delayed 3 second(s)

2018-11-11 15:59:41 - [MESSAGE][PASSED] - Delayed 3 second(s)

2018-11-11 15:59:41 - [TEST_STEP][PASSED] - click: Object: 'Object Repository/FSM1/Complete 191/Section B GB/Page_JClient/input_Vessel movements from (t' is clicked on

2018-11-11 15:59:41 - [MESSAGE][PASSED] - Object: 'Object Repository/FSM1/Complete 191/Section B GB/Page_JClient/input_Vessel movements from (t' is clicked on

2018-11-11 15:59:41 - [TEST_STEP][PASSED] - setText: Text '10' is set on object 'Object Repository/FSM1/Complete 191/Section B GB/Page_JClient/input_GB Approximate Number or'

2018-11-11 15:59:42 - [MESSAGE][PASSED] - Text '10' is set on object 'Object Repository/FSM1/Complete 191/Section B GB/Page_JClient/input_GB Approximate Number or'

2018-11-11 15:59:42 - [TEST_STEP][PASSED] - click: Object: 'Object Repository/FSM1/Complete 191/Section B GB/Page_JClient/input_MCA waste management pla' is clicked on

2018-11-11 15:59:42 - [MESSAGE][PASSED] - Object: 'Object Repository/FSM1/Complete 191/Section B GB/Page_JClient/input_MCA waste management pla' is clicked on

2018-11-11 15:59:42 - [TEST_STEP][PASSED] - click: Object: 'Object Repository/FSM1/Complete 191/Section B GB/Page_JClient/input_NA_radio_group_43' is clicked on

2018-11-11 15:59:42 - [MESSAGE][PASSED] - Object: 'Object Repository/FSM1/Complete 191/Section B GB/Page_JClient/input_NA_radio_group_43' is clicked on

2018-11-11 15:59:42 - [TEST_STEP][PASSED] - setText: Text 'Test automation' is set on object 'Object Repository/FSM1/Complete 191/Section B GB/Page_JClient/textarea_NA_gwt-TextArea GKH2E'

2018-11-11 15:59:42 - [MESSAGE][PASSED] - Text 'Test automation' is set on object 'Object Repository/FSM1/Complete 191/Section B GB/Page_JClient/textarea_NA_gwt-TextArea GKH2E'

2018-11-11 15:59:42 - [TEST_STEP][PASSED] - click: Object: 'Object Repository/FSM1/Complete 191/Section B GB/Page_JClient/input_NA_radio_group_44' is clicked on

2018-11-11 15:59:42 - [MESSAGE][PASSED] - Object: 'Object Repository/FSM1/Complete 191/Section B GB/Page_JClient/input_NA_radio_group_44' is clicked on

2018-11-11 15:59:42 - [TEST_STEP][PASSED] - click: Object: 'Object Repository/FSM1/Complete 191/Section B GB/Page_JClient/input_GB and EU_radio_group_45' is clicked on

2018-11-11 15:59:42 - [MESSAGE][PASSED] - Object: 'Object Repository/FSM1/Complete 191/Section B GB/Page_JClient/input_GB and EU_radio_group_45' is clicked on

2018-11-11 15:59:42 - [TEST_STEP][PASSED] - click: Object: 'Object Repository/FSM1/Complete 191/Section B GB/Page_JClient/input_If yes ABPR40 forms are' is clicked on

2018-11-11 15:59:43 - [MESSAGE][PASSED] - Object: 'Object Repository/FSM1/Complete 191/Section B GB/Page_JClient/input_If yes ABPR40 forms are' is clicked on

2018-11-11 15:59:43 - [TEST_STEP][PASSED] - click: Object: 'Object Repository/FSM1/Complete 191/Section B GB/Page_JClient/input_if no all vessels must b' is clicked on

2018-11-11 15:59:43 - [MESSAGE][PASSED] - Object: 'Object Repository/FSM1/Complete 191/Section B GB/Page_JClient/input_if no all vessels must b' is clicked on

2018-11-11 15:59:43 - [TEST_STEP][PASSED] - setText: Text 'Test automation' is set on object 'Object Repository/FSM1/Complete 191/Section B GB/Page_JClient/textarea_Explain briefly_gwt-T'

2018-11-11 15:59:43 - [MESSAGE][PASSED] - Text 'Test automation' is set on object 'Object Repository/FSM1/Complete 191/Section B GB/Page_JClient/textarea_Explain briefly_gwt-T'

2018-11-11 15:59:43 - [TEST_STEP][PASSED] - click: Object: 'Object Repository/FSM1/Complete 191/Section B GB/Page_JClient/input_Explain briefly_radio_gr' is clicked on

2018-11-11 15:59:43 - [MESSAGE][PASSED] - Object: 'Object Repository/FSM1/Complete 191/Section B GB/Page_JClient/input_Explain briefly_radio_gr' is clicked on

2018-11-11 15:59:43 - [TEST_STEP][PASSED] - click: Object: 'Object Repository/FSM1/Complete 191/Section B GB/Page_JClient/input_(a) Back trace (complete' is clicked on

2018-11-11 15:59:43 - [MESSAGE][PASSED] - Object: 'Object Repository/FSM1/Complete 191/Section B GB/Page_JClient/input_(a) Back trace (complete' is clicked on

2018-11-11 15:59:43 - [TEST_STEP][PASSED] - click: Object: 'Object Repository/FSM1/Complete 191/Section B GB/Page_JClient/input_Yes_radio_group_80' is clicked on

2018-11-11 15:59:43 - [MESSAGE][PASSED] - Object: 'Object Repository/FSM1/Complete 191/Section B GB/Page_JClient/input_Yes_radio_group_80' is clicked on

2018-11-11 15:59:43 - [TEST_STEP][PASSED] - click: Object: 'Object Repository/FSM1/Complete 191/Section B GB/Page_JClient/input_(b) Forward trace (compl' is clicked on

2018-11-11 15:59:44 - [MESSAGE][PASSED] - Object: 'Object Repository/FSM1/Complete 191/Section B GB/Page_JClient/input_(b) Forward trace (compl' is clicked on

2018-11-11 15:59:44 - [TEST_STEP][PASSED] - click: Object: 'Object Repository/FSM1/Complete 191/Section B GB/Page_JClient/input_Yes_radio_group_82' is clicked on

2018-11-11 15:59:44 - [MESSAGE][PASSED] - Object: 'Object Repository/FSM1/Complete 191/Section B GB/Page_JClient/input_Yes_radio_group_82' is clicked on

2018-11-11 15:59:44 - [TEST_STEP][PASSED] - click: Object: 'Object Repository/FSM1/Complete 191/Section B GB/Page_JClient/div_Save' is clicked on

2018-11-11 15:59:44 - [MESSAGE][PASSED] - Object: 'Object Repository/FSM1/Complete 191/Section B GB/Page_JClient/div_Save' is clicked on]]></system-out>
         <system-err><![CDATA[]]></system-err>
      </testcase>
      <testcase name="Test Cases/ICW/Generic/Complete ICW Inspection - Section C - Recommendation of Audit Frequency" classname="Test Cases/ICW/Generic/Complete ICW Inspection - Section C - Recommendation of Audit Frequency" status="PASSED">
         <system-out><![CDATA[2018-11-11 15:59:44 - [TEST_CASE][PASSED] - Test Cases/ICW/Generic/Complete ICW Inspection - Section C - Recommendation of Audit Frequency: Test Cases/ICW/Generic/Complete ICW Inspection - Section C - Recommendation of Audit Frequency

2018-11-11 15:59:44 - [TEST_STEP][PASSED] - click: Object: 'Object Repository/FSM1/Complete 191/Section C - Recommendation of Frequency/Page_JClient/div_Section C Recommendation o' is clicked on

2018-11-11 15:59:44 - [MESSAGE][PASSED] - Object: 'Object Repository/FSM1/Complete 191/Section C - Recommendation of Frequency/Page_JClient/div_Section C Recommendation o' is clicked on

2018-11-11 15:59:44 - [TEST_STEP][PASSED] - delay: Delayed 3 second(s)

2018-11-11 15:59:47 - [MESSAGE][PASSED] - Delayed 3 second(s)

2018-11-11 15:59:47 - [TEST_STEP][PASSED] - selectOptionByValue: All options with value '6 Monthly' are selected in object 'Object Repository/FSM1/Complete 191/Section C - Recommendation of Frequency/Page_JClient/select_BienniallyAnnuallyQuart'  using regular expression

2018-11-11 15:59:48 - [MESSAGE][PASSED] - All options with value '6 Monthly' are selected in object 'Object Repository/FSM1/Complete 191/Section C - Recommendation of Frequency/Page_JClient/select_BienniallyAnnuallyQuart'  using regular expression

2018-11-11 15:59:48 - [TEST_STEP][PASSED] - click: Object: 'Object Repository/FSM1/Complete 191/Section C - Recommendation of Frequency/Page_JClient/input_Recommendation_gwt-uid-8' is clicked on

2018-11-11 15:59:48 - [MESSAGE][PASSED] - Object: 'Object Repository/FSM1/Complete 191/Section C - Recommendation of Frequency/Page_JClient/input_Recommendation_gwt-uid-8' is clicked on

2018-11-11 15:59:48 - [TEST_STEP][PASSED] - click: Object: 'Object Repository/FSM1/Complete 191/Section C - Recommendation of Frequency/Page_JClient/div_Save' is clicked on

2018-11-11 15:59:48 - [MESSAGE][PASSED] - Object: 'Object Repository/FSM1/Complete 191/Section C - Recommendation of Frequency/Page_JClient/div_Save' is clicked on]]></system-out>
         <system-err><![CDATA[]]></system-err>
      </testcase>
      <testcase name="Test Cases/ABP/Generic/Complete ABP Inspection - ABPR17 Forward Trace" classname="Test Cases/ABP/Generic/Complete ABP Inspection - ABPR17 Forward Trace" status="PASSED">
         <system-out><![CDATA[2018-11-11 15:59:48 - [TEST_CASE][PASSED] - Test Cases/ABP/Generic/Complete ABP Inspection - ABPR17 Forward Trace: Test Cases/ABP/Generic/Complete ABP Inspection - ABPR17 Forward Trace

2018-11-11 15:59:48 - [TEST_STEP][PASSED] - delay: Delayed 3 second(s)

2018-11-11 15:59:51 - [MESSAGE][PASSED] - Delayed 3 second(s)

2018-11-11 15:59:51 - [TEST_STEP][PASSED] - click: Object: 'Object Repository/FSM1/Complete ABP Inspection/ABPR17 Backward Trace/Page_JClient/div_ABPR17 - Backward Trace1' is clicked on

2018-11-11 15:59:52 - [MESSAGE][PASSED] - Object: 'Object Repository/FSM1/Complete ABP Inspection/ABPR17 Backward Trace/Page_JClient/div_ABPR17 - Backward Trace1' is clicked on

2018-11-11 15:59:52 - [TEST_STEP][PASSED] - delay: Delayed 2 second(s)

2018-11-11 15:59:54 - [MESSAGE][PASSED] - Delayed 2 second(s)

2018-11-11 15:59:54 - [TEST_STEP][PASSED] - click: Object: 'Object Repository/FSM1/Complete ABP Inspection/ABPR17 Backward Trace/Page_JClient/div_Create_GKH2EKQBDXB GKH2EKQ' is clicked on

2018-11-11 15:59:54 - [MESSAGE][PASSED] - Object: 'Object Repository/FSM1/Complete ABP Inspection/ABPR17 Backward Trace/Page_JClient/div_Create_GKH2EKQBDXB GKH2EKQ' is clicked on

2018-11-11 15:59:54 - [TEST_STEP][PASSED] - delay: Delayed 2 second(s)

2018-11-11 15:59:56 - [MESSAGE][PASSED] - Delayed 2 second(s)

2018-11-11 15:59:56 - [TEST_STEP][PASSED] - click: Object: 'Object Repository/FSM1/Complete ABP Inspection/ABPR17 Backward Trace/Page_JClient/input_Is this inspection at th' is clicked on

2018-11-11 15:59:56 - [MESSAGE][PASSED] - Object: 'Object Repository/FSM1/Complete ABP Inspection/ABPR17 Backward Trace/Page_JClient/input_Is this inspection at th' is clicked on

2018-11-11 15:59:56 - [TEST_STEP][PASSED] - setText: Text '1234' is set on object 'Object Repository/FSM1/Complete ABP Inspection/ABPR17 Backward Trace/Page_JClient/input_Approval Number_gwt-Text'

2018-11-11 15:59:56 - [MESSAGE][PASSED] - Text '1234' is set on object 'Object Repository/FSM1/Complete ABP Inspection/ABPR17 Backward Trace/Page_JClient/input_Approval Number_gwt-Text'

2018-11-11 15:59:56 - [TEST_STEP][PASSED] - setText: Text 'Test automation' is set on object 'Object Repository/FSM1/Complete ABP Inspection/ABPR17 Backward Trace/Page_JClient/input_Premises Type_gwt-TextBo'

2018-11-11 15:59:57 - [MESSAGE][PASSED] - Text 'Test automation' is set on object 'Object Repository/FSM1/Complete ABP Inspection/ABPR17 Backward Trace/Page_JClient/input_Premises Type_gwt-TextBo'

2018-11-11 15:59:57 - [TEST_STEP][PASSED] - setText: Text 'Test automation' is set on object 'Object Repository/FSM1/Complete ABP Inspection/ABPR17 Backward Trace/Page_JClient/input_Name of Operator_gwt-Tex'

2018-11-11 15:59:57 - [MESSAGE][PASSED] - Text 'Test automation' is set on object 'Object Repository/FSM1/Complete ABP Inspection/ABPR17 Backward Trace/Page_JClient/input_Name of Operator_gwt-Tex'

2018-11-11 15:59:57 - [TEST_STEP][PASSED] - setText: Text 'Test automation' is set on object 'Object Repository/FSM1/Complete ABP Inspection/ABPR17 Backward Trace/Page_JClient/textarea_Address of premises_g'

2018-11-11 15:59:57 - [MESSAGE][PASSED] - Text 'Test automation' is set on object 'Object Repository/FSM1/Complete ABP Inspection/ABPR17 Backward Trace/Page_JClient/textarea_Address of premises_g'

2018-11-11 15:59:57 - [TEST_STEP][PASSED] - setText: Text 'WR5 2NB' is set on object 'Object Repository/FSM1/Complete ABP Inspection/ABPR17 Backward Trace/Page_JClient/input_Postcode_gwt-TextBox GKH'

2018-11-11 15:59:58 - [MESSAGE][PASSED] - Text 'WR5 2NB' is set on object 'Object Repository/FSM1/Complete ABP Inspection/ABPR17 Backward Trace/Page_JClient/input_Postcode_gwt-TextBox GKH'

2018-11-11 15:59:58 - [TEST_STEP][PASSED] - setText: Text 'test@gmail.com' is set on object 'Object Repository/FSM1/Complete ABP Inspection/ABPR17 Backward Trace/Page_JClient/input_Email_gwt-TextBox GKH2EK'

2018-11-11 15:59:58 - [MESSAGE][PASSED] - Text 'test@gmail.com' is set on object 'Object Repository/FSM1/Complete ABP Inspection/ABPR17 Backward Trace/Page_JClient/input_Email_gwt-TextBox GKH2EK'

2018-11-11 15:59:58 - [TEST_STEP][PASSED] - setText: Text '1234' is set on object 'Object Repository/FSM1/Complete ABP Inspection/ABPR17 Backward Trace/Page_JClient/input_Approval number (if appl'

2018-11-11 15:59:58 - [MESSAGE][PASSED] - Text '1234' is set on object 'Object Repository/FSM1/Complete ABP Inspection/ABPR17 Backward Trace/Page_JClient/input_Approval number (if appl'

2018-11-11 15:59:58 - [TEST_STEP][PASSED] - selectOptionByValue: All options with value 'North' are selected in object 'Object Repository/FSM1/Complete ABP Inspection/ABPR17 Backward Trace/Page_JClient/select_NorthScotlandSouthernWa'  using regular expression

2018-11-11 15:59:58 - [MESSAGE][PASSED] - All options with value 'North' are selected in object 'Object Repository/FSM1/Complete ABP Inspection/ABPR17 Backward Trace/Page_JClient/select_NorthScotlandSouthernWa'  using regular expression

2018-11-11 15:59:58 - [TEST_STEP][PASSED] - setText: Text 'Test automation' is set on object 'Object Repository/FSM1/Complete ABP Inspection/ABPR17 Backward Trace/Page_JClient/input_Name of haulier_gwt-Text'

2018-11-11 15:59:59 - [MESSAGE][PASSED] - Text 'Test automation' is set on object 'Object Repository/FSM1/Complete ABP Inspection/ABPR17 Backward Trace/Page_JClient/input_Name of haulier_gwt-Text'

2018-11-11 15:59:59 - [TEST_STEP][PASSED] - setText: Text 'Test automation' is set on object 'Object Repository/FSM1/Complete ABP Inspection/ABPR17 Backward Trace/Page_JClient/textarea_Address of haulier_gw'

2018-11-11 15:59:59 - [MESSAGE][PASSED] - Text 'Test automation' is set on object 'Object Repository/FSM1/Complete ABP Inspection/ABPR17 Backward Trace/Page_JClient/textarea_Address of haulier_gw'

2018-11-11 15:59:59 - [TEST_STEP][PASSED] - delay: Delayed 2 second(s)

2018-11-11 16:00:01 - [MESSAGE][PASSED] - Delayed 2 second(s)

2018-11-11 16:00:01 - [TEST_STEP][PASSED] - setText: Text 'RN2 3WE' is set on object 'Object Repository/FSM1/Complete ABP Inspection/ABPR17 Backward Trace/Page_JClient/Postcode'

2018-11-11 16:00:01 - [MESSAGE][PASSED] - Text 'RN2 3WE' is set on object 'Object Repository/FSM1/Complete ABP Inspection/ABPR17 Backward Trace/Page_JClient/Postcode'

2018-11-11 16:00:01 - [TEST_STEP][PASSED] - setText: Text '9876' is set on object 'Object Repository/FSM1/Complete ABP Inspection/ABPR17 Backward Trace/Page_JClient/input_Registration number (if'

2018-11-11 16:00:01 - [MESSAGE][PASSED] - Text '9876' is set on object 'Object Repository/FSM1/Complete ABP Inspection/ABPR17 Backward Trace/Page_JClient/input_Registration number (if'

2018-11-11 16:00:01 - [TEST_STEP][PASSED] - setText: Text '112233' is set on object 'Object Repository/FSM1/Complete ABP Inspection/ABPR17 Backward Trace/Page_JClient/input_Reference No. of CD or o'

2018-11-11 16:00:02 - [MESSAGE][PASSED] - Text '112233' is set on object 'Object Repository/FSM1/Complete ABP Inspection/ABPR17 Backward Trace/Page_JClient/input_Reference No. of CD or o'

2018-11-11 16:00:02 - [TEST_STEP][PASSED] - setText: Text 'Test automation' is set on object 'Object Repository/FSM1/Complete ABP Inspection/ABPR17 Backward Trace/Page_JClient/textarea_Description of materi'

2018-11-11 16:00:02 - [MESSAGE][PASSED] - Text 'Test automation' is set on object 'Object Repository/FSM1/Complete ABP Inspection/ABPR17 Backward Trace/Page_JClient/textarea_Description of materi'

2018-11-11 16:00:02 - [TEST_STEP][PASSED] - selectOptionByValue: All options with value 'Fish' are selected in object 'Object Repository/FSM1/Complete ABP Inspection/ABPR17 Backward Trace/Page_JClient/select_NACattleDeerFishGoatsPi'  using regular expression

2018-11-11 16:00:02 - [MESSAGE][PASSED] - All options with value 'Fish' are selected in object 'Object Repository/FSM1/Complete ABP Inspection/ABPR17 Backward Trace/Page_JClient/select_NACattleDeerFishGoatsPi'  using regular expression

2018-11-11 16:00:02 - [TEST_STEP][PASSED] - setText: Text 'Test automation' is set on object 'Object Repository/FSM1/Complete ABP Inspection/ABPR17 Backward Trace/Page_JClient/input_Category_gwt-TextBox GKH'

2018-11-11 16:00:03 - [MESSAGE][PASSED] - Text 'Test automation' is set on object 'Object Repository/FSM1/Complete ABP Inspection/ABPR17 Backward Trace/Page_JClient/input_Category_gwt-TextBox GKH'

2018-11-11 16:00:03 - [TEST_STEP][PASSED] - setText: Text '100' is set on object 'Object Repository/FSM1/Complete ABP Inspection/ABPR17 Backward Trace/Page_JClient/input_Quantity_gwt-TextBox GKH'

2018-11-11 16:00:03 - [MESSAGE][PASSED] - Text '100' is set on object 'Object Repository/FSM1/Complete ABP Inspection/ABPR17 Backward Trace/Page_JClient/input_Quantity_gwt-TextBox GKH'

2018-11-11 16:00:03 - [TEST_STEP][PASSED] - setText: Text 'Test automation' is set on object 'Object Repository/FSM1/Complete ABP Inspection/ABPR17 Backward Trace/Page_JClient/textarea_Any other relevant in'

2018-11-11 16:00:03 - [MESSAGE][PASSED] - Text 'Test automation' is set on object 'Object Repository/FSM1/Complete ABP Inspection/ABPR17 Backward Trace/Page_JClient/textarea_Any other relevant in'

2018-11-11 16:00:03 - [TEST_STEP][PASSED] - click: Object: 'Object Repository/FSM1/Complete ABP Inspection/ABPR17 Backward Trace/Page_JClient/input_Yes_radio_group_56' is clicked on

2018-11-11 16:00:03 - [MESSAGE][PASSED] - Object: 'Object Repository/FSM1/Complete ABP Inspection/ABPR17 Backward Trace/Page_JClient/input_Yes_radio_group_56' is clicked on

2018-11-11 16:00:03 - [TEST_STEP][PASSED] - click: Object: 'Object Repository/FSM1/Complete ABP Inspection/ABPR17 Backward Trace/Page_JClient/input_Yes_radio_group_57' is clicked on

2018-11-11 16:00:03 - [MESSAGE][PASSED] - Object: 'Object Repository/FSM1/Complete ABP Inspection/ABPR17 Backward Trace/Page_JClient/input_Yes_radio_group_57' is clicked on

2018-11-11 16:00:03 - [TEST_STEP][PASSED] - delay: Delayed 1 second(s)

2018-11-11 16:00:04 - [MESSAGE][PASSED] - Delayed 1 second(s)

2018-11-11 16:00:04 - [TEST_STEP][PASSED] - Statement - mydate = new java.util.Date(): null

2018-11-11 16:00:04 - [TEST_STEP][PASSED] - Statement - formattedDate = mydate.format("MM/dd/yyy"): null

2018-11-11 16:00:04 - [TEST_STEP][PASSED] - sendKeys: Keys '11/11/2018' sent to object: 'Object Repository/FSM1/Complete ABP Inspection/ABPR17 Backward Trace/Page_JClient/DateofDespatch'

2018-11-11 16:00:05 - [MESSAGE][PASSED] - Keys '11/11/2018' sent to object: 'Object Repository/FSM1/Complete ABP Inspection/ABPR17 Backward Trace/Page_JClient/DateofDespatch'

2018-11-11 16:00:05 - [TEST_STEP][PASSED] - click: Object: 'Object Repository/FSM1/Complete ABP Inspection/ABPR17 Backward Trace/Page_JClient/div_Save1' is clicked on

2018-11-11 16:00:05 - [MESSAGE][PASSED] - Object: 'Object Repository/FSM1/Complete ABP Inspection/ABPR17 Backward Trace/Page_JClient/div_Save1' is clicked on]]></system-out>
         <system-err><![CDATA[]]></system-err>
      </testcase>
      <testcase name="Test Cases/ABP/Generic/Complete ABP Inspection - ABPR18 Backward Trace" classname="Test Cases/ABP/Generic/Complete ABP Inspection - ABPR18 Backward Trace" status="PASSED">
         <system-out><![CDATA[2018-11-11 16:00:05 - [TEST_CASE][PASSED] - Test Cases/ABP/Generic/Complete ABP Inspection - ABPR18 Backward Trace: Test Cases/ABP/Generic/Complete ABP Inspection - ABPR18 Backward Trace

2018-11-11 16:00:05 - [TEST_STEP][PASSED] - delay: Delayed 2 second(s)

2018-11-11 16:00:07 - [MESSAGE][PASSED] - Delayed 2 second(s)

2018-11-11 16:00:07 - [TEST_STEP][PASSED] - click: Object: 'Object Repository/FSM1/Complete ABP Inspection/ABP18 Forward Trace/Page_JClient/div_ABPR18 - Forward Trace1' is clicked on

2018-11-11 16:00:07 - [MESSAGE][PASSED] - Object: 'Object Repository/FSM1/Complete ABP Inspection/ABP18 Forward Trace/Page_JClient/div_ABPR18 - Forward Trace1' is clicked on

2018-11-11 16:00:07 - [TEST_STEP][PASSED] - delay: Delayed 2 second(s)

2018-11-11 16:00:09 - [MESSAGE][PASSED] - Delayed 2 second(s)

2018-11-11 16:00:09 - [TEST_STEP][PASSED] - click: Object: 'Object Repository/FSM1/Complete ABP Inspection/ABP18 Forward Trace/Page_JClient/div_Create_GKH2EKQBDXB GKH2EKQ' is clicked on

2018-11-11 16:00:10 - [MESSAGE][PASSED] - Object: 'Object Repository/FSM1/Complete ABP Inspection/ABP18 Forward Trace/Page_JClient/div_Create_GKH2EKQBDXB GKH2EKQ' is clicked on

2018-11-11 16:00:10 - [TEST_STEP][PASSED] - click: Object: 'Object Repository/FSM1/Complete ABP Inspection/ABP18 Forward Trace/Page_JClient/input_Is this inspection at th' is clicked on

2018-11-11 16:00:10 - [MESSAGE][PASSED] - Object: 'Object Repository/FSM1/Complete ABP Inspection/ABP18 Forward Trace/Page_JClient/input_Is this inspection at th' is clicked on

2018-11-11 16:00:10 - [TEST_STEP][PASSED] - setText: Text '123' is set on object 'Object Repository/FSM1/Complete ABP Inspection/ABP18 Forward Trace/Page_JClient/input_Approval Number_gwt-Text'

2018-11-11 16:00:10 - [MESSAGE][PASSED] - Text '123' is set on object 'Object Repository/FSM1/Complete ABP Inspection/ABP18 Forward Trace/Page_JClient/input_Approval Number_gwt-Text'

2018-11-11 16:00:10 - [TEST_STEP][PASSED] - setText: Text 'Test automation' is set on object 'Object Repository/FSM1/Complete ABP Inspection/ABP18 Forward Trace/Page_JClient/input_Premises Type_gwt-TextBo'

2018-11-11 16:00:10 - [MESSAGE][PASSED] - Text 'Test automation' is set on object 'Object Repository/FSM1/Complete ABP Inspection/ABP18 Forward Trace/Page_JClient/input_Premises Type_gwt-TextBo'

2018-11-11 16:00:10 - [TEST_STEP][PASSED] - setText: Text 'Test automation' is set on object 'Object Repository/FSM1/Complete ABP Inspection/ABP18 Forward Trace/Page_JClient/input_Name of Operator_gwt-Tex'

2018-11-11 16:00:11 - [MESSAGE][PASSED] - Text 'Test automation' is set on object 'Object Repository/FSM1/Complete ABP Inspection/ABP18 Forward Trace/Page_JClient/input_Name of Operator_gwt-Tex'

2018-11-11 16:00:11 - [TEST_STEP][PASSED] - setText: Text 'Test automation' is set on object 'Object Repository/FSM1/Complete ABP Inspection/ABP18 Forward Trace/Page_JClient/textarea_Address of premises_g'

2018-11-11 16:00:11 - [MESSAGE][PASSED] - Text 'Test automation' is set on object 'Object Repository/FSM1/Complete ABP Inspection/ABP18 Forward Trace/Page_JClient/textarea_Address of premises_g'

2018-11-11 16:00:11 - [TEST_STEP][PASSED] - setText: Text 'WR5 2NB' is set on object 'Object Repository/FSM1/Complete ABP Inspection/ABP18 Forward Trace/Page_JClient/input_Postcode_gwt-TextBox GKH'

2018-11-11 16:00:11 - [MESSAGE][PASSED] - Text 'WR5 2NB' is set on object 'Object Repository/FSM1/Complete ABP Inspection/ABP18 Forward Trace/Page_JClient/input_Postcode_gwt-TextBox GKH'

2018-11-11 16:00:11 - [TEST_STEP][PASSED] - selectOptionByValue: All options with value 'Scotland' are selected in object 'Object Repository/FSM1/Complete ABP Inspection/ABP18 Forward Trace/Page_JClient/select_NorthScotlandSouthernWa'  using regular expression

2018-11-11 16:00:11 - [MESSAGE][PASSED] - All options with value 'Scotland' are selected in object 'Object Repository/FSM1/Complete ABP Inspection/ABP18 Forward Trace/Page_JClient/select_NorthScotlandSouthernWa'  using regular expression

2018-11-11 16:00:11 - [TEST_STEP][PASSED] - setText: Text 'Test automation' is set on object 'Object Repository/FSM1/Complete ABP Inspection/ABP18 Forward Trace/Page_JClient/input_Name of haulier_gwt-Text'

2018-11-11 16:00:12 - [MESSAGE][PASSED] - Text 'Test automation' is set on object 'Object Repository/FSM1/Complete ABP Inspection/ABP18 Forward Trace/Page_JClient/input_Name of haulier_gwt-Text'

2018-11-11 16:00:12 - [TEST_STEP][PASSED] - setText: Text 'Test automation' is set on object 'Object Repository/FSM1/Complete ABP Inspection/ABP18 Forward Trace/Page_JClient/textarea_Address of haulier_gw'

2018-11-11 16:00:12 - [MESSAGE][PASSED] - Text 'Test automation' is set on object 'Object Repository/FSM1/Complete ABP Inspection/ABP18 Forward Trace/Page_JClient/textarea_Address of haulier_gw'

2018-11-11 16:00:12 - [TEST_STEP][PASSED] - setText: Text 'WR5 2NB' is set on object 'Object Repository/FSM1/Complete ABP Inspection/ABP18 Forward Trace/Page_JClient/Postcode'

2018-11-11 16:00:12 - [MESSAGE][PASSED] - Text 'WR5 2NB' is set on object 'Object Repository/FSM1/Complete ABP Inspection/ABP18 Forward Trace/Page_JClient/Postcode'

2018-11-11 16:00:12 - [TEST_STEP][PASSED] - setText: Text '123' is set on object 'Object Repository/FSM1/Complete ABP Inspection/ABP18 Forward Trace/Page_JClient/input_Registration number (if'

2018-11-11 16:00:12 - [MESSAGE][PASSED] - Text '123' is set on object 'Object Repository/FSM1/Complete ABP Inspection/ABP18 Forward Trace/Page_JClient/input_Registration number (if'

2018-11-11 16:00:12 - [TEST_STEP][PASSED] - setText: Text '987' is set on object 'Object Repository/FSM1/Complete ABP Inspection/ABP18 Forward Trace/Page_JClient/input_Reference No. of CD or o'

2018-11-11 16:00:13 - [MESSAGE][PASSED] - Text '987' is set on object 'Object Repository/FSM1/Complete ABP Inspection/ABP18 Forward Trace/Page_JClient/input_Reference No. of CD or o'

2018-11-11 16:00:13 - [TEST_STEP][PASSED] - setText: Text 'Test automation' is set on object 'Object Repository/FSM1/Complete ABP Inspection/ABP18 Forward Trace/Page_JClient/textarea_Description of materi'

2018-11-11 16:00:13 - [MESSAGE][PASSED] - Text 'Test automation' is set on object 'Object Repository/FSM1/Complete ABP Inspection/ABP18 Forward Trace/Page_JClient/textarea_Description of materi'

2018-11-11 16:00:13 - [TEST_STEP][PASSED] - selectOptionByValue: All options with value 'Goats' are selected in object 'Object Repository/FSM1/Complete ABP Inspection/ABP18 Forward Trace/Page_JClient/select_NACattleDeerFishGoatsPi'  using regular expression

2018-11-11 16:00:13 - [MESSAGE][PASSED] - All options with value 'Goats' are selected in object 'Object Repository/FSM1/Complete ABP Inspection/ABP18 Forward Trace/Page_JClient/select_NACattleDeerFishGoatsPi'  using regular expression

2018-11-11 16:00:13 - [TEST_STEP][PASSED] - setText: Text 'Test automation' is set on object 'Object Repository/FSM1/Complete ABP Inspection/ABP18 Forward Trace/Page_JClient/input_Category_gwt-TextBox GKH'

2018-11-11 16:00:14 - [MESSAGE][PASSED] - Text 'Test automation' is set on object 'Object Repository/FSM1/Complete ABP Inspection/ABP18 Forward Trace/Page_JClient/input_Category_gwt-TextBox GKH'

2018-11-11 16:00:14 - [TEST_STEP][PASSED] - setText: Text '12' is set on object 'Object Repository/FSM1/Complete ABP Inspection/ABP18 Forward Trace/Page_JClient/input_Quantity_gwt-TextBox GKH'

2018-11-11 16:00:14 - [MESSAGE][PASSED] - Text '12' is set on object 'Object Repository/FSM1/Complete ABP Inspection/ABP18 Forward Trace/Page_JClient/input_Quantity_gwt-TextBox GKH'

2018-11-11 16:00:14 - [TEST_STEP][PASSED] - setText: Text 'Test automation' is set on object 'Object Repository/FSM1/Complete ABP Inspection/ABP18 Forward Trace/Page_JClient/textarea_Any other relevant in'

2018-11-11 16:00:14 - [MESSAGE][PASSED] - Text 'Test automation' is set on object 'Object Repository/FSM1/Complete ABP Inspection/ABP18 Forward Trace/Page_JClient/textarea_Any other relevant in'

2018-11-11 16:00:14 - [TEST_STEP][PASSED] - click: Object: 'Object Repository/FSM1/Complete ABP Inspection/ABP18 Forward Trace/Page_JClient/input_Any other relevant infor' is clicked on

2018-11-11 16:00:14 - [MESSAGE][PASSED] - Object: 'Object Repository/FSM1/Complete ABP Inspection/ABP18 Forward Trace/Page_JClient/input_Any other relevant infor' is clicked on

2018-11-11 16:00:14 - [TEST_STEP][PASSED] - setText: Text 'Test automation' is set on object 'Object Repository/FSM1/Complete ABP Inspection/ABP18 Forward Trace/Page_JClient/textarea_If so give details_gw'

2018-11-11 16:00:15 - [MESSAGE][PASSED] - Text 'Test automation' is set on object 'Object Repository/FSM1/Complete ABP Inspection/ABP18 Forward Trace/Page_JClient/textarea_If so give details_gw'

2018-11-11 16:00:15 - [TEST_STEP][PASSED] - click: Object: 'Object Repository/FSM1/Complete ABP Inspection/ABP18 Forward Trace/Page_JClient/input_Yes_radio_group_132' is clicked on

2018-11-11 16:00:15 - [MESSAGE][PASSED] - Object: 'Object Repository/FSM1/Complete ABP Inspection/ABP18 Forward Trace/Page_JClient/input_Yes_radio_group_132' is clicked on

2018-11-11 16:00:15 - [TEST_STEP][NOT_RUN] - click: NOT_RUN: click

2018-11-11 16:00:15 - [MESSAGE][NOT_RUN] - NOT_RUN: click

2018-11-11 16:00:15 - [TEST_STEP][NOT_RUN] - click: NOT_RUN: click

2018-11-11 16:00:15 - [MESSAGE][NOT_RUN] - NOT_RUN: click

2018-11-11 16:00:15 - [TEST_STEP][NOT_RUN] - setText: NOT_RUN: setText

2018-11-11 16:00:15 - [MESSAGE][NOT_RUN] - NOT_RUN: setText

2018-11-11 16:00:15 - [TEST_STEP][NOT_RUN] - setText: NOT_RUN: setText

2018-11-11 16:00:15 - [MESSAGE][NOT_RUN] - NOT_RUN: setText

2018-11-11 16:00:15 - [TEST_STEP][PASSED] - Statement - mydate = new java.util.Date(): null

2018-11-11 16:00:15 - [TEST_STEP][PASSED] - Statement - formattedDate = mydate.format("MM/dd/yyy"): null

2018-11-11 16:00:15 - [TEST_STEP][PASSED] - sendKeys: Keys '11/11/2018' sent to object: 'Object Repository/FSM1/Complete ABP Inspection/ABP18 Forward Trace/Page_JClient/DateofDespatch'

2018-11-11 16:00:15 - [MESSAGE][PASSED] - Keys '11/11/2018' sent to object: 'Object Repository/FSM1/Complete ABP Inspection/ABP18 Forward Trace/Page_JClient/DateofDespatch'

2018-11-11 16:00:15 - [TEST_STEP][PASSED] - click: Object: 'Object Repository/FSM1/Complete ABP Inspection/ABP18 Forward Trace/Page_JClient/div_Save' is clicked on

2018-11-11 16:00:15 - [MESSAGE][PASSED] - Object: 'Object Repository/FSM1/Complete ABP Inspection/ABP18 Forward Trace/Page_JClient/div_Save' is clicked on]]></system-out>
         <system-err><![CDATA[]]></system-err>
      </testcase>
      <testcase name="Test Cases/ICW/Generic/Complete ICW Inspection - Complete" classname="Test Cases/ICW/Generic/Complete ICW Inspection - Complete" status="PASSED">
         <system-out><![CDATA[2018-11-11 16:00:15 - [TEST_CASE][PASSED] - Test Cases/ICW/Generic/Complete ICW Inspection - Complete: Test Cases/ICW/Generic/Complete ICW Inspection - Complete

2018-11-11 16:00:16 - [TEST_STEP][PASSED] - click: Object: 'Object Repository/FSM1/Complete 190/Page_JClient/Page_JClient/Page_JClient/div_STARTED (locked)' is clicked on

2018-11-11 16:00:16 - [MESSAGE][PASSED] - Object: 'Object Repository/FSM1/Complete 190/Page_JClient/Page_JClient/Page_JClient/div_STARTED (locked)' is clicked on

2018-11-11 16:00:16 - [TEST_STEP][PASSED] - delay: Delayed 1 second(s)

2018-11-11 16:00:17 - [MESSAGE][PASSED] - Delayed 1 second(s)

2018-11-11 16:00:17 - [TEST_STEP][PASSED] - click: Object: 'Object Repository/FSM1/Complete 190/Page_JClient/Page_JClient/Page_JClient/div_COMPLETED' is clicked on

2018-11-11 16:00:17 - [MESSAGE][PASSED] - Object: 'Object Repository/FSM1/Complete 190/Page_JClient/Page_JClient/Page_JClient/div_COMPLETED' is clicked on

2018-11-11 16:00:17 - [TEST_STEP][PASSED] - delay: Delayed 1 second(s)

2018-11-11 16:00:18 - [MESSAGE][PASSED] - Delayed 1 second(s)

2018-11-11 16:00:18 - [TEST_STEP][PASSED] - selectOptionByValue: All options with value 'COMPLETED' are selected in object 'Object Repository/FSM1/Complete 190/Page_JClient/Page_JClient/Page_JClient/select_Yes'  using regular expression

2018-11-11 16:00:18 - [MESSAGE][PASSED] - All options with value 'COMPLETED' are selected in object 'Object Repository/FSM1/Complete 190/Page_JClient/Page_JClient/Page_JClient/select_Yes'  using regular expression

2018-11-11 16:00:18 - [TEST_STEP][PASSED] - selectOptionByValue: All options with value 'NO' are selected in object 'Object Repository/FSM1/Complete 190/Page_JClient/Page_JClient/Page_JClient/select_YesNo'  using regular expression

2018-11-11 16:00:19 - [MESSAGE][PASSED] - All options with value 'NO' are selected in object 'Object Repository/FSM1/Complete 190/Page_JClient/Page_JClient/Page_JClient/select_YesNo'  using regular expression

2018-11-11 16:00:19 - [TEST_STEP][PASSED] - click: Object: 'Object Repository/FSM1/Complete 190/Page_JClient/Page_JClient/Page_JClient/div_Save' is clicked on

2018-11-11 16:00:19 - [MESSAGE][PASSED] - Object: 'Object Repository/FSM1/Complete 190/Page_JClient/Page_JClient/Page_JClient/div_Save' is clicked on

2018-11-11 16:00:19 - [TEST_STEP][PASSED] - delay: Delayed 3 second(s)

2018-11-11 16:00:22 - [MESSAGE][PASSED] - Delayed 3 second(s)

2018-11-11 16:00:22 - [TEST_STEP][PASSED] - click: Object: 'Object Repository/FSM1/Complete 190/Page_JClient/Page_JClient/Page_JClient/div_Ok' is clicked on

2018-11-11 16:00:22 - [MESSAGE][PASSED] - Object: 'Object Repository/FSM1/Complete 190/Page_JClient/Page_JClient/Page_JClient/div_Ok' is clicked on

2018-11-11 16:00:22 - [TEST_STEP][PASSED] - delay: Delayed 30 second(s)

2018-11-11 16:00:52 - [MESSAGE][PASSED] - Delayed 30 second(s)]]></system-out>
         <system-err><![CDATA[]]></system-err>
      </testcase>
      <testcase name="Test Cases/Generic/Launch Job Manager Control Centre - Check Result" classname="Test Cases/Generic/Launch Job Manager Control Centre - Check Result" status="PASSED">
         <system-out><![CDATA[2018-11-11 16:00:52 - [TEST_CASE][PASSED] - Test Cases/Generic/Launch Job Manager Control Centre - Check Result: Test Cases/Generic/Launch Job Manager Control Centre - Check Result

2018-11-11 16:00:52 - [TEST_STEP][PASSED] - openBrowser: Browser is opened with url: ''

2018-11-11 16:00:52 - [MESSAGE][WARNING] - A browser is already opened. Closing browser and opening a new one

2018-11-11 16:00:55 - [MESSAGE][PASSED] - Browser is opened with url: ''

2018-11-11 16:00:55 - [TEST_STEP][PASSED] - navigateToUrl: Navigate to 'https://kirona-def-6.kirona.com/jmprep/login#!loginView' successfully

2018-11-11 16:00:57 - [MESSAGE][PASSED] - Navigate to 'https://kirona-def-6.kirona.com/jmprep/login#!loginView' successfully

2018-11-11 16:00:57 - [TEST_STEP][PASSED] - setText: Text 'jon.hatfield' is set on object 'Object Repository/FSM1/Control Centre/Page_Job Manager Login/input_gwt-uid-3'

2018-11-11 16:00:58 - [MESSAGE][PASSED] - Text 'jon.hatfield' is set on object 'Object Repository/FSM1/Control Centre/Page_Job Manager Login/input_gwt-uid-3'

2018-11-11 16:00:58 - [TEST_STEP][PASSED] - setText: Text 'Fr@nc1sJ0n' is set on object 'Object Repository/FSM1/Control Centre/Page_Job Manager Login/input_gwt-uid-5'

2018-11-11 16:00:58 - [MESSAGE][PASSED] - Text 'Fr@nc1sJ0n' is set on object 'Object Repository/FSM1/Control Centre/Page_Job Manager Login/input_gwt-uid-5'

2018-11-11 16:00:58 - [TEST_STEP][PASSED] - click: Object: 'Object Repository/FSM1/PreProd/Page_Job Manager Login/div_Login' is clicked on

2018-11-11 16:00:59 - [MESSAGE][PASSED] - Object: 'Object Repository/FSM1/PreProd/Page_Job Manager Login/div_Login' is clicked on

2018-11-11 16:00:59 - [TEST_STEP][PASSED] - delay: Delayed 5 second(s)

2018-11-11 16:01:04 - [MESSAGE][PASSED] - Delayed 5 second(s)]]></system-out>
         <system-err><![CDATA[]]></system-err>
      </testcase>
      <testcase name="Test Cases/ICW/AB191/Control Centre - Check Results - AB191" classname="Test Cases/ICW/AB191/Control Centre - Check Results - AB191" status="PASSED">
         <system-out><![CDATA[2018-11-11 16:01:04 - [TEST_CASE][PASSED] - Test Cases/ICW/AB191/Control Centre - Check Results - AB191: Test Cases/ICW/AB191/Control Centre - Check Results - AB191

2018-11-11 16:01:04 - [TEST_STEP][PASSED] - Statement - log = new com.kms.katalon.core.logging.KeywordLogger(): null

2018-11-11 16:01:04 - [TEST_STEP][PASSED] - setText: Text '88876' is set on object 'Object Repository/FSM1/EMI Check Results/Page_JM Control Centre/input_Recents_v-textfield v-wi'

2018-11-11 16:01:04 - [MESSAGE][PASSED] - Text '88876' is set on object 'Object Repository/FSM1/EMI Check Results/Page_JM Control Centre/input_Recents_v-textfield v-wi'

2018-11-11 16:01:04 - [TEST_STEP][PASSED] - click: Object: 'Object Repository/FSM1/EMI Check Results/Page_JM Control Centre/span_' is clicked on

2018-11-11 16:01:05 - [MESSAGE][PASSED] - Object: 'Object Repository/FSM1/EMI Check Results/Page_JM Control Centre/span_' is clicked on

2018-11-11 16:01:05 - [TEST_STEP][PASSED] - waitForElementPresent: Object 'Object Repository/FSM1/EMI Check Results/Page_JM Control Centre/div_CLOSED' is present

2018-11-11 16:01:09 - [MESSAGE][PASSED] - Object 'Object Repository/FSM1/EMI Check Results/Page_JM Control Centre/div_CLOSED' is present

2018-11-11 16:01:09 - [TEST_STEP][PASSED] - delay: Delayed 3 second(s)

2018-11-11 16:01:12 - [MESSAGE][PASSED] - Delayed 3 second(s)

2018-11-11 16:01:12 - [TEST_STEP][PASSED] - verifyElementPresent: Object 'Object Repository/FSM1/Complete ABP Inspection/Check Results/03a/Page_JM Control Centre/div_Attachments_AB191' is present

2018-11-11 16:01:12 - [MESSAGE][PASSED] - Object 'Object Repository/FSM1/Complete ABP Inspection/Check Results/03a/Page_JM Control Centre/div_Attachments_AB191' is present

2018-11-11 16:01:12 - [TEST_STEP][PASSED] - verifyElementPresent: Object 'Object Repository/FSM1/Complete ABP Inspection/Check Results/Page_JM Control Centre/Page_JM Control Centre/div_Attachments_ABPR17 - Backw' is present

2018-11-11 16:01:12 - [MESSAGE][PASSED] - Object 'Object Repository/FSM1/Complete ABP Inspection/Check Results/Page_JM Control Centre/Page_JM Control Centre/div_Attachments_ABPR17 - Backw' is present

2018-11-11 16:01:12 - [TEST_STEP][PASSED] - verifyElementPresent: Object 'Object Repository/FSM1/Complete ABP Inspection/Check Results/Page_JM Control Centre/Page_JM Control Centre/div_Attachments_ABPR18 - Forwa' is present

2018-11-11 16:01:12 - [MESSAGE][PASSED] - Object 'Object Repository/FSM1/Complete ABP Inspection/Check Results/Page_JM Control Centre/Page_JM Control Centre/div_Attachments_ABPR18 - Forwa' is present]]></system-out>
         <system-err><![CDATA[]]></system-err>
      </testcase>
      <testcase name="Test Cases/ABP/Generic/Check Subsequent Inspection Exist" classname="Test Cases/ABP/Generic/Check Subsequent Inspection Exist" status="PASSED">
         <system-out><![CDATA[2018-11-11 16:01:12 - [TEST_CASE][PASSED] - Test Cases/ABP/Generic/Check Subsequent Inspection Exist: Test Cases/ABP/Generic/Check Subsequent Inspection Exist

2018-11-11 16:01:13 - [TEST_STEP][PASSED] - delay: Delayed 2 second(s)

2018-11-11 16:01:15 - [MESSAGE][PASSED] - Delayed 2 second(s)

2018-11-11 16:01:15 - [TEST_STEP][PASSED] - click: Object: 'Object Repository/FSM1/Complete ABP Inspection/Check Subsequent Inspections/New/Page_JM Control Centre/div_' is clicked on

2018-11-11 16:01:15 - [MESSAGE][PASSED] - Object: 'Object Repository/FSM1/Complete ABP Inspection/Check Subsequent Inspections/New/Page_JM Control Centre/div_' is clicked on

2018-11-11 16:01:15 - [TEST_STEP][PASSED] - click: Object: 'Object Repository/FSM1/Complete ABP Inspection/Check Subsequent Inspections/New/Page_JM Control Centre/span_List All Subordinate Jobs' is clicked on

2018-11-11 16:01:15 - [MESSAGE][PASSED] - Object: 'Object Repository/FSM1/Complete ABP Inspection/Check Subsequent Inspections/New/Page_JM Control Centre/span_List All Subordinate Jobs' is clicked on

2018-11-11 16:01:16 - [TEST_STEP][PASSED] - delay: Delayed 2 second(s)

2018-11-11 16:01:18 - [MESSAGE][PASSED] - Delayed 2 second(s)

2018-11-11 16:01:18 - [TEST_STEP][PASSED] - verifyElementVisible: Object 'Object Repository/FSM1/Complete ABP Inspection/Check Subsequent Inspections/New/Page_JM Control Centre/div_2 found.' is visible

2018-11-11 16:01:19 - [MESSAGE][PASSED] - Object 'Object Repository/FSM1/Complete ABP Inspection/Check Subsequent Inspections/New/Page_JM Control Centre/div_2 found.' is visible

2018-11-11 16:01:19 - [TEST_STEP][PASSED] - closeBrowser: Browser is closed

2018-11-11 16:01:19 - [MESSAGE][PASSED] - Browser is closed]]></system-out>
         <system-err><![CDATA[]]></system-err>
      </testcase>
      <system-out><![CDATA[2018-11-11 15:55:06 - [TEST_SUITE][PASSED] - ICW Regression - 191 - GB: Test Cases/ABP/Generic/Check Subsequent Inspection Exist]]></system-out>
      <system-err><![CDATA[]]></system-err>
   </testsuite>
</testsuites>
