<?xml version="1.0" encoding="UTF-8"?>
<testsuites name="PMM Regression - Registration" time="506" tests="9" failures="0" errors="0">
   <testsuite name="PMM Regression - Registration" tests="9" failures="0" errors="0" time="506" timestamp="2018-12-13 12:26:07" hostname="JHATFIELD - SNDFSMINFSRV001.defra.onmicrosoft.com" id="Test Suites/PMM/PMM Regression - Registration">
      <properties>
         <property name="deviceName" value=""/>
         <property name="devicePlatform" value=""/>
         <property name="logFolder" value="C:\\Users\\JHATFIELD\\Documents\\Katalon\\JM 8.9\\FSM_Automated_Regression_8_9\\Reports\\PMM\\PMM Regression - Registration\\20181213_121738"/>
         <property name="logFiles" value="C:\\Users\\JHATFIELD\\Documents\\Katalon\\JM 8.9\\FSM_Automated_Regression_8_9\\Reports\\PMM\\PMM Regression - Registration\\20181213_121738\\execution0.log"/>
         <property name="attachments" value="C:\\Users\\JHATFIELD\\Documents\\Katalon\\JM 8.9\\FSM_Automated_Regression_8_9\\Reports\\PMM\\PMM Regression - Registration\\20181213_121738\\1544704008506.png"/>
         <property name="hostName" value="JHATFIELD - SNDFSMINFSRV001.defra.onmicrosoft.com"/>
         <property name="os" value="Windows Server 2016 64bit"/>
         <property name="katalonVersion" value="5.9.1.2"/>
         <property name="browser" value="Chrome 70.0.3538.110"/>
         <property name="hostAddress" value="10.201.1.17"/>
         <property name="sessionId" value="148c22a6f18b0132bb778fb8dcc629f1"/>
         <property name="seleniumVersion" value="3.7.1"/>
         <property name="proxyInformation" value="ProxyInformation{proxyOption=NO_PROXY, proxyServerType=HTTP, password=, proxyServerAddress=, proxyServerPort=0}"/>
         <property name="platform" value="Windows Server 2016"/>
      </properties>
      <testcase name="Test Cases/Generic/Launch Job Manager Control Centre" classname="Test Cases/Generic/Launch Job Manager Control Centre" status="PASSED">
         <system-out><![CDATA[2018-12-13 12:26:08 - [TEST_CASE][PASSED] - Test Cases/Generic/Launch Job Manager Control Centre: Test Cases/Generic/Launch Job Manager Control Centre

2018-12-13 12:26:09 - [TEST_STEP][PASSED] - openBrowser(""): Browser is opened with url: ''

2018-12-13 12:26:10 - [MESSAGE][INFO] - Starting 'Chrome' driver

2018-12-13 12:26:10 - [MESSAGE][INFO] - Action delay is set to 0 seconds

2018-12-13 12:26:14 - [MESSAGE][PASSED] - Browser is opened with url: ''

2018-12-13 12:26:14 - [TEST_STEP][PASSED] - navigateToUrl(CCURL): Navigate to 'https://kirona-def-6.kirona.com/jmprep/login#!loginView' successfully

2018-12-13 12:26:16 - [MESSAGE][PASSED] - Navigate to 'https://kirona-def-6.kirona.com/jmprep/login#!loginView' successfully

2018-12-13 12:26:16 - [TEST_STEP][PASSED] - setText(findTestObject("FSM1/Control Centre/Page_Job Manager Login/input_gwt-uid-3"), Username): Text 'jon.hatfield' is set on object 'Object Repository/FSM1/Control Centre/Page_Job Manager Login/input_gwt-uid-3'

2018-12-13 12:26:17 - [MESSAGE][PASSED] - Text 'jon.hatfield' is set on object 'Object Repository/FSM1/Control Centre/Page_Job Manager Login/input_gwt-uid-3'

2018-12-13 12:26:17 - [TEST_STEP][PASSED] - setText(findTestObject("FSM1/Control Centre/Page_Job Manager Login/input_gwt-uid-5"), Password): Text 'Fr@nc1sJ0n' is set on object 'Object Repository/FSM1/Control Centre/Page_Job Manager Login/input_gwt-uid-5'

2018-12-13 12:26:18 - [MESSAGE][PASSED] - Text 'Fr@nc1sJ0n' is set on object 'Object Repository/FSM1/Control Centre/Page_Job Manager Login/input_gwt-uid-5'

2018-12-13 12:26:18 - [TEST_STEP][PASSED] - click(findTestObject("FSM1/PreProd/Page_Job Manager Login/div_Login")): Object: 'Object Repository/FSM1/PreProd/Page_Job Manager Login/div_Login' is clicked on

2018-12-13 12:26:18 - [MESSAGE][PASSED] - Object: 'Object Repository/FSM1/PreProd/Page_Job Manager Login/div_Login' is clicked on

2018-12-13 12:26:18 - [TEST_STEP][PASSED] - delay(15): Delayed 15 second(s)

2018-12-13 12:26:33 - [MESSAGE][PASSED] - Delayed 15 second(s)]]></system-out>
         <system-err><![CDATA[]]></system-err>
      </testcase>
      <testcase name="Test Cases/PMM/Generic/Create PMM Inspection" classname="Test Cases/PMM/Generic/Create PMM Inspection" status="PASSED">
         <system-out><![CDATA[2018-12-13 12:26:33 - [TEST_CASE][PASSED] - Test Cases/PMM/Generic/Create PMM Inspection: Test Cases/PMM/Generic/Create PMM Inspection

2018-12-13 12:26:34 - [TEST_STEP][PASSED] - log = new com.kms.katalon.core.logging.KeywordLogger(): null

2018-12-13 12:26:34 - [TEST_STEP][PASSED] - delay(2): Delayed 2 second(s)

2018-12-13 12:26:36 - [MESSAGE][PASSED] - Delayed 2 second(s)

2018-12-13 12:26:36 - [TEST_STEP][PASSED] - click(findTestObject("Object Repository/FSM1/Create PMM Inspection/a/Page_JM Control Centre/Page_JM Control Centre/div_Create")): Object: 'Object Repository/FSM1/Create PMM Inspection/a/Page_JM Control Centre/Page_JM Control Centre/div_Create' is clicked on

2018-12-13 12:26:36 - [MESSAGE][PASSED] - Object: 'Object Repository/FSM1/Create PMM Inspection/a/Page_JM Control Centre/Page_JM Control Centre/div_Create' is clicked on

2018-12-13 12:26:36 - [TEST_STEP][PASSED] - delay(2): Delayed 2 second(s)

2018-12-13 12:26:38 - [MESSAGE][PASSED] - Delayed 2 second(s)

2018-12-13 12:26:38 - [TEST_STEP][PASSED] - setText(findTestObject("Object Repository/FSM1/Create PMM Inspection/a/Page_JM Control Centre/Page_JM Control Centre/input_Type_gwt-uid-8"), PMMInspectionType): Text 'PMR03 - Producer Registration' is set on object 'Object Repository/FSM1/Create PMM Inspection/a/Page_JM Control Centre/Page_JM Control Centre/input_Type_gwt-uid-8'

2018-12-13 12:26:40 - [MESSAGE][PASSED] - Text 'PMR03 - Producer Registration' is set on object 'Object Repository/FSM1/Create PMM Inspection/a/Page_JM Control Centre/Page_JM Control Centre/input_Type_gwt-uid-8'

2018-12-13 12:26:41 - [TEST_STEP][PASSED] - PMMInspectionType = modifyObjectProperty(findTestObject("Object Repository/FSM1/Create PMM Inspection/a/Page_JM Control Centre/Page_JM Control Centre/span_PMR03A - Producer Complia"), "text", "equals", PMMInspectionType, true): Modify property of object successfully

2018-12-13 12:26:41 - [MESSAGE][PASSED] - Modify property of object successfully

2018-12-13 12:26:41 - [TEST_STEP][PASSED] - click(PMMInspectionType, STOP_ON_FAILURE): Object: 'Object Repository/FSM1/Create PMM Inspection/a/Page_JM Control Centre/Page_JM Control Centre/span_PMR03A - Producer Complia' is clicked on

2018-12-13 12:26:41 - [MESSAGE][PASSED] - Object: 'Object Repository/FSM1/Create PMM Inspection/a/Page_JM Control Centre/Page_JM Control Centre/span_PMR03A - Producer Complia' is clicked on

2018-12-13 12:26:41 - [TEST_STEP][PASSED] - click(findTestObject("FSM1/Control Centre/Create EMI Inspection New/Page_JM Control Centre/div_v-filterselect-button_1")): Object: 'Object Repository/FSM1/Control Centre/Create EMI Inspection New/Page_JM Control Centre/div_v-filterselect-button_1' is clicked on

2018-12-13 12:26:44 - [MESSAGE][PASSED] - Object: 'Object Repository/FSM1/Control Centre/Create EMI Inspection New/Page_JM Control Centre/div_v-filterselect-button_1' is clicked on

2018-12-13 12:26:44 - [TEST_STEP][PASSED] - click(findTestObject("FSM1/Control Centre/Create EMI Inspection New/Page_JM Control Centre/span_24 Hours")): Object: 'Object Repository/FSM1/Control Centre/Create EMI Inspection New/Page_JM Control Centre/span_24 Hours' is clicked on

2018-12-13 12:26:44 - [MESSAGE][PASSED] - Object: 'Object Repository/FSM1/Control Centre/Create EMI Inspection New/Page_JM Control Centre/span_24 Hours' is clicked on

2018-12-13 12:26:44 - [TEST_STEP][PASSED] - setText(findTestObject("Object Repository/FSM1/Create PMM Inspection/a/Page_JM Control Centre/Page_JM Control Centre/input_Region_gwt-uid-24"), "w"): Text 'w' is set on object 'Object Repository/FSM1/Create PMM Inspection/a/Page_JM Control Centre/Page_JM Control Centre/input_Region_gwt-uid-24'

2018-12-13 12:26:45 - [MESSAGE][PASSED] - Text 'w' is set on object 'Object Repository/FSM1/Create PMM Inspection/a/Page_JM Control Centre/Page_JM Control Centre/input_Region_gwt-uid-24'

2018-12-13 12:26:45 - [TEST_STEP][PASSED] - click(findTestObject("Object Repository/FSM1/Create PMM Inspection/a/Page_JM Control Centre/Page_JM Control Centre/span_West")): Object: 'Object Repository/FSM1/Create PMM Inspection/a/Page_JM Control Centre/Page_JM Control Centre/span_West' is clicked on

2018-12-13 12:26:45 - [MESSAGE][PASSED] - Object: 'Object Repository/FSM1/Create PMM Inspection/a/Page_JM Control Centre/Page_JM Control Centre/span_West' is clicked on

2018-12-13 12:26:45 - [TEST_STEP][PASSED] - setText(findTestObject("Object Repository/FSM1/Create PMM Inspection/a/Page_JM Control Centre/Page_JM Control Centre/input_Priority_gwt-uid-26"), "h"): Text 'h' is set on object 'Object Repository/FSM1/Create PMM Inspection/a/Page_JM Control Centre/Page_JM Control Centre/input_Priority_gwt-uid-26'

2018-12-13 12:26:45 - [MESSAGE][PASSED] - Text 'h' is set on object 'Object Repository/FSM1/Create PMM Inspection/a/Page_JM Control Centre/Page_JM Control Centre/input_Priority_gwt-uid-26'

2018-12-13 12:26:46 - [TEST_STEP][PASSED] - click(findTestObject("Object Repository/FSM1/Create PMM Inspection/a/Page_JM Control Centre/Page_JM Control Centre/span_High")): Object: 'Object Repository/FSM1/Create PMM Inspection/a/Page_JM Control Centre/Page_JM Control Centre/span_High' is clicked on

2018-12-13 12:26:46 - [MESSAGE][PASSED] - Object: 'Object Repository/FSM1/Create PMM Inspection/a/Page_JM Control Centre/Page_JM Control Centre/span_High' is clicked on

2018-12-13 12:26:46 - [TEST_STEP][PASSED] - if (verifyElementPresent(findTestObject("JM_8918/PMM/Page_JM Control Centre/Page_JM Control Centre/InspectionType"), 2, OPTIONAL)): com.kms.katalon.core.webui.exception.WebElementNotFoundException: Web element with id: 'Object Repository/JM_8918/PMM/Page_JM Control Centre/Page_JM Control Centre/InspectionType' located by 'By.xpath: (.//*[normalize-space(text()) and normalize-space(.)='Inspection Type'])[1]/following::input[1]' not found

2018-12-13 12:26:48 - [MESSAGE][INFO] - Unable to find the element located by 'By.xpath: (.//*[normalize-space(text()) and normalize-space(.)='Inspection Type'])[1]/following::input[1]'. Please recheck the objects properties to make sure the desired element is located. 

2018-12-13 12:26:49 - [MESSAGE][WARNING] - com.kms.katalon.core.webui.exception.WebElementNotFoundException: Web element with id: 'Object Repository/JM_8918/PMM/Page_JM Control Centre/Page_JM Control Centre/InspectionType' located by 'By.xpath: (.//*[normalize-space(text()) and normalize-space(.)='Inspection Type'])[1]/following::input[1]' not found
[[ATTACHMENT|C:\\Users\\JHATFIELD\\Documents\\Katalon\\JM 8.9\\FSM_Automated_Regression_8_9\\Reports\\PMM\\PMM Regression - Registration\\20181213_121738\\1544704008506.png]]

2018-12-13 12:26:49 - [TEST_STEP][PASSED] - else: Object: 'Object Repository/JM_8918/PMM/Page_JM Control Centre/Page_JM Control Centre/Page_JM Control Centre/span_Extensive Indoor (Barn Re' is clicked on

2018-12-13 12:26:49 - [TEST_STEP][PASSED] - delay(2): Delayed 2 second(s)

2018-12-13 12:26:51 - [MESSAGE][PASSED] - Delayed 2 second(s)

2018-12-13 12:26:51 - [TEST_STEP][PASSED] - click(findTestObject("Object Repository/JM_8918/PMM/Page_JM Control Centre/Page_JM Control Centre/Page_JM Control Centre/div_Production Type_v-filterse")): Object: 'Object Repository/JM_8918/PMM/Page_JM Control Centre/Page_JM Control Centre/Page_JM Control Centre/div_Production Type_v-filterse' is clicked on

2018-12-13 12:26:51 - [MESSAGE][PASSED] - Object: 'Object Repository/JM_8918/PMM/Page_JM Control Centre/Page_JM Control Centre/Page_JM Control Centre/div_Production Type_v-filterse' is clicked on

2018-12-13 12:26:51 - [TEST_STEP][PASSED] - click(findTestObject("Object Repository/JM_8918/PMM/Page_JM Control Centre/Page_JM Control Centre/Page_JM Control Centre/span_Extensive Indoor (Barn Re")): Object: 'Object Repository/JM_8918/PMM/Page_JM Control Centre/Page_JM Control Centre/Page_JM Control Centre/span_Extensive Indoor (Barn Re' is clicked on

2018-12-13 12:26:52 - [MESSAGE][PASSED] - Object: 'Object Repository/JM_8918/PMM/Page_JM Control Centre/Page_JM Control Centre/Page_JM Control Centre/span_Extensive Indoor (Barn Re' is clicked on

2018-12-13 12:26:52 - [TEST_STEP][PASSED] - click(findTestObject("Object Repository/FSM1/Create PMM Inspection/a/Page_JM Control Centre/Page_JM Control Centre/div_Species_v-filterselect-but")): Object: 'Object Repository/FSM1/Create PMM Inspection/a/Page_JM Control Centre/Page_JM Control Centre/div_Species_v-filterselect-but' is clicked on

2018-12-13 12:26:52 - [MESSAGE][PASSED] - Object: 'Object Repository/FSM1/Create PMM Inspection/a/Page_JM Control Centre/Page_JM Control Centre/div_Species_v-filterselect-but' is clicked on

2018-12-13 12:26:52 - [TEST_STEP][PASSED] - click(findTestObject("Object Repository/FSM1/Create PMM Inspection/a/Page_JM Control Centre/Page_JM Control Centre/span_Chicken")): Object: 'Object Repository/FSM1/Create PMM Inspection/a/Page_JM Control Centre/Page_JM Control Centre/span_Chicken' is clicked on

2018-12-13 12:26:53 - [MESSAGE][PASSED] - Object: 'Object Repository/FSM1/Create PMM Inspection/a/Page_JM Control Centre/Page_JM Control Centre/span_Chicken' is clicked on

2018-12-13 12:26:53 - [TEST_STEP][PASSED] - setText(findTestObject("Object Repository/JM_8918/PMM/Registration/Page_JM Control Centre/input_Keeper ID_gwt-uid-34"), RandomStringUtils.randomNumeric(5)): Text '37654' is set on object 'Object Repository/JM_8918/PMM/Registration/Page_JM Control Centre/input_Keeper ID_gwt-uid-34'

2018-12-13 12:26:53 - [MESSAGE][PASSED] - Text '37654' is set on object 'Object Repository/JM_8918/PMM/Registration/Page_JM Control Centre/input_Keeper ID_gwt-uid-34'

2018-12-13 12:26:53 - [TEST_STEP][PASSED] - setText(findTestObject("Object Repository/FSM1/Create PMM Inspection/a/Page_JM Control Centre/Page_JM Control Centre/input_Keeper ID_gwt-uid-36"), RandomStringUtils.randomNumeric(5)): Text '78944' is set on object 'Object Repository/FSM1/Create PMM Inspection/a/Page_JM Control Centre/Page_JM Control Centre/input_Keeper ID_gwt-uid-36'

2018-12-13 12:26:53 - [MESSAGE][PASSED] - Text '78944' is set on object 'Object Repository/FSM1/Create PMM Inspection/a/Page_JM Control Centre/Page_JM Control Centre/input_Keeper ID_gwt-uid-36'

2018-12-13 12:26:53 - [TEST_STEP][PASSED] - setText(findTestObject("Object Repository/FSM1/Create PMM Inspection/a/Page_JM Control Centre/Page_JM Control Centre/input_Keeper Name_gwt-uid-38"), RandomStringUtils.randomNumeric(5)): Text '38220' is set on object 'Object Repository/FSM1/Create PMM Inspection/a/Page_JM Control Centre/Page_JM Control Centre/input_Keeper Name_gwt-uid-38'

2018-12-13 12:26:54 - [MESSAGE][PASSED] - Text '38220' is set on object 'Object Repository/FSM1/Create PMM Inspection/a/Page_JM Control Centre/Page_JM Control Centre/input_Keeper Name_gwt-uid-38'

2018-12-13 12:26:54 - [TEST_STEP][PASSED] - setText(findTestObject("Object Repository/FSM1/Create PMM Inspection/a/Page_JM Control Centre/Page_JM Control Centre/input_Keeper Contact Name_gwt-"), RandomStringUtils.randomNumeric(5)): Text '84863' is set on object 'Object Repository/FSM1/Create PMM Inspection/a/Page_JM Control Centre/Page_JM Control Centre/input_Keeper Contact Name_gwt-'

2018-12-13 12:26:54 - [MESSAGE][PASSED] - Text '84863' is set on object 'Object Repository/FSM1/Create PMM Inspection/a/Page_JM Control Centre/Page_JM Control Centre/input_Keeper Contact Name_gwt-'

2018-12-13 12:26:54 - [TEST_STEP][PASSED] - setText(findTestObject("Object Repository/JM_8918/PMM/Registration/Page_JM Control Centre/input_Location ID_gwt-uid-44"), RandomStringUtils.randomNumeric(5)): Text '11177' is set on object 'Object Repository/JM_8918/PMM/Registration/Page_JM Control Centre/input_Location ID_gwt-uid-44'

2018-12-13 12:26:55 - [MESSAGE][PASSED] - Text '11177' is set on object 'Object Repository/JM_8918/PMM/Registration/Page_JM Control Centre/input_Location ID_gwt-uid-44'

2018-12-13 12:26:55 - [TEST_STEP][PASSED] - setText(findTestObject("Object Repository/JM_8918/PMM/Registration/Page_JM Control Centre/input_Customer ID_gwt-uid-48"), RandomStringUtils.randomNumeric(5)): Text '37599' is set on object 'Object Repository/JM_8918/PMM/Registration/Page_JM Control Centre/input_Customer ID_gwt-uid-48'

2018-12-13 12:26:55 - [MESSAGE][PASSED] - Text '37599' is set on object 'Object Repository/JM_8918/PMM/Registration/Page_JM Control Centre/input_Customer ID_gwt-uid-48'

2018-12-13 12:26:55 - [TEST_STEP][PASSED] - setText(findTestObject("Object Repository/JM_8918/PMM/Registration/Page_JM Control Centre/input_Customer Name_gwt-uid-50"), RandomStringUtils.randomNumeric(5)): Text '23831' is set on object 'Object Repository/JM_8918/PMM/Registration/Page_JM Control Centre/input_Customer Name_gwt-uid-50'

2018-12-13 12:26:55 - [MESSAGE][PASSED] - Text '23831' is set on object 'Object Repository/JM_8918/PMM/Registration/Page_JM Control Centre/input_Customer Name_gwt-uid-50'

2018-12-13 12:26:55 - [TEST_STEP][PASSED] - setText(findTestObject("Object Repository/JM_8918/PMM/Registration/Page_JM Control Centre/input_Customer Contact Name_gw"), RandomStringUtils.randomNumeric(5)): Text '19627' is set on object 'Object Repository/JM_8918/PMM/Registration/Page_JM Control Centre/input_Customer Contact Name_gw'

2018-12-13 12:26:56 - [MESSAGE][PASSED] - Text '19627' is set on object 'Object Repository/JM_8918/PMM/Registration/Page_JM Control Centre/input_Customer Contact Name_gw'

2018-12-13 12:26:56 - [TEST_STEP][PASSED] - setText(findTestObject("Object Repository/JM_8918/PMM/Registration/Page_JM Control Centre/input_County Parish Holding (C"), RandomStringUtils.randomNumeric(5)): Text '40359' is set on object 'Object Repository/JM_8918/PMM/Registration/Page_JM Control Centre/input_County Parish Holding (C'

2018-12-13 12:26:56 - [MESSAGE][PASSED] - Text '40359' is set on object 'Object Repository/JM_8918/PMM/Registration/Page_JM Control Centre/input_County Parish Holding (C'

2018-12-13 12:26:56 - [TEST_STEP][PASSED] - setText(findTestObject("Object Repository/JM_8918/PMM/Registration/Page_JM Control Centre/input_CPHH_gwt-uid-64"), RandomStringUtils.randomNumeric(5)): Text '72176' is set on object 'Object Repository/JM_8918/PMM/Registration/Page_JM Control Centre/input_CPHH_gwt-uid-64'

2018-12-13 12:26:56 - [MESSAGE][PASSED] - Text '72176' is set on object 'Object Repository/JM_8918/PMM/Registration/Page_JM Control Centre/input_CPHH_gwt-uid-64'

2018-12-13 12:26:56 - [TEST_STEP][PASSED] - click(findTestObject("FSM1/Control Centre/Create EMI Inspection/Page_JM Control Centre/span_")): Object: 'Object Repository/FSM1/Control Centre/Create EMI Inspection/Page_JM Control Centre/span_' is clicked on

2018-12-13 12:26:57 - [MESSAGE][PASSED] - Object: 'Object Repository/FSM1/Control Centre/Create EMI Inspection/Page_JM Control Centre/span_' is clicked on

2018-12-13 12:26:57 - [TEST_STEP][PASSED] - click(findTestObject("FSM1/Control Centre/Create EMI Inspection/Address Search/Page_JM Control Centre/Postcode Search")): Object: 'Object Repository/FSM1/Control Centre/Create EMI Inspection/Address Search/Page_JM Control Centre/Postcode Search' is clicked on

2018-12-13 12:26:59 - [MESSAGE][PASSED] - Object: 'Object Repository/FSM1/Control Centre/Create EMI Inspection/Address Search/Page_JM Control Centre/Postcode Search' is clicked on

2018-12-13 12:26:59 - [TEST_STEP][PASSED] - setText(findTestObject("FSM1/PreProd/Page_JM Control Centre/PostcodeSearch"), findTestData("Pre Production/PMM/PMM Inspection Data").getValue(1, 1)): Text 'WR5 2NQ' is set on object 'Object Repository/FSM1/PreProd/Page_JM Control Centre/PostcodeSearch'

2018-12-13 12:27:00 - [MESSAGE][PASSED] - Text 'WR5 2NQ' is set on object 'Object Repository/FSM1/PreProd/Page_JM Control Centre/PostcodeSearch'

2018-12-13 12:27:00 - [TEST_STEP][PASSED] - doubleClick(findTestObject("JM_8918/Page_JM Control Centre/div_Search")): Object: 'Object Repository/JM_8918/Page_JM Control Centre/div_Search' is double clicked on

2018-12-13 12:27:01 - [MESSAGE][PASSED] - Object: 'Object Repository/JM_8918/Page_JM Control Centre/div_Search' is double clicked on

2018-12-13 12:27:01 - [TEST_STEP][PASSED] - FullAddress = modifyObjectProperty(findTestObject("FSM1/Control Centre/Create EMI Inspection/Page_JM Control Centre/Address"), "text", "equals", findTestData("Pre Production/PMM/PMM Inspection Data").getValue(2, 1), true): Modify property of object successfully

2018-12-13 12:27:01 - [MESSAGE][PASSED] - Modify property of object successfully

2018-12-13 12:27:01 - [TEST_STEP][PASSED] - click(FullAddress, STOP_ON_FAILURE): Object: 'Object Repository/FSM1/Control Centre/Create EMI Inspection/Page_JM Control Centre/Address' is clicked on

2018-12-13 12:27:02 - [MESSAGE][PASSED] - Object: 'Object Repository/FSM1/Control Centre/Create EMI Inspection/Page_JM Control Centre/Address' is clicked on

2018-12-13 12:27:02 - [TEST_STEP][PASSED] - click(findTestObject("FSM1/Control Centre/Create EMI Inspection/Create Address/Page_JM Control Centre (2)/div_Add Selected Item")): Object: 'Object Repository/FSM1/Control Centre/Create EMI Inspection/Create Address/Page_JM Control Centre (2)/div_Add Selected Item' is clicked on

2018-12-13 12:27:03 - [MESSAGE][PASSED] - Object: 'Object Repository/FSM1/Control Centre/Create EMI Inspection/Create Address/Page_JM Control Centre (2)/div_Add Selected Item' is clicked on

2018-12-13 12:27:03 - [TEST_STEP][PASSED] - delay(2): Delayed 2 second(s)

2018-12-13 12:27:05 - [MESSAGE][PASSED] - Delayed 2 second(s)

2018-12-13 12:27:05 - [TEST_STEP][PASSED] - setText(findTestObject("JM_8918/Page_JM Control Centre/input_Fixed Resource_gwt-uid-1"), "test"): Text 'test' is set on object 'Object Repository/JM_8918/Page_JM Control Centre/input_Fixed Resource_gwt-uid-1'

2018-12-13 12:27:06 - [MESSAGE][PASSED] - Text 'test' is set on object 'Object Repository/JM_8918/Page_JM Control Centre/input_Fixed Resource_gwt-uid-1'

2018-12-13 12:27:06 - [TEST_STEP][PASSED] - click(findTestObject("FSM1/Control Centre/Create EMI Inspection New/Page_JM Control Centre/span_Test Inspector")): Object: 'Object Repository/FSM1/Control Centre/Create EMI Inspection New/Page_JM Control Centre/span_Test Inspector' is clicked on

2018-12-13 12:27:06 - [MESSAGE][PASSED] - Object: 'Object Repository/FSM1/Control Centre/Create EMI Inspection New/Page_JM Control Centre/span_Test Inspector' is clicked on

2018-12-13 12:27:06 - [TEST_STEP][PASSED] - delay(2): Delayed 2 second(s)

2018-12-13 12:27:08 - [MESSAGE][PASSED] - Delayed 2 second(s)

2018-12-13 12:27:08 - [TEST_STEP][PASSED] - click(findTestObject("Object Repository/JM_8918/PMM/Page_JM Control Centre/div_Auto Schedulable_v-filters")): Object: 'Object Repository/JM_8918/PMM/Page_JM Control Centre/div_Auto Schedulable_v-filters' is clicked on

2018-12-13 12:27:08 - [MESSAGE][PASSED] - Object: 'Object Repository/JM_8918/PMM/Page_JM Control Centre/div_Auto Schedulable_v-filters' is clicked on

2018-12-13 12:27:09 - [TEST_STEP][PASSED] - click(findTestObject("Object Repository/JM_8918/PMM/Page_JM Control Centre/span_Yes")): Object: 'Object Repository/JM_8918/PMM/Page_JM Control Centre/span_Yes' is clicked on

2018-12-13 12:27:09 - [MESSAGE][PASSED] - Object: 'Object Repository/JM_8918/PMM/Page_JM Control Centre/span_Yes' is clicked on

2018-12-13 12:27:09 - [TEST_STEP][PASSED] - delay(2): Delayed 2 second(s)

2018-12-13 12:27:11 - [MESSAGE][PASSED] - Delayed 2 second(s)

2018-12-13 12:27:11 - [TEST_STEP][PASSED] - click(findTestObject("Object Repository/JM_8918/PMM/Page_JM Control Centre/div_Create")): Object: 'Object Repository/JM_8918/PMM/Page_JM Control Centre/div_Create' is clicked on

2018-12-13 12:27:11 - [MESSAGE][PASSED] - Object: 'Object Repository/JM_8918/PMM/Page_JM Control Centre/div_Create' is clicked on

2018-12-13 12:27:11 - [TEST_STEP][PASSED] - waitForElementPresent(findTestObject("FSM1/Control Centre/Status/Page_JM Control Centre/div_PLANNED DYNAMIC"), 120, STOP_ON_FAILURE): Object 'Object Repository/FSM1/Control Centre/Status/Page_JM Control Centre/div_PLANNED DYNAMIC' is present

2018-12-13 12:28:03 - [MESSAGE][PASSED] - Object 'Object Repository/FSM1/Control Centre/Status/Page_JM Control Centre/div_PLANNED DYNAMIC' is present

2018-12-13 12:28:03 - [TEST_STEP][PASSED] - InspectionID = getText(findTestObject("FSM1/Control Centre/Create EMI Inspection/InspectionID/Page_JM Control Centre/InspectionID")): Text of object 'Object Repository/FSM1/Control Centre/Create EMI Inspection/InspectionID/Page_JM Control Centre/InspectionID' is: 'Viewing Job 95985'

2018-12-13 12:28:04 - [MESSAGE][PASSED] - Text of object 'Object Repository/FSM1/Control Centre/Create EMI Inspection/InspectionID/Page_JM Control Centre/InspectionID' is: 'Viewing Job 95985'

2018-12-13 12:28:04 - [TEST_STEP][PASSED] - InspectionID = InspectionID.replaceAll("Viewing Job ", ""): null

2018-12-13 12:28:04 - [TEST_STEP][PASSED] - log.logWarning(InspectionID): 95985

2018-12-13 12:28:04 - [MESSAGE][WARNING] - 95985

2018-12-13 12:28:04 - [TEST_STEP][PASSED] - temp = InspectionID: null

2018-12-13 12:28:04 - [TEST_STEP][PASSED] - delay(200): Delayed 200 second(s)

2018-12-13 12:31:24 - [MESSAGE][PASSED] - Delayed 200 second(s)]]></system-out>
         <system-err><![CDATA[]]></system-err>
      </testcase>
      <testcase name="Test Cases/Generic/Launch Job Manager" classname="Test Cases/Generic/Launch Job Manager" status="PASSED">
         <system-out><![CDATA[2018-12-13 12:31:24 - [TEST_CASE][PASSED] - Test Cases/Generic/Launch Job Manager: Test Cases/Generic/Launch Job Manager

2018-12-13 12:31:24 - [TEST_STEP][PASSED] - openBrowser(""): Browser is opened with url: ''

2018-12-13 12:31:24 - [MESSAGE][WARNING] - A browser is already opened. Closing browser and opening a new one

2018-12-13 12:31:25 - [MESSAGE][INFO] - Starting 'Chrome' driver

2018-12-13 12:31:28 - [MESSAGE][PASSED] - Browser is opened with url: ''

2018-12-13 12:31:28 - [TEST_STEP][PASSED] - navigateToUrl(JMURL): Navigate to 'https://kirona-def-6.kirona.com/jmprep/jclient/jclient.html' successfully

2018-12-13 12:31:28 - [MESSAGE][PASSED] - Navigate to 'https://kirona-def-6.kirona.com/jmprep/jclient/jclient.html' successfully

2018-12-13 12:31:28 - [TEST_STEP][PASSED] - setText(findTestObject("FSM1/Launch Application/Page_JClient/input_gwt-TextBox GKH2EKQBMDB"), "KIR1"): Text 'KIR1' is set on object 'Object Repository/FSM1/Launch Application/Page_JClient/input_gwt-TextBox GKH2EKQBMDB'

2018-12-13 12:31:31 - [MESSAGE][PASSED] - Text 'KIR1' is set on object 'Object Repository/FSM1/Launch Application/Page_JClient/input_gwt-TextBox GKH2EKQBMDB'

2018-12-13 12:31:31 - [TEST_STEP][PASSED] - sendKeys(findTestObject("FSM1/Launch Application/Page_JClient/input_gwt-TextBox GKH2EKQBMDB"), Keys.chord(ENTER)): Keys 'ENTER + ' sent to object: 'Object Repository/FSM1/Launch Application/Page_JClient/input_gwt-TextBox GKH2EKQBMDB'

2018-12-13 12:31:31 - [MESSAGE][PASSED] - Keys 'ENTER + ' sent to object: 'Object Repository/FSM1/Launch Application/Page_JClient/input_gwt-TextBox GKH2EKQBMDB'

2018-12-13 12:31:31 - [TEST_STEP][PASSED] - click(findTestObject("FSM1/Launch Application/Page_JClient/div_Configure App")): Object: 'Object Repository/FSM1/Launch Application/Page_JClient/div_Configure App' is clicked on

2018-12-13 12:31:31 - [MESSAGE][PASSED] - Object: 'Object Repository/FSM1/Launch Application/Page_JClient/div_Configure App' is clicked on

2018-12-13 12:31:31 - [TEST_STEP][PASSED] - setText(findTestObject("FSM1/Launch Application/Page_JClient/input_gwt-TextBox GKH2EKQBNHC"), findTestData("Pre Production/Environmental/UandP").getValue(3, 1)): Text 'test.inspector' is set on object 'Object Repository/FSM1/Launch Application/Page_JClient/input_gwt-TextBox GKH2EKQBNHC'

2018-12-13 12:31:32 - [MESSAGE][PASSED] - Text 'test.inspector' is set on object 'Object Repository/FSM1/Launch Application/Page_JClient/input_gwt-TextBox GKH2EKQBNHC'

2018-12-13 12:31:32 - [TEST_STEP][PASSED] - setText(findTestObject("FSM1/Launch Application/Page_JClient/input_gwt-PasswordTextBox GKH2"), findTestData("Pre Production/Environmental/UandP").getValue(4, 1)): Text 'Password1.' is set on object 'Object Repository/FSM1/Launch Application/Page_JClient/input_gwt-PasswordTextBox GKH2'

2018-12-13 12:31:33 - [MESSAGE][PASSED] - Text 'Password1.' is set on object 'Object Repository/FSM1/Launch Application/Page_JClient/input_gwt-PasswordTextBox GKH2'

2018-12-13 12:31:33 - [TEST_STEP][PASSED] - click(findTestObject("FSM1/Launch Application/Page_JClient/div_Sign In")): Object: 'Object Repository/FSM1/Launch Application/Page_JClient/div_Sign In' is clicked on

2018-12-13 12:31:33 - [MESSAGE][PASSED] - Object: 'Object Repository/FSM1/Launch Application/Page_JClient/div_Sign In' is clicked on

2018-12-13 12:31:33 - [TEST_STEP][PASSED] - delay(15): Delayed 15 second(s)

2018-12-13 12:31:48 - [MESSAGE][PASSED] - Delayed 15 second(s)]]></system-out>
         <system-err><![CDATA[]]></system-err>
      </testcase>
      <testcase name="Test Cases/Generic/Select Inspection" classname="Test Cases/Generic/Select Inspection" status="PASSED">
         <system-out><![CDATA[2018-12-13 12:31:48 - [TEST_CASE][PASSED] - Test Cases/Generic/Select Inspection: Test Cases/Generic/Select Inspection

2018-12-13 12:31:49 - [TEST_STEP][PASSED] - delay(30): Delayed 30 second(s)

2018-12-13 12:32:19 - [MESSAGE][PASSED] - Delayed 30 second(s)

2018-12-13 12:32:19 - [TEST_STEP][PASSED] - waitForElementClickable(findTestObject("JM_8918/Page_JM Control Centre/Page_JM Control Centre/Page_JClient/Refresh"), 250): Object 'Object Repository/JM_8918/Page_JM Control Centre/Page_JM Control Centre/Page_JClient/Refresh' is clickable

2018-12-13 12:32:19 - [MESSAGE][PASSED] - Object 'Object Repository/JM_8918/Page_JM Control Centre/Page_JM Control Centre/Page_JClient/Refresh' is clickable

2018-12-13 12:32:19 - [TEST_STEP][PASSED] - click(findTestObject("JM_8918/Page_JM Control Centre/Page_JM Control Centre/Page_JClient/Refresh")): Object: 'Object Repository/JM_8918/Page_JM Control Centre/Page_JM Control Centre/Page_JClient/Refresh' is clicked on

2018-12-13 12:32:19 - [MESSAGE][PASSED] - Object: 'Object Repository/JM_8918/Page_JM Control Centre/Page_JM Control Centre/Page_JClient/Refresh' is clicked on

2018-12-13 12:32:19 - [TEST_STEP][PASSED] - waitForElementClickable(findTestObject("JM_8918/Page_JM Control Centre/Page_JM Control Centre/Page_JClient/Refresh"), 250): Object 'Object Repository/JM_8918/Page_JM Control Centre/Page_JM Control Centre/Page_JClient/Refresh' is clickable

2018-12-13 12:32:19 - [MESSAGE][PASSED] - Object 'Object Repository/JM_8918/Page_JM Control Centre/Page_JM Control Centre/Page_JClient/Refresh' is clickable

2018-12-13 12:32:19 - [TEST_STEP][NOT_RUN] - delay(180): NOT_RUN: delay(180)

2018-12-13 12:32:19 - [MESSAGE][NOT_RUN] - NOT_RUN: delay(180)

2018-12-13 12:32:19 - [TEST_STEP][PASSED] - InspectionRef = modifyObjectProperty(findTestObject("FSM1/Select Inspection/Landing/Page_JClient/div_35098"), "text", "equals", temp, true, STOP_ON_FAILURE): Modify property of object successfully

2018-12-13 12:32:19 - [MESSAGE][PASSED] - Modify property of object successfully

2018-12-13 12:32:19 - [TEST_STEP][PASSED] - delay(20): Delayed 20 second(s)

2018-12-13 12:32:39 - [MESSAGE][PASSED] - Delayed 20 second(s)

2018-12-13 12:32:39 - [TEST_STEP][PASSED] - if (verifyElementPresent(InspectionRef, 30, OPTIONAL)): Object: 'Object Repository/FSM1/Select Inspection/Landing/Page_JClient/div_35098' is clicked on

2018-12-13 12:32:39 - [MESSAGE][PASSED] - Object 'Object Repository/FSM1/Select Inspection/Landing/Page_JClient/div_35098' is present

2018-12-13 12:32:39 - [TEST_STEP][PASSED] - delay(3): Delayed 3 second(s)

2018-12-13 12:32:42 - [MESSAGE][PASSED] - Delayed 3 second(s)

2018-12-13 12:32:42 - [TEST_STEP][PASSED] - click(InspectionRef): Object: 'Object Repository/FSM1/Select Inspection/Landing/Page_JClient/div_35098' is clicked on

2018-12-13 12:32:42 - [MESSAGE][PASSED] - Object: 'Object Repository/FSM1/Select Inspection/Landing/Page_JClient/div_35098' is clicked on

2018-12-13 12:32:42 - [TEST_STEP][PASSED] - click(findTestObject("FSM1/Select Inspection/Page_JClient/div_WITH OPERATIVE")): Object: 'Object Repository/FSM1/Select Inspection/Page_JClient/div_WITH OPERATIVE' is clicked on

2018-12-13 12:32:43 - [MESSAGE][PASSED] - Object: 'Object Repository/FSM1/Select Inspection/Page_JClient/div_WITH OPERATIVE' is clicked on

2018-12-13 12:32:43 - [TEST_STEP][PASSED] - delay(2): Delayed 2 second(s)

2018-12-13 12:32:45 - [MESSAGE][PASSED] - Delayed 2 second(s)

2018-12-13 12:32:45 - [TEST_STEP][PASSED] - click(findTestObject("FSM1/Select Inspection/Page_JClient/div_TRAVELLING")): Object: 'Object Repository/FSM1/Select Inspection/Page_JClient/div_TRAVELLING' is clicked on

2018-12-13 12:32:45 - [MESSAGE][PASSED] - Object: 'Object Repository/FSM1/Select Inspection/Page_JClient/div_TRAVELLING' is clicked on

2018-12-13 12:32:45 - [TEST_STEP][PASSED] - delay(2): Delayed 2 second(s)

2018-12-13 12:32:47 - [MESSAGE][PASSED] - Delayed 2 second(s)

2018-12-13 12:32:47 - [TEST_STEP][PASSED] - click(findTestObject("FSM1/Select Inspection/Page_JClient/div_TRAVELLING")): Object: 'Object Repository/FSM1/Select Inspection/Page_JClient/div_TRAVELLING' is clicked on

2018-12-13 12:32:47 - [MESSAGE][PASSED] - Object: 'Object Repository/FSM1/Select Inspection/Page_JClient/div_TRAVELLING' is clicked on

2018-12-13 12:32:47 - [TEST_STEP][PASSED] - delay(2): Delayed 2 second(s)

2018-12-13 12:32:49 - [MESSAGE][PASSED] - Delayed 2 second(s)

2018-12-13 12:32:49 - [TEST_STEP][PASSED] - click(findTestObject("FSM1/Select Inspection/Page_JClient/div_ARRIVED")): Object: 'Object Repository/FSM1/Select Inspection/Page_JClient/div_ARRIVED' is clicked on

2018-12-13 12:32:49 - [MESSAGE][PASSED] - Object: 'Object Repository/FSM1/Select Inspection/Page_JClient/div_ARRIVED' is clicked on

2018-12-13 12:32:49 - [TEST_STEP][PASSED] - delay(2): Delayed 2 second(s)

2018-12-13 12:32:51 - [MESSAGE][PASSED] - Delayed 2 second(s)

2018-12-13 12:32:51 - [TEST_STEP][PASSED] - click(findTestObject("FSM1/Select Inspection/Page_JClient/div_ARRIVED")): Object: 'Object Repository/FSM1/Select Inspection/Page_JClient/div_ARRIVED' is clicked on

2018-12-13 12:32:52 - [MESSAGE][PASSED] - Object: 'Object Repository/FSM1/Select Inspection/Page_JClient/div_ARRIVED' is clicked on

2018-12-13 12:32:52 - [TEST_STEP][PASSED] - delay(4): Delayed 4 second(s)

2018-12-13 12:32:56 - [MESSAGE][PASSED] - Delayed 4 second(s)

2018-12-13 12:32:56 - [TEST_STEP][PASSED] - click(findTestObject("FSM1/Select Inspection/Page_JClient/div_STARTED")): Object: 'Object Repository/FSM1/Select Inspection/Page_JClient/div_STARTED' is clicked on

2018-12-13 12:32:56 - [MESSAGE][PASSED] - Object: 'Object Repository/FSM1/Select Inspection/Page_JClient/div_STARTED' is clicked on

2018-12-13 12:32:56 - [TEST_STEP][PASSED] - delay(2): Delayed 2 second(s)

2018-12-13 12:32:58 - [MESSAGE][PASSED] - Delayed 2 second(s)]]></system-out>
         <system-err><![CDATA[]]></system-err>
      </testcase>
      <testcase name="Test Cases/PMM/Registration/Complete PMM Inspection - Registration - Inspection Details" classname="Test Cases/PMM/Registration/Complete PMM Inspection - Registration - Inspection Details" status="PASSED">
         <system-out><![CDATA[2018-12-13 12:32:58 - [TEST_CASE][PASSED] - Test Cases/PMM/Registration/Complete PMM Inspection - Registration - Inspection Details: Test Cases/PMM/Registration/Complete PMM Inspection - Registration - Inspection Details

2018-12-13 12:32:58 - [TEST_STEP][PASSED] - click(findTestObject("Object Repository/FSM1/Create PMM Inspection/Registration - Inspection Details/Page_JClient/div_Inspection Details")): Object: 'Object Repository/FSM1/Create PMM Inspection/Registration - Inspection Details/Page_JClient/div_Inspection Details' is clicked on

2018-12-13 12:32:58 - [MESSAGE][PASSED] - Object: 'Object Repository/FSM1/Create PMM Inspection/Registration - Inspection Details/Page_JClient/div_Inspection Details' is clicked on

2018-12-13 12:32:58 - [TEST_STEP][PASSED] - delay(2): Delayed 2 second(s)

2018-12-13 12:33:00 - [MESSAGE][PASSED] - Delayed 2 second(s)

2018-12-13 12:33:00 - [TEST_STEP][PASSED] - click(findTestObject("Object Repository/FSM1/Create PMM Inspection/Registration - Inspection Details/Page_JClient/input_Yes_radio_group_2")): Object: 'Object Repository/FSM1/Create PMM Inspection/Registration - Inspection Details/Page_JClient/input_Yes_radio_group_2' is clicked on

2018-12-13 12:33:01 - [MESSAGE][PASSED] - Object: 'Object Repository/FSM1/Create PMM Inspection/Registration - Inspection Details/Page_JClient/input_Yes_radio_group_2' is clicked on

2018-12-13 12:33:01 - [TEST_STEP][PASSED] - click(findTestObject("Object Repository/FSM1/Create PMM Inspection/Registration - Inspection Details/Page_JClient/input_Yes_radio_group_3")): Object: 'Object Repository/FSM1/Create PMM Inspection/Registration - Inspection Details/Page_JClient/input_Yes_radio_group_3' is clicked on

2018-12-13 12:33:01 - [MESSAGE][PASSED] - Object: 'Object Repository/FSM1/Create PMM Inspection/Registration - Inspection Details/Page_JClient/input_Yes_radio_group_3' is clicked on

2018-12-13 12:33:01 - [TEST_STEP][PASSED] - selectOptionByValue(findTestObject("Object Repository/FSM1/Create PMM Inspection/Registration - Inspection Details/Page_JClient/select_RegisterRemedial action"), "Register", true): All options with value 'Register' are selected in object 'Object Repository/FSM1/Create PMM Inspection/Registration - Inspection Details/Page_JClient/select_RegisterRemedial action'  using regular expression

2018-12-13 12:33:01 - [MESSAGE][PASSED] - All options with value 'Register' are selected in object 'Object Repository/FSM1/Create PMM Inspection/Registration - Inspection Details/Page_JClient/select_RegisterRemedial action'  using regular expression

2018-12-13 12:33:01 - [TEST_STEP][PASSED] - setText(findTestObject("Object Repository/FSM1/Create PMM Inspection/Registration - Inspection Details/Page_JClient/textarea_Recommended Action -"), "Test automation"): Text 'Test automation' is set on object 'Object Repository/FSM1/Create PMM Inspection/Registration - Inspection Details/Page_JClient/textarea_Recommended Action -'

2018-12-13 12:33:01 - [MESSAGE][PASSED] - Text 'Test automation' is set on object 'Object Repository/FSM1/Create PMM Inspection/Registration - Inspection Details/Page_JClient/textarea_Recommended Action -'

2018-12-13 12:33:01 - [TEST_STEP][PASSED] - selectOptionByValue(findTestObject("Object Repository/FSM1/Create PMM Inspection/Registration - Inspection Details/Page_JClient/select_Routine"), "Routine", true): All options with value 'Routine' are selected in object 'Object Repository/FSM1/Create PMM Inspection/Registration - Inspection Details/Page_JClient/select_Routine'  using regular expression

2018-12-13 12:33:02 - [MESSAGE][PASSED] - All options with value 'Routine' are selected in object 'Object Repository/FSM1/Create PMM Inspection/Registration - Inspection Details/Page_JClient/select_Routine'  using regular expression

2018-12-13 12:33:02 - [TEST_STEP][PASSED] - click(findTestObject("Object Repository/FSM1/Create PMM Inspection/Registration - Inspection Details/Page_JClient/img_Inspector Signature_gwt-Im")): Object: 'Object Repository/FSM1/Create PMM Inspection/Registration - Inspection Details/Page_JClient/img_Inspector Signature_gwt-Im' is clicked on

2018-12-13 12:33:02 - [MESSAGE][PASSED] - Object: 'Object Repository/FSM1/Create PMM Inspection/Registration - Inspection Details/Page_JClient/img_Inspector Signature_gwt-Im' is clicked on

2018-12-13 12:33:02 - [TEST_STEP][PASSED] - click(findTestObject("FSM1/Complete PMM Inspection/Registration/Page_JClient/Inspector_Unable To Sign")): Object: 'Object Repository/FSM1/Complete PMM Inspection/Registration/Page_JClient/Inspector_Unable To Sign' is clicked on

2018-12-13 12:33:03 - [MESSAGE][PASSED] - Object: 'Object Repository/FSM1/Complete PMM Inspection/Registration/Page_JClient/Inspector_Unable To Sign' is clicked on

2018-12-13 12:33:03 - [TEST_STEP][PASSED] - delay(2): Delayed 2 second(s)

2018-12-13 12:33:05 - [MESSAGE][PASSED] - Delayed 2 second(s)

2018-12-13 12:33:05 - [TEST_STEP][PASSED] - click(findTestObject("Object Repository/FSM1/Create PMM Inspection/Registration - Inspection Details/Page_JClient/img_Person Seen Signature_gwt-")): Object: 'Object Repository/FSM1/Create PMM Inspection/Registration - Inspection Details/Page_JClient/img_Person Seen Signature_gwt-' is clicked on

2018-12-13 12:33:05 - [MESSAGE][PASSED] - Object: 'Object Repository/FSM1/Create PMM Inspection/Registration - Inspection Details/Page_JClient/img_Person Seen Signature_gwt-' is clicked on

2018-12-13 12:33:05 - [TEST_STEP][PASSED] - click(findTestObject("FSM1/Complete PMM Inspection/Registration/Page_JClient/Person_Unable To Sign")): Object: 'Object Repository/FSM1/Complete PMM Inspection/Registration/Page_JClient/Person_Unable To Sign' is clicked on

2018-12-13 12:33:06 - [MESSAGE][PASSED] - Object: 'Object Repository/FSM1/Complete PMM Inspection/Registration/Page_JClient/Person_Unable To Sign' is clicked on

2018-12-13 12:33:06 - [TEST_STEP][PASSED] - mydate = new java.util.Date(): null

2018-12-13 12:33:06 - [TEST_STEP][PASSED] - tomorrow = mydate.next(): null

2018-12-13 12:33:06 - [TEST_STEP][PASSED] - formattedDate = tomorrow.format("MM/dd/yyyy"): null

2018-12-13 12:33:06 - [TEST_STEP][PASSED] - sendKeys(findTestObject("FSM1/Complete PMM Inspection/Registration/Page_JClient/input_Next inspection due_GKH2"), formattedDate): Keys '12/14/2018' sent to object: 'Object Repository/FSM1/Complete PMM Inspection/Registration/Page_JClient/input_Next inspection due_GKH2'

2018-12-13 12:33:07 - [MESSAGE][PASSED] - Keys '12/14/2018' sent to object: 'Object Repository/FSM1/Complete PMM Inspection/Registration/Page_JClient/input_Next inspection due_GKH2'

2018-12-13 12:33:07 - [TEST_STEP][PASSED] - click(findTestObject("Object Repository/FSM1/Create PMM Inspection/Registration - Inspection Details/Page_JClient/div_Save")): Object: 'Object Repository/FSM1/Create PMM Inspection/Registration - Inspection Details/Page_JClient/div_Save' is clicked on

2018-12-13 12:33:07 - [MESSAGE][PASSED] - Object: 'Object Repository/FSM1/Create PMM Inspection/Registration - Inspection Details/Page_JClient/div_Save' is clicked on]]></system-out>
         <system-err><![CDATA[]]></system-err>
      </testcase>
      <testcase name="Test Cases/PMM/Compliance/Complete PMM Inspection - Complete" classname="Test Cases/PMM/Compliance/Complete PMM Inspection - Complete" status="PASSED">
         <system-out><![CDATA[2018-12-13 12:33:07 - [TEST_CASE][PASSED] - Test Cases/PMM/Compliance/Complete PMM Inspection - Complete: Test Cases/PMM/Compliance/Complete PMM Inspection - Complete

2018-12-13 12:33:07 - [TEST_STEP][PASSED] - delay(2): Delayed 2 second(s)

2018-12-13 12:33:09 - [MESSAGE][PASSED] - Delayed 2 second(s)

2018-12-13 12:33:09 - [TEST_STEP][PASSED] - click(findTestObject("Object Repository/FSM1/Complete ABP Inspection/Complete ABP01a Inspection/Page_JClient/div_STARTED (locked)")): Object: 'Object Repository/FSM1/Complete ABP Inspection/Complete ABP01a Inspection/Page_JClient/div_STARTED (locked)' is clicked on

2018-12-13 12:33:09 - [MESSAGE][PASSED] - Object: 'Object Repository/FSM1/Complete ABP Inspection/Complete ABP01a Inspection/Page_JClient/div_STARTED (locked)' is clicked on

2018-12-13 12:33:09 - [TEST_STEP][PASSED] - delay(2): Delayed 2 second(s)

2018-12-13 12:33:11 - [MESSAGE][PASSED] - Delayed 2 second(s)

2018-12-13 12:33:11 - [TEST_STEP][PASSED] - click(findTestObject("Object Repository/FSM1/Complete ABP Inspection/Complete ABP01a Inspection/Page_JClient/div_COMPLETED")): Object: 'Object Repository/FSM1/Complete ABP Inspection/Complete ABP01a Inspection/Page_JClient/div_COMPLETED' is clicked on

2018-12-13 12:33:11 - [MESSAGE][PASSED] - Object: 'Object Repository/FSM1/Complete ABP Inspection/Complete ABP01a Inspection/Page_JClient/div_COMPLETED' is clicked on

2018-12-13 12:33:11 - [TEST_STEP][PASSED] - selectOptionByValue(findTestObject("Object Repository/FSM1/Complete ABP Inspection/Complete ABP01a Inspection/Page_JClient/select_Yes"), "COMPLETED", true): All options with value 'COMPLETED' are selected in object 'Object Repository/FSM1/Complete ABP Inspection/Complete ABP01a Inspection/Page_JClient/select_Yes'  using regular expression

2018-12-13 12:33:12 - [MESSAGE][PASSED] - All options with value 'COMPLETED' are selected in object 'Object Repository/FSM1/Complete ABP Inspection/Complete ABP01a Inspection/Page_JClient/select_Yes'  using regular expression

2018-12-13 12:33:12 - [TEST_STEP][PASSED] - click(findTestObject("Object Repository/FSM1/Complete ABP Inspection/Complete ABP01a Inspection/Page_JClient/div_Save")): Object: 'Object Repository/FSM1/Complete ABP Inspection/Complete ABP01a Inspection/Page_JClient/div_Save' is clicked on

2018-12-13 12:33:12 - [MESSAGE][PASSED] - Object: 'Object Repository/FSM1/Complete ABP Inspection/Complete ABP01a Inspection/Page_JClient/div_Save' is clicked on

2018-12-13 12:33:12 - [TEST_STEP][PASSED] - delay(2): Delayed 2 second(s)

2018-12-13 12:33:14 - [MESSAGE][PASSED] - Delayed 2 second(s)

2018-12-13 12:33:14 - [TEST_STEP][PASSED] - click(findTestObject("FSM1/Complete PMM Inspection/Page_JClient/div_Ok")): Object: 'Object Repository/FSM1/Complete PMM Inspection/Page_JClient/div_Ok' is clicked on

2018-12-13 12:33:15 - [MESSAGE][PASSED] - Object: 'Object Repository/FSM1/Complete PMM Inspection/Page_JClient/div_Ok' is clicked on

2018-12-13 12:33:15 - [TEST_STEP][PASSED] - delay(30): Delayed 30 second(s)

2018-12-13 12:33:45 - [MESSAGE][PASSED] - Delayed 30 second(s)]]></system-out>
         <system-err><![CDATA[]]></system-err>
      </testcase>
      <testcase name="Test Cases/Generic/Launch Job Manager Control Centre - Check Result" classname="Test Cases/Generic/Launch Job Manager Control Centre - Check Result" status="PASSED">
         <system-out><![CDATA[2018-12-13 12:33:45 - [TEST_CASE][PASSED] - Test Cases/Generic/Launch Job Manager Control Centre - Check Result: Test Cases/Generic/Launch Job Manager Control Centre - Check Result

2018-12-13 12:33:45 - [TEST_STEP][PASSED] - openBrowser(""): Browser is opened with url: ''

2018-12-13 12:33:45 - [MESSAGE][WARNING] - A browser is already opened. Closing browser and opening a new one

2018-12-13 12:33:46 - [MESSAGE][INFO] - Starting 'Chrome' driver

2018-12-13 12:33:49 - [MESSAGE][PASSED] - Browser is opened with url: ''

2018-12-13 12:33:49 - [TEST_STEP][PASSED] - navigateToUrl(CCURL): Navigate to 'https://kirona-def-6.kirona.com/jmprep/login#!loginView' successfully

2018-12-13 12:33:50 - [MESSAGE][PASSED] - Navigate to 'https://kirona-def-6.kirona.com/jmprep/login#!loginView' successfully

2018-12-13 12:33:50 - [TEST_STEP][PASSED] - setText(findTestObject("FSM1/Control Centre/Page_Job Manager Login/input_gwt-uid-3"), Username): Text 'jon.hatfield' is set on object 'Object Repository/FSM1/Control Centre/Page_Job Manager Login/input_gwt-uid-3'

2018-12-13 12:33:51 - [MESSAGE][PASSED] - Text 'jon.hatfield' is set on object 'Object Repository/FSM1/Control Centre/Page_Job Manager Login/input_gwt-uid-3'

2018-12-13 12:33:51 - [TEST_STEP][PASSED] - setText(findTestObject("FSM1/Control Centre/Page_Job Manager Login/input_gwt-uid-5"), Password): Text 'Fr@nc1sJ0n' is set on object 'Object Repository/FSM1/Control Centre/Page_Job Manager Login/input_gwt-uid-5'

2018-12-13 12:33:52 - [MESSAGE][PASSED] - Text 'Fr@nc1sJ0n' is set on object 'Object Repository/FSM1/Control Centre/Page_Job Manager Login/input_gwt-uid-5'

2018-12-13 12:33:52 - [TEST_STEP][PASSED] - click(findTestObject("FSM1/PreProd/Page_Job Manager Login/div_Login")): Object: 'Object Repository/FSM1/PreProd/Page_Job Manager Login/div_Login' is clicked on

2018-12-13 12:33:52 - [MESSAGE][PASSED] - Object: 'Object Repository/FSM1/PreProd/Page_Job Manager Login/div_Login' is clicked on

2018-12-13 12:33:52 - [TEST_STEP][PASSED] - delay(15): Delayed 15 second(s)

2018-12-13 12:34:07 - [MESSAGE][PASSED] - Delayed 15 second(s)]]></system-out>
         <system-err><![CDATA[]]></system-err>
      </testcase>
      <testcase name="Test Cases/PMM/Registration/Control Centre - Check Results - PMM Registration" classname="Test Cases/PMM/Registration/Control Centre - Check Results - PMM Registration" status="PASSED">
         <system-out><![CDATA[2018-12-13 12:34:07 - [TEST_CASE][PASSED] - Test Cases/PMM/Registration/Control Centre - Check Results - PMM Registration: Test Cases/PMM/Registration/Control Centre - Check Results - PMM Registration

2018-12-13 12:34:07 - [TEST_STEP][PASSED] - log = new com.kms.katalon.core.logging.KeywordLogger(): null

2018-12-13 12:34:07 - [TEST_STEP][PASSED] - setText(findTestObject("Object Repository/FSM1/EMI Check Results/Page_JM Control Centre/input_Recents_v-textfield v-wi"), temp): Text '95985' is set on object 'Object Repository/FSM1/EMI Check Results/Page_JM Control Centre/input_Recents_v-textfield v-wi'

2018-12-13 12:34:07 - [MESSAGE][PASSED] - Text '95985' is set on object 'Object Repository/FSM1/EMI Check Results/Page_JM Control Centre/input_Recents_v-textfield v-wi'

2018-12-13 12:34:07 - [TEST_STEP][NOT_RUN] - setText(findTestObject("Object Repository/FSM1/EMI Check Results/Page_JM Control Centre/input_Recents_v-textfield v-wi"), "88292"): NOT_RUN: setText(findTestObject("Object Repository/FSM1/EMI Check Results/Page_JM Control Centre/input_Recents_v-textfield v-wi"), "88292")

2018-12-13 12:34:07 - [MESSAGE][NOT_RUN] - NOT_RUN: setText(findTestObject("Object Repository/FSM1/EMI Check Results/Page_JM Control Centre/input_Recents_v-textfield v-wi"), "88292")

2018-12-13 12:34:08 - [TEST_STEP][PASSED] - click(findTestObject("Object Repository/FSM1/EMI Check Results/Page_JM Control Centre/span_")): Object: 'Object Repository/FSM1/EMI Check Results/Page_JM Control Centre/span_' is clicked on

2018-12-13 12:34:08 - [MESSAGE][PASSED] - Object: 'Object Repository/FSM1/EMI Check Results/Page_JM Control Centre/span_' is clicked on

2018-12-13 12:34:08 - [TEST_STEP][PASSED] - waitForElementPresent(findTestObject("Object Repository/FSM1/EMI Check Results/Page_JM Control Centre/div_CLOSED"), 60): Object 'Object Repository/FSM1/EMI Check Results/Page_JM Control Centre/div_CLOSED' is present

2018-12-13 12:34:11 - [MESSAGE][PASSED] - Object 'Object Repository/FSM1/EMI Check Results/Page_JM Control Centre/div_CLOSED' is present

2018-12-13 12:34:11 - [TEST_STEP][PASSED] - delay(3): Delayed 3 second(s)

2018-12-13 12:34:14 - [MESSAGE][PASSED] - Delayed 3 second(s)

2018-12-13 12:34:14 - [TEST_STEP][PASSED] - verifyElementPresent(findTestObject("FSM1/Complete PMM Inspection/PMM Check Results/Page_JM Control Centre/div_Attachments_PMR03 - Registration"), 5): Object 'Object Repository/FSM1/Complete PMM Inspection/PMM Check Results/Page_JM Control Centre/div_Attachments_PMR03 - Registration' is present

2018-12-13 12:34:14 - [MESSAGE][PASSED] - Object 'Object Repository/FSM1/Complete PMM Inspection/PMM Check Results/Page_JM Control Centre/div_Attachments_PMR03 - Registration' is present]]></system-out>
         <system-err><![CDATA[]]></system-err>
      </testcase>
      <testcase name="Test Cases/ABP/Generic/Check Subsequent Inspection Exist" classname="Test Cases/ABP/Generic/Check Subsequent Inspection Exist" status="PASSED">
         <system-out><![CDATA[2018-12-13 12:34:14 - [TEST_CASE][PASSED] - Test Cases/ABP/Generic/Check Subsequent Inspection Exist: Test Cases/ABP/Generic/Check Subsequent Inspection Exist

2018-12-13 12:34:15 - [TEST_STEP][PASSED] - delay(2): Delayed 2 second(s)

2018-12-13 12:34:17 - [MESSAGE][PASSED] - Delayed 2 second(s)

2018-12-13 12:34:17 - [TEST_STEP][PASSED] - click(findTestObject("Object Repository/FSM1/Complete ABP Inspection/Check Subsequent Inspections/New/Page_JM Control Centre/div_")): Object: 'Object Repository/FSM1/Complete ABP Inspection/Check Subsequent Inspections/New/Page_JM Control Centre/div_' is clicked on

2018-12-13 12:34:17 - [MESSAGE][PASSED] - Object: 'Object Repository/FSM1/Complete ABP Inspection/Check Subsequent Inspections/New/Page_JM Control Centre/div_' is clicked on

2018-12-13 12:34:17 - [TEST_STEP][PASSED] - click(findTestObject("Object Repository/FSM1/Complete ABP Inspection/Check Subsequent Inspections/New/Page_JM Control Centre/span_List All Subordinate Jobs")): Object: 'Object Repository/FSM1/Complete ABP Inspection/Check Subsequent Inspections/New/Page_JM Control Centre/span_List All Subordinate Jobs' is clicked on

2018-12-13 12:34:17 - [MESSAGE][PASSED] - Object: 'Object Repository/FSM1/Complete ABP Inspection/Check Subsequent Inspections/New/Page_JM Control Centre/span_List All Subordinate Jobs' is clicked on

2018-12-13 12:34:17 - [TEST_STEP][PASSED] - delay(2): Delayed 2 second(s)

2018-12-13 12:34:19 - [MESSAGE][PASSED] - Delayed 2 second(s)

2018-12-13 12:34:19 - [TEST_STEP][PASSED] - verifyElementVisible(findTestObject("Object Repository/FSM1/Complete ABP Inspection/Check Subsequent Inspections/New/Page_JM Control Centre/div_2 found.")): Object 'Object Repository/FSM1/Complete ABP Inspection/Check Subsequent Inspections/New/Page_JM Control Centre/div_2 found.' is visible

2018-12-13 12:34:32 - [MESSAGE][PASSED] - Object 'Object Repository/FSM1/Complete ABP Inspection/Check Subsequent Inspections/New/Page_JM Control Centre/div_2 found.' is visible

2018-12-13 12:34:32 - [TEST_STEP][PASSED] - verifyElementNotPresent(findTestObject("JM_8918/New/Page_JM Control Centre/td_INVALID"), 2): Web element with id: 'Object Repository/JM_8918/New/Page_JM Control Centre/td_INVALID' located by 'By.xpath: //td[(text() = 'INVALID' or . = 'INVALID')]' is not present after '2' second(s)

2018-12-13 12:34:33 - [MESSAGE][PASSED] - Web element with id: 'Object Repository/JM_8918/New/Page_JM Control Centre/td_INVALID' located by 'By.xpath: //td[(text() = 'INVALID' or . = 'INVALID')]' is not present after '2' second(s)

2018-12-13 12:34:33 - [TEST_STEP][PASSED] - verifyElementNotPresent(findTestObject("JM_8918/New/Page_JM Control Centre/td_CREATING"), 2): Web element with id: 'Object Repository/JM_8918/New/Page_JM Control Centre/td_CREATING' located by 'By.xpath: //td[(text() = 'CREATING' or . = 'CREATING')]' is not present after '2' second(s)

2018-12-13 12:34:33 - [MESSAGE][PASSED] - Web element with id: 'Object Repository/JM_8918/New/Page_JM Control Centre/td_CREATING' located by 'By.xpath: //td[(text() = 'CREATING' or . = 'CREATING')]' is not present after '2' second(s)

2018-12-13 12:34:33 - [TEST_STEP][PASSED] - closeBrowser(): Browser is closed

2018-12-13 12:34:34 - [MESSAGE][PASSED] - Browser is closed]]></system-out>
         <system-err><![CDATA[]]></system-err>
      </testcase>
      <system-out><![CDATA[2018-12-13 12:26:07 - [TEST_SUITE][PASSED] - PMM Regression - Registration: Test Cases/ABP/Generic/Check Subsequent Inspection Exist]]></system-out>
      <system-err><![CDATA[]]></system-err>
   </testsuite>
</testsuites>
