<?xml version="1.0" encoding="UTF-8"?>
<testsuites name="Create New Inspection" time="53" tests="1" failures="1" errors="0">
   <testsuite name="Create New Inspection" tests="1" failures="1" errors="0" time="53" timestamp="2018-05-12 12:00:04" hostname="JHATFIELD - SNDFSMINFSRV001.defra.onmicrosoft.com" id="Test Suites/Create New Inspection">
      <properties>
         <property name="deviceName" value=""/>
         <property name="devicePlatform" value=""/>
         <property name="logFolder" value="C:\\Users\\JHATFIELD\\git\\DEFRA-FSM_Automated_Regression_NEW\\Reports\\Create New Inspection\\20180512_120001"/>
         <property name="logFiles" value="C:\\Users\\JHATFIELD\\git\\DEFRA-FSM_Automated_Regression_NEW\\Reports\\Create New Inspection\\20180512_120001\\execution0.log"/>
         <property name="attachments" value="C:\\Users\\JHATFIELD\\git\\DEFRA-FSM_Automated_Regression_NEW\\Reports\\Create New Inspection\\20180512_120001\\1526126456499.png"/>
         <property name="hostName" value="JHATFIELD - SNDFSMINFSRV001.defra.onmicrosoft.com"/>
         <property name="os" value="Windows NT (unknown) 64bit"/>
         <property name="katalonVersion" value="5.4.1.1"/>
         <property name="browser" value="Chrome 66.0.3359.139"/>
         <property name="hostAddress" value="10.201.1.17"/>
         <property name="sessionId" value="ed6148b4df9d38a38f4f90de855dd8bb"/>
         <property name="seleniumVersion" value="3.7.1"/>
         <property name="proxyInformation" value="ProxyInformation{proxyOption=NO_PROXY, proxyServerType=HTTP, password=, proxyServerAddress=, proxyServerPort=0}"/>
         <property name="platform" value="Windows NT (unknown)"/>
      </properties>
      <testcase name="Test Cases/Launch Job Manager Control Centre" classname="Test Cases/Launch Job Manager Control Centre" status="PASSED">
         <system-out><![CDATA[2018-05-12 12:00:05 - [TEST_CASE][PASSED] - Test Cases/Launch Job Manager Control Centre: Test Cases/Launch Job Manager Control Centre

2018-05-12 12:00:06 - [TEST_STEP][PASSED] - openBrowser: Browser is opened with url: ''

2018-05-12 12:00:10 - [MESSAGE][PASSED] - Browser is opened with url: ''

2018-05-12 12:00:10 - [TEST_STEP][PASSED] - navigateToUrl: Navigate to 'https://kirona-def-2.kirona.com/jmtest/login#!loginView' successfully

2018-05-12 12:00:12 - [MESSAGE][PASSED] - Navigate to 'https://kirona-def-2.kirona.com/jmtest/login#!loginView' successfully

2018-05-12 12:00:12 - [TEST_STEP][PASSED] - setText: Text 'jon.hatfield' is set on object 'Object Repository/FSM1/Control Centre/Page_Job Manager Login/input_gwt-uid-3'

2018-05-12 12:00:13 - [MESSAGE][PASSED] - Text 'jon.hatfield' is set on object 'Object Repository/FSM1/Control Centre/Page_Job Manager Login/input_gwt-uid-3'

2018-05-12 12:00:13 - [TEST_STEP][PASSED] - setText: Text 'Fr@nc1sJ0n' is set on object 'Object Repository/FSM1/Control Centre/Page_Job Manager Login/input_gwt-uid-5'

2018-05-12 12:00:14 - [MESSAGE][PASSED] - Text 'Fr@nc1sJ0n' is set on object 'Object Repository/FSM1/Control Centre/Page_Job Manager Login/input_gwt-uid-5'

2018-05-12 12:00:14 - [TEST_STEP][PASSED] - click: Object: 'Object Repository/FSM1/Control Centre/Page_Job Manager Login/Page_Job Manager Login/div_Login' is clicked on

2018-05-12 12:00:14 - [MESSAGE][PASSED] - Object: 'Object Repository/FSM1/Control Centre/Page_Job Manager Login/Page_Job Manager Login/div_Login' is clicked on

2018-05-12 12:00:14 - [TEST_STEP][PASSED] - delay: Delayed 10 second(s)

2018-05-12 12:00:24 - [MESSAGE][PASSED] - Delayed 10 second(s)]]></system-out>
         <system-err><![CDATA[]]></system-err>
      </testcase>
      <testcase name="Test Cases/Create New EMI Inspection" classname="Test Cases/Create New EMI Inspection" status="FAILED">
         <failure type="FAILED" message="Unable to click on object 'Object Repository/FSM1/Control Centre/Page_JM Control Centre/Page_JM Control Centre/Inspection Type' (Root cause: com.kms.katalon.core.webui.exception.WebElementNotFoundException: Web element with id: 'Object Repository/FSM1/Control Centre/Page_JM Control Centre/Page_JM Control Centre/iframe_vaadiniframe' located by 'By.xpath: //iframe[@id = 'vaadiniframe' and @src = 'https://kirona-def-2.kirona.com/jmtest/embedded?authToken=VUZJU1d5aWt5bjQ9IyNKT04uSEFURklFTEQjIzEjIzE1MjYxMjcxMDc3NDg=&amp;authFailUrl=#!EntryPointView/entity=JOB/entityValue=null/operation=CREATE/maxwidth=1037/maxheight=719/entityTypesSupported=JMASSET%2CJMJOB/returnTo=/refreshable=false']' not found)"/>
         <system-out><![CDATA[2018-05-12 12:00:24 - [TEST_CASE][FAILED] - Test Cases/Create New EMI Inspection: Test Cases/Create New EMI Inspection FAILED because (of) Unable to click on object 'Object Repository/FSM1/Control Centre/Page_JM Control Centre/Page_JM Control Centre/Inspection Type' (Root cause: com.kms.katalon.core.webui.exception.WebElementNotFoundException: Web element with id: 'Object Repository/FSM1/Control Centre/Page_JM Control Centre/Page_JM Control Centre/iframe_vaadiniframe' located by 'By.xpath: //iframe[@id = 'vaadiniframe' and @src = 'https://kirona-def-2.kirona.com/jmtest/embedded?authToken=VUZJU1d5aWt5bjQ9IyNKT04uSEFURklFTEQjIzEjIzE1MjYxMjcxMDc3NDg=&authFailUrl=#!EntryPointView/entity=JOB/entityValue=null/operation=CREATE/maxwidth=1037/maxheight=719/entityTypesSupported=JMASSET%2CJMJOB/returnTo=/refreshable=false']' not found)

2018-05-12 12:00:24 - [TEST_STEP][PASSED] - click: Object: 'Object Repository/FSM1/Control Centre/Page_JM Control Centre/div_Create' is clicked on

2018-05-12 12:00:25 - [MESSAGE][PASSED] - Object: 'Object Repository/FSM1/Control Centre/Page_JM Control Centre/div_Create' is clicked on

2018-05-12 12:00:25 - [TEST_STEP][NOT_RUN] - waitForElementPresent: NOT_RUN: waitForElementPresent

2018-05-12 12:00:25 - [MESSAGE][NOT_RUN] - NOT_RUN: waitForElementPresent

2018-05-12 12:00:25 - [TEST_STEP][FAILED] - click: Unable to click on object 'Object Repository/FSM1/Control Centre/Page_JM Control Centre/Page_JM Control Centre/Inspection Type' (Root cause: com.kms.katalon.core.webui.exception.WebElementNotFoundException: Web element with id: 'Object Repository/FSM1/Control Centre/Page_JM Control Centre/Page_JM Control Centre/iframe_vaadiniframe' located by 'By.xpath: //iframe[@id = 'vaadiniframe' and @src = 'https://kirona-def-2.kirona.com/jmtest/embedded?authToken=VUZJU1d5aWt5bjQ9IyNKT04uSEFURklFTEQjIzEjIzE1MjYxMjcxMDc3NDg=&authFailUrl=#!EntryPointView/entity=JOB/entityValue=null/operation=CREATE/maxwidth=1037/maxheight=719/entityTypesSupported=JMASSET%2CJMJOB/returnTo=/refreshable=false']' not found)

2018-05-12 12:00:57 - [MESSAGE][FAILED] - Unable to click on object 'Object Repository/FSM1/Control Centre/Page_JM Control Centre/Page_JM Control Centre/Inspection Type' (Root cause: com.kms.katalon.core.webui.exception.WebElementNotFoundException: Web element with id: 'Object Repository/FSM1/Control Centre/Page_JM Control Centre/Page_JM Control Centre/iframe_vaadiniframe' located by 'By.xpath: //iframe[@id = 'vaadiniframe' and @src = 'https://kirona-def-2.kirona.com/jmtest/embedded?authToken=VUZJU1d5aWt5bjQ9IyNKT04uSEFURklFTEQjIzEjIzE1MjYxMjcxMDc3NDg=&authFailUrl=#!EntryPointView/entity=JOB/entityValue=null/operation=CREATE/maxwidth=1037/maxheight=719/entityTypesSupported=JMASSET%2CJMJOB/returnTo=/refreshable=false']' not found)
[[ATTACHMENT|C:\\Users\\JHATFIELD\\git\\DEFRA-FSM_Automated_Regression_NEW\\Reports\\Create New Inspection\\20180512_120001\\1526126456499.png]]]]></system-out>
         <system-err><![CDATA[2018-05-12 12:00:24 - [TEST_CASE][FAILED] - Test Cases/Create New EMI Inspection: Test Cases/Create New EMI Inspection FAILED because (of) Unable to click on object 'Object Repository/FSM1/Control Centre/Page_JM Control Centre/Page_JM Control Centre/Inspection Type' (Root cause: com.kms.katalon.core.webui.exception.WebElementNotFoundException: Web element with id: 'Object Repository/FSM1/Control Centre/Page_JM Control Centre/Page_JM Control Centre/iframe_vaadiniframe' located by 'By.xpath: //iframe[@id = 'vaadiniframe' and @src = 'https://kirona-def-2.kirona.com/jmtest/embedded?authToken=VUZJU1d5aWt5bjQ9IyNKT04uSEFURklFTEQjIzEjIzE1MjYxMjcxMDc3NDg=&authFailUrl=#!EntryPointView/entity=JOB/entityValue=null/operation=CREATE/maxwidth=1037/maxheight=719/entityTypesSupported=JMASSET%2CJMJOB/returnTo=/refreshable=false']' not found)]]></system-err>
      </testcase>
      <system-out><![CDATA[2018-05-12 12:00:04 - [TEST_SUITE][FAILED] - Create New Inspection: Test Cases/Create New EMI Inspection FAILED because (of) Unable to click on object 'Object Repository/FSM1/Control Centre/Page_JM Control Centre/Page_JM Control Centre/Inspection Type' (Root cause: com.kms.katalon.core.webui.exception.WebElementNotFoundException: Web element with id: 'Object Repository/FSM1/Control Centre/Page_JM Control Centre/Page_JM Control Centre/iframe_vaadiniframe' located by 'By.xpath: //iframe[@id = 'vaadiniframe' and @src = 'https://kirona-def-2.kirona.com/jmtest/embedded?authToken=VUZJU1d5aWt5bjQ9IyNKT04uSEFURklFTEQjIzEjIzE1MjYxMjcxMDc3NDg=&authFailUrl=#!EntryPointView/entity=JOB/entityValue=null/operation=CREATE/maxwidth=1037/maxheight=719/entityTypesSupported=JMASSET%2CJMJOB/returnTo=/refreshable=false']' not found)]]></system-out>
      <system-err><![CDATA[2018-05-12 12:00:04 - [TEST_SUITE][FAILED] - Create New Inspection: Test Cases/Create New EMI Inspection FAILED because (of) Unable to click on object 'Object Repository/FSM1/Control Centre/Page_JM Control Centre/Page_JM Control Centre/Inspection Type' (Root cause: com.kms.katalon.core.webui.exception.WebElementNotFoundException: Web element with id: 'Object Repository/FSM1/Control Centre/Page_JM Control Centre/Page_JM Control Centre/iframe_vaadiniframe' located by 'By.xpath: //iframe[@id = 'vaadiniframe' and @src = 'https://kirona-def-2.kirona.com/jmtest/embedded?authToken=VUZJU1d5aWt5bjQ9IyNKT04uSEFURklFTEQjIzEjIzE1MjYxMjcxMDc3NDg=&authFailUrl=#!EntryPointView/entity=JOB/entityValue=null/operation=CREATE/maxwidth=1037/maxheight=719/entityTypesSupported=JMASSET%2CJMJOB/returnTo=/refreshable=false']' not found)]]></system-err>
   </testsuite>
</testsuites>
