<?xml version="1.0" encoding="UTF-8"?>
<testsuites name="NCP Regression - Breeding Turkeys" time="387" tests="11" failures="0" errors="0">
   <testsuite name="NCP Regression - Breeding Turkeys" tests="11" failures="0" errors="0" time="387" timestamp="2019-01-26 13:19:44" hostname="JHATFIELD - SNDFSMINFSRV001.defra.onmicrosoft.com" id="Test Suites/NCP/NCP Regression - Breeding Turkeys">
      <properties>
         <property name="deviceName" value=""/>
         <property name="devicePlatform" value=""/>
         <property name="logFolder" value="C:\\Users\\JHATFIELD\\Documents\\Katalon\\JM 8.9\\FSM\\DEFRA-FSM_Automated_Regression\\Reports\\NCP\\NCP Regression - Breeding Turkeys\\20190126_092414"/>
         <property name="logFiles" value="C:\\Users\\JHATFIELD\\Documents\\Katalon\\JM 8.9\\FSM\\DEFRA-FSM_Automated_Regression\\Reports\\NCP\\NCP Regression - Breeding Turkeys\\20190126_092414\\execution0.log"/>
         <property name="attachments" value=""/>
         <property name="hostName" value="JHATFIELD - SNDFSMINFSRV001.defra.onmicrosoft.com"/>
         <property name="os" value="Windows Server 2016 64bit"/>
         <property name="katalonVersion" value="5.9.1.2"/>
         <property name="browser" value="Chrome 71.0.3578.98"/>
         <property name="hostAddress" value="10.201.1.17"/>
         <property name="sessionId" value="f982fd845051daa2c66c1c48768619fb"/>
         <property name="seleniumVersion" value="3.7.1"/>
         <property name="proxyInformation" value="ProxyInformation{proxyOption=NO_PROXY, proxyServerType=HTTP, password=, proxyServerAddress=, proxyServerPort=0}"/>
         <property name="platform" value="Windows Server 2016"/>
      </properties>
      <testcase name="Test Cases/Generic/Launch Job Manager Control Centre" classname="Test Cases/Generic/Launch Job Manager Control Centre" status="PASSED">
         <system-out><![CDATA[2019-01-26 13:19:44 - [TEST_CASE][PASSED] - Test Cases/Generic/Launch Job Manager Control Centre: Test Cases/Generic/Launch Job Manager Control Centre

2019-01-26 13:19:45 - [TEST_STEP][PASSED] - openBrowser(""): Browser is opened with url: ''

2019-01-26 13:19:46 - [MESSAGE][INFO] - Starting 'Chrome' driver

2019-01-26 13:19:46 - [MESSAGE][INFO] - Action delay is set to 0 seconds

2019-01-26 13:19:51 - [MESSAGE][PASSED] - Browser is opened with url: ''

2019-01-26 13:19:51 - [TEST_STEP][PASSED] - navigateToUrl(CCURL): Navigate to 'https://kirona-def-6.kirona.com/jmprep/login#!loginView' successfully

2019-01-26 13:19:52 - [MESSAGE][PASSED] - Navigate to 'https://kirona-def-6.kirona.com/jmprep/login#!loginView' successfully

2019-01-26 13:19:52 - [TEST_STEP][PASSED] - setText(findTestObject("FSM1/Control Centre/Page_Job Manager Login/input_gwt-uid-3"), Username): Text 'jon.hatfield' is set on object 'Object Repository/FSM1/Control Centre/Page_Job Manager Login/input_gwt-uid-3'

2019-01-26 13:19:54 - [MESSAGE][PASSED] - Text 'jon.hatfield' is set on object 'Object Repository/FSM1/Control Centre/Page_Job Manager Login/input_gwt-uid-3'

2019-01-26 13:19:54 - [TEST_STEP][PASSED] - setText(findTestObject("FSM1/Control Centre/Page_Job Manager Login/input_gwt-uid-5"), Password): Text 'Fr@nc1sJ0n' is set on object 'Object Repository/FSM1/Control Centre/Page_Job Manager Login/input_gwt-uid-5'

2019-01-26 13:19:54 - [MESSAGE][PASSED] - Text 'Fr@nc1sJ0n' is set on object 'Object Repository/FSM1/Control Centre/Page_Job Manager Login/input_gwt-uid-5'

2019-01-26 13:19:54 - [TEST_STEP][PASSED] - delay(2): Delayed 2 second(s)

2019-01-26 13:19:56 - [MESSAGE][PASSED] - Delayed 2 second(s)

2019-01-26 13:19:56 - [TEST_STEP][PASSED] - click(findTestObject("FSM1/PreProd/Page_Job Manager Login/div_Login")): Object: 'Object Repository/FSM1/PreProd/Page_Job Manager Login/div_Login' is clicked on

2019-01-26 13:19:56 - [MESSAGE][PASSED] - Object: 'Object Repository/FSM1/PreProd/Page_Job Manager Login/div_Login' is clicked on

2019-01-26 13:19:56 - [TEST_STEP][PASSED] - delay(5): Delayed 5 second(s)

2019-01-26 13:20:01 - [MESSAGE][PASSED] - Delayed 5 second(s)]]></system-out>
         <system-err><![CDATA[]]></system-err>
      </testcase>
      <testcase name="Test Cases/NCP/Generic/Create NCP Inspection - Manual Assignment" classname="Test Cases/NCP/Generic/Create NCP Inspection - Manual Assignment" status="PASSED">
         <system-out><![CDATA[2019-01-26 13:20:01 - [TEST_CASE][PASSED] - Test Cases/NCP/Generic/Create NCP Inspection - Manual Assignment: Test Cases/NCP/Generic/Create NCP Inspection - Manual Assignment

2019-01-26 13:20:02 - [TEST_STEP][PASSED] - log = new com.kms.katalon.core.logging.KeywordLogger(): null

2019-01-26 13:20:02 - [TEST_STEP][PASSED] - waitForElementClickable(findTestObject("FSM1/NCP/Create Inspection/Page_JM Control Centre/div_Create"), 60): Object 'Object Repository/FSM1/NCP/Create Inspection/Page_JM Control Centre/div_Create' is clickable

2019-01-26 13:20:11 - [MESSAGE][PASSED] - Object 'Object Repository/FSM1/NCP/Create Inspection/Page_JM Control Centre/div_Create' is clickable

2019-01-26 13:20:11 - [TEST_STEP][PASSED] - delay(3): Delayed 3 second(s)

2019-01-26 13:20:14 - [MESSAGE][PASSED] - Delayed 3 second(s)

2019-01-26 13:20:14 - [TEST_STEP][PASSED] - click(findTestObject("Object Repository/FSM1/NCP/Create Inspection/Page_JM Control Centre/div_Create")): Object: 'Object Repository/FSM1/NCP/Create Inspection/Page_JM Control Centre/div_Create' is clicked on

2019-01-26 13:20:14 - [MESSAGE][PASSED] - Object: 'Object Repository/FSM1/NCP/Create Inspection/Page_JM Control Centre/div_Create' is clicked on

2019-01-26 13:20:14 - [TEST_STEP][PASSED] - setText(findTestObject("Object Repository/FSM1/NCP/Create Inspection/Page_JM Control Centre/input_Type_gwt-uid-8"), "cso01 - ncp salmonella"): Text 'cso01 - ncp salmonella' is set on object 'Object Repository/FSM1/NCP/Create Inspection/Page_JM Control Centre/input_Type_gwt-uid-8'

2019-01-26 13:20:18 - [MESSAGE][PASSED] - Text 'cso01 - ncp salmonella' is set on object 'Object Repository/FSM1/NCP/Create Inspection/Page_JM Control Centre/input_Type_gwt-uid-8'

2019-01-26 13:20:18 - [TEST_STEP][PASSED] - click(findTestObject("Object Repository/FSM1/NCP/Create Inspection/Page_JM Control Centre/span_CSO01 - NCP Salmonella")): Object: 'Object Repository/FSM1/NCP/Create Inspection/Page_JM Control Centre/span_CSO01 - NCP Salmonella' is clicked on

2019-01-26 13:20:19 - [MESSAGE][PASSED] - Object: 'Object Repository/FSM1/NCP/Create Inspection/Page_JM Control Centre/span_CSO01 - NCP Salmonella' is clicked on

2019-01-26 13:20:19 - [TEST_STEP][NOT_RUN] - setText(findTestObject("Object Repository/FSM1/NCP/Create Inspection/Page_JM Control Centre/input_Type_gwt-uid-8"), "CSO01 - NCP Salmonella"): NOT_RUN: setText(findTestObject("Object Repository/FSM1/NCP/Create Inspection/Page_JM Control Centre/input_Type_gwt-uid-8"), "CSO01 - NCP Salmonella")

2019-01-26 13:20:19 - [MESSAGE][NOT_RUN] - NOT_RUN: setText(findTestObject("Object Repository/FSM1/NCP/Create Inspection/Page_JM Control Centre/input_Type_gwt-uid-8"), "CSO01 - NCP Salmonella")

2019-01-26 13:20:19 - [TEST_STEP][PASSED] - click(findTestObject("Object Repository/FSM1/NCP/Create Inspection/Page_JM Control Centre/div_SLA_v-filterselect-button")): Object: 'Object Repository/FSM1/NCP/Create Inspection/Page_JM Control Centre/div_SLA_v-filterselect-button' is clicked on

2019-01-26 13:20:22 - [MESSAGE][PASSED] - Object: 'Object Repository/FSM1/NCP/Create Inspection/Page_JM Control Centre/div_SLA_v-filterselect-button' is clicked on

2019-01-26 13:20:22 - [TEST_STEP][PASSED] - click(findTestObject("Object Repository/FSM1/NCP/Create Inspection/Page_JM Control Centre/td_24 Hours")): Object: 'Object Repository/FSM1/NCP/Create Inspection/Page_JM Control Centre/td_24 Hours' is clicked on

2019-01-26 13:20:22 - [MESSAGE][PASSED] - Object: 'Object Repository/FSM1/NCP/Create Inspection/Page_JM Control Centre/td_24 Hours' is clicked on

2019-01-26 13:20:22 - [TEST_STEP][PASSED] - click(findTestObject("Object Repository/FSM1/NCP/Create Inspection/Page_JM Control Centre/div_Flock Type_v-filterselect-")): Object: 'Object Repository/FSM1/NCP/Create Inspection/Page_JM Control Centre/div_Flock Type_v-filterselect-' is clicked on

2019-01-26 13:20:23 - [MESSAGE][PASSED] - Object: 'Object Repository/FSM1/NCP/Create Inspection/Page_JM Control Centre/div_Flock Type_v-filterselect-' is clicked on

2019-01-26 13:20:23 - [TEST_STEP][PASSED] - FlockType = modifyObjectProperty(findTestObject("Object Repository/FSM1/NCP/Create Inspection/Page_JM Control Centre/span_Breeding Chickens"), "text", "equals", FlockType, true): Modify property of object successfully

2019-01-26 13:20:23 - [MESSAGE][PASSED] - Modify property of object successfully

2019-01-26 13:20:23 - [TEST_STEP][PASSED] - click(FlockType, STOP_ON_FAILURE): Object: 'Object Repository/FSM1/NCP/Create Inspection/Page_JM Control Centre/span_Breeding Chickens' is clicked on

2019-01-26 13:20:23 - [MESSAGE][PASSED] - Object: 'Object Repository/FSM1/NCP/Create Inspection/Page_JM Control Centre/span_Breeding Chickens' is clicked on

2019-01-26 13:20:23 - [TEST_STEP][NOT_RUN] - click(findTestObject("Object Repository/FSM1/NCP/Create Inspection/Page_JM Control Centre/span_Breeding Chickens")): NOT_RUN: click(findTestObject("Object Repository/FSM1/NCP/Create Inspection/Page_JM Control Centre/span_Breeding Chickens"))

2019-01-26 13:20:23 - [MESSAGE][NOT_RUN] - NOT_RUN: click(findTestObject("Object Repository/FSM1/NCP/Create Inspection/Page_JM Control Centre/span_Breeding Chickens"))

2019-01-26 13:20:23 - [TEST_STEP][PASSED] - click(findTestObject("Object Repository/FSM1/NCP/Create Inspection/Page_JM Control Centre/div_Region_v-filterselect-butt")): Object: 'Object Repository/FSM1/NCP/Create Inspection/Page_JM Control Centre/div_Region_v-filterselect-butt' is clicked on

2019-01-26 13:20:24 - [MESSAGE][PASSED] - Object: 'Object Repository/FSM1/NCP/Create Inspection/Page_JM Control Centre/div_Region_v-filterselect-butt' is clicked on

2019-01-26 13:20:24 - [TEST_STEP][PASSED] - click(findTestObject("Object Repository/FSM1/NCP/Create Inspection/Page_JM Control Centre/span_West")): Object: 'Object Repository/FSM1/NCP/Create Inspection/Page_JM Control Centre/span_West' is clicked on

2019-01-26 13:20:24 - [MESSAGE][PASSED] - Object: 'Object Repository/FSM1/NCP/Create Inspection/Page_JM Control Centre/span_West' is clicked on

2019-01-26 13:20:24 - [TEST_STEP][PASSED] - setText(findTestObject("Object Repository/FSM1/NCP/Create Inspection/Page_JM Control Centre/input_Customer ID_gwt-uid-34"), RandomStringUtils.randomNumeric(5)): Text '93523' is set on object 'Object Repository/FSM1/NCP/Create Inspection/Page_JM Control Centre/input_Customer ID_gwt-uid-34'

2019-01-26 13:20:25 - [MESSAGE][PASSED] - Text '93523' is set on object 'Object Repository/FSM1/NCP/Create Inspection/Page_JM Control Centre/input_Customer ID_gwt-uid-34'

2019-01-26 13:20:25 - [TEST_STEP][PASSED] - setText(findTestObject("Object Repository/FSM1/NCP/Create Inspection/Page_JM Control Centre/input_Customer Name_gwt-uid-36"), "Test Automation"): Text 'Test Automation' is set on object 'Object Repository/FSM1/NCP/Create Inspection/Page_JM Control Centre/input_Customer Name_gwt-uid-36'

2019-01-26 13:20:25 - [MESSAGE][PASSED] - Text 'Test Automation' is set on object 'Object Repository/FSM1/NCP/Create Inspection/Page_JM Control Centre/input_Customer Name_gwt-uid-36'

2019-01-26 13:20:25 - [TEST_STEP][PASSED] - setText(findTestObject("Object Repository/FSM1/NCP/Create Inspection/Page_JM Control Centre/input_Customer Phone_gwt-uid-3"), "07824487657"): Text '07824487657' is set on object 'Object Repository/FSM1/NCP/Create Inspection/Page_JM Control Centre/input_Customer Phone_gwt-uid-3'

2019-01-26 13:20:25 - [MESSAGE][PASSED] - Text '07824487657' is set on object 'Object Repository/FSM1/NCP/Create Inspection/Page_JM Control Centre/input_Customer Phone_gwt-uid-3'

2019-01-26 13:20:26 - [TEST_STEP][PASSED] - setText(findTestObject("Object Repository/FSM1/NCP/Create Inspection/Page_JM Control Centre/input_Customer email_gwt-uid-4"), "test@automation.com"): Text 'test@automation.com' is set on object 'Object Repository/FSM1/NCP/Create Inspection/Page_JM Control Centre/input_Customer email_gwt-uid-4'

2019-01-26 13:20:26 - [MESSAGE][PASSED] - Text 'test@automation.com' is set on object 'Object Repository/FSM1/NCP/Create Inspection/Page_JM Control Centre/input_Customer email_gwt-uid-4'

2019-01-26 13:20:26 - [TEST_STEP][PASSED] - setText(findTestObject("Object Repository/FSM1/NCP/Create Inspection/Page_JM Control Centre/input_Name_gwt-uid-42"), "Test Automation Reg"): Text 'Test Automation Reg' is set on object 'Object Repository/FSM1/NCP/Create Inspection/Page_JM Control Centre/input_Name_gwt-uid-42'

2019-01-26 13:20:27 - [MESSAGE][PASSED] - Text 'Test Automation Reg' is set on object 'Object Repository/FSM1/NCP/Create Inspection/Page_JM Control Centre/input_Name_gwt-uid-42'

2019-01-26 13:20:27 - [TEST_STEP][PASSED] - setText(findTestObject("Object Repository/FSM1/NCP/Create Inspection/Page_JM Control Centre/input_Phone_gwt-uid-44"), "017877645322"): Text '017877645322' is set on object 'Object Repository/FSM1/NCP/Create Inspection/Page_JM Control Centre/input_Phone_gwt-uid-44'

2019-01-26 13:20:27 - [MESSAGE][PASSED] - Text '017877645322' is set on object 'Object Repository/FSM1/NCP/Create Inspection/Page_JM Control Centre/input_Phone_gwt-uid-44'

2019-01-26 13:20:27 - [TEST_STEP][PASSED] - setText(findTestObject("Object Repository/FSM1/NCP/Create Inspection/Page_JM Control Centre/input_CPHRegistration Number_g"), "11/222/3333"): Text '11/222/3333' is set on object 'Object Repository/FSM1/NCP/Create Inspection/Page_JM Control Centre/input_CPHRegistration Number_g'

2019-01-26 13:20:28 - [MESSAGE][PASSED] - Text '11/222/3333' is set on object 'Object Repository/FSM1/NCP/Create Inspection/Page_JM Control Centre/input_CPHRegistration Number_g'

2019-01-26 13:20:28 - [TEST_STEP][PASSED] - setText(findTestObject("Object Repository/FSM1/NCP/Create Inspection/Page_JM Control Centre/input_Survey Ref_gwt-uid-48"), RandomStringUtils.randomNumeric(5)): Text '46089' is set on object 'Object Repository/FSM1/NCP/Create Inspection/Page_JM Control Centre/input_Survey Ref_gwt-uid-48'

2019-01-26 13:20:28 - [MESSAGE][PASSED] - Text '46089' is set on object 'Object Repository/FSM1/NCP/Create Inspection/Page_JM Control Centre/input_Survey Ref_gwt-uid-48'

2019-01-26 13:20:28 - [TEST_STEP][PASSED] - click(findTestObject("Object Repository/FSM1/Create ABP Inspection Manual Ass/Page_JM Control Centre/Page_JM Control Centre/Page_JM Control Centre/span_")): Object: 'Object Repository/FSM1/Create ABP Inspection Manual Ass/Page_JM Control Centre/Page_JM Control Centre/Page_JM Control Centre/span_' is clicked on

2019-01-26 13:20:28 - [MESSAGE][PASSED] - Object: 'Object Repository/FSM1/Create ABP Inspection Manual Ass/Page_JM Control Centre/Page_JM Control Centre/Page_JM Control Centre/span_' is clicked on

2019-01-26 13:20:28 - [TEST_STEP][PASSED] - click(findTestObject("FSM1/Control Centre/Create EMI Inspection/Address Search/Page_JM Control Centre/Postcode Search")): Object: 'Object Repository/FSM1/Control Centre/Create EMI Inspection/Address Search/Page_JM Control Centre/Postcode Search' is clicked on

2019-01-26 13:20:30 - [MESSAGE][PASSED] - Object: 'Object Repository/FSM1/Control Centre/Create EMI Inspection/Address Search/Page_JM Control Centre/Postcode Search' is clicked on

2019-01-26 13:20:30 - [TEST_STEP][PASSED] - setText(findTestObject("FSM1/PreProd/Page_JM Control Centre/PostcodeSearch"), findTestData("Pre Production/ABP/ABP Inspection Data 01a").getValue(2, 1)): Text 'WR5 2NQ' is set on object 'Object Repository/FSM1/PreProd/Page_JM Control Centre/PostcodeSearch'

2019-01-26 13:20:31 - [MESSAGE][PASSED] - Text 'WR5 2NQ' is set on object 'Object Repository/FSM1/PreProd/Page_JM Control Centre/PostcodeSearch'

2019-01-26 13:20:31 - [TEST_STEP][PASSED] - doubleClick(findTestObject("JM_8918/Page_JM Control Centre/div_Search")): Object: 'Object Repository/JM_8918/Page_JM Control Centre/div_Search' is double clicked on

2019-01-26 13:20:32 - [MESSAGE][PASSED] - Object: 'Object Repository/JM_8918/Page_JM Control Centre/div_Search' is double clicked on

2019-01-26 13:20:32 - [TEST_STEP][PASSED] - FullAddress = modifyObjectProperty(findTestObject("Object Repository/FSM1/Create ABP Inspection Manual Ass/Page_JM Control Centre/Page_JM Control Centre/Page_JM Control Centre/Address"), "text", "equals", findTestData("Pre Production/ABP/ABP Inspection Data 01a").getValue(3, 1), true): Modify property of object successfully

2019-01-26 13:20:32 - [MESSAGE][PASSED] - Modify property of object successfully

2019-01-26 13:20:32 - [TEST_STEP][PASSED] - click(FullAddress, STOP_ON_FAILURE): Object: 'Object Repository/FSM1/Create ABP Inspection Manual Ass/Page_JM Control Centre/Page_JM Control Centre/Page_JM Control Centre/Address' is clicked on

2019-01-26 13:20:33 - [MESSAGE][PASSED] - Object: 'Object Repository/FSM1/Create ABP Inspection Manual Ass/Page_JM Control Centre/Page_JM Control Centre/Page_JM Control Centre/Address' is clicked on

2019-01-26 13:20:33 - [TEST_STEP][PASSED] - click(findTestObject("FSM1/Control Centre/Create EMI Inspection/Create Address/Page_JM Control Centre (2)/div_Add Selected Item")): Object: 'Object Repository/FSM1/Control Centre/Create EMI Inspection/Create Address/Page_JM Control Centre (2)/div_Add Selected Item' is clicked on

2019-01-26 13:20:33 - [MESSAGE][PASSED] - Object: 'Object Repository/FSM1/Control Centre/Create EMI Inspection/Create Address/Page_JM Control Centre (2)/div_Add Selected Item' is clicked on

2019-01-26 13:20:33 - [TEST_STEP][PASSED] - delay(3): Delayed 3 second(s)

2019-01-26 13:20:36 - [MESSAGE][PASSED] - Delayed 3 second(s)

2019-01-26 13:20:36 - [TEST_STEP][PASSED] - click(findTestObject("FSM1/Control Centre/Create EMI Inspection/Finish/Page_JM Control Centre (3)/div_Create")): Object: 'Object Repository/FSM1/Control Centre/Create EMI Inspection/Finish/Page_JM Control Centre (3)/div_Create' is clicked on

2019-01-26 13:20:37 - [MESSAGE][PASSED] - Object: 'Object Repository/FSM1/Control Centre/Create EMI Inspection/Finish/Page_JM Control Centre (3)/div_Create' is clicked on

2019-01-26 13:20:37 - [TEST_STEP][PASSED] - waitForElementPresent(findTestObject("Object Repository/FSM1/Create ABP Inspection Manual Ass/Page_JM Control Centre/Page_JM Control Centre/Page_JM Control Centre/div_APPROVED"), 120, STOP_ON_FAILURE): Object 'Object Repository/FSM1/Create ABP Inspection Manual Ass/Page_JM Control Centre/Page_JM Control Centre/Page_JM Control Centre/div_APPROVED' is present

2019-01-26 13:20:40 - [MESSAGE][PASSED] - Object 'Object Repository/FSM1/Create ABP Inspection Manual Ass/Page_JM Control Centre/Page_JM Control Centre/Page_JM Control Centre/div_APPROVED' is present

2019-01-26 13:20:40 - [TEST_STEP][PASSED] - delay(2): Delayed 2 second(s)

2019-01-26 13:20:42 - [MESSAGE][PASSED] - Delayed 2 second(s)

2019-01-26 13:20:42 - [TEST_STEP][PASSED] - click(findTestObject("Object Repository/FSM1/Create ABP Inspection Manual Ass/Page_JM Control Centre/Page_JM Control Centre/Page_JM Control Centre/span_Schedule")): Object: 'Object Repository/FSM1/Create ABP Inspection Manual Ass/Page_JM Control Centre/Page_JM Control Centre/Page_JM Control Centre/span_Schedule' is clicked on

2019-01-26 13:20:42 - [MESSAGE][PASSED] - Object: 'Object Repository/FSM1/Create ABP Inspection Manual Ass/Page_JM Control Centre/Page_JM Control Centre/Page_JM Control Centre/span_Schedule' is clicked on

2019-01-26 13:20:42 - [TEST_STEP][PASSED] - click(findTestObject("Object Repository/JM_8918/New/Page_JM Control Centre/Page_JM Control Centre/label_Manually Allocate as an")): Object: 'Object Repository/JM_8918/New/Page_JM Control Centre/Page_JM Control Centre/label_Manually Allocate as an' is clicked on

2019-01-26 13:20:46 - [MESSAGE][PASSED] - Object: 'Object Repository/JM_8918/New/Page_JM Control Centre/Page_JM Control Centre/label_Manually Allocate as an' is clicked on

2019-01-26 13:20:46 - [TEST_STEP][PASSED] - click(findTestObject("Object Repository/JM_8918/New/Page_JM Control Centre/Page_JM Control Centre/div_Owner_v-filterselect-butto")): Object: 'Object Repository/JM_8918/New/Page_JM Control Centre/Page_JM Control Centre/div_Owner_v-filterselect-butto' is clicked on

2019-01-26 13:20:47 - [MESSAGE][PASSED] - Object: 'Object Repository/JM_8918/New/Page_JM Control Centre/Page_JM Control Centre/div_Owner_v-filterselect-butto' is clicked on

2019-01-26 13:20:47 - [TEST_STEP][PASSED] - setText(findTestObject("Object Repository/JM_8918/New/Page_JM Control Centre/Page_JM Control Centre/input_Owner_gwt-uid-304"), "test"): Text 'test' is set on object 'Object Repository/JM_8918/New/Page_JM Control Centre/Page_JM Control Centre/input_Owner_gwt-uid-304'

2019-01-26 13:20:49 - [MESSAGE][PASSED] - Text 'test' is set on object 'Object Repository/JM_8918/New/Page_JM Control Centre/Page_JM Control Centre/input_Owner_gwt-uid-304'

2019-01-26 13:20:50 - [TEST_STEP][PASSED] - delay(2): Delayed 2 second(s)

2019-01-26 13:20:52 - [MESSAGE][PASSED] - Delayed 2 second(s)

2019-01-26 13:20:52 - [TEST_STEP][PASSED] - click(findTestObject("Object Repository/JM_8918/New/Page_JM Control Centre/Page_JM Control Centre/span_Test Inspector")): Object: 'Object Repository/JM_8918/New/Page_JM Control Centre/Page_JM Control Centre/span_Test Inspector' is clicked on

2019-01-26 13:20:52 - [MESSAGE][PASSED] - Object: 'Object Repository/JM_8918/New/Page_JM Control Centre/Page_JM Control Centre/span_Test Inspector' is clicked on

2019-01-26 13:20:52 - [TEST_STEP][PASSED] - delay(2): Delayed 2 second(s)

2019-01-26 13:20:54 - [MESSAGE][PASSED] - Delayed 2 second(s)

2019-01-26 13:20:54 - [TEST_STEP][NOT_RUN] - setText(findTestObject("Object Repository/FSM1/Create ABP Inspection Manual Ass/Page_JM Control Centre/Page_JM Control Centre/Page_JM Control Centre/input_Owner_gwt-uid-311"), "Test Inspector"): NOT_RUN: setText(findTestObject("Object Repository/FSM1/Create ABP Inspection Manual Ass/Page_JM Control Centre/Page_JM Control Centre/Page_JM Control Centre/input_Owner_gwt-uid-311"), "Test Inspector")

2019-01-26 13:20:54 - [MESSAGE][NOT_RUN] - NOT_RUN: setText(findTestObject("Object Repository/FSM1/Create ABP Inspection Manual Ass/Page_JM Control Centre/Page_JM Control Centre/Page_JM Control Centre/input_Owner_gwt-uid-311"), "Test Inspector")

2019-01-26 13:20:54 - [TEST_STEP][NOT_RUN] - mydate = new java.util.Date(): NOT_RUN: mydate = new java.util.Date()

2019-01-26 13:20:54 - [MESSAGE][NOT_RUN] - NOT_RUN: mydate = new java.util.Date()

2019-01-26 13:20:54 - [TEST_STEP][NOT_RUN] - tomorrow = mydate.next(): NOT_RUN: tomorrow = mydate.next()

2019-01-26 13:20:54 - [MESSAGE][NOT_RUN] - NOT_RUN: tomorrow = mydate.next()

2019-01-26 13:20:54 - [TEST_STEP][NOT_RUN] - formattedDate = tomorrow.format("dd-MMM-yyyy"): NOT_RUN: formattedDate = tomorrow.format("dd-MMM-yyyy")

2019-01-26 13:20:54 - [MESSAGE][NOT_RUN] - NOT_RUN: formattedDate = tomorrow.format("dd-MMM-yyyy")

2019-01-26 13:20:54 - [TEST_STEP][NOT_RUN] - setText(findTestObject("Object Repository/FSM1/Create ABP Inspection Manual Ass/Page_JM Control Centre/Page_JM Control Centre/Page_JM Control Centre/input_From date_gwt-uid-504 (10)"), formattedDate): NOT_RUN: setText(findTestObject("Object Repository/FSM1/Create ABP Inspection Manual Ass/Page_JM Control Centre/Page_JM Control Centre/Page_JM Control Centre/input_From date_gwt-uid-504 (10)"), formattedDate)

2019-01-26 13:20:54 - [MESSAGE][NOT_RUN] - NOT_RUN: setText(findTestObject("Object Repository/FSM1/Create ABP Inspection Manual Ass/Page_JM Control Centre/Page_JM Control Centre/Page_JM Control Centre/input_From date_gwt-uid-504 (10)"), formattedDate)

2019-01-26 13:20:54 - [TEST_STEP][NOT_RUN] - delay(2): NOT_RUN: delay(2)

2019-01-26 13:20:54 - [MESSAGE][NOT_RUN] - NOT_RUN: delay(2)

2019-01-26 13:20:54 - [TEST_STEP][NOT_RUN] - setText(findTestObject("Object Repository/FSM1/Create ABP Inspection Manual Ass/Page_JM Control Centre/Page_JM Control Centre/Page_JM Control Centre/input_Due date_gwt-uid-506 (11)"), formattedDate): NOT_RUN: setText(findTestObject("Object Repository/FSM1/Create ABP Inspection Manual Ass/Page_JM Control Centre/Page_JM Control Centre/Page_JM Control Centre/input_Due date_gwt-uid-506 (11)"), formattedDate)

2019-01-26 13:20:54 - [MESSAGE][NOT_RUN] - NOT_RUN: setText(findTestObject("Object Repository/FSM1/Create ABP Inspection Manual Ass/Page_JM Control Centre/Page_JM Control Centre/Page_JM Control Centre/input_Due date_gwt-uid-506 (11)"), formattedDate)

2019-01-26 13:20:54 - [TEST_STEP][PASSED] - click(findTestObject("Object Repository/FSM1/Create ABP Inspection Manual Ass/Page_JM Control Centre/Page_JM Control Centre/Page_JM Control Centre/div_Allocate")): Object: 'Object Repository/FSM1/Create ABP Inspection Manual Ass/Page_JM Control Centre/Page_JM Control Centre/Page_JM Control Centre/div_Allocate' is clicked on

2019-01-26 13:20:55 - [MESSAGE][PASSED] - Object: 'Object Repository/FSM1/Create ABP Inspection Manual Ass/Page_JM Control Centre/Page_JM Control Centre/Page_JM Control Centre/div_Allocate' is clicked on

2019-01-26 13:20:55 - [TEST_STEP][PASSED] - InspectionID = getText(findTestObject("Object Repository/FSM1/Create ABP Inspection Manual Ass/Page_JM Control Centre/Page_JM Control Centre/Page_JM Control Centre/InspectionID")): Text of object 'Object Repository/FSM1/Create ABP Inspection Manual Ass/Page_JM Control Centre/Page_JM Control Centre/Page_JM Control Centre/InspectionID' is: 'Viewing Job 102422'

2019-01-26 13:20:56 - [MESSAGE][PASSED] - Text of object 'Object Repository/FSM1/Create ABP Inspection Manual Ass/Page_JM Control Centre/Page_JM Control Centre/Page_JM Control Centre/InspectionID' is: 'Viewing Job 102422'

2019-01-26 13:20:56 - [TEST_STEP][PASSED] - InspectionID = InspectionID.replaceAll("Viewing Job ", ""): null

2019-01-26 13:20:56 - [TEST_STEP][PASSED] - log.logWarning(InspectionID): 102422

2019-01-26 13:20:56 - [MESSAGE][WARNING] - 102422

2019-01-26 13:20:56 - [TEST_STEP][PASSED] - temp = InspectionID: null

2019-01-26 13:20:56 - [TEST_STEP][PASSED] - delay(90): Delayed 90 second(s)

2019-01-26 13:22:26 - [MESSAGE][PASSED] - Delayed 90 second(s)]]></system-out>
         <system-err><![CDATA[]]></system-err>
      </testcase>
      <testcase name="Test Cases/Generic/Launch Job Manager" classname="Test Cases/Generic/Launch Job Manager" status="PASSED">
         <system-out><![CDATA[2019-01-26 13:22:26 - [TEST_CASE][PASSED] - Test Cases/Generic/Launch Job Manager: Test Cases/Generic/Launch Job Manager

2019-01-26 13:22:26 - [TEST_STEP][PASSED] - openBrowser(""): Browser is opened with url: ''

2019-01-26 13:22:26 - [MESSAGE][WARNING] - A browser is already opened. Closing browser and opening a new one

2019-01-26 13:22:27 - [MESSAGE][INFO] - Starting 'Chrome' driver

2019-01-26 13:22:29 - [MESSAGE][PASSED] - Browser is opened with url: ''

2019-01-26 13:22:29 - [TEST_STEP][PASSED] - navigateToUrl(JMURL): Navigate to 'https://kirona-def-6.kirona.com/jmprep/jclient/jclient.html' successfully

2019-01-26 13:22:30 - [MESSAGE][PASSED] - Navigate to 'https://kirona-def-6.kirona.com/jmprep/jclient/jclient.html' successfully

2019-01-26 13:22:30 - [TEST_STEP][PASSED] - delay(3): Delayed 3 second(s)

2019-01-26 13:22:33 - [MESSAGE][PASSED] - Delayed 3 second(s)

2019-01-26 13:22:33 - [TEST_STEP][PASSED] - setText(findTestObject("FSM1/Launch Application/Page_JClient/input_gwt-TextBox GKH2EKQBMDB"), "KIR1"): Text 'KIR1' is set on object 'Object Repository/FSM1/Launch Application/Page_JClient/input_gwt-TextBox GKH2EKQBMDB'

2019-01-26 13:22:33 - [MESSAGE][PASSED] - Text 'KIR1' is set on object 'Object Repository/FSM1/Launch Application/Page_JClient/input_gwt-TextBox GKH2EKQBMDB'

2019-01-26 13:22:33 - [TEST_STEP][PASSED] - sendKeys(findTestObject("FSM1/Launch Application/Page_JClient/input_gwt-TextBox GKH2EKQBMDB"), Keys.chord(ENTER)): Keys 'ENTER + ' sent to object: 'Object Repository/FSM1/Launch Application/Page_JClient/input_gwt-TextBox GKH2EKQBMDB'

2019-01-26 13:22:34 - [MESSAGE][PASSED] - Keys 'ENTER + ' sent to object: 'Object Repository/FSM1/Launch Application/Page_JClient/input_gwt-TextBox GKH2EKQBMDB'

2019-01-26 13:22:34 - [TEST_STEP][PASSED] - delay(3): Delayed 3 second(s)

2019-01-26 13:22:37 - [MESSAGE][PASSED] - Delayed 3 second(s)

2019-01-26 13:22:37 - [TEST_STEP][PASSED] - click(findTestObject("FSM1/Launch Application/Page_JClient/div_Configure App")): Object: 'Object Repository/FSM1/Launch Application/Page_JClient/div_Configure App' is clicked on

2019-01-26 13:22:37 - [MESSAGE][PASSED] - Object: 'Object Repository/FSM1/Launch Application/Page_JClient/div_Configure App' is clicked on

2019-01-26 13:22:37 - [TEST_STEP][PASSED] - setText(findTestObject("FSM1/Launch Application/Page_JClient/input_gwt-TextBox GKH2EKQBNHC"), findTestData("Pre Production/Environmental/UandP").getValue(3, 1)): Text 'test.inspector' is set on object 'Object Repository/FSM1/Launch Application/Page_JClient/input_gwt-TextBox GKH2EKQBNHC'

2019-01-26 13:22:38 - [MESSAGE][PASSED] - Text 'test.inspector' is set on object 'Object Repository/FSM1/Launch Application/Page_JClient/input_gwt-TextBox GKH2EKQBNHC'

2019-01-26 13:22:38 - [TEST_STEP][PASSED] - setText(findTestObject("FSM1/Launch Application/Page_JClient/input_gwt-PasswordTextBox GKH2"), findTestData("Pre Production/Environmental/UandP").getValue(4, 1)): Text 'Password1.' is set on object 'Object Repository/FSM1/Launch Application/Page_JClient/input_gwt-PasswordTextBox GKH2'

2019-01-26 13:22:38 - [MESSAGE][PASSED] - Text 'Password1.' is set on object 'Object Repository/FSM1/Launch Application/Page_JClient/input_gwt-PasswordTextBox GKH2'

2019-01-26 13:22:38 - [TEST_STEP][PASSED] - click(findTestObject("FSM1/Launch Application/Page_JClient/div_Sign In")): Object: 'Object Repository/FSM1/Launch Application/Page_JClient/div_Sign In' is clicked on

2019-01-26 13:22:38 - [MESSAGE][PASSED] - Object: 'Object Repository/FSM1/Launch Application/Page_JClient/div_Sign In' is clicked on

2019-01-26 13:22:38 - [TEST_STEP][PASSED] - delay(15): Delayed 15 second(s)

2019-01-26 13:22:53 - [MESSAGE][PASSED] - Delayed 15 second(s)]]></system-out>
         <system-err><![CDATA[]]></system-err>
      </testcase>
      <testcase name="Test Cases/Generic/Select Inspection" classname="Test Cases/Generic/Select Inspection" status="PASSED">
         <system-out><![CDATA[2019-01-26 13:22:53 - [TEST_CASE][PASSED] - Test Cases/Generic/Select Inspection: Test Cases/Generic/Select Inspection

2019-01-26 13:22:54 - [TEST_STEP][PASSED] - delay(20): Delayed 20 second(s)

2019-01-26 13:23:14 - [MESSAGE][PASSED] - Delayed 20 second(s)

2019-01-26 13:23:14 - [TEST_STEP][PASSED] - waitForElementClickable(findTestObject("JM_8918/Page_JM Control Centre/Page_JM Control Centre/Page_JClient/Refresh"), 250): Object 'Object Repository/JM_8918/Page_JM Control Centre/Page_JM Control Centre/Page_JClient/Refresh' is clickable

2019-01-26 13:23:14 - [MESSAGE][PASSED] - Object 'Object Repository/JM_8918/Page_JM Control Centre/Page_JM Control Centre/Page_JClient/Refresh' is clickable

2019-01-26 13:23:14 - [TEST_STEP][PASSED] - click(findTestObject("JM_8918/Page_JM Control Centre/Page_JM Control Centre/Page_JClient/Refresh")): Object: 'Object Repository/JM_8918/Page_JM Control Centre/Page_JM Control Centre/Page_JClient/Refresh' is clicked on

2019-01-26 13:23:14 - [MESSAGE][PASSED] - Object: 'Object Repository/JM_8918/Page_JM Control Centre/Page_JM Control Centre/Page_JClient/Refresh' is clicked on

2019-01-26 13:23:14 - [TEST_STEP][PASSED] - waitForElementClickable(findTestObject("JM_8918/Page_JM Control Centre/Page_JM Control Centre/Page_JClient/Refresh"), 250): Object 'Object Repository/JM_8918/Page_JM Control Centre/Page_JM Control Centre/Page_JClient/Refresh' is clickable

2019-01-26 13:23:14 - [MESSAGE][PASSED] - Object 'Object Repository/JM_8918/Page_JM Control Centre/Page_JM Control Centre/Page_JClient/Refresh' is clickable

2019-01-26 13:23:14 - [TEST_STEP][PASSED] - InspectionRef = modifyObjectProperty(findTestObject("FSM1/Select Inspection/Landing/Page_JClient/div_35098"), "text", "equals", temp, true, STOP_ON_FAILURE): Modify property of object successfully

2019-01-26 13:23:14 - [MESSAGE][PASSED] - Modify property of object successfully

2019-01-26 13:23:14 - [TEST_STEP][PASSED] - delay(5): Delayed 5 second(s)

2019-01-26 13:23:19 - [MESSAGE][PASSED] - Delayed 5 second(s)

2019-01-26 13:23:19 - [TEST_STEP][PASSED] - if (verifyElementPresent(InspectionRef, 10, OPTIONAL)): Object: 'Object Repository/FSM1/Select Inspection/Landing/Page_JClient/div_35098' is clicked on

2019-01-26 13:23:19 - [MESSAGE][PASSED] - Object 'Object Repository/FSM1/Select Inspection/Landing/Page_JClient/div_35098' is present

2019-01-26 13:23:19 - [TEST_STEP][PASSED] - delay(3): Delayed 3 second(s)

2019-01-26 13:23:22 - [MESSAGE][PASSED] - Delayed 3 second(s)

2019-01-26 13:23:22 - [TEST_STEP][PASSED] - click(InspectionRef): Object: 'Object Repository/FSM1/Select Inspection/Landing/Page_JClient/div_35098' is clicked on

2019-01-26 13:23:22 - [MESSAGE][PASSED] - Object: 'Object Repository/FSM1/Select Inspection/Landing/Page_JClient/div_35098' is clicked on

2019-01-26 13:23:22 - [TEST_STEP][PASSED] - click(findTestObject("FSM1/Select Inspection/Page_JClient/div_WITH OPERATIVE")): Object: 'Object Repository/FSM1/Select Inspection/Page_JClient/div_WITH OPERATIVE' is clicked on

2019-01-26 13:23:23 - [MESSAGE][PASSED] - Object: 'Object Repository/FSM1/Select Inspection/Page_JClient/div_WITH OPERATIVE' is clicked on

2019-01-26 13:23:23 - [TEST_STEP][PASSED] - delay(2): Delayed 2 second(s)

2019-01-26 13:23:25 - [MESSAGE][PASSED] - Delayed 2 second(s)

2019-01-26 13:23:25 - [TEST_STEP][PASSED] - click(findTestObject("FSM1/Select Inspection/Page_JClient/div_TRAVELLING")): Object: 'Object Repository/FSM1/Select Inspection/Page_JClient/div_TRAVELLING' is clicked on

2019-01-26 13:23:25 - [MESSAGE][PASSED] - Object: 'Object Repository/FSM1/Select Inspection/Page_JClient/div_TRAVELLING' is clicked on

2019-01-26 13:23:25 - [TEST_STEP][PASSED] - delay(2): Delayed 2 second(s)

2019-01-26 13:23:27 - [MESSAGE][PASSED] - Delayed 2 second(s)

2019-01-26 13:23:27 - [TEST_STEP][PASSED] - click(findTestObject("FSM1/Select Inspection/Page_JClient/div_TRAVELLING")): Object: 'Object Repository/FSM1/Select Inspection/Page_JClient/div_TRAVELLING' is clicked on

2019-01-26 13:23:28 - [MESSAGE][PASSED] - Object: 'Object Repository/FSM1/Select Inspection/Page_JClient/div_TRAVELLING' is clicked on

2019-01-26 13:23:28 - [TEST_STEP][PASSED] - delay(2): Delayed 2 second(s)

2019-01-26 13:23:30 - [MESSAGE][PASSED] - Delayed 2 second(s)

2019-01-26 13:23:30 - [TEST_STEP][PASSED] - click(findTestObject("FSM1/Select Inspection/Page_JClient/div_ARRIVED")): Object: 'Object Repository/FSM1/Select Inspection/Page_JClient/div_ARRIVED' is clicked on

2019-01-26 13:23:30 - [MESSAGE][PASSED] - Object: 'Object Repository/FSM1/Select Inspection/Page_JClient/div_ARRIVED' is clicked on

2019-01-26 13:23:30 - [TEST_STEP][PASSED] - delay(2): Delayed 2 second(s)

2019-01-26 13:23:32 - [MESSAGE][PASSED] - Delayed 2 second(s)

2019-01-26 13:23:32 - [TEST_STEP][PASSED] - click(findTestObject("FSM1/Select Inspection/Page_JClient/div_ARRIVED")): Object: 'Object Repository/FSM1/Select Inspection/Page_JClient/div_ARRIVED' is clicked on

2019-01-26 13:23:32 - [MESSAGE][PASSED] - Object: 'Object Repository/FSM1/Select Inspection/Page_JClient/div_ARRIVED' is clicked on

2019-01-26 13:23:32 - [TEST_STEP][PASSED] - delay(4): Delayed 4 second(s)

2019-01-26 13:23:36 - [MESSAGE][PASSED] - Delayed 4 second(s)

2019-01-26 13:23:36 - [TEST_STEP][PASSED] - click(findTestObject("FSM1/Select Inspection/Page_JClient/div_STARTED")): Object: 'Object Repository/FSM1/Select Inspection/Page_JClient/div_STARTED' is clicked on

2019-01-26 13:23:36 - [MESSAGE][PASSED] - Object: 'Object Repository/FSM1/Select Inspection/Page_JClient/div_STARTED' is clicked on

2019-01-26 13:23:36 - [TEST_STEP][PASSED] - delay(2): Delayed 2 second(s)

2019-01-26 13:23:38 - [MESSAGE][PASSED] - Delayed 2 second(s)]]></system-out>
         <system-err><![CDATA[]]></system-err>
      </testcase>
      <testcase name="Test Cases/NCP/Broilers/Complete NCP Inspection - Edit Attributes - Broilers, Turkeys" classname="Test Cases/NCP/Broilers/Complete NCP Inspection - Edit Attributes - Broilers, Turkeys" status="PASSED">
         <system-out><![CDATA[2019-01-26 13:23:38 - [TEST_CASE][PASSED] - Test Cases/NCP/Broilers/Complete NCP Inspection - Edit Attributes - Broilers, Turkeys: Test Cases/NCP/Broilers/Complete NCP Inspection - Edit Attributes - Broilers, Turkeys

2019-01-26 13:23:39 - [TEST_STEP][PASSED] - click(findTestObject("Object Repository/FSM1/NCP/Complete Inspection/Edit - Broilers/Page_JClient/div_Edit attributes")): Object: 'Object Repository/FSM1/NCP/Complete Inspection/Edit - Broilers/Page_JClient/div_Edit attributes' is clicked on

2019-01-26 13:23:39 - [MESSAGE][PASSED] - Object: 'Object Repository/FSM1/NCP/Complete Inspection/Edit - Broilers/Page_JClient/div_Edit attributes' is clicked on

2019-01-26 13:23:39 - [TEST_STEP][PASSED] - delay(2): Delayed 2 second(s)

2019-01-26 13:23:41 - [MESSAGE][PASSED] - Delayed 2 second(s)

2019-01-26 13:23:41 - [TEST_STEP][PASSED] - click(findTestObject("Object Repository/FSM1/NCP/Complete Inspection/Edit - Broilers/Page_JClient/input_Yes_radio_group_1")): Object: 'Object Repository/FSM1/NCP/Complete Inspection/Edit - Broilers/Page_JClient/input_Yes_radio_group_1' is clicked on

2019-01-26 13:23:41 - [MESSAGE][PASSED] - Object: 'Object Repository/FSM1/NCP/Complete Inspection/Edit - Broilers/Page_JClient/input_Yes_radio_group_1' is clicked on

2019-01-26 13:23:41 - [TEST_STEP][PASSED] - click(findTestObject("Object Repository/FSM1/NCP/Complete Inspection/Edit - Broilers/Page_JClient/input_Yes_radio_group_2")): Object: 'Object Repository/FSM1/NCP/Complete Inspection/Edit - Broilers/Page_JClient/input_Yes_radio_group_2' is clicked on

2019-01-26 13:23:41 - [MESSAGE][PASSED] - Object: 'Object Repository/FSM1/NCP/Complete Inspection/Edit - Broilers/Page_JClient/input_Yes_radio_group_2' is clicked on

2019-01-26 13:23:41 - [TEST_STEP][PASSED] - click(findTestObject("Object Repository/FSM1/NCP/Complete Inspection/Edit - Broilers/Page_JClient/input_Incident reference when")): Object: 'Object Repository/FSM1/NCP/Complete Inspection/Edit - Broilers/Page_JClient/input_Incident reference when' is clicked on

2019-01-26 13:23:42 - [MESSAGE][PASSED] - Object: 'Object Repository/FSM1/NCP/Complete Inspection/Edit - Broilers/Page_JClient/input_Incident reference when' is clicked on

2019-01-26 13:23:42 - [TEST_STEP][PASSED] - setText(findTestObject("Object Repository/FSM1/NCP/Complete Inspection/Edit - Broilers/Page_JClient/input_Year_gwt-DoubleBox GFNJN"), "2018"): Text '2018' is set on object 'Object Repository/FSM1/NCP/Complete Inspection/Edit - Broilers/Page_JClient/input_Year_gwt-DoubleBox GFNJN'

2019-01-26 13:23:42 - [MESSAGE][PASSED] - Text '2018' is set on object 'Object Repository/FSM1/NCP/Complete Inspection/Edit - Broilers/Page_JClient/input_Year_gwt-DoubleBox GFNJN'

2019-01-26 13:23:42 - [TEST_STEP][PASSED] - setText(findTestObject("Object Repository/FSM1/NCP/Complete Inspection/Edit - Broilers/Page_JClient/input_APHA (Field Services) Of"), "1234"): Text '1234' is set on object 'Object Repository/FSM1/NCP/Complete Inspection/Edit - Broilers/Page_JClient/input_APHA (Field Services) Of'

2019-01-26 13:23:42 - [MESSAGE][PASSED] - Text '1234' is set on object 'Object Repository/FSM1/NCP/Complete Inspection/Edit - Broilers/Page_JClient/input_APHA (Field Services) Of'

2019-01-26 13:23:42 - [TEST_STEP][PASSED] - setText(findTestObject("Object Repository/FSM1/NCP/Complete Inspection/Edit - Broilers/Page_JClient/input_Sequential No._gwt-Doubl"), "4321"): Text '4321' is set on object 'Object Repository/FSM1/NCP/Complete Inspection/Edit - Broilers/Page_JClient/input_Sequential No._gwt-Doubl'

2019-01-26 13:23:42 - [MESSAGE][PASSED] - Text '4321' is set on object 'Object Repository/FSM1/NCP/Complete Inspection/Edit - Broilers/Page_JClient/input_Sequential No._gwt-Doubl'

2019-01-26 13:23:42 - [TEST_STEP][PASSED] - click(findTestObject("Object Repository/FSM1/NCP/Complete Inspection/Edit - Broilers/Page_JClient/input_Does the operator wish t")): Object: 'Object Repository/FSM1/NCP/Complete Inspection/Edit - Broilers/Page_JClient/input_Does the operator wish t' is clicked on

2019-01-26 13:23:43 - [MESSAGE][PASSED] - Object: 'Object Repository/FSM1/NCP/Complete Inspection/Edit - Broilers/Page_JClient/input_Does the operator wish t' is clicked on

2019-01-26 13:23:43 - [TEST_STEP][PASSED] - setText(findTestObject("Object Repository/FSM1/NCP/Complete Inspection/Edit - Broilers/Page_JClient/textarea_Name and address of p"), "Test automation"): Text 'Test automation' is set on object 'Object Repository/FSM1/NCP/Complete Inspection/Edit - Broilers/Page_JClient/textarea_Name and address of p'

2019-01-26 13:23:43 - [MESSAGE][PASSED] - Text 'Test automation' is set on object 'Object Repository/FSM1/NCP/Complete Inspection/Edit - Broilers/Page_JClient/textarea_Name and address of p'

2019-01-26 13:23:43 - [TEST_STEP][PASSED] - delay(2): Delayed 2 second(s)

2019-01-26 13:23:45 - [MESSAGE][PASSED] - Delayed 2 second(s)

2019-01-26 13:23:45 - [TEST_STEP][PASSED] - if (SampleType == "Broiler Samples"): null

2019-01-26 13:23:45 - [TEST_STEP][PASSED] - if (SampleType == "Breeding Turkey Samples"): Text '5' is set on object 'Object Repository/FSM1/NCP/Complete Inspection/Edit - Broilers/Page_JClient/input_Total No. of flocks on p_2'

2019-01-26 13:23:45 - [TEST_STEP][PASSED] - setText(findTestObject("Object Repository/FSM1/NCP/Complete Inspection/Edit - Broilers/Page_JClient/input_Total No. of flocks on p_2"), "5"): Text '5' is set on object 'Object Repository/FSM1/NCP/Complete Inspection/Edit - Broilers/Page_JClient/input_Total No. of flocks on p_2'

2019-01-26 13:23:45 - [MESSAGE][PASSED] - Text '5' is set on object 'Object Repository/FSM1/NCP/Complete Inspection/Edit - Broilers/Page_JClient/input_Total No. of flocks on p_2'

2019-01-26 13:23:45 - [TEST_STEP][PASSED] - delay(2): Delayed 2 second(s)

2019-01-26 13:23:47 - [MESSAGE][PASSED] - Delayed 2 second(s)

2019-01-26 13:23:47 - [TEST_STEP][PASSED] - setText(findTestObject("Object Repository/FSM1/NCP/Complete Inspection/Edit - Broilers/Page_JClient/input_No. of birds on premises"), "50"): Text '50' is set on object 'Object Repository/FSM1/NCP/Complete Inspection/Edit - Broilers/Page_JClient/input_No. of birds on premises'

2019-01-26 13:23:47 - [MESSAGE][PASSED] - Text '50' is set on object 'Object Repository/FSM1/NCP/Complete Inspection/Edit - Broilers/Page_JClient/input_No. of birds on premises'

2019-01-26 13:23:47 - [TEST_STEP][PASSED] - if (SampleType == "Broiler Samples"): null

2019-01-26 13:23:47 - [TEST_STEP][PASSED] - setText(findTestObject("Object Repository/FSM1/NCP/Complete Inspection/Edit - Broilers/Page_JClient/input_No. of crops per year_gw"), "4"): Text '4' is set on object 'Object Repository/FSM1/NCP/Complete Inspection/Edit - Broilers/Page_JClient/input_No. of crops per year_gw'

2019-01-26 13:23:48 - [MESSAGE][PASSED] - Text '4' is set on object 'Object Repository/FSM1/NCP/Complete Inspection/Edit - Broilers/Page_JClient/input_No. of crops per year_gw'

2019-01-26 13:23:48 - [TEST_STEP][PASSED] - if (SampleType == "Breeding Turkey Samples"): Object: 'Object Repository/FSM1/NCP/Complete Inspection/Edit - Turkeys/Page_JClient/input_NCP Holding Type_radio_g' is clicked on

2019-01-26 13:23:48 - [TEST_STEP][PASSED] - click(findTestObject("Object Repository/FSM1/NCP/Complete Inspection/Edit - Turkeys/Page_JClient/input_NCP Holding Type_radio_g")): Object: 'Object Repository/FSM1/NCP/Complete Inspection/Edit - Turkeys/Page_JClient/input_NCP Holding Type_radio_g' is clicked on

2019-01-26 13:23:48 - [MESSAGE][PASSED] - Object: 'Object Repository/FSM1/NCP/Complete Inspection/Edit - Turkeys/Page_JClient/input_NCP Holding Type_radio_g' is clicked on

2019-01-26 13:23:48 - [TEST_STEP][PASSED] - click(findTestObject("Object Repository/FSM1/NCP/Complete Inspection/Edit - Broilers/Page_JClient/input_State whether convention")): Object: 'Object Repository/FSM1/NCP/Complete Inspection/Edit - Broilers/Page_JClient/input_State whether convention' is clicked on

2019-01-26 13:23:48 - [MESSAGE][PASSED] - Object: 'Object Repository/FSM1/NCP/Complete Inspection/Edit - Broilers/Page_JClient/input_State whether convention' is clicked on

2019-01-26 13:23:48 - [TEST_STEP][PASSED] - click(findTestObject("Object Repository/FSM1/NCP/Complete Inspection/Edit - Broilers/Page_JClient/input_Avipro Duo_gwt-uid-106")): Object: 'Object Repository/FSM1/NCP/Complete Inspection/Edit - Broilers/Page_JClient/input_Avipro Duo_gwt-uid-106' is clicked on

2019-01-26 13:23:48 - [MESSAGE][PASSED] - Object: 'Object Repository/FSM1/NCP/Complete Inspection/Edit - Broilers/Page_JClient/input_Avipro Duo_gwt-uid-106' is clicked on

2019-01-26 13:23:48 - [TEST_STEP][PASSED] - click(findTestObject("Object Repository/FSM1/NCP/Complete Inspection/Edit - Broilers/Page_JClient/input_Gallimune SEST_gwt-uid-1")): Object: 'Object Repository/FSM1/NCP/Complete Inspection/Edit - Broilers/Page_JClient/input_Gallimune SEST_gwt-uid-1' is clicked on

2019-01-26 13:23:48 - [MESSAGE][PASSED] - Object: 'Object Repository/FSM1/NCP/Complete Inspection/Edit - Broilers/Page_JClient/input_Gallimune SEST_gwt-uid-1' is clicked on

2019-01-26 13:23:48 - [TEST_STEP][PASSED] - if (SampleType == "Broiler Samples"): null

2019-01-26 13:23:48 - [TEST_STEP][PASSED] - setText(findTestObject("Object Repository/FSM1/NCP/Complete Inspection/Edit - Broilers/Page_JClient/input_No. of houses (Complete"), "2"): Text '2' is set on object 'Object Repository/FSM1/NCP/Complete Inspection/Edit - Broilers/Page_JClient/input_No. of houses (Complete'

2019-01-26 13:23:48 - [MESSAGE][PASSED] - Text '2' is set on object 'Object Repository/FSM1/NCP/Complete Inspection/Edit - Broilers/Page_JClient/input_No. of houses (Complete'

2019-01-26 13:23:48 - [TEST_STEP][PASSED] - click(findTestObject("Object Repository/FSM1/NCP/Complete Inspection/Edit Attributes/Page_JClient/div_NCP Salmonella Record Chec")): Object: 'Object Repository/FSM1/NCP/Complete Inspection/Edit Attributes/Page_JClient/div_NCP Salmonella Record Chec' is clicked on

2019-01-26 13:23:48 - [MESSAGE][PASSED] - Object: 'Object Repository/FSM1/NCP/Complete Inspection/Edit Attributes/Page_JClient/div_NCP Salmonella Record Chec' is clicked on

2019-01-26 13:23:48 - [TEST_STEP][PASSED] - delay(2): Delayed 2 second(s)

2019-01-26 13:23:50 - [MESSAGE][PASSED] - Delayed 2 second(s)

2019-01-26 13:23:50 - [TEST_STEP][PASSED] - click(findTestObject("Object Repository/FSM1/NCP/Complete Inspection/Edit Attributes/Page_JClient/input_NCP Salmonella Record Ch")): Object: 'Object Repository/FSM1/NCP/Complete Inspection/Edit Attributes/Page_JClient/input_NCP Salmonella Record Ch' is clicked on

2019-01-26 13:23:51 - [MESSAGE][PASSED] - Object: 'Object Repository/FSM1/NCP/Complete Inspection/Edit Attributes/Page_JClient/input_NCP Salmonella Record Ch' is clicked on

2019-01-26 13:23:51 - [TEST_STEP][PASSED] - click(findTestObject("FSM1/NCP/Complete Inspection/Edit Attributes/Page_JClient/div_Save - Salmonella")): Object: 'Object Repository/FSM1/NCP/Complete Inspection/Edit Attributes/Page_JClient/div_Save - Salmonella' is clicked on

2019-01-26 13:23:51 - [MESSAGE][PASSED] - Object: 'Object Repository/FSM1/NCP/Complete Inspection/Edit Attributes/Page_JClient/div_Save - Salmonella' is clicked on

2019-01-26 13:23:51 - [TEST_STEP][PASSED] - delay(2): Delayed 2 second(s)

2019-01-26 13:23:53 - [MESSAGE][PASSED] - Delayed 2 second(s)

2019-01-26 13:23:53 - [TEST_STEP][PASSED] - click(findTestObject("Object Repository/FSM1/NCP/Complete Inspection/Edit Attributes/Page_JClient/div_Record Check Details")): Object: 'Object Repository/FSM1/NCP/Complete Inspection/Edit Attributes/Page_JClient/div_Record Check Details' is clicked on

2019-01-26 13:23:53 - [MESSAGE][PASSED] - Object: 'Object Repository/FSM1/NCP/Complete Inspection/Edit Attributes/Page_JClient/div_Record Check Details' is clicked on

2019-01-26 13:23:53 - [TEST_STEP][PASSED] - delay(2): Delayed 2 second(s)

2019-01-26 13:23:55 - [MESSAGE][PASSED] - Delayed 2 second(s)

2019-01-26 13:23:55 - [TEST_STEP][PASSED] - setText(findTestObject("Object Repository/FSM1/NCP/Complete Inspection/Edit Attributes/Page_JClient/input_Total No. of flocks on p"), "5"): Text '5' is set on object 'Object Repository/FSM1/NCP/Complete Inspection/Edit Attributes/Page_JClient/input_Total No. of flocks on p'

2019-01-26 13:23:55 - [MESSAGE][PASSED] - Text '5' is set on object 'Object Repository/FSM1/NCP/Complete Inspection/Edit Attributes/Page_JClient/input_Total No. of flocks on p'

2019-01-26 13:23:55 - [TEST_STEP][PASSED] - setText(findTestObject("Object Repository/FSM1/NCP/Complete Inspection/Edit Attributes/Page_JClient/input_No. of birds on premises"), "10"): Text '10' is set on object 'Object Repository/FSM1/NCP/Complete Inspection/Edit Attributes/Page_JClient/input_No. of birds on premises'

2019-01-26 13:23:55 - [MESSAGE][PASSED] - Text '10' is set on object 'Object Repository/FSM1/NCP/Complete Inspection/Edit Attributes/Page_JClient/input_No. of birds on premises'

2019-01-26 13:23:55 - [TEST_STEP][PASSED] - click(findTestObject("Object Repository/FSM1/NCP/Complete Inspection/Edit Attributes/Page_JClient/input_Housing typepremises_gwt")): Object: 'Object Repository/FSM1/NCP/Complete Inspection/Edit Attributes/Page_JClient/input_Housing typepremises_gwt' is clicked on

2019-01-26 13:23:56 - [MESSAGE][PASSED] - Object: 'Object Repository/FSM1/NCP/Complete Inspection/Edit Attributes/Page_JClient/input_Housing typepremises_gwt' is clicked on

2019-01-26 13:23:56 - [TEST_STEP][PASSED] - click(findTestObject("Object Repository/FSM1/NCP/Complete Inspection/Edit Attributes/Page_JClient/input_Cage_gwt-uid-163")): Object: 'Object Repository/FSM1/NCP/Complete Inspection/Edit Attributes/Page_JClient/input_Cage_gwt-uid-163' is clicked on

2019-01-26 13:23:56 - [MESSAGE][PASSED] - Object: 'Object Repository/FSM1/NCP/Complete Inspection/Edit Attributes/Page_JClient/input_Cage_gwt-uid-163' is clicked on

2019-01-26 13:23:56 - [TEST_STEP][PASSED] - click(findTestObject("Object Repository/FSM1/NCP/Complete Inspection/Edit Attributes/Page_JClient/input_BarnHoused_gwt-uid-164")): Object: 'Object Repository/FSM1/NCP/Complete Inspection/Edit Attributes/Page_JClient/input_BarnHoused_gwt-uid-164' is clicked on

2019-01-26 13:23:56 - [MESSAGE][PASSED] - Object: 'Object Repository/FSM1/NCP/Complete Inspection/Edit Attributes/Page_JClient/input_BarnHoused_gwt-uid-164' is clicked on

2019-01-26 13:23:56 - [TEST_STEP][PASSED] - click(findTestObject("Object Repository/FSM1/NCP/Complete Inspection/Edit Attributes/Page_JClient/input_Free Range_gwt-uid-165")): Object: 'Object Repository/FSM1/NCP/Complete Inspection/Edit Attributes/Page_JClient/input_Free Range_gwt-uid-165' is clicked on

2019-01-26 13:23:56 - [MESSAGE][PASSED] - Object: 'Object Repository/FSM1/NCP/Complete Inspection/Edit Attributes/Page_JClient/input_Free Range_gwt-uid-165' is clicked on

2019-01-26 13:23:56 - [TEST_STEP][PASSED] - click(findTestObject("Object Repository/FSM1/NCP/Complete Inspection/Edit Attributes/Page_JClient/input_Rearing_gwt-uid-166")): Object: 'Object Repository/FSM1/NCP/Complete Inspection/Edit Attributes/Page_JClient/input_Rearing_gwt-uid-166' is clicked on

2019-01-26 13:23:56 - [MESSAGE][PASSED] - Object: 'Object Repository/FSM1/NCP/Complete Inspection/Edit Attributes/Page_JClient/input_Rearing_gwt-uid-166' is clicked on

2019-01-26 13:23:56 - [TEST_STEP][PASSED] - setText(findTestObject("FSM1/NCP/Complete Inspection/Edit Attributes/Page_JClient/input_ No. of flocks - Barn"), "1"): Text '1' is set on object 'Object Repository/FSM1/NCP/Complete Inspection/Edit Attributes/Page_JClient/input_ No. of flocks - Barn'

2019-01-26 13:23:56 - [MESSAGE][PASSED] - Text '1' is set on object 'Object Repository/FSM1/NCP/Complete Inspection/Edit Attributes/Page_JClient/input_ No. of flocks - Barn'

2019-01-26 13:23:56 - [TEST_STEP][PASSED] - setText(findTestObject("FSM1/NCP/Complete Inspection/Edit Attributes/Page_JClient/input_ No. of flocks - Cage"), "1"): Text '1' is set on object 'Object Repository/FSM1/NCP/Complete Inspection/Edit Attributes/Page_JClient/input_ No. of flocks - Cage'

2019-01-26 13:23:56 - [MESSAGE][PASSED] - Text '1' is set on object 'Object Repository/FSM1/NCP/Complete Inspection/Edit Attributes/Page_JClient/input_ No. of flocks - Cage'

2019-01-26 13:23:56 - [TEST_STEP][PASSED] - setText(findTestObject("FSM1/NCP/Complete Inspection/Edit Attributes/Page_JClient/input_ No. of flocks - Conventional"), "1"): Text '1' is set on object 'Object Repository/FSM1/NCP/Complete Inspection/Edit Attributes/Page_JClient/input_ No. of flocks - Conventional'

2019-01-26 13:23:57 - [MESSAGE][PASSED] - Text '1' is set on object 'Object Repository/FSM1/NCP/Complete Inspection/Edit Attributes/Page_JClient/input_ No. of flocks - Conventional'

2019-01-26 13:23:57 - [TEST_STEP][PASSED] - setText(findTestObject("FSM1/NCP/Complete Inspection/Edit Attributes/Page_JClient/input_ No. of flocks - Free"), "1"): Text '1' is set on object 'Object Repository/FSM1/NCP/Complete Inspection/Edit Attributes/Page_JClient/input_ No. of flocks - Free'

2019-01-26 13:23:57 - [MESSAGE][PASSED] - Text '1' is set on object 'Object Repository/FSM1/NCP/Complete Inspection/Edit Attributes/Page_JClient/input_ No. of flocks - Free'

2019-01-26 13:23:57 - [TEST_STEP][PASSED] - setText(findTestObject("FSM1/NCP/Complete Inspection/Edit Attributes/Page_JClient/input_ No. of flocks - Rearing"), "1"): Text '1' is set on object 'Object Repository/FSM1/NCP/Complete Inspection/Edit Attributes/Page_JClient/input_ No. of flocks - Rearing'

2019-01-26 13:23:57 - [MESSAGE][PASSED] - Text '1' is set on object 'Object Repository/FSM1/NCP/Complete Inspection/Edit Attributes/Page_JClient/input_ No. of flocks - Rearing'

2019-01-26 13:23:57 - [TEST_STEP][PASSED] - click(findTestObject("FSM1/NCP/Complete Inspection/Edit Attributes/Page_JClient/input_ No. of flocks - Free"), STOP_ON_FAILURE): Object: 'Object Repository/FSM1/NCP/Complete Inspection/Edit Attributes/Page_JClient/input_ No. of flocks - Free' is clicked on

2019-01-26 13:23:57 - [MESSAGE][PASSED] - Object: 'Object Repository/FSM1/NCP/Complete Inspection/Edit Attributes/Page_JClient/input_ No. of flocks - Free' is clicked on

2019-01-26 13:23:57 - [TEST_STEP][PASSED] - delay(2): Delayed 2 second(s)

2019-01-26 13:23:59 - [MESSAGE][PASSED] - Delayed 2 second(s)

2019-01-26 13:23:59 - [TEST_STEP][PASSED] - click(findTestObject("Object Repository/FSM1/NCP/Complete Inspection/Edit Attributes/Page_JClient/input_Are movement records up")): Object: 'Object Repository/FSM1/NCP/Complete Inspection/Edit Attributes/Page_JClient/input_Are movement records up' is clicked on

2019-01-26 13:23:59 - [MESSAGE][PASSED] - Object: 'Object Repository/FSM1/NCP/Complete Inspection/Edit Attributes/Page_JClient/input_Are movement records up' is clicked on

2019-01-26 13:23:59 - [TEST_STEP][PASSED] - delay(2): Delayed 2 second(s)

2019-01-26 13:24:01 - [MESSAGE][PASSED] - Delayed 2 second(s)

2019-01-26 13:24:01 - [TEST_STEP][PASSED] - click(findTestObject("FSM1/NCP/Complete Inspection/Spy/Page_JClient/input_Are movement records up_2")): Object: 'Object Repository/FSM1/NCP/Complete Inspection/Spy/Page_JClient/input_Are movement records up_2' is clicked on

2019-01-26 13:24:02 - [MESSAGE][PASSED] - Object: 'Object Repository/FSM1/NCP/Complete Inspection/Spy/Page_JClient/input_Are movement records up_2' is clicked on

2019-01-26 13:24:02 - [TEST_STEP][PASSED] - click(findTestObject("Object Repository/FSM1/NCP/Complete Inspection/Edit Attributes/Page_JClient/input_If No please comment_rad")): Object: 'Object Repository/FSM1/NCP/Complete Inspection/Edit Attributes/Page_JClient/input_If No please comment_rad' is clicked on

2019-01-26 13:24:02 - [MESSAGE][PASSED] - Object: 'Object Repository/FSM1/NCP/Complete Inspection/Edit Attributes/Page_JClient/input_If No please comment_rad' is clicked on

2019-01-26 13:24:02 - [TEST_STEP][PASSED] - click(findTestObject("Object Repository/FSM1/NCP/Complete Inspection/Edit Attributes/Page_JClient/input_Are  the medicine record")): Object: 'Object Repository/FSM1/NCP/Complete Inspection/Edit Attributes/Page_JClient/input_Are  the medicine record' is clicked on

2019-01-26 13:24:02 - [MESSAGE][PASSED] - Object: 'Object Repository/FSM1/NCP/Complete Inspection/Edit Attributes/Page_JClient/input_Are  the medicine record' is clicked on

2019-01-26 13:24:02 - [TEST_STEP][PASSED] - click(findTestObject("Object Repository/FSM1/NCP/Complete Inspection/Edit Attributes/Page_JClient/input_If No please comment_rad_1")): Object: 'Object Repository/FSM1/NCP/Complete Inspection/Edit Attributes/Page_JClient/input_If No please comment_rad_1' is clicked on

2019-01-26 13:24:02 - [MESSAGE][PASSED] - Object: 'Object Repository/FSM1/NCP/Complete Inspection/Edit Attributes/Page_JClient/input_If No please comment_rad_1' is clicked on

2019-01-26 13:24:02 - [TEST_STEP][PASSED] - click(findTestObject("Object Repository/FSM1/NCP/Complete Inspection/Edit Attributes/Page_JClient/input_If No please give detail")): Object: 'Object Repository/FSM1/NCP/Complete Inspection/Edit Attributes/Page_JClient/input_If No please give detail' is clicked on

2019-01-26 13:24:02 - [MESSAGE][PASSED] - Object: 'Object Repository/FSM1/NCP/Complete Inspection/Edit Attributes/Page_JClient/input_If No please give detail' is clicked on

2019-01-26 13:24:02 - [TEST_STEP][PASSED] - setText(findTestObject("Object Repository/FSM1/NCP/Complete Inspection/Edit Attributes/Page_JClient/textarea_If Yes please comment"), "Test automation"): Text 'Test automation' is set on object 'Object Repository/FSM1/NCP/Complete Inspection/Edit Attributes/Page_JClient/textarea_If Yes please comment'

2019-01-26 13:24:02 - [MESSAGE][PASSED] - Text 'Test automation' is set on object 'Object Repository/FSM1/NCP/Complete Inspection/Edit Attributes/Page_JClient/textarea_If Yes please comment'

2019-01-26 13:24:02 - [TEST_STEP][PASSED] - click(findTestObject("FSM1/NCP/Complete Inspection/Edit Attributes/Page_JClient/div_Save - Record Check")): Object: 'Object Repository/FSM1/NCP/Complete Inspection/Edit Attributes/Page_JClient/div_Save - Record Check' is clicked on

2019-01-26 13:24:03 - [MESSAGE][PASSED] - Object: 'Object Repository/FSM1/NCP/Complete Inspection/Edit Attributes/Page_JClient/div_Save - Record Check' is clicked on

2019-01-26 13:24:03 - [TEST_STEP][PASSED] - delay(2): Delayed 2 second(s)

2019-01-26 13:24:05 - [MESSAGE][PASSED] - Delayed 2 second(s)

2019-01-26 13:24:05 - [TEST_STEP][PASSED] - click(findTestObject("Object Repository/FSM1/NCP/Complete Inspection/Edit Attributes/Page_JClient/div_Biosecurity Assessment")): Object: 'Object Repository/FSM1/NCP/Complete Inspection/Edit Attributes/Page_JClient/div_Biosecurity Assessment' is clicked on

2019-01-26 13:24:05 - [MESSAGE][PASSED] - Object: 'Object Repository/FSM1/NCP/Complete Inspection/Edit Attributes/Page_JClient/div_Biosecurity Assessment' is clicked on

2019-01-26 13:24:05 - [TEST_STEP][PASSED] - delay(2): Delayed 2 second(s)

2019-01-26 13:24:07 - [MESSAGE][PASSED] - Delayed 2 second(s)

2019-01-26 13:24:07 - [TEST_STEP][PASSED] - selectOptionByValue(findTestObject("Object Repository/FSM1/NCP/Complete Inspection/Edit Attributes/Page_JClient/select_NoneOne minor issue - G"), "NONE", true, STOP_ON_FAILURE): All options with value 'NONE' are selected in object 'Object Repository/FSM1/NCP/Complete Inspection/Edit Attributes/Page_JClient/select_NoneOne minor issue - G'  using regular expression

2019-01-26 13:24:07 - [MESSAGE][PASSED] - All options with value 'NONE' are selected in object 'Object Repository/FSM1/NCP/Complete Inspection/Edit Attributes/Page_JClient/select_NoneOne minor issue - G'  using regular expression

2019-01-26 13:24:07 - [TEST_STEP][PASSED] - selectOptionByValue(findTestObject("Object Repository/FSM1/NCP/Complete Inspection/Edit Attributes/Page_JClient/select_NoneOne minor issue - G"), "ONE_MINOR_ISSU_GOOD", true, STOP_ON_FAILURE): All options with value 'ONE_MINOR_ISSU_GOOD' are selected in object 'Object Repository/FSM1/NCP/Complete Inspection/Edit Attributes/Page_JClient/select_NoneOne minor issue - G'  using regular expression

2019-01-26 13:24:07 - [MESSAGE][PASSED] - All options with value 'ONE_MINOR_ISSU_GOOD' are selected in object 'Object Repository/FSM1/NCP/Complete Inspection/Edit Attributes/Page_JClient/select_NoneOne minor issue - G'  using regular expression

2019-01-26 13:24:07 - [TEST_STEP][PASSED] - selectOptionByValue(findTestObject("Object Repository/FSM1/NCP/Complete Inspection/Edit Attributes/Page_JClient/select_NoneOne minor issue - G"), "TWO_TO_FOUR_MINOR_ISSU_SATI", true, STOP_ON_FAILURE): All options with value 'TWO_TO_FOUR_MINOR_ISSU_SATI' are selected in object 'Object Repository/FSM1/NCP/Complete Inspection/Edit Attributes/Page_JClient/select_NoneOne minor issue - G'  using regular expression

2019-01-26 13:24:08 - [MESSAGE][PASSED] - All options with value 'TWO_TO_FOUR_MINOR_ISSU_SATI' are selected in object 'Object Repository/FSM1/NCP/Complete Inspection/Edit Attributes/Page_JClient/select_NoneOne minor issue - G'  using regular expression

2019-01-26 13:24:08 - [TEST_STEP][PASSED] - selectOptionByValue(findTestObject("Object Repository/FSM1/NCP/Complete Inspection/Edit Attributes/Page_JClient/select_NoneOne minor issue - G"), "ONE_MAJOR_OR_FIVE_MINO_ISSU", true, STOP_ON_FAILURE): All options with value 'ONE_MAJOR_OR_FIVE_MINO_ISSU' are selected in object 'Object Repository/FSM1/NCP/Complete Inspection/Edit Attributes/Page_JClient/select_NoneOne minor issue - G'  using regular expression

2019-01-26 13:24:08 - [MESSAGE][PASSED] - All options with value 'ONE_MAJOR_OR_FIVE_MINO_ISSU' are selected in object 'Object Repository/FSM1/NCP/Complete Inspection/Edit Attributes/Page_JClient/select_NoneOne minor issue - G'  using regular expression

2019-01-26 13:24:08 - [TEST_STEP][PASSED] - setText(findTestObject("Object Repository/FSM1/NCP/Page_JClient/textarea_Specify_gwt-TextArea"), "Test Automation"): Text 'Test Automation' is set on object 'Object Repository/FSM1/NCP/Page_JClient/textarea_Specify_gwt-TextArea'

2019-01-26 13:24:08 - [MESSAGE][PASSED] - Text 'Test Automation' is set on object 'Object Repository/FSM1/NCP/Page_JClient/textarea_Specify_gwt-TextArea'

2019-01-26 13:24:08 - [TEST_STEP][PASSED] - click(findTestObject("FSM1/NCP/Page_JClient/Page_JClient/img_Signature_gwt-Image_TOP")): Object: 'Object Repository/FSM1/NCP/Page_JClient/Page_JClient/img_Signature_gwt-Image_TOP' is clicked on

2019-01-26 13:24:08 - [MESSAGE][PASSED] - Object: 'Object Repository/FSM1/NCP/Page_JClient/Page_JClient/img_Signature_gwt-Image_TOP' is clicked on

2019-01-26 13:24:08 - [TEST_STEP][PASSED] - delay(2): Delayed 2 second(s)

2019-01-26 13:24:10 - [MESSAGE][PASSED] - Delayed 2 second(s)

2019-01-26 13:24:10 - [TEST_STEP][PASSED] - click(findTestObject("Object Repository/FSM1/NCP/Page_JClient/img_Signature_gwt-Image")): Object: 'Object Repository/FSM1/NCP/Page_JClient/img_Signature_gwt-Image' is clicked on

2019-01-26 13:24:10 - [MESSAGE][PASSED] - Object: 'Object Repository/FSM1/NCP/Page_JClient/img_Signature_gwt-Image' is clicked on

2019-01-26 13:24:10 - [TEST_STEP][PASSED] - mydate = new java.util.Date(): null

2019-01-26 13:24:10 - [TEST_STEP][PASSED] - formattedDate = mydate.format("dd/MM/yyyy"): null

2019-01-26 13:24:10 - [TEST_STEP][PASSED] - sendKeys(findTestObject("FSM1/NCP/Page_JClient/Page_JClient/input_If non-compliant Date"), formattedDate): Keys '26/01/2019' sent to object: 'Object Repository/FSM1/NCP/Page_JClient/Page_JClient/input_If non-compliant Date'

2019-01-26 13:24:11 - [MESSAGE][PASSED] - Keys '26/01/2019' sent to object: 'Object Repository/FSM1/NCP/Page_JClient/Page_JClient/input_If non-compliant Date'

2019-01-26 13:24:11 - [TEST_STEP][PASSED] - selectOptionByValue(findTestObject("Object Repository/FSM1/NCP/Page_JClient/select_NorthScotlandSouthernWa"), "NORTH", true): All options with value 'NORTH' are selected in object 'Object Repository/FSM1/NCP/Page_JClient/select_NorthScotlandSouthernWa'  using regular expression

2019-01-26 13:24:12 - [MESSAGE][PASSED] - All options with value 'NORTH' are selected in object 'Object Repository/FSM1/NCP/Page_JClient/select_NorthScotlandSouthernWa'  using regular expression

2019-01-26 13:24:12 - [TEST_STEP][PASSED] - selectOptionByValue(findTestObject("FSM1/NCP/Page_JClient/select_LeadVet"), "NORTH_LEAD_VET", true): All options with value 'NORTH_LEAD_VET' are selected in object 'Object Repository/FSM1/NCP/Page_JClient/select_LeadVet'  using regular expression

2019-01-26 13:24:12 - [MESSAGE][PASSED] - All options with value 'NORTH_LEAD_VET' are selected in object 'Object Repository/FSM1/NCP/Page_JClient/select_LeadVet'  using regular expression

2019-01-26 13:24:12 - [TEST_STEP][PASSED] - click(findTestObject("FSM1/NCP/Complete Inspection/Edit Attributes/Page_JClient/div_Save - Biosecurity")): Object: 'Object Repository/FSM1/NCP/Complete Inspection/Edit Attributes/Page_JClient/div_Save - Biosecurity' is clicked on

2019-01-26 13:24:12 - [MESSAGE][PASSED] - Object: 'Object Repository/FSM1/NCP/Complete Inspection/Edit Attributes/Page_JClient/div_Save - Biosecurity' is clicked on

2019-01-26 13:24:12 - [TEST_STEP][PASSED] - delay(2): Delayed 2 second(s)

2019-01-26 13:24:14 - [MESSAGE][PASSED] - Delayed 2 second(s)

2019-01-26 13:24:14 - [TEST_STEP][PASSED] - click(findTestObject("Object Repository/FSM1/NCP/Complete Inspection/Edit Attributes/Page_JClient/div_Save")): Object: 'Object Repository/FSM1/NCP/Complete Inspection/Edit Attributes/Page_JClient/div_Save' is clicked on

2019-01-26 13:24:14 - [MESSAGE][PASSED] - Object: 'Object Repository/FSM1/NCP/Complete Inspection/Edit Attributes/Page_JClient/div_Save' is clicked on]]></system-out>
         <system-err><![CDATA[]]></system-err>
      </testcase>
      <testcase name="Test Cases/NCP/Generic/NCP Turkey Samples" classname="Test Cases/NCP/Generic/NCP Turkey Samples" status="PASSED">
         <system-out><![CDATA[2019-01-26 13:24:14 - [TEST_CASE][PASSED] - Test Cases/NCP/Generic/NCP Turkey Samples: Test Cases/NCP/Generic/NCP Turkey Samples

2019-01-26 13:24:15 - [TEST_STEP][PASSED] - SampleType = modifyObjectProperty(findTestObject("Object Repository/FSM1/NCP/Complete Inspection/Breeding Chicken Samples/Page_JClient/div_Breeding Chicken Samples"), "text", "equals", SampleType, true): Modify property of object successfully

2019-01-26 13:24:15 - [MESSAGE][PASSED] - Modify property of object successfully

2019-01-26 13:24:15 - [TEST_STEP][PASSED] - click(SampleType, STOP_ON_FAILURE): Object: 'Object Repository/FSM1/NCP/Complete Inspection/Breeding Chicken Samples/Page_JClient/div_Breeding Chicken Samples' is clicked on

2019-01-26 13:24:15 - [MESSAGE][PASSED] - Object: 'Object Repository/FSM1/NCP/Complete Inspection/Breeding Chicken Samples/Page_JClient/div_Breeding Chicken Samples' is clicked on

2019-01-26 13:24:15 - [TEST_STEP][PASSED] - click(findTestObject("Object Repository/FSM1/NCP/Complete Inspection/Turkey Samples/Page_JClient/div_Create_GFNJNYPCEYB GFNJNYP")): Object: 'Object Repository/FSM1/NCP/Complete Inspection/Turkey Samples/Page_JClient/div_Create_GFNJNYPCEYB GFNJNYP' is clicked on

2019-01-26 13:24:16 - [MESSAGE][PASSED] - Object: 'Object Repository/FSM1/NCP/Complete Inspection/Turkey Samples/Page_JClient/div_Create_GFNJNYPCEYB GFNJNYP' is clicked on

2019-01-26 13:24:16 - [TEST_STEP][PASSED] - delay(2): Delayed 2 second(s)

2019-01-26 13:24:18 - [MESSAGE][PASSED] - Delayed 2 second(s)

2019-01-26 13:24:18 - [TEST_STEP][PASSED] - setText(findTestObject("Object Repository/FSM1/NCP/Complete Inspection/Turkey Samples/Page_JClient/input_House_gwt-TextBox GFNJNY"), "10"): Text '10' is set on object 'Object Repository/FSM1/NCP/Complete Inspection/Turkey Samples/Page_JClient/input_House_gwt-TextBox GFNJNY'

2019-01-26 13:24:18 - [MESSAGE][PASSED] - Text '10' is set on object 'Object Repository/FSM1/NCP/Complete Inspection/Turkey Samples/Page_JClient/input_House_gwt-TextBox GFNJNY'

2019-01-26 13:24:18 - [TEST_STEP][PASSED] - selectOptionByValue(findTestObject("Object Repository/FSM1/NCP/Complete Inspection/Turkey Samples/Page_JClient/select_JanuaryFebruaryMarchApr"), "11", true): All options with value '11' are selected in object 'Object Repository/FSM1/NCP/Complete Inspection/Turkey Samples/Page_JClient/select_JanuaryFebruaryMarchApr'  using regular expression

2019-01-26 13:24:18 - [MESSAGE][PASSED] - All options with value '11' are selected in object 'Object Repository/FSM1/NCP/Complete Inspection/Turkey Samples/Page_JClient/select_JanuaryFebruaryMarchApr'  using regular expression

2019-01-26 13:24:18 - [TEST_STEP][PASSED] - selectOptionByValue(findTestObject("Object Repository/FSM1/NCP/Complete Inspection/Turkey Samples/Page_JClient/select_20102011201220132014201"), "2019", true): All options with value '2019' are selected in object 'Object Repository/FSM1/NCP/Complete Inspection/Turkey Samples/Page_JClient/select_20102011201220132014201'  using regular expression

2019-01-26 13:24:19 - [MESSAGE][PASSED] - All options with value '2019' are selected in object 'Object Repository/FSM1/NCP/Complete Inspection/Turkey Samples/Page_JClient/select_20102011201220132014201'  using regular expression

2019-01-26 13:24:19 - [TEST_STEP][PASSED] - selectOptionByValue(findTestObject("Object Repository/FSM1/NCP/Complete Inspection/Turkey Samples/Page_JClient/select_Turkey Fattener flockTu"), "TPTURKEY_FATTENING_FLOCKS", true): All options with value 'TPTURKEY_FATTENING_FLOCKS' are selected in object 'Object Repository/FSM1/NCP/Complete Inspection/Turkey Samples/Page_JClient/select_Turkey Fattener flockTu'  using regular expression

2019-01-26 13:24:19 - [MESSAGE][PASSED] - All options with value 'TPTURKEY_FATTENING_FLOCKS' are selected in object 'Object Repository/FSM1/NCP/Complete Inspection/Turkey Samples/Page_JClient/select_Turkey Fattener flockTu'  using regular expression

2019-01-26 13:24:19 - [TEST_STEP][PASSED] - selectOptionByValue(findTestObject("Object Repository/FSM1/NCP/Complete Inspection/Turkey Samples/Page_JClient/select_Turkey Fattener flockTu"), "TPTURKEY_PARENT_FLOCKS", true): All options with value 'TPTURKEY_PARENT_FLOCKS' are selected in object 'Object Repository/FSM1/NCP/Complete Inspection/Turkey Samples/Page_JClient/select_Turkey Fattener flockTu'  using regular expression

2019-01-26 13:24:19 - [MESSAGE][PASSED] - All options with value 'TPTURKEY_PARENT_FLOCKS' are selected in object 'Object Repository/FSM1/NCP/Complete Inspection/Turkey Samples/Page_JClient/select_Turkey Fattener flockTu'  using regular expression

2019-01-26 13:24:19 - [TEST_STEP][PASSED] - selectOptionByValue(findTestObject("Object Repository/FSM1/NCP/Complete Inspection/Turkey Samples/Page_JClient/select_Turkey Fattener flockTu"), "TGPTURKEY_GRANDPAREN_FLOCKS", true): All options with value 'TGPTURKEY_GRANDPAREN_FLOCKS' are selected in object 'Object Repository/FSM1/NCP/Complete Inspection/Turkey Samples/Page_JClient/select_Turkey Fattener flockTu'  using regular expression

2019-01-26 13:24:20 - [MESSAGE][PASSED] - All options with value 'TGPTURKEY_GRANDPAREN_FLOCKS' are selected in object 'Object Repository/FSM1/NCP/Complete Inspection/Turkey Samples/Page_JClient/select_Turkey Fattener flockTu'  using regular expression

2019-01-26 13:24:20 - [TEST_STEP][PASSED] - selectOptionByValue(findTestObject("Object Repository/FSM1/NCP/Complete Inspection/Turkey Samples/Page_JClient/select_Turkey Fattener flockTu"), "TGGPTUR_GREAT_GRANDP_FLOCKS", true): All options with value 'TGGPTUR_GREAT_GRANDP_FLOCKS' are selected in object 'Object Repository/FSM1/NCP/Complete Inspection/Turkey Samples/Page_JClient/select_Turkey Fattener flockTu'  using regular expression

2019-01-26 13:24:20 - [MESSAGE][PASSED] - All options with value 'TGGPTUR_GREAT_GRANDP_FLOCKS' are selected in object 'Object Repository/FSM1/NCP/Complete Inspection/Turkey Samples/Page_JClient/select_Turkey Fattener flockTu'  using regular expression

2019-01-26 13:24:20 - [TEST_STEP][PASSED] - click(findTestObject("Object Repository/FSM1/NCP/Complete Inspection/Turkey Samples/Page_JClient/input_Is this the first sampli")): Object: 'Object Repository/FSM1/NCP/Complete Inspection/Turkey Samples/Page_JClient/input_Is this the first sampli' is clicked on

2019-01-26 13:24:20 - [MESSAGE][PASSED] - Object: 'Object Repository/FSM1/NCP/Complete Inspection/Turkey Samples/Page_JClient/input_Is this the first sampli' is clicked on

2019-01-26 13:24:20 - [TEST_STEP][PASSED] - setText(findTestObject("Object Repository/FSM1/NCP/Complete Inspection/Turkey Samples/Page_JClient/input_Age of flock sampled (we"), "12"): Text '12' is set on object 'Object Repository/FSM1/NCP/Complete Inspection/Turkey Samples/Page_JClient/input_Age of flock sampled (we'

2019-01-26 13:24:20 - [MESSAGE][PASSED] - Text '12' is set on object 'Object Repository/FSM1/NCP/Complete Inspection/Turkey Samples/Page_JClient/input_Age of flock sampled (we'

2019-01-26 13:24:20 - [TEST_STEP][PASSED] - setText(findTestObject("Object Repository/FSM1/NCP/Complete Inspection/Turkey Samples/Page_JClient/input_No. of birds in flock_gw"), "120"): Text '120' is set on object 'Object Repository/FSM1/NCP/Complete Inspection/Turkey Samples/Page_JClient/input_No. of birds in flock_gw'

2019-01-26 13:24:20 - [MESSAGE][PASSED] - Text '120' is set on object 'Object Repository/FSM1/NCP/Complete Inspection/Turkey Samples/Page_JClient/input_No. of birds in flock_gw'

2019-01-26 13:24:20 - [TEST_STEP][PASSED] - mydate = new java.util.Date(): null

2019-01-26 13:24:20 - [TEST_STEP][PASSED] - formattedDate = mydate.format("dd/MM/yyyy"): null

2019-01-26 13:24:20 - [TEST_STEP][PASSED] - sendKeys(findTestObject("FSM1/NCP/Complete Inspection/Turkey Samples/Page_JClient/input_Intended date of slaught"), formattedDate): Keys '26/01/2019' sent to object: 'Object Repository/FSM1/NCP/Complete Inspection/Turkey Samples/Page_JClient/input_Intended date of slaught'

2019-01-26 13:24:21 - [MESSAGE][PASSED] - Keys '26/01/2019' sent to object: 'Object Repository/FSM1/NCP/Complete Inspection/Turkey Samples/Page_JClient/input_Intended date of slaught'

2019-01-26 13:24:21 - [TEST_STEP][PASSED] - click(findTestObject("Object Repository/FSM1/NCP/Complete Inspection/Turkey Samples/Page_JClient/input_Flock treated with antib")): Object: 'Object Repository/FSM1/NCP/Complete Inspection/Turkey Samples/Page_JClient/input_Flock treated with antib' is clicked on

2019-01-26 13:24:21 - [MESSAGE][PASSED] - Object: 'Object Repository/FSM1/NCP/Complete Inspection/Turkey Samples/Page_JClient/input_Flock treated with antib' is clicked on

2019-01-26 13:24:21 - [TEST_STEP][PASSED] - setText(findTestObject("Object Repository/FSM1/NCP/Complete Inspection/Turkey Samples/Page_JClient/textarea_Details of antibiotic"), "Test automation"): Text 'Test automation' is set on object 'Object Repository/FSM1/NCP/Complete Inspection/Turkey Samples/Page_JClient/textarea_Details of antibiotic'

2019-01-26 13:24:21 - [MESSAGE][PASSED] - Text 'Test automation' is set on object 'Object Repository/FSM1/NCP/Complete Inspection/Turkey Samples/Page_JClient/textarea_Details of antibiotic'

2019-01-26 13:24:21 - [TEST_STEP][PASSED] - selectOptionByValue(findTestObject("Object Repository/FSM1/NCP/Complete Inspection/Turkey Samples/Page_JClient/select_5 pairs boot swabs1 pai"), "5_PAIRS_BOOT_SWABS", true): All options with value '5_PAIRS_BOOT_SWABS' are selected in object 'Object Repository/FSM1/NCP/Complete Inspection/Turkey Samples/Page_JClient/select_5 pairs boot swabs1 pai'  using regular expression

2019-01-26 13:24:22 - [MESSAGE][PASSED] - All options with value '5_PAIRS_BOOT_SWABS' are selected in object 'Object Repository/FSM1/NCP/Complete Inspection/Turkey Samples/Page_JClient/select_5 pairs boot swabs1 pai'  using regular expression

2019-01-26 13:24:22 - [TEST_STEP][PASSED] - selectOptionByValue(findTestObject("Object Repository/FSM1/NCP/Complete Inspection/Turkey Samples/Page_JClient/select_5 pairs boot swabs1 pai"), "1_PAIR_BOOT_SWABS_AND_1DUST", true): All options with value '1_PAIR_BOOT_SWABS_AND_1DUST' are selected in object 'Object Repository/FSM1/NCP/Complete Inspection/Turkey Samples/Page_JClient/select_5 pairs boot swabs1 pai'  using regular expression

2019-01-26 13:24:22 - [MESSAGE][PASSED] - All options with value '1_PAIR_BOOT_SWABS_AND_1DUST' are selected in object 'Object Repository/FSM1/NCP/Complete Inspection/Turkey Samples/Page_JClient/select_5 pairs boot swabs1 pai'  using regular expression

2019-01-26 13:24:22 - [TEST_STEP][PASSED] - selectOptionByValue(findTestObject("Object Repository/FSM1/NCP/Complete Inspection/Turkey Samples/Page_JClient/select_5 pairs boot swabs1 pai"), "2_PAIRS_BOOT_SWABS", true): All options with value '2_PAIRS_BOOT_SWABS' are selected in object 'Object Repository/FSM1/NCP/Complete Inspection/Turkey Samples/Page_JClient/select_5 pairs boot swabs1 pai'  using regular expression

2019-01-26 13:24:22 - [MESSAGE][PASSED] - All options with value '2_PAIRS_BOOT_SWABS' are selected in object 'Object Repository/FSM1/NCP/Complete Inspection/Turkey Samples/Page_JClient/select_5 pairs boot swabs1 pai'  using regular expression

2019-01-26 13:24:22 - [TEST_STEP][PASSED] - selectOptionByValue(findTestObject("Object Repository/FSM1/NCP/Complete Inspection/Turkey Samples/Page_JClient/select_5 pairs boot swabs1 pai"), "4_HAND_FAECAL_SWABS", true): All options with value '4_HAND_FAECAL_SWABS' are selected in object 'Object Repository/FSM1/NCP/Complete Inspection/Turkey Samples/Page_JClient/select_5 pairs boot swabs1 pai'  using regular expression

2019-01-26 13:24:22 - [MESSAGE][PASSED] - All options with value '4_HAND_FAECAL_SWABS' are selected in object 'Object Repository/FSM1/NCP/Complete Inspection/Turkey Samples/Page_JClient/select_5 pairs boot swabs1 pai'  using regular expression

2019-01-26 13:24:22 - [TEST_STEP][PASSED] - click(findTestObject("Object Repository/FSM1/NCP/Complete Inspection/Turkey Samples/Page_JClient/div_Save")): Object: 'Object Repository/FSM1/NCP/Complete Inspection/Turkey Samples/Page_JClient/div_Save' is clicked on

2019-01-26 13:24:22 - [MESSAGE][PASSED] - Object: 'Object Repository/FSM1/NCP/Complete Inspection/Turkey Samples/Page_JClient/div_Save' is clicked on]]></system-out>
         <system-err><![CDATA[]]></system-err>
      </testcase>
      <testcase name="Test Cases/NCP/Generic/NCP Turkey Samples 2" classname="Test Cases/NCP/Generic/NCP Turkey Samples 2" status="PASSED">
         <system-out><![CDATA[2019-01-26 13:24:22 - [TEST_CASE][PASSED] - Test Cases/NCP/Generic/NCP Turkey Samples 2: Test Cases/NCP/Generic/NCP Turkey Samples 2

2019-01-26 13:24:23 - [TEST_STEP][PASSED] - SampleType = modifyObjectProperty(findTestObject("Object Repository/FSM1/NCP/Complete Inspection/Breeding Chicken Samples/Page_JClient/div_Breeding Chicken Samples"), "text", "equals", SampleType, true): Modify property of object successfully

2019-01-26 13:24:23 - [MESSAGE][PASSED] - Modify property of object successfully

2019-01-26 13:24:23 - [TEST_STEP][PASSED] - click(SampleType, STOP_ON_FAILURE): Object: 'Object Repository/FSM1/NCP/Complete Inspection/Breeding Chicken Samples/Page_JClient/div_Breeding Chicken Samples' is clicked on

2019-01-26 13:24:23 - [MESSAGE][PASSED] - Object: 'Object Repository/FSM1/NCP/Complete Inspection/Breeding Chicken Samples/Page_JClient/div_Breeding Chicken Samples' is clicked on

2019-01-26 13:24:23 - [TEST_STEP][PASSED] - click(findTestObject("Object Repository/FSM1/NCP/Complete Inspection/Turkey Samples/Samples 2/Page_JClient/div_Create_GFNJNYPCEYB GFNJNYP")): Object: 'Object Repository/FSM1/NCP/Complete Inspection/Turkey Samples/Samples 2/Page_JClient/div_Create_GFNJNYPCEYB GFNJNYP' is clicked on

2019-01-26 13:24:23 - [MESSAGE][PASSED] - Object: 'Object Repository/FSM1/NCP/Complete Inspection/Turkey Samples/Samples 2/Page_JClient/div_Create_GFNJNYPCEYB GFNJNYP' is clicked on

2019-01-26 13:24:23 - [TEST_STEP][PASSED] - delay(2): Delayed 2 second(s)

2019-01-26 13:24:26 - [MESSAGE][PASSED] - Delayed 2 second(s)

2019-01-26 13:24:26 - [TEST_STEP][PASSED] - setText(findTestObject("Object Repository/FSM1/NCP/Complete Inspection/Turkey Samples/Samples 2/Page_JClient/input_House_gwt-TextBox GFNJNY"), "10"): Text '10' is set on object 'Object Repository/FSM1/NCP/Complete Inspection/Turkey Samples/Samples 2/Page_JClient/input_House_gwt-TextBox GFNJNY'

2019-01-26 13:24:26 - [MESSAGE][PASSED] - Text '10' is set on object 'Object Repository/FSM1/NCP/Complete Inspection/Turkey Samples/Samples 2/Page_JClient/input_House_gwt-TextBox GFNJNY'

2019-01-26 13:24:26 - [TEST_STEP][PASSED] - selectOptionByValue(findTestObject("Object Repository/FSM1/NCP/Complete Inspection/Turkey Samples/Samples 2/Page_JClient/select_JanuaryFebruaryMarchApr"), "11", true): All options with value '11' are selected in object 'Object Repository/FSM1/NCP/Complete Inspection/Turkey Samples/Samples 2/Page_JClient/select_JanuaryFebruaryMarchApr'  using regular expression

2019-01-26 13:24:26 - [MESSAGE][PASSED] - All options with value '11' are selected in object 'Object Repository/FSM1/NCP/Complete Inspection/Turkey Samples/Samples 2/Page_JClient/select_JanuaryFebruaryMarchApr'  using regular expression

2019-01-26 13:24:26 - [TEST_STEP][PASSED] - selectOptionByValue(findTestObject("Object Repository/FSM1/NCP/Complete Inspection/Turkey Samples/Samples 2/Page_JClient/select_20102011201220132014201"), "2019", true): All options with value '2019' are selected in object 'Object Repository/FSM1/NCP/Complete Inspection/Turkey Samples/Samples 2/Page_JClient/select_20102011201220132014201'  using regular expression

2019-01-26 13:24:27 - [MESSAGE][PASSED] - All options with value '2019' are selected in object 'Object Repository/FSM1/NCP/Complete Inspection/Turkey Samples/Samples 2/Page_JClient/select_20102011201220132014201'  using regular expression

2019-01-26 13:24:27 - [TEST_STEP][PASSED] - selectOptionByValue(findTestObject("Object Repository/FSM1/NCP/Complete Inspection/Turkey Samples/Samples 2/Page_JClient/select_Turkey Fattener flockTu"), "TPTURKEY_FATTENING_FLOCKS", true): All options with value 'TPTURKEY_FATTENING_FLOCKS' are selected in object 'Object Repository/FSM1/NCP/Complete Inspection/Turkey Samples/Samples 2/Page_JClient/select_Turkey Fattener flockTu'  using regular expression

2019-01-26 13:24:27 - [MESSAGE][PASSED] - All options with value 'TPTURKEY_FATTENING_FLOCKS' are selected in object 'Object Repository/FSM1/NCP/Complete Inspection/Turkey Samples/Samples 2/Page_JClient/select_Turkey Fattener flockTu'  using regular expression

2019-01-26 13:24:27 - [TEST_STEP][PASSED] - selectOptionByValue(findTestObject("Object Repository/FSM1/NCP/Complete Inspection/Turkey Samples/Samples 2/Page_JClient/select_Turkey Fattener flockTu"), "TPTURKEY_PARENT_FLOCKS", true): All options with value 'TPTURKEY_PARENT_FLOCKS' are selected in object 'Object Repository/FSM1/NCP/Complete Inspection/Turkey Samples/Samples 2/Page_JClient/select_Turkey Fattener flockTu'  using regular expression

2019-01-26 13:24:27 - [MESSAGE][PASSED] - All options with value 'TPTURKEY_PARENT_FLOCKS' are selected in object 'Object Repository/FSM1/NCP/Complete Inspection/Turkey Samples/Samples 2/Page_JClient/select_Turkey Fattener flockTu'  using regular expression

2019-01-26 13:24:27 - [TEST_STEP][PASSED] - selectOptionByValue(findTestObject("Object Repository/FSM1/NCP/Complete Inspection/Turkey Samples/Samples 2/Page_JClient/select_Turkey Fattener flockTu"), "TGPTURKEY_GRANDPAREN_FLOCKS", true): All options with value 'TGPTURKEY_GRANDPAREN_FLOCKS' are selected in object 'Object Repository/FSM1/NCP/Complete Inspection/Turkey Samples/Samples 2/Page_JClient/select_Turkey Fattener flockTu'  using regular expression

2019-01-26 13:24:27 - [MESSAGE][PASSED] - All options with value 'TGPTURKEY_GRANDPAREN_FLOCKS' are selected in object 'Object Repository/FSM1/NCP/Complete Inspection/Turkey Samples/Samples 2/Page_JClient/select_Turkey Fattener flockTu'  using regular expression

2019-01-26 13:24:27 - [TEST_STEP][PASSED] - selectOptionByValue(findTestObject("Object Repository/FSM1/NCP/Complete Inspection/Turkey Samples/Samples 2/Page_JClient/select_Turkey Fattener flockTu"), "TGGPTUR_GREAT_GRANDP_FLOCKS", true): All options with value 'TGGPTUR_GREAT_GRANDP_FLOCKS' are selected in object 'Object Repository/FSM1/NCP/Complete Inspection/Turkey Samples/Samples 2/Page_JClient/select_Turkey Fattener flockTu'  using regular expression

2019-01-26 13:24:28 - [MESSAGE][PASSED] - All options with value 'TGGPTUR_GREAT_GRANDP_FLOCKS' are selected in object 'Object Repository/FSM1/NCP/Complete Inspection/Turkey Samples/Samples 2/Page_JClient/select_Turkey Fattener flockTu'  using regular expression

2019-01-26 13:24:28 - [TEST_STEP][PASSED] - click(findTestObject("Object Repository/FSM1/NCP/Complete Inspection/Turkey Samples/Samples 2/Page_JClient/input_Is this the first sampli")): Object: 'Object Repository/FSM1/NCP/Complete Inspection/Turkey Samples/Samples 2/Page_JClient/input_Is this the first sampli' is clicked on

2019-01-26 13:24:28 - [MESSAGE][PASSED] - Object: 'Object Repository/FSM1/NCP/Complete Inspection/Turkey Samples/Samples 2/Page_JClient/input_Is this the first sampli' is clicked on

2019-01-26 13:24:28 - [TEST_STEP][PASSED] - setText(findTestObject("Object Repository/FSM1/NCP/Complete Inspection/Turkey Samples/Samples 2/Page_JClient/input_Age of flock sampled (we"), "12"): Text '12' is set on object 'Object Repository/FSM1/NCP/Complete Inspection/Turkey Samples/Samples 2/Page_JClient/input_Age of flock sampled (we'

2019-01-26 13:24:28 - [MESSAGE][PASSED] - Text '12' is set on object 'Object Repository/FSM1/NCP/Complete Inspection/Turkey Samples/Samples 2/Page_JClient/input_Age of flock sampled (we'

2019-01-26 13:24:28 - [TEST_STEP][PASSED] - setText(findTestObject("Object Repository/FSM1/NCP/Complete Inspection/Turkey Samples/Samples 2/Page_JClient/input_No. of birds in flock_gw"), "120"): Text '120' is set on object 'Object Repository/FSM1/NCP/Complete Inspection/Turkey Samples/Samples 2/Page_JClient/input_No. of birds in flock_gw'

2019-01-26 13:24:28 - [MESSAGE][PASSED] - Text '120' is set on object 'Object Repository/FSM1/NCP/Complete Inspection/Turkey Samples/Samples 2/Page_JClient/input_No. of birds in flock_gw'

2019-01-26 13:24:28 - [TEST_STEP][PASSED] - delay(2): Delayed 2 second(s)

2019-01-26 13:24:30 - [MESSAGE][PASSED] - Delayed 2 second(s)

2019-01-26 13:24:30 - [TEST_STEP][PASSED] - mydate = new java.util.Date(): null

2019-01-26 13:24:30 - [TEST_STEP][PASSED] - formattedDate = mydate.format("dd/MM/yyyy"): null

2019-01-26 13:24:30 - [TEST_STEP][PASSED] - sendKeys(findTestObject("FSM1/NCP/Complete Inspection/Turkey Samples/Page_JClient/input_Intended date of slaught 2"), formattedDate): Keys '26/01/2019' sent to object: 'Object Repository/FSM1/NCP/Complete Inspection/Turkey Samples/Page_JClient/input_Intended date of slaught 2'

2019-01-26 13:24:31 - [MESSAGE][PASSED] - Keys '26/01/2019' sent to object: 'Object Repository/FSM1/NCP/Complete Inspection/Turkey Samples/Page_JClient/input_Intended date of slaught 2'

2019-01-26 13:24:31 - [TEST_STEP][PASSED] - click(findTestObject("Object Repository/FSM1/NCP/Complete Inspection/Turkey Samples/Samples 2/Page_JClient/input_Flock treated with antib")): Object: 'Object Repository/FSM1/NCP/Complete Inspection/Turkey Samples/Samples 2/Page_JClient/input_Flock treated with antib' is clicked on

2019-01-26 13:24:31 - [MESSAGE][PASSED] - Object: 'Object Repository/FSM1/NCP/Complete Inspection/Turkey Samples/Samples 2/Page_JClient/input_Flock treated with antib' is clicked on

2019-01-26 13:24:31 - [TEST_STEP][PASSED] - setText(findTestObject("Object Repository/FSM1/NCP/Complete Inspection/Turkey Samples/Samples 2/Page_JClient/textarea_Details of antibiotic"), "Test automation"): Text 'Test automation' is set on object 'Object Repository/FSM1/NCP/Complete Inspection/Turkey Samples/Samples 2/Page_JClient/textarea_Details of antibiotic'

2019-01-26 13:24:31 - [MESSAGE][PASSED] - Text 'Test automation' is set on object 'Object Repository/FSM1/NCP/Complete Inspection/Turkey Samples/Samples 2/Page_JClient/textarea_Details of antibiotic'

2019-01-26 13:24:31 - [TEST_STEP][PASSED] - selectOptionByValue(findTestObject("Object Repository/FSM1/NCP/Complete Inspection/Turkey Samples/Samples 2/Page_JClient/select_5 pairs boot swabs1 pai"), "5_PAIRS_BOOT_SWABS", true): All options with value '5_PAIRS_BOOT_SWABS' are selected in object 'Object Repository/FSM1/NCP/Complete Inspection/Turkey Samples/Samples 2/Page_JClient/select_5 pairs boot swabs1 pai'  using regular expression

2019-01-26 13:24:31 - [MESSAGE][PASSED] - All options with value '5_PAIRS_BOOT_SWABS' are selected in object 'Object Repository/FSM1/NCP/Complete Inspection/Turkey Samples/Samples 2/Page_JClient/select_5 pairs boot swabs1 pai'  using regular expression

2019-01-26 13:24:31 - [TEST_STEP][PASSED] - selectOptionByValue(findTestObject("Object Repository/FSM1/NCP/Complete Inspection/Turkey Samples/Samples 2/Page_JClient/select_5 pairs boot swabs1 pai"), "1_PAIR_BOOT_SWABS_AND_1DUST", true): All options with value '1_PAIR_BOOT_SWABS_AND_1DUST' are selected in object 'Object Repository/FSM1/NCP/Complete Inspection/Turkey Samples/Samples 2/Page_JClient/select_5 pairs boot swabs1 pai'  using regular expression

2019-01-26 13:24:32 - [MESSAGE][PASSED] - All options with value '1_PAIR_BOOT_SWABS_AND_1DUST' are selected in object 'Object Repository/FSM1/NCP/Complete Inspection/Turkey Samples/Samples 2/Page_JClient/select_5 pairs boot swabs1 pai'  using regular expression

2019-01-26 13:24:32 - [TEST_STEP][PASSED] - selectOptionByValue(findTestObject("Object Repository/FSM1/NCP/Complete Inspection/Turkey Samples/Samples 2/Page_JClient/select_5 pairs boot swabs1 pai"), "2_PAIRS_BOOT_SWABS", true): All options with value '2_PAIRS_BOOT_SWABS' are selected in object 'Object Repository/FSM1/NCP/Complete Inspection/Turkey Samples/Samples 2/Page_JClient/select_5 pairs boot swabs1 pai'  using regular expression

2019-01-26 13:24:32 - [MESSAGE][PASSED] - All options with value '2_PAIRS_BOOT_SWABS' are selected in object 'Object Repository/FSM1/NCP/Complete Inspection/Turkey Samples/Samples 2/Page_JClient/select_5 pairs boot swabs1 pai'  using regular expression

2019-01-26 13:24:32 - [TEST_STEP][PASSED] - selectOptionByValue(findTestObject("Object Repository/FSM1/NCP/Complete Inspection/Turkey Samples/Samples 2/Page_JClient/select_5 pairs boot swabs1 pai"), "4_HAND_FAECAL_SWABS", true): All options with value '4_HAND_FAECAL_SWABS' are selected in object 'Object Repository/FSM1/NCP/Complete Inspection/Turkey Samples/Samples 2/Page_JClient/select_5 pairs boot swabs1 pai'  using regular expression

2019-01-26 13:24:32 - [MESSAGE][PASSED] - All options with value '4_HAND_FAECAL_SWABS' are selected in object 'Object Repository/FSM1/NCP/Complete Inspection/Turkey Samples/Samples 2/Page_JClient/select_5 pairs boot swabs1 pai'  using regular expression

2019-01-26 13:24:32 - [TEST_STEP][PASSED] - click(findTestObject("Object Repository/FSM1/NCP/Complete Inspection/Turkey Samples/Samples 2/Page_JClient/div_Save")): Object: 'Object Repository/FSM1/NCP/Complete Inspection/Turkey Samples/Samples 2/Page_JClient/div_Save' is clicked on

2019-01-26 13:24:32 - [MESSAGE][PASSED] - Object: 'Object Repository/FSM1/NCP/Complete Inspection/Turkey Samples/Samples 2/Page_JClient/div_Save' is clicked on]]></system-out>
         <system-err><![CDATA[]]></system-err>
      </testcase>
      <testcase name="Test Cases/NCP/Generic/NCP Inspection - Complete" classname="Test Cases/NCP/Generic/NCP Inspection - Complete" status="PASSED">
         <system-out><![CDATA[2019-01-26 13:24:32 - [TEST_CASE][PASSED] - Test Cases/NCP/Generic/NCP Inspection - Complete: Test Cases/NCP/Generic/NCP Inspection - Complete

2019-01-26 13:24:33 - [TEST_STEP][PASSED] - click(findTestObject("Object Repository/FSM1/NCP/Complete Inspection/Complete Inspection/Page_JClient/div_STARTED")): Object: 'Object Repository/FSM1/NCP/Complete Inspection/Complete Inspection/Page_JClient/div_STARTED' is clicked on

2019-01-26 13:24:33 - [MESSAGE][PASSED] - Object: 'Object Repository/FSM1/NCP/Complete Inspection/Complete Inspection/Page_JClient/div_STARTED' is clicked on

2019-01-26 13:24:33 - [TEST_STEP][PASSED] - delay(2): Delayed 2 second(s)

2019-01-26 13:24:35 - [MESSAGE][PASSED] - Delayed 2 second(s)

2019-01-26 13:24:35 - [TEST_STEP][PASSED] - click(findTestObject("Object Repository/FSM1/NCP/Complete Inspection/Complete Inspection/Page_JClient/div_COMPLETED")): Object: 'Object Repository/FSM1/NCP/Complete Inspection/Complete Inspection/Page_JClient/div_COMPLETED' is clicked on

2019-01-26 13:24:35 - [MESSAGE][PASSED] - Object: 'Object Repository/FSM1/NCP/Complete Inspection/Complete Inspection/Page_JClient/div_COMPLETED' is clicked on

2019-01-26 13:24:35 - [TEST_STEP][PASSED] - delay(2): Delayed 2 second(s)

2019-01-26 13:24:37 - [MESSAGE][PASSED] - Delayed 2 second(s)

2019-01-26 13:24:37 - [TEST_STEP][PASSED] - selectOptionByValue(findTestObject("Object Repository/FSM1/NCP/Complete Inspection/Complete Inspection/Page_JClient/select_Yes"), "COMPLETED", true): All options with value 'COMPLETED' are selected in object 'Object Repository/FSM1/NCP/Complete Inspection/Complete Inspection/Page_JClient/select_Yes'  using regular expression

2019-01-26 13:24:37 - [MESSAGE][PASSED] - All options with value 'COMPLETED' are selected in object 'Object Repository/FSM1/NCP/Complete Inspection/Complete Inspection/Page_JClient/select_Yes'  using regular expression

2019-01-26 13:24:37 - [TEST_STEP][PASSED] - setText(findTestObject("Object Repository/FSM1/NCP/Complete Inspection/Complete Inspection/Page_JClient/input_Number of 14 hour units"), "4"): Text '4' is set on object 'Object Repository/FSM1/NCP/Complete Inspection/Complete Inspection/Page_JClient/input_Number of 14 hour units'

2019-01-26 13:24:37 - [MESSAGE][PASSED] - Text '4' is set on object 'Object Repository/FSM1/NCP/Complete Inspection/Complete Inspection/Page_JClient/input_Number of 14 hour units'

2019-01-26 13:24:37 - [TEST_STEP][PASSED] - if (verifyElementVisible(findTestObject("Object Repository/FSM1/NCP/Complete Inspection/Complete Inspection/Page_JClient/input_Is another APHA sampling"), OPTIONAL)): Keys '27/01/2019' sent to object: 'Object Repository/FSM1/NCP/Complete Inspection/Spy/Page_JClient/input_To date_GKH2EKQBOHC'

2019-01-26 13:24:37 - [MESSAGE][PASSED] - Object 'Object Repository/FSM1/NCP/Complete Inspection/Complete Inspection/Page_JClient/input_Is another APHA sampling' is visible

2019-01-26 13:24:37 - [TEST_STEP][PASSED] - click(findTestObject("Object Repository/FSM1/NCP/Complete Inspection/Complete Inspection/Page_JClient/input_Is another APHA sampling")): Object: 'Object Repository/FSM1/NCP/Complete Inspection/Complete Inspection/Page_JClient/input_Is another APHA sampling' is clicked on

2019-01-26 13:24:38 - [MESSAGE][PASSED] - Object: 'Object Repository/FSM1/NCP/Complete Inspection/Complete Inspection/Page_JClient/input_Is another APHA sampling' is clicked on

2019-01-26 13:24:38 - [TEST_STEP][PASSED] - mydate = new java.util.Date(): null

2019-01-26 13:24:38 - [TEST_STEP][PASSED] - tomorrow = mydate.next(): null

2019-01-26 13:24:38 - [TEST_STEP][PASSED] - formattedDate = tomorrow.format("dd/MM/yyyy"): null

2019-01-26 13:24:38 - [TEST_STEP][PASSED] - sendKeys(findTestObject("FSM1/NCP/Complete Inspection/Spy/Page_JClient/input_From date_GKH2EKQBOHC"), formattedDate): Keys '27/01/2019' sent to object: 'Object Repository/FSM1/NCP/Complete Inspection/Spy/Page_JClient/input_From date_GKH2EKQBOHC'

2019-01-26 13:24:38 - [MESSAGE][PASSED] - Keys '27/01/2019' sent to object: 'Object Repository/FSM1/NCP/Complete Inspection/Spy/Page_JClient/input_From date_GKH2EKQBOHC'

2019-01-26 13:24:38 - [TEST_STEP][PASSED] - sendKeys(findTestObject("FSM1/NCP/Complete Inspection/Spy/Page_JClient/input_To date_GKH2EKQBOHC"), formattedDate): Keys '27/01/2019' sent to object: 'Object Repository/FSM1/NCP/Complete Inspection/Spy/Page_JClient/input_To date_GKH2EKQBOHC'

2019-01-26 13:24:38 - [MESSAGE][PASSED] - Keys '27/01/2019' sent to object: 'Object Repository/FSM1/NCP/Complete Inspection/Spy/Page_JClient/input_To date_GKH2EKQBOHC'

2019-01-26 13:24:38 - [TEST_STEP][PASSED] - click(findTestObject("Object Repository/FSM1/NCP/Complete Inspection/Complete Inspection/Page_JClient/img_Signature_gwt-Image")): Object: 'Object Repository/FSM1/NCP/Complete Inspection/Complete Inspection/Page_JClient/img_Signature_gwt-Image' is clicked on

2019-01-26 13:24:38 - [MESSAGE][PASSED] - Object: 'Object Repository/FSM1/NCP/Complete Inspection/Complete Inspection/Page_JClient/img_Signature_gwt-Image' is clicked on

2019-01-26 13:24:38 - [TEST_STEP][PASSED] - click(findTestObject("FSM1/NCP/Complete Inspection/Spy/Page_JClient/div_Unable To Sign")): Object: 'Object Repository/FSM1/NCP/Complete Inspection/Spy/Page_JClient/div_Unable To Sign' is clicked on

2019-01-26 13:24:39 - [MESSAGE][PASSED] - Object: 'Object Repository/FSM1/NCP/Complete Inspection/Spy/Page_JClient/div_Unable To Sign' is clicked on

2019-01-26 13:24:39 - [TEST_STEP][PASSED] - click(findTestObject("FSM1/NCP/Complete Inspection/Spy/Page_JClient/div_Save")): Object: 'Object Repository/FSM1/NCP/Complete Inspection/Spy/Page_JClient/div_Save' is clicked on

2019-01-26 13:24:40 - [MESSAGE][PASSED] - Object: 'Object Repository/FSM1/NCP/Complete Inspection/Spy/Page_JClient/div_Save' is clicked on

2019-01-26 13:24:40 - [TEST_STEP][PASSED] - delay(3): Delayed 3 second(s)

2019-01-26 13:24:43 - [MESSAGE][PASSED] - Delayed 3 second(s)

2019-01-26 13:24:43 - [TEST_STEP][PASSED] - click(findTestObject("FSM1/NCP/Complete Inspection/Spy/Page_JClient/OK complete")): Object: 'Object Repository/FSM1/NCP/Complete Inspection/Spy/Page_JClient/OK complete' is clicked on

2019-01-26 13:24:43 - [MESSAGE][PASSED] - Object: 'Object Repository/FSM1/NCP/Complete Inspection/Spy/Page_JClient/OK complete' is clicked on

2019-01-26 13:24:43 - [TEST_STEP][PASSED] - delay(30): Delayed 30 second(s)

2019-01-26 13:25:13 - [MESSAGE][PASSED] - Delayed 30 second(s)]]></system-out>
         <system-err><![CDATA[]]></system-err>
      </testcase>
      <testcase name="Test Cases/Generic/Launch Job Manager Control Centre - Check Result" classname="Test Cases/Generic/Launch Job Manager Control Centre - Check Result" status="PASSED">
         <system-out><![CDATA[2019-01-26 13:25:13 - [TEST_CASE][PASSED] - Test Cases/Generic/Launch Job Manager Control Centre - Check Result: Test Cases/Generic/Launch Job Manager Control Centre - Check Result

2019-01-26 13:25:14 - [TEST_STEP][PASSED] - openBrowser(""): Browser is opened with url: ''

2019-01-26 13:25:14 - [MESSAGE][WARNING] - A browser is already opened. Closing browser and opening a new one

2019-01-26 13:25:14 - [MESSAGE][INFO] - Starting 'Chrome' driver

2019-01-26 13:25:17 - [MESSAGE][PASSED] - Browser is opened with url: ''

2019-01-26 13:25:17 - [TEST_STEP][PASSED] - navigateToUrl(CCURL): Navigate to 'https://kirona-def-6.kirona.com/jmprep/login#!loginView' successfully

2019-01-26 13:25:18 - [MESSAGE][PASSED] - Navigate to 'https://kirona-def-6.kirona.com/jmprep/login#!loginView' successfully

2019-01-26 13:25:18 - [TEST_STEP][PASSED] - setText(findTestObject("FSM1/Control Centre/Page_Job Manager Login/input_gwt-uid-3"), Username): Text 'jon.hatfield' is set on object 'Object Repository/FSM1/Control Centre/Page_Job Manager Login/input_gwt-uid-3'

2019-01-26 13:25:20 - [MESSAGE][PASSED] - Text 'jon.hatfield' is set on object 'Object Repository/FSM1/Control Centre/Page_Job Manager Login/input_gwt-uid-3'

2019-01-26 13:25:20 - [TEST_STEP][PASSED] - setText(findTestObject("FSM1/Control Centre/Page_Job Manager Login/input_gwt-uid-5"), Password): Text 'Fr@nc1sJ0n' is set on object 'Object Repository/FSM1/Control Centre/Page_Job Manager Login/input_gwt-uid-5'

2019-01-26 13:25:20 - [MESSAGE][PASSED] - Text 'Fr@nc1sJ0n' is set on object 'Object Repository/FSM1/Control Centre/Page_Job Manager Login/input_gwt-uid-5'

2019-01-26 13:25:20 - [TEST_STEP][PASSED] - delay(2): Delayed 2 second(s)

2019-01-26 13:25:22 - [MESSAGE][PASSED] - Delayed 2 second(s)

2019-01-26 13:25:22 - [TEST_STEP][PASSED] - click(findTestObject("FSM1/PreProd/Page_Job Manager Login/div_Login")): Object: 'Object Repository/FSM1/PreProd/Page_Job Manager Login/div_Login' is clicked on

2019-01-26 13:25:22 - [MESSAGE][PASSED] - Object: 'Object Repository/FSM1/PreProd/Page_Job Manager Login/div_Login' is clicked on

2019-01-26 13:25:22 - [TEST_STEP][PASSED] - delay(20): Delayed 20 second(s)

2019-01-26 13:25:42 - [MESSAGE][PASSED] - Delayed 20 second(s)]]></system-out>
         <system-err><![CDATA[]]></system-err>
      </testcase>
      <testcase name="Test Cases/NCP/Breeding Turkeys/Control Centre - Check Results - NCP Breeding Turkey" classname="Test Cases/NCP/Breeding Turkeys/Control Centre - Check Results - NCP Breeding Turkey" status="PASSED">
         <system-out><![CDATA[2019-01-26 13:25:42 - [TEST_CASE][PASSED] - Test Cases/NCP/Breeding Turkeys/Control Centre - Check Results - NCP Breeding Turkey: Test Cases/NCP/Breeding Turkeys/Control Centre - Check Results - NCP Breeding Turkey

2019-01-26 13:25:42 - [TEST_STEP][PASSED] - log = new com.kms.katalon.core.logging.KeywordLogger(): null

2019-01-26 13:25:42 - [TEST_STEP][PASSED] - setText(findTestObject("Object Repository/FSM1/EMI Check Results/Page_JM Control Centre/input_Recents_v-textfield v-wi"), temp): Text '102422' is set on object 'Object Repository/FSM1/EMI Check Results/Page_JM Control Centre/input_Recents_v-textfield v-wi'

2019-01-26 13:25:43 - [MESSAGE][PASSED] - Text '102422' is set on object 'Object Repository/FSM1/EMI Check Results/Page_JM Control Centre/input_Recents_v-textfield v-wi'

2019-01-26 13:25:43 - [TEST_STEP][PASSED] - click(findTestObject("Object Repository/FSM1/EMI Check Results/Page_JM Control Centre/span_")): Object: 'Object Repository/FSM1/EMI Check Results/Page_JM Control Centre/span_' is clicked on

2019-01-26 13:25:43 - [MESSAGE][PASSED] - Object: 'Object Repository/FSM1/EMI Check Results/Page_JM Control Centre/span_' is clicked on

2019-01-26 13:25:43 - [TEST_STEP][PASSED] - waitForElementPresent(findTestObject("Object Repository/FSM1/EMI Check Results/Page_JM Control Centre/div_CLOSED"), 60): Object 'Object Repository/FSM1/EMI Check Results/Page_JM Control Centre/div_CLOSED' is present

2019-01-26 13:25:48 - [MESSAGE][PASSED] - Object 'Object Repository/FSM1/EMI Check Results/Page_JM Control Centre/div_CLOSED' is present

2019-01-26 13:25:48 - [TEST_STEP][PASSED] - delay(3): Delayed 3 second(s)

2019-01-26 13:25:51 - [MESSAGE][PASSED] - Delayed 3 second(s)

2019-01-26 13:25:51 - [TEST_STEP][PASSED] - verifyElementPresent(findTestObject("FSM1/Complete ABP Inspection/Check Results/03a/Page_JM Control Centre/div_Attachments_NCP - Breeding Turkeys"), 5): Object 'Object Repository/FSM1/Complete ABP Inspection/Check Results/03a/Page_JM Control Centre/div_Attachments_NCP - Breeding Turkeys' is present

2019-01-26 13:25:51 - [MESSAGE][PASSED] - Object 'Object Repository/FSM1/Complete ABP Inspection/Check Results/03a/Page_JM Control Centre/div_Attachments_NCP - Breeding Turkeys' is present

2019-01-26 13:25:51 - [TEST_STEP][PASSED] - verifyElementPresent(findTestObject("FSM1/Complete ABP Inspection/Check Results/03a/Page_JM Control Centre/div_Attachments_NCP - SL47"), 5): Object 'Object Repository/FSM1/Complete ABP Inspection/Check Results/03a/Page_JM Control Centre/div_Attachments_NCP - SL47' is present

2019-01-26 13:25:51 - [MESSAGE][PASSED] - Object 'Object Repository/FSM1/Complete ABP Inspection/Check Results/03a/Page_JM Control Centre/div_Attachments_NCP - SL47' is present]]></system-out>
         <system-err><![CDATA[]]></system-err>
      </testcase>
      <testcase name="Test Cases/Generic/Check Subsequent Inspection Exist" classname="Test Cases/Generic/Check Subsequent Inspection Exist" status="PASSED">
         <system-out><![CDATA[2019-01-26 13:25:51 - [TEST_CASE][PASSED] - Test Cases/Generic/Check Subsequent Inspection Exist: Test Cases/Generic/Check Subsequent Inspection Exist

2019-01-26 13:25:52 - [TEST_STEP][PASSED] - delay(2): Delayed 2 second(s)

2019-01-26 13:25:54 - [MESSAGE][PASSED] - Delayed 2 second(s)

2019-01-26 13:25:54 - [TEST_STEP][PASSED] - click(findTestObject("Object Repository/FSM1/Complete ABP Inspection/Check Subsequent Inspections/New/Page_JM Control Centre/div_")): Object: 'Object Repository/FSM1/Complete ABP Inspection/Check Subsequent Inspections/New/Page_JM Control Centre/div_' is clicked on

2019-01-26 13:25:54 - [MESSAGE][PASSED] - Object: 'Object Repository/FSM1/Complete ABP Inspection/Check Subsequent Inspections/New/Page_JM Control Centre/div_' is clicked on

2019-01-26 13:25:54 - [TEST_STEP][PASSED] - click(findTestObject("Object Repository/FSM1/Complete ABP Inspection/Check Subsequent Inspections/New/Page_JM Control Centre/span_List All Subordinate Jobs")): Object: 'Object Repository/FSM1/Complete ABP Inspection/Check Subsequent Inspections/New/Page_JM Control Centre/span_List All Subordinate Jobs' is clicked on

2019-01-26 13:25:55 - [MESSAGE][PASSED] - Object: 'Object Repository/FSM1/Complete ABP Inspection/Check Subsequent Inspections/New/Page_JM Control Centre/span_List All Subordinate Jobs' is clicked on

2019-01-26 13:25:55 - [TEST_STEP][PASSED] - delay(2): Delayed 2 second(s)

2019-01-26 13:25:57 - [MESSAGE][PASSED] - Delayed 2 second(s)

2019-01-26 13:25:57 - [TEST_STEP][PASSED] - verifyElementVisible(findTestObject("Object Repository/FSM1/Complete ABP Inspection/Check Subsequent Inspections/New/Page_JM Control Centre/div_2 found.")): Object 'Object Repository/FSM1/Complete ABP Inspection/Check Subsequent Inspections/New/Page_JM Control Centre/div_2 found.' is visible

2019-01-26 13:26:10 - [MESSAGE][PASSED] - Object 'Object Repository/FSM1/Complete ABP Inspection/Check Subsequent Inspections/New/Page_JM Control Centre/div_2 found.' is visible

2019-01-26 13:26:10 - [TEST_STEP][PASSED] - verifyElementNotPresent(findTestObject("JM_8918/New/Page_JM Control Centre/td_INVALID"), 2): Web element with id: 'Object Repository/JM_8918/New/Page_JM Control Centre/td_INVALID' located by 'By.xpath: //td[(text() = 'INVALID' or . = 'INVALID')]' is not present after '2' second(s)

2019-01-26 13:26:10 - [MESSAGE][PASSED] - Web element with id: 'Object Repository/JM_8918/New/Page_JM Control Centre/td_INVALID' located by 'By.xpath: //td[(text() = 'INVALID' or . = 'INVALID')]' is not present after '2' second(s)

2019-01-26 13:26:10 - [TEST_STEP][PASSED] - verifyElementNotPresent(findTestObject("JM_8918/New/Page_JM Control Centre/td_CREATING"), 2): Web element with id: 'Object Repository/JM_8918/New/Page_JM Control Centre/td_CREATING' located by 'By.xpath: //td[(text() = 'CREATING' or . = 'CREATING')]' is not present after '2' second(s)

2019-01-26 13:26:10 - [MESSAGE][PASSED] - Web element with id: 'Object Repository/JM_8918/New/Page_JM Control Centre/td_CREATING' located by 'By.xpath: //td[(text() = 'CREATING' or . = 'CREATING')]' is not present after '2' second(s)

2019-01-26 13:26:10 - [TEST_STEP][PASSED] - closeBrowser(): Browser is closed

2019-01-26 13:26:11 - [MESSAGE][PASSED] - Browser is closed]]></system-out>
         <system-err><![CDATA[]]></system-err>
      </testcase>
      <system-out><![CDATA[2019-01-26 13:19:44 - [TEST_SUITE][PASSED] - NCP Regression - Breeding Turkeys: Test Cases/Generic/Check Subsequent Inspection Exist]]></system-out>
      <system-err><![CDATA[]]></system-err>
   </testsuite>
</testsuites>
