<?xml version="1.0" encoding="UTF-8"?>
<testsuites name="Create New Inspection" time="65" tests="1" failures="1" errors="0">
   <testsuite name="Create New Inspection" tests="1" failures="1" errors="0" time="65" timestamp="2018-05-13 09:53:16" hostname="JHATFIELD - SNDFSMINFSRV001.defra.onmicrosoft.com" id="Test Suites/Create New Inspection">
      <properties>
         <property name="deviceName" value=""/>
         <property name="devicePlatform" value=""/>
         <property name="logFolder" value="C:\\Users\\JHATFIELD\\git\\DEFRA-FSM_Automated_Regression_NEW\\Reports\\Create New Inspection\\20180513_095313"/>
         <property name="logFiles" value="C:\\Users\\JHATFIELD\\git\\DEFRA-FSM_Automated_Regression_NEW\\Reports\\Create New Inspection\\20180513_095313\\execution0.log"/>
         <property name="attachments" value="C:\\Users\\JHATFIELD\\git\\DEFRA-FSM_Automated_Regression_NEW\\Reports\\Create New Inspection\\20180513_095313\\1526205260884.png"/>
         <property name="hostName" value="JHATFIELD - SNDFSMINFSRV001.defra.onmicrosoft.com"/>
         <property name="os" value="Windows NT (unknown) 64bit"/>
         <property name="katalonVersion" value="5.4.1.1"/>
         <property name="browser" value="Chrome 66.0.3359.139"/>
         <property name="hostAddress" value="10.201.1.17"/>
         <property name="sessionId" value="da3e54c701315ff42cd2646fb387b30f"/>
         <property name="seleniumVersion" value="3.7.1"/>
         <property name="proxyInformation" value="ProxyInformation{proxyOption=NO_PROXY, proxyServerType=HTTP, password=, proxyServerAddress=, proxyServerPort=0}"/>
         <property name="platform" value="Windows NT (unknown)"/>
      </properties>
      <testcase name="Test Cases/Launch Job Manager Control Centre" classname="Test Cases/Launch Job Manager Control Centre" status="PASSED">
         <system-out><![CDATA[2018-05-13 09:53:17 - [TEST_CASE][PASSED] - Test Cases/Launch Job Manager Control Centre: Test Cases/Launch Job Manager Control Centre

2018-05-13 09:53:18 - [TEST_STEP][PASSED] - openBrowser: Browser is opened with url: ''

2018-05-13 09:53:22 - [MESSAGE][PASSED] - Browser is opened with url: ''

2018-05-13 09:53:22 - [TEST_STEP][PASSED] - navigateToUrl: Navigate to 'https://kirona-def-2.kirona.com/jmtest/login#!loginView' successfully

2018-05-13 09:53:24 - [MESSAGE][PASSED] - Navigate to 'https://kirona-def-2.kirona.com/jmtest/login#!loginView' successfully

2018-05-13 09:53:24 - [TEST_STEP][PASSED] - setText: Text 'jon.hatfield' is set on object 'Object Repository/FSM1/Control Centre/Page_Job Manager Login/input_gwt-uid-3'

2018-05-13 09:53:25 - [MESSAGE][PASSED] - Text 'jon.hatfield' is set on object 'Object Repository/FSM1/Control Centre/Page_Job Manager Login/input_gwt-uid-3'

2018-05-13 09:53:25 - [TEST_STEP][PASSED] - setText: Text 'Fr@nc1sJ0n' is set on object 'Object Repository/FSM1/Control Centre/Page_Job Manager Login/input_gwt-uid-5'

2018-05-13 09:53:26 - [MESSAGE][PASSED] - Text 'Fr@nc1sJ0n' is set on object 'Object Repository/FSM1/Control Centre/Page_Job Manager Login/input_gwt-uid-5'

2018-05-13 09:53:26 - [TEST_STEP][PASSED] - click: Object: 'Object Repository/FSM1/Control Centre/Page_Job Manager Login/Page_Job Manager Login/div_Login' is clicked on

2018-05-13 09:53:26 - [MESSAGE][PASSED] - Object: 'Object Repository/FSM1/Control Centre/Page_Job Manager Login/Page_Job Manager Login/div_Login' is clicked on

2018-05-13 09:53:26 - [TEST_STEP][PASSED] - delay: Delayed 5 second(s)

2018-05-13 09:53:31 - [MESSAGE][PASSED] - Delayed 5 second(s)]]></system-out>
         <system-err><![CDATA[]]></system-err>
      </testcase>
      <testcase name="Test Cases/Create EMI Inspection" classname="Test Cases/Create EMI Inspection" status="FAILED">
         <failure type="FAILED" message="Unable to click on object 'Object Repository/FSM1/Control Centre/Create EMI Inspection/InspectionDate/Page_JM Control Centre/input_gwt-uid-90' (Root cause: com.kms.katalon.core.webui.exception.WebElementNotFoundException: Web element with id: 'Object Repository/FSM1/Control Centre/Create EMI Inspection/InspectionDate/Page_JM Control Centre/input_gwt-uid-90' located by 'By.xpath: id(&quot;gwt-uid-90&quot;)[count(. | //input[@type = 'text' and @class = 'v-textfield v-datefield-textfield v-textfield-focus' and @aria-describedby = 'gwt-uid-85' and @aria-controls = 'gwt-uid-86' and @id = 'gwt-uid-90' and @aria-labelledby = 'gwt-uid-89' and @aria-required = 'true' and @tabindex = '0']) = count(//input[@type = 'text' and @class = 'v-textfield v-datefield-textfield v-textfield-focus' and @aria-describedby = 'gwt-uid-85' and @aria-controls = 'gwt-uid-86' and @id = 'gwt-uid-90' and @aria-labelledby = 'gwt-uid-89' and @aria-required = 'true' and @tabindex = '0'])]' not found)"/>
         <system-out><![CDATA[2018-05-13 09:53:31 - [TEST_CASE][FAILED] - Test Cases/Create EMI Inspection: Test Cases/Create EMI Inspection FAILED because (of) Unable to click on object 'Object Repository/FSM1/Control Centre/Create EMI Inspection/InspectionDate/Page_JM Control Centre/input_gwt-uid-90' (Root cause: com.kms.katalon.core.webui.exception.WebElementNotFoundException: Web element with id: 'Object Repository/FSM1/Control Centre/Create EMI Inspection/InspectionDate/Page_JM Control Centre/input_gwt-uid-90' located by 'By.xpath: id("gwt-uid-90")[count(. | //input[@type = 'text' and @class = 'v-textfield v-datefield-textfield v-textfield-focus' and @aria-describedby = 'gwt-uid-85' and @aria-controls = 'gwt-uid-86' and @id = 'gwt-uid-90' and @aria-labelledby = 'gwt-uid-89' and @aria-required = 'true' and @tabindex = '0']) = count(//input[@type = 'text' and @class = 'v-textfield v-datefield-textfield v-textfield-focus' and @aria-describedby = 'gwt-uid-85' and @aria-controls = 'gwt-uid-86' and @id = 'gwt-uid-90' and @aria-labelledby = 'gwt-uid-89' and @aria-required = 'true' and @tabindex = '0'])]' not found)

2018-05-13 09:53:32 - [TEST_STEP][PASSED] - click: Object: 'Object Repository/FSM1/Control Centre/Create EMI Inspection/Page_JM Control Centre/div_Create' is clicked on

2018-05-13 09:53:32 - [MESSAGE][PASSED] - Object: 'Object Repository/FSM1/Control Centre/Create EMI Inspection/Page_JM Control Centre/div_Create' is clicked on

2018-05-13 09:53:32 - [TEST_STEP][PASSED] - setText: Text 'emi' is set on object 'Object Repository/FSM1/Control Centre/Create EMI Inspection/Page_JM Control Centre/input_gwt-uid-8'

2018-05-13 09:53:33 - [MESSAGE][PASSED] - Text 'emi' is set on object 'Object Repository/FSM1/Control Centre/Create EMI Inspection/Page_JM Control Centre/input_gwt-uid-8'

2018-05-13 09:53:33 - [TEST_STEP][PASSED] - click: Object: 'Object Repository/FSM1/Control Centre/Create EMI Inspection/Page_JM Control Centre/span_EMI Inspection' is clicked on

2018-05-13 09:53:34 - [MESSAGE][PASSED] - Object: 'Object Repository/FSM1/Control Centre/Create EMI Inspection/Page_JM Control Centre/span_EMI Inspection' is clicked on

2018-05-13 09:53:34 - [TEST_STEP][PASSED] - setText: Text '5' is set on object 'Object Repository/FSM1/Control Centre/Create EMI Inspection/Page_JM Control Centre/input_gwt-uid-16'

2018-05-13 09:53:36 - [MESSAGE][PASSED] - Text '5' is set on object 'Object Repository/FSM1/Control Centre/Create EMI Inspection/Page_JM Control Centre/input_gwt-uid-16'

2018-05-13 09:53:36 - [TEST_STEP][PASSED] - setText: Text 'we' is set on object 'Object Repository/FSM1/Control Centre/Create EMI Inspection/Page_JM Control Centre/input_gwt-uid-26'

2018-05-13 09:53:36 - [MESSAGE][PASSED] - Text 'we' is set on object 'Object Repository/FSM1/Control Centre/Create EMI Inspection/Page_JM Control Centre/input_gwt-uid-26'

2018-05-13 09:53:37 - [TEST_STEP][PASSED] - click: Object: 'Object Repository/FSM1/Control Centre/Create EMI Inspection/Page_JM Control Centre/span_West' is clicked on

2018-05-13 09:53:37 - [MESSAGE][PASSED] - Object: 'Object Repository/FSM1/Control Centre/Create EMI Inspection/Page_JM Control Centre/span_West' is clicked on

2018-05-13 09:53:37 - [TEST_STEP][PASSED] - setText: Text 'EMI Routine' is set on object 'Object Repository/FSM1/Control Centre/Create EMI Inspection/Page_JM Control Centre (1)/Inspection Type'

2018-05-13 09:53:38 - [MESSAGE][PASSED] - Text 'EMI Routine' is set on object 'Object Repository/FSM1/Control Centre/Create EMI Inspection/Page_JM Control Centre (1)/Inspection Type'

2018-05-13 09:53:38 - [TEST_STEP][PASSED] - click: Object: 'Object Repository/FSM1/Control Centre/Create EMI Inspection/Page_JM Control Centre/span_EMI Routine' is clicked on

2018-05-13 09:53:38 - [MESSAGE][PASSED] - Object: 'Object Repository/FSM1/Control Centre/Create EMI Inspection/Page_JM Control Centre/span_EMI Routine' is clicked on

2018-05-13 09:53:38 - [TEST_STEP][PASSED] - setText: Text 'Mr Automation' is set on object 'Object Repository/FSM1/Control Centre/Create EMI Inspection/Page_JM Control Centre/input_gwt-uid-36'

2018-05-13 09:53:39 - [MESSAGE][PASSED] - Text 'Mr Automation' is set on object 'Object Repository/FSM1/Control Centre/Create EMI Inspection/Page_JM Control Centre/input_gwt-uid-36'

2018-05-13 09:53:39 - [TEST_STEP][PASSED] - setText: Text '111' is set on object 'Object Repository/FSM1/Control Centre/Create EMI Inspection/Page_JM Control Centre/input_gwt-uid-42'

2018-05-13 09:53:40 - [MESSAGE][PASSED] - Text '111' is set on object 'Object Repository/FSM1/Control Centre/Create EMI Inspection/Page_JM Control Centre/input_gwt-uid-42'

2018-05-13 09:53:40 - [TEST_STEP][PASSED] - setText: Text '222' is set on object 'Object Repository/FSM1/Control Centre/Create EMI Inspection/Page_JM Control Centre/input_gwt-uid-44'

2018-05-13 09:53:40 - [MESSAGE][PASSED] - Text '222' is set on object 'Object Repository/FSM1/Control Centre/Create EMI Inspection/Page_JM Control Centre/input_gwt-uid-44'

2018-05-13 09:53:40 - [TEST_STEP][PASSED] - click: Object: 'Object Repository/FSM1/Control Centre/Create EMI Inspection/Page_JM Control Centre/div_v-filterselect-button_1' is clicked on

2018-05-13 09:53:40 - [MESSAGE][PASSED] - Object: 'Object Repository/FSM1/Control Centre/Create EMI Inspection/Page_JM Control Centre/div_v-filterselect-button_1' is clicked on

2018-05-13 09:53:40 - [TEST_STEP][PASSED] - click: Object: 'Object Repository/FSM1/Control Centre/Create EMI Inspection/Page_JM Control Centre/span_EGG PACKER' is clicked on

2018-05-13 09:53:41 - [MESSAGE][PASSED] - Object: 'Object Repository/FSM1/Control Centre/Create EMI Inspection/Page_JM Control Centre/span_EGG PACKER' is clicked on

2018-05-13 09:53:41 - [TEST_STEP][PASSED] - click: Object: 'Object Repository/FSM1/Control Centre/Create EMI Inspection/Page_JM Control Centre/span_' is clicked on

2018-05-13 09:53:41 - [MESSAGE][PASSED] - Object: 'Object Repository/FSM1/Control Centre/Create EMI Inspection/Page_JM Control Centre/span_' is clicked on

2018-05-13 09:53:41 - [TEST_STEP][PASSED] - click: Object: 'Object Repository/FSM1/Control Centre/Create EMI Inspection/Address Search/Page_JM Control Centre/Postcode Search' is clicked on

2018-05-13 09:53:42 - [MESSAGE][PASSED] - Object: 'Object Repository/FSM1/Control Centre/Create EMI Inspection/Address Search/Page_JM Control Centre/Postcode Search' is clicked on

2018-05-13 09:53:43 - [TEST_STEP][PASSED] - setText: Text 'cv37 6sn' is set on object 'Object Repository/FSM1/Control Centre/Create EMI Inspection/Create Address/Page_JM Control Centre/input_v-textfield v-widget v-t'

2018-05-13 09:53:44 - [MESSAGE][PASSED] - Text 'cv37 6sn' is set on object 'Object Repository/FSM1/Control Centre/Create EMI Inspection/Create Address/Page_JM Control Centre/input_v-textfield v-widget v-t'

2018-05-13 09:53:44 - [TEST_STEP][PASSED] - click: Object: 'Object Repository/FSM1/Control Centre/Create EMI Inspection/Create Address/Page_JM Control Centre (1)/SearchButton' is clicked on

2018-05-13 09:53:45 - [MESSAGE][PASSED] - Object: 'Object Repository/FSM1/Control Centre/Create EMI Inspection/Create Address/Page_JM Control Centre (1)/SearchButton' is clicked on

2018-05-13 09:53:45 - [TEST_STEP][PASSED] - click: Object: 'Object Repository/FSM1/Control Centre/Create EMI Inspection/Page_JM Control Centre/div_90 Clopton Road Stratford' is clicked on

2018-05-13 09:53:47 - [MESSAGE][PASSED] - Object: 'Object Repository/FSM1/Control Centre/Create EMI Inspection/Page_JM Control Centre/div_90 Clopton Road Stratford' is clicked on

2018-05-13 09:53:47 - [TEST_STEP][PASSED] - click: Object: 'Object Repository/FSM1/Control Centre/Create EMI Inspection/Create Address/Page_JM Control Centre (2)/div_Add Selected Item' is clicked on

2018-05-13 09:53:48 - [MESSAGE][PASSED] - Object: 'Object Repository/FSM1/Control Centre/Create EMI Inspection/Create Address/Page_JM Control Centre (2)/div_Add Selected Item' is clicked on

2018-05-13 09:53:48 - [TEST_STEP][NOT_RUN] - click: NOT_RUN: click

2018-05-13 09:53:48 - [MESSAGE][NOT_RUN] - NOT_RUN: click

2018-05-13 09:53:48 - [TEST_STEP][PASSED] - click: Object: 'Object Repository/FSM1/Control Centre/Create EMI Inspection/Page_JM Control Centre/label_Explicit Scheduling Wind' is clicked on

2018-05-13 09:53:49 - [MESSAGE][PASSED] - Object: 'Object Repository/FSM1/Control Centre/Create EMI Inspection/Page_JM Control Centre/label_Explicit Scheduling Wind' is clicked on

2018-05-13 09:53:49 - [TEST_STEP][FAILED] - click: Unable to click on object 'Object Repository/FSM1/Control Centre/Create EMI Inspection/InspectionDate/Page_JM Control Centre/input_gwt-uid-90' (Root cause: com.kms.katalon.core.webui.exception.WebElementNotFoundException: Web element with id: 'Object Repository/FSM1/Control Centre/Create EMI Inspection/InspectionDate/Page_JM Control Centre/input_gwt-uid-90' located by 'By.xpath: id("gwt-uid-90")[count(. | //input[@type = 'text' and @class = 'v-textfield v-datefield-textfield v-textfield-focus' and @aria-describedby = 'gwt-uid-85' and @aria-controls = 'gwt-uid-86' and @id = 'gwt-uid-90' and @aria-labelledby = 'gwt-uid-89' and @aria-required = 'true' and @tabindex = '0']) = count(//input[@type = 'text' and @class = 'v-textfield v-datefield-textfield v-textfield-focus' and @aria-describedby = 'gwt-uid-85' and @aria-controls = 'gwt-uid-86' and @id = 'gwt-uid-90' and @aria-labelledby = 'gwt-uid-89' and @aria-required = 'true' and @tabindex = '0'])]' not found)

2018-05-13 09:54:21 - [MESSAGE][FAILED] - Unable to click on object 'Object Repository/FSM1/Control Centre/Create EMI Inspection/InspectionDate/Page_JM Control Centre/input_gwt-uid-90' (Root cause: com.kms.katalon.core.webui.exception.WebElementNotFoundException: Web element with id: 'Object Repository/FSM1/Control Centre/Create EMI Inspection/InspectionDate/Page_JM Control Centre/input_gwt-uid-90' located by 'By.xpath: id("gwt-uid-90")[count(. | //input[@type = 'text' and @class = 'v-textfield v-datefield-textfield v-textfield-focus' and @aria-describedby = 'gwt-uid-85' and @aria-controls = 'gwt-uid-86' and @id = 'gwt-uid-90' and @aria-labelledby = 'gwt-uid-89' and @aria-required = 'true' and @tabindex = '0']) = count(//input[@type = 'text' and @class = 'v-textfield v-datefield-textfield v-textfield-focus' and @aria-describedby = 'gwt-uid-85' and @aria-controls = 'gwt-uid-86' and @id = 'gwt-uid-90' and @aria-labelledby = 'gwt-uid-89' and @aria-required = 'true' and @tabindex = '0'])]' not found)
[[ATTACHMENT|C:\\Users\\JHATFIELD\\git\\DEFRA-FSM_Automated_Regression_NEW\\Reports\\Create New Inspection\\20180513_095313\\1526205260884.png]]]]></system-out>
         <system-err><![CDATA[2018-05-13 09:53:31 - [TEST_CASE][FAILED] - Test Cases/Create EMI Inspection: Test Cases/Create EMI Inspection FAILED because (of) Unable to click on object 'Object Repository/FSM1/Control Centre/Create EMI Inspection/InspectionDate/Page_JM Control Centre/input_gwt-uid-90' (Root cause: com.kms.katalon.core.webui.exception.WebElementNotFoundException: Web element with id: 'Object Repository/FSM1/Control Centre/Create EMI Inspection/InspectionDate/Page_JM Control Centre/input_gwt-uid-90' located by 'By.xpath: id("gwt-uid-90")[count(. | //input[@type = 'text' and @class = 'v-textfield v-datefield-textfield v-textfield-focus' and @aria-describedby = 'gwt-uid-85' and @aria-controls = 'gwt-uid-86' and @id = 'gwt-uid-90' and @aria-labelledby = 'gwt-uid-89' and @aria-required = 'true' and @tabindex = '0']) = count(//input[@type = 'text' and @class = 'v-textfield v-datefield-textfield v-textfield-focus' and @aria-describedby = 'gwt-uid-85' and @aria-controls = 'gwt-uid-86' and @id = 'gwt-uid-90' and @aria-labelledby = 'gwt-uid-89' and @aria-required = 'true' and @tabindex = '0'])]' not found)]]></system-err>
      </testcase>
      <system-out><![CDATA[2018-05-13 09:53:16 - [TEST_SUITE][FAILED] - Create New Inspection: Test Cases/Create EMI Inspection FAILED because (of) Unable to click on object 'Object Repository/FSM1/Control Centre/Create EMI Inspection/InspectionDate/Page_JM Control Centre/input_gwt-uid-90' (Root cause: com.kms.katalon.core.webui.exception.WebElementNotFoundException: Web element with id: 'Object Repository/FSM1/Control Centre/Create EMI Inspection/InspectionDate/Page_JM Control Centre/input_gwt-uid-90' located by 'By.xpath: id("gwt-uid-90")[count(. | //input[@type = 'text' and @class = 'v-textfield v-datefield-textfield v-textfield-focus' and @aria-describedby = 'gwt-uid-85' and @aria-controls = 'gwt-uid-86' and @id = 'gwt-uid-90' and @aria-labelledby = 'gwt-uid-89' and @aria-required = 'true' and @tabindex = '0']) = count(//input[@type = 'text' and @class = 'v-textfield v-datefield-textfield v-textfield-focus' and @aria-describedby = 'gwt-uid-85' and @aria-controls = 'gwt-uid-86' and @id = 'gwt-uid-90' and @aria-labelledby = 'gwt-uid-89' and @aria-required = 'true' and @tabindex = '0'])]' not found)]]></system-out>
      <system-err><![CDATA[2018-05-13 09:53:16 - [TEST_SUITE][FAILED] - Create New Inspection: Test Cases/Create EMI Inspection FAILED because (of) Unable to click on object 'Object Repository/FSM1/Control Centre/Create EMI Inspection/InspectionDate/Page_JM Control Centre/input_gwt-uid-90' (Root cause: com.kms.katalon.core.webui.exception.WebElementNotFoundException: Web element with id: 'Object Repository/FSM1/Control Centre/Create EMI Inspection/InspectionDate/Page_JM Control Centre/input_gwt-uid-90' located by 'By.xpath: id("gwt-uid-90")[count(. | //input[@type = 'text' and @class = 'v-textfield v-datefield-textfield v-textfield-focus' and @aria-describedby = 'gwt-uid-85' and @aria-controls = 'gwt-uid-86' and @id = 'gwt-uid-90' and @aria-labelledby = 'gwt-uid-89' and @aria-required = 'true' and @tabindex = '0']) = count(//input[@type = 'text' and @class = 'v-textfield v-datefield-textfield v-textfield-focus' and @aria-describedby = 'gwt-uid-85' and @aria-controls = 'gwt-uid-86' and @id = 'gwt-uid-90' and @aria-labelledby = 'gwt-uid-89' and @aria-required = 'true' and @tabindex = '0'])]' not found)]]></system-err>
   </testsuite>
</testsuites>
