<?xml version="1.0" encoding="UTF-8"?>
<testsuites name="ICW Regression - 191 - All" time="356" tests="13" failures="0" errors="0">
   <testsuite name="ICW Regression - 191 - All" tests="13" failures="0" errors="0" time="356" timestamp="2019-01-25 10:27:02" hostname="jonha - DESKTOP-KMCIR60" id="Test Suites/ICW/ICW Regression - 191 - All">
      <properties>
         <property name="deviceName" value=""/>
         <property name="devicePlatform" value=""/>
         <property name="logFolder" value="C:\\Users\\jonha\\Documents\\Katalon\\APHA\\JM_8.9\\FSM_Regression\\Reports\\ICW\\ICW Regression - 191 - All\\20190125_100418"/>
         <property name="logFiles" value="C:\\Users\\jonha\\Documents\\Katalon\\APHA\\JM_8.9\\FSM_Regression\\Reports\\ICW\\ICW Regression - 191 - All\\20190125_100418\\execution0.log"/>
         <property name="attachments" value=""/>
         <property name="hostName" value="jonha - DESKTOP-KMCIR60"/>
         <property name="os" value="Windows 10 64bit"/>
         <property name="katalonVersion" value="5.9.1.2"/>
         <property name="browser" value="Chrome 71.0.3578.98"/>
         <property name="hostAddress" value="192.168.0.12"/>
         <property name="sessionId" value="d5fbdac7ee784924e28cfa8b54a24dd0"/>
         <property name="seleniumVersion" value="3.7.1"/>
         <property name="proxyInformation" value="ProxyInformation{proxyOption=NO_PROXY, proxyServerType=HTTP, password=, proxyServerAddress=, proxyServerPort=0}"/>
         <property name="platform" value="Windows 10"/>
      </properties>
      <testcase name="Test Cases/Generic/Launch Job Manager Control Centre" classname="Test Cases/Generic/Launch Job Manager Control Centre" status="PASSED">
         <system-out><![CDATA[2019-01-25 10:27:02 - [TEST_CASE][PASSED] - Test Cases/Generic/Launch Job Manager Control Centre: Test Cases/Generic/Launch Job Manager Control Centre

2019-01-25 10:27:03 - [TEST_STEP][PASSED] - openBrowser(""): Browser is opened with url: ''

2019-01-25 10:27:03 - [MESSAGE][INFO] - Starting 'Chrome' driver

2019-01-25 10:27:03 - [MESSAGE][INFO] - Action delay is set to 0 seconds

2019-01-25 10:27:07 - [MESSAGE][PASSED] - Browser is opened with url: ''

2019-01-25 10:27:07 - [TEST_STEP][PASSED] - navigateToUrl(CCURL): Navigate to 'https://kirona-def-6.kirona.com/jmprep/login#!loginView' successfully

2019-01-25 10:27:08 - [MESSAGE][PASSED] - Navigate to 'https://kirona-def-6.kirona.com/jmprep/login#!loginView' successfully

2019-01-25 10:27:08 - [TEST_STEP][PASSED] - setText(findTestObject("FSM1/Control Centre/Page_Job Manager Login/input_gwt-uid-3"), Username): Text 'jon.hatfield' is set on object 'Object Repository/FSM1/Control Centre/Page_Job Manager Login/input_gwt-uid-3'

2019-01-25 10:27:09 - [MESSAGE][PASSED] - Text 'jon.hatfield' is set on object 'Object Repository/FSM1/Control Centre/Page_Job Manager Login/input_gwt-uid-3'

2019-01-25 10:27:09 - [TEST_STEP][PASSED] - setText(findTestObject("FSM1/Control Centre/Page_Job Manager Login/input_gwt-uid-5"), Password): Text 'Fr@nc1sJ0n' is set on object 'Object Repository/FSM1/Control Centre/Page_Job Manager Login/input_gwt-uid-5'

2019-01-25 10:27:09 - [MESSAGE][PASSED] - Text 'Fr@nc1sJ0n' is set on object 'Object Repository/FSM1/Control Centre/Page_Job Manager Login/input_gwt-uid-5'

2019-01-25 10:27:09 - [TEST_STEP][PASSED] - delay(2): Delayed 2 second(s)

2019-01-25 10:27:11 - [MESSAGE][PASSED] - Delayed 2 second(s)

2019-01-25 10:27:11 - [TEST_STEP][PASSED] - click(findTestObject("FSM1/PreProd/Page_Job Manager Login/div_Login")): Object: 'Object Repository/FSM1/PreProd/Page_Job Manager Login/div_Login' is clicked on

2019-01-25 10:27:11 - [MESSAGE][PASSED] - Object: 'Object Repository/FSM1/PreProd/Page_Job Manager Login/div_Login' is clicked on

2019-01-25 10:27:11 - [TEST_STEP][PASSED] - delay(5): Delayed 5 second(s)

2019-01-25 10:27:16 - [MESSAGE][PASSED] - Delayed 5 second(s)]]></system-out>
         <system-err><![CDATA[]]></system-err>
      </testcase>
      <testcase name="Test Cases/ABP/Generic/Create ABP Inspection - Manual Assignment" classname="Test Cases/ABP/Generic/Create ABP Inspection - Manual Assignment" status="PASSED">
         <system-out><![CDATA[2019-01-25 10:27:16 - [TEST_CASE][PASSED] - Test Cases/ABP/Generic/Create ABP Inspection - Manual Assignment: Test Cases/ABP/Generic/Create ABP Inspection - Manual Assignment

2019-01-25 10:27:17 - [TEST_STEP][PASSED] - log = new com.kms.katalon.core.logging.KeywordLogger(): null

2019-01-25 10:27:17 - [TEST_STEP][PASSED] - waitForElementClickable(findTestObject("Object Repository/FSM1/Create ABP Inspection Manual Ass/Page_JM Control Centre/Page_JM Control Centre/Page_JM Control Centre/div_Create"), 60, STOP_ON_FAILURE): Object 'Object Repository/FSM1/Create ABP Inspection Manual Ass/Page_JM Control Centre/Page_JM Control Centre/Page_JM Control Centre/div_Create' is clickable

2019-01-25 10:27:25 - [MESSAGE][PASSED] - Object 'Object Repository/FSM1/Create ABP Inspection Manual Ass/Page_JM Control Centre/Page_JM Control Centre/Page_JM Control Centre/div_Create' is clickable

2019-01-25 10:27:25 - [TEST_STEP][PASSED] - delay(3): Delayed 3 second(s)

2019-01-25 10:27:28 - [MESSAGE][PASSED] - Delayed 3 second(s)

2019-01-25 10:27:28 - [TEST_STEP][PASSED] - click(findTestObject("Object Repository/FSM1/Create ABP Inspection Manual Ass/Page_JM Control Centre/Page_JM Control Centre/Page_JM Control Centre/div_Create")): Object: 'Object Repository/FSM1/Create ABP Inspection Manual Ass/Page_JM Control Centre/Page_JM Control Centre/Page_JM Control Centre/div_Create' is clicked on

2019-01-25 10:27:28 - [MESSAGE][PASSED] - Object: 'Object Repository/FSM1/Create ABP Inspection Manual Ass/Page_JM Control Centre/Page_JM Control Centre/Page_JM Control Centre/div_Create' is clicked on

2019-01-25 10:27:28 - [TEST_STEP][PASSED] - click(findTestObject("Object Repository/FSM1/Create ABP Inspection Manual Ass/Page_JM Control Centre/Page_JM Control Centre/Page_JM Control Centre/div_v-filterselect-button")): Object: 'Object Repository/FSM1/Create ABP Inspection Manual Ass/Page_JM Control Centre/Page_JM Control Centre/Page_JM Control Centre/div_v-filterselect-button' is clicked on

2019-01-25 10:27:30 - [MESSAGE][PASSED] - Object: 'Object Repository/FSM1/Create ABP Inspection Manual Ass/Page_JM Control Centre/Page_JM Control Centre/Page_JM Control Centre/div_v-filterselect-button' is clicked on

2019-01-25 10:27:30 - [TEST_STEP][PASSED] - setText(findTestObject("Object Repository/FSM1/Create ABP Inspection Manual Ass/Page_JM Control Centre/Page_JM Control Centre/Page_JM Control Centre/input_gwt-uid-8"), ABPInspection): Text 'AB191' is set on object 'Object Repository/FSM1/Create ABP Inspection Manual Ass/Page_JM Control Centre/Page_JM Control Centre/Page_JM Control Centre/input_gwt-uid-8'

2019-01-25 10:27:30 - [MESSAGE][PASSED] - Text 'AB191' is set on object 'Object Repository/FSM1/Create ABP Inspection Manual Ass/Page_JM Control Centre/Page_JM Control Centre/Page_JM Control Centre/input_gwt-uid-8'

2019-01-25 10:27:30 - [TEST_STEP][PASSED] - ABPInspectionTypeJ = modifyObjectProperty(findTestObject("Object Repository/FSM1/Create ABP Inspection Manual Ass/Page_JM Control Centre/Page_JM Control Centre/Page_JM Control Centre/span_ABPR01A - Composting and"), "text", "equals", ABPInspectionType, true): Modify property of object successfully

2019-01-25 10:27:31 - [MESSAGE][PASSED] - Modify property of object successfully

2019-01-25 10:27:31 - [TEST_STEP][PASSED] - click(ABPInspectionTypeJ, STOP_ON_FAILURE): Object: 'Object Repository/FSM1/Create ABP Inspection Manual Ass/Page_JM Control Centre/Page_JM Control Centre/Page_JM Control Centre/span_ABPR01A - Composting and' is clicked on

2019-01-25 10:27:31 - [MESSAGE][PASSED] - Object: 'Object Repository/FSM1/Create ABP Inspection Manual Ass/Page_JM Control Centre/Page_JM Control Centre/Page_JM Control Centre/span_ABPR01A - Composting and' is clicked on

2019-01-25 10:27:31 - [TEST_STEP][PASSED] - click(findTestObject("Object Repository/FSM1/Create ABP Inspection Manual Ass/Page_JM Control Centre/Page_JM Control Centre/Page_JM Control Centre/div_v-filterselect-button_1")): Object: 'Object Repository/FSM1/Create ABP Inspection Manual Ass/Page_JM Control Centre/Page_JM Control Centre/Page_JM Control Centre/div_v-filterselect-button_1' is clicked on

2019-01-25 10:27:34 - [MESSAGE][PASSED] - Object: 'Object Repository/FSM1/Create ABP Inspection Manual Ass/Page_JM Control Centre/Page_JM Control Centre/Page_JM Control Centre/div_v-filterselect-button_1' is clicked on

2019-01-25 10:27:34 - [TEST_STEP][PASSED] - click(findTestObject("Object Repository/FSM1/Create ABP Inspection Manual Ass/Page_JM Control Centre/Page_JM Control Centre/Page_JM Control Centre/span_24 Hours")): Object: 'Object Repository/FSM1/Create ABP Inspection Manual Ass/Page_JM Control Centre/Page_JM Control Centre/Page_JM Control Centre/span_24 Hours' is clicked on

2019-01-25 10:27:34 - [MESSAGE][PASSED] - Object: 'Object Repository/FSM1/Create ABP Inspection Manual Ass/Page_JM Control Centre/Page_JM Control Centre/Page_JM Control Centre/span_24 Hours' is clicked on

2019-01-25 10:27:34 - [TEST_STEP][PASSED] - click(findTestObject("Object Repository/FSM1/Create ABP Inspection/Page_JM Control Centre/div_Region_v-filterselect-butt")): Object: 'Object Repository/FSM1/Create ABP Inspection/Page_JM Control Centre/div_Region_v-filterselect-butt' is clicked on

2019-01-25 10:27:34 - [MESSAGE][PASSED] - Object: 'Object Repository/FSM1/Create ABP Inspection/Page_JM Control Centre/div_Region_v-filterselect-butt' is clicked on

2019-01-25 10:27:34 - [TEST_STEP][PASSED] - click(findTestObject("Object Repository/FSM1/Create ABP Inspection Manual Ass/Page_JM Control Centre/Page_JM Control Centre/Page_JM Control Centre/td_West")): Object: 'Object Repository/FSM1/Create ABP Inspection Manual Ass/Page_JM Control Centre/Page_JM Control Centre/Page_JM Control Centre/td_West' is clicked on

2019-01-25 10:27:34 - [MESSAGE][PASSED] - Object: 'Object Repository/FSM1/Create ABP Inspection Manual Ass/Page_JM Control Centre/Page_JM Control Centre/Page_JM Control Centre/td_West' is clicked on

2019-01-25 10:27:34 - [TEST_STEP][PASSED] - click(findTestObject("Object Repository/FSM1/Create ABP Inspection/Page_JM Control Centre/div_Plant Type_v-filterselect-")): Object: 'Object Repository/FSM1/Create ABP Inspection/Page_JM Control Centre/div_Plant Type_v-filterselect-' is clicked on

2019-01-25 10:27:35 - [MESSAGE][PASSED] - Object: 'Object Repository/FSM1/Create ABP Inspection/Page_JM Control Centre/div_Plant Type_v-filterselect-' is clicked on

2019-01-25 10:27:35 - [TEST_STEP][PASSED] - click(findTestObject("Object Repository/FSM1/Create ABP Inspection Manual Ass/Page_JM Control Centre/Page_JM Control Centre/Page_JM Control Centre/td_SECTION I Intermediate Acti")): Object: 'Object Repository/FSM1/Create ABP Inspection Manual Ass/Page_JM Control Centre/Page_JM Control Centre/Page_JM Control Centre/td_SECTION I Intermediate Acti' is clicked on

2019-01-25 10:27:35 - [MESSAGE][PASSED] - Object: 'Object Repository/FSM1/Create ABP Inspection Manual Ass/Page_JM Control Centre/Page_JM Control Centre/Page_JM Control Centre/td_SECTION I Intermediate Acti' is clicked on

2019-01-25 10:27:35 - [TEST_STEP][PASSED] - click(findTestObject("Object Repository/FSM1/Create ABP Inspection/Page_JM Control Centre/div_Inspection Type_v-filterse")): Object: 'Object Repository/FSM1/Create ABP Inspection/Page_JM Control Centre/div_Inspection Type_v-filterse' is clicked on

2019-01-25 10:27:35 - [MESSAGE][PASSED] - Object: 'Object Repository/FSM1/Create ABP Inspection/Page_JM Control Centre/div_Inspection Type_v-filterse' is clicked on

2019-01-25 10:27:35 - [TEST_STEP][PASSED] - click(findTestObject("Object Repository/FSM1/Create ABP Inspection Manual Ass/Page_JM Control Centre/Page_JM Control Centre/Page_JM Control Centre/td_Routine")): Object: 'Object Repository/FSM1/Create ABP Inspection Manual Ass/Page_JM Control Centre/Page_JM Control Centre/Page_JM Control Centre/td_Routine' is clicked on

2019-01-25 10:27:35 - [MESSAGE][PASSED] - Object: 'Object Repository/FSM1/Create ABP Inspection Manual Ass/Page_JM Control Centre/Page_JM Control Centre/Page_JM Control Centre/td_Routine' is clicked on

2019-01-25 10:27:35 - [TEST_STEP][PASSED] - click(findTestObject("Object Repository/JM_8918/New/Page_JClient/Page_JM Control Centre/Page_JM Control Centre/label_1")): Object: 'Object Repository/JM_8918/New/Page_JClient/Page_JM Control Centre/Page_JM Control Centre/label_1' is clicked on

2019-01-25 10:27:35 - [MESSAGE][PASSED] - Object: 'Object Repository/JM_8918/New/Page_JClient/Page_JM Control Centre/Page_JM Control Centre/label_1' is clicked on

2019-01-25 10:27:35 - [TEST_STEP][PASSED] - click(findTestObject("Object Repository/FSM1/Create ABP Inspection/Page_JM Control Centre/div_Inspector Grade Required_v")): Object: 'Object Repository/FSM1/Create ABP Inspection/Page_JM Control Centre/div_Inspector Grade Required_v' is clicked on

2019-01-25 10:27:36 - [MESSAGE][PASSED] - Object: 'Object Repository/FSM1/Create ABP Inspection/Page_JM Control Centre/div_Inspector Grade Required_v' is clicked on

2019-01-25 10:27:36 - [TEST_STEP][PASSED] - click(findTestObject("Object Repository/FSM1/Create ABP Inspection Manual Ass/Page_JM Control Centre/Page_JM Control Centre/Page_JM Control Centre/td_Tech")): Object: 'Object Repository/FSM1/Create ABP Inspection Manual Ass/Page_JM Control Centre/Page_JM Control Centre/Page_JM Control Centre/td_Tech' is clicked on

2019-01-25 10:27:36 - [MESSAGE][PASSED] - Object: 'Object Repository/FSM1/Create ABP Inspection Manual Ass/Page_JM Control Centre/Page_JM Control Centre/Page_JM Control Centre/td_Tech' is clicked on

2019-01-25 10:27:36 - [TEST_STEP][PASSED] - click(findTestObject("Object Repository/FSM1/Create ABP Inspection/Page_JM Control Centre/div_Sequence within Inspection")): Object: 'Object Repository/FSM1/Create ABP Inspection/Page_JM Control Centre/div_Sequence within Inspection' is clicked on

2019-01-25 10:27:36 - [MESSAGE][PASSED] - Object: 'Object Repository/FSM1/Create ABP Inspection/Page_JM Control Centre/div_Sequence within Inspection' is clicked on

2019-01-25 10:27:36 - [TEST_STEP][PASSED] - click(findTestObject("Object Repository/FSM1/Create ABP Inspection Manual Ass/Page_JM Control Centre/Page_JM Control Centre/Page_JM Control Centre/td_2 - Tech")): Object: 'Object Repository/FSM1/Create ABP Inspection Manual Ass/Page_JM Control Centre/Page_JM Control Centre/Page_JM Control Centre/td_2 - Tech' is clicked on

2019-01-25 10:27:36 - [MESSAGE][PASSED] - Object: 'Object Repository/FSM1/Create ABP Inspection Manual Ass/Page_JM Control Centre/Page_JM Control Centre/Page_JM Control Centre/td_2 - Tech' is clicked on

2019-01-25 10:27:36 - [TEST_STEP][PASSED] - setText(findTestObject("JM_8918/ABP/Page_JM Control Centre/input_Customer ID_gwt-uid-42"), RandomStringUtils.randomNumeric(5)): Text '64410' is set on object 'Object Repository/JM_8918/ABP/Page_JM Control Centre/input_Customer ID_gwt-uid-42'

2019-01-25 10:27:37 - [MESSAGE][PASSED] - Text '64410' is set on object 'Object Repository/JM_8918/ABP/Page_JM Control Centre/input_Customer ID_gwt-uid-42'

2019-01-25 10:27:37 - [TEST_STEP][PASSED] - delay(2): Delayed 2 second(s)

2019-01-25 10:27:39 - [MESSAGE][PASSED] - Delayed 2 second(s)

2019-01-25 10:27:39 - [TEST_STEP][PASSED] - setText(findTestObject("JM_8918/ABP/Page_JM Control Centre/input_Unit ID_gwt-uid-44"), RandomStringUtils.randomNumeric(5)): Text '47561' is set on object 'Object Repository/JM_8918/ABP/Page_JM Control Centre/input_Unit ID_gwt-uid-44'

2019-01-25 10:27:39 - [MESSAGE][PASSED] - Text '47561' is set on object 'Object Repository/JM_8918/ABP/Page_JM Control Centre/input_Unit ID_gwt-uid-44'

2019-01-25 10:27:39 - [TEST_STEP][PASSED] - setText(findTestObject("JM_8918/ABP/Page_JM Control Centre/input_Customer Name_gwt-uid-46"), "Test Automation"): Text 'Test Automation' is set on object 'Object Repository/JM_8918/ABP/Page_JM Control Centre/input_Customer Name_gwt-uid-46'

2019-01-25 10:27:39 - [MESSAGE][PASSED] - Text 'Test Automation' is set on object 'Object Repository/JM_8918/ABP/Page_JM Control Centre/input_Customer Name_gwt-uid-46'

2019-01-25 10:27:39 - [TEST_STEP][PASSED] - click(findTestObject("Object Repository/FSM1/Create ABP Inspection Manual Ass/Page_JM Control Centre/Page_JM Control Centre/Page_JM Control Centre/span_")): Object: 'Object Repository/FSM1/Create ABP Inspection Manual Ass/Page_JM Control Centre/Page_JM Control Centre/Page_JM Control Centre/span_' is clicked on

2019-01-25 10:27:39 - [MESSAGE][PASSED] - Object: 'Object Repository/FSM1/Create ABP Inspection Manual Ass/Page_JM Control Centre/Page_JM Control Centre/Page_JM Control Centre/span_' is clicked on

2019-01-25 10:27:39 - [TEST_STEP][PASSED] - click(findTestObject("FSM1/Control Centre/Create EMI Inspection/Address Search/Page_JM Control Centre/Postcode Search")): Object: 'Object Repository/FSM1/Control Centre/Create EMI Inspection/Address Search/Page_JM Control Centre/Postcode Search' is clicked on

2019-01-25 10:27:40 - [MESSAGE][PASSED] - Object: 'Object Repository/FSM1/Control Centre/Create EMI Inspection/Address Search/Page_JM Control Centre/Postcode Search' is clicked on

2019-01-25 10:27:40 - [TEST_STEP][PASSED] - setText(findTestObject("FSM1/PreProd/Page_JM Control Centre/PostcodeSearch"), findTestData("Pre Production/ABP/ABP Inspection Data 01a").getValue(2, 1)): Text 'WR5 2NQ' is set on object 'Object Repository/FSM1/PreProd/Page_JM Control Centre/PostcodeSearch'

2019-01-25 10:27:40 - [MESSAGE][PASSED] - Text 'WR5 2NQ' is set on object 'Object Repository/FSM1/PreProd/Page_JM Control Centre/PostcodeSearch'

2019-01-25 10:27:40 - [TEST_STEP][PASSED] - doubleClick(findTestObject("JM_8918/Page_JM Control Centre/div_Search")): Object: 'Object Repository/JM_8918/Page_JM Control Centre/div_Search' is double clicked on

2019-01-25 10:27:41 - [MESSAGE][PASSED] - Object: 'Object Repository/JM_8918/Page_JM Control Centre/div_Search' is double clicked on

2019-01-25 10:27:41 - [TEST_STEP][PASSED] - FullAddress = modifyObjectProperty(findTestObject("Object Repository/FSM1/Create ABP Inspection Manual Ass/Page_JM Control Centre/Page_JM Control Centre/Page_JM Control Centre/Address"), "text", "equals", findTestData("Pre Production/ABP/ABP Inspection Data 01a").getValue(3, 1), true): Modify property of object successfully

2019-01-25 10:27:41 - [MESSAGE][PASSED] - Modify property of object successfully

2019-01-25 10:27:41 - [TEST_STEP][PASSED] - click(FullAddress, STOP_ON_FAILURE): Object: 'Object Repository/FSM1/Create ABP Inspection Manual Ass/Page_JM Control Centre/Page_JM Control Centre/Page_JM Control Centre/Address' is clicked on

2019-01-25 10:27:43 - [MESSAGE][PASSED] - Object: 'Object Repository/FSM1/Create ABP Inspection Manual Ass/Page_JM Control Centre/Page_JM Control Centre/Page_JM Control Centre/Address' is clicked on

2019-01-25 10:27:43 - [TEST_STEP][PASSED] - click(findTestObject("FSM1/Control Centre/Create EMI Inspection/Create Address/Page_JM Control Centre (2)/div_Add Selected Item")): Object: 'Object Repository/FSM1/Control Centre/Create EMI Inspection/Create Address/Page_JM Control Centre (2)/div_Add Selected Item' is clicked on

2019-01-25 10:27:43 - [MESSAGE][PASSED] - Object: 'Object Repository/FSM1/Control Centre/Create EMI Inspection/Create Address/Page_JM Control Centre (2)/div_Add Selected Item' is clicked on

2019-01-25 10:27:43 - [TEST_STEP][PASSED] - delay(3): Delayed 3 second(s)

2019-01-25 10:27:46 - [MESSAGE][PASSED] - Delayed 3 second(s)

2019-01-25 10:27:46 - [TEST_STEP][PASSED] - click(findTestObject("FSM1/Control Centre/Create EMI Inspection/Finish/Page_JM Control Centre (3)/div_Create")): Object: 'Object Repository/FSM1/Control Centre/Create EMI Inspection/Finish/Page_JM Control Centre (3)/div_Create' is clicked on

2019-01-25 10:27:46 - [MESSAGE][PASSED] - Object: 'Object Repository/FSM1/Control Centre/Create EMI Inspection/Finish/Page_JM Control Centre (3)/div_Create' is clicked on

2019-01-25 10:27:46 - [TEST_STEP][PASSED] - waitForElementPresent(findTestObject("Object Repository/FSM1/Create ABP Inspection Manual Ass/Page_JM Control Centre/Page_JM Control Centre/Page_JM Control Centre/div_APPROVED"), 120, STOP_ON_FAILURE): Object 'Object Repository/FSM1/Create ABP Inspection Manual Ass/Page_JM Control Centre/Page_JM Control Centre/Page_JM Control Centre/div_APPROVED' is present

2019-01-25 10:27:49 - [MESSAGE][PASSED] - Object 'Object Repository/FSM1/Create ABP Inspection Manual Ass/Page_JM Control Centre/Page_JM Control Centre/Page_JM Control Centre/div_APPROVED' is present

2019-01-25 10:27:49 - [TEST_STEP][PASSED] - click(findTestObject("Object Repository/FSM1/Create ABP Inspection Manual Ass/Page_JM Control Centre/Page_JM Control Centre/Page_JM Control Centre/span_Schedule")): Object: 'Object Repository/FSM1/Create ABP Inspection Manual Ass/Page_JM Control Centre/Page_JM Control Centre/Page_JM Control Centre/span_Schedule' is clicked on

2019-01-25 10:27:50 - [MESSAGE][PASSED] - Object: 'Object Repository/FSM1/Create ABP Inspection Manual Ass/Page_JM Control Centre/Page_JM Control Centre/Page_JM Control Centre/span_Schedule' is clicked on

2019-01-25 10:27:50 - [TEST_STEP][PASSED] - click(findTestObject("Object Repository/JM_8918/New/Page_JM Control Centre/Page_JM Control Centre/label_Manually Allocate as an")): Object: 'Object Repository/JM_8918/New/Page_JM Control Centre/Page_JM Control Centre/label_Manually Allocate as an' is clicked on

2019-01-25 10:27:52 - [MESSAGE][PASSED] - Object: 'Object Repository/JM_8918/New/Page_JM Control Centre/Page_JM Control Centre/label_Manually Allocate as an' is clicked on

2019-01-25 10:27:52 - [TEST_STEP][PASSED] - click(findTestObject("Object Repository/JM_8918/New/Page_JM Control Centre/Page_JM Control Centre/div_Owner_v-filterselect-butto")): Object: 'Object Repository/JM_8918/New/Page_JM Control Centre/Page_JM Control Centre/div_Owner_v-filterselect-butto' is clicked on

2019-01-25 10:27:52 - [MESSAGE][PASSED] - Object: 'Object Repository/JM_8918/New/Page_JM Control Centre/Page_JM Control Centre/div_Owner_v-filterselect-butto' is clicked on

2019-01-25 10:27:52 - [TEST_STEP][PASSED] - setText(findTestObject("Object Repository/JM_8918/New/Page_JM Control Centre/Page_JM Control Centre/input_Owner_gwt-uid-304"), "test"): Text 'test' is set on object 'Object Repository/JM_8918/New/Page_JM Control Centre/Page_JM Control Centre/input_Owner_gwt-uid-304'

2019-01-25 10:27:52 - [MESSAGE][PASSED] - Text 'test' is set on object 'Object Repository/JM_8918/New/Page_JM Control Centre/Page_JM Control Centre/input_Owner_gwt-uid-304'

2019-01-25 10:27:53 - [TEST_STEP][PASSED] - click(findTestObject("Object Repository/JM_8918/New/Page_JM Control Centre/Page_JM Control Centre/span_Test Inspector")): Object: 'Object Repository/JM_8918/New/Page_JM Control Centre/Page_JM Control Centre/span_Test Inspector' is clicked on

2019-01-25 10:27:53 - [MESSAGE][PASSED] - Object: 'Object Repository/JM_8918/New/Page_JM Control Centre/Page_JM Control Centre/span_Test Inspector' is clicked on

2019-01-25 10:27:53 - [TEST_STEP][PASSED] - delay(3): Delayed 3 second(s)

2019-01-25 10:27:56 - [MESSAGE][PASSED] - Delayed 3 second(s)

2019-01-25 10:27:56 - [TEST_STEP][NOT_RUN] - mydate = new java.util.Date(): NOT_RUN: mydate = new java.util.Date()

2019-01-25 10:27:56 - [MESSAGE][NOT_RUN] - NOT_RUN: mydate = new java.util.Date()

2019-01-25 10:27:56 - [TEST_STEP][NOT_RUN] - tomorrow = mydate.next(): NOT_RUN: tomorrow = mydate.next()

2019-01-25 10:27:56 - [MESSAGE][NOT_RUN] - NOT_RUN: tomorrow = mydate.next()

2019-01-25 10:27:56 - [TEST_STEP][NOT_RUN] - formattedDate = tomorrow.format("dd-MMM-yyyy"): NOT_RUN: formattedDate = tomorrow.format("dd-MMM-yyyy")

2019-01-25 10:27:56 - [MESSAGE][NOT_RUN] - NOT_RUN: formattedDate = tomorrow.format("dd-MMM-yyyy")

2019-01-25 10:27:56 - [TEST_STEP][NOT_RUN] - delay(2): NOT_RUN: delay(2)

2019-01-25 10:27:56 - [MESSAGE][NOT_RUN] - NOT_RUN: delay(2)

2019-01-25 10:27:56 - [TEST_STEP][NOT_RUN] - setText(findTestObject("JM_8918/New/Page_JM Control Centre/Page_JM Control Centre/input_Due date_gwt-uid-308"), formattedDate): NOT_RUN: setText(findTestObject("JM_8918/New/Page_JM Control Centre/Page_JM Control Centre/input_Due date_gwt-uid-308"), formattedDate)

2019-01-25 10:27:56 - [MESSAGE][NOT_RUN] - NOT_RUN: setText(findTestObject("JM_8918/New/Page_JM Control Centre/Page_JM Control Centre/input_Due date_gwt-uid-308"), formattedDate)

2019-01-25 10:27:56 - [TEST_STEP][NOT_RUN] - delay(2): NOT_RUN: delay(2)

2019-01-25 10:27:56 - [MESSAGE][NOT_RUN] - NOT_RUN: delay(2)

2019-01-25 10:27:56 - [TEST_STEP][NOT_RUN] - setText(findTestObject("JM_8918/New/Page_JM Control Centre/Page_JM Control Centre/input_From date_gwt-uid-306"), formattedDate): NOT_RUN: setText(findTestObject("JM_8918/New/Page_JM Control Centre/Page_JM Control Centre/input_From date_gwt-uid-306"), formattedDate)

2019-01-25 10:27:56 - [MESSAGE][NOT_RUN] - NOT_RUN: setText(findTestObject("JM_8918/New/Page_JM Control Centre/Page_JM Control Centre/input_From date_gwt-uid-306"), formattedDate)

2019-01-25 10:27:56 - [TEST_STEP][PASSED] - delay(5): Delayed 5 second(s)

2019-01-25 10:28:01 - [MESSAGE][PASSED] - Delayed 5 second(s)

2019-01-25 10:28:01 - [TEST_STEP][PASSED] - click(findTestObject("Object Repository/FSM1/Create ABP Inspection Manual Ass/Page_JM Control Centre/Page_JM Control Centre/Page_JM Control Centre/div_Allocate")): Object: 'Object Repository/FSM1/Create ABP Inspection Manual Ass/Page_JM Control Centre/Page_JM Control Centre/Page_JM Control Centre/div_Allocate' is clicked on

2019-01-25 10:28:01 - [MESSAGE][PASSED] - Object: 'Object Repository/FSM1/Create ABP Inspection Manual Ass/Page_JM Control Centre/Page_JM Control Centre/Page_JM Control Centre/div_Allocate' is clicked on

2019-01-25 10:28:01 - [TEST_STEP][PASSED] - InspectionID = getText(findTestObject("Object Repository/FSM1/Create ABP Inspection Manual Ass/Page_JM Control Centre/Page_JM Control Centre/Page_JM Control Centre/InspectionID")): Text of object 'Object Repository/FSM1/Create ABP Inspection Manual Ass/Page_JM Control Centre/Page_JM Control Centre/Page_JM Control Centre/InspectionID' is: 'Viewing Job 101481'

2019-01-25 10:28:01 - [MESSAGE][PASSED] - Text of object 'Object Repository/FSM1/Create ABP Inspection Manual Ass/Page_JM Control Centre/Page_JM Control Centre/Page_JM Control Centre/InspectionID' is: 'Viewing Job 101481'

2019-01-25 10:28:01 - [TEST_STEP][PASSED] - InspectionID = InspectionID.replaceAll("Viewing Job ", ""): null

2019-01-25 10:28:01 - [TEST_STEP][PASSED] - log.logWarning(InspectionID): 101481

2019-01-25 10:28:01 - [MESSAGE][WARNING] - 101481

2019-01-25 10:28:01 - [TEST_STEP][PASSED] - temp = InspectionID: null

2019-01-25 10:28:01 - [TEST_STEP][PASSED] - delay(90): Delayed 90 second(s)

2019-01-25 10:29:31 - [MESSAGE][PASSED] - Delayed 90 second(s)]]></system-out>
         <system-err><![CDATA[]]></system-err>
      </testcase>
      <testcase name="Test Cases/Generic/Launch Job Manager" classname="Test Cases/Generic/Launch Job Manager" status="PASSED">
         <system-out><![CDATA[2019-01-25 10:29:31 - [TEST_CASE][PASSED] - Test Cases/Generic/Launch Job Manager: Test Cases/Generic/Launch Job Manager

2019-01-25 10:29:32 - [TEST_STEP][PASSED] - openBrowser(""): Browser is opened with url: ''

2019-01-25 10:29:32 - [MESSAGE][WARNING] - A browser is already opened. Closing browser and opening a new one

2019-01-25 10:29:32 - [MESSAGE][INFO] - Starting 'Chrome' driver

2019-01-25 10:29:35 - [MESSAGE][PASSED] - Browser is opened with url: ''

2019-01-25 10:29:35 - [TEST_STEP][PASSED] - navigateToUrl(JMURL): Navigate to 'https://kirona-def-6.kirona.com/jmprep/jclient/jclient.html' successfully

2019-01-25 10:29:36 - [MESSAGE][PASSED] - Navigate to 'https://kirona-def-6.kirona.com/jmprep/jclient/jclient.html' successfully

2019-01-25 10:29:36 - [TEST_STEP][PASSED] - delay(3): Delayed 3 second(s)

2019-01-25 10:29:39 - [MESSAGE][PASSED] - Delayed 3 second(s)

2019-01-25 10:29:39 - [TEST_STEP][PASSED] - setText(findTestObject("FSM1/Launch Application/Page_JClient/input_gwt-TextBox GKH2EKQBMDB"), "KIR1"): Text 'KIR1' is set on object 'Object Repository/FSM1/Launch Application/Page_JClient/input_gwt-TextBox GKH2EKQBMDB'

2019-01-25 10:29:39 - [MESSAGE][PASSED] - Text 'KIR1' is set on object 'Object Repository/FSM1/Launch Application/Page_JClient/input_gwt-TextBox GKH2EKQBMDB'

2019-01-25 10:29:39 - [TEST_STEP][PASSED] - sendKeys(findTestObject("FSM1/Launch Application/Page_JClient/input_gwt-TextBox GKH2EKQBMDB"), Keys.chord(ENTER)): Keys 'ENTER + ' sent to object: 'Object Repository/FSM1/Launch Application/Page_JClient/input_gwt-TextBox GKH2EKQBMDB'

2019-01-25 10:29:39 - [MESSAGE][PASSED] - Keys 'ENTER + ' sent to object: 'Object Repository/FSM1/Launch Application/Page_JClient/input_gwt-TextBox GKH2EKQBMDB'

2019-01-25 10:29:39 - [TEST_STEP][PASSED] - delay(3): Delayed 3 second(s)

2019-01-25 10:29:42 - [MESSAGE][PASSED] - Delayed 3 second(s)

2019-01-25 10:29:42 - [TEST_STEP][PASSED] - click(findTestObject("FSM1/Launch Application/Page_JClient/div_Configure App")): Object: 'Object Repository/FSM1/Launch Application/Page_JClient/div_Configure App' is clicked on

2019-01-25 10:29:42 - [MESSAGE][PASSED] - Object: 'Object Repository/FSM1/Launch Application/Page_JClient/div_Configure App' is clicked on

2019-01-25 10:29:42 - [TEST_STEP][PASSED] - setText(findTestObject("FSM1/Launch Application/Page_JClient/input_gwt-TextBox GKH2EKQBNHC"), findTestData("Pre Production/Environmental/UandP").getValue(3, 1)): Text 'test.inspector' is set on object 'Object Repository/FSM1/Launch Application/Page_JClient/input_gwt-TextBox GKH2EKQBNHC'

2019-01-25 10:29:43 - [MESSAGE][PASSED] - Text 'test.inspector' is set on object 'Object Repository/FSM1/Launch Application/Page_JClient/input_gwt-TextBox GKH2EKQBNHC'

2019-01-25 10:29:43 - [TEST_STEP][PASSED] - setText(findTestObject("FSM1/Launch Application/Page_JClient/input_gwt-PasswordTextBox GKH2"), findTestData("Pre Production/Environmental/UandP").getValue(4, 1)): Text 'Password1.' is set on object 'Object Repository/FSM1/Launch Application/Page_JClient/input_gwt-PasswordTextBox GKH2'

2019-01-25 10:29:43 - [MESSAGE][PASSED] - Text 'Password1.' is set on object 'Object Repository/FSM1/Launch Application/Page_JClient/input_gwt-PasswordTextBox GKH2'

2019-01-25 10:29:43 - [TEST_STEP][PASSED] - click(findTestObject("FSM1/Launch Application/Page_JClient/div_Sign In")): Object: 'Object Repository/FSM1/Launch Application/Page_JClient/div_Sign In' is clicked on

2019-01-25 10:29:43 - [MESSAGE][PASSED] - Object: 'Object Repository/FSM1/Launch Application/Page_JClient/div_Sign In' is clicked on

2019-01-25 10:29:43 - [TEST_STEP][PASSED] - delay(15): Delayed 15 second(s)

2019-01-25 10:29:58 - [MESSAGE][PASSED] - Delayed 15 second(s)]]></system-out>
         <system-err><![CDATA[]]></system-err>
      </testcase>
      <testcase name="Test Cases/Generic/Select Inspection" classname="Test Cases/Generic/Select Inspection" status="PASSED">
         <system-out><![CDATA[2019-01-25 10:29:58 - [TEST_CASE][PASSED] - Test Cases/Generic/Select Inspection: Test Cases/Generic/Select Inspection

2019-01-25 10:29:58 - [TEST_STEP][PASSED] - delay(20): Delayed 20 second(s)

2019-01-25 10:30:18 - [MESSAGE][PASSED] - Delayed 20 second(s)

2019-01-25 10:30:18 - [TEST_STEP][PASSED] - waitForElementClickable(findTestObject("JM_8918/Page_JM Control Centre/Page_JM Control Centre/Page_JClient/Refresh"), 250): Object 'Object Repository/JM_8918/Page_JM Control Centre/Page_JM Control Centre/Page_JClient/Refresh' is clickable

2019-01-25 10:30:18 - [MESSAGE][PASSED] - Object 'Object Repository/JM_8918/Page_JM Control Centre/Page_JM Control Centre/Page_JClient/Refresh' is clickable

2019-01-25 10:30:18 - [TEST_STEP][PASSED] - click(findTestObject("JM_8918/Page_JM Control Centre/Page_JM Control Centre/Page_JClient/Refresh")): Object: 'Object Repository/JM_8918/Page_JM Control Centre/Page_JM Control Centre/Page_JClient/Refresh' is clicked on

2019-01-25 10:30:18 - [MESSAGE][PASSED] - Object: 'Object Repository/JM_8918/Page_JM Control Centre/Page_JM Control Centre/Page_JClient/Refresh' is clicked on

2019-01-25 10:30:18 - [TEST_STEP][PASSED] - waitForElementClickable(findTestObject("JM_8918/Page_JM Control Centre/Page_JM Control Centre/Page_JClient/Refresh"), 250): Object 'Object Repository/JM_8918/Page_JM Control Centre/Page_JM Control Centre/Page_JClient/Refresh' is clickable

2019-01-25 10:30:18 - [MESSAGE][PASSED] - Object 'Object Repository/JM_8918/Page_JM Control Centre/Page_JM Control Centre/Page_JClient/Refresh' is clickable

2019-01-25 10:30:18 - [TEST_STEP][PASSED] - InspectionRef = modifyObjectProperty(findTestObject("FSM1/Select Inspection/Landing/Page_JClient/div_35098"), "text", "equals", temp, true, STOP_ON_FAILURE): Modify property of object successfully

2019-01-25 10:30:18 - [MESSAGE][PASSED] - Modify property of object successfully

2019-01-25 10:30:18 - [TEST_STEP][PASSED] - delay(5): Delayed 5 second(s)

2019-01-25 10:30:23 - [MESSAGE][PASSED] - Delayed 5 second(s)

2019-01-25 10:30:23 - [TEST_STEP][PASSED] - if (verifyElementPresent(InspectionRef, 10, OPTIONAL)): Object: 'Object Repository/FSM1/Select Inspection/Landing/Page_JClient/div_35098' is clicked on

2019-01-25 10:30:24 - [MESSAGE][PASSED] - Object 'Object Repository/FSM1/Select Inspection/Landing/Page_JClient/div_35098' is present

2019-01-25 10:30:24 - [TEST_STEP][PASSED] - delay(3): Delayed 3 second(s)

2019-01-25 10:30:27 - [MESSAGE][PASSED] - Delayed 3 second(s)

2019-01-25 10:30:27 - [TEST_STEP][PASSED] - click(InspectionRef): Object: 'Object Repository/FSM1/Select Inspection/Landing/Page_JClient/div_35098' is clicked on

2019-01-25 10:30:27 - [MESSAGE][PASSED] - Object: 'Object Repository/FSM1/Select Inspection/Landing/Page_JClient/div_35098' is clicked on

2019-01-25 10:30:27 - [TEST_STEP][PASSED] - click(findTestObject("FSM1/Select Inspection/Page_JClient/div_WITH OPERATIVE")): Object: 'Object Repository/FSM1/Select Inspection/Page_JClient/div_WITH OPERATIVE' is clicked on

2019-01-25 10:30:27 - [MESSAGE][PASSED] - Object: 'Object Repository/FSM1/Select Inspection/Page_JClient/div_WITH OPERATIVE' is clicked on

2019-01-25 10:30:27 - [TEST_STEP][PASSED] - delay(2): Delayed 2 second(s)

2019-01-25 10:30:29 - [MESSAGE][PASSED] - Delayed 2 second(s)

2019-01-25 10:30:29 - [TEST_STEP][PASSED] - click(findTestObject("FSM1/Select Inspection/Page_JClient/div_TRAVELLING")): Object: 'Object Repository/FSM1/Select Inspection/Page_JClient/div_TRAVELLING' is clicked on

2019-01-25 10:30:29 - [MESSAGE][PASSED] - Object: 'Object Repository/FSM1/Select Inspection/Page_JClient/div_TRAVELLING' is clicked on

2019-01-25 10:30:29 - [TEST_STEP][PASSED] - delay(2): Delayed 2 second(s)

2019-01-25 10:30:31 - [MESSAGE][PASSED] - Delayed 2 second(s)

2019-01-25 10:30:31 - [TEST_STEP][PASSED] - click(findTestObject("FSM1/Select Inspection/Page_JClient/div_TRAVELLING")): Object: 'Object Repository/FSM1/Select Inspection/Page_JClient/div_TRAVELLING' is clicked on

2019-01-25 10:30:32 - [MESSAGE][PASSED] - Object: 'Object Repository/FSM1/Select Inspection/Page_JClient/div_TRAVELLING' is clicked on

2019-01-25 10:30:32 - [TEST_STEP][PASSED] - delay(2): Delayed 2 second(s)

2019-01-25 10:30:34 - [MESSAGE][PASSED] - Delayed 2 second(s)

2019-01-25 10:30:34 - [TEST_STEP][PASSED] - click(findTestObject("FSM1/Select Inspection/Page_JClient/div_ARRIVED")): Object: 'Object Repository/FSM1/Select Inspection/Page_JClient/div_ARRIVED' is clicked on

2019-01-25 10:30:34 - [MESSAGE][PASSED] - Object: 'Object Repository/FSM1/Select Inspection/Page_JClient/div_ARRIVED' is clicked on

2019-01-25 10:30:34 - [TEST_STEP][PASSED] - delay(2): Delayed 2 second(s)

2019-01-25 10:30:36 - [MESSAGE][PASSED] - Delayed 2 second(s)

2019-01-25 10:30:36 - [TEST_STEP][PASSED] - click(findTestObject("FSM1/Select Inspection/Page_JClient/div_ARRIVED")): Object: 'Object Repository/FSM1/Select Inspection/Page_JClient/div_ARRIVED' is clicked on

2019-01-25 10:30:36 - [MESSAGE][PASSED] - Object: 'Object Repository/FSM1/Select Inspection/Page_JClient/div_ARRIVED' is clicked on

2019-01-25 10:30:36 - [TEST_STEP][PASSED] - delay(4): Delayed 4 second(s)

2019-01-25 10:30:40 - [MESSAGE][PASSED] - Delayed 4 second(s)

2019-01-25 10:30:40 - [TEST_STEP][PASSED] - click(findTestObject("FSM1/Select Inspection/Page_JClient/div_STARTED")): Object: 'Object Repository/FSM1/Select Inspection/Page_JClient/div_STARTED' is clicked on

2019-01-25 10:30:40 - [MESSAGE][PASSED] - Object: 'Object Repository/FSM1/Select Inspection/Page_JClient/div_STARTED' is clicked on

2019-01-25 10:30:40 - [TEST_STEP][PASSED] - delay(2): Delayed 2 second(s)

2019-01-25 10:30:42 - [MESSAGE][PASSED] - Delayed 2 second(s)]]></system-out>
         <system-err><![CDATA[]]></system-err>
      </testcase>
      <testcase name="Test Cases/ICW/AB191/Complete ICW Inspection - Section A - 191" classname="Test Cases/ICW/AB191/Complete ICW Inspection - Section A - 191" status="PASSED">
         <system-out><![CDATA[2019-01-25 10:30:42 - [TEST_CASE][PASSED] - Test Cases/ICW/AB191/Complete ICW Inspection - Section A - 191: Test Cases/ICW/AB191/Complete ICW Inspection - Section A - 191

2019-01-25 10:30:42 - [TEST_STEP][PASSED] - click(findTestObject("Object Repository/FSM1/Complete 191/Section A/Page_JClient/div_Section A Summary of Inspe")): Object: 'Object Repository/FSM1/Complete 191/Section A/Page_JClient/div_Section A Summary of Inspe' is clicked on

2019-01-25 10:30:42 - [MESSAGE][PASSED] - Object: 'Object Repository/FSM1/Complete 191/Section A/Page_JClient/div_Section A Summary of Inspe' is clicked on

2019-01-25 10:30:42 - [TEST_STEP][PASSED] - delay(3): Delayed 3 second(s)

2019-01-25 10:30:45 - [MESSAGE][PASSED] - Delayed 3 second(s)

2019-01-25 10:30:45 - [TEST_STEP][PASSED] - click(findTestObject("Object Repository/FSM1/Complete 191/Section A/Page_JClient/input_Yes_radio_group_1")): Object: 'Object Repository/FSM1/Complete 191/Section A/Page_JClient/input_Yes_radio_group_1' is clicked on

2019-01-25 10:30:46 - [MESSAGE][PASSED] - Object: 'Object Repository/FSM1/Complete 191/Section A/Page_JClient/input_Yes_radio_group_1' is clicked on

2019-01-25 10:30:46 - [TEST_STEP][PASSED] - click(findTestObject("Object Repository/FSM1/Complete 191/Section A/Page_JClient/input_Yes_radio_group_2")): Object: 'Object Repository/FSM1/Complete 191/Section A/Page_JClient/input_Yes_radio_group_2' is clicked on

2019-01-25 10:30:46 - [MESSAGE][PASSED] - Object: 'Object Repository/FSM1/Complete 191/Section A/Page_JClient/input_Yes_radio_group_2' is clicked on

2019-01-25 10:30:46 - [TEST_STEP][PASSED] - click(findTestObject("Object Repository/FSM1/Complete 191/Section A/Page_JClient/input_Yes_radio_group_3")): Object: 'Object Repository/FSM1/Complete 191/Section A/Page_JClient/input_Yes_radio_group_3' is clicked on

2019-01-25 10:30:46 - [MESSAGE][PASSED] - Object: 'Object Repository/FSM1/Complete 191/Section A/Page_JClient/input_Yes_radio_group_3' is clicked on

2019-01-25 10:30:46 - [TEST_STEP][PASSED] - click(findTestObject("Object Repository/FSM1/Complete 191/Section A/Page_JClient/input_Waste Originator Details")): Object: 'Object Repository/FSM1/Complete 191/Section A/Page_JClient/input_Waste Originator Details' is clicked on

2019-01-25 10:30:46 - [MESSAGE][PASSED] - Object: 'Object Repository/FSM1/Complete 191/Section A/Page_JClient/input_Waste Originator Details' is clicked on

2019-01-25 10:30:46 - [TEST_STEP][PASSED] - setText(findTestObject("Object Repository/FSM1/Complete 191/Section A/Page_JClient/input_Local AuthorityPort Heal"), "12"): Text '12' is set on object 'Object Repository/FSM1/Complete 191/Section A/Page_JClient/input_Local AuthorityPort Heal'

2019-01-25 10:30:46 - [MESSAGE][PASSED] - Text '12' is set on object 'Object Repository/FSM1/Complete 191/Section A/Page_JClient/input_Local AuthorityPort Heal'

2019-01-25 10:30:46 - [TEST_STEP][PASSED] - click(findTestObject("Object Repository/FSM1/Complete 191/Section A/Page_JClient/input_Yes_radio_group_4")): Object: 'Object Repository/FSM1/Complete 191/Section A/Page_JClient/input_Yes_radio_group_4' is clicked on

2019-01-25 10:30:46 - [MESSAGE][PASSED] - Object: 'Object Repository/FSM1/Complete 191/Section A/Page_JClient/input_Yes_radio_group_4' is clicked on

2019-01-25 10:30:46 - [TEST_STEP][PASSED] - click(findTestObject("Object Repository/FSM1/Complete 191/Section A/Page_JClient/input_Yes_radio_group_5")): Object: 'Object Repository/FSM1/Complete 191/Section A/Page_JClient/input_Yes_radio_group_5' is clicked on

2019-01-25 10:30:46 - [MESSAGE][PASSED] - Object: 'Object Repository/FSM1/Complete 191/Section A/Page_JClient/input_Yes_radio_group_5' is clicked on

2019-01-25 10:30:46 - [TEST_STEP][PASSED] - selectOptionByValue(findTestObject("Object Repository/FSM1/Complete 191/Section A/Page_JClient/select_(a) Continue with curre"), "Continue with current approval", true): All options with value 'Continue with current approval' are selected in object 'Object Repository/FSM1/Complete 191/Section A/Page_JClient/select_(a) Continue with curre'  using regular expression

2019-01-25 10:30:46 - [MESSAGE][PASSED] - All options with value 'Continue with current approval' are selected in object 'Object Repository/FSM1/Complete 191/Section A/Page_JClient/select_(a) Continue with curre'  using regular expression

2019-01-25 10:30:46 - [TEST_STEP][PASSED] - click(findTestObject("Object Repository/FSM1/Complete 191/Section A/Page_JClient/input_Yes_radio_group_6")): Object: 'Object Repository/FSM1/Complete 191/Section A/Page_JClient/input_Yes_radio_group_6' is clicked on

2019-01-25 10:30:46 - [MESSAGE][PASSED] - Object: 'Object Repository/FSM1/Complete 191/Section A/Page_JClient/input_Yes_radio_group_6' is clicked on

2019-01-25 10:30:46 - [TEST_STEP][PASSED] - click(findTestObject("Object Repository/FSM1/Complete 191/Section A/Page_JClient/div_Save")): Object: 'Object Repository/FSM1/Complete 191/Section A/Page_JClient/div_Save' is clicked on

2019-01-25 10:30:47 - [MESSAGE][PASSED] - Object: 'Object Repository/FSM1/Complete 191/Section A/Page_JClient/div_Save' is clicked on

2019-01-25 10:30:47 - [TEST_STEP][PASSED] - verifyElementPresent(findTestObject("Object Repository/FSM1/Complete 191/Section A/Page_JClient/div_Section A Summary of Inspe"), 2): Object 'Object Repository/FSM1/Complete 191/Section A/Page_JClient/div_Section A Summary of Inspe' is present

2019-01-25 10:30:47 - [MESSAGE][PASSED] - Object 'Object Repository/FSM1/Complete 191/Section A/Page_JClient/div_Section A Summary of Inspe' is present

2019-01-25 10:30:47 - [TEST_STEP][PASSED] - delay(3): Delayed 3 second(s)

2019-01-25 10:30:50 - [MESSAGE][PASSED] - Delayed 3 second(s)

2019-01-25 10:30:50 - [TEST_STEP][PASSED] - click(findTestObject("Object Repository/FSM1/Complete 191/Section A/Page_JClient/div_Section A Summary of Inspe")): Object: 'Object Repository/FSM1/Complete 191/Section A/Page_JClient/div_Section A Summary of Inspe' is clicked on

2019-01-25 10:30:50 - [MESSAGE][PASSED] - Object: 'Object Repository/FSM1/Complete 191/Section A/Page_JClient/div_Section A Summary of Inspe' is clicked on

2019-01-25 10:30:50 - [TEST_STEP][PASSED] - delay(3): Delayed 3 second(s)

2019-01-25 10:30:53 - [MESSAGE][PASSED] - Delayed 3 second(s)

2019-01-25 10:30:53 - [TEST_STEP][PASSED] - setText(findTestObject("Object Repository/FSM1/Complete 191/Section A/Page_JClient/input_Chargeable time (minutes"), "10"): Text '10' is set on object 'Object Repository/FSM1/Complete 191/Section A/Page_JClient/input_Chargeable time (minutes'

2019-01-25 10:30:53 - [MESSAGE][PASSED] - Text '10' is set on object 'Object Repository/FSM1/Complete 191/Section A/Page_JClient/input_Chargeable time (minutes'

2019-01-25 10:30:53 - [TEST_STEP][PASSED] - click(findTestObject("Object Repository/FSM1/Complete 191/Section A/Page_JClient/div_Save")): Object: 'Object Repository/FSM1/Complete 191/Section A/Page_JClient/div_Save' is clicked on

2019-01-25 10:30:53 - [MESSAGE][PASSED] - Object: 'Object Repository/FSM1/Complete 191/Section A/Page_JClient/div_Save' is clicked on]]></system-out>
         <system-err><![CDATA[]]></system-err>
      </testcase>
      <testcase name="Test Cases/ICW/AB191/Complete ICW Inspection - Section B - All - 191" classname="Test Cases/ICW/AB191/Complete ICW Inspection - Section B - All - 191" status="PASSED">
         <system-out><![CDATA[2019-01-25 10:30:53 - [TEST_CASE][PASSED] - Test Cases/ICW/AB191/Complete ICW Inspection - Section B - All - 191: Test Cases/ICW/AB191/Complete ICW Inspection - Section B - All - 191

2019-01-25 10:30:53 - [TEST_STEP][PASSED] - click(findTestObject("Object Repository/FSM1/AB191 Section B All/Page_JClient/div_Section B Inspection Detai")): Object: 'Object Repository/FSM1/AB191 Section B All/Page_JClient/div_Section B Inspection Detai' is clicked on

2019-01-25 10:30:54 - [MESSAGE][PASSED] - Object: 'Object Repository/FSM1/AB191 Section B All/Page_JClient/div_Section B Inspection Detai' is clicked on

2019-01-25 10:30:54 - [TEST_STEP][PASSED] - delay(3): Delayed 3 second(s)

2019-01-25 10:30:57 - [MESSAGE][PASSED] - Delayed 3 second(s)

2019-01-25 10:30:57 - [TEST_STEP][PASSED] - click(findTestObject("Object Repository/FSM1/AB191 Section B All/Page_JClient/input_Vessel movements from (t")): Object: 'Object Repository/FSM1/AB191 Section B All/Page_JClient/input_Vessel movements from (t' is clicked on

2019-01-25 10:30:57 - [MESSAGE][PASSED] - Object: 'Object Repository/FSM1/AB191 Section B All/Page_JClient/input_Vessel movements from (t' is clicked on

2019-01-25 10:30:57 - [TEST_STEP][PASSED] - click(findTestObject("Object Repository/FSM1/AB191 Section B All/Page_JClient/input_GB_gwt-uid-91")): Object: 'Object Repository/FSM1/AB191 Section B All/Page_JClient/input_GB_gwt-uid-91' is clicked on

2019-01-25 10:30:57 - [MESSAGE][PASSED] - Object: 'Object Repository/FSM1/AB191 Section B All/Page_JClient/input_GB_gwt-uid-91' is clicked on

2019-01-25 10:30:57 - [TEST_STEP][PASSED] - click(findTestObject("Object Repository/FSM1/AB191 Section B All/Page_JClient/input_European Union (EU)_gwt-")): Object: 'Object Repository/FSM1/AB191 Section B All/Page_JClient/input_European Union (EU)_gwt-' is clicked on

2019-01-25 10:30:57 - [MESSAGE][PASSED] - Object: 'Object Repository/FSM1/AB191 Section B All/Page_JClient/input_European Union (EU)_gwt-' is clicked on

2019-01-25 10:30:57 - [TEST_STEP][PASSED] - setText(findTestObject("Object Repository/FSM1/AB191 Section B All/Page_JClient/input_GB Approximate Number or"), "10"): Text '10' is set on object 'Object Repository/FSM1/AB191 Section B All/Page_JClient/input_GB Approximate Number or'

2019-01-25 10:30:57 - [MESSAGE][PASSED] - Text '10' is set on object 'Object Repository/FSM1/AB191 Section B All/Page_JClient/input_GB Approximate Number or'

2019-01-25 10:30:57 - [TEST_STEP][PASSED] - setText(findTestObject("Object Repository/FSM1/AB191 Section B All/Page_JClient/input_European Union (EU) Appr"), "10"): Text '10' is set on object 'Object Repository/FSM1/AB191 Section B All/Page_JClient/input_European Union (EU) Appr'

2019-01-25 10:30:57 - [MESSAGE][PASSED] - Text '10' is set on object 'Object Repository/FSM1/AB191 Section B All/Page_JClient/input_European Union (EU) Appr'

2019-01-25 10:30:57 - [TEST_STEP][PASSED] - setText(findTestObject("Object Repository/FSM1/AB191 Section B All/Page_JClient/input_Third Country Approximat"), "10"): Text '10' is set on object 'Object Repository/FSM1/AB191 Section B All/Page_JClient/input_Third Country Approximat'

2019-01-25 10:30:57 - [MESSAGE][PASSED] - Text '10' is set on object 'Object Repository/FSM1/AB191 Section B All/Page_JClient/input_Third Country Approximat'

2019-01-25 10:30:57 - [TEST_STEP][PASSED] - click(findTestObject("Object Repository/FSM1/AB191 Section B All/Page_JClient/input_MCA waste management pla")): Object: 'Object Repository/FSM1/AB191 Section B All/Page_JClient/input_MCA waste management pla' is clicked on

2019-01-25 10:30:57 - [MESSAGE][PASSED] - Object: 'Object Repository/FSM1/AB191 Section B All/Page_JClient/input_MCA waste management pla' is clicked on

2019-01-25 10:30:57 - [TEST_STEP][PASSED] - click(findTestObject("Object Repository/FSM1/AB191 Section B All/Page_JClient/input_NA_radio_group_2")): Object: 'Object Repository/FSM1/AB191 Section B All/Page_JClient/input_NA_radio_group_2' is clicked on

2019-01-25 10:30:57 - [MESSAGE][PASSED] - Object: 'Object Repository/FSM1/AB191 Section B All/Page_JClient/input_NA_radio_group_2' is clicked on

2019-01-25 10:30:57 - [TEST_STEP][PASSED] - setText(findTestObject("Object Repository/FSM1/AB191 Section B All/Page_JClient/textarea_NA_gwt-TextArea GKH2E"), "Test automation"): Text 'Test automation' is set on object 'Object Repository/FSM1/AB191 Section B All/Page_JClient/textarea_NA_gwt-TextArea GKH2E'

2019-01-25 10:30:58 - [MESSAGE][PASSED] - Text 'Test automation' is set on object 'Object Repository/FSM1/AB191 Section B All/Page_JClient/textarea_NA_gwt-TextArea GKH2E'

2019-01-25 10:30:58 - [TEST_STEP][PASSED] - click(findTestObject("Object Repository/FSM1/AB191 Section B All/Page_JClient/input_NA_radio_group_3")): Object: 'Object Repository/FSM1/AB191 Section B All/Page_JClient/input_NA_radio_group_3' is clicked on

2019-01-25 10:30:58 - [MESSAGE][PASSED] - Object: 'Object Repository/FSM1/AB191 Section B All/Page_JClient/input_NA_radio_group_3' is clicked on

2019-01-25 10:30:58 - [TEST_STEP][PASSED] - click(findTestObject("Object Repository/FSM1/AB191 Section B All/Page_JClient/input_GB and EU_radio_group_4")): Object: 'Object Repository/FSM1/AB191 Section B All/Page_JClient/input_GB and EU_radio_group_4' is clicked on

2019-01-25 10:30:58 - [MESSAGE][PASSED] - Object: 'Object Repository/FSM1/AB191 Section B All/Page_JClient/input_GB and EU_radio_group_4' is clicked on

2019-01-25 10:30:58 - [TEST_STEP][PASSED] - click(findTestObject("Object Repository/FSM1/AB191 Section B All/Page_JClient/input_If yes ABPR40 forms are")): Object: 'Object Repository/FSM1/AB191 Section B All/Page_JClient/input_If yes ABPR40 forms are' is clicked on

2019-01-25 10:30:58 - [MESSAGE][PASSED] - Object: 'Object Repository/FSM1/AB191 Section B All/Page_JClient/input_If yes ABPR40 forms are' is clicked on

2019-01-25 10:30:58 - [TEST_STEP][PASSED] - click(findTestObject("Object Repository/FSM1/AB191 Section B All/Page_JClient/input_if no all vessels must b")): Object: 'Object Repository/FSM1/AB191 Section B All/Page_JClient/input_if no all vessels must b' is clicked on

2019-01-25 10:30:58 - [MESSAGE][PASSED] - Object: 'Object Repository/FSM1/AB191 Section B All/Page_JClient/input_if no all vessels must b' is clicked on

2019-01-25 10:30:58 - [TEST_STEP][PASSED] - click(findTestObject("Object Repository/FSM1/AB191 Section B All/Page_JClient/input_For ship movements from")): Object: 'Object Repository/FSM1/AB191 Section B All/Page_JClient/input_For ship movements from' is clicked on

2019-01-25 10:30:58 - [MESSAGE][PASSED] - Object: 'Object Repository/FSM1/AB191 Section B All/Page_JClient/input_For ship movements from' is clicked on

2019-01-25 10:30:58 - [TEST_STEP][PASSED] - click(findTestObject("Object Repository/FSM1/AB191 Section B All/Page_JClient/input_Asia_radio_group_8")): Object: 'Object Repository/FSM1/AB191 Section B All/Page_JClient/input_Asia_radio_group_8' is clicked on

2019-01-25 10:30:58 - [MESSAGE][PASSED] - Object: 'Object Repository/FSM1/AB191 Section B All/Page_JClient/input_Asia_radio_group_8' is clicked on

2019-01-25 10:30:58 - [TEST_STEP][PASSED] - setText(findTestObject("Object Repository/FSM1/AB191 Section B All/Page_JClient/textarea_If yes describe the w"), "Test automation"): Text 'Test automation' is set on object 'Object Repository/FSM1/AB191 Section B All/Page_JClient/textarea_If yes describe the w'

2019-01-25 10:30:59 - [MESSAGE][PASSED] - Text 'Test automation' is set on object 'Object Repository/FSM1/AB191 Section B All/Page_JClient/textarea_If yes describe the w'

2019-01-25 10:30:59 - [TEST_STEP][PASSED] - click(findTestObject("Object Repository/FSM1/AB191 Section B All/Page_JClient/input_concat(10. Are acceptabl")): Object: 'Object Repository/FSM1/AB191 Section B All/Page_JClient/input_concat(10. Are acceptabl' is clicked on

2019-01-25 10:30:59 - [MESSAGE][PASSED] - Object: 'Object Repository/FSM1/AB191 Section B All/Page_JClient/input_concat(10. Are acceptabl' is clicked on

2019-01-25 10:30:59 - [TEST_STEP][PASSED] - click(findTestObject("Object Repository/FSM1/AB191 Section B All/Page_JClient/input_No_radio_group_10")): Object: 'Object Repository/FSM1/AB191 Section B All/Page_JClient/input_No_radio_group_10' is clicked on

2019-01-25 10:30:59 - [MESSAGE][PASSED] - Object: 'Object Repository/FSM1/AB191 Section B All/Page_JClient/input_No_radio_group_10' is clicked on

2019-01-25 10:30:59 - [TEST_STEP][PASSED] - click(findTestObject("Object Repository/FSM1/AB191 Section B All/Page_JClient/input_NA_radio_group_11")): Object: 'Object Repository/FSM1/AB191 Section B All/Page_JClient/input_NA_radio_group_11' is clicked on

2019-01-25 10:30:59 - [MESSAGE][PASSED] - Object: 'Object Repository/FSM1/AB191 Section B All/Page_JClient/input_NA_radio_group_11' is clicked on

2019-01-25 10:30:59 - [TEST_STEP][PASSED] - click(findTestObject("Object Repository/FSM1/AB191 Section B All/Page_JClient/input_NA_radio_group_12")): Object: 'Object Repository/FSM1/AB191 Section B All/Page_JClient/input_NA_radio_group_12' is clicked on

2019-01-25 10:30:59 - [MESSAGE][PASSED] - Object: 'Object Repository/FSM1/AB191 Section B All/Page_JClient/input_NA_radio_group_12' is clicked on

2019-01-25 10:30:59 - [TEST_STEP][PASSED] - click(findTestObject("Object Repository/FSM1/AB191 Section B All/Page_JClient/input_NA_radio_group_13")): Object: 'Object Repository/FSM1/AB191 Section B All/Page_JClient/input_NA_radio_group_13' is clicked on

2019-01-25 10:30:59 - [MESSAGE][PASSED] - Object: 'Object Repository/FSM1/AB191 Section B All/Page_JClient/input_NA_radio_group_13' is clicked on

2019-01-25 10:30:59 - [TEST_STEP][PASSED] - click(findTestObject("Object Repository/FSM1/AB191 Section B All/Page_JClient/input_Storage_radio_group_14")): Object: 'Object Repository/FSM1/AB191 Section B All/Page_JClient/input_Storage_radio_group_14' is clicked on

2019-01-25 10:30:59 - [MESSAGE][PASSED] - Object: 'Object Repository/FSM1/AB191 Section B All/Page_JClient/input_Storage_radio_group_14' is clicked on

2019-01-25 10:30:59 - [TEST_STEP][PASSED] - click(findTestObject("Object Repository/FSM1/AB191 Section B All/Page_JClient/input_No_radio_group_15")): Object: 'Object Repository/FSM1/AB191 Section B All/Page_JClient/input_No_radio_group_15' is clicked on

2019-01-25 10:30:59 - [MESSAGE][PASSED] - Object: 'Object Repository/FSM1/AB191 Section B All/Page_JClient/input_No_radio_group_15' is clicked on

2019-01-25 10:30:59 - [TEST_STEP][PASSED] - click(findTestObject("Object Repository/FSM1/AB191 Section B All/Page_JClient/input_No_radio_group_16")): Object: 'Object Repository/FSM1/AB191 Section B All/Page_JClient/input_No_radio_group_16' is clicked on

2019-01-25 10:30:59 - [MESSAGE][PASSED] - Object: 'Object Repository/FSM1/AB191 Section B All/Page_JClient/input_No_radio_group_16' is clicked on

2019-01-25 10:30:59 - [TEST_STEP][PASSED] - click(findTestObject("Object Repository/FSM1/AB191 Section B All/Page_JClient/input_No_radio_group_17")): Object: 'Object Repository/FSM1/AB191 Section B All/Page_JClient/input_No_radio_group_17' is clicked on

2019-01-25 10:30:59 - [MESSAGE][PASSED] - Object: 'Object Repository/FSM1/AB191 Section B All/Page_JClient/input_No_radio_group_17' is clicked on

2019-01-25 10:30:59 - [TEST_STEP][PASSED] - click(findTestObject("Object Repository/FSM1/AB191 Section B All/Page_JClient/input_No_radio_group_18")): Object: 'Object Repository/FSM1/AB191 Section B All/Page_JClient/input_No_radio_group_18' is clicked on

2019-01-25 10:30:59 - [MESSAGE][PASSED] - Object: 'Object Repository/FSM1/AB191 Section B All/Page_JClient/input_No_radio_group_18' is clicked on

2019-01-25 10:30:59 - [TEST_STEP][PASSED] - click(findTestObject("Object Repository/FSM1/AB191 Section B All/Page_JClient/input_Other_radio_group_19")): Object: 'Object Repository/FSM1/AB191 Section B All/Page_JClient/input_Other_radio_group_19' is clicked on

2019-01-25 10:30:59 - [MESSAGE][PASSED] - Object: 'Object Repository/FSM1/AB191 Section B All/Page_JClient/input_Other_radio_group_19' is clicked on

2019-01-25 10:30:59 - [TEST_STEP][PASSED] - click(findTestObject("Object Repository/FSM1/AB191 Section B All/Page_JClient/input_a. Was changeover witnes")): Object: 'Object Repository/FSM1/AB191 Section B All/Page_JClient/input_a. Was changeover witnes' is clicked on

2019-01-25 10:31:00 - [MESSAGE][PASSED] - Object: 'Object Repository/FSM1/AB191 Section B All/Page_JClient/input_a. Was changeover witnes' is clicked on

2019-01-25 10:31:00 - [TEST_STEP][PASSED] - click(findTestObject("Object Repository/FSM1/AB191 Section B All/Page_JClient/input_b. Are changeover proced")): Object: 'Object Repository/FSM1/AB191 Section B All/Page_JClient/input_b. Are changeover proced' is clicked on

2019-01-25 10:31:00 - [MESSAGE][PASSED] - Object: 'Object Repository/FSM1/AB191 Section B All/Page_JClient/input_b. Are changeover proced' is clicked on

2019-01-25 10:31:00 - [TEST_STEP][PASSED] - click(findTestObject("Object Repository/FSM1/AB191 Section B All/Page_JClient/input_c. Are compactorsbins si")): Object: 'Object Repository/FSM1/AB191 Section B All/Page_JClient/input_c. Are compactorsbins si' is clicked on

2019-01-25 10:31:00 - [MESSAGE][PASSED] - Object: 'Object Repository/FSM1/AB191 Section B All/Page_JClient/input_c. Are compactorsbins si' is clicked on

2019-01-25 10:31:00 - [TEST_STEP][PASSED] - click(findTestObject("Object Repository/FSM1/AB191 Section B All/Page_JClient/input_No_radio_group_23")): Object: 'Object Repository/FSM1/AB191 Section B All/Page_JClient/input_No_radio_group_23' is clicked on

2019-01-25 10:31:00 - [MESSAGE][PASSED] - Object: 'Object Repository/FSM1/AB191 Section B All/Page_JClient/input_No_radio_group_23' is clicked on

2019-01-25 10:31:00 - [TEST_STEP][PASSED] - click(findTestObject("Object Repository/FSM1/AB191 Section B All/Page_JClient/input_No_radio_group_24")): Object: 'Object Repository/FSM1/AB191 Section B All/Page_JClient/input_No_radio_group_24' is clicked on

2019-01-25 10:31:00 - [MESSAGE][PASSED] - Object: 'Object Repository/FSM1/AB191 Section B All/Page_JClient/input_No_radio_group_24' is clicked on

2019-01-25 10:31:00 - [TEST_STEP][PASSED] - click(findTestObject("Object Repository/FSM1/AB191 Section B All/Page_JClient/input_No_radio_group_25")): Object: 'Object Repository/FSM1/AB191 Section B All/Page_JClient/input_No_radio_group_25' is clicked on

2019-01-25 10:31:00 - [MESSAGE][PASSED] - Object: 'Object Repository/FSM1/AB191 Section B All/Page_JClient/input_No_radio_group_25' is clicked on

2019-01-25 10:31:00 - [TEST_STEP][PASSED] - click(findTestObject("Object Repository/FSM1/AB191 Section B All/Page_JClient/input_No_radio_group_26")): Object: 'Object Repository/FSM1/AB191 Section B All/Page_JClient/input_No_radio_group_26' is clicked on

2019-01-25 10:31:00 - [MESSAGE][PASSED] - Object: 'Object Repository/FSM1/AB191 Section B All/Page_JClient/input_No_radio_group_26' is clicked on

2019-01-25 10:31:00 - [TEST_STEP][PASSED] - click(findTestObject("Object Repository/FSM1/AB191 Section B All/Page_JClient/input_Records_radio_group_27")): Object: 'Object Repository/FSM1/AB191 Section B All/Page_JClient/input_Records_radio_group_27' is clicked on

2019-01-25 10:31:00 - [MESSAGE][PASSED] - Object: 'Object Repository/FSM1/AB191 Section B All/Page_JClient/input_Records_radio_group_27' is clicked on

2019-01-25 10:31:00 - [TEST_STEP][PASSED] - click(findTestObject("Object Repository/FSM1/AB191 Section B All/Page_JClient/input_No_radio_group_28")): Object: 'Object Repository/FSM1/AB191 Section B All/Page_JClient/input_No_radio_group_28' is clicked on

2019-01-25 10:31:00 - [MESSAGE][PASSED] - Object: 'Object Repository/FSM1/AB191 Section B All/Page_JClient/input_No_radio_group_28' is clicked on

2019-01-25 10:31:00 - [TEST_STEP][PASSED] - setText(findTestObject("Object Repository/FSM1/AB191 Section B All/Page_JClient/textarea_No_gwt-TextArea GKH2E"), "Test automation"): Text 'Test automation' is set on object 'Object Repository/FSM1/AB191 Section B All/Page_JClient/textarea_No_gwt-TextArea GKH2E'

2019-01-25 10:31:00 - [MESSAGE][PASSED] - Text 'Test automation' is set on object 'Object Repository/FSM1/AB191 Section B All/Page_JClient/textarea_No_gwt-TextArea GKH2E'

2019-01-25 10:31:00 - [TEST_STEP][PASSED] - click(findTestObject("Object Repository/FSM1/AB191 Section B All/Page_JClient/input_No_radio_group_29")): Object: 'Object Repository/FSM1/AB191 Section B All/Page_JClient/input_No_radio_group_29' is clicked on

2019-01-25 10:31:00 - [MESSAGE][PASSED] - Object: 'Object Repository/FSM1/AB191 Section B All/Page_JClient/input_No_radio_group_29' is clicked on

2019-01-25 10:31:00 - [TEST_STEP][PASSED] - click(findTestObject("Object Repository/FSM1/AB191 Section B All/Page_JClient/input_NA_radio_group_30")): Object: 'Object Repository/FSM1/AB191 Section B All/Page_JClient/input_NA_radio_group_30' is clicked on

2019-01-25 10:31:01 - [MESSAGE][PASSED] - Object: 'Object Repository/FSM1/AB191 Section B All/Page_JClient/input_NA_radio_group_30' is clicked on

2019-01-25 10:31:01 - [TEST_STEP][PASSED] - click(findTestObject("Object Repository/FSM1/AB191 Section B All/Page_JClient/input_NA_radio_group_31")): Object: 'Object Repository/FSM1/AB191 Section B All/Page_JClient/input_NA_radio_group_31' is clicked on

2019-01-25 10:31:01 - [MESSAGE][PASSED] - Object: 'Object Repository/FSM1/AB191 Section B All/Page_JClient/input_NA_radio_group_31' is clicked on

2019-01-25 10:31:01 - [TEST_STEP][PASSED] - click(findTestObject("Object Repository/FSM1/AB191 Section B All/Page_JClient/input_a. Date the material was")): Object: 'Object Repository/FSM1/AB191 Section B All/Page_JClient/input_a. Date the material was' is clicked on

2019-01-25 10:31:01 - [MESSAGE][PASSED] - Object: 'Object Repository/FSM1/AB191 Section B All/Page_JClient/input_a. Date the material was' is clicked on

2019-01-25 10:31:01 - [TEST_STEP][PASSED] - click(findTestObject("Object Repository/FSM1/AB191 Section B All/Page_JClient/input_b. ABP category of mater")): Object: 'Object Repository/FSM1/AB191 Section B All/Page_JClient/input_b. ABP category of mater' is clicked on

2019-01-25 10:31:01 - [MESSAGE][PASSED] - Object: 'Object Repository/FSM1/AB191 Section B All/Page_JClient/input_b. ABP category of mater' is clicked on

2019-01-25 10:31:01 - [TEST_STEP][PASSED] - click(findTestObject("Object Repository/FSM1/AB191 Section B All/Page_JClient/input_c. Volume of material (w")): Object: 'Object Repository/FSM1/AB191 Section B All/Page_JClient/input_c. Volume of material (w' is clicked on

2019-01-25 10:31:01 - [MESSAGE][PASSED] - Object: 'Object Repository/FSM1/AB191 Section B All/Page_JClient/input_c. Volume of material (w' is clicked on

2019-01-25 10:31:01 - [TEST_STEP][PASSED] - click(findTestObject("Object Repository/FSM1/AB191 Section B All/Page_JClient/input_d. Name and address of o")): Object: 'Object Repository/FSM1/AB191 Section B All/Page_JClient/input_d. Name and address of o' is clicked on

2019-01-25 10:31:01 - [MESSAGE][PASSED] - Object: 'Object Repository/FSM1/AB191 Section B All/Page_JClient/input_d. Name and address of o' is clicked on

2019-01-25 10:31:01 - [TEST_STEP][PASSED] - click(findTestObject("Object Repository/FSM1/AB191 Section B All/Page_JClient/input_e. Name and address of h")): Object: 'Object Repository/FSM1/AB191 Section B All/Page_JClient/input_e. Name and address of h' is clicked on

2019-01-25 10:31:01 - [MESSAGE][PASSED] - Object: 'Object Repository/FSM1/AB191 Section B All/Page_JClient/input_e. Name and address of h' is clicked on

2019-01-25 10:31:01 - [TEST_STEP][PASSED] - click(findTestObject("Object Repository/FSM1/AB191 Section B All/Page_JClient/input_f. Name and address of r")): Object: 'Object Repository/FSM1/AB191 Section B All/Page_JClient/input_f. Name and address of r' is clicked on

2019-01-25 10:31:01 - [MESSAGE][PASSED] - Object: 'Object Repository/FSM1/AB191 Section B All/Page_JClient/input_f. Name and address of r' is clicked on

2019-01-25 10:31:01 - [TEST_STEP][PASSED] - click(findTestObject("Object Repository/FSM1/AB191 Section B All/Page_JClient/input_(a) Back trace (complete")): Object: 'Object Repository/FSM1/AB191 Section B All/Page_JClient/input_(a) Back trace (complete' is clicked on

2019-01-25 10:31:01 - [MESSAGE][PASSED] - Object: 'Object Repository/FSM1/AB191 Section B All/Page_JClient/input_(a) Back trace (complete' is clicked on

2019-01-25 10:31:01 - [TEST_STEP][PASSED] - click(findTestObject("Object Repository/FSM1/AB191 Section B All/Page_JClient/input_Yes_radio_group_39")): Object: 'Object Repository/FSM1/AB191 Section B All/Page_JClient/input_Yes_radio_group_39' is clicked on

2019-01-25 10:31:01 - [MESSAGE][PASSED] - Object: 'Object Repository/FSM1/AB191 Section B All/Page_JClient/input_Yes_radio_group_39' is clicked on

2019-01-25 10:31:01 - [TEST_STEP][PASSED] - click(findTestObject("Object Repository/FSM1/AB191 Section B All/Page_JClient/input_(b) Forward trace (compl")): Object: 'Object Repository/FSM1/AB191 Section B All/Page_JClient/input_(b) Forward trace (compl' is clicked on

2019-01-25 10:31:01 - [MESSAGE][PASSED] - Object: 'Object Repository/FSM1/AB191 Section B All/Page_JClient/input_(b) Forward trace (compl' is clicked on

2019-01-25 10:31:01 - [TEST_STEP][PASSED] - click(findTestObject("Object Repository/FSM1/AB191 Section B All/Page_JClient/input_Yes_radio_group_41")): Object: 'Object Repository/FSM1/AB191 Section B All/Page_JClient/input_Yes_radio_group_41' is clicked on

2019-01-25 10:31:01 - [MESSAGE][PASSED] - Object: 'Object Repository/FSM1/AB191 Section B All/Page_JClient/input_Yes_radio_group_41' is clicked on

2019-01-25 10:31:01 - [TEST_STEP][PASSED] - click(findTestObject("Object Repository/FSM1/AB191 Section B All/Page_JClient/div_Save")): Object: 'Object Repository/FSM1/AB191 Section B All/Page_JClient/div_Save' is clicked on

2019-01-25 10:31:02 - [MESSAGE][PASSED] - Object: 'Object Repository/FSM1/AB191 Section B All/Page_JClient/div_Save' is clicked on]]></system-out>
         <system-err><![CDATA[]]></system-err>
      </testcase>
      <testcase name="Test Cases/ICW/Generic/Complete ICW Inspection - Section C - Recommendation of Audit Frequency" classname="Test Cases/ICW/Generic/Complete ICW Inspection - Section C - Recommendation of Audit Frequency" status="PASSED">
         <system-out><![CDATA[2019-01-25 10:31:02 - [TEST_CASE][PASSED] - Test Cases/ICW/Generic/Complete ICW Inspection - Section C - Recommendation of Audit Frequency: Test Cases/ICW/Generic/Complete ICW Inspection - Section C - Recommendation of Audit Frequency

2019-01-25 10:31:02 - [TEST_STEP][PASSED] - click(findTestObject("Object Repository/FSM1/Complete 191/Section C - Recommendation of Frequency/Page_JClient/div_Section C Recommendation o")): Object: 'Object Repository/FSM1/Complete 191/Section C - Recommendation of Frequency/Page_JClient/div_Section C Recommendation o' is clicked on

2019-01-25 10:31:02 - [MESSAGE][PASSED] - Object: 'Object Repository/FSM1/Complete 191/Section C - Recommendation of Frequency/Page_JClient/div_Section C Recommendation o' is clicked on

2019-01-25 10:31:02 - [TEST_STEP][PASSED] - delay(3): Delayed 3 second(s)

2019-01-25 10:31:05 - [MESSAGE][PASSED] - Delayed 3 second(s)

2019-01-25 10:31:05 - [TEST_STEP][PASSED] - selectOptionByValue(findTestObject("Object Repository/FSM1/Complete 191/Section C - Recommendation of Frequency/Page_JClient/select_BienniallyAnnuallyQuart"), "6 Monthly", true): All options with value '6 Monthly' are selected in object 'Object Repository/FSM1/Complete 191/Section C - Recommendation of Frequency/Page_JClient/select_BienniallyAnnuallyQuart'  using regular expression

2019-01-25 10:31:05 - [MESSAGE][PASSED] - All options with value '6 Monthly' are selected in object 'Object Repository/FSM1/Complete 191/Section C - Recommendation of Frequency/Page_JClient/select_BienniallyAnnuallyQuart'  using regular expression

2019-01-25 10:31:05 - [TEST_STEP][PASSED] - click(findTestObject("Object Repository/FSM1/Complete 191/Section C - Recommendation of Frequency/Page_JClient/input_Recommendation_gwt-uid-8")): Object: 'Object Repository/FSM1/Complete 191/Section C - Recommendation of Frequency/Page_JClient/input_Recommendation_gwt-uid-8' is clicked on

2019-01-25 10:31:05 - [MESSAGE][PASSED] - Object: 'Object Repository/FSM1/Complete 191/Section C - Recommendation of Frequency/Page_JClient/input_Recommendation_gwt-uid-8' is clicked on

2019-01-25 10:31:05 - [TEST_STEP][PASSED] - click(findTestObject("Object Repository/FSM1/Complete 191/Section C - Recommendation of Frequency/Page_JClient/div_Save")): Object: 'Object Repository/FSM1/Complete 191/Section C - Recommendation of Frequency/Page_JClient/div_Save' is clicked on

2019-01-25 10:31:05 - [MESSAGE][PASSED] - Object: 'Object Repository/FSM1/Complete 191/Section C - Recommendation of Frequency/Page_JClient/div_Save' is clicked on]]></system-out>
         <system-err><![CDATA[]]></system-err>
      </testcase>
      <testcase name="Test Cases/ABP/Generic/Complete ABP Inspection - ABPR17 Backward Trace - Not Completed" classname="Test Cases/ABP/Generic/Complete ABP Inspection - ABPR17 Backward Trace - Not Completed" status="PASSED">
         <system-out><![CDATA[2019-01-25 10:31:05 - [TEST_CASE][PASSED] - Test Cases/ABP/Generic/Complete ABP Inspection - ABPR17 Backward Trace - Not Completed: Test Cases/ABP/Generic/Complete ABP Inspection - ABPR17 Backward Trace - Not Completed

2019-01-25 10:31:06 - [TEST_STEP][PASSED] - delay(3): Delayed 3 second(s)

2019-01-25 10:31:09 - [MESSAGE][PASSED] - Delayed 3 second(s)

2019-01-25 10:31:09 - [TEST_STEP][PASSED] - click(findTestObject("FSM1/Complete ABP Inspection/ABPR17 Backward Trace/Page_JClient/div_ABPR17 - Backward Trace1")): Object: 'Object Repository/FSM1/Complete ABP Inspection/ABPR17 Backward Trace/Page_JClient/div_ABPR17 - Backward Trace1' is clicked on

2019-01-25 10:31:09 - [MESSAGE][PASSED] - Object: 'Object Repository/FSM1/Complete ABP Inspection/ABPR17 Backward Trace/Page_JClient/div_ABPR17 - Backward Trace1' is clicked on

2019-01-25 10:31:09 - [TEST_STEP][PASSED] - delay(2): Delayed 2 second(s)

2019-01-25 10:31:11 - [MESSAGE][PASSED] - Delayed 2 second(s)

2019-01-25 10:31:11 - [TEST_STEP][PASSED] - click(findTestObject("Object Repository/FSM1/Complete ABP Inspection/ABPR17 Backward Trace/Page_JClient/div_Create_GKH2EKQBDXB GKH2EKQ")): Object: 'Object Repository/FSM1/Complete ABP Inspection/ABPR17 Backward Trace/Page_JClient/div_Create_GKH2EKQBDXB GKH2EKQ' is clicked on

2019-01-25 10:31:11 - [MESSAGE][PASSED] - Object: 'Object Repository/FSM1/Complete ABP Inspection/ABPR17 Backward Trace/Page_JClient/div_Create_GKH2EKQBDXB GKH2EKQ' is clicked on

2019-01-25 10:31:11 - [TEST_STEP][PASSED] - delay(2): Delayed 2 second(s)

2019-01-25 10:31:13 - [MESSAGE][PASSED] - Delayed 2 second(s)

2019-01-25 10:31:13 - [TEST_STEP][PASSED] - click(findTestObject("Object Repository/FSM1/Complete ABP Inspection/ABPR17 Backward Trace/Page_JClient/input_Is this inspection at th")): Object: 'Object Repository/FSM1/Complete ABP Inspection/ABPR17 Backward Trace/Page_JClient/input_Is this inspection at th' is clicked on

2019-01-25 10:31:13 - [MESSAGE][PASSED] - Object: 'Object Repository/FSM1/Complete ABP Inspection/ABPR17 Backward Trace/Page_JClient/input_Is this inspection at th' is clicked on

2019-01-25 10:31:13 - [TEST_STEP][PASSED] - verifyElementPresent(findTestObject("FSM1/Release22/Page_JClient/div_Name of Operator_17"), 2): Object 'Object Repository/FSM1/Release22/Page_JClient/div_Name of Operator_17' is present

2019-01-25 10:31:13 - [MESSAGE][PASSED] - Object 'Object Repository/FSM1/Release22/Page_JClient/div_Name of Operator_17' is present

2019-01-25 10:31:13 - [TEST_STEP][PASSED] - verifyElementPresent(findTestObject("FSM1/Release22/Page_JClient/div_Name of Operator_17_1"), 2): Object 'Object Repository/FSM1/Release22/Page_JClient/div_Name of Operator_17_1' is present

2019-01-25 10:31:13 - [MESSAGE][PASSED] - Object 'Object Repository/FSM1/Release22/Page_JClient/div_Name of Operator_17_1' is present

2019-01-25 10:31:13 - [TEST_STEP][PASSED] - setText(findTestObject("Object Repository/FSM1/Complete ABP Inspection/ABPR17 Backward Trace/Page_JClient/input_Approval Number_gwt-Text"), "1234"): Text '1234' is set on object 'Object Repository/FSM1/Complete ABP Inspection/ABPR17 Backward Trace/Page_JClient/input_Approval Number_gwt-Text'

2019-01-25 10:31:13 - [MESSAGE][PASSED] - Text '1234' is set on object 'Object Repository/FSM1/Complete ABP Inspection/ABPR17 Backward Trace/Page_JClient/input_Approval Number_gwt-Text'

2019-01-25 10:31:13 - [TEST_STEP][PASSED] - setText(findTestObject("Object Repository/FSM1/Complete ABP Inspection/ABPR17 Backward Trace/Page_JClient/input_Premises Type_gwt-TextBo"), "Test automation"): Text 'Test automation' is set on object 'Object Repository/FSM1/Complete ABP Inspection/ABPR17 Backward Trace/Page_JClient/input_Premises Type_gwt-TextBo'

2019-01-25 10:31:14 - [MESSAGE][PASSED] - Text 'Test automation' is set on object 'Object Repository/FSM1/Complete ABP Inspection/ABPR17 Backward Trace/Page_JClient/input_Premises Type_gwt-TextBo'

2019-01-25 10:31:14 - [TEST_STEP][PASSED] - setText(findTestObject("FSM1/Complete ABP Inspection/ABPR17 Backward Trace/Page_JClient/input_Name of Operator_gwt-Tex"), "Test automation"): Text 'Test automation' is set on object 'Object Repository/FSM1/Complete ABP Inspection/ABPR17 Backward Trace/Page_JClient/input_Name of Operator_gwt-Tex'

2019-01-25 10:31:14 - [MESSAGE][PASSED] - Text 'Test automation' is set on object 'Object Repository/FSM1/Complete ABP Inspection/ABPR17 Backward Trace/Page_JClient/input_Name of Operator_gwt-Tex'

2019-01-25 10:31:14 - [TEST_STEP][PASSED] - setText(findTestObject("Object Repository/FSM1/Complete ABP Inspection/ABPR17 Backward Trace/Page_JClient/textarea_Address of premises_g"), "Test automation"): Text 'Test automation' is set on object 'Object Repository/FSM1/Complete ABP Inspection/ABPR17 Backward Trace/Page_JClient/textarea_Address of premises_g'

2019-01-25 10:31:14 - [MESSAGE][PASSED] - Text 'Test automation' is set on object 'Object Repository/FSM1/Complete ABP Inspection/ABPR17 Backward Trace/Page_JClient/textarea_Address of premises_g'

2019-01-25 10:31:14 - [TEST_STEP][PASSED] - setText(findTestObject("Object Repository/FSM1/Complete ABP Inspection/ABPR17 Backward Trace/Page_JClient/input_Postcode_gwt-TextBox GKH"), "WR5 2NB"): Text 'WR5 2NB' is set on object 'Object Repository/FSM1/Complete ABP Inspection/ABPR17 Backward Trace/Page_JClient/input_Postcode_gwt-TextBox GKH'

2019-01-25 10:31:14 - [MESSAGE][PASSED] - Text 'WR5 2NB' is set on object 'Object Repository/FSM1/Complete ABP Inspection/ABPR17 Backward Trace/Page_JClient/input_Postcode_gwt-TextBox GKH'

2019-01-25 10:31:14 - [TEST_STEP][PASSED] - setText(findTestObject("Object Repository/FSM1/Complete ABP Inspection/ABPR17 Backward Trace/Page_JClient/input_Email_gwt-TextBox GKH2EK"), "test@gmail.com"): Text 'test@gmail.com' is set on object 'Object Repository/FSM1/Complete ABP Inspection/ABPR17 Backward Trace/Page_JClient/input_Email_gwt-TextBox GKH2EK'

2019-01-25 10:31:14 - [MESSAGE][PASSED] - Text 'test@gmail.com' is set on object 'Object Repository/FSM1/Complete ABP Inspection/ABPR17 Backward Trace/Page_JClient/input_Email_gwt-TextBox GKH2EK'

2019-01-25 10:31:14 - [TEST_STEP][PASSED] - setText(findTestObject("Object Repository/FSM1/Complete ABP Inspection/ABPR17 Backward Trace/Page_JClient/input_Approval number (if appl"), "1234"): Text '1234' is set on object 'Object Repository/FSM1/Complete ABP Inspection/ABPR17 Backward Trace/Page_JClient/input_Approval number (if appl'

2019-01-25 10:31:15 - [MESSAGE][PASSED] - Text '1234' is set on object 'Object Repository/FSM1/Complete ABP Inspection/ABPR17 Backward Trace/Page_JClient/input_Approval number (if appl'

2019-01-25 10:31:15 - [TEST_STEP][PASSED] - selectOptionByValue(findTestObject("Object Repository/FSM1/Complete ABP Inspection/ABPR17 Backward Trace/Page_JClient/select_NorthScotlandSouthernWa"), "North", true): All options with value 'North' are selected in object 'Object Repository/FSM1/Complete ABP Inspection/ABPR17 Backward Trace/Page_JClient/select_NorthScotlandSouthernWa'  using regular expression

2019-01-25 10:31:15 - [MESSAGE][PASSED] - All options with value 'North' are selected in object 'Object Repository/FSM1/Complete ABP Inspection/ABPR17 Backward Trace/Page_JClient/select_NorthScotlandSouthernWa'  using regular expression

2019-01-25 10:31:15 - [TEST_STEP][PASSED] - setText(findTestObject("Object Repository/FSM1/Complete ABP Inspection/ABPR17 Backward Trace/Page_JClient/input_Name of haulier_gwt-Text"), "Test automation"): Text 'Test automation' is set on object 'Object Repository/FSM1/Complete ABP Inspection/ABPR17 Backward Trace/Page_JClient/input_Name of haulier_gwt-Text'

2019-01-25 10:31:15 - [MESSAGE][PASSED] - Text 'Test automation' is set on object 'Object Repository/FSM1/Complete ABP Inspection/ABPR17 Backward Trace/Page_JClient/input_Name of haulier_gwt-Text'

2019-01-25 10:31:15 - [TEST_STEP][PASSED] - setText(findTestObject("Object Repository/FSM1/Complete ABP Inspection/ABPR17 Backward Trace/Page_JClient/textarea_Address of haulier_gw"), "Test automation"): Text 'Test automation' is set on object 'Object Repository/FSM1/Complete ABP Inspection/ABPR17 Backward Trace/Page_JClient/textarea_Address of haulier_gw'

2019-01-25 10:31:15 - [MESSAGE][PASSED] - Text 'Test automation' is set on object 'Object Repository/FSM1/Complete ABP Inspection/ABPR17 Backward Trace/Page_JClient/textarea_Address of haulier_gw'

2019-01-25 10:31:15 - [TEST_STEP][PASSED] - delay(2): Delayed 2 second(s)

2019-01-25 10:31:17 - [MESSAGE][PASSED] - Delayed 2 second(s)

2019-01-25 10:31:17 - [TEST_STEP][PASSED] - setText(findTestObject("FSM1/Complete ABP Inspection/ABPR17 Backward Trace/Page_JClient/Postcode"), "RN2 3WE"): Text 'RN2 3WE' is set on object 'Object Repository/FSM1/Complete ABP Inspection/ABPR17 Backward Trace/Page_JClient/Postcode'

2019-01-25 10:31:17 - [MESSAGE][PASSED] - Text 'RN2 3WE' is set on object 'Object Repository/FSM1/Complete ABP Inspection/ABPR17 Backward Trace/Page_JClient/Postcode'

2019-01-25 10:31:17 - [TEST_STEP][PASSED] - setText(findTestObject("Object Repository/FSM1/Complete ABP Inspection/ABPR17 Backward Trace/Page_JClient/input_Registration number (if"), "9876"): Text '9876' is set on object 'Object Repository/FSM1/Complete ABP Inspection/ABPR17 Backward Trace/Page_JClient/input_Registration number (if'

2019-01-25 10:31:18 - [MESSAGE][PASSED] - Text '9876' is set on object 'Object Repository/FSM1/Complete ABP Inspection/ABPR17 Backward Trace/Page_JClient/input_Registration number (if'

2019-01-25 10:31:18 - [TEST_STEP][PASSED] - setText(findTestObject("Object Repository/FSM1/Complete ABP Inspection/ABPR17 Backward Trace/Page_JClient/input_Reference No. of CD or o"), "112233"): Text '112233' is set on object 'Object Repository/FSM1/Complete ABP Inspection/ABPR17 Backward Trace/Page_JClient/input_Reference No. of CD or o'

2019-01-25 10:31:18 - [MESSAGE][PASSED] - Text '112233' is set on object 'Object Repository/FSM1/Complete ABP Inspection/ABPR17 Backward Trace/Page_JClient/input_Reference No. of CD or o'

2019-01-25 10:31:18 - [TEST_STEP][PASSED] - setText(findTestObject("Object Repository/FSM1/Complete ABP Inspection/ABPR17 Backward Trace/Page_JClient/textarea_Description of materi"), "Test automation"): Text 'Test automation' is set on object 'Object Repository/FSM1/Complete ABP Inspection/ABPR17 Backward Trace/Page_JClient/textarea_Description of materi'

2019-01-25 10:31:18 - [MESSAGE][PASSED] - Text 'Test automation' is set on object 'Object Repository/FSM1/Complete ABP Inspection/ABPR17 Backward Trace/Page_JClient/textarea_Description of materi'

2019-01-25 10:31:18 - [TEST_STEP][PASSED] - selectOptionByValue(findTestObject("Object Repository/FSM1/Complete ABP Inspection/ABPR17 Backward Trace/Page_JClient/select_NACattleDeerFishGoatsPi"), "Fish", true): All options with value 'Fish' are selected in object 'Object Repository/FSM1/Complete ABP Inspection/ABPR17 Backward Trace/Page_JClient/select_NACattleDeerFishGoatsPi'  using regular expression

2019-01-25 10:31:18 - [MESSAGE][PASSED] - All options with value 'Fish' are selected in object 'Object Repository/FSM1/Complete ABP Inspection/ABPR17 Backward Trace/Page_JClient/select_NACattleDeerFishGoatsPi'  using regular expression

2019-01-25 10:31:18 - [TEST_STEP][PASSED] - setText(findTestObject("Object Repository/FSM1/Complete ABP Inspection/ABPR17 Backward Trace/Page_JClient/input_Category_gwt-TextBox GKH"), "Test automation"): Text 'Test automation' is set on object 'Object Repository/FSM1/Complete ABP Inspection/ABPR17 Backward Trace/Page_JClient/input_Category_gwt-TextBox GKH'

2019-01-25 10:31:18 - [MESSAGE][PASSED] - Text 'Test automation' is set on object 'Object Repository/FSM1/Complete ABP Inspection/ABPR17 Backward Trace/Page_JClient/input_Category_gwt-TextBox GKH'

2019-01-25 10:31:18 - [TEST_STEP][PASSED] - setText(findTestObject("Object Repository/FSM1/Complete ABP Inspection/ABPR17 Backward Trace/Page_JClient/input_Quantity_gwt-TextBox GKH"), "100abc"): Text '100abc' is set on object 'Object Repository/FSM1/Complete ABP Inspection/ABPR17 Backward Trace/Page_JClient/input_Quantity_gwt-TextBox GKH'

2019-01-25 10:31:19 - [MESSAGE][PASSED] - Text '100abc' is set on object 'Object Repository/FSM1/Complete ABP Inspection/ABPR17 Backward Trace/Page_JClient/input_Quantity_gwt-TextBox GKH'

2019-01-25 10:31:19 - [TEST_STEP][PASSED] - setText(findTestObject("Object Repository/FSM1/Complete ABP Inspection/ABPR17 Backward Trace/Page_JClient/textarea_Any other relevant in"), "Test automation"): Text 'Test automation' is set on object 'Object Repository/FSM1/Complete ABP Inspection/ABPR17 Backward Trace/Page_JClient/textarea_Any other relevant in'

2019-01-25 10:31:19 - [MESSAGE][PASSED] - Text 'Test automation' is set on object 'Object Repository/FSM1/Complete ABP Inspection/ABPR17 Backward Trace/Page_JClient/textarea_Any other relevant in'

2019-01-25 10:31:19 - [TEST_STEP][PASSED] - click(findTestObject("Object Repository/FSM1/Complete ABP Inspection/ABPR17 Backward Trace/Page_JClient/input_Yes_radio_group_56")): Object: 'Object Repository/FSM1/Complete ABP Inspection/ABPR17 Backward Trace/Page_JClient/input_Yes_radio_group_56' is clicked on

2019-01-25 10:31:19 - [MESSAGE][PASSED] - Object: 'Object Repository/FSM1/Complete ABP Inspection/ABPR17 Backward Trace/Page_JClient/input_Yes_radio_group_56' is clicked on

2019-01-25 10:31:19 - [TEST_STEP][PASSED] - click(findTestObject("Object Repository/FSM1/Complete ABP Inspection/ABPR17 Backward Trace/Page_JClient/input_Yes_radio_group_57")): Object: 'Object Repository/FSM1/Complete ABP Inspection/ABPR17 Backward Trace/Page_JClient/input_Yes_radio_group_57' is clicked on

2019-01-25 10:31:19 - [MESSAGE][PASSED] - Object: 'Object Repository/FSM1/Complete ABP Inspection/ABPR17 Backward Trace/Page_JClient/input_Yes_radio_group_57' is clicked on

2019-01-25 10:31:19 - [TEST_STEP][PASSED] - delay(1): Delayed 1 second(s)

2019-01-25 10:31:20 - [MESSAGE][PASSED] - Delayed 1 second(s)

2019-01-25 10:31:20 - [TEST_STEP][PASSED] - mydate = new java.util.Date(): null

2019-01-25 10:31:20 - [TEST_STEP][PASSED] - formattedDate = mydate.format("dd/MM/yyyy"): null

2019-01-25 10:31:20 - [TEST_STEP][PASSED] - sendKeys(findTestObject("FSM1/Complete ABP Inspection/ABPR17 Backward Trace/Page_JClient/DateofDespatch"), formattedDate): Keys '25/01/2019' sent to object: 'Object Repository/FSM1/Complete ABP Inspection/ABPR17 Backward Trace/Page_JClient/DateofDespatch'

2019-01-25 10:31:20 - [MESSAGE][PASSED] - Keys '25/01/2019' sent to object: 'Object Repository/FSM1/Complete ABP Inspection/ABPR17 Backward Trace/Page_JClient/DateofDespatch'

2019-01-25 10:31:20 - [TEST_STEP][PASSED] - click(findTestObject("FSM1/Complete ABP Inspection/ABPR17 Backward Trace/Page_JClient/div_Save1")): Object: 'Object Repository/FSM1/Complete ABP Inspection/ABPR17 Backward Trace/Page_JClient/div_Save1' is clicked on

2019-01-25 10:31:20 - [MESSAGE][PASSED] - Object: 'Object Repository/FSM1/Complete ABP Inspection/ABPR17 Backward Trace/Page_JClient/div_Save1' is clicked on]]></system-out>
         <system-err><![CDATA[]]></system-err>
      </testcase>
      <testcase name="Test Cases/ABP/Generic/Complete ABP Inspection - ABPR18 Forward Trace - Not Completed" classname="Test Cases/ABP/Generic/Complete ABP Inspection - ABPR18 Forward Trace - Not Completed" status="PASSED">
         <system-out><![CDATA[2019-01-25 10:31:20 - [TEST_CASE][PASSED] - Test Cases/ABP/Generic/Complete ABP Inspection - ABPR18 Forward Trace - Not Completed: Test Cases/ABP/Generic/Complete ABP Inspection - ABPR18 Forward Trace - Not Completed

2019-01-25 10:31:21 - [TEST_STEP][PASSED] - delay(2): Delayed 2 second(s)

2019-01-25 10:31:23 - [MESSAGE][PASSED] - Delayed 2 second(s)

2019-01-25 10:31:23 - [TEST_STEP][PASSED] - click(findTestObject("FSM1/Complete ABP Inspection/ABP18 Forward Trace/Page_JClient/div_ABPR18 - Forward Trace1")): Object: 'Object Repository/FSM1/Complete ABP Inspection/ABP18 Forward Trace/Page_JClient/div_ABPR18 - Forward Trace1' is clicked on

2019-01-25 10:31:23 - [MESSAGE][PASSED] - Object: 'Object Repository/FSM1/Complete ABP Inspection/ABP18 Forward Trace/Page_JClient/div_ABPR18 - Forward Trace1' is clicked on

2019-01-25 10:31:23 - [TEST_STEP][PASSED] - delay(2): Delayed 2 second(s)

2019-01-25 10:31:25 - [MESSAGE][PASSED] - Delayed 2 second(s)

2019-01-25 10:31:25 - [TEST_STEP][PASSED] - click(findTestObject("Object Repository/FSM1/Complete ABP Inspection/ABP18 Forward Trace/Page_JClient/div_Create_GKH2EKQBDXB GKH2EKQ")): Object: 'Object Repository/FSM1/Complete ABP Inspection/ABP18 Forward Trace/Page_JClient/div_Create_GKH2EKQBDXB GKH2EKQ' is clicked on

2019-01-25 10:31:25 - [MESSAGE][PASSED] - Object: 'Object Repository/FSM1/Complete ABP Inspection/ABP18 Forward Trace/Page_JClient/div_Create_GKH2EKQBDXB GKH2EKQ' is clicked on

2019-01-25 10:31:25 - [TEST_STEP][PASSED] - delay(2): Delayed 2 second(s)

2019-01-25 10:31:27 - [MESSAGE][PASSED] - Delayed 2 second(s)

2019-01-25 10:31:27 - [TEST_STEP][PASSED] - verifyElementPresent(findTestObject("FSM1/Release22/Page_JClient/div_Name of Operator_18"), 2): Object 'Object Repository/FSM1/Release22/Page_JClient/div_Name of Operator_18' is present

2019-01-25 10:31:27 - [MESSAGE][PASSED] - Object 'Object Repository/FSM1/Release22/Page_JClient/div_Name of Operator_18' is present

2019-01-25 10:31:27 - [TEST_STEP][PASSED] - verifyElementPresent(findTestObject("FSM1/Release22/Page_JClient/div_Name of Operator_18_1"), 2): Object 'Object Repository/FSM1/Release22/Page_JClient/div_Name of Operator_18_1' is present

2019-01-25 10:31:27 - [MESSAGE][PASSED] - Object 'Object Repository/FSM1/Release22/Page_JClient/div_Name of Operator_18_1' is present

2019-01-25 10:31:27 - [TEST_STEP][PASSED] - click(findTestObject("Object Repository/FSM1/Complete ABP Inspection/ABP18 Forward Trace/Page_JClient/input_Is this inspection at th")): Object: 'Object Repository/FSM1/Complete ABP Inspection/ABP18 Forward Trace/Page_JClient/input_Is this inspection at th' is clicked on

2019-01-25 10:31:27 - [MESSAGE][PASSED] - Object: 'Object Repository/FSM1/Complete ABP Inspection/ABP18 Forward Trace/Page_JClient/input_Is this inspection at th' is clicked on

2019-01-25 10:31:27 - [TEST_STEP][PASSED] - setText(findTestObject("Object Repository/FSM1/Complete ABP Inspection/ABP18 Forward Trace/Page_JClient/input_Approval Number_gwt-Text"), "123"): Text '123' is set on object 'Object Repository/FSM1/Complete ABP Inspection/ABP18 Forward Trace/Page_JClient/input_Approval Number_gwt-Text'

2019-01-25 10:31:27 - [MESSAGE][PASSED] - Text '123' is set on object 'Object Repository/FSM1/Complete ABP Inspection/ABP18 Forward Trace/Page_JClient/input_Approval Number_gwt-Text'

2019-01-25 10:31:27 - [TEST_STEP][PASSED] - setText(findTestObject("Object Repository/FSM1/Complete ABP Inspection/ABP18 Forward Trace/Page_JClient/input_Premises Type_gwt-TextBo"), "Test automation"): Text 'Test automation' is set on object 'Object Repository/FSM1/Complete ABP Inspection/ABP18 Forward Trace/Page_JClient/input_Premises Type_gwt-TextBo'

2019-01-25 10:31:27 - [MESSAGE][PASSED] - Text 'Test automation' is set on object 'Object Repository/FSM1/Complete ABP Inspection/ABP18 Forward Trace/Page_JClient/input_Premises Type_gwt-TextBo'

2019-01-25 10:31:27 - [TEST_STEP][PASSED] - setText(findTestObject("FSM1/Complete ABP Inspection/ABP18 Forward Trace/Page_JClient/input_Name of Operator_gwt-Tex"), "Test automation"): Text 'Test automation' is set on object 'Object Repository/FSM1/Complete ABP Inspection/ABP18 Forward Trace/Page_JClient/input_Name of Operator_gwt-Tex'

2019-01-25 10:31:28 - [MESSAGE][PASSED] - Text 'Test automation' is set on object 'Object Repository/FSM1/Complete ABP Inspection/ABP18 Forward Trace/Page_JClient/input_Name of Operator_gwt-Tex'

2019-01-25 10:31:28 - [TEST_STEP][PASSED] - setText(findTestObject("Object Repository/FSM1/Complete ABP Inspection/ABP18 Forward Trace/Page_JClient/textarea_Address of premises_g"), "Test automation"): Text 'Test automation' is set on object 'Object Repository/FSM1/Complete ABP Inspection/ABP18 Forward Trace/Page_JClient/textarea_Address of premises_g'

2019-01-25 10:31:28 - [MESSAGE][PASSED] - Text 'Test automation' is set on object 'Object Repository/FSM1/Complete ABP Inspection/ABP18 Forward Trace/Page_JClient/textarea_Address of premises_g'

2019-01-25 10:31:28 - [TEST_STEP][PASSED] - setText(findTestObject("Object Repository/FSM1/Complete ABP Inspection/ABP18 Forward Trace/Page_JClient/input_Postcode_gwt-TextBox GKH"), "WR5 2NB"): Text 'WR5 2NB' is set on object 'Object Repository/FSM1/Complete ABP Inspection/ABP18 Forward Trace/Page_JClient/input_Postcode_gwt-TextBox GKH'

2019-01-25 10:31:28 - [MESSAGE][PASSED] - Text 'WR5 2NB' is set on object 'Object Repository/FSM1/Complete ABP Inspection/ABP18 Forward Trace/Page_JClient/input_Postcode_gwt-TextBox GKH'

2019-01-25 10:31:28 - [TEST_STEP][PASSED] - selectOptionByValue(findTestObject("Object Repository/FSM1/Complete ABP Inspection/ABP18 Forward Trace/Page_JClient/select_NorthScotlandSouthernWa"), "Scotland", true): All options with value 'Scotland' are selected in object 'Object Repository/FSM1/Complete ABP Inspection/ABP18 Forward Trace/Page_JClient/select_NorthScotlandSouthernWa'  using regular expression

2019-01-25 10:31:28 - [MESSAGE][PASSED] - All options with value 'Scotland' are selected in object 'Object Repository/FSM1/Complete ABP Inspection/ABP18 Forward Trace/Page_JClient/select_NorthScotlandSouthernWa'  using regular expression

2019-01-25 10:31:28 - [TEST_STEP][PASSED] - setText(findTestObject("Object Repository/FSM1/Complete ABP Inspection/ABP18 Forward Trace/Page_JClient/input_Name of haulier_gwt-Text"), "Test automation"): Text 'Test automation' is set on object 'Object Repository/FSM1/Complete ABP Inspection/ABP18 Forward Trace/Page_JClient/input_Name of haulier_gwt-Text'

2019-01-25 10:31:28 - [MESSAGE][PASSED] - Text 'Test automation' is set on object 'Object Repository/FSM1/Complete ABP Inspection/ABP18 Forward Trace/Page_JClient/input_Name of haulier_gwt-Text'

2019-01-25 10:31:28 - [TEST_STEP][PASSED] - setText(findTestObject("Object Repository/FSM1/Complete ABP Inspection/ABP18 Forward Trace/Page_JClient/textarea_Address of haulier_gw"), "Test automation"): Text 'Test automation' is set on object 'Object Repository/FSM1/Complete ABP Inspection/ABP18 Forward Trace/Page_JClient/textarea_Address of haulier_gw'

2019-01-25 10:31:29 - [MESSAGE][PASSED] - Text 'Test automation' is set on object 'Object Repository/FSM1/Complete ABP Inspection/ABP18 Forward Trace/Page_JClient/textarea_Address of haulier_gw'

2019-01-25 10:31:29 - [TEST_STEP][PASSED] - setText(findTestObject("FSM1/Complete ABP Inspection/ABP18 Forward Trace/Page_JClient/Postcode"), "WR5 2NB"): Text 'WR5 2NB' is set on object 'Object Repository/FSM1/Complete ABP Inspection/ABP18 Forward Trace/Page_JClient/Postcode'

2019-01-25 10:31:29 - [MESSAGE][PASSED] - Text 'WR5 2NB' is set on object 'Object Repository/FSM1/Complete ABP Inspection/ABP18 Forward Trace/Page_JClient/Postcode'

2019-01-25 10:31:29 - [TEST_STEP][PASSED] - setText(findTestObject("Object Repository/FSM1/Complete ABP Inspection/ABP18 Forward Trace/Page_JClient/input_Registration number (if"), "123"): Text '123' is set on object 'Object Repository/FSM1/Complete ABP Inspection/ABP18 Forward Trace/Page_JClient/input_Registration number (if'

2019-01-25 10:31:29 - [MESSAGE][PASSED] - Text '123' is set on object 'Object Repository/FSM1/Complete ABP Inspection/ABP18 Forward Trace/Page_JClient/input_Registration number (if'

2019-01-25 10:31:29 - [TEST_STEP][PASSED] - setText(findTestObject("Object Repository/FSM1/Complete ABP Inspection/ABP18 Forward Trace/Page_JClient/input_Reference No. of CD or o"), "987"): Text '987' is set on object 'Object Repository/FSM1/Complete ABP Inspection/ABP18 Forward Trace/Page_JClient/input_Reference No. of CD or o'

2019-01-25 10:31:29 - [MESSAGE][PASSED] - Text '987' is set on object 'Object Repository/FSM1/Complete ABP Inspection/ABP18 Forward Trace/Page_JClient/input_Reference No. of CD or o'

2019-01-25 10:31:29 - [TEST_STEP][PASSED] - setText(findTestObject("Object Repository/FSM1/Complete ABP Inspection/ABP18 Forward Trace/Page_JClient/textarea_Description of materi"), "Test automation"): Text 'Test automation' is set on object 'Object Repository/FSM1/Complete ABP Inspection/ABP18 Forward Trace/Page_JClient/textarea_Description of materi'

2019-01-25 10:31:29 - [MESSAGE][PASSED] - Text 'Test automation' is set on object 'Object Repository/FSM1/Complete ABP Inspection/ABP18 Forward Trace/Page_JClient/textarea_Description of materi'

2019-01-25 10:31:29 - [TEST_STEP][PASSED] - selectOptionByValue(findTestObject("Object Repository/FSM1/Complete ABP Inspection/ABP18 Forward Trace/Page_JClient/select_NACattleDeerFishGoatsPi"), "Goats", true): All options with value 'Goats' are selected in object 'Object Repository/FSM1/Complete ABP Inspection/ABP18 Forward Trace/Page_JClient/select_NACattleDeerFishGoatsPi'  using regular expression

2019-01-25 10:31:30 - [MESSAGE][PASSED] - All options with value 'Goats' are selected in object 'Object Repository/FSM1/Complete ABP Inspection/ABP18 Forward Trace/Page_JClient/select_NACattleDeerFishGoatsPi'  using regular expression

2019-01-25 10:31:30 - [TEST_STEP][PASSED] - setText(findTestObject("Object Repository/FSM1/Complete ABP Inspection/ABP18 Forward Trace/Page_JClient/input_Category_gwt-TextBox GKH"), "Test automation"): Text 'Test automation' is set on object 'Object Repository/FSM1/Complete ABP Inspection/ABP18 Forward Trace/Page_JClient/input_Category_gwt-TextBox GKH'

2019-01-25 10:31:30 - [MESSAGE][PASSED] - Text 'Test automation' is set on object 'Object Repository/FSM1/Complete ABP Inspection/ABP18 Forward Trace/Page_JClient/input_Category_gwt-TextBox GKH'

2019-01-25 10:31:30 - [TEST_STEP][PASSED] - setText(findTestObject("Object Repository/FSM1/Complete ABP Inspection/ABP18 Forward Trace/Page_JClient/input_Quantity_gwt-TextBox GKH"), "12abc"): Text '12abc' is set on object 'Object Repository/FSM1/Complete ABP Inspection/ABP18 Forward Trace/Page_JClient/input_Quantity_gwt-TextBox GKH'

2019-01-25 10:31:30 - [MESSAGE][PASSED] - Text '12abc' is set on object 'Object Repository/FSM1/Complete ABP Inspection/ABP18 Forward Trace/Page_JClient/input_Quantity_gwt-TextBox GKH'

2019-01-25 10:31:30 - [TEST_STEP][PASSED] - setText(findTestObject("Object Repository/FSM1/Complete ABP Inspection/ABP18 Forward Trace/Page_JClient/textarea_Any other relevant in"), "Test automation"): Text 'Test automation' is set on object 'Object Repository/FSM1/Complete ABP Inspection/ABP18 Forward Trace/Page_JClient/textarea_Any other relevant in'

2019-01-25 10:31:30 - [MESSAGE][PASSED] - Text 'Test automation' is set on object 'Object Repository/FSM1/Complete ABP Inspection/ABP18 Forward Trace/Page_JClient/textarea_Any other relevant in'

2019-01-25 10:31:30 - [TEST_STEP][PASSED] - click(findTestObject("Object Repository/FSM1/Complete ABP Inspection/ABP18 Forward Trace/Page_JClient/input_Any other relevant infor")): Object: 'Object Repository/FSM1/Complete ABP Inspection/ABP18 Forward Trace/Page_JClient/input_Any other relevant infor' is clicked on

2019-01-25 10:31:30 - [MESSAGE][PASSED] - Object: 'Object Repository/FSM1/Complete ABP Inspection/ABP18 Forward Trace/Page_JClient/input_Any other relevant infor' is clicked on

2019-01-25 10:31:30 - [TEST_STEP][PASSED] - setText(findTestObject("Object Repository/FSM1/Complete ABP Inspection/ABP18 Forward Trace/Page_JClient/textarea_If so give details_gw"), "Test automation"): Text 'Test automation' is set on object 'Object Repository/FSM1/Complete ABP Inspection/ABP18 Forward Trace/Page_JClient/textarea_If so give details_gw'

2019-01-25 10:31:31 - [MESSAGE][PASSED] - Text 'Test automation' is set on object 'Object Repository/FSM1/Complete ABP Inspection/ABP18 Forward Trace/Page_JClient/textarea_If so give details_gw'

2019-01-25 10:31:31 - [TEST_STEP][PASSED] - click(findTestObject("Object Repository/FSM1/Complete ABP Inspection/ABP18 Forward Trace/Page_JClient/input_Yes_radio_group_132")): Object: 'Object Repository/FSM1/Complete ABP Inspection/ABP18 Forward Trace/Page_JClient/input_Yes_radio_group_132' is clicked on

2019-01-25 10:31:31 - [MESSAGE][PASSED] - Object: 'Object Repository/FSM1/Complete ABP Inspection/ABP18 Forward Trace/Page_JClient/input_Yes_radio_group_132' is clicked on

2019-01-25 10:31:31 - [TEST_STEP][NOT_RUN] - click(findTestObject("Object Repository/FSM1/Complete ABP Inspection/ABP18 Forward Trace/Page_JClient/input_How was the trace carrie")): NOT_RUN: click(findTestObject("Object Repository/FSM1/Complete ABP Inspection/ABP18 Forward Trace/Page_JClient/input_How was the trace carrie"))

2019-01-25 10:31:31 - [MESSAGE][NOT_RUN] - NOT_RUN: click(findTestObject("Object Repository/FSM1/Complete ABP Inspection/ABP18 Forward Trace/Page_JClient/input_How was the trace carrie"))

2019-01-25 10:31:31 - [TEST_STEP][NOT_RUN] - click(findTestObject("Object Repository/FSM1/Complete ABP Inspection/ABP18 Forward Trace/Page_JClient/input_Outcome_radio_group_134")): NOT_RUN: click(findTestObject("Object Repository/FSM1/Complete ABP Inspection/ABP18 Forward Trace/Page_JClient/input_Outcome_radio_group_134"))

2019-01-25 10:31:31 - [MESSAGE][NOT_RUN] - NOT_RUN: click(findTestObject("Object Repository/FSM1/Complete ABP Inspection/ABP18 Forward Trace/Page_JClient/input_Outcome_radio_group_134"))

2019-01-25 10:31:31 - [TEST_STEP][NOT_RUN] - setText(findTestObject("Object Repository/FSM1/Complete ABP Inspection/ABP18 Forward Trace/Page_JClient/textarea_Give Details_gwt-Text"), "Test automation"): NOT_RUN: setText(findTestObject("Object Repository/FSM1/Complete ABP Inspection/ABP18 Forward Trace/Page_JClient/textarea_Give Details_gwt-Text"), "Test automation")

2019-01-25 10:31:31 - [MESSAGE][NOT_RUN] - NOT_RUN: setText(findTestObject("Object Repository/FSM1/Complete ABP Inspection/ABP18 Forward Trace/Page_JClient/textarea_Give Details_gwt-Text"), "Test automation")

2019-01-25 10:31:31 - [TEST_STEP][NOT_RUN] - setText(findTestObject("Object Repository/FSM1/Complete ABP Inspection/ABP18 Forward Trace/Page_JClient/textarea_Describe action taken"), "Test automation"): NOT_RUN: setText(findTestObject("Object Repository/FSM1/Complete ABP Inspection/ABP18 Forward Trace/Page_JClient/textarea_Describe action taken"), "Test automation")

2019-01-25 10:31:31 - [MESSAGE][NOT_RUN] - NOT_RUN: setText(findTestObject("Object Repository/FSM1/Complete ABP Inspection/ABP18 Forward Trace/Page_JClient/textarea_Describe action taken"), "Test automation")

2019-01-25 10:31:31 - [TEST_STEP][PASSED] - mydate = new java.util.Date(): null

2019-01-25 10:31:31 - [TEST_STEP][PASSED] - formattedDate = mydate.format("dd/MM/yyyy"): null

2019-01-25 10:31:31 - [TEST_STEP][PASSED] - sendKeys(findTestObject("FSM1/Complete ABP Inspection/ABP18 Forward Trace/Page_JClient/DateofDespatch"), formattedDate): Keys '25/01/2019' sent to object: 'Object Repository/FSM1/Complete ABP Inspection/ABP18 Forward Trace/Page_JClient/DateofDespatch'

2019-01-25 10:31:31 - [MESSAGE][PASSED] - Keys '25/01/2019' sent to object: 'Object Repository/FSM1/Complete ABP Inspection/ABP18 Forward Trace/Page_JClient/DateofDespatch'

2019-01-25 10:31:31 - [TEST_STEP][PASSED] - click(findTestObject("Object Repository/FSM1/Complete ABP Inspection/ABP18 Forward Trace/Page_JClient/div_Save")): Object: 'Object Repository/FSM1/Complete ABP Inspection/ABP18 Forward Trace/Page_JClient/div_Save' is clicked on

2019-01-25 10:31:31 - [MESSAGE][PASSED] - Object: 'Object Repository/FSM1/Complete ABP Inspection/ABP18 Forward Trace/Page_JClient/div_Save' is clicked on]]></system-out>
         <system-err><![CDATA[]]></system-err>
      </testcase>
      <testcase name="Test Cases/ICW/Generic/Complete ICW Inspection - Complete" classname="Test Cases/ICW/Generic/Complete ICW Inspection - Complete" status="PASSED">
         <system-out><![CDATA[2019-01-25 10:31:31 - [TEST_CASE][PASSED] - Test Cases/ICW/Generic/Complete ICW Inspection - Complete: Test Cases/ICW/Generic/Complete ICW Inspection - Complete

2019-01-25 10:31:31 - [TEST_STEP][PASSED] - click(findTestObject("Object Repository/FSM1/Complete 190/Page_JClient/Page_JClient/Page_JClient/div_STARTED (locked)")): Object: 'Object Repository/FSM1/Complete 190/Page_JClient/Page_JClient/Page_JClient/div_STARTED (locked)' is clicked on

2019-01-25 10:31:31 - [MESSAGE][PASSED] - Object: 'Object Repository/FSM1/Complete 190/Page_JClient/Page_JClient/Page_JClient/div_STARTED (locked)' is clicked on

2019-01-25 10:31:31 - [TEST_STEP][PASSED] - delay(1): Delayed 1 second(s)

2019-01-25 10:31:32 - [MESSAGE][PASSED] - Delayed 1 second(s)

2019-01-25 10:31:32 - [TEST_STEP][PASSED] - click(findTestObject("Object Repository/FSM1/Complete 190/Page_JClient/Page_JClient/Page_JClient/div_COMPLETED")): Object: 'Object Repository/FSM1/Complete 190/Page_JClient/Page_JClient/Page_JClient/div_COMPLETED' is clicked on

2019-01-25 10:31:32 - [MESSAGE][PASSED] - Object: 'Object Repository/FSM1/Complete 190/Page_JClient/Page_JClient/Page_JClient/div_COMPLETED' is clicked on

2019-01-25 10:31:32 - [TEST_STEP][PASSED] - delay(1): Delayed 1 second(s)

2019-01-25 10:31:33 - [MESSAGE][PASSED] - Delayed 1 second(s)

2019-01-25 10:31:33 - [TEST_STEP][PASSED] - selectOptionByValue(findTestObject("Object Repository/FSM1/Complete 190/Page_JClient/Page_JClient/Page_JClient/select_Yes"), "COMPLETED", true): All options with value 'COMPLETED' are selected in object 'Object Repository/FSM1/Complete 190/Page_JClient/Page_JClient/Page_JClient/select_Yes'  using regular expression

2019-01-25 10:31:34 - [MESSAGE][PASSED] - All options with value 'COMPLETED' are selected in object 'Object Repository/FSM1/Complete 190/Page_JClient/Page_JClient/Page_JClient/select_Yes'  using regular expression

2019-01-25 10:31:34 - [TEST_STEP][PASSED] - selectOptionByValue(findTestObject("Object Repository/FSM1/Complete 190/Page_JClient/Page_JClient/Page_JClient/select_YesNo"), "NO", true): All options with value 'NO' are selected in object 'Object Repository/FSM1/Complete 190/Page_JClient/Page_JClient/Page_JClient/select_YesNo'  using regular expression

2019-01-25 10:31:34 - [MESSAGE][PASSED] - All options with value 'NO' are selected in object 'Object Repository/FSM1/Complete 190/Page_JClient/Page_JClient/Page_JClient/select_YesNo'  using regular expression

2019-01-25 10:31:34 - [TEST_STEP][PASSED] - click(findTestObject("Object Repository/FSM1/Complete 190/Page_JClient/Page_JClient/Page_JClient/div_Save")): Object: 'Object Repository/FSM1/Complete 190/Page_JClient/Page_JClient/Page_JClient/div_Save' is clicked on

2019-01-25 10:31:34 - [MESSAGE][PASSED] - Object: 'Object Repository/FSM1/Complete 190/Page_JClient/Page_JClient/Page_JClient/div_Save' is clicked on

2019-01-25 10:31:34 - [TEST_STEP][PASSED] - delay(3): Delayed 3 second(s)

2019-01-25 10:31:37 - [MESSAGE][PASSED] - Delayed 3 second(s)

2019-01-25 10:31:37 - [TEST_STEP][PASSED] - click(findTestObject("Object Repository/FSM1/Complete 190/Page_JClient/Page_JClient/Page_JClient/div_Ok")): Object: 'Object Repository/FSM1/Complete 190/Page_JClient/Page_JClient/Page_JClient/div_Ok' is clicked on

2019-01-25 10:31:37 - [MESSAGE][PASSED] - Object: 'Object Repository/FSM1/Complete 190/Page_JClient/Page_JClient/Page_JClient/div_Ok' is clicked on

2019-01-25 10:31:37 - [TEST_STEP][PASSED] - delay(30): Delayed 30 second(s)

2019-01-25 10:32:07 - [MESSAGE][PASSED] - Delayed 30 second(s)]]></system-out>
         <system-err><![CDATA[]]></system-err>
      </testcase>
      <testcase name="Test Cases/Generic/Launch Job Manager Control Centre - Check Result" classname="Test Cases/Generic/Launch Job Manager Control Centre - Check Result" status="PASSED">
         <system-out><![CDATA[2019-01-25 10:32:07 - [TEST_CASE][PASSED] - Test Cases/Generic/Launch Job Manager Control Centre - Check Result: Test Cases/Generic/Launch Job Manager Control Centre - Check Result

2019-01-25 10:32:07 - [TEST_STEP][PASSED] - openBrowser(""): Browser is opened with url: ''

2019-01-25 10:32:07 - [MESSAGE][WARNING] - A browser is already opened. Closing browser and opening a new one

2019-01-25 10:32:08 - [MESSAGE][INFO] - Starting 'Chrome' driver

2019-01-25 10:32:10 - [MESSAGE][PASSED] - Browser is opened with url: ''

2019-01-25 10:32:10 - [TEST_STEP][PASSED] - navigateToUrl(CCURL): Navigate to 'https://kirona-def-6.kirona.com/jmprep/login#!loginView' successfully

2019-01-25 10:32:11 - [MESSAGE][PASSED] - Navigate to 'https://kirona-def-6.kirona.com/jmprep/login#!loginView' successfully

2019-01-25 10:32:11 - [TEST_STEP][PASSED] - setText(findTestObject("FSM1/Control Centre/Page_Job Manager Login/input_gwt-uid-3"), Username): Text 'jon.hatfield' is set on object 'Object Repository/FSM1/Control Centre/Page_Job Manager Login/input_gwt-uid-3'

2019-01-25 10:32:12 - [MESSAGE][PASSED] - Text 'jon.hatfield' is set on object 'Object Repository/FSM1/Control Centre/Page_Job Manager Login/input_gwt-uid-3'

2019-01-25 10:32:12 - [TEST_STEP][PASSED] - setText(findTestObject("FSM1/Control Centre/Page_Job Manager Login/input_gwt-uid-5"), Password): Text 'Fr@nc1sJ0n' is set on object 'Object Repository/FSM1/Control Centre/Page_Job Manager Login/input_gwt-uid-5'

2019-01-25 10:32:12 - [MESSAGE][PASSED] - Text 'Fr@nc1sJ0n' is set on object 'Object Repository/FSM1/Control Centre/Page_Job Manager Login/input_gwt-uid-5'

2019-01-25 10:32:12 - [TEST_STEP][PASSED] - delay(2): Delayed 2 second(s)

2019-01-25 10:32:14 - [MESSAGE][PASSED] - Delayed 2 second(s)

2019-01-25 10:32:14 - [TEST_STEP][PASSED] - click(findTestObject("FSM1/PreProd/Page_Job Manager Login/div_Login")): Object: 'Object Repository/FSM1/PreProd/Page_Job Manager Login/div_Login' is clicked on

2019-01-25 10:32:14 - [MESSAGE][PASSED] - Object: 'Object Repository/FSM1/PreProd/Page_Job Manager Login/div_Login' is clicked on

2019-01-25 10:32:14 - [TEST_STEP][PASSED] - delay(20): Delayed 20 second(s)

2019-01-25 10:32:34 - [MESSAGE][PASSED] - Delayed 20 second(s)]]></system-out>
         <system-err><![CDATA[]]></system-err>
      </testcase>
      <testcase name="Test Cases/ICW/AB191/Control Centre - Check Results - AB191" classname="Test Cases/ICW/AB191/Control Centre - Check Results - AB191" status="PASSED">
         <system-out><![CDATA[2019-01-25 10:32:34 - [TEST_CASE][PASSED] - Test Cases/ICW/AB191/Control Centre - Check Results - AB191: Test Cases/ICW/AB191/Control Centre - Check Results - AB191

2019-01-25 10:32:34 - [TEST_STEP][PASSED] - log = new com.kms.katalon.core.logging.KeywordLogger(): null

2019-01-25 10:32:34 - [TEST_STEP][PASSED] - setText(findTestObject("Object Repository/FSM1/EMI Check Results/Page_JM Control Centre/input_Recents_v-textfield v-wi"), temp): Text '101481' is set on object 'Object Repository/FSM1/EMI Check Results/Page_JM Control Centre/input_Recents_v-textfield v-wi'

2019-01-25 10:32:34 - [MESSAGE][PASSED] - Text '101481' is set on object 'Object Repository/FSM1/EMI Check Results/Page_JM Control Centre/input_Recents_v-textfield v-wi'

2019-01-25 10:32:34 - [TEST_STEP][PASSED] - click(findTestObject("Object Repository/FSM1/EMI Check Results/Page_JM Control Centre/span_")): Object: 'Object Repository/FSM1/EMI Check Results/Page_JM Control Centre/span_' is clicked on

2019-01-25 10:32:35 - [MESSAGE][PASSED] - Object: 'Object Repository/FSM1/EMI Check Results/Page_JM Control Centre/span_' is clicked on

2019-01-25 10:32:35 - [TEST_STEP][PASSED] - waitForElementPresent(findTestObject("Object Repository/FSM1/EMI Check Results/Page_JM Control Centre/div_CLOSED"), 60): Object 'Object Repository/FSM1/EMI Check Results/Page_JM Control Centre/div_CLOSED' is present

2019-01-25 10:32:37 - [MESSAGE][PASSED] - Object 'Object Repository/FSM1/EMI Check Results/Page_JM Control Centre/div_CLOSED' is present

2019-01-25 10:32:37 - [TEST_STEP][PASSED] - delay(3): Delayed 3 second(s)

2019-01-25 10:32:40 - [MESSAGE][PASSED] - Delayed 3 second(s)

2019-01-25 10:32:40 - [TEST_STEP][PASSED] - verifyElementPresent(findTestObject("FSM1/Complete ABP Inspection/Check Results/03a/Page_JM Control Centre/div_Attachments_AB191"), 5): Object 'Object Repository/FSM1/Complete ABP Inspection/Check Results/03a/Page_JM Control Centre/div_Attachments_AB191' is present

2019-01-25 10:32:40 - [MESSAGE][PASSED] - Object 'Object Repository/FSM1/Complete ABP Inspection/Check Results/03a/Page_JM Control Centre/div_Attachments_AB191' is present

2019-01-25 10:32:40 - [TEST_STEP][PASSED] - verifyElementPresent(findTestObject("Object Repository/FSM1/Complete ABP Inspection/Check Results/Page_JM Control Centre/Page_JM Control Centre/div_Attachments_ABPR17 - Backw"), 5): Object 'Object Repository/FSM1/Complete ABP Inspection/Check Results/Page_JM Control Centre/Page_JM Control Centre/div_Attachments_ABPR17 - Backw' is present

2019-01-25 10:32:40 - [MESSAGE][PASSED] - Object 'Object Repository/FSM1/Complete ABP Inspection/Check Results/Page_JM Control Centre/Page_JM Control Centre/div_Attachments_ABPR17 - Backw' is present

2019-01-25 10:32:40 - [TEST_STEP][PASSED] - verifyElementPresent(findTestObject("Object Repository/FSM1/Complete ABP Inspection/Check Results/Page_JM Control Centre/Page_JM Control Centre/div_Attachments_ABPR18 - Forwa"), 5): Object 'Object Repository/FSM1/Complete ABP Inspection/Check Results/Page_JM Control Centre/Page_JM Control Centre/div_Attachments_ABPR18 - Forwa' is present

2019-01-25 10:32:40 - [MESSAGE][PASSED] - Object 'Object Repository/FSM1/Complete ABP Inspection/Check Results/Page_JM Control Centre/Page_JM Control Centre/div_Attachments_ABPR18 - Forwa' is present]]></system-out>
         <system-err><![CDATA[]]></system-err>
      </testcase>
      <testcase name="Test Cases/Generic/Check Subsequent Inspection Exist" classname="Test Cases/Generic/Check Subsequent Inspection Exist" status="PASSED">
         <system-out><![CDATA[2019-01-25 10:32:40 - [TEST_CASE][PASSED] - Test Cases/Generic/Check Subsequent Inspection Exist: Test Cases/Generic/Check Subsequent Inspection Exist

2019-01-25 10:32:40 - [TEST_STEP][PASSED] - delay(2): Delayed 2 second(s)

2019-01-25 10:32:42 - [MESSAGE][PASSED] - Delayed 2 second(s)

2019-01-25 10:32:42 - [TEST_STEP][PASSED] - click(findTestObject("Object Repository/FSM1/Complete ABP Inspection/Check Subsequent Inspections/New/Page_JM Control Centre/div_")): Object: 'Object Repository/FSM1/Complete ABP Inspection/Check Subsequent Inspections/New/Page_JM Control Centre/div_' is clicked on

2019-01-25 10:32:42 - [MESSAGE][PASSED] - Object: 'Object Repository/FSM1/Complete ABP Inspection/Check Subsequent Inspections/New/Page_JM Control Centre/div_' is clicked on

2019-01-25 10:32:42 - [TEST_STEP][PASSED] - click(findTestObject("Object Repository/FSM1/Complete ABP Inspection/Check Subsequent Inspections/New/Page_JM Control Centre/span_List All Subordinate Jobs")): Object: 'Object Repository/FSM1/Complete ABP Inspection/Check Subsequent Inspections/New/Page_JM Control Centre/span_List All Subordinate Jobs' is clicked on

2019-01-25 10:32:43 - [MESSAGE][PASSED] - Object: 'Object Repository/FSM1/Complete ABP Inspection/Check Subsequent Inspections/New/Page_JM Control Centre/span_List All Subordinate Jobs' is clicked on

2019-01-25 10:32:43 - [TEST_STEP][PASSED] - delay(2): Delayed 2 second(s)

2019-01-25 10:32:45 - [MESSAGE][PASSED] - Delayed 2 second(s)

2019-01-25 10:32:45 - [TEST_STEP][PASSED] - verifyElementVisible(findTestObject("Object Repository/FSM1/Complete ABP Inspection/Check Subsequent Inspections/New/Page_JM Control Centre/div_2 found.")): Object 'Object Repository/FSM1/Complete ABP Inspection/Check Subsequent Inspections/New/Page_JM Control Centre/div_2 found.' is visible

2019-01-25 10:32:58 - [MESSAGE][PASSED] - Object 'Object Repository/FSM1/Complete ABP Inspection/Check Subsequent Inspections/New/Page_JM Control Centre/div_2 found.' is visible

2019-01-25 10:32:58 - [TEST_STEP][PASSED] - verifyElementNotPresent(findTestObject("JM_8918/New/Page_JM Control Centre/td_INVALID"), 2): Web element with id: 'Object Repository/JM_8918/New/Page_JM Control Centre/td_INVALID' located by 'By.xpath: //td[(text() = 'INVALID' or . = 'INVALID')]' is not present after '2' second(s)

2019-01-25 10:32:58 - [MESSAGE][PASSED] - Web element with id: 'Object Repository/JM_8918/New/Page_JM Control Centre/td_INVALID' located by 'By.xpath: //td[(text() = 'INVALID' or . = 'INVALID')]' is not present after '2' second(s)

2019-01-25 10:32:58 - [TEST_STEP][PASSED] - verifyElementNotPresent(findTestObject("JM_8918/New/Page_JM Control Centre/td_CREATING"), 2): Web element with id: 'Object Repository/JM_8918/New/Page_JM Control Centre/td_CREATING' located by 'By.xpath: //td[(text() = 'CREATING' or . = 'CREATING')]' is not present after '2' second(s)

2019-01-25 10:32:58 - [MESSAGE][PASSED] - Web element with id: 'Object Repository/JM_8918/New/Page_JM Control Centre/td_CREATING' located by 'By.xpath: //td[(text() = 'CREATING' or . = 'CREATING')]' is not present after '2' second(s)

2019-01-25 10:32:58 - [TEST_STEP][PASSED] - closeBrowser(): Browser is closed

2019-01-25 10:32:59 - [MESSAGE][PASSED] - Browser is closed]]></system-out>
         <system-err><![CDATA[]]></system-err>
      </testcase>
      <system-out><![CDATA[2019-01-25 10:27:02 - [TEST_SUITE][PASSED] - ICW Regression - 191 - All: Test Cases/Generic/Check Subsequent Inspection Exist]]></system-out>
      <system-err><![CDATA[]]></system-err>
   </testsuite>
</testsuites>
