<?xml version="1.0" encoding="UTF-8"?>
<testsuites name="BSE16 Regression - Livestock Farm" time="232" tests="21" failures="0" errors="0">
   <testsuite name="BSE16 Regression - Livestock Farm" tests="21" failures="0" errors="0" time="232" timestamp="2018-11-29 11:41:54" hostname="JHATFIELD - SNDFSMINFSRV001.defra.onmicrosoft.com" id="Test Suites/Form Jobs/BSE16 Regression - Livestock Farm">
      <properties>
         <property name="deviceName" value=""/>
         <property name="devicePlatform" value=""/>
         <property name="logFolder" value="C:\\Users\\JHATFIELD\\git\\DEFRA-FSM_Automated_Regression_NEW\\Reports\\Form Jobs\\BSE16 Regression - Livestock Farm\\20181129_110937"/>
         <property name="logFiles" value="C:\\Users\\JHATFIELD\\git\\DEFRA-FSM_Automated_Regression_NEW\\Reports\\Form Jobs\\BSE16 Regression - Livestock Farm\\20181129_110937\\execution0.log"/>
         <property name="attachments" value=""/>
         <property name="hostName" value="JHATFIELD - SNDFSMINFSRV001.defra.onmicrosoft.com"/>
         <property name="os" value="Windows Server 2016 64bit"/>
         <property name="katalonVersion" value="5.9.0.1"/>
         <property name="browser" value="Chrome 70.0.3538.110"/>
         <property name="hostAddress" value="10.201.1.17"/>
         <property name="sessionId" value="f419f637cea51840291409ee0e3e153f"/>
         <property name="seleniumVersion" value="3.7.1"/>
         <property name="proxyInformation" value="ProxyInformation{proxyOption=NO_PROXY, proxyServerType=HTTP, password=, proxyServerAddress=, proxyServerPort=0}"/>
         <property name="platform" value="Windows Server 2016"/>
      </properties>
      <testcase name="Test Cases/Generic/Launch Job Manager" classname="Test Cases/Generic/Launch Job Manager" status="PASSED">
         <system-out><![CDATA[2018-11-29 11:41:55 - [TEST_CASE][PASSED] - Test Cases/Generic/Launch Job Manager: Test Cases/Generic/Launch Job Manager

2018-11-29 11:41:56 - [TEST_STEP][PASSED] - openBrowser(""): Browser is opened with url: ''

2018-11-29 11:41:57 - [MESSAGE][INFO] - Starting 'Chrome' driver

2018-11-29 11:41:57 - [MESSAGE][INFO] - Action delay is set to 0 seconds

2018-11-29 11:42:01 - [MESSAGE][PASSED] - Browser is opened with url: ''

2018-11-29 11:42:01 - [TEST_STEP][PASSED] - navigateToUrl(JMURL): Navigate to 'https://kirona-def-11.kirona.com/jmtrain/jclient/jclient.html' successfully

2018-11-29 11:42:02 - [MESSAGE][PASSED] - Navigate to 'https://kirona-def-11.kirona.com/jmtrain/jclient/jclient.html' successfully

2018-11-29 11:42:02 - [TEST_STEP][PASSED] - setText(findTestObject("FSM1/Launch Application/Page_JClient/input_gwt-TextBox GKH2EKQBMDB"), "KIR1"): Text 'KIR1' is set on object 'Object Repository/FSM1/Launch Application/Page_JClient/input_gwt-TextBox GKH2EKQBMDB'

2018-11-29 11:42:05 - [MESSAGE][PASSED] - Text 'KIR1' is set on object 'Object Repository/FSM1/Launch Application/Page_JClient/input_gwt-TextBox GKH2EKQBMDB'

2018-11-29 11:42:05 - [TEST_STEP][PASSED] - sendKeys(findTestObject("FSM1/Launch Application/Page_JClient/input_gwt-TextBox GKH2EKQBMDB"), Keys.chord(ENTER)): Keys 'ENTER + ' sent to object: 'Object Repository/FSM1/Launch Application/Page_JClient/input_gwt-TextBox GKH2EKQBMDB'

2018-11-29 11:42:05 - [MESSAGE][PASSED] - Keys 'ENTER + ' sent to object: 'Object Repository/FSM1/Launch Application/Page_JClient/input_gwt-TextBox GKH2EKQBMDB'

2018-11-29 11:42:05 - [TEST_STEP][PASSED] - click(findTestObject("FSM1/Launch Application/Page_JClient/div_Configure App")): Object: 'Object Repository/FSM1/Launch Application/Page_JClient/div_Configure App' is clicked on

2018-11-29 11:42:05 - [MESSAGE][PASSED] - Object: 'Object Repository/FSM1/Launch Application/Page_JClient/div_Configure App' is clicked on

2018-11-29 11:42:05 - [TEST_STEP][PASSED] - setText(findTestObject("FSM1/Launch Application/Page_JClient/input_gwt-TextBox GKH2EKQBNHC"), findTestData("Pre Production/Environmental/UandP").getValue(3, 1)): Text 'test.inspector' is set on object 'Object Repository/FSM1/Launch Application/Page_JClient/input_gwt-TextBox GKH2EKQBNHC'

2018-11-29 11:42:07 - [MESSAGE][PASSED] - Text 'test.inspector' is set on object 'Object Repository/FSM1/Launch Application/Page_JClient/input_gwt-TextBox GKH2EKQBNHC'

2018-11-29 11:42:07 - [TEST_STEP][PASSED] - setText(findTestObject("FSM1/Launch Application/Page_JClient/input_gwt-PasswordTextBox GKH2"), findTestData("Pre Production/Environmental/UandP").getValue(4, 1)): Text 'Password1.' is set on object 'Object Repository/FSM1/Launch Application/Page_JClient/input_gwt-PasswordTextBox GKH2'

2018-11-29 11:42:07 - [MESSAGE][PASSED] - Text 'Password1.' is set on object 'Object Repository/FSM1/Launch Application/Page_JClient/input_gwt-PasswordTextBox GKH2'

2018-11-29 11:42:07 - [TEST_STEP][PASSED] - click(findTestObject("FSM1/Launch Application/Page_JClient/div_Sign In")): Object: 'Object Repository/FSM1/Launch Application/Page_JClient/div_Sign In' is clicked on

2018-11-29 11:42:07 - [MESSAGE][PASSED] - Object: 'Object Repository/FSM1/Launch Application/Page_JClient/div_Sign In' is clicked on

2018-11-29 11:42:07 - [TEST_STEP][PASSED] - delay(15): Delayed 15 second(s)

2018-11-29 11:42:22 - [MESSAGE][PASSED] - Delayed 15 second(s)]]></system-out>
         <system-err><![CDATA[]]></system-err>
      </testcase>
      <testcase name="Test Cases/Form Jobs/BSE16/Create BSE Inspection" classname="Test Cases/Form Jobs/BSE16/Create BSE Inspection" status="PASSED">
         <system-out><![CDATA[2018-11-29 11:42:22 - [TEST_CASE][PASSED] - Test Cases/Form Jobs/BSE16/Create BSE Inspection: Test Cases/Form Jobs/BSE16/Create BSE Inspection

2018-11-29 11:42:23 - [TEST_STEP][PASSED] - log = new com.kms.katalon.core.logging.KeywordLogger(): null

2018-11-29 11:42:23 - [TEST_STEP][PASSED] - delay(15): Delayed 15 second(s)

2018-11-29 11:42:38 - [MESSAGE][PASSED] - Delayed 15 second(s)

2018-11-29 11:42:38 - [TEST_STEP][PASSED] - click(findTestObject("Object Repository/FSM1/BSE16/Page_JClient/div_Main Menu_GKH2EKQBMBC")): Object: 'Object Repository/FSM1/BSE16/Page_JClient/div_Main Menu_GKH2EKQBMBC' is clicked on

2018-11-29 11:42:38 - [MESSAGE][PASSED] - Object: 'Object Repository/FSM1/BSE16/Page_JClient/div_Main Menu_GKH2EKQBMBC' is clicked on

2018-11-29 11:42:38 - [TEST_STEP][PASSED] - delay(3): Delayed 3 second(s)

2018-11-29 11:42:41 - [MESSAGE][PASSED] - Delayed 3 second(s)

2018-11-29 11:42:41 - [TEST_STEP][PASSED] - click(findTestObject("Object Repository/FSM1/BSE16/Page_JClient/div_Form Jobs")): Object: 'Object Repository/FSM1/BSE16/Page_JClient/div_Form Jobs' is clicked on

2018-11-29 11:42:41 - [MESSAGE][PASSED] - Object: 'Object Repository/FSM1/BSE16/Page_JClient/div_Form Jobs' is clicked on

2018-11-29 11:42:41 - [TEST_STEP][PASSED] - click(findTestObject("Object Repository/FSM1/BSE16/Page_JClient/div_BSE16")): Object: 'Object Repository/FSM1/BSE16/Page_JClient/div_BSE16' is clicked on

2018-11-29 11:42:42 - [MESSAGE][PASSED] - Object: 'Object Repository/FSM1/BSE16/Page_JClient/div_BSE16' is clicked on

2018-11-29 11:42:42 - [TEST_STEP][PASSED] - click(findTestObject("Object Repository/FSM1/BSE16/Page_JClient/div_WITH OPERATIVE")): Object: 'Object Repository/FSM1/BSE16/Page_JClient/div_WITH OPERATIVE' is clicked on

2018-11-29 11:42:42 - [MESSAGE][PASSED] - Object: 'Object Repository/FSM1/BSE16/Page_JClient/div_WITH OPERATIVE' is clicked on

2018-11-29 11:42:42 - [TEST_STEP][PASSED] - click(findTestObject("Object Repository/FSM1/BSE16/Page_JClient/div_TRAVELLING")): Object: 'Object Repository/FSM1/BSE16/Page_JClient/div_TRAVELLING' is clicked on

2018-11-29 11:42:43 - [MESSAGE][PASSED] - Object: 'Object Repository/FSM1/BSE16/Page_JClient/div_TRAVELLING' is clicked on

2018-11-29 11:42:43 - [TEST_STEP][PASSED] - click(findTestObject("Object Repository/FSM1/BSE16/Page_JClient/div_TRAVELLING")): Object: 'Object Repository/FSM1/BSE16/Page_JClient/div_TRAVELLING' is clicked on

2018-11-29 11:42:43 - [MESSAGE][PASSED] - Object: 'Object Repository/FSM1/BSE16/Page_JClient/div_TRAVELLING' is clicked on

2018-11-29 11:42:43 - [TEST_STEP][PASSED] - click(findTestObject("Object Repository/FSM1/BSE16/Page_JClient/div_ARRIVED")): Object: 'Object Repository/FSM1/BSE16/Page_JClient/div_ARRIVED' is clicked on

2018-11-29 11:42:44 - [MESSAGE][PASSED] - Object: 'Object Repository/FSM1/BSE16/Page_JClient/div_ARRIVED' is clicked on

2018-11-29 11:42:44 - [TEST_STEP][PASSED] - click(findTestObject("Object Repository/FSM1/BSE16/Page_JClient/div_ARRIVED")): Object: 'Object Repository/FSM1/BSE16/Page_JClient/div_ARRIVED' is clicked on

2018-11-29 11:42:44 - [MESSAGE][PASSED] - Object: 'Object Repository/FSM1/BSE16/Page_JClient/div_ARRIVED' is clicked on

2018-11-29 11:42:44 - [TEST_STEP][PASSED] - click(findTestObject("Object Repository/FSM1/BSE16/Page_JClient/div_STARTED")): Object: 'Object Repository/FSM1/BSE16/Page_JClient/div_STARTED' is clicked on

2018-11-29 11:42:44 - [MESSAGE][PASSED] - Object: 'Object Repository/FSM1/BSE16/Page_JClient/div_STARTED' is clicked on

2018-11-29 11:42:44 - [TEST_STEP][NOT_RUN] - mydate = new java.util.Date(): NOT_RUN: mydate = new java.util.Date()

2018-11-29 11:42:44 - [MESSAGE][NOT_RUN] - NOT_RUN: mydate = new java.util.Date()

2018-11-29 11:42:44 - [TEST_STEP][NOT_RUN] - formattedDate = mydate.format("MM/dd/yyy"): NOT_RUN: formattedDate = mydate.format("MM/dd/yyy")

2018-11-29 11:42:44 - [MESSAGE][NOT_RUN] - NOT_RUN: formattedDate = mydate.format("MM/dd/yyy")

2018-11-29 11:42:44 - [TEST_STEP][NOT_RUN] - sendKeys(findTestObject("Object Repository/FSM1/BSE16/Page_JClient/IV17 Date of Visit"), formattedDate): NOT_RUN: sendKeys(findTestObject("Object Repository/FSM1/BSE16/Page_JClient/IV17 Date of Visit"), formattedDate)

2018-11-29 11:42:44 - [MESSAGE][NOT_RUN] - NOT_RUN: sendKeys(findTestObject("Object Repository/FSM1/BSE16/Page_JClient/IV17 Date of Visit"), formattedDate)]]></system-out>
         <system-err><![CDATA[]]></system-err>
      </testcase>
      <testcase name="Test Cases/Form Jobs/BSE16/Edit Job Details - Livestock Farm" classname="Test Cases/Form Jobs/BSE16/Edit Job Details - Livestock Farm" status="PASSED">
         <system-out><![CDATA[2018-11-29 11:42:44 - [TEST_CASE][PASSED] - Test Cases/Form Jobs/BSE16/Edit Job Details - Livestock Farm: Test Cases/Form Jobs/BSE16/Edit Job Details - Livestock Farm

2018-11-29 11:42:45 - [TEST_STEP][PASSED] - click(findTestObject("Object Repository/FSM1/BSE16/Page_JClient/Page_JClient/div_Edit attributes")): Object: 'Object Repository/FSM1/BSE16/Page_JClient/Page_JClient/div_Edit attributes' is clicked on

2018-11-29 11:42:45 - [MESSAGE][PASSED] - Object: 'Object Repository/FSM1/BSE16/Page_JClient/Page_JClient/div_Edit attributes' is clicked on

2018-11-29 11:42:45 - [TEST_STEP][PASSED] - selectOptionByValue(findTestObject("Object Repository/FSM1/BSE16/Page_JClient/Page_JClient/select_Southern-1Southern-2Sou"), "SOUTHERN1", true): All options with value 'SOUTHERN1' are selected in object 'Object Repository/FSM1/BSE16/Page_JClient/Page_JClient/select_Southern-1Southern-2Sou'  using regular expression

2018-11-29 11:42:46 - [MESSAGE][PASSED] - All options with value 'SOUTHERN1' are selected in object 'Object Repository/FSM1/BSE16/Page_JClient/Page_JClient/select_Southern-1Southern-2Sou'  using regular expression

2018-11-29 11:42:46 - [TEST_STEP][PASSED] - setText(findTestObject("Object Repository/FSM1/BSE16/Page_JClient/Page_JClient/input_Email_gwt-TextBox GKH2EK"), "test@automation.com"): Text 'test@automation.com' is set on object 'Object Repository/FSM1/BSE16/Page_JClient/Page_JClient/input_Email_gwt-TextBox GKH2EK'

2018-11-29 11:42:46 - [MESSAGE][PASSED] - Text 'test@automation.com' is set on object 'Object Repository/FSM1/BSE16/Page_JClient/Page_JClient/input_Email_gwt-TextBox GKH2EK'

2018-11-29 11:42:46 - [TEST_STEP][PASSED] - click(findTestObject("Object Repository/FSM1/BSE16/Page_JClient/Page_JClient/input_Vet_radio_group_2")): Object: 'Object Repository/FSM1/BSE16/Page_JClient/Page_JClient/input_Vet_radio_group_2' is clicked on

2018-11-29 11:42:46 - [MESSAGE][PASSED] - Object: 'Object Repository/FSM1/BSE16/Page_JClient/Page_JClient/input_Vet_radio_group_2' is clicked on

2018-11-29 11:42:46 - [TEST_STEP][PASSED] - setText(findTestObject("Object Repository/FSM1/BSE16/Page_JClient/Page_JClient/input_TownFarm_gwt-TextBox GKH"), "Test Automation"): Text 'Test Automation' is set on object 'Object Repository/FSM1/BSE16/Page_JClient/Page_JClient/input_TownFarm_gwt-TextBox GKH'

2018-11-29 11:42:47 - [MESSAGE][PASSED] - Text 'Test Automation' is set on object 'Object Repository/FSM1/BSE16/Page_JClient/Page_JClient/input_TownFarm_gwt-TextBox GKH'

2018-11-29 11:42:47 - [TEST_STEP][PASSED] - setText(findTestObject("Object Repository/FSM1/BSE16/Page_JClient/Page_JClient/textarea_Address_gwt-TextArea"), "Test automation"): Text 'Test automation' is set on object 'Object Repository/FSM1/BSE16/Page_JClient/Page_JClient/textarea_Address_gwt-TextArea'

2018-11-29 11:42:47 - [MESSAGE][PASSED] - Text 'Test automation' is set on object 'Object Repository/FSM1/BSE16/Page_JClient/Page_JClient/textarea_Address_gwt-TextArea'

2018-11-29 11:42:47 - [TEST_STEP][PASSED] - setText(findTestObject("Object Repository/FSM1/BSE16/Page_JClient/Page_JClient/input_Postcode_gwt-TextBox GKH"), "CV37 6SN"): Text 'CV37 6SN' is set on object 'Object Repository/FSM1/BSE16/Page_JClient/Page_JClient/input_Postcode_gwt-TextBox GKH'

2018-11-29 11:42:47 - [MESSAGE][PASSED] - Text 'CV37 6SN' is set on object 'Object Repository/FSM1/BSE16/Page_JClient/Page_JClient/input_Postcode_gwt-TextBox GKH'

2018-11-29 11:42:47 - [TEST_STEP][PASSED] - selectOptionByValue(findTestObject("Object Repository/FSM1/BSE16/Page_JClient/Page_JClient/select_FeedmillImporterInterme"), findTestData("Pre Production/Form Jobs/BSE16/BSE16 - Livestock Farm").getValue(1, 1), false): All options with value 'LIVESTOCK_FARM' are selected in object 'Object Repository/FSM1/BSE16/Page_JClient/Page_JClient/select_FeedmillImporterInterme' 

2018-11-29 11:42:47 - [MESSAGE][PASSED] - All options with value 'LIVESTOCK_FARM' are selected in object 'Object Repository/FSM1/BSE16/Page_JClient/Page_JClient/select_FeedmillImporterInterme' 

2018-11-29 11:42:47 - [TEST_STEP][PASSED] - delay(3): Delayed 3 second(s)

2018-11-29 11:42:50 - [MESSAGE][PASSED] - Delayed 3 second(s)]]></system-out>
         <system-err><![CDATA[]]></system-err>
      </testcase>
      <testcase name="Test Cases/Form Jobs/BSE16/Sample Details" classname="Test Cases/Form Jobs/BSE16/Sample Details" status="PASSED">
         <system-out><![CDATA[2018-11-29 11:42:50 - [TEST_CASE][PASSED] - Test Cases/Form Jobs/BSE16/Sample Details: Test Cases/Form Jobs/BSE16/Sample Details

2018-11-29 11:42:51 - [TEST_STEP][PASSED] - click(findTestObject("Object Repository/FSM1/BSE16/Page_JClient/div_Sample Details")): Object: 'Object Repository/FSM1/BSE16/Page_JClient/div_Sample Details' is clicked on

2018-11-29 11:42:51 - [MESSAGE][PASSED] - Object: 'Object Repository/FSM1/BSE16/Page_JClient/div_Sample Details' is clicked on

2018-11-29 11:42:51 - [TEST_STEP][PASSED] - click(findTestObject("Object Repository/FSM1/BSE16/Page_JClient/input_Did you take samples at")): Object: 'Object Repository/FSM1/BSE16/Page_JClient/input_Did you take samples at' is clicked on

2018-11-29 11:42:52 - [MESSAGE][PASSED] - Object: 'Object Repository/FSM1/BSE16/Page_JClient/input_Did you take samples at' is clicked on

2018-11-29 11:42:52 - [TEST_STEP][PASSED] - click(findTestObject("Object Repository/FSM1/BSE16/Page_JClient/input_Are these routine sample")): Object: 'Object Repository/FSM1/BSE16/Page_JClient/input_Are these routine sample' is clicked on

2018-11-29 11:42:53 - [MESSAGE][PASSED] - Object: 'Object Repository/FSM1/BSE16/Page_JClient/input_Are these routine sample' is clicked on

2018-11-29 11:42:53 - [TEST_STEP][PASSED] - setText(findTestObject("Object Repository/FSM1/BSE16/Page_JClient/input_Total no. of rations sam"), "2"): Text '2' is set on object 'Object Repository/FSM1/BSE16/Page_JClient/input_Total no. of rations sam'

2018-11-29 11:42:53 - [MESSAGE][PASSED] - Text '2' is set on object 'Object Repository/FSM1/BSE16/Page_JClient/input_Total no. of rations sam'

2018-11-29 11:42:53 - [TEST_STEP][PASSED] - setText(findTestObject("Object Repository/FSM1/BSE16/Page_JClient/input_No. of fatoil samples_gw"), "2"): Text '2' is set on object 'Object Repository/FSM1/BSE16/Page_JClient/input_No. of fatoil samples_gw'

2018-11-29 11:42:53 - [MESSAGE][PASSED] - Text '2' is set on object 'Object Repository/FSM1/BSE16/Page_JClient/input_No. of fatoil samples_gw'

2018-11-29 11:42:53 - [TEST_STEP][PASSED] - mydate = new java.util.Date(): null

2018-11-29 11:42:53 - [TEST_STEP][PASSED] - formattedDate = mydate.format("MM/dd/yyy"): null

2018-11-29 11:42:53 - [TEST_STEP][PASSED] - sendKeys(findTestObject("FSM1/BSE16/Page_JClient/input_Date of dispatch to Weyb"), formattedDate): Keys '11/29/2018' sent to object: 'Object Repository/FSM1/BSE16/Page_JClient/input_Date of dispatch to Weyb'

2018-11-29 11:42:53 - [MESSAGE][PASSED] - Keys '11/29/2018' sent to object: 'Object Repository/FSM1/BSE16/Page_JClient/input_Date of dispatch to Weyb'

2018-11-29 11:42:53 - [TEST_STEP][PASSED] - click(findTestObject("FSM1/BSE16/Page_JClient/div_Save - Sample")): Object: 'Object Repository/FSM1/BSE16/Page_JClient/div_Save - Sample' is clicked on

2018-11-29 11:42:53 - [MESSAGE][PASSED] - Object: 'Object Repository/FSM1/BSE16/Page_JClient/div_Save - Sample' is clicked on

2018-11-29 11:42:53 - [TEST_STEP][PASSED] - delay(2): Delayed 2 second(s)

2018-11-29 11:42:55 - [MESSAGE][PASSED] - Delayed 2 second(s)]]></system-out>
         <system-err><![CDATA[]]></system-err>
      </testcase>
      <testcase name="Test Cases/Form Jobs/BSE16/Establishment - Production Information" classname="Test Cases/Form Jobs/BSE16/Establishment - Production Information" status="PASSED">
         <system-out><![CDATA[2018-11-29 11:42:55 - [TEST_CASE][PASSED] - Test Cases/Form Jobs/BSE16/Establishment - Production Information: Test Cases/Form Jobs/BSE16/Establishment - Production Information

2018-11-29 11:42:56 - [TEST_STEP][PASSED] - click(findTestObject("Object Repository/FSM1/BSE16/Page_JClient/div_EstablishmentProduction In")): Object: 'Object Repository/FSM1/BSE16/Page_JClient/div_EstablishmentProduction In' is clicked on

2018-11-29 11:42:56 - [MESSAGE][PASSED] - Object: 'Object Repository/FSM1/BSE16/Page_JClient/div_EstablishmentProduction In' is clicked on

2018-11-29 11:42:56 - [TEST_STEP][PASSED] - selectOptionByValue(findTestObject("Object Repository/FSM1/BSE16/Page_JClient/select_ 15000 tonnes15000-1500"), "15000150000_TONNES", true): All options with value '15000150000_TONNES' are selected in object 'Object Repository/FSM1/BSE16/Page_JClient/select_ 15000 tonnes15000-1500'  using regular expression

2018-11-29 11:42:58 - [MESSAGE][PASSED] - All options with value '15000150000_TONNES' are selected in object 'Object Repository/FSM1/BSE16/Page_JClient/select_ 15000 tonnes15000-1500'  using regular expression

2018-11-29 11:42:58 - [TEST_STEP][PASSED] - click(findTestObject("Object Repository/FSM1/BSE16/Page_JClient/input_Non-ruminant feed only_r")): Object: 'Object Repository/FSM1/BSE16/Page_JClient/input_Non-ruminant feed only_r' is clicked on

2018-11-29 11:42:58 - [MESSAGE][PASSED] - Object: 'Object Repository/FSM1/BSE16/Page_JClient/input_Non-ruminant feed only_r' is clicked on

2018-11-29 11:42:58 - [TEST_STEP][PASSED] - click(findTestObject("Object Repository/FSM1/BSE16/Page_JClient/input_Ruminant feed only_radio")): Object: 'Object Repository/FSM1/BSE16/Page_JClient/input_Ruminant feed only_radio' is clicked on

2018-11-29 11:42:58 - [MESSAGE][PASSED] - Object: 'Object Repository/FSM1/BSE16/Page_JClient/input_Ruminant feed only_radio' is clicked on

2018-11-29 11:42:58 - [TEST_STEP][PASSED] - click(findTestObject("Object Repository/FSM1/BSE16/Page_JClient/input_Ruminant and non-ruminan")): Object: 'Object Repository/FSM1/BSE16/Page_JClient/input_Ruminant and non-ruminan' is clicked on

2018-11-29 11:42:58 - [MESSAGE][PASSED] - Object: 'Object Repository/FSM1/BSE16/Page_JClient/input_Ruminant and non-ruminan' is clicked on

2018-11-29 11:42:58 - [TEST_STEP][PASSED] - click(findTestObject("Object Repository/FSM1/BSE16/Page_JClient/input_Only Non-ruminant feed w")): Object: 'Object Repository/FSM1/BSE16/Page_JClient/input_Only Non-ruminant feed w' is clicked on

2018-11-29 11:42:58 - [MESSAGE][PASSED] - Object: 'Object Repository/FSM1/BSE16/Page_JClient/input_Only Non-ruminant feed w' is clicked on

2018-11-29 11:42:58 - [TEST_STEP][PASSED] - click(findTestObject("Object Repository/FSM1/BSE16/Page_JClient/input_Ruminant and Non-ruminan (1)")): Object: 'Object Repository/FSM1/BSE16/Page_JClient/input_Ruminant and Non-ruminan (1)' is clicked on

2018-11-29 11:42:58 - [MESSAGE][PASSED] - Object: 'Object Repository/FSM1/BSE16/Page_JClient/input_Ruminant and Non-ruminan (1)' is clicked on

2018-11-29 11:42:58 - [TEST_STEP][PASSED] - click(findTestObject("Object Repository/FSM1/BSE16/Page_JClient/input_No_radio_group_10")): Object: 'Object Repository/FSM1/BSE16/Page_JClient/input_No_radio_group_10' is clicked on

2018-11-29 11:42:59 - [MESSAGE][PASSED] - Object: 'Object Repository/FSM1/BSE16/Page_JClient/input_No_radio_group_10' is clicked on

2018-11-29 11:42:59 - [TEST_STEP][PASSED] - click(findTestObject("Object Repository/FSM1/BSE16/Page_JClient/input_Is production single str")): Object: 'Object Repository/FSM1/BSE16/Page_JClient/input_Is production single str' is clicked on

2018-11-29 11:42:59 - [MESSAGE][PASSED] - Object: 'Object Repository/FSM1/BSE16/Page_JClient/input_Is production single str' is clicked on

2018-11-29 11:42:59 - [TEST_STEP][PASSED] - click(findTestObject("Object Repository/FSM1/BSE16/Page_JClient/input_Is production dual strea")): Object: 'Object Repository/FSM1/BSE16/Page_JClient/input_Is production dual strea' is clicked on

2018-11-29 11:42:59 - [MESSAGE][PASSED] - Object: 'Object Repository/FSM1/BSE16/Page_JClient/input_Is production dual strea' is clicked on

2018-11-29 11:42:59 - [TEST_STEP][PASSED] - click(findTestObject("Object Repository/FSM1/BSE16/Page_JClient/input_Is this a blending plant")): Object: 'Object Repository/FSM1/BSE16/Page_JClient/input_Is this a blending plant' is clicked on

2018-11-29 11:42:59 - [MESSAGE][PASSED] - Object: 'Object Repository/FSM1/BSE16/Page_JClient/input_Is this a blending plant' is clicked on

2018-11-29 11:42:59 - [TEST_STEP][PASSED] - click(findTestObject("Object Repository/FSM1/BSE16/Page_JClient/input_No_radio_group_14")): Object: 'Object Repository/FSM1/BSE16/Page_JClient/input_No_radio_group_14' is clicked on

2018-11-29 11:42:59 - [MESSAGE][PASSED] - Object: 'Object Repository/FSM1/BSE16/Page_JClient/input_No_radio_group_14' is clicked on

2018-11-29 11:42:59 - [TEST_STEP][PASSED] - setText(findTestObject("Object Repository/FSM1/BSE16/Page_JClient/input_Registration no. (if app"), "1234"): Text '1234' is set on object 'Object Repository/FSM1/BSE16/Page_JClient/input_Registration no. (if app'

2018-11-29 11:42:59 - [MESSAGE][PASSED] - Text '1234' is set on object 'Object Repository/FSM1/BSE16/Page_JClient/input_Registration no. (if app'

2018-11-29 11:42:59 - [TEST_STEP][PASSED] - click(findTestObject("Object Repository/FSM1/BSE16/Page_JClient/input_Registration no. (if app_1")): Object: 'Object Repository/FSM1/BSE16/Page_JClient/input_Registration no. (if app_1' is clicked on

2018-11-29 11:43:00 - [MESSAGE][PASSED] - Object: 'Object Repository/FSM1/BSE16/Page_JClient/input_Registration no. (if app_1' is clicked on

2018-11-29 11:43:00 - [TEST_STEP][PASSED] - click(findTestObject("FSM1/BSE16/Page_JClient/div_Save - Generic")): Object: 'Object Repository/FSM1/BSE16/Page_JClient/div_Save - Generic' is clicked on

2018-11-29 11:43:00 - [MESSAGE][PASSED] - Object: 'Object Repository/FSM1/BSE16/Page_JClient/div_Save - Generic' is clicked on

2018-11-29 11:43:00 - [TEST_STEP][PASSED] - delay(2): Delayed 2 second(s)

2018-11-29 11:43:02 - [MESSAGE][PASSED] - Delayed 2 second(s)]]></system-out>
         <system-err><![CDATA[]]></system-err>
      </testcase>
      <testcase name="Test Cases/Form Jobs/BSE16/Livestock On Farm" classname="Test Cases/Form Jobs/BSE16/Livestock On Farm" status="PASSED">
         <system-out><![CDATA[2018-11-29 11:43:02 - [TEST_CASE][PASSED] - Test Cases/Form Jobs/BSE16/Livestock On Farm: Test Cases/Form Jobs/BSE16/Livestock On Farm

2018-11-29 11:43:02 - [TEST_STEP][PASSED] - click(findTestObject("Object Repository/FSM1/BSE16/Page_JClient/div_Livestock on Farm")): Object: 'Object Repository/FSM1/BSE16/Page_JClient/div_Livestock on Farm' is clicked on

2018-11-29 11:43:03 - [MESSAGE][PASSED] - Object: 'Object Repository/FSM1/BSE16/Page_JClient/div_Livestock on Farm' is clicked on

2018-11-29 11:43:03 - [TEST_STEP][PASSED] - delay(2): Delayed 2 second(s)

2018-11-29 11:43:05 - [MESSAGE][PASSED] - Delayed 2 second(s)

2018-11-29 11:43:05 - [TEST_STEP][PASSED] - click(findTestObject("Object Repository/FSM1/BSE16/Page_JClient/input_Ruminants on farm_radio_")): Object: 'Object Repository/FSM1/BSE16/Page_JClient/input_Ruminants on farm_radio_' is clicked on

2018-11-29 11:43:05 - [MESSAGE][PASSED] - Object: 'Object Repository/FSM1/BSE16/Page_JClient/input_Ruminants on farm_radio_' is clicked on

2018-11-29 11:43:05 - [TEST_STEP][PASSED] - click(findTestObject("Object Repository/FSM1/BSE16/Page_JClient/input_Stock types kept on prem")): Object: 'Object Repository/FSM1/BSE16/Page_JClient/input_Stock types kept on prem' is clicked on

2018-11-29 11:43:05 - [MESSAGE][PASSED] - Object: 'Object Repository/FSM1/BSE16/Page_JClient/input_Stock types kept on prem' is clicked on

2018-11-29 11:43:05 - [TEST_STEP][PASSED] - click(findTestObject("Object Repository/FSM1/BSE16/Page_JClient/input_Non-ruminants on farm_ra")): Object: 'Object Repository/FSM1/BSE16/Page_JClient/input_Non-ruminants on farm_ra' is clicked on

2018-11-29 11:43:05 - [MESSAGE][PASSED] - Object: 'Object Repository/FSM1/BSE16/Page_JClient/input_Non-ruminants on farm_ra' is clicked on

2018-11-29 11:43:05 - [TEST_STEP][PASSED] - click(findTestObject("Object Repository/FSM1/BSE16/Page_JClient/input_Poultry_gwt-uid-157")): Object: 'Object Repository/FSM1/BSE16/Page_JClient/input_Poultry_gwt-uid-157' is clicked on

2018-11-29 11:43:05 - [MESSAGE][PASSED] - Object: 'Object Repository/FSM1/BSE16/Page_JClient/input_Poultry_gwt-uid-157' is clicked on

2018-11-29 11:43:05 - [TEST_STEP][PASSED] - click(findTestObject("FSM1/BSE16/Page_JClient/div_Save - Generic")): Object: 'Object Repository/FSM1/BSE16/Page_JClient/div_Save - Generic' is clicked on

2018-11-29 11:43:05 - [MESSAGE][PASSED] - Object: 'Object Repository/FSM1/BSE16/Page_JClient/div_Save - Generic' is clicked on

2018-11-29 11:43:05 - [TEST_STEP][PASSED] - delay(2): Delayed 2 second(s)

2018-11-29 11:43:07 - [MESSAGE][PASSED] - Delayed 2 second(s)]]></system-out>
         <system-err><![CDATA[]]></system-err>
      </testcase>
      <testcase name="Test Cases/Form Jobs/BSE16/Restricted Proteins" classname="Test Cases/Form Jobs/BSE16/Restricted Proteins" status="PASSED">
         <system-out><![CDATA[2018-11-29 11:43:07 - [TEST_CASE][PASSED] - Test Cases/Form Jobs/BSE16/Restricted Proteins: Test Cases/Form Jobs/BSE16/Restricted Proteins

2018-11-29 11:43:08 - [TEST_STEP][PASSED] - click(findTestObject("Object Repository/FSM1/BSE16/Page_JClient/Page_JClient/div_Restricted ProteinsAuthori")): Object: 'Object Repository/FSM1/BSE16/Page_JClient/Page_JClient/div_Restricted ProteinsAuthori' is clicked on

2018-11-29 11:43:08 - [MESSAGE][PASSED] - Object: 'Object Repository/FSM1/BSE16/Page_JClient/Page_JClient/div_Restricted ProteinsAuthori' is clicked on

2018-11-29 11:43:08 - [TEST_STEP][PASSED] - delay(2): Delayed 2 second(s)

2018-11-29 11:43:10 - [MESSAGE][PASSED] - Delayed 2 second(s)

2018-11-29 11:43:10 - [TEST_STEP][PASSED] - click(findTestObject("Object Repository/FSM1/BSE16/Page_JClient/Page_JClient/input_Are restricted proteins (1)")): Object: 'Object Repository/FSM1/BSE16/Page_JClient/Page_JClient/input_Are restricted proteins (1)' is clicked on

2018-11-29 11:43:10 - [MESSAGE][PASSED] - Object: 'Object Repository/FSM1/BSE16/Page_JClient/Page_JClient/input_Are restricted proteins (1)' is clicked on

2018-11-29 11:43:10 - [TEST_STEP][PASSED] - click(findTestObject("Object Repository/FSM1/BSE16/Page_JClient/Page_JClient/input_Which restricted protein")): Object: 'Object Repository/FSM1/BSE16/Page_JClient/Page_JClient/input_Which restricted protein' is clicked on

2018-11-29 11:43:10 - [MESSAGE][PASSED] - Object: 'Object Repository/FSM1/BSE16/Page_JClient/Page_JClient/input_Which restricted protein' is clicked on

2018-11-29 11:43:10 - [TEST_STEP][PASSED] - click(findTestObject("Object Repository/FSM1/BSE16/Page_JClient/Page_JClient/input_Supply further details o_2")): Object: 'Object Repository/FSM1/BSE16/Page_JClient/Page_JClient/input_Supply further details o_2' is clicked on

2018-11-29 11:43:10 - [MESSAGE][PASSED] - Object: 'Object Repository/FSM1/BSE16/Page_JClient/Page_JClient/input_Supply further details o_2' is clicked on

2018-11-29 11:43:10 - [TEST_STEP][PASSED] - click(findTestObject("Object Repository/FSM1/BSE16/Page_JClient/Page_JClient/input_No_radio_group_4")): Object: 'Object Repository/FSM1/BSE16/Page_JClient/Page_JClient/input_No_radio_group_4' is clicked on

2018-11-29 11:43:11 - [MESSAGE][PASSED] - Object: 'Object Repository/FSM1/BSE16/Page_JClient/Page_JClient/input_No_radio_group_4' is clicked on

2018-11-29 11:43:11 - [TEST_STEP][PASSED] - selectOptionByValue(findTestObject("Object Repository/FSM1/BSE16/Page_JClient/Page_JClient/select_YesNo"), "YES", true): All options with value 'YES' are selected in object 'Object Repository/FSM1/BSE16/Page_JClient/Page_JClient/select_YesNo'  using regular expression

2018-11-29 11:43:11 - [MESSAGE][PASSED] - All options with value 'YES' are selected in object 'Object Repository/FSM1/BSE16/Page_JClient/Page_JClient/select_YesNo'  using regular expression

2018-11-29 11:43:11 - [TEST_STEP][PASSED] - click(findTestObject("Object Repository/FSM1/BSE16/Page_JClient/Page_JClient/input_Registration number of b")): Object: 'Object Repository/FSM1/BSE16/Page_JClient/Page_JClient/input_Registration number of b' is clicked on

2018-11-29 11:43:11 - [MESSAGE][PASSED] - Object: 'Object Repository/FSM1/BSE16/Page_JClient/Page_JClient/input_Registration number of b' is clicked on

2018-11-29 11:43:11 - [TEST_STEP][PASSED] - click(findTestObject("Object Repository/FSM1/BSE16/Page_JClient/Page_JClient/input_No_gwt-uid-127")): Object: 'Object Repository/FSM1/BSE16/Page_JClient/Page_JClient/input_No_gwt-uid-127' is clicked on

2018-11-29 11:43:11 - [MESSAGE][PASSED] - Object: 'Object Repository/FSM1/BSE16/Page_JClient/Page_JClient/input_No_gwt-uid-127' is clicked on

2018-11-29 11:43:11 - [TEST_STEP][PASSED] - click(findTestObject("Object Repository/FSM1/BSE16/Page_JClient/Page_JClient/input_How are the restricted p")): Object: 'Object Repository/FSM1/BSE16/Page_JClient/Page_JClient/input_How are the restricted p' is clicked on

2018-11-29 11:43:11 - [MESSAGE][PASSED] - Object: 'Object Repository/FSM1/BSE16/Page_JClient/Page_JClient/input_How are the restricted p' is clicked on

2018-11-29 11:43:11 - [TEST_STEP][PASSED] - click(findTestObject("Object Repository/FSM1/BSE16/Page_JClient/Page_JClient/input_NA_radio_group_6")): Object: 'Object Repository/FSM1/BSE16/Page_JClient/Page_JClient/input_NA_radio_group_6' is clicked on

2018-11-29 11:43:11 - [MESSAGE][PASSED] - Object: 'Object Repository/FSM1/BSE16/Page_JClient/Page_JClient/input_NA_radio_group_6' is clicked on

2018-11-29 11:43:11 - [TEST_STEP][PASSED] - click(findTestObject("Object Repository/FSM1/BSE16/Page_JClient/Page_JClient/input_NA_radio_group_7")): Object: 'Object Repository/FSM1/BSE16/Page_JClient/Page_JClient/input_NA_radio_group_7' is clicked on

2018-11-29 11:43:12 - [MESSAGE][PASSED] - Object: 'Object Repository/FSM1/BSE16/Page_JClient/Page_JClient/input_NA_radio_group_7' is clicked on

2018-11-29 11:43:12 - [TEST_STEP][PASSED] - click(findTestObject("Object Repository/FSM1/BSE16/Page_JClient/Page_JClient/input_NA_radio_group_8")): Object: 'Object Repository/FSM1/BSE16/Page_JClient/Page_JClient/input_NA_radio_group_8' is clicked on

2018-11-29 11:43:12 - [MESSAGE][PASSED] - Object: 'Object Repository/FSM1/BSE16/Page_JClient/Page_JClient/input_NA_radio_group_8' is clicked on

2018-11-29 11:43:12 - [TEST_STEP][PASSED] - click(findTestObject("Object Repository/FSM1/BSE16/Page_JClient/Page_JClient/input_NA_radio_group_9")): Object: 'Object Repository/FSM1/BSE16/Page_JClient/Page_JClient/input_NA_radio_group_9' is clicked on

2018-11-29 11:43:12 - [MESSAGE][PASSED] - Object: 'Object Repository/FSM1/BSE16/Page_JClient/Page_JClient/input_NA_radio_group_9' is clicked on

2018-11-29 11:43:12 - [TEST_STEP][PASSED] - click(findTestObject("Object Repository/FSM1/BSE16/Page_JClient/Page_JClient/input_NA_radio_group_10")): Object: 'Object Repository/FSM1/BSE16/Page_JClient/Page_JClient/input_NA_radio_group_10' is clicked on

2018-11-29 11:43:12 - [MESSAGE][PASSED] - Object: 'Object Repository/FSM1/BSE16/Page_JClient/Page_JClient/input_NA_radio_group_10' is clicked on

2018-11-29 11:43:12 - [TEST_STEP][PASSED] - click(findTestObject("Object Repository/FSM1/BSE16/Page_JClient/Page_JClient/input_Commentsfurther details_")): Object: 'Object Repository/FSM1/BSE16/Page_JClient/Page_JClient/input_Commentsfurther details_' is clicked on

2018-11-29 11:43:12 - [MESSAGE][PASSED] - Object: 'Object Repository/FSM1/BSE16/Page_JClient/Page_JClient/input_Commentsfurther details_' is clicked on

2018-11-29 11:43:12 - [TEST_STEP][PASSED] - click(findTestObject("Object Repository/FSM1/BSE16/Page_JClient/Page_JClient/div_Save - Generic")): Object: 'Object Repository/FSM1/BSE16/Page_JClient/Page_JClient/div_Save - Generic' is clicked on

2018-11-29 11:43:12 - [MESSAGE][PASSED] - Object: 'Object Repository/FSM1/BSE16/Page_JClient/Page_JClient/div_Save - Generic' is clicked on

2018-11-29 11:43:12 - [TEST_STEP][PASSED] - delay(2): Delayed 2 second(s)

2018-11-29 11:43:14 - [MESSAGE][PASSED] - Delayed 2 second(s)]]></system-out>
         <system-err><![CDATA[]]></system-err>
      </testcase>
      <testcase name="Test Cases/Form Jobs/BSE16/Pet Food" classname="Test Cases/Form Jobs/BSE16/Pet Food" status="PASSED">
         <system-out><![CDATA[2018-11-29 11:43:14 - [TEST_CASE][PASSED] - Test Cases/Form Jobs/BSE16/Pet Food: Test Cases/Form Jobs/BSE16/Pet Food

2018-11-29 11:43:15 - [TEST_STEP][PASSED] - click(findTestObject("Object Repository/FSM1/BSE16/Page_JClient/div_Pet Food")): Object: 'Object Repository/FSM1/BSE16/Page_JClient/div_Pet Food' is clicked on

2018-11-29 11:43:15 - [MESSAGE][PASSED] - Object: 'Object Repository/FSM1/BSE16/Page_JClient/div_Pet Food' is clicked on

2018-11-29 11:43:15 - [TEST_STEP][PASSED] - delay(2): Delayed 2 second(s)

2018-11-29 11:43:17 - [MESSAGE][PASSED] - Delayed 2 second(s)

2018-11-29 11:43:17 - [TEST_STEP][PASSED] - click(findTestObject("Object Repository/FSM1/BSE16/Page_JClient/input_NA_radio_group_2")): Object: 'Object Repository/FSM1/BSE16/Page_JClient/input_NA_radio_group_2' is clicked on

2018-11-29 11:43:17 - [MESSAGE][PASSED] - Object: 'Object Repository/FSM1/BSE16/Page_JClient/input_NA_radio_group_2' is clicked on

2018-11-29 11:43:17 - [TEST_STEP][PASSED] - click(findTestObject("Object Repository/FSM1/BSE16/Page_JClient/input_NA_radio_group_3")): Object: 'Object Repository/FSM1/BSE16/Page_JClient/input_NA_radio_group_3' is clicked on

2018-11-29 11:43:17 - [MESSAGE][PASSED] - Object: 'Object Repository/FSM1/BSE16/Page_JClient/input_NA_radio_group_3' is clicked on

2018-11-29 11:43:17 - [TEST_STEP][PASSED] - setText(findTestObject("Object Repository/FSM1/BSE16/Page_JClient/textarea_Further details if re"), "Test automation"): Text 'Test automation' is set on object 'Object Repository/FSM1/BSE16/Page_JClient/textarea_Further details if re'

2018-11-29 11:43:18 - [MESSAGE][PASSED] - Text 'Test automation' is set on object 'Object Repository/FSM1/BSE16/Page_JClient/textarea_Further details if re'

2018-11-29 11:43:18 - [TEST_STEP][PASSED] - click(findTestObject("FSM1/BSE16/Page_JClient/div_Save - Generic")): Object: 'Object Repository/FSM1/BSE16/Page_JClient/div_Save - Generic' is clicked on

2018-11-29 11:43:18 - [MESSAGE][PASSED] - Object: 'Object Repository/FSM1/BSE16/Page_JClient/div_Save - Generic' is clicked on

2018-11-29 11:43:18 - [TEST_STEP][PASSED] - delay(3): Delayed 3 second(s)

2018-11-29 11:43:21 - [MESSAGE][PASSED] - Delayed 3 second(s)]]></system-out>
         <system-err><![CDATA[]]></system-err>
      </testcase>
      <testcase name="Test Cases/Form Jobs/BSE16/Former Food Stuffs" classname="Test Cases/Form Jobs/BSE16/Former Food Stuffs" status="PASSED">
         <system-out><![CDATA[2018-11-29 11:43:21 - [TEST_CASE][PASSED] - Test Cases/Form Jobs/BSE16/Former Food Stuffs: Test Cases/Form Jobs/BSE16/Former Food Stuffs

2018-11-29 11:43:21 - [TEST_STEP][PASSED] - click(findTestObject("Object Repository/FSM1/BSE16/Page_JClient/div_Former Foodstuffs")): Object: 'Object Repository/FSM1/BSE16/Page_JClient/div_Former Foodstuffs' is clicked on

2018-11-29 11:43:21 - [MESSAGE][PASSED] - Object: 'Object Repository/FSM1/BSE16/Page_JClient/div_Former Foodstuffs' is clicked on

2018-11-29 11:43:21 - [TEST_STEP][PASSED] - delay(3): Delayed 3 second(s)

2018-11-29 11:43:24 - [MESSAGE][PASSED] - Delayed 3 second(s)

2018-11-29 11:43:24 - [TEST_STEP][PASSED] - click(findTestObject("Object Repository/FSM1/BSE16/Page_JClient/input_Are former foodstuffs us")): Object: 'Object Repository/FSM1/BSE16/Page_JClient/input_Are former foodstuffs us' is clicked on

2018-11-29 11:43:24 - [MESSAGE][PASSED] - Object: 'Object Repository/FSM1/BSE16/Page_JClient/input_Are former foodstuffs us' is clicked on

2018-11-29 11:43:24 - [TEST_STEP][PASSED] - click(findTestObject("Object Repository/FSM1/BSE16/Page_JClient/input_Which former foodstuffs")): Object: 'Object Repository/FSM1/BSE16/Page_JClient/input_Which former foodstuffs' is clicked on

2018-11-29 11:43:25 - [MESSAGE][PASSED] - Object: 'Object Repository/FSM1/BSE16/Page_JClient/input_Which former foodstuffs' is clicked on

2018-11-29 11:43:25 - [TEST_STEP][PASSED] - click(findTestObject("Object Repository/FSM1/BSE16/Page_JClient/input_Kitchenrestaurant_gwt-ui")): Object: 'Object Repository/FSM1/BSE16/Page_JClient/input_Kitchenrestaurant_gwt-ui' is clicked on

2018-11-29 11:43:25 - [MESSAGE][PASSED] - Object: 'Object Repository/FSM1/BSE16/Page_JClient/input_Kitchenrestaurant_gwt-ui' is clicked on

2018-11-29 11:43:25 - [TEST_STEP][PASSED] - click(findTestObject("Object Repository/FSM1/BSE16/Page_JClient/input_Food manufacturer_radio_")): Object: 'Object Repository/FSM1/BSE16/Page_JClient/input_Food manufacturer_radio_' is clicked on

2018-11-29 11:43:25 - [MESSAGE][PASSED] - Object: 'Object Repository/FSM1/BSE16/Page_JClient/input_Food manufacturer_radio_' is clicked on

2018-11-29 11:43:25 - [TEST_STEP][PASSED] - click(findTestObject("Object Repository/FSM1/BSE16/Page_JClient/input_NA_radio_group_6")): Object: 'Object Repository/FSM1/BSE16/Page_JClient/input_NA_radio_group_6' is clicked on

2018-11-29 11:43:25 - [MESSAGE][PASSED] - Object: 'Object Repository/FSM1/BSE16/Page_JClient/input_NA_radio_group_6' is clicked on

2018-11-29 11:43:25 - [TEST_STEP][PASSED] - click(findTestObject("FSM1/BSE16/Page_JClient/div_Save - Generic")): Object: 'Object Repository/FSM1/BSE16/Page_JClient/div_Save - Generic' is clicked on

2018-11-29 11:43:25 - [MESSAGE][PASSED] - Object: 'Object Repository/FSM1/BSE16/Page_JClient/div_Save - Generic' is clicked on

2018-11-29 11:43:25 - [TEST_STEP][PASSED] - delay(3): Delayed 3 second(s)

2018-11-29 11:43:28 - [MESSAGE][PASSED] - Delayed 3 second(s)]]></system-out>
         <system-err><![CDATA[]]></system-err>
      </testcase>
      <testcase name="Test Cases/Form Jobs/BSE16/Storage of ABP, PAP and Organic Fertiliser" classname="Test Cases/Form Jobs/BSE16/Storage of ABP, PAP and Organic Fertiliser" status="PASSED">
         <system-out><![CDATA[2018-11-29 11:43:28 - [TEST_CASE][PASSED] - Test Cases/Form Jobs/BSE16/Storage of ABP, PAP and Organic Fertiliser: Test Cases/Form Jobs/BSE16/Storage of ABP, PAP and Organic Fertiliser

2018-11-29 11:43:29 - [TEST_STEP][PASSED] - click(findTestObject("Object Repository/FSM1/BSE16/Page_JClient/div_Storage of ABP PAP and org")): Object: 'Object Repository/FSM1/BSE16/Page_JClient/div_Storage of ABP PAP and org' is clicked on

2018-11-29 11:43:29 - [MESSAGE][PASSED] - Object: 'Object Repository/FSM1/BSE16/Page_JClient/div_Storage of ABP PAP and org' is clicked on

2018-11-29 11:43:29 - [TEST_STEP][PASSED] - delay(2): Delayed 2 second(s)

2018-11-29 11:43:31 - [MESSAGE][PASSED] - Delayed 2 second(s)

2018-11-29 11:43:31 - [TEST_STEP][PASSED] - click(findTestObject("Object Repository/FSM1/BSE16/Page_JClient/input_PAP (not including restr")): Object: 'Object Repository/FSM1/BSE16/Page_JClient/input_PAP (not including restr' is clicked on

2018-11-29 11:43:31 - [MESSAGE][PASSED] - Object: 'Object Repository/FSM1/BSE16/Page_JClient/input_PAP (not including restr' is clicked on

2018-11-29 11:43:31 - [TEST_STEP][PASSED] - setText(findTestObject("Object Repository/FSM1/BSE16/Page_JClient/textarea_None_gwt-TextArea GKH"), "Test automation"): Text 'Test automation' is set on object 'Object Repository/FSM1/BSE16/Page_JClient/textarea_None_gwt-TextArea GKH'

2018-11-29 11:43:31 - [MESSAGE][PASSED] - Text 'Test automation' is set on object 'Object Repository/FSM1/BSE16/Page_JClient/textarea_None_gwt-TextArea GKH'

2018-11-29 11:43:31 - [TEST_STEP][PASSED] - click(findTestObject("Object Repository/FSM1/BSE16/Page_JClient/input_NA_radio_group_7")): Object: 'Object Repository/FSM1/BSE16/Page_JClient/input_NA_radio_group_7' is clicked on

2018-11-29 11:43:31 - [MESSAGE][PASSED] - Object: 'Object Repository/FSM1/BSE16/Page_JClient/input_NA_radio_group_7' is clicked on

2018-11-29 11:43:31 - [TEST_STEP][PASSED] - click(findTestObject("Object Repository/FSM1/BSE16/Page_JClient/input_NA_radio_group_8")): Object: 'Object Repository/FSM1/BSE16/Page_JClient/input_NA_radio_group_8' is clicked on

2018-11-29 11:43:32 - [MESSAGE][PASSED] - Object: 'Object Repository/FSM1/BSE16/Page_JClient/input_NA_radio_group_8' is clicked on

2018-11-29 11:43:32 - [TEST_STEP][PASSED] - click(findTestObject("Object Repository/FSM1/BSE16/Page_JClient/input_NA_radio_group_9")): Object: 'Object Repository/FSM1/BSE16/Page_JClient/input_NA_radio_group_9' is clicked on

2018-11-29 11:43:32 - [MESSAGE][PASSED] - Object: 'Object Repository/FSM1/BSE16/Page_JClient/input_NA_radio_group_9' is clicked on

2018-11-29 11:43:32 - [TEST_STEP][PASSED] - click(findTestObject("Object Repository/FSM1/BSE16/Page_JClient/input_NA_radio_group_10")): Object: 'Object Repository/FSM1/BSE16/Page_JClient/input_NA_radio_group_10' is clicked on

2018-11-29 11:43:32 - [MESSAGE][PASSED] - Object: 'Object Repository/FSM1/BSE16/Page_JClient/input_NA_radio_group_10' is clicked on

2018-11-29 11:43:32 - [TEST_STEP][PASSED] - click(findTestObject("Object Repository/FSM1/BSE16/Page_JClient/input_NA_radio_group_11")): Object: 'Object Repository/FSM1/BSE16/Page_JClient/input_NA_radio_group_11' is clicked on

2018-11-29 11:43:32 - [MESSAGE][PASSED] - Object: 'Object Repository/FSM1/BSE16/Page_JClient/input_NA_radio_group_11' is clicked on

2018-11-29 11:43:32 - [TEST_STEP][PASSED] - click(findTestObject("FSM1/BSE16/Page_JClient/div_Save - Generic")): Object: 'Object Repository/FSM1/BSE16/Page_JClient/div_Save - Generic' is clicked on

2018-11-29 11:43:32 - [MESSAGE][PASSED] - Object: 'Object Repository/FSM1/BSE16/Page_JClient/div_Save - Generic' is clicked on

2018-11-29 11:43:32 - [TEST_STEP][PASSED] - delay(3): Delayed 3 second(s)

2018-11-29 11:43:35 - [MESSAGE][PASSED] - Delayed 3 second(s)]]></system-out>
         <system-err><![CDATA[]]></system-err>
      </testcase>
      <testcase name="Test Cases/Form Jobs/BSE16/On Farm Feeding of Milk" classname="Test Cases/Form Jobs/BSE16/On Farm Feeding of Milk" status="PASSED">
         <system-out><![CDATA[2018-11-29 11:43:35 - [TEST_CASE][PASSED] - Test Cases/Form Jobs/BSE16/On Farm Feeding of Milk: Test Cases/Form Jobs/BSE16/On Farm Feeding of Milk

2018-11-29 11:43:35 - [TEST_STEP][PASSED] - delay(3): Delayed 3 second(s)

2018-11-29 11:43:38 - [MESSAGE][PASSED] - Delayed 3 second(s)

2018-11-29 11:43:38 - [TEST_STEP][PASSED] - click(findTestObject("Object Repository/FSM1/BSE16/Page_JClient/div_On farm feeding of milk mi")): Object: 'Object Repository/FSM1/BSE16/Page_JClient/div_On farm feeding of milk mi' is clicked on

2018-11-29 11:43:39 - [MESSAGE][PASSED] - Object: 'Object Repository/FSM1/BSE16/Page_JClient/div_On farm feeding of milk mi' is clicked on

2018-11-29 11:43:39 - [TEST_STEP][PASSED] - delay(3): Delayed 3 second(s)

2018-11-29 11:43:42 - [MESSAGE][PASSED] - Delayed 3 second(s)

2018-11-29 11:43:42 - [TEST_STEP][PASSED] - click(findTestObject("Object Repository/FSM1/BSE16/Page_JClient/input_Is there on farm feeding")): Object: 'Object Repository/FSM1/BSE16/Page_JClient/input_Is there on farm feeding' is clicked on

2018-11-29 11:43:42 - [MESSAGE][PASSED] - Object: 'Object Repository/FSM1/BSE16/Page_JClient/input_Is there on farm feeding' is clicked on

2018-11-29 11:43:42 - [TEST_STEP][PASSED] - click(findTestObject("Object Repository/FSM1/BSE16/Page_JClient/input_No_radio_group_13")): Object: 'Object Repository/FSM1/BSE16/Page_JClient/input_No_radio_group_13' is clicked on

2018-11-29 11:43:42 - [MESSAGE][PASSED] - Object: 'Object Repository/FSM1/BSE16/Page_JClient/input_No_radio_group_13' is clicked on

2018-11-29 11:43:42 - [TEST_STEP][PASSED] - click(findTestObject("Object Repository/FSM1/BSE16/Page_JClient/input_Registered milk processi")): Object: 'Object Repository/FSM1/BSE16/Page_JClient/input_Registered milk processi' is clicked on

2018-11-29 11:43:42 - [MESSAGE][PASSED] - Object: 'Object Repository/FSM1/BSE16/Page_JClient/input_Registered milk processi' is clicked on

2018-11-29 11:43:42 - [TEST_STEP][PASSED] - click(findTestObject("Object Repository/FSM1/BSE16/Page_JClient/input_Unregistered milk proces")): Object: 'Object Repository/FSM1/BSE16/Page_JClient/input_Unregistered milk proces' is clicked on

2018-11-29 11:43:42 - [MESSAGE][PASSED] - Object: 'Object Repository/FSM1/BSE16/Page_JClient/input_Unregistered milk proces' is clicked on

2018-11-29 11:43:42 - [TEST_STEP][PASSED] - click(findTestObject("Object Repository/FSM1/BSE16/Page_JClient/input_Retail stores or superma")): Object: 'Object Repository/FSM1/BSE16/Page_JClient/input_Retail stores or superma' is clicked on

2018-11-29 11:43:42 - [MESSAGE][PASSED] - Object: 'Object Repository/FSM1/BSE16/Page_JClient/input_Retail stores or superma' is clicked on

2018-11-29 11:43:42 - [TEST_STEP][PASSED] - click(findTestObject("Object Repository/FSM1/BSE16/Page_JClient/input_concat(Another farm whic")): Object: 'Object Repository/FSM1/BSE16/Page_JClient/input_concat(Another farm whic' is clicked on

2018-11-29 11:43:43 - [MESSAGE][PASSED] - Object: 'Object Repository/FSM1/BSE16/Page_JClient/input_concat(Another farm whic' is clicked on

2018-11-29 11:43:43 - [TEST_STEP][PASSED] - click(findTestObject("FSM1/BSE16/Page_JClient/div_Save - Generic")): Object: 'Object Repository/FSM1/BSE16/Page_JClient/div_Save - Generic' is clicked on

2018-11-29 11:43:43 - [MESSAGE][PASSED] - Object: 'Object Repository/FSM1/BSE16/Page_JClient/div_Save - Generic' is clicked on

2018-11-29 11:43:43 - [TEST_STEP][PASSED] - delay(3): Delayed 3 second(s)

2018-11-29 11:43:46 - [MESSAGE][PASSED] - Delayed 3 second(s)]]></system-out>
         <system-err><![CDATA[]]></system-err>
      </testcase>
      <testcase name="Test Cases/Form Jobs/BSE16/Hobby Farms" classname="Test Cases/Form Jobs/BSE16/Hobby Farms" status="PASSED">
         <system-out><![CDATA[2018-11-29 11:43:46 - [TEST_CASE][PASSED] - Test Cases/Form Jobs/BSE16/Hobby Farms: Test Cases/Form Jobs/BSE16/Hobby Farms

2018-11-29 11:43:46 - [TEST_STEP][PASSED] - click(findTestObject("Object Repository/FSM1/BSE16/Page_JClient/div_Hobby farms city open farm")): Object: 'Object Repository/FSM1/BSE16/Page_JClient/div_Hobby farms city open farm' is clicked on

2018-11-29 11:43:46 - [MESSAGE][PASSED] - Object: 'Object Repository/FSM1/BSE16/Page_JClient/div_Hobby farms city open farm' is clicked on

2018-11-29 11:43:46 - [TEST_STEP][PASSED] - selectOptionByValue(findTestObject("Object Repository/FSM1/BSE16/Page_JClient/select_Hobby farmCity open far"), "HOBBY_FARM", true): All options with value 'HOBBY_FARM' are selected in object 'Object Repository/FSM1/BSE16/Page_JClient/select_Hobby farmCity open far'  using regular expression

2018-11-29 11:43:48 - [MESSAGE][PASSED] - All options with value 'HOBBY_FARM' are selected in object 'Object Repository/FSM1/BSE16/Page_JClient/select_Hobby farmCity open far'  using regular expression

2018-11-29 11:43:48 - [TEST_STEP][PASSED] - click(findTestObject("Object Repository/FSM1/BSE16/Page_JClient/input_Are there non-commercial")): Object: 'Object Repository/FSM1/BSE16/Page_JClient/input_Are there non-commercial' is clicked on

2018-11-29 11:43:48 - [MESSAGE][PASSED] - Object: 'Object Repository/FSM1/BSE16/Page_JClient/input_Are there non-commercial' is clicked on

2018-11-29 11:43:48 - [TEST_STEP][PASSED] - click(findTestObject("Object Repository/FSM1/BSE16/Page_JClient/input_If you have any welfare")): Object: 'Object Repository/FSM1/BSE16/Page_JClient/input_If you have any welfare' is clicked on

2018-11-29 11:43:48 - [MESSAGE][PASSED] - Object: 'Object Repository/FSM1/BSE16/Page_JClient/input_If you have any welfare' is clicked on

2018-11-29 11:43:48 - [TEST_STEP][PASSED] - click(findTestObject("FSM1/BSE16/Page_JClient/div_Save - Generic")): Object: 'Object Repository/FSM1/BSE16/Page_JClient/div_Save - Generic' is clicked on

2018-11-29 11:43:48 - [MESSAGE][PASSED] - Object: 'Object Repository/FSM1/BSE16/Page_JClient/div_Save - Generic' is clicked on

2018-11-29 11:43:48 - [TEST_STEP][PASSED] - delay(3): Delayed 3 second(s)

2018-11-29 11:43:51 - [MESSAGE][PASSED] - Delayed 3 second(s)]]></system-out>
         <system-err><![CDATA[]]></system-err>
      </testcase>
      <testcase name="Test Cases/Form Jobs/BSE16/Visit Report" classname="Test Cases/Form Jobs/BSE16/Visit Report" status="PASSED">
         <system-out><![CDATA[2018-11-29 11:43:51 - [TEST_CASE][PASSED] - Test Cases/Form Jobs/BSE16/Visit Report: Test Cases/Form Jobs/BSE16/Visit Report

2018-11-29 11:43:52 - [TEST_STEP][PASSED] - delay(2): Delayed 2 second(s)

2018-11-29 11:43:54 - [MESSAGE][PASSED] - Delayed 2 second(s)

2018-11-29 11:43:54 - [TEST_STEP][PASSED] - click(findTestObject("Object Repository/FSM1/BSE16/Page_JClient/div_Visit Report")): Object: 'Object Repository/FSM1/BSE16/Page_JClient/div_Visit Report' is clicked on

2018-11-29 11:43:54 - [MESSAGE][PASSED] - Object: 'Object Repository/FSM1/BSE16/Page_JClient/div_Visit Report' is clicked on

2018-11-29 11:43:54 - [TEST_STEP][PASSED] - delay(3): Delayed 3 second(s)

2018-11-29 11:43:57 - [MESSAGE][PASSED] - Delayed 3 second(s)

2018-11-29 11:43:57 - [TEST_STEP][PASSED] - setText(findTestObject("Object Repository/FSM1/BSE16/Page_JClient/textarea_Visit Report_gwt-Text"), "Test automation"): Text 'Test automation' is set on object 'Object Repository/FSM1/BSE16/Page_JClient/textarea_Visit Report_gwt-Text'

2018-11-29 11:43:57 - [MESSAGE][PASSED] - Text 'Test automation' is set on object 'Object Repository/FSM1/BSE16/Page_JClient/textarea_Visit Report_gwt-Text'

2018-11-29 11:43:57 - [TEST_STEP][PASSED] - delay(2): Delayed 2 second(s)

2018-11-29 11:43:59 - [MESSAGE][PASSED] - Delayed 2 second(s)

2018-11-29 11:43:59 - [TEST_STEP][PASSED] - click(findTestObject("FSM1/BSE16/Page_JClient/div_Save - Generic")): Object: 'Object Repository/FSM1/BSE16/Page_JClient/div_Save - Generic' is clicked on

2018-11-29 11:43:59 - [MESSAGE][PASSED] - Object: 'Object Repository/FSM1/BSE16/Page_JClient/div_Save - Generic' is clicked on

2018-11-29 11:43:59 - [TEST_STEP][PASSED] - delay(3): Delayed 3 second(s)

2018-11-29 11:44:02 - [MESSAGE][PASSED] - Delayed 3 second(s)]]></system-out>
         <system-err><![CDATA[]]></system-err>
      </testcase>
      <testcase name="Test Cases/Form Jobs/BSE16/All Livestock Premises" classname="Test Cases/Form Jobs/BSE16/All Livestock Premises" status="PASSED">
         <system-out><![CDATA[2018-11-29 11:44:02 - [TEST_CASE][PASSED] - Test Cases/Form Jobs/BSE16/All Livestock Premises: Test Cases/Form Jobs/BSE16/All Livestock Premises

2018-11-29 11:44:03 - [TEST_STEP][PASSED] - click(findTestObject("Object Repository/FSM1/BSE16/Page_JClient/div_All Livestock Premises")): Object: 'Object Repository/FSM1/BSE16/Page_JClient/div_All Livestock Premises' is clicked on

2018-11-29 11:44:03 - [MESSAGE][PASSED] - Object: 'Object Repository/FSM1/BSE16/Page_JClient/div_All Livestock Premises' is clicked on

2018-11-29 11:44:03 - [TEST_STEP][PASSED] - delay(2): Delayed 2 second(s)

2018-11-29 11:44:05 - [MESSAGE][PASSED] - Delayed 2 second(s)

2018-11-29 11:44:05 - [TEST_STEP][PASSED] - click(findTestObject("Object Repository/FSM1/BSE16/Page_JClient/input_Do you suspect illegal f")): Object: 'Object Repository/FSM1/BSE16/Page_JClient/input_Do you suspect illegal f' is clicked on

2018-11-29 11:44:05 - [MESSAGE][PASSED] - Object: 'Object Repository/FSM1/BSE16/Page_JClient/input_Do you suspect illegal f' is clicked on

2018-11-29 11:44:05 - [TEST_STEP][PASSED] - click(findTestObject("FSM1/BSE16/Page_JClient/div_Save - Generic")): Object: 'Object Repository/FSM1/BSE16/Page_JClient/div_Save - Generic' is clicked on

2018-11-29 11:44:05 - [MESSAGE][PASSED] - Object: 'Object Repository/FSM1/BSE16/Page_JClient/div_Save - Generic' is clicked on

2018-11-29 11:44:05 - [TEST_STEP][PASSED] - delay(3): Delayed 3 second(s)

2018-11-29 11:44:08 - [MESSAGE][PASSED] - Delayed 3 second(s)]]></system-out>
         <system-err><![CDATA[]]></system-err>
      </testcase>
      <testcase name="Test Cases/Form Jobs/BSE16/Save All Job Lines" classname="Test Cases/Form Jobs/BSE16/Save All Job Lines" status="PASSED">
         <system-out><![CDATA[2018-11-29 11:44:08 - [TEST_CASE][PASSED] - Test Cases/Form Jobs/BSE16/Save All Job Lines: Test Cases/Form Jobs/BSE16/Save All Job Lines

2018-11-29 11:44:09 - [TEST_STEP][PASSED] - delay(2): Delayed 2 second(s)

2018-11-29 11:44:11 - [MESSAGE][PASSED] - Delayed 2 second(s)

2018-11-29 11:44:11 - [TEST_STEP][PASSED] - click(findTestObject("Object Repository/FSM1/BSE16/Page_JClient/div_Save (1)")): Object: 'Object Repository/FSM1/BSE16/Page_JClient/div_Save (1)' is clicked on

2018-11-29 11:44:11 - [MESSAGE][PASSED] - Object: 'Object Repository/FSM1/BSE16/Page_JClient/div_Save (1)' is clicked on

2018-11-29 11:44:11 - [TEST_STEP][PASSED] - delay(3): Delayed 3 second(s)

2018-11-29 11:44:14 - [MESSAGE][PASSED] - Delayed 3 second(s)]]></system-out>
         <system-err><![CDATA[]]></system-err>
      </testcase>
      <testcase name="Test Cases/Form Jobs/BSE16/NFA Samples Taken" classname="Test Cases/Form Jobs/BSE16/NFA Samples Taken" status="PASSED">
         <system-out><![CDATA[2018-11-29 11:44:14 - [TEST_CASE][PASSED] - Test Cases/Form Jobs/BSE16/NFA Samples Taken: Test Cases/Form Jobs/BSE16/NFA Samples Taken

2018-11-29 11:44:14 - [TEST_STEP][PASSED] - delay(2): Delayed 2 second(s)

2018-11-29 11:44:16 - [MESSAGE][PASSED] - Delayed 2 second(s)

2018-11-29 11:44:16 - [TEST_STEP][PASSED] - click(findTestObject("Object Repository/FSM1/BSE16/NFA Samples/Page_JClient/Page_JClient/Page_JClient/div_Samples Taken NFA")): Object: 'Object Repository/FSM1/BSE16/NFA Samples/Page_JClient/Page_JClient/Page_JClient/div_Samples Taken NFA' is clicked on

2018-11-29 11:44:16 - [MESSAGE][PASSED] - Object: 'Object Repository/FSM1/BSE16/NFA Samples/Page_JClient/Page_JClient/Page_JClient/div_Samples Taken NFA' is clicked on

2018-11-29 11:44:16 - [TEST_STEP][PASSED] - delay(2): Delayed 2 second(s)

2018-11-29 11:44:18 - [MESSAGE][PASSED] - Delayed 2 second(s)

2018-11-29 11:44:18 - [TEST_STEP][PASSED] - verifyElementText(findTestObject("FSM1/BSE16/NFA Samples/Page_JClient/Page_JClient/Page_JClient/div_Minimum number of instance"), "Minimum number of instances allowed is 2"): Actual text and expected text of test object 'Object Repository/FSM1/BSE16/NFA Samples/Page_JClient/Page_JClient/Page_JClient/div_Minimum number of instance' are matched.

2018-11-29 11:44:18 - [MESSAGE][PASSED] - Actual text and expected text of test object 'Object Repository/FSM1/BSE16/NFA Samples/Page_JClient/Page_JClient/Page_JClient/div_Minimum number of instance' are matched.

2018-11-29 11:44:18 - [TEST_STEP][PASSED] - click(findTestObject("Object Repository/FSM1/BSE16/NFA Samples/Page_JClient/Page_JClient/Page_JClient/div_Create_GKH2EKQBDXB GKH2EKQ")): Object: 'Object Repository/FSM1/BSE16/NFA Samples/Page_JClient/Page_JClient/Page_JClient/div_Create_GKH2EKQBDXB GKH2EKQ' is clicked on

2018-11-29 11:44:19 - [MESSAGE][PASSED] - Object: 'Object Repository/FSM1/BSE16/NFA Samples/Page_JClient/Page_JClient/Page_JClient/div_Create_GKH2EKQBDXB GKH2EKQ' is clicked on

2018-11-29 11:44:19 - [TEST_STEP][PASSED] - selectOptionByValue(findTestObject("Object Repository/FSM1/BSE16/NFA Samples/Page_JClient/Page_JClient/Page_JClient/select_Compound or concentrate"), "COMPOUND_OR_CONCENTRATE", true): All options with value 'COMPOUND_OR_CONCENTRATE' are selected in object 'Object Repository/FSM1/BSE16/NFA Samples/Page_JClient/Page_JClient/Page_JClient/select_Compound or concentrate'  using regular expression

2018-11-29 11:44:19 - [MESSAGE][PASSED] - All options with value 'COMPOUND_OR_CONCENTRATE' are selected in object 'Object Repository/FSM1/BSE16/NFA Samples/Page_JClient/Page_JClient/Page_JClient/select_Compound or concentrate'  using regular expression

2018-11-29 11:44:19 - [TEST_STEP][PASSED] - selectOptionByValue(findTestObject("Object Repository/FSM1/BSE16/NFA Samples/Page_JClient/Page_JClient/Page_JClient/select_RuminantsNon-ruminantsP"), "RUMINANTS", true): All options with value 'RUMINANTS' are selected in object 'Object Repository/FSM1/BSE16/NFA Samples/Page_JClient/Page_JClient/Page_JClient/select_RuminantsNon-ruminantsP'  using regular expression

2018-11-29 11:44:19 - [MESSAGE][PASSED] - All options with value 'RUMINANTS' are selected in object 'Object Repository/FSM1/BSE16/NFA Samples/Page_JClient/Page_JClient/Page_JClient/select_RuminantsNon-ruminantsP'  using regular expression

2018-11-29 11:44:19 - [TEST_STEP][PASSED] - setText(findTestObject("Object Repository/FSM1/BSE16/NFA Samples/Page_JClient/Page_JClient/Page_JClient/input_Feed name_gwt-TextBox GK"), "Test automation"): Text 'Test automation' is set on object 'Object Repository/FSM1/BSE16/NFA Samples/Page_JClient/Page_JClient/Page_JClient/input_Feed name_gwt-TextBox GK'

2018-11-29 11:44:20 - [MESSAGE][PASSED] - Text 'Test automation' is set on object 'Object Repository/FSM1/BSE16/NFA Samples/Page_JClient/Page_JClient/Page_JClient/input_Feed name_gwt-TextBox GK'

2018-11-29 11:44:20 - [TEST_STEP][PASSED] - selectOptionByValue(findTestObject("Object Repository/FSM1/BSE16/NFA Samples/Page_JClient/Page_JClient/Page_JClient/select_YesNo"), "YES", true): All options with value 'YES' are selected in object 'Object Repository/FSM1/BSE16/NFA Samples/Page_JClient/Page_JClient/Page_JClient/select_YesNo'  using regular expression

2018-11-29 11:44:20 - [MESSAGE][PASSED] - All options with value 'YES' are selected in object 'Object Repository/FSM1/BSE16/NFA Samples/Page_JClient/Page_JClient/Page_JClient/select_YesNo'  using regular expression

2018-11-29 11:44:20 - [TEST_STEP][PASSED] - selectOptionByValue(findTestObject("Object Repository/FSM1/BSE16/NFA Samples/Page_JClient/Page_JClient/Page_JClient/select_UKImport"), "UK", true): All options with value 'UK' are selected in object 'Object Repository/FSM1/BSE16/NFA Samples/Page_JClient/Page_JClient/Page_JClient/select_UKImport'  using regular expression

2018-11-29 11:44:20 - [MESSAGE][PASSED] - All options with value 'UK' are selected in object 'Object Repository/FSM1/BSE16/NFA Samples/Page_JClient/Page_JClient/Page_JClient/select_UKImport'  using regular expression

2018-11-29 11:44:20 - [TEST_STEP][PASSED] - setText(findTestObject("Object Repository/FSM1/BSE16/NFA Samples/Page_JClient/Page_JClient/Page_JClient/input_Batch no._gwt-TextBox GK"), "123"): Text '123' is set on object 'Object Repository/FSM1/BSE16/NFA Samples/Page_JClient/Page_JClient/Page_JClient/input_Batch no._gwt-TextBox GK'

2018-11-29 11:44:21 - [MESSAGE][PASSED] - Text '123' is set on object 'Object Repository/FSM1/BSE16/NFA Samples/Page_JClient/Page_JClient/Page_JClient/input_Batch no._gwt-TextBox GK'

2018-11-29 11:44:21 - [TEST_STEP][PASSED] - setText(findTestObject("Object Repository/FSM1/BSE16/NFA Samples/Page_JClient/Page_JClient/Page_JClient/input_Laboratory_gwt-TextBox G"), "Test"): Text 'Test' is set on object 'Object Repository/FSM1/BSE16/NFA Samples/Page_JClient/Page_JClient/Page_JClient/input_Laboratory_gwt-TextBox G'

2018-11-29 11:44:21 - [MESSAGE][PASSED] - Text 'Test' is set on object 'Object Repository/FSM1/BSE16/NFA Samples/Page_JClient/Page_JClient/Page_JClient/input_Laboratory_gwt-TextBox G'

2018-11-29 11:44:21 - [TEST_STEP][PASSED] - setText(findTestObject("Object Repository/FSM1/BSE16/NFA Samples/Page_JClient/Page_JClient/Page_JClient/input_Operator_gwt-TextBox GKH"), "Test"): Text 'Test' is set on object 'Object Repository/FSM1/BSE16/NFA Samples/Page_JClient/Page_JClient/Page_JClient/input_Operator_gwt-TextBox GKH'

2018-11-29 11:44:21 - [MESSAGE][PASSED] - Text 'Test' is set on object 'Object Repository/FSM1/BSE16/NFA Samples/Page_JClient/Page_JClient/Page_JClient/input_Operator_gwt-TextBox GKH'

2018-11-29 11:44:21 - [TEST_STEP][PASSED] - setText(findTestObject("Object Repository/FSM1/BSE16/NFA Samples/Page_JClient/Page_JClient/Page_JClient/input_Office_gwt-TextBox GKH2E"), "Test"): Text 'Test' is set on object 'Object Repository/FSM1/BSE16/NFA Samples/Page_JClient/Page_JClient/Page_JClient/input_Office_gwt-TextBox GKH2E'

2018-11-29 11:44:21 - [MESSAGE][PASSED] - Text 'Test' is set on object 'Object Repository/FSM1/BSE16/NFA Samples/Page_JClient/Page_JClient/Page_JClient/input_Office_gwt-TextBox GKH2E'

2018-11-29 11:44:21 - [TEST_STEP][PASSED] - click(findTestObject("Object Repository/FSM1/BSE16/NFA Samples/Page_JClient/Page_JClient/Page_JClient/div_Save")): Object: 'Object Repository/FSM1/BSE16/NFA Samples/Page_JClient/Page_JClient/Page_JClient/div_Save' is clicked on

2018-11-29 11:44:22 - [MESSAGE][PASSED] - Object: 'Object Repository/FSM1/BSE16/NFA Samples/Page_JClient/Page_JClient/Page_JClient/div_Save' is clicked on

2018-11-29 11:44:22 - [TEST_STEP][PASSED] - delay(3): Delayed 3 second(s)

2018-11-29 11:44:25 - [MESSAGE][PASSED] - Delayed 3 second(s)]]></system-out>
         <system-err><![CDATA[]]></system-err>
      </testcase>
      <testcase name="Test Cases/Form Jobs/BSE16/NFA Samples Taken 2" classname="Test Cases/Form Jobs/BSE16/NFA Samples Taken 2" status="PASSED">
         <system-out><![CDATA[2018-11-29 11:44:25 - [TEST_CASE][PASSED] - Test Cases/Form Jobs/BSE16/NFA Samples Taken 2: Test Cases/Form Jobs/BSE16/NFA Samples Taken 2

2018-11-29 11:44:25 - [TEST_STEP][PASSED] - delay(2): Delayed 2 second(s)

2018-11-29 11:44:27 - [MESSAGE][PASSED] - Delayed 2 second(s)

2018-11-29 11:44:27 - [TEST_STEP][PASSED] - click(findTestObject("Object Repository/FSM1/BSE16/NFA Samples/Page_JClient/Page_JClient/div_Samples Taken NFA")): Object: 'Object Repository/FSM1/BSE16/NFA Samples/Page_JClient/Page_JClient/div_Samples Taken NFA' is clicked on

2018-11-29 11:44:27 - [MESSAGE][PASSED] - Object: 'Object Repository/FSM1/BSE16/NFA Samples/Page_JClient/Page_JClient/div_Samples Taken NFA' is clicked on

2018-11-29 11:44:27 - [TEST_STEP][PASSED] - delay(2): Delayed 2 second(s)

2018-11-29 11:44:29 - [MESSAGE][PASSED] - Delayed 2 second(s)

2018-11-29 11:44:29 - [TEST_STEP][PASSED] - click(findTestObject("Object Repository/FSM1/BSE16/NFA Samples/Page_JClient/Page_JClient/div_Create_GKH2EKQBDXB GKH2EKQ")): Object: 'Object Repository/FSM1/BSE16/NFA Samples/Page_JClient/Page_JClient/div_Create_GKH2EKQBDXB GKH2EKQ' is clicked on

2018-11-29 11:44:29 - [MESSAGE][PASSED] - Object: 'Object Repository/FSM1/BSE16/NFA Samples/Page_JClient/Page_JClient/div_Create_GKH2EKQBDXB GKH2EKQ' is clicked on

2018-11-29 11:44:29 - [TEST_STEP][PASSED] - delay(2): Delayed 2 second(s)

2018-11-29 11:44:31 - [MESSAGE][PASSED] - Delayed 2 second(s)

2018-11-29 11:44:31 - [TEST_STEP][PASSED] - selectOptionByValue(findTestObject("Object Repository/FSM1/BSE16/NFA Samples/Page_JClient/Page_JClient/select_Compound or concentrate"), "COMPOUND_OR_CONCENTRATE", true): All options with value 'COMPOUND_OR_CONCENTRATE' are selected in object 'Object Repository/FSM1/BSE16/NFA Samples/Page_JClient/Page_JClient/select_Compound or concentrate'  using regular expression

2018-11-29 11:44:32 - [MESSAGE][PASSED] - All options with value 'COMPOUND_OR_CONCENTRATE' are selected in object 'Object Repository/FSM1/BSE16/NFA Samples/Page_JClient/Page_JClient/select_Compound or concentrate'  using regular expression

2018-11-29 11:44:32 - [TEST_STEP][PASSED] - selectOptionByValue(findTestObject("Object Repository/FSM1/BSE16/NFA Samples/Page_JClient/Page_JClient/select_RuminantsNon-ruminantsP"), "NONRUMINANTS", true): All options with value 'NONRUMINANTS' are selected in object 'Object Repository/FSM1/BSE16/NFA Samples/Page_JClient/Page_JClient/select_RuminantsNon-ruminantsP'  using regular expression

2018-11-29 11:44:32 - [MESSAGE][PASSED] - All options with value 'NONRUMINANTS' are selected in object 'Object Repository/FSM1/BSE16/NFA Samples/Page_JClient/Page_JClient/select_RuminantsNon-ruminantsP'  using regular expression

2018-11-29 11:44:32 - [TEST_STEP][PASSED] - setText(findTestObject("Object Repository/FSM1/BSE16/NFA Samples/Page_JClient/Page_JClient/input_Feed name_gwt-TextBox GK"), "Test automation"): Text 'Test automation' is set on object 'Object Repository/FSM1/BSE16/NFA Samples/Page_JClient/Page_JClient/input_Feed name_gwt-TextBox GK'

2018-11-29 11:44:32 - [MESSAGE][PASSED] - Text 'Test automation' is set on object 'Object Repository/FSM1/BSE16/NFA Samples/Page_JClient/Page_JClient/input_Feed name_gwt-TextBox GK'

2018-11-29 11:44:32 - [TEST_STEP][PASSED] - selectOptionByValue(findTestObject("Object Repository/FSM1/BSE16/NFA Samples/Page_JClient/Page_JClient/select_YesNo"), "NO", true): All options with value 'NO' are selected in object 'Object Repository/FSM1/BSE16/NFA Samples/Page_JClient/Page_JClient/select_YesNo'  using regular expression

2018-11-29 11:44:33 - [MESSAGE][PASSED] - All options with value 'NO' are selected in object 'Object Repository/FSM1/BSE16/NFA Samples/Page_JClient/Page_JClient/select_YesNo'  using regular expression

2018-11-29 11:44:33 - [TEST_STEP][PASSED] - setText(findTestObject("Object Repository/FSM1/BSE16/NFA Samples/Page_JClient/Page_JClient/textarea_If official method no"), "Test automation"): Text 'Test automation' is set on object 'Object Repository/FSM1/BSE16/NFA Samples/Page_JClient/Page_JClient/textarea_If official method no'

2018-11-29 11:44:33 - [MESSAGE][PASSED] - Text 'Test automation' is set on object 'Object Repository/FSM1/BSE16/NFA Samples/Page_JClient/Page_JClient/textarea_If official method no'

2018-11-29 11:44:33 - [TEST_STEP][PASSED] - selectOptionByValue(findTestObject("Object Repository/FSM1/BSE16/NFA Samples/Page_JClient/Page_JClient/select_UKImport"), "IMPORT", true): All options with value 'IMPORT' are selected in object 'Object Repository/FSM1/BSE16/NFA Samples/Page_JClient/Page_JClient/select_UKImport'  using regular expression

2018-11-29 11:44:33 - [MESSAGE][PASSED] - All options with value 'IMPORT' are selected in object 'Object Repository/FSM1/BSE16/NFA Samples/Page_JClient/Page_JClient/select_UKImport'  using regular expression

2018-11-29 11:44:33 - [TEST_STEP][PASSED] - setText(findTestObject("Object Repository/FSM1/BSE16/NFA Samples/Page_JClient/Page_JClient/input_Batch no._gwt-TextBox GK"), "123"): Text '123' is set on object 'Object Repository/FSM1/BSE16/NFA Samples/Page_JClient/Page_JClient/input_Batch no._gwt-TextBox GK'

2018-11-29 11:44:33 - [MESSAGE][PASSED] - Text '123' is set on object 'Object Repository/FSM1/BSE16/NFA Samples/Page_JClient/Page_JClient/input_Batch no._gwt-TextBox GK'

2018-11-29 11:44:33 - [TEST_STEP][PASSED] - setText(findTestObject("Object Repository/FSM1/BSE16/NFA Samples/Page_JClient/Page_JClient/input_Laboratory_gwt-TextBox G"), "123"): Text '123' is set on object 'Object Repository/FSM1/BSE16/NFA Samples/Page_JClient/Page_JClient/input_Laboratory_gwt-TextBox G'

2018-11-29 11:44:34 - [MESSAGE][PASSED] - Text '123' is set on object 'Object Repository/FSM1/BSE16/NFA Samples/Page_JClient/Page_JClient/input_Laboratory_gwt-TextBox G'

2018-11-29 11:44:34 - [TEST_STEP][PASSED] - setText(findTestObject("Object Repository/FSM1/BSE16/NFA Samples/Page_JClient/Page_JClient/input_Operator_gwt-TextBox GKH"), "123"): Text '123' is set on object 'Object Repository/FSM1/BSE16/NFA Samples/Page_JClient/Page_JClient/input_Operator_gwt-TextBox GKH'

2018-11-29 11:44:34 - [MESSAGE][PASSED] - Text '123' is set on object 'Object Repository/FSM1/BSE16/NFA Samples/Page_JClient/Page_JClient/input_Operator_gwt-TextBox GKH'

2018-11-29 11:44:34 - [TEST_STEP][PASSED] - setText(findTestObject("Object Repository/FSM1/BSE16/NFA Samples/Page_JClient/Page_JClient/input_Office_gwt-TextBox GKH2E"), "123"): Text '123' is set on object 'Object Repository/FSM1/BSE16/NFA Samples/Page_JClient/Page_JClient/input_Office_gwt-TextBox GKH2E'

2018-11-29 11:44:34 - [MESSAGE][PASSED] - Text '123' is set on object 'Object Repository/FSM1/BSE16/NFA Samples/Page_JClient/Page_JClient/input_Office_gwt-TextBox GKH2E'

2018-11-29 11:44:34 - [TEST_STEP][PASSED] - click(findTestObject("Object Repository/FSM1/BSE16/NFA Samples/Page_JClient/Page_JClient/div_Save")): Object: 'Object Repository/FSM1/BSE16/NFA Samples/Page_JClient/Page_JClient/div_Save' is clicked on

2018-11-29 11:44:34 - [MESSAGE][PASSED] - Object: 'Object Repository/FSM1/BSE16/NFA Samples/Page_JClient/Page_JClient/div_Save' is clicked on

2018-11-29 11:44:34 - [TEST_STEP][PASSED] - delay(3): Delayed 3 second(s)

2018-11-29 11:44:37 - [MESSAGE][PASSED] - Delayed 3 second(s)]]></system-out>
         <system-err><![CDATA[]]></system-err>
      </testcase>
      <testcase name="Test Cases/Form Jobs/BSE16/Complete BSE16 Inspection" classname="Test Cases/Form Jobs/BSE16/Complete BSE16 Inspection" status="PASSED">
         <system-out><![CDATA[2018-11-29 11:44:37 - [TEST_CASE][PASSED] - Test Cases/Form Jobs/BSE16/Complete BSE16 Inspection: Test Cases/Form Jobs/BSE16/Complete BSE16 Inspection

2018-11-29 11:44:38 - [TEST_STEP][PASSED] - log = new com.kms.katalon.core.logging.KeywordLogger(): null

2018-11-29 11:44:38 - [TEST_STEP][PASSED] - click(findTestObject("Object Repository/FSM1/IV17/Page_JClient/div_STARTED")): Object: 'Object Repository/FSM1/IV17/Page_JClient/div_STARTED' is clicked on

2018-11-29 11:44:38 - [MESSAGE][PASSED] - Object: 'Object Repository/FSM1/IV17/Page_JClient/div_STARTED' is clicked on

2018-11-29 11:44:38 - [TEST_STEP][PASSED] - click(findTestObject("Object Repository/FSM1/IV17/Page_JClient/div_COMPLETED")): Object: 'Object Repository/FSM1/IV17/Page_JClient/div_COMPLETED' is clicked on

2018-11-29 11:44:38 - [MESSAGE][PASSED] - Object: 'Object Repository/FSM1/IV17/Page_JClient/div_COMPLETED' is clicked on

2018-11-29 11:44:38 - [TEST_STEP][PASSED] - delay(2): Delayed 2 second(s)

2018-11-29 11:44:40 - [MESSAGE][PASSED] - Delayed 2 second(s)

2018-11-29 11:44:40 - [TEST_STEP][PASSED] - click(findTestObject("Object Repository/FSM1/IV17/Page_JClient/div_Ok")): Object: 'Object Repository/FSM1/IV17/Page_JClient/div_Ok' is clicked on

2018-11-29 11:44:40 - [MESSAGE][PASSED] - Object: 'Object Repository/FSM1/IV17/Page_JClient/div_Ok' is clicked on

2018-11-29 11:44:40 - [TEST_STEP][PASSED] - delay(40): Delayed 40 second(s)

2018-11-29 11:45:20 - [MESSAGE][PASSED] - Delayed 40 second(s)

2018-11-29 11:45:20 - [TEST_STEP][PASSED] - FormJobReference = getText(findTestObject("FSM1/IV17/Page_JClient/Form Job Reference")): Text of object 'Object Repository/FSM1/IV17/Page_JClient/Form Job Reference' is: 'Form Job 1 (94126)'

2018-11-29 11:45:21 - [MESSAGE][PASSED] - Text of object 'Object Repository/FSM1/IV17/Page_JClient/Form Job Reference' is: 'Form Job 1 (94126)'

2018-11-29 11:45:21 - [TEST_STEP][PASSED] - FormJobReference = FormJobReference.replaceAll("Form Job 1 \(", ""): null

2018-11-29 11:45:21 - [TEST_STEP][PASSED] - FormJobReference = FormJobReference.replaceAll("\)", ""): null

2018-11-29 11:45:21 - [TEST_STEP][PASSED] - log.logWarning(FormJobReference): 94126

2018-11-29 11:45:21 - [MESSAGE][WARNING] - 94126

2018-11-29 11:45:21 - [TEST_STEP][PASSED] - temp1 = FormJobReference: null]]></system-out>
         <system-err><![CDATA[]]></system-err>
      </testcase>
      <testcase name="Test Cases/Generic/Launch Job Manager Control Centre - Check Result" classname="Test Cases/Generic/Launch Job Manager Control Centre - Check Result" status="PASSED">
         <system-out><![CDATA[2018-11-29 11:45:21 - [TEST_CASE][PASSED] - Test Cases/Generic/Launch Job Manager Control Centre - Check Result: Test Cases/Generic/Launch Job Manager Control Centre - Check Result

2018-11-29 11:45:21 - [TEST_STEP][PASSED] - openBrowser(""): Browser is opened with url: ''

2018-11-29 11:45:21 - [MESSAGE][WARNING] - A browser is already opened. Closing browser and opening a new one

2018-11-29 11:45:22 - [MESSAGE][INFO] - Starting 'Chrome' driver

2018-11-29 11:45:25 - [MESSAGE][PASSED] - Browser is opened with url: ''

2018-11-29 11:45:25 - [TEST_STEP][PASSED] - navigateToUrl(CCURL): Navigate to 'https://kirona-def-11.kirona.com/jmtrain' successfully

2018-11-29 11:45:26 - [MESSAGE][PASSED] - Navigate to 'https://kirona-def-11.kirona.com/jmtrain' successfully

2018-11-29 11:45:26 - [TEST_STEP][PASSED] - setText(findTestObject("FSM1/Control Centre/Page_Job Manager Login/input_gwt-uid-3"), Username): Text 'jon.hatfield' is set on object 'Object Repository/FSM1/Control Centre/Page_Job Manager Login/input_gwt-uid-3'

2018-11-29 11:45:27 - [MESSAGE][PASSED] - Text 'jon.hatfield' is set on object 'Object Repository/FSM1/Control Centre/Page_Job Manager Login/input_gwt-uid-3'

2018-11-29 11:45:27 - [TEST_STEP][PASSED] - setText(findTestObject("FSM1/Control Centre/Page_Job Manager Login/input_gwt-uid-5"), Password): Text 'Fr@nc1sJ0n' is set on object 'Object Repository/FSM1/Control Centre/Page_Job Manager Login/input_gwt-uid-5'

2018-11-29 11:45:28 - [MESSAGE][PASSED] - Text 'Fr@nc1sJ0n' is set on object 'Object Repository/FSM1/Control Centre/Page_Job Manager Login/input_gwt-uid-5'

2018-11-29 11:45:28 - [TEST_STEP][PASSED] - click(findTestObject("FSM1/PreProd/Page_Job Manager Login/div_Login")): Object: 'Object Repository/FSM1/PreProd/Page_Job Manager Login/div_Login' is clicked on

2018-11-29 11:45:28 - [MESSAGE][PASSED] - Object: 'Object Repository/FSM1/PreProd/Page_Job Manager Login/div_Login' is clicked on

2018-11-29 11:45:28 - [TEST_STEP][PASSED] - delay(5): Delayed 5 second(s)

2018-11-29 11:45:33 - [MESSAGE][PASSED] - Delayed 5 second(s)]]></system-out>
         <system-err><![CDATA[]]></system-err>
      </testcase>
      <testcase name="Test Cases/Form Jobs/BSE16/Control Centre - Check Results - BSE16" classname="Test Cases/Form Jobs/BSE16/Control Centre - Check Results - BSE16" status="PASSED">
         <system-out><![CDATA[2018-11-29 11:45:33 - [TEST_CASE][PASSED] - Test Cases/Form Jobs/BSE16/Control Centre - Check Results - BSE16: Test Cases/Form Jobs/BSE16/Control Centre - Check Results - BSE16

2018-11-29 11:45:33 - [TEST_STEP][PASSED] - log = new com.kms.katalon.core.logging.KeywordLogger(): null

2018-11-29 11:45:33 - [TEST_STEP][PASSED] - setText(findTestObject("Object Repository/FSM1/EMI Check Results/Page_JM Control Centre/input_Recents_v-textfield v-wi"), temp1): Text '94126' is set on object 'Object Repository/FSM1/EMI Check Results/Page_JM Control Centre/input_Recents_v-textfield v-wi'

2018-11-29 11:45:34 - [MESSAGE][PASSED] - Text '94126' is set on object 'Object Repository/FSM1/EMI Check Results/Page_JM Control Centre/input_Recents_v-textfield v-wi'

2018-11-29 11:45:34 - [TEST_STEP][PASSED] - click(findTestObject("Object Repository/FSM1/EMI Check Results/Page_JM Control Centre/span_")): Object: 'Object Repository/FSM1/EMI Check Results/Page_JM Control Centre/span_' is clicked on

2018-11-29 11:45:34 - [MESSAGE][PASSED] - Object: 'Object Repository/FSM1/EMI Check Results/Page_JM Control Centre/span_' is clicked on

2018-11-29 11:45:34 - [TEST_STEP][PASSED] - waitForElementPresent(findTestObject("Object Repository/FSM1/EMI Check Results/Page_JM Control Centre/div_CLOSED"), 60): Object 'Object Repository/FSM1/EMI Check Results/Page_JM Control Centre/div_CLOSED' is present

2018-11-29 11:45:39 - [MESSAGE][PASSED] - Object 'Object Repository/FSM1/EMI Check Results/Page_JM Control Centre/div_CLOSED' is present

2018-11-29 11:45:39 - [TEST_STEP][PASSED] - delay(3): Delayed 3 second(s)

2018-11-29 11:45:42 - [MESSAGE][PASSED] - Delayed 3 second(s)

2018-11-29 11:45:42 - [TEST_STEP][PASSED] - verifyElementPresent(findTestObject("FSM1/Complete ABP Inspection/Check Results/03a/Page_JM Control Centre/div_Attachments_BSE16"), 5): Object 'Object Repository/FSM1/Complete ABP Inspection/Check Results/03a/Page_JM Control Centre/div_Attachments_BSE16' is present

2018-11-29 11:45:42 - [MESSAGE][PASSED] - Object 'Object Repository/FSM1/Complete ABP Inspection/Check Results/03a/Page_JM Control Centre/div_Attachments_BSE16' is present]]></system-out>
         <system-err><![CDATA[]]></system-err>
      </testcase>
      <testcase name="Test Cases/ABP/Generic/Check Subsequent Inspection Doesnt Exist" classname="Test Cases/ABP/Generic/Check Subsequent Inspection Doesnt Exist" status="PASSED">
         <system-out><![CDATA[2018-11-29 11:45:42 - [TEST_CASE][PASSED] - Test Cases/ABP/Generic/Check Subsequent Inspection Doesnt Exist: Test Cases/ABP/Generic/Check Subsequent Inspection Doesnt Exist

2018-11-29 11:45:42 - [TEST_STEP][PASSED] - delay(2): Delayed 2 second(s)

2018-11-29 11:45:44 - [MESSAGE][PASSED] - Delayed 2 second(s)

2018-11-29 11:45:44 - [TEST_STEP][PASSED] - click(findTestObject("Object Repository/FSM1/Complete ABP Inspection/Check Subsequent Inspections/New/Page_JM Control Centre/div_")): Object: 'Object Repository/FSM1/Complete ABP Inspection/Check Subsequent Inspections/New/Page_JM Control Centre/div_' is clicked on

2018-11-29 11:45:44 - [MESSAGE][PASSED] - Object: 'Object Repository/FSM1/Complete ABP Inspection/Check Subsequent Inspections/New/Page_JM Control Centre/div_' is clicked on

2018-11-29 11:45:45 - [TEST_STEP][PASSED] - click(findTestObject("Object Repository/FSM1/Complete ABP Inspection/Check Subsequent Inspections/New/Page_JM Control Centre/span_List All Subordinate Jobs")): Object: 'Object Repository/FSM1/Complete ABP Inspection/Check Subsequent Inspections/New/Page_JM Control Centre/span_List All Subordinate Jobs' is clicked on

2018-11-29 11:45:45 - [MESSAGE][PASSED] - Object: 'Object Repository/FSM1/Complete ABP Inspection/Check Subsequent Inspections/New/Page_JM Control Centre/span_List All Subordinate Jobs' is clicked on

2018-11-29 11:45:46 - [TEST_STEP][PASSED] - verifyElementNotPresent(findTestObject("Object Repository/FSM1/Complete ABP Inspection/Check Subsequent Inspections/New/Page_JM Control Centre/div_2 found."), 5): Web element with id: 'Object Repository/FSM1/Complete ABP Inspection/Check Subsequent Inspections/New/Page_JM Control Centre/div_2 found.' located by 'By.xpath: //div[@class = 'v-captiontext' and (text() = '2 found.' or . = '2 found.')]' is not present after '5' second(s)

2018-11-29 11:45:46 - [MESSAGE][PASSED] - Web element with id: 'Object Repository/FSM1/Complete ABP Inspection/Check Subsequent Inspections/New/Page_JM Control Centre/div_2 found.' located by 'By.xpath: //div[@class = 'v-captiontext' and (text() = '2 found.' or . = '2 found.')]' is not present after '5' second(s)

2018-11-29 11:45:46 - [TEST_STEP][PASSED] - closeBrowser(): Browser is closed

2018-11-29 11:45:47 - [MESSAGE][PASSED] - Browser is closed]]></system-out>
         <system-err><![CDATA[]]></system-err>
      </testcase>
      <system-out><![CDATA[2018-11-29 11:41:54 - [TEST_SUITE][PASSED] - BSE16 Regression - Livestock Farm: Test Cases/ABP/Generic/Check Subsequent Inspection Doesnt Exist]]></system-out>
      <system-err><![CDATA[]]></system-err>
   </testsuite>
</testsuites>
