<?xml version="1.0" encoding="UTF-8"?>
<testsuites name="Create New Inspection" time="47" tests="1" failures="1" errors="0">
   <testsuite name="Create New Inspection" tests="1" failures="1" errors="0" time="47" timestamp="2018-05-12 17:03:32" hostname="JHATFIELD - SNDFSMINFSRV001.defra.onmicrosoft.com" id="Test Suites/Create New Inspection">
      <properties>
         <property name="deviceName" value=""/>
         <property name="devicePlatform" value=""/>
         <property name="logFolder" value="C:\\Users\\JHATFIELD\\git\\DEFRA-FSM_Automated_Regression_NEW\\Reports\\Create New Inspection\\20180512_170329"/>
         <property name="logFiles" value="C:\\Users\\JHATFIELD\\git\\DEFRA-FSM_Automated_Regression_NEW\\Reports\\Create New Inspection\\20180512_170329\\execution0.log"/>
         <property name="attachments" value=""/>
         <property name="hostName" value="JHATFIELD - SNDFSMINFSRV001.defra.onmicrosoft.com"/>
         <property name="os" value="Windows NT (unknown) 64bit"/>
         <property name="katalonVersion" value="5.4.1.1"/>
         <property name="browser" value="Chrome 66.0.3359.139"/>
         <property name="hostAddress" value="10.201.1.17"/>
         <property name="sessionId" value="e8eb45bb3b2aaf51234cd3881ea5e58f"/>
         <property name="seleniumVersion" value="3.7.1"/>
         <property name="proxyInformation" value="ProxyInformation{proxyOption=NO_PROXY, proxyServerType=HTTP, password=, proxyServerAddress=, proxyServerPort=0}"/>
         <property name="platform" value="Windows NT (unknown)"/>
      </properties>
      <testcase name="Test Cases/Launch Job Manager Control Centre" classname="Test Cases/Launch Job Manager Control Centre" status="PASSED">
         <system-out><![CDATA[2018-05-12 17:03:33 - [TEST_CASE][PASSED] - Test Cases/Launch Job Manager Control Centre: Test Cases/Launch Job Manager Control Centre

2018-05-12 17:03:34 - [TEST_STEP][PASSED] - openBrowser: Browser is opened with url: ''

2018-05-12 17:03:38 - [MESSAGE][PASSED] - Browser is opened with url: ''

2018-05-12 17:03:38 - [TEST_STEP][PASSED] - navigateToUrl: Navigate to 'https://kirona-def-2.kirona.com/jmtest/login#!loginView' successfully

2018-05-12 17:03:40 - [MESSAGE][PASSED] - Navigate to 'https://kirona-def-2.kirona.com/jmtest/login#!loginView' successfully

2018-05-12 17:03:40 - [TEST_STEP][PASSED] - setText: Text 'jon.hatfield' is set on object 'Object Repository/FSM1/Control Centre/Page_Job Manager Login/input_gwt-uid-3'

2018-05-12 17:03:41 - [MESSAGE][PASSED] - Text 'jon.hatfield' is set on object 'Object Repository/FSM1/Control Centre/Page_Job Manager Login/input_gwt-uid-3'

2018-05-12 17:03:41 - [TEST_STEP][PASSED] - setText: Text 'Fr@nc1sJ0n' is set on object 'Object Repository/FSM1/Control Centre/Page_Job Manager Login/input_gwt-uid-5'

2018-05-12 17:03:42 - [MESSAGE][PASSED] - Text 'Fr@nc1sJ0n' is set on object 'Object Repository/FSM1/Control Centre/Page_Job Manager Login/input_gwt-uid-5'

2018-05-12 17:03:42 - [TEST_STEP][PASSED] - click: Object: 'Object Repository/FSM1/Control Centre/Page_Job Manager Login/Page_Job Manager Login/div_Login' is clicked on

2018-05-12 17:03:42 - [MESSAGE][PASSED] - Object: 'Object Repository/FSM1/Control Centre/Page_Job Manager Login/Page_Job Manager Login/div_Login' is clicked on

2018-05-12 17:03:42 - [TEST_STEP][PASSED] - delay: Delayed 10 second(s)

2018-05-12 17:03:52 - [MESSAGE][PASSED] - Delayed 10 second(s)]]></system-out>
         <system-err><![CDATA[]]></system-err>
      </testcase>
      <testcase name="Test Cases/Create EMI Inspection" classname="Test Cases/Create EMI Inspection" status="FAILED">
         <failure type="FAILED" message="Unable to click on object 'Object Repository/FSM1/Control Centre/Create EMI Inspection/Page_JM Control Centre/div_v-filterselect-button' (Root cause: org.openqa.selenium.UnhandledAlertException: unexpected alert open: {Alert text : }
  (Session info: chrome=66.0.3359.139)
  (Driver info: chromedriver=2.35.528161 (5b82f2d2aae0ca24b877009200ced9065a772e73),platform=Windows NT 10.0.14393 x86_64) (WARNING: The server did not provide any stacktrace information)
Command duration or timeout: 0 milliseconds: null
Build info: version: '3.7.1', revision: '8a0099a', time: '2017-11-06T21:07:36.161Z'
System info: host: 'SNDFSMINFSRV001', ip: '10.201.1.17', os.name: 'Windows NT (unknown)', os.arch: 'amd64', os.version: '10.0', java.version: '1.8.0_102'
Driver info: com.kms.katalon.selenium.driver.CChromeDriver
Capabilities {acceptInsecureCerts: false, acceptSslCerts: false, applicationCacheEnabled: false, browserConnectionEnabled: false, browserName: chrome, chrome: {chromedriverVersion: 2.35.528161 (5b82f2d2aae0ca..., userDataDir: C:\Users\JHATFI~1\AppData\L...}, cssSelectorsEnabled: true, databaseEnabled: false, handlesAlerts: true, hasTouchScreen: false, javascriptEnabled: true, locationContextEnabled: true, mobileEmulationEnabled: false, nativeEvents: true, networkConnectionEnabled: false, pageLoadStrategy: normal, platform: XP, platformName: XP, rotatable: false, setWindowRect: true, takesHeapSnapshot: true, takesScreenshot: true, unexpectedAlertBehaviour: , unhandledPromptBehavior: , version: 66.0.3359.139, webStorageEnabled: true}
Session ID: e8eb45bb3b2aaf51234cd3881ea5e58f
*** Element info: {Using=xpath, value=id(&quot;jmcontent&quot;)/div[@class=&quot;v-csslayout v-layout v-widget mainLayout v-csslayout-mainLayout&quot;]/div[@class=&quot;v-customcomponent v-widget jm-standard-panel v-customcomponent-jm-standard-panel formBuilderPanel v-customcomponent-formBuilderPanel&quot;]/div[@class=&quot;v-csslayout v-layout v-widget&quot;]/div[@class=&quot;v-csslayout v-layout v-widget v-has-width v-has-height&quot;]/div[@class=&quot;v-filterselect v-widget v-filterselect-error selectField v-filterselect-selectField nicer-field v-filterselect-nicer-field v-required v-filterselect-required v-filterselect-focus&quot;]/div[@class=&quot;v-filterselect-button&quot;]})"/>
         <system-out><![CDATA[2018-05-12 17:03:52 - [TEST_CASE][FAILED] - Test Cases/Create EMI Inspection: Test Cases/Create EMI Inspection FAILED because (of) Unable to click on object 'Object Repository/FSM1/Control Centre/Create EMI Inspection/Page_JM Control Centre/div_v-filterselect-button' (Root cause: org.openqa.selenium.UnhandledAlertException: unexpected alert open: {Alert text : }
  (Session info: chrome=66.0.3359.139)
  (Driver info: chromedriver=2.35.528161 (5b82f2d2aae0ca24b877009200ced9065a772e73),platform=Windows NT 10.0.14393 x86_64) (WARNING: The server did not provide any stacktrace information)
Command duration or timeout: 0 milliseconds: null
Build info: version: '3.7.1', revision: '8a0099a', time: '2017-11-06T21:07:36.161Z'
System info: host: 'SNDFSMINFSRV001', ip: '10.201.1.17', os.name: 'Windows NT (unknown)', os.arch: 'amd64', os.version: '10.0', java.version: '1.8.0_102'
Driver info: com.kms.katalon.selenium.driver.CChromeDriver
Capabilities {acceptInsecureCerts: false, acceptSslCerts: false, applicationCacheEnabled: false, browserConnectionEnabled: false, browserName: chrome, chrome: {chromedriverVersion: 2.35.528161 (5b82f2d2aae0ca..., userDataDir: C:\Users\JHATFI~1\AppData\L...}, cssSelectorsEnabled: true, databaseEnabled: false, handlesAlerts: true, hasTouchScreen: false, javascriptEnabled: true, locationContextEnabled: true, mobileEmulationEnabled: false, nativeEvents: true, networkConnectionEnabled: false, pageLoadStrategy: normal, platform: XP, platformName: XP, rotatable: false, setWindowRect: true, takesHeapSnapshot: true, takesScreenshot: true, unexpectedAlertBehaviour: , unhandledPromptBehavior: , version: 66.0.3359.139, webStorageEnabled: true}
Session ID: e8eb45bb3b2aaf51234cd3881ea5e58f
*** Element info: {Using=xpath, value=id("jmcontent")/div[@class="v-csslayout v-layout v-widget mainLayout v-csslayout-mainLayout"]/div[@class="v-customcomponent v-widget jm-standard-panel v-customcomponent-jm-standard-panel formBuilderPanel v-customcomponent-formBuilderPanel"]/div[@class="v-csslayout v-layout v-widget"]/div[@class="v-csslayout v-layout v-widget v-has-width v-has-height"]/div[@class="v-filterselect v-widget v-filterselect-error selectField v-filterselect-selectField nicer-field v-filterselect-nicer-field v-required v-filterselect-required v-filterselect-focus"]/div[@class="v-filterselect-button"]})

2018-05-12 17:03:52 - [TEST_STEP][PASSED] - click: Object: 'Object Repository/FSM1/Control Centre/Create EMI Inspection/Page_JM Control Centre/div_Create' is clicked on

2018-05-12 17:03:53 - [MESSAGE][PASSED] - Object: 'Object Repository/FSM1/Control Centre/Create EMI Inspection/Page_JM Control Centre/div_Create' is clicked on

2018-05-12 17:03:53 - [TEST_STEP][PASSED] - setText: Text 'emi' is set on object 'Object Repository/FSM1/Control Centre/Create EMI Inspection/Page_JM Control Centre/input_gwt-uid-8'

2018-05-12 17:03:54 - [MESSAGE][PASSED] - Text 'emi' is set on object 'Object Repository/FSM1/Control Centre/Create EMI Inspection/Page_JM Control Centre/input_gwt-uid-8'

2018-05-12 17:03:55 - [TEST_STEP][PASSED] - click: Object: 'Object Repository/FSM1/Control Centre/Create EMI Inspection/Page_JM Control Centre/span_EMI Inspection' is clicked on

2018-05-12 17:03:55 - [MESSAGE][PASSED] - Object: 'Object Repository/FSM1/Control Centre/Create EMI Inspection/Page_JM Control Centre/span_EMI Inspection' is clicked on

2018-05-12 17:03:55 - [TEST_STEP][PASSED] - setText: Text '5' is set on object 'Object Repository/FSM1/Control Centre/Create EMI Inspection/Page_JM Control Centre/input_gwt-uid-16'

2018-05-12 17:03:57 - [MESSAGE][PASSED] - Text '5' is set on object 'Object Repository/FSM1/Control Centre/Create EMI Inspection/Page_JM Control Centre/input_gwt-uid-16'

2018-05-12 17:03:57 - [TEST_STEP][PASSED] - setText: Text 'we' is set on object 'Object Repository/FSM1/Control Centre/Create EMI Inspection/Page_JM Control Centre/input_gwt-uid-26'

2018-05-12 17:03:58 - [MESSAGE][PASSED] - Text 'we' is set on object 'Object Repository/FSM1/Control Centre/Create EMI Inspection/Page_JM Control Centre/input_gwt-uid-26'

2018-05-12 17:03:58 - [TEST_STEP][PASSED] - click: Object: 'Object Repository/FSM1/Control Centre/Create EMI Inspection/Page_JM Control Centre/span_West' is clicked on

2018-05-12 17:03:58 - [MESSAGE][PASSED] - Object: 'Object Repository/FSM1/Control Centre/Create EMI Inspection/Page_JM Control Centre/span_West' is clicked on

2018-05-12 17:03:58 - [TEST_STEP][FAILED] - click: Unable to click on object 'Object Repository/FSM1/Control Centre/Create EMI Inspection/Page_JM Control Centre/div_v-filterselect-button' (Root cause: org.openqa.selenium.UnhandledAlertException: unexpected alert open: {Alert text : }
  (Session info: chrome=66.0.3359.139)
  (Driver info: chromedriver=2.35.528161 (5b82f2d2aae0ca24b877009200ced9065a772e73),platform=Windows NT 10.0.14393 x86_64) (WARNING: The server did not provide any stacktrace information)
Command duration or timeout: 0 milliseconds: null
Build info: version: '3.7.1', revision: '8a0099a', time: '2017-11-06T21:07:36.161Z'
System info: host: 'SNDFSMINFSRV001', ip: '10.201.1.17', os.name: 'Windows NT (unknown)', os.arch: 'amd64', os.version: '10.0', java.version: '1.8.0_102'
Driver info: com.kms.katalon.selenium.driver.CChromeDriver
Capabilities {acceptInsecureCerts: false, acceptSslCerts: false, applicationCacheEnabled: false, browserConnectionEnabled: false, browserName: chrome, chrome: {chromedriverVersion: 2.35.528161 (5b82f2d2aae0ca..., userDataDir: C:\Users\JHATFI~1\AppData\L...}, cssSelectorsEnabled: true, databaseEnabled: false, handlesAlerts: true, hasTouchScreen: false, javascriptEnabled: true, locationContextEnabled: true, mobileEmulationEnabled: false, nativeEvents: true, networkConnectionEnabled: false, pageLoadStrategy: normal, platform: XP, platformName: XP, rotatable: false, setWindowRect: true, takesHeapSnapshot: true, takesScreenshot: true, unexpectedAlertBehaviour: , unhandledPromptBehavior: , version: 66.0.3359.139, webStorageEnabled: true}
Session ID: e8eb45bb3b2aaf51234cd3881ea5e58f
*** Element info: {Using=xpath, value=id("jmcontent")/div[@class="v-csslayout v-layout v-widget mainLayout v-csslayout-mainLayout"]/div[@class="v-customcomponent v-widget jm-standard-panel v-customcomponent-jm-standard-panel formBuilderPanel v-customcomponent-formBuilderPanel"]/div[@class="v-csslayout v-layout v-widget"]/div[@class="v-csslayout v-layout v-widget v-has-width v-has-height"]/div[@class="v-filterselect v-widget v-filterselect-error selectField v-filterselect-selectField nicer-field v-filterselect-nicer-field v-required v-filterselect-required v-filterselect-focus"]/div[@class="v-filterselect-button"]})

2018-05-12 17:04:19 - [MESSAGE][WARNING] - Switching to default content failed because an alert is presented on page. Please switch to default content after dealing with the alert.

2018-05-12 17:04:19 - [MESSAGE][WARNING] - Cannot take screenshot

2018-05-12 17:04:19 - [MESSAGE][FAILED] - Unable to click on object 'Object Repository/FSM1/Control Centre/Create EMI Inspection/Page_JM Control Centre/div_v-filterselect-button' (Root cause: org.openqa.selenium.UnhandledAlertException: unexpected alert open: {Alert text : }
  (Session info: chrome=66.0.3359.139)
  (Driver info: chromedriver=2.35.528161 (5b82f2d2aae0ca24b877009200ced9065a772e73),platform=Windows NT 10.0.14393 x86_64) (WARNING: The server did not provide any stacktrace information)
Command duration or timeout: 0 milliseconds: null
Build info: version: '3.7.1', revision: '8a0099a', time: '2017-11-06T21:07:36.161Z'
System info: host: 'SNDFSMINFSRV001', ip: '10.201.1.17', os.name: 'Windows NT (unknown)', os.arch: 'amd64', os.version: '10.0', java.version: '1.8.0_102'
Driver info: com.kms.katalon.selenium.driver.CChromeDriver
Capabilities {acceptInsecureCerts: false, acceptSslCerts: false, applicationCacheEnabled: false, browserConnectionEnabled: false, browserName: chrome, chrome: {chromedriverVersion: 2.35.528161 (5b82f2d2aae0ca..., userDataDir: C:\Users\JHATFI~1\AppData\L...}, cssSelectorsEnabled: true, databaseEnabled: false, handlesAlerts: true, hasTouchScreen: false, javascriptEnabled: true, locationContextEnabled: true, mobileEmulationEnabled: false, nativeEvents: true, networkConnectionEnabled: false, pageLoadStrategy: normal, platform: XP, platformName: XP, rotatable: false, setWindowRect: true, takesHeapSnapshot: true, takesScreenshot: true, unexpectedAlertBehaviour: , unhandledPromptBehavior: , version: 66.0.3359.139, webStorageEnabled: true}
Session ID: e8eb45bb3b2aaf51234cd3881ea5e58f
*** Element info: {Using=xpath, value=id("jmcontent")/div[@class="v-csslayout v-layout v-widget mainLayout v-csslayout-mainLayout"]/div[@class="v-customcomponent v-widget jm-standard-panel v-customcomponent-jm-standard-panel formBuilderPanel v-customcomponent-formBuilderPanel"]/div[@class="v-csslayout v-layout v-widget"]/div[@class="v-csslayout v-layout v-widget v-has-width v-has-height"]/div[@class="v-filterselect v-widget v-filterselect-error selectField v-filterselect-selectField nicer-field v-filterselect-nicer-field v-required v-filterselect-required v-filterselect-focus"]/div[@class="v-filterselect-button"]})]]></system-out>
         <system-err><![CDATA[2018-05-12 17:03:52 - [TEST_CASE][FAILED] - Test Cases/Create EMI Inspection: Test Cases/Create EMI Inspection FAILED because (of) Unable to click on object 'Object Repository/FSM1/Control Centre/Create EMI Inspection/Page_JM Control Centre/div_v-filterselect-button' (Root cause: org.openqa.selenium.UnhandledAlertException: unexpected alert open: {Alert text : }
  (Session info: chrome=66.0.3359.139)
  (Driver info: chromedriver=2.35.528161 (5b82f2d2aae0ca24b877009200ced9065a772e73),platform=Windows NT 10.0.14393 x86_64) (WARNING: The server did not provide any stacktrace information)
Command duration or timeout: 0 milliseconds: null
Build info: version: '3.7.1', revision: '8a0099a', time: '2017-11-06T21:07:36.161Z'
System info: host: 'SNDFSMINFSRV001', ip: '10.201.1.17', os.name: 'Windows NT (unknown)', os.arch: 'amd64', os.version: '10.0', java.version: '1.8.0_102'
Driver info: com.kms.katalon.selenium.driver.CChromeDriver
Capabilities {acceptInsecureCerts: false, acceptSslCerts: false, applicationCacheEnabled: false, browserConnectionEnabled: false, browserName: chrome, chrome: {chromedriverVersion: 2.35.528161 (5b82f2d2aae0ca..., userDataDir: C:\Users\JHATFI~1\AppData\L...}, cssSelectorsEnabled: true, databaseEnabled: false, handlesAlerts: true, hasTouchScreen: false, javascriptEnabled: true, locationContextEnabled: true, mobileEmulationEnabled: false, nativeEvents: true, networkConnectionEnabled: false, pageLoadStrategy: normal, platform: XP, platformName: XP, rotatable: false, setWindowRect: true, takesHeapSnapshot: true, takesScreenshot: true, unexpectedAlertBehaviour: , unhandledPromptBehavior: , version: 66.0.3359.139, webStorageEnabled: true}
Session ID: e8eb45bb3b2aaf51234cd3881ea5e58f
*** Element info: {Using=xpath, value=id("jmcontent")/div[@class="v-csslayout v-layout v-widget mainLayout v-csslayout-mainLayout"]/div[@class="v-customcomponent v-widget jm-standard-panel v-customcomponent-jm-standard-panel formBuilderPanel v-customcomponent-formBuilderPanel"]/div[@class="v-csslayout v-layout v-widget"]/div[@class="v-csslayout v-layout v-widget v-has-width v-has-height"]/div[@class="v-filterselect v-widget v-filterselect-error selectField v-filterselect-selectField nicer-field v-filterselect-nicer-field v-required v-filterselect-required v-filterselect-focus"]/div[@class="v-filterselect-button"]})]]></system-err>
      </testcase>
      <system-out><![CDATA[2018-05-12 17:03:32 - [TEST_SUITE][FAILED] - Create New Inspection: Test Cases/Create EMI Inspection FAILED because (of) Unable to click on object 'Object Repository/FSM1/Control Centre/Create EMI Inspection/Page_JM Control Centre/div_v-filterselect-button' (Root cause: org.openqa.selenium.UnhandledAlertException: unexpected alert open: {Alert text : }
  (Session info: chrome=66.0.3359.139)
  (Driver info: chromedriver=2.35.528161 (5b82f2d2aae0ca24b877009200ced9065a772e73),platform=Windows NT 10.0.14393 x86_64) (WARNING: The server did not provide any stacktrace information)
Command duration or timeout: 0 milliseconds: null
Build info: version: '3.7.1', revision: '8a0099a', time: '2017-11-06T21:07:36.161Z'
System info: host: 'SNDFSMINFSRV001', ip: '10.201.1.17', os.name: 'Windows NT (unknown)', os.arch: 'amd64', os.version: '10.0', java.version: '1.8.0_102'
Driver info: com.kms.katalon.selenium.driver.CChromeDriver
Capabilities {acceptInsecureCerts: false, acceptSslCerts: false, applicationCacheEnabled: false, browserConnectionEnabled: false, browserName: chrome, chrome: {chromedriverVersion: 2.35.528161 (5b82f2d2aae0ca..., userDataDir: C:\Users\JHATFI~1\AppData\L...}, cssSelectorsEnabled: true, databaseEnabled: false, handlesAlerts: true, hasTouchScreen: false, javascriptEnabled: true, locationContextEnabled: true, mobileEmulationEnabled: false, nativeEvents: true, networkConnectionEnabled: false, pageLoadStrategy: normal, platform: XP, platformName: XP, rotatable: false, setWindowRect: true, takesHeapSnapshot: true, takesScreenshot: true, unexpectedAlertBehaviour: , unhandledPromptBehavior: , version: 66.0.3359.139, webStorageEnabled: true}
Session ID: e8eb45bb3b2aaf51234cd3881ea5e58f
*** Element info: {Using=xpath, value=id("jmcontent")/div[@class="v-csslayout v-layout v-widget mainLayout v-csslayout-mainLayout"]/div[@class="v-customcomponent v-widget jm-standard-panel v-customcomponent-jm-standard-panel formBuilderPanel v-customcomponent-formBuilderPanel"]/div[@class="v-csslayout v-layout v-widget"]/div[@class="v-csslayout v-layout v-widget v-has-width v-has-height"]/div[@class="v-filterselect v-widget v-filterselect-error selectField v-filterselect-selectField nicer-field v-filterselect-nicer-field v-required v-filterselect-required v-filterselect-focus"]/div[@class="v-filterselect-button"]})]]></system-out>
      <system-err><![CDATA[2018-05-12 17:03:32 - [TEST_SUITE][FAILED] - Create New Inspection: Test Cases/Create EMI Inspection FAILED because (of) Unable to click on object 'Object Repository/FSM1/Control Centre/Create EMI Inspection/Page_JM Control Centre/div_v-filterselect-button' (Root cause: org.openqa.selenium.UnhandledAlertException: unexpected alert open: {Alert text : }
  (Session info: chrome=66.0.3359.139)
  (Driver info: chromedriver=2.35.528161 (5b82f2d2aae0ca24b877009200ced9065a772e73),platform=Windows NT 10.0.14393 x86_64) (WARNING: The server did not provide any stacktrace information)
Command duration or timeout: 0 milliseconds: null
Build info: version: '3.7.1', revision: '8a0099a', time: '2017-11-06T21:07:36.161Z'
System info: host: 'SNDFSMINFSRV001', ip: '10.201.1.17', os.name: 'Windows NT (unknown)', os.arch: 'amd64', os.version: '10.0', java.version: '1.8.0_102'
Driver info: com.kms.katalon.selenium.driver.CChromeDriver
Capabilities {acceptInsecureCerts: false, acceptSslCerts: false, applicationCacheEnabled: false, browserConnectionEnabled: false, browserName: chrome, chrome: {chromedriverVersion: 2.35.528161 (5b82f2d2aae0ca..., userDataDir: C:\Users\JHATFI~1\AppData\L...}, cssSelectorsEnabled: true, databaseEnabled: false, handlesAlerts: true, hasTouchScreen: false, javascriptEnabled: true, locationContextEnabled: true, mobileEmulationEnabled: false, nativeEvents: true, networkConnectionEnabled: false, pageLoadStrategy: normal, platform: XP, platformName: XP, rotatable: false, setWindowRect: true, takesHeapSnapshot: true, takesScreenshot: true, unexpectedAlertBehaviour: , unhandledPromptBehavior: , version: 66.0.3359.139, webStorageEnabled: true}
Session ID: e8eb45bb3b2aaf51234cd3881ea5e58f
*** Element info: {Using=xpath, value=id("jmcontent")/div[@class="v-csslayout v-layout v-widget mainLayout v-csslayout-mainLayout"]/div[@class="v-customcomponent v-widget jm-standard-panel v-customcomponent-jm-standard-panel formBuilderPanel v-customcomponent-formBuilderPanel"]/div[@class="v-csslayout v-layout v-widget"]/div[@class="v-csslayout v-layout v-widget v-has-width v-has-height"]/div[@class="v-filterselect v-widget v-filterselect-error selectField v-filterselect-selectField nicer-field v-filterselect-nicer-field v-required v-filterselect-required v-filterselect-focus"]/div[@class="v-filterselect-button"]})]]></system-err>
   </testsuite>
</testsuites>
