<?xml version="1.0" encoding="UTF-8"?>
<testsuites name="ICW Regression - 190" time="39" tests="1" failures="0" errors="0">
   <testsuite name="ICW Regression - 190" tests="1" failures="0" errors="0" time="39" timestamp="2018-12-16 15:31:29" hostname="jonha - DESKTOP-KMCIR60" id="Test Suites/ICW/ICW Regression - 190">
      <properties>
         <property name="deviceName" value=""/>
         <property name="devicePlatform" value=""/>
         <property name="logFolder" value="C:\\Users\\jonha\\Documents\\Katalon\\APHA\\JM_8.9\\FSM_Regression\\Reports\\ICW\\ICW Regression - 190\\20181216_153127"/>
         <property name="logFiles" value="C:\\Users\\jonha\\Documents\\Katalon\\APHA\\JM_8.9\\FSM_Regression\\Reports\\ICW\\ICW Regression - 190\\20181216_153127\\execution0.log"/>
         <property name="attachments" value=""/>
         <property name="hostName" value="jonha - DESKTOP-KMCIR60"/>
         <property name="os" value="Windows 10 64bit"/>
         <property name="katalonVersion" value="5.9.1.2"/>
         <property name="browser" value="Chrome 70.0.3538.110"/>
         <property name="hostAddress" value="192.168.0.17"/>
         <property name="sessionId" value="690311590cf22f2a5d5601fef62d9154"/>
         <property name="seleniumVersion" value="3.7.1"/>
         <property name="proxyInformation" value="ProxyInformation{proxyOption=NO_PROXY, proxyServerType=HTTP, password=, proxyServerAddress=, proxyServerPort=0}"/>
         <property name="platform" value="Windows 10"/>
      </properties>
      <testcase name="Test Cases/Generic/Launch Job Manager Control Centre - Check Result" classname="Test Cases/Generic/Launch Job Manager Control Centre - Check Result" status="PASSED">
         <system-out><![CDATA[2018-12-16 15:31:30 - [TEST_CASE][PASSED] - Test Cases/Generic/Launch Job Manager Control Centre - Check Result: Test Cases/Generic/Launch Job Manager Control Centre - Check Result

2018-12-16 15:31:30 - [TEST_STEP][PASSED] - openBrowser(""): Browser is opened with url: ''

2018-12-16 15:31:31 - [MESSAGE][INFO] - Starting 'Chrome' driver

2018-12-16 15:31:31 - [MESSAGE][INFO] - Action delay is set to 0 seconds

2018-12-16 15:31:34 - [MESSAGE][PASSED] - Browser is opened with url: ''

2018-12-16 15:31:34 - [TEST_STEP][PASSED] - navigateToUrl(CCURL): Navigate to 'https://kirona-def-6.kirona.com/jmprep/login#!loginView' successfully

2018-12-16 15:31:35 - [MESSAGE][PASSED] - Navigate to 'https://kirona-def-6.kirona.com/jmprep/login#!loginView' successfully

2018-12-16 15:31:35 - [TEST_STEP][PASSED] - setText(findTestObject("FSM1/Control Centre/Page_Job Manager Login/input_gwt-uid-3"), Username): Text 'jon.hatfield' is set on object 'Object Repository/FSM1/Control Centre/Page_Job Manager Login/input_gwt-uid-3'

2018-12-16 15:31:36 - [MESSAGE][PASSED] - Text 'jon.hatfield' is set on object 'Object Repository/FSM1/Control Centre/Page_Job Manager Login/input_gwt-uid-3'

2018-12-16 15:31:36 - [TEST_STEP][PASSED] - setText(findTestObject("FSM1/Control Centre/Page_Job Manager Login/input_gwt-uid-5"), Password): Text 'Fr@nc1sJ0n' is set on object 'Object Repository/FSM1/Control Centre/Page_Job Manager Login/input_gwt-uid-5'

2018-12-16 15:31:36 - [MESSAGE][PASSED] - Text 'Fr@nc1sJ0n' is set on object 'Object Repository/FSM1/Control Centre/Page_Job Manager Login/input_gwt-uid-5'

2018-12-16 15:31:36 - [TEST_STEP][PASSED] - delay(2): Delayed 2 second(s)

2018-12-16 15:31:38 - [MESSAGE][PASSED] - Delayed 2 second(s)

2018-12-16 15:31:38 - [TEST_STEP][PASSED] - click(findTestObject("FSM1/PreProd/Page_Job Manager Login/div_Login")): Object: 'Object Repository/FSM1/PreProd/Page_Job Manager Login/div_Login' is clicked on

2018-12-16 15:31:38 - [MESSAGE][PASSED] - Object: 'Object Repository/FSM1/PreProd/Page_Job Manager Login/div_Login' is clicked on

2018-12-16 15:31:38 - [TEST_STEP][PASSED] - delay(30): Delayed 30 second(s)

2018-12-16 15:32:08 - [MESSAGE][PASSED] - Delayed 30 second(s)]]></system-out>
         <system-err><![CDATA[]]></system-err>
      </testcase>
      <system-out><![CDATA[2018-12-16 15:31:29 - [TEST_SUITE][PASSED] - ICW Regression - 190: Test Cases/Generic/Launch Job Manager Control Centre - Check Result]]></system-out>
      <system-err><![CDATA[]]></system-err>
   </testsuite>
</testsuites>
