<?xml version="1.0" encoding="UTF-8"?>
<testsuites name="ABP Regression" time="107" tests="1" failures="1" errors="0">
   <testsuite name="ABP Regression" tests="1" failures="1" errors="0" time="107" timestamp="2018-03-31 16:00:35" hostname="FSMAutomation - FSMAutomation1.qb5dfdbpfkuuppye2syu0ciute.cwx.internal.cloudapp.net" id="Test Suites/ABP Regression">
      <properties>
         <property name="deviceName" value=""/>
         <property name="devicePlatform" value=""/>
         <property name="logFolder" value="C:\\Users\\FSMAutomation\\Katalon Studio\\FSM\\Reports\\ABP Regression\\20180331_160031"/>
         <property name="logFiles" value="C:\\Users\\FSMAutomation\\Katalon Studio\\FSM\\Reports\\ABP Regression\\20180331_160031\\execution0.log"/>
         <property name="attachments" value="C:\\Users\\FSMAutomation\\Katalon Studio\\FSM\\Reports\\ABP Regression\\20180331_160031\\1522512140893.png"/>
         <property name="hostName" value="FSMAutomation - FSMAutomation1.qb5dfdbpfkuuppye2syu0ciute.cwx.internal.cloudapp.net"/>
         <property name="os" value="Windows 10 64bit"/>
         <property name="katalonVersion" value="5.3.0.1"/>
         <property name="browser" value="Chrome 65.0.3325.181"/>
         <property name="hostAddress" value="10.0.1.4"/>
         <property name="sessionId" value="e9cb9acf36357e209200a317ccc9d869"/>
         <property name="seleniumVersion" value="3.7.1"/>
         <property name="proxyInformation" value="ProxyInformation{proxyOption=NO_PROXY, proxyServerType=HTTP, password=, proxyServerAddress=, proxyServerPort=0}"/>
         <property name="platform" value="Windows 10"/>
      </properties>
      <testcase name="Test Cases/Launch Job Manager" classname="Test Cases/Launch Job Manager" status="PASSED">
         <system-out><![CDATA[2018-03-31 16:00:35 - [TEST_CASE][PASSED] - Test Cases/Launch Job Manager: Test Cases/Launch Job Manager

2018-03-31 16:00:36 - [TEST_STEP][PASSED] - openBrowser: Browser is opened with url: ''

2018-03-31 16:00:40 - [MESSAGE][PASSED] - Browser is opened with url: ''

2018-03-31 16:00:40 - [TEST_STEP][PASSED] - navigateToUrl: Navigate to 'https://kirona-def-2.kirona.com/jmtest/jclient/jclient.html' successfully

2018-03-31 16:00:41 - [MESSAGE][PASSED] - Navigate to 'https://kirona-def-2.kirona.com/jmtest/jclient/jclient.html' successfully

2018-03-31 16:00:41 - [TEST_STEP][PASSED] - setText: Text 'KIR1' is set on object 'Object Repository/FSM1/Launch Application/Page_JClient/input_gwt-TextBox GKH2EKQBMDB'

2018-03-31 16:00:43 - [MESSAGE][PASSED] - Text 'KIR1' is set on object 'Object Repository/FSM1/Launch Application/Page_JClient/input_gwt-TextBox GKH2EKQBMDB'

2018-03-31 16:00:43 - [TEST_STEP][PASSED] - sendKeys: Keys 'ENTER + ' sent to object: 'Object Repository/FSM1/Launch Application/Page_JClient/input_gwt-TextBox GKH2EKQBMDB'

2018-03-31 16:00:44 - [MESSAGE][PASSED] - Keys 'ENTER + ' sent to object: 'Object Repository/FSM1/Launch Application/Page_JClient/input_gwt-TextBox GKH2EKQBMDB'

2018-03-31 16:00:44 - [TEST_STEP][PASSED] - click: Object: 'Object Repository/FSM1/Launch Application/Page_JClient/div_Configure App' is clicked on

2018-03-31 16:00:45 - [MESSAGE][PASSED] - Object: 'Object Repository/FSM1/Launch Application/Page_JClient/div_Configure App' is clicked on

2018-03-31 16:00:45 - [TEST_STEP][PASSED] - setText: Text 'jon.hatfield' is set on object 'Object Repository/FSM1/Launch Application/Page_JClient/input_gwt-TextBox GKH2EKQBNHC'

2018-03-31 16:00:46 - [MESSAGE][PASSED] - Text 'jon.hatfield' is set on object 'Object Repository/FSM1/Launch Application/Page_JClient/input_gwt-TextBox GKH2EKQBNHC'

2018-03-31 16:00:46 - [TEST_STEP][PASSED] - setText: Text 'Fr@nc1sJ0n' is set on object 'Object Repository/FSM1/Launch Application/Page_JClient/input_gwt-PasswordTextBox GKH2'

2018-03-31 16:00:47 - [MESSAGE][PASSED] - Text 'Fr@nc1sJ0n' is set on object 'Object Repository/FSM1/Launch Application/Page_JClient/input_gwt-PasswordTextBox GKH2'

2018-03-31 16:00:47 - [TEST_STEP][PASSED] - click: Object: 'Object Repository/FSM1/Launch Application/Page_JClient/div_Sign In' is clicked on

2018-03-31 16:00:47 - [MESSAGE][PASSED] - Object: 'Object Repository/FSM1/Launch Application/Page_JClient/div_Sign In' is clicked on

2018-03-31 16:00:47 - [TEST_STEP][PASSED] - delay: Delayed 30 second(s)

2018-03-31 16:01:17 - [MESSAGE][PASSED] - Delayed 30 second(s)]]></system-out>
         <system-err><![CDATA[]]></system-err>
      </testcase>
      <testcase name="Test Cases/Select Inspection" classname="Test Cases/Select Inspection" status="FAILED">
         <failure type="FAILED" message="Unable to click on object 'Object Repository/FSM1/Select Inspection/Page_JClient/div_Job TypeABPR01A - Composti' (Root cause: com.kms.katalon.core.webui.exception.WebElementNotFoundException: Web element with id: 'Object Repository/FSM1/Select Inspection/Page_JClient/div_Job TypeABPR01A - Composti' located by 'By.xpath: //div[(text() = 'Job TypeABPR01A - Composting and Biogas PlantJob StatusWITH OPERATIVE on Thu at 11:38Status CommentJob Id30316DescriptionScheduled03/04/2018 07:34 - 03/04/2018 08:34Ref1Ref2SLANo SLAPrimary90 Clopton Road,
Stratford Upon Avon,
CV37 6SNABP Inspection DetailsPlant Type Controlled Hide PlantSECTION I Intermediate Activity/Storage PlantSECTION II Derived Products Storage PlantSECTION III Incineration/Co-Incineration/Combustion PlantsSECTION IV Processing PlantsSECTION IX Purposes Outside of the Food ChainSECTION V Oleo-Chemical PlantsSECTION VI Biogas PlantsSECTION VII Composting PlantsSECTION VIII Petfood PlantsSECTION X Specified UsersSECTION XI Collection CentresSECTION XII -  OF/SI PlantsSECTION XIII Other Registered OperatorsTSE Approved PlantABP Category 123none selected Inspection Type Pre-ApprovalRoutineRoutine Follow UpNon Compliance Follow UpNon Routine re-activeAdviceInspector Grade Required VetTechSequence within Inspection Cycle N/A - Vet or Tech1 - Vet2 - Tech3 - Tech4 - TechUpdated Customer DetailsCustomer IDytCustomer NameytCustomer PhoneOperator DetailsOperator NameOperator PhoneEdit attributesNotesRisk Assessment GuidanceOverride DependencyWITH OPERATIVEScheduleBooking OffersAwaiting Further InformationCreate Follow OnMore DetailsData CaptureFurther Work' or . = 'Job TypeABPR01A - Composting and Biogas PlantJob StatusWITH OPERATIVE on Thu at 11:38Status CommentJob Id30316DescriptionScheduled03/04/2018 07:34 - 03/04/2018 08:34Ref1Ref2SLANo SLAPrimary90 Clopton Road,
Stratford Upon Avon,
CV37 6SNABP Inspection DetailsPlant Type Controlled Hide PlantSECTION I Intermediate Activity/Storage PlantSECTION II Derived Products Storage PlantSECTION III Incineration/Co-Incineration/Combustion PlantsSECTION IV Processing PlantsSECTION IX Purposes Outside of the Food ChainSECTION V Oleo-Chemical PlantsSECTION VI Biogas PlantsSECTION VII Composting PlantsSECTION VIII Petfood PlantsSECTION X Specified UsersSECTION XI Collection CentresSECTION XII -  OF/SI PlantsSECTION XIII Other Registered OperatorsTSE Approved PlantABP Category 123none selected Inspection Type Pre-ApprovalRoutineRoutine Follow UpNon Compliance Follow UpNon Routine re-activeAdviceInspector Grade Required VetTechSequence within Inspection Cycle N/A - Vet or Tech1 - Vet2 - Tech3 - Tech4 - TechUpdated Customer DetailsCustomer IDytCustomer NameytCustomer PhoneOperator DetailsOperator NameOperator PhoneEdit attributesNotesRisk Assessment GuidanceOverride DependencyWITH OPERATIVEScheduleBooking OffersAwaiting Further InformationCreate Follow OnMore DetailsData CaptureFurther Work')]' not found)"/>
         <system-out><![CDATA[2018-03-31 16:01:17 - [TEST_CASE][FAILED] - Test Cases/Select Inspection: Test Cases/Select Inspection FAILED because (of) Unable to click on object 'Object Repository/FSM1/Select Inspection/Page_JClient/div_Job TypeABPR01A - Composti' (Root cause: com.kms.katalon.core.webui.exception.WebElementNotFoundException: Web element with id: 'Object Repository/FSM1/Select Inspection/Page_JClient/div_Job TypeABPR01A - Composti' located by 'By.xpath: //div[(text() = 'Job TypeABPR01A - Composting and Biogas PlantJob StatusWITH OPERATIVE on Thu at 11:38Status CommentJob Id30316DescriptionScheduled03/04/2018 07:34 - 03/04/2018 08:34Ref1Ref2SLANo SLAPrimary90 Clopton Road,
Stratford Upon Avon,
CV37 6SNABP Inspection DetailsPlant Type Controlled Hide PlantSECTION I Intermediate Activity/Storage PlantSECTION II Derived Products Storage PlantSECTION III Incineration/Co-Incineration/Combustion PlantsSECTION IV Processing PlantsSECTION IX Purposes Outside of the Food ChainSECTION V Oleo-Chemical PlantsSECTION VI Biogas PlantsSECTION VII Composting PlantsSECTION VIII Petfood PlantsSECTION X Specified UsersSECTION XI Collection CentresSECTION XII -  OF/SI PlantsSECTION XIII Other Registered OperatorsTSE Approved PlantABP Category 123none selected Inspection Type Pre-ApprovalRoutineRoutine Follow UpNon Compliance Follow UpNon Routine re-activeAdviceInspector Grade Required VetTechSequence within Inspection Cycle N/A - Vet or Tech1 - Vet2 - Tech3 - Tech4 - TechUpdated Customer DetailsCustomer IDytCustomer NameytCustomer PhoneOperator DetailsOperator NameOperator PhoneEdit attributesNotesRisk Assessment GuidanceOverride DependencyWITH OPERATIVEScheduleBooking OffersAwaiting Further InformationCreate Follow OnMore DetailsData CaptureFurther Work' or . = 'Job TypeABPR01A - Composting and Biogas PlantJob StatusWITH OPERATIVE on Thu at 11:38Status CommentJob Id30316DescriptionScheduled03/04/2018 07:34 - 03/04/2018 08:34Ref1Ref2SLANo SLAPrimary90 Clopton Road,
Stratford Upon Avon,
CV37 6SNABP Inspection DetailsPlant Type Controlled Hide PlantSECTION I Intermediate Activity/Storage PlantSECTION II Derived Products Storage PlantSECTION III Incineration/Co-Incineration/Combustion PlantsSECTION IV Processing PlantsSECTION IX Purposes Outside of the Food ChainSECTION V Oleo-Chemical PlantsSECTION VI Biogas PlantsSECTION VII Composting PlantsSECTION VIII Petfood PlantsSECTION X Specified UsersSECTION XI Collection CentresSECTION XII -  OF/SI PlantsSECTION XIII Other Registered OperatorsTSE Approved PlantABP Category 123none selected Inspection Type Pre-ApprovalRoutineRoutine Follow UpNon Compliance Follow UpNon Routine re-activeAdviceInspector Grade Required VetTechSequence within Inspection Cycle N/A - Vet or Tech1 - Vet2 - Tech3 - Tech4 - TechUpdated Customer DetailsCustomer IDytCustomer NameytCustomer PhoneOperator DetailsOperator NameOperator PhoneEdit attributesNotesRisk Assessment GuidanceOverride DependencyWITH OPERATIVEScheduleBooking OffersAwaiting Further InformationCreate Follow OnMore DetailsData CaptureFurther Work')]' not found)

2018-03-31 16:01:18 - [TEST_STEP][PASSED] - delay: Delayed 10 second(s)

2018-03-31 16:01:28 - [MESSAGE][PASSED] - Delayed 10 second(s)

2018-03-31 16:01:28 - [TEST_STEP][PASSED] - click: Object: 'Object Repository/FSM1/Select Inspection/Page_JClient/div_5 Days' is clicked on

2018-03-31 16:01:28 - [MESSAGE][PASSED] - Object: 'Object Repository/FSM1/Select Inspection/Page_JClient/div_5 Days' is clicked on

2018-03-31 16:01:28 - [TEST_STEP][PASSED] - click: Object: 'Object Repository/FSM1/Select Inspection/Landing/Refresh' is clicked on

2018-03-31 16:01:29 - [MESSAGE][PASSED] - Object: 'Object Repository/FSM1/Select Inspection/Landing/Refresh' is clicked on

2018-03-31 16:01:29 - [TEST_STEP][PASSED] - delay: Delayed 20 second(s)

2018-03-31 16:01:49 - [MESSAGE][PASSED] - Delayed 20 second(s)

2018-03-31 16:01:49 - [TEST_STEP][PASSED] - click: Object: 'Object Repository/FSM1/Select Inspection/Page_JClient/div_30316' is clicked on

2018-03-31 16:01:49 - [MESSAGE][PASSED] - Object: 'Object Repository/FSM1/Select Inspection/Page_JClient/div_30316' is clicked on

2018-03-31 16:01:49 - [TEST_STEP][FAILED] - click: Unable to click on object 'Object Repository/FSM1/Select Inspection/Page_JClient/div_Job TypeABPR01A - Composti' (Root cause: com.kms.katalon.core.webui.exception.WebElementNotFoundException: Web element with id: 'Object Repository/FSM1/Select Inspection/Page_JClient/div_Job TypeABPR01A - Composti' located by 'By.xpath: //div[(text() = 'Job TypeABPR01A - Composting and Biogas PlantJob StatusWITH OPERATIVE on Thu at 11:38Status CommentJob Id30316DescriptionScheduled03/04/2018 07:34 - 03/04/2018 08:34Ref1Ref2SLANo SLAPrimary90 Clopton Road,
Stratford Upon Avon,
CV37 6SNABP Inspection DetailsPlant Type Controlled Hide PlantSECTION I Intermediate Activity/Storage PlantSECTION II Derived Products Storage PlantSECTION III Incineration/Co-Incineration/Combustion PlantsSECTION IV Processing PlantsSECTION IX Purposes Outside of the Food ChainSECTION V Oleo-Chemical PlantsSECTION VI Biogas PlantsSECTION VII Composting PlantsSECTION VIII Petfood PlantsSECTION X Specified UsersSECTION XI Collection CentresSECTION XII -  OF/SI PlantsSECTION XIII Other Registered OperatorsTSE Approved PlantABP Category 123none selected Inspection Type Pre-ApprovalRoutineRoutine Follow UpNon Compliance Follow UpNon Routine re-activeAdviceInspector Grade Required VetTechSequence within Inspection Cycle N/A - Vet or Tech1 - Vet2 - Tech3 - Tech4 - TechUpdated Customer DetailsCustomer IDytCustomer NameytCustomer PhoneOperator DetailsOperator NameOperator PhoneEdit attributesNotesRisk Assessment GuidanceOverride DependencyWITH OPERATIVEScheduleBooking OffersAwaiting Further InformationCreate Follow OnMore DetailsData CaptureFurther Work' or . = 'Job TypeABPR01A - Composting and Biogas PlantJob StatusWITH OPERATIVE on Thu at 11:38Status CommentJob Id30316DescriptionScheduled03/04/2018 07:34 - 03/04/2018 08:34Ref1Ref2SLANo SLAPrimary90 Clopton Road,
Stratford Upon Avon,
CV37 6SNABP Inspection DetailsPlant Type Controlled Hide PlantSECTION I Intermediate Activity/Storage PlantSECTION II Derived Products Storage PlantSECTION III Incineration/Co-Incineration/Combustion PlantsSECTION IV Processing PlantsSECTION IX Purposes Outside of the Food ChainSECTION V Oleo-Chemical PlantsSECTION VI Biogas PlantsSECTION VII Composting PlantsSECTION VIII Petfood PlantsSECTION X Specified UsersSECTION XI Collection CentresSECTION XII -  OF/SI PlantsSECTION XIII Other Registered OperatorsTSE Approved PlantABP Category 123none selected Inspection Type Pre-ApprovalRoutineRoutine Follow UpNon Compliance Follow UpNon Routine re-activeAdviceInspector Grade Required VetTechSequence within Inspection Cycle N/A - Vet or Tech1 - Vet2 - Tech3 - Tech4 - TechUpdated Customer DetailsCustomer IDytCustomer NameytCustomer PhoneOperator DetailsOperator NameOperator PhoneEdit attributesNotesRisk Assessment GuidanceOverride DependencyWITH OPERATIVEScheduleBooking OffersAwaiting Further InformationCreate Follow OnMore DetailsData CaptureFurther Work')]' not found)

2018-03-31 16:02:21 - [MESSAGE][FAILED] - Unable to click on object 'Object Repository/FSM1/Select Inspection/Page_JClient/div_Job TypeABPR01A - Composti' (Root cause: com.kms.katalon.core.webui.exception.WebElementNotFoundException: Web element with id: 'Object Repository/FSM1/Select Inspection/Page_JClient/div_Job TypeABPR01A - Composti' located by 'By.xpath: //div[(text() = 'Job TypeABPR01A - Composting and Biogas PlantJob StatusWITH OPERATIVE on Thu at 11:38Status CommentJob Id30316DescriptionScheduled03/04/2018 07:34 - 03/04/2018 08:34Ref1Ref2SLANo SLAPrimary90 Clopton Road,
Stratford Upon Avon,
CV37 6SNABP Inspection DetailsPlant Type Controlled Hide PlantSECTION I Intermediate Activity/Storage PlantSECTION II Derived Products Storage PlantSECTION III Incineration/Co-Incineration/Combustion PlantsSECTION IV Processing PlantsSECTION IX Purposes Outside of the Food ChainSECTION V Oleo-Chemical PlantsSECTION VI Biogas PlantsSECTION VII Composting PlantsSECTION VIII Petfood PlantsSECTION X Specified UsersSECTION XI Collection CentresSECTION XII -  OF/SI PlantsSECTION XIII Other Registered OperatorsTSE Approved PlantABP Category 123none selected Inspection Type Pre-ApprovalRoutineRoutine Follow UpNon Compliance Follow UpNon Routine re-activeAdviceInspector Grade Required VetTechSequence within Inspection Cycle N/A - Vet or Tech1 - Vet2 - Tech3 - Tech4 - TechUpdated Customer DetailsCustomer IDytCustomer NameytCustomer PhoneOperator DetailsOperator NameOperator PhoneEdit attributesNotesRisk Assessment GuidanceOverride DependencyWITH OPERATIVEScheduleBooking OffersAwaiting Further InformationCreate Follow OnMore DetailsData CaptureFurther Work' or . = 'Job TypeABPR01A - Composting and Biogas PlantJob StatusWITH OPERATIVE on Thu at 11:38Status CommentJob Id30316DescriptionScheduled03/04/2018 07:34 - 03/04/2018 08:34Ref1Ref2SLANo SLAPrimary90 Clopton Road,
Stratford Upon Avon,
CV37 6SNABP Inspection DetailsPlant Type Controlled Hide PlantSECTION I Intermediate Activity/Storage PlantSECTION II Derived Products Storage PlantSECTION III Incineration/Co-Incineration/Combustion PlantsSECTION IV Processing PlantsSECTION IX Purposes Outside of the Food ChainSECTION V Oleo-Chemical PlantsSECTION VI Biogas PlantsSECTION VII Composting PlantsSECTION VIII Petfood PlantsSECTION X Specified UsersSECTION XI Collection CentresSECTION XII -  OF/SI PlantsSECTION XIII Other Registered OperatorsTSE Approved PlantABP Category 123none selected Inspection Type Pre-ApprovalRoutineRoutine Follow UpNon Compliance Follow UpNon Routine re-activeAdviceInspector Grade Required VetTechSequence within Inspection Cycle N/A - Vet or Tech1 - Vet2 - Tech3 - Tech4 - TechUpdated Customer DetailsCustomer IDytCustomer NameytCustomer PhoneOperator DetailsOperator NameOperator PhoneEdit attributesNotesRisk Assessment GuidanceOverride DependencyWITH OPERATIVEScheduleBooking OffersAwaiting Further InformationCreate Follow OnMore DetailsData CaptureFurther Work')]' not found)
[[ATTACHMENT|C:\\Users\\FSMAutomation\\Katalon Studio\\FSM\\Reports\\ABP Regression\\20180331_160031\\1522512140893.png]]]]></system-out>
         <system-err><![CDATA[2018-03-31 16:01:17 - [TEST_CASE][FAILED] - Test Cases/Select Inspection: Test Cases/Select Inspection FAILED because (of) Unable to click on object 'Object Repository/FSM1/Select Inspection/Page_JClient/div_Job TypeABPR01A - Composti' (Root cause: com.kms.katalon.core.webui.exception.WebElementNotFoundException: Web element with id: 'Object Repository/FSM1/Select Inspection/Page_JClient/div_Job TypeABPR01A - Composti' located by 'By.xpath: //div[(text() = 'Job TypeABPR01A - Composting and Biogas PlantJob StatusWITH OPERATIVE on Thu at 11:38Status CommentJob Id30316DescriptionScheduled03/04/2018 07:34 - 03/04/2018 08:34Ref1Ref2SLANo SLAPrimary90 Clopton Road,
Stratford Upon Avon,
CV37 6SNABP Inspection DetailsPlant Type Controlled Hide PlantSECTION I Intermediate Activity/Storage PlantSECTION II Derived Products Storage PlantSECTION III Incineration/Co-Incineration/Combustion PlantsSECTION IV Processing PlantsSECTION IX Purposes Outside of the Food ChainSECTION V Oleo-Chemical PlantsSECTION VI Biogas PlantsSECTION VII Composting PlantsSECTION VIII Petfood PlantsSECTION X Specified UsersSECTION XI Collection CentresSECTION XII -  OF/SI PlantsSECTION XIII Other Registered OperatorsTSE Approved PlantABP Category 123none selected Inspection Type Pre-ApprovalRoutineRoutine Follow UpNon Compliance Follow UpNon Routine re-activeAdviceInspector Grade Required VetTechSequence within Inspection Cycle N/A - Vet or Tech1 - Vet2 - Tech3 - Tech4 - TechUpdated Customer DetailsCustomer IDytCustomer NameytCustomer PhoneOperator DetailsOperator NameOperator PhoneEdit attributesNotesRisk Assessment GuidanceOverride DependencyWITH OPERATIVEScheduleBooking OffersAwaiting Further InformationCreate Follow OnMore DetailsData CaptureFurther Work' or . = 'Job TypeABPR01A - Composting and Biogas PlantJob StatusWITH OPERATIVE on Thu at 11:38Status CommentJob Id30316DescriptionScheduled03/04/2018 07:34 - 03/04/2018 08:34Ref1Ref2SLANo SLAPrimary90 Clopton Road,
Stratford Upon Avon,
CV37 6SNABP Inspection DetailsPlant Type Controlled Hide PlantSECTION I Intermediate Activity/Storage PlantSECTION II Derived Products Storage PlantSECTION III Incineration/Co-Incineration/Combustion PlantsSECTION IV Processing PlantsSECTION IX Purposes Outside of the Food ChainSECTION V Oleo-Chemical PlantsSECTION VI Biogas PlantsSECTION VII Composting PlantsSECTION VIII Petfood PlantsSECTION X Specified UsersSECTION XI Collection CentresSECTION XII -  OF/SI PlantsSECTION XIII Other Registered OperatorsTSE Approved PlantABP Category 123none selected Inspection Type Pre-ApprovalRoutineRoutine Follow UpNon Compliance Follow UpNon Routine re-activeAdviceInspector Grade Required VetTechSequence within Inspection Cycle N/A - Vet or Tech1 - Vet2 - Tech3 - Tech4 - TechUpdated Customer DetailsCustomer IDytCustomer NameytCustomer PhoneOperator DetailsOperator NameOperator PhoneEdit attributesNotesRisk Assessment GuidanceOverride DependencyWITH OPERATIVEScheduleBooking OffersAwaiting Further InformationCreate Follow OnMore DetailsData CaptureFurther Work')]' not found)]]></system-err>
      </testcase>
      <system-out><![CDATA[2018-03-31 16:00:35 - [TEST_SUITE][FAILED] - ABP Regression: Test Cases/Select Inspection FAILED because (of) Unable to click on object 'Object Repository/FSM1/Select Inspection/Page_JClient/div_Job TypeABPR01A - Composti' (Root cause: com.kms.katalon.core.webui.exception.WebElementNotFoundException: Web element with id: 'Object Repository/FSM1/Select Inspection/Page_JClient/div_Job TypeABPR01A - Composti' located by 'By.xpath: //div[(text() = 'Job TypeABPR01A - Composting and Biogas PlantJob StatusWITH OPERATIVE on Thu at 11:38Status CommentJob Id30316DescriptionScheduled03/04/2018 07:34 - 03/04/2018 08:34Ref1Ref2SLANo SLAPrimary90 Clopton Road,
Stratford Upon Avon,
CV37 6SNABP Inspection DetailsPlant Type Controlled Hide PlantSECTION I Intermediate Activity/Storage PlantSECTION II Derived Products Storage PlantSECTION III Incineration/Co-Incineration/Combustion PlantsSECTION IV Processing PlantsSECTION IX Purposes Outside of the Food ChainSECTION V Oleo-Chemical PlantsSECTION VI Biogas PlantsSECTION VII Composting PlantsSECTION VIII Petfood PlantsSECTION X Specified UsersSECTION XI Collection CentresSECTION XII -  OF/SI PlantsSECTION XIII Other Registered OperatorsTSE Approved PlantABP Category 123none selected Inspection Type Pre-ApprovalRoutineRoutine Follow UpNon Compliance Follow UpNon Routine re-activeAdviceInspector Grade Required VetTechSequence within Inspection Cycle N/A - Vet or Tech1 - Vet2 - Tech3 - Tech4 - TechUpdated Customer DetailsCustomer IDytCustomer NameytCustomer PhoneOperator DetailsOperator NameOperator PhoneEdit attributesNotesRisk Assessment GuidanceOverride DependencyWITH OPERATIVEScheduleBooking OffersAwaiting Further InformationCreate Follow OnMore DetailsData CaptureFurther Work' or . = 'Job TypeABPR01A - Composting and Biogas PlantJob StatusWITH OPERATIVE on Thu at 11:38Status CommentJob Id30316DescriptionScheduled03/04/2018 07:34 - 03/04/2018 08:34Ref1Ref2SLANo SLAPrimary90 Clopton Road,
Stratford Upon Avon,
CV37 6SNABP Inspection DetailsPlant Type Controlled Hide PlantSECTION I Intermediate Activity/Storage PlantSECTION II Derived Products Storage PlantSECTION III Incineration/Co-Incineration/Combustion PlantsSECTION IV Processing PlantsSECTION IX Purposes Outside of the Food ChainSECTION V Oleo-Chemical PlantsSECTION VI Biogas PlantsSECTION VII Composting PlantsSECTION VIII Petfood PlantsSECTION X Specified UsersSECTION XI Collection CentresSECTION XII -  OF/SI PlantsSECTION XIII Other Registered OperatorsTSE Approved PlantABP Category 123none selected Inspection Type Pre-ApprovalRoutineRoutine Follow UpNon Compliance Follow UpNon Routine re-activeAdviceInspector Grade Required VetTechSequence within Inspection Cycle N/A - Vet or Tech1 - Vet2 - Tech3 - Tech4 - TechUpdated Customer DetailsCustomer IDytCustomer NameytCustomer PhoneOperator DetailsOperator NameOperator PhoneEdit attributesNotesRisk Assessment GuidanceOverride DependencyWITH OPERATIVEScheduleBooking OffersAwaiting Further InformationCreate Follow OnMore DetailsData CaptureFurther Work')]' not found)]]></system-out>
      <system-err><![CDATA[2018-03-31 16:00:35 - [TEST_SUITE][FAILED] - ABP Regression: Test Cases/Select Inspection FAILED because (of) Unable to click on object 'Object Repository/FSM1/Select Inspection/Page_JClient/div_Job TypeABPR01A - Composti' (Root cause: com.kms.katalon.core.webui.exception.WebElementNotFoundException: Web element with id: 'Object Repository/FSM1/Select Inspection/Page_JClient/div_Job TypeABPR01A - Composti' located by 'By.xpath: //div[(text() = 'Job TypeABPR01A - Composting and Biogas PlantJob StatusWITH OPERATIVE on Thu at 11:38Status CommentJob Id30316DescriptionScheduled03/04/2018 07:34 - 03/04/2018 08:34Ref1Ref2SLANo SLAPrimary90 Clopton Road,
Stratford Upon Avon,
CV37 6SNABP Inspection DetailsPlant Type Controlled Hide PlantSECTION I Intermediate Activity/Storage PlantSECTION II Derived Products Storage PlantSECTION III Incineration/Co-Incineration/Combustion PlantsSECTION IV Processing PlantsSECTION IX Purposes Outside of the Food ChainSECTION V Oleo-Chemical PlantsSECTION VI Biogas PlantsSECTION VII Composting PlantsSECTION VIII Petfood PlantsSECTION X Specified UsersSECTION XI Collection CentresSECTION XII -  OF/SI PlantsSECTION XIII Other Registered OperatorsTSE Approved PlantABP Category 123none selected Inspection Type Pre-ApprovalRoutineRoutine Follow UpNon Compliance Follow UpNon Routine re-activeAdviceInspector Grade Required VetTechSequence within Inspection Cycle N/A - Vet or Tech1 - Vet2 - Tech3 - Tech4 - TechUpdated Customer DetailsCustomer IDytCustomer NameytCustomer PhoneOperator DetailsOperator NameOperator PhoneEdit attributesNotesRisk Assessment GuidanceOverride DependencyWITH OPERATIVEScheduleBooking OffersAwaiting Further InformationCreate Follow OnMore DetailsData CaptureFurther Work' or . = 'Job TypeABPR01A - Composting and Biogas PlantJob StatusWITH OPERATIVE on Thu at 11:38Status CommentJob Id30316DescriptionScheduled03/04/2018 07:34 - 03/04/2018 08:34Ref1Ref2SLANo SLAPrimary90 Clopton Road,
Stratford Upon Avon,
CV37 6SNABP Inspection DetailsPlant Type Controlled Hide PlantSECTION I Intermediate Activity/Storage PlantSECTION II Derived Products Storage PlantSECTION III Incineration/Co-Incineration/Combustion PlantsSECTION IV Processing PlantsSECTION IX Purposes Outside of the Food ChainSECTION V Oleo-Chemical PlantsSECTION VI Biogas PlantsSECTION VII Composting PlantsSECTION VIII Petfood PlantsSECTION X Specified UsersSECTION XI Collection CentresSECTION XII -  OF/SI PlantsSECTION XIII Other Registered OperatorsTSE Approved PlantABP Category 123none selected Inspection Type Pre-ApprovalRoutineRoutine Follow UpNon Compliance Follow UpNon Routine re-activeAdviceInspector Grade Required VetTechSequence within Inspection Cycle N/A - Vet or Tech1 - Vet2 - Tech3 - Tech4 - TechUpdated Customer DetailsCustomer IDytCustomer NameytCustomer PhoneOperator DetailsOperator NameOperator PhoneEdit attributesNotesRisk Assessment GuidanceOverride DependencyWITH OPERATIVEScheduleBooking OffersAwaiting Further InformationCreate Follow OnMore DetailsData CaptureFurther Work')]' not found)]]></system-err>
   </testsuite>
</testsuites>
