<?xml version="1.0" encoding="UTF-8"?>
<testsuites name="ICW Regression - 190" time="482" tests="12" failures="1" errors="0">
   <testsuite name="ICW Regression - 190" tests="12" failures="1" errors="0" time="482" timestamp="2018-11-08 10:52:47" hostname="JHATFIELD - SNDFSMINFSRV001.defra.onmicrosoft.com" id="Test Suites/ICW/ICW Regression - 190">
      <properties>
         <property name="deviceName" value=""/>
         <property name="devicePlatform" value=""/>
         <property name="logFolder" value="C:\\Users\\JHATFIELD\\git\\DEFRA-FSM_Automated_Regression_NEW\\Reports\\ICW\\ICW Regression - 190\\20181108_105243"/>
         <property name="logFiles" value="C:\\Users\\JHATFIELD\\git\\DEFRA-FSM_Automated_Regression_NEW\\Reports\\ICW\\ICW Regression - 190\\20181108_105243\\execution0.log"/>
         <property name="attachments" value="C:\\Users\\JHATFIELD\\git\\DEFRA-FSM_Automated_Regression_NEW\\Reports\\ICW\\ICW Regression - 190\\20181108_105243\\1541674629022.png, C:\\Users\\JHATFIELD\\git\\DEFRA-FSM_Automated_Regression_NEW\\Reports\\ICW\\ICW Regression - 190\\20181108_105243\\1541674839030.png, C:\\Users\\JHATFIELD\\git\\DEFRA-FSM_Automated_Regression_NEW\\Reports\\ICW\\ICW Regression - 190\\20181108_105243\\1541674840099.png"/>
         <property name="hostName" value="JHATFIELD - SNDFSMINFSRV001.defra.onmicrosoft.com"/>
         <property name="os" value="Windows Server 2016 64bit"/>
         <property name="katalonVersion" value="5.8.4.14"/>
         <property name="browser" value="Chrome 70.0.3538.77"/>
         <property name="hostAddress" value="10.201.1.17"/>
         <property name="sessionId" value="8b6b8898ce85793921aab6b57e131314"/>
         <property name="seleniumVersion" value="3.7.1"/>
         <property name="proxyInformation" value="ProxyInformation{proxyOption=NO_PROXY, proxyServerType=HTTP, password=, proxyServerAddress=, proxyServerPort=0}"/>
         <property name="platform" value="Windows Server 2016"/>
      </properties>
      <testcase name="Test Cases/Generic/Launch Job Manager Control Centre" classname="Test Cases/Generic/Launch Job Manager Control Centre" status="PASSED">
         <system-out><![CDATA[2018-11-08 10:52:48 - [TEST_CASE][PASSED] - Test Cases/Generic/Launch Job Manager Control Centre: Test Cases/Generic/Launch Job Manager Control Centre

2018-11-08 10:52:49 - [TEST_STEP][PASSED] - openBrowser: Browser is opened with url: ''

2018-11-08 10:52:54 - [MESSAGE][PASSED] - Browser is opened with url: ''

2018-11-08 10:52:54 - [TEST_STEP][PASSED] - navigateToUrl: Navigate to 'https://kirona-def-6.kirona.com/jmprep/login#!loginView' successfully

2018-11-08 10:52:56 - [MESSAGE][PASSED] - Navigate to 'https://kirona-def-6.kirona.com/jmprep/login#!loginView' successfully

2018-11-08 10:52:56 - [TEST_STEP][PASSED] - setText: Text 'jon.hatfield' is set on object 'Object Repository/FSM1/Control Centre/Page_Job Manager Login/input_gwt-uid-3'

2018-11-08 10:52:57 - [MESSAGE][PASSED] - Text 'jon.hatfield' is set on object 'Object Repository/FSM1/Control Centre/Page_Job Manager Login/input_gwt-uid-3'

2018-11-08 10:52:57 - [TEST_STEP][PASSED] - setText: Text 'Fr@nc1sJ0n' is set on object 'Object Repository/FSM1/Control Centre/Page_Job Manager Login/input_gwt-uid-5'

2018-11-08 10:52:58 - [MESSAGE][PASSED] - Text 'Fr@nc1sJ0n' is set on object 'Object Repository/FSM1/Control Centre/Page_Job Manager Login/input_gwt-uid-5'

2018-11-08 10:52:58 - [TEST_STEP][PASSED] - click: Object: 'Object Repository/FSM1/PreProd/Page_Job Manager Login/div_Login' is clicked on

2018-11-08 10:52:58 - [MESSAGE][PASSED] - Object: 'Object Repository/FSM1/PreProd/Page_Job Manager Login/div_Login' is clicked on

2018-11-08 10:52:58 - [TEST_STEP][PASSED] - delay: Delayed 5 second(s)

2018-11-08 10:53:03 - [MESSAGE][PASSED] - Delayed 5 second(s)]]></system-out>
         <system-err><![CDATA[]]></system-err>
      </testcase>
      <testcase name="Test Cases/ABP/Generic/Create ABP Inspection - Manual Assignment" classname="Test Cases/ABP/Generic/Create ABP Inspection - Manual Assignment" status="PASSED">
         <system-out><![CDATA[2018-11-08 10:53:03 - [TEST_CASE][PASSED] - Test Cases/ABP/Generic/Create ABP Inspection - Manual Assignment: Test Cases/ABP/Generic/Create ABP Inspection - Manual Assignment

2018-11-08 10:53:05 - [TEST_STEP][PASSED] - Statement - log = new com.kms.katalon.core.logging.KeywordLogger(): null

2018-11-08 10:53:05 - [TEST_STEP][PASSED] - click: Object: 'Object Repository/FSM1/Create ABP Inspection Manual Ass/Page_JM Control Centre/Page_JM Control Centre/Page_JM Control Centre/div_Create' is clicked on

2018-11-08 10:53:05 - [MESSAGE][PASSED] - Object: 'Object Repository/FSM1/Create ABP Inspection Manual Ass/Page_JM Control Centre/Page_JM Control Centre/Page_JM Control Centre/div_Create' is clicked on

2018-11-08 10:53:05 - [TEST_STEP][PASSED] - click: Object: 'Object Repository/FSM1/Create ABP Inspection Manual Ass/Page_JM Control Centre/Page_JM Control Centre/Page_JM Control Centre/div_v-filterselect-button' is clicked on

2018-11-08 10:53:07 - [MESSAGE][PASSED] - Object: 'Object Repository/FSM1/Create ABP Inspection Manual Ass/Page_JM Control Centre/Page_JM Control Centre/Page_JM Control Centre/div_v-filterselect-button' is clicked on

2018-11-08 10:53:07 - [TEST_STEP][PASSED] - setText: Text 'AB190' is set on object 'Object Repository/FSM1/Create ABP Inspection Manual Ass/Page_JM Control Centre/Page_JM Control Centre/Page_JM Control Centre/input_gwt-uid-8'

2018-11-08 10:53:08 - [MESSAGE][PASSED] - Text 'AB190' is set on object 'Object Repository/FSM1/Create ABP Inspection Manual Ass/Page_JM Control Centre/Page_JM Control Centre/Page_JM Control Centre/input_gwt-uid-8'

2018-11-08 10:53:08 - [TEST_STEP][PASSED] - Statement - ABPInspectionTypeJ = com.kms.katalon.core.webui.keyword.WebUiBuiltInKeywords.modifyObjectProperty(com.kms.katalon.core.testobject.ObjectRepository.findTestObject(Object Repository/FSM1/Create ABP Inspection Manual Ass/Page_JM Control Centre/Page_JM Control Centre/Page_JM Control Centre/span_ABPR01A - Composting and), "text", "equals", ABPInspectionType, true): Modify property of object successfully

2018-11-08 10:53:08 - [MESSAGE][PASSED] - Modify property of object successfully

2018-11-08 10:53:08 - [TEST_STEP][PASSED] - click: Object: 'Object Repository/FSM1/Create ABP Inspection Manual Ass/Page_JM Control Centre/Page_JM Control Centre/Page_JM Control Centre/span_ABPR01A - Composting and' is clicked on

2018-11-08 10:53:09 - [MESSAGE][PASSED] - Object: 'Object Repository/FSM1/Create ABP Inspection Manual Ass/Page_JM Control Centre/Page_JM Control Centre/Page_JM Control Centre/span_ABPR01A - Composting and' is clicked on

2018-11-08 10:53:09 - [TEST_STEP][PASSED] - click: Object: 'Object Repository/FSM1/Create ABP Inspection Manual Ass/Page_JM Control Centre/Page_JM Control Centre/Page_JM Control Centre/div_v-filterselect-button_1' is clicked on

2018-11-08 10:53:11 - [MESSAGE][PASSED] - Object: 'Object Repository/FSM1/Create ABP Inspection Manual Ass/Page_JM Control Centre/Page_JM Control Centre/Page_JM Control Centre/div_v-filterselect-button_1' is clicked on

2018-11-08 10:53:12 - [TEST_STEP][PASSED] - click: Object: 'Object Repository/FSM1/Create ABP Inspection Manual Ass/Page_JM Control Centre/Page_JM Control Centre/Page_JM Control Centre/span_24 Hours' is clicked on

2018-11-08 10:53:12 - [MESSAGE][PASSED] - Object: 'Object Repository/FSM1/Create ABP Inspection Manual Ass/Page_JM Control Centre/Page_JM Control Centre/Page_JM Control Centre/span_24 Hours' is clicked on

2018-11-08 10:53:12 - [TEST_STEP][PASSED] - click: Object: 'Object Repository/FSM1/Create ABP Inspection Manual Ass/Page_JM Control Centre/Page_JM Control Centre/Page_JM Control Centre/div_Region_v-filterselect-butt' is clicked on

2018-11-08 10:53:12 - [MESSAGE][PASSED] - Object: 'Object Repository/FSM1/Create ABP Inspection Manual Ass/Page_JM Control Centre/Page_JM Control Centre/Page_JM Control Centre/div_Region_v-filterselect-butt' is clicked on

2018-11-08 10:53:13 - [TEST_STEP][PASSED] - click: Object: 'Object Repository/FSM1/Create ABP Inspection Manual Ass/Page_JM Control Centre/Page_JM Control Centre/Page_JM Control Centre/td_West' is clicked on

2018-11-08 10:53:13 - [MESSAGE][PASSED] - Object: 'Object Repository/FSM1/Create ABP Inspection Manual Ass/Page_JM Control Centre/Page_JM Control Centre/Page_JM Control Centre/td_West' is clicked on

2018-11-08 10:53:13 - [TEST_STEP][PASSED] - click: Object: 'Object Repository/FSM1/Create ABP Inspection Manual Ass/Page_JM Control Centre/Page_JM Control Centre/Page_JM Control Centre/div_Plant Type_v-filterselect-' is clicked on

2018-11-08 10:53:14 - [MESSAGE][PASSED] - Object: 'Object Repository/FSM1/Create ABP Inspection Manual Ass/Page_JM Control Centre/Page_JM Control Centre/Page_JM Control Centre/div_Plant Type_v-filterselect-' is clicked on

2018-11-08 10:53:14 - [TEST_STEP][PASSED] - click: Object: 'Object Repository/FSM1/Create ABP Inspection Manual Ass/Page_JM Control Centre/Page_JM Control Centre/Page_JM Control Centre/td_SECTION I Intermediate Acti' is clicked on

2018-11-08 10:53:14 - [MESSAGE][PASSED] - Object: 'Object Repository/FSM1/Create ABP Inspection Manual Ass/Page_JM Control Centre/Page_JM Control Centre/Page_JM Control Centre/td_SECTION I Intermediate Acti' is clicked on

2018-11-08 10:53:14 - [TEST_STEP][PASSED] - click: Object: 'Object Repository/FSM1/Create ABP Inspection Manual Ass/Page_JM Control Centre/Page_JM Control Centre/Page_JM Control Centre/div_Inspection Type_v-filterse' is clicked on

2018-11-08 10:53:15 - [MESSAGE][PASSED] - Object: 'Object Repository/FSM1/Create ABP Inspection Manual Ass/Page_JM Control Centre/Page_JM Control Centre/Page_JM Control Centre/div_Inspection Type_v-filterse' is clicked on

2018-11-08 10:53:15 - [TEST_STEP][PASSED] - click: Object: 'Object Repository/FSM1/Create ABP Inspection Manual Ass/Page_JM Control Centre/Page_JM Control Centre/Page_JM Control Centre/td_Routine' is clicked on

2018-11-08 10:53:15 - [MESSAGE][PASSED] - Object: 'Object Repository/FSM1/Create ABP Inspection Manual Ass/Page_JM Control Centre/Page_JM Control Centre/Page_JM Control Centre/td_Routine' is clicked on

2018-11-08 10:53:15 - [TEST_STEP][PASSED] - click: Object: 'Object Repository/FSM1/Create ABP Inspection Manual Ass/Page_JM Control Centre/Page_JM Control Centre/Page_JM Control Centre/div_Inspector Grade Required_v' is clicked on

2018-11-08 10:53:16 - [MESSAGE][PASSED] - Object: 'Object Repository/FSM1/Create ABP Inspection Manual Ass/Page_JM Control Centre/Page_JM Control Centre/Page_JM Control Centre/div_Inspector Grade Required_v' is clicked on

2018-11-08 10:53:16 - [TEST_STEP][PASSED] - click: Object: 'Object Repository/FSM1/Create ABP Inspection Manual Ass/Page_JM Control Centre/Page_JM Control Centre/Page_JM Control Centre/td_Tech' is clicked on

2018-11-08 10:53:16 - [MESSAGE][PASSED] - Object: 'Object Repository/FSM1/Create ABP Inspection Manual Ass/Page_JM Control Centre/Page_JM Control Centre/Page_JM Control Centre/td_Tech' is clicked on

2018-11-08 10:53:17 - [TEST_STEP][PASSED] - click: Object: 'Object Repository/FSM1/Create ABP Inspection Manual Ass/Page_JM Control Centre/Page_JM Control Centre/Page_JM Control Centre/div_Sequence within Inspection' is clicked on

2018-11-08 10:53:17 - [MESSAGE][PASSED] - Object: 'Object Repository/FSM1/Create ABP Inspection Manual Ass/Page_JM Control Centre/Page_JM Control Centre/Page_JM Control Centre/div_Sequence within Inspection' is clicked on

2018-11-08 10:53:17 - [TEST_STEP][PASSED] - click: Object: 'Object Repository/FSM1/Create ABP Inspection Manual Ass/Page_JM Control Centre/Page_JM Control Centre/Page_JM Control Centre/td_2 - Tech' is clicked on

2018-11-08 10:53:18 - [MESSAGE][PASSED] - Object: 'Object Repository/FSM1/Create ABP Inspection Manual Ass/Page_JM Control Centre/Page_JM Control Centre/Page_JM Control Centre/td_2 - Tech' is clicked on

2018-11-08 10:53:18 - [TEST_STEP][PASSED] - setText: Text '84592' is set on object 'Object Repository/FSM1/Create ABP Inspection Manual Ass/Page_JM Control Centre/Page_JM Control Centre/Page_JM Control Centre/input_Customer ID_gwt-uid-40'

2018-11-08 10:53:18 - [MESSAGE][PASSED] - Text '84592' is set on object 'Object Repository/FSM1/Create ABP Inspection Manual Ass/Page_JM Control Centre/Page_JM Control Centre/Page_JM Control Centre/input_Customer ID_gwt-uid-40'

2018-11-08 10:53:18 - [TEST_STEP][PASSED] - setText: Text '80040' is set on object 'Object Repository/FSM1/Create ABP Inspection Manual Ass/Page_JM Control Centre/Page_JM Control Centre/Page_JM Control Centre/input_Unit ID_gwt-uid-42'

2018-11-08 10:53:19 - [MESSAGE][PASSED] - Text '80040' is set on object 'Object Repository/FSM1/Create ABP Inspection Manual Ass/Page_JM Control Centre/Page_JM Control Centre/Page_JM Control Centre/input_Unit ID_gwt-uid-42'

2018-11-08 10:53:19 - [TEST_STEP][PASSED] - setText: Text 'Test Automation' is set on object 'Object Repository/FSM1/Create ABP Inspection Manual Ass/Page_JM Control Centre/Page_JM Control Centre/Page_JM Control Centre/input_Customer Name_gwt-uid-44'

2018-11-08 10:53:20 - [MESSAGE][PASSED] - Text 'Test Automation' is set on object 'Object Repository/FSM1/Create ABP Inspection Manual Ass/Page_JM Control Centre/Page_JM Control Centre/Page_JM Control Centre/input_Customer Name_gwt-uid-44'

2018-11-08 10:53:20 - [TEST_STEP][PASSED] - click: Object: 'Object Repository/FSM1/Create ABP Inspection Manual Ass/Page_JM Control Centre/Page_JM Control Centre/Page_JM Control Centre/span_' is clicked on

2018-11-08 10:53:20 - [MESSAGE][PASSED] - Object: 'Object Repository/FSM1/Create ABP Inspection Manual Ass/Page_JM Control Centre/Page_JM Control Centre/Page_JM Control Centre/span_' is clicked on

2018-11-08 10:53:20 - [TEST_STEP][PASSED] - click: Object: 'Object Repository/FSM1/Create ABP Inspection Manual Ass/Page_JM Control Centre/Page_JM Control Centre/Page_JM Control Centre/Postcode Search' is clicked on

2018-11-08 10:53:22 - [MESSAGE][PASSED] - Object: 'Object Repository/FSM1/Create ABP Inspection Manual Ass/Page_JM Control Centre/Page_JM Control Centre/Page_JM Control Centre/Postcode Search' is clicked on

2018-11-08 10:53:22 - [TEST_STEP][PASSED] - setText: Text 'WR5 2NQ' is set on object 'Object Repository/FSM1/Create ABP Inspection Manual Ass/Page_JM Control Centre/Page_JM Control Centre/Page_JM Control Centre/PostcodeSearch'

2018-11-08 10:53:23 - [MESSAGE][PASSED] - Text 'WR5 2NQ' is set on object 'Object Repository/FSM1/Create ABP Inspection Manual Ass/Page_JM Control Centre/Page_JM Control Centre/Page_JM Control Centre/PostcodeSearch'

2018-11-08 10:53:23 - [TEST_STEP][PASSED] - click: Object: 'Object Repository/FSM1/Control Centre/Create EMI Inspection/Create Address/Page_JM Control Centre (1)/SearchButton' is clicked on

2018-11-08 10:53:23 - [MESSAGE][PASSED] - Object: 'Object Repository/FSM1/Control Centre/Create EMI Inspection/Create Address/Page_JM Control Centre (1)/SearchButton' is clicked on

2018-11-08 10:53:24 - [TEST_STEP][PASSED] - Statement - FullAddress = com.kms.katalon.core.webui.keyword.WebUiBuiltInKeywords.modifyObjectProperty(com.kms.katalon.core.testobject.ObjectRepository.findTestObject(Object Repository/FSM1/Create ABP Inspection Manual Ass/Page_JM Control Centre/Page_JM Control Centre/Page_JM Control Centre/Address), "text", "equals", com.kms.katalon.core.testdata.TestDataFactory.findTestData(Pre Production/ABP/ABP Inspection Data 01a).getValue(3, 1), true): Modify property of object successfully

2018-11-08 10:53:24 - [MESSAGE][PASSED] - Modify property of object successfully

2018-11-08 10:53:24 - [TEST_STEP][PASSED] - click: Object: 'Object Repository/FSM1/Create ABP Inspection Manual Ass/Page_JM Control Centre/Page_JM Control Centre/Page_JM Control Centre/Address' is clicked on

2018-11-08 10:53:25 - [MESSAGE][PASSED] - Object: 'Object Repository/FSM1/Create ABP Inspection Manual Ass/Page_JM Control Centre/Page_JM Control Centre/Page_JM Control Centre/Address' is clicked on

2018-11-08 10:53:25 - [TEST_STEP][PASSED] - click: Object: 'Object Repository/FSM1/Control Centre/Create EMI Inspection/Create Address/Page_JM Control Centre (2)/div_Add Selected Item' is clicked on

2018-11-08 10:53:26 - [MESSAGE][PASSED] - Object: 'Object Repository/FSM1/Control Centre/Create EMI Inspection/Create Address/Page_JM Control Centre (2)/div_Add Selected Item' is clicked on

2018-11-08 10:53:26 - [TEST_STEP][PASSED] - delay: Delayed 2 second(s)

2018-11-08 10:53:28 - [MESSAGE][PASSED] - Delayed 2 second(s)

2018-11-08 10:53:28 - [TEST_STEP][PASSED] - click: Object: 'Object Repository/FSM1/Control Centre/Create EMI Inspection/Finish/Page_JM Control Centre (3)/div_Create' is clicked on

2018-11-08 10:53:28 - [MESSAGE][PASSED] - Object: 'Object Repository/FSM1/Control Centre/Create EMI Inspection/Finish/Page_JM Control Centre (3)/div_Create' is clicked on

2018-11-08 10:53:28 - [TEST_STEP][PASSED] - waitForElementPresent: Object 'Object Repository/FSM1/Create ABP Inspection Manual Ass/Page_JM Control Centre/Page_JM Control Centre/Page_JM Control Centre/div_APPROVED' is present

2018-11-08 10:53:35 - [MESSAGE][PASSED] - Object 'Object Repository/FSM1/Create ABP Inspection Manual Ass/Page_JM Control Centre/Page_JM Control Centre/Page_JM Control Centre/div_APPROVED' is present

2018-11-08 10:53:35 - [TEST_STEP][PASSED] - click: Object: 'Object Repository/FSM1/Create ABP Inspection Manual Ass/Page_JM Control Centre/Page_JM Control Centre/Page_JM Control Centre/span_Schedule' is clicked on

2018-11-08 10:53:35 - [MESSAGE][PASSED] - Object: 'Object Repository/FSM1/Create ABP Inspection Manual Ass/Page_JM Control Centre/Page_JM Control Centre/Page_JM Control Centre/span_Schedule' is clicked on

2018-11-08 10:53:35 - [TEST_STEP][PASSED] - click: Object: 'Object Repository/FSM1/Create ABP Inspection Manual Ass/Page_JM Control Centre/Page_JM Control Centre/Page_JM Control Centre/label_Manual Ownership' is clicked on

2018-11-08 10:53:40 - [MESSAGE][PASSED] - Object: 'Object Repository/FSM1/Create ABP Inspection Manual Ass/Page_JM Control Centre/Page_JM Control Centre/Page_JM Control Centre/label_Manual Ownership' is clicked on

2018-11-08 10:53:40 - [TEST_STEP][PASSED] - setText: Text 'test' is set on object 'Object Repository/FSM1/Create ABP Inspection Manual Ass/Page_JM Control Centre/Page_JM Control Centre/Page_JM Control Centre/input_Owner_gwt-uid-311 (3)'

2018-11-08 10:53:42 - [MESSAGE][PASSED] - Text 'test' is set on object 'Object Repository/FSM1/Create ABP Inspection Manual Ass/Page_JM Control Centre/Page_JM Control Centre/Page_JM Control Centre/input_Owner_gwt-uid-311 (3)'

2018-11-08 10:53:42 - [TEST_STEP][PASSED] - click: Object: 'Object Repository/FSM1/Create ABP Inspection Manual Ass/Page_JM Control Centre/Page_JM Control Centre/Page_JM Control Centre/span_Test Inspector' is clicked on

2018-11-08 10:53:43 - [MESSAGE][PASSED] - Object: 'Object Repository/FSM1/Create ABP Inspection Manual Ass/Page_JM Control Centre/Page_JM Control Centre/Page_JM Control Centre/span_Test Inspector' is clicked on

2018-11-08 10:53:43 - [TEST_STEP][NOT_RUN] - setText: NOT_RUN: setText

2018-11-08 10:53:43 - [MESSAGE][NOT_RUN] - NOT_RUN: setText

2018-11-08 10:53:43 - [TEST_STEP][PASSED] - Statement - mydate = new java.util.Date(): null

2018-11-08 10:53:43 - [TEST_STEP][PASSED] - Statement - tomorrow = mydate.next(): null

2018-11-08 10:53:43 - [TEST_STEP][PASSED] - Statement - formattedDate = tomorrow.format("dd-MMM-yyyy"): null

2018-11-08 10:53:43 - [TEST_STEP][PASSED] - setText: Text '09-Nov-2018' is set on object 'Object Repository/FSM1/Create ABP Inspection Manual Ass/Page_JM Control Centre/Page_JM Control Centre/Page_JM Control Centre/input_From date_gwt-uid-504 (10)'

2018-11-08 10:53:45 - [MESSAGE][PASSED] - Text '09-Nov-2018' is set on object 'Object Repository/FSM1/Create ABP Inspection Manual Ass/Page_JM Control Centre/Page_JM Control Centre/Page_JM Control Centre/input_From date_gwt-uid-504 (10)'

2018-11-08 10:53:45 - [TEST_STEP][PASSED] - setText: Text '09-Nov-2018' is set on object 'Object Repository/FSM1/Create ABP Inspection Manual Ass/Page_JM Control Centre/Page_JM Control Centre/Page_JM Control Centre/input_Due date_gwt-uid-506 (11)'

2018-11-08 10:53:46 - [MESSAGE][PASSED] - Text '09-Nov-2018' is set on object 'Object Repository/FSM1/Create ABP Inspection Manual Ass/Page_JM Control Centre/Page_JM Control Centre/Page_JM Control Centre/input_Due date_gwt-uid-506 (11)'

2018-11-08 10:53:46 - [TEST_STEP][PASSED] - click: Object: 'Object Repository/FSM1/Create ABP Inspection Manual Ass/Page_JM Control Centre/Page_JM Control Centre/Page_JM Control Centre/div_Allocate' is clicked on

2018-11-08 10:53:46 - [MESSAGE][PASSED] - Object: 'Object Repository/FSM1/Create ABP Inspection Manual Ass/Page_JM Control Centre/Page_JM Control Centre/Page_JM Control Centre/div_Allocate' is clicked on

2018-11-08 10:53:47 - [TEST_STEP][PASSED] - Statement - InspectionID = com.kms.katalon.core.webui.keyword.WebUiBuiltInKeywords.getText(com.kms.katalon.core.testobject.ObjectRepository.findTestObject(Object Repository/FSM1/Create ABP Inspection Manual Ass/Page_JM Control Centre/Page_JM Control Centre/Page_JM Control Centre/InspectionID)): Text of object 'Object Repository/FSM1/Create ABP Inspection Manual Ass/Page_JM Control Centre/Page_JM Control Centre/Page_JM Control Centre/InspectionID' is: 'Viewing Job 88778'

2018-11-08 10:53:47 - [MESSAGE][PASSED] - Text of object 'Object Repository/FSM1/Create ABP Inspection Manual Ass/Page_JM Control Centre/Page_JM Control Centre/Page_JM Control Centre/InspectionID' is: 'Viewing Job 88778'

2018-11-08 10:53:47 - [TEST_STEP][PASSED] - Statement - InspectionID = InspectionID.replaceAll("Viewing Job ", ""): null

2018-11-08 10:53:47 - [TEST_STEP][PASSED] - Statement - log.logWarning(InspectionID): 88778

2018-11-08 10:53:47 - [MESSAGE][WARNING] - 88778

2018-11-08 10:53:47 - [TEST_STEP][PASSED] - Statement - temp = InspectionID: null

2018-11-08 10:53:48 - [TEST_STEP][PASSED] - delay: Delayed 90 second(s)

2018-11-08 10:55:18 - [MESSAGE][PASSED] - Delayed 90 second(s)]]></system-out>
         <system-err><![CDATA[]]></system-err>
      </testcase>
      <testcase name="Test Cases/Generic/Launch Job Manager" classname="Test Cases/Generic/Launch Job Manager" status="PASSED">
         <system-out><![CDATA[2018-11-08 10:55:18 - [TEST_CASE][PASSED] - Test Cases/Generic/Launch Job Manager: Test Cases/Generic/Launch Job Manager

2018-11-08 10:55:18 - [TEST_STEP][PASSED] - openBrowser: Browser is opened with url: ''

2018-11-08 10:55:18 - [MESSAGE][WARNING] - A browser is already opened. Closing browser and opening a new one

2018-11-08 10:55:22 - [MESSAGE][PASSED] - Browser is opened with url: ''

2018-11-08 10:55:22 - [TEST_STEP][PASSED] - navigateToUrl: Navigate to 'https://kirona-def-6.kirona.com/jmprep/jclient/jclient.html' successfully

2018-11-08 10:55:23 - [MESSAGE][PASSED] - Navigate to 'https://kirona-def-6.kirona.com/jmprep/jclient/jclient.html' successfully

2018-11-08 10:55:23 - [TEST_STEP][PASSED] - setText: Text 'KIR1' is set on object 'Object Repository/FSM1/Launch Application/Page_JClient/input_gwt-TextBox GKH2EKQBMDB'

2018-11-08 10:55:26 - [MESSAGE][PASSED] - Text 'KIR1' is set on object 'Object Repository/FSM1/Launch Application/Page_JClient/input_gwt-TextBox GKH2EKQBMDB'

2018-11-08 10:55:26 - [TEST_STEP][PASSED] - sendKeys: Keys 'ENTER + ' sent to object: 'Object Repository/FSM1/Launch Application/Page_JClient/input_gwt-TextBox GKH2EKQBMDB'

2018-11-08 10:55:26 - [MESSAGE][PASSED] - Keys 'ENTER + ' sent to object: 'Object Repository/FSM1/Launch Application/Page_JClient/input_gwt-TextBox GKH2EKQBMDB'

2018-11-08 10:55:26 - [TEST_STEP][PASSED] - click: Object: 'Object Repository/FSM1/Launch Application/Page_JClient/div_Configure App' is clicked on

2018-11-08 10:55:26 - [MESSAGE][PASSED] - Object: 'Object Repository/FSM1/Launch Application/Page_JClient/div_Configure App' is clicked on

2018-11-08 10:55:26 - [TEST_STEP][PASSED] - setText: Text 'test.inspector' is set on object 'Object Repository/FSM1/Launch Application/Page_JClient/input_gwt-TextBox GKH2EKQBNHC'

2018-11-08 10:55:28 - [MESSAGE][PASSED] - Text 'test.inspector' is set on object 'Object Repository/FSM1/Launch Application/Page_JClient/input_gwt-TextBox GKH2EKQBNHC'

2018-11-08 10:55:28 - [TEST_STEP][PASSED] - setText: Text 'Password1.' is set on object 'Object Repository/FSM1/Launch Application/Page_JClient/input_gwt-PasswordTextBox GKH2'

2018-11-08 10:55:28 - [MESSAGE][PASSED] - Text 'Password1.' is set on object 'Object Repository/FSM1/Launch Application/Page_JClient/input_gwt-PasswordTextBox GKH2'

2018-11-08 10:55:28 - [TEST_STEP][PASSED] - click: Object: 'Object Repository/FSM1/Launch Application/Page_JClient/div_Sign In' is clicked on

2018-11-08 10:55:29 - [MESSAGE][PASSED] - Object: 'Object Repository/FSM1/Launch Application/Page_JClient/div_Sign In' is clicked on

2018-11-08 10:55:29 - [TEST_STEP][PASSED] - delay: Delayed 15 second(s)

2018-11-08 10:55:44 - [MESSAGE][PASSED] - Delayed 15 second(s)]]></system-out>
         <system-err><![CDATA[]]></system-err>
      </testcase>
      <testcase name="Test Cases/Generic/Select Inspection" classname="Test Cases/Generic/Select Inspection" status="PASSED">
         <system-out><![CDATA[2018-11-08 10:55:44 - [TEST_CASE][PASSED] - Test Cases/Generic/Select Inspection: Test Cases/Generic/Select Inspection

2018-11-08 10:55:44 - [TEST_STEP][PASSED] - delay: Delayed 30 second(s)

2018-11-08 10:56:14 - [MESSAGE][PASSED] - Delayed 30 second(s)

2018-11-08 10:56:14 - [TEST_STEP][PASSED] - waitForElementClickable: Object 'Object Repository/FSM1/Select Inspection/Landing/Refresh' is clickable

2018-11-08 10:56:15 - [MESSAGE][PASSED] - Object 'Object Repository/FSM1/Select Inspection/Landing/Refresh' is clickable

2018-11-08 10:56:15 - [TEST_STEP][PASSED] - click: Object: 'Object Repository/FSM1/Select Inspection/Landing/Refresh' is clicked on

2018-11-08 10:56:15 - [MESSAGE][PASSED] - Object: 'Object Repository/FSM1/Select Inspection/Landing/Refresh' is clicked on

2018-11-08 10:56:15 - [TEST_STEP][PASSED] - waitForElementClickable: Object 'Object Repository/FSM1/Select Inspection/Landing/Refresh' is clickable

2018-11-08 10:56:16 - [MESSAGE][PASSED] - Object 'Object Repository/FSM1/Select Inspection/Landing/Refresh' is clickable

2018-11-08 10:56:16 - [TEST_STEP][NOT_RUN] - delay: NOT_RUN: delay

2018-11-08 10:56:16 - [MESSAGE][NOT_RUN] - NOT_RUN: delay

2018-11-08 10:56:16 - [TEST_STEP][PASSED] - Statement - InspectionRef = com.kms.katalon.core.webui.keyword.WebUiBuiltInKeywords.modifyObjectProperty(com.kms.katalon.core.testobject.ObjectRepository.findTestObject(FSM1/Select Inspection/Landing/Page_JClient/div_35098), "text", "equals", temp, true, STOP_ON_FAILURE): Modify property of object successfully

2018-11-08 10:56:16 - [MESSAGE][PASSED] - Modify property of object successfully

2018-11-08 10:56:16 - [TEST_STEP][PASSED] - delay: Delayed 20 second(s)

2018-11-08 10:56:36 - [MESSAGE][PASSED] - Delayed 20 second(s)

2018-11-08 10:56:36 - [TEST_STEP][PASSED] - Statement - If (com.kms.katalon.core.webui.keyword.WebUiBuiltInKeywords.verifyElementPresent(InspectionRef, 30, OPTIONAL)): com.kms.katalon.core.webui.exception.WebElementNotFoundException: Web element with id: 'Object Repository/FSM1/Select Inspection/Landing/Page_JClient/div_35098' located by 'By.xpath: //div[(text() = '88778' or . = '88778')]' not found

2018-11-08 10:57:10 - [MESSAGE][WARNING] - com.kms.katalon.core.webui.exception.WebElementNotFoundException: Web element with id: 'Object Repository/FSM1/Select Inspection/Landing/Page_JClient/div_35098' located by 'By.xpath: //div[(text() = '88778' or . = '88778')]' not found
[[ATTACHMENT|C:\\Users\\JHATFIELD\\git\\DEFRA-FSM_Automated_Regression_NEW\\Reports\\ICW\\ICW Regression - 190\\20181108_105243\\1541674629022.png]]

2018-11-08 10:57:10 - [TEST_STEP][PASSED] - Statement - Else: Object: 'Object Repository/FSM1/Select Inspection/Landing/Page_JClient/div_35098' is clicked on

2018-11-08 10:57:10 - [TEST_STEP][PASSED] - click: Object: 'Object Repository/FSM1/Select Inspection/Landing/Page_JClient (1)/2 Days' is clicked on

2018-11-08 10:57:10 - [MESSAGE][PASSED] - Object: 'Object Repository/FSM1/Select Inspection/Landing/Page_JClient (1)/2 Days' is clicked on

2018-11-08 10:57:10 - [TEST_STEP][PASSED] - delay: Delayed 3 second(s)

2018-11-08 10:57:13 - [MESSAGE][PASSED] - Delayed 3 second(s)

2018-11-08 10:57:13 - [TEST_STEP][PASSED] - click: Object: 'Object Repository/FSM1/Select Inspection/Landing/Page_JClient/div_35098' is clicked on

2018-11-08 10:57:13 - [MESSAGE][PASSED] - Object: 'Object Repository/FSM1/Select Inspection/Landing/Page_JClient/div_35098' is clicked on

2018-11-08 10:57:13 - [TEST_STEP][PASSED] - click: Object: 'Object Repository/FSM1/Select Inspection/Page_JClient/div_WITH OPERATIVE' is clicked on

2018-11-08 10:57:14 - [MESSAGE][PASSED] - Object: 'Object Repository/FSM1/Select Inspection/Page_JClient/div_WITH OPERATIVE' is clicked on

2018-11-08 10:57:14 - [TEST_STEP][PASSED] - delay: Delayed 2 second(s)

2018-11-08 10:57:16 - [MESSAGE][PASSED] - Delayed 2 second(s)

2018-11-08 10:57:16 - [TEST_STEP][PASSED] - click: Object: 'Object Repository/FSM1/Select Inspection/Page_JClient/div_TRAVELLING' is clicked on

2018-11-08 10:57:16 - [MESSAGE][PASSED] - Object: 'Object Repository/FSM1/Select Inspection/Page_JClient/div_TRAVELLING' is clicked on

2018-11-08 10:57:16 - [TEST_STEP][PASSED] - delay: Delayed 2 second(s)

2018-11-08 10:57:18 - [MESSAGE][PASSED] - Delayed 2 second(s)

2018-11-08 10:57:18 - [TEST_STEP][PASSED] - click: Object: 'Object Repository/FSM1/Select Inspection/Page_JClient/div_TRAVELLING' is clicked on

2018-11-08 10:57:18 - [MESSAGE][PASSED] - Object: 'Object Repository/FSM1/Select Inspection/Page_JClient/div_TRAVELLING' is clicked on

2018-11-08 10:57:18 - [TEST_STEP][PASSED] - delay: Delayed 2 second(s)

2018-11-08 10:57:20 - [MESSAGE][PASSED] - Delayed 2 second(s)

2018-11-08 10:57:20 - [TEST_STEP][PASSED] - click: Object: 'Object Repository/FSM1/Select Inspection/Page_JClient/div_ARRIVED' is clicked on

2018-11-08 10:57:20 - [MESSAGE][PASSED] - Object: 'Object Repository/FSM1/Select Inspection/Page_JClient/div_ARRIVED' is clicked on

2018-11-08 10:57:20 - [TEST_STEP][PASSED] - delay: Delayed 2 second(s)

2018-11-08 10:57:22 - [MESSAGE][PASSED] - Delayed 2 second(s)

2018-11-08 10:57:22 - [TEST_STEP][PASSED] - click: Object: 'Object Repository/FSM1/Select Inspection/Page_JClient/div_ARRIVED' is clicked on

2018-11-08 10:57:23 - [MESSAGE][PASSED] - Object: 'Object Repository/FSM1/Select Inspection/Page_JClient/div_ARRIVED' is clicked on

2018-11-08 10:57:23 - [TEST_STEP][PASSED] - delay: Delayed 4 second(s)

2018-11-08 10:57:27 - [MESSAGE][PASSED] - Delayed 4 second(s)

2018-11-08 10:57:27 - [TEST_STEP][PASSED] - click: Object: 'Object Repository/FSM1/Select Inspection/Page_JClient/div_STARTED' is clicked on

2018-11-08 10:57:27 - [MESSAGE][PASSED] - Object: 'Object Repository/FSM1/Select Inspection/Page_JClient/div_STARTED' is clicked on

2018-11-08 10:57:27 - [TEST_STEP][PASSED] - delay: Delayed 2 second(s)

2018-11-08 10:57:29 - [MESSAGE][PASSED] - Delayed 2 second(s)]]></system-out>
         <system-err><![CDATA[]]></system-err>
      </testcase>
      <testcase name="Test Cases/ABP/ABPR37a/Complete ABP Inspection - Section A - 37" classname="Test Cases/ABP/ABPR37a/Complete ABP Inspection - Section A - 37" status="PASSED">
         <system-out><![CDATA[2018-11-08 10:57:29 - [TEST_CASE][PASSED] - Test Cases/ABP/ABPR37a/Complete ABP Inspection - Section A - 37: Test Cases/ABP/ABPR37a/Complete ABP Inspection - Section A - 37

2018-11-08 10:57:29 - [TEST_STEP][PASSED] - click: Object: 'Object Repository/FSM1/Complete ABP Inspection/ABPR34a - Inspection B/ABPR34a - Section A/Page_JClient/div_Section A Summary of Inspe' is clicked on

2018-11-08 10:57:30 - [MESSAGE][PASSED] - Object: 'Object Repository/FSM1/Complete ABP Inspection/ABPR34a - Inspection B/ABPR34a - Section A/Page_JClient/div_Section A Summary of Inspe' is clicked on

2018-11-08 10:57:30 - [TEST_STEP][PASSED] - delay: Delayed 3 second(s)

2018-11-08 10:57:33 - [MESSAGE][PASSED] - Delayed 3 second(s)

2018-11-08 10:57:33 - [TEST_STEP][PASSED] - click: Object: 'Object Repository/FSM1/Complete ABP Inspection/ABPR34a - Inspection B/ABPR34a - Section A/Page_JClient/input_Yes_radio_group_1' is clicked on

2018-11-08 10:57:33 - [MESSAGE][PASSED] - Object: 'Object Repository/FSM1/Complete ABP Inspection/ABPR34a - Inspection B/ABPR34a - Section A/Page_JClient/input_Yes_radio_group_1' is clicked on

2018-11-08 10:57:33 - [TEST_STEP][PASSED] - click: Object: 'Object Repository/FSM1/Complete ABP Inspection/ABPR34a - Inspection B/ABPR34a - Section A/Page_JClient/input_Yes_radio_group_2' is clicked on

2018-11-08 10:57:34 - [MESSAGE][PASSED] - Object: 'Object Repository/FSM1/Complete ABP Inspection/ABPR34a - Inspection B/ABPR34a - Section A/Page_JClient/input_Yes_radio_group_2' is clicked on

2018-11-08 10:57:34 - [TEST_STEP][PASSED] - click: Object: 'Object Repository/FSM1/Complete ABP Inspection/ABPR34a - Inspection B/ABPR34a - Section A/Page_JClient/input_Yes_radio_group_3' is clicked on

2018-11-08 10:57:34 - [MESSAGE][PASSED] - Object: 'Object Repository/FSM1/Complete ABP Inspection/ABPR34a - Inspection B/ABPR34a - Section A/Page_JClient/input_Yes_radio_group_3' is clicked on

2018-11-08 10:57:34 - [TEST_STEP][PASSED] - click: Object: 'Object Repository/FSM1/Complete ABP Inspection/ABPR34a - Inspection B/ABPR34a - Section A/Page_JClient/input_Yes_radio_group_4' is clicked on

2018-11-08 10:57:34 - [MESSAGE][PASSED] - Object: 'Object Repository/FSM1/Complete ABP Inspection/ABPR34a - Inspection B/ABPR34a - Section A/Page_JClient/input_Yes_radio_group_4' is clicked on

2018-11-08 10:57:34 - [TEST_STEP][PASSED] - click: Object: 'Object Repository/FSM1/Complete ABP Inspection/ABPR34a - Inspection B/ABPR34a - Section A/Page_JClient/input_Yes_radio_group_5' is clicked on

2018-11-08 10:57:34 - [MESSAGE][PASSED] - Object: 'Object Repository/FSM1/Complete ABP Inspection/ABPR34a - Inspection B/ABPR34a - Section A/Page_JClient/input_Yes_radio_group_5' is clicked on

2018-11-08 10:57:34 - [TEST_STEP][PASSED] - selectOptionByValue: All options with value 'S' are selected in object 'Object Repository/FSM1/Complete ABP Inspection/ABPR34a - Inspection B/ABPR34a - Section A/Page_JClient/Page_JClient/Operation'  using regular expression

2018-11-08 10:57:35 - [MESSAGE][PASSED] - All options with value 'S' are selected in object 'Object Repository/FSM1/Complete ABP Inspection/ABPR34a - Inspection B/ABPR34a - Section A/Page_JClient/Page_JClient/Operation'  using regular expression

2018-11-08 10:57:35 - [TEST_STEP][PASSED] - selectOptionByValue: All options with value 'S' are selected in object 'Object Repository/FSM1/Complete ABP Inspection/ABPR34a - Inspection B/ABPR34a - Section A/Page_JClient/Page_JClient/Records'  using regular expression

2018-11-08 10:57:35 - [MESSAGE][PASSED] - All options with value 'S' are selected in object 'Object Repository/FSM1/Complete ABP Inspection/ABPR34a - Inspection B/ABPR34a - Section A/Page_JClient/Page_JClient/Records'  using regular expression

2018-11-08 10:57:35 - [TEST_STEP][PASSED] - selectOptionByValue: All options with value 'S' are selected in object 'Object Repository/FSM1/Complete ABP Inspection/ABPR34a - Inspection B/ABPR34a - Section A/Page_JClient/Page_JClient/Structure'  using regular expression

2018-11-08 10:57:36 - [MESSAGE][PASSED] - All options with value 'S' are selected in object 'Object Repository/FSM1/Complete ABP Inspection/ABPR34a - Inspection B/ABPR34a - Section A/Page_JClient/Page_JClient/Structure'  using regular expression

2018-11-08 10:57:36 - [TEST_STEP][PASSED] - selectOptionByValue: All options with value 'S' are selected in object 'Object Repository/FSM1/Complete ABP Inspection/ABPR34a - Inspection B/ABPR34a - Section A/Page_JClient/Page_JClient/SRM'  using regular expression

2018-11-08 10:57:36 - [MESSAGE][PASSED] - All options with value 'S' are selected in object 'Object Repository/FSM1/Complete ABP Inspection/ABPR34a - Inspection B/ABPR34a - Section A/Page_JClient/Page_JClient/SRM'  using regular expression

2018-11-08 10:57:36 - [TEST_STEP][PASSED] - click: Object: 'Object Repository/FSM1/Complete ABP Inspection/ABPR34a - Inspection B/ABPR34a - Section A/Page_JClient/input_Yes_radio_group_14' is clicked on

2018-11-08 10:57:36 - [MESSAGE][PASSED] - Object: 'Object Repository/FSM1/Complete ABP Inspection/ABPR34a - Inspection B/ABPR34a - Section A/Page_JClient/input_Yes_radio_group_14' is clicked on

2018-11-08 10:57:36 - [TEST_STEP][PASSED] - click: Object: 'Object Repository/FSM1/Complete ABP Inspection/ABPR34a - Inspection B/ABPR34a - Section A/Page_JClient/input_Yes_radio_group_15' is clicked on

2018-11-08 10:57:37 - [MESSAGE][PASSED] - Object: 'Object Repository/FSM1/Complete ABP Inspection/ABPR34a - Inspection B/ABPR34a - Section A/Page_JClient/input_Yes_radio_group_15' is clicked on

2018-11-08 10:57:37 - [TEST_STEP][PASSED] - selectOptionByValue: All options with value 'Continue with current approval' are selected in object 'Object Repository/FSM1/Complete ABP Inspection/ABPR34a - Inspection B/ABPR34a - Section A/Page_JClient/select_(a) Continue with curre'  using regular expression

2018-11-08 10:57:37 - [MESSAGE][PASSED] - All options with value 'Continue with current approval' are selected in object 'Object Repository/FSM1/Complete ABP Inspection/ABPR34a - Inspection B/ABPR34a - Section A/Page_JClient/select_(a) Continue with curre'  using regular expression

2018-11-08 10:57:37 - [TEST_STEP][PASSED] - click: Object: 'Object Repository/FSM1/Complete ABP Inspection/ABPR34a - Inspection B/ABPR34a - Section A/Page_JClient/input_Yes_radio_group_16' is clicked on

2018-11-08 10:57:37 - [MESSAGE][PASSED] - Object: 'Object Repository/FSM1/Complete ABP Inspection/ABPR34a - Inspection B/ABPR34a - Section A/Page_JClient/input_Yes_radio_group_16' is clicked on

2018-11-08 10:57:37 - [TEST_STEP][PASSED] - click: Object: 'Object Repository/FSM1/Complete ABP Inspection/ABPR34a - Inspection B/ABPR34a - Section A/Page_JClient/input_Yes_radio_group_17' is clicked on

2018-11-08 10:57:38 - [MESSAGE][PASSED] - Object: 'Object Repository/FSM1/Complete ABP Inspection/ABPR34a - Inspection B/ABPR34a - Section A/Page_JClient/input_Yes_radio_group_17' is clicked on

2018-11-08 10:57:38 - [TEST_STEP][PASSED] - click: Object: 'Object Repository/FSM1/Complete ABP Inspection/ABPR34a - Inspection B/ABPR34a - Section A/Page_JClient/input_Yes_radio_group_18' is clicked on

2018-11-08 10:57:38 - [MESSAGE][PASSED] - Object: 'Object Repository/FSM1/Complete ABP Inspection/ABPR34a - Inspection B/ABPR34a - Section A/Page_JClient/input_Yes_radio_group_18' is clicked on

2018-11-08 10:57:38 - [TEST_STEP][PASSED] - click: Object: 'Object Repository/Complete ABPR37 - Section B/Page_JClient/Page_JClient/input_Yes_radio_group_19' is clicked on

2018-11-08 10:57:38 - [MESSAGE][PASSED] - Object: 'Object Repository/Complete ABPR37 - Section B/Page_JClient/Page_JClient/input_Yes_radio_group_19' is clicked on

2018-11-08 10:57:38 - [TEST_STEP][PASSED] - setText: Text '10' is set on object 'Object Repository/FSM1/Complete ABP Inspection/ABPR34a - Inspection B/ABPR34a - Section A/Page_JClient/input_Chargeable time (minutes'

2018-11-08 10:57:38 - [MESSAGE][PASSED] - Text '10' is set on object 'Object Repository/FSM1/Complete ABP Inspection/ABPR34a - Inspection B/ABPR34a - Section A/Page_JClient/input_Chargeable time (minutes'

2018-11-08 10:57:38 - [TEST_STEP][PASSED] - click: Object: 'Object Repository/FSM1/Complete ABP Inspection/ABPR34a - Inspection B/ABPR34a - Section A/Page_JClient/div_Save' is clicked on

2018-11-08 10:57:39 - [MESSAGE][PASSED] - Object: 'Object Repository/FSM1/Complete ABP Inspection/ABPR34a - Inspection B/ABPR34a - Section A/Page_JClient/div_Save' is clicked on]]></system-out>
         <system-err><![CDATA[]]></system-err>
      </testcase>
      <testcase name="Test Cases/ICW/AB190/Complete AB190 Inspection - Section B" classname="Test Cases/ICW/AB190/Complete AB190 Inspection - Section B" status="PASSED">
         <system-out><![CDATA[2018-11-08 10:57:39 - [TEST_CASE][PASSED] - Test Cases/ICW/AB190/Complete AB190 Inspection - Section B: Test Cases/ICW/AB190/Complete AB190 Inspection - Section B

2018-11-08 10:57:39 - [TEST_STEP][PASSED] - click: Object: 'Object Repository/FSM1/Complete 190/Page_JClient/div_Section B Inspection Detai' is clicked on

2018-11-08 10:57:40 - [MESSAGE][PASSED] - Object: 'Object Repository/FSM1/Complete 190/Page_JClient/div_Section B Inspection Detai' is clicked on

2018-11-08 10:57:40 - [TEST_STEP][PASSED] - delay: Delayed 3 second(s)

2018-11-08 10:57:43 - [MESSAGE][PASSED] - Delayed 3 second(s)

2018-11-08 10:57:43 - [TEST_STEP][PASSED] - setText: Text 'Test automation' is set on object 'Object Repository/FSM1/Complete 190/Page_JClient/textarea_Airports serviced_gwt'

2018-11-08 10:57:43 - [MESSAGE][PASSED] - Text 'Test automation' is set on object 'Object Repository/FSM1/Complete 190/Page_JClient/textarea_Airports serviced_gwt'

2018-11-08 10:57:43 - [TEST_STEP][PASSED] - click: Object: 'Object Repository/FSM1/Complete 190/Page_JClient/input_Airports serviced_radio_' is clicked on

2018-11-08 10:57:43 - [MESSAGE][PASSED] - Object: 'Object Repository/FSM1/Complete 190/Page_JClient/input_Airports serviced_radio_' is clicked on

2018-11-08 10:57:43 - [TEST_STEP][PASSED] - click: Object: 'Object Repository/FSM1/Complete 190/Page_JClient/input_No_radio_group_21' is clicked on

2018-11-08 10:57:44 - [MESSAGE][PASSED] - Object: 'Object Repository/FSM1/Complete 190/Page_JClient/input_No_radio_group_21' is clicked on

2018-11-08 10:57:44 - [TEST_STEP][PASSED] - click: Object: 'Object Repository/FSM1/Complete 190/Page_JClient/input_No_radio_group_22' is clicked on

2018-11-08 10:57:44 - [MESSAGE][PASSED] - Object: 'Object Repository/FSM1/Complete 190/Page_JClient/input_No_radio_group_22' is clicked on

2018-11-08 10:57:44 - [TEST_STEP][PASSED] - click: Object: 'Object Repository/FSM1/Complete 190/Page_JClient/input_Are there adequate proce' is clicked on

2018-11-08 10:57:44 - [MESSAGE][PASSED] - Object: 'Object Repository/FSM1/Complete 190/Page_JClient/input_Are there adequate proce' is clicked on

2018-11-08 10:57:44 - [TEST_STEP][PASSED] - click: Object: 'Object Repository/FSM1/Complete 190/Page_JClient/input_Premises_radio_group_24' is clicked on

2018-11-08 10:57:44 - [MESSAGE][PASSED] - Object: 'Object Repository/FSM1/Complete 190/Page_JClient/input_Premises_radio_group_24' is clicked on

2018-11-08 10:57:44 - [TEST_STEP][PASSED] - click: Object: 'Object Repository/FSM1/Complete 190/Page_JClient/input_No_radio_group_25' is clicked on

2018-11-08 10:57:44 - [MESSAGE][PASSED] - Object: 'Object Repository/FSM1/Complete 190/Page_JClient/input_No_radio_group_25' is clicked on

2018-11-08 10:57:44 - [TEST_STEP][PASSED] - click: Object: 'Object Repository/FSM1/Complete 190/Page_JClient/input_No_radio_group_26' is clicked on

2018-11-08 10:57:45 - [MESSAGE][PASSED] - Object: 'Object Repository/FSM1/Complete 190/Page_JClient/input_No_radio_group_26' is clicked on

2018-11-08 10:57:45 - [TEST_STEP][PASSED] - click: Object: 'Object Repository/FSM1/Complete 190/Page_JClient/input_NA_radio_group_27' is clicked on

2018-11-08 10:57:45 - [MESSAGE][PASSED] - Object: 'Object Repository/FSM1/Complete 190/Page_JClient/input_NA_radio_group_27' is clicked on

2018-11-08 10:57:45 - [TEST_STEP][PASSED] - click: Object: 'Object Repository/FSM1/Complete 190/Page_JClient/input_Structure_radio_group_28' is clicked on

2018-11-08 10:57:45 - [MESSAGE][PASSED] - Object: 'Object Repository/FSM1/Complete 190/Page_JClient/input_Structure_radio_group_28' is clicked on

2018-11-08 10:57:45 - [TEST_STEP][PASSED] - click: Object: 'Object Repository/FSM1/Complete 190/Page_JClient/input_No_radio_group_29' is clicked on

2018-11-08 10:57:45 - [MESSAGE][PASSED] - Object: 'Object Repository/FSM1/Complete 190/Page_JClient/input_No_radio_group_29' is clicked on

2018-11-08 10:57:45 - [TEST_STEP][PASSED] - click: Object: 'Object Repository/FSM1/Complete 190/Page_JClient/input_No_radio_group_30' is clicked on

2018-11-08 10:57:45 - [MESSAGE][PASSED] - Object: 'Object Repository/FSM1/Complete 190/Page_JClient/input_No_radio_group_30' is clicked on

2018-11-08 10:57:45 - [TEST_STEP][PASSED] - click: Object: 'Object Repository/FSM1/Complete 190/Page_JClient/input_No_radio_group_31' is clicked on

2018-11-08 10:57:45 - [MESSAGE][PASSED] - Object: 'Object Repository/FSM1/Complete 190/Page_JClient/input_No_radio_group_31' is clicked on

2018-11-08 10:57:45 - [TEST_STEP][PASSED] - click: Object: 'Object Repository/FSM1/Complete 190/Page_JClient/input_No_radio_group_32' is clicked on

2018-11-08 10:57:46 - [MESSAGE][PASSED] - Object: 'Object Repository/FSM1/Complete 190/Page_JClient/input_No_radio_group_32' is clicked on

2018-11-08 10:57:46 - [TEST_STEP][PASSED] - click: Object: 'Object Repository/FSM1/Complete 190/Page_JClient/input_No_radio_group_33' is clicked on

2018-11-08 10:57:46 - [MESSAGE][PASSED] - Object: 'Object Repository/FSM1/Complete 190/Page_JClient/input_No_radio_group_33' is clicked on

2018-11-08 10:57:46 - [TEST_STEP][PASSED] - click: Object: 'Object Repository/FSM1/Complete 190/Page_JClient/input_No_radio_group_34' is clicked on

2018-11-08 10:57:46 - [MESSAGE][PASSED] - Object: 'Object Repository/FSM1/Complete 190/Page_JClient/input_No_radio_group_34' is clicked on

2018-11-08 10:57:46 - [TEST_STEP][PASSED] - click: Object: 'Object Repository/FSM1/Complete 190/Page_JClient/input_No_radio_group_35' is clicked on

2018-11-08 10:57:46 - [MESSAGE][PASSED] - Object: 'Object Repository/FSM1/Complete 190/Page_JClient/input_No_radio_group_35' is clicked on

2018-11-08 10:57:46 - [TEST_STEP][PASSED] - click: Object: 'Object Repository/FSM1/Complete 190/Page_JClient/input_No_radio_group_36' is clicked on

2018-11-08 10:57:46 - [MESSAGE][PASSED] - Object: 'Object Repository/FSM1/Complete 190/Page_JClient/input_No_radio_group_36' is clicked on

2018-11-08 10:57:46 - [TEST_STEP][PASSED] - click: Object: 'Object Repository/FSM1/Complete 190/Page_JClient/input_No_radio_group_37' is clicked on

2018-11-08 10:57:47 - [MESSAGE][PASSED] - Object: 'Object Repository/FSM1/Complete 190/Page_JClient/input_No_radio_group_37' is clicked on

2018-11-08 10:57:47 - [TEST_STEP][PASSED] - click: Object: 'Object Repository/FSM1/Complete 190/Page_JClient/input_No_radio_group_38' is clicked on

2018-11-08 10:57:47 - [MESSAGE][PASSED] - Object: 'Object Repository/FSM1/Complete 190/Page_JClient/input_No_radio_group_38' is clicked on

2018-11-08 10:57:47 - [TEST_STEP][PASSED] - click: Object: 'Object Repository/FSM1/Complete 190/Page_JClient/input_Storage_radio_group_39' is clicked on

2018-11-08 10:57:47 - [MESSAGE][PASSED] - Object: 'Object Repository/FSM1/Complete 190/Page_JClient/input_Storage_radio_group_39' is clicked on

2018-11-08 10:57:47 - [TEST_STEP][PASSED] - click: Object: 'Object Repository/FSM1/Complete 190/Page_JClient/input_No_radio_group_40' is clicked on

2018-11-08 10:57:47 - [MESSAGE][PASSED] - Object: 'Object Repository/FSM1/Complete 190/Page_JClient/input_No_radio_group_40' is clicked on

2018-11-08 10:57:47 - [TEST_STEP][PASSED] - click: Object: 'Object Repository/FSM1/Complete 190/Page_JClient/input_a. Are compactorsbins si' is clicked on

2018-11-08 10:57:47 - [MESSAGE][PASSED] - Object: 'Object Repository/FSM1/Complete 190/Page_JClient/input_a. Are compactorsbins si' is clicked on

2018-11-08 10:57:47 - [TEST_STEP][PASSED] - click: Object: 'Object Repository/FSM1/Complete 190/Page_JClient/input_No_radio_group_42' is clicked on

2018-11-08 10:57:48 - [MESSAGE][PASSED] - Object: 'Object Repository/FSM1/Complete 190/Page_JClient/input_No_radio_group_42' is clicked on

2018-11-08 10:57:48 - [TEST_STEP][PASSED] - click: Object: 'Object Repository/FSM1/Complete 190/Page_JClient/input_No_radio_group_43' is clicked on

2018-11-08 10:57:48 - [MESSAGE][PASSED] - Object: 'Object Repository/FSM1/Complete 190/Page_JClient/input_No_radio_group_43' is clicked on

2018-11-08 10:57:48 - [TEST_STEP][PASSED] - click: Object: 'Object Repository/FSM1/Complete 190/Page_JClient/input_NA_radio_group_44' is clicked on

2018-11-08 10:57:48 - [MESSAGE][PASSED] - Object: 'Object Repository/FSM1/Complete 190/Page_JClient/input_NA_radio_group_44' is clicked on

2018-11-08 10:57:48 - [TEST_STEP][PASSED] - click: Object: 'Object Repository/FSM1/Complete 190/Page_JClient/input_Cleaning_radio_group_45' is clicked on

2018-11-08 10:57:48 - [MESSAGE][PASSED] - Object: 'Object Repository/FSM1/Complete 190/Page_JClient/input_Cleaning_radio_group_45' is clicked on

2018-11-08 10:57:48 - [TEST_STEP][PASSED] - click: Object: 'Object Repository/FSM1/Complete 190/Page_JClient/input_concat(Plant  s Own Chec' is clicked on

2018-11-08 10:57:48 - [MESSAGE][PASSED] - Object: 'Object Repository/FSM1/Complete 190/Page_JClient/input_concat(Plant  s Own Chec' is clicked on

2018-11-08 10:57:48 - [TEST_STEP][PASSED] - click: Object: 'Object Repository/FSM1/Complete 190/Page_JClient/input_NA_radio_group_47' is clicked on

2018-11-08 10:57:49 - [MESSAGE][PASSED] - Object: 'Object Repository/FSM1/Complete 190/Page_JClient/input_NA_radio_group_47' is clicked on

2018-11-08 10:57:49 - [TEST_STEP][PASSED] - click: Object: 'Object Repository/FSM1/Complete 190/Page_JClient/input_NA_radio_group_48' is clicked on

2018-11-08 10:57:49 - [MESSAGE][PASSED] - Object: 'Object Repository/FSM1/Complete 190/Page_JClient/input_NA_radio_group_48' is clicked on

2018-11-08 10:57:49 - [TEST_STEP][PASSED] - click: Object: 'Object Repository/FSM1/Complete 190/Page_JClient/input_No_radio_group_49' is clicked on

2018-11-08 10:57:49 - [MESSAGE][PASSED] - Object: 'Object Repository/FSM1/Complete 190/Page_JClient/input_No_radio_group_49' is clicked on

2018-11-08 10:57:49 - [TEST_STEP][PASSED] - click: Object: 'Object Repository/FSM1/Complete 190/Page_JClient/input_(b) Identify the CCPs at' is clicked on

2018-11-08 10:57:49 - [MESSAGE][PASSED] - Object: 'Object Repository/FSM1/Complete 190/Page_JClient/input_(b) Identify the CCPs at' is clicked on

2018-11-08 10:57:49 - [TEST_STEP][PASSED] - click: Object: 'Object Repository/FSM1/Complete 190/Page_JClient/input_(c) Establish critical l' is clicked on

2018-11-08 10:57:49 - [MESSAGE][PASSED] - Object: 'Object Repository/FSM1/Complete 190/Page_JClient/input_(c) Establish critical l' is clicked on

2018-11-08 10:57:49 - [TEST_STEP][PASSED] - click: Object: 'Object Repository/FSM1/Complete 190/Page_JClient/input_(d) Establish procedures' is clicked on

2018-11-08 10:57:50 - [MESSAGE][PASSED] - Object: 'Object Repository/FSM1/Complete 190/Page_JClient/input_(d) Establish procedures' is clicked on

2018-11-08 10:57:50 - [TEST_STEP][PASSED] - click: Object: 'Object Repository/FSM1/Complete 190/Page_JClient/input_(e) Establish corrective' is clicked on

2018-11-08 10:57:50 - [MESSAGE][PASSED] - Object: 'Object Repository/FSM1/Complete 190/Page_JClient/input_(e) Establish corrective' is clicked on

2018-11-08 10:57:50 - [TEST_STEP][PASSED] - click: Object: 'Object Repository/FSM1/Complete 190/Page_JClient/input_(f) Establish procedures' is clicked on

2018-11-08 10:57:50 - [MESSAGE][PASSED] - Object: 'Object Repository/FSM1/Complete 190/Page_JClient/input_(f) Establish procedures' is clicked on

2018-11-08 10:57:50 - [TEST_STEP][PASSED] - click: Object: 'Object Repository/FSM1/Complete 190/Page_JClient/input_NA_radio_group_55' is clicked on

2018-11-08 10:57:50 - [MESSAGE][PASSED] - Object: 'Object Repository/FSM1/Complete 190/Page_JClient/input_NA_radio_group_55' is clicked on

2018-11-08 10:57:50 - [TEST_STEP][PASSED] - click: Object: 'Object Repository/FSM1/Complete 190/Page_JClient/input_Disposal_radio_group_56' is clicked on

2018-11-08 10:57:50 - [MESSAGE][PASSED] - Object: 'Object Repository/FSM1/Complete 190/Page_JClient/input_Disposal_radio_group_56' is clicked on

2018-11-08 10:57:50 - [TEST_STEP][PASSED] - click: Object: 'Object Repository/FSM1/Complete 190/Page_JClient/input_No_radio_group_57' is clicked on

2018-11-08 10:57:51 - [MESSAGE][PASSED] - Object: 'Object Repository/FSM1/Complete 190/Page_JClient/input_No_radio_group_57' is clicked on

2018-11-08 10:57:51 - [TEST_STEP][PASSED] - click: Object: 'Object Repository/FSM1/Complete 190/Page_JClient/input_Collection and Transport' is clicked on

2018-11-08 10:57:51 - [MESSAGE][PASSED] - Object: 'Object Repository/FSM1/Complete 190/Page_JClient/input_Collection and Transport' is clicked on

2018-11-08 10:57:51 - [TEST_STEP][PASSED] - click: Object: 'Object Repository/FSM1/Complete 190/Page_JClient/input_NA_radio_group_59' is clicked on

2018-11-08 10:57:51 - [MESSAGE][PASSED] - Object: 'Object Repository/FSM1/Complete 190/Page_JClient/input_NA_radio_group_59' is clicked on

2018-11-08 10:57:51 - [TEST_STEP][PASSED] - click: Object: 'Object Repository/FSM1/Complete 190/Page_JClient/input_No_radio_group_60' is clicked on

2018-11-08 10:57:51 - [MESSAGE][PASSED] - Object: 'Object Repository/FSM1/Complete 190/Page_JClient/input_No_radio_group_60' is clicked on

2018-11-08 10:57:51 - [TEST_STEP][PASSED] - click: Object: 'Object Repository/FSM1/Complete 190/Page_JClient/input_provided that in the opi' is clicked on

2018-11-08 10:57:51 - [MESSAGE][PASSED] - Object: 'Object Repository/FSM1/Complete 190/Page_JClient/input_provided that in the opi' is clicked on

2018-11-08 10:57:51 - [TEST_STEP][PASSED] - click: Object: 'Object Repository/FSM1/Complete 190/Page_JClient/input_Records_radio_group_62' is clicked on

2018-11-08 10:57:52 - [MESSAGE][PASSED] - Object: 'Object Repository/FSM1/Complete 190/Page_JClient/input_Records_radio_group_62' is clicked on

2018-11-08 10:57:52 - [TEST_STEP][PASSED] - click: Object: 'Object Repository/FSM1/Complete 190/Page_JClient/input_If records have not been' is clicked on

2018-11-08 10:57:52 - [MESSAGE][PASSED] - Object: 'Object Repository/FSM1/Complete 190/Page_JClient/input_If records have not been' is clicked on

2018-11-08 10:57:52 - [TEST_STEP][PASSED] - click: Object: 'Object Repository/FSM1/Complete 190/Page_JClient/input_No_radio_group_64' is clicked on

2018-11-08 10:57:52 - [MESSAGE][PASSED] - Object: 'Object Repository/FSM1/Complete 190/Page_JClient/input_No_radio_group_64' is clicked on

2018-11-08 10:57:52 - [TEST_STEP][PASSED] - click: Object: 'Object Repository/FSM1/Complete 190/Page_JClient/input_No_radio_group_65' is clicked on

2018-11-08 10:57:52 - [MESSAGE][PASSED] - Object: 'Object Repository/FSM1/Complete 190/Page_JClient/input_No_radio_group_65' is clicked on

2018-11-08 10:57:52 - [TEST_STEP][PASSED] - click: Object: 'Object Repository/FSM1/Complete 190/Page_JClient/input_No_radio_group_66' is clicked on

2018-11-08 10:57:52 - [MESSAGE][PASSED] - Object: 'Object Repository/FSM1/Complete 190/Page_JClient/input_No_radio_group_66' is clicked on

2018-11-08 10:57:52 - [TEST_STEP][PASSED] - click: Object: 'Object Repository/FSM1/Complete 190/Page_JClient/input_(b) ABP category of mate' is clicked on

2018-11-08 10:57:53 - [MESSAGE][PASSED] - Object: 'Object Repository/FSM1/Complete 190/Page_JClient/input_(b) ABP category of mate' is clicked on

2018-11-08 10:57:53 - [TEST_STEP][PASSED] - click: Object: 'Object Repository/FSM1/Complete 190/Page_JClient/input_(c) Volume materials (we' is clicked on

2018-11-08 10:57:53 - [MESSAGE][PASSED] - Object: 'Object Repository/FSM1/Complete 190/Page_JClient/input_(c) Volume materials (we' is clicked on

2018-11-08 10:57:53 - [TEST_STEP][PASSED] - click: Object: 'Object Repository/FSM1/Complete 190/Page_JClient/input_(d) Name and address of' is clicked on

2018-11-08 10:57:53 - [MESSAGE][PASSED] - Object: 'Object Repository/FSM1/Complete 190/Page_JClient/input_(d) Name and address of' is clicked on

2018-11-08 10:57:53 - [TEST_STEP][PASSED] - click: Object: 'Object Repository/FSM1/Complete 190/Page_JClient/input_(e) Name and address of' is clicked on

2018-11-08 10:57:53 - [MESSAGE][PASSED] - Object: 'Object Repository/FSM1/Complete 190/Page_JClient/input_(e) Name and address of' is clicked on

2018-11-08 10:57:53 - [TEST_STEP][PASSED] - click: Object: 'Object Repository/FSM1/Complete 190/Page_JClient/input_(f) Name and address of' is clicked on

2018-11-08 10:57:53 - [MESSAGE][PASSED] - Object: 'Object Repository/FSM1/Complete 190/Page_JClient/input_(f) Name and address of' is clicked on

2018-11-08 10:57:53 - [TEST_STEP][PASSED] - click: Object: 'Object Repository/FSM1/Complete 190/Page_JClient/input_(a) Back trace (complete' is clicked on

2018-11-08 10:57:54 - [MESSAGE][PASSED] - Object: 'Object Repository/FSM1/Complete 190/Page_JClient/input_(a) Back trace (complete' is clicked on

2018-11-08 10:57:54 - [TEST_STEP][PASSED] - click: Object: 'Object Repository/FSM1/Complete 190/Page_JClient/input_Yes_radio_group_73' is clicked on

2018-11-08 10:57:54 - [MESSAGE][PASSED] - Object: 'Object Repository/FSM1/Complete 190/Page_JClient/input_Yes_radio_group_73' is clicked on

2018-11-08 10:57:54 - [TEST_STEP][PASSED] - click: Object: 'Object Repository/FSM1/Complete 190/Page_JClient/input_(b) Forward trace (compl' is clicked on

2018-11-08 10:57:54 - [MESSAGE][PASSED] - Object: 'Object Repository/FSM1/Complete 190/Page_JClient/input_(b) Forward trace (compl' is clicked on

2018-11-08 10:57:54 - [TEST_STEP][PASSED] - click: Object: 'Object Repository/FSM1/Complete 190/Page_JClient/input_Yes_radio_group_75' is clicked on

2018-11-08 10:57:54 - [MESSAGE][PASSED] - Object: 'Object Repository/FSM1/Complete 190/Page_JClient/input_Yes_radio_group_75' is clicked on

2018-11-08 10:57:54 - [TEST_STEP][PASSED] - click: Object: 'Object Repository/FSM1/Complete 190/Page_JClient/div_Save' is clicked on

2018-11-08 10:57:54 - [MESSAGE][PASSED] - Object: 'Object Repository/FSM1/Complete 190/Page_JClient/div_Save' is clicked on]]></system-out>
         <system-err><![CDATA[]]></system-err>
      </testcase>
      <testcase name="Test Cases/ICW/Generic/Complete ICW Inspection - Section C - Visit Frequency" classname="Test Cases/ICW/Generic/Complete ICW Inspection - Section C - Visit Frequency" status="PASSED">
         <system-out><![CDATA[2018-11-08 10:57:54 - [TEST_CASE][PASSED] - Test Cases/ICW/Generic/Complete ICW Inspection - Section C - Visit Frequency: Test Cases/ICW/Generic/Complete ICW Inspection - Section C - Visit Frequency

2018-11-08 10:57:55 - [TEST_STEP][PASSED] - click: Object: 'Object Repository/FSM1/Complete 190/Page_JClient/Page_JClient/div_Section C Visit Frequency' is clicked on

2018-11-08 10:57:55 - [MESSAGE][PASSED] - Object: 'Object Repository/FSM1/Complete 190/Page_JClient/Page_JClient/div_Section C Visit Frequency' is clicked on

2018-11-08 10:57:55 - [TEST_STEP][PASSED] - delay: Delayed 2 second(s)

2018-11-08 10:57:57 - [MESSAGE][PASSED] - Delayed 2 second(s)

2018-11-08 10:57:57 - [TEST_STEP][PASSED] - selectOptionByValue: All options with value '6 Monthly' are selected in object 'Object Repository/FSM1/Complete 190/Page_JClient/Page_JClient/select_AnnuallyQuarterly6 mont'  using regular expression

2018-11-08 10:57:58 - [MESSAGE][PASSED] - All options with value '6 Monthly' are selected in object 'Object Repository/FSM1/Complete 190/Page_JClient/Page_JClient/select_AnnuallyQuarterly6 mont'  using regular expression

2018-11-08 10:57:58 - [TEST_STEP][PASSED] - click: Object: 'Object Repository/FSM1/Complete 190/Page_JClient/Page_JClient/div_Save' is clicked on

2018-11-08 10:57:58 - [MESSAGE][PASSED] - Object: 'Object Repository/FSM1/Complete 190/Page_JClient/Page_JClient/div_Save' is clicked on]]></system-out>
         <system-err><![CDATA[]]></system-err>
      </testcase>
      <testcase name="Test Cases/ABP/Generic/Complete ABP Inspection - ABPR17 Forward Trace" classname="Test Cases/ABP/Generic/Complete ABP Inspection - ABPR17 Forward Trace" status="PASSED">
         <system-out><![CDATA[2018-11-08 10:57:58 - [TEST_CASE][PASSED] - Test Cases/ABP/Generic/Complete ABP Inspection - ABPR17 Forward Trace: Test Cases/ABP/Generic/Complete ABP Inspection - ABPR17 Forward Trace

2018-11-08 10:57:58 - [TEST_STEP][PASSED] - delay: Delayed 3 second(s)

2018-11-08 10:58:01 - [MESSAGE][PASSED] - Delayed 3 second(s)

2018-11-08 10:58:01 - [TEST_STEP][PASSED] - click: Object: 'Object Repository/FSM1/Complete ABP Inspection/ABPR17 Backward Trace/Page_JClient/div_ABPR17 - Backward Trace1' is clicked on

2018-11-08 10:58:02 - [MESSAGE][PASSED] - Object: 'Object Repository/FSM1/Complete ABP Inspection/ABPR17 Backward Trace/Page_JClient/div_ABPR17 - Backward Trace1' is clicked on

2018-11-08 10:58:02 - [TEST_STEP][PASSED] - delay: Delayed 2 second(s)

2018-11-08 10:58:04 - [MESSAGE][PASSED] - Delayed 2 second(s)

2018-11-08 10:58:04 - [TEST_STEP][PASSED] - click: Object: 'Object Repository/FSM1/Complete ABP Inspection/ABPR17 Backward Trace/Page_JClient/div_Create_GKH2EKQBDXB GKH2EKQ' is clicked on

2018-11-08 10:58:04 - [MESSAGE][PASSED] - Object: 'Object Repository/FSM1/Complete ABP Inspection/ABPR17 Backward Trace/Page_JClient/div_Create_GKH2EKQBDXB GKH2EKQ' is clicked on

2018-11-08 10:58:04 - [TEST_STEP][PASSED] - delay: Delayed 2 second(s)

2018-11-08 10:58:06 - [MESSAGE][PASSED] - Delayed 2 second(s)

2018-11-08 10:58:06 - [TEST_STEP][PASSED] - click: Object: 'Object Repository/FSM1/Complete ABP Inspection/ABPR17 Backward Trace/Page_JClient/input_Is this inspection at th' is clicked on

2018-11-08 10:58:06 - [MESSAGE][PASSED] - Object: 'Object Repository/FSM1/Complete ABP Inspection/ABPR17 Backward Trace/Page_JClient/input_Is this inspection at th' is clicked on

2018-11-08 10:58:06 - [TEST_STEP][PASSED] - setText: Text '1234' is set on object 'Object Repository/FSM1/Complete ABP Inspection/ABPR17 Backward Trace/Page_JClient/input_Approval Number_gwt-Text'

2018-11-08 10:58:07 - [MESSAGE][PASSED] - Text '1234' is set on object 'Object Repository/FSM1/Complete ABP Inspection/ABPR17 Backward Trace/Page_JClient/input_Approval Number_gwt-Text'

2018-11-08 10:58:07 - [TEST_STEP][PASSED] - setText: Text 'Test automation' is set on object 'Object Repository/FSM1/Complete ABP Inspection/ABPR17 Backward Trace/Page_JClient/input_Premises Type_gwt-TextBo'

2018-11-08 10:58:07 - [MESSAGE][PASSED] - Text 'Test automation' is set on object 'Object Repository/FSM1/Complete ABP Inspection/ABPR17 Backward Trace/Page_JClient/input_Premises Type_gwt-TextBo'

2018-11-08 10:58:07 - [TEST_STEP][PASSED] - setText: Text 'Test automation' is set on object 'Object Repository/FSM1/Complete ABP Inspection/ABPR17 Backward Trace/Page_JClient/input_Name of Operator_gwt-Tex'

2018-11-08 10:58:08 - [MESSAGE][PASSED] - Text 'Test automation' is set on object 'Object Repository/FSM1/Complete ABP Inspection/ABPR17 Backward Trace/Page_JClient/input_Name of Operator_gwt-Tex'

2018-11-08 10:58:08 - [TEST_STEP][PASSED] - setText: Text 'Test automation' is set on object 'Object Repository/FSM1/Complete ABP Inspection/ABPR17 Backward Trace/Page_JClient/textarea_Address of premises_g'

2018-11-08 10:58:08 - [MESSAGE][PASSED] - Text 'Test automation' is set on object 'Object Repository/FSM1/Complete ABP Inspection/ABPR17 Backward Trace/Page_JClient/textarea_Address of premises_g'

2018-11-08 10:58:08 - [TEST_STEP][PASSED] - setText: Text 'WR5 2NB' is set on object 'Object Repository/FSM1/Complete ABP Inspection/ABPR17 Backward Trace/Page_JClient/input_Postcode_gwt-TextBox GKH'

2018-11-08 10:58:09 - [MESSAGE][PASSED] - Text 'WR5 2NB' is set on object 'Object Repository/FSM1/Complete ABP Inspection/ABPR17 Backward Trace/Page_JClient/input_Postcode_gwt-TextBox GKH'

2018-11-08 10:58:09 - [TEST_STEP][PASSED] - setText: Text 'test@gmail.com' is set on object 'Object Repository/FSM1/Complete ABP Inspection/ABPR17 Backward Trace/Page_JClient/input_Email_gwt-TextBox GKH2EK'

2018-11-08 10:58:09 - [MESSAGE][PASSED] - Text 'test@gmail.com' is set on object 'Object Repository/FSM1/Complete ABP Inspection/ABPR17 Backward Trace/Page_JClient/input_Email_gwt-TextBox GKH2EK'

2018-11-08 10:58:09 - [TEST_STEP][PASSED] - setText: Text '1234' is set on object 'Object Repository/FSM1/Complete ABP Inspection/ABPR17 Backward Trace/Page_JClient/input_Approval number (if appl'

2018-11-08 10:58:09 - [MESSAGE][PASSED] - Text '1234' is set on object 'Object Repository/FSM1/Complete ABP Inspection/ABPR17 Backward Trace/Page_JClient/input_Approval number (if appl'

2018-11-08 10:58:09 - [TEST_STEP][PASSED] - selectOptionByValue: All options with value 'North' are selected in object 'Object Repository/FSM1/Complete ABP Inspection/ABPR17 Backward Trace/Page_JClient/select_NorthScotlandSouthernWa'  using regular expression

2018-11-08 10:58:10 - [MESSAGE][PASSED] - All options with value 'North' are selected in object 'Object Repository/FSM1/Complete ABP Inspection/ABPR17 Backward Trace/Page_JClient/select_NorthScotlandSouthernWa'  using regular expression

2018-11-08 10:58:10 - [TEST_STEP][PASSED] - setText: Text 'Test automation' is set on object 'Object Repository/FSM1/Complete ABP Inspection/ABPR17 Backward Trace/Page_JClient/input_Name of haulier_gwt-Text'

2018-11-08 10:58:10 - [MESSAGE][PASSED] - Text 'Test automation' is set on object 'Object Repository/FSM1/Complete ABP Inspection/ABPR17 Backward Trace/Page_JClient/input_Name of haulier_gwt-Text'

2018-11-08 10:58:10 - [TEST_STEP][PASSED] - setText: Text 'Test automation' is set on object 'Object Repository/FSM1/Complete ABP Inspection/ABPR17 Backward Trace/Page_JClient/textarea_Address of haulier_gw'

2018-11-08 10:58:11 - [MESSAGE][PASSED] - Text 'Test automation' is set on object 'Object Repository/FSM1/Complete ABP Inspection/ABPR17 Backward Trace/Page_JClient/textarea_Address of haulier_gw'

2018-11-08 10:58:11 - [TEST_STEP][PASSED] - delay: Delayed 2 second(s)

2018-11-08 10:58:13 - [MESSAGE][PASSED] - Delayed 2 second(s)

2018-11-08 10:58:13 - [TEST_STEP][PASSED] - setText: Text 'RN2 3WE' is set on object 'Object Repository/FSM1/Complete ABP Inspection/ABPR17 Backward Trace/Page_JClient/Postcode'

2018-11-08 10:58:13 - [MESSAGE][PASSED] - Text 'RN2 3WE' is set on object 'Object Repository/FSM1/Complete ABP Inspection/ABPR17 Backward Trace/Page_JClient/Postcode'

2018-11-08 10:58:13 - [TEST_STEP][PASSED] - setText: Text '9876' is set on object 'Object Repository/FSM1/Complete ABP Inspection/ABPR17 Backward Trace/Page_JClient/input_Registration number (if'

2018-11-08 10:58:13 - [MESSAGE][PASSED] - Text '9876' is set on object 'Object Repository/FSM1/Complete ABP Inspection/ABPR17 Backward Trace/Page_JClient/input_Registration number (if'

2018-11-08 10:58:13 - [TEST_STEP][PASSED] - setText: Text '112233' is set on object 'Object Repository/FSM1/Complete ABP Inspection/ABPR17 Backward Trace/Page_JClient/input_Reference No. of CD or o'

2018-11-08 10:58:14 - [MESSAGE][PASSED] - Text '112233' is set on object 'Object Repository/FSM1/Complete ABP Inspection/ABPR17 Backward Trace/Page_JClient/input_Reference No. of CD or o'

2018-11-08 10:58:14 - [TEST_STEP][PASSED] - setText: Text 'Test automation' is set on object 'Object Repository/FSM1/Complete ABP Inspection/ABPR17 Backward Trace/Page_JClient/textarea_Description of materi'

2018-11-08 10:58:14 - [MESSAGE][PASSED] - Text 'Test automation' is set on object 'Object Repository/FSM1/Complete ABP Inspection/ABPR17 Backward Trace/Page_JClient/textarea_Description of materi'

2018-11-08 10:58:14 - [TEST_STEP][PASSED] - selectOptionByValue: All options with value 'Fish' are selected in object 'Object Repository/FSM1/Complete ABP Inspection/ABPR17 Backward Trace/Page_JClient/select_NACattleDeerFishGoatsPi'  using regular expression

2018-11-08 10:58:15 - [MESSAGE][PASSED] - All options with value 'Fish' are selected in object 'Object Repository/FSM1/Complete ABP Inspection/ABPR17 Backward Trace/Page_JClient/select_NACattleDeerFishGoatsPi'  using regular expression

2018-11-08 10:58:15 - [TEST_STEP][PASSED] - setText: Text 'Test automation' is set on object 'Object Repository/FSM1/Complete ABP Inspection/ABPR17 Backward Trace/Page_JClient/input_Category_gwt-TextBox GKH'

2018-11-08 10:58:16 - [MESSAGE][PASSED] - Text 'Test automation' is set on object 'Object Repository/FSM1/Complete ABP Inspection/ABPR17 Backward Trace/Page_JClient/input_Category_gwt-TextBox GKH'

2018-11-08 10:58:16 - [TEST_STEP][PASSED] - setText: Text '100' is set on object 'Object Repository/FSM1/Complete ABP Inspection/ABPR17 Backward Trace/Page_JClient/input_Quantity_gwt-TextBox GKH'

2018-11-08 10:58:16 - [MESSAGE][PASSED] - Text '100' is set on object 'Object Repository/FSM1/Complete ABP Inspection/ABPR17 Backward Trace/Page_JClient/input_Quantity_gwt-TextBox GKH'

2018-11-08 10:58:16 - [TEST_STEP][PASSED] - setText: Text 'Test automation' is set on object 'Object Repository/FSM1/Complete ABP Inspection/ABPR17 Backward Trace/Page_JClient/textarea_Any other relevant in'

2018-11-08 10:58:16 - [MESSAGE][PASSED] - Text 'Test automation' is set on object 'Object Repository/FSM1/Complete ABP Inspection/ABPR17 Backward Trace/Page_JClient/textarea_Any other relevant in'

2018-11-08 10:58:16 - [TEST_STEP][PASSED] - click: Object: 'Object Repository/FSM1/Complete ABP Inspection/ABPR17 Backward Trace/Page_JClient/input_Yes_radio_group_56' is clicked on

2018-11-08 10:58:16 - [MESSAGE][PASSED] - Object: 'Object Repository/FSM1/Complete ABP Inspection/ABPR17 Backward Trace/Page_JClient/input_Yes_radio_group_56' is clicked on

2018-11-08 10:58:16 - [TEST_STEP][PASSED] - click: Object: 'Object Repository/FSM1/Complete ABP Inspection/ABPR17 Backward Trace/Page_JClient/input_Yes_radio_group_57' is clicked on

2018-11-08 10:58:17 - [MESSAGE][PASSED] - Object: 'Object Repository/FSM1/Complete ABP Inspection/ABPR17 Backward Trace/Page_JClient/input_Yes_radio_group_57' is clicked on

2018-11-08 10:58:17 - [TEST_STEP][PASSED] - delay: Delayed 1 second(s)

2018-11-08 10:58:18 - [MESSAGE][PASSED] - Delayed 1 second(s)

2018-11-08 10:58:18 - [TEST_STEP][PASSED] - Statement - mydate = new java.util.Date(): null

2018-11-08 10:58:18 - [TEST_STEP][PASSED] - Statement - formattedDate = mydate.format("MM/dd/yyy"): null

2018-11-08 10:58:18 - [TEST_STEP][PASSED] - sendKeys: Keys '11/08/2018' sent to object: 'Object Repository/FSM1/Complete ABP Inspection/ABPR17 Backward Trace/Page_JClient/DateofDespatch'

2018-11-08 10:58:18 - [MESSAGE][PASSED] - Keys '11/08/2018' sent to object: 'Object Repository/FSM1/Complete ABP Inspection/ABPR17 Backward Trace/Page_JClient/DateofDespatch'

2018-11-08 10:58:18 - [TEST_STEP][PASSED] - click: Object: 'Object Repository/FSM1/Complete ABP Inspection/ABPR17 Backward Trace/Page_JClient/div_Save1' is clicked on

2018-11-08 10:58:18 - [MESSAGE][PASSED] - Object: 'Object Repository/FSM1/Complete ABP Inspection/ABPR17 Backward Trace/Page_JClient/div_Save1' is clicked on]]></system-out>
         <system-err><![CDATA[]]></system-err>
      </testcase>
      <testcase name="Test Cases/ABP/Generic/Complete ABP Inspection - ABPR18 Backward Trace" classname="Test Cases/ABP/Generic/Complete ABP Inspection - ABPR18 Backward Trace" status="PASSED">
         <system-out><![CDATA[2018-11-08 10:58:18 - [TEST_CASE][PASSED] - Test Cases/ABP/Generic/Complete ABP Inspection - ABPR18 Backward Trace: Test Cases/ABP/Generic/Complete ABP Inspection - ABPR18 Backward Trace

2018-11-08 10:58:19 - [TEST_STEP][PASSED] - delay: Delayed 2 second(s)

2018-11-08 10:58:21 - [MESSAGE][PASSED] - Delayed 2 second(s)

2018-11-08 10:58:21 - [TEST_STEP][PASSED] - click: Object: 'Object Repository/FSM1/Complete ABP Inspection/ABP18 Forward Trace/Page_JClient/div_ABPR18 - Forward Trace1' is clicked on

2018-11-08 10:58:21 - [MESSAGE][PASSED] - Object: 'Object Repository/FSM1/Complete ABP Inspection/ABP18 Forward Trace/Page_JClient/div_ABPR18 - Forward Trace1' is clicked on

2018-11-08 10:58:21 - [TEST_STEP][PASSED] - delay: Delayed 2 second(s)

2018-11-08 10:58:23 - [MESSAGE][PASSED] - Delayed 2 second(s)

2018-11-08 10:58:23 - [TEST_STEP][PASSED] - click: Object: 'Object Repository/FSM1/Complete ABP Inspection/ABP18 Forward Trace/Page_JClient/div_Create_GKH2EKQBDXB GKH2EKQ' is clicked on

2018-11-08 10:58:24 - [MESSAGE][PASSED] - Object: 'Object Repository/FSM1/Complete ABP Inspection/ABP18 Forward Trace/Page_JClient/div_Create_GKH2EKQBDXB GKH2EKQ' is clicked on

2018-11-08 10:58:24 - [TEST_STEP][PASSED] - click: Object: 'Object Repository/FSM1/Complete ABP Inspection/ABP18 Forward Trace/Page_JClient/input_Is this inspection at th' is clicked on

2018-11-08 10:58:24 - [MESSAGE][PASSED] - Object: 'Object Repository/FSM1/Complete ABP Inspection/ABP18 Forward Trace/Page_JClient/input_Is this inspection at th' is clicked on

2018-11-08 10:58:24 - [TEST_STEP][PASSED] - setText: Text '123' is set on object 'Object Repository/FSM1/Complete ABP Inspection/ABP18 Forward Trace/Page_JClient/input_Approval Number_gwt-Text'

2018-11-08 10:58:24 - [MESSAGE][PASSED] - Text '123' is set on object 'Object Repository/FSM1/Complete ABP Inspection/ABP18 Forward Trace/Page_JClient/input_Approval Number_gwt-Text'

2018-11-08 10:58:24 - [TEST_STEP][PASSED] - setText: Text 'Test automation' is set on object 'Object Repository/FSM1/Complete ABP Inspection/ABP18 Forward Trace/Page_JClient/input_Premises Type_gwt-TextBo'

2018-11-08 10:58:25 - [MESSAGE][PASSED] - Text 'Test automation' is set on object 'Object Repository/FSM1/Complete ABP Inspection/ABP18 Forward Trace/Page_JClient/input_Premises Type_gwt-TextBo'

2018-11-08 10:58:25 - [TEST_STEP][PASSED] - setText: Text 'Test automation' is set on object 'Object Repository/FSM1/Complete ABP Inspection/ABP18 Forward Trace/Page_JClient/input_Name of Operator_gwt-Tex'

2018-11-08 10:58:25 - [MESSAGE][PASSED] - Text 'Test automation' is set on object 'Object Repository/FSM1/Complete ABP Inspection/ABP18 Forward Trace/Page_JClient/input_Name of Operator_gwt-Tex'

2018-11-08 10:58:25 - [TEST_STEP][PASSED] - setText: Text 'Test automation' is set on object 'Object Repository/FSM1/Complete ABP Inspection/ABP18 Forward Trace/Page_JClient/textarea_Address of premises_g'

2018-11-08 10:58:26 - [MESSAGE][PASSED] - Text 'Test automation' is set on object 'Object Repository/FSM1/Complete ABP Inspection/ABP18 Forward Trace/Page_JClient/textarea_Address of premises_g'

2018-11-08 10:58:26 - [TEST_STEP][PASSED] - setText: Text 'WR5 2NB' is set on object 'Object Repository/FSM1/Complete ABP Inspection/ABP18 Forward Trace/Page_JClient/input_Postcode_gwt-TextBox GKH'

2018-11-08 10:58:26 - [MESSAGE][PASSED] - Text 'WR5 2NB' is set on object 'Object Repository/FSM1/Complete ABP Inspection/ABP18 Forward Trace/Page_JClient/input_Postcode_gwt-TextBox GKH'

2018-11-08 10:58:26 - [TEST_STEP][PASSED] - selectOptionByValue: All options with value 'Scotland' are selected in object 'Object Repository/FSM1/Complete ABP Inspection/ABP18 Forward Trace/Page_JClient/select_NorthScotlandSouthernWa'  using regular expression

2018-11-08 10:58:27 - [MESSAGE][PASSED] - All options with value 'Scotland' are selected in object 'Object Repository/FSM1/Complete ABP Inspection/ABP18 Forward Trace/Page_JClient/select_NorthScotlandSouthernWa'  using regular expression

2018-11-08 10:58:27 - [TEST_STEP][PASSED] - setText: Text 'Test automation' is set on object 'Object Repository/FSM1/Complete ABP Inspection/ABP18 Forward Trace/Page_JClient/input_Name of haulier_gwt-Text'

2018-11-08 10:58:27 - [MESSAGE][PASSED] - Text 'Test automation' is set on object 'Object Repository/FSM1/Complete ABP Inspection/ABP18 Forward Trace/Page_JClient/input_Name of haulier_gwt-Text'

2018-11-08 10:58:27 - [TEST_STEP][PASSED] - setText: Text 'Test automation' is set on object 'Object Repository/FSM1/Complete ABP Inspection/ABP18 Forward Trace/Page_JClient/textarea_Address of haulier_gw'

2018-11-08 10:58:28 - [MESSAGE][PASSED] - Text 'Test automation' is set on object 'Object Repository/FSM1/Complete ABP Inspection/ABP18 Forward Trace/Page_JClient/textarea_Address of haulier_gw'

2018-11-08 10:58:28 - [TEST_STEP][PASSED] - setText: Text 'WR5 2NB' is set on object 'Object Repository/FSM1/Complete ABP Inspection/ABP18 Forward Trace/Page_JClient/Postcode'

2018-11-08 10:58:28 - [MESSAGE][PASSED] - Text 'WR5 2NB' is set on object 'Object Repository/FSM1/Complete ABP Inspection/ABP18 Forward Trace/Page_JClient/Postcode'

2018-11-08 10:58:28 - [TEST_STEP][PASSED] - setText: Text '123' is set on object 'Object Repository/FSM1/Complete ABP Inspection/ABP18 Forward Trace/Page_JClient/input_Registration number (if'

2018-11-08 10:58:28 - [MESSAGE][PASSED] - Text '123' is set on object 'Object Repository/FSM1/Complete ABP Inspection/ABP18 Forward Trace/Page_JClient/input_Registration number (if'

2018-11-08 10:58:28 - [TEST_STEP][PASSED] - setText: Text '987' is set on object 'Object Repository/FSM1/Complete ABP Inspection/ABP18 Forward Trace/Page_JClient/input_Reference No. of CD or o'

2018-11-08 10:58:29 - [MESSAGE][PASSED] - Text '987' is set on object 'Object Repository/FSM1/Complete ABP Inspection/ABP18 Forward Trace/Page_JClient/input_Reference No. of CD or o'

2018-11-08 10:58:29 - [TEST_STEP][PASSED] - setText: Text 'Test automation' is set on object 'Object Repository/FSM1/Complete ABP Inspection/ABP18 Forward Trace/Page_JClient/textarea_Description of materi'

2018-11-08 10:58:29 - [MESSAGE][PASSED] - Text 'Test automation' is set on object 'Object Repository/FSM1/Complete ABP Inspection/ABP18 Forward Trace/Page_JClient/textarea_Description of materi'

2018-11-08 10:58:29 - [TEST_STEP][PASSED] - selectOptionByValue: All options with value 'Goats' are selected in object 'Object Repository/FSM1/Complete ABP Inspection/ABP18 Forward Trace/Page_JClient/select_NACattleDeerFishGoatsPi'  using regular expression

2018-11-08 10:58:30 - [MESSAGE][PASSED] - All options with value 'Goats' are selected in object 'Object Repository/FSM1/Complete ABP Inspection/ABP18 Forward Trace/Page_JClient/select_NACattleDeerFishGoatsPi'  using regular expression

2018-11-08 10:58:30 - [TEST_STEP][PASSED] - setText: Text 'Test automation' is set on object 'Object Repository/FSM1/Complete ABP Inspection/ABP18 Forward Trace/Page_JClient/input_Category_gwt-TextBox GKH'

2018-11-08 10:58:30 - [MESSAGE][PASSED] - Text 'Test automation' is set on object 'Object Repository/FSM1/Complete ABP Inspection/ABP18 Forward Trace/Page_JClient/input_Category_gwt-TextBox GKH'

2018-11-08 10:58:30 - [TEST_STEP][PASSED] - setText: Text '12' is set on object 'Object Repository/FSM1/Complete ABP Inspection/ABP18 Forward Trace/Page_JClient/input_Quantity_gwt-TextBox GKH'

2018-11-08 10:58:31 - [MESSAGE][PASSED] - Text '12' is set on object 'Object Repository/FSM1/Complete ABP Inspection/ABP18 Forward Trace/Page_JClient/input_Quantity_gwt-TextBox GKH'

2018-11-08 10:58:31 - [TEST_STEP][PASSED] - setText: Text 'Test automation' is set on object 'Object Repository/FSM1/Complete ABP Inspection/ABP18 Forward Trace/Page_JClient/textarea_Any other relevant in'

2018-11-08 10:58:31 - [MESSAGE][PASSED] - Text 'Test automation' is set on object 'Object Repository/FSM1/Complete ABP Inspection/ABP18 Forward Trace/Page_JClient/textarea_Any other relevant in'

2018-11-08 10:58:31 - [TEST_STEP][PASSED] - click: Object: 'Object Repository/FSM1/Complete ABP Inspection/ABP18 Forward Trace/Page_JClient/input_Any other relevant infor' is clicked on

2018-11-08 10:58:31 - [MESSAGE][PASSED] - Object: 'Object Repository/FSM1/Complete ABP Inspection/ABP18 Forward Trace/Page_JClient/input_Any other relevant infor' is clicked on

2018-11-08 10:58:31 - [TEST_STEP][PASSED] - setText: Text 'Test automation' is set on object 'Object Repository/FSM1/Complete ABP Inspection/ABP18 Forward Trace/Page_JClient/textarea_If so give details_gw'

2018-11-08 10:58:32 - [MESSAGE][PASSED] - Text 'Test automation' is set on object 'Object Repository/FSM1/Complete ABP Inspection/ABP18 Forward Trace/Page_JClient/textarea_If so give details_gw'

2018-11-08 10:58:32 - [TEST_STEP][PASSED] - click: Object: 'Object Repository/FSM1/Complete ABP Inspection/ABP18 Forward Trace/Page_JClient/input_Yes_radio_group_132' is clicked on

2018-11-08 10:58:32 - [MESSAGE][PASSED] - Object: 'Object Repository/FSM1/Complete ABP Inspection/ABP18 Forward Trace/Page_JClient/input_Yes_radio_group_132' is clicked on

2018-11-08 10:58:32 - [TEST_STEP][NOT_RUN] - click: NOT_RUN: click

2018-11-08 10:58:32 - [MESSAGE][NOT_RUN] - NOT_RUN: click

2018-11-08 10:58:32 - [TEST_STEP][NOT_RUN] - click: NOT_RUN: click

2018-11-08 10:58:32 - [MESSAGE][NOT_RUN] - NOT_RUN: click

2018-11-08 10:58:32 - [TEST_STEP][NOT_RUN] - setText: NOT_RUN: setText

2018-11-08 10:58:32 - [MESSAGE][NOT_RUN] - NOT_RUN: setText

2018-11-08 10:58:32 - [TEST_STEP][NOT_RUN] - setText: NOT_RUN: setText

2018-11-08 10:58:32 - [MESSAGE][NOT_RUN] - NOT_RUN: setText

2018-11-08 10:58:32 - [TEST_STEP][PASSED] - Statement - mydate = new java.util.Date(): null

2018-11-08 10:58:32 - [TEST_STEP][PASSED] - Statement - formattedDate = mydate.format("MM/dd/yyy"): null

2018-11-08 10:58:32 - [TEST_STEP][PASSED] - sendKeys: Keys '11/08/2018' sent to object: 'Object Repository/FSM1/Complete ABP Inspection/ABP18 Forward Trace/Page_JClient/DateofDespatch'

2018-11-08 10:58:32 - [MESSAGE][PASSED] - Keys '11/08/2018' sent to object: 'Object Repository/FSM1/Complete ABP Inspection/ABP18 Forward Trace/Page_JClient/DateofDespatch'

2018-11-08 10:58:32 - [TEST_STEP][PASSED] - click: Object: 'Object Repository/FSM1/Complete ABP Inspection/ABP18 Forward Trace/Page_JClient/div_Save' is clicked on

2018-11-08 10:58:33 - [MESSAGE][PASSED] - Object: 'Object Repository/FSM1/Complete ABP Inspection/ABP18 Forward Trace/Page_JClient/div_Save' is clicked on]]></system-out>
         <system-err><![CDATA[]]></system-err>
      </testcase>
      <testcase name="Test Cases/ICW/Generic/Complete ICW Inspection - Complete" classname="Test Cases/ICW/Generic/Complete ICW Inspection - Complete" status="PASSED">
         <system-out><![CDATA[2018-11-08 10:58:33 - [TEST_CASE][PASSED] - Test Cases/ICW/Generic/Complete ICW Inspection - Complete: Test Cases/ICW/Generic/Complete ICW Inspection - Complete

2018-11-08 10:58:33 - [TEST_STEP][PASSED] - click: Object: 'Object Repository/FSM1/Complete 190/Page_JClient/Page_JClient/Page_JClient/div_STARTED (locked)' is clicked on

2018-11-08 10:58:33 - [MESSAGE][PASSED] - Object: 'Object Repository/FSM1/Complete 190/Page_JClient/Page_JClient/Page_JClient/div_STARTED (locked)' is clicked on

2018-11-08 10:58:33 - [TEST_STEP][PASSED] - delay: Delayed 1 second(s)

2018-11-08 10:58:34 - [MESSAGE][PASSED] - Delayed 1 second(s)

2018-11-08 10:58:34 - [TEST_STEP][PASSED] - click: Object: 'Object Repository/FSM1/Complete 190/Page_JClient/Page_JClient/Page_JClient/div_COMPLETED' is clicked on

2018-11-08 10:58:35 - [MESSAGE][PASSED] - Object: 'Object Repository/FSM1/Complete 190/Page_JClient/Page_JClient/Page_JClient/div_COMPLETED' is clicked on

2018-11-08 10:58:35 - [TEST_STEP][PASSED] - delay: Delayed 1 second(s)

2018-11-08 10:58:36 - [MESSAGE][PASSED] - Delayed 1 second(s)

2018-11-08 10:58:36 - [TEST_STEP][PASSED] - selectOptionByValue: All options with value 'COMPLETED' are selected in object 'Object Repository/FSM1/Complete 190/Page_JClient/Page_JClient/Page_JClient/select_Yes'  using regular expression

2018-11-08 10:58:36 - [MESSAGE][PASSED] - All options with value 'COMPLETED' are selected in object 'Object Repository/FSM1/Complete 190/Page_JClient/Page_JClient/Page_JClient/select_Yes'  using regular expression

2018-11-08 10:58:36 - [TEST_STEP][PASSED] - selectOptionByValue: All options with value 'NO' are selected in object 'Object Repository/FSM1/Complete 190/Page_JClient/Page_JClient/Page_JClient/select_YesNo'  using regular expression

2018-11-08 10:58:37 - [MESSAGE][PASSED] - All options with value 'NO' are selected in object 'Object Repository/FSM1/Complete 190/Page_JClient/Page_JClient/Page_JClient/select_YesNo'  using regular expression

2018-11-08 10:58:37 - [TEST_STEP][PASSED] - click: Object: 'Object Repository/FSM1/Complete 190/Page_JClient/Page_JClient/Page_JClient/div_Save' is clicked on

2018-11-08 10:58:37 - [MESSAGE][PASSED] - Object: 'Object Repository/FSM1/Complete 190/Page_JClient/Page_JClient/Page_JClient/div_Save' is clicked on

2018-11-08 10:58:37 - [TEST_STEP][PASSED] - delay: Delayed 3 second(s)

2018-11-08 10:58:40 - [MESSAGE][PASSED] - Delayed 3 second(s)

2018-11-08 10:58:40 - [TEST_STEP][PASSED] - click: Object: 'Object Repository/FSM1/Complete 190/Page_JClient/Page_JClient/Page_JClient/div_Ok' is clicked on

2018-11-08 10:58:40 - [MESSAGE][PASSED] - Object: 'Object Repository/FSM1/Complete 190/Page_JClient/Page_JClient/Page_JClient/div_Ok' is clicked on

2018-11-08 10:58:40 - [TEST_STEP][PASSED] - delay: Delayed 30 second(s)

2018-11-08 10:59:10 - [MESSAGE][PASSED] - Delayed 30 second(s)]]></system-out>
         <system-err><![CDATA[]]></system-err>
      </testcase>
      <testcase name="Test Cases/Generic/Launch Job Manager Control Centre - Check Result" classname="Test Cases/Generic/Launch Job Manager Control Centre - Check Result" status="PASSED">
         <system-out><![CDATA[2018-11-08 10:59:10 - [TEST_CASE][PASSED] - Test Cases/Generic/Launch Job Manager Control Centre - Check Result: Test Cases/Generic/Launch Job Manager Control Centre - Check Result

2018-11-08 10:59:11 - [TEST_STEP][PASSED] - openBrowser: Browser is opened with url: ''

2018-11-08 10:59:11 - [MESSAGE][WARNING] - A browser is already opened. Closing browser and opening a new one

2018-11-08 10:59:14 - [MESSAGE][PASSED] - Browser is opened with url: ''

2018-11-08 10:59:14 - [TEST_STEP][PASSED] - navigateToUrl: Navigate to 'https://kirona-def-6.kirona.com/jmprep/login#!loginView' successfully

2018-11-08 10:59:17 - [MESSAGE][PASSED] - Navigate to 'https://kirona-def-6.kirona.com/jmprep/login#!loginView' successfully

2018-11-08 10:59:17 - [TEST_STEP][PASSED] - setText: Text 'jon.hatfield' is set on object 'Object Repository/FSM1/Control Centre/Page_Job Manager Login/input_gwt-uid-3'

2018-11-08 10:59:18 - [MESSAGE][PASSED] - Text 'jon.hatfield' is set on object 'Object Repository/FSM1/Control Centre/Page_Job Manager Login/input_gwt-uid-3'

2018-11-08 10:59:18 - [TEST_STEP][PASSED] - setText: Text 'Fr@nc1sJ0n' is set on object 'Object Repository/FSM1/Control Centre/Page_Job Manager Login/input_gwt-uid-5'

2018-11-08 10:59:19 - [MESSAGE][PASSED] - Text 'Fr@nc1sJ0n' is set on object 'Object Repository/FSM1/Control Centre/Page_Job Manager Login/input_gwt-uid-5'

2018-11-08 10:59:19 - [TEST_STEP][PASSED] - click: Object: 'Object Repository/FSM1/PreProd/Page_Job Manager Login/div_Login' is clicked on

2018-11-08 10:59:19 - [MESSAGE][PASSED] - Object: 'Object Repository/FSM1/PreProd/Page_Job Manager Login/div_Login' is clicked on

2018-11-08 10:59:19 - [TEST_STEP][PASSED] - delay: Delayed 5 second(s)

2018-11-08 10:59:24 - [MESSAGE][PASSED] - Delayed 5 second(s)]]></system-out>
         <system-err><![CDATA[]]></system-err>
      </testcase>
      <testcase name="Test Cases/ABP/ABPR02a/Control Centre - Check Results - ABPR02a" classname="Test Cases/ABP/ABPR02a/Control Centre - Check Results - ABPR02a" status="FAILED">
         <failure type="FAILED" message="(Stack trace: com.kms.katalon.core.exception.StepFailedException: Unable to verify object 'Object Repository/FSM1/Complete ABP Inspection/Check Results/Page_JM Control Centre/ABPR15 - Microbiology' is present (Root cause: com.kms.katalon.core.webui.exception.WebElementNotFoundException: Web element with id: 'Object Repository/FSM1/Complete ABP Inspection/Check Results/Page_JM Control Centre/ABPR15 - Microbiology' located by 'By.xpath: //div[@id = 'ABPR15 - Microbiology Submission Form']' not found)
	at com.kms.katalon.core.keyword.internal.KeywordMain.stepFailed(KeywordMain.groovy:36)
	at com.kms.katalon.core.webui.keyword.internal.WebUIKeywordMain.stepFailed(WebUIKeywordMain.groovy:65)
	at com.kms.katalon.core.webui.keyword.internal.WebUIKeywordMain.runKeyword(WebUIKeywordMain.groovy:27)
	at com.kms.katalon.core.webui.keyword.builtin.VerifyElementPresentKeyword.verifyElementPresent(VerifyElementPresentKeyword.groovy:92)
	at com.kms.katalon.core.webui.keyword.builtin.VerifyElementPresentKeyword.execute(VerifyElementPresentKeyword.groovy:68)
	at com.kms.katalon.core.keyword.internal.KeywordExecutor.executeKeywordForPlatform(KeywordExecutor.groovy:53)
	at com.kms.katalon.core.webui.keyword.WebUiBuiltInKeywords.verifyElementPresent(WebUiBuiltInKeywords.groovy:1434)
	at com.kms.katalon.core.webui.keyword.WebUiBuiltInKeywords$verifyElementPresent$13.call(Unknown Source)
	at org.codehaus.groovy.runtime.callsite.CallSiteArray.defaultCall(CallSiteArray.java:48)
	at org.codehaus.groovy.runtime.callsite.AbstractCallSite.call(AbstractCallSite.java:113)
	at org.codehaus.groovy.runtime.callsite.AbstractCallSite.call(AbstractCallSite.java:133)
	at Script1540981492403.run(Script1540981492403.groovy:37)
	at com.kms.katalon.core.main.ScriptEngine.run(ScriptEngine.java:183)
	at com.kms.katalon.core.main.ScriptEngine.runScriptAsRawText(ScriptEngine.java:108)
	at com.kms.katalon.core.main.TestCaseExecutor.runScript(TestCaseExecutor.java:294)
	at com.kms.katalon.core.main.TestCaseExecutor.doExecute(TestCaseExecutor.java:285)
	at com.kms.katalon.core.main.TestCaseExecutor.processExecutionPhase(TestCaseExecutor.java:264)
	at com.kms.katalon.core.main.TestCaseExecutor.accessMainPhase(TestCaseExecutor.java:256)
	at com.kms.katalon.core.main.TestCaseExecutor.execute(TestCaseExecutor.java:200)
	at com.kms.katalon.core.main.TestSuiteExecutor.accessTestCaseMainPhase(TestSuiteExecutor.java:129)
	at com.kms.katalon.core.main.TestSuiteExecutor.accessTestSuiteMainPhase(TestSuiteExecutor.java:112)
	at com.kms.katalon.core.main.TestSuiteExecutor.execute(TestSuiteExecutor.java:81)
	at com.kms.katalon.core.main.TestCaseMain.startTestSuite(TestCaseMain.java:142)
	at com.kms.katalon.core.main.TestCaseMain$startTestSuite$0.call(Unknown Source)
	at org.codehaus.groovy.runtime.callsite.CallSiteArray.defaultCall(CallSiteArray.java:48)
	at org.codehaus.groovy.runtime.callsite.AbstractCallSite.call(AbstractCallSite.java:113)
	at org.codehaus.groovy.runtime.callsite.AbstractCallSite.call(AbstractCallSite.java:141)
	at TempTestSuite1541674363351.run(TempTestSuite1541674363351.groovy:36)
	at groovy.lang.GroovyShell.runScriptOrMainOrTestOrRunnable(GroovyShell.java:263)
	at groovy.lang.GroovyShell.run(GroovyShell.java:518)
	at groovy.lang.GroovyShell.run(GroovyShell.java:507)
	at groovy.ui.GroovyMain.processOnce(GroovyMain.java:653)
	at groovy.ui.GroovyMain.run(GroovyMain.java:384)
	at groovy.ui.GroovyMain.process(GroovyMain.java:370)
	at groovy.ui.GroovyMain.processArgs(GroovyMain.java:129)
	at groovy.ui.GroovyMain.main(GroovyMain.java:109)
	at sun.reflect.NativeMethodAccessorImpl.invoke0(Native Method)
	at sun.reflect.NativeMethodAccessorImpl.invoke(NativeMethodAccessorImpl.java:62)
	at sun.reflect.DelegatingMethodAccessorImpl.invoke(DelegatingMethodAccessorImpl.java:43)
	at java.lang.reflect.Method.invoke(Method.java:498)
	at org.codehaus.groovy.tools.GroovyStarter.rootLoader(GroovyStarter.java:109)
	at org.codehaus.groovy.tools.GroovyStarter.main(GroovyStarter.java:131)
)"/>
         <system-out><![CDATA[2018-11-08 10:59:24 - [TEST_CASE][FAILED] - Test Cases/ABP/ABPR02a/Control Centre - Check Results - ABPR02a: Test Cases/ABP/ABPR02a/Control Centre - Check Results - ABPR02a FAILED because (of) (Stack trace: com.kms.katalon.core.exception.StepFailedException: Unable to verify object 'Object Repository/FSM1/Complete ABP Inspection/Check Results/Page_JM Control Centre/ABPR15 - Microbiology' is present (Root cause: com.kms.katalon.core.webui.exception.WebElementNotFoundException: Web element with id: 'Object Repository/FSM1/Complete ABP Inspection/Check Results/Page_JM Control Centre/ABPR15 - Microbiology' located by 'By.xpath: //div[@id = 'ABPR15 - Microbiology Submission Form']' not found)
	at com.kms.katalon.core.keyword.internal.KeywordMain.stepFailed(KeywordMain.groovy:36)
	at com.kms.katalon.core.webui.keyword.internal.WebUIKeywordMain.stepFailed(WebUIKeywordMain.groovy:65)
	at com.kms.katalon.core.webui.keyword.internal.WebUIKeywordMain.runKeyword(WebUIKeywordMain.groovy:27)
	at com.kms.katalon.core.webui.keyword.builtin.VerifyElementPresentKeyword.verifyElementPresent(VerifyElementPresentKeyword.groovy:92)
	at com.kms.katalon.core.webui.keyword.builtin.VerifyElementPresentKeyword.execute(VerifyElementPresentKeyword.groovy:68)
	at com.kms.katalon.core.keyword.internal.KeywordExecutor.executeKeywordForPlatform(KeywordExecutor.groovy:53)
	at com.kms.katalon.core.webui.keyword.WebUiBuiltInKeywords.verifyElementPresent(WebUiBuiltInKeywords.groovy:1434)
	at com.kms.katalon.core.webui.keyword.WebUiBuiltInKeywords$verifyElementPresent$13.call(Unknown Source)
	at org.codehaus.groovy.runtime.callsite.CallSiteArray.defaultCall(CallSiteArray.java:48)
	at org.codehaus.groovy.runtime.callsite.AbstractCallSite.call(AbstractCallSite.java:113)
	at org.codehaus.groovy.runtime.callsite.AbstractCallSite.call(AbstractCallSite.java:133)
	at Script1540981492403.run(Script1540981492403.groovy:37)
	at com.kms.katalon.core.main.ScriptEngine.run(ScriptEngine.java:183)
	at com.kms.katalon.core.main.ScriptEngine.runScriptAsRawText(ScriptEngine.java:108)
	at com.kms.katalon.core.main.TestCaseExecutor.runScript(TestCaseExecutor.java:294)
	at com.kms.katalon.core.main.TestCaseExecutor.doExecute(TestCaseExecutor.java:285)
	at com.kms.katalon.core.main.TestCaseExecutor.processExecutionPhase(TestCaseExecutor.java:264)
	at com.kms.katalon.core.main.TestCaseExecutor.accessMainPhase(TestCaseExecutor.java:256)
	at com.kms.katalon.core.main.TestCaseExecutor.execute(TestCaseExecutor.java:200)
	at com.kms.katalon.core.main.TestSuiteExecutor.accessTestCaseMainPhase(TestSuiteExecutor.java:129)
	at com.kms.katalon.core.main.TestSuiteExecutor.accessTestSuiteMainPhase(TestSuiteExecutor.java:112)
	at com.kms.katalon.core.main.TestSuiteExecutor.execute(TestSuiteExecutor.java:81)
	at com.kms.katalon.core.main.TestCaseMain.startTestSuite(TestCaseMain.java:142)
	at com.kms.katalon.core.main.TestCaseMain$startTestSuite$0.call(Unknown Source)
	at org.codehaus.groovy.runtime.callsite.CallSiteArray.defaultCall(CallSiteArray.java:48)
	at org.codehaus.groovy.runtime.callsite.AbstractCallSite.call(AbstractCallSite.java:113)
	at org.codehaus.groovy.runtime.callsite.AbstractCallSite.call(AbstractCallSite.java:141)
	at TempTestSuite1541674363351.run(TempTestSuite1541674363351.groovy:36)
	at groovy.lang.GroovyShell.runScriptOrMainOrTestOrRunnable(GroovyShell.java:263)
	at groovy.lang.GroovyShell.run(GroovyShell.java:518)
	at groovy.lang.GroovyShell.run(GroovyShell.java:507)
	at groovy.ui.GroovyMain.processOnce(GroovyMain.java:653)
	at groovy.ui.GroovyMain.run(GroovyMain.java:384)
	at groovy.ui.GroovyMain.process(GroovyMain.java:370)
	at groovy.ui.GroovyMain.processArgs(GroovyMain.java:129)
	at groovy.ui.GroovyMain.main(GroovyMain.java:109)
	at sun.reflect.NativeMethodAccessorImpl.invoke0(Native Method)
	at sun.reflect.NativeMethodAccessorImpl.invoke(NativeMethodAccessorImpl.java:62)
	at sun.reflect.DelegatingMethodAccessorImpl.invoke(DelegatingMethodAccessorImpl.java:43)
	at java.lang.reflect.Method.invoke(Method.java:498)
	at org.codehaus.groovy.tools.GroovyStarter.rootLoader(GroovyStarter.java:109)
	at org.codehaus.groovy.tools.GroovyStarter.main(GroovyStarter.java:131)
)

2018-11-08 10:59:25 - [TEST_STEP][PASSED] - Statement - log = new com.kms.katalon.core.logging.KeywordLogger(): null

2018-11-08 10:59:25 - [TEST_STEP][PASSED] - setText: Text '88778' is set on object 'Object Repository/FSM1/EMI Check Results/Page_JM Control Centre/input_Recents_v-textfield v-wi'

2018-11-08 10:59:25 - [MESSAGE][PASSED] - Text '88778' is set on object 'Object Repository/FSM1/EMI Check Results/Page_JM Control Centre/input_Recents_v-textfield v-wi'

2018-11-08 10:59:25 - [TEST_STEP][PASSED] - click: Object: 'Object Repository/FSM1/EMI Check Results/Page_JM Control Centre/span_' is clicked on

2018-11-08 10:59:26 - [MESSAGE][PASSED] - Object: 'Object Repository/FSM1/EMI Check Results/Page_JM Control Centre/span_' is clicked on

2018-11-08 10:59:26 - [TEST_STEP][PASSED] - waitForElementPresent: Object 'Object Repository/FSM1/EMI Check Results/Page_JM Control Centre/div_CLOSED' is present

2018-11-08 10:59:31 - [MESSAGE][PASSED] - Object 'Object Repository/FSM1/EMI Check Results/Page_JM Control Centre/div_CLOSED' is present

2018-11-08 10:59:31 - [TEST_STEP][PASSED] - delay: Delayed 3 second(s)

2018-11-08 10:59:34 - [MESSAGE][PASSED] - Delayed 3 second(s)

2018-11-08 10:59:34 - [TEST_STEP][FAILED] - verifyElementPresent: Unable to verify object 'Object Repository/FSM1/Complete ABP Inspection/Check Results/Page_JM Control Centre/ABPR15 - Microbiology' is present (Root cause: com.kms.katalon.core.webui.exception.WebElementNotFoundException: Web element with id: 'Object Repository/FSM1/Complete ABP Inspection/Check Results/Page_JM Control Centre/ABPR15 - Microbiology' located by 'By.xpath: //div[@id = 'ABPR15 - Microbiology Submission Form']' not found)

2018-11-08 11:00:40 - [MESSAGE][FAILED] - com.kms.katalon.core.webui.exception.WebElementNotFoundException: Web element with id: 'Object Repository/FSM1/Complete ABP Inspection/Check Results/Page_JM Control Centre/ABPR15 - Microbiology' located by 'By.xpath: //div[@id = 'ABPR15 - Microbiology Submission Form']' not found
[[ATTACHMENT|C:\\Users\\JHATFIELD\\git\\DEFRA-FSM_Automated_Regression_NEW\\Reports\\ICW\\ICW Regression - 190\\20181108_105243\\1541674839030.png]]

2018-11-08 11:00:41 - [MESSAGE][FAILED] - Unable to verify object 'Object Repository/FSM1/Complete ABP Inspection/Check Results/Page_JM Control Centre/ABPR15 - Microbiology' is present (Root cause: com.kms.katalon.core.webui.exception.WebElementNotFoundException: Web element with id: 'Object Repository/FSM1/Complete ABP Inspection/Check Results/Page_JM Control Centre/ABPR15 - Microbiology' located by 'By.xpath: //div[@id = 'ABPR15 - Microbiology Submission Form']' not found)
[[ATTACHMENT|C:\\Users\\JHATFIELD\\git\\DEFRA-FSM_Automated_Regression_NEW\\Reports\\ICW\\ICW Regression - 190\\20181108_105243\\1541674840099.png]]]]></system-out>
         <system-err><![CDATA[2018-11-08 10:59:24 - [TEST_CASE][FAILED] - Test Cases/ABP/ABPR02a/Control Centre - Check Results - ABPR02a: Test Cases/ABP/ABPR02a/Control Centre - Check Results - ABPR02a FAILED because (of) (Stack trace: com.kms.katalon.core.exception.StepFailedException: Unable to verify object 'Object Repository/FSM1/Complete ABP Inspection/Check Results/Page_JM Control Centre/ABPR15 - Microbiology' is present (Root cause: com.kms.katalon.core.webui.exception.WebElementNotFoundException: Web element with id: 'Object Repository/FSM1/Complete ABP Inspection/Check Results/Page_JM Control Centre/ABPR15 - Microbiology' located by 'By.xpath: //div[@id = 'ABPR15 - Microbiology Submission Form']' not found)
	at com.kms.katalon.core.keyword.internal.KeywordMain.stepFailed(KeywordMain.groovy:36)
	at com.kms.katalon.core.webui.keyword.internal.WebUIKeywordMain.stepFailed(WebUIKeywordMain.groovy:65)
	at com.kms.katalon.core.webui.keyword.internal.WebUIKeywordMain.runKeyword(WebUIKeywordMain.groovy:27)
	at com.kms.katalon.core.webui.keyword.builtin.VerifyElementPresentKeyword.verifyElementPresent(VerifyElementPresentKeyword.groovy:92)
	at com.kms.katalon.core.webui.keyword.builtin.VerifyElementPresentKeyword.execute(VerifyElementPresentKeyword.groovy:68)
	at com.kms.katalon.core.keyword.internal.KeywordExecutor.executeKeywordForPlatform(KeywordExecutor.groovy:53)
	at com.kms.katalon.core.webui.keyword.WebUiBuiltInKeywords.verifyElementPresent(WebUiBuiltInKeywords.groovy:1434)
	at com.kms.katalon.core.webui.keyword.WebUiBuiltInKeywords$verifyElementPresent$13.call(Unknown Source)
	at org.codehaus.groovy.runtime.callsite.CallSiteArray.defaultCall(CallSiteArray.java:48)
	at org.codehaus.groovy.runtime.callsite.AbstractCallSite.call(AbstractCallSite.java:113)
	at org.codehaus.groovy.runtime.callsite.AbstractCallSite.call(AbstractCallSite.java:133)
	at Script1540981492403.run(Script1540981492403.groovy:37)
	at com.kms.katalon.core.main.ScriptEngine.run(ScriptEngine.java:183)
	at com.kms.katalon.core.main.ScriptEngine.runScriptAsRawText(ScriptEngine.java:108)
	at com.kms.katalon.core.main.TestCaseExecutor.runScript(TestCaseExecutor.java:294)
	at com.kms.katalon.core.main.TestCaseExecutor.doExecute(TestCaseExecutor.java:285)
	at com.kms.katalon.core.main.TestCaseExecutor.processExecutionPhase(TestCaseExecutor.java:264)
	at com.kms.katalon.core.main.TestCaseExecutor.accessMainPhase(TestCaseExecutor.java:256)
	at com.kms.katalon.core.main.TestCaseExecutor.execute(TestCaseExecutor.java:200)
	at com.kms.katalon.core.main.TestSuiteExecutor.accessTestCaseMainPhase(TestSuiteExecutor.java:129)
	at com.kms.katalon.core.main.TestSuiteExecutor.accessTestSuiteMainPhase(TestSuiteExecutor.java:112)
	at com.kms.katalon.core.main.TestSuiteExecutor.execute(TestSuiteExecutor.java:81)
	at com.kms.katalon.core.main.TestCaseMain.startTestSuite(TestCaseMain.java:142)
	at com.kms.katalon.core.main.TestCaseMain$startTestSuite$0.call(Unknown Source)
	at org.codehaus.groovy.runtime.callsite.CallSiteArray.defaultCall(CallSiteArray.java:48)
	at org.codehaus.groovy.runtime.callsite.AbstractCallSite.call(AbstractCallSite.java:113)
	at org.codehaus.groovy.runtime.callsite.AbstractCallSite.call(AbstractCallSite.java:141)
	at TempTestSuite1541674363351.run(TempTestSuite1541674363351.groovy:36)
	at groovy.lang.GroovyShell.runScriptOrMainOrTestOrRunnable(GroovyShell.java:263)
	at groovy.lang.GroovyShell.run(GroovyShell.java:518)
	at groovy.lang.GroovyShell.run(GroovyShell.java:507)
	at groovy.ui.GroovyMain.processOnce(GroovyMain.java:653)
	at groovy.ui.GroovyMain.run(GroovyMain.java:384)
	at groovy.ui.GroovyMain.process(GroovyMain.java:370)
	at groovy.ui.GroovyMain.processArgs(GroovyMain.java:129)
	at groovy.ui.GroovyMain.main(GroovyMain.java:109)
	at sun.reflect.NativeMethodAccessorImpl.invoke0(Native Method)
	at sun.reflect.NativeMethodAccessorImpl.invoke(NativeMethodAccessorImpl.java:62)
	at sun.reflect.DelegatingMethodAccessorImpl.invoke(DelegatingMethodAccessorImpl.java:43)
	at java.lang.reflect.Method.invoke(Method.java:498)
	at org.codehaus.groovy.tools.GroovyStarter.rootLoader(GroovyStarter.java:109)
	at org.codehaus.groovy.tools.GroovyStarter.main(GroovyStarter.java:131)
)]]></system-err>
      </testcase>
      <testcase name="Test Cases/ABP/Generic/Check Subsequent Inspection Exist" classname="Test Cases/ABP/Generic/Check Subsequent Inspection Exist" status="PASSED">
         <system-out><![CDATA[2018-11-08 11:00:41 - [TEST_CASE][PASSED] - Test Cases/ABP/Generic/Check Subsequent Inspection Exist: Test Cases/ABP/Generic/Check Subsequent Inspection Exist

2018-11-08 11:00:41 - [TEST_STEP][PASSED] - delay: Delayed 2 second(s)

2018-11-08 11:00:43 - [MESSAGE][PASSED] - Delayed 2 second(s)

2018-11-08 11:00:43 - [TEST_STEP][PASSED] - click: Object: 'Object Repository/FSM1/Complete ABP Inspection/Check Subsequent Inspections/New/Page_JM Control Centre/div_' is clicked on

2018-11-08 11:00:44 - [MESSAGE][PASSED] - Object: 'Object Repository/FSM1/Complete ABP Inspection/Check Subsequent Inspections/New/Page_JM Control Centre/div_' is clicked on

2018-11-08 11:00:44 - [TEST_STEP][PASSED] - click: Object: 'Object Repository/FSM1/Complete ABP Inspection/Check Subsequent Inspections/New/Page_JM Control Centre/span_List All Subordinate Jobs' is clicked on

2018-11-08 11:00:44 - [MESSAGE][PASSED] - Object: 'Object Repository/FSM1/Complete ABP Inspection/Check Subsequent Inspections/New/Page_JM Control Centre/span_List All Subordinate Jobs' is clicked on

2018-11-08 11:00:46 - [TEST_STEP][PASSED] - delay: Delayed 2 second(s)

2018-11-08 11:00:48 - [MESSAGE][PASSED] - Delayed 2 second(s)

2018-11-08 11:00:48 - [TEST_STEP][PASSED] - verifyElementVisible: Object 'Object Repository/FSM1/Complete ABP Inspection/Check Subsequent Inspections/New/Page_JM Control Centre/div_2 found.' is visible

2018-11-08 11:00:48 - [MESSAGE][PASSED] - Object 'Object Repository/FSM1/Complete ABP Inspection/Check Subsequent Inspections/New/Page_JM Control Centre/div_2 found.' is visible

2018-11-08 11:00:48 - [TEST_STEP][PASSED] - closeBrowser: Browser is closed

2018-11-08 11:00:49 - [MESSAGE][PASSED] - Browser is closed]]></system-out>
         <system-err><![CDATA[]]></system-err>
      </testcase>
      <system-out><![CDATA[2018-11-08 10:52:47 - [TEST_SUITE][FAILED] - ICW Regression - 190: Test Cases/ABP/ABPR02a/Control Centre - Check Results - ABPR02a FAILED because (of) (Stack trace: com.kms.katalon.core.exception.StepFailedException: Unable to verify object 'Object Repository/FSM1/Complete ABP Inspection/Check Results/Page_JM Control Centre/ABPR15 - Microbiology' is present (Root cause: com.kms.katalon.core.webui.exception.WebElementNotFoundException: Web element with id: 'Object Repository/FSM1/Complete ABP Inspection/Check Results/Page_JM Control Centre/ABPR15 - Microbiology' located by 'By.xpath: //div[@id = 'ABPR15 - Microbiology Submission Form']' not found)
	at com.kms.katalon.core.keyword.internal.KeywordMain.stepFailed(KeywordMain.groovy:36)
	at com.kms.katalon.core.webui.keyword.internal.WebUIKeywordMain.stepFailed(WebUIKeywordMain.groovy:65)
	at com.kms.katalon.core.webui.keyword.internal.WebUIKeywordMain.runKeyword(WebUIKeywordMain.groovy:27)
	at com.kms.katalon.core.webui.keyword.builtin.VerifyElementPresentKeyword.verifyElementPresent(VerifyElementPresentKeyword.groovy:92)
	at com.kms.katalon.core.webui.keyword.builtin.VerifyElementPresentKeyword.execute(VerifyElementPresentKeyword.groovy:68)
	at com.kms.katalon.core.keyword.internal.KeywordExecutor.executeKeywordForPlatform(KeywordExecutor.groovy:53)
	at com.kms.katalon.core.webui.keyword.WebUiBuiltInKeywords.verifyElementPresent(WebUiBuiltInKeywords.groovy:1434)
	at com.kms.katalon.core.webui.keyword.WebUiBuiltInKeywords$verifyElementPresent$13.call(Unknown Source)
	at org.codehaus.groovy.runtime.callsite.CallSiteArray.defaultCall(CallSiteArray.java:48)
	at org.codehaus.groovy.runtime.callsite.AbstractCallSite.call(AbstractCallSite.java:113)
	at org.codehaus.groovy.runtime.callsite.AbstractCallSite.call(AbstractCallSite.java:133)
	at Script1540981492403.run(Script1540981492403.groovy:37)
	at com.kms.katalon.core.main.ScriptEngine.run(ScriptEngine.java:183)
	at com.kms.katalon.core.main.ScriptEngine.runScriptAsRawText(ScriptEngine.java:108)
	at com.kms.katalon.core.main.TestCaseExecutor.runScript(TestCaseExecutor.java:294)
	at com.kms.katalon.core.main.TestCaseExecutor.doExecute(TestCaseExecutor.java:285)
	at com.kms.katalon.core.main.TestCaseExecutor.processExecutionPhase(TestCaseExecutor.java:264)
	at com.kms.katalon.core.main.TestCaseExecutor.accessMainPhase(TestCaseExecutor.java:256)
	at com.kms.katalon.core.main.TestCaseExecutor.execute(TestCaseExecutor.java:200)
	at com.kms.katalon.core.main.TestSuiteExecutor.accessTestCaseMainPhase(TestSuiteExecutor.java:129)
	at com.kms.katalon.core.main.TestSuiteExecutor.accessTestSuiteMainPhase(TestSuiteExecutor.java:112)
	at com.kms.katalon.core.main.TestSuiteExecutor.execute(TestSuiteExecutor.java:81)
	at com.kms.katalon.core.main.TestCaseMain.startTestSuite(TestCaseMain.java:142)
	at com.kms.katalon.core.main.TestCaseMain$startTestSuite$0.call(Unknown Source)
	at org.codehaus.groovy.runtime.callsite.CallSiteArray.defaultCall(CallSiteArray.java:48)
	at org.codehaus.groovy.runtime.callsite.AbstractCallSite.call(AbstractCallSite.java:113)
	at org.codehaus.groovy.runtime.callsite.AbstractCallSite.call(AbstractCallSite.java:141)
	at TempTestSuite1541674363351.run(TempTestSuite1541674363351.groovy:36)
	at groovy.lang.GroovyShell.runScriptOrMainOrTestOrRunnable(GroovyShell.java:263)
	at groovy.lang.GroovyShell.run(GroovyShell.java:518)
	at groovy.lang.GroovyShell.run(GroovyShell.java:507)
	at groovy.ui.GroovyMain.processOnce(GroovyMain.java:653)
	at groovy.ui.GroovyMain.run(GroovyMain.java:384)
	at groovy.ui.GroovyMain.process(GroovyMain.java:370)
	at groovy.ui.GroovyMain.processArgs(GroovyMain.java:129)
	at groovy.ui.GroovyMain.main(GroovyMain.java:109)
	at sun.reflect.NativeMethodAccessorImpl.invoke0(Native Method)
	at sun.reflect.NativeMethodAccessorImpl.invoke(NativeMethodAccessorImpl.java:62)
	at sun.reflect.DelegatingMethodAccessorImpl.invoke(DelegatingMethodAccessorImpl.java:43)
	at java.lang.reflect.Method.invoke(Method.java:498)
	at org.codehaus.groovy.tools.GroovyStarter.rootLoader(GroovyStarter.java:109)
	at org.codehaus.groovy.tools.GroovyStarter.main(GroovyStarter.java:131)
)]]></system-out>
      <system-err><![CDATA[2018-11-08 10:52:47 - [TEST_SUITE][FAILED] - ICW Regression - 190: Test Cases/ABP/ABPR02a/Control Centre - Check Results - ABPR02a FAILED because (of) (Stack trace: com.kms.katalon.core.exception.StepFailedException: Unable to verify object 'Object Repository/FSM1/Complete ABP Inspection/Check Results/Page_JM Control Centre/ABPR15 - Microbiology' is present (Root cause: com.kms.katalon.core.webui.exception.WebElementNotFoundException: Web element with id: 'Object Repository/FSM1/Complete ABP Inspection/Check Results/Page_JM Control Centre/ABPR15 - Microbiology' located by 'By.xpath: //div[@id = 'ABPR15 - Microbiology Submission Form']' not found)
	at com.kms.katalon.core.keyword.internal.KeywordMain.stepFailed(KeywordMain.groovy:36)
	at com.kms.katalon.core.webui.keyword.internal.WebUIKeywordMain.stepFailed(WebUIKeywordMain.groovy:65)
	at com.kms.katalon.core.webui.keyword.internal.WebUIKeywordMain.runKeyword(WebUIKeywordMain.groovy:27)
	at com.kms.katalon.core.webui.keyword.builtin.VerifyElementPresentKeyword.verifyElementPresent(VerifyElementPresentKeyword.groovy:92)
	at com.kms.katalon.core.webui.keyword.builtin.VerifyElementPresentKeyword.execute(VerifyElementPresentKeyword.groovy:68)
	at com.kms.katalon.core.keyword.internal.KeywordExecutor.executeKeywordForPlatform(KeywordExecutor.groovy:53)
	at com.kms.katalon.core.webui.keyword.WebUiBuiltInKeywords.verifyElementPresent(WebUiBuiltInKeywords.groovy:1434)
	at com.kms.katalon.core.webui.keyword.WebUiBuiltInKeywords$verifyElementPresent$13.call(Unknown Source)
	at org.codehaus.groovy.runtime.callsite.CallSiteArray.defaultCall(CallSiteArray.java:48)
	at org.codehaus.groovy.runtime.callsite.AbstractCallSite.call(AbstractCallSite.java:113)
	at org.codehaus.groovy.runtime.callsite.AbstractCallSite.call(AbstractCallSite.java:133)
	at Script1540981492403.run(Script1540981492403.groovy:37)
	at com.kms.katalon.core.main.ScriptEngine.run(ScriptEngine.java:183)
	at com.kms.katalon.core.main.ScriptEngine.runScriptAsRawText(ScriptEngine.java:108)
	at com.kms.katalon.core.main.TestCaseExecutor.runScript(TestCaseExecutor.java:294)
	at com.kms.katalon.core.main.TestCaseExecutor.doExecute(TestCaseExecutor.java:285)
	at com.kms.katalon.core.main.TestCaseExecutor.processExecutionPhase(TestCaseExecutor.java:264)
	at com.kms.katalon.core.main.TestCaseExecutor.accessMainPhase(TestCaseExecutor.java:256)
	at com.kms.katalon.core.main.TestCaseExecutor.execute(TestCaseExecutor.java:200)
	at com.kms.katalon.core.main.TestSuiteExecutor.accessTestCaseMainPhase(TestSuiteExecutor.java:129)
	at com.kms.katalon.core.main.TestSuiteExecutor.accessTestSuiteMainPhase(TestSuiteExecutor.java:112)
	at com.kms.katalon.core.main.TestSuiteExecutor.execute(TestSuiteExecutor.java:81)
	at com.kms.katalon.core.main.TestCaseMain.startTestSuite(TestCaseMain.java:142)
	at com.kms.katalon.core.main.TestCaseMain$startTestSuite$0.call(Unknown Source)
	at org.codehaus.groovy.runtime.callsite.CallSiteArray.defaultCall(CallSiteArray.java:48)
	at org.codehaus.groovy.runtime.callsite.AbstractCallSite.call(AbstractCallSite.java:113)
	at org.codehaus.groovy.runtime.callsite.AbstractCallSite.call(AbstractCallSite.java:141)
	at TempTestSuite1541674363351.run(TempTestSuite1541674363351.groovy:36)
	at groovy.lang.GroovyShell.runScriptOrMainOrTestOrRunnable(GroovyShell.java:263)
	at groovy.lang.GroovyShell.run(GroovyShell.java:518)
	at groovy.lang.GroovyShell.run(GroovyShell.java:507)
	at groovy.ui.GroovyMain.processOnce(GroovyMain.java:653)
	at groovy.ui.GroovyMain.run(GroovyMain.java:384)
	at groovy.ui.GroovyMain.process(GroovyMain.java:370)
	at groovy.ui.GroovyMain.processArgs(GroovyMain.java:129)
	at groovy.ui.GroovyMain.main(GroovyMain.java:109)
	at sun.reflect.NativeMethodAccessorImpl.invoke0(Native Method)
	at sun.reflect.NativeMethodAccessorImpl.invoke(NativeMethodAccessorImpl.java:62)
	at sun.reflect.DelegatingMethodAccessorImpl.invoke(DelegatingMethodAccessorImpl.java:43)
	at java.lang.reflect.Method.invoke(Method.java:498)
	at org.codehaus.groovy.tools.GroovyStarter.rootLoader(GroovyStarter.java:109)
	at org.codehaus.groovy.tools.GroovyStarter.main(GroovyStarter.java:131)
)]]></system-err>
   </testsuite>
</testsuites>
