<?xml version="1.0" encoding="UTF-8"?>
<testsuites name="ABP Regression - 01a" time="430" tests="14" failures="0" errors="0">
   <testsuite name="ABP Regression - 01a" tests="14" failures="0" errors="0" time="430" timestamp="2018-11-12 13:12:39" hostname="JHATFIELD - SNDFSMINFSRV001.defra.onmicrosoft.com" id="Test Suites/ABP/ABP Regression - 01a">
      <properties>
         <property name="deviceName" value=""/>
         <property name="devicePlatform" value=""/>
         <property name="logFolder" value="C:\\Users\\JHATFIELD\\git\\DEFRA-FSM_Automated_Regression_NEW\\Reports\\ABP\\ABP Regression - 01a\\20181112_125035"/>
         <property name="logFiles" value="C:\\Users\\JHATFIELD\\git\\DEFRA-FSM_Automated_Regression_NEW\\Reports\\ABP\\ABP Regression - 01a\\20181112_125035\\execution0.log"/>
         <property name="attachments" value=""/>
         <property name="hostName" value="JHATFIELD - SNDFSMINFSRV001.defra.onmicrosoft.com"/>
         <property name="os" value="Windows Server 2016 64bit"/>
         <property name="katalonVersion" value="5.8.4.14"/>
         <property name="browser" value="Chrome 70.0.3538.102"/>
         <property name="hostAddress" value="10.201.1.17"/>
         <property name="sessionId" value="3f63d72ffc8bbc4fc740e8940eb80c75"/>
         <property name="seleniumVersion" value="3.7.1"/>
         <property name="proxyInformation" value="ProxyInformation{proxyOption=NO_PROXY, proxyServerType=HTTP, password=, proxyServerAddress=, proxyServerPort=0}"/>
         <property name="platform" value="Windows Server 2016"/>
      </properties>
      <testcase name="Test Cases/Generic/Launch Job Manager Control Centre" classname="Test Cases/Generic/Launch Job Manager Control Centre" status="PASSED">
         <system-out><![CDATA[2018-11-12 13:12:40 - [TEST_CASE][PASSED] - Test Cases/Generic/Launch Job Manager Control Centre: Test Cases/Generic/Launch Job Manager Control Centre

2018-11-12 13:12:41 - [TEST_STEP][PASSED] - openBrowser: Browser is opened with url: ''

2018-11-12 13:12:45 - [MESSAGE][PASSED] - Browser is opened with url: ''

2018-11-12 13:12:45 - [TEST_STEP][PASSED] - navigateToUrl: Navigate to 'https://kirona-def-6.kirona.com/jmprep/login#!loginView' successfully

2018-11-12 13:12:47 - [MESSAGE][PASSED] - Navigate to 'https://kirona-def-6.kirona.com/jmprep/login#!loginView' successfully

2018-11-12 13:12:47 - [TEST_STEP][PASSED] - setText: Text 'jon.hatfield' is set on object 'Object Repository/FSM1/Control Centre/Page_Job Manager Login/input_gwt-uid-3'

2018-11-12 13:12:49 - [MESSAGE][PASSED] - Text 'jon.hatfield' is set on object 'Object Repository/FSM1/Control Centre/Page_Job Manager Login/input_gwt-uid-3'

2018-11-12 13:12:49 - [TEST_STEP][PASSED] - setText: Text 'Fr@nc1sJ0n' is set on object 'Object Repository/FSM1/Control Centre/Page_Job Manager Login/input_gwt-uid-5'

2018-11-12 13:12:49 - [MESSAGE][PASSED] - Text 'Fr@nc1sJ0n' is set on object 'Object Repository/FSM1/Control Centre/Page_Job Manager Login/input_gwt-uid-5'

2018-11-12 13:12:49 - [TEST_STEP][PASSED] - click: Object: 'Object Repository/FSM1/PreProd/Page_Job Manager Login/div_Login' is clicked on

2018-11-12 13:12:49 - [MESSAGE][PASSED] - Object: 'Object Repository/FSM1/PreProd/Page_Job Manager Login/div_Login' is clicked on

2018-11-12 13:12:49 - [TEST_STEP][PASSED] - delay: Delayed 5 second(s)

2018-11-12 13:12:54 - [MESSAGE][PASSED] - Delayed 5 second(s)]]></system-out>
         <system-err><![CDATA[]]></system-err>
      </testcase>
      <testcase name="Test Cases/ABP/Generic/Create ABP Inspection" classname="Test Cases/ABP/Generic/Create ABP Inspection" status="PASSED">
         <system-out><![CDATA[2018-11-12 13:12:54 - [TEST_CASE][PASSED] - Test Cases/ABP/Generic/Create ABP Inspection: Test Cases/ABP/Generic/Create ABP Inspection

2018-11-12 13:12:55 - [TEST_STEP][PASSED] - Statement - log = new com.kms.katalon.core.logging.KeywordLogger(): null

2018-11-12 13:12:55 - [TEST_STEP][PASSED] - click: Object: 'Object Repository/FSM1/Create ABP Inspection/Page_JM Control Centre/div_Create' is clicked on

2018-11-12 13:12:55 - [MESSAGE][PASSED] - Object: 'Object Repository/FSM1/Create ABP Inspection/Page_JM Control Centre/div_Create' is clicked on

2018-11-12 13:12:55 - [TEST_STEP][PASSED] - click: Object: 'Object Repository/FSM1/Create ABP Inspection/Page_JM Control Centre/div_v-filterselect-button' is clicked on

2018-11-12 13:12:57 - [MESSAGE][PASSED] - Object: 'Object Repository/FSM1/Create ABP Inspection/Page_JM Control Centre/div_v-filterselect-button' is clicked on

2018-11-12 13:12:57 - [TEST_STEP][PASSED] - setText: Text 'ABPR01a' is set on object 'Object Repository/FSM1/Create ABP Inspection/Page_JM Control Centre/input_gwt-uid-8'

2018-11-12 13:12:58 - [MESSAGE][PASSED] - Text 'ABPR01a' is set on object 'Object Repository/FSM1/Create ABP Inspection/Page_JM Control Centre/input_gwt-uid-8'

2018-11-12 13:12:58 - [TEST_STEP][PASSED] - click: Object: 'Object Repository/FSM1/Create ABP Inspection/Page_JM Control Centre/span_ABPR01A - Composting and' is clicked on

2018-11-12 13:12:58 - [MESSAGE][PASSED] - Object: 'Object Repository/FSM1/Create ABP Inspection/Page_JM Control Centre/span_ABPR01A - Composting and' is clicked on

2018-11-12 13:12:59 - [TEST_STEP][PASSED] - click: Object: 'Object Repository/FSM1/Control Centre/Create EMI Inspection New/Page_JM Control Centre/div_v-filterselect-button_1' is clicked on

2018-11-12 13:13:01 - [MESSAGE][PASSED] - Object: 'Object Repository/FSM1/Control Centre/Create EMI Inspection New/Page_JM Control Centre/div_v-filterselect-button_1' is clicked on

2018-11-12 13:13:01 - [TEST_STEP][PASSED] - click: Object: 'Object Repository/FSM1/Control Centre/Create EMI Inspection New/Page_JM Control Centre/span_24 Hours' is clicked on

2018-11-12 13:13:01 - [MESSAGE][PASSED] - Object: 'Object Repository/FSM1/Control Centre/Create EMI Inspection New/Page_JM Control Centre/span_24 Hours' is clicked on

2018-11-12 13:13:01 - [TEST_STEP][PASSED] - click: Object: 'Object Repository/FSM1/Create ABP Inspection/Page_JM Control Centre/div_Region_v-filterselect-butt' is clicked on

2018-11-12 13:13:01 - [MESSAGE][PASSED] - Object: 'Object Repository/FSM1/Create ABP Inspection/Page_JM Control Centre/div_Region_v-filterselect-butt' is clicked on

2018-11-12 13:13:02 - [TEST_STEP][PASSED] - click: Object: 'Object Repository/FSM1/Create ABP Inspection/Page_JM Control Centre/td_West' is clicked on

2018-11-12 13:13:02 - [MESSAGE][PASSED] - Object: 'Object Repository/FSM1/Create ABP Inspection/Page_JM Control Centre/td_West' is clicked on

2018-11-12 13:13:02 - [TEST_STEP][PASSED] - click: Object: 'Object Repository/FSM1/Create ABP Inspection/Page_JM Control Centre/div_Plant Type_v-filterselect-' is clicked on

2018-11-12 13:13:02 - [MESSAGE][PASSED] - Object: 'Object Repository/FSM1/Create ABP Inspection/Page_JM Control Centre/div_Plant Type_v-filterselect-' is clicked on

2018-11-12 13:13:02 - [TEST_STEP][PASSED] - click: Object: 'Object Repository/FSM1/Create ABP Inspection/Page_JM Control Centre/td_SECTION I Intermediate Acti' is clicked on

2018-11-12 13:13:03 - [MESSAGE][PASSED] - Object: 'Object Repository/FSM1/Create ABP Inspection/Page_JM Control Centre/td_SECTION I Intermediate Acti' is clicked on

2018-11-12 13:13:03 - [TEST_STEP][PASSED] - click: Object: 'Object Repository/FSM1/Create ABP Inspection/Page_JM Control Centre/div_Inspection Type_v-filterse' is clicked on

2018-11-12 13:13:03 - [MESSAGE][PASSED] - Object: 'Object Repository/FSM1/Create ABP Inspection/Page_JM Control Centre/div_Inspection Type_v-filterse' is clicked on

2018-11-12 13:13:03 - [TEST_STEP][PASSED] - click: Object: 'Object Repository/FSM1/Create ABP Inspection/Page_JM Control Centre/td_Routine' is clicked on

2018-11-12 13:13:04 - [MESSAGE][PASSED] - Object: 'Object Repository/FSM1/Create ABP Inspection/Page_JM Control Centre/td_Routine' is clicked on

2018-11-12 13:13:04 - [TEST_STEP][PASSED] - click: Object: 'Object Repository/FSM1/Create ABP Inspection/Page_JM Control Centre/div_Inspector Grade Required_v' is clicked on

2018-11-12 13:13:04 - [MESSAGE][PASSED] - Object: 'Object Repository/FSM1/Create ABP Inspection/Page_JM Control Centre/div_Inspector Grade Required_v' is clicked on

2018-11-12 13:13:04 - [TEST_STEP][PASSED] - click: Object: 'Object Repository/FSM1/Create ABP Inspection/Page_JM Control Centre/td_Tech' is clicked on

2018-11-12 13:13:04 - [MESSAGE][PASSED] - Object: 'Object Repository/FSM1/Create ABP Inspection/Page_JM Control Centre/td_Tech' is clicked on

2018-11-12 13:13:04 - [TEST_STEP][PASSED] - click: Object: 'Object Repository/FSM1/Create ABP Inspection/Page_JM Control Centre/div_Sequence within Inspection' is clicked on

2018-11-12 13:13:05 - [MESSAGE][PASSED] - Object: 'Object Repository/FSM1/Create ABP Inspection/Page_JM Control Centre/div_Sequence within Inspection' is clicked on

2018-11-12 13:13:05 - [TEST_STEP][PASSED] - click: Object: 'Object Repository/FSM1/Create ABP Inspection/Page_JM Control Centre/td_2 - Tech' is clicked on

2018-11-12 13:13:05 - [MESSAGE][PASSED] - Object: 'Object Repository/FSM1/Create ABP Inspection/Page_JM Control Centre/td_2 - Tech' is clicked on

2018-11-12 13:13:05 - [TEST_STEP][PASSED] - setText: Text '64571' is set on object 'Object Repository/FSM1/Create ABP Inspection/Page_JM Control Centre/input_Customer ID_gwt-uid-40'

2018-11-12 13:13:06 - [MESSAGE][PASSED] - Text '64571' is set on object 'Object Repository/FSM1/Create ABP Inspection/Page_JM Control Centre/input_Customer ID_gwt-uid-40'

2018-11-12 13:13:06 - [TEST_STEP][PASSED] - setText: Text '69913' is set on object 'Object Repository/FSM1/Create ABP Inspection/Page_JM Control Centre/input_Unit ID_gwt-uid-42'

2018-11-12 13:13:06 - [MESSAGE][PASSED] - Text '69913' is set on object 'Object Repository/FSM1/Create ABP Inspection/Page_JM Control Centre/input_Unit ID_gwt-uid-42'

2018-11-12 13:13:06 - [TEST_STEP][PASSED] - setText: Text 'Test Automation' is set on object 'Object Repository/FSM1/Create ABP Inspection/Page_JM Control Centre/input_Customer Name_gwt-uid-44'

2018-11-12 13:13:07 - [MESSAGE][PASSED] - Text 'Test Automation' is set on object 'Object Repository/FSM1/Create ABP Inspection/Page_JM Control Centre/input_Customer Name_gwt-uid-44'

2018-11-12 13:13:07 - [TEST_STEP][PASSED] - click: Object: 'Object Repository/FSM1/Control Centre/Create EMI Inspection/Page_JM Control Centre/span_' is clicked on

2018-11-12 13:13:07 - [MESSAGE][PASSED] - Object: 'Object Repository/FSM1/Control Centre/Create EMI Inspection/Page_JM Control Centre/span_' is clicked on

2018-11-12 13:13:07 - [TEST_STEP][PASSED] - click: Object: 'Object Repository/FSM1/Control Centre/Create EMI Inspection/Address Search/Page_JM Control Centre/Postcode Search' is clicked on

2018-11-12 13:13:09 - [MESSAGE][PASSED] - Object: 'Object Repository/FSM1/Control Centre/Create EMI Inspection/Address Search/Page_JM Control Centre/Postcode Search' is clicked on

2018-11-12 13:13:09 - [TEST_STEP][PASSED] - setText: Text 'WR5 2NQ' is set on object 'Object Repository/FSM1/PreProd/Page_JM Control Centre/PostcodeSearch'

2018-11-12 13:13:09 - [MESSAGE][PASSED] - Text 'WR5 2NQ' is set on object 'Object Repository/FSM1/PreProd/Page_JM Control Centre/PostcodeSearch'

2018-11-12 13:13:09 - [TEST_STEP][PASSED] - click: Object: 'Object Repository/FSM1/Control Centre/Create EMI Inspection/Create Address/Page_JM Control Centre (1)/SearchButton' is clicked on

2018-11-12 13:13:10 - [MESSAGE][PASSED] - Object: 'Object Repository/FSM1/Control Centre/Create EMI Inspection/Create Address/Page_JM Control Centre (1)/SearchButton' is clicked on

2018-11-12 13:13:10 - [TEST_STEP][PASSED] - Statement - FullAddress = com.kms.katalon.core.webui.keyword.WebUiBuiltInKeywords.modifyObjectProperty(com.kms.katalon.core.testobject.ObjectRepository.findTestObject(FSM1/Control Centre/Create EMI Inspection/Page_JM Control Centre/Address), "text", "equals", com.kms.katalon.core.testdata.TestDataFactory.findTestData(Pre Production/ABP/ABP Inspection Data 01a).getValue(3, 1), true): Modify property of object successfully

2018-11-12 13:13:10 - [MESSAGE][PASSED] - Modify property of object successfully

2018-11-12 13:13:10 - [TEST_STEP][PASSED] - click: Object: 'Object Repository/FSM1/Control Centre/Create EMI Inspection/Page_JM Control Centre/Address' is clicked on

2018-11-12 13:13:11 - [MESSAGE][PASSED] - Object: 'Object Repository/FSM1/Control Centre/Create EMI Inspection/Page_JM Control Centre/Address' is clicked on

2018-11-12 13:13:11 - [TEST_STEP][PASSED] - click: Object: 'Object Repository/FSM1/Control Centre/Create EMI Inspection/Create Address/Page_JM Control Centre (2)/div_Add Selected Item' is clicked on

2018-11-12 13:13:12 - [MESSAGE][PASSED] - Object: 'Object Repository/FSM1/Control Centre/Create EMI Inspection/Create Address/Page_JM Control Centre (2)/div_Add Selected Item' is clicked on

2018-11-12 13:13:12 - [TEST_STEP][PASSED] - delay: Delayed 2 second(s)

2018-11-12 13:13:14 - [MESSAGE][PASSED] - Delayed 2 second(s)

2018-11-12 13:13:14 - [TEST_STEP][PASSED] - setText: Text 'test' is set on object 'Object Repository/FSM1/Create ABP Inspection/Test/Page_JM Control Centre/input_Fixed Resource_gwt-uid-1'

2018-11-12 13:13:14 - [MESSAGE][PASSED] - Text 'test' is set on object 'Object Repository/FSM1/Create ABP Inspection/Test/Page_JM Control Centre/input_Fixed Resource_gwt-uid-1'

2018-11-12 13:13:14 - [TEST_STEP][PASSED] - click: Object: 'Object Repository/FSM1/Create ABP Inspection/Test/Page_JM Control Centre/span_Test Inspector' is clicked on

2018-11-12 13:13:15 - [MESSAGE][PASSED] - Object: 'Object Repository/FSM1/Create ABP Inspection/Test/Page_JM Control Centre/span_Test Inspector' is clicked on

2018-11-12 13:13:15 - [TEST_STEP][PASSED] - click: Object: 'Object Repository/FSM1/Create ABP Inspection/Test/Page_JM Control Centre/Page_JM Control Centre/Auto Schedulable' is clicked on

2018-11-12 13:13:15 - [MESSAGE][PASSED] - Object: 'Object Repository/FSM1/Create ABP Inspection/Test/Page_JM Control Centre/Page_JM Control Centre/Auto Schedulable' is clicked on

2018-11-12 13:13:15 - [TEST_STEP][PASSED] - delay: Delayed 2 second(s)

2018-11-12 13:13:17 - [MESSAGE][PASSED] - Delayed 2 second(s)

2018-11-12 13:13:17 - [TEST_STEP][PASSED] - click: Object: 'Object Repository/FSM1/Create ABP Inspection/Test/Page_JM Control Centre/Page_JM Control Centre/Page_JM Control Centre/span_Yes' is clicked on

2018-11-12 13:13:17 - [MESSAGE][PASSED] - Object: 'Object Repository/FSM1/Create ABP Inspection/Test/Page_JM Control Centre/Page_JM Control Centre/Page_JM Control Centre/span_Yes' is clicked on

2018-11-12 13:13:17 - [TEST_STEP][PASSED] - delay: Delayed 2 second(s)

2018-11-12 13:13:19 - [MESSAGE][PASSED] - Delayed 2 second(s)

2018-11-12 13:13:19 - [TEST_STEP][PASSED] - click: Object: 'Object Repository/FSM1/Control Centre/Create EMI Inspection/Finish/Page_JM Control Centre (3)/div_Create' is clicked on

2018-11-12 13:13:19 - [MESSAGE][PASSED] - Object: 'Object Repository/FSM1/Control Centre/Create EMI Inspection/Finish/Page_JM Control Centre (3)/div_Create' is clicked on

2018-11-12 13:13:20 - [TEST_STEP][PASSED] - waitForElementPresent: Object 'Object Repository/FSM1/Control Centre/Status/Page_JM Control Centre/div_PLANNED DYNAMIC' is present

2018-11-12 13:14:05 - [MESSAGE][PASSED] - Object 'Object Repository/FSM1/Control Centre/Status/Page_JM Control Centre/div_PLANNED DYNAMIC' is present

2018-11-12 13:14:05 - [TEST_STEP][PASSED] - Statement - InspectionID = com.kms.katalon.core.webui.keyword.WebUiBuiltInKeywords.getText(com.kms.katalon.core.testobject.ObjectRepository.findTestObject(FSM1/Control Centre/Create EMI Inspection/InspectionID/Page_JM Control Centre/InspectionID)): Text of object 'Object Repository/FSM1/Control Centre/Create EMI Inspection/InspectionID/Page_JM Control Centre/InspectionID' is: 'Viewing Job 90928'

2018-11-12 13:14:05 - [MESSAGE][PASSED] - Text of object 'Object Repository/FSM1/Control Centre/Create EMI Inspection/InspectionID/Page_JM Control Centre/InspectionID' is: 'Viewing Job 90928'

2018-11-12 13:14:05 - [TEST_STEP][PASSED] - Statement - InspectionID = InspectionID.replaceAll("Viewing Job ", ""): null

2018-11-12 13:14:05 - [TEST_STEP][PASSED] - Statement - log.logWarning(InspectionID): 90928

2018-11-12 13:14:05 - [MESSAGE][WARNING] - 90928

2018-11-12 13:14:05 - [TEST_STEP][PASSED] - Statement - temp = InspectionID: null

2018-11-12 13:14:05 - [TEST_STEP][PASSED] - delay: Delayed 90 second(s)

2018-11-12 13:15:35 - [MESSAGE][PASSED] - Delayed 90 second(s)]]></system-out>
         <system-err><![CDATA[]]></system-err>
      </testcase>
      <testcase name="Test Cases/Generic/Launch Job Manager" classname="Test Cases/Generic/Launch Job Manager" status="PASSED">
         <system-out><![CDATA[2018-11-12 13:15:35 - [TEST_CASE][PASSED] - Test Cases/Generic/Launch Job Manager: Test Cases/Generic/Launch Job Manager

2018-11-12 13:15:35 - [TEST_STEP][PASSED] - openBrowser: Browser is opened with url: ''

2018-11-12 13:15:35 - [MESSAGE][WARNING] - A browser is already opened. Closing browser and opening a new one

2018-11-12 13:15:39 - [MESSAGE][PASSED] - Browser is opened with url: ''

2018-11-12 13:15:39 - [TEST_STEP][PASSED] - navigateToUrl: Navigate to 'https://kirona-def-6.kirona.com/jmprep/jclient/jclient.html' successfully

2018-11-12 13:15:39 - [MESSAGE][PASSED] - Navigate to 'https://kirona-def-6.kirona.com/jmprep/jclient/jclient.html' successfully

2018-11-12 13:15:39 - [TEST_STEP][PASSED] - setText: Text 'KIR1' is set on object 'Object Repository/FSM1/Launch Application/Page_JClient/input_gwt-TextBox GKH2EKQBMDB'

2018-11-12 13:15:42 - [MESSAGE][PASSED] - Text 'KIR1' is set on object 'Object Repository/FSM1/Launch Application/Page_JClient/input_gwt-TextBox GKH2EKQBMDB'

2018-11-12 13:15:42 - [TEST_STEP][PASSED] - sendKeys: Keys 'ENTER + ' sent to object: 'Object Repository/FSM1/Launch Application/Page_JClient/input_gwt-TextBox GKH2EKQBMDB'

2018-11-12 13:15:42 - [MESSAGE][PASSED] - Keys 'ENTER + ' sent to object: 'Object Repository/FSM1/Launch Application/Page_JClient/input_gwt-TextBox GKH2EKQBMDB'

2018-11-12 13:15:42 - [TEST_STEP][PASSED] - click: Object: 'Object Repository/FSM1/Launch Application/Page_JClient/div_Configure App' is clicked on

2018-11-12 13:15:42 - [MESSAGE][PASSED] - Object: 'Object Repository/FSM1/Launch Application/Page_JClient/div_Configure App' is clicked on

2018-11-12 13:15:42 - [TEST_STEP][PASSED] - setText: Text 'test.inspector' is set on object 'Object Repository/FSM1/Launch Application/Page_JClient/input_gwt-TextBox GKH2EKQBNHC'

2018-11-12 13:15:43 - [MESSAGE][PASSED] - Text 'test.inspector' is set on object 'Object Repository/FSM1/Launch Application/Page_JClient/input_gwt-TextBox GKH2EKQBNHC'

2018-11-12 13:15:43 - [TEST_STEP][PASSED] - setText: Text 'Password1.' is set on object 'Object Repository/FSM1/Launch Application/Page_JClient/input_gwt-PasswordTextBox GKH2'

2018-11-12 13:15:43 - [MESSAGE][PASSED] - Text 'Password1.' is set on object 'Object Repository/FSM1/Launch Application/Page_JClient/input_gwt-PasswordTextBox GKH2'

2018-11-12 13:15:43 - [TEST_STEP][PASSED] - click: Object: 'Object Repository/FSM1/Launch Application/Page_JClient/div_Sign In' is clicked on

2018-11-12 13:15:44 - [MESSAGE][PASSED] - Object: 'Object Repository/FSM1/Launch Application/Page_JClient/div_Sign In' is clicked on

2018-11-12 13:15:44 - [TEST_STEP][PASSED] - delay: Delayed 15 second(s)

2018-11-12 13:15:59 - [MESSAGE][PASSED] - Delayed 15 second(s)]]></system-out>
         <system-err><![CDATA[]]></system-err>
      </testcase>
      <testcase name="Test Cases/Generic/Select Inspection" classname="Test Cases/Generic/Select Inspection" status="PASSED">
         <system-out><![CDATA[2018-11-12 13:15:59 - [TEST_CASE][PASSED] - Test Cases/Generic/Select Inspection: Test Cases/Generic/Select Inspection

2018-11-12 13:15:59 - [TEST_STEP][PASSED] - delay: Delayed 30 second(s)

2018-11-12 13:16:29 - [MESSAGE][PASSED] - Delayed 30 second(s)

2018-11-12 13:16:29 - [TEST_STEP][PASSED] - waitForElementClickable: Object 'Object Repository/FSM1/Select Inspection/Landing/Refresh' is clickable

2018-11-12 13:16:29 - [MESSAGE][PASSED] - Object 'Object Repository/FSM1/Select Inspection/Landing/Refresh' is clickable

2018-11-12 13:16:29 - [TEST_STEP][PASSED] - click: Object: 'Object Repository/FSM1/Select Inspection/Landing/Refresh' is clicked on

2018-11-12 13:16:29 - [MESSAGE][PASSED] - Object: 'Object Repository/FSM1/Select Inspection/Landing/Refresh' is clicked on

2018-11-12 13:16:29 - [TEST_STEP][PASSED] - waitForElementClickable: Object 'Object Repository/FSM1/Select Inspection/Landing/Refresh' is clickable

2018-11-12 13:16:31 - [MESSAGE][PASSED] - Object 'Object Repository/FSM1/Select Inspection/Landing/Refresh' is clickable

2018-11-12 13:16:31 - [TEST_STEP][NOT_RUN] - delay: NOT_RUN: delay

2018-11-12 13:16:31 - [MESSAGE][NOT_RUN] - NOT_RUN: delay

2018-11-12 13:16:31 - [TEST_STEP][PASSED] - Statement - InspectionRef = com.kms.katalon.core.webui.keyword.WebUiBuiltInKeywords.modifyObjectProperty(com.kms.katalon.core.testobject.ObjectRepository.findTestObject(FSM1/Select Inspection/Landing/Page_JClient/div_35098), "text", "equals", temp, true, STOP_ON_FAILURE): Modify property of object successfully

2018-11-12 13:16:31 - [MESSAGE][PASSED] - Modify property of object successfully

2018-11-12 13:16:31 - [TEST_STEP][PASSED] - delay: Delayed 20 second(s)

2018-11-12 13:16:51 - [MESSAGE][PASSED] - Delayed 20 second(s)

2018-11-12 13:16:51 - [TEST_STEP][PASSED] - Statement - If (com.kms.katalon.core.webui.keyword.WebUiBuiltInKeywords.verifyElementPresent(InspectionRef, 30, OPTIONAL)): Object: 'Object Repository/FSM1/Select Inspection/Landing/Page_JClient/div_35098' is clicked on

2018-11-12 13:16:51 - [MESSAGE][PASSED] - Object 'Object Repository/FSM1/Select Inspection/Landing/Page_JClient/div_35098' is present

2018-11-12 13:16:51 - [TEST_STEP][PASSED] - delay: Delayed 3 second(s)

2018-11-12 13:16:54 - [MESSAGE][PASSED] - Delayed 3 second(s)

2018-11-12 13:16:54 - [TEST_STEP][PASSED] - click: Object: 'Object Repository/FSM1/Select Inspection/Landing/Page_JClient/div_35098' is clicked on

2018-11-12 13:16:54 - [MESSAGE][PASSED] - Object: 'Object Repository/FSM1/Select Inspection/Landing/Page_JClient/div_35098' is clicked on

2018-11-12 13:16:54 - [TEST_STEP][PASSED] - click: Object: 'Object Repository/FSM1/Select Inspection/Page_JClient/div_WITH OPERATIVE' is clicked on

2018-11-12 13:16:55 - [MESSAGE][PASSED] - Object: 'Object Repository/FSM1/Select Inspection/Page_JClient/div_WITH OPERATIVE' is clicked on

2018-11-12 13:16:55 - [TEST_STEP][PASSED] - delay: Delayed 2 second(s)

2018-11-12 13:16:57 - [MESSAGE][PASSED] - Delayed 2 second(s)

2018-11-12 13:16:57 - [TEST_STEP][PASSED] - click: Object: 'Object Repository/FSM1/Select Inspection/Page_JClient/div_TRAVELLING' is clicked on

2018-11-12 13:16:57 - [MESSAGE][PASSED] - Object: 'Object Repository/FSM1/Select Inspection/Page_JClient/div_TRAVELLING' is clicked on

2018-11-12 13:16:57 - [TEST_STEP][PASSED] - delay: Delayed 2 second(s)

2018-11-12 13:16:59 - [MESSAGE][PASSED] - Delayed 2 second(s)

2018-11-12 13:16:59 - [TEST_STEP][PASSED] - click: Object: 'Object Repository/FSM1/Select Inspection/Page_JClient/div_TRAVELLING' is clicked on

2018-11-12 13:16:59 - [MESSAGE][PASSED] - Object: 'Object Repository/FSM1/Select Inspection/Page_JClient/div_TRAVELLING' is clicked on

2018-11-12 13:16:59 - [TEST_STEP][PASSED] - delay: Delayed 2 second(s)

2018-11-12 13:17:01 - [MESSAGE][PASSED] - Delayed 2 second(s)

2018-11-12 13:17:01 - [TEST_STEP][PASSED] - click: Object: 'Object Repository/FSM1/Select Inspection/Page_JClient/div_ARRIVED' is clicked on

2018-11-12 13:17:01 - [MESSAGE][PASSED] - Object: 'Object Repository/FSM1/Select Inspection/Page_JClient/div_ARRIVED' is clicked on

2018-11-12 13:17:01 - [TEST_STEP][PASSED] - delay: Delayed 2 second(s)

2018-11-12 13:17:03 - [MESSAGE][PASSED] - Delayed 2 second(s)

2018-11-12 13:17:03 - [TEST_STEP][PASSED] - click: Object: 'Object Repository/FSM1/Select Inspection/Page_JClient/div_ARRIVED' is clicked on

2018-11-12 13:17:03 - [MESSAGE][PASSED] - Object: 'Object Repository/FSM1/Select Inspection/Page_JClient/div_ARRIVED' is clicked on

2018-11-12 13:17:03 - [TEST_STEP][PASSED] - delay: Delayed 4 second(s)

2018-11-12 13:17:07 - [MESSAGE][PASSED] - Delayed 4 second(s)

2018-11-12 13:17:07 - [TEST_STEP][PASSED] - click: Object: 'Object Repository/FSM1/Select Inspection/Page_JClient/div_STARTED' is clicked on

2018-11-12 13:17:07 - [MESSAGE][PASSED] - Object: 'Object Repository/FSM1/Select Inspection/Page_JClient/div_STARTED' is clicked on

2018-11-12 13:17:07 - [TEST_STEP][PASSED] - delay: Delayed 2 second(s)

2018-11-12 13:17:09 - [MESSAGE][PASSED] - Delayed 2 second(s)]]></system-out>
         <system-err><![CDATA[]]></system-err>
      </testcase>
      <testcase name="Test Cases/ABP/Generic/Complete ABP Inspection - Section A - 01a, 03a, 04a, 07a, 09a, 22" classname="Test Cases/ABP/Generic/Complete ABP Inspection - Section A - 01a, 03a, 04a, 07a, 09a, 22" status="PASSED">
         <system-out><![CDATA[2018-11-12 13:17:09 - [TEST_CASE][PASSED] - Test Cases/ABP/Generic/Complete ABP Inspection - Section A - 01a, 03a, 04a, 07a, 09a, 22: Test Cases/ABP/Generic/Complete ABP Inspection - Section A - 01a, 03a, 04a, 07a, 09a, 22

2018-11-12 13:17:10 - [TEST_STEP][PASSED] - click: Object: 'Object Repository/FSM1/Complete ABP Inspection/Section A/Page_JClient/div_Section A Summary of Inspe' is clicked on

2018-11-12 13:17:10 - [MESSAGE][PASSED] - Object: 'Object Repository/FSM1/Complete ABP Inspection/Section A/Page_JClient/div_Section A Summary of Inspe' is clicked on

2018-11-12 13:17:10 - [TEST_STEP][PASSED] - delay: Delayed 5 second(s)

2018-11-12 13:17:15 - [MESSAGE][PASSED] - Delayed 5 second(s)

2018-11-12 13:17:15 - [TEST_STEP][PASSED] - setText: Text '11/222/3333' is set on object 'Object Repository/FSM1/Complete ABP Inspection/Section A/Page_JClient/input_County Parish Holding (C'

2018-11-12 13:17:16 - [MESSAGE][PASSED] - Text '11/222/3333' is set on object 'Object Repository/FSM1/Complete ABP Inspection/Section A/Page_JClient/input_County Parish Holding (C'

2018-11-12 13:17:16 - [TEST_STEP][PASSED] - delay: Delayed 1 second(s)

2018-11-12 13:17:17 - [MESSAGE][PASSED] - Delayed 1 second(s)

2018-11-12 13:17:17 - [TEST_STEP][PASSED] - click: Object: 'Object Repository/FSM1/Complete ABP Inspection/Section A/Page_JClient/span_No' is clicked on

2018-11-12 13:17:17 - [MESSAGE][PASSED] - Object: 'Object Repository/FSM1/Complete ABP Inspection/Section A/Page_JClient/span_No' is clicked on

2018-11-12 13:17:17 - [TEST_STEP][PASSED] - click: Object: 'Object Repository/FSM1/Complete ABP Inspection/Section A/Page_JClient/span_Yes' is clicked on

2018-11-12 13:17:17 - [MESSAGE][PASSED] - Object: 'Object Repository/FSM1/Complete ABP Inspection/Section A/Page_JClient/span_Yes' is clicked on

2018-11-12 13:17:17 - [TEST_STEP][PASSED] - setText: Text 'Test Automation' is set on object 'Object Repository/FSM1/Complete ABP Inspection/Section A/Page_JClient/input_Updated Customer Name_gw'

2018-11-12 13:17:17 - [MESSAGE][PASSED] - Text 'Test Automation' is set on object 'Object Repository/FSM1/Complete ABP Inspection/Section A/Page_JClient/input_Updated Customer Name_gw'

2018-11-12 13:17:17 - [TEST_STEP][NOT_RUN] - setText: NOT_RUN: setText

2018-11-12 13:17:17 - [MESSAGE][NOT_RUN] - NOT_RUN: setText

2018-11-12 13:17:17 - [TEST_STEP][NOT_RUN] - setText: NOT_RUN: setText

2018-11-12 13:17:17 - [MESSAGE][NOT_RUN] - NOT_RUN: setText

2018-11-12 13:17:17 - [TEST_STEP][PASSED] - setText: Text '07812664043' is set on object 'Object Repository/FSM1/Complete ABP Inspection/Section A/Page_JClient/input_Updated Customer Phone_g'

2018-11-12 13:17:18 - [MESSAGE][PASSED] - Text '07812664043' is set on object 'Object Repository/FSM1/Complete ABP Inspection/Section A/Page_JClient/input_Updated Customer Phone_g'

2018-11-12 13:17:18 - [TEST_STEP][PASSED] - setText: Text 'updated@gmail.com' is set on object 'Object Repository/FSM1/Complete ABP Inspection/Section A/Page_JClient/input_Updated Customer Email_g'

2018-11-12 13:17:18 - [MESSAGE][PASSED] - Text 'updated@gmail.com' is set on object 'Object Repository/FSM1/Complete ABP Inspection/Section A/Page_JClient/input_Updated Customer Email_g'

2018-11-12 13:17:18 - [TEST_STEP][PASSED] - click: Object: 'Object Repository/FSM1/Complete ABP Inspection/Section A/Page_JClient/span_Yes_1' is clicked on

2018-11-12 13:17:18 - [MESSAGE][PASSED] - Object: 'Object Repository/FSM1/Complete ABP Inspection/Section A/Page_JClient/span_Yes_1' is clicked on

2018-11-12 13:17:18 - [TEST_STEP][PASSED] - setText: Text 'Test Automation' is set on object 'Object Repository/FSM1/Complete ABP Inspection/Section A/Page_JClient/input_Updated Operator Name_gw'

2018-11-12 13:17:19 - [MESSAGE][PASSED] - Text 'Test Automation' is set on object 'Object Repository/FSM1/Complete ABP Inspection/Section A/Page_JClient/input_Updated Operator Name_gw'

2018-11-12 13:17:19 - [TEST_STEP][PASSED] - setText: Text 'Test Automation' is set on object 'Object Repository/FSM1/Complete ABP Inspection/Section A/Page_JClient/textarea_Updated Operator Addr'

2018-11-12 13:17:19 - [MESSAGE][PASSED] - Text 'Test Automation' is set on object 'Object Repository/FSM1/Complete ABP Inspection/Section A/Page_JClient/textarea_Updated Operator Addr'

2018-11-12 13:17:19 - [TEST_STEP][PASSED] - setText: Text 'B93 0HN' is set on object 'Object Repository/FSM1/Complete ABP Inspection/Section A/Page_JClient/input_Updated Operator Postcod'

2018-11-12 13:17:19 - [MESSAGE][PASSED] - Text 'B93 0HN' is set on object 'Object Repository/FSM1/Complete ABP Inspection/Section A/Page_JClient/input_Updated Operator Postcod'

2018-11-12 13:17:19 - [TEST_STEP][PASSED] - setText: Text '07812664043' is set on object 'Object Repository/FSM1/Complete ABP Inspection/Section A/Page_JClient/input_Updated Operator Phone_g'

2018-11-12 13:17:19 - [MESSAGE][PASSED] - Text '07812664043' is set on object 'Object Repository/FSM1/Complete ABP Inspection/Section A/Page_JClient/input_Updated Operator Phone_g'

2018-11-12 13:17:19 - [TEST_STEP][PASSED] - setText: Text 'updated@gmail.com' is set on object 'Object Repository/FSM1/Complete ABP Inspection/Section A/Page_JClient/input_Updated Operator Email_g'

2018-11-12 13:17:20 - [MESSAGE][PASSED] - Text 'updated@gmail.com' is set on object 'Object Repository/FSM1/Complete ABP Inspection/Section A/Page_JClient/input_Updated Operator Email_g'

2018-11-12 13:17:20 - [TEST_STEP][PASSED] - click: Object: 'Object Repository/FSM1/Complete ABP Inspection/Section A/Page_JClient/span_Yes_2' is clicked on

2018-11-12 13:17:20 - [MESSAGE][PASSED] - Object: 'Object Repository/FSM1/Complete ABP Inspection/Section A/Page_JClient/span_Yes_2' is clicked on

2018-11-12 13:17:20 - [TEST_STEP][PASSED] - click: Object: 'Object Repository/FSM1/Complete ABP Inspection/Section A/Page_JClient/label_LA Trading Standards' is clicked on

2018-11-12 13:17:20 - [MESSAGE][PASSED] - Object: 'Object Repository/FSM1/Complete ABP Inspection/Section A/Page_JClient/label_LA Trading Standards' is clicked on

2018-11-12 13:17:20 - [TEST_STEP][PASSED] - click: Object: 'Object Repository/FSM1/Complete ABP Inspection/Section A/Page_JClient/label_LA Environment Health' is clicked on

2018-11-12 13:17:20 - [MESSAGE][PASSED] - Object: 'Object Repository/FSM1/Complete ABP Inspection/Section A/Page_JClient/label_LA Environment Health' is clicked on

2018-11-12 13:17:20 - [TEST_STEP][PASSED] - click: Object: 'Object Repository/FSM1/Complete ABP Inspection/Section A/Page_JClient/label_Other non-DEFRA' is clicked on

2018-11-12 13:17:20 - [MESSAGE][PASSED] - Object: 'Object Repository/FSM1/Complete ABP Inspection/Section A/Page_JClient/label_Other non-DEFRA' is clicked on

2018-11-12 13:17:20 - [TEST_STEP][PASSED] - delay: Delayed 2 second(s)

2018-11-12 13:17:22 - [MESSAGE][PASSED] - Delayed 2 second(s)

2018-11-12 13:17:22 - [TEST_STEP][PASSED] - click: Object: 'Object Repository/FSM1/Complete ABP Inspection/Section A/Page_JClient/span_Yes_3' is clicked on

2018-11-12 13:17:23 - [MESSAGE][PASSED] - Object: 'Object Repository/FSM1/Complete ABP Inspection/Section A/Page_JClient/span_Yes_3' is clicked on

2018-11-12 13:17:23 - [TEST_STEP][PASSED] - delay: Delayed 2 second(s)

2018-11-12 13:17:25 - [MESSAGE][PASSED] - Delayed 2 second(s)

2018-11-12 13:17:25 - [TEST_STEP][PASSED] - setText: Text 'Test Automation' is set on object 'Object Repository/FSM1/Complete ABP Inspection/Section A/Page_JClient/input_Name of plant representa'

2018-11-12 13:17:25 - [MESSAGE][PASSED] - Text 'Test Automation' is set on object 'Object Repository/FSM1/Complete ABP Inspection/Section A/Page_JClient/input_Name of plant representa'

2018-11-12 13:17:25 - [TEST_STEP][PASSED] - setText: Text 'Test Automation' is set on object 'Object Repository/FSM1/Complete ABP Inspection/Section A/Page_JClient/textarea_Issues raised at last'

2018-11-12 13:17:25 - [MESSAGE][PASSED] - Text 'Test Automation' is set on object 'Object Repository/FSM1/Complete ABP Inspection/Section A/Page_JClient/textarea_Issues raised at last'

2018-11-12 13:17:25 - [TEST_STEP][PASSED] - selectOptionByValue: All options with value 'S' are selected in object 'Object Repository/FSM1/Complete ABP Inspection/Section A/Page_JClient/select_SatisfactoryUnsatisfact_1'  using regular expression

2018-11-12 13:17:26 - [MESSAGE][PASSED] - All options with value 'S' are selected in object 'Object Repository/FSM1/Complete ABP Inspection/Section A/Page_JClient/select_SatisfactoryUnsatisfact_1'  using regular expression

2018-11-12 13:17:26 - [TEST_STEP][PASSED] - selectOptionByValue: All options with value 'S' are selected in object 'Object Repository/FSM1/Complete ABP Inspection/Section A/Page_JClient/select_SatisfactoryUnsatisfact_2'  using regular expression

2018-11-12 13:17:26 - [MESSAGE][PASSED] - All options with value 'S' are selected in object 'Object Repository/FSM1/Complete ABP Inspection/Section A/Page_JClient/select_SatisfactoryUnsatisfact_2'  using regular expression

2018-11-12 13:17:26 - [TEST_STEP][PASSED] - selectOptionByValue: All options with value 'S' are selected in object 'Object Repository/FSM1/Complete ABP Inspection/Section A/Page_JClient/select_SatisfactoryUnsatisfact_3'  using regular expression

2018-11-12 13:17:26 - [MESSAGE][PASSED] - All options with value 'S' are selected in object 'Object Repository/FSM1/Complete ABP Inspection/Section A/Page_JClient/select_SatisfactoryUnsatisfact_3'  using regular expression

2018-11-12 13:17:26 - [TEST_STEP][PASSED] - selectOptionByValue: All options with value 'S' are selected in object 'Object Repository/FSM1/Complete ABP Inspection/Section A/Page_JClient/select_SatisfactoryUnsatisfact_4'  using regular expression

2018-11-12 13:17:26 - [MESSAGE][PASSED] - All options with value 'S' are selected in object 'Object Repository/FSM1/Complete ABP Inspection/Section A/Page_JClient/select_SatisfactoryUnsatisfact_4'  using regular expression

2018-11-12 13:17:26 - [TEST_STEP][PASSED] - setText: Text 'Test Automation' is set on object 'Object Repository/FSM1/Complete ABP Inspection/Section A/Page_JClient/textarea_General Visit Comment'

2018-11-12 13:17:27 - [MESSAGE][PASSED] - Text 'Test Automation' is set on object 'Object Repository/FSM1/Complete ABP Inspection/Section A/Page_JClient/textarea_General Visit Comment'

2018-11-12 13:17:27 - [TEST_STEP][PASSED] - click: Object: 'Object Repository/FSM1/Complete ABP Inspection/Section A/Page_JClient/span_No_1' is clicked on

2018-11-12 13:17:27 - [MESSAGE][PASSED] - Object: 'Object Repository/FSM1/Complete ABP Inspection/Section A/Page_JClient/span_No_1' is clicked on

2018-11-12 13:17:27 - [TEST_STEP][PASSED] - click: Object: 'Object Repository/FSM1/Complete ABP Inspection/Section A/Page_JClient/span_No_2' is clicked on

2018-11-12 13:17:27 - [MESSAGE][PASSED] - Object: 'Object Repository/FSM1/Complete ABP Inspection/Section A/Page_JClient/span_No_2' is clicked on

2018-11-12 13:17:27 - [TEST_STEP][PASSED] - delay: Delayed 2 second(s)

2018-11-12 13:17:29 - [MESSAGE][PASSED] - Delayed 2 second(s)

2018-11-12 13:17:29 - [TEST_STEP][PASSED] - Statement - If (com.kms.katalon.core.webui.keyword.WebUiBuiltInKeywords.verifyElementPresent(com.kms.katalon.core.testobject.ObjectRepository.findTestObject(Object Repository/FSM1/Complete ABP Inspection/Section A/Page_JClient/span_No_3), 5, OPTIONAL)): Object: 'Object Repository/FSM1/Complete ABP Inspection/Section A/Page_JClient/span_No_3' is clicked on

2018-11-12 13:17:29 - [MESSAGE][PASSED] - Object 'Object Repository/FSM1/Complete ABP Inspection/Section A/Page_JClient/span_No_3' is present

2018-11-12 13:17:29 - [TEST_STEP][PASSED] - click: Object: 'Object Repository/FSM1/Complete ABP Inspection/Section A/Page_JClient/span_No_3' is clicked on

2018-11-12 13:17:29 - [MESSAGE][PASSED] - Object: 'Object Repository/FSM1/Complete ABP Inspection/Section A/Page_JClient/span_No_3' is clicked on

2018-11-12 13:17:29 - [TEST_STEP][PASSED] - selectOptionByValue: All options with value 'Continue with current approval' are selected in object 'Object Repository/FSM1/Complete ABP Inspection/Section A/Page_JClient/select_(a) Continue with curre'  using regular expression

2018-11-12 13:17:29 - [MESSAGE][PASSED] - All options with value 'Continue with current approval' are selected in object 'Object Repository/FSM1/Complete ABP Inspection/Section A/Page_JClient/select_(a) Continue with curre'  using regular expression

2018-11-12 13:17:29 - [TEST_STEP][PASSED] - click: Object: 'Object Repository/FSM1/Complete ABP Inspection/Section A/Page_JClient/span_No_4' is clicked on

2018-11-12 13:17:30 - [MESSAGE][PASSED] - Object: 'Object Repository/FSM1/Complete ABP Inspection/Section A/Page_JClient/span_No_4' is clicked on

2018-11-12 13:17:30 - [TEST_STEP][PASSED] - click: Object: 'Object Repository/FSM1/Complete ABP Inspection/Section A/Page_JClient/span_Yes_4' is clicked on

2018-11-12 13:17:30 - [MESSAGE][PASSED] - Object: 'Object Repository/FSM1/Complete ABP Inspection/Section A/Page_JClient/span_Yes_4' is clicked on

2018-11-12 13:17:30 - [TEST_STEP][PASSED] - click: Object: 'Object Repository/FSM1/Complete ABP Inspection/Section A/Page_JClient/span_Yes_5' is clicked on

2018-11-12 13:17:30 - [MESSAGE][PASSED] - Object: 'Object Repository/FSM1/Complete ABP Inspection/Section A/Page_JClient/span_Yes_5' is clicked on

2018-11-12 13:17:30 - [TEST_STEP][PASSED] - setText: Text 'Test Automation' is set on object 'Object Repository/FSM1/Complete ABP Inspection/Section A/Page_JClient/NotifiedAndActions'

2018-11-12 13:17:30 - [MESSAGE][PASSED] - Text 'Test Automation' is set on object 'Object Repository/FSM1/Complete ABP Inspection/Section A/Page_JClient/NotifiedAndActions'

2018-11-12 13:17:30 - [TEST_STEP][PASSED] - setText: Text '10' is set on object 'Object Repository/FSM1/Complete ABP Inspection/Section A/Page_JClient/input_Chargeable time (minutes'

2018-11-12 13:17:30 - [MESSAGE][PASSED] - Text '10' is set on object 'Object Repository/FSM1/Complete ABP Inspection/Section A/Page_JClient/input_Chargeable time (minutes'

2018-11-12 13:17:30 - [TEST_STEP][NOT_RUN] - delay: NOT_RUN: delay

2018-11-12 13:17:30 - [MESSAGE][NOT_RUN] - NOT_RUN: delay

2018-11-12 13:17:30 - [TEST_STEP][PASSED] - click: Object: 'Object Repository/FSM1/Complete ABP Inspection/Section A/Page_JClient/div_Save' is clicked on

2018-11-12 13:17:30 - [MESSAGE][PASSED] - Object: 'Object Repository/FSM1/Complete ABP Inspection/Section A/Page_JClient/div_Save' is clicked on]]></system-out>
         <system-err><![CDATA[]]></system-err>
      </testcase>
      <testcase name="Test Cases/ABP/ABPR01a/Complete ABPR01a Inspection - Section B" classname="Test Cases/ABP/ABPR01a/Complete ABPR01a Inspection - Section B" status="PASSED">
         <system-out><![CDATA[2018-11-12 13:17:30 - [TEST_CASE][PASSED] - Test Cases/ABP/ABPR01a/Complete ABPR01a Inspection - Section B: Test Cases/ABP/ABPR01a/Complete ABPR01a Inspection - Section B

2018-11-12 13:17:31 - [TEST_STEP][PASSED] - delay: Delayed 5 second(s)

2018-11-12 13:17:36 - [MESSAGE][PASSED] - Delayed 5 second(s)

2018-11-12 13:17:36 - [TEST_STEP][PASSED] - click: Object: 'Object Repository/FSM1/Complete ABP Inspection/ABPR01a Section B/Page_JClient/div_Section B Inspection Detai' is clicked on

2018-11-12 13:17:37 - [MESSAGE][PASSED] - Object: 'Object Repository/FSM1/Complete ABP Inspection/ABPR01a Section B/Page_JClient/div_Section B Inspection Detai' is clicked on

2018-11-12 13:17:37 - [TEST_STEP][PASSED] - delay: Delayed 5 second(s)

2018-11-12 13:17:42 - [MESSAGE][PASSED] - Delayed 5 second(s)

2018-11-12 13:17:42 - [TEST_STEP][PASSED] - click: Object: 'Object Repository/FSM1/Complete ABP Inspection/ABPR01a Section B/Page_JClient/input_Biogas_gwt-uid-92' is clicked on

2018-11-12 13:17:42 - [MESSAGE][PASSED] - Object: 'Object Repository/FSM1/Complete ABP Inspection/ABPR01a Section B/Page_JClient/input_Biogas_gwt-uid-92' is clicked on

2018-11-12 13:17:42 - [TEST_STEP][PASSED] - selectOptionByValue: All options with value 'Category 3 by-products' are selected in object 'Object Repository/FSM1/Complete ABP Inspection/ABPR01a Section B/Page_JClient/select_All Category 3 by-produ'  using regular expression

2018-11-12 13:17:42 - [MESSAGE][PASSED] - All options with value 'Category 3 by-products' are selected in object 'Object Repository/FSM1/Complete ABP Inspection/ABPR01a Section B/Page_JClient/select_All Category 3 by-produ'  using regular expression

2018-11-12 13:17:42 - [TEST_STEP][PASSED] - click: Object: 'Object Repository/FSM1/Complete ABP Inspection/ABPR01a Section B/Page_JClient/input_Structure_radio_group_1' is clicked on

2018-11-12 13:17:42 - [MESSAGE][PASSED] - Object: 'Object Repository/FSM1/Complete ABP Inspection/ABPR01a Section B/Page_JClient/input_Structure_radio_group_1' is clicked on

2018-11-12 13:17:42 - [TEST_STEP][PASSED] - click: Object: 'Object Repository/FSM1/Complete ABP Inspection/ABPR01a Section B/Page_JClient/input_Not Checked_radio_group_' is clicked on

2018-11-12 13:17:42 - [MESSAGE][PASSED] - Object: 'Object Repository/FSM1/Complete ABP Inspection/ABPR01a Section B/Page_JClient/input_Not Checked_radio_group_' is clicked on

2018-11-12 13:17:42 - [TEST_STEP][PASSED] - click: Object: 'Object Repository/FSM1/Complete ABP Inspection/ABPR01a Section B/Page_JClient/input_Not Checked_radio_group__1' is clicked on

2018-11-12 13:17:42 - [MESSAGE][PASSED] - Object: 'Object Repository/FSM1/Complete ABP Inspection/ABPR01a Section B/Page_JClient/input_Not Checked_radio_group__1' is clicked on

2018-11-12 13:17:42 - [TEST_STEP][PASSED] - click: Object: 'Object Repository/FSM1/Complete ABP Inspection/ABPR01a Section B/Page_JClient/input_Not Checked_radio_group__2' is clicked on

2018-11-12 13:17:43 - [MESSAGE][PASSED] - Object: 'Object Repository/FSM1/Complete ABP Inspection/ABPR01a Section B/Page_JClient/input_Not Checked_radio_group__2' is clicked on

2018-11-12 13:17:43 - [TEST_STEP][PASSED] - click: Object: 'Object Repository/FSM1/Complete ABP Inspection/ABPR01a Section B/Page_JClient/input_Operations_radio_group_5' is clicked on

2018-11-12 13:17:43 - [MESSAGE][PASSED] - Object: 'Object Repository/FSM1/Complete ABP Inspection/ABPR01a Section B/Page_JClient/input_Operations_radio_group_5' is clicked on

2018-11-12 13:17:43 - [TEST_STEP][PASSED] - click: Object: 'Object Repository/FSM1/Complete ABP Inspection/ABPR01a Section B/Page_JClient/input_Not Checked_radio_group__3' is clicked on

2018-11-12 13:17:43 - [MESSAGE][PASSED] - Object: 'Object Repository/FSM1/Complete ABP Inspection/ABPR01a Section B/Page_JClient/input_Not Checked_radio_group__3' is clicked on

2018-11-12 13:17:43 - [TEST_STEP][PASSED] - click: Object: 'Object Repository/FSM1/Complete ABP Inspection/ABPR01a Section B/Page_JClient/input_Not Checked_radio_group__4' is clicked on

2018-11-12 13:17:43 - [MESSAGE][PASSED] - Object: 'Object Repository/FSM1/Complete ABP Inspection/ABPR01a Section B/Page_JClient/input_Not Checked_radio_group__4' is clicked on

2018-11-12 13:17:43 - [TEST_STEP][PASSED] - click: Object: 'Object Repository/FSM1/Complete ABP Inspection/ABPR01a Section B/Page_JClient/input_Not Checked_radio_group__5' is clicked on

2018-11-12 13:17:43 - [MESSAGE][PASSED] - Object: 'Object Repository/FSM1/Complete ABP Inspection/ABPR01a Section B/Page_JClient/input_Not Checked_radio_group__5' is clicked on

2018-11-12 13:17:43 - [TEST_STEP][PASSED] - click: Object: 'Object Repository/FSM1/Complete ABP Inspection/ABPR01a Section B/Page_JClient/input_Not Checked_radio_group__6' is clicked on

2018-11-12 13:17:43 - [MESSAGE][PASSED] - Object: 'Object Repository/FSM1/Complete ABP Inspection/ABPR01a Section B/Page_JClient/input_Not Checked_radio_group__6' is clicked on

2018-11-12 13:17:43 - [TEST_STEP][PASSED] - click: Object: 'Object Repository/FSM1/Complete ABP Inspection/ABPR01a Section B/Page_JClient/input_(b) Equipment usage_radi' is clicked on

2018-11-12 13:17:43 - [MESSAGE][PASSED] - Object: 'Object Repository/FSM1/Complete ABP Inspection/ABPR01a Section B/Page_JClient/input_(b) Equipment usage_radi' is clicked on

2018-11-12 13:17:43 - [TEST_STEP][PASSED] - click: Object: 'Object Repository/FSM1/Complete ABP Inspection/ABPR01a Section B/Page_JClient/input_(c) Availability of a do' is clicked on

2018-11-12 13:17:44 - [MESSAGE][PASSED] - Object: 'Object Repository/FSM1/Complete ABP Inspection/ABPR01a Section B/Page_JClient/input_(c) Availability of a do' is clicked on

2018-11-12 13:17:44 - [TEST_STEP][PASSED] - click: Object: 'Object Repository/FSM1/Complete ABP Inspection/ABPR01a Section B/Page_JClient/input_(d) Plant cleanliness_ra' is clicked on

2018-11-12 13:17:44 - [MESSAGE][PASSED] - Object: 'Object Repository/FSM1/Complete ABP Inspection/ABPR01a Section B/Page_JClient/input_(d) Plant cleanliness_ra' is clicked on

2018-11-12 13:17:44 - [TEST_STEP][PASSED] - click: Object: 'Object Repository/FSM1/Complete ABP Inspection/ABPR01a Section B/Page_JClient/input_(e) Cleandown of exposed' is clicked on

2018-11-12 13:17:44 - [MESSAGE][PASSED] - Object: 'Object Repository/FSM1/Complete ABP Inspection/ABPR01a Section B/Page_JClient/input_(e) Cleandown of exposed' is clicked on

2018-11-12 13:17:44 - [TEST_STEP][PASSED] - click: Object: 'Object Repository/FSM1/Complete ABP Inspection/ABPR01a Section B/Page_JClient/input_(f) Pest control_radio_g' is clicked on

2018-11-12 13:17:44 - [MESSAGE][PASSED] - Object: 'Object Repository/FSM1/Complete ABP Inspection/ABPR01a Section B/Page_JClient/input_(f) Pest control_radio_g' is clicked on

2018-11-12 13:17:44 - [TEST_STEP][PASSED] - click: Object: 'Object Repository/FSM1/Complete ABP Inspection/ABPR01a Section B/Page_JClient/input_(g) Security of processe' is clicked on

2018-11-12 13:17:44 - [MESSAGE][PASSED] - Object: 'Object Repository/FSM1/Complete ABP Inspection/ABPR01a Section B/Page_JClient/input_(g) Security of processe' is clicked on

2018-11-12 13:17:44 - [TEST_STEP][PASSED] - click: Object: 'Object Repository/FSM1/Complete ABP Inspection/ABPR01a Section B/Page_JClient/input_Not Checked_radio_group__7' is clicked on

2018-11-12 13:17:44 - [MESSAGE][PASSED] - Object: 'Object Repository/FSM1/Complete ABP Inspection/ABPR01a Section B/Page_JClient/input_Not Checked_radio_group__7' is clicked on

2018-11-12 13:17:44 - [TEST_STEP][PASSED] - click: Object: 'Object Repository/FSM1/Complete ABP Inspection/ABPR01a Section B/Page_JClient/input_(b) to mains drains in l' is clicked on

2018-11-12 13:17:44 - [MESSAGE][PASSED] - Object: 'Object Repository/FSM1/Complete ABP Inspection/ABPR01a Section B/Page_JClient/input_(b) to mains drains in l' is clicked on

2018-11-12 13:17:44 - [TEST_STEP][PASSED] - click: Object: 'Object Repository/FSM1/Complete ABP Inspection/ABPR01a Section B/Page_JClient/input_(c) to land or soakaway' is clicked on

2018-11-12 13:17:45 - [MESSAGE][PASSED] - Object: 'Object Repository/FSM1/Complete ABP Inspection/ABPR01a Section B/Page_JClient/input_(c) to land or soakaway' is clicked on

2018-11-12 13:17:45 - [TEST_STEP][PASSED] - click: Object: 'Object Repository/FSM1/Complete ABP Inspection/ABPR01a Section B/Page_JClient/input_(d) absorbed and process' is clicked on

2018-11-12 13:17:45 - [MESSAGE][PASSED] - Object: 'Object Repository/FSM1/Complete ABP Inspection/ABPR01a Section B/Page_JClient/input_(d) absorbed and process' is clicked on

2018-11-12 13:17:45 - [TEST_STEP][PASSED] - click: Object: 'Object Repository/FSM1/Complete ABP Inspection/ABPR01a Section B/Page_JClient/input_Not Checked_radio_group__8' is clicked on

2018-11-12 13:17:45 - [MESSAGE][PASSED] - Object: 'Object Repository/FSM1/Complete ABP Inspection/ABPR01a Section B/Page_JClient/input_Not Checked_radio_group__8' is clicked on

2018-11-12 13:17:45 - [TEST_STEP][PASSED] - click: Object: 'Object Repository/FSM1/Complete ABP Inspection/ABPR01a Section B/Page_JClient/input_Not Checked_radio_group__9' is clicked on

2018-11-12 13:17:45 - [MESSAGE][PASSED] - Object: 'Object Repository/FSM1/Complete ABP Inspection/ABPR01a Section B/Page_JClient/input_Not Checked_radio_group__9' is clicked on

2018-11-12 13:17:45 - [TEST_STEP][PASSED] - click: Object: 'Object Repository/FSM1/Complete ABP Inspection/ABPR01a Section B/Page_JClient/input_Not Checked_radio_group__10' is clicked on

2018-11-12 13:17:45 - [MESSAGE][PASSED] - Object: 'Object Repository/FSM1/Complete ABP Inspection/ABPR01a Section B/Page_JClient/input_Not Checked_radio_group__10' is clicked on

2018-11-12 13:17:45 - [TEST_STEP][PASSED] - click: Object: 'Object Repository/FSM1/Complete ABP Inspection/ABPR01a Section B/Page_JClient/input_Not Checked_radio_group__11' is clicked on

2018-11-12 13:17:45 - [MESSAGE][PASSED] - Object: 'Object Repository/FSM1/Complete ABP Inspection/ABPR01a Section B/Page_JClient/input_Not Checked_radio_group__11' is clicked on

2018-11-12 13:17:45 - [TEST_STEP][PASSED] - click: Object: 'Object Repository/FSM1/Complete ABP Inspection/ABPR01a Section B/Page_JClient/input_Operations - Transport_r' is clicked on

2018-11-12 13:17:46 - [MESSAGE][PASSED] - Object: 'Object Repository/FSM1/Complete ABP Inspection/ABPR01a Section B/Page_JClient/input_Operations - Transport_r' is clicked on

2018-11-12 13:17:46 - [TEST_STEP][PASSED] - click: Object: 'Object Repository/FSM1/Complete ABP Inspection/ABPR01a Section B/Page_JClient/input_Not Checked_radio_group__12' is clicked on

2018-11-12 13:17:46 - [MESSAGE][PASSED] - Object: 'Object Repository/FSM1/Complete ABP Inspection/ABPR01a Section B/Page_JClient/input_Not Checked_radio_group__12' is clicked on

2018-11-12 13:17:46 - [TEST_STEP][PASSED] - click: Object: 'Object Repository/FSM1/Complete ABP Inspection/ABPR01a Section B/Page_JClient/input_Not Checked_radio_group__13' is clicked on

2018-11-12 13:17:46 - [MESSAGE][PASSED] - Object: 'Object Repository/FSM1/Complete ABP Inspection/ABPR01a Section B/Page_JClient/input_Not Checked_radio_group__13' is clicked on

2018-11-12 13:17:46 - [TEST_STEP][PASSED] - click: Object: 'Object Repository/FSM1/Complete ABP Inspection/ABPR01a Section B/Page_JClient/input_Not Checked_radio_group__14' is clicked on

2018-11-12 13:17:46 - [MESSAGE][PASSED] - Object: 'Object Repository/FSM1/Complete ABP Inspection/ABPR01a Section B/Page_JClient/input_Not Checked_radio_group__14' is clicked on

2018-11-12 13:17:46 - [TEST_STEP][PASSED] - click: Object: 'Object Repository/FSM1/Complete ABP Inspection/ABPR01a Section B/Page_JClient/input_Operations - Microbiolog' is clicked on

2018-11-12 13:17:46 - [MESSAGE][PASSED] - Object: 'Object Repository/FSM1/Complete ABP Inspection/ABPR01a Section B/Page_JClient/input_Operations - Microbiolog' is clicked on

2018-11-12 13:17:46 - [TEST_STEP][PASSED] - click: Object: 'Object Repository/FSM1/Complete ABP Inspection/ABPR01a Section B/Page_JClient/input_Not Checked_radio_group__15' is clicked on

2018-11-12 13:17:46 - [MESSAGE][PASSED] - Object: 'Object Repository/FSM1/Complete ABP Inspection/ABPR01a Section B/Page_JClient/input_Not Checked_radio_group__15' is clicked on

2018-11-12 13:17:46 - [TEST_STEP][PASSED] - click: Object: 'Object Repository/FSM1/Complete ABP Inspection/ABPR01a Section B/Page_JClient/input_Not Checked_radio_group__16' is clicked on

2018-11-12 13:17:46 - [MESSAGE][PASSED] - Object: 'Object Repository/FSM1/Complete ABP Inspection/ABPR01a Section B/Page_JClient/input_Not Checked_radio_group__16' is clicked on

2018-11-12 13:17:46 - [TEST_STEP][PASSED] - click: Object: 'Object Repository/FSM1/Complete ABP Inspection/ABPR01a Section B/Page_JClient/span_Yes' is clicked on

2018-11-12 13:17:47 - [MESSAGE][PASSED] - Object: 'Object Repository/FSM1/Complete ABP Inspection/ABPR01a Section B/Page_JClient/span_Yes' is clicked on

2018-11-12 13:17:47 - [TEST_STEP][PASSED] - click: Object: 'Object Repository/FSM1/Complete ABP Inspection/ABPR01a Section B/Page_JClient/input_Not Checked_radio_group__17' is clicked on

2018-11-12 13:17:47 - [MESSAGE][PASSED] - Object: 'Object Repository/FSM1/Complete ABP Inspection/ABPR01a Section B/Page_JClient/input_Not Checked_radio_group__17' is clicked on

2018-11-12 13:17:47 - [TEST_STEP][PASSED] - click: Object: 'Object Repository/FSM1/Complete ABP Inspection/ABPR01a Section B/Page_JClient/input_Records_radio_group_32' is clicked on

2018-11-12 13:17:47 - [MESSAGE][PASSED] - Object: 'Object Repository/FSM1/Complete ABP Inspection/ABPR01a Section B/Page_JClient/input_Records_radio_group_32' is clicked on

2018-11-12 13:17:47 - [TEST_STEP][PASSED] - click: Object: 'Object Repository/FSM1/Complete ABP Inspection/ABPR01a Section B/Page_JClient/input_If records have not been' is clicked on

2018-11-12 13:17:47 - [MESSAGE][PASSED] - Object: 'Object Repository/FSM1/Complete ABP Inspection/ABPR01a Section B/Page_JClient/input_If records have not been' is clicked on

2018-11-12 13:17:47 - [TEST_STEP][PASSED] - click: Object: 'Object Repository/FSM1/Complete ABP Inspection/ABPR01a Section B/Page_JClient/input_Not Checked_radio_group__18' is clicked on

2018-11-12 13:17:47 - [MESSAGE][PASSED] - Object: 'Object Repository/FSM1/Complete ABP Inspection/ABPR01a Section B/Page_JClient/input_Not Checked_radio_group__18' is clicked on

2018-11-12 13:17:47 - [TEST_STEP][PASSED] - click: Object: 'Object Repository/FSM1/Complete ABP Inspection/ABPR01a Section B/Page_JClient/input_What is the date of the' is clicked on

2018-11-12 13:17:47 - [MESSAGE][PASSED] - Object: 'Object Repository/FSM1/Complete ABP Inspection/ABPR01a Section B/Page_JClient/input_What is the date of the' is clicked on

2018-11-12 13:17:47 - [TEST_STEP][PASSED] - click: Object: 'Object Repository/FSM1/Complete ABP Inspection/ABPR01a Section B/Page_JClient/input_Not Checked_radio_group__19' is clicked on

2018-11-12 13:17:48 - [MESSAGE][PASSED] - Object: 'Object Repository/FSM1/Complete ABP Inspection/ABPR01a Section B/Page_JClient/input_Not Checked_radio_group__19' is clicked on

2018-11-12 13:17:48 - [TEST_STEP][PASSED] - click: Object: 'Object Repository/FSM1/Complete ABP Inspection/ABPR01a Section B/Page_JClient/input_To_radio_group_37' is clicked on

2018-11-12 13:17:48 - [MESSAGE][PASSED] - Object: 'Object Repository/FSM1/Complete ABP Inspection/ABPR01a Section B/Page_JClient/input_To_radio_group_37' is clicked on

2018-11-12 13:17:48 - [TEST_STEP][PASSED] - click: Object: 'Object Repository/FSM1/Complete ABP Inspection/ABPR01a Section B/Page_JClient/input_Not Checked_radio_group__20' is clicked on

2018-11-12 13:17:48 - [MESSAGE][PASSED] - Object: 'Object Repository/FSM1/Complete ABP Inspection/ABPR01a Section B/Page_JClient/input_Not Checked_radio_group__20' is clicked on

2018-11-12 13:17:48 - [TEST_STEP][PASSED] - click: Object: 'Object Repository/FSM1/Complete ABP Inspection/ABPR01a Section B/Page_JClient/input_b. ABP category of mater' is clicked on

2018-11-12 13:17:48 - [MESSAGE][PASSED] - Object: 'Object Repository/FSM1/Complete ABP Inspection/ABPR01a Section B/Page_JClient/input_b. ABP category of mater' is clicked on

2018-11-12 13:17:48 - [TEST_STEP][PASSED] - click: Object: 'Object Repository/FSM1/Complete ABP Inspection/ABPR01a Section B/Page_JClient/input_c. Volume of material (w' is clicked on

2018-11-12 13:17:48 - [MESSAGE][PASSED] - Object: 'Object Repository/FSM1/Complete ABP Inspection/ABPR01a Section B/Page_JClient/input_c. Volume of material (w' is clicked on

2018-11-12 13:17:48 - [TEST_STEP][PASSED] - click: Object: 'Object Repository/FSM1/Complete ABP Inspection/ABPR01a Section B/Page_JClient/input_No_radio_group_41' is clicked on

2018-11-12 13:17:48 - [MESSAGE][PASSED] - Object: 'Object Repository/FSM1/Complete ABP Inspection/ABPR01a Section B/Page_JClient/input_No_radio_group_41' is clicked on

2018-11-12 13:17:48 - [TEST_STEP][PASSED] - click: Object: 'Object Repository/FSM1/Complete ABP Inspection/ABPR01a Section B/Page_JClient/input_e. Name and address of h' is clicked on

2018-11-12 13:17:49 - [MESSAGE][PASSED] - Object: 'Object Repository/FSM1/Complete ABP Inspection/ABPR01a Section B/Page_JClient/input_e. Name and address of h' is clicked on

2018-11-12 13:17:49 - [TEST_STEP][PASSED] - click: Object: 'Object Repository/FSM1/Complete ABP Inspection/ABPR01a Section B/Page_JClient/input_f. Name and address of r' is clicked on

2018-11-12 13:17:49 - [MESSAGE][PASSED] - Object: 'Object Repository/FSM1/Complete ABP Inspection/ABPR01a Section B/Page_JClient/input_f. Name and address of r' is clicked on

2018-11-12 13:17:49 - [TEST_STEP][PASSED] - click: Object: 'Object Repository/FSM1/Complete ABP Inspection/ABPR01a Section B/Page_JClient/input_g. Grazing ban requireme' is clicked on

2018-11-12 13:17:49 - [MESSAGE][PASSED] - Object: 'Object Repository/FSM1/Complete ABP Inspection/ABPR01a Section B/Page_JClient/input_g. Grazing ban requireme' is clicked on

2018-11-12 13:17:49 - [TEST_STEP][PASSED] - click: Object: 'Object Repository/FSM1/Complete ABP Inspection/ABPR01a Section B/Page_JClient/input_No_radio_group_45' is clicked on

2018-11-12 13:17:49 - [MESSAGE][PASSED] - Object: 'Object Repository/FSM1/Complete ABP Inspection/ABPR01a Section B/Page_JClient/input_No_radio_group_45' is clicked on

2018-11-12 13:17:49 - [TEST_STEP][PASSED] - setText: Text 'Test automation' is set on object 'Object Repository/FSM1/Complete ABP Inspection/ABPR01a Section B/Page_JClient/textarea_Not Checked_gwt-TextA'

2018-11-12 13:17:49 - [MESSAGE][PASSED] - Text 'Test automation' is set on object 'Object Repository/FSM1/Complete ABP Inspection/ABPR01a Section B/Page_JClient/textarea_Not Checked_gwt-TextA'

2018-11-12 13:17:49 - [TEST_STEP][PASSED] - click: Object: 'Object Repository/FSM1/Complete ABP Inspection/ABPR01a Section B/Page_JClient/input_Not Checked_radio_group__21' is clicked on

2018-11-12 13:17:49 - [MESSAGE][PASSED] - Object: 'Object Repository/FSM1/Complete ABP Inspection/ABPR01a Section B/Page_JClient/input_Not Checked_radio_group__21' is clicked on

2018-11-12 13:17:49 - [TEST_STEP][PASSED] - click: Object: 'Object Repository/FSM1/Complete ABP Inspection/ABPR01a Section B/Page_JClient/input_(b) Do pest control reco' is clicked on

2018-11-12 13:17:50 - [MESSAGE][PASSED] - Object: 'Object Repository/FSM1/Complete ABP Inspection/ABPR01a Section B/Page_JClient/input_(b) Do pest control reco' is clicked on

2018-11-12 13:17:50 - [TEST_STEP][PASSED] - click: Object: 'Object Repository/FSM1/Complete ABP Inspection/ABPR01a Section B/Page_JClient/input_Not Checked_radio_group__22' is clicked on

2018-11-12 13:17:50 - [MESSAGE][PASSED] - Object: 'Object Repository/FSM1/Complete ABP Inspection/ABPR01a Section B/Page_JClient/input_Not Checked_radio_group__22' is clicked on

2018-11-12 13:17:50 - [TEST_STEP][PASSED] - click: Object: 'Object Repository/FSM1/Complete ABP Inspection/ABPR01a Section B/Page_JClient/input_Not Checked_radio_group__23' is clicked on

2018-11-12 13:17:50 - [MESSAGE][PASSED] - Object: 'Object Repository/FSM1/Complete ABP Inspection/ABPR01a Section B/Page_JClient/input_Not Checked_radio_group__23' is clicked on

2018-11-12 13:17:50 - [TEST_STEP][PASSED] - click: Object: 'Object Repository/FSM1/Complete ABP Inspection/ABPR01a Section B/Page_JClient/input_(c) In your opinion does' is clicked on

2018-11-12 13:17:50 - [MESSAGE][PASSED] - Object: 'Object Repository/FSM1/Complete ABP Inspection/ABPR01a Section B/Page_JClient/input_(c) In your opinion does' is clicked on

2018-11-12 13:17:50 - [TEST_STEP][PASSED] - setText: Text 'test automation' is set on object 'Object Repository/FSM1/Complete ABP Inspection/ABPR01a Section B/Page_JClient/textarea_Please give details o'

2018-11-12 13:17:50 - [MESSAGE][PASSED] - Text 'test automation' is set on object 'Object Repository/FSM1/Complete ABP Inspection/ABPR01a Section B/Page_JClient/textarea_Please give details o'

2018-11-12 13:17:50 - [TEST_STEP][PASSED] - click: Object: 'Object Repository/FSM1/Complete ABP Inspection/ABPR01a Section B/Page_JClient/input_(a) Back trace (complete' is clicked on

2018-11-12 13:17:50 - [MESSAGE][PASSED] - Object: 'Object Repository/FSM1/Complete ABP Inspection/ABPR01a Section B/Page_JClient/input_(a) Back trace (complete' is clicked on

2018-11-12 13:17:50 - [TEST_STEP][PASSED] - click: Object: 'Object Repository/FSM1/Complete ABP Inspection/ABPR01a Section B/Page_JClient/input_Yes_radio_group_52' is clicked on

2018-11-12 13:17:51 - [MESSAGE][PASSED] - Object: 'Object Repository/FSM1/Complete ABP Inspection/ABPR01a Section B/Page_JClient/input_Yes_radio_group_52' is clicked on

2018-11-12 13:17:51 - [TEST_STEP][PASSED] - click: Object: 'Object Repository/FSM1/Complete ABP Inspection/ABPR01a Section B/Page_JClient/input_(b) Forward trace (compl' is clicked on

2018-11-12 13:17:51 - [MESSAGE][PASSED] - Object: 'Object Repository/FSM1/Complete ABP Inspection/ABPR01a Section B/Page_JClient/input_(b) Forward trace (compl' is clicked on

2018-11-12 13:17:51 - [TEST_STEP][PASSED] - click: Object: 'Object Repository/FSM1/Complete ABP Inspection/ABPR01a Section B/Page_JClient/input_Yes_radio_group_54' is clicked on

2018-11-12 13:17:51 - [MESSAGE][PASSED] - Object: 'Object Repository/FSM1/Complete ABP Inspection/ABPR01a Section B/Page_JClient/input_Yes_radio_group_54' is clicked on

2018-11-12 13:17:51 - [TEST_STEP][PASSED] - Statement - mydate = new java.util.Date(): null

2018-11-12 13:17:51 - [TEST_STEP][PASSED] - Statement - formattedDate = mydate.format("MM/dd/yyy"): null

2018-11-12 13:17:51 - [TEST_STEP][PASSED] - sendKeys: Keys '11/12/2018' sent to object: 'Object Repository/FSM1/Complete ABP Inspection/ABPR01a Section B/Page_JClient/CalibrationDate'

2018-11-12 13:17:51 - [MESSAGE][PASSED] - Keys '11/12/2018' sent to object: 'Object Repository/FSM1/Complete ABP Inspection/ABPR01a Section B/Page_JClient/CalibrationDate'

2018-11-12 13:17:51 - [TEST_STEP][PASSED] - sendKeys: Keys '11/12/2018' sent to object: 'Object Repository/FSM1/Complete ABP Inspection/ABPR01a Section B/Page_JClient/DocumentFromDate'

2018-11-12 13:17:51 - [MESSAGE][PASSED] - Keys '11/12/2018' sent to object: 'Object Repository/FSM1/Complete ABP Inspection/ABPR01a Section B/Page_JClient/DocumentFromDate'

2018-11-12 13:17:51 - [TEST_STEP][PASSED] - sendKeys: Keys '11/12/2018' sent to object: 'Object Repository/FSM1/Complete ABP Inspection/ABPR01a Section B/Page_JClient/DocumentToDate'

2018-11-12 13:17:52 - [MESSAGE][PASSED] - Keys '11/12/2018' sent to object: 'Object Repository/FSM1/Complete ABP Inspection/ABPR01a Section B/Page_JClient/DocumentToDate'

2018-11-12 13:17:52 - [TEST_STEP][PASSED] - click: Object: 'Object Repository/FSM1/Complete ABP Inspection/ABPR01a Section B/Page_JClient/div_Save' is clicked on

2018-11-12 13:17:52 - [MESSAGE][PASSED] - Object: 'Object Repository/FSM1/Complete ABP Inspection/ABPR01a Section B/Page_JClient/div_Save' is clicked on]]></system-out>
         <system-err><![CDATA[]]></system-err>
      </testcase>
      <testcase name="Test Cases/ABP/Generic/Complete ABP Inspection - Section C - Full Risk Assessment" classname="Test Cases/ABP/Generic/Complete ABP Inspection - Section C - Full Risk Assessment" status="PASSED">
         <system-out><![CDATA[2018-11-12 13:17:52 - [TEST_CASE][PASSED] - Test Cases/ABP/Generic/Complete ABP Inspection - Section C - Full Risk Assessment: Test Cases/ABP/Generic/Complete ABP Inspection - Section C - Full Risk Assessment

2018-11-12 13:17:52 - [TEST_STEP][PASSED] - delay: Delayed 5 second(s)

2018-11-12 13:17:57 - [MESSAGE][PASSED] - Delayed 5 second(s)

2018-11-12 13:17:57 - [TEST_STEP][PASSED] - click: Object: 'Object Repository/FSM1/Complete ABP Inspection/Section C Full Risk Assessment/Page_JClient/div_Section C Risk Assessment' is clicked on

2018-11-12 13:17:58 - [MESSAGE][PASSED] - Object: 'Object Repository/FSM1/Complete ABP Inspection/Section C Full Risk Assessment/Page_JClient/div_Section C Risk Assessment' is clicked on

2018-11-12 13:17:58 - [TEST_STEP][PASSED] - selectOptionByValue: All options with value '12' are selected in object 'Object Repository/FSM1/Complete ABP Inspection/Section C Full Risk Assessment/Page_JClient/select_3 - Cat 3 material and'  using regular expression

2018-11-12 13:17:58 - [MESSAGE][PASSED] - All options with value '12' are selected in object 'Object Repository/FSM1/Complete ABP Inspection/Section C Full Risk Assessment/Page_JClient/select_3 - Cat 3 material and'  using regular expression

2018-11-12 13:17:58 - [TEST_STEP][PASSED] - selectOptionByValue: All options with value '10' are selected in object 'Object Repository/FSM1/Complete ABP Inspection/Section C Full Risk Assessment/Page_JClient/select_0 - Very low throughput'  using regular expression

2018-11-12 13:17:59 - [MESSAGE][PASSED] - All options with value '10' are selected in object 'Object Repository/FSM1/Complete ABP Inspection/Section C Full Risk Assessment/Page_JClient/select_0 - Very low throughput'  using regular expression

2018-11-12 13:17:59 - [TEST_STEP][PASSED] - selectOptionByValue: All options with value '15' are selected in object 'Object Repository/FSM1/Complete ABP Inspection/Section C Full Risk Assessment/Page_JClient/select_0 - No product entering'  using regular expression

2018-11-12 13:17:59 - [MESSAGE][PASSED] - All options with value '15' are selected in object 'Object Repository/FSM1/Complete ABP Inspection/Section C Full Risk Assessment/Page_JClient/select_0 - No product entering'  using regular expression

2018-11-12 13:17:59 - [TEST_STEP][PASSED] - selectOptionByValue: All options with value '5' are selected in object 'Object Repository/FSM1/Complete ABP Inspection/Section C Full Risk Assessment/Page_JClient/select_0 - Not required or com'  using regular expression

2018-11-12 13:17:59 - [MESSAGE][PASSED] - All options with value '5' are selected in object 'Object Repository/FSM1/Complete ABP Inspection/Section C Full Risk Assessment/Page_JClient/select_0 - Not required or com'  using regular expression

2018-11-12 13:17:59 - [TEST_STEP][PASSED] - selectOptionByValue: All options with value '10' are selected in object 'Object Repository/FSM1/Complete ABP Inspection/Section C Full Risk Assessment/Page_JClient/select_0 - Fully compliant iss'  using regular expression

2018-11-12 13:18:00 - [MESSAGE][PASSED] - All options with value '10' are selected in object 'Object Repository/FSM1/Complete ABP Inspection/Section C Full Risk Assessment/Page_JClient/select_0 - Fully compliant iss'  using regular expression

2018-11-12 13:18:00 - [TEST_STEP][PASSED] - selectOptionByValue: All options with value 'Monthly' are selected in object 'Object Repository/FSM1/Complete ABP Inspection/Section C Full Risk Assessment/Page_JClient/select_AnnuallyQuarterly6 Mont'  using regular expression

2018-11-12 13:18:00 - [MESSAGE][PASSED] - All options with value 'Monthly' are selected in object 'Object Repository/FSM1/Complete ABP Inspection/Section C Full Risk Assessment/Page_JClient/select_AnnuallyQuarterly6 Mont'  using regular expression

2018-11-12 13:18:00 - [TEST_STEP][PASSED] - setText: Text 'Test Automation' is set on object 'Object Repository/FSM1/Complete ABP Inspection/Section C Full Risk Assessment/Page_JClient/textarea_Any other relevant in'

2018-11-12 13:18:00 - [MESSAGE][PASSED] - Text 'Test Automation' is set on object 'Object Repository/FSM1/Complete ABP Inspection/Section C Full Risk Assessment/Page_JClient/textarea_Any other relevant in'

2018-11-12 13:18:00 - [TEST_STEP][PASSED] - click: Object: 'Object Repository/FSM1/Complete ABP Inspection/Section C Full Risk Assessment/Page_JClient/div_Save' is clicked on

2018-11-12 13:18:00 - [MESSAGE][PASSED] - Object: 'Object Repository/FSM1/Complete ABP Inspection/Section C Full Risk Assessment/Page_JClient/div_Save' is clicked on]]></system-out>
         <system-err><![CDATA[]]></system-err>
      </testcase>
      <testcase name="Test Cases/ABP/Generic/Complete ABP Inspection - ABPR15 Sample Submission" classname="Test Cases/ABP/Generic/Complete ABP Inspection - ABPR15 Sample Submission" status="PASSED">
         <system-out><![CDATA[2018-11-12 13:18:00 - [TEST_CASE][PASSED] - Test Cases/ABP/Generic/Complete ABP Inspection - ABPR15 Sample Submission: Test Cases/ABP/Generic/Complete ABP Inspection - ABPR15 Sample Submission

2018-11-12 13:18:01 - [TEST_STEP][PASSED] - delay: Delayed 5 second(s)

2018-11-12 13:18:06 - [MESSAGE][PASSED] - Delayed 5 second(s)

2018-11-12 13:18:06 - [TEST_STEP][PASSED] - click: Object: 'Object Repository/FSM1/Complete ABP Inspection/ABPR15 Sample Submission/Page_JClient/div_ABPR15 - Sample Submission' is clicked on

2018-11-12 13:18:06 - [MESSAGE][PASSED] - Object: 'Object Repository/FSM1/Complete ABP Inspection/ABPR15 Sample Submission/Page_JClient/div_ABPR15 - Sample Submission' is clicked on

2018-11-12 13:18:06 - [TEST_STEP][PASSED] - click: Object: 'Object Repository/FSM1/Complete ABP Inspection/ABPR15 Sample Submission/Page_JClient/div_Create_GKH2EKQBDXB GKH2EKQ' is clicked on

2018-11-12 13:18:06 - [MESSAGE][PASSED] - Object: 'Object Repository/FSM1/Complete ABP Inspection/ABPR15 Sample Submission/Page_JClient/div_Create_GKH2EKQBDXB GKH2EKQ' is clicked on

2018-11-12 13:18:06 - [TEST_STEP][PASSED] - selectOptionByValue: All options with value 'Investigation' are selected in object 'Object Repository/FSM1/Complete ABP Inspection/ABPR15 Sample Submission/Page_JClient/select_InvestigationRoutineVal'  using regular expression

2018-11-12 13:18:07 - [MESSAGE][PASSED] - All options with value 'Investigation' are selected in object 'Object Repository/FSM1/Complete ABP Inspection/ABPR15 Sample Submission/Page_JClient/select_InvestigationRoutineVal'  using regular expression

2018-11-12 13:18:07 - [TEST_STEP][PASSED] - selectOptionByValue: All options with value '2' are selected in object 'Object Repository/FSM1/Complete ABP Inspection/ABPR15 Sample Submission/Page_JClient/select_123Catering waste'  using regular expression

2018-11-12 13:18:07 - [MESSAGE][PASSED] - All options with value '2' are selected in object 'Object Repository/FSM1/Complete ABP Inspection/ABPR15 Sample Submission/Page_JClient/select_123Catering waste'  using regular expression

2018-11-12 13:18:07 - [TEST_STEP][PASSED] - setText: Text 'Test automation' is set on object 'Object Repository/FSM1/Complete ABP Inspection/ABPR15 Sample Submission/Page_JClient/input_Sample identity (e.g. se'

2018-11-12 13:18:07 - [MESSAGE][PASSED] - Text 'Test automation' is set on object 'Object Repository/FSM1/Complete ABP Inspection/ABPR15 Sample Submission/Page_JClient/input_Sample identity (e.g. se'

2018-11-12 13:18:07 - [TEST_STEP][PASSED] - setText: Text 'Test automation' is set on object 'Object Repository/FSM1/Complete ABP Inspection/ABPR15 Sample Submission/Page_JClient/input_Type of material sampled'

2018-11-12 13:18:08 - [MESSAGE][PASSED] - Text 'Test automation' is set on object 'Object Repository/FSM1/Complete ABP Inspection/ABPR15 Sample Submission/Page_JClient/input_Type of material sampled'

2018-11-12 13:18:08 - [TEST_STEP][PASSED] - selectOptionByValue: All options with value 'Compost or digestate' are selected in object 'Object Repository/FSM1/Complete ABP Inspection/ABPR15 Sample Submission/Page_JClient/select_Compost or digestatePro'  using regular expression

2018-11-12 13:18:08 - [MESSAGE][PASSED] - All options with value 'Compost or digestate' are selected in object 'Object Repository/FSM1/Complete ABP Inspection/ABPR15 Sample Submission/Page_JClient/select_Compost or digestatePro'  using regular expression

2018-11-12 13:18:08 - [TEST_STEP][PASSED] - click: Object: 'Object Repository/FSM1/Complete ABP Inspection/ABPR15 Sample Submission/Page_JClient/input_Test Requested (refer to' is clicked on

2018-11-12 13:18:08 - [MESSAGE][PASSED] - Object: 'Object Repository/FSM1/Complete ABP Inspection/ABPR15 Sample Submission/Page_JClient/input_Test Requested (refer to' is clicked on

2018-11-12 13:18:08 - [TEST_STEP][PASSED] - click: Object: 'Object Repository/FSM1/Complete ABP Inspection/ABPR15 Sample Submission/Page_JClient/input_Clostridium perfringens' is clicked on

2018-11-12 13:18:08 - [MESSAGE][PASSED] - Object: 'Object Repository/FSM1/Complete ABP Inspection/ABPR15 Sample Submission/Page_JClient/input_Clostridium perfringens' is clicked on

2018-11-12 13:18:08 - [TEST_STEP][PASSED] - Statement - mydate = new java.util.Date(): null

2018-11-12 13:18:08 - [TEST_STEP][PASSED] - Statement - formattedDate = mydate.format("MM/dd/yyy"): null

2018-11-12 13:18:08 - [TEST_STEP][PASSED] - sendKeys: Keys '11/12/2018' sent to object: 'Object Repository/FSM1/Complete ABP Inspection/ABPR15 Sample Submission/Page_JClient/DateofSample'

2018-11-12 13:18:09 - [MESSAGE][PASSED] - Keys '11/12/2018' sent to object: 'Object Repository/FSM1/Complete ABP Inspection/ABPR15 Sample Submission/Page_JClient/DateofSample'

2018-11-12 13:18:09 - [TEST_STEP][PASSED] - sendKeys: Keys '11/12/2018' sent to object: 'Object Repository/FSM1/Complete ABP Inspection/ABPR15 Sample Submission/Page_JClient/DateofSubmission'

2018-11-12 13:18:09 - [MESSAGE][PASSED] - Keys '11/12/2018' sent to object: 'Object Repository/FSM1/Complete ABP Inspection/ABPR15 Sample Submission/Page_JClient/DateofSubmission'

2018-11-12 13:18:09 - [TEST_STEP][PASSED] - delay: Delayed 2 second(s)

2018-11-12 13:18:11 - [MESSAGE][PASSED] - Delayed 2 second(s)

2018-11-12 13:18:11 - [TEST_STEP][PASSED] - click: Object: 'Object Repository/FSM1/Complete ABP Inspection/ABPR15 Sample Submission/Page_JClient/div_Save1' is clicked on

2018-11-12 13:18:11 - [MESSAGE][PASSED] - Object: 'Object Repository/FSM1/Complete ABP Inspection/ABPR15 Sample Submission/Page_JClient/div_Save1' is clicked on]]></system-out>
         <system-err><![CDATA[]]></system-err>
      </testcase>
      <testcase name="Test Cases/ABP/Generic/Complete ABP Inspection - ABPR17 Forward Trace" classname="Test Cases/ABP/Generic/Complete ABP Inspection - ABPR17 Forward Trace" status="PASSED">
         <system-out><![CDATA[2018-11-12 13:18:11 - [TEST_CASE][PASSED] - Test Cases/ABP/Generic/Complete ABP Inspection - ABPR17 Forward Trace: Test Cases/ABP/Generic/Complete ABP Inspection - ABPR17 Forward Trace

2018-11-12 13:18:11 - [TEST_STEP][PASSED] - delay: Delayed 3 second(s)

2018-11-12 13:18:14 - [MESSAGE][PASSED] - Delayed 3 second(s)

2018-11-12 13:18:14 - [TEST_STEP][PASSED] - click: Object: 'Object Repository/FSM1/Complete ABP Inspection/ABPR17 Backward Trace/Page_JClient/div_ABPR17 - Backward Trace1' is clicked on

2018-11-12 13:18:15 - [MESSAGE][PASSED] - Object: 'Object Repository/FSM1/Complete ABP Inspection/ABPR17 Backward Trace/Page_JClient/div_ABPR17 - Backward Trace1' is clicked on

2018-11-12 13:18:15 - [TEST_STEP][PASSED] - delay: Delayed 2 second(s)

2018-11-12 13:18:17 - [MESSAGE][PASSED] - Delayed 2 second(s)

2018-11-12 13:18:17 - [TEST_STEP][PASSED] - click: Object: 'Object Repository/FSM1/Complete ABP Inspection/ABPR17 Backward Trace/Page_JClient/div_Create_GKH2EKQBDXB GKH2EKQ' is clicked on

2018-11-12 13:18:17 - [MESSAGE][PASSED] - Object: 'Object Repository/FSM1/Complete ABP Inspection/ABPR17 Backward Trace/Page_JClient/div_Create_GKH2EKQBDXB GKH2EKQ' is clicked on

2018-11-12 13:18:17 - [TEST_STEP][PASSED] - delay: Delayed 2 second(s)

2018-11-12 13:18:19 - [MESSAGE][PASSED] - Delayed 2 second(s)

2018-11-12 13:18:19 - [TEST_STEP][PASSED] - click: Object: 'Object Repository/FSM1/Complete ABP Inspection/ABPR17 Backward Trace/Page_JClient/input_Is this inspection at th' is clicked on

2018-11-12 13:18:19 - [MESSAGE][PASSED] - Object: 'Object Repository/FSM1/Complete ABP Inspection/ABPR17 Backward Trace/Page_JClient/input_Is this inspection at th' is clicked on

2018-11-12 13:18:19 - [TEST_STEP][PASSED] - setText: Text '1234' is set on object 'Object Repository/FSM1/Complete ABP Inspection/ABPR17 Backward Trace/Page_JClient/input_Approval Number_gwt-Text'

2018-11-12 13:18:19 - [MESSAGE][PASSED] - Text '1234' is set on object 'Object Repository/FSM1/Complete ABP Inspection/ABPR17 Backward Trace/Page_JClient/input_Approval Number_gwt-Text'

2018-11-12 13:18:19 - [TEST_STEP][PASSED] - setText: Text 'Test automation' is set on object 'Object Repository/FSM1/Complete ABP Inspection/ABPR17 Backward Trace/Page_JClient/input_Premises Type_gwt-TextBo'

2018-11-12 13:18:20 - [MESSAGE][PASSED] - Text 'Test automation' is set on object 'Object Repository/FSM1/Complete ABP Inspection/ABPR17 Backward Trace/Page_JClient/input_Premises Type_gwt-TextBo'

2018-11-12 13:18:20 - [TEST_STEP][PASSED] - setText: Text 'Test automation' is set on object 'Object Repository/FSM1/Complete ABP Inspection/ABPR17 Backward Trace/Page_JClient/input_Name of Operator_gwt-Tex'

2018-11-12 13:18:20 - [MESSAGE][PASSED] - Text 'Test automation' is set on object 'Object Repository/FSM1/Complete ABP Inspection/ABPR17 Backward Trace/Page_JClient/input_Name of Operator_gwt-Tex'

2018-11-12 13:18:20 - [TEST_STEP][PASSED] - setText: Text 'Test automation' is set on object 'Object Repository/FSM1/Complete ABP Inspection/ABPR17 Backward Trace/Page_JClient/textarea_Address of premises_g'

2018-11-12 13:18:20 - [MESSAGE][PASSED] - Text 'Test automation' is set on object 'Object Repository/FSM1/Complete ABP Inspection/ABPR17 Backward Trace/Page_JClient/textarea_Address of premises_g'

2018-11-12 13:18:20 - [TEST_STEP][PASSED] - setText: Text 'WR5 2NB' is set on object 'Object Repository/FSM1/Complete ABP Inspection/ABPR17 Backward Trace/Page_JClient/input_Postcode_gwt-TextBox GKH'

2018-11-12 13:18:21 - [MESSAGE][PASSED] - Text 'WR5 2NB' is set on object 'Object Repository/FSM1/Complete ABP Inspection/ABPR17 Backward Trace/Page_JClient/input_Postcode_gwt-TextBox GKH'

2018-11-12 13:18:21 - [TEST_STEP][PASSED] - setText: Text 'test@gmail.com' is set on object 'Object Repository/FSM1/Complete ABP Inspection/ABPR17 Backward Trace/Page_JClient/input_Email_gwt-TextBox GKH2EK'

2018-11-12 13:18:21 - [MESSAGE][PASSED] - Text 'test@gmail.com' is set on object 'Object Repository/FSM1/Complete ABP Inspection/ABPR17 Backward Trace/Page_JClient/input_Email_gwt-TextBox GKH2EK'

2018-11-12 13:18:21 - [TEST_STEP][PASSED] - setText: Text '1234' is set on object 'Object Repository/FSM1/Complete ABP Inspection/ABPR17 Backward Trace/Page_JClient/input_Approval number (if appl'

2018-11-12 13:18:21 - [MESSAGE][PASSED] - Text '1234' is set on object 'Object Repository/FSM1/Complete ABP Inspection/ABPR17 Backward Trace/Page_JClient/input_Approval number (if appl'

2018-11-12 13:18:21 - [TEST_STEP][PASSED] - selectOptionByValue: All options with value 'North' are selected in object 'Object Repository/FSM1/Complete ABP Inspection/ABPR17 Backward Trace/Page_JClient/select_NorthScotlandSouthernWa'  using regular expression

2018-11-12 13:18:21 - [MESSAGE][PASSED] - All options with value 'North' are selected in object 'Object Repository/FSM1/Complete ABP Inspection/ABPR17 Backward Trace/Page_JClient/select_NorthScotlandSouthernWa'  using regular expression

2018-11-12 13:18:21 - [TEST_STEP][PASSED] - setText: Text 'Test automation' is set on object 'Object Repository/FSM1/Complete ABP Inspection/ABPR17 Backward Trace/Page_JClient/input_Name of haulier_gwt-Text'

2018-11-12 13:18:22 - [MESSAGE][PASSED] - Text 'Test automation' is set on object 'Object Repository/FSM1/Complete ABP Inspection/ABPR17 Backward Trace/Page_JClient/input_Name of haulier_gwt-Text'

2018-11-12 13:18:22 - [TEST_STEP][PASSED] - setText: Text 'Test automation' is set on object 'Object Repository/FSM1/Complete ABP Inspection/ABPR17 Backward Trace/Page_JClient/textarea_Address of haulier_gw'

2018-11-12 13:18:22 - [MESSAGE][PASSED] - Text 'Test automation' is set on object 'Object Repository/FSM1/Complete ABP Inspection/ABPR17 Backward Trace/Page_JClient/textarea_Address of haulier_gw'

2018-11-12 13:18:22 - [TEST_STEP][PASSED] - delay: Delayed 2 second(s)

2018-11-12 13:18:24 - [MESSAGE][PASSED] - Delayed 2 second(s)

2018-11-12 13:18:24 - [TEST_STEP][PASSED] - setText: Text 'RN2 3WE' is set on object 'Object Repository/FSM1/Complete ABP Inspection/ABPR17 Backward Trace/Page_JClient/Postcode'

2018-11-12 13:18:24 - [MESSAGE][PASSED] - Text 'RN2 3WE' is set on object 'Object Repository/FSM1/Complete ABP Inspection/ABPR17 Backward Trace/Page_JClient/Postcode'

2018-11-12 13:18:24 - [TEST_STEP][PASSED] - setText: Text '9876' is set on object 'Object Repository/FSM1/Complete ABP Inspection/ABPR17 Backward Trace/Page_JClient/input_Registration number (if'

2018-11-12 13:18:24 - [MESSAGE][PASSED] - Text '9876' is set on object 'Object Repository/FSM1/Complete ABP Inspection/ABPR17 Backward Trace/Page_JClient/input_Registration number (if'

2018-11-12 13:18:24 - [TEST_STEP][PASSED] - setText: Text '112233' is set on object 'Object Repository/FSM1/Complete ABP Inspection/ABPR17 Backward Trace/Page_JClient/input_Reference No. of CD or o'

2018-11-12 13:18:25 - [MESSAGE][PASSED] - Text '112233' is set on object 'Object Repository/FSM1/Complete ABP Inspection/ABPR17 Backward Trace/Page_JClient/input_Reference No. of CD or o'

2018-11-12 13:18:25 - [TEST_STEP][PASSED] - setText: Text 'Test automation' is set on object 'Object Repository/FSM1/Complete ABP Inspection/ABPR17 Backward Trace/Page_JClient/textarea_Description of materi'

2018-11-12 13:18:25 - [MESSAGE][PASSED] - Text 'Test automation' is set on object 'Object Repository/FSM1/Complete ABP Inspection/ABPR17 Backward Trace/Page_JClient/textarea_Description of materi'

2018-11-12 13:18:25 - [TEST_STEP][PASSED] - selectOptionByValue: All options with value 'Fish' are selected in object 'Object Repository/FSM1/Complete ABP Inspection/ABPR17 Backward Trace/Page_JClient/select_NACattleDeerFishGoatsPi'  using regular expression

2018-11-12 13:18:25 - [MESSAGE][PASSED] - All options with value 'Fish' are selected in object 'Object Repository/FSM1/Complete ABP Inspection/ABPR17 Backward Trace/Page_JClient/select_NACattleDeerFishGoatsPi'  using regular expression

2018-11-12 13:18:25 - [TEST_STEP][PASSED] - setText: Text 'Test automation' is set on object 'Object Repository/FSM1/Complete ABP Inspection/ABPR17 Backward Trace/Page_JClient/input_Category_gwt-TextBox GKH'

2018-11-12 13:18:26 - [MESSAGE][PASSED] - Text 'Test automation' is set on object 'Object Repository/FSM1/Complete ABP Inspection/ABPR17 Backward Trace/Page_JClient/input_Category_gwt-TextBox GKH'

2018-11-12 13:18:26 - [TEST_STEP][PASSED] - setText: Text '100' is set on object 'Object Repository/FSM1/Complete ABP Inspection/ABPR17 Backward Trace/Page_JClient/input_Quantity_gwt-TextBox GKH'

2018-11-12 13:18:26 - [MESSAGE][PASSED] - Text '100' is set on object 'Object Repository/FSM1/Complete ABP Inspection/ABPR17 Backward Trace/Page_JClient/input_Quantity_gwt-TextBox GKH'

2018-11-12 13:18:26 - [TEST_STEP][PASSED] - setText: Text 'Test automation' is set on object 'Object Repository/FSM1/Complete ABP Inspection/ABPR17 Backward Trace/Page_JClient/textarea_Any other relevant in'

2018-11-12 13:18:26 - [MESSAGE][PASSED] - Text 'Test automation' is set on object 'Object Repository/FSM1/Complete ABP Inspection/ABPR17 Backward Trace/Page_JClient/textarea_Any other relevant in'

2018-11-12 13:18:26 - [TEST_STEP][PASSED] - click: Object: 'Object Repository/FSM1/Complete ABP Inspection/ABPR17 Backward Trace/Page_JClient/input_Yes_radio_group_56' is clicked on

2018-11-12 13:18:26 - [MESSAGE][PASSED] - Object: 'Object Repository/FSM1/Complete ABP Inspection/ABPR17 Backward Trace/Page_JClient/input_Yes_radio_group_56' is clicked on

2018-11-12 13:18:26 - [TEST_STEP][PASSED] - click: Object: 'Object Repository/FSM1/Complete ABP Inspection/ABPR17 Backward Trace/Page_JClient/input_Yes_radio_group_57' is clicked on

2018-11-12 13:18:27 - [MESSAGE][PASSED] - Object: 'Object Repository/FSM1/Complete ABP Inspection/ABPR17 Backward Trace/Page_JClient/input_Yes_radio_group_57' is clicked on

2018-11-12 13:18:27 - [TEST_STEP][PASSED] - delay: Delayed 1 second(s)

2018-11-12 13:18:28 - [MESSAGE][PASSED] - Delayed 1 second(s)

2018-11-12 13:18:28 - [TEST_STEP][PASSED] - Statement - mydate = new java.util.Date(): null

2018-11-12 13:18:28 - [TEST_STEP][PASSED] - Statement - formattedDate = mydate.format("MM/dd/yyy"): null

2018-11-12 13:18:28 - [TEST_STEP][PASSED] - sendKeys: Keys '11/12/2018' sent to object: 'Object Repository/FSM1/Complete ABP Inspection/ABPR17 Backward Trace/Page_JClient/DateofDespatch'

2018-11-12 13:18:28 - [MESSAGE][PASSED] - Keys '11/12/2018' sent to object: 'Object Repository/FSM1/Complete ABP Inspection/ABPR17 Backward Trace/Page_JClient/DateofDespatch'

2018-11-12 13:18:28 - [TEST_STEP][PASSED] - click: Object: 'Object Repository/FSM1/Complete ABP Inspection/ABPR17 Backward Trace/Page_JClient/div_Save1' is clicked on

2018-11-12 13:18:28 - [MESSAGE][PASSED] - Object: 'Object Repository/FSM1/Complete ABP Inspection/ABPR17 Backward Trace/Page_JClient/div_Save1' is clicked on]]></system-out>
         <system-err><![CDATA[]]></system-err>
      </testcase>
      <testcase name="Test Cases/ABP/Generic/Complete ABP Inspection - ABPR18 Backward Trace" classname="Test Cases/ABP/Generic/Complete ABP Inspection - ABPR18 Backward Trace" status="PASSED">
         <system-out><![CDATA[2018-11-12 13:18:28 - [TEST_CASE][PASSED] - Test Cases/ABP/Generic/Complete ABP Inspection - ABPR18 Backward Trace: Test Cases/ABP/Generic/Complete ABP Inspection - ABPR18 Backward Trace

2018-11-12 13:18:28 - [TEST_STEP][PASSED] - delay: Delayed 2 second(s)

2018-11-12 13:18:30 - [MESSAGE][PASSED] - Delayed 2 second(s)

2018-11-12 13:18:30 - [TEST_STEP][PASSED] - click: Object: 'Object Repository/FSM1/Complete ABP Inspection/ABP18 Forward Trace/Page_JClient/div_ABPR18 - Forward Trace1' is clicked on

2018-11-12 13:18:31 - [MESSAGE][PASSED] - Object: 'Object Repository/FSM1/Complete ABP Inspection/ABP18 Forward Trace/Page_JClient/div_ABPR18 - Forward Trace1' is clicked on

2018-11-12 13:18:31 - [TEST_STEP][PASSED] - delay: Delayed 2 second(s)

2018-11-12 13:18:33 - [MESSAGE][PASSED] - Delayed 2 second(s)

2018-11-12 13:18:33 - [TEST_STEP][PASSED] - click: Object: 'Object Repository/FSM1/Complete ABP Inspection/ABP18 Forward Trace/Page_JClient/div_Create_GKH2EKQBDXB GKH2EKQ' is clicked on

2018-11-12 13:18:33 - [MESSAGE][PASSED] - Object: 'Object Repository/FSM1/Complete ABP Inspection/ABP18 Forward Trace/Page_JClient/div_Create_GKH2EKQBDXB GKH2EKQ' is clicked on

2018-11-12 13:18:33 - [TEST_STEP][PASSED] - click: Object: 'Object Repository/FSM1/Complete ABP Inspection/ABP18 Forward Trace/Page_JClient/input_Is this inspection at th' is clicked on

2018-11-12 13:18:33 - [MESSAGE][PASSED] - Object: 'Object Repository/FSM1/Complete ABP Inspection/ABP18 Forward Trace/Page_JClient/input_Is this inspection at th' is clicked on

2018-11-12 13:18:33 - [TEST_STEP][PASSED] - setText: Text '123' is set on object 'Object Repository/FSM1/Complete ABP Inspection/ABP18 Forward Trace/Page_JClient/input_Approval Number_gwt-Text'

2018-11-12 13:18:33 - [MESSAGE][PASSED] - Text '123' is set on object 'Object Repository/FSM1/Complete ABP Inspection/ABP18 Forward Trace/Page_JClient/input_Approval Number_gwt-Text'

2018-11-12 13:18:33 - [TEST_STEP][PASSED] - setText: Text 'Test automation' is set on object 'Object Repository/FSM1/Complete ABP Inspection/ABP18 Forward Trace/Page_JClient/input_Premises Type_gwt-TextBo'

2018-11-12 13:18:34 - [MESSAGE][PASSED] - Text 'Test automation' is set on object 'Object Repository/FSM1/Complete ABP Inspection/ABP18 Forward Trace/Page_JClient/input_Premises Type_gwt-TextBo'

2018-11-12 13:18:34 - [TEST_STEP][PASSED] - setText: Text 'Test automation' is set on object 'Object Repository/FSM1/Complete ABP Inspection/ABP18 Forward Trace/Page_JClient/input_Name of Operator_gwt-Tex'

2018-11-12 13:18:34 - [MESSAGE][PASSED] - Text 'Test automation' is set on object 'Object Repository/FSM1/Complete ABP Inspection/ABP18 Forward Trace/Page_JClient/input_Name of Operator_gwt-Tex'

2018-11-12 13:18:34 - [TEST_STEP][PASSED] - setText: Text 'Test automation' is set on object 'Object Repository/FSM1/Complete ABP Inspection/ABP18 Forward Trace/Page_JClient/textarea_Address of premises_g'

2018-11-12 13:18:34 - [MESSAGE][PASSED] - Text 'Test automation' is set on object 'Object Repository/FSM1/Complete ABP Inspection/ABP18 Forward Trace/Page_JClient/textarea_Address of premises_g'

2018-11-12 13:18:34 - [TEST_STEP][PASSED] - setText: Text 'WR5 2NB' is set on object 'Object Repository/FSM1/Complete ABP Inspection/ABP18 Forward Trace/Page_JClient/input_Postcode_gwt-TextBox GKH'

2018-11-12 13:18:35 - [MESSAGE][PASSED] - Text 'WR5 2NB' is set on object 'Object Repository/FSM1/Complete ABP Inspection/ABP18 Forward Trace/Page_JClient/input_Postcode_gwt-TextBox GKH'

2018-11-12 13:18:35 - [TEST_STEP][PASSED] - selectOptionByValue: All options with value 'Scotland' are selected in object 'Object Repository/FSM1/Complete ABP Inspection/ABP18 Forward Trace/Page_JClient/select_NorthScotlandSouthernWa'  using regular expression

2018-11-12 13:18:35 - [MESSAGE][PASSED] - All options with value 'Scotland' are selected in object 'Object Repository/FSM1/Complete ABP Inspection/ABP18 Forward Trace/Page_JClient/select_NorthScotlandSouthernWa'  using regular expression

2018-11-12 13:18:35 - [TEST_STEP][PASSED] - setText: Text 'Test automation' is set on object 'Object Repository/FSM1/Complete ABP Inspection/ABP18 Forward Trace/Page_JClient/input_Name of haulier_gwt-Text'

2018-11-12 13:18:35 - [MESSAGE][PASSED] - Text 'Test automation' is set on object 'Object Repository/FSM1/Complete ABP Inspection/ABP18 Forward Trace/Page_JClient/input_Name of haulier_gwt-Text'

2018-11-12 13:18:35 - [TEST_STEP][PASSED] - setText: Text 'Test automation' is set on object 'Object Repository/FSM1/Complete ABP Inspection/ABP18 Forward Trace/Page_JClient/textarea_Address of haulier_gw'

2018-11-12 13:18:36 - [MESSAGE][PASSED] - Text 'Test automation' is set on object 'Object Repository/FSM1/Complete ABP Inspection/ABP18 Forward Trace/Page_JClient/textarea_Address of haulier_gw'

2018-11-12 13:18:36 - [TEST_STEP][PASSED] - setText: Text 'WR5 2NB' is set on object 'Object Repository/FSM1/Complete ABP Inspection/ABP18 Forward Trace/Page_JClient/Postcode'

2018-11-12 13:18:36 - [MESSAGE][PASSED] - Text 'WR5 2NB' is set on object 'Object Repository/FSM1/Complete ABP Inspection/ABP18 Forward Trace/Page_JClient/Postcode'

2018-11-12 13:18:36 - [TEST_STEP][PASSED] - setText: Text '123' is set on object 'Object Repository/FSM1/Complete ABP Inspection/ABP18 Forward Trace/Page_JClient/input_Registration number (if'

2018-11-12 13:18:36 - [MESSAGE][PASSED] - Text '123' is set on object 'Object Repository/FSM1/Complete ABP Inspection/ABP18 Forward Trace/Page_JClient/input_Registration number (if'

2018-11-12 13:18:36 - [TEST_STEP][PASSED] - setText: Text '987' is set on object 'Object Repository/FSM1/Complete ABP Inspection/ABP18 Forward Trace/Page_JClient/input_Reference No. of CD or o'

2018-11-12 13:18:36 - [MESSAGE][PASSED] - Text '987' is set on object 'Object Repository/FSM1/Complete ABP Inspection/ABP18 Forward Trace/Page_JClient/input_Reference No. of CD or o'

2018-11-12 13:18:36 - [TEST_STEP][PASSED] - setText: Text 'Test automation' is set on object 'Object Repository/FSM1/Complete ABP Inspection/ABP18 Forward Trace/Page_JClient/textarea_Description of materi'

2018-11-12 13:18:37 - [MESSAGE][PASSED] - Text 'Test automation' is set on object 'Object Repository/FSM1/Complete ABP Inspection/ABP18 Forward Trace/Page_JClient/textarea_Description of materi'

2018-11-12 13:18:37 - [TEST_STEP][PASSED] - selectOptionByValue: All options with value 'Goats' are selected in object 'Object Repository/FSM1/Complete ABP Inspection/ABP18 Forward Trace/Page_JClient/select_NACattleDeerFishGoatsPi'  using regular expression

2018-11-12 13:18:37 - [MESSAGE][PASSED] - All options with value 'Goats' are selected in object 'Object Repository/FSM1/Complete ABP Inspection/ABP18 Forward Trace/Page_JClient/select_NACattleDeerFishGoatsPi'  using regular expression

2018-11-12 13:18:37 - [TEST_STEP][PASSED] - setText: Text 'Test automation' is set on object 'Object Repository/FSM1/Complete ABP Inspection/ABP18 Forward Trace/Page_JClient/input_Category_gwt-TextBox GKH'

2018-11-12 13:18:37 - [MESSAGE][PASSED] - Text 'Test automation' is set on object 'Object Repository/FSM1/Complete ABP Inspection/ABP18 Forward Trace/Page_JClient/input_Category_gwt-TextBox GKH'

2018-11-12 13:18:37 - [TEST_STEP][PASSED] - setText: Text '12' is set on object 'Object Repository/FSM1/Complete ABP Inspection/ABP18 Forward Trace/Page_JClient/input_Quantity_gwt-TextBox GKH'

2018-11-12 13:18:37 - [MESSAGE][PASSED] - Text '12' is set on object 'Object Repository/FSM1/Complete ABP Inspection/ABP18 Forward Trace/Page_JClient/input_Quantity_gwt-TextBox GKH'

2018-11-12 13:18:37 - [TEST_STEP][PASSED] - setText: Text 'Test automation' is set on object 'Object Repository/FSM1/Complete ABP Inspection/ABP18 Forward Trace/Page_JClient/textarea_Any other relevant in'

2018-11-12 13:18:38 - [MESSAGE][PASSED] - Text 'Test automation' is set on object 'Object Repository/FSM1/Complete ABP Inspection/ABP18 Forward Trace/Page_JClient/textarea_Any other relevant in'

2018-11-12 13:18:38 - [TEST_STEP][PASSED] - click: Object: 'Object Repository/FSM1/Complete ABP Inspection/ABP18 Forward Trace/Page_JClient/input_Any other relevant infor' is clicked on

2018-11-12 13:18:38 - [MESSAGE][PASSED] - Object: 'Object Repository/FSM1/Complete ABP Inspection/ABP18 Forward Trace/Page_JClient/input_Any other relevant infor' is clicked on

2018-11-12 13:18:38 - [TEST_STEP][PASSED] - setText: Text 'Test automation' is set on object 'Object Repository/FSM1/Complete ABP Inspection/ABP18 Forward Trace/Page_JClient/textarea_If so give details_gw'

2018-11-12 13:18:38 - [MESSAGE][PASSED] - Text 'Test automation' is set on object 'Object Repository/FSM1/Complete ABP Inspection/ABP18 Forward Trace/Page_JClient/textarea_If so give details_gw'

2018-11-12 13:18:38 - [TEST_STEP][PASSED] - click: Object: 'Object Repository/FSM1/Complete ABP Inspection/ABP18 Forward Trace/Page_JClient/input_Yes_radio_group_132' is clicked on

2018-11-12 13:18:38 - [MESSAGE][PASSED] - Object: 'Object Repository/FSM1/Complete ABP Inspection/ABP18 Forward Trace/Page_JClient/input_Yes_radio_group_132' is clicked on

2018-11-12 13:18:38 - [TEST_STEP][NOT_RUN] - click: NOT_RUN: click

2018-11-12 13:18:38 - [MESSAGE][NOT_RUN] - NOT_RUN: click

2018-11-12 13:18:38 - [TEST_STEP][NOT_RUN] - click: NOT_RUN: click

2018-11-12 13:18:38 - [MESSAGE][NOT_RUN] - NOT_RUN: click

2018-11-12 13:18:38 - [TEST_STEP][NOT_RUN] - setText: NOT_RUN: setText

2018-11-12 13:18:38 - [MESSAGE][NOT_RUN] - NOT_RUN: setText

2018-11-12 13:18:38 - [TEST_STEP][NOT_RUN] - setText: NOT_RUN: setText

2018-11-12 13:18:38 - [MESSAGE][NOT_RUN] - NOT_RUN: setText

2018-11-12 13:18:38 - [TEST_STEP][PASSED] - Statement - mydate = new java.util.Date(): null

2018-11-12 13:18:38 - [TEST_STEP][PASSED] - Statement - formattedDate = mydate.format("MM/dd/yyy"): null

2018-11-12 13:18:38 - [TEST_STEP][PASSED] - sendKeys: Keys '11/12/2018' sent to object: 'Object Repository/FSM1/Complete ABP Inspection/ABP18 Forward Trace/Page_JClient/DateofDespatch'

2018-11-12 13:18:39 - [MESSAGE][PASSED] - Keys '11/12/2018' sent to object: 'Object Repository/FSM1/Complete ABP Inspection/ABP18 Forward Trace/Page_JClient/DateofDespatch'

2018-11-12 13:18:39 - [TEST_STEP][PASSED] - click: Object: 'Object Repository/FSM1/Complete ABP Inspection/ABP18 Forward Trace/Page_JClient/div_Save' is clicked on

2018-11-12 13:18:39 - [MESSAGE][PASSED] - Object: 'Object Repository/FSM1/Complete ABP Inspection/ABP18 Forward Trace/Page_JClient/div_Save' is clicked on]]></system-out>
         <system-err><![CDATA[]]></system-err>
      </testcase>
      <testcase name="Test Cases/ABP/Generic/Complete ABP Inspection - Complete" classname="Test Cases/ABP/Generic/Complete ABP Inspection - Complete" status="PASSED">
         <system-out><![CDATA[2018-11-12 13:18:39 - [TEST_CASE][PASSED] - Test Cases/ABP/Generic/Complete ABP Inspection - Complete: Test Cases/ABP/Generic/Complete ABP Inspection - Complete

2018-11-12 13:18:39 - [TEST_STEP][PASSED] - delay: Delayed 2 second(s)

2018-11-12 13:18:41 - [MESSAGE][PASSED] - Delayed 2 second(s)

2018-11-12 13:18:41 - [TEST_STEP][PASSED] - click: Object: 'Object Repository/FSM1/Complete ABP Inspection/Complete ABP01a Inspection/Page_JClient/div_STARTED (locked)' is clicked on

2018-11-12 13:18:41 - [MESSAGE][PASSED] - Object: 'Object Repository/FSM1/Complete ABP Inspection/Complete ABP01a Inspection/Page_JClient/div_STARTED (locked)' is clicked on

2018-11-12 13:18:41 - [TEST_STEP][PASSED] - delay: Delayed 2 second(s)

2018-11-12 13:18:43 - [MESSAGE][PASSED] - Delayed 2 second(s)

2018-11-12 13:18:43 - [TEST_STEP][PASSED] - click: Object: 'Object Repository/FSM1/Complete ABP Inspection/Complete ABP01a Inspection/Page_JClient/div_COMPLETED' is clicked on

2018-11-12 13:18:44 - [MESSAGE][PASSED] - Object: 'Object Repository/FSM1/Complete ABP Inspection/Complete ABP01a Inspection/Page_JClient/div_COMPLETED' is clicked on

2018-11-12 13:18:44 - [TEST_STEP][PASSED] - selectOptionByValue: All options with value 'COMPLETED' are selected in object 'Object Repository/FSM1/Complete ABP Inspection/Complete ABP01a Inspection/Page_JClient/select_Yes'  using regular expression

2018-11-12 13:18:45 - [MESSAGE][PASSED] - All options with value 'COMPLETED' are selected in object 'Object Repository/FSM1/Complete ABP Inspection/Complete ABP01a Inspection/Page_JClient/select_Yes'  using regular expression

2018-11-12 13:18:45 - [TEST_STEP][PASSED] - delay: Delayed 3 second(s)

2018-11-12 13:18:48 - [MESSAGE][PASSED] - Delayed 3 second(s)

2018-11-12 13:18:48 - [TEST_STEP][PASSED] - click: Object: 'Object Repository/FSM1/Complete ABP Inspection/Complete ABP01a Inspection/Page_JClient/div_Save' is clicked on

2018-11-12 13:18:48 - [MESSAGE][PASSED] - Object: 'Object Repository/FSM1/Complete ABP Inspection/Complete ABP01a Inspection/Page_JClient/div_Save' is clicked on

2018-11-12 13:18:48 - [TEST_STEP][PASSED] - delay: Delayed 2 second(s)

2018-11-12 13:18:50 - [MESSAGE][PASSED] - Delayed 2 second(s)

2018-11-12 13:18:50 - [TEST_STEP][PASSED] - click: Object: 'Object Repository/FSM1/Complete ABP Inspection/Complete ABP01a Inspection/Page_JClient/div_Ok' is clicked on

2018-11-12 13:18:50 - [MESSAGE][PASSED] - Object: 'Object Repository/FSM1/Complete ABP Inspection/Complete ABP01a Inspection/Page_JClient/div_Ok' is clicked on

2018-11-12 13:18:50 - [TEST_STEP][PASSED] - delay: Delayed 30 second(s)

2018-11-12 13:19:20 - [MESSAGE][PASSED] - Delayed 30 second(s)]]></system-out>
         <system-err><![CDATA[]]></system-err>
      </testcase>
      <testcase name="Test Cases/Generic/Launch Job Manager Control Centre - Check Result" classname="Test Cases/Generic/Launch Job Manager Control Centre - Check Result" status="PASSED">
         <system-out><![CDATA[2018-11-12 13:19:20 - [TEST_CASE][PASSED] - Test Cases/Generic/Launch Job Manager Control Centre - Check Result: Test Cases/Generic/Launch Job Manager Control Centre - Check Result

2018-11-12 13:19:21 - [TEST_STEP][PASSED] - openBrowser: Browser is opened with url: ''

2018-11-12 13:19:21 - [MESSAGE][WARNING] - A browser is already opened. Closing browser and opening a new one

2018-11-12 13:19:24 - [MESSAGE][PASSED] - Browser is opened with url: ''

2018-11-12 13:19:24 - [TEST_STEP][PASSED] - navigateToUrl: Navigate to 'https://kirona-def-6.kirona.com/jmprep/login#!loginView' successfully

2018-11-12 13:19:26 - [MESSAGE][PASSED] - Navigate to 'https://kirona-def-6.kirona.com/jmprep/login#!loginView' successfully

2018-11-12 13:19:26 - [TEST_STEP][PASSED] - setText: Text 'jon.hatfield' is set on object 'Object Repository/FSM1/Control Centre/Page_Job Manager Login/input_gwt-uid-3'

2018-11-12 13:19:27 - [MESSAGE][PASSED] - Text 'jon.hatfield' is set on object 'Object Repository/FSM1/Control Centre/Page_Job Manager Login/input_gwt-uid-3'

2018-11-12 13:19:27 - [TEST_STEP][PASSED] - setText: Text 'Fr@nc1sJ0n' is set on object 'Object Repository/FSM1/Control Centre/Page_Job Manager Login/input_gwt-uid-5'

2018-11-12 13:19:27 - [MESSAGE][PASSED] - Text 'Fr@nc1sJ0n' is set on object 'Object Repository/FSM1/Control Centre/Page_Job Manager Login/input_gwt-uid-5'

2018-11-12 13:19:27 - [TEST_STEP][PASSED] - click: Object: 'Object Repository/FSM1/PreProd/Page_Job Manager Login/div_Login' is clicked on

2018-11-12 13:19:27 - [MESSAGE][PASSED] - Object: 'Object Repository/FSM1/PreProd/Page_Job Manager Login/div_Login' is clicked on

2018-11-12 13:19:27 - [TEST_STEP][PASSED] - delay: Delayed 5 second(s)

2018-11-12 13:19:32 - [MESSAGE][PASSED] - Delayed 5 second(s)]]></system-out>
         <system-err><![CDATA[]]></system-err>
      </testcase>
      <testcase name="Test Cases/ABP/ABPR01a/Control Centre - Check Results - ABPR01a" classname="Test Cases/ABP/ABPR01a/Control Centre - Check Results - ABPR01a" status="PASSED">
         <system-out><![CDATA[2018-11-12 13:19:32 - [TEST_CASE][PASSED] - Test Cases/ABP/ABPR01a/Control Centre - Check Results - ABPR01a: Test Cases/ABP/ABPR01a/Control Centre - Check Results - ABPR01a

2018-11-12 13:19:33 - [TEST_STEP][PASSED] - Statement - log = new com.kms.katalon.core.logging.KeywordLogger(): null

2018-11-12 13:19:33 - [TEST_STEP][PASSED] - setText: Text '90928' is set on object 'Object Repository/FSM1/EMI Check Results/Page_JM Control Centre/input_Recents_v-textfield v-wi'

2018-11-12 13:19:33 - [MESSAGE][PASSED] - Text '90928' is set on object 'Object Repository/FSM1/EMI Check Results/Page_JM Control Centre/input_Recents_v-textfield v-wi'

2018-11-12 13:19:33 - [TEST_STEP][NOT_RUN] - setText: NOT_RUN: setText

2018-11-12 13:19:33 - [MESSAGE][NOT_RUN] - NOT_RUN: setText

2018-11-12 13:19:33 - [TEST_STEP][PASSED] - click: Object: 'Object Repository/FSM1/EMI Check Results/Page_JM Control Centre/span_' is clicked on

2018-11-12 13:19:34 - [MESSAGE][PASSED] - Object: 'Object Repository/FSM1/EMI Check Results/Page_JM Control Centre/span_' is clicked on

2018-11-12 13:19:34 - [TEST_STEP][PASSED] - waitForElementPresent: Object 'Object Repository/FSM1/EMI Check Results/Page_JM Control Centre/div_CLOSED' is present

2018-11-12 13:19:39 - [MESSAGE][PASSED] - Object 'Object Repository/FSM1/EMI Check Results/Page_JM Control Centre/div_CLOSED' is present

2018-11-12 13:19:39 - [TEST_STEP][PASSED] - delay: Delayed 3 second(s)

2018-11-12 13:19:42 - [MESSAGE][PASSED] - Delayed 3 second(s)

2018-11-12 13:19:42 - [TEST_STEP][PASSED] - verifyElementPresent: Object 'Object Repository/FSM1/Complete ABP Inspection/Check Results/Page_JM Control Centre/Page_JM Control Centre/div_Attachments_ABPR18 - Forwa' is present

2018-11-12 13:19:42 - [MESSAGE][PASSED] - Object 'Object Repository/FSM1/Complete ABP Inspection/Check Results/Page_JM Control Centre/Page_JM Control Centre/div_Attachments_ABPR18 - Forwa' is present

2018-11-12 13:19:42 - [TEST_STEP][PASSED] - verifyElementPresent: Object 'Object Repository/FSM1/Complete ABP Inspection/Check Results/Page_JM Control Centre/Page_JM Control Centre/div_Attachments_ABPR15 - Micro' is present

2018-11-12 13:19:42 - [MESSAGE][PASSED] - Object 'Object Repository/FSM1/Complete ABP Inspection/Check Results/Page_JM Control Centre/Page_JM Control Centre/div_Attachments_ABPR15 - Micro' is present

2018-11-12 13:19:42 - [TEST_STEP][PASSED] - verifyElementPresent: Object 'Object Repository/FSM1/Complete ABP Inspection/Check Results/Page_JM Control Centre/Page_JM Control Centre/div_Attachments_ABPR01A - Comp' is present

2018-11-12 13:19:42 - [MESSAGE][PASSED] - Object 'Object Repository/FSM1/Complete ABP Inspection/Check Results/Page_JM Control Centre/Page_JM Control Centre/div_Attachments_ABPR01A - Comp' is present

2018-11-12 13:19:42 - [TEST_STEP][PASSED] - verifyElementPresent: Object 'Object Repository/FSM1/Complete ABP Inspection/Check Results/Page_JM Control Centre/Page_JM Control Centre/div_Attachments_ABPR17 - Backw' is present

2018-11-12 13:19:42 - [MESSAGE][PASSED] - Object 'Object Repository/FSM1/Complete ABP Inspection/Check Results/Page_JM Control Centre/Page_JM Control Centre/div_Attachments_ABPR17 - Backw' is present]]></system-out>
         <system-err><![CDATA[]]></system-err>
      </testcase>
      <testcase name="Test Cases/ABP/Generic/Check Subsequent Inspection Exist" classname="Test Cases/ABP/Generic/Check Subsequent Inspection Exist" status="PASSED">
         <system-out><![CDATA[2018-11-12 13:19:42 - [TEST_CASE][PASSED] - Test Cases/ABP/Generic/Check Subsequent Inspection Exist: Test Cases/ABP/Generic/Check Subsequent Inspection Exist

2018-11-12 13:19:42 - [TEST_STEP][PASSED] - delay: Delayed 2 second(s)

2018-11-12 13:19:44 - [MESSAGE][PASSED] - Delayed 2 second(s)

2018-11-12 13:19:44 - [TEST_STEP][PASSED] - click: Object: 'Object Repository/FSM1/Complete ABP Inspection/Check Subsequent Inspections/New/Page_JM Control Centre/div_' is clicked on

2018-11-12 13:19:45 - [MESSAGE][PASSED] - Object: 'Object Repository/FSM1/Complete ABP Inspection/Check Subsequent Inspections/New/Page_JM Control Centre/div_' is clicked on

2018-11-12 13:19:45 - [TEST_STEP][PASSED] - click: Object: 'Object Repository/FSM1/Complete ABP Inspection/Check Subsequent Inspections/New/Page_JM Control Centre/span_List All Subordinate Jobs' is clicked on

2018-11-12 13:19:45 - [MESSAGE][PASSED] - Object: 'Object Repository/FSM1/Complete ABP Inspection/Check Subsequent Inspections/New/Page_JM Control Centre/span_List All Subordinate Jobs' is clicked on

2018-11-12 13:19:45 - [TEST_STEP][PASSED] - delay: Delayed 2 second(s)

2018-11-12 13:19:47 - [MESSAGE][PASSED] - Delayed 2 second(s)

2018-11-12 13:19:47 - [TEST_STEP][PASSED] - verifyElementVisible: Object 'Object Repository/FSM1/Complete ABP Inspection/Check Subsequent Inspections/New/Page_JM Control Centre/div_2 found.' is visible

2018-11-12 13:19:48 - [MESSAGE][PASSED] - Object 'Object Repository/FSM1/Complete ABP Inspection/Check Subsequent Inspections/New/Page_JM Control Centre/div_2 found.' is visible

2018-11-12 13:19:48 - [TEST_STEP][PASSED] - closeBrowser: Browser is closed

2018-11-12 13:19:49 - [MESSAGE][PASSED] - Browser is closed]]></system-out>
         <system-err><![CDATA[]]></system-err>
      </testcase>
      <system-out><![CDATA[2018-11-12 13:12:39 - [TEST_SUITE][PASSED] - ABP Regression - 01a: Test Cases/ABP/Generic/Check Subsequent Inspection Exist]]></system-out>
      <system-err><![CDATA[]]></system-err>
   </testsuite>
</testsuites>
