<?xml version="1.0" encoding="UTF-8"?>
<testsuites name="ABP Regression - 37a" time="361" tests="11" failures="0" errors="0">
   <testsuite name="ABP Regression - 37a" tests="11" failures="0" errors="0" time="361" timestamp="2018-11-12 14:48:42" hostname="JHATFIELD - SNDFSMINFSRV001.defra.onmicrosoft.com" id="Test Suites/ABP/ABP Regression - 37a">
      <properties>
         <property name="deviceName" value=""/>
         <property name="devicePlatform" value=""/>
         <property name="logFolder" value="C:\\Users\\JHATFIELD\\git\\DEFRA-FSM_Automated_Regression_NEW\\Reports\\ABP\\ABP Regression - 37a\\20181112_125042"/>
         <property name="logFiles" value="C:\\Users\\JHATFIELD\\git\\DEFRA-FSM_Automated_Regression_NEW\\Reports\\ABP\\ABP Regression - 37a\\20181112_125042\\execution0.log"/>
         <property name="attachments" value="C:\\Users\\JHATFIELD\\git\\DEFRA-FSM_Automated_Regression_NEW\\Reports\\ABP\\ABP Regression - 37a\\20181112_125042\\1542034371527.png"/>
         <property name="hostName" value="JHATFIELD - SNDFSMINFSRV001.defra.onmicrosoft.com"/>
         <property name="os" value="Windows Server 2016 64bit"/>
         <property name="katalonVersion" value="5.8.4.14"/>
         <property name="browser" value="Chrome 70.0.3538.102"/>
         <property name="hostAddress" value="10.201.1.17"/>
         <property name="sessionId" value="8edf7e9186e13849ac3be7232fbe0d7e"/>
         <property name="seleniumVersion" value="3.7.1"/>
         <property name="proxyInformation" value="ProxyInformation{proxyOption=NO_PROXY, proxyServerType=HTTP, password=, proxyServerAddress=, proxyServerPort=0}"/>
         <property name="platform" value="Windows Server 2016"/>
      </properties>
      <testcase name="Test Cases/Generic/Launch Job Manager Control Centre" classname="Test Cases/Generic/Launch Job Manager Control Centre" status="PASSED">
         <system-out><![CDATA[2018-11-12 14:48:43 - [TEST_CASE][PASSED] - Test Cases/Generic/Launch Job Manager Control Centre: Test Cases/Generic/Launch Job Manager Control Centre

2018-11-12 14:48:44 - [TEST_STEP][PASSED] - openBrowser: Browser is opened with url: ''

2018-11-12 14:48:50 - [MESSAGE][PASSED] - Browser is opened with url: ''

2018-11-12 14:48:50 - [TEST_STEP][PASSED] - navigateToUrl: Navigate to 'https://kirona-def-6.kirona.com/jmprep/login#!loginView' successfully

2018-11-12 14:48:51 - [MESSAGE][PASSED] - Navigate to 'https://kirona-def-6.kirona.com/jmprep/login#!loginView' successfully

2018-11-12 14:48:51 - [TEST_STEP][PASSED] - setText: Text 'jon.hatfield' is set on object 'Object Repository/FSM1/Control Centre/Page_Job Manager Login/input_gwt-uid-3'

2018-11-12 14:48:53 - [MESSAGE][PASSED] - Text 'jon.hatfield' is set on object 'Object Repository/FSM1/Control Centre/Page_Job Manager Login/input_gwt-uid-3'

2018-11-12 14:48:53 - [TEST_STEP][PASSED] - setText: Text 'Fr@nc1sJ0n' is set on object 'Object Repository/FSM1/Control Centre/Page_Job Manager Login/input_gwt-uid-5'

2018-11-12 14:48:53 - [MESSAGE][PASSED] - Text 'Fr@nc1sJ0n' is set on object 'Object Repository/FSM1/Control Centre/Page_Job Manager Login/input_gwt-uid-5'

2018-11-12 14:48:53 - [TEST_STEP][PASSED] - click: Object: 'Object Repository/FSM1/PreProd/Page_Job Manager Login/div_Login' is clicked on

2018-11-12 14:48:53 - [MESSAGE][PASSED] - Object: 'Object Repository/FSM1/PreProd/Page_Job Manager Login/div_Login' is clicked on

2018-11-12 14:48:53 - [TEST_STEP][PASSED] - delay: Delayed 5 second(s)

2018-11-12 14:48:58 - [MESSAGE][PASSED] - Delayed 5 second(s)]]></system-out>
         <system-err><![CDATA[]]></system-err>
      </testcase>
      <testcase name="Test Cases/ABP/Generic/Create ABP Inspection - Manual Assignment" classname="Test Cases/ABP/Generic/Create ABP Inspection - Manual Assignment" status="PASSED">
         <system-out><![CDATA[2018-11-12 14:48:58 - [TEST_CASE][PASSED] - Test Cases/ABP/Generic/Create ABP Inspection - Manual Assignment: Test Cases/ABP/Generic/Create ABP Inspection - Manual Assignment

2018-11-12 14:48:59 - [TEST_STEP][PASSED] - Statement - log = new com.kms.katalon.core.logging.KeywordLogger(): null

2018-11-12 14:48:59 - [TEST_STEP][PASSED] - click: Object: 'Object Repository/FSM1/Create ABP Inspection Manual Ass/Page_JM Control Centre/Page_JM Control Centre/Page_JM Control Centre/div_Create' is clicked on

2018-11-12 14:48:59 - [MESSAGE][PASSED] - Object: 'Object Repository/FSM1/Create ABP Inspection Manual Ass/Page_JM Control Centre/Page_JM Control Centre/Page_JM Control Centre/div_Create' is clicked on

2018-11-12 14:48:59 - [TEST_STEP][PASSED] - click: Object: 'Object Repository/FSM1/Create ABP Inspection Manual Ass/Page_JM Control Centre/Page_JM Control Centre/Page_JM Control Centre/div_v-filterselect-button' is clicked on

2018-11-12 14:49:01 - [MESSAGE][PASSED] - Object: 'Object Repository/FSM1/Create ABP Inspection Manual Ass/Page_JM Control Centre/Page_JM Control Centre/Page_JM Control Centre/div_v-filterselect-button' is clicked on

2018-11-12 14:49:01 - [TEST_STEP][PASSED] - setText: Text 'ABPR37' is set on object 'Object Repository/FSM1/Create ABP Inspection Manual Ass/Page_JM Control Centre/Page_JM Control Centre/Page_JM Control Centre/input_gwt-uid-8'

2018-11-12 14:49:02 - [MESSAGE][PASSED] - Text 'ABPR37' is set on object 'Object Repository/FSM1/Create ABP Inspection Manual Ass/Page_JM Control Centre/Page_JM Control Centre/Page_JM Control Centre/input_gwt-uid-8'

2018-11-12 14:49:02 - [TEST_STEP][PASSED] - Statement - ABPInspectionTypeJ = com.kms.katalon.core.webui.keyword.WebUiBuiltInKeywords.modifyObjectProperty(com.kms.katalon.core.testobject.ObjectRepository.findTestObject(Object Repository/FSM1/Create ABP Inspection Manual Ass/Page_JM Control Centre/Page_JM Control Centre/Page_JM Control Centre/span_ABPR01A - Composting and), "text", "equals", ABPInspectionType, true): Modify property of object successfully

2018-11-12 14:49:02 - [MESSAGE][PASSED] - Modify property of object successfully

2018-11-12 14:49:02 - [TEST_STEP][PASSED] - click: Object: 'Object Repository/FSM1/Create ABP Inspection Manual Ass/Page_JM Control Centre/Page_JM Control Centre/Page_JM Control Centre/span_ABPR01A - Composting and' is clicked on

2018-11-12 14:49:03 - [MESSAGE][PASSED] - Object: 'Object Repository/FSM1/Create ABP Inspection Manual Ass/Page_JM Control Centre/Page_JM Control Centre/Page_JM Control Centre/span_ABPR01A - Composting and' is clicked on

2018-11-12 14:49:03 - [TEST_STEP][PASSED] - click: Object: 'Object Repository/FSM1/Create ABP Inspection Manual Ass/Page_JM Control Centre/Page_JM Control Centre/Page_JM Control Centre/div_v-filterselect-button_1' is clicked on

2018-11-12 14:49:05 - [MESSAGE][PASSED] - Object: 'Object Repository/FSM1/Create ABP Inspection Manual Ass/Page_JM Control Centre/Page_JM Control Centre/Page_JM Control Centre/div_v-filterselect-button_1' is clicked on

2018-11-12 14:49:05 - [TEST_STEP][PASSED] - click: Object: 'Object Repository/FSM1/Create ABP Inspection Manual Ass/Page_JM Control Centre/Page_JM Control Centre/Page_JM Control Centre/span_24 Hours' is clicked on

2018-11-12 14:49:05 - [MESSAGE][PASSED] - Object: 'Object Repository/FSM1/Create ABP Inspection Manual Ass/Page_JM Control Centre/Page_JM Control Centre/Page_JM Control Centre/span_24 Hours' is clicked on

2018-11-12 14:49:05 - [TEST_STEP][PASSED] - click: Object: 'Object Repository/FSM1/Create ABP Inspection Manual Ass/Page_JM Control Centre/Page_JM Control Centre/Page_JM Control Centre/div_Region_v-filterselect-butt' is clicked on

2018-11-12 14:49:06 - [MESSAGE][PASSED] - Object: 'Object Repository/FSM1/Create ABP Inspection Manual Ass/Page_JM Control Centre/Page_JM Control Centre/Page_JM Control Centre/div_Region_v-filterselect-butt' is clicked on

2018-11-12 14:49:06 - [TEST_STEP][PASSED] - click: Object: 'Object Repository/FSM1/Create ABP Inspection Manual Ass/Page_JM Control Centre/Page_JM Control Centre/Page_JM Control Centre/td_West' is clicked on

2018-11-12 14:49:06 - [MESSAGE][PASSED] - Object: 'Object Repository/FSM1/Create ABP Inspection Manual Ass/Page_JM Control Centre/Page_JM Control Centre/Page_JM Control Centre/td_West' is clicked on

2018-11-12 14:49:06 - [TEST_STEP][PASSED] - click: Object: 'Object Repository/FSM1/Create ABP Inspection Manual Ass/Page_JM Control Centre/Page_JM Control Centre/Page_JM Control Centre/div_Plant Type_v-filterselect-' is clicked on

2018-11-12 14:49:07 - [MESSAGE][PASSED] - Object: 'Object Repository/FSM1/Create ABP Inspection Manual Ass/Page_JM Control Centre/Page_JM Control Centre/Page_JM Control Centre/div_Plant Type_v-filterselect-' is clicked on

2018-11-12 14:49:07 - [TEST_STEP][PASSED] - click: Object: 'Object Repository/FSM1/Create ABP Inspection Manual Ass/Page_JM Control Centre/Page_JM Control Centre/Page_JM Control Centre/td_SECTION I Intermediate Acti' is clicked on

2018-11-12 14:49:07 - [MESSAGE][PASSED] - Object: 'Object Repository/FSM1/Create ABP Inspection Manual Ass/Page_JM Control Centre/Page_JM Control Centre/Page_JM Control Centre/td_SECTION I Intermediate Acti' is clicked on

2018-11-12 14:49:07 - [TEST_STEP][PASSED] - click: Object: 'Object Repository/FSM1/Create ABP Inspection Manual Ass/Page_JM Control Centre/Page_JM Control Centre/Page_JM Control Centre/div_Inspection Type_v-filterse' is clicked on

2018-11-12 14:49:08 - [MESSAGE][PASSED] - Object: 'Object Repository/FSM1/Create ABP Inspection Manual Ass/Page_JM Control Centre/Page_JM Control Centre/Page_JM Control Centre/div_Inspection Type_v-filterse' is clicked on

2018-11-12 14:49:08 - [TEST_STEP][PASSED] - click: Object: 'Object Repository/FSM1/Create ABP Inspection Manual Ass/Page_JM Control Centre/Page_JM Control Centre/Page_JM Control Centre/td_Routine' is clicked on

2018-11-12 14:49:08 - [MESSAGE][PASSED] - Object: 'Object Repository/FSM1/Create ABP Inspection Manual Ass/Page_JM Control Centre/Page_JM Control Centre/Page_JM Control Centre/td_Routine' is clicked on

2018-11-12 14:49:08 - [TEST_STEP][PASSED] - click: Object: 'Object Repository/FSM1/Create ABP Inspection Manual Ass/Page_JM Control Centre/Page_JM Control Centre/Page_JM Control Centre/div_Inspector Grade Required_v' is clicked on

2018-11-12 14:49:08 - [MESSAGE][PASSED] - Object: 'Object Repository/FSM1/Create ABP Inspection Manual Ass/Page_JM Control Centre/Page_JM Control Centre/Page_JM Control Centre/div_Inspector Grade Required_v' is clicked on

2018-11-12 14:49:08 - [TEST_STEP][PASSED] - click: Object: 'Object Repository/FSM1/Create ABP Inspection Manual Ass/Page_JM Control Centre/Page_JM Control Centre/Page_JM Control Centre/td_Tech' is clicked on

2018-11-12 14:49:09 - [MESSAGE][PASSED] - Object: 'Object Repository/FSM1/Create ABP Inspection Manual Ass/Page_JM Control Centre/Page_JM Control Centre/Page_JM Control Centre/td_Tech' is clicked on

2018-11-12 14:49:09 - [TEST_STEP][PASSED] - click: Object: 'Object Repository/FSM1/Create ABP Inspection Manual Ass/Page_JM Control Centre/Page_JM Control Centre/Page_JM Control Centre/div_Sequence within Inspection' is clicked on

2018-11-12 14:49:09 - [MESSAGE][PASSED] - Object: 'Object Repository/FSM1/Create ABP Inspection Manual Ass/Page_JM Control Centre/Page_JM Control Centre/Page_JM Control Centre/div_Sequence within Inspection' is clicked on

2018-11-12 14:49:09 - [TEST_STEP][PASSED] - click: Object: 'Object Repository/FSM1/Create ABP Inspection Manual Ass/Page_JM Control Centre/Page_JM Control Centre/Page_JM Control Centre/td_2 - Tech' is clicked on

2018-11-12 14:49:10 - [MESSAGE][PASSED] - Object: 'Object Repository/FSM1/Create ABP Inspection Manual Ass/Page_JM Control Centre/Page_JM Control Centre/Page_JM Control Centre/td_2 - Tech' is clicked on

2018-11-12 14:49:10 - [TEST_STEP][PASSED] - setText: Text '75044' is set on object 'Object Repository/FSM1/Create ABP Inspection Manual Ass/Page_JM Control Centre/Page_JM Control Centre/Page_JM Control Centre/input_Customer ID_gwt-uid-40'

2018-11-12 14:49:10 - [MESSAGE][PASSED] - Text '75044' is set on object 'Object Repository/FSM1/Create ABP Inspection Manual Ass/Page_JM Control Centre/Page_JM Control Centre/Page_JM Control Centre/input_Customer ID_gwt-uid-40'

2018-11-12 14:49:10 - [TEST_STEP][PASSED] - setText: Text '06676' is set on object 'Object Repository/FSM1/Create ABP Inspection Manual Ass/Page_JM Control Centre/Page_JM Control Centre/Page_JM Control Centre/input_Unit ID_gwt-uid-42'

2018-11-12 14:49:10 - [MESSAGE][PASSED] - Text '06676' is set on object 'Object Repository/FSM1/Create ABP Inspection Manual Ass/Page_JM Control Centre/Page_JM Control Centre/Page_JM Control Centre/input_Unit ID_gwt-uid-42'

2018-11-12 14:49:10 - [TEST_STEP][PASSED] - setText: Text 'Test Automation' is set on object 'Object Repository/FSM1/Create ABP Inspection Manual Ass/Page_JM Control Centre/Page_JM Control Centre/Page_JM Control Centre/input_Customer Name_gwt-uid-44'

2018-11-12 14:49:11 - [MESSAGE][PASSED] - Text 'Test Automation' is set on object 'Object Repository/FSM1/Create ABP Inspection Manual Ass/Page_JM Control Centre/Page_JM Control Centre/Page_JM Control Centre/input_Customer Name_gwt-uid-44'

2018-11-12 14:49:11 - [TEST_STEP][PASSED] - click: Object: 'Object Repository/FSM1/Create ABP Inspection Manual Ass/Page_JM Control Centre/Page_JM Control Centre/Page_JM Control Centre/span_' is clicked on

2018-11-12 14:49:11 - [MESSAGE][PASSED] - Object: 'Object Repository/FSM1/Create ABP Inspection Manual Ass/Page_JM Control Centre/Page_JM Control Centre/Page_JM Control Centre/span_' is clicked on

2018-11-12 14:49:11 - [TEST_STEP][PASSED] - click: Object: 'Object Repository/FSM1/Create ABP Inspection Manual Ass/Page_JM Control Centre/Page_JM Control Centre/Page_JM Control Centre/Postcode Search' is clicked on

2018-11-12 14:49:13 - [MESSAGE][PASSED] - Object: 'Object Repository/FSM1/Create ABP Inspection Manual Ass/Page_JM Control Centre/Page_JM Control Centre/Page_JM Control Centre/Postcode Search' is clicked on

2018-11-12 14:49:13 - [TEST_STEP][PASSED] - setText: Text 'WR5 2NQ' is set on object 'Object Repository/FSM1/Create ABP Inspection Manual Ass/Page_JM Control Centre/Page_JM Control Centre/Page_JM Control Centre/PostcodeSearch'

2018-11-12 14:49:14 - [MESSAGE][PASSED] - Text 'WR5 2NQ' is set on object 'Object Repository/FSM1/Create ABP Inspection Manual Ass/Page_JM Control Centre/Page_JM Control Centre/Page_JM Control Centre/PostcodeSearch'

2018-11-12 14:49:14 - [TEST_STEP][PASSED] - click: Object: 'Object Repository/FSM1/Control Centre/Create EMI Inspection/Create Address/Page_JM Control Centre (1)/SearchButton' is clicked on

2018-11-12 14:49:14 - [MESSAGE][PASSED] - Object: 'Object Repository/FSM1/Control Centre/Create EMI Inspection/Create Address/Page_JM Control Centre (1)/SearchButton' is clicked on

2018-11-12 14:49:14 - [TEST_STEP][PASSED] - Statement - FullAddress = com.kms.katalon.core.webui.keyword.WebUiBuiltInKeywords.modifyObjectProperty(com.kms.katalon.core.testobject.ObjectRepository.findTestObject(Object Repository/FSM1/Create ABP Inspection Manual Ass/Page_JM Control Centre/Page_JM Control Centre/Page_JM Control Centre/Address), "text", "equals", com.kms.katalon.core.testdata.TestDataFactory.findTestData(Pre Production/ABP/ABP Inspection Data 01a).getValue(3, 1), true): Modify property of object successfully

2018-11-12 14:49:14 - [MESSAGE][PASSED] - Modify property of object successfully

2018-11-12 14:49:14 - [TEST_STEP][PASSED] - click: Object: 'Object Repository/FSM1/Create ABP Inspection Manual Ass/Page_JM Control Centre/Page_JM Control Centre/Page_JM Control Centre/Address' is clicked on

2018-11-12 14:49:15 - [MESSAGE][PASSED] - Object: 'Object Repository/FSM1/Create ABP Inspection Manual Ass/Page_JM Control Centre/Page_JM Control Centre/Page_JM Control Centre/Address' is clicked on

2018-11-12 14:49:15 - [TEST_STEP][PASSED] - click: Object: 'Object Repository/FSM1/Control Centre/Create EMI Inspection/Create Address/Page_JM Control Centre (2)/div_Add Selected Item' is clicked on

2018-11-12 14:49:16 - [MESSAGE][PASSED] - Object: 'Object Repository/FSM1/Control Centre/Create EMI Inspection/Create Address/Page_JM Control Centre (2)/div_Add Selected Item' is clicked on

2018-11-12 14:49:16 - [TEST_STEP][PASSED] - delay: Delayed 2 second(s)

2018-11-12 14:49:18 - [MESSAGE][PASSED] - Delayed 2 second(s)

2018-11-12 14:49:18 - [TEST_STEP][PASSED] - click: Object: 'Object Repository/FSM1/Control Centre/Create EMI Inspection/Finish/Page_JM Control Centre (3)/div_Create' is clicked on

2018-11-12 14:49:18 - [MESSAGE][PASSED] - Object: 'Object Repository/FSM1/Control Centre/Create EMI Inspection/Finish/Page_JM Control Centre (3)/div_Create' is clicked on

2018-11-12 14:49:18 - [TEST_STEP][PASSED] - waitForElementPresent: Object 'Object Repository/FSM1/Create ABP Inspection Manual Ass/Page_JM Control Centre/Page_JM Control Centre/Page_JM Control Centre/div_APPROVED' is present

2018-11-12 14:49:23 - [MESSAGE][PASSED] - Object 'Object Repository/FSM1/Create ABP Inspection Manual Ass/Page_JM Control Centre/Page_JM Control Centre/Page_JM Control Centre/div_APPROVED' is present

2018-11-12 14:49:23 - [TEST_STEP][PASSED] - click: Object: 'Object Repository/FSM1/Create ABP Inspection Manual Ass/Page_JM Control Centre/Page_JM Control Centre/Page_JM Control Centre/span_Schedule' is clicked on

2018-11-12 14:49:23 - [MESSAGE][PASSED] - Object: 'Object Repository/FSM1/Create ABP Inspection Manual Ass/Page_JM Control Centre/Page_JM Control Centre/Page_JM Control Centre/span_Schedule' is clicked on

2018-11-12 14:49:23 - [TEST_STEP][PASSED] - click: Object: 'Object Repository/FSM1/Create ABP Inspection Manual Ass/Page_JM Control Centre/Page_JM Control Centre/Page_JM Control Centre/label_Manual Ownership' is clicked on

2018-11-12 14:49:27 - [MESSAGE][PASSED] - Object: 'Object Repository/FSM1/Create ABP Inspection Manual Ass/Page_JM Control Centre/Page_JM Control Centre/Page_JM Control Centre/label_Manual Ownership' is clicked on

2018-11-12 14:49:27 - [TEST_STEP][PASSED] - setText: Text 'test' is set on object 'Object Repository/FSM1/Create ABP Inspection Manual Ass/Page_JM Control Centre/Page_JM Control Centre/Page_JM Control Centre/input_Owner_gwt-uid-311 (3)'

2018-11-12 14:49:29 - [MESSAGE][PASSED] - Text 'test' is set on object 'Object Repository/FSM1/Create ABP Inspection Manual Ass/Page_JM Control Centre/Page_JM Control Centre/Page_JM Control Centre/input_Owner_gwt-uid-311 (3)'

2018-11-12 14:49:29 - [TEST_STEP][PASSED] - click: Object: 'Object Repository/FSM1/Create ABP Inspection Manual Ass/Page_JM Control Centre/Page_JM Control Centre/Page_JM Control Centre/span_Test Inspector' is clicked on

2018-11-12 14:49:29 - [MESSAGE][PASSED] - Object: 'Object Repository/FSM1/Create ABP Inspection Manual Ass/Page_JM Control Centre/Page_JM Control Centre/Page_JM Control Centre/span_Test Inspector' is clicked on

2018-11-12 14:49:29 - [TEST_STEP][NOT_RUN] - setText: NOT_RUN: setText

2018-11-12 14:49:29 - [MESSAGE][NOT_RUN] - NOT_RUN: setText

2018-11-12 14:49:29 - [TEST_STEP][PASSED] - Statement - mydate = new java.util.Date(): null

2018-11-12 14:49:29 - [TEST_STEP][PASSED] - Statement - tomorrow = mydate.next(): null

2018-11-12 14:49:29 - [TEST_STEP][PASSED] - Statement - formattedDate = tomorrow.format("dd-MMM-yyyy"): null

2018-11-12 14:49:29 - [TEST_STEP][PASSED] - setText: Text '13-Nov-2018' is set on object 'Object Repository/FSM1/Create ABP Inspection Manual Ass/Page_JM Control Centre/Page_JM Control Centre/Page_JM Control Centre/input_From date_gwt-uid-504 (10)'

2018-11-12 14:49:31 - [MESSAGE][PASSED] - Text '13-Nov-2018' is set on object 'Object Repository/FSM1/Create ABP Inspection Manual Ass/Page_JM Control Centre/Page_JM Control Centre/Page_JM Control Centre/input_From date_gwt-uid-504 (10)'

2018-11-12 14:49:31 - [TEST_STEP][PASSED] - setText: Text '13-Nov-2018' is set on object 'Object Repository/FSM1/Create ABP Inspection Manual Ass/Page_JM Control Centre/Page_JM Control Centre/Page_JM Control Centre/input_Due date_gwt-uid-506 (11)'

2018-11-12 14:49:32 - [MESSAGE][PASSED] - Text '13-Nov-2018' is set on object 'Object Repository/FSM1/Create ABP Inspection Manual Ass/Page_JM Control Centre/Page_JM Control Centre/Page_JM Control Centre/input_Due date_gwt-uid-506 (11)'

2018-11-12 14:49:32 - [TEST_STEP][PASSED] - click: Object: 'Object Repository/FSM1/Create ABP Inspection Manual Ass/Page_JM Control Centre/Page_JM Control Centre/Page_JM Control Centre/div_Allocate' is clicked on

2018-11-12 14:49:32 - [MESSAGE][PASSED] - Object: 'Object Repository/FSM1/Create ABP Inspection Manual Ass/Page_JM Control Centre/Page_JM Control Centre/Page_JM Control Centre/div_Allocate' is clicked on

2018-11-12 14:49:33 - [TEST_STEP][PASSED] - Statement - InspectionID = com.kms.katalon.core.webui.keyword.WebUiBuiltInKeywords.getText(com.kms.katalon.core.testobject.ObjectRepository.findTestObject(Object Repository/FSM1/Create ABP Inspection Manual Ass/Page_JM Control Centre/Page_JM Control Centre/Page_JM Control Centre/InspectionID)): Text of object 'Object Repository/FSM1/Create ABP Inspection Manual Ass/Page_JM Control Centre/Page_JM Control Centre/Page_JM Control Centre/InspectionID' is: 'Viewing Job 90956'

2018-11-12 14:49:33 - [MESSAGE][PASSED] - Text of object 'Object Repository/FSM1/Create ABP Inspection Manual Ass/Page_JM Control Centre/Page_JM Control Centre/Page_JM Control Centre/InspectionID' is: 'Viewing Job 90956'

2018-11-12 14:49:33 - [TEST_STEP][PASSED] - Statement - InspectionID = InspectionID.replaceAll("Viewing Job ", ""): null

2018-11-12 14:49:33 - [TEST_STEP][PASSED] - Statement - log.logWarning(InspectionID): 90956

2018-11-12 14:49:33 - [MESSAGE][WARNING] - 90956

2018-11-12 14:49:33 - [TEST_STEP][PASSED] - Statement - temp = InspectionID: null

2018-11-12 14:49:33 - [TEST_STEP][PASSED] - delay: Delayed 90 second(s)

2018-11-12 14:51:03 - [MESSAGE][PASSED] - Delayed 90 second(s)]]></system-out>
         <system-err><![CDATA[]]></system-err>
      </testcase>
      <testcase name="Test Cases/Generic/Launch Job Manager" classname="Test Cases/Generic/Launch Job Manager" status="PASSED">
         <system-out><![CDATA[2018-11-12 14:51:03 - [TEST_CASE][PASSED] - Test Cases/Generic/Launch Job Manager: Test Cases/Generic/Launch Job Manager

2018-11-12 14:51:04 - [TEST_STEP][PASSED] - openBrowser: Browser is opened with url: ''

2018-11-12 14:51:04 - [MESSAGE][WARNING] - A browser is already opened. Closing browser and opening a new one

2018-11-12 14:51:07 - [MESSAGE][PASSED] - Browser is opened with url: ''

2018-11-12 14:51:07 - [TEST_STEP][PASSED] - navigateToUrl: Navigate to 'https://kirona-def-6.kirona.com/jmprep/jclient/jclient.html' successfully

2018-11-12 14:51:08 - [MESSAGE][PASSED] - Navigate to 'https://kirona-def-6.kirona.com/jmprep/jclient/jclient.html' successfully

2018-11-12 14:51:08 - [TEST_STEP][PASSED] - setText: Text 'KIR1' is set on object 'Object Repository/FSM1/Launch Application/Page_JClient/input_gwt-TextBox GKH2EKQBMDB'

2018-11-12 14:51:10 - [MESSAGE][PASSED] - Text 'KIR1' is set on object 'Object Repository/FSM1/Launch Application/Page_JClient/input_gwt-TextBox GKH2EKQBMDB'

2018-11-12 14:51:10 - [TEST_STEP][PASSED] - sendKeys: Keys 'ENTER + ' sent to object: 'Object Repository/FSM1/Launch Application/Page_JClient/input_gwt-TextBox GKH2EKQBMDB'

2018-11-12 14:51:11 - [MESSAGE][PASSED] - Keys 'ENTER + ' sent to object: 'Object Repository/FSM1/Launch Application/Page_JClient/input_gwt-TextBox GKH2EKQBMDB'

2018-11-12 14:51:11 - [TEST_STEP][PASSED] - click: Object: 'Object Repository/FSM1/Launch Application/Page_JClient/div_Configure App' is clicked on

2018-11-12 14:51:11 - [MESSAGE][PASSED] - Object: 'Object Repository/FSM1/Launch Application/Page_JClient/div_Configure App' is clicked on

2018-11-12 14:51:11 - [TEST_STEP][PASSED] - setText: Text 'test.inspector' is set on object 'Object Repository/FSM1/Launch Application/Page_JClient/input_gwt-TextBox GKH2EKQBNHC'

2018-11-12 14:51:12 - [MESSAGE][PASSED] - Text 'test.inspector' is set on object 'Object Repository/FSM1/Launch Application/Page_JClient/input_gwt-TextBox GKH2EKQBNHC'

2018-11-12 14:51:12 - [TEST_STEP][PASSED] - setText: Text 'Password1.' is set on object 'Object Repository/FSM1/Launch Application/Page_JClient/input_gwt-PasswordTextBox GKH2'

2018-11-12 14:51:12 - [MESSAGE][PASSED] - Text 'Password1.' is set on object 'Object Repository/FSM1/Launch Application/Page_JClient/input_gwt-PasswordTextBox GKH2'

2018-11-12 14:51:12 - [TEST_STEP][PASSED] - click: Object: 'Object Repository/FSM1/Launch Application/Page_JClient/div_Sign In' is clicked on

2018-11-12 14:51:12 - [MESSAGE][PASSED] - Object: 'Object Repository/FSM1/Launch Application/Page_JClient/div_Sign In' is clicked on

2018-11-12 14:51:12 - [TEST_STEP][PASSED] - delay: Delayed 15 second(s)

2018-11-12 14:51:27 - [MESSAGE][PASSED] - Delayed 15 second(s)]]></system-out>
         <system-err><![CDATA[]]></system-err>
      </testcase>
      <testcase name="Test Cases/Generic/Select Inspection" classname="Test Cases/Generic/Select Inspection" status="PASSED">
         <system-out><![CDATA[2018-11-12 14:51:27 - [TEST_CASE][PASSED] - Test Cases/Generic/Select Inspection: Test Cases/Generic/Select Inspection

2018-11-12 14:51:28 - [TEST_STEP][PASSED] - delay: Delayed 30 second(s)

2018-11-12 14:51:58 - [MESSAGE][PASSED] - Delayed 30 second(s)

2018-11-12 14:51:58 - [TEST_STEP][PASSED] - waitForElementClickable: Object 'Object Repository/FSM1/Select Inspection/Landing/Refresh' is clickable

2018-11-12 14:51:58 - [MESSAGE][PASSED] - Object 'Object Repository/FSM1/Select Inspection/Landing/Refresh' is clickable

2018-11-12 14:51:58 - [TEST_STEP][PASSED] - click: Object: 'Object Repository/FSM1/Select Inspection/Landing/Refresh' is clicked on

2018-11-12 14:51:58 - [MESSAGE][PASSED] - Object: 'Object Repository/FSM1/Select Inspection/Landing/Refresh' is clicked on

2018-11-12 14:51:58 - [TEST_STEP][PASSED] - waitForElementClickable: Object 'Object Repository/FSM1/Select Inspection/Landing/Refresh' is clickable

2018-11-12 14:51:59 - [MESSAGE][PASSED] - Object 'Object Repository/FSM1/Select Inspection/Landing/Refresh' is clickable

2018-11-12 14:51:59 - [TEST_STEP][NOT_RUN] - delay: NOT_RUN: delay

2018-11-12 14:51:59 - [MESSAGE][NOT_RUN] - NOT_RUN: delay

2018-11-12 14:51:59 - [TEST_STEP][PASSED] - Statement - InspectionRef = com.kms.katalon.core.webui.keyword.WebUiBuiltInKeywords.modifyObjectProperty(com.kms.katalon.core.testobject.ObjectRepository.findTestObject(FSM1/Select Inspection/Landing/Page_JClient/div_35098), "text", "equals", temp, true, STOP_ON_FAILURE): Modify property of object successfully

2018-11-12 14:51:59 - [MESSAGE][PASSED] - Modify property of object successfully

2018-11-12 14:51:59 - [TEST_STEP][PASSED] - delay: Delayed 20 second(s)

2018-11-12 14:52:19 - [MESSAGE][PASSED] - Delayed 20 second(s)

2018-11-12 14:52:19 - [TEST_STEP][PASSED] - Statement - If (com.kms.katalon.core.webui.keyword.WebUiBuiltInKeywords.verifyElementPresent(InspectionRef, 30, OPTIONAL)): com.kms.katalon.core.webui.exception.WebElementNotFoundException: Web element with id: 'Object Repository/FSM1/Select Inspection/Landing/Page_JClient/div_35098' located by 'By.xpath: //div[(text() = '90956' or . = '90956')]' not found

2018-11-12 14:52:52 - [MESSAGE][WARNING] - com.kms.katalon.core.webui.exception.WebElementNotFoundException: Web element with id: 'Object Repository/FSM1/Select Inspection/Landing/Page_JClient/div_35098' located by 'By.xpath: //div[(text() = '90956' or . = '90956')]' not found
[[ATTACHMENT|C:\\Users\\JHATFIELD\\git\\DEFRA-FSM_Automated_Regression_NEW\\Reports\\ABP\\ABP Regression - 37a\\20181112_125042\\1542034371527.png]]

2018-11-12 14:52:52 - [TEST_STEP][PASSED] - Statement - Else: Object: 'Object Repository/FSM1/Select Inspection/Landing/Page_JClient/div_35098' is clicked on

2018-11-12 14:52:52 - [TEST_STEP][PASSED] - click: Object: 'Object Repository/FSM1/Select Inspection/Landing/Page_JClient (1)/2 Days' is clicked on

2018-11-12 14:52:52 - [MESSAGE][PASSED] - Object: 'Object Repository/FSM1/Select Inspection/Landing/Page_JClient (1)/2 Days' is clicked on

2018-11-12 14:52:52 - [TEST_STEP][PASSED] - delay: Delayed 3 second(s)

2018-11-12 14:52:55 - [MESSAGE][PASSED] - Delayed 3 second(s)

2018-11-12 14:52:55 - [TEST_STEP][PASSED] - click: Object: 'Object Repository/FSM1/Select Inspection/Landing/Page_JClient/div_35098' is clicked on

2018-11-12 14:52:55 - [MESSAGE][PASSED] - Object: 'Object Repository/FSM1/Select Inspection/Landing/Page_JClient/div_35098' is clicked on

2018-11-12 14:52:55 - [TEST_STEP][PASSED] - click: Object: 'Object Repository/FSM1/Select Inspection/Page_JClient/div_WITH OPERATIVE' is clicked on

2018-11-12 14:52:56 - [MESSAGE][PASSED] - Object: 'Object Repository/FSM1/Select Inspection/Page_JClient/div_WITH OPERATIVE' is clicked on

2018-11-12 14:52:56 - [TEST_STEP][PASSED] - delay: Delayed 2 second(s)

2018-11-12 14:52:58 - [MESSAGE][PASSED] - Delayed 2 second(s)

2018-11-12 14:52:58 - [TEST_STEP][PASSED] - click: Object: 'Object Repository/FSM1/Select Inspection/Page_JClient/div_TRAVELLING' is clicked on

2018-11-12 14:52:58 - [MESSAGE][PASSED] - Object: 'Object Repository/FSM1/Select Inspection/Page_JClient/div_TRAVELLING' is clicked on

2018-11-12 14:52:58 - [TEST_STEP][PASSED] - delay: Delayed 2 second(s)

2018-11-12 14:53:00 - [MESSAGE][PASSED] - Delayed 2 second(s)

2018-11-12 14:53:00 - [TEST_STEP][PASSED] - click: Object: 'Object Repository/FSM1/Select Inspection/Page_JClient/div_TRAVELLING' is clicked on

2018-11-12 14:53:00 - [MESSAGE][PASSED] - Object: 'Object Repository/FSM1/Select Inspection/Page_JClient/div_TRAVELLING' is clicked on

2018-11-12 14:53:00 - [TEST_STEP][PASSED] - delay: Delayed 2 second(s)

2018-11-12 14:53:02 - [MESSAGE][PASSED] - Delayed 2 second(s)

2018-11-12 14:53:02 - [TEST_STEP][PASSED] - click: Object: 'Object Repository/FSM1/Select Inspection/Page_JClient/div_ARRIVED' is clicked on

2018-11-12 14:53:03 - [MESSAGE][PASSED] - Object: 'Object Repository/FSM1/Select Inspection/Page_JClient/div_ARRIVED' is clicked on

2018-11-12 14:53:03 - [TEST_STEP][PASSED] - delay: Delayed 2 second(s)

2018-11-12 14:53:05 - [MESSAGE][PASSED] - Delayed 2 second(s)

2018-11-12 14:53:05 - [TEST_STEP][PASSED] - click: Object: 'Object Repository/FSM1/Select Inspection/Page_JClient/div_ARRIVED' is clicked on

2018-11-12 14:53:05 - [MESSAGE][PASSED] - Object: 'Object Repository/FSM1/Select Inspection/Page_JClient/div_ARRIVED' is clicked on

2018-11-12 14:53:05 - [TEST_STEP][PASSED] - delay: Delayed 4 second(s)

2018-11-12 14:53:09 - [MESSAGE][PASSED] - Delayed 4 second(s)

2018-11-12 14:53:09 - [TEST_STEP][PASSED] - click: Object: 'Object Repository/FSM1/Select Inspection/Page_JClient/div_STARTED' is clicked on

2018-11-12 14:53:09 - [MESSAGE][PASSED] - Object: 'Object Repository/FSM1/Select Inspection/Page_JClient/div_STARTED' is clicked on

2018-11-12 14:53:09 - [TEST_STEP][PASSED] - delay: Delayed 2 second(s)

2018-11-12 14:53:11 - [MESSAGE][PASSED] - Delayed 2 second(s)]]></system-out>
         <system-err><![CDATA[]]></system-err>
      </testcase>
      <testcase name="Test Cases/ABP/ABPR37a/Complete ABP Inspection - Section A - 37, 190" classname="Test Cases/ABP/ABPR37a/Complete ABP Inspection - Section A - 37, 190" status="PASSED">
         <system-out><![CDATA[2018-11-12 14:53:11 - [TEST_CASE][PASSED] - Test Cases/ABP/ABPR37a/Complete ABP Inspection - Section A - 37, 190: Test Cases/ABP/ABPR37a/Complete ABP Inspection - Section A - 37, 190

2018-11-12 14:53:11 - [TEST_STEP][PASSED] - click: Object: 'Object Repository/FSM1/Complete ABP Inspection/ABPR34a - Inspection B/ABPR34a - Section A/Page_JClient/div_Section A Summary of Inspe' is clicked on

2018-11-12 14:53:12 - [MESSAGE][PASSED] - Object: 'Object Repository/FSM1/Complete ABP Inspection/ABPR34a - Inspection B/ABPR34a - Section A/Page_JClient/div_Section A Summary of Inspe' is clicked on

2018-11-12 14:53:12 - [TEST_STEP][PASSED] - delay: Delayed 3 second(s)

2018-11-12 14:53:15 - [MESSAGE][PASSED] - Delayed 3 second(s)

2018-11-12 14:53:15 - [TEST_STEP][PASSED] - click: Object: 'Object Repository/FSM1/Complete ABP Inspection/ABPR34a - Inspection B/ABPR34a - Section A/Page_JClient/input_Yes_radio_group_1' is clicked on

2018-11-12 14:53:15 - [MESSAGE][PASSED] - Object: 'Object Repository/FSM1/Complete ABP Inspection/ABPR34a - Inspection B/ABPR34a - Section A/Page_JClient/input_Yes_radio_group_1' is clicked on

2018-11-12 14:53:15 - [TEST_STEP][PASSED] - click: Object: 'Object Repository/FSM1/Complete ABP Inspection/ABPR34a - Inspection B/ABPR34a - Section A/Page_JClient/input_Yes_radio_group_2' is clicked on

2018-11-12 14:53:15 - [MESSAGE][PASSED] - Object: 'Object Repository/FSM1/Complete ABP Inspection/ABPR34a - Inspection B/ABPR34a - Section A/Page_JClient/input_Yes_radio_group_2' is clicked on

2018-11-12 14:53:15 - [TEST_STEP][PASSED] - click: Object: 'Object Repository/FSM1/Complete ABP Inspection/ABPR34a - Inspection B/ABPR34a - Section A/Page_JClient/input_Yes_radio_group_3' is clicked on

2018-11-12 14:53:15 - [MESSAGE][PASSED] - Object: 'Object Repository/FSM1/Complete ABP Inspection/ABPR34a - Inspection B/ABPR34a - Section A/Page_JClient/input_Yes_radio_group_3' is clicked on

2018-11-12 14:53:15 - [TEST_STEP][PASSED] - click: Object: 'Object Repository/FSM1/Complete ABP Inspection/ABPR34a - Inspection B/ABPR34a - Section A/Page_JClient/input_Yes_radio_group_4' is clicked on

2018-11-12 14:53:15 - [MESSAGE][PASSED] - Object: 'Object Repository/FSM1/Complete ABP Inspection/ABPR34a - Inspection B/ABPR34a - Section A/Page_JClient/input_Yes_radio_group_4' is clicked on

2018-11-12 14:53:15 - [TEST_STEP][PASSED] - click: Object: 'Object Repository/FSM1/Complete ABP Inspection/ABPR34a - Inspection B/ABPR34a - Section A/Page_JClient/input_Yes_radio_group_5' is clicked on

2018-11-12 14:53:16 - [MESSAGE][PASSED] - Object: 'Object Repository/FSM1/Complete ABP Inspection/ABPR34a - Inspection B/ABPR34a - Section A/Page_JClient/input_Yes_radio_group_5' is clicked on

2018-11-12 14:53:16 - [TEST_STEP][PASSED] - selectOptionByValue: All options with value 'S' are selected in object 'Object Repository/FSM1/Complete ABP Inspection/ABPR34a - Inspection B/ABPR34a - Section A/Page_JClient/Page_JClient/Operation'  using regular expression

2018-11-12 14:53:16 - [MESSAGE][PASSED] - All options with value 'S' are selected in object 'Object Repository/FSM1/Complete ABP Inspection/ABPR34a - Inspection B/ABPR34a - Section A/Page_JClient/Page_JClient/Operation'  using regular expression

2018-11-12 14:53:16 - [TEST_STEP][PASSED] - selectOptionByValue: All options with value 'S' are selected in object 'Object Repository/FSM1/Complete ABP Inspection/ABPR34a - Inspection B/ABPR34a - Section A/Page_JClient/Page_JClient/Records'  using regular expression

2018-11-12 14:53:16 - [MESSAGE][PASSED] - All options with value 'S' are selected in object 'Object Repository/FSM1/Complete ABP Inspection/ABPR34a - Inspection B/ABPR34a - Section A/Page_JClient/Page_JClient/Records'  using regular expression

2018-11-12 14:53:16 - [TEST_STEP][PASSED] - selectOptionByValue: All options with value 'S' are selected in object 'Object Repository/FSM1/Complete ABP Inspection/ABPR34a - Inspection B/ABPR34a - Section A/Page_JClient/Page_JClient/Structure'  using regular expression

2018-11-12 14:53:17 - [MESSAGE][PASSED] - All options with value 'S' are selected in object 'Object Repository/FSM1/Complete ABP Inspection/ABPR34a - Inspection B/ABPR34a - Section A/Page_JClient/Page_JClient/Structure'  using regular expression

2018-11-12 14:53:17 - [TEST_STEP][PASSED] - selectOptionByValue: All options with value 'S' are selected in object 'Object Repository/FSM1/Complete ABP Inspection/ABPR34a - Inspection B/ABPR34a - Section A/Page_JClient/Page_JClient/SRM'  using regular expression

2018-11-12 14:53:17 - [MESSAGE][PASSED] - All options with value 'S' are selected in object 'Object Repository/FSM1/Complete ABP Inspection/ABPR34a - Inspection B/ABPR34a - Section A/Page_JClient/Page_JClient/SRM'  using regular expression

2018-11-12 14:53:17 - [TEST_STEP][PASSED] - click: Object: 'Object Repository/FSM1/Complete ABP Inspection/ABPR34a - Inspection B/ABPR34a - Section A/Page_JClient/input_Yes_radio_group_14' is clicked on

2018-11-12 14:53:17 - [MESSAGE][PASSED] - Object: 'Object Repository/FSM1/Complete ABP Inspection/ABPR34a - Inspection B/ABPR34a - Section A/Page_JClient/input_Yes_radio_group_14' is clicked on

2018-11-12 14:53:17 - [TEST_STEP][PASSED] - click: Object: 'Object Repository/FSM1/Complete ABP Inspection/ABPR34a - Inspection B/ABPR34a - Section A/Page_JClient/input_Yes_radio_group_15' is clicked on

2018-11-12 14:53:17 - [MESSAGE][PASSED] - Object: 'Object Repository/FSM1/Complete ABP Inspection/ABPR34a - Inspection B/ABPR34a - Section A/Page_JClient/input_Yes_radio_group_15' is clicked on

2018-11-12 14:53:17 - [TEST_STEP][PASSED] - selectOptionByValue: All options with value 'Continue with current approval' are selected in object 'Object Repository/FSM1/Complete ABP Inspection/ABPR34a - Inspection B/ABPR34a - Section A/Page_JClient/select_(a) Continue with curre'  using regular expression

2018-11-12 14:53:17 - [MESSAGE][PASSED] - All options with value 'Continue with current approval' are selected in object 'Object Repository/FSM1/Complete ABP Inspection/ABPR34a - Inspection B/ABPR34a - Section A/Page_JClient/select_(a) Continue with curre'  using regular expression

2018-11-12 14:53:17 - [TEST_STEP][PASSED] - click: Object: 'Object Repository/FSM1/Complete ABP Inspection/ABPR34a - Inspection B/ABPR34a - Section A/Page_JClient/input_Yes_radio_group_16' is clicked on

2018-11-12 14:53:18 - [MESSAGE][PASSED] - Object: 'Object Repository/FSM1/Complete ABP Inspection/ABPR34a - Inspection B/ABPR34a - Section A/Page_JClient/input_Yes_radio_group_16' is clicked on

2018-11-12 14:53:18 - [TEST_STEP][PASSED] - click: Object: 'Object Repository/FSM1/Complete ABP Inspection/ABPR34a - Inspection B/ABPR34a - Section A/Page_JClient/input_Yes_radio_group_17' is clicked on

2018-11-12 14:53:18 - [MESSAGE][PASSED] - Object: 'Object Repository/FSM1/Complete ABP Inspection/ABPR34a - Inspection B/ABPR34a - Section A/Page_JClient/input_Yes_radio_group_17' is clicked on

2018-11-12 14:53:18 - [TEST_STEP][PASSED] - click: Object: 'Object Repository/FSM1/Complete ABP Inspection/ABPR34a - Inspection B/ABPR34a - Section A/Page_JClient/input_Yes_radio_group_18' is clicked on

2018-11-12 14:53:18 - [MESSAGE][PASSED] - Object: 'Object Repository/FSM1/Complete ABP Inspection/ABPR34a - Inspection B/ABPR34a - Section A/Page_JClient/input_Yes_radio_group_18' is clicked on

2018-11-12 14:53:18 - [TEST_STEP][PASSED] - click: Object: 'Object Repository/Complete ABPR37 - Section B/Page_JClient/Page_JClient/input_Yes_radio_group_19' is clicked on

2018-11-12 14:53:18 - [MESSAGE][PASSED] - Object: 'Object Repository/Complete ABPR37 - Section B/Page_JClient/Page_JClient/input_Yes_radio_group_19' is clicked on

2018-11-12 14:53:18 - [TEST_STEP][PASSED] - setText: Text '10' is set on object 'Object Repository/FSM1/Complete ABP Inspection/ABPR34a - Inspection B/ABPR34a - Section A/Page_JClient/input_Chargeable time (minutes'

2018-11-12 14:53:18 - [MESSAGE][PASSED] - Text '10' is set on object 'Object Repository/FSM1/Complete ABP Inspection/ABPR34a - Inspection B/ABPR34a - Section A/Page_JClient/input_Chargeable time (minutes'

2018-11-12 14:53:18 - [TEST_STEP][PASSED] - click: Object: 'Object Repository/FSM1/Complete ABP Inspection/ABPR34a - Inspection B/ABPR34a - Section A/Page_JClient/div_Save' is clicked on

2018-11-12 14:53:18 - [MESSAGE][PASSED] - Object: 'Object Repository/FSM1/Complete ABP Inspection/ABPR34a - Inspection B/ABPR34a - Section A/Page_JClient/div_Save' is clicked on]]></system-out>
         <system-err><![CDATA[]]></system-err>
      </testcase>
      <testcase name="Test Cases/ABP/ABPR37a/Complete ABP Inspection - Section B - 37" classname="Test Cases/ABP/ABPR37a/Complete ABP Inspection - Section B - 37" status="PASSED">
         <system-out><![CDATA[2018-11-12 14:53:18 - [TEST_CASE][PASSED] - Test Cases/ABP/ABPR37a/Complete ABP Inspection - Section B - 37: Test Cases/ABP/ABPR37a/Complete ABP Inspection - Section B - 37

2018-11-12 14:53:19 - [TEST_STEP][PASSED] - click: Object: 'Object Repository/Complete ABPR37 - Section B/Page_JClient/div_Section B Inspection Detai' is clicked on

2018-11-12 14:53:19 - [MESSAGE][PASSED] - Object: 'Object Repository/Complete ABPR37 - Section B/Page_JClient/div_Section B Inspection Detai' is clicked on

2018-11-12 14:53:19 - [TEST_STEP][PASSED] - delay: Delayed 3 second(s)

2018-11-12 14:53:22 - [MESSAGE][PASSED] - Delayed 3 second(s)

2018-11-12 14:53:22 - [TEST_STEP][PASSED] - click: Object: 'Object Repository/Complete ABPR37 - Section B/Page_JClient/input_Structure_radio_group_20' is clicked on

2018-11-12 14:53:22 - [MESSAGE][PASSED] - Object: 'Object Repository/Complete ABPR37 - Section B/Page_JClient/input_Structure_radio_group_20' is clicked on

2018-11-12 14:53:22 - [TEST_STEP][PASSED] - click: Object: 'Object Repository/Complete ABPR37 - Section B/Page_JClient/input_Not Checked_radio_group_' is clicked on

2018-11-12 14:53:22 - [MESSAGE][PASSED] - Object: 'Object Repository/Complete ABPR37 - Section B/Page_JClient/input_Not Checked_radio_group_' is clicked on

2018-11-12 14:53:22 - [TEST_STEP][PASSED] - click: Object: 'Object Repository/Complete ABPR37 - Section B/Page_JClient/input_Not Checked_radio_group__1' is clicked on

2018-11-12 14:53:23 - [MESSAGE][PASSED] - Object: 'Object Repository/Complete ABPR37 - Section B/Page_JClient/input_Not Checked_radio_group__1' is clicked on

2018-11-12 14:53:23 - [TEST_STEP][NOT_RUN] - doubleClick: NOT_RUN: doubleClick

2018-11-12 14:53:23 - [MESSAGE][NOT_RUN] - NOT_RUN: doubleClick

2018-11-12 14:53:23 - [TEST_STEP][PASSED] - click: Object: 'Object Repository/Complete ABPR37 - Section B/Page_JClient/input_Not Checked_radio_group__2' is clicked on

2018-11-12 14:53:23 - [MESSAGE][PASSED] - Object: 'Object Repository/Complete ABPR37 - Section B/Page_JClient/input_Not Checked_radio_group__2' is clicked on

2018-11-12 14:53:23 - [TEST_STEP][PASSED] - click: Object: 'Object Repository/Complete ABPR37 - Section B/Page_JClient/input_Not Checked_radio_group__3' is clicked on

2018-11-12 14:53:23 - [MESSAGE][PASSED] - Object: 'Object Repository/Complete ABPR37 - Section B/Page_JClient/input_Not Checked_radio_group__3' is clicked on

2018-11-12 14:53:23 - [TEST_STEP][PASSED] - click: Object: 'Object Repository/Complete ABPR37 - Section B/Page_JClient/input_Not Checked_radio_group__4' is clicked on

2018-11-12 14:53:23 - [MESSAGE][PASSED] - Object: 'Object Repository/Complete ABPR37 - Section B/Page_JClient/input_Not Checked_radio_group__4' is clicked on

2018-11-12 14:53:23 - [TEST_STEP][PASSED] - click: Object: 'Object Repository/Complete ABPR37 - Section B/Page_JClient/CombustionPlant' is clicked on

2018-11-12 14:53:23 - [MESSAGE][PASSED] - Object: 'Object Repository/Complete ABPR37 - Section B/Page_JClient/CombustionPlant' is clicked on

2018-11-12 14:53:23 - [TEST_STEP][PASSED] - click: Object: 'Object Repository/Complete ABPR37 - Section B/Page_JClient/input_(b) Personnel movements' is clicked on

2018-11-12 14:53:23 - [MESSAGE][PASSED] - Object: 'Object Repository/Complete ABPR37 - Section B/Page_JClient/input_(b) Personnel movements' is clicked on

2018-11-12 14:53:23 - [TEST_STEP][PASSED] - click: Object: 'Object Repository/Complete ABPR37 - Section B/Page_JClient/input_(c) Equipment usage_radi' is clicked on

2018-11-12 14:53:23 - [MESSAGE][PASSED] - Object: 'Object Repository/Complete ABPR37 - Section B/Page_JClient/input_(c) Equipment usage_radi' is clicked on

2018-11-12 14:53:23 - [TEST_STEP][PASSED] - click: Object: 'Object Repository/Complete ABPR37 - Section B/Page_JClient/input_(d) A documented cleanin' is clicked on

2018-11-12 14:53:24 - [MESSAGE][PASSED] - Object: 'Object Repository/Complete ABPR37 - Section B/Page_JClient/input_(d) A documented cleanin' is clicked on

2018-11-12 14:53:24 - [TEST_STEP][PASSED] - click: Object: 'Object Repository/Complete ABPR37 - Section B/Page_JClient/input_(e) Is the plant clean_r' is clicked on

2018-11-12 14:53:24 - [MESSAGE][PASSED] - Object: 'Object Repository/Complete ABPR37 - Section B/Page_JClient/input_(e) Is the plant clean_r' is clicked on

2018-11-12 14:53:24 - [TEST_STEP][PASSED] - click: Object: 'Object Repository/Complete ABPR37 - Section B/Page_JClient/input_(f) Is pest control plan' is clicked on

2018-11-12 14:53:24 - [MESSAGE][PASSED] - Object: 'Object Repository/Complete ABPR37 - Section B/Page_JClient/input_(f) Is pest control plan' is clicked on

2018-11-12 14:53:24 - [TEST_STEP][PASSED] - click: Object: 'Object Repository/Complete ABPR37 - Section B/Page_JClient/input_Not Checked_radio_group__5' is clicked on

2018-11-12 14:53:24 - [MESSAGE][PASSED] - Object: 'Object Repository/Complete ABPR37 - Section B/Page_JClient/input_Not Checked_radio_group__5' is clicked on

2018-11-12 14:53:24 - [TEST_STEP][PASSED] - click: Object: 'Object Repository/Complete ABPR37 - Section B/Page_JClient/input_Not Checked_radio_group__6' is clicked on

2018-11-12 14:53:24 - [MESSAGE][PASSED] - Object: 'Object Repository/Complete ABPR37 - Section B/Page_JClient/input_Not Checked_radio_group__6' is clicked on

2018-11-12 14:53:24 - [TEST_STEP][PASSED] - click: Object: 'Object Repository/Complete ABPR37 - Section B/Page_JClient/input_Not Checked_radio_group__7' is clicked on

2018-11-12 14:53:24 - [MESSAGE][PASSED] - Object: 'Object Repository/Complete ABPR37 - Section B/Page_JClient/input_Not Checked_radio_group__7' is clicked on

2018-11-12 14:53:24 - [TEST_STEP][PASSED] - click: Object: 'Object Repository/Complete ABPR37 - Section B/Page_JClient/input_Records_radio_group_35' is clicked on

2018-11-12 14:53:24 - [MESSAGE][PASSED] - Object: 'Object Repository/Complete ABPR37 - Section B/Page_JClient/input_Records_radio_group_35' is clicked on

2018-11-12 14:53:24 - [TEST_STEP][PASSED] - click: Object: 'Object Repository/Complete ABPR37 - Section B/Page_JClient/input_If records have not been' is clicked on

2018-11-12 14:53:25 - [MESSAGE][PASSED] - Object: 'Object Repository/Complete ABPR37 - Section B/Page_JClient/input_If records have not been' is clicked on

2018-11-12 14:53:25 - [TEST_STEP][PASSED] - click: Object: 'Object Repository/Complete ABPR37 - Section B/Page_JClient/input_Not Checked_radio_group__8' is clicked on

2018-11-12 14:53:25 - [MESSAGE][PASSED] - Object: 'Object Repository/Complete ABPR37 - Section B/Page_JClient/input_Not Checked_radio_group__8' is clicked on

2018-11-12 14:53:25 - [TEST_STEP][PASSED] - click: Object: 'Object Repository/Complete ABPR37 - Section B/Page_JClient/input_Not Checked_radio_group__9' is clicked on

2018-11-12 14:53:25 - [MESSAGE][PASSED] - Object: 'Object Repository/Complete ABPR37 - Section B/Page_JClient/input_Not Checked_radio_group__9' is clicked on

2018-11-12 14:53:25 - [TEST_STEP][PASSED] - click: Object: 'Object Repository/Complete ABPR37 - Section B/Page_JClient/input_Not Checked_radio_group__10' is clicked on

2018-11-12 14:53:25 - [MESSAGE][PASSED] - Object: 'Object Repository/Complete ABPR37 - Section B/Page_JClient/input_Not Checked_radio_group__10' is clicked on

2018-11-12 14:53:25 - [TEST_STEP][PASSED] - click: Object: 'Object Repository/Complete ABPR37 - Section B/Page_JClient/input_Not Checked_radio_group__11' is clicked on

2018-11-12 14:53:25 - [MESSAGE][PASSED] - Object: 'Object Repository/Complete ABPR37 - Section B/Page_JClient/input_Not Checked_radio_group__11' is clicked on

2018-11-12 14:53:25 - [TEST_STEP][PASSED] - click: Object: 'Object Repository/Complete ABPR37 - Section B/Page_JClient/input_Not Checked_radio_group__12' is clicked on

2018-11-12 14:53:25 - [MESSAGE][PASSED] - Object: 'Object Repository/Complete ABPR37 - Section B/Page_JClient/input_Not Checked_radio_group__12' is clicked on

2018-11-12 14:53:25 - [TEST_STEP][PASSED] - click: Object: 'Object Repository/Complete ABPR37 - Section B/Page_JClient/input_Not Checked_radio_group__13' is clicked on

2018-11-12 14:53:26 - [MESSAGE][PASSED] - Object: 'Object Repository/Complete ABPR37 - Section B/Page_JClient/input_Not Checked_radio_group__13' is clicked on

2018-11-12 14:53:26 - [TEST_STEP][PASSED] - click: Object: 'Object Repository/Complete ABPR37 - Section B/Page_JClient/input_Not Checked_radio_group__14' is clicked on

2018-11-12 14:53:26 - [MESSAGE][PASSED] - Object: 'Object Repository/Complete ABPR37 - Section B/Page_JClient/input_Not Checked_radio_group__14' is clicked on

2018-11-12 14:53:26 - [TEST_STEP][PASSED] - Statement - mydate = new java.util.Date(): null

2018-11-12 14:53:26 - [TEST_STEP][PASSED] - Statement - formattedDate = mydate.format("MM/dd/yyyy"): null

2018-11-12 14:53:26 - [TEST_STEP][PASSED] - sendKeys: Keys '11/12/2018' sent to object: 'Object Repository/Complete ABPR37 - Section B/Page_JClient/DocumentationDate'

2018-11-12 14:53:26 - [MESSAGE][PASSED] - Keys '11/12/2018' sent to object: 'Object Repository/Complete ABPR37 - Section B/Page_JClient/DocumentationDate'

2018-11-12 14:53:26 - [TEST_STEP][PASSED] - click: Object: 'Object Repository/Complete ABPR37 - Section B/Page_JClient/div_Save' is clicked on

2018-11-12 14:53:26 - [MESSAGE][PASSED] - Object: 'Object Repository/Complete ABPR37 - Section B/Page_JClient/div_Save' is clicked on]]></system-out>
         <system-err><![CDATA[]]></system-err>
      </testcase>
      <testcase name="Test Cases/ABP/Generic/Complete ABP Inspection - Section C - Full Risk Assessment" classname="Test Cases/ABP/Generic/Complete ABP Inspection - Section C - Full Risk Assessment" status="PASSED">
         <system-out><![CDATA[2018-11-12 14:53:26 - [TEST_CASE][PASSED] - Test Cases/ABP/Generic/Complete ABP Inspection - Section C - Full Risk Assessment: Test Cases/ABP/Generic/Complete ABP Inspection - Section C - Full Risk Assessment

2018-11-12 14:53:27 - [TEST_STEP][PASSED] - delay: Delayed 5 second(s)

2018-11-12 14:53:32 - [MESSAGE][PASSED] - Delayed 5 second(s)

2018-11-12 14:53:32 - [TEST_STEP][PASSED] - click: Object: 'Object Repository/FSM1/Complete ABP Inspection/Section C Full Risk Assessment/Page_JClient/div_Section C Risk Assessment' is clicked on

2018-11-12 14:53:32 - [MESSAGE][PASSED] - Object: 'Object Repository/FSM1/Complete ABP Inspection/Section C Full Risk Assessment/Page_JClient/div_Section C Risk Assessment' is clicked on

2018-11-12 14:53:32 - [TEST_STEP][PASSED] - selectOptionByValue: All options with value '12' are selected in object 'Object Repository/FSM1/Complete ABP Inspection/Section C Full Risk Assessment/Page_JClient/select_3 - Cat 3 material and'  using regular expression

2018-11-12 14:53:32 - [MESSAGE][PASSED] - All options with value '12' are selected in object 'Object Repository/FSM1/Complete ABP Inspection/Section C Full Risk Assessment/Page_JClient/select_3 - Cat 3 material and'  using regular expression

2018-11-12 14:53:32 - [TEST_STEP][PASSED] - selectOptionByValue: All options with value '10' are selected in object 'Object Repository/FSM1/Complete ABP Inspection/Section C Full Risk Assessment/Page_JClient/select_0 - Very low throughput'  using regular expression

2018-11-12 14:53:33 - [MESSAGE][PASSED] - All options with value '10' are selected in object 'Object Repository/FSM1/Complete ABP Inspection/Section C Full Risk Assessment/Page_JClient/select_0 - Very low throughput'  using regular expression

2018-11-12 14:53:33 - [TEST_STEP][PASSED] - selectOptionByValue: All options with value '15' are selected in object 'Object Repository/FSM1/Complete ABP Inspection/Section C Full Risk Assessment/Page_JClient/select_0 - No product entering'  using regular expression

2018-11-12 14:53:33 - [MESSAGE][PASSED] - All options with value '15' are selected in object 'Object Repository/FSM1/Complete ABP Inspection/Section C Full Risk Assessment/Page_JClient/select_0 - No product entering'  using regular expression

2018-11-12 14:53:33 - [TEST_STEP][PASSED] - selectOptionByValue: All options with value '5' are selected in object 'Object Repository/FSM1/Complete ABP Inspection/Section C Full Risk Assessment/Page_JClient/select_0 - Not required or com'  using regular expression

2018-11-12 14:53:33 - [MESSAGE][PASSED] - All options with value '5' are selected in object 'Object Repository/FSM1/Complete ABP Inspection/Section C Full Risk Assessment/Page_JClient/select_0 - Not required or com'  using regular expression

2018-11-12 14:53:33 - [TEST_STEP][PASSED] - selectOptionByValue: All options with value '10' are selected in object 'Object Repository/FSM1/Complete ABP Inspection/Section C Full Risk Assessment/Page_JClient/select_0 - Fully compliant iss'  using regular expression

2018-11-12 14:53:34 - [MESSAGE][PASSED] - All options with value '10' are selected in object 'Object Repository/FSM1/Complete ABP Inspection/Section C Full Risk Assessment/Page_JClient/select_0 - Fully compliant iss'  using regular expression

2018-11-12 14:53:34 - [TEST_STEP][PASSED] - selectOptionByValue: All options with value 'Monthly' are selected in object 'Object Repository/FSM1/Complete ABP Inspection/Section C Full Risk Assessment/Page_JClient/select_AnnuallyQuarterly6 Mont'  using regular expression

2018-11-12 14:53:34 - [MESSAGE][PASSED] - All options with value 'Monthly' are selected in object 'Object Repository/FSM1/Complete ABP Inspection/Section C Full Risk Assessment/Page_JClient/select_AnnuallyQuarterly6 Mont'  using regular expression

2018-11-12 14:53:34 - [TEST_STEP][PASSED] - setText: Text 'Test Automation' is set on object 'Object Repository/FSM1/Complete ABP Inspection/Section C Full Risk Assessment/Page_JClient/textarea_Any other relevant in'

2018-11-12 14:53:34 - [MESSAGE][PASSED] - Text 'Test Automation' is set on object 'Object Repository/FSM1/Complete ABP Inspection/Section C Full Risk Assessment/Page_JClient/textarea_Any other relevant in'

2018-11-12 14:53:34 - [TEST_STEP][PASSED] - click: Object: 'Object Repository/FSM1/Complete ABP Inspection/Section C Full Risk Assessment/Page_JClient/div_Save' is clicked on

2018-11-12 14:53:35 - [MESSAGE][PASSED] - Object: 'Object Repository/FSM1/Complete ABP Inspection/Section C Full Risk Assessment/Page_JClient/div_Save' is clicked on]]></system-out>
         <system-err><![CDATA[]]></system-err>
      </testcase>
      <testcase name="Test Cases/ABP/Generic/Complete ABP Inspection - Complete" classname="Test Cases/ABP/Generic/Complete ABP Inspection - Complete" status="PASSED">
         <system-out><![CDATA[2018-11-12 14:53:35 - [TEST_CASE][PASSED] - Test Cases/ABP/Generic/Complete ABP Inspection - Complete: Test Cases/ABP/Generic/Complete ABP Inspection - Complete

2018-11-12 14:53:35 - [TEST_STEP][PASSED] - delay: Delayed 2 second(s)

2018-11-12 14:53:37 - [MESSAGE][PASSED] - Delayed 2 second(s)

2018-11-12 14:53:37 - [TEST_STEP][PASSED] - click: Object: 'Object Repository/FSM1/Complete ABP Inspection/Complete ABP01a Inspection/Page_JClient/div_STARTED (locked)' is clicked on

2018-11-12 14:53:37 - [MESSAGE][PASSED] - Object: 'Object Repository/FSM1/Complete ABP Inspection/Complete ABP01a Inspection/Page_JClient/div_STARTED (locked)' is clicked on

2018-11-12 14:53:37 - [TEST_STEP][PASSED] - delay: Delayed 2 second(s)

2018-11-12 14:53:39 - [MESSAGE][PASSED] - Delayed 2 second(s)

2018-11-12 14:53:39 - [TEST_STEP][PASSED] - click: Object: 'Object Repository/FSM1/Complete ABP Inspection/Complete ABP01a Inspection/Page_JClient/div_COMPLETED' is clicked on

2018-11-12 14:53:39 - [MESSAGE][PASSED] - Object: 'Object Repository/FSM1/Complete ABP Inspection/Complete ABP01a Inspection/Page_JClient/div_COMPLETED' is clicked on

2018-11-12 14:53:39 - [TEST_STEP][PASSED] - selectOptionByValue: All options with value 'COMPLETED' are selected in object 'Object Repository/FSM1/Complete ABP Inspection/Complete ABP01a Inspection/Page_JClient/select_Yes'  using regular expression

2018-11-12 14:53:41 - [MESSAGE][PASSED] - All options with value 'COMPLETED' are selected in object 'Object Repository/FSM1/Complete ABP Inspection/Complete ABP01a Inspection/Page_JClient/select_Yes'  using regular expression

2018-11-12 14:53:41 - [TEST_STEP][PASSED] - delay: Delayed 3 second(s)

2018-11-12 14:53:44 - [MESSAGE][PASSED] - Delayed 3 second(s)

2018-11-12 14:53:44 - [TEST_STEP][PASSED] - click: Object: 'Object Repository/FSM1/Complete ABP Inspection/Complete ABP01a Inspection/Page_JClient/div_Save' is clicked on

2018-11-12 14:53:44 - [MESSAGE][PASSED] - Object: 'Object Repository/FSM1/Complete ABP Inspection/Complete ABP01a Inspection/Page_JClient/div_Save' is clicked on

2018-11-12 14:53:44 - [TEST_STEP][PASSED] - delay: Delayed 2 second(s)

2018-11-12 14:53:46 - [MESSAGE][PASSED] - Delayed 2 second(s)

2018-11-12 14:53:46 - [TEST_STEP][PASSED] - click: Object: 'Object Repository/FSM1/Complete ABP Inspection/Complete ABP01a Inspection/Page_JClient/div_Ok' is clicked on

2018-11-12 14:53:46 - [MESSAGE][PASSED] - Object: 'Object Repository/FSM1/Complete ABP Inspection/Complete ABP01a Inspection/Page_JClient/div_Ok' is clicked on

2018-11-12 14:53:46 - [TEST_STEP][PASSED] - delay: Delayed 30 second(s)

2018-11-12 14:54:16 - [MESSAGE][PASSED] - Delayed 30 second(s)]]></system-out>
         <system-err><![CDATA[]]></system-err>
      </testcase>
      <testcase name="Test Cases/Generic/Launch Job Manager Control Centre - Check Result" classname="Test Cases/Generic/Launch Job Manager Control Centre - Check Result" status="PASSED">
         <system-out><![CDATA[2018-11-12 14:54:16 - [TEST_CASE][PASSED] - Test Cases/Generic/Launch Job Manager Control Centre - Check Result: Test Cases/Generic/Launch Job Manager Control Centre - Check Result

2018-11-12 14:54:16 - [TEST_STEP][PASSED] - openBrowser: Browser is opened with url: ''

2018-11-12 14:54:16 - [MESSAGE][WARNING] - A browser is already opened. Closing browser and opening a new one

2018-11-12 14:54:20 - [MESSAGE][PASSED] - Browser is opened with url: ''

2018-11-12 14:54:20 - [TEST_STEP][PASSED] - navigateToUrl: Navigate to 'https://kirona-def-6.kirona.com/jmprep/login#!loginView' successfully

2018-11-12 14:54:22 - [MESSAGE][PASSED] - Navigate to 'https://kirona-def-6.kirona.com/jmprep/login#!loginView' successfully

2018-11-12 14:54:22 - [TEST_STEP][PASSED] - setText: Text 'jon.hatfield' is set on object 'Object Repository/FSM1/Control Centre/Page_Job Manager Login/input_gwt-uid-3'

2018-11-12 14:54:23 - [MESSAGE][PASSED] - Text 'jon.hatfield' is set on object 'Object Repository/FSM1/Control Centre/Page_Job Manager Login/input_gwt-uid-3'

2018-11-12 14:54:23 - [TEST_STEP][PASSED] - setText: Text 'Fr@nc1sJ0n' is set on object 'Object Repository/FSM1/Control Centre/Page_Job Manager Login/input_gwt-uid-5'

2018-11-12 14:54:23 - [MESSAGE][PASSED] - Text 'Fr@nc1sJ0n' is set on object 'Object Repository/FSM1/Control Centre/Page_Job Manager Login/input_gwt-uid-5'

2018-11-12 14:54:23 - [TEST_STEP][PASSED] - click: Object: 'Object Repository/FSM1/PreProd/Page_Job Manager Login/div_Login' is clicked on

2018-11-12 14:54:24 - [MESSAGE][PASSED] - Object: 'Object Repository/FSM1/PreProd/Page_Job Manager Login/div_Login' is clicked on

2018-11-12 14:54:24 - [TEST_STEP][PASSED] - delay: Delayed 5 second(s)

2018-11-12 14:54:29 - [MESSAGE][PASSED] - Delayed 5 second(s)]]></system-out>
         <system-err><![CDATA[]]></system-err>
      </testcase>
      <testcase name="Test Cases/ABP/ABPR37a/Control Centre - Check Results - ABPR37" classname="Test Cases/ABP/ABPR37a/Control Centre - Check Results - ABPR37" status="PASSED">
         <system-out><![CDATA[2018-11-12 14:54:29 - [TEST_CASE][PASSED] - Test Cases/ABP/ABPR37a/Control Centre - Check Results - ABPR37: Test Cases/ABP/ABPR37a/Control Centre - Check Results - ABPR37

2018-11-12 14:54:29 - [TEST_STEP][PASSED] - Statement - log = new com.kms.katalon.core.logging.KeywordLogger(): null

2018-11-12 14:54:29 - [TEST_STEP][PASSED] - setText: Text '90956' is set on object 'Object Repository/FSM1/EMI Check Results/Page_JM Control Centre/input_Recents_v-textfield v-wi'

2018-11-12 14:54:29 - [MESSAGE][PASSED] - Text '90956' is set on object 'Object Repository/FSM1/EMI Check Results/Page_JM Control Centre/input_Recents_v-textfield v-wi'

2018-11-12 14:54:29 - [TEST_STEP][PASSED] - click: Object: 'Object Repository/FSM1/EMI Check Results/Page_JM Control Centre/span_' is clicked on

2018-11-12 14:54:30 - [MESSAGE][PASSED] - Object: 'Object Repository/FSM1/EMI Check Results/Page_JM Control Centre/span_' is clicked on

2018-11-12 14:54:30 - [TEST_STEP][PASSED] - waitForElementPresent: Object 'Object Repository/FSM1/EMI Check Results/Page_JM Control Centre/div_CLOSED' is present

2018-11-12 14:54:33 - [MESSAGE][PASSED] - Object 'Object Repository/FSM1/EMI Check Results/Page_JM Control Centre/div_CLOSED' is present

2018-11-12 14:54:34 - [TEST_STEP][PASSED] - delay: Delayed 3 second(s)

2018-11-12 14:54:37 - [MESSAGE][PASSED] - Delayed 3 second(s)

2018-11-12 14:54:37 - [TEST_STEP][PASSED] - verifyElementPresent: Object 'Object Repository/FSM1/Complete ABP Inspection/Check Results/03a/Page_JM Control Centre/div_Attachments_ABPR37' is present

2018-11-12 14:54:37 - [MESSAGE][PASSED] - Object 'Object Repository/FSM1/Complete ABP Inspection/Check Results/03a/Page_JM Control Centre/div_Attachments_ABPR37' is present]]></system-out>
         <system-err><![CDATA[]]></system-err>
      </testcase>
      <testcase name="Test Cases/ABP/Generic/Check Subsequent Inspection Exist" classname="Test Cases/ABP/Generic/Check Subsequent Inspection Exist" status="PASSED">
         <system-out><![CDATA[2018-11-12 14:54:37 - [TEST_CASE][PASSED] - Test Cases/ABP/Generic/Check Subsequent Inspection Exist: Test Cases/ABP/Generic/Check Subsequent Inspection Exist

2018-11-12 14:54:38 - [TEST_STEP][PASSED] - delay: Delayed 2 second(s)

2018-11-12 14:54:40 - [MESSAGE][PASSED] - Delayed 2 second(s)

2018-11-12 14:54:40 - [TEST_STEP][PASSED] - click: Object: 'Object Repository/FSM1/Complete ABP Inspection/Check Subsequent Inspections/New/Page_JM Control Centre/div_' is clicked on

2018-11-12 14:54:40 - [MESSAGE][PASSED] - Object: 'Object Repository/FSM1/Complete ABP Inspection/Check Subsequent Inspections/New/Page_JM Control Centre/div_' is clicked on

2018-11-12 14:54:40 - [TEST_STEP][PASSED] - click: Object: 'Object Repository/FSM1/Complete ABP Inspection/Check Subsequent Inspections/New/Page_JM Control Centre/span_List All Subordinate Jobs' is clicked on

2018-11-12 14:54:40 - [MESSAGE][PASSED] - Object: 'Object Repository/FSM1/Complete ABP Inspection/Check Subsequent Inspections/New/Page_JM Control Centre/span_List All Subordinate Jobs' is clicked on

2018-11-12 14:54:40 - [TEST_STEP][PASSED] - delay: Delayed 2 second(s)

2018-11-12 14:54:42 - [MESSAGE][PASSED] - Delayed 2 second(s)

2018-11-12 14:54:42 - [TEST_STEP][PASSED] - verifyElementVisible: Object 'Object Repository/FSM1/Complete ABP Inspection/Check Subsequent Inspections/New/Page_JM Control Centre/div_2 found.' is visible

2018-11-12 14:54:43 - [MESSAGE][PASSED] - Object 'Object Repository/FSM1/Complete ABP Inspection/Check Subsequent Inspections/New/Page_JM Control Centre/div_2 found.' is visible

2018-11-12 14:54:43 - [TEST_STEP][PASSED] - closeBrowser: Browser is closed

2018-11-12 14:54:44 - [MESSAGE][PASSED] - Browser is closed]]></system-out>
         <system-err><![CDATA[]]></system-err>
      </testcase>
      <system-out><![CDATA[2018-11-12 14:48:42 - [TEST_SUITE][PASSED] - ABP Regression - 37a: Test Cases/ABP/Generic/Check Subsequent Inspection Exist]]></system-out>
      <system-err><![CDATA[]]></system-err>
   </testsuite>
</testsuites>
