<?xml version="1.0" encoding="UTF-8"?>
<testsuites name="ABP Regression - 01a" time="541" tests="15" failures="0" errors="0">
   <testsuite name="ABP Regression - 01a" tests="15" failures="0" errors="0" time="541" timestamp="2018-12-16 14:50:36" hostname="jonha - DESKTOP-KMCIR60" id="Test Suites/ABP/ABP Regression - 01a">
      <properties>
         <property name="deviceName" value=""/>
         <property name="devicePlatform" value=""/>
         <property name="logFolder" value="C:\\Users\\jonha\\Documents\\Katalon\\APHA\\JM_8.9\\FSM_Regression\\Reports\\ABP\\ABP Regression - 01a\\20181216_145034"/>
         <property name="logFiles" value="C:\\Users\\jonha\\Documents\\Katalon\\APHA\\JM_8.9\\FSM_Regression\\Reports\\ABP\\ABP Regression - 01a\\20181216_145034\\execution0.log"/>
         <property name="attachments" value="C:\\Users\\jonha\\Documents\\Katalon\\APHA\\JM_8.9\\FSM_Regression\\Reports\\ABP\\ABP Regression - 01a\\20181216_145034\\1544972174239.png"/>
         <property name="hostName" value="jonha - DESKTOP-KMCIR60"/>
         <property name="os" value="Windows 10 64bit"/>
         <property name="katalonVersion" value="5.9.1.2"/>
         <property name="browser" value="Chrome 70.0.3538.110"/>
         <property name="hostAddress" value="192.168.0.17"/>
         <property name="sessionId" value="35ba0307c0ce991080fd28742d5d1978"/>
         <property name="seleniumVersion" value="3.7.1"/>
         <property name="proxyInformation" value="ProxyInformation{proxyOption=NO_PROXY, proxyServerType=HTTP, password=, proxyServerAddress=, proxyServerPort=0}"/>
         <property name="platform" value="Windows 10"/>
      </properties>
      <testcase name="Test Cases/Generic/Launch Job Manager Control Centre" classname="Test Cases/Generic/Launch Job Manager Control Centre" status="PASSED">
         <system-out><![CDATA[2018-12-16 14:50:37 - [TEST_CASE][PASSED] - Test Cases/Generic/Launch Job Manager Control Centre: Test Cases/Generic/Launch Job Manager Control Centre

2018-12-16 14:50:37 - [TEST_STEP][PASSED] - openBrowser(""): Browser is opened with url: ''

2018-12-16 14:50:38 - [MESSAGE][INFO] - Starting 'Chrome' driver

2018-12-16 14:50:38 - [MESSAGE][INFO] - Action delay is set to 0 seconds

2018-12-16 14:50:41 - [MESSAGE][PASSED] - Browser is opened with url: ''

2018-12-16 14:50:41 - [TEST_STEP][PASSED] - navigateToUrl(CCURL): Navigate to 'https://kirona-def-6.kirona.com/jmprep/login#!loginView' successfully

2018-12-16 14:50:42 - [MESSAGE][PASSED] - Navigate to 'https://kirona-def-6.kirona.com/jmprep/login#!loginView' successfully

2018-12-16 14:50:42 - [TEST_STEP][PASSED] - setText(findTestObject("FSM1/Control Centre/Page_Job Manager Login/input_gwt-uid-3"), Username): Text 'jon.hatfield' is set on object 'Object Repository/FSM1/Control Centre/Page_Job Manager Login/input_gwt-uid-3'

2018-12-16 14:50:43 - [MESSAGE][PASSED] - Text 'jon.hatfield' is set on object 'Object Repository/FSM1/Control Centre/Page_Job Manager Login/input_gwt-uid-3'

2018-12-16 14:50:43 - [TEST_STEP][PASSED] - setText(findTestObject("FSM1/Control Centre/Page_Job Manager Login/input_gwt-uid-5"), Password): Text 'Fr@nc1sJ0n' is set on object 'Object Repository/FSM1/Control Centre/Page_Job Manager Login/input_gwt-uid-5'

2018-12-16 14:50:43 - [MESSAGE][PASSED] - Text 'Fr@nc1sJ0n' is set on object 'Object Repository/FSM1/Control Centre/Page_Job Manager Login/input_gwt-uid-5'

2018-12-16 14:50:43 - [TEST_STEP][PASSED] - click(findTestObject("FSM1/PreProd/Page_Job Manager Login/div_Login")): Object: 'Object Repository/FSM1/PreProd/Page_Job Manager Login/div_Login' is clicked on

2018-12-16 14:50:43 - [MESSAGE][PASSED] - Object: 'Object Repository/FSM1/PreProd/Page_Job Manager Login/div_Login' is clicked on

2018-12-16 14:50:43 - [TEST_STEP][PASSED] - delay(5): Delayed 5 second(s)

2018-12-16 14:50:48 - [MESSAGE][PASSED] - Delayed 5 second(s)]]></system-out>
         <system-err><![CDATA[]]></system-err>
      </testcase>
      <testcase name="Test Cases/ABP/Generic/Create ABP Inspection" classname="Test Cases/ABP/Generic/Create ABP Inspection" status="PASSED">
         <system-out><![CDATA[2018-12-16 14:50:48 - [TEST_CASE][PASSED] - Test Cases/ABP/Generic/Create ABP Inspection: Test Cases/ABP/Generic/Create ABP Inspection

2018-12-16 14:50:49 - [TEST_STEP][PASSED] - log = new com.kms.katalon.core.logging.KeywordLogger(): null

2018-12-16 14:50:49 - [TEST_STEP][PASSED] - waitForElementClickable(findTestObject("Object Repository/FSM1/Create ABP Inspection/Page_JM Control Centre/div_Create"), 60, STOP_ON_FAILURE): Object 'Object Repository/FSM1/Create ABP Inspection/Page_JM Control Centre/div_Create' is clickable

2018-12-16 14:50:57 - [MESSAGE][PASSED] - Object 'Object Repository/FSM1/Create ABP Inspection/Page_JM Control Centre/div_Create' is clickable

2018-12-16 14:50:57 - [TEST_STEP][PASSED] - delay(3): Delayed 3 second(s)

2018-12-16 14:51:00 - [MESSAGE][PASSED] - Delayed 3 second(s)

2018-12-16 14:51:00 - [TEST_STEP][PASSED] - click(findTestObject("Object Repository/FSM1/Create ABP Inspection/Page_JM Control Centre/div_Create")): Object: 'Object Repository/FSM1/Create ABP Inspection/Page_JM Control Centre/div_Create' is clicked on

2018-12-16 14:51:00 - [MESSAGE][PASSED] - Object: 'Object Repository/FSM1/Create ABP Inspection/Page_JM Control Centre/div_Create' is clicked on

2018-12-16 14:51:00 - [TEST_STEP][PASSED] - click(findTestObject("Object Repository/FSM1/Create ABP Inspection/Page_JM Control Centre/div_v-filterselect-button")): Object: 'Object Repository/FSM1/Create ABP Inspection/Page_JM Control Centre/div_v-filterselect-button' is clicked on

2018-12-16 14:51:02 - [MESSAGE][PASSED] - Object: 'Object Repository/FSM1/Create ABP Inspection/Page_JM Control Centre/div_v-filterselect-button' is clicked on

2018-12-16 14:51:02 - [TEST_STEP][PASSED] - setText(findTestObject("Object Repository/FSM1/Create ABP Inspection/Page_JM Control Centre/input_gwt-uid-8"), findTestData("Pre Production/ABP/ABP Inspection Data 01a").getValue(1, 1)): Text 'ABPR01a' is set on object 'Object Repository/FSM1/Create ABP Inspection/Page_JM Control Centre/input_gwt-uid-8'

2018-12-16 14:51:02 - [MESSAGE][PASSED] - Text 'ABPR01a' is set on object 'Object Repository/FSM1/Create ABP Inspection/Page_JM Control Centre/input_gwt-uid-8'

2018-12-16 14:51:02 - [TEST_STEP][PASSED] - click(findTestObject("Object Repository/FSM1/Create ABP Inspection/Page_JM Control Centre/span_ABPR01A - Composting and")): Object: 'Object Repository/FSM1/Create ABP Inspection/Page_JM Control Centre/span_ABPR01A - Composting and' is clicked on

2018-12-16 14:51:03 - [MESSAGE][PASSED] - Object: 'Object Repository/FSM1/Create ABP Inspection/Page_JM Control Centre/span_ABPR01A - Composting and' is clicked on

2018-12-16 14:51:03 - [TEST_STEP][PASSED] - click(findTestObject("FSM1/Control Centre/Create EMI Inspection New/Page_JM Control Centre/div_v-filterselect-button_1")): Object: 'Object Repository/FSM1/Control Centre/Create EMI Inspection New/Page_JM Control Centre/div_v-filterselect-button_1' is clicked on

2018-12-16 14:51:05 - [MESSAGE][PASSED] - Object: 'Object Repository/FSM1/Control Centre/Create EMI Inspection New/Page_JM Control Centre/div_v-filterselect-button_1' is clicked on

2018-12-16 14:51:05 - [TEST_STEP][PASSED] - click(findTestObject("FSM1/Control Centre/Create EMI Inspection New/Page_JM Control Centre/span_24 Hours")): Object: 'Object Repository/FSM1/Control Centre/Create EMI Inspection New/Page_JM Control Centre/span_24 Hours' is clicked on

2018-12-16 14:51:06 - [MESSAGE][PASSED] - Object: 'Object Repository/FSM1/Control Centre/Create EMI Inspection New/Page_JM Control Centre/span_24 Hours' is clicked on

2018-12-16 14:51:06 - [TEST_STEP][PASSED] - click(findTestObject("Object Repository/FSM1/Create ABP Inspection/Page_JM Control Centre/div_Region_v-filterselect-butt")): Object: 'Object Repository/FSM1/Create ABP Inspection/Page_JM Control Centre/div_Region_v-filterselect-butt' is clicked on

2018-12-16 14:51:06 - [MESSAGE][PASSED] - Object: 'Object Repository/FSM1/Create ABP Inspection/Page_JM Control Centre/div_Region_v-filterselect-butt' is clicked on

2018-12-16 14:51:06 - [TEST_STEP][PASSED] - click(findTestObject("Object Repository/FSM1/Create ABP Inspection/Page_JM Control Centre/td_West")): Object: 'Object Repository/FSM1/Create ABP Inspection/Page_JM Control Centre/td_West' is clicked on

2018-12-16 14:51:06 - [MESSAGE][PASSED] - Object: 'Object Repository/FSM1/Create ABP Inspection/Page_JM Control Centre/td_West' is clicked on

2018-12-16 14:51:06 - [TEST_STEP][PASSED] - click(findTestObject("Object Repository/FSM1/Create ABP Inspection/Page_JM Control Centre/div_Plant Type_v-filterselect-")): Object: 'Object Repository/FSM1/Create ABP Inspection/Page_JM Control Centre/div_Plant Type_v-filterselect-' is clicked on

2018-12-16 14:51:06 - [MESSAGE][PASSED] - Object: 'Object Repository/FSM1/Create ABP Inspection/Page_JM Control Centre/div_Plant Type_v-filterselect-' is clicked on

2018-12-16 14:51:06 - [TEST_STEP][PASSED] - click(findTestObject("Object Repository/FSM1/Create ABP Inspection/Page_JM Control Centre/td_SECTION I Intermediate Acti")): Object: 'Object Repository/FSM1/Create ABP Inspection/Page_JM Control Centre/td_SECTION I Intermediate Acti' is clicked on

2018-12-16 14:51:06 - [MESSAGE][PASSED] - Object: 'Object Repository/FSM1/Create ABP Inspection/Page_JM Control Centre/td_SECTION I Intermediate Acti' is clicked on

2018-12-16 14:51:06 - [TEST_STEP][PASSED] - click(findTestObject("Object Repository/FSM1/Create ABP Inspection/Page_JM Control Centre/div_Inspection Type_v-filterse")): Object: 'Object Repository/FSM1/Create ABP Inspection/Page_JM Control Centre/div_Inspection Type_v-filterse' is clicked on

2018-12-16 14:51:07 - [MESSAGE][PASSED] - Object: 'Object Repository/FSM1/Create ABP Inspection/Page_JM Control Centre/div_Inspection Type_v-filterse' is clicked on

2018-12-16 14:51:07 - [TEST_STEP][PASSED] - click(findTestObject("Object Repository/FSM1/Create ABP Inspection/Page_JM Control Centre/td_Routine")): Object: 'Object Repository/FSM1/Create ABP Inspection/Page_JM Control Centre/td_Routine' is clicked on

2018-12-16 14:51:07 - [MESSAGE][PASSED] - Object: 'Object Repository/FSM1/Create ABP Inspection/Page_JM Control Centre/td_Routine' is clicked on

2018-12-16 14:51:07 - [TEST_STEP][PASSED] - click(findTestObject("Object Repository/JM_8918/New/Page_JClient/Page_JM Control Centre/Page_JM Control Centre/label_1")): Object: 'Object Repository/JM_8918/New/Page_JClient/Page_JM Control Centre/Page_JM Control Centre/label_1' is clicked on

2018-12-16 14:51:07 - [MESSAGE][PASSED] - Object: 'Object Repository/JM_8918/New/Page_JClient/Page_JM Control Centre/Page_JM Control Centre/label_1' is clicked on

2018-12-16 14:51:07 - [TEST_STEP][PASSED] - click(findTestObject("Object Repository/FSM1/Create ABP Inspection/Page_JM Control Centre/div_Inspector Grade Required_v")): Object: 'Object Repository/FSM1/Create ABP Inspection/Page_JM Control Centre/div_Inspector Grade Required_v' is clicked on

2018-12-16 14:51:07 - [MESSAGE][PASSED] - Object: 'Object Repository/FSM1/Create ABP Inspection/Page_JM Control Centre/div_Inspector Grade Required_v' is clicked on

2018-12-16 14:51:07 - [TEST_STEP][PASSED] - click(findTestObject("Object Repository/FSM1/Create ABP Inspection/Page_JM Control Centre/td_Tech")): Object: 'Object Repository/FSM1/Create ABP Inspection/Page_JM Control Centre/td_Tech' is clicked on

2018-12-16 14:51:08 - [MESSAGE][PASSED] - Object: 'Object Repository/FSM1/Create ABP Inspection/Page_JM Control Centre/td_Tech' is clicked on

2018-12-16 14:51:08 - [TEST_STEP][PASSED] - click(findTestObject("Object Repository/FSM1/Create ABP Inspection/Page_JM Control Centre/div_Sequence within Inspection")): Object: 'Object Repository/FSM1/Create ABP Inspection/Page_JM Control Centre/div_Sequence within Inspection' is clicked on

2018-12-16 14:51:08 - [MESSAGE][PASSED] - Object: 'Object Repository/FSM1/Create ABP Inspection/Page_JM Control Centre/div_Sequence within Inspection' is clicked on

2018-12-16 14:51:08 - [TEST_STEP][PASSED] - click(findTestObject("Object Repository/FSM1/Create ABP Inspection/Page_JM Control Centre/td_2 - Tech")): Object: 'Object Repository/FSM1/Create ABP Inspection/Page_JM Control Centre/td_2 - Tech' is clicked on

2018-12-16 14:51:08 - [MESSAGE][PASSED] - Object: 'Object Repository/FSM1/Create ABP Inspection/Page_JM Control Centre/td_2 - Tech' is clicked on

2018-12-16 14:51:08 - [TEST_STEP][PASSED] - setText(findTestObject("Object Repository/FSM1/Create ABP Inspection/Page_JM Control Centre/input_Customer ID_gwt-uid-40"), RandomStringUtils.randomNumeric(5)): Text '59200' is set on object 'Object Repository/FSM1/Create ABP Inspection/Page_JM Control Centre/input_Customer ID_gwt-uid-40'

2018-12-16 14:51:08 - [MESSAGE][PASSED] - Text '59200' is set on object 'Object Repository/FSM1/Create ABP Inspection/Page_JM Control Centre/input_Customer ID_gwt-uid-40'

2018-12-16 14:51:08 - [TEST_STEP][PASSED] - setText(findTestObject("Object Repository/FSM1/Create ABP Inspection/Page_JM Control Centre/input_Unit ID_gwt-uid-42"), RandomStringUtils.randomNumeric(5)): Text '46479' is set on object 'Object Repository/FSM1/Create ABP Inspection/Page_JM Control Centre/input_Unit ID_gwt-uid-42'

2018-12-16 14:51:08 - [MESSAGE][PASSED] - Text '46479' is set on object 'Object Repository/FSM1/Create ABP Inspection/Page_JM Control Centre/input_Unit ID_gwt-uid-42'

2018-12-16 14:51:08 - [TEST_STEP][PASSED] - setText(findTestObject("Object Repository/FSM1/Create ABP Inspection/Page_JM Control Centre/input_Customer Name_gwt-uid-44"), "Test Automation"): Text 'Test Automation' is set on object 'Object Repository/FSM1/Create ABP Inspection/Page_JM Control Centre/input_Customer Name_gwt-uid-44'

2018-12-16 14:51:09 - [MESSAGE][PASSED] - Text 'Test Automation' is set on object 'Object Repository/FSM1/Create ABP Inspection/Page_JM Control Centre/input_Customer Name_gwt-uid-44'

2018-12-16 14:51:09 - [TEST_STEP][PASSED] - click(findTestObject("FSM1/Control Centre/Create EMI Inspection/Page_JM Control Centre/span_")): Object: 'Object Repository/FSM1/Control Centre/Create EMI Inspection/Page_JM Control Centre/span_' is clicked on

2018-12-16 14:51:09 - [MESSAGE][PASSED] - Object: 'Object Repository/FSM1/Control Centre/Create EMI Inspection/Page_JM Control Centre/span_' is clicked on

2018-12-16 14:51:09 - [TEST_STEP][PASSED] - click(findTestObject("FSM1/Control Centre/Create EMI Inspection/Address Search/Page_JM Control Centre/Postcode Search")): Object: 'Object Repository/FSM1/Control Centre/Create EMI Inspection/Address Search/Page_JM Control Centre/Postcode Search' is clicked on

2018-12-16 14:51:09 - [MESSAGE][PASSED] - Object: 'Object Repository/FSM1/Control Centre/Create EMI Inspection/Address Search/Page_JM Control Centre/Postcode Search' is clicked on

2018-12-16 14:51:09 - [TEST_STEP][PASSED] - setText(findTestObject("FSM1/PreProd/Page_JM Control Centre/PostcodeSearch"), findTestData("Pre Production/ABP/ABP Inspection Data 01a").getValue(2, 1)): Text 'WR5 2NQ' is set on object 'Object Repository/FSM1/PreProd/Page_JM Control Centre/PostcodeSearch'

2018-12-16 14:51:09 - [MESSAGE][PASSED] - Text 'WR5 2NQ' is set on object 'Object Repository/FSM1/PreProd/Page_JM Control Centre/PostcodeSearch'

2018-12-16 14:51:09 - [TEST_STEP][NOT_RUN] - doubleClick(findTestObject("JM_8918/New/Page_JM Control Centre/div_Search")): NOT_RUN: doubleClick(findTestObject("JM_8918/New/Page_JM Control Centre/div_Search"))

2018-12-16 14:51:09 - [MESSAGE][NOT_RUN] - NOT_RUN: doubleClick(findTestObject("JM_8918/New/Page_JM Control Centre/div_Search"))

2018-12-16 14:51:09 - [TEST_STEP][PASSED] - doubleClick(findTestObject("JM_8918/Page_JM Control Centre/div_Search")): Object: 'Object Repository/JM_8918/Page_JM Control Centre/div_Search' is double clicked on

2018-12-16 14:51:10 - [MESSAGE][PASSED] - Object: 'Object Repository/JM_8918/Page_JM Control Centre/div_Search' is double clicked on

2018-12-16 14:51:10 - [TEST_STEP][PASSED] - FullAddress = modifyObjectProperty(findTestObject("FSM1/Control Centre/Create EMI Inspection/Page_JM Control Centre/Address"), "text", "equals", findTestData("Pre Production/ABP/ABP Inspection Data 01a").getValue(3, 1), true): Modify property of object successfully

2018-12-16 14:51:10 - [MESSAGE][PASSED] - Modify property of object successfully

2018-12-16 14:51:10 - [TEST_STEP][PASSED] - click(FullAddress, STOP_ON_FAILURE): Object: 'Object Repository/FSM1/Control Centre/Create EMI Inspection/Page_JM Control Centre/Address' is clicked on

2018-12-16 14:51:11 - [MESSAGE][PASSED] - Object: 'Object Repository/FSM1/Control Centre/Create EMI Inspection/Page_JM Control Centre/Address' is clicked on

2018-12-16 14:51:11 - [TEST_STEP][PASSED] - click(findTestObject("FSM1/Control Centre/Create EMI Inspection/Create Address/Page_JM Control Centre (2)/div_Add Selected Item")): Object: 'Object Repository/FSM1/Control Centre/Create EMI Inspection/Create Address/Page_JM Control Centre (2)/div_Add Selected Item' is clicked on

2018-12-16 14:51:11 - [MESSAGE][PASSED] - Object: 'Object Repository/FSM1/Control Centre/Create EMI Inspection/Create Address/Page_JM Control Centre (2)/div_Add Selected Item' is clicked on

2018-12-16 14:51:11 - [TEST_STEP][PASSED] - delay(5): Delayed 5 second(s)

2018-12-16 14:51:16 - [MESSAGE][PASSED] - Delayed 5 second(s)

2018-12-16 14:51:16 - [TEST_STEP][PASSED] - setText(findTestObject("Object Repository/JM_8918/EMI/Fixed Resource/Page_JM Control Centre/input_Fixed Resource_gwt-uid-1"), "test"): Text 'test' is set on object 'Object Repository/JM_8918/EMI/Fixed Resource/Page_JM Control Centre/input_Fixed Resource_gwt-uid-1'

2018-12-16 14:51:16 - [MESSAGE][PASSED] - Text 'test' is set on object 'Object Repository/JM_8918/EMI/Fixed Resource/Page_JM Control Centre/input_Fixed Resource_gwt-uid-1'

2018-12-16 14:51:16 - [TEST_STEP][PASSED] - click(findTestObject("Object Repository/JM_8918/EMI/Fixed Resource/Page_JM Control Centre/span_Test Inspector")): Object: 'Object Repository/JM_8918/EMI/Fixed Resource/Page_JM Control Centre/span_Test Inspector' is clicked on

2018-12-16 14:51:16 - [MESSAGE][PASSED] - Object: 'Object Repository/JM_8918/EMI/Fixed Resource/Page_JM Control Centre/span_Test Inspector' is clicked on

2018-12-16 14:51:16 - [TEST_STEP][PASSED] - click(findTestObject("JM_8918/New/Page_JClient/Page_JM Control Centre/input_Auto Schedulable_gwt-uid")): Object: 'Object Repository/JM_8918/New/Page_JClient/Page_JM Control Centre/input_Auto Schedulable_gwt-uid' is clicked on

2018-12-16 14:51:17 - [MESSAGE][PASSED] - Object: 'Object Repository/JM_8918/New/Page_JClient/Page_JM Control Centre/input_Auto Schedulable_gwt-uid' is clicked on

2018-12-16 14:51:17 - [TEST_STEP][PASSED] - delay(2): Delayed 2 second(s)

2018-12-16 14:51:19 - [MESSAGE][PASSED] - Delayed 2 second(s)

2018-12-16 14:51:19 - [TEST_STEP][PASSED] - click(findTestObject("Object Repository/FSM1/Create ABP Inspection/Test/Page_JM Control Centre/Page_JM Control Centre/Page_JM Control Centre/span_Yes")): Object: 'Object Repository/FSM1/Create ABP Inspection/Test/Page_JM Control Centre/Page_JM Control Centre/Page_JM Control Centre/span_Yes' is clicked on

2018-12-16 14:51:19 - [MESSAGE][PASSED] - Object: 'Object Repository/FSM1/Create ABP Inspection/Test/Page_JM Control Centre/Page_JM Control Centre/Page_JM Control Centre/span_Yes' is clicked on

2018-12-16 14:51:19 - [TEST_STEP][PASSED] - delay(2): Delayed 2 second(s)

2018-12-16 14:51:21 - [MESSAGE][PASSED] - Delayed 2 second(s)

2018-12-16 14:51:21 - [TEST_STEP][PASSED] - click(findTestObject("FSM1/Control Centre/Create EMI Inspection/Finish/Page_JM Control Centre (3)/div_Create")): Object: 'Object Repository/FSM1/Control Centre/Create EMI Inspection/Finish/Page_JM Control Centre (3)/div_Create' is clicked on

2018-12-16 14:51:21 - [MESSAGE][PASSED] - Object: 'Object Repository/FSM1/Control Centre/Create EMI Inspection/Finish/Page_JM Control Centre (3)/div_Create' is clicked on

2018-12-16 14:51:21 - [TEST_STEP][PASSED] - waitForElementPresent(findTestObject("FSM1/Control Centre/Status/Page_JM Control Centre/div_PLANNED DYNAMIC"), 120, STOP_ON_FAILURE): Object 'Object Repository/FSM1/Control Centre/Status/Page_JM Control Centre/div_PLANNED DYNAMIC' is present

2018-12-16 14:52:04 - [MESSAGE][PASSED] - Object 'Object Repository/FSM1/Control Centre/Status/Page_JM Control Centre/div_PLANNED DYNAMIC' is present

2018-12-16 14:52:04 - [TEST_STEP][PASSED] - InspectionID = getText(findTestObject("FSM1/Control Centre/Create EMI Inspection/InspectionID/Page_JM Control Centre/InspectionID")): Text of object 'Object Repository/FSM1/Control Centre/Create EMI Inspection/InspectionID/Page_JM Control Centre/InspectionID' is: 'Viewing Job 96070'

2018-12-16 14:52:04 - [MESSAGE][PASSED] - Text of object 'Object Repository/FSM1/Control Centre/Create EMI Inspection/InspectionID/Page_JM Control Centre/InspectionID' is: 'Viewing Job 96070'

2018-12-16 14:52:04 - [TEST_STEP][PASSED] - InspectionID = InspectionID.replaceAll("Viewing Job ", ""): null

2018-12-16 14:52:04 - [TEST_STEP][PASSED] - log.logWarning(InspectionID): 96070

2018-12-16 14:52:04 - [MESSAGE][WARNING] - 96070

2018-12-16 14:52:04 - [TEST_STEP][PASSED] - temp = InspectionID: null

2018-12-16 14:52:04 - [TEST_STEP][PASSED] - delay(200): Delayed 200 second(s)

2018-12-16 14:55:24 - [MESSAGE][PASSED] - Delayed 200 second(s)]]></system-out>
         <system-err><![CDATA[]]></system-err>
      </testcase>
      <testcase name="Test Cases/Generic/Launch Job Manager" classname="Test Cases/Generic/Launch Job Manager" status="PASSED">
         <system-out><![CDATA[2018-12-16 14:55:24 - [TEST_CASE][PASSED] - Test Cases/Generic/Launch Job Manager: Test Cases/Generic/Launch Job Manager

2018-12-16 14:55:25 - [TEST_STEP][PASSED] - openBrowser(""): Browser is opened with url: ''

2018-12-16 14:55:25 - [MESSAGE][WARNING] - A browser is already opened. Closing browser and opening a new one

2018-12-16 14:55:25 - [MESSAGE][INFO] - Starting 'Chrome' driver

2018-12-16 14:55:28 - [MESSAGE][PASSED] - Browser is opened with url: ''

2018-12-16 14:55:28 - [TEST_STEP][PASSED] - navigateToUrl(JMURL): Navigate to 'https://kirona-def-6.kirona.com/jmprep/jclient/jclient.html' successfully

2018-12-16 14:55:30 - [MESSAGE][PASSED] - Navigate to 'https://kirona-def-6.kirona.com/jmprep/jclient/jclient.html' successfully

2018-12-16 14:55:30 - [TEST_STEP][PASSED] - setText(findTestObject("FSM1/Launch Application/Page_JClient/input_gwt-TextBox GKH2EKQBMDB"), "KIR1"): Text 'KIR1' is set on object 'Object Repository/FSM1/Launch Application/Page_JClient/input_gwt-TextBox GKH2EKQBMDB'

2018-12-16 14:55:31 - [MESSAGE][PASSED] - Text 'KIR1' is set on object 'Object Repository/FSM1/Launch Application/Page_JClient/input_gwt-TextBox GKH2EKQBMDB'

2018-12-16 14:55:31 - [TEST_STEP][PASSED] - sendKeys(findTestObject("FSM1/Launch Application/Page_JClient/input_gwt-TextBox GKH2EKQBMDB"), Keys.chord(ENTER)): Keys 'ENTER + ' sent to object: 'Object Repository/FSM1/Launch Application/Page_JClient/input_gwt-TextBox GKH2EKQBMDB'

2018-12-16 14:55:31 - [MESSAGE][PASSED] - Keys 'ENTER + ' sent to object: 'Object Repository/FSM1/Launch Application/Page_JClient/input_gwt-TextBox GKH2EKQBMDB'

2018-12-16 14:55:31 - [TEST_STEP][PASSED] - click(findTestObject("FSM1/Launch Application/Page_JClient/div_Configure App")): Object: 'Object Repository/FSM1/Launch Application/Page_JClient/div_Configure App' is clicked on

2018-12-16 14:55:31 - [MESSAGE][PASSED] - Object: 'Object Repository/FSM1/Launch Application/Page_JClient/div_Configure App' is clicked on

2018-12-16 14:55:31 - [TEST_STEP][PASSED] - setText(findTestObject("FSM1/Launch Application/Page_JClient/input_gwt-TextBox GKH2EKQBNHC"), findTestData("Pre Production/Environmental/UandP").getValue(3, 1)): Text 'test.inspector' is set on object 'Object Repository/FSM1/Launch Application/Page_JClient/input_gwt-TextBox GKH2EKQBNHC'

2018-12-16 14:55:32 - [MESSAGE][PASSED] - Text 'test.inspector' is set on object 'Object Repository/FSM1/Launch Application/Page_JClient/input_gwt-TextBox GKH2EKQBNHC'

2018-12-16 14:55:32 - [TEST_STEP][PASSED] - setText(findTestObject("FSM1/Launch Application/Page_JClient/input_gwt-PasswordTextBox GKH2"), findTestData("Pre Production/Environmental/UandP").getValue(4, 1)): Text 'Password1.' is set on object 'Object Repository/FSM1/Launch Application/Page_JClient/input_gwt-PasswordTextBox GKH2'

2018-12-16 14:55:32 - [MESSAGE][PASSED] - Text 'Password1.' is set on object 'Object Repository/FSM1/Launch Application/Page_JClient/input_gwt-PasswordTextBox GKH2'

2018-12-16 14:55:32 - [TEST_STEP][PASSED] - click(findTestObject("FSM1/Launch Application/Page_JClient/div_Sign In")): Object: 'Object Repository/FSM1/Launch Application/Page_JClient/div_Sign In' is clicked on

2018-12-16 14:55:32 - [MESSAGE][PASSED] - Object: 'Object Repository/FSM1/Launch Application/Page_JClient/div_Sign In' is clicked on

2018-12-16 14:55:32 - [TEST_STEP][PASSED] - delay(15): Delayed 15 second(s)

2018-12-16 14:55:47 - [MESSAGE][PASSED] - Delayed 15 second(s)]]></system-out>
         <system-err><![CDATA[]]></system-err>
      </testcase>
      <testcase name="Test Cases/Generic/Select Inspection" classname="Test Cases/Generic/Select Inspection" status="PASSED">
         <system-out><![CDATA[2018-12-16 14:55:47 - [TEST_CASE][PASSED] - Test Cases/Generic/Select Inspection: Test Cases/Generic/Select Inspection

2018-12-16 14:55:48 - [TEST_STEP][PASSED] - delay(10): Delayed 10 second(s)

2018-12-16 14:55:58 - [MESSAGE][PASSED] - Delayed 10 second(s)

2018-12-16 14:55:58 - [TEST_STEP][PASSED] - waitForElementClickable(findTestObject("JM_8918/Page_JM Control Centre/Page_JM Control Centre/Page_JClient/Refresh"), 250): Object 'Object Repository/JM_8918/Page_JM Control Centre/Page_JM Control Centre/Page_JClient/Refresh' is clickable

2018-12-16 14:55:58 - [MESSAGE][PASSED] - Object 'Object Repository/JM_8918/Page_JM Control Centre/Page_JM Control Centre/Page_JClient/Refresh' is clickable

2018-12-16 14:55:58 - [TEST_STEP][PASSED] - click(findTestObject("JM_8918/Page_JM Control Centre/Page_JM Control Centre/Page_JClient/Refresh")): Object: 'Object Repository/JM_8918/Page_JM Control Centre/Page_JM Control Centre/Page_JClient/Refresh' is clicked on

2018-12-16 14:55:58 - [MESSAGE][PASSED] - Object: 'Object Repository/JM_8918/Page_JM Control Centre/Page_JM Control Centre/Page_JClient/Refresh' is clicked on

2018-12-16 14:55:58 - [TEST_STEP][PASSED] - waitForElementClickable(findTestObject("JM_8918/Page_JM Control Centre/Page_JM Control Centre/Page_JClient/Refresh"), 250): Object 'Object Repository/JM_8918/Page_JM Control Centre/Page_JM Control Centre/Page_JClient/Refresh' is clickable

2018-12-16 14:55:58 - [MESSAGE][PASSED] - Object 'Object Repository/JM_8918/Page_JM Control Centre/Page_JM Control Centre/Page_JClient/Refresh' is clickable

2018-12-16 14:55:58 - [TEST_STEP][PASSED] - InspectionRef = modifyObjectProperty(findTestObject("FSM1/Select Inspection/Landing/Page_JClient/div_35098"), "text", "equals", temp, true, STOP_ON_FAILURE): Modify property of object successfully

2018-12-16 14:55:58 - [MESSAGE][PASSED] - Modify property of object successfully

2018-12-16 14:55:58 - [TEST_STEP][PASSED] - delay(5): Delayed 5 second(s)

2018-12-16 14:56:03 - [MESSAGE][PASSED] - Delayed 5 second(s)

2018-12-16 14:56:03 - [TEST_STEP][PASSED] - if (verifyElementPresent(InspectionRef, 10, OPTIONAL)): com.kms.katalon.core.webui.exception.WebElementNotFoundException: Web element with id: 'Object Repository/FSM1/Select Inspection/Landing/Page_JClient/div_35098' located by 'By.xpath: //div[(text() = '96070' or . = '96070')]' not found

2018-12-16 14:56:14 - [MESSAGE][INFO] - Unable to find the element located by 'By.xpath: //div[(text() = '96070' or . = '96070')]'. Please recheck the objects properties to make sure the desired element is located. 

2018-12-16 14:56:14 - [MESSAGE][WARNING] - com.kms.katalon.core.webui.exception.WebElementNotFoundException: Web element with id: 'Object Repository/FSM1/Select Inspection/Landing/Page_JClient/div_35098' located by 'By.xpath: //div[(text() = '96070' or . = '96070')]' not found
[[ATTACHMENT|C:\\Users\\jonha\\Documents\\Katalon\\APHA\\JM_8.9\\FSM_Regression\\Reports\\ABP\\ABP Regression - 01a\\20181216_145034\\1544972174239.png]]

2018-12-16 14:56:14 - [TEST_STEP][PASSED] - else: Object: 'Object Repository/FSM1/Select Inspection/Landing/Page_JClient/div_35098' is clicked on

2018-12-16 14:56:14 - [TEST_STEP][PASSED] - click(findTestObject("JM_8918/Page_JM Control Centre/Page_JM Control Centre/Page_JClient/div_2 Days")): Object: 'Object Repository/JM_8918/Page_JM Control Centre/Page_JM Control Centre/Page_JClient/div_2 Days' is clicked on

2018-12-16 14:56:14 - [MESSAGE][PASSED] - Object: 'Object Repository/JM_8918/Page_JM Control Centre/Page_JM Control Centre/Page_JClient/div_2 Days' is clicked on

2018-12-16 14:56:14 - [TEST_STEP][PASSED] - delay(3): Delayed 3 second(s)

2018-12-16 14:56:17 - [MESSAGE][PASSED] - Delayed 3 second(s)

2018-12-16 14:56:17 - [TEST_STEP][PASSED] - click(InspectionRef): Object: 'Object Repository/FSM1/Select Inspection/Landing/Page_JClient/div_35098' is clicked on

2018-12-16 14:56:18 - [MESSAGE][PASSED] - Object: 'Object Repository/FSM1/Select Inspection/Landing/Page_JClient/div_35098' is clicked on

2018-12-16 14:56:18 - [TEST_STEP][PASSED] - click(findTestObject("FSM1/Select Inspection/Page_JClient/div_WITH OPERATIVE")): Object: 'Object Repository/FSM1/Select Inspection/Page_JClient/div_WITH OPERATIVE' is clicked on

2018-12-16 14:56:18 - [MESSAGE][PASSED] - Object: 'Object Repository/FSM1/Select Inspection/Page_JClient/div_WITH OPERATIVE' is clicked on

2018-12-16 14:56:18 - [TEST_STEP][PASSED] - delay(2): Delayed 2 second(s)

2018-12-16 14:56:20 - [MESSAGE][PASSED] - Delayed 2 second(s)

2018-12-16 14:56:20 - [TEST_STEP][PASSED] - click(findTestObject("FSM1/Select Inspection/Page_JClient/div_TRAVELLING")): Object: 'Object Repository/FSM1/Select Inspection/Page_JClient/div_TRAVELLING' is clicked on

2018-12-16 14:56:21 - [MESSAGE][PASSED] - Object: 'Object Repository/FSM1/Select Inspection/Page_JClient/div_TRAVELLING' is clicked on

2018-12-16 14:56:21 - [TEST_STEP][PASSED] - delay(2): Delayed 2 second(s)

2018-12-16 14:56:23 - [MESSAGE][PASSED] - Delayed 2 second(s)

2018-12-16 14:56:23 - [TEST_STEP][PASSED] - click(findTestObject("FSM1/Select Inspection/Page_JClient/div_TRAVELLING")): Object: 'Object Repository/FSM1/Select Inspection/Page_JClient/div_TRAVELLING' is clicked on

2018-12-16 14:56:23 - [MESSAGE][PASSED] - Object: 'Object Repository/FSM1/Select Inspection/Page_JClient/div_TRAVELLING' is clicked on

2018-12-16 14:56:23 - [TEST_STEP][PASSED] - delay(2): Delayed 2 second(s)

2018-12-16 14:56:25 - [MESSAGE][PASSED] - Delayed 2 second(s)

2018-12-16 14:56:25 - [TEST_STEP][PASSED] - click(findTestObject("FSM1/Select Inspection/Page_JClient/div_ARRIVED")): Object: 'Object Repository/FSM1/Select Inspection/Page_JClient/div_ARRIVED' is clicked on

2018-12-16 14:56:25 - [MESSAGE][PASSED] - Object: 'Object Repository/FSM1/Select Inspection/Page_JClient/div_ARRIVED' is clicked on

2018-12-16 14:56:25 - [TEST_STEP][PASSED] - delay(2): Delayed 2 second(s)

2018-12-16 14:56:27 - [MESSAGE][PASSED] - Delayed 2 second(s)

2018-12-16 14:56:27 - [TEST_STEP][PASSED] - click(findTestObject("FSM1/Select Inspection/Page_JClient/div_ARRIVED")): Object: 'Object Repository/FSM1/Select Inspection/Page_JClient/div_ARRIVED' is clicked on

2018-12-16 14:56:27 - [MESSAGE][PASSED] - Object: 'Object Repository/FSM1/Select Inspection/Page_JClient/div_ARRIVED' is clicked on

2018-12-16 14:56:27 - [TEST_STEP][PASSED] - delay(4): Delayed 4 second(s)

2018-12-16 14:56:31 - [MESSAGE][PASSED] - Delayed 4 second(s)

2018-12-16 14:56:31 - [TEST_STEP][PASSED] - click(findTestObject("FSM1/Select Inspection/Page_JClient/div_STARTED")): Object: 'Object Repository/FSM1/Select Inspection/Page_JClient/div_STARTED' is clicked on

2018-12-16 14:56:31 - [MESSAGE][PASSED] - Object: 'Object Repository/FSM1/Select Inspection/Page_JClient/div_STARTED' is clicked on

2018-12-16 14:56:31 - [TEST_STEP][PASSED] - delay(2): Delayed 2 second(s)

2018-12-16 14:56:33 - [MESSAGE][PASSED] - Delayed 2 second(s)]]></system-out>
         <system-err><![CDATA[]]></system-err>
      </testcase>
      <testcase name="Test Cases/ABP/Generic/Complete ABP Inspection - Section A - 01a, 03a, 04a, 07a, 09a, 22" classname="Test Cases/ABP/Generic/Complete ABP Inspection - Section A - 01a, 03a, 04a, 07a, 09a, 22" status="PASSED">
         <system-out><![CDATA[2018-12-16 14:56:33 - [TEST_CASE][PASSED] - Test Cases/ABP/Generic/Complete ABP Inspection - Section A - 01a, 03a, 04a, 07a, 09a, 22: Test Cases/ABP/Generic/Complete ABP Inspection - Section A - 01a, 03a, 04a, 07a, 09a, 22

2018-12-16 14:56:34 - [TEST_STEP][PASSED] - click(findTestObject("Object Repository/FSM1/Complete ABP Inspection/Section A/Page_JClient/div_Section A Summary of Inspe")): Object: 'Object Repository/FSM1/Complete ABP Inspection/Section A/Page_JClient/div_Section A Summary of Inspe' is clicked on

2018-12-16 14:56:34 - [MESSAGE][PASSED] - Object: 'Object Repository/FSM1/Complete ABP Inspection/Section A/Page_JClient/div_Section A Summary of Inspe' is clicked on

2018-12-16 14:56:34 - [TEST_STEP][PASSED] - delay(5): Delayed 5 second(s)

2018-12-16 14:56:39 - [MESSAGE][PASSED] - Delayed 5 second(s)

2018-12-16 14:56:39 - [TEST_STEP][PASSED] - setText(findTestObject("Object Repository/FSM1/Complete ABP Inspection/Section A/Page_JClient/input_County Parish Holding (C"), "11/222/3333"): Text '11/222/3333' is set on object 'Object Repository/FSM1/Complete ABP Inspection/Section A/Page_JClient/input_County Parish Holding (C'

2018-12-16 14:56:39 - [MESSAGE][PASSED] - Text '11/222/3333' is set on object 'Object Repository/FSM1/Complete ABP Inspection/Section A/Page_JClient/input_County Parish Holding (C'

2018-12-16 14:56:39 - [TEST_STEP][PASSED] - delay(1): Delayed 1 second(s)

2018-12-16 14:56:40 - [MESSAGE][PASSED] - Delayed 1 second(s)

2018-12-16 14:56:40 - [TEST_STEP][PASSED] - click(findTestObject("Object Repository/FSM1/Complete ABP Inspection/Section A/Page_JClient/span_No")): Object: 'Object Repository/FSM1/Complete ABP Inspection/Section A/Page_JClient/span_No' is clicked on

2018-12-16 14:56:40 - [MESSAGE][PASSED] - Object: 'Object Repository/FSM1/Complete ABP Inspection/Section A/Page_JClient/span_No' is clicked on

2018-12-16 14:56:40 - [TEST_STEP][PASSED] - click(findTestObject("Object Repository/FSM1/Complete ABP Inspection/Section A/Page_JClient/span_Yes")): Object: 'Object Repository/FSM1/Complete ABP Inspection/Section A/Page_JClient/span_Yes' is clicked on

2018-12-16 14:56:41 - [MESSAGE][PASSED] - Object: 'Object Repository/FSM1/Complete ABP Inspection/Section A/Page_JClient/span_Yes' is clicked on

2018-12-16 14:56:41 - [TEST_STEP][PASSED] - setText(findTestObject("Object Repository/FSM1/Complete ABP Inspection/Section A/Page_JClient/input_Updated Customer Name_gw"), "Test Automation"): Text 'Test Automation' is set on object 'Object Repository/FSM1/Complete ABP Inspection/Section A/Page_JClient/input_Updated Customer Name_gw'

2018-12-16 14:56:41 - [MESSAGE][PASSED] - Text 'Test Automation' is set on object 'Object Repository/FSM1/Complete ABP Inspection/Section A/Page_JClient/input_Updated Customer Name_gw'

2018-12-16 14:56:41 - [TEST_STEP][PASSED] - setText(findTestObject("Object Repository/FSM1/Complete ABP Inspection/Section A/Page_JClient/input_Updated Customer Phone_g"), "07812664043"): Text '07812664043' is set on object 'Object Repository/FSM1/Complete ABP Inspection/Section A/Page_JClient/input_Updated Customer Phone_g'

2018-12-16 14:56:41 - [MESSAGE][PASSED] - Text '07812664043' is set on object 'Object Repository/FSM1/Complete ABP Inspection/Section A/Page_JClient/input_Updated Customer Phone_g'

2018-12-16 14:56:41 - [TEST_STEP][PASSED] - setText(findTestObject("Object Repository/FSM1/Complete ABP Inspection/Section A/Page_JClient/input_Updated Customer Email_g"), "updated@gmail.com"): Text 'updated@gmail.com' is set on object 'Object Repository/FSM1/Complete ABP Inspection/Section A/Page_JClient/input_Updated Customer Email_g'

2018-12-16 14:56:41 - [MESSAGE][PASSED] - Text 'updated@gmail.com' is set on object 'Object Repository/FSM1/Complete ABP Inspection/Section A/Page_JClient/input_Updated Customer Email_g'

2018-12-16 14:56:41 - [TEST_STEP][PASSED] - click(findTestObject("Object Repository/FSM1/Complete ABP Inspection/Section A/Page_JClient/span_Yes_1")): Object: 'Object Repository/FSM1/Complete ABP Inspection/Section A/Page_JClient/span_Yes_1' is clicked on

2018-12-16 14:56:42 - [MESSAGE][PASSED] - Object: 'Object Repository/FSM1/Complete ABP Inspection/Section A/Page_JClient/span_Yes_1' is clicked on

2018-12-16 14:56:42 - [TEST_STEP][PASSED] - setText(findTestObject("Object Repository/FSM1/Complete ABP Inspection/Section A/Page_JClient/input_Updated Operator Name_gw"), "Test Automation"): Text 'Test Automation' is set on object 'Object Repository/FSM1/Complete ABP Inspection/Section A/Page_JClient/input_Updated Operator Name_gw'

2018-12-16 14:56:42 - [MESSAGE][PASSED] - Text 'Test Automation' is set on object 'Object Repository/FSM1/Complete ABP Inspection/Section A/Page_JClient/input_Updated Operator Name_gw'

2018-12-16 14:56:42 - [TEST_STEP][PASSED] - setText(findTestObject("Object Repository/FSM1/Complete ABP Inspection/Section A/Page_JClient/textarea_Updated Operator Addr"), "Test Automation"): Text 'Test Automation' is set on object 'Object Repository/FSM1/Complete ABP Inspection/Section A/Page_JClient/textarea_Updated Operator Addr'

2018-12-16 14:56:42 - [MESSAGE][PASSED] - Text 'Test Automation' is set on object 'Object Repository/FSM1/Complete ABP Inspection/Section A/Page_JClient/textarea_Updated Operator Addr'

2018-12-16 14:56:42 - [TEST_STEP][PASSED] - setText(findTestObject("Object Repository/FSM1/Complete ABP Inspection/Section A/Page_JClient/input_Updated Operator Postcod"), "B93 0HN"): Text 'B93 0HN' is set on object 'Object Repository/FSM1/Complete ABP Inspection/Section A/Page_JClient/input_Updated Operator Postcod'

2018-12-16 14:56:42 - [MESSAGE][PASSED] - Text 'B93 0HN' is set on object 'Object Repository/FSM1/Complete ABP Inspection/Section A/Page_JClient/input_Updated Operator Postcod'

2018-12-16 14:56:42 - [TEST_STEP][PASSED] - setText(findTestObject("Object Repository/FSM1/Complete ABP Inspection/Section A/Page_JClient/input_Updated Operator Phone_g"), "07812664043"): Text '07812664043' is set on object 'Object Repository/FSM1/Complete ABP Inspection/Section A/Page_JClient/input_Updated Operator Phone_g'

2018-12-16 14:56:43 - [MESSAGE][PASSED] - Text '07812664043' is set on object 'Object Repository/FSM1/Complete ABP Inspection/Section A/Page_JClient/input_Updated Operator Phone_g'

2018-12-16 14:56:43 - [TEST_STEP][PASSED] - setText(findTestObject("Object Repository/FSM1/Complete ABP Inspection/Section A/Page_JClient/input_Updated Operator Email_g"), "updated@gmail.com"): Text 'updated@gmail.com' is set on object 'Object Repository/FSM1/Complete ABP Inspection/Section A/Page_JClient/input_Updated Operator Email_g'

2018-12-16 14:56:43 - [MESSAGE][PASSED] - Text 'updated@gmail.com' is set on object 'Object Repository/FSM1/Complete ABP Inspection/Section A/Page_JClient/input_Updated Operator Email_g'

2018-12-16 14:56:43 - [TEST_STEP][PASSED] - click(findTestObject("Object Repository/FSM1/Complete ABP Inspection/Section A/Page_JClient/span_Yes_2")): Object: 'Object Repository/FSM1/Complete ABP Inspection/Section A/Page_JClient/span_Yes_2' is clicked on

2018-12-16 14:56:43 - [MESSAGE][PASSED] - Object: 'Object Repository/FSM1/Complete ABP Inspection/Section A/Page_JClient/span_Yes_2' is clicked on

2018-12-16 14:56:43 - [TEST_STEP][PASSED] - click(findTestObject("Object Repository/FSM1/Complete ABP Inspection/Section A/Page_JClient/label_LA Trading Standards")): Object: 'Object Repository/FSM1/Complete ABP Inspection/Section A/Page_JClient/label_LA Trading Standards' is clicked on

2018-12-16 14:56:43 - [MESSAGE][PASSED] - Object: 'Object Repository/FSM1/Complete ABP Inspection/Section A/Page_JClient/label_LA Trading Standards' is clicked on

2018-12-16 14:56:43 - [TEST_STEP][PASSED] - click(findTestObject("Object Repository/FSM1/Complete ABP Inspection/Section A/Page_JClient/label_LA Environment Health")): Object: 'Object Repository/FSM1/Complete ABP Inspection/Section A/Page_JClient/label_LA Environment Health' is clicked on

2018-12-16 14:56:43 - [MESSAGE][PASSED] - Object: 'Object Repository/FSM1/Complete ABP Inspection/Section A/Page_JClient/label_LA Environment Health' is clicked on

2018-12-16 14:56:43 - [TEST_STEP][PASSED] - click(findTestObject("Object Repository/FSM1/Complete ABP Inspection/Section A/Page_JClient/label_Other non-DEFRA")): Object: 'Object Repository/FSM1/Complete ABP Inspection/Section A/Page_JClient/label_Other non-DEFRA' is clicked on

2018-12-16 14:56:43 - [MESSAGE][PASSED] - Object: 'Object Repository/FSM1/Complete ABP Inspection/Section A/Page_JClient/label_Other non-DEFRA' is clicked on

2018-12-16 14:56:43 - [TEST_STEP][PASSED] - delay(2): Delayed 2 second(s)

2018-12-16 14:56:45 - [MESSAGE][PASSED] - Delayed 2 second(s)

2018-12-16 14:56:46 - [TEST_STEP][PASSED] - click(findTestObject("Object Repository/FSM1/Complete ABP Inspection/Section A/Page_JClient/span_Yes_3")): Object: 'Object Repository/FSM1/Complete ABP Inspection/Section A/Page_JClient/span_Yes_3' is clicked on

2018-12-16 14:56:46 - [MESSAGE][PASSED] - Object: 'Object Repository/FSM1/Complete ABP Inspection/Section A/Page_JClient/span_Yes_3' is clicked on

2018-12-16 14:56:46 - [TEST_STEP][PASSED] - delay(2): Delayed 2 second(s)

2018-12-16 14:56:48 - [MESSAGE][PASSED] - Delayed 2 second(s)

2018-12-16 14:56:48 - [TEST_STEP][PASSED] - setText(findTestObject("Object Repository/FSM1/Complete ABP Inspection/Section A/Page_JClient/input_Name of plant representa"), "Test Automation"): Text 'Test Automation' is set on object 'Object Repository/FSM1/Complete ABP Inspection/Section A/Page_JClient/input_Name of plant representa'

2018-12-16 14:56:48 - [MESSAGE][PASSED] - Text 'Test Automation' is set on object 'Object Repository/FSM1/Complete ABP Inspection/Section A/Page_JClient/input_Name of plant representa'

2018-12-16 14:56:48 - [TEST_STEP][PASSED] - setText(findTestObject("Object Repository/FSM1/Complete ABP Inspection/Section A/Page_JClient/textarea_Issues raised at last"), "Test Automation"): Text 'Test Automation' is set on object 'Object Repository/FSM1/Complete ABP Inspection/Section A/Page_JClient/textarea_Issues raised at last'

2018-12-16 14:56:48 - [MESSAGE][PASSED] - Text 'Test Automation' is set on object 'Object Repository/FSM1/Complete ABP Inspection/Section A/Page_JClient/textarea_Issues raised at last'

2018-12-16 14:56:48 - [TEST_STEP][PASSED] - selectOptionByValue(findTestObject("Object Repository/FSM1/Complete ABP Inspection/Section A/Page_JClient/select_SatisfactoryUnsatisfact_1"), "S", true): All options with value 'S' are selected in object 'Object Repository/FSM1/Complete ABP Inspection/Section A/Page_JClient/select_SatisfactoryUnsatisfact_1'  using regular expression

2018-12-16 14:56:49 - [MESSAGE][PASSED] - All options with value 'S' are selected in object 'Object Repository/FSM1/Complete ABP Inspection/Section A/Page_JClient/select_SatisfactoryUnsatisfact_1'  using regular expression

2018-12-16 14:56:49 - [TEST_STEP][PASSED] - selectOptionByValue(findTestObject("Object Repository/FSM1/Complete ABP Inspection/Section A/Page_JClient/select_SatisfactoryUnsatisfact_2"), "S", true): All options with value 'S' are selected in object 'Object Repository/FSM1/Complete ABP Inspection/Section A/Page_JClient/select_SatisfactoryUnsatisfact_2'  using regular expression

2018-12-16 14:56:49 - [MESSAGE][PASSED] - All options with value 'S' are selected in object 'Object Repository/FSM1/Complete ABP Inspection/Section A/Page_JClient/select_SatisfactoryUnsatisfact_2'  using regular expression

2018-12-16 14:56:49 - [TEST_STEP][PASSED] - selectOptionByValue(findTestObject("Object Repository/FSM1/Complete ABP Inspection/Section A/Page_JClient/select_SatisfactoryUnsatisfact_3"), "S", true): All options with value 'S' are selected in object 'Object Repository/FSM1/Complete ABP Inspection/Section A/Page_JClient/select_SatisfactoryUnsatisfact_3'  using regular expression

2018-12-16 14:56:49 - [MESSAGE][PASSED] - All options with value 'S' are selected in object 'Object Repository/FSM1/Complete ABP Inspection/Section A/Page_JClient/select_SatisfactoryUnsatisfact_3'  using regular expression

2018-12-16 14:56:49 - [TEST_STEP][PASSED] - selectOptionByValue(findTestObject("Object Repository/FSM1/Complete ABP Inspection/Section A/Page_JClient/select_SatisfactoryUnsatisfact_4"), "S", true): All options with value 'S' are selected in object 'Object Repository/FSM1/Complete ABP Inspection/Section A/Page_JClient/select_SatisfactoryUnsatisfact_4'  using regular expression

2018-12-16 14:56:50 - [MESSAGE][PASSED] - All options with value 'S' are selected in object 'Object Repository/FSM1/Complete ABP Inspection/Section A/Page_JClient/select_SatisfactoryUnsatisfact_4'  using regular expression

2018-12-16 14:56:50 - [TEST_STEP][PASSED] - setText(findTestObject("Object Repository/FSM1/Complete ABP Inspection/Section A/Page_JClient/textarea_General Visit Comment"), "Test Automation"): Text 'Test Automation' is set on object 'Object Repository/FSM1/Complete ABP Inspection/Section A/Page_JClient/textarea_General Visit Comment'

2018-12-16 14:56:50 - [MESSAGE][PASSED] - Text 'Test Automation' is set on object 'Object Repository/FSM1/Complete ABP Inspection/Section A/Page_JClient/textarea_General Visit Comment'

2018-12-16 14:56:50 - [TEST_STEP][PASSED] - click(findTestObject("Object Repository/FSM1/Complete ABP Inspection/Section A/Page_JClient/span_No_1")): Object: 'Object Repository/FSM1/Complete ABP Inspection/Section A/Page_JClient/span_No_1' is clicked on

2018-12-16 14:56:50 - [MESSAGE][PASSED] - Object: 'Object Repository/FSM1/Complete ABP Inspection/Section A/Page_JClient/span_No_1' is clicked on

2018-12-16 14:56:50 - [TEST_STEP][PASSED] - click(findTestObject("Object Repository/FSM1/Complete ABP Inspection/Section A/Page_JClient/span_No_2")): Object: 'Object Repository/FSM1/Complete ABP Inspection/Section A/Page_JClient/span_No_2' is clicked on

2018-12-16 14:56:50 - [MESSAGE][PASSED] - Object: 'Object Repository/FSM1/Complete ABP Inspection/Section A/Page_JClient/span_No_2' is clicked on

2018-12-16 14:56:50 - [TEST_STEP][PASSED] - delay(2): Delayed 2 second(s)

2018-12-16 14:56:52 - [MESSAGE][PASSED] - Delayed 2 second(s)

2018-12-16 14:56:52 - [TEST_STEP][PASSED] - if (verifyElementPresent(findTestObject("Object Repository/FSM1/Complete ABP Inspection/Section A/Page_JClient/span_No_3"), 5, OPTIONAL)): Object: 'Object Repository/FSM1/Complete ABP Inspection/Section A/Page_JClient/span_No_3' is clicked on

2018-12-16 14:56:52 - [MESSAGE][PASSED] - Object 'Object Repository/FSM1/Complete ABP Inspection/Section A/Page_JClient/span_No_3' is present

2018-12-16 14:56:52 - [TEST_STEP][PASSED] - click(findTestObject("Object Repository/FSM1/Complete ABP Inspection/Section A/Page_JClient/span_No_3")): Object: 'Object Repository/FSM1/Complete ABP Inspection/Section A/Page_JClient/span_No_3' is clicked on

2018-12-16 14:56:52 - [MESSAGE][PASSED] - Object: 'Object Repository/FSM1/Complete ABP Inspection/Section A/Page_JClient/span_No_3' is clicked on

2018-12-16 14:56:52 - [TEST_STEP][PASSED] - selectOptionByValue(findTestObject("Object Repository/FSM1/Complete ABP Inspection/Section A/Page_JClient/select_(a) Continue with curre"), "Continue with current approval", true): All options with value 'Continue with current approval' are selected in object 'Object Repository/FSM1/Complete ABP Inspection/Section A/Page_JClient/select_(a) Continue with curre'  using regular expression

2018-12-16 14:56:53 - [MESSAGE][PASSED] - All options with value 'Continue with current approval' are selected in object 'Object Repository/FSM1/Complete ABP Inspection/Section A/Page_JClient/select_(a) Continue with curre'  using regular expression

2018-12-16 14:56:53 - [TEST_STEP][PASSED] - click(findTestObject("Object Repository/FSM1/Complete ABP Inspection/Section A/Page_JClient/span_No_4")): Object: 'Object Repository/FSM1/Complete ABP Inspection/Section A/Page_JClient/span_No_4' is clicked on

2018-12-16 14:56:53 - [MESSAGE][PASSED] - Object: 'Object Repository/FSM1/Complete ABP Inspection/Section A/Page_JClient/span_No_4' is clicked on

2018-12-16 14:56:53 - [TEST_STEP][PASSED] - click(findTestObject("Object Repository/FSM1/Complete ABP Inspection/Section A/Page_JClient/span_Yes_4")): Object: 'Object Repository/FSM1/Complete ABP Inspection/Section A/Page_JClient/span_Yes_4' is clicked on

2018-12-16 14:56:53 - [MESSAGE][PASSED] - Object: 'Object Repository/FSM1/Complete ABP Inspection/Section A/Page_JClient/span_Yes_4' is clicked on

2018-12-16 14:56:53 - [TEST_STEP][PASSED] - click(findTestObject("Object Repository/FSM1/Complete ABP Inspection/Section A/Page_JClient/span_Yes_5")): Object: 'Object Repository/FSM1/Complete ABP Inspection/Section A/Page_JClient/span_Yes_5' is clicked on

2018-12-16 14:56:53 - [MESSAGE][PASSED] - Object: 'Object Repository/FSM1/Complete ABP Inspection/Section A/Page_JClient/span_Yes_5' is clicked on

2018-12-16 14:56:53 - [TEST_STEP][PASSED] - setText(findTestObject("FSM1/Complete ABP Inspection/Section A/Page_JClient/NotifiedAndActions"), "Test Automation"): Text 'Test Automation' is set on object 'Object Repository/FSM1/Complete ABP Inspection/Section A/Page_JClient/NotifiedAndActions'

2018-12-16 14:56:53 - [MESSAGE][PASSED] - Text 'Test Automation' is set on object 'Object Repository/FSM1/Complete ABP Inspection/Section A/Page_JClient/NotifiedAndActions'

2018-12-16 14:56:53 - [TEST_STEP][PASSED] - click(findTestObject("Object Repository/FSM1/Complete ABP Inspection/Section A/Page_JClient/div_Save")): Object: 'Object Repository/FSM1/Complete ABP Inspection/Section A/Page_JClient/div_Save' is clicked on

2018-12-16 14:56:53 - [MESSAGE][PASSED] - Object: 'Object Repository/FSM1/Complete ABP Inspection/Section A/Page_JClient/div_Save' is clicked on

2018-12-16 14:56:53 - [TEST_STEP][PASSED] - delay(2): Delayed 2 second(s)

2018-12-16 14:56:55 - [MESSAGE][PASSED] - Delayed 2 second(s)

2018-12-16 14:56:55 - [TEST_STEP][PASSED] - verifyElementPresent(findTestObject("Object Repository/FSM1/Complete ABP Inspection/Section A/Page_JClient/div_Section A Summary of Inspe"), 2): Object 'Object Repository/FSM1/Complete ABP Inspection/Section A/Page_JClient/div_Section A Summary of Inspe' is present

2018-12-16 14:56:56 - [MESSAGE][PASSED] - Object 'Object Repository/FSM1/Complete ABP Inspection/Section A/Page_JClient/div_Section A Summary of Inspe' is present

2018-12-16 14:56:56 - [TEST_STEP][PASSED] - click(findTestObject("Object Repository/FSM1/Complete ABP Inspection/Section A/Page_JClient/div_Section A Summary of Inspe")): Object: 'Object Repository/FSM1/Complete ABP Inspection/Section A/Page_JClient/div_Section A Summary of Inspe' is clicked on

2018-12-16 14:56:56 - [MESSAGE][PASSED] - Object: 'Object Repository/FSM1/Complete ABP Inspection/Section A/Page_JClient/div_Section A Summary of Inspe' is clicked on

2018-12-16 14:56:56 - [TEST_STEP][PASSED] - delay(2): Delayed 2 second(s)

2018-12-16 14:56:58 - [MESSAGE][PASSED] - Delayed 2 second(s)

2018-12-16 14:56:58 - [TEST_STEP][PASSED] - setText(findTestObject("Object Repository/FSM1/Complete ABP Inspection/Section A/Page_JClient/input_Chargeable time (minutes"), "10"): Text '10' is set on object 'Object Repository/FSM1/Complete ABP Inspection/Section A/Page_JClient/input_Chargeable time (minutes'

2018-12-16 14:56:58 - [MESSAGE][PASSED] - Text '10' is set on object 'Object Repository/FSM1/Complete ABP Inspection/Section A/Page_JClient/input_Chargeable time (minutes'

2018-12-16 14:56:58 - [TEST_STEP][PASSED] - click(findTestObject("Object Repository/FSM1/Complete ABP Inspection/Section A/Page_JClient/div_Save")): Object: 'Object Repository/FSM1/Complete ABP Inspection/Section A/Page_JClient/div_Save' is clicked on

2018-12-16 14:56:58 - [MESSAGE][PASSED] - Object: 'Object Repository/FSM1/Complete ABP Inspection/Section A/Page_JClient/div_Save' is clicked on

2018-12-16 14:56:58 - [TEST_STEP][PASSED] - delay(2): Delayed 2 second(s)

2018-12-16 14:57:00 - [MESSAGE][PASSED] - Delayed 2 second(s)]]></system-out>
         <system-err><![CDATA[]]></system-err>
      </testcase>
      <testcase name="Test Cases/ABP/ABPR01a/Complete ABPR01a Inspection - Section B" classname="Test Cases/ABP/ABPR01a/Complete ABPR01a Inspection - Section B" status="PASSED">
         <system-out><![CDATA[2018-12-16 14:57:00 - [TEST_CASE][PASSED] - Test Cases/ABP/ABPR01a/Complete ABPR01a Inspection - Section B: Test Cases/ABP/ABPR01a/Complete ABPR01a Inspection - Section B

2018-12-16 14:57:01 - [TEST_STEP][PASSED] - delay(5): Delayed 5 second(s)

2018-12-16 14:57:06 - [MESSAGE][PASSED] - Delayed 5 second(s)

2018-12-16 14:57:06 - [TEST_STEP][PASSED] - click(findTestObject("Object Repository/FSM1/Complete ABP Inspection/ABPR01a Section B/Page_JClient/div_Section B Inspection Detai")): Object: 'Object Repository/FSM1/Complete ABP Inspection/ABPR01a Section B/Page_JClient/div_Section B Inspection Detai' is clicked on

2018-12-16 14:57:06 - [MESSAGE][PASSED] - Object: 'Object Repository/FSM1/Complete ABP Inspection/ABPR01a Section B/Page_JClient/div_Section B Inspection Detai' is clicked on

2018-12-16 14:57:06 - [TEST_STEP][PASSED] - delay(5): Delayed 5 second(s)

2018-12-16 14:57:11 - [MESSAGE][PASSED] - Delayed 5 second(s)

2018-12-16 14:57:11 - [TEST_STEP][PASSED] - click(findTestObject("Object Repository/FSM1/Complete ABP Inspection/ABPR01a Section B/Page_JClient/input_Biogas_gwt-uid-92"), CONTINUE_ON_FAILURE): Object: 'Object Repository/FSM1/Complete ABP Inspection/ABPR01a Section B/Page_JClient/input_Biogas_gwt-uid-92' is clicked on

2018-12-16 14:57:11 - [MESSAGE][PASSED] - Object: 'Object Repository/FSM1/Complete ABP Inspection/ABPR01a Section B/Page_JClient/input_Biogas_gwt-uid-92' is clicked on

2018-12-16 14:57:11 - [TEST_STEP][PASSED] - selectOptionByValue(findTestObject("Object Repository/FSM1/Complete ABP Inspection/ABPR01a Section B/Page_JClient/select_All Category 3 by-produ"), "Category 3 by-products", true, CONTINUE_ON_FAILURE): All options with value 'Category 3 by-products' are selected in object 'Object Repository/FSM1/Complete ABP Inspection/ABPR01a Section B/Page_JClient/select_All Category 3 by-produ'  using regular expression

2018-12-16 14:57:11 - [MESSAGE][PASSED] - All options with value 'Category 3 by-products' are selected in object 'Object Repository/FSM1/Complete ABP Inspection/ABPR01a Section B/Page_JClient/select_All Category 3 by-produ'  using regular expression

2018-12-16 14:57:11 - [TEST_STEP][PASSED] - click(findTestObject("Object Repository/FSM1/Complete ABP Inspection/ABPR01a Section B/Page_JClient/input_Structure_radio_group_1")): Object: 'Object Repository/FSM1/Complete ABP Inspection/ABPR01a Section B/Page_JClient/input_Structure_radio_group_1' is clicked on

2018-12-16 14:57:12 - [MESSAGE][PASSED] - Object: 'Object Repository/FSM1/Complete ABP Inspection/ABPR01a Section B/Page_JClient/input_Structure_radio_group_1' is clicked on

2018-12-16 14:57:12 - [TEST_STEP][PASSED] - click(findTestObject("Object Repository/FSM1/Complete ABP Inspection/ABPR01a Section B/Page_JClient/input_Not Checked_radio_group_")): Object: 'Object Repository/FSM1/Complete ABP Inspection/ABPR01a Section B/Page_JClient/input_Not Checked_radio_group_' is clicked on

2018-12-16 14:57:12 - [MESSAGE][PASSED] - Object: 'Object Repository/FSM1/Complete ABP Inspection/ABPR01a Section B/Page_JClient/input_Not Checked_radio_group_' is clicked on

2018-12-16 14:57:12 - [TEST_STEP][PASSED] - click(findTestObject("Object Repository/FSM1/Complete ABP Inspection/ABPR01a Section B/Page_JClient/input_Not Checked_radio_group__1")): Object: 'Object Repository/FSM1/Complete ABP Inspection/ABPR01a Section B/Page_JClient/input_Not Checked_radio_group__1' is clicked on

2018-12-16 14:57:12 - [MESSAGE][PASSED] - Object: 'Object Repository/FSM1/Complete ABP Inspection/ABPR01a Section B/Page_JClient/input_Not Checked_radio_group__1' is clicked on

2018-12-16 14:57:12 - [TEST_STEP][PASSED] - click(findTestObject("Object Repository/FSM1/Complete ABP Inspection/ABPR01a Section B/Page_JClient/input_Not Checked_radio_group__2")): Object: 'Object Repository/FSM1/Complete ABP Inspection/ABPR01a Section B/Page_JClient/input_Not Checked_radio_group__2' is clicked on

2018-12-16 14:57:12 - [MESSAGE][PASSED] - Object: 'Object Repository/FSM1/Complete ABP Inspection/ABPR01a Section B/Page_JClient/input_Not Checked_radio_group__2' is clicked on

2018-12-16 14:57:12 - [TEST_STEP][PASSED] - click(findTestObject("Object Repository/FSM1/Complete ABP Inspection/ABPR01a Section B/Page_JClient/input_Operations_radio_group_5")): Object: 'Object Repository/FSM1/Complete ABP Inspection/ABPR01a Section B/Page_JClient/input_Operations_radio_group_5' is clicked on

2018-12-16 14:57:12 - [MESSAGE][PASSED] - Object: 'Object Repository/FSM1/Complete ABP Inspection/ABPR01a Section B/Page_JClient/input_Operations_radio_group_5' is clicked on

2018-12-16 14:57:12 - [TEST_STEP][PASSED] - click(findTestObject("Object Repository/FSM1/Complete ABP Inspection/ABPR01a Section B/Page_JClient/input_Not Checked_radio_group__3")): Object: 'Object Repository/FSM1/Complete ABP Inspection/ABPR01a Section B/Page_JClient/input_Not Checked_radio_group__3' is clicked on

2018-12-16 14:57:12 - [MESSAGE][PASSED] - Object: 'Object Repository/FSM1/Complete ABP Inspection/ABPR01a Section B/Page_JClient/input_Not Checked_radio_group__3' is clicked on

2018-12-16 14:57:12 - [TEST_STEP][PASSED] - click(findTestObject("Object Repository/FSM1/Complete ABP Inspection/ABPR01a Section B/Page_JClient/input_Not Checked_radio_group__4")): Object: 'Object Repository/FSM1/Complete ABP Inspection/ABPR01a Section B/Page_JClient/input_Not Checked_radio_group__4' is clicked on

2018-12-16 14:57:12 - [MESSAGE][PASSED] - Object: 'Object Repository/FSM1/Complete ABP Inspection/ABPR01a Section B/Page_JClient/input_Not Checked_radio_group__4' is clicked on

2018-12-16 14:57:12 - [TEST_STEP][PASSED] - click(findTestObject("Object Repository/FSM1/Complete ABP Inspection/ABPR01a Section B/Page_JClient/input_Not Checked_radio_group__5")): Object: 'Object Repository/FSM1/Complete ABP Inspection/ABPR01a Section B/Page_JClient/input_Not Checked_radio_group__5' is clicked on

2018-12-16 14:57:13 - [MESSAGE][PASSED] - Object: 'Object Repository/FSM1/Complete ABP Inspection/ABPR01a Section B/Page_JClient/input_Not Checked_radio_group__5' is clicked on

2018-12-16 14:57:13 - [TEST_STEP][PASSED] - click(findTestObject("Object Repository/FSM1/Complete ABP Inspection/ABPR01a Section B/Page_JClient/input_Not Checked_radio_group__6")): Object: 'Object Repository/FSM1/Complete ABP Inspection/ABPR01a Section B/Page_JClient/input_Not Checked_radio_group__6' is clicked on

2018-12-16 14:57:13 - [MESSAGE][PASSED] - Object: 'Object Repository/FSM1/Complete ABP Inspection/ABPR01a Section B/Page_JClient/input_Not Checked_radio_group__6' is clicked on

2018-12-16 14:57:13 - [TEST_STEP][PASSED] - click(findTestObject("Object Repository/FSM1/Complete ABP Inspection/ABPR01a Section B/Page_JClient/input_(b) Equipment usage_radi")): Object: 'Object Repository/FSM1/Complete ABP Inspection/ABPR01a Section B/Page_JClient/input_(b) Equipment usage_radi' is clicked on

2018-12-16 14:57:13 - [MESSAGE][PASSED] - Object: 'Object Repository/FSM1/Complete ABP Inspection/ABPR01a Section B/Page_JClient/input_(b) Equipment usage_radi' is clicked on

2018-12-16 14:57:13 - [TEST_STEP][PASSED] - click(findTestObject("Object Repository/FSM1/Complete ABP Inspection/ABPR01a Section B/Page_JClient/input_(c) Availability of a do")): Object: 'Object Repository/FSM1/Complete ABP Inspection/ABPR01a Section B/Page_JClient/input_(c) Availability of a do' is clicked on

2018-12-16 14:57:13 - [MESSAGE][PASSED] - Object: 'Object Repository/FSM1/Complete ABP Inspection/ABPR01a Section B/Page_JClient/input_(c) Availability of a do' is clicked on

2018-12-16 14:57:13 - [TEST_STEP][PASSED] - click(findTestObject("Object Repository/FSM1/Complete ABP Inspection/ABPR01a Section B/Page_JClient/input_(d) Plant cleanliness_ra")): Object: 'Object Repository/FSM1/Complete ABP Inspection/ABPR01a Section B/Page_JClient/input_(d) Plant cleanliness_ra' is clicked on

2018-12-16 14:57:13 - [MESSAGE][PASSED] - Object: 'Object Repository/FSM1/Complete ABP Inspection/ABPR01a Section B/Page_JClient/input_(d) Plant cleanliness_ra' is clicked on

2018-12-16 14:57:13 - [TEST_STEP][PASSED] - click(findTestObject("Object Repository/FSM1/Complete ABP Inspection/ABPR01a Section B/Page_JClient/input_(e) Cleandown of exposed")): Object: 'Object Repository/FSM1/Complete ABP Inspection/ABPR01a Section B/Page_JClient/input_(e) Cleandown of exposed' is clicked on

2018-12-16 14:57:13 - [MESSAGE][PASSED] - Object: 'Object Repository/FSM1/Complete ABP Inspection/ABPR01a Section B/Page_JClient/input_(e) Cleandown of exposed' is clicked on

2018-12-16 14:57:13 - [TEST_STEP][PASSED] - click(findTestObject("Object Repository/FSM1/Complete ABP Inspection/ABPR01a Section B/Page_JClient/input_(f) Pest control_radio_g")): Object: 'Object Repository/FSM1/Complete ABP Inspection/ABPR01a Section B/Page_JClient/input_(f) Pest control_radio_g' is clicked on

2018-12-16 14:57:13 - [MESSAGE][PASSED] - Object: 'Object Repository/FSM1/Complete ABP Inspection/ABPR01a Section B/Page_JClient/input_(f) Pest control_radio_g' is clicked on

2018-12-16 14:57:13 - [TEST_STEP][PASSED] - click(findTestObject("Object Repository/FSM1/Complete ABP Inspection/ABPR01a Section B/Page_JClient/input_(g) Security of processe")): Object: 'Object Repository/FSM1/Complete ABP Inspection/ABPR01a Section B/Page_JClient/input_(g) Security of processe' is clicked on

2018-12-16 14:57:13 - [MESSAGE][PASSED] - Object: 'Object Repository/FSM1/Complete ABP Inspection/ABPR01a Section B/Page_JClient/input_(g) Security of processe' is clicked on

2018-12-16 14:57:13 - [TEST_STEP][PASSED] - click(findTestObject("Object Repository/FSM1/Complete ABP Inspection/ABPR01a Section B/Page_JClient/input_Not Checked_radio_group__7")): Object: 'Object Repository/FSM1/Complete ABP Inspection/ABPR01a Section B/Page_JClient/input_Not Checked_radio_group__7' is clicked on

2018-12-16 14:57:13 - [MESSAGE][PASSED] - Object: 'Object Repository/FSM1/Complete ABP Inspection/ABPR01a Section B/Page_JClient/input_Not Checked_radio_group__7' is clicked on

2018-12-16 14:57:13 - [TEST_STEP][PASSED] - click(findTestObject("Object Repository/FSM1/Complete ABP Inspection/ABPR01a Section B/Page_JClient/input_(b) to mains drains in l")): Object: 'Object Repository/FSM1/Complete ABP Inspection/ABPR01a Section B/Page_JClient/input_(b) to mains drains in l' is clicked on

2018-12-16 14:57:13 - [MESSAGE][PASSED] - Object: 'Object Repository/FSM1/Complete ABP Inspection/ABPR01a Section B/Page_JClient/input_(b) to mains drains in l' is clicked on

2018-12-16 14:57:13 - [TEST_STEP][PASSED] - click(findTestObject("Object Repository/FSM1/Complete ABP Inspection/ABPR01a Section B/Page_JClient/input_(c) to land or soakaway")): Object: 'Object Repository/FSM1/Complete ABP Inspection/ABPR01a Section B/Page_JClient/input_(c) to land or soakaway' is clicked on

2018-12-16 14:57:14 - [MESSAGE][PASSED] - Object: 'Object Repository/FSM1/Complete ABP Inspection/ABPR01a Section B/Page_JClient/input_(c) to land or soakaway' is clicked on

2018-12-16 14:57:14 - [TEST_STEP][PASSED] - click(findTestObject("Object Repository/FSM1/Complete ABP Inspection/ABPR01a Section B/Page_JClient/input_(d) absorbed and process")): Object: 'Object Repository/FSM1/Complete ABP Inspection/ABPR01a Section B/Page_JClient/input_(d) absorbed and process' is clicked on

2018-12-16 14:57:14 - [MESSAGE][PASSED] - Object: 'Object Repository/FSM1/Complete ABP Inspection/ABPR01a Section B/Page_JClient/input_(d) absorbed and process' is clicked on

2018-12-16 14:57:14 - [TEST_STEP][PASSED] - click(findTestObject("Object Repository/FSM1/Complete ABP Inspection/ABPR01a Section B/Page_JClient/input_Not Checked_radio_group__8")): Object: 'Object Repository/FSM1/Complete ABP Inspection/ABPR01a Section B/Page_JClient/input_Not Checked_radio_group__8' is clicked on

2018-12-16 14:57:14 - [MESSAGE][PASSED] - Object: 'Object Repository/FSM1/Complete ABP Inspection/ABPR01a Section B/Page_JClient/input_Not Checked_radio_group__8' is clicked on

2018-12-16 14:57:14 - [TEST_STEP][PASSED] - click(findTestObject("Object Repository/FSM1/Complete ABP Inspection/ABPR01a Section B/Page_JClient/input_Not Checked_radio_group__9")): Object: 'Object Repository/FSM1/Complete ABP Inspection/ABPR01a Section B/Page_JClient/input_Not Checked_radio_group__9' is clicked on

2018-12-16 14:57:14 - [MESSAGE][PASSED] - Object: 'Object Repository/FSM1/Complete ABP Inspection/ABPR01a Section B/Page_JClient/input_Not Checked_radio_group__9' is clicked on

2018-12-16 14:57:14 - [TEST_STEP][PASSED] - click(findTestObject("Object Repository/FSM1/Complete ABP Inspection/ABPR01a Section B/Page_JClient/input_Not Checked_radio_group__10")): Object: 'Object Repository/FSM1/Complete ABP Inspection/ABPR01a Section B/Page_JClient/input_Not Checked_radio_group__10' is clicked on

2018-12-16 14:57:14 - [MESSAGE][PASSED] - Object: 'Object Repository/FSM1/Complete ABP Inspection/ABPR01a Section B/Page_JClient/input_Not Checked_radio_group__10' is clicked on

2018-12-16 14:57:14 - [TEST_STEP][PASSED] - click(findTestObject("Object Repository/FSM1/Complete ABP Inspection/ABPR01a Section B/Page_JClient/input_Not Checked_radio_group__11")): Object: 'Object Repository/FSM1/Complete ABP Inspection/ABPR01a Section B/Page_JClient/input_Not Checked_radio_group__11' is clicked on

2018-12-16 14:57:14 - [MESSAGE][PASSED] - Object: 'Object Repository/FSM1/Complete ABP Inspection/ABPR01a Section B/Page_JClient/input_Not Checked_radio_group__11' is clicked on

2018-12-16 14:57:14 - [TEST_STEP][PASSED] - click(findTestObject("Object Repository/FSM1/Complete ABP Inspection/ABPR01a Section B/Page_JClient/input_Operations - Transport_r")): Object: 'Object Repository/FSM1/Complete ABP Inspection/ABPR01a Section B/Page_JClient/input_Operations - Transport_r' is clicked on

2018-12-16 14:57:14 - [MESSAGE][PASSED] - Object: 'Object Repository/FSM1/Complete ABP Inspection/ABPR01a Section B/Page_JClient/input_Operations - Transport_r' is clicked on

2018-12-16 14:57:14 - [TEST_STEP][PASSED] - click(findTestObject("Object Repository/FSM1/Complete ABP Inspection/ABPR01a Section B/Page_JClient/input_Not Checked_radio_group__12")): Object: 'Object Repository/FSM1/Complete ABP Inspection/ABPR01a Section B/Page_JClient/input_Not Checked_radio_group__12' is clicked on

2018-12-16 14:57:14 - [MESSAGE][PASSED] - Object: 'Object Repository/FSM1/Complete ABP Inspection/ABPR01a Section B/Page_JClient/input_Not Checked_radio_group__12' is clicked on

2018-12-16 14:57:14 - [TEST_STEP][PASSED] - click(findTestObject("Object Repository/FSM1/Complete ABP Inspection/ABPR01a Section B/Page_JClient/input_Not Checked_radio_group__13")): Object: 'Object Repository/FSM1/Complete ABP Inspection/ABPR01a Section B/Page_JClient/input_Not Checked_radio_group__13' is clicked on

2018-12-16 14:57:14 - [MESSAGE][PASSED] - Object: 'Object Repository/FSM1/Complete ABP Inspection/ABPR01a Section B/Page_JClient/input_Not Checked_radio_group__13' is clicked on

2018-12-16 14:57:14 - [TEST_STEP][PASSED] - click(findTestObject("Object Repository/FSM1/Complete ABP Inspection/ABPR01a Section B/Page_JClient/input_Not Checked_radio_group__14")): Object: 'Object Repository/FSM1/Complete ABP Inspection/ABPR01a Section B/Page_JClient/input_Not Checked_radio_group__14' is clicked on

2018-12-16 14:57:14 - [MESSAGE][PASSED] - Object: 'Object Repository/FSM1/Complete ABP Inspection/ABPR01a Section B/Page_JClient/input_Not Checked_radio_group__14' is clicked on

2018-12-16 14:57:14 - [TEST_STEP][PASSED] - click(findTestObject("Object Repository/FSM1/Complete ABP Inspection/ABPR01a Section B/Page_JClient/input_Operations - Microbiolog")): Object: 'Object Repository/FSM1/Complete ABP Inspection/ABPR01a Section B/Page_JClient/input_Operations - Microbiolog' is clicked on

2018-12-16 14:57:14 - [MESSAGE][PASSED] - Object: 'Object Repository/FSM1/Complete ABP Inspection/ABPR01a Section B/Page_JClient/input_Operations - Microbiolog' is clicked on

2018-12-16 14:57:14 - [TEST_STEP][PASSED] - click(findTestObject("Object Repository/FSM1/Complete ABP Inspection/ABPR01a Section B/Page_JClient/input_Not Checked_radio_group__15")): Object: 'Object Repository/FSM1/Complete ABP Inspection/ABPR01a Section B/Page_JClient/input_Not Checked_radio_group__15' is clicked on

2018-12-16 14:57:15 - [MESSAGE][PASSED] - Object: 'Object Repository/FSM1/Complete ABP Inspection/ABPR01a Section B/Page_JClient/input_Not Checked_radio_group__15' is clicked on

2018-12-16 14:57:15 - [TEST_STEP][PASSED] - click(findTestObject("Object Repository/FSM1/Complete ABP Inspection/ABPR01a Section B/Page_JClient/input_Not Checked_radio_group__16")): Object: 'Object Repository/FSM1/Complete ABP Inspection/ABPR01a Section B/Page_JClient/input_Not Checked_radio_group__16' is clicked on

2018-12-16 14:57:15 - [MESSAGE][PASSED] - Object: 'Object Repository/FSM1/Complete ABP Inspection/ABPR01a Section B/Page_JClient/input_Not Checked_radio_group__16' is clicked on

2018-12-16 14:57:15 - [TEST_STEP][PASSED] - click(findTestObject("Object Repository/FSM1/Complete ABP Inspection/ABPR01a Section B/Page_JClient/span_Yes")): Object: 'Object Repository/FSM1/Complete ABP Inspection/ABPR01a Section B/Page_JClient/span_Yes' is clicked on

2018-12-16 14:57:15 - [MESSAGE][PASSED] - Object: 'Object Repository/FSM1/Complete ABP Inspection/ABPR01a Section B/Page_JClient/span_Yes' is clicked on

2018-12-16 14:57:15 - [TEST_STEP][PASSED] - click(findTestObject("Object Repository/FSM1/Complete ABP Inspection/ABPR01a Section B/Page_JClient/input_Not Checked_radio_group__17")): Object: 'Object Repository/FSM1/Complete ABP Inspection/ABPR01a Section B/Page_JClient/input_Not Checked_radio_group__17' is clicked on

2018-12-16 14:57:15 - [MESSAGE][PASSED] - Object: 'Object Repository/FSM1/Complete ABP Inspection/ABPR01a Section B/Page_JClient/input_Not Checked_radio_group__17' is clicked on

2018-12-16 14:57:15 - [TEST_STEP][PASSED] - click(findTestObject("Object Repository/FSM1/Complete ABP Inspection/ABPR01a Section B/Page_JClient/input_Records_radio_group_32")): Object: 'Object Repository/FSM1/Complete ABP Inspection/ABPR01a Section B/Page_JClient/input_Records_radio_group_32' is clicked on

2018-12-16 14:57:15 - [MESSAGE][PASSED] - Object: 'Object Repository/FSM1/Complete ABP Inspection/ABPR01a Section B/Page_JClient/input_Records_radio_group_32' is clicked on

2018-12-16 14:57:15 - [TEST_STEP][PASSED] - click(findTestObject("Object Repository/FSM1/Complete ABP Inspection/ABPR01a Section B/Page_JClient/input_If records have not been")): Object: 'Object Repository/FSM1/Complete ABP Inspection/ABPR01a Section B/Page_JClient/input_If records have not been' is clicked on

2018-12-16 14:57:15 - [MESSAGE][PASSED] - Object: 'Object Repository/FSM1/Complete ABP Inspection/ABPR01a Section B/Page_JClient/input_If records have not been' is clicked on

2018-12-16 14:57:15 - [TEST_STEP][PASSED] - click(findTestObject("Object Repository/FSM1/Complete ABP Inspection/ABPR01a Section B/Page_JClient/input_Not Checked_radio_group__18")): Object: 'Object Repository/FSM1/Complete ABP Inspection/ABPR01a Section B/Page_JClient/input_Not Checked_radio_group__18' is clicked on

2018-12-16 14:57:15 - [MESSAGE][PASSED] - Object: 'Object Repository/FSM1/Complete ABP Inspection/ABPR01a Section B/Page_JClient/input_Not Checked_radio_group__18' is clicked on

2018-12-16 14:57:15 - [TEST_STEP][PASSED] - click(findTestObject("Object Repository/FSM1/Complete ABP Inspection/ABPR01a Section B/Page_JClient/input_What is the date of the")): Object: 'Object Repository/FSM1/Complete ABP Inspection/ABPR01a Section B/Page_JClient/input_What is the date of the' is clicked on

2018-12-16 14:57:15 - [MESSAGE][PASSED] - Object: 'Object Repository/FSM1/Complete ABP Inspection/ABPR01a Section B/Page_JClient/input_What is the date of the' is clicked on

2018-12-16 14:57:15 - [TEST_STEP][PASSED] - click(findTestObject("Object Repository/FSM1/Complete ABP Inspection/ABPR01a Section B/Page_JClient/input_Not Checked_radio_group__19")): Object: 'Object Repository/FSM1/Complete ABP Inspection/ABPR01a Section B/Page_JClient/input_Not Checked_radio_group__19' is clicked on

2018-12-16 14:57:15 - [MESSAGE][PASSED] - Object: 'Object Repository/FSM1/Complete ABP Inspection/ABPR01a Section B/Page_JClient/input_Not Checked_radio_group__19' is clicked on

2018-12-16 14:57:15 - [TEST_STEP][PASSED] - click(findTestObject("Object Repository/FSM1/Complete ABP Inspection/ABPR01a Section B/Page_JClient/input_To_radio_group_37")): Object: 'Object Repository/FSM1/Complete ABP Inspection/ABPR01a Section B/Page_JClient/input_To_radio_group_37' is clicked on

2018-12-16 14:57:16 - [MESSAGE][PASSED] - Object: 'Object Repository/FSM1/Complete ABP Inspection/ABPR01a Section B/Page_JClient/input_To_radio_group_37' is clicked on

2018-12-16 14:57:16 - [TEST_STEP][PASSED] - click(findTestObject("Object Repository/FSM1/Complete ABP Inspection/ABPR01a Section B/Page_JClient/input_Not Checked_radio_group__20")): Object: 'Object Repository/FSM1/Complete ABP Inspection/ABPR01a Section B/Page_JClient/input_Not Checked_radio_group__20' is clicked on

2018-12-16 14:57:16 - [MESSAGE][PASSED] - Object: 'Object Repository/FSM1/Complete ABP Inspection/ABPR01a Section B/Page_JClient/input_Not Checked_radio_group__20' is clicked on

2018-12-16 14:57:16 - [TEST_STEP][PASSED] - click(findTestObject("Object Repository/FSM1/Complete ABP Inspection/ABPR01a Section B/Page_JClient/input_b. ABP category of mater")): Object: 'Object Repository/FSM1/Complete ABP Inspection/ABPR01a Section B/Page_JClient/input_b. ABP category of mater' is clicked on

2018-12-16 14:57:16 - [MESSAGE][PASSED] - Object: 'Object Repository/FSM1/Complete ABP Inspection/ABPR01a Section B/Page_JClient/input_b. ABP category of mater' is clicked on

2018-12-16 14:57:16 - [TEST_STEP][PASSED] - click(findTestObject("Object Repository/FSM1/Complete ABP Inspection/ABPR01a Section B/Page_JClient/input_c. Volume of material (w")): Object: 'Object Repository/FSM1/Complete ABP Inspection/ABPR01a Section B/Page_JClient/input_c. Volume of material (w' is clicked on

2018-12-16 14:57:16 - [MESSAGE][PASSED] - Object: 'Object Repository/FSM1/Complete ABP Inspection/ABPR01a Section B/Page_JClient/input_c. Volume of material (w' is clicked on

2018-12-16 14:57:16 - [TEST_STEP][PASSED] - click(findTestObject("Object Repository/FSM1/Complete ABP Inspection/ABPR01a Section B/Page_JClient/input_No_radio_group_41")): Object: 'Object Repository/FSM1/Complete ABP Inspection/ABPR01a Section B/Page_JClient/input_No_radio_group_41' is clicked on

2018-12-16 14:57:16 - [MESSAGE][PASSED] - Object: 'Object Repository/FSM1/Complete ABP Inspection/ABPR01a Section B/Page_JClient/input_No_radio_group_41' is clicked on

2018-12-16 14:57:16 - [TEST_STEP][PASSED] - click(findTestObject("Object Repository/FSM1/Complete ABP Inspection/ABPR01a Section B/Page_JClient/input_e. Name and address of h")): Object: 'Object Repository/FSM1/Complete ABP Inspection/ABPR01a Section B/Page_JClient/input_e. Name and address of h' is clicked on

2018-12-16 14:57:16 - [MESSAGE][PASSED] - Object: 'Object Repository/FSM1/Complete ABP Inspection/ABPR01a Section B/Page_JClient/input_e. Name and address of h' is clicked on

2018-12-16 14:57:16 - [TEST_STEP][PASSED] - click(findTestObject("Object Repository/FSM1/Complete ABP Inspection/ABPR01a Section B/Page_JClient/input_f. Name and address of r")): Object: 'Object Repository/FSM1/Complete ABP Inspection/ABPR01a Section B/Page_JClient/input_f. Name and address of r' is clicked on

2018-12-16 14:57:16 - [MESSAGE][PASSED] - Object: 'Object Repository/FSM1/Complete ABP Inspection/ABPR01a Section B/Page_JClient/input_f. Name and address of r' is clicked on

2018-12-16 14:57:16 - [TEST_STEP][PASSED] - click(findTestObject("Object Repository/FSM1/Complete ABP Inspection/ABPR01a Section B/Page_JClient/input_g. Grazing ban requireme")): Object: 'Object Repository/FSM1/Complete ABP Inspection/ABPR01a Section B/Page_JClient/input_g. Grazing ban requireme' is clicked on

2018-12-16 14:57:16 - [MESSAGE][PASSED] - Object: 'Object Repository/FSM1/Complete ABP Inspection/ABPR01a Section B/Page_JClient/input_g. Grazing ban requireme' is clicked on

2018-12-16 14:57:16 - [TEST_STEP][PASSED] - click(findTestObject("Object Repository/FSM1/Complete ABP Inspection/ABPR01a Section B/Page_JClient/input_No_radio_group_45")): Object: 'Object Repository/FSM1/Complete ABP Inspection/ABPR01a Section B/Page_JClient/input_No_radio_group_45' is clicked on

2018-12-16 14:57:17 - [MESSAGE][PASSED] - Object: 'Object Repository/FSM1/Complete ABP Inspection/ABPR01a Section B/Page_JClient/input_No_radio_group_45' is clicked on

2018-12-16 14:57:17 - [TEST_STEP][PASSED] - setText(findTestObject("Object Repository/FSM1/Complete ABP Inspection/ABPR01a Section B/Page_JClient/textarea_Not Checked_gwt-TextA"), "Test automation"): Text 'Test automation' is set on object 'Object Repository/FSM1/Complete ABP Inspection/ABPR01a Section B/Page_JClient/textarea_Not Checked_gwt-TextA'

2018-12-16 14:57:17 - [MESSAGE][PASSED] - Text 'Test automation' is set on object 'Object Repository/FSM1/Complete ABP Inspection/ABPR01a Section B/Page_JClient/textarea_Not Checked_gwt-TextA'

2018-12-16 14:57:17 - [TEST_STEP][PASSED] - click(findTestObject("Object Repository/FSM1/Complete ABP Inspection/ABPR01a Section B/Page_JClient/input_Not Checked_radio_group__21")): Object: 'Object Repository/FSM1/Complete ABP Inspection/ABPR01a Section B/Page_JClient/input_Not Checked_radio_group__21' is clicked on

2018-12-16 14:57:17 - [MESSAGE][PASSED] - Object: 'Object Repository/FSM1/Complete ABP Inspection/ABPR01a Section B/Page_JClient/input_Not Checked_radio_group__21' is clicked on

2018-12-16 14:57:17 - [TEST_STEP][PASSED] - click(findTestObject("Object Repository/FSM1/Complete ABP Inspection/ABPR01a Section B/Page_JClient/input_(b) Do pest control reco")): Object: 'Object Repository/FSM1/Complete ABP Inspection/ABPR01a Section B/Page_JClient/input_(b) Do pest control reco' is clicked on

2018-12-16 14:57:17 - [MESSAGE][PASSED] - Object: 'Object Repository/FSM1/Complete ABP Inspection/ABPR01a Section B/Page_JClient/input_(b) Do pest control reco' is clicked on

2018-12-16 14:57:17 - [TEST_STEP][PASSED] - click(findTestObject("Object Repository/FSM1/Complete ABP Inspection/ABPR01a Section B/Page_JClient/input_Not Checked_radio_group__22")): Object: 'Object Repository/FSM1/Complete ABP Inspection/ABPR01a Section B/Page_JClient/input_Not Checked_radio_group__22' is clicked on

2018-12-16 14:57:17 - [MESSAGE][PASSED] - Object: 'Object Repository/FSM1/Complete ABP Inspection/ABPR01a Section B/Page_JClient/input_Not Checked_radio_group__22' is clicked on

2018-12-16 14:57:17 - [TEST_STEP][PASSED] - click(findTestObject("Object Repository/FSM1/Complete ABP Inspection/ABPR01a Section B/Page_JClient/input_Not Checked_radio_group__23")): Object: 'Object Repository/FSM1/Complete ABP Inspection/ABPR01a Section B/Page_JClient/input_Not Checked_radio_group__23' is clicked on

2018-12-16 14:57:17 - [MESSAGE][PASSED] - Object: 'Object Repository/FSM1/Complete ABP Inspection/ABPR01a Section B/Page_JClient/input_Not Checked_radio_group__23' is clicked on

2018-12-16 14:57:17 - [TEST_STEP][PASSED] - click(findTestObject("Object Repository/FSM1/Complete ABP Inspection/ABPR01a Section B/Page_JClient/input_(c) In your opinion does")): Object: 'Object Repository/FSM1/Complete ABP Inspection/ABPR01a Section B/Page_JClient/input_(c) In your opinion does' is clicked on

2018-12-16 14:57:17 - [MESSAGE][PASSED] - Object: 'Object Repository/FSM1/Complete ABP Inspection/ABPR01a Section B/Page_JClient/input_(c) In your opinion does' is clicked on

2018-12-16 14:57:17 - [TEST_STEP][PASSED] - setText(findTestObject("Object Repository/FSM1/Complete ABP Inspection/ABPR01a Section B/Page_JClient/textarea_Please give details o"), "test automation"): Text 'test automation' is set on object 'Object Repository/FSM1/Complete ABP Inspection/ABPR01a Section B/Page_JClient/textarea_Please give details o'

2018-12-16 14:57:17 - [MESSAGE][PASSED] - Text 'test automation' is set on object 'Object Repository/FSM1/Complete ABP Inspection/ABPR01a Section B/Page_JClient/textarea_Please give details o'

2018-12-16 14:57:17 - [TEST_STEP][PASSED] - click(findTestObject("Object Repository/FSM1/Complete ABP Inspection/ABPR01a Section B/Page_JClient/input_(a) Back trace (complete")): Object: 'Object Repository/FSM1/Complete ABP Inspection/ABPR01a Section B/Page_JClient/input_(a) Back trace (complete' is clicked on

2018-12-16 14:57:18 - [MESSAGE][PASSED] - Object: 'Object Repository/FSM1/Complete ABP Inspection/ABPR01a Section B/Page_JClient/input_(a) Back trace (complete' is clicked on

2018-12-16 14:57:18 - [TEST_STEP][PASSED] - click(findTestObject("Object Repository/FSM1/Complete ABP Inspection/ABPR01a Section B/Page_JClient/input_Yes_radio_group_52")): Object: 'Object Repository/FSM1/Complete ABP Inspection/ABPR01a Section B/Page_JClient/input_Yes_radio_group_52' is clicked on

2018-12-16 14:57:18 - [MESSAGE][PASSED] - Object: 'Object Repository/FSM1/Complete ABP Inspection/ABPR01a Section B/Page_JClient/input_Yes_radio_group_52' is clicked on

2018-12-16 14:57:18 - [TEST_STEP][PASSED] - delay(2): Delayed 2 second(s)

2018-12-16 14:57:20 - [MESSAGE][PASSED] - Delayed 2 second(s)

2018-12-16 14:57:20 - [TEST_STEP][PASSED] - click(findTestObject("Object Repository/FSM1/Complete ABP Inspection/ABPR01a Section B/Page_JClient/input_(b) Forward trace (compl")): Object: 'Object Repository/FSM1/Complete ABP Inspection/ABPR01a Section B/Page_JClient/input_(b) Forward trace (compl' is clicked on

2018-12-16 14:57:20 - [MESSAGE][PASSED] - Object: 'Object Repository/FSM1/Complete ABP Inspection/ABPR01a Section B/Page_JClient/input_(b) Forward trace (compl' is clicked on

2018-12-16 14:57:20 - [TEST_STEP][PASSED] - click(findTestObject("Object Repository/FSM1/Complete ABP Inspection/ABPR01a Section B/Page_JClient/input_Yes_radio_group_54")): Object: 'Object Repository/FSM1/Complete ABP Inspection/ABPR01a Section B/Page_JClient/input_Yes_radio_group_54' is clicked on

2018-12-16 14:57:20 - [MESSAGE][PASSED] - Object: 'Object Repository/FSM1/Complete ABP Inspection/ABPR01a Section B/Page_JClient/input_Yes_radio_group_54' is clicked on

2018-12-16 14:57:20 - [TEST_STEP][PASSED] - mydate = new java.util.Date(): null

2018-12-16 14:57:20 - [TEST_STEP][PASSED] - formattedDate = mydate.format("MM/dd/yyy"): null

2018-12-16 14:57:20 - [TEST_STEP][PASSED] - sendKeys(findTestObject("FSM1/Complete ABP Inspection/ABPR01a Section B/Page_JClient/CalibrationDate"), formattedDate): Keys '12/16/2018' sent to object: 'Object Repository/FSM1/Complete ABP Inspection/ABPR01a Section B/Page_JClient/CalibrationDate'

2018-12-16 14:57:20 - [MESSAGE][PASSED] - Keys '12/16/2018' sent to object: 'Object Repository/FSM1/Complete ABP Inspection/ABPR01a Section B/Page_JClient/CalibrationDate'

2018-12-16 14:57:20 - [TEST_STEP][PASSED] - sendKeys(findTestObject("FSM1/Complete ABP Inspection/ABPR01a Section B/Page_JClient/DocumentFromDate"), formattedDate): Keys '12/16/2018' sent to object: 'Object Repository/FSM1/Complete ABP Inspection/ABPR01a Section B/Page_JClient/DocumentFromDate'

2018-12-16 14:57:20 - [MESSAGE][PASSED] - Keys '12/16/2018' sent to object: 'Object Repository/FSM1/Complete ABP Inspection/ABPR01a Section B/Page_JClient/DocumentFromDate'

2018-12-16 14:57:20 - [TEST_STEP][PASSED] - sendKeys(findTestObject("FSM1/Complete ABP Inspection/ABPR01a Section B/Page_JClient/DocumentToDate"), formattedDate): Keys '12/16/2018' sent to object: 'Object Repository/FSM1/Complete ABP Inspection/ABPR01a Section B/Page_JClient/DocumentToDate'

2018-12-16 14:57:21 - [MESSAGE][PASSED] - Keys '12/16/2018' sent to object: 'Object Repository/FSM1/Complete ABP Inspection/ABPR01a Section B/Page_JClient/DocumentToDate'

2018-12-16 14:57:21 - [TEST_STEP][PASSED] - click(findTestObject("Object Repository/FSM1/Complete ABP Inspection/ABPR01a Section B/Page_JClient/div_Save")): Object: 'Object Repository/FSM1/Complete ABP Inspection/ABPR01a Section B/Page_JClient/div_Save' is clicked on

2018-12-16 14:57:21 - [MESSAGE][PASSED] - Object: 'Object Repository/FSM1/Complete ABP Inspection/ABPR01a Section B/Page_JClient/div_Save' is clicked on]]></system-out>
         <system-err><![CDATA[]]></system-err>
      </testcase>
      <testcase name="Test Cases/ABP/Generic/Complete ABP Inspection - Section C - Full Risk Assessment" classname="Test Cases/ABP/Generic/Complete ABP Inspection - Section C - Full Risk Assessment" status="PASSED">
         <system-out><![CDATA[2018-12-16 14:57:21 - [TEST_CASE][PASSED] - Test Cases/ABP/Generic/Complete ABP Inspection - Section C - Full Risk Assessment: Test Cases/ABP/Generic/Complete ABP Inspection - Section C - Full Risk Assessment

2018-12-16 14:57:21 - [TEST_STEP][PASSED] - delay(5): Delayed 5 second(s)

2018-12-16 14:57:26 - [MESSAGE][PASSED] - Delayed 5 second(s)

2018-12-16 14:57:26 - [TEST_STEP][PASSED] - click(findTestObject("Object Repository/FSM1/Complete ABP Inspection/Section C Full Risk Assessment/Page_JClient/div_Section C Risk Assessment")): Object: 'Object Repository/FSM1/Complete ABP Inspection/Section C Full Risk Assessment/Page_JClient/div_Section C Risk Assessment' is clicked on

2018-12-16 14:57:26 - [MESSAGE][PASSED] - Object: 'Object Repository/FSM1/Complete ABP Inspection/Section C Full Risk Assessment/Page_JClient/div_Section C Risk Assessment' is clicked on

2018-12-16 14:57:26 - [TEST_STEP][PASSED] - selectOptionByValue(findTestObject("Object Repository/FSM1/Complete ABP Inspection/Section C Full Risk Assessment/Page_JClient/select_3 - Cat 3 material and"), "12", true): All options with value '12' are selected in object 'Object Repository/FSM1/Complete ABP Inspection/Section C Full Risk Assessment/Page_JClient/select_3 - Cat 3 material and'  using regular expression

2018-12-16 14:57:27 - [MESSAGE][PASSED] - All options with value '12' are selected in object 'Object Repository/FSM1/Complete ABP Inspection/Section C Full Risk Assessment/Page_JClient/select_3 - Cat 3 material and'  using regular expression

2018-12-16 14:57:27 - [TEST_STEP][PASSED] - selectOptionByValue(findTestObject("Object Repository/FSM1/Complete ABP Inspection/Section C Full Risk Assessment/Page_JClient/select_0 - Very low throughput"), "10", true): All options with value '10' are selected in object 'Object Repository/FSM1/Complete ABP Inspection/Section C Full Risk Assessment/Page_JClient/select_0 - Very low throughput'  using regular expression

2018-12-16 14:57:27 - [MESSAGE][PASSED] - All options with value '10' are selected in object 'Object Repository/FSM1/Complete ABP Inspection/Section C Full Risk Assessment/Page_JClient/select_0 - Very low throughput'  using regular expression

2018-12-16 14:57:27 - [TEST_STEP][PASSED] - selectOptionByValue(findTestObject("Object Repository/FSM1/Complete ABP Inspection/Section C Full Risk Assessment/Page_JClient/select_0 - No product entering"), "15", true): All options with value '15' are selected in object 'Object Repository/FSM1/Complete ABP Inspection/Section C Full Risk Assessment/Page_JClient/select_0 - No product entering'  using regular expression

2018-12-16 14:57:27 - [MESSAGE][PASSED] - All options with value '15' are selected in object 'Object Repository/FSM1/Complete ABP Inspection/Section C Full Risk Assessment/Page_JClient/select_0 - No product entering'  using regular expression

2018-12-16 14:57:27 - [TEST_STEP][PASSED] - selectOptionByValue(findTestObject("Object Repository/FSM1/Complete ABP Inspection/Section C Full Risk Assessment/Page_JClient/select_0 - Not required or com"), "5", true): All options with value '5' are selected in object 'Object Repository/FSM1/Complete ABP Inspection/Section C Full Risk Assessment/Page_JClient/select_0 - Not required or com'  using regular expression

2018-12-16 14:57:28 - [MESSAGE][PASSED] - All options with value '5' are selected in object 'Object Repository/FSM1/Complete ABP Inspection/Section C Full Risk Assessment/Page_JClient/select_0 - Not required or com'  using regular expression

2018-12-16 14:57:28 - [TEST_STEP][PASSED] - selectOptionByValue(findTestObject("Object Repository/FSM1/Complete ABP Inspection/Section C Full Risk Assessment/Page_JClient/select_0 - Fully compliant iss"), "10", true): All options with value '10' are selected in object 'Object Repository/FSM1/Complete ABP Inspection/Section C Full Risk Assessment/Page_JClient/select_0 - Fully compliant iss'  using regular expression

2018-12-16 14:57:28 - [MESSAGE][PASSED] - All options with value '10' are selected in object 'Object Repository/FSM1/Complete ABP Inspection/Section C Full Risk Assessment/Page_JClient/select_0 - Fully compliant iss'  using regular expression

2018-12-16 14:57:28 - [TEST_STEP][PASSED] - selectOptionByValue(findTestObject("Object Repository/FSM1/Complete ABP Inspection/Section C Full Risk Assessment/Page_JClient/select_AnnuallyQuarterly6 Mont"), "Monthly", true): All options with value 'Monthly' are selected in object 'Object Repository/FSM1/Complete ABP Inspection/Section C Full Risk Assessment/Page_JClient/select_AnnuallyQuarterly6 Mont'  using regular expression

2018-12-16 14:57:28 - [MESSAGE][PASSED] - All options with value 'Monthly' are selected in object 'Object Repository/FSM1/Complete ABP Inspection/Section C Full Risk Assessment/Page_JClient/select_AnnuallyQuarterly6 Mont'  using regular expression

2018-12-16 14:57:28 - [TEST_STEP][PASSED] - setText(findTestObject("Object Repository/FSM1/Complete ABP Inspection/Section C Full Risk Assessment/Page_JClient/textarea_Any other relevant in"), "Test Automation"): Text 'Test Automation' is set on object 'Object Repository/FSM1/Complete ABP Inspection/Section C Full Risk Assessment/Page_JClient/textarea_Any other relevant in'

2018-12-16 14:57:28 - [MESSAGE][PASSED] - Text 'Test Automation' is set on object 'Object Repository/FSM1/Complete ABP Inspection/Section C Full Risk Assessment/Page_JClient/textarea_Any other relevant in'

2018-12-16 14:57:28 - [TEST_STEP][PASSED] - click(findTestObject("Object Repository/FSM1/Complete ABP Inspection/Section C Full Risk Assessment/Page_JClient/div_Save")): Object: 'Object Repository/FSM1/Complete ABP Inspection/Section C Full Risk Assessment/Page_JClient/div_Save' is clicked on

2018-12-16 14:57:29 - [MESSAGE][PASSED] - Object: 'Object Repository/FSM1/Complete ABP Inspection/Section C Full Risk Assessment/Page_JClient/div_Save' is clicked on]]></system-out>
         <system-err><![CDATA[]]></system-err>
      </testcase>
      <testcase name="Test Cases/ABP/Generic/Complete ABP Inspection - ABPR15 Sample Submission" classname="Test Cases/ABP/Generic/Complete ABP Inspection - ABPR15 Sample Submission" status="PASSED">
         <system-out><![CDATA[2018-12-16 14:57:29 - [TEST_CASE][PASSED] - Test Cases/ABP/Generic/Complete ABP Inspection - ABPR15 Sample Submission: Test Cases/ABP/Generic/Complete ABP Inspection - ABPR15 Sample Submission

2018-12-16 14:57:29 - [TEST_STEP][PASSED] - delay(5): Delayed 5 second(s)

2018-12-16 14:57:34 - [MESSAGE][PASSED] - Delayed 5 second(s)

2018-12-16 14:57:34 - [TEST_STEP][PASSED] - click(findTestObject("Object Repository/FSM1/Complete ABP Inspection/ABPR15 Sample Submission/Page_JClient/div_ABPR15 - Sample Submission")): Object: 'Object Repository/FSM1/Complete ABP Inspection/ABPR15 Sample Submission/Page_JClient/div_ABPR15 - Sample Submission' is clicked on

2018-12-16 14:57:34 - [MESSAGE][PASSED] - Object: 'Object Repository/FSM1/Complete ABP Inspection/ABPR15 Sample Submission/Page_JClient/div_ABPR15 - Sample Submission' is clicked on

2018-12-16 14:57:34 - [TEST_STEP][PASSED] - click(findTestObject("Object Repository/FSM1/Complete ABP Inspection/ABPR15 Sample Submission/Page_JClient/div_Create_GKH2EKQBDXB GKH2EKQ")): Object: 'Object Repository/FSM1/Complete ABP Inspection/ABPR15 Sample Submission/Page_JClient/div_Create_GKH2EKQBDXB GKH2EKQ' is clicked on

2018-12-16 14:57:34 - [MESSAGE][PASSED] - Object: 'Object Repository/FSM1/Complete ABP Inspection/ABPR15 Sample Submission/Page_JClient/div_Create_GKH2EKQBDXB GKH2EKQ' is clicked on

2018-12-16 14:57:34 - [TEST_STEP][PASSED] - selectOptionByValue(findTestObject("Object Repository/FSM1/Complete ABP Inspection/ABPR15 Sample Submission/Page_JClient/select_InvestigationRoutineVal"), "Investigation", true): All options with value 'Investigation' are selected in object 'Object Repository/FSM1/Complete ABP Inspection/ABPR15 Sample Submission/Page_JClient/select_InvestigationRoutineVal'  using regular expression

2018-12-16 14:57:34 - [MESSAGE][PASSED] - All options with value 'Investigation' are selected in object 'Object Repository/FSM1/Complete ABP Inspection/ABPR15 Sample Submission/Page_JClient/select_InvestigationRoutineVal'  using regular expression

2018-12-16 14:57:34 - [TEST_STEP][PASSED] - selectOptionByValue(findTestObject("Object Repository/FSM1/Complete ABP Inspection/ABPR15 Sample Submission/Page_JClient/select_123Catering waste"), "2", true): All options with value '2' are selected in object 'Object Repository/FSM1/Complete ABP Inspection/ABPR15 Sample Submission/Page_JClient/select_123Catering waste'  using regular expression

2018-12-16 14:57:35 - [MESSAGE][PASSED] - All options with value '2' are selected in object 'Object Repository/FSM1/Complete ABP Inspection/ABPR15 Sample Submission/Page_JClient/select_123Catering waste'  using regular expression

2018-12-16 14:57:35 - [TEST_STEP][PASSED] - setText(findTestObject("Object Repository/FSM1/Complete ABP Inspection/ABPR15 Sample Submission/Page_JClient/input_Sample identity (e.g. se"), "Test automation"): Text 'Test automation' is set on object 'Object Repository/FSM1/Complete ABP Inspection/ABPR15 Sample Submission/Page_JClient/input_Sample identity (e.g. se'

2018-12-16 14:57:35 - [MESSAGE][PASSED] - Text 'Test automation' is set on object 'Object Repository/FSM1/Complete ABP Inspection/ABPR15 Sample Submission/Page_JClient/input_Sample identity (e.g. se'

2018-12-16 14:57:35 - [TEST_STEP][PASSED] - setText(findTestObject("Object Repository/FSM1/Complete ABP Inspection/ABPR15 Sample Submission/Page_JClient/input_Type of material sampled"), "Test automation"): Text 'Test automation' is set on object 'Object Repository/FSM1/Complete ABP Inspection/ABPR15 Sample Submission/Page_JClient/input_Type of material sampled'

2018-12-16 14:57:35 - [MESSAGE][PASSED] - Text 'Test automation' is set on object 'Object Repository/FSM1/Complete ABP Inspection/ABPR15 Sample Submission/Page_JClient/input_Type of material sampled'

2018-12-16 14:57:35 - [TEST_STEP][PASSED] - selectOptionByValue(findTestObject("Object Repository/FSM1/Complete ABP Inspection/ABPR15 Sample Submission/Page_JClient/select_Compost or digestatePro"), "Compost or digestate", true): All options with value 'Compost or digestate' are selected in object 'Object Repository/FSM1/Complete ABP Inspection/ABPR15 Sample Submission/Page_JClient/select_Compost or digestatePro'  using regular expression

2018-12-16 14:57:36 - [MESSAGE][PASSED] - All options with value 'Compost or digestate' are selected in object 'Object Repository/FSM1/Complete ABP Inspection/ABPR15 Sample Submission/Page_JClient/select_Compost or digestatePro'  using regular expression

2018-12-16 14:57:36 - [TEST_STEP][PASSED] - click(findTestObject("Object Repository/FSM1/Complete ABP Inspection/ABPR15 Sample Submission/Page_JClient/input_Test Requested (refer to")): Object: 'Object Repository/FSM1/Complete ABP Inspection/ABPR15 Sample Submission/Page_JClient/input_Test Requested (refer to' is clicked on

2018-12-16 14:57:36 - [MESSAGE][PASSED] - Object: 'Object Repository/FSM1/Complete ABP Inspection/ABPR15 Sample Submission/Page_JClient/input_Test Requested (refer to' is clicked on

2018-12-16 14:57:36 - [TEST_STEP][PASSED] - click(findTestObject("Object Repository/FSM1/Complete ABP Inspection/ABPR15 Sample Submission/Page_JClient/input_Clostridium perfringens")): Object: 'Object Repository/FSM1/Complete ABP Inspection/ABPR15 Sample Submission/Page_JClient/input_Clostridium perfringens' is clicked on

2018-12-16 14:57:36 - [MESSAGE][PASSED] - Object: 'Object Repository/FSM1/Complete ABP Inspection/ABPR15 Sample Submission/Page_JClient/input_Clostridium perfringens' is clicked on

2018-12-16 14:57:36 - [TEST_STEP][PASSED] - mydate = new java.util.Date(): null

2018-12-16 14:57:36 - [TEST_STEP][PASSED] - formattedDate = mydate.format("MM/dd/yyy"): null

2018-12-16 14:57:36 - [TEST_STEP][PASSED] - sendKeys(findTestObject("FSM1/Complete ABP Inspection/ABPR15 Sample Submission/Page_JClient/DateofSample"), formattedDate): Keys '12/16/2018' sent to object: 'Object Repository/FSM1/Complete ABP Inspection/ABPR15 Sample Submission/Page_JClient/DateofSample'

2018-12-16 14:57:36 - [MESSAGE][PASSED] - Keys '12/16/2018' sent to object: 'Object Repository/FSM1/Complete ABP Inspection/ABPR15 Sample Submission/Page_JClient/DateofSample'

2018-12-16 14:57:36 - [TEST_STEP][PASSED] - sendKeys(findTestObject("FSM1/Complete ABP Inspection/ABPR15 Sample Submission/Page_JClient/DateofSubmission"), formattedDate): Keys '12/16/2018' sent to object: 'Object Repository/FSM1/Complete ABP Inspection/ABPR15 Sample Submission/Page_JClient/DateofSubmission'

2018-12-16 14:57:36 - [MESSAGE][PASSED] - Keys '12/16/2018' sent to object: 'Object Repository/FSM1/Complete ABP Inspection/ABPR15 Sample Submission/Page_JClient/DateofSubmission'

2018-12-16 14:57:36 - [TEST_STEP][PASSED] - delay(2): Delayed 2 second(s)

2018-12-16 14:57:38 - [MESSAGE][PASSED] - Delayed 2 second(s)

2018-12-16 14:57:38 - [TEST_STEP][PASSED] - click(findTestObject("FSM1/Complete ABP Inspection/ABPR15 Sample Submission/Page_JClient/div_Save1")): Object: 'Object Repository/FSM1/Complete ABP Inspection/ABPR15 Sample Submission/Page_JClient/div_Save1' is clicked on

2018-12-16 14:57:38 - [MESSAGE][PASSED] - Object: 'Object Repository/FSM1/Complete ABP Inspection/ABPR15 Sample Submission/Page_JClient/div_Save1' is clicked on]]></system-out>
         <system-err><![CDATA[]]></system-err>
      </testcase>
      <testcase name="Test Cases/ABP/Generic/Complete ABP Inspection - ABPR17 Backward Trace - Not Completed" classname="Test Cases/ABP/Generic/Complete ABP Inspection - ABPR17 Backward Trace - Not Completed" status="PASSED">
         <system-out><![CDATA[2018-12-16 14:57:38 - [TEST_CASE][PASSED] - Test Cases/ABP/Generic/Complete ABP Inspection - ABPR17 Backward Trace - Not Completed: Test Cases/ABP/Generic/Complete ABP Inspection - ABPR17 Backward Trace - Not Completed

2018-12-16 14:57:39 - [TEST_STEP][PASSED] - delay(3): Delayed 3 second(s)

2018-12-16 14:57:42 - [MESSAGE][PASSED] - Delayed 3 second(s)

2018-12-16 14:57:42 - [TEST_STEP][PASSED] - click(findTestObject("FSM1/Complete ABP Inspection/ABPR17 Backward Trace/Page_JClient/div_ABPR17 - Backward Trace1")): Object: 'Object Repository/FSM1/Complete ABP Inspection/ABPR17 Backward Trace/Page_JClient/div_ABPR17 - Backward Trace1' is clicked on

2018-12-16 14:57:42 - [MESSAGE][PASSED] - Object: 'Object Repository/FSM1/Complete ABP Inspection/ABPR17 Backward Trace/Page_JClient/div_ABPR17 - Backward Trace1' is clicked on

2018-12-16 14:57:42 - [TEST_STEP][PASSED] - delay(2): Delayed 2 second(s)

2018-12-16 14:57:44 - [MESSAGE][PASSED] - Delayed 2 second(s)

2018-12-16 14:57:44 - [TEST_STEP][PASSED] - click(findTestObject("Object Repository/FSM1/Complete ABP Inspection/ABPR17 Backward Trace/Page_JClient/div_Create_GKH2EKQBDXB GKH2EKQ")): Object: 'Object Repository/FSM1/Complete ABP Inspection/ABPR17 Backward Trace/Page_JClient/div_Create_GKH2EKQBDXB GKH2EKQ' is clicked on

2018-12-16 14:57:44 - [MESSAGE][PASSED] - Object: 'Object Repository/FSM1/Complete ABP Inspection/ABPR17 Backward Trace/Page_JClient/div_Create_GKH2EKQBDXB GKH2EKQ' is clicked on

2018-12-16 14:57:44 - [TEST_STEP][PASSED] - delay(2): Delayed 2 second(s)

2018-12-16 14:57:46 - [MESSAGE][PASSED] - Delayed 2 second(s)

2018-12-16 14:57:46 - [TEST_STEP][PASSED] - click(findTestObject("Object Repository/FSM1/Complete ABP Inspection/ABPR17 Backward Trace/Page_JClient/input_Is this inspection at th")): Object: 'Object Repository/FSM1/Complete ABP Inspection/ABPR17 Backward Trace/Page_JClient/input_Is this inspection at th' is clicked on

2018-12-16 14:57:46 - [MESSAGE][PASSED] - Object: 'Object Repository/FSM1/Complete ABP Inspection/ABPR17 Backward Trace/Page_JClient/input_Is this inspection at th' is clicked on

2018-12-16 14:57:46 - [TEST_STEP][PASSED] - verifyElementPresent(findTestObject("FSM1/Release22/Page_JClient/div_Name of Operator_17"), 2): Object 'Object Repository/FSM1/Release22/Page_JClient/div_Name of Operator_17' is present

2018-12-16 14:57:46 - [MESSAGE][PASSED] - Object 'Object Repository/FSM1/Release22/Page_JClient/div_Name of Operator_17' is present

2018-12-16 14:57:46 - [TEST_STEP][PASSED] - verifyElementPresent(findTestObject("FSM1/Release22/Page_JClient/div_Name of Operator_17_1"), 2): Object 'Object Repository/FSM1/Release22/Page_JClient/div_Name of Operator_17_1' is present

2018-12-16 14:57:46 - [MESSAGE][PASSED] - Object 'Object Repository/FSM1/Release22/Page_JClient/div_Name of Operator_17_1' is present

2018-12-16 14:57:46 - [TEST_STEP][PASSED] - setText(findTestObject("Object Repository/FSM1/Complete ABP Inspection/ABPR17 Backward Trace/Page_JClient/input_Approval Number_gwt-Text"), "1234"): Text '1234' is set on object 'Object Repository/FSM1/Complete ABP Inspection/ABPR17 Backward Trace/Page_JClient/input_Approval Number_gwt-Text'

2018-12-16 14:57:47 - [MESSAGE][PASSED] - Text '1234' is set on object 'Object Repository/FSM1/Complete ABP Inspection/ABPR17 Backward Trace/Page_JClient/input_Approval Number_gwt-Text'

2018-12-16 14:57:47 - [TEST_STEP][PASSED] - setText(findTestObject("Object Repository/FSM1/Complete ABP Inspection/ABPR17 Backward Trace/Page_JClient/input_Premises Type_gwt-TextBo"), "Test automation"): Text 'Test automation' is set on object 'Object Repository/FSM1/Complete ABP Inspection/ABPR17 Backward Trace/Page_JClient/input_Premises Type_gwt-TextBo'

2018-12-16 14:57:47 - [MESSAGE][PASSED] - Text 'Test automation' is set on object 'Object Repository/FSM1/Complete ABP Inspection/ABPR17 Backward Trace/Page_JClient/input_Premises Type_gwt-TextBo'

2018-12-16 14:57:47 - [TEST_STEP][PASSED] - setText(findTestObject("FSM1/Complete ABP Inspection/ABPR17 Backward Trace/Page_JClient/input_Name of Operator_gwt-Tex"), "Test automation"): Text 'Test automation' is set on object 'Object Repository/FSM1/Complete ABP Inspection/ABPR17 Backward Trace/Page_JClient/input_Name of Operator_gwt-Tex'

2018-12-16 14:57:47 - [MESSAGE][PASSED] - Text 'Test automation' is set on object 'Object Repository/FSM1/Complete ABP Inspection/ABPR17 Backward Trace/Page_JClient/input_Name of Operator_gwt-Tex'

2018-12-16 14:57:47 - [TEST_STEP][PASSED] - setText(findTestObject("Object Repository/FSM1/Complete ABP Inspection/ABPR17 Backward Trace/Page_JClient/textarea_Address of premises_g"), "Test automation"): Text 'Test automation' is set on object 'Object Repository/FSM1/Complete ABP Inspection/ABPR17 Backward Trace/Page_JClient/textarea_Address of premises_g'

2018-12-16 14:57:48 - [MESSAGE][PASSED] - Text 'Test automation' is set on object 'Object Repository/FSM1/Complete ABP Inspection/ABPR17 Backward Trace/Page_JClient/textarea_Address of premises_g'

2018-12-16 14:57:48 - [TEST_STEP][PASSED] - setText(findTestObject("Object Repository/FSM1/Complete ABP Inspection/ABPR17 Backward Trace/Page_JClient/input_Postcode_gwt-TextBox GKH"), "WR5 2NB"): Text 'WR5 2NB' is set on object 'Object Repository/FSM1/Complete ABP Inspection/ABPR17 Backward Trace/Page_JClient/input_Postcode_gwt-TextBox GKH'

2018-12-16 14:57:48 - [MESSAGE][PASSED] - Text 'WR5 2NB' is set on object 'Object Repository/FSM1/Complete ABP Inspection/ABPR17 Backward Trace/Page_JClient/input_Postcode_gwt-TextBox GKH'

2018-12-16 14:57:48 - [TEST_STEP][PASSED] - setText(findTestObject("Object Repository/FSM1/Complete ABP Inspection/ABPR17 Backward Trace/Page_JClient/input_Email_gwt-TextBox GKH2EK"), "test@gmail.com"): Text 'test@gmail.com' is set on object 'Object Repository/FSM1/Complete ABP Inspection/ABPR17 Backward Trace/Page_JClient/input_Email_gwt-TextBox GKH2EK'

2018-12-16 14:57:48 - [MESSAGE][PASSED] - Text 'test@gmail.com' is set on object 'Object Repository/FSM1/Complete ABP Inspection/ABPR17 Backward Trace/Page_JClient/input_Email_gwt-TextBox GKH2EK'

2018-12-16 14:57:48 - [TEST_STEP][PASSED] - setText(findTestObject("Object Repository/FSM1/Complete ABP Inspection/ABPR17 Backward Trace/Page_JClient/input_Approval number (if appl"), "1234"): Text '1234' is set on object 'Object Repository/FSM1/Complete ABP Inspection/ABPR17 Backward Trace/Page_JClient/input_Approval number (if appl'

2018-12-16 14:57:48 - [MESSAGE][PASSED] - Text '1234' is set on object 'Object Repository/FSM1/Complete ABP Inspection/ABPR17 Backward Trace/Page_JClient/input_Approval number (if appl'

2018-12-16 14:57:48 - [TEST_STEP][PASSED] - selectOptionByValue(findTestObject("Object Repository/FSM1/Complete ABP Inspection/ABPR17 Backward Trace/Page_JClient/select_NorthScotlandSouthernWa"), "North", true): All options with value 'North' are selected in object 'Object Repository/FSM1/Complete ABP Inspection/ABPR17 Backward Trace/Page_JClient/select_NorthScotlandSouthernWa'  using regular expression

2018-12-16 14:57:49 - [MESSAGE][PASSED] - All options with value 'North' are selected in object 'Object Repository/FSM1/Complete ABP Inspection/ABPR17 Backward Trace/Page_JClient/select_NorthScotlandSouthernWa'  using regular expression

2018-12-16 14:57:49 - [TEST_STEP][PASSED] - setText(findTestObject("Object Repository/FSM1/Complete ABP Inspection/ABPR17 Backward Trace/Page_JClient/input_Name of haulier_gwt-Text"), "Test automation"): Text 'Test automation' is set on object 'Object Repository/FSM1/Complete ABP Inspection/ABPR17 Backward Trace/Page_JClient/input_Name of haulier_gwt-Text'

2018-12-16 14:57:49 - [MESSAGE][PASSED] - Text 'Test automation' is set on object 'Object Repository/FSM1/Complete ABP Inspection/ABPR17 Backward Trace/Page_JClient/input_Name of haulier_gwt-Text'

2018-12-16 14:57:49 - [TEST_STEP][PASSED] - setText(findTestObject("Object Repository/FSM1/Complete ABP Inspection/ABPR17 Backward Trace/Page_JClient/textarea_Address of haulier_gw"), "Test automation"): Text 'Test automation' is set on object 'Object Repository/FSM1/Complete ABP Inspection/ABPR17 Backward Trace/Page_JClient/textarea_Address of haulier_gw'

2018-12-16 14:57:49 - [MESSAGE][PASSED] - Text 'Test automation' is set on object 'Object Repository/FSM1/Complete ABP Inspection/ABPR17 Backward Trace/Page_JClient/textarea_Address of haulier_gw'

2018-12-16 14:57:49 - [TEST_STEP][PASSED] - delay(2): Delayed 2 second(s)

2018-12-16 14:57:51 - [MESSAGE][PASSED] - Delayed 2 second(s)

2018-12-16 14:57:51 - [TEST_STEP][PASSED] - setText(findTestObject("FSM1/Complete ABP Inspection/ABPR17 Backward Trace/Page_JClient/Postcode"), "RN2 3WE"): Text 'RN2 3WE' is set on object 'Object Repository/FSM1/Complete ABP Inspection/ABPR17 Backward Trace/Page_JClient/Postcode'

2018-12-16 14:57:51 - [MESSAGE][PASSED] - Text 'RN2 3WE' is set on object 'Object Repository/FSM1/Complete ABP Inspection/ABPR17 Backward Trace/Page_JClient/Postcode'

2018-12-16 14:57:51 - [TEST_STEP][PASSED] - setText(findTestObject("Object Repository/FSM1/Complete ABP Inspection/ABPR17 Backward Trace/Page_JClient/input_Registration number (if"), "9876"): Text '9876' is set on object 'Object Repository/FSM1/Complete ABP Inspection/ABPR17 Backward Trace/Page_JClient/input_Registration number (if'

2018-12-16 14:57:52 - [MESSAGE][PASSED] - Text '9876' is set on object 'Object Repository/FSM1/Complete ABP Inspection/ABPR17 Backward Trace/Page_JClient/input_Registration number (if'

2018-12-16 14:57:52 - [TEST_STEP][PASSED] - setText(findTestObject("Object Repository/FSM1/Complete ABP Inspection/ABPR17 Backward Trace/Page_JClient/input_Reference No. of CD or o"), "112233"): Text '112233' is set on object 'Object Repository/FSM1/Complete ABP Inspection/ABPR17 Backward Trace/Page_JClient/input_Reference No. of CD or o'

2018-12-16 14:57:52 - [MESSAGE][PASSED] - Text '112233' is set on object 'Object Repository/FSM1/Complete ABP Inspection/ABPR17 Backward Trace/Page_JClient/input_Reference No. of CD or o'

2018-12-16 14:57:52 - [TEST_STEP][PASSED] - setText(findTestObject("Object Repository/FSM1/Complete ABP Inspection/ABPR17 Backward Trace/Page_JClient/textarea_Description of materi"), "Test automation"): Text 'Test automation' is set on object 'Object Repository/FSM1/Complete ABP Inspection/ABPR17 Backward Trace/Page_JClient/textarea_Description of materi'

2018-12-16 14:57:52 - [MESSAGE][PASSED] - Text 'Test automation' is set on object 'Object Repository/FSM1/Complete ABP Inspection/ABPR17 Backward Trace/Page_JClient/textarea_Description of materi'

2018-12-16 14:57:52 - [TEST_STEP][PASSED] - selectOptionByValue(findTestObject("Object Repository/FSM1/Complete ABP Inspection/ABPR17 Backward Trace/Page_JClient/select_NACattleDeerFishGoatsPi"), "Fish", true): All options with value 'Fish' are selected in object 'Object Repository/FSM1/Complete ABP Inspection/ABPR17 Backward Trace/Page_JClient/select_NACattleDeerFishGoatsPi'  using regular expression

2018-12-16 14:57:52 - [MESSAGE][PASSED] - All options with value 'Fish' are selected in object 'Object Repository/FSM1/Complete ABP Inspection/ABPR17 Backward Trace/Page_JClient/select_NACattleDeerFishGoatsPi'  using regular expression

2018-12-16 14:57:52 - [TEST_STEP][PASSED] - setText(findTestObject("Object Repository/FSM1/Complete ABP Inspection/ABPR17 Backward Trace/Page_JClient/input_Category_gwt-TextBox GKH"), "Test automation"): Text 'Test automation' is set on object 'Object Repository/FSM1/Complete ABP Inspection/ABPR17 Backward Trace/Page_JClient/input_Category_gwt-TextBox GKH'

2018-12-16 14:57:53 - [MESSAGE][PASSED] - Text 'Test automation' is set on object 'Object Repository/FSM1/Complete ABP Inspection/ABPR17 Backward Trace/Page_JClient/input_Category_gwt-TextBox GKH'

2018-12-16 14:57:53 - [TEST_STEP][PASSED] - setText(findTestObject("Object Repository/FSM1/Complete ABP Inspection/ABPR17 Backward Trace/Page_JClient/input_Quantity_gwt-TextBox GKH"), "100abc"): Text '100abc' is set on object 'Object Repository/FSM1/Complete ABP Inspection/ABPR17 Backward Trace/Page_JClient/input_Quantity_gwt-TextBox GKH'

2018-12-16 14:57:53 - [MESSAGE][PASSED] - Text '100abc' is set on object 'Object Repository/FSM1/Complete ABP Inspection/ABPR17 Backward Trace/Page_JClient/input_Quantity_gwt-TextBox GKH'

2018-12-16 14:57:53 - [TEST_STEP][PASSED] - setText(findTestObject("Object Repository/FSM1/Complete ABP Inspection/ABPR17 Backward Trace/Page_JClient/textarea_Any other relevant in"), "Test automation"): Text 'Test automation' is set on object 'Object Repository/FSM1/Complete ABP Inspection/ABPR17 Backward Trace/Page_JClient/textarea_Any other relevant in'

2018-12-16 14:57:53 - [MESSAGE][PASSED] - Text 'Test automation' is set on object 'Object Repository/FSM1/Complete ABP Inspection/ABPR17 Backward Trace/Page_JClient/textarea_Any other relevant in'

2018-12-16 14:57:53 - [TEST_STEP][PASSED] - click(findTestObject("Object Repository/FSM1/Complete ABP Inspection/ABPR17 Backward Trace/Page_JClient/input_Yes_radio_group_56")): Object: 'Object Repository/FSM1/Complete ABP Inspection/ABPR17 Backward Trace/Page_JClient/input_Yes_radio_group_56' is clicked on

2018-12-16 14:57:53 - [MESSAGE][PASSED] - Object: 'Object Repository/FSM1/Complete ABP Inspection/ABPR17 Backward Trace/Page_JClient/input_Yes_radio_group_56' is clicked on

2018-12-16 14:57:53 - [TEST_STEP][PASSED] - click(findTestObject("Object Repository/FSM1/Complete ABP Inspection/ABPR17 Backward Trace/Page_JClient/input_Yes_radio_group_57")): Object: 'Object Repository/FSM1/Complete ABP Inspection/ABPR17 Backward Trace/Page_JClient/input_Yes_radio_group_57' is clicked on

2018-12-16 14:57:53 - [MESSAGE][PASSED] - Object: 'Object Repository/FSM1/Complete ABP Inspection/ABPR17 Backward Trace/Page_JClient/input_Yes_radio_group_57' is clicked on

2018-12-16 14:57:53 - [TEST_STEP][PASSED] - delay(1): Delayed 1 second(s)

2018-12-16 14:57:54 - [MESSAGE][PASSED] - Delayed 1 second(s)

2018-12-16 14:57:54 - [TEST_STEP][PASSED] - mydate = new java.util.Date(): null

2018-12-16 14:57:54 - [TEST_STEP][PASSED] - formattedDate = mydate.format("MM/dd/yyy"): null

2018-12-16 14:57:54 - [TEST_STEP][PASSED] - sendKeys(findTestObject("FSM1/Complete ABP Inspection/ABPR17 Backward Trace/Page_JClient/DateofDespatch"), formattedDate): Keys '12/16/2018' sent to object: 'Object Repository/FSM1/Complete ABP Inspection/ABPR17 Backward Trace/Page_JClient/DateofDespatch'

2018-12-16 14:57:55 - [MESSAGE][PASSED] - Keys '12/16/2018' sent to object: 'Object Repository/FSM1/Complete ABP Inspection/ABPR17 Backward Trace/Page_JClient/DateofDespatch'

2018-12-16 14:57:55 - [TEST_STEP][PASSED] - click(findTestObject("FSM1/Complete ABP Inspection/ABPR17 Backward Trace/Page_JClient/div_Save1")): Object: 'Object Repository/FSM1/Complete ABP Inspection/ABPR17 Backward Trace/Page_JClient/div_Save1' is clicked on

2018-12-16 14:57:55 - [MESSAGE][PASSED] - Object: 'Object Repository/FSM1/Complete ABP Inspection/ABPR17 Backward Trace/Page_JClient/div_Save1' is clicked on]]></system-out>
         <system-err><![CDATA[]]></system-err>
      </testcase>
      <testcase name="Test Cases/ABP/Generic/Complete ABP Inspection - ABPR18 Forward Trace - Not Completed" classname="Test Cases/ABP/Generic/Complete ABP Inspection - ABPR18 Forward Trace - Not Completed" status="PASSED">
         <system-out><![CDATA[2018-12-16 14:57:55 - [TEST_CASE][PASSED] - Test Cases/ABP/Generic/Complete ABP Inspection - ABPR18 Forward Trace - Not Completed: Test Cases/ABP/Generic/Complete ABP Inspection - ABPR18 Forward Trace - Not Completed

2018-12-16 14:57:55 - [TEST_STEP][PASSED] - delay(2): Delayed 2 second(s)

2018-12-16 14:57:57 - [MESSAGE][PASSED] - Delayed 2 second(s)

2018-12-16 14:57:57 - [TEST_STEP][PASSED] - click(findTestObject("FSM1/Complete ABP Inspection/ABP18 Forward Trace/Page_JClient/div_ABPR18 - Forward Trace1")): Object: 'Object Repository/FSM1/Complete ABP Inspection/ABP18 Forward Trace/Page_JClient/div_ABPR18 - Forward Trace1' is clicked on

2018-12-16 14:57:57 - [MESSAGE][PASSED] - Object: 'Object Repository/FSM1/Complete ABP Inspection/ABP18 Forward Trace/Page_JClient/div_ABPR18 - Forward Trace1' is clicked on

2018-12-16 14:57:57 - [TEST_STEP][PASSED] - delay(2): Delayed 2 second(s)

2018-12-16 14:57:59 - [MESSAGE][PASSED] - Delayed 2 second(s)

2018-12-16 14:57:59 - [TEST_STEP][PASSED] - click(findTestObject("Object Repository/FSM1/Complete ABP Inspection/ABP18 Forward Trace/Page_JClient/div_Create_GKH2EKQBDXB GKH2EKQ")): Object: 'Object Repository/FSM1/Complete ABP Inspection/ABP18 Forward Trace/Page_JClient/div_Create_GKH2EKQBDXB GKH2EKQ' is clicked on

2018-12-16 14:58:00 - [MESSAGE][PASSED] - Object: 'Object Repository/FSM1/Complete ABP Inspection/ABP18 Forward Trace/Page_JClient/div_Create_GKH2EKQBDXB GKH2EKQ' is clicked on

2018-12-16 14:58:00 - [TEST_STEP][PASSED] - delay(2): Delayed 2 second(s)

2018-12-16 14:58:02 - [MESSAGE][PASSED] - Delayed 2 second(s)

2018-12-16 14:58:02 - [TEST_STEP][PASSED] - verifyElementPresent(findTestObject("FSM1/Release22/Page_JClient/div_Name of Operator_18"), 2): Object 'Object Repository/FSM1/Release22/Page_JClient/div_Name of Operator_18' is present

2018-12-16 14:58:02 - [MESSAGE][PASSED] - Object 'Object Repository/FSM1/Release22/Page_JClient/div_Name of Operator_18' is present

2018-12-16 14:58:02 - [TEST_STEP][PASSED] - verifyElementPresent(findTestObject("FSM1/Release22/Page_JClient/div_Name of Operator_18_1"), 2): Object 'Object Repository/FSM1/Release22/Page_JClient/div_Name of Operator_18_1' is present

2018-12-16 14:58:02 - [MESSAGE][PASSED] - Object 'Object Repository/FSM1/Release22/Page_JClient/div_Name of Operator_18_1' is present

2018-12-16 14:58:02 - [TEST_STEP][PASSED] - click(findTestObject("Object Repository/FSM1/Complete ABP Inspection/ABP18 Forward Trace/Page_JClient/input_Is this inspection at th")): Object: 'Object Repository/FSM1/Complete ABP Inspection/ABP18 Forward Trace/Page_JClient/input_Is this inspection at th' is clicked on

2018-12-16 14:58:02 - [MESSAGE][PASSED] - Object: 'Object Repository/FSM1/Complete ABP Inspection/ABP18 Forward Trace/Page_JClient/input_Is this inspection at th' is clicked on

2018-12-16 14:58:02 - [TEST_STEP][PASSED] - setText(findTestObject("Object Repository/FSM1/Complete ABP Inspection/ABP18 Forward Trace/Page_JClient/input_Approval Number_gwt-Text"), "123"): Text '123' is set on object 'Object Repository/FSM1/Complete ABP Inspection/ABP18 Forward Trace/Page_JClient/input_Approval Number_gwt-Text'

2018-12-16 14:58:02 - [MESSAGE][PASSED] - Text '123' is set on object 'Object Repository/FSM1/Complete ABP Inspection/ABP18 Forward Trace/Page_JClient/input_Approval Number_gwt-Text'

2018-12-16 14:58:02 - [TEST_STEP][PASSED] - setText(findTestObject("Object Repository/FSM1/Complete ABP Inspection/ABP18 Forward Trace/Page_JClient/input_Premises Type_gwt-TextBo"), "Test automation"): Text 'Test automation' is set on object 'Object Repository/FSM1/Complete ABP Inspection/ABP18 Forward Trace/Page_JClient/input_Premises Type_gwt-TextBo'

2018-12-16 14:58:02 - [MESSAGE][PASSED] - Text 'Test automation' is set on object 'Object Repository/FSM1/Complete ABP Inspection/ABP18 Forward Trace/Page_JClient/input_Premises Type_gwt-TextBo'

2018-12-16 14:58:02 - [TEST_STEP][PASSED] - setText(findTestObject("FSM1/Complete ABP Inspection/ABP18 Forward Trace/Page_JClient/input_Name of Operator_gwt-Tex"), "Test automation"): Text 'Test automation' is set on object 'Object Repository/FSM1/Complete ABP Inspection/ABP18 Forward Trace/Page_JClient/input_Name of Operator_gwt-Tex'

2018-12-16 14:58:03 - [MESSAGE][PASSED] - Text 'Test automation' is set on object 'Object Repository/FSM1/Complete ABP Inspection/ABP18 Forward Trace/Page_JClient/input_Name of Operator_gwt-Tex'

2018-12-16 14:58:03 - [TEST_STEP][PASSED] - setText(findTestObject("Object Repository/FSM1/Complete ABP Inspection/ABP18 Forward Trace/Page_JClient/textarea_Address of premises_g"), "Test automation"): Text 'Test automation' is set on object 'Object Repository/FSM1/Complete ABP Inspection/ABP18 Forward Trace/Page_JClient/textarea_Address of premises_g'

2018-12-16 14:58:03 - [MESSAGE][PASSED] - Text 'Test automation' is set on object 'Object Repository/FSM1/Complete ABP Inspection/ABP18 Forward Trace/Page_JClient/textarea_Address of premises_g'

2018-12-16 14:58:03 - [TEST_STEP][PASSED] - setText(findTestObject("Object Repository/FSM1/Complete ABP Inspection/ABP18 Forward Trace/Page_JClient/input_Postcode_gwt-TextBox GKH"), "WR5 2NB"): Text 'WR5 2NB' is set on object 'Object Repository/FSM1/Complete ABP Inspection/ABP18 Forward Trace/Page_JClient/input_Postcode_gwt-TextBox GKH'

2018-12-16 14:58:03 - [MESSAGE][PASSED] - Text 'WR5 2NB' is set on object 'Object Repository/FSM1/Complete ABP Inspection/ABP18 Forward Trace/Page_JClient/input_Postcode_gwt-TextBox GKH'

2018-12-16 14:58:03 - [TEST_STEP][PASSED] - selectOptionByValue(findTestObject("Object Repository/FSM1/Complete ABP Inspection/ABP18 Forward Trace/Page_JClient/select_NorthScotlandSouthernWa"), "Scotland", true): All options with value 'Scotland' are selected in object 'Object Repository/FSM1/Complete ABP Inspection/ABP18 Forward Trace/Page_JClient/select_NorthScotlandSouthernWa'  using regular expression

2018-12-16 14:58:04 - [MESSAGE][PASSED] - All options with value 'Scotland' are selected in object 'Object Repository/FSM1/Complete ABP Inspection/ABP18 Forward Trace/Page_JClient/select_NorthScotlandSouthernWa'  using regular expression

2018-12-16 14:58:04 - [TEST_STEP][PASSED] - setText(findTestObject("Object Repository/FSM1/Complete ABP Inspection/ABP18 Forward Trace/Page_JClient/input_Name of haulier_gwt-Text"), "Test automation"): Text 'Test automation' is set on object 'Object Repository/FSM1/Complete ABP Inspection/ABP18 Forward Trace/Page_JClient/input_Name of haulier_gwt-Text'

2018-12-16 14:58:04 - [MESSAGE][PASSED] - Text 'Test automation' is set on object 'Object Repository/FSM1/Complete ABP Inspection/ABP18 Forward Trace/Page_JClient/input_Name of haulier_gwt-Text'

2018-12-16 14:58:04 - [TEST_STEP][PASSED] - setText(findTestObject("Object Repository/FSM1/Complete ABP Inspection/ABP18 Forward Trace/Page_JClient/textarea_Address of haulier_gw"), "Test automation"): Text 'Test automation' is set on object 'Object Repository/FSM1/Complete ABP Inspection/ABP18 Forward Trace/Page_JClient/textarea_Address of haulier_gw'

2018-12-16 14:58:04 - [MESSAGE][PASSED] - Text 'Test automation' is set on object 'Object Repository/FSM1/Complete ABP Inspection/ABP18 Forward Trace/Page_JClient/textarea_Address of haulier_gw'

2018-12-16 14:58:04 - [TEST_STEP][PASSED] - setText(findTestObject("FSM1/Complete ABP Inspection/ABP18 Forward Trace/Page_JClient/Postcode"), "WR5 2NB"): Text 'WR5 2NB' is set on object 'Object Repository/FSM1/Complete ABP Inspection/ABP18 Forward Trace/Page_JClient/Postcode'

2018-12-16 14:58:04 - [MESSAGE][PASSED] - Text 'WR5 2NB' is set on object 'Object Repository/FSM1/Complete ABP Inspection/ABP18 Forward Trace/Page_JClient/Postcode'

2018-12-16 14:58:04 - [TEST_STEP][PASSED] - setText(findTestObject("Object Repository/FSM1/Complete ABP Inspection/ABP18 Forward Trace/Page_JClient/input_Registration number (if"), "123"): Text '123' is set on object 'Object Repository/FSM1/Complete ABP Inspection/ABP18 Forward Trace/Page_JClient/input_Registration number (if'

2018-12-16 14:58:05 - [MESSAGE][PASSED] - Text '123' is set on object 'Object Repository/FSM1/Complete ABP Inspection/ABP18 Forward Trace/Page_JClient/input_Registration number (if'

2018-12-16 14:58:05 - [TEST_STEP][PASSED] - setText(findTestObject("Object Repository/FSM1/Complete ABP Inspection/ABP18 Forward Trace/Page_JClient/input_Reference No. of CD or o"), "987"): Text '987' is set on object 'Object Repository/FSM1/Complete ABP Inspection/ABP18 Forward Trace/Page_JClient/input_Reference No. of CD or o'

2018-12-16 14:58:05 - [MESSAGE][PASSED] - Text '987' is set on object 'Object Repository/FSM1/Complete ABP Inspection/ABP18 Forward Trace/Page_JClient/input_Reference No. of CD or o'

2018-12-16 14:58:05 - [TEST_STEP][PASSED] - setText(findTestObject("Object Repository/FSM1/Complete ABP Inspection/ABP18 Forward Trace/Page_JClient/textarea_Description of materi"), "Test automation"): Text 'Test automation' is set on object 'Object Repository/FSM1/Complete ABP Inspection/ABP18 Forward Trace/Page_JClient/textarea_Description of materi'

2018-12-16 14:58:05 - [MESSAGE][PASSED] - Text 'Test automation' is set on object 'Object Repository/FSM1/Complete ABP Inspection/ABP18 Forward Trace/Page_JClient/textarea_Description of materi'

2018-12-16 14:58:05 - [TEST_STEP][PASSED] - selectOptionByValue(findTestObject("Object Repository/FSM1/Complete ABP Inspection/ABP18 Forward Trace/Page_JClient/select_NACattleDeerFishGoatsPi"), "Goats", true): All options with value 'Goats' are selected in object 'Object Repository/FSM1/Complete ABP Inspection/ABP18 Forward Trace/Page_JClient/select_NACattleDeerFishGoatsPi'  using regular expression

2018-12-16 14:58:05 - [MESSAGE][PASSED] - All options with value 'Goats' are selected in object 'Object Repository/FSM1/Complete ABP Inspection/ABP18 Forward Trace/Page_JClient/select_NACattleDeerFishGoatsPi'  using regular expression

2018-12-16 14:58:05 - [TEST_STEP][PASSED] - setText(findTestObject("Object Repository/FSM1/Complete ABP Inspection/ABP18 Forward Trace/Page_JClient/input_Category_gwt-TextBox GKH"), "Test automation"): Text 'Test automation' is set on object 'Object Repository/FSM1/Complete ABP Inspection/ABP18 Forward Trace/Page_JClient/input_Category_gwt-TextBox GKH'

2018-12-16 14:58:06 - [MESSAGE][PASSED] - Text 'Test automation' is set on object 'Object Repository/FSM1/Complete ABP Inspection/ABP18 Forward Trace/Page_JClient/input_Category_gwt-TextBox GKH'

2018-12-16 14:58:06 - [TEST_STEP][PASSED] - setText(findTestObject("Object Repository/FSM1/Complete ABP Inspection/ABP18 Forward Trace/Page_JClient/input_Quantity_gwt-TextBox GKH"), "12abc"): Text '12abc' is set on object 'Object Repository/FSM1/Complete ABP Inspection/ABP18 Forward Trace/Page_JClient/input_Quantity_gwt-TextBox GKH'

2018-12-16 14:58:06 - [MESSAGE][PASSED] - Text '12abc' is set on object 'Object Repository/FSM1/Complete ABP Inspection/ABP18 Forward Trace/Page_JClient/input_Quantity_gwt-TextBox GKH'

2018-12-16 14:58:06 - [TEST_STEP][PASSED] - setText(findTestObject("Object Repository/FSM1/Complete ABP Inspection/ABP18 Forward Trace/Page_JClient/textarea_Any other relevant in"), "Test automation"): Text 'Test automation' is set on object 'Object Repository/FSM1/Complete ABP Inspection/ABP18 Forward Trace/Page_JClient/textarea_Any other relevant in'

2018-12-16 14:58:06 - [MESSAGE][PASSED] - Text 'Test automation' is set on object 'Object Repository/FSM1/Complete ABP Inspection/ABP18 Forward Trace/Page_JClient/textarea_Any other relevant in'

2018-12-16 14:58:06 - [TEST_STEP][PASSED] - click(findTestObject("Object Repository/FSM1/Complete ABP Inspection/ABP18 Forward Trace/Page_JClient/input_Any other relevant infor")): Object: 'Object Repository/FSM1/Complete ABP Inspection/ABP18 Forward Trace/Page_JClient/input_Any other relevant infor' is clicked on

2018-12-16 14:58:06 - [MESSAGE][PASSED] - Object: 'Object Repository/FSM1/Complete ABP Inspection/ABP18 Forward Trace/Page_JClient/input_Any other relevant infor' is clicked on

2018-12-16 14:58:06 - [TEST_STEP][PASSED] - setText(findTestObject("Object Repository/FSM1/Complete ABP Inspection/ABP18 Forward Trace/Page_JClient/textarea_If so give details_gw"), "Test automation"): Text 'Test automation' is set on object 'Object Repository/FSM1/Complete ABP Inspection/ABP18 Forward Trace/Page_JClient/textarea_If so give details_gw'

2018-12-16 14:58:07 - [MESSAGE][PASSED] - Text 'Test automation' is set on object 'Object Repository/FSM1/Complete ABP Inspection/ABP18 Forward Trace/Page_JClient/textarea_If so give details_gw'

2018-12-16 14:58:07 - [TEST_STEP][PASSED] - click(findTestObject("Object Repository/FSM1/Complete ABP Inspection/ABP18 Forward Trace/Page_JClient/input_Yes_radio_group_132")): Object: 'Object Repository/FSM1/Complete ABP Inspection/ABP18 Forward Trace/Page_JClient/input_Yes_radio_group_132' is clicked on

2018-12-16 14:58:07 - [MESSAGE][PASSED] - Object: 'Object Repository/FSM1/Complete ABP Inspection/ABP18 Forward Trace/Page_JClient/input_Yes_radio_group_132' is clicked on

2018-12-16 14:58:07 - [TEST_STEP][NOT_RUN] - click(findTestObject("Object Repository/FSM1/Complete ABP Inspection/ABP18 Forward Trace/Page_JClient/input_How was the trace carrie")): NOT_RUN: click(findTestObject("Object Repository/FSM1/Complete ABP Inspection/ABP18 Forward Trace/Page_JClient/input_How was the trace carrie"))

2018-12-16 14:58:07 - [MESSAGE][NOT_RUN] - NOT_RUN: click(findTestObject("Object Repository/FSM1/Complete ABP Inspection/ABP18 Forward Trace/Page_JClient/input_How was the trace carrie"))

2018-12-16 14:58:07 - [TEST_STEP][NOT_RUN] - click(findTestObject("Object Repository/FSM1/Complete ABP Inspection/ABP18 Forward Trace/Page_JClient/input_Outcome_radio_group_134")): NOT_RUN: click(findTestObject("Object Repository/FSM1/Complete ABP Inspection/ABP18 Forward Trace/Page_JClient/input_Outcome_radio_group_134"))

2018-12-16 14:58:07 - [MESSAGE][NOT_RUN] - NOT_RUN: click(findTestObject("Object Repository/FSM1/Complete ABP Inspection/ABP18 Forward Trace/Page_JClient/input_Outcome_radio_group_134"))

2018-12-16 14:58:07 - [TEST_STEP][NOT_RUN] - setText(findTestObject("Object Repository/FSM1/Complete ABP Inspection/ABP18 Forward Trace/Page_JClient/textarea_Give Details_gwt-Text"), "Test automation"): NOT_RUN: setText(findTestObject("Object Repository/FSM1/Complete ABP Inspection/ABP18 Forward Trace/Page_JClient/textarea_Give Details_gwt-Text"), "Test automation")

2018-12-16 14:58:07 - [MESSAGE][NOT_RUN] - NOT_RUN: setText(findTestObject("Object Repository/FSM1/Complete ABP Inspection/ABP18 Forward Trace/Page_JClient/textarea_Give Details_gwt-Text"), "Test automation")

2018-12-16 14:58:07 - [TEST_STEP][NOT_RUN] - setText(findTestObject("Object Repository/FSM1/Complete ABP Inspection/ABP18 Forward Trace/Page_JClient/textarea_Describe action taken"), "Test automation"): NOT_RUN: setText(findTestObject("Object Repository/FSM1/Complete ABP Inspection/ABP18 Forward Trace/Page_JClient/textarea_Describe action taken"), "Test automation")

2018-12-16 14:58:07 - [MESSAGE][NOT_RUN] - NOT_RUN: setText(findTestObject("Object Repository/FSM1/Complete ABP Inspection/ABP18 Forward Trace/Page_JClient/textarea_Describe action taken"), "Test automation")

2018-12-16 14:58:07 - [TEST_STEP][PASSED] - mydate = new java.util.Date(): null

2018-12-16 14:58:07 - [TEST_STEP][PASSED] - formattedDate = mydate.format("MM/dd/yyy"): null

2018-12-16 14:58:07 - [TEST_STEP][PASSED] - sendKeys(findTestObject("FSM1/Complete ABP Inspection/ABP18 Forward Trace/Page_JClient/DateofDespatch"), formattedDate): Keys '12/16/2018' sent to object: 'Object Repository/FSM1/Complete ABP Inspection/ABP18 Forward Trace/Page_JClient/DateofDespatch'

2018-12-16 14:58:07 - [MESSAGE][PASSED] - Keys '12/16/2018' sent to object: 'Object Repository/FSM1/Complete ABP Inspection/ABP18 Forward Trace/Page_JClient/DateofDespatch'

2018-12-16 14:58:07 - [TEST_STEP][PASSED] - click(findTestObject("Object Repository/FSM1/Complete ABP Inspection/ABP18 Forward Trace/Page_JClient/div_Save")): Object: 'Object Repository/FSM1/Complete ABP Inspection/ABP18 Forward Trace/Page_JClient/div_Save' is clicked on

2018-12-16 14:58:07 - [MESSAGE][PASSED] - Object: 'Object Repository/FSM1/Complete ABP Inspection/ABP18 Forward Trace/Page_JClient/div_Save' is clicked on]]></system-out>
         <system-err><![CDATA[]]></system-err>
      </testcase>
      <testcase name="Test Cases/ABP/Generic/Check Guidance Notes" classname="Test Cases/ABP/Generic/Check Guidance Notes" status="PASSED">
         <system-out><![CDATA[2018-12-16 14:58:07 - [TEST_CASE][PASSED] - Test Cases/ABP/Generic/Check Guidance Notes: Test Cases/ABP/Generic/Check Guidance Notes

2018-12-16 14:58:07 - [TEST_STEP][PASSED] - click(findTestObject("Object Repository/FSM1/Release 21/Page_JClient/div_Data Capture")): Object: 'Object Repository/FSM1/Release 21/Page_JClient/div_Data Capture' is clicked on

2018-12-16 14:58:07 - [MESSAGE][PASSED] - Object: 'Object Repository/FSM1/Release 21/Page_JClient/div_Data Capture' is clicked on

2018-12-16 14:58:07 - [TEST_STEP][PASSED] - delay(2): Delayed 2 second(s)

2018-12-16 14:58:09 - [MESSAGE][PASSED] - Delayed 2 second(s)

2018-12-16 14:58:09 - [TEST_STEP][PASSED] - click(findTestObject("Object Repository/FSM1/Release 21/Page_JClient/div_Notes")): Object: 'Object Repository/FSM1/Release 21/Page_JClient/div_Notes' is clicked on

2018-12-16 14:58:10 - [MESSAGE][PASSED] - Object: 'Object Repository/FSM1/Release 21/Page_JClient/div_Notes' is clicked on

2018-12-16 14:58:10 - [TEST_STEP][PASSED] - delay(2): Delayed 2 second(s)

2018-12-16 14:58:12 - [MESSAGE][PASSED] - Delayed 2 second(s)

2018-12-16 14:58:12 - [TEST_STEP][PASSED] - verifyElementPresent(findTestObject("Object Repository/FSM1/Release 21/Page_JClient/td_0Fully compliant issues rap"), 0): Object 'Object Repository/FSM1/Release 21/Page_JClient/td_0Fully compliant issues rap' is present

2018-12-16 14:58:12 - [MESSAGE][WARNING] - Timeout '0' is invalid. Using default page load timeout: '30'

2018-12-16 14:58:12 - [MESSAGE][PASSED] - Object 'Object Repository/FSM1/Release 21/Page_JClient/td_0Fully compliant issues rap' is present

2018-12-16 14:58:12 - [TEST_STEP][PASSED] - verifyElementPresent(findTestObject("Object Repository/FSM1/Release 21/Page_JClient/td_0No product entering livest"), 0): Object 'Object Repository/FSM1/Release 21/Page_JClient/td_0No product entering livest' is present

2018-12-16 14:58:12 - [MESSAGE][WARNING] - Timeout '0' is invalid. Using default page load timeout: '30'

2018-12-16 14:58:12 - [MESSAGE][PASSED] - Object 'Object Repository/FSM1/Release 21/Page_JClient/td_0No product entering livest' is present

2018-12-16 14:58:12 - [TEST_STEP][PASSED] - verifyElementPresent(findTestObject("Object Repository/FSM1/Release 21/Page_JClient/td_0Not required or complete a"), 0): Object 'Object Repository/FSM1/Release 21/Page_JClient/td_0Not required or complete a' is present

2018-12-16 14:58:12 - [MESSAGE][WARNING] - Timeout '0' is invalid. Using default page load timeout: '30'

2018-12-16 14:58:12 - [MESSAGE][PASSED] - Object 'Object Repository/FSM1/Release 21/Page_JClient/td_0Not required or complete a' is present

2018-12-16 14:58:12 - [TEST_STEP][PASSED] - verifyElementPresent(findTestObject("Object Repository/FSM1/Release 21/Page_JClient/td_0Very low throughput1 tonne"), 0): Object 'Object Repository/FSM1/Release 21/Page_JClient/td_0Very low throughput1 tonne' is present

2018-12-16 14:58:12 - [MESSAGE][WARNING] - Timeout '0' is invalid. Using default page load timeout: '30'

2018-12-16 14:58:12 - [MESSAGE][PASSED] - Object 'Object Repository/FSM1/Release 21/Page_JClient/td_0Very low throughput1 tonne' is present

2018-12-16 14:58:12 - [TEST_STEP][PASSED] - verifyElementPresent(findTestObject("Object Repository/FSM1/Release 21/Page_JClient/td_3Cat 3 material  catering w"), 0): Object 'Object Repository/FSM1/Release 21/Page_JClient/td_3Cat 3 material  catering w' is present

2018-12-16 14:58:12 - [MESSAGE][WARNING] - Timeout '0' is invalid. Using default page load timeout: '30'

2018-12-16 14:58:12 - [MESSAGE][PASSED] - Object 'Object Repository/FSM1/Release 21/Page_JClient/td_3Cat 3 material  catering w' is present

2018-12-16 14:58:12 - [TEST_STEP][PASSED] - verifyElementPresent(findTestObject("Object Repository/FSM1/Release 21/Page_JClient/td_What is the potential risk"), 0): Object 'Object Repository/FSM1/Release 21/Page_JClient/td_What is the potential risk' is present

2018-12-16 14:58:12 - [MESSAGE][WARNING] - Timeout '0' is invalid. Using default page load timeout: '30'

2018-12-16 14:58:12 - [MESSAGE][PASSED] - Object 'Object Repository/FSM1/Release 21/Page_JClient/td_What is the potential risk' is present

2018-12-16 14:58:12 - [TEST_STEP][PASSED] - verifyElementPresent(findTestObject("Object Repository/FSM1/Release 21/Page_JClient/td_0No product entering livest"), 0): Object 'Object Repository/FSM1/Release 21/Page_JClient/td_0No product entering livest' is present

2018-12-16 14:58:12 - [MESSAGE][WARNING] - Timeout '0' is invalid. Using default page load timeout: '30'

2018-12-16 14:58:12 - [MESSAGE][PASSED] - Object 'Object Repository/FSM1/Release 21/Page_JClient/td_0No product entering livest' is present

2018-12-16 14:58:12 - [TEST_STEP][PASSED] - verifyElementPresent(findTestObject("Object Repository/FSM1/Release 21/Page_JClient/td_5Potential risk of product"), 0): Object 'Object Repository/FSM1/Release 21/Page_JClient/td_5Potential risk of product' is present

2018-12-16 14:58:12 - [MESSAGE][WARNING] - Timeout '0' is invalid. Using default page load timeout: '30'

2018-12-16 14:58:12 - [MESSAGE][PASSED] - Object 'Object Repository/FSM1/Release 21/Page_JClient/td_5Potential risk of product' is present

2018-12-16 14:58:12 - [TEST_STEP][PASSED] - verifyElementPresent(findTestObject("Object Repository/FSM1/Release 21/Page_JClient/td_15Potential risk of the pro"), 0): Object 'Object Repository/FSM1/Release 21/Page_JClient/td_15Potential risk of the pro' is present

2018-12-16 14:58:12 - [MESSAGE][WARNING] - Timeout '0' is invalid. Using default page load timeout: '30'

2018-12-16 14:58:12 - [MESSAGE][PASSED] - Object 'Object Repository/FSM1/Release 21/Page_JClient/td_15Potential risk of the pro' is present]]></system-out>
         <system-err><![CDATA[]]></system-err>
      </testcase>
      <testcase name="Test Cases/ABP/Generic/Complete ABP Inspection - Complete" classname="Test Cases/ABP/Generic/Complete ABP Inspection - Complete" status="PASSED">
         <system-out><![CDATA[2018-12-16 14:58:12 - [TEST_CASE][PASSED] - Test Cases/ABP/Generic/Complete ABP Inspection - Complete: Test Cases/ABP/Generic/Complete ABP Inspection - Complete

2018-12-16 14:58:12 - [TEST_STEP][PASSED] - delay(2): Delayed 2 second(s)

2018-12-16 14:58:14 - [MESSAGE][PASSED] - Delayed 2 second(s)

2018-12-16 14:58:14 - [TEST_STEP][PASSED] - click(findTestObject("Object Repository/FSM1/Complete ABP Inspection/Complete ABP01a Inspection/Page_JClient/div_STARTED (locked)")): Object: 'Object Repository/FSM1/Complete ABP Inspection/Complete ABP01a Inspection/Page_JClient/div_STARTED (locked)' is clicked on

2018-12-16 14:58:14 - [MESSAGE][PASSED] - Object: 'Object Repository/FSM1/Complete ABP Inspection/Complete ABP01a Inspection/Page_JClient/div_STARTED (locked)' is clicked on

2018-12-16 14:58:14 - [TEST_STEP][PASSED] - delay(2): Delayed 2 second(s)

2018-12-16 14:58:16 - [MESSAGE][PASSED] - Delayed 2 second(s)

2018-12-16 14:58:16 - [TEST_STEP][PASSED] - click(findTestObject("Object Repository/FSM1/Complete ABP Inspection/Complete ABP01a Inspection/Page_JClient/div_COMPLETED")): Object: 'Object Repository/FSM1/Complete ABP Inspection/Complete ABP01a Inspection/Page_JClient/div_COMPLETED' is clicked on

2018-12-16 14:58:17 - [MESSAGE][PASSED] - Object: 'Object Repository/FSM1/Complete ABP Inspection/Complete ABP01a Inspection/Page_JClient/div_COMPLETED' is clicked on

2018-12-16 14:58:17 - [TEST_STEP][PASSED] - selectOptionByValue(findTestObject("Object Repository/FSM1/Complete ABP Inspection/Complete ABP01a Inspection/Page_JClient/select_Yes"), "COMPLETED", true): All options with value 'COMPLETED' are selected in object 'Object Repository/FSM1/Complete ABP Inspection/Complete ABP01a Inspection/Page_JClient/select_Yes'  using regular expression

2018-12-16 14:58:17 - [MESSAGE][PASSED] - All options with value 'COMPLETED' are selected in object 'Object Repository/FSM1/Complete ABP Inspection/Complete ABP01a Inspection/Page_JClient/select_Yes'  using regular expression

2018-12-16 14:58:17 - [TEST_STEP][PASSED] - delay(3): Delayed 3 second(s)

2018-12-16 14:58:20 - [MESSAGE][PASSED] - Delayed 3 second(s)

2018-12-16 14:58:20 - [TEST_STEP][PASSED] - click(findTestObject("Object Repository/FSM1/Complete ABP Inspection/Complete ABP01a Inspection/Page_JClient/div_Save")): Object: 'Object Repository/FSM1/Complete ABP Inspection/Complete ABP01a Inspection/Page_JClient/div_Save' is clicked on

2018-12-16 14:58:20 - [MESSAGE][PASSED] - Object: 'Object Repository/FSM1/Complete ABP Inspection/Complete ABP01a Inspection/Page_JClient/div_Save' is clicked on

2018-12-16 14:58:20 - [TEST_STEP][PASSED] - delay(2): Delayed 2 second(s)

2018-12-16 14:58:22 - [MESSAGE][PASSED] - Delayed 2 second(s)

2018-12-16 14:58:22 - [TEST_STEP][PASSED] - click(findTestObject("Object Repository/FSM1/Complete ABP Inspection/Complete ABP01a Inspection/Page_JClient/div_Ok")): Object: 'Object Repository/FSM1/Complete ABP Inspection/Complete ABP01a Inspection/Page_JClient/div_Ok' is clicked on

2018-12-16 14:58:22 - [MESSAGE][PASSED] - Object: 'Object Repository/FSM1/Complete ABP Inspection/Complete ABP01a Inspection/Page_JClient/div_Ok' is clicked on

2018-12-16 14:58:22 - [TEST_STEP][PASSED] - delay(30): Delayed 30 second(s)

2018-12-16 14:58:52 - [MESSAGE][PASSED] - Delayed 30 second(s)]]></system-out>
         <system-err><![CDATA[]]></system-err>
      </testcase>
      <testcase name="Test Cases/Generic/Launch Job Manager Control Centre - Check Result" classname="Test Cases/Generic/Launch Job Manager Control Centre - Check Result" status="PASSED">
         <system-out><![CDATA[2018-12-16 14:58:52 - [TEST_CASE][PASSED] - Test Cases/Generic/Launch Job Manager Control Centre - Check Result: Test Cases/Generic/Launch Job Manager Control Centre - Check Result

2018-12-16 14:58:53 - [TEST_STEP][PASSED] - openBrowser(""): Browser is opened with url: ''

2018-12-16 14:58:53 - [MESSAGE][WARNING] - A browser is already opened. Closing browser and opening a new one

2018-12-16 14:58:53 - [MESSAGE][INFO] - Starting 'Chrome' driver

2018-12-16 14:58:56 - [MESSAGE][PASSED] - Browser is opened with url: ''

2018-12-16 14:58:56 - [TEST_STEP][PASSED] - navigateToUrl(CCURL): Navigate to 'https://kirona-def-6.kirona.com/jmprep/login#!loginView' successfully

2018-12-16 14:58:57 - [MESSAGE][PASSED] - Navigate to 'https://kirona-def-6.kirona.com/jmprep/login#!loginView' successfully

2018-12-16 14:58:57 - [TEST_STEP][PASSED] - setText(findTestObject("FSM1/Control Centre/Page_Job Manager Login/input_gwt-uid-3"), Username): Text 'jon.hatfield' is set on object 'Object Repository/FSM1/Control Centre/Page_Job Manager Login/input_gwt-uid-3'

2018-12-16 14:58:57 - [MESSAGE][PASSED] - Text 'jon.hatfield' is set on object 'Object Repository/FSM1/Control Centre/Page_Job Manager Login/input_gwt-uid-3'

2018-12-16 14:58:57 - [TEST_STEP][PASSED] - setText(findTestObject("FSM1/Control Centre/Page_Job Manager Login/input_gwt-uid-5"), Password): Text 'Fr@nc1sJ0n' is set on object 'Object Repository/FSM1/Control Centre/Page_Job Manager Login/input_gwt-uid-5'

2018-12-16 14:58:57 - [MESSAGE][PASSED] - Text 'Fr@nc1sJ0n' is set on object 'Object Repository/FSM1/Control Centre/Page_Job Manager Login/input_gwt-uid-5'

2018-12-16 14:58:57 - [TEST_STEP][PASSED] - click(findTestObject("FSM1/PreProd/Page_Job Manager Login/div_Login")): Object: 'Object Repository/FSM1/PreProd/Page_Job Manager Login/div_Login' is clicked on

2018-12-16 14:58:57 - [MESSAGE][PASSED] - Object: 'Object Repository/FSM1/PreProd/Page_Job Manager Login/div_Login' is clicked on

2018-12-16 14:58:57 - [TEST_STEP][PASSED] - delay(15): Delayed 15 second(s)

2018-12-16 14:59:12 - [MESSAGE][PASSED] - Delayed 15 second(s)]]></system-out>
         <system-err><![CDATA[]]></system-err>
      </testcase>
      <testcase name="Test Cases/ABP/ABPR01a/Control Centre - Check Results - ABPR01a" classname="Test Cases/ABP/ABPR01a/Control Centre - Check Results - ABPR01a" status="PASSED">
         <system-out><![CDATA[2018-12-16 14:59:12 - [TEST_CASE][PASSED] - Test Cases/ABP/ABPR01a/Control Centre - Check Results - ABPR01a: Test Cases/ABP/ABPR01a/Control Centre - Check Results - ABPR01a

2018-12-16 14:59:13 - [TEST_STEP][PASSED] - log = new com.kms.katalon.core.logging.KeywordLogger(): null

2018-12-16 14:59:13 - [TEST_STEP][PASSED] - setText(findTestObject("Object Repository/FSM1/EMI Check Results/Page_JM Control Centre/input_Recents_v-textfield v-wi"), temp): Text '96070' is set on object 'Object Repository/FSM1/EMI Check Results/Page_JM Control Centre/input_Recents_v-textfield v-wi'

2018-12-16 14:59:13 - [MESSAGE][PASSED] - Text '96070' is set on object 'Object Repository/FSM1/EMI Check Results/Page_JM Control Centre/input_Recents_v-textfield v-wi'

2018-12-16 14:59:13 - [TEST_STEP][NOT_RUN] - setText(findTestObject("Object Repository/FSM1/EMI Check Results/Page_JM Control Centre/input_Recents_v-textfield v-wi"), "87904"): NOT_RUN: setText(findTestObject("Object Repository/FSM1/EMI Check Results/Page_JM Control Centre/input_Recents_v-textfield v-wi"), "87904")

2018-12-16 14:59:13 - [MESSAGE][NOT_RUN] - NOT_RUN: setText(findTestObject("Object Repository/FSM1/EMI Check Results/Page_JM Control Centre/input_Recents_v-textfield v-wi"), "87904")

2018-12-16 14:59:13 - [TEST_STEP][PASSED] - click(findTestObject("Object Repository/FSM1/EMI Check Results/Page_JM Control Centre/span_")): Object: 'Object Repository/FSM1/EMI Check Results/Page_JM Control Centre/span_' is clicked on

2018-12-16 14:59:14 - [MESSAGE][PASSED] - Object: 'Object Repository/FSM1/EMI Check Results/Page_JM Control Centre/span_' is clicked on

2018-12-16 14:59:14 - [TEST_STEP][PASSED] - waitForElementPresent(findTestObject("Object Repository/FSM1/EMI Check Results/Page_JM Control Centre/div_CLOSED"), 60): Object 'Object Repository/FSM1/EMI Check Results/Page_JM Control Centre/div_CLOSED' is present

2018-12-16 14:59:15 - [MESSAGE][PASSED] - Object 'Object Repository/FSM1/EMI Check Results/Page_JM Control Centre/div_CLOSED' is present

2018-12-16 14:59:15 - [TEST_STEP][PASSED] - delay(3): Delayed 3 second(s)

2018-12-16 14:59:18 - [MESSAGE][PASSED] - Delayed 3 second(s)

2018-12-16 14:59:18 - [TEST_STEP][PASSED] - verifyElementPresent(findTestObject("Object Repository/FSM1/Complete ABP Inspection/Check Results/Page_JM Control Centre/Page_JM Control Centre/div_Attachments_ABPR18 - Forwa"), 5): Object 'Object Repository/FSM1/Complete ABP Inspection/Check Results/Page_JM Control Centre/Page_JM Control Centre/div_Attachments_ABPR18 - Forwa' is present

2018-12-16 14:59:18 - [MESSAGE][PASSED] - Object 'Object Repository/FSM1/Complete ABP Inspection/Check Results/Page_JM Control Centre/Page_JM Control Centre/div_Attachments_ABPR18 - Forwa' is present

2018-12-16 14:59:18 - [TEST_STEP][PASSED] - verifyElementPresent(findTestObject("Object Repository/FSM1/Complete ABP Inspection/Check Results/Page_JM Control Centre/Page_JM Control Centre/div_Attachments_ABPR15 - Micro"), 5): Object 'Object Repository/FSM1/Complete ABP Inspection/Check Results/Page_JM Control Centre/Page_JM Control Centre/div_Attachments_ABPR15 - Micro' is present

2018-12-16 14:59:19 - [MESSAGE][PASSED] - Object 'Object Repository/FSM1/Complete ABP Inspection/Check Results/Page_JM Control Centre/Page_JM Control Centre/div_Attachments_ABPR15 - Micro' is present

2018-12-16 14:59:19 - [TEST_STEP][PASSED] - verifyElementPresent(findTestObject("Object Repository/FSM1/Complete ABP Inspection/Check Results/Page_JM Control Centre/Page_JM Control Centre/div_Attachments_ABPR01A - Comp"), 5): Object 'Object Repository/FSM1/Complete ABP Inspection/Check Results/Page_JM Control Centre/Page_JM Control Centre/div_Attachments_ABPR01A - Comp' is present

2018-12-16 14:59:19 - [MESSAGE][PASSED] - Object 'Object Repository/FSM1/Complete ABP Inspection/Check Results/Page_JM Control Centre/Page_JM Control Centre/div_Attachments_ABPR01A - Comp' is present

2018-12-16 14:59:19 - [TEST_STEP][PASSED] - verifyElementPresent(findTestObject("Object Repository/FSM1/Complete ABP Inspection/Check Results/Page_JM Control Centre/Page_JM Control Centre/div_Attachments_ABPR17 - Backw"), 5): Object 'Object Repository/FSM1/Complete ABP Inspection/Check Results/Page_JM Control Centre/Page_JM Control Centre/div_Attachments_ABPR17 - Backw' is present

2018-12-16 14:59:19 - [MESSAGE][PASSED] - Object 'Object Repository/FSM1/Complete ABP Inspection/Check Results/Page_JM Control Centre/Page_JM Control Centre/div_Attachments_ABPR17 - Backw' is present]]></system-out>
         <system-err><![CDATA[]]></system-err>
      </testcase>
      <testcase name="Test Cases/ABP/Generic/Check Subsequent Inspection Exist" classname="Test Cases/ABP/Generic/Check Subsequent Inspection Exist" status="PASSED">
         <system-out><![CDATA[2018-12-16 14:59:19 - [TEST_CASE][PASSED] - Test Cases/ABP/Generic/Check Subsequent Inspection Exist: Test Cases/ABP/Generic/Check Subsequent Inspection Exist

2018-12-16 14:59:19 - [TEST_STEP][PASSED] - delay(2): Delayed 2 second(s)

2018-12-16 14:59:21 - [MESSAGE][PASSED] - Delayed 2 second(s)

2018-12-16 14:59:21 - [TEST_STEP][PASSED] - click(findTestObject("Object Repository/FSM1/Complete ABP Inspection/Check Subsequent Inspections/New/Page_JM Control Centre/div_")): Object: 'Object Repository/FSM1/Complete ABP Inspection/Check Subsequent Inspections/New/Page_JM Control Centre/div_' is clicked on

2018-12-16 14:59:21 - [MESSAGE][PASSED] - Object: 'Object Repository/FSM1/Complete ABP Inspection/Check Subsequent Inspections/New/Page_JM Control Centre/div_' is clicked on

2018-12-16 14:59:21 - [TEST_STEP][PASSED] - click(findTestObject("Object Repository/FSM1/Complete ABP Inspection/Check Subsequent Inspections/New/Page_JM Control Centre/span_List All Subordinate Jobs")): Object: 'Object Repository/FSM1/Complete ABP Inspection/Check Subsequent Inspections/New/Page_JM Control Centre/span_List All Subordinate Jobs' is clicked on

2018-12-16 14:59:22 - [MESSAGE][PASSED] - Object: 'Object Repository/FSM1/Complete ABP Inspection/Check Subsequent Inspections/New/Page_JM Control Centre/span_List All Subordinate Jobs' is clicked on

2018-12-16 14:59:22 - [TEST_STEP][PASSED] - delay(2): Delayed 2 second(s)

2018-12-16 14:59:24 - [MESSAGE][PASSED] - Delayed 2 second(s)

2018-12-16 14:59:24 - [TEST_STEP][PASSED] - verifyElementVisible(findTestObject("Object Repository/FSM1/Complete ABP Inspection/Check Subsequent Inspections/New/Page_JM Control Centre/div_2 found.")): Object 'Object Repository/FSM1/Complete ABP Inspection/Check Subsequent Inspections/New/Page_JM Control Centre/div_2 found.' is visible

2018-12-16 14:59:36 - [MESSAGE][PASSED] - Object 'Object Repository/FSM1/Complete ABP Inspection/Check Subsequent Inspections/New/Page_JM Control Centre/div_2 found.' is visible

2018-12-16 14:59:36 - [TEST_STEP][PASSED] - verifyElementNotPresent(findTestObject("JM_8918/New/Page_JM Control Centre/td_INVALID"), 2): Web element with id: 'Object Repository/JM_8918/New/Page_JM Control Centre/td_INVALID' located by 'By.xpath: //td[(text() = 'INVALID' or . = 'INVALID')]' is not present after '2' second(s)

2018-12-16 14:59:36 - [MESSAGE][PASSED] - Web element with id: 'Object Repository/JM_8918/New/Page_JM Control Centre/td_INVALID' located by 'By.xpath: //td[(text() = 'INVALID' or . = 'INVALID')]' is not present after '2' second(s)

2018-12-16 14:59:36 - [TEST_STEP][PASSED] - verifyElementNotPresent(findTestObject("JM_8918/New/Page_JM Control Centre/td_CREATING"), 2): Web element with id: 'Object Repository/JM_8918/New/Page_JM Control Centre/td_CREATING' located by 'By.xpath: //td[(text() = 'CREATING' or . = 'CREATING')]' is not present after '2' second(s)

2018-12-16 14:59:36 - [MESSAGE][PASSED] - Web element with id: 'Object Repository/JM_8918/New/Page_JM Control Centre/td_CREATING' located by 'By.xpath: //td[(text() = 'CREATING' or . = 'CREATING')]' is not present after '2' second(s)

2018-12-16 14:59:36 - [TEST_STEP][PASSED] - closeBrowser(): Browser is closed

2018-12-16 14:59:37 - [MESSAGE][PASSED] - Browser is closed]]></system-out>
         <system-err><![CDATA[]]></system-err>
      </testcase>
      <system-out><![CDATA[2018-12-16 14:50:36 - [TEST_SUITE][PASSED] - ABP Regression - 01a: Test Cases/ABP/Generic/Check Subsequent Inspection Exist]]></system-out>
      <system-err><![CDATA[]]></system-err>
   </testsuite>
</testsuites>
