<?xml version="1.0" encoding="UTF-8"?>
<testsuites name="EMI Regression" time="212" tests="4" failures="1" errors="0">
   <testsuite name="EMI Regression" tests="4" failures="1" errors="0" time="212" timestamp="2018-06-04 09:30:39" hostname="JHATFIELD - SNDFSMINFSRV001.defra.onmicrosoft.com" id="Test Suites/EMI Regression">
      <properties>
         <property name="deviceName" value=""/>
         <property name="devicePlatform" value=""/>
         <property name="logFolder" value="C:\\Users\\JHATFIELD\\git\\DEFRA-FSM_Automated_Regression_NEW\\Reports\\EMI Regression\\20180604_093035"/>
         <property name="logFiles" value="C:\\Users\\JHATFIELD\\git\\DEFRA-FSM_Automated_Regression_NEW\\Reports\\EMI Regression\\20180604_093035\\execution0.log"/>
         <property name="attachments" value="C:\\Users\\JHATFIELD\\git\\DEFRA-FSM_Automated_Regression_NEW\\Reports\\EMI Regression\\20180604_093035\\1528104850457.png"/>
         <property name="hostName" value="JHATFIELD - SNDFSMINFSRV001.defra.onmicrosoft.com"/>
         <property name="os" value="Windows NT (unknown) 64bit"/>
         <property name="katalonVersion" value="5.4.1.1"/>
         <property name="browser" value="Chrome 66.0.3359.181"/>
         <property name="hostAddress" value="10.201.1.17"/>
         <property name="sessionId" value="7c9c83a4566db9d200d2d87484946b53"/>
         <property name="seleniumVersion" value="3.7.1"/>
         <property name="proxyInformation" value="ProxyInformation{proxyOption=NO_PROXY, proxyServerType=HTTP, password=, proxyServerAddress=, proxyServerPort=0}"/>
         <property name="platform" value="Windows NT (unknown)"/>
      </properties>
      <testcase name="Test Cases/Launch Job Manager Control Centre" classname="Test Cases/Launch Job Manager Control Centre" status="PASSED">
         <system-out><![CDATA[2018-06-04 09:30:40 - [TEST_CASE][PASSED] - Test Cases/Launch Job Manager Control Centre: Test Cases/Launch Job Manager Control Centre

2018-06-04 09:30:42 - [TEST_STEP][PASSED] - openBrowser: Browser is opened with url: ''

2018-06-04 09:30:46 - [MESSAGE][PASSED] - Browser is opened with url: ''

2018-06-04 09:30:46 - [TEST_STEP][PASSED] - navigateToUrl: Navigate to 'https://kirona-def-2.kirona.com/jmtest/login#!loginView' successfully

2018-06-04 09:30:52 - [MESSAGE][PASSED] - Navigate to 'https://kirona-def-2.kirona.com/jmtest/login#!loginView' successfully

2018-06-04 09:30:52 - [TEST_STEP][PASSED] - setText: Text 'jon.hatfield' is set on object 'Object Repository/FSM1/Control Centre/Page_Job Manager Login/input_gwt-uid-3'

2018-06-04 09:30:53 - [MESSAGE][PASSED] - Text 'jon.hatfield' is set on object 'Object Repository/FSM1/Control Centre/Page_Job Manager Login/input_gwt-uid-3'

2018-06-04 09:30:53 - [TEST_STEP][PASSED] - setText: Text 'Fr@nc1sJ0n' is set on object 'Object Repository/FSM1/Control Centre/Page_Job Manager Login/input_gwt-uid-5'

2018-06-04 09:30:54 - [MESSAGE][PASSED] - Text 'Fr@nc1sJ0n' is set on object 'Object Repository/FSM1/Control Centre/Page_Job Manager Login/input_gwt-uid-5'

2018-06-04 09:30:54 - [TEST_STEP][PASSED] - click: Object: 'Object Repository/FSM1/Control Centre/Page_Job Manager Login/Page_Job Manager Login/div_Login' is clicked on

2018-06-04 09:30:54 - [MESSAGE][PASSED] - Object: 'Object Repository/FSM1/Control Centre/Page_Job Manager Login/Page_Job Manager Login/div_Login' is clicked on

2018-06-04 09:30:54 - [TEST_STEP][PASSED] - delay: Delayed 5 second(s)

2018-06-04 09:30:59 - [MESSAGE][PASSED] - Delayed 5 second(s)]]></system-out>
         <system-err><![CDATA[]]></system-err>
      </testcase>
      <testcase name="Test Cases/Create EMI Inspection" classname="Test Cases/Create EMI Inspection" status="PASSED">
         <system-out><![CDATA[2018-06-04 09:30:59 - [TEST_CASE][PASSED] - Test Cases/Create EMI Inspection: Test Cases/Create EMI Inspection

2018-06-04 09:31:00 - [TEST_STEP][PASSED] - Statement - log = new com.kms.katalon.core.logging.KeywordLogger(): null

2018-06-04 09:31:00 - [TEST_STEP][PASSED] - click: Object: 'Object Repository/FSM1/JH Test/Page_JM Control Centre/div_Create' is clicked on

2018-06-04 09:31:00 - [MESSAGE][PASSED] - Object: 'Object Repository/FSM1/JH Test/Page_JM Control Centre/div_Create' is clicked on

2018-06-04 09:31:00 - [TEST_STEP][PASSED] - setText: Text 'emi' is set on object 'Object Repository/FSM1/JH Test/Page_JM Control Centre/input_gwt-uid-8'

2018-06-04 09:31:02 - [MESSAGE][PASSED] - Text 'emi' is set on object 'Object Repository/FSM1/JH Test/Page_JM Control Centre/input_gwt-uid-8'

2018-06-04 09:31:02 - [TEST_STEP][PASSED] - click: Object: 'Object Repository/FSM1/JH Test/Page_JM Control Centre/span_EMI Inspection' is clicked on

2018-06-04 09:31:03 - [MESSAGE][PASSED] - Object: 'Object Repository/FSM1/JH Test/Page_JM Control Centre/span_EMI Inspection' is clicked on

2018-06-04 09:31:03 - [TEST_STEP][PASSED] - click: Object: 'Object Repository/FSM1/Control Centre/Create EMI Inspection/Page_JM Control Centre/span_' is clicked on

2018-06-04 09:31:06 - [MESSAGE][PASSED] - Object: 'Object Repository/FSM1/Control Centre/Create EMI Inspection/Page_JM Control Centre/span_' is clicked on

2018-06-04 09:31:06 - [TEST_STEP][PASSED] - click: Object: 'Object Repository/FSM1/Control Centre/Create EMI Inspection/Address Search/Page_JM Control Centre/Postcode Search' is clicked on

2018-06-04 09:31:08 - [MESSAGE][PASSED] - Object: 'Object Repository/FSM1/Control Centre/Create EMI Inspection/Address Search/Page_JM Control Centre/Postcode Search' is clicked on

2018-06-04 09:31:08 - [TEST_STEP][PASSED] - setText: Text 'CV37 6SN' is set on object 'Object Repository/FSM1/Control Centre/Create EMI Inspection/Create Address/Page_JM Control Centre/input_v-textfield v-widget v-t'

2018-06-04 09:31:10 - [MESSAGE][PASSED] - Text 'CV37 6SN' is set on object 'Object Repository/FSM1/Control Centre/Create EMI Inspection/Create Address/Page_JM Control Centre/input_v-textfield v-widget v-t'

2018-06-04 09:31:10 - [TEST_STEP][PASSED] - click: Object: 'Object Repository/FSM1/Control Centre/Create EMI Inspection/Create Address/Page_JM Control Centre (1)/SearchButton' is clicked on

2018-06-04 09:31:11 - [MESSAGE][PASSED] - Object: 'Object Repository/FSM1/Control Centre/Create EMI Inspection/Create Address/Page_JM Control Centre (1)/SearchButton' is clicked on

2018-06-04 09:31:11 - [TEST_STEP][PASSED] - Statement - FullAddress = com.kms.katalon.core.webui.keyword.WebUiBuiltInKeywords.modifyObjectProperty(com.kms.katalon.core.testobject.ObjectRepository.findTestObject(FSM1/Control Centre/Create EMI Inspection/Page_JM Control Centre/Address), "text", "equals", com.kms.katalon.core.testdata.TestDataFactory.findTestData(Data Files/EMI Inspection Data).getValue(2, 1), true): Modify property of object successfully

2018-06-04 09:31:12 - [MESSAGE][PASSED] - Modify property of object successfully

2018-06-04 09:31:12 - [TEST_STEP][PASSED] - click: Object: 'Object Repository/FSM1/Control Centre/Create EMI Inspection/Page_JM Control Centre/Address' is clicked on

2018-06-04 09:31:13 - [MESSAGE][PASSED] - Object: 'Object Repository/FSM1/Control Centre/Create EMI Inspection/Page_JM Control Centre/Address' is clicked on

2018-06-04 09:31:13 - [TEST_STEP][PASSED] - click: Object: 'Object Repository/FSM1/Control Centre/Create EMI Inspection/Create Address/Page_JM Control Centre (2)/div_Add Selected Item' is clicked on

2018-06-04 09:31:14 - [MESSAGE][PASSED] - Object: 'Object Repository/FSM1/Control Centre/Create EMI Inspection/Create Address/Page_JM Control Centre (2)/div_Add Selected Item' is clicked on

2018-06-04 09:31:14 - [TEST_STEP][PASSED] - click: Object: 'Object Repository/FSM1/JH Test 1/Page_JM Control Centre (1)/div_Scheduling WindowFollow SL' is clicked on

2018-06-04 09:31:16 - [MESSAGE][PASSED] - Object: 'Object Repository/FSM1/JH Test 1/Page_JM Control Centre (1)/div_Scheduling WindowFollow SL' is clicked on

2018-06-04 09:31:16 - [TEST_STEP][PASSED] - setText: Text 'Jon Hatfield' is set on object 'Object Repository/FSM1/JH Test 1/Page_JM Control Centre (2)/input_gwt-uid-147'

2018-06-04 09:31:17 - [MESSAGE][PASSED] - Text 'Jon Hatfield' is set on object 'Object Repository/FSM1/JH Test 1/Page_JM Control Centre (2)/input_gwt-uid-147'

2018-06-04 09:31:18 - [TEST_STEP][PASSED] - Statement - InspectorName = com.kms.katalon.core.webui.keyword.WebUiBuiltInKeywords.modifyObjectProperty(com.kms.katalon.core.testobject.ObjectRepository.findTestObject(FSM1/JH Test 1/Page_JM Control Centre (4)/InspectorName), "text", "equals", com.kms.katalon.core.testdata.TestDataFactory.findTestData(Data Files/EMI Inspection Data).getValue(3, 1), true): Modify property of object successfully

2018-06-04 09:31:18 - [MESSAGE][PASSED] - Modify property of object successfully

2018-06-04 09:31:18 - [TEST_STEP][PASSED] - click: Object: 'Object Repository/FSM1/JH Test 1/Page_JM Control Centre (4)/InspectorName' is clicked on

2018-06-04 09:31:18 - [MESSAGE][PASSED] - Object: 'Object Repository/FSM1/JH Test 1/Page_JM Control Centre (4)/InspectorName' is clicked on

2018-06-04 09:31:18 - [TEST_STEP][PASSED] - click: Object: 'Object Repository/FSM1/JH Test 2/Page_JM Control Centre/div_Duration' is clicked on

2018-06-04 09:31:19 - [MESSAGE][PASSED] - Object: 'Object Repository/FSM1/JH Test 2/Page_JM Control Centre/div_Duration' is clicked on

2018-06-04 09:31:19 - [TEST_STEP][PASSED] - setText: Text '15' is set on object 'Object Repository/FSM1/JH Test 2/Page_JM Control Centre/input_gwt-uid-97'

2018-06-04 09:31:19 - [MESSAGE][PASSED] - Text '15' is set on object 'Object Repository/FSM1/JH Test 2/Page_JM Control Centre/input_gwt-uid-97'

2018-06-04 09:31:19 - [TEST_STEP][PASSED] - setText: Text '24 Hours' is set on object 'Object Repository/FSM1/Control Centre/Create EMI Inspection/SLA/Page_JM Control Centre (1)/input_gwt-uid-103'

2018-06-04 09:31:20 - [MESSAGE][PASSED] - Text '24 Hours' is set on object 'Object Repository/FSM1/Control Centre/Create EMI Inspection/SLA/Page_JM Control Centre (1)/input_gwt-uid-103'

2018-06-04 09:31:20 - [TEST_STEP][PASSED] - click: Object: 'Object Repository/FSM1/Control Centre/Create EMI Inspection/SLA/Page_JM Control Centre (1)/span_24 Hours' is clicked on

2018-06-04 09:31:20 - [MESSAGE][PASSED] - Object: 'Object Repository/FSM1/Control Centre/Create EMI Inspection/SLA/Page_JM Control Centre (1)/span_24 Hours' is clicked on

2018-06-04 09:31:20 - [TEST_STEP][PASSED] - setText: Text 'west' is set on object 'Object Repository/FSM1/JH Test 3/Page_JM Control Centre/input_gwt-uid-107'

2018-06-04 09:31:21 - [MESSAGE][PASSED] - Text 'west' is set on object 'Object Repository/FSM1/JH Test 3/Page_JM Control Centre/input_gwt-uid-107'

2018-06-04 09:31:21 - [TEST_STEP][PASSED] - click: Object: 'Object Repository/FSM1/JH Test 3/Page_JM Control Centre/span_West' is clicked on

2018-06-04 09:31:22 - [MESSAGE][PASSED] - Object: 'Object Repository/FSM1/JH Test 3/Page_JM Control Centre/span_West' is clicked on

2018-06-04 09:31:22 - [TEST_STEP][PASSED] - setText: Text 'EMI Routine' is set on object 'Object Repository/FSM1/JH Test 3/Page_JM Control Centre/input_gwt-uid-115'

2018-06-04 09:31:23 - [MESSAGE][PASSED] - Text 'EMI Routine' is set on object 'Object Repository/FSM1/JH Test 3/Page_JM Control Centre/input_gwt-uid-115'

2018-06-04 09:31:23 - [TEST_STEP][PASSED] - Statement - InspectionType = com.kms.katalon.core.webui.keyword.WebUiBuiltInKeywords.modifyObjectProperty(com.kms.katalon.core.testobject.ObjectRepository.findTestObject(FSM1/JH Test 3/Page_JM Control Centre/InspectionType), "text", "equals", com.kms.katalon.core.testdata.TestDataFactory.findTestData(Data Files/EMI Inspection Data).getValue(4, 1), true): Modify property of object successfully

2018-06-04 09:31:23 - [MESSAGE][PASSED] - Modify property of object successfully

2018-06-04 09:31:23 - [TEST_STEP][PASSED] - click: Object: 'Object Repository/FSM1/JH Test 3/Page_JM Control Centre/InspectionType' is clicked on

2018-06-04 09:31:24 - [MESSAGE][PASSED] - Object: 'Object Repository/FSM1/JH Test 3/Page_JM Control Centre/InspectionType' is clicked on

2018-06-04 09:31:24 - [TEST_STEP][PASSED] - setText: Text 'Mr Automation' is set on object 'Object Repository/FSM1/JH Test 3/Page_JM Control Centre/input_gwt-uid-117'

2018-06-04 09:31:24 - [MESSAGE][PASSED] - Text 'Mr Automation' is set on object 'Object Repository/FSM1/JH Test 3/Page_JM Control Centre/input_gwt-uid-117'

2018-06-04 09:31:24 - [TEST_STEP][PASSED] - setText: Text '111' is set on object 'Object Repository/FSM1/JH Test 3/Page_JM Control Centre/input_gwt-uid-123'

2018-06-04 09:31:25 - [MESSAGE][PASSED] - Text '111' is set on object 'Object Repository/FSM1/JH Test 3/Page_JM Control Centre/input_gwt-uid-123'

2018-06-04 09:31:25 - [TEST_STEP][PASSED] - setText: Text '222' is set on object 'Object Repository/FSM1/JH Test 3/Page_JM Control Centre/input_gwt-uid-125'

2018-06-04 09:31:26 - [MESSAGE][PASSED] - Text '222' is set on object 'Object Repository/FSM1/JH Test 3/Page_JM Control Centre/input_gwt-uid-125'

2018-06-04 09:31:26 - [TEST_STEP][PASSED] - setText: Text 'EGG PACKER' is set on object 'Object Repository/FSM1/JH Test 3/Page_JM Control Centre/input_gwt-uid-133'

2018-06-04 09:31:27 - [MESSAGE][PASSED] - Text 'EGG PACKER' is set on object 'Object Repository/FSM1/JH Test 3/Page_JM Control Centre/input_gwt-uid-133'

2018-06-04 09:31:27 - [TEST_STEP][PASSED] - Statement - VisitType = com.kms.katalon.core.webui.keyword.WebUiBuiltInKeywords.modifyObjectProperty(com.kms.katalon.core.testobject.ObjectRepository.findTestObject(FSM1/JH Test 3/Page_JM Control Centre/VisitType), "text", "equals", com.kms.katalon.core.testdata.TestDataFactory.findTestData(Data Files/EMI Inspection Data).getValue(5, 1), true): Modify property of object successfully

2018-06-04 09:31:27 - [MESSAGE][PASSED] - Modify property of object successfully

2018-06-04 09:31:27 - [TEST_STEP][PASSED] - click: Object: 'Object Repository/FSM1/JH Test 3/Page_JM Control Centre/VisitType' is clicked on

2018-06-04 09:31:27 - [MESSAGE][PASSED] - Object: 'Object Repository/FSM1/JH Test 3/Page_JM Control Centre/VisitType' is clicked on

2018-06-04 09:31:28 - [TEST_STEP][PASSED] - click: Object: 'Object Repository/FSM1/Control Centre/Create EMI Inspection/Finish/Page_JM Control Centre (3)/div_Create' is clicked on

2018-06-04 09:31:28 - [MESSAGE][PASSED] - Object: 'Object Repository/FSM1/Control Centre/Create EMI Inspection/Finish/Page_JM Control Centre (3)/div_Create' is clicked on

2018-06-04 09:31:28 - [TEST_STEP][PASSED] - waitForElementPresent: Object 'Object Repository/FSM1/Control Centre/Status/Page_JM Control Centre/div_PLANNED DYNAMIC' is present

2018-06-04 09:32:08 - [MESSAGE][PASSED] - Object 'Object Repository/FSM1/Control Centre/Status/Page_JM Control Centre/div_PLANNED DYNAMIC' is present

2018-06-04 09:32:08 - [TEST_STEP][PASSED] - Statement - InspectionID = com.kms.katalon.core.webui.keyword.WebUiBuiltInKeywords.getText(com.kms.katalon.core.testobject.ObjectRepository.findTestObject(FSM1/Control Centre/Create EMI Inspection/InspectionID/Page_JM Control Centre/InspectionID)): Text of object 'Object Repository/FSM1/Control Centre/Create EMI Inspection/InspectionID/Page_JM Control Centre/InspectionID' is: 'Viewing Job 35294'

2018-06-04 09:32:08 - [MESSAGE][PASSED] - Text of object 'Object Repository/FSM1/Control Centre/Create EMI Inspection/InspectionID/Page_JM Control Centre/InspectionID' is: 'Viewing Job 35294'

2018-06-04 09:32:08 - [TEST_STEP][PASSED] - Statement - InspectionID = InspectionID.replaceAll("Viewing Job ", ""): null

2018-06-04 09:32:08 - [TEST_STEP][PASSED] - Statement - log.logWarning(InspectionID): 35294

2018-06-04 09:32:08 - [MESSAGE][WARNING] - 35294

2018-06-04 09:32:08 - [TEST_STEP][PASSED] - Statement - temp = InspectionID: null]]></system-out>
         <system-err><![CDATA[]]></system-err>
      </testcase>
      <testcase name="Test Cases/Launch Job Manager" classname="Test Cases/Launch Job Manager" status="PASSED">
         <system-out><![CDATA[2018-06-04 09:32:08 - [TEST_CASE][PASSED] - Test Cases/Launch Job Manager: Test Cases/Launch Job Manager

2018-06-04 09:32:09 - [TEST_STEP][PASSED] - openBrowser: Browser is opened with url: ''

2018-06-04 09:32:09 - [MESSAGE][WARNING] - A browser is already opened. Closing browser and opening a new one

2018-06-04 09:32:13 - [MESSAGE][PASSED] - Browser is opened with url: ''

2018-06-04 09:32:13 - [TEST_STEP][PASSED] - navigateToUrl: Navigate to 'https://kirona-def-2.kirona.com/jmtest/jclient/jclient.html' successfully

2018-06-04 09:32:15 - [MESSAGE][PASSED] - Navigate to 'https://kirona-def-2.kirona.com/jmtest/jclient/jclient.html' successfully

2018-06-04 09:32:15 - [TEST_STEP][PASSED] - setText: Text 'KIR1' is set on object 'Object Repository/FSM1/Launch Application/Page_JClient/input_gwt-TextBox GKH2EKQBMDB'

2018-06-04 09:32:18 - [MESSAGE][PASSED] - Text 'KIR1' is set on object 'Object Repository/FSM1/Launch Application/Page_JClient/input_gwt-TextBox GKH2EKQBMDB'

2018-06-04 09:32:18 - [TEST_STEP][PASSED] - sendKeys: Keys 'ENTER + ' sent to object: 'Object Repository/FSM1/Launch Application/Page_JClient/input_gwt-TextBox GKH2EKQBMDB'

2018-06-04 09:32:18 - [MESSAGE][PASSED] - Keys 'ENTER + ' sent to object: 'Object Repository/FSM1/Launch Application/Page_JClient/input_gwt-TextBox GKH2EKQBMDB'

2018-06-04 09:32:18 - [TEST_STEP][PASSED] - click: Object: 'Object Repository/FSM1/Launch Application/Page_JClient/div_Configure App' is clicked on

2018-06-04 09:32:18 - [MESSAGE][PASSED] - Object: 'Object Repository/FSM1/Launch Application/Page_JClient/div_Configure App' is clicked on

2018-06-04 09:32:18 - [TEST_STEP][PASSED] - setText: Text 'jon.hatfield' is set on object 'Object Repository/FSM1/Launch Application/Page_JClient/input_gwt-TextBox GKH2EKQBNHC'

2018-06-04 09:32:19 - [MESSAGE][PASSED] - Text 'jon.hatfield' is set on object 'Object Repository/FSM1/Launch Application/Page_JClient/input_gwt-TextBox GKH2EKQBNHC'

2018-06-04 09:32:19 - [TEST_STEP][PASSED] - setText: Text 'Fr@nc1sJ0n' is set on object 'Object Repository/FSM1/Launch Application/Page_JClient/input_gwt-PasswordTextBox GKH2'

2018-06-04 09:32:20 - [MESSAGE][PASSED] - Text 'Fr@nc1sJ0n' is set on object 'Object Repository/FSM1/Launch Application/Page_JClient/input_gwt-PasswordTextBox GKH2'

2018-06-04 09:32:20 - [TEST_STEP][PASSED] - click: Object: 'Object Repository/FSM1/Launch Application/Page_JClient/div_Sign In' is clicked on

2018-06-04 09:32:20 - [MESSAGE][PASSED] - Object: 'Object Repository/FSM1/Launch Application/Page_JClient/div_Sign In' is clicked on

2018-06-04 09:32:20 - [TEST_STEP][PASSED] - delay: Delayed 15 second(s)

2018-06-04 09:32:35 - [MESSAGE][PASSED] - Delayed 15 second(s)]]></system-out>
         <system-err><![CDATA[]]></system-err>
      </testcase>
      <testcase name="Test Cases/Select Inspection" classname="Test Cases/Select Inspection" status="PASSED">
         <system-out><![CDATA[2018-06-04 09:32:35 - [TEST_CASE][PASSED] - Test Cases/Select Inspection: Test Cases/Select Inspection

2018-06-04 09:32:36 - [TEST_STEP][PASSED] - delay: Delayed 30 second(s)

2018-06-04 09:33:06 - [MESSAGE][PASSED] - Delayed 30 second(s)

2018-06-04 09:33:06 - [TEST_STEP][PASSED] - waitForElementClickable: Object 'Object Repository/FSM1/Select Inspection/Landing/Refresh' is clickable

2018-06-04 09:33:06 - [MESSAGE][PASSED] - Object 'Object Repository/FSM1/Select Inspection/Landing/Refresh' is clickable

2018-06-04 09:33:06 - [TEST_STEP][PASSED] - click: Object: 'Object Repository/FSM1/Select Inspection/Landing/Refresh' is clicked on

2018-06-04 09:33:06 - [MESSAGE][PASSED] - Object: 'Object Repository/FSM1/Select Inspection/Landing/Refresh' is clicked on

2018-06-04 09:33:06 - [TEST_STEP][PASSED] - waitForElementClickable: Object 'Object Repository/FSM1/Select Inspection/Landing/Refresh' is clickable

2018-06-04 09:33:06 - [MESSAGE][PASSED] - Object 'Object Repository/FSM1/Select Inspection/Landing/Refresh' is clickable

2018-06-04 09:33:06 - [TEST_STEP][NOT_RUN] - delay: NOT_RUN: delay

2018-06-04 09:33:06 - [MESSAGE][NOT_RUN] - NOT_RUN: delay

2018-06-04 09:33:06 - [TEST_STEP][PASSED] - Statement - InspectionRef = com.kms.katalon.core.webui.keyword.WebUiBuiltInKeywords.modifyObjectProperty(com.kms.katalon.core.testobject.ObjectRepository.findTestObject(FSM1/Select Inspection/Landing/Page_JClient/div_35098), "text", "equals", temp, true, STOP_ON_FAILURE): Modify property of object successfully

2018-06-04 09:33:06 - [MESSAGE][PASSED] - Modify property of object successfully

2018-06-04 09:33:06 - [TEST_STEP][PASSED] - delay: Delayed 10 second(s)

2018-06-04 09:33:16 - [MESSAGE][PASSED] - Delayed 10 second(s)

2018-06-04 09:33:16 - [TEST_STEP][PASSED] - Statement - If (com.kms.katalon.core.webui.keyword.WebUiBuiltInKeywords.verifyElementPresent(InspectionRef, 30, OPTIONAL)): Object: 'Object Repository/FSM1/Select Inspection/Landing/Page_JClient/div_35098' is clicked on

2018-06-04 09:33:18 - [MESSAGE][PASSED] - Object 'Object Repository/FSM1/Select Inspection/Landing/Page_JClient/div_35098' is present

2018-06-04 09:33:18 - [TEST_STEP][PASSED] - delay: Delayed 3 second(s)

2018-06-04 09:33:21 - [MESSAGE][PASSED] - Delayed 3 second(s)

2018-06-04 09:33:21 - [TEST_STEP][PASSED] - click: Object: 'Object Repository/FSM1/Select Inspection/Landing/Page_JClient/div_35098' is clicked on

2018-06-04 09:33:21 - [MESSAGE][PASSED] - Object: 'Object Repository/FSM1/Select Inspection/Landing/Page_JClient/div_35098' is clicked on

2018-06-04 09:33:21 - [TEST_STEP][PASSED] - click: Object: 'Object Repository/FSM1/Select Inspection/Page_JClient/div_WITH OPERATIVE' is clicked on

2018-06-04 09:33:22 - [MESSAGE][PASSED] - Object: 'Object Repository/FSM1/Select Inspection/Page_JClient/div_WITH OPERATIVE' is clicked on

2018-06-04 09:33:22 - [TEST_STEP][PASSED] - delay: Delayed 2 second(s)

2018-06-04 09:33:24 - [MESSAGE][PASSED] - Delayed 2 second(s)

2018-06-04 09:33:24 - [TEST_STEP][PASSED] - click: Object: 'Object Repository/FSM1/Select Inspection/Page_JClient/div_TRAVELLING' is clicked on

2018-06-04 09:33:24 - [MESSAGE][PASSED] - Object: 'Object Repository/FSM1/Select Inspection/Page_JClient/div_TRAVELLING' is clicked on

2018-06-04 09:33:24 - [TEST_STEP][PASSED] - delay: Delayed 2 second(s)

2018-06-04 09:33:26 - [MESSAGE][PASSED] - Delayed 2 second(s)

2018-06-04 09:33:26 - [TEST_STEP][PASSED] - click: Object: 'Object Repository/FSM1/Select Inspection/Page_JClient/div_TRAVELLING' is clicked on

2018-06-04 09:33:26 - [MESSAGE][PASSED] - Object: 'Object Repository/FSM1/Select Inspection/Page_JClient/div_TRAVELLING' is clicked on

2018-06-04 09:33:26 - [TEST_STEP][PASSED] - delay: Delayed 2 second(s)

2018-06-04 09:33:28 - [MESSAGE][PASSED] - Delayed 2 second(s)

2018-06-04 09:33:28 - [TEST_STEP][PASSED] - click: Object: 'Object Repository/FSM1/Select Inspection/Page_JClient/div_ARRIVED' is clicked on

2018-06-04 09:33:29 - [MESSAGE][PASSED] - Object: 'Object Repository/FSM1/Select Inspection/Page_JClient/div_ARRIVED' is clicked on

2018-06-04 09:33:29 - [TEST_STEP][PASSED] - delay: Delayed 2 second(s)

2018-06-04 09:33:31 - [MESSAGE][PASSED] - Delayed 2 second(s)

2018-06-04 09:33:31 - [TEST_STEP][PASSED] - click: Object: 'Object Repository/FSM1/Select Inspection/Page_JClient/div_ARRIVED' is clicked on

2018-06-04 09:33:31 - [MESSAGE][PASSED] - Object: 'Object Repository/FSM1/Select Inspection/Page_JClient/div_ARRIVED' is clicked on

2018-06-04 09:33:31 - [TEST_STEP][PASSED] - delay: Delayed 4 second(s)

2018-06-04 09:33:35 - [MESSAGE][PASSED] - Delayed 4 second(s)

2018-06-04 09:33:35 - [TEST_STEP][PASSED] - click: Object: 'Object Repository/FSM1/Select Inspection/Page_JClient/div_STARTED' is clicked on

2018-06-04 09:33:35 - [MESSAGE][PASSED] - Object: 'Object Repository/FSM1/Select Inspection/Page_JClient/div_STARTED' is clicked on

2018-06-04 09:33:35 - [TEST_STEP][PASSED] - delay: Delayed 2 second(s)

2018-06-04 09:33:37 - [MESSAGE][PASSED] - Delayed 2 second(s)]]></system-out>
         <system-err><![CDATA[]]></system-err>
      </testcase>
      <testcase name="Test Cases/Complete EMI Inspection" classname="Test Cases/Complete EMI Inspection" status="FAILED">
         <failure type="FAILED" message="Unable to click on object 'Object Repository/FSM1/Select Inspection/Landing/Page_JClient (3)/input_gwt-uid-85' using offset x=2 and y=2 (Root cause: com.kms.katalon.core.webui.exception.WebElementNotFoundException: Web element with id: 'Object Repository/FSM1/Select Inspection/Landing/Page_JClient (3)/input_gwt-uid-85' located by 'By.xpath: id(&quot;gwt-uid-85&quot;)[count(. | //input[@type = 'checkbox' and @id = 'gwt-uid-85' and @tabindex = '0']) = count(//input[@type = 'checkbox' and @id = 'gwt-uid-85' and @tabindex = '0'])]' not found)"/>
         <system-out><![CDATA[2018-06-04 09:33:37 - [TEST_CASE][FAILED] - Test Cases/Complete EMI Inspection: Test Cases/Complete EMI Inspection FAILED because (of) Unable to click on object 'Object Repository/FSM1/Select Inspection/Landing/Page_JClient (3)/input_gwt-uid-85' using offset x=2 and y=2 (Root cause: com.kms.katalon.core.webui.exception.WebElementNotFoundException: Web element with id: 'Object Repository/FSM1/Select Inspection/Landing/Page_JClient (3)/input_gwt-uid-85' located by 'By.xpath: id("gwt-uid-85")[count(. | //input[@type = 'checkbox' and @id = 'gwt-uid-85' and @tabindex = '0']) = count(//input[@type = 'checkbox' and @id = 'gwt-uid-85' and @tabindex = '0'])]' not found)

2018-06-04 09:33:38 - [TEST_STEP][PASSED] - verifyElementPresent: Object 'Object Repository/FSM1/Complete Egg Inspection/Page_JClient/div_Mr Automation' is present

2018-06-04 09:33:38 - [MESSAGE][WARNING] - Timeout '0' is invalid. Using default page load timeout: '30'

2018-06-04 09:33:38 - [MESSAGE][PASSED] - Object 'Object Repository/FSM1/Complete Egg Inspection/Page_JClient/div_Mr Automation' is present

2018-06-04 09:33:38 - [TEST_STEP][PASSED] - verifyElementPresent: Object 'Object Repository/FSM1/Complete Egg Inspection/Page_JClient/div_111' is present

2018-06-04 09:33:38 - [MESSAGE][WARNING] - Timeout '0' is invalid. Using default page load timeout: '30'

2018-06-04 09:33:38 - [MESSAGE][PASSED] - Object 'Object Repository/FSM1/Complete Egg Inspection/Page_JClient/div_111' is present

2018-06-04 09:33:38 - [TEST_STEP][PASSED] - verifyElementPresent: Object 'Object Repository/FSM1/Complete Egg Inspection/Page_JClient/div_222' is present

2018-06-04 09:33:38 - [MESSAGE][WARNING] - Timeout '0' is invalid. Using default page load timeout: '30'

2018-06-04 09:33:38 - [MESSAGE][PASSED] - Object 'Object Repository/FSM1/Complete Egg Inspection/Page_JClient/div_222' is present

2018-06-04 09:33:38 - [TEST_STEP][PASSED] - click: Object: 'Object Repository/FSM1/Complete Egg Inspection/Page_JClient/div_Business TypeAUCTION MARKE' is clicked on

2018-06-04 09:33:38 - [MESSAGE][PASSED] - Object: 'Object Repository/FSM1/Complete Egg Inspection/Page_JClient/div_Business TypeAUCTION MARKE' is clicked on

2018-06-04 09:33:38 - [TEST_STEP][NOT_RUN] - click: NOT_RUN: click

2018-06-04 09:33:38 - [MESSAGE][NOT_RUN] - NOT_RUN: click

2018-06-04 09:33:38 - [TEST_STEP][PASSED] - click: Object: 'Object Repository/FSM1/Select Inspection/Landing/Page_JClient (2)/div_Edit attributes' is clicked on

2018-06-04 09:33:38 - [MESSAGE][PASSED] - Object: 'Object Repository/FSM1/Select Inspection/Landing/Page_JClient (2)/div_Edit attributes' is clicked on

2018-06-04 09:33:38 - [TEST_STEP][PASSED] - setText: Text '99/888/7777' is set on object 'Object Repository/FSM1/Complete Egg Inspection/Page_JClient/input_gwt-TextBox GKH2EKQBOHC (1)'

2018-06-04 09:33:39 - [MESSAGE][PASSED] - Text '99/888/7777' is set on object 'Object Repository/FSM1/Complete Egg Inspection/Page_JClient/input_gwt-TextBox GKH2EKQBOHC (1)'

2018-06-04 09:33:39 - [TEST_STEP][FAILED] - clickOffset: Unable to click on object 'Object Repository/FSM1/Select Inspection/Landing/Page_JClient (3)/input_gwt-uid-85' using offset x=2 and y=2 (Root cause: com.kms.katalon.core.webui.exception.WebElementNotFoundException: Web element with id: 'Object Repository/FSM1/Select Inspection/Landing/Page_JClient (3)/input_gwt-uid-85' located by 'By.xpath: id("gwt-uid-85")[count(. | //input[@type = 'checkbox' and @id = 'gwt-uid-85' and @tabindex = '0']) = count(//input[@type = 'checkbox' and @id = 'gwt-uid-85' and @tabindex = '0'])]' not found)

2018-06-04 09:34:11 - [MESSAGE][FAILED] - Unable to click on object 'Object Repository/FSM1/Select Inspection/Landing/Page_JClient (3)/input_gwt-uid-85' using offset x=2 and y=2 (Root cause: com.kms.katalon.core.webui.exception.WebElementNotFoundException: Web element with id: 'Object Repository/FSM1/Select Inspection/Landing/Page_JClient (3)/input_gwt-uid-85' located by 'By.xpath: id("gwt-uid-85")[count(. | //input[@type = 'checkbox' and @id = 'gwt-uid-85' and @tabindex = '0']) = count(//input[@type = 'checkbox' and @id = 'gwt-uid-85' and @tabindex = '0'])]' not found)
[[ATTACHMENT|C:\\Users\\JHATFIELD\\git\\DEFRA-FSM_Automated_Regression_NEW\\Reports\\EMI Regression\\20180604_093035\\1528104850457.png]]]]></system-out>
         <system-err><![CDATA[2018-06-04 09:33:37 - [TEST_CASE][FAILED] - Test Cases/Complete EMI Inspection: Test Cases/Complete EMI Inspection FAILED because (of) Unable to click on object 'Object Repository/FSM1/Select Inspection/Landing/Page_JClient (3)/input_gwt-uid-85' using offset x=2 and y=2 (Root cause: com.kms.katalon.core.webui.exception.WebElementNotFoundException: Web element with id: 'Object Repository/FSM1/Select Inspection/Landing/Page_JClient (3)/input_gwt-uid-85' located by 'By.xpath: id("gwt-uid-85")[count(. | //input[@type = 'checkbox' and @id = 'gwt-uid-85' and @tabindex = '0']) = count(//input[@type = 'checkbox' and @id = 'gwt-uid-85' and @tabindex = '0'])]' not found)]]></system-err>
      </testcase>
      <system-out><![CDATA[2018-06-04 09:30:39 - [TEST_SUITE][FAILED] - EMI Regression: Test Cases/Complete EMI Inspection FAILED because (of) Unable to click on object 'Object Repository/FSM1/Select Inspection/Landing/Page_JClient (3)/input_gwt-uid-85' using offset x=2 and y=2 (Root cause: com.kms.katalon.core.webui.exception.WebElementNotFoundException: Web element with id: 'Object Repository/FSM1/Select Inspection/Landing/Page_JClient (3)/input_gwt-uid-85' located by 'By.xpath: id("gwt-uid-85")[count(. | //input[@type = 'checkbox' and @id = 'gwt-uid-85' and @tabindex = '0']) = count(//input[@type = 'checkbox' and @id = 'gwt-uid-85' and @tabindex = '0'])]' not found)]]></system-out>
      <system-err><![CDATA[2018-06-04 09:30:39 - [TEST_SUITE][FAILED] - EMI Regression: Test Cases/Complete EMI Inspection FAILED because (of) Unable to click on object 'Object Repository/FSM1/Select Inspection/Landing/Page_JClient (3)/input_gwt-uid-85' using offset x=2 and y=2 (Root cause: com.kms.katalon.core.webui.exception.WebElementNotFoundException: Web element with id: 'Object Repository/FSM1/Select Inspection/Landing/Page_JClient (3)/input_gwt-uid-85' located by 'By.xpath: id("gwt-uid-85")[count(. | //input[@type = 'checkbox' and @id = 'gwt-uid-85' and @tabindex = '0']) = count(//input[@type = 'checkbox' and @id = 'gwt-uid-85' and @tabindex = '0'])]' not found)]]></system-err>
   </testsuite>
</testsuites>
