<?xml version="1.0" encoding="UTF-8"?>
<testsuites name="Create New Inspection" time="61" tests="1" failures="1" errors="0">
   <testsuite name="Create New Inspection" tests="1" failures="1" errors="0" time="61" timestamp="2018-05-12 18:14:00" hostname="JHATFIELD - SNDFSMINFSRV001.defra.onmicrosoft.com" id="Test Suites/Create New Inspection">
      <properties>
         <property name="deviceName" value=""/>
         <property name="devicePlatform" value=""/>
         <property name="logFolder" value="C:\\Users\\JHATFIELD\\git\\DEFRA-FSM_Automated_Regression_NEW\\Reports\\Create New Inspection\\20180512_181357"/>
         <property name="logFiles" value="C:\\Users\\JHATFIELD\\git\\DEFRA-FSM_Automated_Regression_NEW\\Reports\\Create New Inspection\\20180512_181357\\execution0.log"/>
         <property name="attachments" value="C:\\Users\\JHATFIELD\\git\\DEFRA-FSM_Automated_Regression_NEW\\Reports\\Create New Inspection\\20180512_181357\\1526148900737.png"/>
         <property name="hostName" value="JHATFIELD - SNDFSMINFSRV001.defra.onmicrosoft.com"/>
         <property name="os" value="Windows NT (unknown) 64bit"/>
         <property name="katalonVersion" value="5.4.1.1"/>
         <property name="browser" value="Chrome 66.0.3359.139"/>
         <property name="hostAddress" value="10.201.1.17"/>
         <property name="sessionId" value="cb055149cf4842efa576490500ad5890"/>
         <property name="seleniumVersion" value="3.7.1"/>
         <property name="proxyInformation" value="ProxyInformation{proxyOption=NO_PROXY, proxyServerType=HTTP, password=, proxyServerAddress=, proxyServerPort=0}"/>
         <property name="platform" value="Windows NT (unknown)"/>
      </properties>
      <testcase name="Test Cases/Launch Job Manager Control Centre" classname="Test Cases/Launch Job Manager Control Centre" status="PASSED">
         <system-out><![CDATA[2018-05-12 18:14:01 - [TEST_CASE][PASSED] - Test Cases/Launch Job Manager Control Centre: Test Cases/Launch Job Manager Control Centre

2018-05-12 18:14:02 - [TEST_STEP][PASSED] - openBrowser: Browser is opened with url: ''

2018-05-12 18:14:06 - [MESSAGE][PASSED] - Browser is opened with url: ''

2018-05-12 18:14:06 - [TEST_STEP][PASSED] - navigateToUrl: Navigate to 'https://kirona-def-2.kirona.com/jmtest/login#!loginView' successfully

2018-05-12 18:14:08 - [MESSAGE][PASSED] - Navigate to 'https://kirona-def-2.kirona.com/jmtest/login#!loginView' successfully

2018-05-12 18:14:08 - [TEST_STEP][PASSED] - setText: Text 'jon.hatfield' is set on object 'Object Repository/FSM1/Control Centre/Page_Job Manager Login/input_gwt-uid-3'

2018-05-12 18:14:10 - [MESSAGE][PASSED] - Text 'jon.hatfield' is set on object 'Object Repository/FSM1/Control Centre/Page_Job Manager Login/input_gwt-uid-3'

2018-05-12 18:14:10 - [TEST_STEP][PASSED] - setText: Text 'Fr@nc1sJ0n' is set on object 'Object Repository/FSM1/Control Centre/Page_Job Manager Login/input_gwt-uid-5'

2018-05-12 18:14:11 - [MESSAGE][PASSED] - Text 'Fr@nc1sJ0n' is set on object 'Object Repository/FSM1/Control Centre/Page_Job Manager Login/input_gwt-uid-5'

2018-05-12 18:14:11 - [TEST_STEP][PASSED] - click: Object: 'Object Repository/FSM1/Control Centre/Page_Job Manager Login/Page_Job Manager Login/div_Login' is clicked on

2018-05-12 18:14:11 - [MESSAGE][PASSED] - Object: 'Object Repository/FSM1/Control Centre/Page_Job Manager Login/Page_Job Manager Login/div_Login' is clicked on

2018-05-12 18:14:11 - [TEST_STEP][PASSED] - delay: Delayed 10 second(s)

2018-05-12 18:14:21 - [MESSAGE][PASSED] - Delayed 10 second(s)]]></system-out>
         <system-err><![CDATA[]]></system-err>
      </testcase>
      <testcase name="Test Cases/Create EMI Inspection" classname="Test Cases/Create EMI Inspection" status="FAILED">
         <failure type="FAILED" message="Unable to click on object 'Object Repository/FSM1/Control Centre/Create EMI Inspection/Page_JM Control Centre/span_EMI Routine' (Root cause: com.kms.katalon.core.webui.exception.WebElementNotFoundException: Web element with id: 'Object Repository/FSM1/Control Centre/Create EMI Inspection/Page_JM Control Centre/span_EMI Routine' located by 'By.xpath: id(&quot;VAADIN_COMBOBOX_OPTIONLIST&quot;)/div[@class=&quot;popupContent&quot;]/div[@class=&quot;v-filterselect-suggestmenu&quot;]/table[1]/tbody[1]/tr[7]/td[@class=&quot;gwt-MenuItem gwt-MenuItem-selected&quot;]/span[1][count(. | //span[(text() = 'EMI Routine' or . = 'EMI Routine')]) = count(//span[(text() = 'EMI Routine' or . = 'EMI Routine')])]' not found)"/>
         <system-out><![CDATA[2018-05-12 18:14:21 - [TEST_CASE][FAILED] - Test Cases/Create EMI Inspection: Test Cases/Create EMI Inspection FAILED because (of) Unable to click on object 'Object Repository/FSM1/Control Centre/Create EMI Inspection/Page_JM Control Centre/span_EMI Routine' (Root cause: com.kms.katalon.core.webui.exception.WebElementNotFoundException: Web element with id: 'Object Repository/FSM1/Control Centre/Create EMI Inspection/Page_JM Control Centre/span_EMI Routine' located by 'By.xpath: id("VAADIN_COMBOBOX_OPTIONLIST")/div[@class="popupContent"]/div[@class="v-filterselect-suggestmenu"]/table[1]/tbody[1]/tr[7]/td[@class="gwt-MenuItem gwt-MenuItem-selected"]/span[1][count(. | //span[(text() = 'EMI Routine' or . = 'EMI Routine')]) = count(//span[(text() = 'EMI Routine' or . = 'EMI Routine')])]' not found)

2018-05-12 18:14:21 - [TEST_STEP][PASSED] - click: Object: 'Object Repository/FSM1/Control Centre/Create EMI Inspection/Page_JM Control Centre/div_Create' is clicked on

2018-05-12 18:14:22 - [MESSAGE][PASSED] - Object: 'Object Repository/FSM1/Control Centre/Create EMI Inspection/Page_JM Control Centre/div_Create' is clicked on

2018-05-12 18:14:22 - [TEST_STEP][PASSED] - setText: Text 'emi' is set on object 'Object Repository/FSM1/Control Centre/Create EMI Inspection/Page_JM Control Centre/input_gwt-uid-8'

2018-05-12 18:14:23 - [MESSAGE][PASSED] - Text 'emi' is set on object 'Object Repository/FSM1/Control Centre/Create EMI Inspection/Page_JM Control Centre/input_gwt-uid-8'

2018-05-12 18:14:24 - [TEST_STEP][PASSED] - click: Object: 'Object Repository/FSM1/Control Centre/Create EMI Inspection/Page_JM Control Centre/span_EMI Inspection' is clicked on

2018-05-12 18:14:24 - [MESSAGE][PASSED] - Object: 'Object Repository/FSM1/Control Centre/Create EMI Inspection/Page_JM Control Centre/span_EMI Inspection' is clicked on

2018-05-12 18:14:24 - [TEST_STEP][PASSED] - setText: Text '5' is set on object 'Object Repository/FSM1/Control Centre/Create EMI Inspection/Page_JM Control Centre/input_gwt-uid-16'

2018-05-12 18:14:26 - [MESSAGE][PASSED] - Text '5' is set on object 'Object Repository/FSM1/Control Centre/Create EMI Inspection/Page_JM Control Centre/input_gwt-uid-16'

2018-05-12 18:14:26 - [TEST_STEP][PASSED] - setText: Text 'we' is set on object 'Object Repository/FSM1/Control Centre/Create EMI Inspection/Page_JM Control Centre/input_gwt-uid-26'

2018-05-12 18:14:27 - [MESSAGE][PASSED] - Text 'we' is set on object 'Object Repository/FSM1/Control Centre/Create EMI Inspection/Page_JM Control Centre/input_gwt-uid-26'

2018-05-12 18:14:27 - [TEST_STEP][PASSED] - click: Object: 'Object Repository/FSM1/Control Centre/Create EMI Inspection/Page_JM Control Centre/span_West' is clicked on

2018-05-12 18:14:28 - [MESSAGE][PASSED] - Object: 'Object Repository/FSM1/Control Centre/Create EMI Inspection/Page_JM Control Centre/span_West' is clicked on

2018-05-12 18:14:28 - [TEST_STEP][PASSED] - setText: Text '"EMI Routine"' is set on object 'Object Repository/FSM1/Control Centre/Create EMI Inspection/Page_JM Control Centre (1)/Inspection Type'

2018-05-12 18:14:29 - [MESSAGE][PASSED] - Text '"EMI Routine"' is set on object 'Object Repository/FSM1/Control Centre/Create EMI Inspection/Page_JM Control Centre (1)/Inspection Type'

2018-05-12 18:14:29 - [TEST_STEP][FAILED] - click: Unable to click on object 'Object Repository/FSM1/Control Centre/Create EMI Inspection/Page_JM Control Centre/span_EMI Routine' (Root cause: com.kms.katalon.core.webui.exception.WebElementNotFoundException: Web element with id: 'Object Repository/FSM1/Control Centre/Create EMI Inspection/Page_JM Control Centre/span_EMI Routine' located by 'By.xpath: id("VAADIN_COMBOBOX_OPTIONLIST")/div[@class="popupContent"]/div[@class="v-filterselect-suggestmenu"]/table[1]/tbody[1]/tr[7]/td[@class="gwt-MenuItem gwt-MenuItem-selected"]/span[1][count(. | //span[(text() = 'EMI Routine' or . = 'EMI Routine')]) = count(//span[(text() = 'EMI Routine' or . = 'EMI Routine')])]' not found)

2018-05-12 18:15:01 - [MESSAGE][FAILED] - Unable to click on object 'Object Repository/FSM1/Control Centre/Create EMI Inspection/Page_JM Control Centre/span_EMI Routine' (Root cause: com.kms.katalon.core.webui.exception.WebElementNotFoundException: Web element with id: 'Object Repository/FSM1/Control Centre/Create EMI Inspection/Page_JM Control Centre/span_EMI Routine' located by 'By.xpath: id("VAADIN_COMBOBOX_OPTIONLIST")/div[@class="popupContent"]/div[@class="v-filterselect-suggestmenu"]/table[1]/tbody[1]/tr[7]/td[@class="gwt-MenuItem gwt-MenuItem-selected"]/span[1][count(. | //span[(text() = 'EMI Routine' or . = 'EMI Routine')]) = count(//span[(text() = 'EMI Routine' or . = 'EMI Routine')])]' not found)
[[ATTACHMENT|C:\\Users\\JHATFIELD\\git\\DEFRA-FSM_Automated_Regression_NEW\\Reports\\Create New Inspection\\20180512_181357\\1526148900737.png]]]]></system-out>
         <system-err><![CDATA[2018-05-12 18:14:21 - [TEST_CASE][FAILED] - Test Cases/Create EMI Inspection: Test Cases/Create EMI Inspection FAILED because (of) Unable to click on object 'Object Repository/FSM1/Control Centre/Create EMI Inspection/Page_JM Control Centre/span_EMI Routine' (Root cause: com.kms.katalon.core.webui.exception.WebElementNotFoundException: Web element with id: 'Object Repository/FSM1/Control Centre/Create EMI Inspection/Page_JM Control Centre/span_EMI Routine' located by 'By.xpath: id("VAADIN_COMBOBOX_OPTIONLIST")/div[@class="popupContent"]/div[@class="v-filterselect-suggestmenu"]/table[1]/tbody[1]/tr[7]/td[@class="gwt-MenuItem gwt-MenuItem-selected"]/span[1][count(. | //span[(text() = 'EMI Routine' or . = 'EMI Routine')]) = count(//span[(text() = 'EMI Routine' or . = 'EMI Routine')])]' not found)]]></system-err>
      </testcase>
      <system-out><![CDATA[2018-05-12 18:14:00 - [TEST_SUITE][FAILED] - Create New Inspection: Test Cases/Create EMI Inspection FAILED because (of) Unable to click on object 'Object Repository/FSM1/Control Centre/Create EMI Inspection/Page_JM Control Centre/span_EMI Routine' (Root cause: com.kms.katalon.core.webui.exception.WebElementNotFoundException: Web element with id: 'Object Repository/FSM1/Control Centre/Create EMI Inspection/Page_JM Control Centre/span_EMI Routine' located by 'By.xpath: id("VAADIN_COMBOBOX_OPTIONLIST")/div[@class="popupContent"]/div[@class="v-filterselect-suggestmenu"]/table[1]/tbody[1]/tr[7]/td[@class="gwt-MenuItem gwt-MenuItem-selected"]/span[1][count(. | //span[(text() = 'EMI Routine' or . = 'EMI Routine')]) = count(//span[(text() = 'EMI Routine' or . = 'EMI Routine')])]' not found)]]></system-out>
      <system-err><![CDATA[2018-05-12 18:14:00 - [TEST_SUITE][FAILED] - Create New Inspection: Test Cases/Create EMI Inspection FAILED because (of) Unable to click on object 'Object Repository/FSM1/Control Centre/Create EMI Inspection/Page_JM Control Centre/span_EMI Routine' (Root cause: com.kms.katalon.core.webui.exception.WebElementNotFoundException: Web element with id: 'Object Repository/FSM1/Control Centre/Create EMI Inspection/Page_JM Control Centre/span_EMI Routine' located by 'By.xpath: id("VAADIN_COMBOBOX_OPTIONLIST")/div[@class="popupContent"]/div[@class="v-filterselect-suggestmenu"]/table[1]/tbody[1]/tr[7]/td[@class="gwt-MenuItem gwt-MenuItem-selected"]/span[1][count(. | //span[(text() = 'EMI Routine' or . = 'EMI Routine')]) = count(//span[(text() = 'EMI Routine' or . = 'EMI Routine')])]' not found)]]></system-err>
   </testsuite>
</testsuites>
