<?xml version="1.0" encoding="UTF-8"?>
<testsuites name="ABP Regression - 02a" time="401" tests="12" failures="0" errors="0">
   <testsuite name="ABP Regression - 02a" tests="12" failures="0" errors="0" time="401" timestamp="2018-11-29 13:20:14" hostname="JHATFIELD - SNDFSMINFSRV001.defra.onmicrosoft.com" id="Test Suites/ABP/ABP Regression - 02a">
      <properties>
         <property name="deviceName" value=""/>
         <property name="devicePlatform" value=""/>
         <property name="logFolder" value="C:\\Users\\JHATFIELD\\git\\DEFRA-FSM_Automated_Regression_NEW\\Reports\\ABP\\ABP Regression - 02a\\20181129_121935"/>
         <property name="logFiles" value="C:\\Users\\JHATFIELD\\git\\DEFRA-FSM_Automated_Regression_NEW\\Reports\\ABP\\ABP Regression - 02a\\20181129_121935\\execution0.log"/>
         <property name="attachments" value="C:\\Users\\JHATFIELD\\git\\DEFRA-FSM_Automated_Regression_NEW\\Reports\\ABP\\ABP Regression - 02a\\20181129_121935\\1543497866629.png, C:\\Users\\JHATFIELD\\git\\DEFRA-FSM_Automated_Regression_NEW\\Reports\\ABP\\ABP Regression - 02a\\20181129_121935\\1543497911830.png"/>
         <property name="hostName" value="JHATFIELD - SNDFSMINFSRV001.defra.onmicrosoft.com"/>
         <property name="os" value="Windows Server 2016 64bit"/>
         <property name="katalonVersion" value="5.9.0.1"/>
         <property name="browser" value="Chrome 70.0.3538.110"/>
         <property name="hostAddress" value="10.201.1.17"/>
         <property name="sessionId" value="2699c5175e7398cceacbe8d2e502d836"/>
         <property name="seleniumVersion" value="3.7.1"/>
         <property name="proxyInformation" value="ProxyInformation{proxyOption=NO_PROXY, proxyServerType=HTTP, password=, proxyServerAddress=, proxyServerPort=0}"/>
         <property name="platform" value="Windows Server 2016"/>
      </properties>
      <testcase name="Test Cases/Generic/Launch Job Manager Control Centre" classname="Test Cases/Generic/Launch Job Manager Control Centre" status="PASSED">
         <system-out><![CDATA[2018-11-29 13:20:14 - [TEST_CASE][PASSED] - Test Cases/Generic/Launch Job Manager Control Centre: Test Cases/Generic/Launch Job Manager Control Centre

2018-11-29 13:20:15 - [TEST_STEP][PASSED] - openBrowser(""): Browser is opened with url: ''

2018-11-29 13:20:16 - [MESSAGE][INFO] - Starting 'Chrome' driver

2018-11-29 13:20:16 - [MESSAGE][INFO] - Action delay is set to 0 seconds

2018-11-29 13:20:21 - [MESSAGE][PASSED] - Browser is opened with url: ''

2018-11-29 13:20:21 - [TEST_STEP][PASSED] - navigateToUrl(CCURL): Navigate to 'https://kirona-def-11.kirona.com/jmtrain' successfully

2018-11-29 13:20:23 - [MESSAGE][PASSED] - Navigate to 'https://kirona-def-11.kirona.com/jmtrain' successfully

2018-11-29 13:20:23 - [TEST_STEP][PASSED] - setText(findTestObject("FSM1/Control Centre/Page_Job Manager Login/input_gwt-uid-3"), Username): Text 'jon.hatfield' is set on object 'Object Repository/FSM1/Control Centre/Page_Job Manager Login/input_gwt-uid-3'

2018-11-29 13:20:24 - [MESSAGE][PASSED] - Text 'jon.hatfield' is set on object 'Object Repository/FSM1/Control Centre/Page_Job Manager Login/input_gwt-uid-3'

2018-11-29 13:20:24 - [TEST_STEP][PASSED] - setText(findTestObject("FSM1/Control Centre/Page_Job Manager Login/input_gwt-uid-5"), Password): Text 'Fr@nc1sJ0n' is set on object 'Object Repository/FSM1/Control Centre/Page_Job Manager Login/input_gwt-uid-5'

2018-11-29 13:20:25 - [MESSAGE][PASSED] - Text 'Fr@nc1sJ0n' is set on object 'Object Repository/FSM1/Control Centre/Page_Job Manager Login/input_gwt-uid-5'

2018-11-29 13:20:25 - [TEST_STEP][PASSED] - click(findTestObject("FSM1/PreProd/Page_Job Manager Login/div_Login")): Object: 'Object Repository/FSM1/PreProd/Page_Job Manager Login/div_Login' is clicked on

2018-11-29 13:20:25 - [MESSAGE][PASSED] - Object: 'Object Repository/FSM1/PreProd/Page_Job Manager Login/div_Login' is clicked on

2018-11-29 13:20:25 - [TEST_STEP][PASSED] - delay(5): Delayed 5 second(s)

2018-11-29 13:20:30 - [MESSAGE][PASSED] - Delayed 5 second(s)]]></system-out>
         <system-err><![CDATA[]]></system-err>
      </testcase>
      <testcase name="Test Cases/ABP/Generic/Create ABP Inspection - Manual Assignment" classname="Test Cases/ABP/Generic/Create ABP Inspection - Manual Assignment" status="PASSED">
         <system-out><![CDATA[2018-11-29 13:20:30 - [TEST_CASE][PASSED] - Test Cases/ABP/Generic/Create ABP Inspection - Manual Assignment: Test Cases/ABP/Generic/Create ABP Inspection - Manual Assignment

2018-11-29 13:20:31 - [TEST_STEP][PASSED] - log = new com.kms.katalon.core.logging.KeywordLogger(): null

2018-11-29 13:20:31 - [TEST_STEP][PASSED] - click(findTestObject("Object Repository/FSM1/Create ABP Inspection Manual Ass/Page_JM Control Centre/Page_JM Control Centre/Page_JM Control Centre/div_Create")): Object: 'Object Repository/FSM1/Create ABP Inspection Manual Ass/Page_JM Control Centre/Page_JM Control Centre/Page_JM Control Centre/div_Create' is clicked on

2018-11-29 13:20:31 - [MESSAGE][PASSED] - Object: 'Object Repository/FSM1/Create ABP Inspection Manual Ass/Page_JM Control Centre/Page_JM Control Centre/Page_JM Control Centre/div_Create' is clicked on

2018-11-29 13:20:31 - [TEST_STEP][PASSED] - click(findTestObject("Object Repository/FSM1/Create ABP Inspection Manual Ass/Page_JM Control Centre/Page_JM Control Centre/Page_JM Control Centre/div_v-filterselect-button")): Object: 'Object Repository/FSM1/Create ABP Inspection Manual Ass/Page_JM Control Centre/Page_JM Control Centre/Page_JM Control Centre/div_v-filterselect-button' is clicked on

2018-11-29 13:20:33 - [MESSAGE][PASSED] - Object: 'Object Repository/FSM1/Create ABP Inspection Manual Ass/Page_JM Control Centre/Page_JM Control Centre/Page_JM Control Centre/div_v-filterselect-button' is clicked on

2018-11-29 13:20:33 - [TEST_STEP][PASSED] - setText(findTestObject("Object Repository/FSM1/Create ABP Inspection Manual Ass/Page_JM Control Centre/Page_JM Control Centre/Page_JM Control Centre/input_gwt-uid-8"), ABPInspection): Text 'ABPR02a' is set on object 'Object Repository/FSM1/Create ABP Inspection Manual Ass/Page_JM Control Centre/Page_JM Control Centre/Page_JM Control Centre/input_gwt-uid-8'

2018-11-29 13:20:34 - [MESSAGE][PASSED] - Text 'ABPR02a' is set on object 'Object Repository/FSM1/Create ABP Inspection Manual Ass/Page_JM Control Centre/Page_JM Control Centre/Page_JM Control Centre/input_gwt-uid-8'

2018-11-29 13:20:34 - [TEST_STEP][PASSED] - ABPInspectionTypeJ = modifyObjectProperty(findTestObject("Object Repository/FSM1/Create ABP Inspection Manual Ass/Page_JM Control Centre/Page_JM Control Centre/Page_JM Control Centre/span_ABPR01A - Composting and"), "text", "equals", ABPInspectionType, true): Modify property of object successfully

2018-11-29 13:20:34 - [MESSAGE][PASSED] - Modify property of object successfully

2018-11-29 13:20:34 - [TEST_STEP][PASSED] - click(ABPInspectionTypeJ, STOP_ON_FAILURE): Object: 'Object Repository/FSM1/Create ABP Inspection Manual Ass/Page_JM Control Centre/Page_JM Control Centre/Page_JM Control Centre/span_ABPR01A - Composting and' is clicked on

2018-11-29 13:20:34 - [MESSAGE][PASSED] - Object: 'Object Repository/FSM1/Create ABP Inspection Manual Ass/Page_JM Control Centre/Page_JM Control Centre/Page_JM Control Centre/span_ABPR01A - Composting and' is clicked on

2018-11-29 13:20:34 - [TEST_STEP][PASSED] - click(findTestObject("Object Repository/FSM1/Create ABP Inspection Manual Ass/Page_JM Control Centre/Page_JM Control Centre/Page_JM Control Centre/div_v-filterselect-button_1")): Object: 'Object Repository/FSM1/Create ABP Inspection Manual Ass/Page_JM Control Centre/Page_JM Control Centre/Page_JM Control Centre/div_v-filterselect-button_1' is clicked on

2018-11-29 13:20:37 - [MESSAGE][PASSED] - Object: 'Object Repository/FSM1/Create ABP Inspection Manual Ass/Page_JM Control Centre/Page_JM Control Centre/Page_JM Control Centre/div_v-filterselect-button_1' is clicked on

2018-11-29 13:20:37 - [TEST_STEP][PASSED] - click(findTestObject("Object Repository/FSM1/Create ABP Inspection Manual Ass/Page_JM Control Centre/Page_JM Control Centre/Page_JM Control Centre/span_24 Hours")): Object: 'Object Repository/FSM1/Create ABP Inspection Manual Ass/Page_JM Control Centre/Page_JM Control Centre/Page_JM Control Centre/span_24 Hours' is clicked on

2018-11-29 13:20:37 - [MESSAGE][PASSED] - Object: 'Object Repository/FSM1/Create ABP Inspection Manual Ass/Page_JM Control Centre/Page_JM Control Centre/Page_JM Control Centre/span_24 Hours' is clicked on

2018-11-29 13:20:37 - [TEST_STEP][PASSED] - click(findTestObject("Object Repository/FSM1/Create ABP Inspection Manual Ass/Page_JM Control Centre/Page_JM Control Centre/Page_JM Control Centre/div_Region_v-filterselect-butt")): Object: 'Object Repository/FSM1/Create ABP Inspection Manual Ass/Page_JM Control Centre/Page_JM Control Centre/Page_JM Control Centre/div_Region_v-filterselect-butt' is clicked on

2018-11-29 13:20:38 - [MESSAGE][PASSED] - Object: 'Object Repository/FSM1/Create ABP Inspection Manual Ass/Page_JM Control Centre/Page_JM Control Centre/Page_JM Control Centre/div_Region_v-filterselect-butt' is clicked on

2018-11-29 13:20:38 - [TEST_STEP][PASSED] - click(findTestObject("Object Repository/FSM1/Create ABP Inspection Manual Ass/Page_JM Control Centre/Page_JM Control Centre/Page_JM Control Centre/td_West")): Object: 'Object Repository/FSM1/Create ABP Inspection Manual Ass/Page_JM Control Centre/Page_JM Control Centre/Page_JM Control Centre/td_West' is clicked on

2018-11-29 13:20:38 - [MESSAGE][PASSED] - Object: 'Object Repository/FSM1/Create ABP Inspection Manual Ass/Page_JM Control Centre/Page_JM Control Centre/Page_JM Control Centre/td_West' is clicked on

2018-11-29 13:20:38 - [TEST_STEP][PASSED] - click(findTestObject("Object Repository/FSM1/Create ABP Inspection Manual Ass/Page_JM Control Centre/Page_JM Control Centre/Page_JM Control Centre/div_Plant Type_v-filterselect-")): Object: 'Object Repository/FSM1/Create ABP Inspection Manual Ass/Page_JM Control Centre/Page_JM Control Centre/Page_JM Control Centre/div_Plant Type_v-filterselect-' is clicked on

2018-11-29 13:20:39 - [MESSAGE][PASSED] - Object: 'Object Repository/FSM1/Create ABP Inspection Manual Ass/Page_JM Control Centre/Page_JM Control Centre/Page_JM Control Centre/div_Plant Type_v-filterselect-' is clicked on

2018-11-29 13:20:39 - [TEST_STEP][PASSED] - click(findTestObject("Object Repository/FSM1/Create ABP Inspection Manual Ass/Page_JM Control Centre/Page_JM Control Centre/Page_JM Control Centre/td_SECTION I Intermediate Acti")): Object: 'Object Repository/FSM1/Create ABP Inspection Manual Ass/Page_JM Control Centre/Page_JM Control Centre/Page_JM Control Centre/td_SECTION I Intermediate Acti' is clicked on

2018-11-29 13:20:39 - [MESSAGE][PASSED] - Object: 'Object Repository/FSM1/Create ABP Inspection Manual Ass/Page_JM Control Centre/Page_JM Control Centre/Page_JM Control Centre/td_SECTION I Intermediate Acti' is clicked on

2018-11-29 13:20:39 - [TEST_STEP][PASSED] - click(findTestObject("Object Repository/FSM1/Create ABP Inspection Manual Ass/Page_JM Control Centre/Page_JM Control Centre/Page_JM Control Centre/div_Inspection Type_v-filterse")): Object: 'Object Repository/FSM1/Create ABP Inspection Manual Ass/Page_JM Control Centre/Page_JM Control Centre/Page_JM Control Centre/div_Inspection Type_v-filterse' is clicked on

2018-11-29 13:20:40 - [MESSAGE][PASSED] - Object: 'Object Repository/FSM1/Create ABP Inspection Manual Ass/Page_JM Control Centre/Page_JM Control Centre/Page_JM Control Centre/div_Inspection Type_v-filterse' is clicked on

2018-11-29 13:20:40 - [TEST_STEP][PASSED] - click(findTestObject("Object Repository/FSM1/Create ABP Inspection Manual Ass/Page_JM Control Centre/Page_JM Control Centre/Page_JM Control Centre/td_Routine")): Object: 'Object Repository/FSM1/Create ABP Inspection Manual Ass/Page_JM Control Centre/Page_JM Control Centre/Page_JM Control Centre/td_Routine' is clicked on

2018-11-29 13:20:40 - [MESSAGE][PASSED] - Object: 'Object Repository/FSM1/Create ABP Inspection Manual Ass/Page_JM Control Centre/Page_JM Control Centre/Page_JM Control Centre/td_Routine' is clicked on

2018-11-29 13:20:40 - [TEST_STEP][PASSED] - click(findTestObject("Object Repository/FSM1/Create ABP Inspection Manual Ass/Page_JM Control Centre/Page_JM Control Centre/Page_JM Control Centre/div_Inspector Grade Required_v")): Object: 'Object Repository/FSM1/Create ABP Inspection Manual Ass/Page_JM Control Centre/Page_JM Control Centre/Page_JM Control Centre/div_Inspector Grade Required_v' is clicked on

2018-11-29 13:20:41 - [MESSAGE][PASSED] - Object: 'Object Repository/FSM1/Create ABP Inspection Manual Ass/Page_JM Control Centre/Page_JM Control Centre/Page_JM Control Centre/div_Inspector Grade Required_v' is clicked on

2018-11-29 13:20:41 - [TEST_STEP][PASSED] - click(findTestObject("Object Repository/FSM1/Create ABP Inspection Manual Ass/Page_JM Control Centre/Page_JM Control Centre/Page_JM Control Centre/td_Tech")): Object: 'Object Repository/FSM1/Create ABP Inspection Manual Ass/Page_JM Control Centre/Page_JM Control Centre/Page_JM Control Centre/td_Tech' is clicked on

2018-11-29 13:20:41 - [MESSAGE][PASSED] - Object: 'Object Repository/FSM1/Create ABP Inspection Manual Ass/Page_JM Control Centre/Page_JM Control Centre/Page_JM Control Centre/td_Tech' is clicked on

2018-11-29 13:20:41 - [TEST_STEP][PASSED] - click(findTestObject("Object Repository/FSM1/Create ABP Inspection Manual Ass/Page_JM Control Centre/Page_JM Control Centre/Page_JM Control Centre/div_Sequence within Inspection")): Object: 'Object Repository/FSM1/Create ABP Inspection Manual Ass/Page_JM Control Centre/Page_JM Control Centre/Page_JM Control Centre/div_Sequence within Inspection' is clicked on

2018-11-29 13:20:41 - [MESSAGE][PASSED] - Object: 'Object Repository/FSM1/Create ABP Inspection Manual Ass/Page_JM Control Centre/Page_JM Control Centre/Page_JM Control Centre/div_Sequence within Inspection' is clicked on

2018-11-29 13:20:41 - [TEST_STEP][PASSED] - click(findTestObject("Object Repository/FSM1/Create ABP Inspection Manual Ass/Page_JM Control Centre/Page_JM Control Centre/Page_JM Control Centre/td_2 - Tech")): Object: 'Object Repository/FSM1/Create ABP Inspection Manual Ass/Page_JM Control Centre/Page_JM Control Centre/Page_JM Control Centre/td_2 - Tech' is clicked on

2018-11-29 13:20:42 - [MESSAGE][PASSED] - Object: 'Object Repository/FSM1/Create ABP Inspection Manual Ass/Page_JM Control Centre/Page_JM Control Centre/Page_JM Control Centre/td_2 - Tech' is clicked on

2018-11-29 13:20:42 - [TEST_STEP][PASSED] - setText(findTestObject("Object Repository/FSM1/Create ABP Inspection Manual Ass/Page_JM Control Centre/Page_JM Control Centre/Page_JM Control Centre/input_Customer ID_gwt-uid-40"), RandomStringUtils.randomNumeric(5)): Text '55709' is set on object 'Object Repository/FSM1/Create ABP Inspection Manual Ass/Page_JM Control Centre/Page_JM Control Centre/Page_JM Control Centre/input_Customer ID_gwt-uid-40'

2018-11-29 13:20:42 - [MESSAGE][PASSED] - Text '55709' is set on object 'Object Repository/FSM1/Create ABP Inspection Manual Ass/Page_JM Control Centre/Page_JM Control Centre/Page_JM Control Centre/input_Customer ID_gwt-uid-40'

2018-11-29 13:20:42 - [TEST_STEP][PASSED] - setText(findTestObject("Object Repository/FSM1/Create ABP Inspection Manual Ass/Page_JM Control Centre/Page_JM Control Centre/Page_JM Control Centre/input_Unit ID_gwt-uid-42"), RandomStringUtils.randomNumeric(5)): Text '36387' is set on object 'Object Repository/FSM1/Create ABP Inspection Manual Ass/Page_JM Control Centre/Page_JM Control Centre/Page_JM Control Centre/input_Unit ID_gwt-uid-42'

2018-11-29 13:20:43 - [MESSAGE][PASSED] - Text '36387' is set on object 'Object Repository/FSM1/Create ABP Inspection Manual Ass/Page_JM Control Centre/Page_JM Control Centre/Page_JM Control Centre/input_Unit ID_gwt-uid-42'

2018-11-29 13:20:43 - [TEST_STEP][PASSED] - setText(findTestObject("Object Repository/FSM1/Create ABP Inspection Manual Ass/Page_JM Control Centre/Page_JM Control Centre/Page_JM Control Centre/input_Customer Name_gwt-uid-44"), "Test Automation"): Text 'Test Automation' is set on object 'Object Repository/FSM1/Create ABP Inspection Manual Ass/Page_JM Control Centre/Page_JM Control Centre/Page_JM Control Centre/input_Customer Name_gwt-uid-44'

2018-11-29 13:20:43 - [MESSAGE][PASSED] - Text 'Test Automation' is set on object 'Object Repository/FSM1/Create ABP Inspection Manual Ass/Page_JM Control Centre/Page_JM Control Centre/Page_JM Control Centre/input_Customer Name_gwt-uid-44'

2018-11-29 13:20:43 - [TEST_STEP][PASSED] - click(findTestObject("Object Repository/FSM1/Create ABP Inspection Manual Ass/Page_JM Control Centre/Page_JM Control Centre/Page_JM Control Centre/span_")): Object: 'Object Repository/FSM1/Create ABP Inspection Manual Ass/Page_JM Control Centre/Page_JM Control Centre/Page_JM Control Centre/span_' is clicked on

2018-11-29 13:20:44 - [MESSAGE][PASSED] - Object: 'Object Repository/FSM1/Create ABP Inspection Manual Ass/Page_JM Control Centre/Page_JM Control Centre/Page_JM Control Centre/span_' is clicked on

2018-11-29 13:20:44 - [TEST_STEP][PASSED] - click(findTestObject("Object Repository/FSM1/Create ABP Inspection Manual Ass/Page_JM Control Centre/Page_JM Control Centre/Page_JM Control Centre/Postcode Search")): Object: 'Object Repository/FSM1/Create ABP Inspection Manual Ass/Page_JM Control Centre/Page_JM Control Centre/Page_JM Control Centre/Postcode Search' is clicked on

2018-11-29 13:20:45 - [MESSAGE][PASSED] - Object: 'Object Repository/FSM1/Create ABP Inspection Manual Ass/Page_JM Control Centre/Page_JM Control Centre/Page_JM Control Centre/Postcode Search' is clicked on

2018-11-29 13:20:45 - [TEST_STEP][PASSED] - setText(findTestObject("Object Repository/FSM1/Create ABP Inspection Manual Ass/Page_JM Control Centre/Page_JM Control Centre/Page_JM Control Centre/PostcodeSearch"), findTestData("Pre Production/ABP/ABP Inspection Data 01a").getValue(2, 1)): Text 'WR5 2NQ' is set on object 'Object Repository/FSM1/Create ABP Inspection Manual Ass/Page_JM Control Centre/Page_JM Control Centre/Page_JM Control Centre/PostcodeSearch'

2018-11-29 13:20:46 - [MESSAGE][PASSED] - Text 'WR5 2NQ' is set on object 'Object Repository/FSM1/Create ABP Inspection Manual Ass/Page_JM Control Centre/Page_JM Control Centre/Page_JM Control Centre/PostcodeSearch'

2018-11-29 13:20:46 - [TEST_STEP][PASSED] - click(findTestObject("FSM1/Control Centre/Create EMI Inspection/Create Address/Page_JM Control Centre (1)/SearchButton")): Object: 'Object Repository/FSM1/Control Centre/Create EMI Inspection/Create Address/Page_JM Control Centre (1)/SearchButton' is clicked on

2018-11-29 13:20:46 - [MESSAGE][PASSED] - Object: 'Object Repository/FSM1/Control Centre/Create EMI Inspection/Create Address/Page_JM Control Centre (1)/SearchButton' is clicked on

2018-11-29 13:20:47 - [TEST_STEP][PASSED] - FullAddress = modifyObjectProperty(findTestObject("Object Repository/FSM1/Create ABP Inspection Manual Ass/Page_JM Control Centre/Page_JM Control Centre/Page_JM Control Centre/Address"), "text", "equals", findTestData("Pre Production/ABP/ABP Inspection Data 01a").getValue(3, 1), true): Modify property of object successfully

2018-11-29 13:20:47 - [MESSAGE][PASSED] - Modify property of object successfully

2018-11-29 13:20:47 - [TEST_STEP][PASSED] - click(FullAddress, STOP_ON_FAILURE): Object: 'Object Repository/FSM1/Create ABP Inspection Manual Ass/Page_JM Control Centre/Page_JM Control Centre/Page_JM Control Centre/Address' is clicked on

2018-11-29 13:20:48 - [MESSAGE][PASSED] - Object: 'Object Repository/FSM1/Create ABP Inspection Manual Ass/Page_JM Control Centre/Page_JM Control Centre/Page_JM Control Centre/Address' is clicked on

2018-11-29 13:20:48 - [TEST_STEP][PASSED] - click(findTestObject("FSM1/Control Centre/Create EMI Inspection/Create Address/Page_JM Control Centre (2)/div_Add Selected Item")): Object: 'Object Repository/FSM1/Control Centre/Create EMI Inspection/Create Address/Page_JM Control Centre (2)/div_Add Selected Item' is clicked on

2018-11-29 13:20:48 - [MESSAGE][PASSED] - Object: 'Object Repository/FSM1/Control Centre/Create EMI Inspection/Create Address/Page_JM Control Centre (2)/div_Add Selected Item' is clicked on

2018-11-29 13:20:49 - [TEST_STEP][PASSED] - delay(2): Delayed 2 second(s)

2018-11-29 13:20:51 - [MESSAGE][PASSED] - Delayed 2 second(s)

2018-11-29 13:20:51 - [TEST_STEP][PASSED] - click(findTestObject("FSM1/Control Centre/Create EMI Inspection/Finish/Page_JM Control Centre (3)/div_Create")): Object: 'Object Repository/FSM1/Control Centre/Create EMI Inspection/Finish/Page_JM Control Centre (3)/div_Create' is clicked on

2018-11-29 13:20:51 - [MESSAGE][PASSED] - Object: 'Object Repository/FSM1/Control Centre/Create EMI Inspection/Finish/Page_JM Control Centre (3)/div_Create' is clicked on

2018-11-29 13:20:51 - [TEST_STEP][PASSED] - waitForElementPresent(findTestObject("Object Repository/FSM1/Create ABP Inspection Manual Ass/Page_JM Control Centre/Page_JM Control Centre/Page_JM Control Centre/div_APPROVED"), 120, STOP_ON_FAILURE): Object 'Object Repository/FSM1/Create ABP Inspection Manual Ass/Page_JM Control Centre/Page_JM Control Centre/Page_JM Control Centre/div_APPROVED' is present

2018-11-29 13:20:57 - [MESSAGE][PASSED] - Object 'Object Repository/FSM1/Create ABP Inspection Manual Ass/Page_JM Control Centre/Page_JM Control Centre/Page_JM Control Centre/div_APPROVED' is present

2018-11-29 13:20:57 - [TEST_STEP][PASSED] - click(findTestObject("Object Repository/FSM1/Create ABP Inspection Manual Ass/Page_JM Control Centre/Page_JM Control Centre/Page_JM Control Centre/span_Schedule")): Object: 'Object Repository/FSM1/Create ABP Inspection Manual Ass/Page_JM Control Centre/Page_JM Control Centre/Page_JM Control Centre/span_Schedule' is clicked on

2018-11-29 13:20:58 - [MESSAGE][PASSED] - Object: 'Object Repository/FSM1/Create ABP Inspection Manual Ass/Page_JM Control Centre/Page_JM Control Centre/Page_JM Control Centre/span_Schedule' is clicked on

2018-11-29 13:20:58 - [TEST_STEP][PASSED] - click(findTestObject("Object Repository/FSM1/Create ABP Inspection Manual Ass/Page_JM Control Centre/Page_JM Control Centre/Page_JM Control Centre/label_Manual Ownership")): Object: 'Object Repository/FSM1/Create ABP Inspection Manual Ass/Page_JM Control Centre/Page_JM Control Centre/Page_JM Control Centre/label_Manual Ownership' is clicked on

2018-11-29 13:21:02 - [MESSAGE][PASSED] - Object: 'Object Repository/FSM1/Create ABP Inspection Manual Ass/Page_JM Control Centre/Page_JM Control Centre/Page_JM Control Centre/label_Manual Ownership' is clicked on

2018-11-29 13:21:02 - [TEST_STEP][PASSED] - setText(findTestObject("Object Repository/FSM1/Create ABP Inspection Manual Ass/Page_JM Control Centre/Page_JM Control Centre/Page_JM Control Centre/input_Owner_gwt-uid-311 (3)"), "test"): Text 'test' is set on object 'Object Repository/FSM1/Create ABP Inspection Manual Ass/Page_JM Control Centre/Page_JM Control Centre/Page_JM Control Centre/input_Owner_gwt-uid-311 (3)'

2018-11-29 13:21:04 - [MESSAGE][PASSED] - Text 'test' is set on object 'Object Repository/FSM1/Create ABP Inspection Manual Ass/Page_JM Control Centre/Page_JM Control Centre/Page_JM Control Centre/input_Owner_gwt-uid-311 (3)'

2018-11-29 13:21:04 - [TEST_STEP][PASSED] - click(findTestObject("Object Repository/FSM1/Create ABP Inspection Manual Ass/Page_JM Control Centre/Page_JM Control Centre/Page_JM Control Centre/span_Test Inspector")): Object: 'Object Repository/FSM1/Create ABP Inspection Manual Ass/Page_JM Control Centre/Page_JM Control Centre/Page_JM Control Centre/span_Test Inspector' is clicked on

2018-11-29 13:21:05 - [MESSAGE][PASSED] - Object: 'Object Repository/FSM1/Create ABP Inspection Manual Ass/Page_JM Control Centre/Page_JM Control Centre/Page_JM Control Centre/span_Test Inspector' is clicked on

2018-11-29 13:21:05 - [TEST_STEP][NOT_RUN] - setText(findTestObject("Object Repository/FSM1/Create ABP Inspection Manual Ass/Page_JM Control Centre/Page_JM Control Centre/Page_JM Control Centre/input_Owner_gwt-uid-311"), "Test Inspector"): NOT_RUN: setText(findTestObject("Object Repository/FSM1/Create ABP Inspection Manual Ass/Page_JM Control Centre/Page_JM Control Centre/Page_JM Control Centre/input_Owner_gwt-uid-311"), "Test Inspector")

2018-11-29 13:21:05 - [MESSAGE][NOT_RUN] - NOT_RUN: setText(findTestObject("Object Repository/FSM1/Create ABP Inspection Manual Ass/Page_JM Control Centre/Page_JM Control Centre/Page_JM Control Centre/input_Owner_gwt-uid-311"), "Test Inspector")

2018-11-29 13:21:05 - [TEST_STEP][PASSED] - mydate = new java.util.Date(): null

2018-11-29 13:21:05 - [TEST_STEP][PASSED] - tomorrow = mydate.next(): null

2018-11-29 13:21:05 - [TEST_STEP][PASSED] - formattedDate = tomorrow.format("dd-MMM-yyyy"): null

2018-11-29 13:21:05 - [TEST_STEP][PASSED] - setText(findTestObject("Object Repository/FSM1/Create ABP Inspection Manual Ass/Page_JM Control Centre/Page_JM Control Centre/Page_JM Control Centre/input_From date_gwt-uid-504 (10)"), formattedDate): Text '30-Nov-2018' is set on object 'Object Repository/FSM1/Create ABP Inspection Manual Ass/Page_JM Control Centre/Page_JM Control Centre/Page_JM Control Centre/input_From date_gwt-uid-504 (10)'

2018-11-29 13:21:06 - [MESSAGE][PASSED] - Text '30-Nov-2018' is set on object 'Object Repository/FSM1/Create ABP Inspection Manual Ass/Page_JM Control Centre/Page_JM Control Centre/Page_JM Control Centre/input_From date_gwt-uid-504 (10)'

2018-11-29 13:21:06 - [TEST_STEP][PASSED] - setText(findTestObject("Object Repository/FSM1/Create ABP Inspection Manual Ass/Page_JM Control Centre/Page_JM Control Centre/Page_JM Control Centre/input_Due date_gwt-uid-506 (11)"), formattedDate): Text '30-Nov-2018' is set on object 'Object Repository/FSM1/Create ABP Inspection Manual Ass/Page_JM Control Centre/Page_JM Control Centre/Page_JM Control Centre/input_Due date_gwt-uid-506 (11)'

2018-11-29 13:21:07 - [MESSAGE][PASSED] - Text '30-Nov-2018' is set on object 'Object Repository/FSM1/Create ABP Inspection Manual Ass/Page_JM Control Centre/Page_JM Control Centre/Page_JM Control Centre/input_Due date_gwt-uid-506 (11)'

2018-11-29 13:21:07 - [TEST_STEP][PASSED] - click(findTestObject("Object Repository/FSM1/Create ABP Inspection Manual Ass/Page_JM Control Centre/Page_JM Control Centre/Page_JM Control Centre/div_Allocate")): Object: 'Object Repository/FSM1/Create ABP Inspection Manual Ass/Page_JM Control Centre/Page_JM Control Centre/Page_JM Control Centre/div_Allocate' is clicked on

2018-11-29 13:21:07 - [MESSAGE][PASSED] - Object: 'Object Repository/FSM1/Create ABP Inspection Manual Ass/Page_JM Control Centre/Page_JM Control Centre/Page_JM Control Centre/div_Allocate' is clicked on

2018-11-29 13:21:08 - [TEST_STEP][PASSED] - InspectionID = getText(findTestObject("Object Repository/FSM1/Create ABP Inspection Manual Ass/Page_JM Control Centre/Page_JM Control Centre/Page_JM Control Centre/InspectionID")): Text of object 'Object Repository/FSM1/Create ABP Inspection Manual Ass/Page_JM Control Centre/Page_JM Control Centre/Page_JM Control Centre/InspectionID' is: 'Viewing Job 94141'

2018-11-29 13:21:08 - [MESSAGE][PASSED] - Text of object 'Object Repository/FSM1/Create ABP Inspection Manual Ass/Page_JM Control Centre/Page_JM Control Centre/Page_JM Control Centre/InspectionID' is: 'Viewing Job 94141'

2018-11-29 13:21:09 - [TEST_STEP][PASSED] - InspectionID = InspectionID.replaceAll("Viewing Job ", ""): null

2018-11-29 13:21:09 - [TEST_STEP][PASSED] - log.logWarning(InspectionID): 94141

2018-11-29 13:21:09 - [MESSAGE][WARNING] - 94141

2018-11-29 13:21:09 - [TEST_STEP][PASSED] - temp = InspectionID: null

2018-11-29 13:21:09 - [TEST_STEP][PASSED] - delay(90): Delayed 90 second(s)

2018-11-29 13:22:39 - [MESSAGE][PASSED] - Delayed 90 second(s)]]></system-out>
         <system-err><![CDATA[]]></system-err>
      </testcase>
      <testcase name="Test Cases/Generic/Launch Job Manager" classname="Test Cases/Generic/Launch Job Manager" status="PASSED">
         <system-out><![CDATA[2018-11-29 13:22:39 - [TEST_CASE][PASSED] - Test Cases/Generic/Launch Job Manager: Test Cases/Generic/Launch Job Manager

2018-11-29 13:22:39 - [TEST_STEP][PASSED] - openBrowser(""): Browser is opened with url: ''

2018-11-29 13:22:39 - [MESSAGE][WARNING] - A browser is already opened. Closing browser and opening a new one

2018-11-29 13:22:40 - [MESSAGE][INFO] - Starting 'Chrome' driver

2018-11-29 13:22:42 - [MESSAGE][PASSED] - Browser is opened with url: ''

2018-11-29 13:22:42 - [TEST_STEP][PASSED] - navigateToUrl(JMURL): Navigate to 'https://kirona-def-11.kirona.com/jmtrain/jclient/jclient.html' successfully

2018-11-29 13:22:43 - [MESSAGE][PASSED] - Navigate to 'https://kirona-def-11.kirona.com/jmtrain/jclient/jclient.html' successfully

2018-11-29 13:22:43 - [TEST_STEP][PASSED] - setText(findTestObject("FSM1/Launch Application/Page_JClient/input_gwt-TextBox GKH2EKQBMDB"), "KIR1"): Text 'KIR1' is set on object 'Object Repository/FSM1/Launch Application/Page_JClient/input_gwt-TextBox GKH2EKQBMDB'

2018-11-29 13:22:46 - [MESSAGE][PASSED] - Text 'KIR1' is set on object 'Object Repository/FSM1/Launch Application/Page_JClient/input_gwt-TextBox GKH2EKQBMDB'

2018-11-29 13:22:46 - [TEST_STEP][PASSED] - sendKeys(findTestObject("FSM1/Launch Application/Page_JClient/input_gwt-TextBox GKH2EKQBMDB"), Keys.chord(ENTER)): Keys 'ENTER + ' sent to object: 'Object Repository/FSM1/Launch Application/Page_JClient/input_gwt-TextBox GKH2EKQBMDB'

2018-11-29 13:22:46 - [MESSAGE][PASSED] - Keys 'ENTER + ' sent to object: 'Object Repository/FSM1/Launch Application/Page_JClient/input_gwt-TextBox GKH2EKQBMDB'

2018-11-29 13:22:46 - [TEST_STEP][PASSED] - click(findTestObject("FSM1/Launch Application/Page_JClient/div_Configure App")): Object: 'Object Repository/FSM1/Launch Application/Page_JClient/div_Configure App' is clicked on

2018-11-29 13:22:46 - [MESSAGE][PASSED] - Object: 'Object Repository/FSM1/Launch Application/Page_JClient/div_Configure App' is clicked on

2018-11-29 13:22:46 - [TEST_STEP][PASSED] - setText(findTestObject("FSM1/Launch Application/Page_JClient/input_gwt-TextBox GKH2EKQBNHC"), findTestData("Pre Production/Environmental/UandP").getValue(3, 1)): Text 'test.inspector' is set on object 'Object Repository/FSM1/Launch Application/Page_JClient/input_gwt-TextBox GKH2EKQBNHC'

2018-11-29 13:22:48 - [MESSAGE][PASSED] - Text 'test.inspector' is set on object 'Object Repository/FSM1/Launch Application/Page_JClient/input_gwt-TextBox GKH2EKQBNHC'

2018-11-29 13:22:48 - [TEST_STEP][PASSED] - setText(findTestObject("FSM1/Launch Application/Page_JClient/input_gwt-PasswordTextBox GKH2"), findTestData("Pre Production/Environmental/UandP").getValue(4, 1)): Text 'Password1.' is set on object 'Object Repository/FSM1/Launch Application/Page_JClient/input_gwt-PasswordTextBox GKH2'

2018-11-29 13:22:48 - [MESSAGE][PASSED] - Text 'Password1.' is set on object 'Object Repository/FSM1/Launch Application/Page_JClient/input_gwt-PasswordTextBox GKH2'

2018-11-29 13:22:48 - [TEST_STEP][PASSED] - click(findTestObject("FSM1/Launch Application/Page_JClient/div_Sign In")): Object: 'Object Repository/FSM1/Launch Application/Page_JClient/div_Sign In' is clicked on

2018-11-29 13:22:48 - [MESSAGE][PASSED] - Object: 'Object Repository/FSM1/Launch Application/Page_JClient/div_Sign In' is clicked on

2018-11-29 13:22:48 - [TEST_STEP][PASSED] - delay(15): Delayed 15 second(s)

2018-11-29 13:23:03 - [MESSAGE][PASSED] - Delayed 15 second(s)]]></system-out>
         <system-err><![CDATA[]]></system-err>
      </testcase>
      <testcase name="Test Cases/Generic/Select Inspection" classname="Test Cases/Generic/Select Inspection" status="PASSED">
         <system-out><![CDATA[2018-11-29 13:23:03 - [TEST_CASE][PASSED] - Test Cases/Generic/Select Inspection: Test Cases/Generic/Select Inspection

2018-11-29 13:23:04 - [TEST_STEP][PASSED] - delay(30): Delayed 30 second(s)

2018-11-29 13:23:34 - [MESSAGE][PASSED] - Delayed 30 second(s)

2018-11-29 13:23:34 - [TEST_STEP][PASSED] - waitForElementClickable(findTestObject("FSM1/Select Inspection/Landing/Refresh"), 250): Object 'Object Repository/FSM1/Select Inspection/Landing/Refresh' is clickable

2018-11-29 13:23:34 - [MESSAGE][PASSED] - Object 'Object Repository/FSM1/Select Inspection/Landing/Refresh' is clickable

2018-11-29 13:23:34 - [TEST_STEP][PASSED] - click(findTestObject("FSM1/Select Inspection/Landing/Refresh")): Object: 'Object Repository/FSM1/Select Inspection/Landing/Refresh' is clicked on

2018-11-29 13:23:34 - [MESSAGE][PASSED] - Object: 'Object Repository/FSM1/Select Inspection/Landing/Refresh' is clicked on

2018-11-29 13:23:34 - [TEST_STEP][PASSED] - waitForElementClickable(findTestObject("FSM1/Select Inspection/Landing/Refresh"), 250): Object 'Object Repository/FSM1/Select Inspection/Landing/Refresh' is clickable

2018-11-29 13:23:35 - [MESSAGE][PASSED] - Object 'Object Repository/FSM1/Select Inspection/Landing/Refresh' is clickable

2018-11-29 13:23:35 - [TEST_STEP][NOT_RUN] - delay(180): NOT_RUN: delay(180)

2018-11-29 13:23:35 - [MESSAGE][NOT_RUN] - NOT_RUN: delay(180)

2018-11-29 13:23:35 - [TEST_STEP][PASSED] - InspectionRef = modifyObjectProperty(findTestObject("FSM1/Select Inspection/Landing/Page_JClient/div_35098"), "text", "equals", temp, true, STOP_ON_FAILURE): Modify property of object successfully

2018-11-29 13:23:35 - [MESSAGE][PASSED] - Modify property of object successfully

2018-11-29 13:23:35 - [TEST_STEP][PASSED] - delay(20): Delayed 20 second(s)

2018-11-29 13:23:55 - [MESSAGE][PASSED] - Delayed 20 second(s)

2018-11-29 13:23:55 - [TEST_STEP][PASSED] - if (verifyElementPresent(InspectionRef, 30, OPTIONAL)): com.kms.katalon.core.webui.exception.WebElementNotFoundException: Web element with id: 'Object Repository/FSM1/Select Inspection/Landing/Page_JClient/div_35098' located by 'By.xpath: //div[(text() = '94141' or . = '94141')]' not found

2018-11-29 13:24:26 - [MESSAGE][INFO] - Unable to find the element located by 'By.xpath: //div[(text() = '94141' or . = '94141')]'. Please recheck the objects properties to make sure the desired element is located. 

2018-11-29 13:24:27 - [MESSAGE][WARNING] - com.kms.katalon.core.webui.exception.WebElementNotFoundException: Web element with id: 'Object Repository/FSM1/Select Inspection/Landing/Page_JClient/div_35098' located by 'By.xpath: //div[(text() = '94141' or . = '94141')]' not found
[[ATTACHMENT|C:\\Users\\JHATFIELD\\git\\DEFRA-FSM_Automated_Regression_NEW\\Reports\\ABP\\ABP Regression - 02a\\20181129_121935\\1543497866629.png]]

2018-11-29 13:24:27 - [TEST_STEP][PASSED] - else: Object: 'Object Repository/FSM1/Select Inspection/Landing/Page_JClient/div_35098' is clicked on

2018-11-29 13:24:27 - [TEST_STEP][PASSED] - click(findTestObject("Object Repository/FSM1/Select Inspection/Landing/Page_JClient (1)/2 Days")): Object: 'Object Repository/FSM1/Select Inspection/Landing/Page_JClient (1)/2 Days' is clicked on

2018-11-29 13:24:27 - [MESSAGE][PASSED] - Object: 'Object Repository/FSM1/Select Inspection/Landing/Page_JClient (1)/2 Days' is clicked on

2018-11-29 13:24:27 - [TEST_STEP][PASSED] - delay(3): Delayed 3 second(s)

2018-11-29 13:24:30 - [MESSAGE][PASSED] - Delayed 3 second(s)

2018-11-29 13:24:30 - [TEST_STEP][PASSED] - click(InspectionRef): Object: 'Object Repository/FSM1/Select Inspection/Landing/Page_JClient/div_35098' is clicked on

2018-11-29 13:24:30 - [MESSAGE][PASSED] - Object: 'Object Repository/FSM1/Select Inspection/Landing/Page_JClient/div_35098' is clicked on

2018-11-29 13:24:30 - [TEST_STEP][PASSED] - click(findTestObject("FSM1/Select Inspection/Page_JClient/div_WITH OPERATIVE")): Object: 'Object Repository/FSM1/Select Inspection/Page_JClient/div_WITH OPERATIVE' is clicked on

2018-11-29 13:24:31 - [MESSAGE][PASSED] - Object: 'Object Repository/FSM1/Select Inspection/Page_JClient/div_WITH OPERATIVE' is clicked on

2018-11-29 13:24:31 - [TEST_STEP][PASSED] - delay(2): Delayed 2 second(s)

2018-11-29 13:24:33 - [MESSAGE][PASSED] - Delayed 2 second(s)

2018-11-29 13:24:33 - [TEST_STEP][PASSED] - click(findTestObject("FSM1/Select Inspection/Page_JClient/div_TRAVELLING")): Object: 'Object Repository/FSM1/Select Inspection/Page_JClient/div_TRAVELLING' is clicked on

2018-11-29 13:24:33 - [MESSAGE][PASSED] - Object: 'Object Repository/FSM1/Select Inspection/Page_JClient/div_TRAVELLING' is clicked on

2018-11-29 13:24:33 - [TEST_STEP][PASSED] - delay(2): Delayed 2 second(s)

2018-11-29 13:24:35 - [MESSAGE][PASSED] - Delayed 2 second(s)

2018-11-29 13:24:35 - [TEST_STEP][PASSED] - click(findTestObject("FSM1/Select Inspection/Page_JClient/div_TRAVELLING")): Object: 'Object Repository/FSM1/Select Inspection/Page_JClient/div_TRAVELLING' is clicked on

2018-11-29 13:24:36 - [MESSAGE][PASSED] - Object: 'Object Repository/FSM1/Select Inspection/Page_JClient/div_TRAVELLING' is clicked on

2018-11-29 13:24:36 - [TEST_STEP][PASSED] - delay(2): Delayed 2 second(s)

2018-11-29 13:24:38 - [MESSAGE][PASSED] - Delayed 2 second(s)

2018-11-29 13:24:38 - [TEST_STEP][PASSED] - click(findTestObject("FSM1/Select Inspection/Page_JClient/div_ARRIVED")): Object: 'Object Repository/FSM1/Select Inspection/Page_JClient/div_ARRIVED' is clicked on

2018-11-29 13:24:38 - [MESSAGE][PASSED] - Object: 'Object Repository/FSM1/Select Inspection/Page_JClient/div_ARRIVED' is clicked on

2018-11-29 13:24:38 - [TEST_STEP][PASSED] - delay(2): Delayed 2 second(s)

2018-11-29 13:24:40 - [MESSAGE][PASSED] - Delayed 2 second(s)

2018-11-29 13:24:40 - [TEST_STEP][PASSED] - click(findTestObject("FSM1/Select Inspection/Page_JClient/div_ARRIVED")): Object: 'Object Repository/FSM1/Select Inspection/Page_JClient/div_ARRIVED' is clicked on

2018-11-29 13:24:40 - [MESSAGE][PASSED] - Object: 'Object Repository/FSM1/Select Inspection/Page_JClient/div_ARRIVED' is clicked on

2018-11-29 13:24:40 - [TEST_STEP][PASSED] - delay(4): Delayed 4 second(s)

2018-11-29 13:24:44 - [MESSAGE][PASSED] - Delayed 4 second(s)

2018-11-29 13:24:44 - [TEST_STEP][PASSED] - click(findTestObject("FSM1/Select Inspection/Page_JClient/div_STARTED")): Object: 'Object Repository/FSM1/Select Inspection/Page_JClient/div_STARTED' is clicked on

2018-11-29 13:24:44 - [MESSAGE][PASSED] - Object: 'Object Repository/FSM1/Select Inspection/Page_JClient/div_STARTED' is clicked on

2018-11-29 13:24:44 - [TEST_STEP][PASSED] - delay(2): Delayed 2 second(s)

2018-11-29 13:24:46 - [MESSAGE][PASSED] - Delayed 2 second(s)]]></system-out>
         <system-err><![CDATA[]]></system-err>
      </testcase>
      <testcase name="Test Cases/ABP/ABPR02a/Complete ABP Inspection - Section A - 02a" classname="Test Cases/ABP/ABPR02a/Complete ABP Inspection - Section A - 02a" status="PASSED">
         <system-out><![CDATA[2018-11-29 13:24:46 - [TEST_CASE][PASSED] - Test Cases/ABP/ABPR02a/Complete ABP Inspection - Section A - 02a: Test Cases/ABP/ABPR02a/Complete ABP Inspection - Section A - 02a

2018-11-29 13:24:47 - [TEST_STEP][PASSED] - click(findTestObject("Object Repository/FSM1/Complete ABP Inspection/ABPR02a/Page_JClient/Page_JClient/Page_JClient/div_Section A Summary of Inspe")): Object: 'Object Repository/FSM1/Complete ABP Inspection/ABPR02a/Page_JClient/Page_JClient/Page_JClient/div_Section A Summary of Inspe' is clicked on

2018-11-29 13:24:47 - [MESSAGE][PASSED] - Object: 'Object Repository/FSM1/Complete ABP Inspection/ABPR02a/Page_JClient/Page_JClient/Page_JClient/div_Section A Summary of Inspe' is clicked on

2018-11-29 13:24:47 - [TEST_STEP][PASSED] - delay(5): Delayed 5 second(s)

2018-11-29 13:24:52 - [MESSAGE][PASSED] - Delayed 5 second(s)

2018-11-29 13:24:52 - [TEST_STEP][PASSED] - setText(findTestObject("Object Repository/FSM1/Complete ABP Inspection/ABPR02a/Page_JClient/Page_JClient/Page_JClient/input_County Parish Holding (C"), "11/222/3333"): Text '11/222/3333' is set on object 'Object Repository/FSM1/Complete ABP Inspection/ABPR02a/Page_JClient/Page_JClient/Page_JClient/input_County Parish Holding (C'

2018-11-29 13:24:52 - [MESSAGE][PASSED] - Text '11/222/3333' is set on object 'Object Repository/FSM1/Complete ABP Inspection/ABPR02a/Page_JClient/Page_JClient/Page_JClient/input_County Parish Holding (C'

2018-11-29 13:24:52 - [TEST_STEP][PASSED] - delay(1): Delayed 1 second(s)

2018-11-29 13:24:53 - [MESSAGE][PASSED] - Delayed 1 second(s)

2018-11-29 13:24:53 - [TEST_STEP][PASSED] - click(findTestObject("Object Repository/FSM1/Complete ABP Inspection/ABPR02a/Page_JClient/Page_JClient/Page_JClient/span_No")): Object: 'Object Repository/FSM1/Complete ABP Inspection/ABPR02a/Page_JClient/Page_JClient/Page_JClient/span_No' is clicked on

2018-11-29 13:24:54 - [MESSAGE][PASSED] - Object: 'Object Repository/FSM1/Complete ABP Inspection/ABPR02a/Page_JClient/Page_JClient/Page_JClient/span_No' is clicked on

2018-11-29 13:24:54 - [TEST_STEP][PASSED] - click(findTestObject("Object Repository/FSM1/Complete ABP Inspection/ABPR02a/Page_JClient/Page_JClient/Page_JClient/span_Yes")): Object: 'Object Repository/FSM1/Complete ABP Inspection/ABPR02a/Page_JClient/Page_JClient/Page_JClient/span_Yes' is clicked on

2018-11-29 13:24:54 - [MESSAGE][PASSED] - Object: 'Object Repository/FSM1/Complete ABP Inspection/ABPR02a/Page_JClient/Page_JClient/Page_JClient/span_Yes' is clicked on

2018-11-29 13:24:54 - [TEST_STEP][PASSED] - setText(findTestObject("Object Repository/FSM1/Complete ABP Inspection/ABPR02a/Page_JClient/Page_JClient/Page_JClient/input_Updated Customer Name_gw"), "Test Automation"): Text 'Test Automation' is set on object 'Object Repository/FSM1/Complete ABP Inspection/ABPR02a/Page_JClient/Page_JClient/Page_JClient/input_Updated Customer Name_gw'

2018-11-29 13:24:54 - [MESSAGE][PASSED] - Text 'Test Automation' is set on object 'Object Repository/FSM1/Complete ABP Inspection/ABPR02a/Page_JClient/Page_JClient/Page_JClient/input_Updated Customer Name_gw'

2018-11-29 13:24:54 - [TEST_STEP][NOT_RUN] - setText(findTestObject("Object Repository/FSM1/Complete ABP Inspection/ABPR02a/Page_JClient/Page_JClient/Page_JClient/textarea_Updated Customer Addr"), "Hazelwood Manor Farm , Cherington Road Burmington, Shipston on Stour, CV36 5AR (UPRN:SP 26605 37867)"): NOT_RUN: setText(findTestObject("Object Repository/FSM1/Complete ABP Inspection/ABPR02a/Page_JClient/Page_JClient/Page_JClient/textarea_Updated Customer Addr"), "Hazelwood Manor Farm , Cherington Road Burmington, Shipston on Stour, CV36 5AR (UPRN:SP 26605 37867)")

2018-11-29 13:24:54 - [MESSAGE][NOT_RUN] - NOT_RUN: setText(findTestObject("Object Repository/FSM1/Complete ABP Inspection/ABPR02a/Page_JClient/Page_JClient/Page_JClient/textarea_Updated Customer Addr"), "Hazelwood Manor Farm , Cherington Road Burmington, Shipston on Stour, CV36 5AR (UPRN:SP 26605 37867)")

2018-11-29 13:24:54 - [TEST_STEP][NOT_RUN] - setText(findTestObject("Object Repository/FSM1/Complete ABP Inspection/ABPR02a/Page_JClient/Page_JClient/Page_JClient/input_Updated Customer Postcod"), "CV36 5AR"): NOT_RUN: setText(findTestObject("Object Repository/FSM1/Complete ABP Inspection/ABPR02a/Page_JClient/Page_JClient/Page_JClient/input_Updated Customer Postcod"), "CV36 5AR")

2018-11-29 13:24:54 - [MESSAGE][NOT_RUN] - NOT_RUN: setText(findTestObject("Object Repository/FSM1/Complete ABP Inspection/ABPR02a/Page_JClient/Page_JClient/Page_JClient/input_Updated Customer Postcod"), "CV36 5AR")

2018-11-29 13:24:54 - [TEST_STEP][PASSED] - setText(findTestObject("Object Repository/FSM1/Complete ABP Inspection/ABPR02a/Page_JClient/Page_JClient/Page_JClient/input_Updated Customer Phone_g"), "07812664043"): Text '07812664043' is set on object 'Object Repository/FSM1/Complete ABP Inspection/ABPR02a/Page_JClient/Page_JClient/Page_JClient/input_Updated Customer Phone_g'

2018-11-29 13:24:54 - [MESSAGE][PASSED] - Text '07812664043' is set on object 'Object Repository/FSM1/Complete ABP Inspection/ABPR02a/Page_JClient/Page_JClient/Page_JClient/input_Updated Customer Phone_g'

2018-11-29 13:24:54 - [TEST_STEP][PASSED] - setText(findTestObject("Object Repository/FSM1/Complete ABP Inspection/ABPR02a/Page_JClient/Page_JClient/Page_JClient/input_Updated Customer Email_g"), "updated@gmail.com"): Text 'updated@gmail.com' is set on object 'Object Repository/FSM1/Complete ABP Inspection/ABPR02a/Page_JClient/Page_JClient/Page_JClient/input_Updated Customer Email_g'

2018-11-29 13:24:55 - [MESSAGE][PASSED] - Text 'updated@gmail.com' is set on object 'Object Repository/FSM1/Complete ABP Inspection/ABPR02a/Page_JClient/Page_JClient/Page_JClient/input_Updated Customer Email_g'

2018-11-29 13:24:55 - [TEST_STEP][PASSED] - click(findTestObject("Object Repository/FSM1/Complete ABP Inspection/ABPR02a/Page_JClient/Page_JClient/Page_JClient/span_Yes_1")): Object: 'Object Repository/FSM1/Complete ABP Inspection/ABPR02a/Page_JClient/Page_JClient/Page_JClient/span_Yes_1' is clicked on

2018-11-29 13:24:55 - [MESSAGE][PASSED] - Object: 'Object Repository/FSM1/Complete ABP Inspection/ABPR02a/Page_JClient/Page_JClient/Page_JClient/span_Yes_1' is clicked on

2018-11-29 13:24:55 - [TEST_STEP][PASSED] - setText(findTestObject("Object Repository/FSM1/Complete ABP Inspection/ABPR02a/Page_JClient/Page_JClient/Page_JClient/input_Updated Operator Name_gw"), "Test Automation"): Text 'Test Automation' is set on object 'Object Repository/FSM1/Complete ABP Inspection/ABPR02a/Page_JClient/Page_JClient/Page_JClient/input_Updated Operator Name_gw'

2018-11-29 13:24:55 - [MESSAGE][PASSED] - Text 'Test Automation' is set on object 'Object Repository/FSM1/Complete ABP Inspection/ABPR02a/Page_JClient/Page_JClient/Page_JClient/input_Updated Operator Name_gw'

2018-11-29 13:24:55 - [TEST_STEP][PASSED] - setText(findTestObject("Object Repository/FSM1/Complete ABP Inspection/ABPR02a/Page_JClient/Page_JClient/Page_JClient/textarea_Updated Operator Addr"), "Test Automation"): Text 'Test Automation' is set on object 'Object Repository/FSM1/Complete ABP Inspection/ABPR02a/Page_JClient/Page_JClient/Page_JClient/textarea_Updated Operator Addr'

2018-11-29 13:24:56 - [MESSAGE][PASSED] - Text 'Test Automation' is set on object 'Object Repository/FSM1/Complete ABP Inspection/ABPR02a/Page_JClient/Page_JClient/Page_JClient/textarea_Updated Operator Addr'

2018-11-29 13:24:56 - [TEST_STEP][PASSED] - setText(findTestObject("Object Repository/FSM1/Complete ABP Inspection/ABPR02a/Page_JClient/Page_JClient/Page_JClient/input_Updated Operator Postcod"), "B93 0HN"): Text 'B93 0HN' is set on object 'Object Repository/FSM1/Complete ABP Inspection/ABPR02a/Page_JClient/Page_JClient/Page_JClient/input_Updated Operator Postcod'

2018-11-29 13:24:56 - [MESSAGE][PASSED] - Text 'B93 0HN' is set on object 'Object Repository/FSM1/Complete ABP Inspection/ABPR02a/Page_JClient/Page_JClient/Page_JClient/input_Updated Operator Postcod'

2018-11-29 13:24:56 - [TEST_STEP][PASSED] - setText(findTestObject("Object Repository/FSM1/Complete ABP Inspection/ABPR02a/Page_JClient/Page_JClient/Page_JClient/input_Updated Operator Phone_g"), "07812664043"): Text '07812664043' is set on object 'Object Repository/FSM1/Complete ABP Inspection/ABPR02a/Page_JClient/Page_JClient/Page_JClient/input_Updated Operator Phone_g'

2018-11-29 13:24:56 - [MESSAGE][PASSED] - Text '07812664043' is set on object 'Object Repository/FSM1/Complete ABP Inspection/ABPR02a/Page_JClient/Page_JClient/Page_JClient/input_Updated Operator Phone_g'

2018-11-29 13:24:56 - [TEST_STEP][PASSED] - setText(findTestObject("Object Repository/FSM1/Complete ABP Inspection/ABPR02a/Page_JClient/Page_JClient/Page_JClient/input_Updated Operator Email_g"), "updated@gmail.com"): Text 'updated@gmail.com' is set on object 'Object Repository/FSM1/Complete ABP Inspection/ABPR02a/Page_JClient/Page_JClient/Page_JClient/input_Updated Operator Email_g'

2018-11-29 13:24:57 - [MESSAGE][PASSED] - Text 'updated@gmail.com' is set on object 'Object Repository/FSM1/Complete ABP Inspection/ABPR02a/Page_JClient/Page_JClient/Page_JClient/input_Updated Operator Email_g'

2018-11-29 13:24:57 - [TEST_STEP][PASSED] - click(findTestObject("Object Repository/FSM1/Complete ABP Inspection/ABPR02a/Page_JClient/Page_JClient/Page_JClient/span_Yes_2")): Object: 'Object Repository/FSM1/Complete ABP Inspection/ABPR02a/Page_JClient/Page_JClient/Page_JClient/span_Yes_2' is clicked on

2018-11-29 13:24:57 - [MESSAGE][PASSED] - Object: 'Object Repository/FSM1/Complete ABP Inspection/ABPR02a/Page_JClient/Page_JClient/Page_JClient/span_Yes_2' is clicked on

2018-11-29 13:24:57 - [TEST_STEP][PASSED] - click(findTestObject("Object Repository/FSM1/Complete ABP Inspection/ABPR02a/Page_JClient/Page_JClient/Page_JClient/label_LA Trading Standards")): Object: 'Object Repository/FSM1/Complete ABP Inspection/ABPR02a/Page_JClient/Page_JClient/Page_JClient/label_LA Trading Standards' is clicked on

2018-11-29 13:24:57 - [MESSAGE][PASSED] - Object: 'Object Repository/FSM1/Complete ABP Inspection/ABPR02a/Page_JClient/Page_JClient/Page_JClient/label_LA Trading Standards' is clicked on

2018-11-29 13:24:57 - [TEST_STEP][PASSED] - click(findTestObject("Object Repository/FSM1/Complete ABP Inspection/ABPR02a/Page_JClient/Page_JClient/Page_JClient/label_LA Environment Health")): Object: 'Object Repository/FSM1/Complete ABP Inspection/ABPR02a/Page_JClient/Page_JClient/Page_JClient/label_LA Environment Health' is clicked on

2018-11-29 13:24:57 - [MESSAGE][PASSED] - Object: 'Object Repository/FSM1/Complete ABP Inspection/ABPR02a/Page_JClient/Page_JClient/Page_JClient/label_LA Environment Health' is clicked on

2018-11-29 13:24:57 - [TEST_STEP][PASSED] - click(findTestObject("Object Repository/FSM1/Complete ABP Inspection/ABPR02a/Page_JClient/Page_JClient/Page_JClient/label_Other non-DEFRA")): Object: 'Object Repository/FSM1/Complete ABP Inspection/ABPR02a/Page_JClient/Page_JClient/Page_JClient/label_Other non-DEFRA' is clicked on

2018-11-29 13:24:57 - [MESSAGE][PASSED] - Object: 'Object Repository/FSM1/Complete ABP Inspection/ABPR02a/Page_JClient/Page_JClient/Page_JClient/label_Other non-DEFRA' is clicked on

2018-11-29 13:24:57 - [TEST_STEP][PASSED] - delay(2): Delayed 2 second(s)

2018-11-29 13:24:59 - [MESSAGE][PASSED] - Delayed 2 second(s)

2018-11-29 13:24:59 - [TEST_STEP][PASSED] - click(findTestObject("Object Repository/FSM1/Complete ABP Inspection/ABPR02a/Page_JClient/Page_JClient/Page_JClient/input_Plant operator or repres")): Object: 'Object Repository/FSM1/Complete ABP Inspection/ABPR02a/Page_JClient/Page_JClient/Page_JClient/input_Plant operator or repres' is clicked on

2018-11-29 13:25:00 - [MESSAGE][PASSED] - Object: 'Object Repository/FSM1/Complete ABP Inspection/ABPR02a/Page_JClient/Page_JClient/Page_JClient/input_Plant operator or repres' is clicked on

2018-11-29 13:25:00 - [TEST_STEP][NOT_RUN] - click(findTestObject("Object Repository/FSM1/Complete ABP Inspection/ABPR02a/Page_JClient/Page_JClient/Page_JClient/span_Yes_3")): NOT_RUN: click(findTestObject("Object Repository/FSM1/Complete ABP Inspection/ABPR02a/Page_JClient/Page_JClient/Page_JClient/span_Yes_3"))

2018-11-29 13:25:00 - [MESSAGE][NOT_RUN] - NOT_RUN: click(findTestObject("Object Repository/FSM1/Complete ABP Inspection/ABPR02a/Page_JClient/Page_JClient/Page_JClient/span_Yes_3"))

2018-11-29 13:25:00 - [TEST_STEP][PASSED] - delay(2): Delayed 2 second(s)

2018-11-29 13:25:02 - [MESSAGE][PASSED] - Delayed 2 second(s)

2018-11-29 13:25:02 - [TEST_STEP][PASSED] - setText(findTestObject("Object Repository/FSM1/Complete ABP Inspection/ABPR02a/Page_JClient/Page_JClient/Page_JClient/input_Name of plant representa"), "Test Automation"): Text 'Test Automation' is set on object 'Object Repository/FSM1/Complete ABP Inspection/ABPR02a/Page_JClient/Page_JClient/Page_JClient/input_Name of plant representa'

2018-11-29 13:25:02 - [MESSAGE][PASSED] - Text 'Test Automation' is set on object 'Object Repository/FSM1/Complete ABP Inspection/ABPR02a/Page_JClient/Page_JClient/Page_JClient/input_Name of plant representa'

2018-11-29 13:25:02 - [TEST_STEP][PASSED] - setText(findTestObject("Object Repository/FSM1/Complete ABP Inspection/ABPR02a/Page_JClient/Page_JClient/Page_JClient/textarea_Issues raised at last"), "Test Automation"): Text 'Test Automation' is set on object 'Object Repository/FSM1/Complete ABP Inspection/ABPR02a/Page_JClient/Page_JClient/Page_JClient/textarea_Issues raised at last'

2018-11-29 13:25:02 - [MESSAGE][PASSED] - Text 'Test Automation' is set on object 'Object Repository/FSM1/Complete ABP Inspection/ABPR02a/Page_JClient/Page_JClient/Page_JClient/textarea_Issues raised at last'

2018-11-29 13:25:02 - [TEST_STEP][PASSED] - selectOptionByValue(findTestObject("Object Repository/FSM1/Complete ABP Inspection/ABPR02a/Page_JClient/Page_JClient/Page_JClient/select_SatisfactoryUnsatisfact_1"), "S", true): All options with value 'S' are selected in object 'Object Repository/FSM1/Complete ABP Inspection/ABPR02a/Page_JClient/Page_JClient/Page_JClient/select_SatisfactoryUnsatisfact_1'  using regular expression

2018-11-29 13:25:03 - [MESSAGE][PASSED] - All options with value 'S' are selected in object 'Object Repository/FSM1/Complete ABP Inspection/ABPR02a/Page_JClient/Page_JClient/Page_JClient/select_SatisfactoryUnsatisfact_1'  using regular expression

2018-11-29 13:25:03 - [TEST_STEP][PASSED] - selectOptionByValue(findTestObject("Object Repository/FSM1/Complete ABP Inspection/ABPR02a/Page_JClient/Page_JClient/Page_JClient/select_SatisfactoryUnsatisfact_2"), "S", true): All options with value 'S' are selected in object 'Object Repository/FSM1/Complete ABP Inspection/ABPR02a/Page_JClient/Page_JClient/Page_JClient/select_SatisfactoryUnsatisfact_2'  using regular expression

2018-11-29 13:25:03 - [MESSAGE][PASSED] - All options with value 'S' are selected in object 'Object Repository/FSM1/Complete ABP Inspection/ABPR02a/Page_JClient/Page_JClient/Page_JClient/select_SatisfactoryUnsatisfact_2'  using regular expression

2018-11-29 13:25:03 - [TEST_STEP][PASSED] - selectOptionByValue(findTestObject("Object Repository/FSM1/Complete ABP Inspection/ABPR02a/Page_JClient/Page_JClient/Page_JClient/select_SatisfactoryUnsatisfact_3"), "S", true): All options with value 'S' are selected in object 'Object Repository/FSM1/Complete ABP Inspection/ABPR02a/Page_JClient/Page_JClient/Page_JClient/select_SatisfactoryUnsatisfact_3'  using regular expression

2018-11-29 13:25:03 - [MESSAGE][PASSED] - All options with value 'S' are selected in object 'Object Repository/FSM1/Complete ABP Inspection/ABPR02a/Page_JClient/Page_JClient/Page_JClient/select_SatisfactoryUnsatisfact_3'  using regular expression

2018-11-29 13:25:03 - [TEST_STEP][PASSED] - selectOptionByValue(findTestObject("Object Repository/FSM1/Complete ABP Inspection/ABPR02a/Page_JClient/Page_JClient/Page_JClient/select_SatisfactoryUnsatisfact_4"), "S", true): All options with value 'S' are selected in object 'Object Repository/FSM1/Complete ABP Inspection/ABPR02a/Page_JClient/Page_JClient/Page_JClient/select_SatisfactoryUnsatisfact_4'  using regular expression

2018-11-29 13:25:04 - [MESSAGE][PASSED] - All options with value 'S' are selected in object 'Object Repository/FSM1/Complete ABP Inspection/ABPR02a/Page_JClient/Page_JClient/Page_JClient/select_SatisfactoryUnsatisfact_4'  using regular expression

2018-11-29 13:25:04 - [TEST_STEP][PASSED] - setText(findTestObject("Object Repository/FSM1/Complete ABP Inspection/ABPR02a/Page_JClient/Page_JClient/Page_JClient/textarea_General Visit Comment"), "Test Automation"): Text 'Test Automation' is set on object 'Object Repository/FSM1/Complete ABP Inspection/ABPR02a/Page_JClient/Page_JClient/Page_JClient/textarea_General Visit Comment'

2018-11-29 13:25:04 - [MESSAGE][PASSED] - Text 'Test Automation' is set on object 'Object Repository/FSM1/Complete ABP Inspection/ABPR02a/Page_JClient/Page_JClient/Page_JClient/textarea_General Visit Comment'

2018-11-29 13:25:04 - [TEST_STEP][PASSED] - click(findTestObject("Object Repository/FSM1/Complete ABP Inspection/ABPR02a/Page_JClient/Page_JClient/Page_JClient/span_No_1")): Object: 'Object Repository/FSM1/Complete ABP Inspection/ABPR02a/Page_JClient/Page_JClient/Page_JClient/span_No_1' is clicked on

2018-11-29 13:25:04 - [MESSAGE][PASSED] - Object: 'Object Repository/FSM1/Complete ABP Inspection/ABPR02a/Page_JClient/Page_JClient/Page_JClient/span_No_1' is clicked on

2018-11-29 13:25:04 - [TEST_STEP][PASSED] - click(findTestObject("Object Repository/FSM1/Complete ABP Inspection/ABPR02a/Page_JClient/Page_JClient/Page_JClient/span_No_2")): Object: 'Object Repository/FSM1/Complete ABP Inspection/ABPR02a/Page_JClient/Page_JClient/Page_JClient/span_No_2' is clicked on

2018-11-29 13:25:04 - [MESSAGE][PASSED] - Object: 'Object Repository/FSM1/Complete ABP Inspection/ABPR02a/Page_JClient/Page_JClient/Page_JClient/span_No_2' is clicked on

2018-11-29 13:25:04 - [TEST_STEP][PASSED] - delay(2): Delayed 2 second(s)

2018-11-29 13:25:06 - [MESSAGE][PASSED] - Delayed 2 second(s)

2018-11-29 13:25:06 - [TEST_STEP][PASSED] - if (verifyElementPresent(findTestObject("Object Repository/FSM1/Complete ABP Inspection/ABPR02a/Page_JClient/Page_JClient/Page_JClient/Final_Approval_Inspection"), 5, OPTIONAL)): com.kms.katalon.core.webui.exception.WebElementNotFoundException: Web element with id: 'Object Repository/FSM1/Complete ABP Inspection/ABPR02a/Page_JClient/Page_JClient/Page_JClient/Final_Approval_Inspection' located by 'By.cssSelector: body > div.GKH2EKQBOBB.GKH2EKQBACB > div.GKH2EKQBOBB.GKH2EKQBACB > div:nth-child(2) > div > div:nth-child(3) > div > div > div.GKH2EKQBMDC.GKH2EKQBMGB.GKH2EKQBNGB > div > div.GKH2EKQBOBB > div:nth-child(44) > div:nth-child(2) > div.GKH2EKQBOBB > span:nth-child(1)' not found

2018-11-29 13:25:11 - [MESSAGE][INFO] - Unable to find the element located by 'By.cssSelector: body > div.GKH2EKQBOBB.GKH2EKQBACB > div.GKH2EKQBOBB.GKH2EKQBACB > div:nth-child(2) > div > div:nth-child(3) > div > div > div.GKH2EKQBMDC.GKH2EKQBMGB.GKH2EKQBNGB > div > div.GKH2EKQBOBB > div:nth-child(44) > div:nth-child(2) > div.GKH2EKQBOBB > span:nth-child(1)'. Please recheck the objects properties to make sure the desired element is located. 

2018-11-29 13:25:12 - [MESSAGE][WARNING] - com.kms.katalon.core.webui.exception.WebElementNotFoundException: Web element with id: 'Object Repository/FSM1/Complete ABP Inspection/ABPR02a/Page_JClient/Page_JClient/Page_JClient/Final_Approval_Inspection' located by 'By.cssSelector: body > div.GKH2EKQBOBB.GKH2EKQBACB > div.GKH2EKQBOBB.GKH2EKQBACB > div:nth-child(2) > div > div:nth-child(3) > div > div > div.GKH2EKQBMDC.GKH2EKQBMGB.GKH2EKQBNGB > div > div.GKH2EKQBOBB > div:nth-child(44) > div:nth-child(2) > div.GKH2EKQBOBB > span:nth-child(1)' not found
[[ATTACHMENT|C:\\Users\\JHATFIELD\\git\\DEFRA-FSM_Automated_Regression_NEW\\Reports\\ABP\\ABP Regression - 02a\\20181129_121935\\1543497911830.png]]

2018-11-29 13:25:12 - [TEST_STEP][PASSED] - else: Object: 'Object Repository/FSM1/Complete ABP Inspection/ABPR02a/Page_JClient/Page_JClient/Page_JClient/Final_Approval_Inspection Alternate' is clicked on

2018-11-29 13:25:12 - [TEST_STEP][PASSED] - click(findTestObject("FSM1/Complete ABP Inspection/ABPR02a/Page_JClient/Page_JClient/Page_JClient/Final_Approval_Inspection Alternate")): Object: 'Object Repository/FSM1/Complete ABP Inspection/ABPR02a/Page_JClient/Page_JClient/Page_JClient/Final_Approval_Inspection Alternate' is clicked on

2018-11-29 13:25:13 - [MESSAGE][PASSED] - Object: 'Object Repository/FSM1/Complete ABP Inspection/ABPR02a/Page_JClient/Page_JClient/Page_JClient/Final_Approval_Inspection Alternate' is clicked on

2018-11-29 13:25:13 - [TEST_STEP][PASSED] - click(findTestObject("Object Repository/FSM1/Complete ABP Inspection/ABPR02a/Page_JClient/Page_JClient/Page_JClient/input_Is this an On-Farm Incin")): Object: 'Object Repository/FSM1/Complete ABP Inspection/ABPR02a/Page_JClient/Page_JClient/Page_JClient/input_Is this an On-Farm Incin' is clicked on

2018-11-29 13:25:13 - [MESSAGE][PASSED] - Object: 'Object Repository/FSM1/Complete ABP Inspection/ABPR02a/Page_JClient/Page_JClient/Page_JClient/input_Is this an On-Farm Incin' is clicked on

2018-11-29 13:25:13 - [TEST_STEP][PASSED] - click(findTestObject("Object Repository/FSM1/Complete ABP Inspection/ABPR02a/Page_JClient/Page_JClient/Page_JClient/input_Do you confirm these det")): Object: 'Object Repository/FSM1/Complete ABP Inspection/ABPR02a/Page_JClient/Page_JClient/Page_JClient/input_Do you confirm these det' is clicked on

2018-11-29 13:25:13 - [MESSAGE][PASSED] - Object: 'Object Repository/FSM1/Complete ABP Inspection/ABPR02a/Page_JClient/Page_JClient/Page_JClient/input_Do you confirm these det' is clicked on

2018-11-29 13:25:13 - [TEST_STEP][PASSED] - selectOptionByValue(findTestObject("Object Repository/FSM1/Complete ABP Inspection/ABPR02a/Page_JClient/Page_JClient/Page_JClient/select_(a) Continue with curre"), "Continue with current approval", true): All options with value 'Continue with current approval' are selected in object 'Object Repository/FSM1/Complete ABP Inspection/ABPR02a/Page_JClient/Page_JClient/Page_JClient/select_(a) Continue with curre'  using regular expression

2018-11-29 13:25:13 - [MESSAGE][PASSED] - All options with value 'Continue with current approval' are selected in object 'Object Repository/FSM1/Complete ABP Inspection/ABPR02a/Page_JClient/Page_JClient/Page_JClient/select_(a) Continue with curre'  using regular expression

2018-11-29 13:25:13 - [TEST_STEP][PASSED] - click(findTestObject("Object Repository/FSM1/Complete ABP Inspection/ABPR02a/Page_JClient/Page_JClient/Page_JClient/input_Yes_radio_group_19")): Object: 'Object Repository/FSM1/Complete ABP Inspection/ABPR02a/Page_JClient/Page_JClient/Page_JClient/input_Yes_radio_group_19' is clicked on

2018-11-29 13:25:14 - [MESSAGE][PASSED] - Object: 'Object Repository/FSM1/Complete ABP Inspection/ABPR02a/Page_JClient/Page_JClient/Page_JClient/input_Yes_radio_group_19' is clicked on

2018-11-29 13:25:14 - [TEST_STEP][PASSED] - click(findTestObject("Object Repository/FSM1/Complete ABP Inspection/ABPR02a/Page_JClient/Page_JClient/Page_JClient/input_Are copies of all releva")): Object: 'Object Repository/FSM1/Complete ABP Inspection/ABPR02a/Page_JClient/Page_JClient/Page_JClient/input_Are copies of all releva' is clicked on

2018-11-29 13:25:14 - [MESSAGE][PASSED] - Object: 'Object Repository/FSM1/Complete ABP Inspection/ABPR02a/Page_JClient/Page_JClient/Page_JClient/input_Are copies of all releva' is clicked on

2018-11-29 13:25:14 - [TEST_STEP][PASSED] - click(findTestObject("Object Repository/FSM1/Complete ABP Inspection/ABPR02a/Page_JClient/Page_JClient/Page_JClient/input_Have the LA EA or any ot")): Object: 'Object Repository/FSM1/Complete ABP Inspection/ABPR02a/Page_JClient/Page_JClient/Page_JClient/input_Have the LA EA or any ot' is clicked on

2018-11-29 13:25:14 - [MESSAGE][PASSED] - Object: 'Object Repository/FSM1/Complete ABP Inspection/ABPR02a/Page_JClient/Page_JClient/Page_JClient/input_Have the LA EA or any ot' is clicked on

2018-11-29 13:25:14 - [TEST_STEP][PASSED] - setText(findTestObject("Object Repository/FSM1/Complete ABP Inspection/ABPR02a/Page_JClient/Page_JClient/Page_JClient/textarea_When were they notifi"), "Test automation"): Text 'Test automation' is set on object 'Object Repository/FSM1/Complete ABP Inspection/ABPR02a/Page_JClient/Page_JClient/Page_JClient/textarea_When were they notifi'

2018-11-29 13:25:14 - [MESSAGE][PASSED] - Text 'Test automation' is set on object 'Object Repository/FSM1/Complete ABP Inspection/ABPR02a/Page_JClient/Page_JClient/Page_JClient/textarea_When were they notifi'

2018-11-29 13:25:14 - [TEST_STEP][PASSED] - setText(findTestObject("Object Repository/FSM1/Complete ABP Inspection/ABPR02a/Page_JClient/Page_JClient/Page_JClient/input_Chargeable time (minutes"), "10"): Text '10' is set on object 'Object Repository/FSM1/Complete ABP Inspection/ABPR02a/Page_JClient/Page_JClient/Page_JClient/input_Chargeable time (minutes'

2018-11-29 13:25:15 - [MESSAGE][PASSED] - Text '10' is set on object 'Object Repository/FSM1/Complete ABP Inspection/ABPR02a/Page_JClient/Page_JClient/Page_JClient/input_Chargeable time (minutes'

2018-11-29 13:25:15 - [TEST_STEP][PASSED] - click(findTestObject("Object Repository/FSM1/Complete ABP Inspection/ABPR02a/Page_JClient/Page_JClient/Page_JClient/div_Save")): Object: 'Object Repository/FSM1/Complete ABP Inspection/ABPR02a/Page_JClient/Page_JClient/Page_JClient/div_Save' is clicked on

2018-11-29 13:25:15 - [MESSAGE][PASSED] - Object: 'Object Repository/FSM1/Complete ABP Inspection/ABPR02a/Page_JClient/Page_JClient/Page_JClient/div_Save' is clicked on]]></system-out>
         <system-err><![CDATA[]]></system-err>
      </testcase>
      <testcase name="Test Cases/ABP/ABPR02a/Complete ABP Inspection - Section B - 02a" classname="Test Cases/ABP/ABPR02a/Complete ABP Inspection - Section B - 02a" status="PASSED">
         <system-out><![CDATA[2018-11-29 13:25:15 - [TEST_CASE][PASSED] - Test Cases/ABP/ABPR02a/Complete ABP Inspection - Section B - 02a: Test Cases/ABP/ABPR02a/Complete ABP Inspection - Section B - 02a

2018-11-29 13:25:15 - [TEST_STEP][PASSED] - click(findTestObject("Object Repository/FSM1/Complete ABP Inspection/ABPR02a/Page_JClient/div_Section B Inspection Detai")): Object: 'Object Repository/FSM1/Complete ABP Inspection/ABPR02a/Page_JClient/div_Section B Inspection Detai' is clicked on

2018-11-29 13:25:16 - [MESSAGE][PASSED] - Object: 'Object Repository/FSM1/Complete ABP Inspection/ABPR02a/Page_JClient/div_Section B Inspection Detai' is clicked on

2018-11-29 13:25:16 - [TEST_STEP][PASSED] - delay(2): Delayed 2 second(s)

2018-11-29 13:25:18 - [MESSAGE][PASSED] - Delayed 2 second(s)

2018-11-29 13:25:18 - [TEST_STEP][PASSED] - click(findTestObject("Object Repository/FSM1/Complete ABP Inspection/ABPR02a/Page_JClient/input_Structure_radio_group_22")): Object: 'Object Repository/FSM1/Complete ABP Inspection/ABPR02a/Page_JClient/input_Structure_radio_group_22' is clicked on

2018-11-29 13:25:18 - [MESSAGE][PASSED] - Object: 'Object Repository/FSM1/Complete ABP Inspection/ABPR02a/Page_JClient/input_Structure_radio_group_22' is clicked on

2018-11-29 13:25:18 - [TEST_STEP][PASSED] - click(findTestObject("Object Repository/FSM1/Complete ABP Inspection/ABPR02a/Page_JClient/input_Not Checked_radio_group_")): Object: 'Object Repository/FSM1/Complete ABP Inspection/ABPR02a/Page_JClient/input_Not Checked_radio_group_' is clicked on

2018-11-29 13:25:18 - [MESSAGE][PASSED] - Object: 'Object Repository/FSM1/Complete ABP Inspection/ABPR02a/Page_JClient/input_Not Checked_radio_group_' is clicked on

2018-11-29 13:25:18 - [TEST_STEP][PASSED] - click(findTestObject("Object Repository/FSM1/Complete ABP Inspection/ABPR02a/Page_JClient/input_Not Checked_radio_group__1")): Object: 'Object Repository/FSM1/Complete ABP Inspection/ABPR02a/Page_JClient/input_Not Checked_radio_group__1' is clicked on

2018-11-29 13:25:18 - [MESSAGE][PASSED] - Object: 'Object Repository/FSM1/Complete ABP Inspection/ABPR02a/Page_JClient/input_Not Checked_radio_group__1' is clicked on

2018-11-29 13:25:18 - [TEST_STEP][PASSED] - click(findTestObject("Object Repository/FSM1/Complete ABP Inspection/ABPR02a/Page_JClient/input_Operations_radio_group_2")): Object: 'Object Repository/FSM1/Complete ABP Inspection/ABPR02a/Page_JClient/input_Operations_radio_group_2' is clicked on

2018-11-29 13:25:19 - [MESSAGE][PASSED] - Object: 'Object Repository/FSM1/Complete ABP Inspection/ABPR02a/Page_JClient/input_Operations_radio_group_2' is clicked on

2018-11-29 13:25:19 - [TEST_STEP][PASSED] - click(findTestObject("Object Repository/FSM1/Complete ABP Inspection/ABPR02a/Page_JClient/input_Not Checked_radio_group__2")): Object: 'Object Repository/FSM1/Complete ABP Inspection/ABPR02a/Page_JClient/input_Not Checked_radio_group__2' is clicked on

2018-11-29 13:25:19 - [MESSAGE][PASSED] - Object: 'Object Repository/FSM1/Complete ABP Inspection/ABPR02a/Page_JClient/input_Not Checked_radio_group__2' is clicked on

2018-11-29 13:25:19 - [TEST_STEP][PASSED] - click(findTestObject("Object Repository/FSM1/Complete ABP Inspection/ABPR02a/Page_JClient/span_Yes")): Object: 'Object Repository/FSM1/Complete ABP Inspection/ABPR02a/Page_JClient/span_Yes' is clicked on

2018-11-29 13:25:19 - [MESSAGE][PASSED] - Object: 'Object Repository/FSM1/Complete ABP Inspection/ABPR02a/Page_JClient/span_Yes' is clicked on

2018-11-29 13:25:19 - [TEST_STEP][PASSED] - click(findTestObject("Object Repository/FSM1/Complete ABP Inspection/ABPR02a/Page_JClient/input_Not Checked_radio_group__3")): Object: 'Object Repository/FSM1/Complete ABP Inspection/ABPR02a/Page_JClient/input_Not Checked_radio_group__3' is clicked on

2018-11-29 13:25:19 - [MESSAGE][PASSED] - Object: 'Object Repository/FSM1/Complete ABP Inspection/ABPR02a/Page_JClient/input_Not Checked_radio_group__3' is clicked on

2018-11-29 13:25:19 - [TEST_STEP][PASSED] - click(findTestObject("Object Repository/FSM1/Complete ABP Inspection/ABPR02a/Page_JClient/input_Not Checked_radio_group__4")): Object: 'Object Repository/FSM1/Complete ABP Inspection/ABPR02a/Page_JClient/input_Not Checked_radio_group__4' is clicked on

2018-11-29 13:25:19 - [MESSAGE][PASSED] - Object: 'Object Repository/FSM1/Complete ABP Inspection/ABPR02a/Page_JClient/input_Not Checked_radio_group__4' is clicked on

2018-11-29 13:25:19 - [TEST_STEP][PASSED] - click(findTestObject("Object Repository/FSM1/Complete ABP Inspection/ABPR02a/Page_JClient/input_Not Checked_radio_group__5")): Object: 'Object Repository/FSM1/Complete ABP Inspection/ABPR02a/Page_JClient/input_Not Checked_radio_group__5' is clicked on

2018-11-29 13:25:19 - [MESSAGE][PASSED] - Object: 'Object Repository/FSM1/Complete ABP Inspection/ABPR02a/Page_JClient/input_Not Checked_radio_group__5' is clicked on

2018-11-29 13:25:19 - [TEST_STEP][PASSED] - click(findTestObject("Object Repository/FSM1/Complete ABP Inspection/ABPR02a/Page_JClient/input_Not Checked_radio_group__6")): Object: 'Object Repository/FSM1/Complete ABP Inspection/ABPR02a/Page_JClient/input_Not Checked_radio_group__6' is clicked on

2018-11-29 13:25:19 - [MESSAGE][PASSED] - Object: 'Object Repository/FSM1/Complete ABP Inspection/ABPR02a/Page_JClient/input_Not Checked_radio_group__6' is clicked on

2018-11-29 13:25:19 - [TEST_STEP][PASSED] - click(findTestObject("Object Repository/FSM1/Complete ABP Inspection/ABPR02a/Page_JClient/input_(b) Personnel movements")): Object: 'Object Repository/FSM1/Complete ABP Inspection/ABPR02a/Page_JClient/input_(b) Personnel movements' is clicked on

2018-11-29 13:25:20 - [MESSAGE][PASSED] - Object: 'Object Repository/FSM1/Complete ABP Inspection/ABPR02a/Page_JClient/input_(b) Personnel movements' is clicked on

2018-11-29 13:25:20 - [TEST_STEP][PASSED] - click(findTestObject("Object Repository/FSM1/Complete ABP Inspection/ABPR02a/Page_JClient/input_(c) Equipment usage_radi")): Object: 'Object Repository/FSM1/Complete ABP Inspection/ABPR02a/Page_JClient/input_(c) Equipment usage_radi' is clicked on

2018-11-29 13:25:20 - [MESSAGE][PASSED] - Object: 'Object Repository/FSM1/Complete ABP Inspection/ABPR02a/Page_JClient/input_(c) Equipment usage_radi' is clicked on

2018-11-29 13:25:20 - [TEST_STEP][PASSED] - click(findTestObject("Object Repository/FSM1/Complete ABP Inspection/ABPR02a/Page_JClient/input_(d) A documented cleanin")): Object: 'Object Repository/FSM1/Complete ABP Inspection/ABPR02a/Page_JClient/input_(d) A documented cleanin' is clicked on

2018-11-29 13:25:20 - [MESSAGE][PASSED] - Object: 'Object Repository/FSM1/Complete ABP Inspection/ABPR02a/Page_JClient/input_(d) A documented cleanin' is clicked on

2018-11-29 13:25:20 - [TEST_STEP][PASSED] - click(findTestObject("Object Repository/FSM1/Complete ABP Inspection/ABPR02a/Page_JClient/input_(e) Is the plant clean_r")): Object: 'Object Repository/FSM1/Complete ABP Inspection/ABPR02a/Page_JClient/input_(e) Is the plant clean_r' is clicked on

2018-11-29 13:25:20 - [MESSAGE][PASSED] - Object: 'Object Repository/FSM1/Complete ABP Inspection/ABPR02a/Page_JClient/input_(e) Is the plant clean_r' is clicked on

2018-11-29 13:25:20 - [TEST_STEP][PASSED] - click(findTestObject("Object Repository/FSM1/Complete ABP Inspection/ABPR02a/Page_JClient/input_(f) Is pest control plan")): Object: 'Object Repository/FSM1/Complete ABP Inspection/ABPR02a/Page_JClient/input_(f) Is pest control plan' is clicked on

2018-11-29 13:25:20 - [MESSAGE][PASSED] - Object: 'Object Repository/FSM1/Complete ABP Inspection/ABPR02a/Page_JClient/input_(f) Is pest control plan' is clicked on

2018-11-29 13:25:20 - [TEST_STEP][PASSED] - click(findTestObject("Object Repository/FSM1/Complete ABP Inspection/ABPR02a/Page_JClient/input_Not Checked_radio_group__7")): Object: 'Object Repository/FSM1/Complete ABP Inspection/ABPR02a/Page_JClient/input_Not Checked_radio_group__7' is clicked on

2018-11-29 13:25:20 - [MESSAGE][PASSED] - Object: 'Object Repository/FSM1/Complete ABP Inspection/ABPR02a/Page_JClient/input_Not Checked_radio_group__7' is clicked on

2018-11-29 13:25:20 - [TEST_STEP][PASSED] - click(findTestObject("Object Repository/FSM1/Complete ABP Inspection/ABPR02a/Page_JClient/input_Not Checked_radio_group__8")): Object: 'Object Repository/FSM1/Complete ABP Inspection/ABPR02a/Page_JClient/input_Not Checked_radio_group__8' is clicked on

2018-11-29 13:25:20 - [MESSAGE][PASSED] - Object: 'Object Repository/FSM1/Complete ABP Inspection/ABPR02a/Page_JClient/input_Not Checked_radio_group__8' is clicked on

2018-11-29 13:25:20 - [TEST_STEP][PASSED] - click(findTestObject("Object Repository/FSM1/Complete ABP Inspection/ABPR02a/Page_JClient/input_(b) to mains drains in l")): Object: 'Object Repository/FSM1/Complete ABP Inspection/ABPR02a/Page_JClient/input_(b) to mains drains in l' is clicked on

2018-11-29 13:25:21 - [MESSAGE][PASSED] - Object: 'Object Repository/FSM1/Complete ABP Inspection/ABPR02a/Page_JClient/input_(b) to mains drains in l' is clicked on

2018-11-29 13:25:21 - [TEST_STEP][PASSED] - click(findTestObject("Object Repository/FSM1/Complete ABP Inspection/ABPR02a/Page_JClient/input_(c) to land or soakaway")): Object: 'Object Repository/FSM1/Complete ABP Inspection/ABPR02a/Page_JClient/input_(c) to land or soakaway' is clicked on

2018-11-29 13:25:21 - [MESSAGE][PASSED] - Object: 'Object Repository/FSM1/Complete ABP Inspection/ABPR02a/Page_JClient/input_(c) to land or soakaway' is clicked on

2018-11-29 13:25:21 - [TEST_STEP][PASSED] - click(findTestObject("Object Repository/FSM1/Complete ABP Inspection/ABPR02a/Page_JClient/input_(d) absorbed and inciner")): Object: 'Object Repository/FSM1/Complete ABP Inspection/ABPR02a/Page_JClient/input_(d) absorbed and inciner' is clicked on

2018-11-29 13:25:21 - [MESSAGE][PASSED] - Object: 'Object Repository/FSM1/Complete ABP Inspection/ABPR02a/Page_JClient/input_(d) absorbed and inciner' is clicked on

2018-11-29 13:25:21 - [TEST_STEP][PASSED] - click(findTestObject("Object Repository/FSM1/Complete ABP Inspection/ABPR02a/Page_JClient/input_Not Checked_radio_group__9")): Object: 'Object Repository/FSM1/Complete ABP Inspection/ABPR02a/Page_JClient/input_Not Checked_radio_group__9' is clicked on

2018-11-29 13:25:21 - [MESSAGE][PASSED] - Object: 'Object Repository/FSM1/Complete ABP Inspection/ABPR02a/Page_JClient/input_Not Checked_radio_group__9' is clicked on

2018-11-29 13:25:21 - [TEST_STEP][PASSED] - click(findTestObject("Object Repository/FSM1/Complete ABP Inspection/ABPR02a/Page_JClient/input_Not Checked_radio_group__10")): Object: 'Object Repository/FSM1/Complete ABP Inspection/ABPR02a/Page_JClient/input_Not Checked_radio_group__10' is clicked on

2018-11-29 13:25:21 - [MESSAGE][PASSED] - Object: 'Object Repository/FSM1/Complete ABP Inspection/ABPR02a/Page_JClient/input_Not Checked_radio_group__10' is clicked on

2018-11-29 13:25:21 - [TEST_STEP][PASSED] - click(findTestObject("Object Repository/FSM1/Complete ABP Inspection/ABPR02a/Page_JClient/input_Not Checked_radio_group__11")): Object: 'Object Repository/FSM1/Complete ABP Inspection/ABPR02a/Page_JClient/input_Not Checked_radio_group__11' is clicked on

2018-11-29 13:25:21 - [MESSAGE][PASSED] - Object: 'Object Repository/FSM1/Complete ABP Inspection/ABPR02a/Page_JClient/input_Not Checked_radio_group__11' is clicked on

2018-11-29 13:25:21 - [TEST_STEP][PASSED] - click(findTestObject("Object Repository/FSM1/Complete ABP Inspection/ABPR02a/Page_JClient/input_Not Checked_radio_group__12")): Object: 'Object Repository/FSM1/Complete ABP Inspection/ABPR02a/Page_JClient/input_Not Checked_radio_group__12' is clicked on

2018-11-29 13:25:22 - [MESSAGE][PASSED] - Object: 'Object Repository/FSM1/Complete ABP Inspection/ABPR02a/Page_JClient/input_Not Checked_radio_group__12' is clicked on

2018-11-29 13:25:22 - [TEST_STEP][PASSED] - click(findTestObject("Object Repository/FSM1/Complete ABP Inspection/ABPR02a/Page_JClient/input_Not Checked_radio_group__13")): Object: 'Object Repository/FSM1/Complete ABP Inspection/ABPR02a/Page_JClient/input_Not Checked_radio_group__13' is clicked on

2018-11-29 13:25:22 - [MESSAGE][PASSED] - Object: 'Object Repository/FSM1/Complete ABP Inspection/ABPR02a/Page_JClient/input_Not Checked_radio_group__13' is clicked on

2018-11-29 13:25:22 - [TEST_STEP][PASSED] - click(findTestObject("Object Repository/FSM1/Complete ABP Inspection/ABPR02a/Page_JClient/input_Have samples been collec")): Object: 'Object Repository/FSM1/Complete ABP Inspection/ABPR02a/Page_JClient/input_Have samples been collec' is clicked on

2018-11-29 13:25:22 - [MESSAGE][PASSED] - Object: 'Object Repository/FSM1/Complete ABP Inspection/ABPR02a/Page_JClient/input_Have samples been collec' is clicked on

2018-11-29 13:25:22 - [TEST_STEP][PASSED] - click(findTestObject("Object Repository/FSM1/Complete ABP Inspection/ABPR02a/Page_JClient/input_Records_radio_group_47")): Object: 'Object Repository/FSM1/Complete ABP Inspection/ABPR02a/Page_JClient/input_Records_radio_group_47' is clicked on

2018-11-29 13:25:22 - [MESSAGE][PASSED] - Object: 'Object Repository/FSM1/Complete ABP Inspection/ABPR02a/Page_JClient/input_Records_radio_group_47' is clicked on

2018-11-29 13:25:22 - [TEST_STEP][PASSED] - click(findTestObject("Object Repository/FSM1/Complete ABP Inspection/ABPR02a/Page_JClient/input_If records have not been")): Object: 'Object Repository/FSM1/Complete ABP Inspection/ABPR02a/Page_JClient/input_If records have not been' is clicked on

2018-11-29 13:25:22 - [MESSAGE][PASSED] - Object: 'Object Repository/FSM1/Complete ABP Inspection/ABPR02a/Page_JClient/input_If records have not been' is clicked on

2018-11-29 13:25:22 - [TEST_STEP][PASSED] - click(findTestObject("Object Repository/FSM1/Complete ABP Inspection/ABPR02a/Page_JClient/input_Not Checked_radio_group__14")): Object: 'Object Repository/FSM1/Complete ABP Inspection/ABPR02a/Page_JClient/input_Not Checked_radio_group__14' is clicked on

2018-11-29 13:25:22 - [MESSAGE][PASSED] - Object: 'Object Repository/FSM1/Complete ABP Inspection/ABPR02a/Page_JClient/input_Not Checked_radio_group__14' is clicked on

2018-11-29 13:25:22 - [TEST_STEP][PASSED] - click(findTestObject("Object Repository/FSM1/Complete ABP Inspection/ABPR02a/Page_JClient/input_Not Checked_radio_group__15")): Object: 'Object Repository/FSM1/Complete ABP Inspection/ABPR02a/Page_JClient/input_Not Checked_radio_group__15' is clicked on

2018-11-29 13:25:22 - [MESSAGE][PASSED] - Object: 'Object Repository/FSM1/Complete ABP Inspection/ABPR02a/Page_JClient/input_Not Checked_radio_group__15' is clicked on

2018-11-29 13:25:22 - [TEST_STEP][PASSED] - click(findTestObject("Object Repository/FSM1/Complete ABP Inspection/ABPR02a/Page_JClient/input_Not Checked_radio_group__16")): Object: 'Object Repository/FSM1/Complete ABP Inspection/ABPR02a/Page_JClient/input_Not Checked_radio_group__16' is clicked on

2018-11-29 13:25:23 - [MESSAGE][PASSED] - Object: 'Object Repository/FSM1/Complete ABP Inspection/ABPR02a/Page_JClient/input_Not Checked_radio_group__16' is clicked on

2018-11-29 13:25:23 - [TEST_STEP][PASSED] - click(findTestObject("Object Repository/FSM1/Complete ABP Inspection/ABPR02a/Page_JClient/input_Not Checked_radio_group__17")): Object: 'Object Repository/FSM1/Complete ABP Inspection/ABPR02a/Page_JClient/input_Not Checked_radio_group__17' is clicked on

2018-11-29 13:25:23 - [MESSAGE][PASSED] - Object: 'Object Repository/FSM1/Complete ABP Inspection/ABPR02a/Page_JClient/input_Not Checked_radio_group__17' is clicked on

2018-11-29 13:25:23 - [TEST_STEP][PASSED] - click(findTestObject("Object Repository/FSM1/Complete ABP Inspection/ABPR02a/Page_JClient/input_(b) Is amount incinerate")): Object: 'Object Repository/FSM1/Complete ABP Inspection/ABPR02a/Page_JClient/input_(b) Is amount incinerate' is clicked on

2018-11-29 13:25:23 - [MESSAGE][PASSED] - Object: 'Object Repository/FSM1/Complete ABP Inspection/ABPR02a/Page_JClient/input_(b) Is amount incinerate' is clicked on

2018-11-29 13:25:23 - [TEST_STEP][PASSED] - click(findTestObject("Object Repository/FSM1/Complete ABP Inspection/ABPR02a/Page_JClient/input_Not Checked_radio_group__18")): Object: 'Object Repository/FSM1/Complete ABP Inspection/ABPR02a/Page_JClient/input_Not Checked_radio_group__18' is clicked on

2018-11-29 13:25:23 - [MESSAGE][PASSED] - Object: 'Object Repository/FSM1/Complete ABP Inspection/ABPR02a/Page_JClient/input_Not Checked_radio_group__18' is clicked on

2018-11-29 13:25:23 - [TEST_STEP][PASSED] - click(findTestObject("Object Repository/FSM1/Complete ABP Inspection/ABPR02a/Page_JClient/input_Not Checked_radio_group__19")): Object: 'Object Repository/FSM1/Complete ABP Inspection/ABPR02a/Page_JClient/input_Not Checked_radio_group__19' is clicked on

2018-11-29 13:25:23 - [MESSAGE][PASSED] - Object: 'Object Repository/FSM1/Complete ABP Inspection/ABPR02a/Page_JClient/input_Not Checked_radio_group__19' is clicked on

2018-11-29 13:25:23 - [TEST_STEP][PASSED] - click(findTestObject("Object Repository/FSM1/Complete ABP Inspection/ABPR02a/Page_JClient/input_Is SRM handled at the pr")): Object: 'Object Repository/FSM1/Complete ABP Inspection/ABPR02a/Page_JClient/input_Is SRM handled at the pr' is clicked on

2018-11-29 13:25:23 - [MESSAGE][PASSED] - Object: 'Object Repository/FSM1/Complete ABP Inspection/ABPR02a/Page_JClient/input_Is SRM handled at the pr' is clicked on

2018-11-29 13:25:23 - [TEST_STEP][PASSED] - click(findTestObject("Object Repository/FSM1/Complete ABP Inspection/ABPR02a/Page_JClient/input_Not Checked_radio_group__20")): Object: 'Object Repository/FSM1/Complete ABP Inspection/ABPR02a/Page_JClient/input_Not Checked_radio_group__20' is clicked on

2018-11-29 13:25:24 - [MESSAGE][PASSED] - Object: 'Object Repository/FSM1/Complete ABP Inspection/ABPR02a/Page_JClient/input_Not Checked_radio_group__20' is clicked on

2018-11-29 13:25:24 - [TEST_STEP][PASSED] - click(findTestObject("Object Repository/FSM1/Complete ABP Inspection/ABPR02a/Page_JClient/input_Not Checked_radio_group__21")): Object: 'Object Repository/FSM1/Complete ABP Inspection/ABPR02a/Page_JClient/input_Not Checked_radio_group__21' is clicked on

2018-11-29 13:25:24 - [MESSAGE][PASSED] - Object: 'Object Repository/FSM1/Complete ABP Inspection/ABPR02a/Page_JClient/input_Not Checked_radio_group__21' is clicked on

2018-11-29 13:25:24 - [TEST_STEP][PASSED] - click(findTestObject("Object Repository/FSM1/Complete ABP Inspection/ABPR02a/Page_JClient/input_Not Checked_radio_group__22")): Object: 'Object Repository/FSM1/Complete ABP Inspection/ABPR02a/Page_JClient/input_Not Checked_radio_group__22' is clicked on

2018-11-29 13:25:24 - [MESSAGE][PASSED] - Object: 'Object Repository/FSM1/Complete ABP Inspection/ABPR02a/Page_JClient/input_Not Checked_radio_group__22' is clicked on

2018-11-29 13:25:24 - [TEST_STEP][PASSED] - click(findTestObject("Object Repository/FSM1/Complete ABP Inspection/ABPR02a/Page_JClient/input_Not Checked_radio_group__23")): Object: 'Object Repository/FSM1/Complete ABP Inspection/ABPR02a/Page_JClient/input_Not Checked_radio_group__23' is clicked on

2018-11-29 13:25:24 - [MESSAGE][PASSED] - Object: 'Object Repository/FSM1/Complete ABP Inspection/ABPR02a/Page_JClient/input_Not Checked_radio_group__23' is clicked on

2018-11-29 13:25:24 - [TEST_STEP][PASSED] - setText(findTestObject("Object Repository/FSM1/Complete ABP Inspection/ABPR02a/Page_JClient/textarea_Not Checked_gwt-TextA"), "test automation"): Text 'test automation' is set on object 'Object Repository/FSM1/Complete ABP Inspection/ABPR02a/Page_JClient/textarea_Not Checked_gwt-TextA'

2018-11-29 13:25:24 - [MESSAGE][PASSED] - Text 'test automation' is set on object 'Object Repository/FSM1/Complete ABP Inspection/ABPR02a/Page_JClient/textarea_Not Checked_gwt-TextA'

2018-11-29 13:25:24 - [TEST_STEP][PASSED] - verifyElementPresent(findTestObject("FSM1/Release22/Page_JClient/Question20NA"), 2): Object 'Object Repository/FSM1/Release22/Page_JClient/Question20NA' is present

2018-11-29 13:25:24 - [MESSAGE][PASSED] - Object 'Object Repository/FSM1/Release22/Page_JClient/Question20NA' is present

2018-11-29 13:25:24 - [TEST_STEP][PASSED] - verifyElementPresent(findTestObject("FSM1/Release22/Page_JClient/Question21NA"), 2): Object 'Object Repository/FSM1/Release22/Page_JClient/Question21NA' is present

2018-11-29 13:25:24 - [MESSAGE][PASSED] - Object 'Object Repository/FSM1/Release22/Page_JClient/Question21NA' is present

2018-11-29 13:25:24 - [TEST_STEP][PASSED] - click(findTestObject("Object Repository/FSM1/Complete ABP Inspection/ABPR02a/Page_JClient/input_Yes_radio_group_61")): Object: 'Object Repository/FSM1/Complete ABP Inspection/ABPR02a/Page_JClient/input_Yes_radio_group_61' is clicked on

2018-11-29 13:25:25 - [MESSAGE][PASSED] - Object: 'Object Repository/FSM1/Complete ABP Inspection/ABPR02a/Page_JClient/input_Yes_radio_group_61' is clicked on

2018-11-29 13:25:25 - [TEST_STEP][PASSED] - mydate = new java.util.Date(): null

2018-11-29 13:25:25 - [TEST_STEP][PASSED] - formattedDate = mydate.format("MM/dd/yyy"): null

2018-11-29 13:25:25 - [TEST_STEP][PASSED] - sendKeys(findTestObject("FSM1/Complete ABP Inspection/ABPR02a/Page_JClient/DateDocument"), formattedDate): Keys '11/29/2018' sent to object: 'Object Repository/FSM1/Complete ABP Inspection/ABPR02a/Page_JClient/DateDocument'

2018-11-29 13:25:25 - [MESSAGE][PASSED] - Keys '11/29/2018' sent to object: 'Object Repository/FSM1/Complete ABP Inspection/ABPR02a/Page_JClient/DateDocument'

2018-11-29 13:25:25 - [TEST_STEP][PASSED] - click(findTestObject("Object Repository/FSM1/Complete ABP Inspection/ABPR02a/Page_JClient/div_Save")): Object: 'Object Repository/FSM1/Complete ABP Inspection/ABPR02a/Page_JClient/div_Save' is clicked on

2018-11-29 13:25:25 - [MESSAGE][PASSED] - Object: 'Object Repository/FSM1/Complete ABP Inspection/ABPR02a/Page_JClient/div_Save' is clicked on]]></system-out>
         <system-err><![CDATA[]]></system-err>
      </testcase>
      <testcase name="Test Cases/ABP/ABPR02a/Complete ABP Inspection - Section C - Full Risk Assessment - 02a" classname="Test Cases/ABP/ABPR02a/Complete ABP Inspection - Section C - Full Risk Assessment - 02a" status="PASSED">
         <system-out><![CDATA[2018-11-29 13:25:25 - [TEST_CASE][PASSED] - Test Cases/ABP/ABPR02a/Complete ABP Inspection - Section C - Full Risk Assessment - 02a: Test Cases/ABP/ABPR02a/Complete ABP Inspection - Section C - Full Risk Assessment - 02a

2018-11-29 13:25:26 - [TEST_STEP][PASSED] - delay(5): Delayed 5 second(s)

2018-11-29 13:25:31 - [MESSAGE][PASSED] - Delayed 5 second(s)

2018-11-29 13:25:31 - [TEST_STEP][PASSED] - click(findTestObject("Object Repository/FSM1/Complete ABP Inspection/ABPR02a/Page_JClient/Page_JClient/div_Section C Risk Assessment")): Object: 'Object Repository/FSM1/Complete ABP Inspection/ABPR02a/Page_JClient/Page_JClient/div_Section C Risk Assessment' is clicked on

2018-11-29 13:25:31 - [MESSAGE][PASSED] - Object: 'Object Repository/FSM1/Complete ABP Inspection/ABPR02a/Page_JClient/Page_JClient/div_Section C Risk Assessment' is clicked on

2018-11-29 13:25:31 - [TEST_STEP][PASSED] - selectOptionByValue(findTestObject("Object Repository/FSM1/Complete ABP Inspection/ABPR02a/Page_JClient/Page_JClient/select_3 - Cat 3 material and"), "12", true): All options with value '12' are selected in object 'Object Repository/FSM1/Complete ABP Inspection/ABPR02a/Page_JClient/Page_JClient/select_3 - Cat 3 material and'  using regular expression

2018-11-29 13:25:32 - [MESSAGE][PASSED] - All options with value '12' are selected in object 'Object Repository/FSM1/Complete ABP Inspection/ABPR02a/Page_JClient/Page_JClient/select_3 - Cat 3 material and'  using regular expression

2018-11-29 13:25:32 - [TEST_STEP][PASSED] - selectOptionByValue(findTestObject("Object Repository/FSM1/Complete ABP Inspection/ABPR02a/Page_JClient/Page_JClient/select_0 - Very low throughput"), "10", true): All options with value '10' are selected in object 'Object Repository/FSM1/Complete ABP Inspection/ABPR02a/Page_JClient/Page_JClient/select_0 - Very low throughput'  using regular expression

2018-11-29 13:25:32 - [MESSAGE][PASSED] - All options with value '10' are selected in object 'Object Repository/FSM1/Complete ABP Inspection/ABPR02a/Page_JClient/Page_JClient/select_0 - Very low throughput'  using regular expression

2018-11-29 13:25:32 - [TEST_STEP][PASSED] - selectOptionByValue(findTestObject("Object Repository/FSM1/Complete ABP Inspection/ABPR02a/Page_JClient/Page_JClient/select_0 - No product entering"), "15", true): All options with value '15' are selected in object 'Object Repository/FSM1/Complete ABP Inspection/ABPR02a/Page_JClient/Page_JClient/select_0 - No product entering'  using regular expression

2018-11-29 13:25:32 - [MESSAGE][PASSED] - All options with value '15' are selected in object 'Object Repository/FSM1/Complete ABP Inspection/ABPR02a/Page_JClient/Page_JClient/select_0 - No product entering'  using regular expression

2018-11-29 13:25:32 - [TEST_STEP][PASSED] - selectOptionByValue(findTestObject("Object Repository/FSM1/Complete ABP Inspection/ABPR02a/Page_JClient/Page_JClient/select_0 - Not required or com"), "5", true): All options with value '5' are selected in object 'Object Repository/FSM1/Complete ABP Inspection/ABPR02a/Page_JClient/Page_JClient/select_0 - Not required or com'  using regular expression

2018-11-29 13:25:33 - [MESSAGE][PASSED] - All options with value '5' are selected in object 'Object Repository/FSM1/Complete ABP Inspection/ABPR02a/Page_JClient/Page_JClient/select_0 - Not required or com'  using regular expression

2018-11-29 13:25:33 - [TEST_STEP][PASSED] - selectOptionByValue(findTestObject("Object Repository/FSM1/Complete ABP Inspection/ABPR02a/Page_JClient/Page_JClient/select_0 - Fully compliant iss"), "10", true): All options with value '10' are selected in object 'Object Repository/FSM1/Complete ABP Inspection/ABPR02a/Page_JClient/Page_JClient/select_0 - Fully compliant iss'  using regular expression

2018-11-29 13:25:33 - [MESSAGE][PASSED] - All options with value '10' are selected in object 'Object Repository/FSM1/Complete ABP Inspection/ABPR02a/Page_JClient/Page_JClient/select_0 - Fully compliant iss'  using regular expression

2018-11-29 13:25:33 - [TEST_STEP][PASSED] - click(findTestObject("Object Repository/FSM1/Complete ABP Inspection/ABPR02a/Page_JClient/Page_JClient/input_Is this a fully complian")): Object: 'Object Repository/FSM1/Complete ABP Inspection/ABPR02a/Page_JClient/Page_JClient/input_Is this a fully complian' is clicked on

2018-11-29 13:25:33 - [MESSAGE][PASSED] - Object: 'Object Repository/FSM1/Complete ABP Inspection/ABPR02a/Page_JClient/Page_JClient/input_Is this a fully complian' is clicked on

2018-11-29 13:25:33 - [TEST_STEP][PASSED] - selectOptionByValue(findTestObject("Object Repository/FSM1/Complete ABP Inspection/ABPR02a/Page_JClient/Page_JClient/select_AnnuallyQuarterly6 Mont"), "Biennially", true): All options with value 'Biennially' are selected in object 'Object Repository/FSM1/Complete ABP Inspection/ABPR02a/Page_JClient/Page_JClient/select_AnnuallyQuarterly6 Mont'  using regular expression

2018-11-29 13:25:34 - [MESSAGE][PASSED] - All options with value 'Biennially' are selected in object 'Object Repository/FSM1/Complete ABP Inspection/ABPR02a/Page_JClient/Page_JClient/select_AnnuallyQuarterly6 Mont'  using regular expression

2018-11-29 13:25:34 - [TEST_STEP][PASSED] - setText(findTestObject("Object Repository/FSM1/Complete ABP Inspection/ABPR02a/Page_JClient/Page_JClient/textarea_Any other relevant in"), "Test Automation"): Text 'Test Automation' is set on object 'Object Repository/FSM1/Complete ABP Inspection/ABPR02a/Page_JClient/Page_JClient/textarea_Any other relevant in'

2018-11-29 13:25:34 - [MESSAGE][PASSED] - Text 'Test Automation' is set on object 'Object Repository/FSM1/Complete ABP Inspection/ABPR02a/Page_JClient/Page_JClient/textarea_Any other relevant in'

2018-11-29 13:25:34 - [TEST_STEP][PASSED] - click(findTestObject("Object Repository/FSM1/Complete ABP Inspection/ABPR02a/Page_JClient/Page_JClient/div_Save")): Object: 'Object Repository/FSM1/Complete ABP Inspection/ABPR02a/Page_JClient/Page_JClient/div_Save' is clicked on

2018-11-29 13:25:34 - [MESSAGE][PASSED] - Object: 'Object Repository/FSM1/Complete ABP Inspection/ABPR02a/Page_JClient/Page_JClient/div_Save' is clicked on]]></system-out>
         <system-err><![CDATA[]]></system-err>
      </testcase>
      <testcase name="Test Cases/ABP/Generic/Complete ABP Inspection - ABPR15 Sample Submission" classname="Test Cases/ABP/Generic/Complete ABP Inspection - ABPR15 Sample Submission" status="PASSED">
         <system-out><![CDATA[2018-11-29 13:25:34 - [TEST_CASE][PASSED] - Test Cases/ABP/Generic/Complete ABP Inspection - ABPR15 Sample Submission: Test Cases/ABP/Generic/Complete ABP Inspection - ABPR15 Sample Submission

2018-11-29 13:25:34 - [TEST_STEP][PASSED] - delay(5): Delayed 5 second(s)

2018-11-29 13:25:39 - [MESSAGE][PASSED] - Delayed 5 second(s)

2018-11-29 13:25:39 - [TEST_STEP][PASSED] - click(findTestObject("Object Repository/FSM1/Complete ABP Inspection/ABPR15 Sample Submission/Page_JClient/div_ABPR15 - Sample Submission")): Object: 'Object Repository/FSM1/Complete ABP Inspection/ABPR15 Sample Submission/Page_JClient/div_ABPR15 - Sample Submission' is clicked on

2018-11-29 13:25:40 - [MESSAGE][PASSED] - Object: 'Object Repository/FSM1/Complete ABP Inspection/ABPR15 Sample Submission/Page_JClient/div_ABPR15 - Sample Submission' is clicked on

2018-11-29 13:25:40 - [TEST_STEP][PASSED] - click(findTestObject("Object Repository/FSM1/Complete ABP Inspection/ABPR15 Sample Submission/Page_JClient/div_Create_GKH2EKQBDXB GKH2EKQ")): Object: 'Object Repository/FSM1/Complete ABP Inspection/ABPR15 Sample Submission/Page_JClient/div_Create_GKH2EKQBDXB GKH2EKQ' is clicked on

2018-11-29 13:25:40 - [MESSAGE][PASSED] - Object: 'Object Repository/FSM1/Complete ABP Inspection/ABPR15 Sample Submission/Page_JClient/div_Create_GKH2EKQBDXB GKH2EKQ' is clicked on

2018-11-29 13:25:40 - [TEST_STEP][PASSED] - selectOptionByValue(findTestObject("Object Repository/FSM1/Complete ABP Inspection/ABPR15 Sample Submission/Page_JClient/select_InvestigationRoutineVal"), "Investigation", true): All options with value 'Investigation' are selected in object 'Object Repository/FSM1/Complete ABP Inspection/ABPR15 Sample Submission/Page_JClient/select_InvestigationRoutineVal'  using regular expression

2018-11-29 13:25:40 - [MESSAGE][PASSED] - All options with value 'Investigation' are selected in object 'Object Repository/FSM1/Complete ABP Inspection/ABPR15 Sample Submission/Page_JClient/select_InvestigationRoutineVal'  using regular expression

2018-11-29 13:25:40 - [TEST_STEP][PASSED] - selectOptionByValue(findTestObject("Object Repository/FSM1/Complete ABP Inspection/ABPR15 Sample Submission/Page_JClient/select_123Catering waste"), "2", true): All options with value '2' are selected in object 'Object Repository/FSM1/Complete ABP Inspection/ABPR15 Sample Submission/Page_JClient/select_123Catering waste'  using regular expression

2018-11-29 13:25:41 - [MESSAGE][PASSED] - All options with value '2' are selected in object 'Object Repository/FSM1/Complete ABP Inspection/ABPR15 Sample Submission/Page_JClient/select_123Catering waste'  using regular expression

2018-11-29 13:25:41 - [TEST_STEP][PASSED] - setText(findTestObject("Object Repository/FSM1/Complete ABP Inspection/ABPR15 Sample Submission/Page_JClient/input_Sample identity (e.g. se"), "Test automation"): Text 'Test automation' is set on object 'Object Repository/FSM1/Complete ABP Inspection/ABPR15 Sample Submission/Page_JClient/input_Sample identity (e.g. se'

2018-11-29 13:25:41 - [MESSAGE][PASSED] - Text 'Test automation' is set on object 'Object Repository/FSM1/Complete ABP Inspection/ABPR15 Sample Submission/Page_JClient/input_Sample identity (e.g. se'

2018-11-29 13:25:41 - [TEST_STEP][PASSED] - setText(findTestObject("Object Repository/FSM1/Complete ABP Inspection/ABPR15 Sample Submission/Page_JClient/input_Type of material sampled"), "Test automation"): Text 'Test automation' is set on object 'Object Repository/FSM1/Complete ABP Inspection/ABPR15 Sample Submission/Page_JClient/input_Type of material sampled'

2018-11-29 13:25:41 - [MESSAGE][PASSED] - Text 'Test automation' is set on object 'Object Repository/FSM1/Complete ABP Inspection/ABPR15 Sample Submission/Page_JClient/input_Type of material sampled'

2018-11-29 13:25:41 - [TEST_STEP][PASSED] - selectOptionByValue(findTestObject("Object Repository/FSM1/Complete ABP Inspection/ABPR15 Sample Submission/Page_JClient/select_Compost or digestatePro"), "Compost or digestate", true): All options with value 'Compost or digestate' are selected in object 'Object Repository/FSM1/Complete ABP Inspection/ABPR15 Sample Submission/Page_JClient/select_Compost or digestatePro'  using regular expression

2018-11-29 13:25:42 - [MESSAGE][PASSED] - All options with value 'Compost or digestate' are selected in object 'Object Repository/FSM1/Complete ABP Inspection/ABPR15 Sample Submission/Page_JClient/select_Compost or digestatePro'  using regular expression

2018-11-29 13:25:42 - [TEST_STEP][PASSED] - click(findTestObject("Object Repository/FSM1/Complete ABP Inspection/ABPR15 Sample Submission/Page_JClient/input_Test Requested (refer to")): Object: 'Object Repository/FSM1/Complete ABP Inspection/ABPR15 Sample Submission/Page_JClient/input_Test Requested (refer to' is clicked on

2018-11-29 13:25:42 - [MESSAGE][PASSED] - Object: 'Object Repository/FSM1/Complete ABP Inspection/ABPR15 Sample Submission/Page_JClient/input_Test Requested (refer to' is clicked on

2018-11-29 13:25:42 - [TEST_STEP][PASSED] - click(findTestObject("Object Repository/FSM1/Complete ABP Inspection/ABPR15 Sample Submission/Page_JClient/input_Clostridium perfringens")): Object: 'Object Repository/FSM1/Complete ABP Inspection/ABPR15 Sample Submission/Page_JClient/input_Clostridium perfringens' is clicked on

2018-11-29 13:25:42 - [MESSAGE][PASSED] - Object: 'Object Repository/FSM1/Complete ABP Inspection/ABPR15 Sample Submission/Page_JClient/input_Clostridium perfringens' is clicked on

2018-11-29 13:25:42 - [TEST_STEP][PASSED] - mydate = new java.util.Date(): null

2018-11-29 13:25:42 - [TEST_STEP][PASSED] - formattedDate = mydate.format("MM/dd/yyy"): null

2018-11-29 13:25:42 - [TEST_STEP][PASSED] - sendKeys(findTestObject("FSM1/Complete ABP Inspection/ABPR15 Sample Submission/Page_JClient/DateofSample"), formattedDate): Keys '11/29/2018' sent to object: 'Object Repository/FSM1/Complete ABP Inspection/ABPR15 Sample Submission/Page_JClient/DateofSample'

2018-11-29 13:25:42 - [MESSAGE][PASSED] - Keys '11/29/2018' sent to object: 'Object Repository/FSM1/Complete ABP Inspection/ABPR15 Sample Submission/Page_JClient/DateofSample'

2018-11-29 13:25:42 - [TEST_STEP][PASSED] - sendKeys(findTestObject("FSM1/Complete ABP Inspection/ABPR15 Sample Submission/Page_JClient/DateofSubmission"), formattedDate): Keys '11/29/2018' sent to object: 'Object Repository/FSM1/Complete ABP Inspection/ABPR15 Sample Submission/Page_JClient/DateofSubmission'

2018-11-29 13:25:43 - [MESSAGE][PASSED] - Keys '11/29/2018' sent to object: 'Object Repository/FSM1/Complete ABP Inspection/ABPR15 Sample Submission/Page_JClient/DateofSubmission'

2018-11-29 13:25:43 - [TEST_STEP][PASSED] - delay(2): Delayed 2 second(s)

2018-11-29 13:25:45 - [MESSAGE][PASSED] - Delayed 2 second(s)

2018-11-29 13:25:45 - [TEST_STEP][PASSED] - click(findTestObject("FSM1/Complete ABP Inspection/ABPR15 Sample Submission/Page_JClient/div_Save1")): Object: 'Object Repository/FSM1/Complete ABP Inspection/ABPR15 Sample Submission/Page_JClient/div_Save1' is clicked on

2018-11-29 13:25:45 - [MESSAGE][PASSED] - Object: 'Object Repository/FSM1/Complete ABP Inspection/ABPR15 Sample Submission/Page_JClient/div_Save1' is clicked on]]></system-out>
         <system-err><![CDATA[]]></system-err>
      </testcase>
      <testcase name="Test Cases/ABP/Generic/Complete ABP Inspection - Complete" classname="Test Cases/ABP/Generic/Complete ABP Inspection - Complete" status="PASSED">
         <system-out><![CDATA[2018-11-29 13:25:45 - [TEST_CASE][PASSED] - Test Cases/ABP/Generic/Complete ABP Inspection - Complete: Test Cases/ABP/Generic/Complete ABP Inspection - Complete

2018-11-29 13:25:45 - [TEST_STEP][PASSED] - delay(2): Delayed 2 second(s)

2018-11-29 13:25:47 - [MESSAGE][PASSED] - Delayed 2 second(s)

2018-11-29 13:25:47 - [TEST_STEP][PASSED] - click(findTestObject("Object Repository/FSM1/Complete ABP Inspection/Complete ABP01a Inspection/Page_JClient/div_STARTED (locked)")): Object: 'Object Repository/FSM1/Complete ABP Inspection/Complete ABP01a Inspection/Page_JClient/div_STARTED (locked)' is clicked on

2018-11-29 13:25:47 - [MESSAGE][PASSED] - Object: 'Object Repository/FSM1/Complete ABP Inspection/Complete ABP01a Inspection/Page_JClient/div_STARTED (locked)' is clicked on

2018-11-29 13:25:47 - [TEST_STEP][PASSED] - delay(2): Delayed 2 second(s)

2018-11-29 13:25:49 - [MESSAGE][PASSED] - Delayed 2 second(s)

2018-11-29 13:25:49 - [TEST_STEP][PASSED] - click(findTestObject("Object Repository/FSM1/Complete ABP Inspection/Complete ABP01a Inspection/Page_JClient/div_COMPLETED")): Object: 'Object Repository/FSM1/Complete ABP Inspection/Complete ABP01a Inspection/Page_JClient/div_COMPLETED' is clicked on

2018-11-29 13:25:50 - [MESSAGE][PASSED] - Object: 'Object Repository/FSM1/Complete ABP Inspection/Complete ABP01a Inspection/Page_JClient/div_COMPLETED' is clicked on

2018-11-29 13:25:50 - [TEST_STEP][PASSED] - selectOptionByValue(findTestObject("Object Repository/FSM1/Complete ABP Inspection/Complete ABP01a Inspection/Page_JClient/select_Yes"), "COMPLETED", true): All options with value 'COMPLETED' are selected in object 'Object Repository/FSM1/Complete ABP Inspection/Complete ABP01a Inspection/Page_JClient/select_Yes'  using regular expression

2018-11-29 13:25:51 - [MESSAGE][PASSED] - All options with value 'COMPLETED' are selected in object 'Object Repository/FSM1/Complete ABP Inspection/Complete ABP01a Inspection/Page_JClient/select_Yes'  using regular expression

2018-11-29 13:25:51 - [TEST_STEP][PASSED] - delay(3): Delayed 3 second(s)

2018-11-29 13:25:54 - [MESSAGE][PASSED] - Delayed 3 second(s)

2018-11-29 13:25:54 - [TEST_STEP][PASSED] - click(findTestObject("Object Repository/FSM1/Complete ABP Inspection/Complete ABP01a Inspection/Page_JClient/div_Save")): Object: 'Object Repository/FSM1/Complete ABP Inspection/Complete ABP01a Inspection/Page_JClient/div_Save' is clicked on

2018-11-29 13:25:54 - [MESSAGE][PASSED] - Object: 'Object Repository/FSM1/Complete ABP Inspection/Complete ABP01a Inspection/Page_JClient/div_Save' is clicked on

2018-11-29 13:25:54 - [TEST_STEP][PASSED] - delay(2): Delayed 2 second(s)

2018-11-29 13:25:56 - [MESSAGE][PASSED] - Delayed 2 second(s)

2018-11-29 13:25:56 - [TEST_STEP][PASSED] - click(findTestObject("Object Repository/FSM1/Complete ABP Inspection/Complete ABP01a Inspection/Page_JClient/div_Ok")): Object: 'Object Repository/FSM1/Complete ABP Inspection/Complete ABP01a Inspection/Page_JClient/div_Ok' is clicked on

2018-11-29 13:25:56 - [MESSAGE][PASSED] - Object: 'Object Repository/FSM1/Complete ABP Inspection/Complete ABP01a Inspection/Page_JClient/div_Ok' is clicked on

2018-11-29 13:25:56 - [TEST_STEP][PASSED] - delay(30): Delayed 30 second(s)

2018-11-29 13:26:26 - [MESSAGE][PASSED] - Delayed 30 second(s)]]></system-out>
         <system-err><![CDATA[]]></system-err>
      </testcase>
      <testcase name="Test Cases/Generic/Launch Job Manager Control Centre - Check Result" classname="Test Cases/Generic/Launch Job Manager Control Centre - Check Result" status="PASSED">
         <system-out><![CDATA[2018-11-29 13:26:26 - [TEST_CASE][PASSED] - Test Cases/Generic/Launch Job Manager Control Centre - Check Result: Test Cases/Generic/Launch Job Manager Control Centre - Check Result

2018-11-29 13:26:27 - [TEST_STEP][PASSED] - openBrowser(""): Browser is opened with url: ''

2018-11-29 13:26:27 - [MESSAGE][WARNING] - A browser is already opened. Closing browser and opening a new one

2018-11-29 13:26:28 - [MESSAGE][INFO] - Starting 'Chrome' driver

2018-11-29 13:26:30 - [MESSAGE][PASSED] - Browser is opened with url: ''

2018-11-29 13:26:30 - [TEST_STEP][PASSED] - navigateToUrl(CCURL): Navigate to 'https://kirona-def-11.kirona.com/jmtrain' successfully

2018-11-29 13:26:32 - [MESSAGE][PASSED] - Navigate to 'https://kirona-def-11.kirona.com/jmtrain' successfully

2018-11-29 13:26:32 - [TEST_STEP][PASSED] - setText(findTestObject("FSM1/Control Centre/Page_Job Manager Login/input_gwt-uid-3"), Username): Text 'jon.hatfield' is set on object 'Object Repository/FSM1/Control Centre/Page_Job Manager Login/input_gwt-uid-3'

2018-11-29 13:26:33 - [MESSAGE][PASSED] - Text 'jon.hatfield' is set on object 'Object Repository/FSM1/Control Centre/Page_Job Manager Login/input_gwt-uid-3'

2018-11-29 13:26:33 - [TEST_STEP][PASSED] - setText(findTestObject("FSM1/Control Centre/Page_Job Manager Login/input_gwt-uid-5"), Password): Text 'Fr@nc1sJ0n' is set on object 'Object Repository/FSM1/Control Centre/Page_Job Manager Login/input_gwt-uid-5'

2018-11-29 13:26:34 - [MESSAGE][PASSED] - Text 'Fr@nc1sJ0n' is set on object 'Object Repository/FSM1/Control Centre/Page_Job Manager Login/input_gwt-uid-5'

2018-11-29 13:26:34 - [TEST_STEP][PASSED] - click(findTestObject("FSM1/PreProd/Page_Job Manager Login/div_Login")): Object: 'Object Repository/FSM1/PreProd/Page_Job Manager Login/div_Login' is clicked on

2018-11-29 13:26:34 - [MESSAGE][PASSED] - Object: 'Object Repository/FSM1/PreProd/Page_Job Manager Login/div_Login' is clicked on

2018-11-29 13:26:34 - [TEST_STEP][PASSED] - delay(5): Delayed 5 second(s)

2018-11-29 13:26:39 - [MESSAGE][PASSED] - Delayed 5 second(s)]]></system-out>
         <system-err><![CDATA[]]></system-err>
      </testcase>
      <testcase name="Test Cases/ABP/ABPR02a/Control Centre - Check Results - ABPR02a" classname="Test Cases/ABP/ABPR02a/Control Centre - Check Results - ABPR02a" status="PASSED">
         <system-out><![CDATA[2018-11-29 13:26:39 - [TEST_CASE][PASSED] - Test Cases/ABP/ABPR02a/Control Centre - Check Results - ABPR02a: Test Cases/ABP/ABPR02a/Control Centre - Check Results - ABPR02a

2018-11-29 13:26:39 - [TEST_STEP][PASSED] - log = new com.kms.katalon.core.logging.KeywordLogger(): null

2018-11-29 13:26:39 - [TEST_STEP][PASSED] - setText(findTestObject("Object Repository/FSM1/EMI Check Results/Page_JM Control Centre/input_Recents_v-textfield v-wi"), temp): Text '94141' is set on object 'Object Repository/FSM1/EMI Check Results/Page_JM Control Centre/input_Recents_v-textfield v-wi'

2018-11-29 13:26:40 - [MESSAGE][PASSED] - Text '94141' is set on object 'Object Repository/FSM1/EMI Check Results/Page_JM Control Centre/input_Recents_v-textfield v-wi'

2018-11-29 13:26:40 - [TEST_STEP][PASSED] - click(findTestObject("Object Repository/FSM1/EMI Check Results/Page_JM Control Centre/span_")): Object: 'Object Repository/FSM1/EMI Check Results/Page_JM Control Centre/span_' is clicked on

2018-11-29 13:26:40 - [MESSAGE][PASSED] - Object: 'Object Repository/FSM1/EMI Check Results/Page_JM Control Centre/span_' is clicked on

2018-11-29 13:26:40 - [TEST_STEP][PASSED] - waitForElementPresent(findTestObject("Object Repository/FSM1/EMI Check Results/Page_JM Control Centre/div_CLOSED"), 60): Object 'Object Repository/FSM1/EMI Check Results/Page_JM Control Centre/div_CLOSED' is present

2018-11-29 13:26:45 - [MESSAGE][PASSED] - Object 'Object Repository/FSM1/EMI Check Results/Page_JM Control Centre/div_CLOSED' is present

2018-11-29 13:26:45 - [TEST_STEP][PASSED] - delay(3): Delayed 3 second(s)

2018-11-29 13:26:48 - [MESSAGE][PASSED] - Delayed 3 second(s)

2018-11-29 13:26:48 - [TEST_STEP][PASSED] - verifyElementPresent(findTestObject("FSM1/Complete ABP Inspection/Check Results/Page_JM Control Centre/ABPR15 - Microbiology"), 5): Object 'Object Repository/FSM1/Complete ABP Inspection/Check Results/Page_JM Control Centre/ABPR15 - Microbiology' is present

2018-11-29 13:26:48 - [MESSAGE][PASSED] - Object 'Object Repository/FSM1/Complete ABP Inspection/Check Results/Page_JM Control Centre/ABPR15 - Microbiology' is present

2018-11-29 13:26:48 - [TEST_STEP][PASSED] - verifyElementPresent(findTestObject("FSM1/Complete ABP Inspection/Check Results/03a/Page_JM Control Centre/div_Attachments_ABPR02A"), 5): Object 'Object Repository/FSM1/Complete ABP Inspection/Check Results/03a/Page_JM Control Centre/div_Attachments_ABPR02A' is present

2018-11-29 13:26:48 - [MESSAGE][PASSED] - Object 'Object Repository/FSM1/Complete ABP Inspection/Check Results/03a/Page_JM Control Centre/div_Attachments_ABPR02A' is present]]></system-out>
         <system-err><![CDATA[]]></system-err>
      </testcase>
      <testcase name="Test Cases/ABP/Generic/Check Subsequent Inspection Exist" classname="Test Cases/ABP/Generic/Check Subsequent Inspection Exist" status="PASSED">
         <system-out><![CDATA[2018-11-29 13:26:48 - [TEST_CASE][PASSED] - Test Cases/ABP/Generic/Check Subsequent Inspection Exist: Test Cases/ABP/Generic/Check Subsequent Inspection Exist

2018-11-29 13:26:48 - [TEST_STEP][PASSED] - delay(2): Delayed 2 second(s)

2018-11-29 13:26:50 - [MESSAGE][PASSED] - Delayed 2 second(s)

2018-11-29 13:26:50 - [TEST_STEP][PASSED] - click(findTestObject("Object Repository/FSM1/Complete ABP Inspection/Check Subsequent Inspections/New/Page_JM Control Centre/div_")): Object: 'Object Repository/FSM1/Complete ABP Inspection/Check Subsequent Inspections/New/Page_JM Control Centre/div_' is clicked on

2018-11-29 13:26:51 - [MESSAGE][PASSED] - Object: 'Object Repository/FSM1/Complete ABP Inspection/Check Subsequent Inspections/New/Page_JM Control Centre/div_' is clicked on

2018-11-29 13:26:51 - [TEST_STEP][PASSED] - click(findTestObject("Object Repository/FSM1/Complete ABP Inspection/Check Subsequent Inspections/New/Page_JM Control Centre/span_List All Subordinate Jobs")): Object: 'Object Repository/FSM1/Complete ABP Inspection/Check Subsequent Inspections/New/Page_JM Control Centre/span_List All Subordinate Jobs' is clicked on

2018-11-29 13:26:51 - [MESSAGE][PASSED] - Object: 'Object Repository/FSM1/Complete ABP Inspection/Check Subsequent Inspections/New/Page_JM Control Centre/span_List All Subordinate Jobs' is clicked on

2018-11-29 13:26:51 - [TEST_STEP][PASSED] - delay(2): Delayed 2 second(s)

2018-11-29 13:26:53 - [MESSAGE][PASSED] - Delayed 2 second(s)

2018-11-29 13:26:53 - [TEST_STEP][PASSED] - verifyElementVisible(findTestObject("Object Repository/FSM1/Complete ABP Inspection/Check Subsequent Inspections/New/Page_JM Control Centre/div_2 found.")): Object 'Object Repository/FSM1/Complete ABP Inspection/Check Subsequent Inspections/New/Page_JM Control Centre/div_2 found.' is visible

2018-11-29 13:26:54 - [MESSAGE][PASSED] - Object 'Object Repository/FSM1/Complete ABP Inspection/Check Subsequent Inspections/New/Page_JM Control Centre/div_2 found.' is visible

2018-11-29 13:26:54 - [TEST_STEP][PASSED] - closeBrowser(): Browser is closed

2018-11-29 13:26:55 - [MESSAGE][PASSED] - Browser is closed]]></system-out>
         <system-err><![CDATA[]]></system-err>
      </testcase>
      <system-out><![CDATA[2018-11-29 13:20:14 - [TEST_SUITE][PASSED] - ABP Regression - 02a: Test Cases/ABP/Generic/Check Subsequent Inspection Exist]]></system-out>
      <system-err><![CDATA[]]></system-err>
   </testsuite>
</testsuites>
