<?xml version="1.0" encoding="UTF-8"?>
<testsuites name="ABP Regression - 34a" time="399" tests="13" failures="1" errors="0">
   <testsuite name="ABP Regression - 34a" tests="13" failures="1" errors="0" time="399" timestamp="2018-12-08 19:54:39" hostname="jonha - DESKTOP-KMCIR60" id="Test Suites/ABP/ABP Regression - 34a">
      <properties>
         <property name="deviceName" value=""/>
         <property name="devicePlatform" value=""/>
         <property name="logFolder" value="C:\\Users\\jonha\\Documents\\Katalon\\APHA\\JM_8.9\\FSM_Regression\\Reports\\ABP\\ABP Regression - 34a\\20181208_195437"/>
         <property name="logFiles" value="C:\\Users\\jonha\\Documents\\Katalon\\APHA\\JM_8.9\\FSM_Regression\\Reports\\ABP\\ABP Regression - 34a\\20181208_195437\\execution0.log"/>
         <property name="attachments" value="C:\\Users\\jonha\\Documents\\Katalon\\APHA\\JM_8.9\\FSM_Regression\\Reports\\ABP\\ABP Regression - 34a\\20181208_195437\\1544299277733.png, C:\\Users\\jonha\\Documents\\Katalon\\APHA\\JM_8.9\\FSM_Regression\\Reports\\ABP\\ABP Regression - 34a\\20181208_195437\\1544299278238.png"/>
         <property name="hostName" value="jonha - DESKTOP-KMCIR60"/>
         <property name="os" value="Windows 10 64bit"/>
         <property name="katalonVersion" value="5.9.1.2"/>
         <property name="browser" value="Chrome 70.0.3538.110"/>
         <property name="hostAddress" value="192.168.0.9"/>
         <property name="sessionId" value="e011a31be4a0be8a51eef92c98020170"/>
         <property name="seleniumVersion" value="3.7.1"/>
         <property name="proxyInformation" value="ProxyInformation{proxyOption=NO_PROXY, proxyServerType=HTTP, password=, proxyServerAddress=, proxyServerPort=0}"/>
         <property name="platform" value="Windows 10"/>
      </properties>
      <testcase name="Test Cases/Generic/Launch Job Manager Control Centre" classname="Test Cases/Generic/Launch Job Manager Control Centre" status="PASSED">
         <system-out><![CDATA[2018-12-08 19:54:39 - [TEST_CASE][PASSED] - Test Cases/Generic/Launch Job Manager Control Centre: Test Cases/Generic/Launch Job Manager Control Centre

2018-12-08 19:54:40 - [TEST_STEP][PASSED] - openBrowser(""): Browser is opened with url: ''

2018-12-08 19:54:40 - [MESSAGE][INFO] - Starting 'Chrome' driver

2018-12-08 19:54:40 - [MESSAGE][INFO] - Action delay is set to 0 seconds

2018-12-08 19:54:44 - [MESSAGE][PASSED] - Browser is opened with url: ''

2018-12-08 19:54:44 - [TEST_STEP][PASSED] - navigateToUrl(CCURL): Navigate to 'https://kirona-def-6.kirona.com/jmprep/login#!loginView' successfully

2018-12-08 19:54:45 - [MESSAGE][PASSED] - Navigate to 'https://kirona-def-6.kirona.com/jmprep/login#!loginView' successfully

2018-12-08 19:54:45 - [TEST_STEP][PASSED] - setText(findTestObject("FSM1/Control Centre/Page_Job Manager Login/input_gwt-uid-3"), Username): Text 'jon.hatfield' is set on object 'Object Repository/FSM1/Control Centre/Page_Job Manager Login/input_gwt-uid-3'

2018-12-08 19:54:45 - [MESSAGE][PASSED] - Text 'jon.hatfield' is set on object 'Object Repository/FSM1/Control Centre/Page_Job Manager Login/input_gwt-uid-3'

2018-12-08 19:54:45 - [TEST_STEP][PASSED] - setText(findTestObject("FSM1/Control Centre/Page_Job Manager Login/input_gwt-uid-5"), Password): Text 'Fr@nc1sJ0n' is set on object 'Object Repository/FSM1/Control Centre/Page_Job Manager Login/input_gwt-uid-5'

2018-12-08 19:54:46 - [MESSAGE][PASSED] - Text 'Fr@nc1sJ0n' is set on object 'Object Repository/FSM1/Control Centre/Page_Job Manager Login/input_gwt-uid-5'

2018-12-08 19:54:46 - [TEST_STEP][PASSED] - click(findTestObject("FSM1/PreProd/Page_Job Manager Login/div_Login")): Object: 'Object Repository/FSM1/PreProd/Page_Job Manager Login/div_Login' is clicked on

2018-12-08 19:54:46 - [MESSAGE][PASSED] - Object: 'Object Repository/FSM1/PreProd/Page_Job Manager Login/div_Login' is clicked on

2018-12-08 19:54:46 - [TEST_STEP][PASSED] - delay(15): Delayed 15 second(s)

2018-12-08 19:55:01 - [MESSAGE][PASSED] - Delayed 15 second(s)]]></system-out>
         <system-err><![CDATA[]]></system-err>
      </testcase>
      <testcase name="Test Cases/ABP/Generic/Create ABP Inspection - Manual Assignment" classname="Test Cases/ABP/Generic/Create ABP Inspection - Manual Assignment" status="PASSED">
         <system-out><![CDATA[2018-12-08 19:55:01 - [TEST_CASE][PASSED] - Test Cases/ABP/Generic/Create ABP Inspection - Manual Assignment: Test Cases/ABP/Generic/Create ABP Inspection - Manual Assignment

2018-12-08 19:55:02 - [TEST_STEP][PASSED] - log = new com.kms.katalon.core.logging.KeywordLogger(): null

2018-12-08 19:55:02 - [TEST_STEP][PASSED] - click(findTestObject("Object Repository/FSM1/Create ABP Inspection Manual Ass/Page_JM Control Centre/Page_JM Control Centre/Page_JM Control Centre/div_Create")): Object: 'Object Repository/FSM1/Create ABP Inspection Manual Ass/Page_JM Control Centre/Page_JM Control Centre/Page_JM Control Centre/div_Create' is clicked on

2018-12-08 19:55:02 - [MESSAGE][PASSED] - Object: 'Object Repository/FSM1/Create ABP Inspection Manual Ass/Page_JM Control Centre/Page_JM Control Centre/Page_JM Control Centre/div_Create' is clicked on

2018-12-08 19:55:02 - [TEST_STEP][PASSED] - click(findTestObject("Object Repository/FSM1/Create ABP Inspection Manual Ass/Page_JM Control Centre/Page_JM Control Centre/Page_JM Control Centre/div_v-filterselect-button")): Object: 'Object Repository/FSM1/Create ABP Inspection Manual Ass/Page_JM Control Centre/Page_JM Control Centre/Page_JM Control Centre/div_v-filterselect-button' is clicked on

2018-12-08 19:55:04 - [MESSAGE][PASSED] - Object: 'Object Repository/FSM1/Create ABP Inspection Manual Ass/Page_JM Control Centre/Page_JM Control Centre/Page_JM Control Centre/div_v-filterselect-button' is clicked on

2018-12-08 19:55:04 - [TEST_STEP][PASSED] - setText(findTestObject("Object Repository/FSM1/Create ABP Inspection Manual Ass/Page_JM Control Centre/Page_JM Control Centre/Page_JM Control Centre/input_gwt-uid-8"), ABPInspection): Text 'ABPR34a' is set on object 'Object Repository/FSM1/Create ABP Inspection Manual Ass/Page_JM Control Centre/Page_JM Control Centre/Page_JM Control Centre/input_gwt-uid-8'

2018-12-08 19:55:04 - [MESSAGE][PASSED] - Text 'ABPR34a' is set on object 'Object Repository/FSM1/Create ABP Inspection Manual Ass/Page_JM Control Centre/Page_JM Control Centre/Page_JM Control Centre/input_gwt-uid-8'

2018-12-08 19:55:04 - [TEST_STEP][PASSED] - ABPInspectionTypeJ = modifyObjectProperty(findTestObject("Object Repository/FSM1/Create ABP Inspection Manual Ass/Page_JM Control Centre/Page_JM Control Centre/Page_JM Control Centre/span_ABPR01A - Composting and"), "text", "equals", ABPInspectionType, true): Modify property of object successfully

2018-12-08 19:55:04 - [MESSAGE][PASSED] - Modify property of object successfully

2018-12-08 19:55:04 - [TEST_STEP][PASSED] - click(ABPInspectionTypeJ, STOP_ON_FAILURE): Object: 'Object Repository/FSM1/Create ABP Inspection Manual Ass/Page_JM Control Centre/Page_JM Control Centre/Page_JM Control Centre/span_ABPR01A - Composting and' is clicked on

2018-12-08 19:55:04 - [MESSAGE][PASSED] - Object: 'Object Repository/FSM1/Create ABP Inspection Manual Ass/Page_JM Control Centre/Page_JM Control Centre/Page_JM Control Centre/span_ABPR01A - Composting and' is clicked on

2018-12-08 19:55:04 - [TEST_STEP][PASSED] - click(findTestObject("Object Repository/FSM1/Create ABP Inspection Manual Ass/Page_JM Control Centre/Page_JM Control Centre/Page_JM Control Centre/div_v-filterselect-button_1")): Object: 'Object Repository/FSM1/Create ABP Inspection Manual Ass/Page_JM Control Centre/Page_JM Control Centre/Page_JM Control Centre/div_v-filterselect-button_1' is clicked on

2018-12-08 19:55:07 - [MESSAGE][PASSED] - Object: 'Object Repository/FSM1/Create ABP Inspection Manual Ass/Page_JM Control Centre/Page_JM Control Centre/Page_JM Control Centre/div_v-filterselect-button_1' is clicked on

2018-12-08 19:55:07 - [TEST_STEP][PASSED] - click(findTestObject("Object Repository/FSM1/Create ABP Inspection Manual Ass/Page_JM Control Centre/Page_JM Control Centre/Page_JM Control Centre/span_24 Hours")): Object: 'Object Repository/FSM1/Create ABP Inspection Manual Ass/Page_JM Control Centre/Page_JM Control Centre/Page_JM Control Centre/span_24 Hours' is clicked on

2018-12-08 19:55:07 - [MESSAGE][PASSED] - Object: 'Object Repository/FSM1/Create ABP Inspection Manual Ass/Page_JM Control Centre/Page_JM Control Centre/Page_JM Control Centre/span_24 Hours' is clicked on

2018-12-08 19:55:07 - [TEST_STEP][PASSED] - click(findTestObject("Object Repository/FSM1/Create ABP Inspection/Page_JM Control Centre/div_Region_v-filterselect-butt")): Object: 'Object Repository/FSM1/Create ABP Inspection/Page_JM Control Centre/div_Region_v-filterselect-butt' is clicked on

2018-12-08 19:55:07 - [MESSAGE][PASSED] - Object: 'Object Repository/FSM1/Create ABP Inspection/Page_JM Control Centre/div_Region_v-filterselect-butt' is clicked on

2018-12-08 19:55:07 - [TEST_STEP][PASSED] - click(findTestObject("Object Repository/FSM1/Create ABP Inspection Manual Ass/Page_JM Control Centre/Page_JM Control Centre/Page_JM Control Centre/td_West")): Object: 'Object Repository/FSM1/Create ABP Inspection Manual Ass/Page_JM Control Centre/Page_JM Control Centre/Page_JM Control Centre/td_West' is clicked on

2018-12-08 19:55:07 - [MESSAGE][PASSED] - Object: 'Object Repository/FSM1/Create ABP Inspection Manual Ass/Page_JM Control Centre/Page_JM Control Centre/Page_JM Control Centre/td_West' is clicked on

2018-12-08 19:55:08 - [TEST_STEP][PASSED] - click(findTestObject("Object Repository/FSM1/Create ABP Inspection/Page_JM Control Centre/div_Plant Type_v-filterselect-")): Object: 'Object Repository/FSM1/Create ABP Inspection/Page_JM Control Centre/div_Plant Type_v-filterselect-' is clicked on

2018-12-08 19:55:08 - [MESSAGE][PASSED] - Object: 'Object Repository/FSM1/Create ABP Inspection/Page_JM Control Centre/div_Plant Type_v-filterselect-' is clicked on

2018-12-08 19:55:08 - [TEST_STEP][PASSED] - click(findTestObject("Object Repository/FSM1/Create ABP Inspection Manual Ass/Page_JM Control Centre/Page_JM Control Centre/Page_JM Control Centre/td_SECTION I Intermediate Acti")): Object: 'Object Repository/FSM1/Create ABP Inspection Manual Ass/Page_JM Control Centre/Page_JM Control Centre/Page_JM Control Centre/td_SECTION I Intermediate Acti' is clicked on

2018-12-08 19:55:08 - [MESSAGE][PASSED] - Object: 'Object Repository/FSM1/Create ABP Inspection Manual Ass/Page_JM Control Centre/Page_JM Control Centre/Page_JM Control Centre/td_SECTION I Intermediate Acti' is clicked on

2018-12-08 19:55:08 - [TEST_STEP][PASSED] - click(findTestObject("Object Repository/FSM1/Create ABP Inspection/Page_JM Control Centre/div_Inspection Type_v-filterse")): Object: 'Object Repository/FSM1/Create ABP Inspection/Page_JM Control Centre/div_Inspection Type_v-filterse' is clicked on

2018-12-08 19:55:08 - [MESSAGE][PASSED] - Object: 'Object Repository/FSM1/Create ABP Inspection/Page_JM Control Centre/div_Inspection Type_v-filterse' is clicked on

2018-12-08 19:55:08 - [TEST_STEP][PASSED] - click(findTestObject("Object Repository/FSM1/Create ABP Inspection Manual Ass/Page_JM Control Centre/Page_JM Control Centre/Page_JM Control Centre/td_Routine")): Object: 'Object Repository/FSM1/Create ABP Inspection Manual Ass/Page_JM Control Centre/Page_JM Control Centre/Page_JM Control Centre/td_Routine' is clicked on

2018-12-08 19:55:08 - [MESSAGE][PASSED] - Object: 'Object Repository/FSM1/Create ABP Inspection Manual Ass/Page_JM Control Centre/Page_JM Control Centre/Page_JM Control Centre/td_Routine' is clicked on

2018-12-08 19:55:08 - [TEST_STEP][PASSED] - click(findTestObject("Object Repository/JM_8918/New/Page_JClient/Page_JM Control Centre/Page_JM Control Centre/label_1")): Object: 'Object Repository/JM_8918/New/Page_JClient/Page_JM Control Centre/Page_JM Control Centre/label_1' is clicked on

2018-12-08 19:55:09 - [MESSAGE][PASSED] - Object: 'Object Repository/JM_8918/New/Page_JClient/Page_JM Control Centre/Page_JM Control Centre/label_1' is clicked on

2018-12-08 19:55:09 - [TEST_STEP][PASSED] - click(findTestObject("Object Repository/FSM1/Create ABP Inspection/Page_JM Control Centre/div_Inspector Grade Required_v")): Object: 'Object Repository/FSM1/Create ABP Inspection/Page_JM Control Centre/div_Inspector Grade Required_v' is clicked on

2018-12-08 19:55:09 - [MESSAGE][PASSED] - Object: 'Object Repository/FSM1/Create ABP Inspection/Page_JM Control Centre/div_Inspector Grade Required_v' is clicked on

2018-12-08 19:55:09 - [TEST_STEP][PASSED] - click(findTestObject("Object Repository/FSM1/Create ABP Inspection Manual Ass/Page_JM Control Centre/Page_JM Control Centre/Page_JM Control Centre/td_Tech")): Object: 'Object Repository/FSM1/Create ABP Inspection Manual Ass/Page_JM Control Centre/Page_JM Control Centre/Page_JM Control Centre/td_Tech' is clicked on

2018-12-08 19:55:09 - [MESSAGE][PASSED] - Object: 'Object Repository/FSM1/Create ABP Inspection Manual Ass/Page_JM Control Centre/Page_JM Control Centre/Page_JM Control Centre/td_Tech' is clicked on

2018-12-08 19:55:09 - [TEST_STEP][PASSED] - click(findTestObject("Object Repository/FSM1/Create ABP Inspection/Page_JM Control Centre/div_Sequence within Inspection")): Object: 'Object Repository/FSM1/Create ABP Inspection/Page_JM Control Centre/div_Sequence within Inspection' is clicked on

2018-12-08 19:55:09 - [MESSAGE][PASSED] - Object: 'Object Repository/FSM1/Create ABP Inspection/Page_JM Control Centre/div_Sequence within Inspection' is clicked on

2018-12-08 19:55:09 - [TEST_STEP][PASSED] - click(findTestObject("Object Repository/FSM1/Create ABP Inspection Manual Ass/Page_JM Control Centre/Page_JM Control Centre/Page_JM Control Centre/td_2 - Tech")): Object: 'Object Repository/FSM1/Create ABP Inspection Manual Ass/Page_JM Control Centre/Page_JM Control Centre/Page_JM Control Centre/td_2 - Tech' is clicked on

2018-12-08 19:55:10 - [MESSAGE][PASSED] - Object: 'Object Repository/FSM1/Create ABP Inspection Manual Ass/Page_JM Control Centre/Page_JM Control Centre/Page_JM Control Centre/td_2 - Tech' is clicked on

2018-12-08 19:55:10 - [TEST_STEP][PASSED] - setText(findTestObject("Object Repository/FSM1/Create ABP Inspection Manual Ass/Page_JM Control Centre/Page_JM Control Centre/Page_JM Control Centre/input_Customer ID_gwt-uid-40"), RandomStringUtils.randomNumeric(5)): Text '36137' is set on object 'Object Repository/FSM1/Create ABP Inspection Manual Ass/Page_JM Control Centre/Page_JM Control Centre/Page_JM Control Centre/input_Customer ID_gwt-uid-40'

2018-12-08 19:55:10 - [MESSAGE][PASSED] - Text '36137' is set on object 'Object Repository/FSM1/Create ABP Inspection Manual Ass/Page_JM Control Centre/Page_JM Control Centre/Page_JM Control Centre/input_Customer ID_gwt-uid-40'

2018-12-08 19:55:10 - [TEST_STEP][PASSED] - setText(findTestObject("Object Repository/FSM1/Create ABP Inspection Manual Ass/Page_JM Control Centre/Page_JM Control Centre/Page_JM Control Centre/input_Unit ID_gwt-uid-42"), RandomStringUtils.randomNumeric(5)): Text '70642' is set on object 'Object Repository/FSM1/Create ABP Inspection Manual Ass/Page_JM Control Centre/Page_JM Control Centre/Page_JM Control Centre/input_Unit ID_gwt-uid-42'

2018-12-08 19:55:10 - [MESSAGE][PASSED] - Text '70642' is set on object 'Object Repository/FSM1/Create ABP Inspection Manual Ass/Page_JM Control Centre/Page_JM Control Centre/Page_JM Control Centre/input_Unit ID_gwt-uid-42'

2018-12-08 19:55:10 - [TEST_STEP][PASSED] - setText(findTestObject("Object Repository/FSM1/Create ABP Inspection Manual Ass/Page_JM Control Centre/Page_JM Control Centre/Page_JM Control Centre/input_Customer Name_gwt-uid-44"), "Test Automation"): Text 'Test Automation' is set on object 'Object Repository/FSM1/Create ABP Inspection Manual Ass/Page_JM Control Centre/Page_JM Control Centre/Page_JM Control Centre/input_Customer Name_gwt-uid-44'

2018-12-08 19:55:10 - [MESSAGE][PASSED] - Text 'Test Automation' is set on object 'Object Repository/FSM1/Create ABP Inspection Manual Ass/Page_JM Control Centre/Page_JM Control Centre/Page_JM Control Centre/input_Customer Name_gwt-uid-44'

2018-12-08 19:55:10 - [TEST_STEP][PASSED] - click(findTestObject("Object Repository/FSM1/Create ABP Inspection Manual Ass/Page_JM Control Centre/Page_JM Control Centre/Page_JM Control Centre/span_")): Object: 'Object Repository/FSM1/Create ABP Inspection Manual Ass/Page_JM Control Centre/Page_JM Control Centre/Page_JM Control Centre/span_' is clicked on

2018-12-08 19:55:11 - [MESSAGE][PASSED] - Object: 'Object Repository/FSM1/Create ABP Inspection Manual Ass/Page_JM Control Centre/Page_JM Control Centre/Page_JM Control Centre/span_' is clicked on

2018-12-08 19:55:11 - [TEST_STEP][PASSED] - click(findTestObject("FSM1/Control Centre/Create EMI Inspection/Address Search/Page_JM Control Centre/Postcode Search")): Object: 'Object Repository/FSM1/Control Centre/Create EMI Inspection/Address Search/Page_JM Control Centre/Postcode Search' is clicked on

2018-12-08 19:55:11 - [MESSAGE][PASSED] - Object: 'Object Repository/FSM1/Control Centre/Create EMI Inspection/Address Search/Page_JM Control Centre/Postcode Search' is clicked on

2018-12-08 19:55:11 - [TEST_STEP][PASSED] - setText(findTestObject("FSM1/PreProd/Page_JM Control Centre/PostcodeSearch"), findTestData("Pre Production/ABP/ABP Inspection Data 01a").getValue(2, 1)): Text 'WR5 2NQ' is set on object 'Object Repository/FSM1/PreProd/Page_JM Control Centre/PostcodeSearch'

2018-12-08 19:55:11 - [MESSAGE][PASSED] - Text 'WR5 2NQ' is set on object 'Object Repository/FSM1/PreProd/Page_JM Control Centre/PostcodeSearch'

2018-12-08 19:55:11 - [TEST_STEP][PASSED] - doubleClick(findTestObject("JM_8918/Page_JM Control Centre/div_Search")): Object: 'Object Repository/JM_8918/Page_JM Control Centre/div_Search' is double clicked on

2018-12-08 19:55:12 - [MESSAGE][PASSED] - Object: 'Object Repository/JM_8918/Page_JM Control Centre/div_Search' is double clicked on

2018-12-08 19:55:12 - [TEST_STEP][PASSED] - FullAddress = modifyObjectProperty(findTestObject("Object Repository/FSM1/Create ABP Inspection Manual Ass/Page_JM Control Centre/Page_JM Control Centre/Page_JM Control Centre/Address"), "text", "equals", findTestData("Pre Production/ABP/ABP Inspection Data 01a").getValue(3, 1), true): Modify property of object successfully

2018-12-08 19:55:12 - [MESSAGE][PASSED] - Modify property of object successfully

2018-12-08 19:55:12 - [TEST_STEP][PASSED] - click(FullAddress, STOP_ON_FAILURE): Object: 'Object Repository/FSM1/Create ABP Inspection Manual Ass/Page_JM Control Centre/Page_JM Control Centre/Page_JM Control Centre/Address' is clicked on

2018-12-08 19:55:13 - [MESSAGE][PASSED] - Object: 'Object Repository/FSM1/Create ABP Inspection Manual Ass/Page_JM Control Centre/Page_JM Control Centre/Page_JM Control Centre/Address' is clicked on

2018-12-08 19:55:13 - [TEST_STEP][PASSED] - click(findTestObject("FSM1/Control Centre/Create EMI Inspection/Create Address/Page_JM Control Centre (2)/div_Add Selected Item")): Object: 'Object Repository/FSM1/Control Centre/Create EMI Inspection/Create Address/Page_JM Control Centre (2)/div_Add Selected Item' is clicked on

2018-12-08 19:55:13 - [MESSAGE][PASSED] - Object: 'Object Repository/FSM1/Control Centre/Create EMI Inspection/Create Address/Page_JM Control Centre (2)/div_Add Selected Item' is clicked on

2018-12-08 19:55:13 - [TEST_STEP][PASSED] - delay(2): Delayed 2 second(s)

2018-12-08 19:55:15 - [MESSAGE][PASSED] - Delayed 2 second(s)

2018-12-08 19:55:15 - [TEST_STEP][PASSED] - click(findTestObject("FSM1/Control Centre/Create EMI Inspection/Finish/Page_JM Control Centre (3)/div_Create")): Object: 'Object Repository/FSM1/Control Centre/Create EMI Inspection/Finish/Page_JM Control Centre (3)/div_Create' is clicked on

2018-12-08 19:55:15 - [MESSAGE][PASSED] - Object: 'Object Repository/FSM1/Control Centre/Create EMI Inspection/Finish/Page_JM Control Centre (3)/div_Create' is clicked on

2018-12-08 19:55:15 - [TEST_STEP][PASSED] - waitForElementPresent(findTestObject("Object Repository/FSM1/Create ABP Inspection Manual Ass/Page_JM Control Centre/Page_JM Control Centre/Page_JM Control Centre/div_APPROVED"), 120, STOP_ON_FAILURE): Object 'Object Repository/FSM1/Create ABP Inspection Manual Ass/Page_JM Control Centre/Page_JM Control Centre/Page_JM Control Centre/div_APPROVED' is present

2018-12-08 19:55:18 - [MESSAGE][PASSED] - Object 'Object Repository/FSM1/Create ABP Inspection Manual Ass/Page_JM Control Centre/Page_JM Control Centre/Page_JM Control Centre/div_APPROVED' is present

2018-12-08 19:55:18 - [TEST_STEP][PASSED] - click(findTestObject("Object Repository/FSM1/Create ABP Inspection Manual Ass/Page_JM Control Centre/Page_JM Control Centre/Page_JM Control Centre/span_Schedule")): Object: 'Object Repository/FSM1/Create ABP Inspection Manual Ass/Page_JM Control Centre/Page_JM Control Centre/Page_JM Control Centre/span_Schedule' is clicked on

2018-12-08 19:55:18 - [MESSAGE][PASSED] - Object: 'Object Repository/FSM1/Create ABP Inspection Manual Ass/Page_JM Control Centre/Page_JM Control Centre/Page_JM Control Centre/span_Schedule' is clicked on

2018-12-08 19:55:18 - [TEST_STEP][PASSED] - click(findTestObject("Object Repository/JM_8918/New/Page_JM Control Centre/Page_JM Control Centre/label_Manually Allocate as an")): Object: 'Object Repository/JM_8918/New/Page_JM Control Centre/Page_JM Control Centre/label_Manually Allocate as an' is clicked on

2018-12-08 19:55:21 - [MESSAGE][PASSED] - Object: 'Object Repository/JM_8918/New/Page_JM Control Centre/Page_JM Control Centre/label_Manually Allocate as an' is clicked on

2018-12-08 19:55:21 - [TEST_STEP][PASSED] - click(findTestObject("Object Repository/JM_8918/New/Page_JM Control Centre/Page_JM Control Centre/div_Owner_v-filterselect-butto")): Object: 'Object Repository/JM_8918/New/Page_JM Control Centre/Page_JM Control Centre/div_Owner_v-filterselect-butto' is clicked on

2018-12-08 19:55:21 - [MESSAGE][PASSED] - Object: 'Object Repository/JM_8918/New/Page_JM Control Centre/Page_JM Control Centre/div_Owner_v-filterselect-butto' is clicked on

2018-12-08 19:55:21 - [TEST_STEP][PASSED] - setText(findTestObject("Object Repository/JM_8918/New/Page_JM Control Centre/Page_JM Control Centre/input_Owner_gwt-uid-304"), "test"): Text 'test' is set on object 'Object Repository/JM_8918/New/Page_JM Control Centre/Page_JM Control Centre/input_Owner_gwt-uid-304'

2018-12-08 19:55:21 - [MESSAGE][PASSED] - Text 'test' is set on object 'Object Repository/JM_8918/New/Page_JM Control Centre/Page_JM Control Centre/input_Owner_gwt-uid-304'

2018-12-08 19:55:21 - [TEST_STEP][PASSED] - click(findTestObject("Object Repository/JM_8918/New/Page_JM Control Centre/Page_JM Control Centre/span_Test Inspector")): Object: 'Object Repository/JM_8918/New/Page_JM Control Centre/Page_JM Control Centre/span_Test Inspector' is clicked on

2018-12-08 19:55:22 - [MESSAGE][PASSED] - Object: 'Object Repository/JM_8918/New/Page_JM Control Centre/Page_JM Control Centre/span_Test Inspector' is clicked on

2018-12-08 19:55:22 - [TEST_STEP][PASSED] - delay(3): Delayed 3 second(s)

2018-12-08 19:55:25 - [MESSAGE][PASSED] - Delayed 3 second(s)

2018-12-08 19:55:25 - [TEST_STEP][NOT_RUN] - mydate = new java.util.Date(): NOT_RUN: mydate = new java.util.Date()

2018-12-08 19:55:25 - [MESSAGE][NOT_RUN] - NOT_RUN: mydate = new java.util.Date()

2018-12-08 19:55:25 - [TEST_STEP][NOT_RUN] - tomorrow = mydate.next(): NOT_RUN: tomorrow = mydate.next()

2018-12-08 19:55:25 - [MESSAGE][NOT_RUN] - NOT_RUN: tomorrow = mydate.next()

2018-12-08 19:55:25 - [TEST_STEP][NOT_RUN] - formattedDate = tomorrow.format("dd-MMM-yyyy"): NOT_RUN: formattedDate = tomorrow.format("dd-MMM-yyyy")

2018-12-08 19:55:25 - [MESSAGE][NOT_RUN] - NOT_RUN: formattedDate = tomorrow.format("dd-MMM-yyyy")

2018-12-08 19:55:25 - [TEST_STEP][NOT_RUN] - delay(2): NOT_RUN: delay(2)

2018-12-08 19:55:25 - [MESSAGE][NOT_RUN] - NOT_RUN: delay(2)

2018-12-08 19:55:25 - [TEST_STEP][NOT_RUN] - setText(findTestObject("JM_8918/New/Page_JM Control Centre/Page_JM Control Centre/input_Due date_gwt-uid-308"), formattedDate): NOT_RUN: setText(findTestObject("JM_8918/New/Page_JM Control Centre/Page_JM Control Centre/input_Due date_gwt-uid-308"), formattedDate)

2018-12-08 19:55:25 - [MESSAGE][NOT_RUN] - NOT_RUN: setText(findTestObject("JM_8918/New/Page_JM Control Centre/Page_JM Control Centre/input_Due date_gwt-uid-308"), formattedDate)

2018-12-08 19:55:25 - [TEST_STEP][NOT_RUN] - delay(2): NOT_RUN: delay(2)

2018-12-08 19:55:25 - [MESSAGE][NOT_RUN] - NOT_RUN: delay(2)

2018-12-08 19:55:25 - [TEST_STEP][NOT_RUN] - setText(findTestObject("JM_8918/New/Page_JM Control Centre/Page_JM Control Centre/input_From date_gwt-uid-306"), formattedDate): NOT_RUN: setText(findTestObject("JM_8918/New/Page_JM Control Centre/Page_JM Control Centre/input_From date_gwt-uid-306"), formattedDate)

2018-12-08 19:55:25 - [MESSAGE][NOT_RUN] - NOT_RUN: setText(findTestObject("JM_8918/New/Page_JM Control Centre/Page_JM Control Centre/input_From date_gwt-uid-306"), formattedDate)

2018-12-08 19:55:25 - [TEST_STEP][PASSED] - delay(5): Delayed 5 second(s)

2018-12-08 19:55:30 - [MESSAGE][PASSED] - Delayed 5 second(s)

2018-12-08 19:55:30 - [TEST_STEP][PASSED] - click(findTestObject("Object Repository/FSM1/Create ABP Inspection Manual Ass/Page_JM Control Centre/Page_JM Control Centre/Page_JM Control Centre/div_Allocate")): Object: 'Object Repository/FSM1/Create ABP Inspection Manual Ass/Page_JM Control Centre/Page_JM Control Centre/Page_JM Control Centre/div_Allocate' is clicked on

2018-12-08 19:55:30 - [MESSAGE][PASSED] - Object: 'Object Repository/FSM1/Create ABP Inspection Manual Ass/Page_JM Control Centre/Page_JM Control Centre/Page_JM Control Centre/div_Allocate' is clicked on

2018-12-08 19:55:30 - [TEST_STEP][PASSED] - InspectionID = getText(findTestObject("Object Repository/FSM1/Create ABP Inspection Manual Ass/Page_JM Control Centre/Page_JM Control Centre/Page_JM Control Centre/InspectionID")): Text of object 'Object Repository/FSM1/Create ABP Inspection Manual Ass/Page_JM Control Centre/Page_JM Control Centre/Page_JM Control Centre/InspectionID' is: 'Viewing Job 94478'

2018-12-08 19:55:30 - [MESSAGE][PASSED] - Text of object 'Object Repository/FSM1/Create ABP Inspection Manual Ass/Page_JM Control Centre/Page_JM Control Centre/Page_JM Control Centre/InspectionID' is: 'Viewing Job 94478'

2018-12-08 19:55:30 - [TEST_STEP][PASSED] - InspectionID = InspectionID.replaceAll("Viewing Job ", ""): null

2018-12-08 19:55:30 - [TEST_STEP][PASSED] - log.logWarning(InspectionID): 94478

2018-12-08 19:55:30 - [MESSAGE][WARNING] - 94478

2018-12-08 19:55:30 - [TEST_STEP][PASSED] - temp = InspectionID: null

2018-12-08 19:55:30 - [TEST_STEP][PASSED] - delay(90): Delayed 90 second(s)

2018-12-08 19:57:00 - [MESSAGE][PASSED] - Delayed 90 second(s)]]></system-out>
         <system-err><![CDATA[]]></system-err>
      </testcase>
      <testcase name="Test Cases/Generic/Launch Job Manager" classname="Test Cases/Generic/Launch Job Manager" status="PASSED">
         <system-out><![CDATA[2018-12-08 19:57:00 - [TEST_CASE][PASSED] - Test Cases/Generic/Launch Job Manager: Test Cases/Generic/Launch Job Manager

2018-12-08 19:57:01 - [TEST_STEP][PASSED] - openBrowser(""): Browser is opened with url: ''

2018-12-08 19:57:01 - [MESSAGE][WARNING] - A browser is already opened. Closing browser and opening a new one

2018-12-08 19:57:02 - [MESSAGE][INFO] - Starting 'Chrome' driver

2018-12-08 19:57:04 - [MESSAGE][PASSED] - Browser is opened with url: ''

2018-12-08 19:57:04 - [TEST_STEP][PASSED] - navigateToUrl(JMURL): Navigate to 'https://kirona-def-6.kirona.com/jmprep/jclient/jclient.html' successfully

2018-12-08 19:57:11 - [MESSAGE][PASSED] - Navigate to 'https://kirona-def-6.kirona.com/jmprep/jclient/jclient.html' successfully

2018-12-08 19:57:11 - [TEST_STEP][PASSED] - setText(findTestObject("FSM1/Launch Application/Page_JClient/input_gwt-TextBox GKH2EKQBMDB"), "KIR1"): Text 'KIR1' is set on object 'Object Repository/FSM1/Launch Application/Page_JClient/input_gwt-TextBox GKH2EKQBMDB'

2018-12-08 19:57:12 - [MESSAGE][PASSED] - Text 'KIR1' is set on object 'Object Repository/FSM1/Launch Application/Page_JClient/input_gwt-TextBox GKH2EKQBMDB'

2018-12-08 19:57:12 - [TEST_STEP][PASSED] - sendKeys(findTestObject("FSM1/Launch Application/Page_JClient/input_gwt-TextBox GKH2EKQBMDB"), Keys.chord(ENTER)): Keys 'ENTER + ' sent to object: 'Object Repository/FSM1/Launch Application/Page_JClient/input_gwt-TextBox GKH2EKQBMDB'

2018-12-08 19:57:12 - [MESSAGE][PASSED] - Keys 'ENTER + ' sent to object: 'Object Repository/FSM1/Launch Application/Page_JClient/input_gwt-TextBox GKH2EKQBMDB'

2018-12-08 19:57:12 - [TEST_STEP][PASSED] - click(findTestObject("FSM1/Launch Application/Page_JClient/div_Configure App")): Object: 'Object Repository/FSM1/Launch Application/Page_JClient/div_Configure App' is clicked on

2018-12-08 19:57:12 - [MESSAGE][PASSED] - Object: 'Object Repository/FSM1/Launch Application/Page_JClient/div_Configure App' is clicked on

2018-12-08 19:57:12 - [TEST_STEP][PASSED] - setText(findTestObject("FSM1/Launch Application/Page_JClient/input_gwt-TextBox GKH2EKQBNHC"), findTestData("Pre Production/Environmental/UandP").getValue(3, 1)): Text 'test.inspector' is set on object 'Object Repository/FSM1/Launch Application/Page_JClient/input_gwt-TextBox GKH2EKQBNHC'

2018-12-08 19:57:13 - [MESSAGE][PASSED] - Text 'test.inspector' is set on object 'Object Repository/FSM1/Launch Application/Page_JClient/input_gwt-TextBox GKH2EKQBNHC'

2018-12-08 19:57:13 - [TEST_STEP][PASSED] - setText(findTestObject("FSM1/Launch Application/Page_JClient/input_gwt-PasswordTextBox GKH2"), findTestData("Pre Production/Environmental/UandP").getValue(4, 1)): Text 'Password1.' is set on object 'Object Repository/FSM1/Launch Application/Page_JClient/input_gwt-PasswordTextBox GKH2'

2018-12-08 19:57:13 - [MESSAGE][PASSED] - Text 'Password1.' is set on object 'Object Repository/FSM1/Launch Application/Page_JClient/input_gwt-PasswordTextBox GKH2'

2018-12-08 19:57:13 - [TEST_STEP][PASSED] - click(findTestObject("FSM1/Launch Application/Page_JClient/div_Sign In")): Object: 'Object Repository/FSM1/Launch Application/Page_JClient/div_Sign In' is clicked on

2018-12-08 19:57:13 - [MESSAGE][PASSED] - Object: 'Object Repository/FSM1/Launch Application/Page_JClient/div_Sign In' is clicked on

2018-12-08 19:57:13 - [TEST_STEP][PASSED] - delay(15): Delayed 15 second(s)

2018-12-08 19:57:28 - [MESSAGE][PASSED] - Delayed 15 second(s)]]></system-out>
         <system-err><![CDATA[]]></system-err>
      </testcase>
      <testcase name="Test Cases/Generic/Select Inspection" classname="Test Cases/Generic/Select Inspection" status="PASSED">
         <system-out><![CDATA[2018-12-08 19:57:28 - [TEST_CASE][PASSED] - Test Cases/Generic/Select Inspection: Test Cases/Generic/Select Inspection

2018-12-08 19:57:28 - [TEST_STEP][PASSED] - delay(30): Delayed 30 second(s)

2018-12-08 19:57:58 - [MESSAGE][PASSED] - Delayed 30 second(s)

2018-12-08 19:57:58 - [TEST_STEP][PASSED] - waitForElementClickable(findTestObject("JM_8918/Page_JM Control Centre/Page_JM Control Centre/Page_JClient/Refresh"), 250): Object 'Object Repository/JM_8918/Page_JM Control Centre/Page_JM Control Centre/Page_JClient/Refresh' is clickable

2018-12-08 19:57:59 - [MESSAGE][PASSED] - Object 'Object Repository/JM_8918/Page_JM Control Centre/Page_JM Control Centre/Page_JClient/Refresh' is clickable

2018-12-08 19:57:59 - [TEST_STEP][PASSED] - click(findTestObject("JM_8918/Page_JM Control Centre/Page_JM Control Centre/Page_JClient/Refresh")): Object: 'Object Repository/JM_8918/Page_JM Control Centre/Page_JM Control Centre/Page_JClient/Refresh' is clicked on

2018-12-08 19:57:59 - [MESSAGE][PASSED] - Object: 'Object Repository/JM_8918/Page_JM Control Centre/Page_JM Control Centre/Page_JClient/Refresh' is clicked on

2018-12-08 19:57:59 - [TEST_STEP][PASSED] - waitForElementClickable(findTestObject("JM_8918/Page_JM Control Centre/Page_JM Control Centre/Page_JClient/Refresh"), 250): Object 'Object Repository/JM_8918/Page_JM Control Centre/Page_JM Control Centre/Page_JClient/Refresh' is clickable

2018-12-08 19:57:59 - [MESSAGE][PASSED] - Object 'Object Repository/JM_8918/Page_JM Control Centre/Page_JM Control Centre/Page_JClient/Refresh' is clickable

2018-12-08 19:57:59 - [TEST_STEP][NOT_RUN] - delay(180): NOT_RUN: delay(180)

2018-12-08 19:57:59 - [MESSAGE][NOT_RUN] - NOT_RUN: delay(180)

2018-12-08 19:57:59 - [TEST_STEP][PASSED] - InspectionRef = modifyObjectProperty(findTestObject("FSM1/Select Inspection/Landing/Page_JClient/div_35098"), "text", "equals", temp, true, STOP_ON_FAILURE): Modify property of object successfully

2018-12-08 19:57:59 - [MESSAGE][PASSED] - Modify property of object successfully

2018-12-08 19:57:59 - [TEST_STEP][PASSED] - delay(20): Delayed 20 second(s)

2018-12-08 19:58:19 - [MESSAGE][PASSED] - Delayed 20 second(s)

2018-12-08 19:58:19 - [TEST_STEP][PASSED] - if (verifyElementPresent(InspectionRef, 30, OPTIONAL)): Object: 'Object Repository/FSM1/Select Inspection/Landing/Page_JClient/div_35098' is clicked on

2018-12-08 19:58:19 - [MESSAGE][PASSED] - Object 'Object Repository/FSM1/Select Inspection/Landing/Page_JClient/div_35098' is present

2018-12-08 19:58:19 - [TEST_STEP][PASSED] - delay(3): Delayed 3 second(s)

2018-12-08 19:58:22 - [MESSAGE][PASSED] - Delayed 3 second(s)

2018-12-08 19:58:22 - [TEST_STEP][PASSED] - click(InspectionRef): Object: 'Object Repository/FSM1/Select Inspection/Landing/Page_JClient/div_35098' is clicked on

2018-12-08 19:58:22 - [MESSAGE][PASSED] - Object: 'Object Repository/FSM1/Select Inspection/Landing/Page_JClient/div_35098' is clicked on

2018-12-08 19:58:22 - [TEST_STEP][PASSED] - click(findTestObject("FSM1/Select Inspection/Page_JClient/div_WITH OPERATIVE")): Object: 'Object Repository/FSM1/Select Inspection/Page_JClient/div_WITH OPERATIVE' is clicked on

2018-12-08 19:58:23 - [MESSAGE][PASSED] - Object: 'Object Repository/FSM1/Select Inspection/Page_JClient/div_WITH OPERATIVE' is clicked on

2018-12-08 19:58:23 - [TEST_STEP][PASSED] - delay(2): Delayed 2 second(s)

2018-12-08 19:58:25 - [MESSAGE][PASSED] - Delayed 2 second(s)

2018-12-08 19:58:25 - [TEST_STEP][PASSED] - click(findTestObject("FSM1/Select Inspection/Page_JClient/div_TRAVELLING")): Object: 'Object Repository/FSM1/Select Inspection/Page_JClient/div_TRAVELLING' is clicked on

2018-12-08 19:58:25 - [MESSAGE][PASSED] - Object: 'Object Repository/FSM1/Select Inspection/Page_JClient/div_TRAVELLING' is clicked on

2018-12-08 19:58:25 - [TEST_STEP][PASSED] - delay(2): Delayed 2 second(s)

2018-12-08 19:58:27 - [MESSAGE][PASSED] - Delayed 2 second(s)

2018-12-08 19:58:27 - [TEST_STEP][PASSED] - click(findTestObject("FSM1/Select Inspection/Page_JClient/div_TRAVELLING")): Object: 'Object Repository/FSM1/Select Inspection/Page_JClient/div_TRAVELLING' is clicked on

2018-12-08 19:58:27 - [MESSAGE][PASSED] - Object: 'Object Repository/FSM1/Select Inspection/Page_JClient/div_TRAVELLING' is clicked on

2018-12-08 19:58:27 - [TEST_STEP][PASSED] - delay(2): Delayed 2 second(s)

2018-12-08 19:58:29 - [MESSAGE][PASSED] - Delayed 2 second(s)

2018-12-08 19:58:29 - [TEST_STEP][PASSED] - click(findTestObject("FSM1/Select Inspection/Page_JClient/div_ARRIVED")): Object: 'Object Repository/FSM1/Select Inspection/Page_JClient/div_ARRIVED' is clicked on

2018-12-08 19:58:29 - [MESSAGE][PASSED] - Object: 'Object Repository/FSM1/Select Inspection/Page_JClient/div_ARRIVED' is clicked on

2018-12-08 19:58:29 - [TEST_STEP][PASSED] - delay(2): Delayed 2 second(s)

2018-12-08 19:58:31 - [MESSAGE][PASSED] - Delayed 2 second(s)

2018-12-08 19:58:31 - [TEST_STEP][PASSED] - click(findTestObject("FSM1/Select Inspection/Page_JClient/div_ARRIVED")): Object: 'Object Repository/FSM1/Select Inspection/Page_JClient/div_ARRIVED' is clicked on

2018-12-08 19:58:31 - [MESSAGE][PASSED] - Object: 'Object Repository/FSM1/Select Inspection/Page_JClient/div_ARRIVED' is clicked on

2018-12-08 19:58:31 - [TEST_STEP][PASSED] - delay(4): Delayed 4 second(s)

2018-12-08 19:58:35 - [MESSAGE][PASSED] - Delayed 4 second(s)

2018-12-08 19:58:35 - [TEST_STEP][PASSED] - click(findTestObject("FSM1/Select Inspection/Page_JClient/div_STARTED")): Object: 'Object Repository/FSM1/Select Inspection/Page_JClient/div_STARTED' is clicked on

2018-12-08 19:58:35 - [MESSAGE][PASSED] - Object: 'Object Repository/FSM1/Select Inspection/Page_JClient/div_STARTED' is clicked on

2018-12-08 19:58:35 - [TEST_STEP][PASSED] - delay(2): Delayed 2 second(s)

2018-12-08 19:58:37 - [MESSAGE][PASSED] - Delayed 2 second(s)]]></system-out>
         <system-err><![CDATA[]]></system-err>
      </testcase>
      <testcase name="Test Cases/ABP/ABPR34a/Complete ABP Inspection - Section A - 34a" classname="Test Cases/ABP/ABPR34a/Complete ABP Inspection - Section A - 34a" status="PASSED">
         <system-out><![CDATA[2018-12-08 19:58:37 - [TEST_CASE][PASSED] - Test Cases/ABP/ABPR34a/Complete ABP Inspection - Section A - 34a: Test Cases/ABP/ABPR34a/Complete ABP Inspection - Section A - 34a

2018-12-08 19:58:38 - [TEST_STEP][PASSED] - click(findTestObject("Object Repository/FSM1/Complete ABP Inspection/ABPR34a - Inspection B/ABPR34a - Section A/Page_JClient/div_Section A Summary of Inspe")): Object: 'Object Repository/FSM1/Complete ABP Inspection/ABPR34a - Inspection B/ABPR34a - Section A/Page_JClient/div_Section A Summary of Inspe' is clicked on

2018-12-08 19:58:38 - [MESSAGE][PASSED] - Object: 'Object Repository/FSM1/Complete ABP Inspection/ABPR34a - Inspection B/ABPR34a - Section A/Page_JClient/div_Section A Summary of Inspe' is clicked on

2018-12-08 19:58:38 - [TEST_STEP][PASSED] - delay(3): Delayed 3 second(s)

2018-12-08 19:58:41 - [MESSAGE][PASSED] - Delayed 3 second(s)

2018-12-08 19:58:41 - [TEST_STEP][PASSED] - click(findTestObject("Object Repository/FSM1/Complete ABP Inspection/ABPR34a - Inspection B/ABPR34a - Section A/Page_JClient/input_Yes_radio_group_1")): Object: 'Object Repository/FSM1/Complete ABP Inspection/ABPR34a - Inspection B/ABPR34a - Section A/Page_JClient/input_Yes_radio_group_1' is clicked on

2018-12-08 19:58:41 - [MESSAGE][PASSED] - Object: 'Object Repository/FSM1/Complete ABP Inspection/ABPR34a - Inspection B/ABPR34a - Section A/Page_JClient/input_Yes_radio_group_1' is clicked on

2018-12-08 19:58:41 - [TEST_STEP][PASSED] - click(findTestObject("Object Repository/FSM1/Complete ABP Inspection/ABPR34a - Inspection B/ABPR34a - Section A/Page_JClient/input_Yes_radio_group_2")): Object: 'Object Repository/FSM1/Complete ABP Inspection/ABPR34a - Inspection B/ABPR34a - Section A/Page_JClient/input_Yes_radio_group_2' is clicked on

2018-12-08 19:58:41 - [MESSAGE][PASSED] - Object: 'Object Repository/FSM1/Complete ABP Inspection/ABPR34a - Inspection B/ABPR34a - Section A/Page_JClient/input_Yes_radio_group_2' is clicked on

2018-12-08 19:58:41 - [TEST_STEP][PASSED] - click(findTestObject("Object Repository/FSM1/Complete ABP Inspection/ABPR34a - Inspection B/ABPR34a - Section A/Page_JClient/input_Yes_radio_group_3")): Object: 'Object Repository/FSM1/Complete ABP Inspection/ABPR34a - Inspection B/ABPR34a - Section A/Page_JClient/input_Yes_radio_group_3' is clicked on

2018-12-08 19:58:41 - [MESSAGE][PASSED] - Object: 'Object Repository/FSM1/Complete ABP Inspection/ABPR34a - Inspection B/ABPR34a - Section A/Page_JClient/input_Yes_radio_group_3' is clicked on

2018-12-08 19:58:41 - [TEST_STEP][PASSED] - click(findTestObject("Object Repository/FSM1/Complete ABP Inspection/ABPR34a - Inspection B/ABPR34a - Section A/Page_JClient/input_Yes_radio_group_4")): Object: 'Object Repository/FSM1/Complete ABP Inspection/ABPR34a - Inspection B/ABPR34a - Section A/Page_JClient/input_Yes_radio_group_4' is clicked on

2018-12-08 19:58:42 - [MESSAGE][PASSED] - Object: 'Object Repository/FSM1/Complete ABP Inspection/ABPR34a - Inspection B/ABPR34a - Section A/Page_JClient/input_Yes_radio_group_4' is clicked on

2018-12-08 19:58:42 - [TEST_STEP][PASSED] - click(findTestObject("Object Repository/FSM1/Complete ABP Inspection/ABPR34a - Inspection B/ABPR34a - Section A/Page_JClient/input_Yes_radio_group_5")): Object: 'Object Repository/FSM1/Complete ABP Inspection/ABPR34a - Inspection B/ABPR34a - Section A/Page_JClient/input_Yes_radio_group_5' is clicked on

2018-12-08 19:58:42 - [MESSAGE][PASSED] - Object: 'Object Repository/FSM1/Complete ABP Inspection/ABPR34a - Inspection B/ABPR34a - Section A/Page_JClient/input_Yes_radio_group_5' is clicked on

2018-12-08 19:58:42 - [TEST_STEP][PASSED] - selectOptionByValue(findTestObject("FSM1/Complete ABP Inspection/ABPR34a - Inspection B/ABPR34a - Section A/Page_JClient/Page_JClient/Operation"), "S", true): All options with value 'S' are selected in object 'Object Repository/FSM1/Complete ABP Inspection/ABPR34a - Inspection B/ABPR34a - Section A/Page_JClient/Page_JClient/Operation'  using regular expression

2018-12-08 19:58:42 - [MESSAGE][PASSED] - All options with value 'S' are selected in object 'Object Repository/FSM1/Complete ABP Inspection/ABPR34a - Inspection B/ABPR34a - Section A/Page_JClient/Page_JClient/Operation'  using regular expression

2018-12-08 19:58:42 - [TEST_STEP][PASSED] - selectOptionByValue(findTestObject("FSM1/Complete ABP Inspection/ABPR34a - Inspection B/ABPR34a - Section A/Page_JClient/Page_JClient/Records"), "S", true): All options with value 'S' are selected in object 'Object Repository/FSM1/Complete ABP Inspection/ABPR34a - Inspection B/ABPR34a - Section A/Page_JClient/Page_JClient/Records'  using regular expression

2018-12-08 19:58:42 - [MESSAGE][PASSED] - All options with value 'S' are selected in object 'Object Repository/FSM1/Complete ABP Inspection/ABPR34a - Inspection B/ABPR34a - Section A/Page_JClient/Page_JClient/Records'  using regular expression

2018-12-08 19:58:42 - [TEST_STEP][PASSED] - selectOptionByValue(findTestObject("FSM1/Complete ABP Inspection/ABPR34a - Inspection B/ABPR34a - Section A/Page_JClient/Page_JClient/Structure"), "S", true): All options with value 'S' are selected in object 'Object Repository/FSM1/Complete ABP Inspection/ABPR34a - Inspection B/ABPR34a - Section A/Page_JClient/Page_JClient/Structure'  using regular expression

2018-12-08 19:58:43 - [MESSAGE][PASSED] - All options with value 'S' are selected in object 'Object Repository/FSM1/Complete ABP Inspection/ABPR34a - Inspection B/ABPR34a - Section A/Page_JClient/Page_JClient/Structure'  using regular expression

2018-12-08 19:58:43 - [TEST_STEP][PASSED] - selectOptionByValue(findTestObject("FSM1/Complete ABP Inspection/ABPR34a - Inspection B/ABPR34a - Section A/Page_JClient/Page_JClient/SRM"), "S", true): All options with value 'S' are selected in object 'Object Repository/FSM1/Complete ABP Inspection/ABPR34a - Inspection B/ABPR34a - Section A/Page_JClient/Page_JClient/SRM'  using regular expression

2018-12-08 19:58:43 - [MESSAGE][PASSED] - All options with value 'S' are selected in object 'Object Repository/FSM1/Complete ABP Inspection/ABPR34a - Inspection B/ABPR34a - Section A/Page_JClient/Page_JClient/SRM'  using regular expression

2018-12-08 19:58:43 - [TEST_STEP][PASSED] - click(findTestObject("Object Repository/FSM1/Complete ABP Inspection/ABPR34a - Inspection B/ABPR34a - Section A/Page_JClient/input_Yes_radio_group_14")): Object: 'Object Repository/FSM1/Complete ABP Inspection/ABPR34a - Inspection B/ABPR34a - Section A/Page_JClient/input_Yes_radio_group_14' is clicked on

2018-12-08 19:58:43 - [MESSAGE][PASSED] - Object: 'Object Repository/FSM1/Complete ABP Inspection/ABPR34a - Inspection B/ABPR34a - Section A/Page_JClient/input_Yes_radio_group_14' is clicked on

2018-12-08 19:58:43 - [TEST_STEP][PASSED] - click(findTestObject("Object Repository/FSM1/Complete ABP Inspection/ABPR34a - Inspection B/ABPR34a - Section A/Page_JClient/input_Yes_radio_group_15")): Object: 'Object Repository/FSM1/Complete ABP Inspection/ABPR34a - Inspection B/ABPR34a - Section A/Page_JClient/input_Yes_radio_group_15' is clicked on

2018-12-08 19:58:43 - [MESSAGE][PASSED] - Object: 'Object Repository/FSM1/Complete ABP Inspection/ABPR34a - Inspection B/ABPR34a - Section A/Page_JClient/input_Yes_radio_group_15' is clicked on

2018-12-08 19:58:43 - [TEST_STEP][PASSED] - selectOptionByValue(findTestObject("Object Repository/FSM1/Complete ABP Inspection/ABPR34a - Inspection B/ABPR34a - Section A/Page_JClient/select_(a) Continue with curre"), "Continue with current approval", true): All options with value 'Continue with current approval' are selected in object 'Object Repository/FSM1/Complete ABP Inspection/ABPR34a - Inspection B/ABPR34a - Section A/Page_JClient/select_(a) Continue with curre'  using regular expression

2018-12-08 19:58:43 - [MESSAGE][PASSED] - All options with value 'Continue with current approval' are selected in object 'Object Repository/FSM1/Complete ABP Inspection/ABPR34a - Inspection B/ABPR34a - Section A/Page_JClient/select_(a) Continue with curre'  using regular expression

2018-12-08 19:58:43 - [TEST_STEP][PASSED] - click(findTestObject("Object Repository/FSM1/Complete ABP Inspection/ABPR34a - Inspection B/ABPR34a - Section A/Page_JClient/input_Yes_radio_group_16")): Object: 'Object Repository/FSM1/Complete ABP Inspection/ABPR34a - Inspection B/ABPR34a - Section A/Page_JClient/input_Yes_radio_group_16' is clicked on

2018-12-08 19:58:43 - [MESSAGE][PASSED] - Object: 'Object Repository/FSM1/Complete ABP Inspection/ABPR34a - Inspection B/ABPR34a - Section A/Page_JClient/input_Yes_radio_group_16' is clicked on

2018-12-08 19:58:43 - [TEST_STEP][PASSED] - click(findTestObject("Object Repository/FSM1/Complete ABP Inspection/ABPR34a - Inspection B/ABPR34a - Section A/Page_JClient/input_Yes_radio_group_17")): Object: 'Object Repository/FSM1/Complete ABP Inspection/ABPR34a - Inspection B/ABPR34a - Section A/Page_JClient/input_Yes_radio_group_17' is clicked on

2018-12-08 19:58:44 - [MESSAGE][PASSED] - Object: 'Object Repository/FSM1/Complete ABP Inspection/ABPR34a - Inspection B/ABPR34a - Section A/Page_JClient/input_Yes_radio_group_17' is clicked on

2018-12-08 19:58:44 - [TEST_STEP][PASSED] - click(findTestObject("Object Repository/FSM1/Complete ABP Inspection/ABPR34a - Inspection B/ABPR34a - Section A/Page_JClient/input_Yes_radio_group_18")): Object: 'Object Repository/FSM1/Complete ABP Inspection/ABPR34a - Inspection B/ABPR34a - Section A/Page_JClient/input_Yes_radio_group_18' is clicked on

2018-12-08 19:58:44 - [MESSAGE][PASSED] - Object: 'Object Repository/FSM1/Complete ABP Inspection/ABPR34a - Inspection B/ABPR34a - Section A/Page_JClient/input_Yes_radio_group_18' is clicked on

2018-12-08 19:58:44 - [TEST_STEP][PASSED] - setText(findTestObject("Object Repository/FSM1/Complete ABP Inspection/ABPR34a - Inspection B/ABPR34a - Section A/Page_JClient/input_Chargeable time (minutes"), "10"): Text '10' is set on object 'Object Repository/FSM1/Complete ABP Inspection/ABPR34a - Inspection B/ABPR34a - Section A/Page_JClient/input_Chargeable time (minutes'

2018-12-08 19:58:44 - [MESSAGE][PASSED] - Text '10' is set on object 'Object Repository/FSM1/Complete ABP Inspection/ABPR34a - Inspection B/ABPR34a - Section A/Page_JClient/input_Chargeable time (minutes'

2018-12-08 19:58:44 - [TEST_STEP][PASSED] - click(findTestObject("Object Repository/FSM1/Complete ABP Inspection/ABPR34a - Inspection B/ABPR34a - Section A/Page_JClient/div_Save")): Object: 'Object Repository/FSM1/Complete ABP Inspection/ABPR34a - Inspection B/ABPR34a - Section A/Page_JClient/div_Save' is clicked on

2018-12-08 19:58:44 - [MESSAGE][PASSED] - Object: 'Object Repository/FSM1/Complete ABP Inspection/ABPR34a - Inspection B/ABPR34a - Section A/Page_JClient/div_Save' is clicked on]]></system-out>
         <system-err><![CDATA[]]></system-err>
      </testcase>
      <testcase name="Test Cases/ABP/ABPR34a/Complete ABP Inspection - Section B - 34a" classname="Test Cases/ABP/ABPR34a/Complete ABP Inspection - Section B - 34a" status="PASSED">
         <system-out><![CDATA[2018-12-08 19:58:44 - [TEST_CASE][PASSED] - Test Cases/ABP/ABPR34a/Complete ABP Inspection - Section B - 34a: Test Cases/ABP/ABPR34a/Complete ABP Inspection - Section B - 34a

2018-12-08 19:58:44 - [TEST_STEP][PASSED] - click(findTestObject("Object Repository/FSM1/Complete ABP Inspection/ABPR34a - Inspection B/Page_JClient/div_Section B Inspection Detai")): Object: 'Object Repository/FSM1/Complete ABP Inspection/ABPR34a - Inspection B/Page_JClient/div_Section B Inspection Detai' is clicked on

2018-12-08 19:58:45 - [MESSAGE][PASSED] - Object: 'Object Repository/FSM1/Complete ABP Inspection/ABPR34a - Inspection B/Page_JClient/div_Section B Inspection Detai' is clicked on

2018-12-08 19:58:45 - [TEST_STEP][PASSED] - delay(3): Delayed 3 second(s)

2018-12-08 19:58:48 - [MESSAGE][PASSED] - Delayed 3 second(s)

2018-12-08 19:58:48 - [TEST_STEP][PASSED] - selectOptionByValue(findTestObject("Object Repository/FSM1/Complete ABP Inspection/ABPR34a - Inspection B/Page_JClient/select_All Category 3 by-produ"), "Category 3 by-products", true): All options with value 'Category 3 by-products' are selected in object 'Object Repository/FSM1/Complete ABP Inspection/ABPR34a - Inspection B/Page_JClient/select_All Category 3 by-produ'  using regular expression

2018-12-08 19:58:48 - [MESSAGE][PASSED] - All options with value 'Category 3 by-products' are selected in object 'Object Repository/FSM1/Complete ABP Inspection/ABPR34a - Inspection B/Page_JClient/select_All Category 3 by-produ'  using regular expression

2018-12-08 19:58:48 - [TEST_STEP][PASSED] - click(findTestObject("Object Repository/FSM1/Complete ABP Inspection/ABPR34a - Inspection B/Page_JClient/input_Structure_radio_group_19")): Object: 'Object Repository/FSM1/Complete ABP Inspection/ABPR34a - Inspection B/Page_JClient/input_Structure_radio_group_19' is clicked on

2018-12-08 19:58:48 - [MESSAGE][PASSED] - Object: 'Object Repository/FSM1/Complete ABP Inspection/ABPR34a - Inspection B/Page_JClient/input_Structure_radio_group_19' is clicked on

2018-12-08 19:58:48 - [TEST_STEP][PASSED] - click(findTestObject("Object Repository/FSM1/Complete ABP Inspection/ABPR34a - Inspection B/Page_JClient/input_Not Checked_radio_group_")): Object: 'Object Repository/FSM1/Complete ABP Inspection/ABPR34a - Inspection B/Page_JClient/input_Not Checked_radio_group_' is clicked on

2018-12-08 19:58:48 - [MESSAGE][PASSED] - Object: 'Object Repository/FSM1/Complete ABP Inspection/ABPR34a - Inspection B/Page_JClient/input_Not Checked_radio_group_' is clicked on

2018-12-08 19:58:48 - [TEST_STEP][PASSED] - click(findTestObject("Object Repository/FSM1/Complete ABP Inspection/ABPR34a - Inspection B/Page_JClient/input_Not Checked_radio_group__1")): Object: 'Object Repository/FSM1/Complete ABP Inspection/ABPR34a - Inspection B/Page_JClient/input_Not Checked_radio_group__1' is clicked on

2018-12-08 19:58:48 - [MESSAGE][PASSED] - Object: 'Object Repository/FSM1/Complete ABP Inspection/ABPR34a - Inspection B/Page_JClient/input_Not Checked_radio_group__1' is clicked on

2018-12-08 19:58:48 - [TEST_STEP][PASSED] - click(findTestObject("Object Repository/FSM1/Complete ABP Inspection/ABPR34a - Inspection B/Page_JClient/input_Operations_radio_group_2")): Object: 'Object Repository/FSM1/Complete ABP Inspection/ABPR34a - Inspection B/Page_JClient/input_Operations_radio_group_2' is clicked on

2018-12-08 19:58:48 - [MESSAGE][PASSED] - Object: 'Object Repository/FSM1/Complete ABP Inspection/ABPR34a - Inspection B/Page_JClient/input_Operations_radio_group_2' is clicked on

2018-12-08 19:58:48 - [TEST_STEP][PASSED] - click(findTestObject("Object Repository/FSM1/Complete ABP Inspection/ABPR34a - Inspection B/Page_JClient/input_Not Checked_radio_group__2")): Object: 'Object Repository/FSM1/Complete ABP Inspection/ABPR34a - Inspection B/Page_JClient/input_Not Checked_radio_group__2' is clicked on

2018-12-08 19:58:48 - [MESSAGE][PASSED] - Object: 'Object Repository/FSM1/Complete ABP Inspection/ABPR34a - Inspection B/Page_JClient/input_Not Checked_radio_group__2' is clicked on

2018-12-08 19:58:48 - [TEST_STEP][PASSED] - click(findTestObject("Object Repository/FSM1/Complete ABP Inspection/ABPR34a - Inspection B/Page_JClient/input_Not Checked_radio_group__3")): Object: 'Object Repository/FSM1/Complete ABP Inspection/ABPR34a - Inspection B/Page_JClient/input_Not Checked_radio_group__3' is clicked on

2018-12-08 19:58:49 - [MESSAGE][PASSED] - Object: 'Object Repository/FSM1/Complete ABP Inspection/ABPR34a - Inspection B/Page_JClient/input_Not Checked_radio_group__3' is clicked on

2018-12-08 19:58:49 - [TEST_STEP][PASSED] - click(findTestObject("Object Repository/FSM1/Complete ABP Inspection/ABPR34a - Inspection B/Page_JClient/input_Not Checked_radio_group__4")): Object: 'Object Repository/FSM1/Complete ABP Inspection/ABPR34a - Inspection B/Page_JClient/input_Not Checked_radio_group__4' is clicked on

2018-12-08 19:58:49 - [MESSAGE][PASSED] - Object: 'Object Repository/FSM1/Complete ABP Inspection/ABPR34a - Inspection B/Page_JClient/input_Not Checked_radio_group__4' is clicked on

2018-12-08 19:58:49 - [TEST_STEP][PASSED] - click(findTestObject("Object Repository/FSM1/Complete ABP Inspection/ABPR34a - Inspection B/Page_JClient/input_Not Checked_radio_group__5")): Object: 'Object Repository/FSM1/Complete ABP Inspection/ABPR34a - Inspection B/Page_JClient/input_Not Checked_radio_group__5' is clicked on

2018-12-08 19:58:49 - [MESSAGE][PASSED] - Object: 'Object Repository/FSM1/Complete ABP Inspection/ABPR34a - Inspection B/Page_JClient/input_Not Checked_radio_group__5' is clicked on

2018-12-08 19:58:49 - [TEST_STEP][PASSED] - click(findTestObject("Object Repository/FSM1/Complete ABP Inspection/ABPR34a - Inspection B/Page_JClient/input_Not Checked_radio_group__6")): Object: 'Object Repository/FSM1/Complete ABP Inspection/ABPR34a - Inspection B/Page_JClient/input_Not Checked_radio_group__6' is clicked on

2018-12-08 19:58:49 - [MESSAGE][PASSED] - Object: 'Object Repository/FSM1/Complete ABP Inspection/ABPR34a - Inspection B/Page_JClient/input_Not Checked_radio_group__6' is clicked on

2018-12-08 19:58:49 - [TEST_STEP][PASSED] - click(findTestObject("Object Repository/FSM1/Complete ABP Inspection/ABPR34a - Inspection B/Page_JClient/input_(b) Personnel movements")): Object: 'Object Repository/FSM1/Complete ABP Inspection/ABPR34a - Inspection B/Page_JClient/input_(b) Personnel movements' is clicked on

2018-12-08 19:58:49 - [MESSAGE][PASSED] - Object: 'Object Repository/FSM1/Complete ABP Inspection/ABPR34a - Inspection B/Page_JClient/input_(b) Personnel movements' is clicked on

2018-12-08 19:58:49 - [TEST_STEP][PASSED] - click(findTestObject("Object Repository/FSM1/Complete ABP Inspection/ABPR34a - Inspection B/Page_JClient/input_(c) Equipment usage_radi")): Object: 'Object Repository/FSM1/Complete ABP Inspection/ABPR34a - Inspection B/Page_JClient/input_(c) Equipment usage_radi' is clicked on

2018-12-08 19:58:49 - [MESSAGE][PASSED] - Object: 'Object Repository/FSM1/Complete ABP Inspection/ABPR34a - Inspection B/Page_JClient/input_(c) Equipment usage_radi' is clicked on

2018-12-08 19:58:49 - [TEST_STEP][PASSED] - click(findTestObject("Object Repository/FSM1/Complete ABP Inspection/ABPR34a - Inspection B/Page_JClient/input_(d) Availability of a do")): Object: 'Object Repository/FSM1/Complete ABP Inspection/ABPR34a - Inspection B/Page_JClient/input_(d) Availability of a do' is clicked on

2018-12-08 19:58:49 - [MESSAGE][PASSED] - Object: 'Object Repository/FSM1/Complete ABP Inspection/ABPR34a - Inspection B/Page_JClient/input_(d) Availability of a do' is clicked on

2018-12-08 19:58:49 - [TEST_STEP][PASSED] - click(findTestObject("Object Repository/FSM1/Complete ABP Inspection/ABPR34a - Inspection B/Page_JClient/input_(e) Plant cleanliness_ra")): Object: 'Object Repository/FSM1/Complete ABP Inspection/ABPR34a - Inspection B/Page_JClient/input_(e) Plant cleanliness_ra' is clicked on

2018-12-08 19:58:49 - [MESSAGE][PASSED] - Object: 'Object Repository/FSM1/Complete ABP Inspection/ABPR34a - Inspection B/Page_JClient/input_(e) Plant cleanliness_ra' is clicked on

2018-12-08 19:58:49 - [TEST_STEP][PASSED] - click(findTestObject("Object Repository/FSM1/Complete ABP Inspection/ABPR34a - Inspection B/Page_JClient/input_(f) Cleandown of exposed")): Object: 'Object Repository/FSM1/Complete ABP Inspection/ABPR34a - Inspection B/Page_JClient/input_(f) Cleandown of exposed' is clicked on

2018-12-08 19:58:49 - [MESSAGE][PASSED] - Object: 'Object Repository/FSM1/Complete ABP Inspection/ABPR34a - Inspection B/Page_JClient/input_(f) Cleandown of exposed' is clicked on

2018-12-08 19:58:49 - [TEST_STEP][PASSED] - click(findTestObject("Object Repository/FSM1/Complete ABP Inspection/ABPR34a - Inspection B/Page_JClient/input_(g) Pest control_radio_g")): Object: 'Object Repository/FSM1/Complete ABP Inspection/ABPR34a - Inspection B/Page_JClient/input_(g) Pest control_radio_g' is clicked on

2018-12-08 19:58:50 - [MESSAGE][PASSED] - Object: 'Object Repository/FSM1/Complete ABP Inspection/ABPR34a - Inspection B/Page_JClient/input_(g) Pest control_radio_g' is clicked on

2018-12-08 19:58:50 - [TEST_STEP][PASSED] - click(findTestObject("Object Repository/FSM1/Complete ABP Inspection/ABPR34a - Inspection B/Page_JClient/input_(h) Security of pasteuri")): Object: 'Object Repository/FSM1/Complete ABP Inspection/ABPR34a - Inspection B/Page_JClient/input_(h) Security of pasteuri' is clicked on

2018-12-08 19:58:50 - [MESSAGE][PASSED] - Object: 'Object Repository/FSM1/Complete ABP Inspection/ABPR34a - Inspection B/Page_JClient/input_(h) Security of pasteuri' is clicked on

2018-12-08 19:58:50 - [TEST_STEP][PASSED] - click(findTestObject("Object Repository/FSM1/Complete ABP Inspection/ABPR34a - Inspection B/Page_JClient/input_Not Checked_radio_group__7")): Object: 'Object Repository/FSM1/Complete ABP Inspection/ABPR34a - Inspection B/Page_JClient/input_Not Checked_radio_group__7' is clicked on

2018-12-08 19:58:50 - [MESSAGE][PASSED] - Object: 'Object Repository/FSM1/Complete ABP Inspection/ABPR34a - Inspection B/Page_JClient/input_Not Checked_radio_group__7' is clicked on

2018-12-08 19:58:50 - [TEST_STEP][PASSED] - click(findTestObject("Object Repository/FSM1/Complete ABP Inspection/ABPR34a - Inspection B/Page_JClient/input_(b) to mains drains in l")): Object: 'Object Repository/FSM1/Complete ABP Inspection/ABPR34a - Inspection B/Page_JClient/input_(b) to mains drains in l' is clicked on

2018-12-08 19:58:50 - [MESSAGE][PASSED] - Object: 'Object Repository/FSM1/Complete ABP Inspection/ABPR34a - Inspection B/Page_JClient/input_(b) to mains drains in l' is clicked on

2018-12-08 19:58:50 - [TEST_STEP][PASSED] - click(findTestObject("Object Repository/FSM1/Complete ABP Inspection/ABPR34a - Inspection B/Page_JClient/input_(c) to land or soakaway")): Object: 'Object Repository/FSM1/Complete ABP Inspection/ABPR34a - Inspection B/Page_JClient/input_(c) to land or soakaway' is clicked on

2018-12-08 19:58:50 - [MESSAGE][PASSED] - Object: 'Object Repository/FSM1/Complete ABP Inspection/ABPR34a - Inspection B/Page_JClient/input_(c) to land or soakaway' is clicked on

2018-12-08 19:58:50 - [TEST_STEP][PASSED] - click(findTestObject("Object Repository/FSM1/Complete ABP Inspection/ABPR34a - Inspection B/Page_JClient/input_(d) absorbed and process")): Object: 'Object Repository/FSM1/Complete ABP Inspection/ABPR34a - Inspection B/Page_JClient/input_(d) absorbed and process' is clicked on

2018-12-08 19:58:50 - [MESSAGE][PASSED] - Object: 'Object Repository/FSM1/Complete ABP Inspection/ABPR34a - Inspection B/Page_JClient/input_(d) absorbed and process' is clicked on

2018-12-08 19:58:50 - [TEST_STEP][PASSED] - click(findTestObject("Object Repository/FSM1/Complete ABP Inspection/ABPR34a - Inspection B/Page_JClient/input_Not Checked_radio_group__8")): Object: 'Object Repository/FSM1/Complete ABP Inspection/ABPR34a - Inspection B/Page_JClient/input_Not Checked_radio_group__8' is clicked on

2018-12-08 19:58:50 - [MESSAGE][PASSED] - Object: 'Object Repository/FSM1/Complete ABP Inspection/ABPR34a - Inspection B/Page_JClient/input_Not Checked_radio_group__8' is clicked on

2018-12-08 19:58:50 - [TEST_STEP][PASSED] - click(findTestObject("Object Repository/FSM1/Complete ABP Inspection/ABPR34a - Inspection B/Page_JClient/input_Not Checked_radio_group__9")): Object: 'Object Repository/FSM1/Complete ABP Inspection/ABPR34a - Inspection B/Page_JClient/input_Not Checked_radio_group__9' is clicked on

2018-12-08 19:58:50 - [MESSAGE][PASSED] - Object: 'Object Repository/FSM1/Complete ABP Inspection/ABPR34a - Inspection B/Page_JClient/input_Not Checked_radio_group__9' is clicked on

2018-12-08 19:58:50 - [TEST_STEP][PASSED] - click(findTestObject("Object Repository/FSM1/Complete ABP Inspection/ABPR34a - Inspection B/Page_JClient/input_Not Checked_radio_group__10")): Object: 'Object Repository/FSM1/Complete ABP Inspection/ABPR34a - Inspection B/Page_JClient/input_Not Checked_radio_group__10' is clicked on

2018-12-08 19:58:50 - [MESSAGE][PASSED] - Object: 'Object Repository/FSM1/Complete ABP Inspection/ABPR34a - Inspection B/Page_JClient/input_Not Checked_radio_group__10' is clicked on

2018-12-08 19:58:50 - [TEST_STEP][PASSED] - click(findTestObject("Object Repository/FSM1/Complete ABP Inspection/ABPR34a - Inspection B/Page_JClient/input_Not Checked_radio_group__11")): Object: 'Object Repository/FSM1/Complete ABP Inspection/ABPR34a - Inspection B/Page_JClient/input_Not Checked_radio_group__11' is clicked on

2018-12-08 19:58:51 - [MESSAGE][PASSED] - Object: 'Object Repository/FSM1/Complete ABP Inspection/ABPR34a - Inspection B/Page_JClient/input_Not Checked_radio_group__11' is clicked on

2018-12-08 19:58:51 - [TEST_STEP][PASSED] - click(findTestObject("Object Repository/FSM1/Complete ABP Inspection/ABPR34a - Inspection B/Page_JClient/input_Records_radio_group_43")): Object: 'Object Repository/FSM1/Complete ABP Inspection/ABPR34a - Inspection B/Page_JClient/input_Records_radio_group_43' is clicked on

2018-12-08 19:58:51 - [MESSAGE][PASSED] - Object: 'Object Repository/FSM1/Complete ABP Inspection/ABPR34a - Inspection B/Page_JClient/input_Records_radio_group_43' is clicked on

2018-12-08 19:58:51 - [TEST_STEP][PASSED] - click(findTestObject("Object Repository/FSM1/Complete ABP Inspection/ABPR34a - Inspection B/Page_JClient/input_If records have not been")): Object: 'Object Repository/FSM1/Complete ABP Inspection/ABPR34a - Inspection B/Page_JClient/input_If records have not been' is clicked on

2018-12-08 19:58:51 - [MESSAGE][PASSED] - Object: 'Object Repository/FSM1/Complete ABP Inspection/ABPR34a - Inspection B/Page_JClient/input_If records have not been' is clicked on

2018-12-08 19:58:51 - [TEST_STEP][PASSED] - click(findTestObject("Object Repository/FSM1/Complete ABP Inspection/ABPR34a - Inspection B/Page_JClient/input_Not Checked_radio_group__12")): Object: 'Object Repository/FSM1/Complete ABP Inspection/ABPR34a - Inspection B/Page_JClient/input_Not Checked_radio_group__12' is clicked on

2018-12-08 19:58:51 - [MESSAGE][PASSED] - Object: 'Object Repository/FSM1/Complete ABP Inspection/ABPR34a - Inspection B/Page_JClient/input_Not Checked_radio_group__12' is clicked on

2018-12-08 19:58:51 - [TEST_STEP][PASSED] - click(findTestObject("Object Repository/FSM1/Complete ABP Inspection/ABPR34a - Inspection B/Page_JClient/input_Not Checked_radio_group__13")): Object: 'Object Repository/FSM1/Complete ABP Inspection/ABPR34a - Inspection B/Page_JClient/input_Not Checked_radio_group__13' is clicked on

2018-12-08 19:58:51 - [MESSAGE][PASSED] - Object: 'Object Repository/FSM1/Complete ABP Inspection/ABPR34a - Inspection B/Page_JClient/input_Not Checked_radio_group__13' is clicked on

2018-12-08 19:58:51 - [TEST_STEP][PASSED] - click(findTestObject("Object Repository/FSM1/Complete ABP Inspection/ABPR34a - Inspection B/Page_JClient/input_What is the date of this")): Object: 'Object Repository/FSM1/Complete ABP Inspection/ABPR34a - Inspection B/Page_JClient/input_What is the date of this' is clicked on

2018-12-08 19:58:51 - [MESSAGE][PASSED] - Object: 'Object Repository/FSM1/Complete ABP Inspection/ABPR34a - Inspection B/Page_JClient/input_What is the date of this' is clicked on

2018-12-08 19:58:51 - [TEST_STEP][PASSED] - click(findTestObject("Object Repository/FSM1/Complete ABP Inspection/ABPR34a - Inspection B/Page_JClient/input_Not Checked_radio_group__14")): Object: 'Object Repository/FSM1/Complete ABP Inspection/ABPR34a - Inspection B/Page_JClient/input_Not Checked_radio_group__14' is clicked on

2018-12-08 19:58:51 - [MESSAGE][PASSED] - Object: 'Object Repository/FSM1/Complete ABP Inspection/ABPR34a - Inspection B/Page_JClient/input_Not Checked_radio_group__14' is clicked on

2018-12-08 19:58:51 - [TEST_STEP][PASSED] - click(findTestObject("Object Repository/FSM1/Complete ABP Inspection/ABPR34a - Inspection B/Page_JClient/input_Not Checked_radio_group__15")): Object: 'Object Repository/FSM1/Complete ABP Inspection/ABPR34a - Inspection B/Page_JClient/input_Not Checked_radio_group__15' is clicked on

2018-12-08 19:58:51 - [MESSAGE][PASSED] - Object: 'Object Repository/FSM1/Complete ABP Inspection/ABPR34a - Inspection B/Page_JClient/input_Not Checked_radio_group__15' is clicked on

2018-12-08 19:58:51 - [TEST_STEP][PASSED] - click(findTestObject("Object Repository/FSM1/Complete ABP Inspection/ABPR34a - Inspection B/Page_JClient/input_(c) In your opinion does")): Object: 'Object Repository/FSM1/Complete ABP Inspection/ABPR34a - Inspection B/Page_JClient/input_(c) In your opinion does' is clicked on

2018-12-08 19:58:51 - [MESSAGE][PASSED] - Object: 'Object Repository/FSM1/Complete ABP Inspection/ABPR34a - Inspection B/Page_JClient/input_(c) In your opinion does' is clicked on

2018-12-08 19:58:51 - [TEST_STEP][PASSED] - click(findTestObject("Object Repository/FSM1/Complete ABP Inspection/ABPR34a - Inspection B/Page_JClient/input_(a) Back trace (complete")): Object: 'Object Repository/FSM1/Complete ABP Inspection/ABPR34a - Inspection B/Page_JClient/input_(a) Back trace (complete' is clicked on

2018-12-08 19:58:51 - [MESSAGE][PASSED] - Object: 'Object Repository/FSM1/Complete ABP Inspection/ABPR34a - Inspection B/Page_JClient/input_(a) Back trace (complete' is clicked on

2018-12-08 19:58:51 - [TEST_STEP][PASSED] - click(findTestObject("Object Repository/FSM1/Complete ABP Inspection/ABPR34a - Inspection B/Page_JClient/input_Yes_radio_group_52")): Object: 'Object Repository/FSM1/Complete ABP Inspection/ABPR34a - Inspection B/Page_JClient/input_Yes_radio_group_52' is clicked on

2018-12-08 19:58:51 - [MESSAGE][PASSED] - Object: 'Object Repository/FSM1/Complete ABP Inspection/ABPR34a - Inspection B/Page_JClient/input_Yes_radio_group_52' is clicked on

2018-12-08 19:58:51 - [TEST_STEP][PASSED] - click(findTestObject("Object Repository/FSM1/Complete ABP Inspection/ABPR34a - Inspection B/Page_JClient/input_(b) Forward trace (compl")): Object: 'Object Repository/FSM1/Complete ABP Inspection/ABPR34a - Inspection B/Page_JClient/input_(b) Forward trace (compl' is clicked on

2018-12-08 19:58:52 - [MESSAGE][PASSED] - Object: 'Object Repository/FSM1/Complete ABP Inspection/ABPR34a - Inspection B/Page_JClient/input_(b) Forward trace (compl' is clicked on

2018-12-08 19:58:52 - [TEST_STEP][PASSED] - click(findTestObject("Object Repository/FSM1/Complete ABP Inspection/ABPR34a - Inspection B/Page_JClient/input_Yes_radio_group_54")): Object: 'Object Repository/FSM1/Complete ABP Inspection/ABPR34a - Inspection B/Page_JClient/input_Yes_radio_group_54' is clicked on

2018-12-08 19:58:52 - [MESSAGE][PASSED] - Object: 'Object Repository/FSM1/Complete ABP Inspection/ABPR34a - Inspection B/Page_JClient/input_Yes_radio_group_54' is clicked on

2018-12-08 19:58:52 - [TEST_STEP][PASSED] - mydate = new java.util.Date(): null

2018-12-08 19:58:52 - [TEST_STEP][PASSED] - formattedDate = mydate.format("MM/dd/yyyy"): null

2018-12-08 19:58:52 - [TEST_STEP][PASSED] - sendKeys(findTestObject("FSM1/Complete ABP Inspection/ABPR34a - Inspection B/Page_JClient/Page_JClient/input_What is the date of this"), formattedDate): Keys '12/08/2018' sent to object: 'Object Repository/FSM1/Complete ABP Inspection/ABPR34a - Inspection B/Page_JClient/Page_JClient/input_What is the date of this'

2018-12-08 19:58:52 - [MESSAGE][PASSED] - Keys '12/08/2018' sent to object: 'Object Repository/FSM1/Complete ABP Inspection/ABPR34a - Inspection B/Page_JClient/Page_JClient/input_What is the date of this'

2018-12-08 19:58:52 - [TEST_STEP][PASSED] - click(findTestObject("Object Repository/FSM1/Complete ABP Inspection/ABPR34a - Inspection B/Page_JClient/div_Save")): Object: 'Object Repository/FSM1/Complete ABP Inspection/ABPR34a - Inspection B/Page_JClient/div_Save' is clicked on

2018-12-08 19:58:52 - [MESSAGE][PASSED] - Object: 'Object Repository/FSM1/Complete ABP Inspection/ABPR34a - Inspection B/Page_JClient/div_Save' is clicked on]]></system-out>
         <system-err><![CDATA[]]></system-err>
      </testcase>
      <testcase name="Test Cases/ABP/Generic/Complete ABP Inspection - Section C - Full Risk Assessment" classname="Test Cases/ABP/Generic/Complete ABP Inspection - Section C - Full Risk Assessment" status="PASSED">
         <system-out><![CDATA[2018-12-08 19:58:52 - [TEST_CASE][PASSED] - Test Cases/ABP/Generic/Complete ABP Inspection - Section C - Full Risk Assessment: Test Cases/ABP/Generic/Complete ABP Inspection - Section C - Full Risk Assessment

2018-12-08 19:58:52 - [TEST_STEP][PASSED] - delay(5): Delayed 5 second(s)

2018-12-08 19:58:57 - [MESSAGE][PASSED] - Delayed 5 second(s)

2018-12-08 19:58:57 - [TEST_STEP][PASSED] - click(findTestObject("Object Repository/FSM1/Complete ABP Inspection/Section C Full Risk Assessment/Page_JClient/div_Section C Risk Assessment")): Object: 'Object Repository/FSM1/Complete ABP Inspection/Section C Full Risk Assessment/Page_JClient/div_Section C Risk Assessment' is clicked on

2018-12-08 19:58:57 - [MESSAGE][PASSED] - Object: 'Object Repository/FSM1/Complete ABP Inspection/Section C Full Risk Assessment/Page_JClient/div_Section C Risk Assessment' is clicked on

2018-12-08 19:58:57 - [TEST_STEP][PASSED] - selectOptionByValue(findTestObject("Object Repository/FSM1/Complete ABP Inspection/Section C Full Risk Assessment/Page_JClient/select_3 - Cat 3 material and"), "12", true): All options with value '12' are selected in object 'Object Repository/FSM1/Complete ABP Inspection/Section C Full Risk Assessment/Page_JClient/select_3 - Cat 3 material and'  using regular expression

2018-12-08 19:58:58 - [MESSAGE][PASSED] - All options with value '12' are selected in object 'Object Repository/FSM1/Complete ABP Inspection/Section C Full Risk Assessment/Page_JClient/select_3 - Cat 3 material and'  using regular expression

2018-12-08 19:58:58 - [TEST_STEP][PASSED] - selectOptionByValue(findTestObject("Object Repository/FSM1/Complete ABP Inspection/Section C Full Risk Assessment/Page_JClient/select_0 - Very low throughput"), "10", true): All options with value '10' are selected in object 'Object Repository/FSM1/Complete ABP Inspection/Section C Full Risk Assessment/Page_JClient/select_0 - Very low throughput'  using regular expression

2018-12-08 19:58:58 - [MESSAGE][PASSED] - All options with value '10' are selected in object 'Object Repository/FSM1/Complete ABP Inspection/Section C Full Risk Assessment/Page_JClient/select_0 - Very low throughput'  using regular expression

2018-12-08 19:58:58 - [TEST_STEP][PASSED] - selectOptionByValue(findTestObject("Object Repository/FSM1/Complete ABP Inspection/Section C Full Risk Assessment/Page_JClient/select_0 - No product entering"), "15", true): All options with value '15' are selected in object 'Object Repository/FSM1/Complete ABP Inspection/Section C Full Risk Assessment/Page_JClient/select_0 - No product entering'  using regular expression

2018-12-08 19:58:58 - [MESSAGE][PASSED] - All options with value '15' are selected in object 'Object Repository/FSM1/Complete ABP Inspection/Section C Full Risk Assessment/Page_JClient/select_0 - No product entering'  using regular expression

2018-12-08 19:58:58 - [TEST_STEP][PASSED] - selectOptionByValue(findTestObject("Object Repository/FSM1/Complete ABP Inspection/Section C Full Risk Assessment/Page_JClient/select_0 - Not required or com"), "5", true): All options with value '5' are selected in object 'Object Repository/FSM1/Complete ABP Inspection/Section C Full Risk Assessment/Page_JClient/select_0 - Not required or com'  using regular expression

2018-12-08 19:58:59 - [MESSAGE][PASSED] - All options with value '5' are selected in object 'Object Repository/FSM1/Complete ABP Inspection/Section C Full Risk Assessment/Page_JClient/select_0 - Not required or com'  using regular expression

2018-12-08 19:58:59 - [TEST_STEP][PASSED] - selectOptionByValue(findTestObject("Object Repository/FSM1/Complete ABP Inspection/Section C Full Risk Assessment/Page_JClient/select_0 - Fully compliant iss"), "10", true): All options with value '10' are selected in object 'Object Repository/FSM1/Complete ABP Inspection/Section C Full Risk Assessment/Page_JClient/select_0 - Fully compliant iss'  using regular expression

2018-12-08 19:58:59 - [MESSAGE][PASSED] - All options with value '10' are selected in object 'Object Repository/FSM1/Complete ABP Inspection/Section C Full Risk Assessment/Page_JClient/select_0 - Fully compliant iss'  using regular expression

2018-12-08 19:58:59 - [TEST_STEP][PASSED] - selectOptionByValue(findTestObject("Object Repository/FSM1/Complete ABP Inspection/Section C Full Risk Assessment/Page_JClient/select_AnnuallyQuarterly6 Mont"), "Monthly", true): All options with value 'Monthly' are selected in object 'Object Repository/FSM1/Complete ABP Inspection/Section C Full Risk Assessment/Page_JClient/select_AnnuallyQuarterly6 Mont'  using regular expression

2018-12-08 19:58:59 - [MESSAGE][PASSED] - All options with value 'Monthly' are selected in object 'Object Repository/FSM1/Complete ABP Inspection/Section C Full Risk Assessment/Page_JClient/select_AnnuallyQuarterly6 Mont'  using regular expression

2018-12-08 19:58:59 - [TEST_STEP][PASSED] - setText(findTestObject("Object Repository/FSM1/Complete ABP Inspection/Section C Full Risk Assessment/Page_JClient/textarea_Any other relevant in"), "Test Automation"): Text 'Test Automation' is set on object 'Object Repository/FSM1/Complete ABP Inspection/Section C Full Risk Assessment/Page_JClient/textarea_Any other relevant in'

2018-12-08 19:59:00 - [MESSAGE][PASSED] - Text 'Test Automation' is set on object 'Object Repository/FSM1/Complete ABP Inspection/Section C Full Risk Assessment/Page_JClient/textarea_Any other relevant in'

2018-12-08 19:59:00 - [TEST_STEP][PASSED] - click(findTestObject("Object Repository/FSM1/Complete ABP Inspection/Section C Full Risk Assessment/Page_JClient/div_Save")): Object: 'Object Repository/FSM1/Complete ABP Inspection/Section C Full Risk Assessment/Page_JClient/div_Save' is clicked on

2018-12-08 19:59:00 - [MESSAGE][PASSED] - Object: 'Object Repository/FSM1/Complete ABP Inspection/Section C Full Risk Assessment/Page_JClient/div_Save' is clicked on]]></system-out>
         <system-err><![CDATA[]]></system-err>
      </testcase>
      <testcase name="Test Cases/ABP/Generic/Complete ABP Inspection - ABPR17 Backward Trace - Not Completed" classname="Test Cases/ABP/Generic/Complete ABP Inspection - ABPR17 Backward Trace - Not Completed" status="PASSED">
         <system-out><![CDATA[2018-12-08 19:59:00 - [TEST_CASE][PASSED] - Test Cases/ABP/Generic/Complete ABP Inspection - ABPR17 Backward Trace - Not Completed: Test Cases/ABP/Generic/Complete ABP Inspection - ABPR17 Backward Trace - Not Completed

2018-12-08 19:59:00 - [TEST_STEP][PASSED] - delay(3): Delayed 3 second(s)

2018-12-08 19:59:03 - [MESSAGE][PASSED] - Delayed 3 second(s)

2018-12-08 19:59:03 - [TEST_STEP][PASSED] - click(findTestObject("FSM1/Complete ABP Inspection/ABPR17 Backward Trace/Page_JClient/div_ABPR17 - Backward Trace1")): Object: 'Object Repository/FSM1/Complete ABP Inspection/ABPR17 Backward Trace/Page_JClient/div_ABPR17 - Backward Trace1' is clicked on

2018-12-08 19:59:03 - [MESSAGE][PASSED] - Object: 'Object Repository/FSM1/Complete ABP Inspection/ABPR17 Backward Trace/Page_JClient/div_ABPR17 - Backward Trace1' is clicked on

2018-12-08 19:59:03 - [TEST_STEP][PASSED] - delay(2): Delayed 2 second(s)

2018-12-08 19:59:05 - [MESSAGE][PASSED] - Delayed 2 second(s)

2018-12-08 19:59:05 - [TEST_STEP][PASSED] - click(findTestObject("Object Repository/FSM1/Complete ABP Inspection/ABPR17 Backward Trace/Page_JClient/div_Create_GKH2EKQBDXB GKH2EKQ")): Object: 'Object Repository/FSM1/Complete ABP Inspection/ABPR17 Backward Trace/Page_JClient/div_Create_GKH2EKQBDXB GKH2EKQ' is clicked on

2018-12-08 19:59:05 - [MESSAGE][PASSED] - Object: 'Object Repository/FSM1/Complete ABP Inspection/ABPR17 Backward Trace/Page_JClient/div_Create_GKH2EKQBDXB GKH2EKQ' is clicked on

2018-12-08 19:59:05 - [TEST_STEP][PASSED] - delay(2): Delayed 2 second(s)

2018-12-08 19:59:07 - [MESSAGE][PASSED] - Delayed 2 second(s)

2018-12-08 19:59:07 - [TEST_STEP][PASSED] - click(findTestObject("Object Repository/FSM1/Complete ABP Inspection/ABPR17 Backward Trace/Page_JClient/input_Is this inspection at th")): Object: 'Object Repository/FSM1/Complete ABP Inspection/ABPR17 Backward Trace/Page_JClient/input_Is this inspection at th' is clicked on

2018-12-08 19:59:08 - [MESSAGE][PASSED] - Object: 'Object Repository/FSM1/Complete ABP Inspection/ABPR17 Backward Trace/Page_JClient/input_Is this inspection at th' is clicked on

2018-12-08 19:59:08 - [TEST_STEP][PASSED] - verifyElementPresent(findTestObject("FSM1/Release22/Page_JClient/div_Name of Operator_17"), 2): Object 'Object Repository/FSM1/Release22/Page_JClient/div_Name of Operator_17' is present

2018-12-08 19:59:08 - [MESSAGE][PASSED] - Object 'Object Repository/FSM1/Release22/Page_JClient/div_Name of Operator_17' is present

2018-12-08 19:59:08 - [TEST_STEP][PASSED] - verifyElementPresent(findTestObject("FSM1/Release22/Page_JClient/div_Name of Operator_17_1"), 2): Object 'Object Repository/FSM1/Release22/Page_JClient/div_Name of Operator_17_1' is present

2018-12-08 19:59:08 - [MESSAGE][PASSED] - Object 'Object Repository/FSM1/Release22/Page_JClient/div_Name of Operator_17_1' is present

2018-12-08 19:59:08 - [TEST_STEP][PASSED] - setText(findTestObject("Object Repository/FSM1/Complete ABP Inspection/ABPR17 Backward Trace/Page_JClient/input_Approval Number_gwt-Text"), "1234"): Text '1234' is set on object 'Object Repository/FSM1/Complete ABP Inspection/ABPR17 Backward Trace/Page_JClient/input_Approval Number_gwt-Text'

2018-12-08 19:59:08 - [MESSAGE][PASSED] - Text '1234' is set on object 'Object Repository/FSM1/Complete ABP Inspection/ABPR17 Backward Trace/Page_JClient/input_Approval Number_gwt-Text'

2018-12-08 19:59:08 - [TEST_STEP][PASSED] - setText(findTestObject("Object Repository/FSM1/Complete ABP Inspection/ABPR17 Backward Trace/Page_JClient/input_Premises Type_gwt-TextBo"), "Test automation"): Text 'Test automation' is set on object 'Object Repository/FSM1/Complete ABP Inspection/ABPR17 Backward Trace/Page_JClient/input_Premises Type_gwt-TextBo'

2018-12-08 19:59:08 - [MESSAGE][PASSED] - Text 'Test automation' is set on object 'Object Repository/FSM1/Complete ABP Inspection/ABPR17 Backward Trace/Page_JClient/input_Premises Type_gwt-TextBo'

2018-12-08 19:59:08 - [TEST_STEP][PASSED] - setText(findTestObject("FSM1/Complete ABP Inspection/ABPR17 Backward Trace/Page_JClient/input_Name of Operator_gwt-Tex"), "Test automation"): Text 'Test automation' is set on object 'Object Repository/FSM1/Complete ABP Inspection/ABPR17 Backward Trace/Page_JClient/input_Name of Operator_gwt-Tex'

2018-12-08 19:59:09 - [MESSAGE][PASSED] - Text 'Test automation' is set on object 'Object Repository/FSM1/Complete ABP Inspection/ABPR17 Backward Trace/Page_JClient/input_Name of Operator_gwt-Tex'

2018-12-08 19:59:09 - [TEST_STEP][PASSED] - setText(findTestObject("Object Repository/FSM1/Complete ABP Inspection/ABPR17 Backward Trace/Page_JClient/textarea_Address of premises_g"), "Test automation"): Text 'Test automation' is set on object 'Object Repository/FSM1/Complete ABP Inspection/ABPR17 Backward Trace/Page_JClient/textarea_Address of premises_g'

2018-12-08 19:59:09 - [MESSAGE][PASSED] - Text 'Test automation' is set on object 'Object Repository/FSM1/Complete ABP Inspection/ABPR17 Backward Trace/Page_JClient/textarea_Address of premises_g'

2018-12-08 19:59:09 - [TEST_STEP][PASSED] - setText(findTestObject("Object Repository/FSM1/Complete ABP Inspection/ABPR17 Backward Trace/Page_JClient/input_Postcode_gwt-TextBox GKH"), "WR5 2NB"): Text 'WR5 2NB' is set on object 'Object Repository/FSM1/Complete ABP Inspection/ABPR17 Backward Trace/Page_JClient/input_Postcode_gwt-TextBox GKH'

2018-12-08 19:59:09 - [MESSAGE][PASSED] - Text 'WR5 2NB' is set on object 'Object Repository/FSM1/Complete ABP Inspection/ABPR17 Backward Trace/Page_JClient/input_Postcode_gwt-TextBox GKH'

2018-12-08 19:59:09 - [TEST_STEP][PASSED] - setText(findTestObject("Object Repository/FSM1/Complete ABP Inspection/ABPR17 Backward Trace/Page_JClient/input_Email_gwt-TextBox GKH2EK"), "test@gmail.com"): Text 'test@gmail.com' is set on object 'Object Repository/FSM1/Complete ABP Inspection/ABPR17 Backward Trace/Page_JClient/input_Email_gwt-TextBox GKH2EK'

2018-12-08 19:59:09 - [MESSAGE][PASSED] - Text 'test@gmail.com' is set on object 'Object Repository/FSM1/Complete ABP Inspection/ABPR17 Backward Trace/Page_JClient/input_Email_gwt-TextBox GKH2EK'

2018-12-08 19:59:09 - [TEST_STEP][PASSED] - setText(findTestObject("Object Repository/FSM1/Complete ABP Inspection/ABPR17 Backward Trace/Page_JClient/input_Approval number (if appl"), "1234"): Text '1234' is set on object 'Object Repository/FSM1/Complete ABP Inspection/ABPR17 Backward Trace/Page_JClient/input_Approval number (if appl'

2018-12-08 19:59:10 - [MESSAGE][PASSED] - Text '1234' is set on object 'Object Repository/FSM1/Complete ABP Inspection/ABPR17 Backward Trace/Page_JClient/input_Approval number (if appl'

2018-12-08 19:59:10 - [TEST_STEP][PASSED] - selectOptionByValue(findTestObject("Object Repository/FSM1/Complete ABP Inspection/ABPR17 Backward Trace/Page_JClient/select_NorthScotlandSouthernWa"), "North", true): All options with value 'North' are selected in object 'Object Repository/FSM1/Complete ABP Inspection/ABPR17 Backward Trace/Page_JClient/select_NorthScotlandSouthernWa'  using regular expression

2018-12-08 19:59:10 - [MESSAGE][PASSED] - All options with value 'North' are selected in object 'Object Repository/FSM1/Complete ABP Inspection/ABPR17 Backward Trace/Page_JClient/select_NorthScotlandSouthernWa'  using regular expression

2018-12-08 19:59:10 - [TEST_STEP][PASSED] - setText(findTestObject("Object Repository/FSM1/Complete ABP Inspection/ABPR17 Backward Trace/Page_JClient/input_Name of haulier_gwt-Text"), "Test automation"): Text 'Test automation' is set on object 'Object Repository/FSM1/Complete ABP Inspection/ABPR17 Backward Trace/Page_JClient/input_Name of haulier_gwt-Text'

2018-12-08 19:59:10 - [MESSAGE][PASSED] - Text 'Test automation' is set on object 'Object Repository/FSM1/Complete ABP Inspection/ABPR17 Backward Trace/Page_JClient/input_Name of haulier_gwt-Text'

2018-12-08 19:59:10 - [TEST_STEP][PASSED] - setText(findTestObject("Object Repository/FSM1/Complete ABP Inspection/ABPR17 Backward Trace/Page_JClient/textarea_Address of haulier_gw"), "Test automation"): Text 'Test automation' is set on object 'Object Repository/FSM1/Complete ABP Inspection/ABPR17 Backward Trace/Page_JClient/textarea_Address of haulier_gw'

2018-12-08 19:59:10 - [MESSAGE][PASSED] - Text 'Test automation' is set on object 'Object Repository/FSM1/Complete ABP Inspection/ABPR17 Backward Trace/Page_JClient/textarea_Address of haulier_gw'

2018-12-08 19:59:10 - [TEST_STEP][PASSED] - delay(2): Delayed 2 second(s)

2018-12-08 19:59:12 - [MESSAGE][PASSED] - Delayed 2 second(s)

2018-12-08 19:59:12 - [TEST_STEP][PASSED] - setText(findTestObject("FSM1/Complete ABP Inspection/ABPR17 Backward Trace/Page_JClient/Postcode"), "RN2 3WE"): Text 'RN2 3WE' is set on object 'Object Repository/FSM1/Complete ABP Inspection/ABPR17 Backward Trace/Page_JClient/Postcode'

2018-12-08 19:59:13 - [MESSAGE][PASSED] - Text 'RN2 3WE' is set on object 'Object Repository/FSM1/Complete ABP Inspection/ABPR17 Backward Trace/Page_JClient/Postcode'

2018-12-08 19:59:13 - [TEST_STEP][PASSED] - setText(findTestObject("Object Repository/FSM1/Complete ABP Inspection/ABPR17 Backward Trace/Page_JClient/input_Registration number (if"), "9876"): Text '9876' is set on object 'Object Repository/FSM1/Complete ABP Inspection/ABPR17 Backward Trace/Page_JClient/input_Registration number (if'

2018-12-08 19:59:13 - [MESSAGE][PASSED] - Text '9876' is set on object 'Object Repository/FSM1/Complete ABP Inspection/ABPR17 Backward Trace/Page_JClient/input_Registration number (if'

2018-12-08 19:59:13 - [TEST_STEP][PASSED] - setText(findTestObject("Object Repository/FSM1/Complete ABP Inspection/ABPR17 Backward Trace/Page_JClient/input_Reference No. of CD or o"), "112233"): Text '112233' is set on object 'Object Repository/FSM1/Complete ABP Inspection/ABPR17 Backward Trace/Page_JClient/input_Reference No. of CD or o'

2018-12-08 19:59:13 - [MESSAGE][PASSED] - Text '112233' is set on object 'Object Repository/FSM1/Complete ABP Inspection/ABPR17 Backward Trace/Page_JClient/input_Reference No. of CD or o'

2018-12-08 19:59:13 - [TEST_STEP][PASSED] - setText(findTestObject("Object Repository/FSM1/Complete ABP Inspection/ABPR17 Backward Trace/Page_JClient/textarea_Description of materi"), "Test automation"): Text 'Test automation' is set on object 'Object Repository/FSM1/Complete ABP Inspection/ABPR17 Backward Trace/Page_JClient/textarea_Description of materi'

2018-12-08 19:59:13 - [MESSAGE][PASSED] - Text 'Test automation' is set on object 'Object Repository/FSM1/Complete ABP Inspection/ABPR17 Backward Trace/Page_JClient/textarea_Description of materi'

2018-12-08 19:59:13 - [TEST_STEP][PASSED] - selectOptionByValue(findTestObject("Object Repository/FSM1/Complete ABP Inspection/ABPR17 Backward Trace/Page_JClient/select_NACattleDeerFishGoatsPi"), "Fish", true): All options with value 'Fish' are selected in object 'Object Repository/FSM1/Complete ABP Inspection/ABPR17 Backward Trace/Page_JClient/select_NACattleDeerFishGoatsPi'  using regular expression

2018-12-08 19:59:14 - [MESSAGE][PASSED] - All options with value 'Fish' are selected in object 'Object Repository/FSM1/Complete ABP Inspection/ABPR17 Backward Trace/Page_JClient/select_NACattleDeerFishGoatsPi'  using regular expression

2018-12-08 19:59:14 - [TEST_STEP][PASSED] - setText(findTestObject("Object Repository/FSM1/Complete ABP Inspection/ABPR17 Backward Trace/Page_JClient/input_Category_gwt-TextBox GKH"), "Test automation"): Text 'Test automation' is set on object 'Object Repository/FSM1/Complete ABP Inspection/ABPR17 Backward Trace/Page_JClient/input_Category_gwt-TextBox GKH'

2018-12-08 19:59:14 - [MESSAGE][PASSED] - Text 'Test automation' is set on object 'Object Repository/FSM1/Complete ABP Inspection/ABPR17 Backward Trace/Page_JClient/input_Category_gwt-TextBox GKH'

2018-12-08 19:59:14 - [TEST_STEP][PASSED] - setText(findTestObject("Object Repository/FSM1/Complete ABP Inspection/ABPR17 Backward Trace/Page_JClient/input_Quantity_gwt-TextBox GKH"), "100"): Text '100' is set on object 'Object Repository/FSM1/Complete ABP Inspection/ABPR17 Backward Trace/Page_JClient/input_Quantity_gwt-TextBox GKH'

2018-12-08 19:59:14 - [MESSAGE][PASSED] - Text '100' is set on object 'Object Repository/FSM1/Complete ABP Inspection/ABPR17 Backward Trace/Page_JClient/input_Quantity_gwt-TextBox GKH'

2018-12-08 19:59:14 - [TEST_STEP][PASSED] - setText(findTestObject("Object Repository/FSM1/Complete ABP Inspection/ABPR17 Backward Trace/Page_JClient/textarea_Any other relevant in"), "Test automation"): Text 'Test automation' is set on object 'Object Repository/FSM1/Complete ABP Inspection/ABPR17 Backward Trace/Page_JClient/textarea_Any other relevant in'

2018-12-08 19:59:14 - [MESSAGE][PASSED] - Text 'Test automation' is set on object 'Object Repository/FSM1/Complete ABP Inspection/ABPR17 Backward Trace/Page_JClient/textarea_Any other relevant in'

2018-12-08 19:59:14 - [TEST_STEP][PASSED] - click(findTestObject("Object Repository/FSM1/Complete ABP Inspection/ABPR17 Backward Trace/Page_JClient/input_Yes_radio_group_56")): Object: 'Object Repository/FSM1/Complete ABP Inspection/ABPR17 Backward Trace/Page_JClient/input_Yes_radio_group_56' is clicked on

2018-12-08 19:59:14 - [MESSAGE][PASSED] - Object: 'Object Repository/FSM1/Complete ABP Inspection/ABPR17 Backward Trace/Page_JClient/input_Yes_radio_group_56' is clicked on

2018-12-08 19:59:14 - [TEST_STEP][PASSED] - click(findTestObject("Object Repository/FSM1/Complete ABP Inspection/ABPR17 Backward Trace/Page_JClient/input_Yes_radio_group_57")): Object: 'Object Repository/FSM1/Complete ABP Inspection/ABPR17 Backward Trace/Page_JClient/input_Yes_radio_group_57' is clicked on

2018-12-08 19:59:15 - [MESSAGE][PASSED] - Object: 'Object Repository/FSM1/Complete ABP Inspection/ABPR17 Backward Trace/Page_JClient/input_Yes_radio_group_57' is clicked on

2018-12-08 19:59:15 - [TEST_STEP][PASSED] - delay(1): Delayed 1 second(s)

2018-12-08 19:59:16 - [MESSAGE][PASSED] - Delayed 1 second(s)

2018-12-08 19:59:16 - [TEST_STEP][PASSED] - mydate = new java.util.Date(): null

2018-12-08 19:59:16 - [TEST_STEP][PASSED] - formattedDate = mydate.format("MM/dd/yyy"): null

2018-12-08 19:59:16 - [TEST_STEP][PASSED] - sendKeys(findTestObject("FSM1/Complete ABP Inspection/ABPR17 Backward Trace/Page_JClient/DateofDespatch"), formattedDate): Keys '12/08/2018' sent to object: 'Object Repository/FSM1/Complete ABP Inspection/ABPR17 Backward Trace/Page_JClient/DateofDespatch'

2018-12-08 19:59:16 - [MESSAGE][PASSED] - Keys '12/08/2018' sent to object: 'Object Repository/FSM1/Complete ABP Inspection/ABPR17 Backward Trace/Page_JClient/DateofDespatch'

2018-12-08 19:59:16 - [TEST_STEP][PASSED] - click(findTestObject("FSM1/Complete ABP Inspection/ABPR17 Backward Trace/Page_JClient/div_Save1")): Object: 'Object Repository/FSM1/Complete ABP Inspection/ABPR17 Backward Trace/Page_JClient/div_Save1' is clicked on

2018-12-08 19:59:16 - [MESSAGE][PASSED] - Object: 'Object Repository/FSM1/Complete ABP Inspection/ABPR17 Backward Trace/Page_JClient/div_Save1' is clicked on]]></system-out>
         <system-err><![CDATA[]]></system-err>
      </testcase>
      <testcase name="Test Cases/ABP/Generic/Complete ABP Inspection - ABPR18 Forward Trace - Not Completed" classname="Test Cases/ABP/Generic/Complete ABP Inspection - ABPR18 Forward Trace - Not Completed" status="PASSED">
         <system-out><![CDATA[2018-12-08 19:59:16 - [TEST_CASE][PASSED] - Test Cases/ABP/Generic/Complete ABP Inspection - ABPR18 Forward Trace - Not Completed: Test Cases/ABP/Generic/Complete ABP Inspection - ABPR18 Forward Trace - Not Completed

2018-12-08 19:59:16 - [TEST_STEP][PASSED] - delay(2): Delayed 2 second(s)

2018-12-08 19:59:18 - [MESSAGE][PASSED] - Delayed 2 second(s)

2018-12-08 19:59:18 - [TEST_STEP][PASSED] - click(findTestObject("FSM1/Complete ABP Inspection/ABP18 Forward Trace/Page_JClient/div_ABPR18 - Forward Trace1")): Object: 'Object Repository/FSM1/Complete ABP Inspection/ABP18 Forward Trace/Page_JClient/div_ABPR18 - Forward Trace1' is clicked on

2018-12-08 19:59:18 - [MESSAGE][PASSED] - Object: 'Object Repository/FSM1/Complete ABP Inspection/ABP18 Forward Trace/Page_JClient/div_ABPR18 - Forward Trace1' is clicked on

2018-12-08 19:59:18 - [TEST_STEP][PASSED] - delay(2): Delayed 2 second(s)

2018-12-08 19:59:20 - [MESSAGE][PASSED] - Delayed 2 second(s)

2018-12-08 19:59:20 - [TEST_STEP][PASSED] - click(findTestObject("Object Repository/FSM1/Complete ABP Inspection/ABP18 Forward Trace/Page_JClient/div_Create_GKH2EKQBDXB GKH2EKQ")): Object: 'Object Repository/FSM1/Complete ABP Inspection/ABP18 Forward Trace/Page_JClient/div_Create_GKH2EKQBDXB GKH2EKQ' is clicked on

2018-12-08 19:59:21 - [MESSAGE][PASSED] - Object: 'Object Repository/FSM1/Complete ABP Inspection/ABP18 Forward Trace/Page_JClient/div_Create_GKH2EKQBDXB GKH2EKQ' is clicked on

2018-12-08 19:59:21 - [TEST_STEP][PASSED] - delay(2): Delayed 2 second(s)

2018-12-08 19:59:23 - [MESSAGE][PASSED] - Delayed 2 second(s)

2018-12-08 19:59:23 - [TEST_STEP][PASSED] - verifyElementPresent(findTestObject("FSM1/Release22/Page_JClient/div_Name of Operator_18"), 2): Object 'Object Repository/FSM1/Release22/Page_JClient/div_Name of Operator_18' is present

2018-12-08 19:59:23 - [MESSAGE][PASSED] - Object 'Object Repository/FSM1/Release22/Page_JClient/div_Name of Operator_18' is present

2018-12-08 19:59:23 - [TEST_STEP][PASSED] - verifyElementPresent(findTestObject("FSM1/Release22/Page_JClient/div_Name of Operator_18_1"), 2): Object 'Object Repository/FSM1/Release22/Page_JClient/div_Name of Operator_18_1' is present

2018-12-08 19:59:23 - [MESSAGE][PASSED] - Object 'Object Repository/FSM1/Release22/Page_JClient/div_Name of Operator_18_1' is present

2018-12-08 19:59:23 - [TEST_STEP][PASSED] - click(findTestObject("Object Repository/FSM1/Complete ABP Inspection/ABP18 Forward Trace/Page_JClient/input_Is this inspection at th")): Object: 'Object Repository/FSM1/Complete ABP Inspection/ABP18 Forward Trace/Page_JClient/input_Is this inspection at th' is clicked on

2018-12-08 19:59:23 - [MESSAGE][PASSED] - Object: 'Object Repository/FSM1/Complete ABP Inspection/ABP18 Forward Trace/Page_JClient/input_Is this inspection at th' is clicked on

2018-12-08 19:59:23 - [TEST_STEP][PASSED] - setText(findTestObject("Object Repository/FSM1/Complete ABP Inspection/ABP18 Forward Trace/Page_JClient/input_Approval Number_gwt-Text"), "123"): Text '123' is set on object 'Object Repository/FSM1/Complete ABP Inspection/ABP18 Forward Trace/Page_JClient/input_Approval Number_gwt-Text'

2018-12-08 19:59:23 - [MESSAGE][PASSED] - Text '123' is set on object 'Object Repository/FSM1/Complete ABP Inspection/ABP18 Forward Trace/Page_JClient/input_Approval Number_gwt-Text'

2018-12-08 19:59:23 - [TEST_STEP][PASSED] - setText(findTestObject("Object Repository/FSM1/Complete ABP Inspection/ABP18 Forward Trace/Page_JClient/input_Premises Type_gwt-TextBo"), "Test automation"): Text 'Test automation' is set on object 'Object Repository/FSM1/Complete ABP Inspection/ABP18 Forward Trace/Page_JClient/input_Premises Type_gwt-TextBo'

2018-12-08 19:59:23 - [MESSAGE][PASSED] - Text 'Test automation' is set on object 'Object Repository/FSM1/Complete ABP Inspection/ABP18 Forward Trace/Page_JClient/input_Premises Type_gwt-TextBo'

2018-12-08 19:59:23 - [TEST_STEP][PASSED] - setText(findTestObject("FSM1/Complete ABP Inspection/ABP18 Forward Trace/Page_JClient/input_Name of Operator_gwt-Tex"), "Test automation"): Text 'Test automation' is set on object 'Object Repository/FSM1/Complete ABP Inspection/ABP18 Forward Trace/Page_JClient/input_Name of Operator_gwt-Tex'

2018-12-08 19:59:24 - [MESSAGE][PASSED] - Text 'Test automation' is set on object 'Object Repository/FSM1/Complete ABP Inspection/ABP18 Forward Trace/Page_JClient/input_Name of Operator_gwt-Tex'

2018-12-08 19:59:24 - [TEST_STEP][PASSED] - setText(findTestObject("Object Repository/FSM1/Complete ABP Inspection/ABP18 Forward Trace/Page_JClient/textarea_Address of premises_g"), "Test automation"): Text 'Test automation' is set on object 'Object Repository/FSM1/Complete ABP Inspection/ABP18 Forward Trace/Page_JClient/textarea_Address of premises_g'

2018-12-08 19:59:24 - [MESSAGE][PASSED] - Text 'Test automation' is set on object 'Object Repository/FSM1/Complete ABP Inspection/ABP18 Forward Trace/Page_JClient/textarea_Address of premises_g'

2018-12-08 19:59:24 - [TEST_STEP][PASSED] - setText(findTestObject("Object Repository/FSM1/Complete ABP Inspection/ABP18 Forward Trace/Page_JClient/input_Postcode_gwt-TextBox GKH"), "WR5 2NB"): Text 'WR5 2NB' is set on object 'Object Repository/FSM1/Complete ABP Inspection/ABP18 Forward Trace/Page_JClient/input_Postcode_gwt-TextBox GKH'

2018-12-08 19:59:24 - [MESSAGE][PASSED] - Text 'WR5 2NB' is set on object 'Object Repository/FSM1/Complete ABP Inspection/ABP18 Forward Trace/Page_JClient/input_Postcode_gwt-TextBox GKH'

2018-12-08 19:59:24 - [TEST_STEP][PASSED] - selectOptionByValue(findTestObject("Object Repository/FSM1/Complete ABP Inspection/ABP18 Forward Trace/Page_JClient/select_NorthScotlandSouthernWa"), "Scotland", true): All options with value 'Scotland' are selected in object 'Object Repository/FSM1/Complete ABP Inspection/ABP18 Forward Trace/Page_JClient/select_NorthScotlandSouthernWa'  using regular expression

2018-12-08 19:59:25 - [MESSAGE][PASSED] - All options with value 'Scotland' are selected in object 'Object Repository/FSM1/Complete ABP Inspection/ABP18 Forward Trace/Page_JClient/select_NorthScotlandSouthernWa'  using regular expression

2018-12-08 19:59:25 - [TEST_STEP][PASSED] - setText(findTestObject("Object Repository/FSM1/Complete ABP Inspection/ABP18 Forward Trace/Page_JClient/input_Name of haulier_gwt-Text"), "Test automation"): Text 'Test automation' is set on object 'Object Repository/FSM1/Complete ABP Inspection/ABP18 Forward Trace/Page_JClient/input_Name of haulier_gwt-Text'

2018-12-08 19:59:25 - [MESSAGE][PASSED] - Text 'Test automation' is set on object 'Object Repository/FSM1/Complete ABP Inspection/ABP18 Forward Trace/Page_JClient/input_Name of haulier_gwt-Text'

2018-12-08 19:59:25 - [TEST_STEP][PASSED] - setText(findTestObject("Object Repository/FSM1/Complete ABP Inspection/ABP18 Forward Trace/Page_JClient/textarea_Address of haulier_gw"), "Test automation"): Text 'Test automation' is set on object 'Object Repository/FSM1/Complete ABP Inspection/ABP18 Forward Trace/Page_JClient/textarea_Address of haulier_gw'

2018-12-08 19:59:25 - [MESSAGE][PASSED] - Text 'Test automation' is set on object 'Object Repository/FSM1/Complete ABP Inspection/ABP18 Forward Trace/Page_JClient/textarea_Address of haulier_gw'

2018-12-08 19:59:25 - [TEST_STEP][PASSED] - setText(findTestObject("FSM1/Complete ABP Inspection/ABP18 Forward Trace/Page_JClient/Postcode"), "WR5 2NB"): Text 'WR5 2NB' is set on object 'Object Repository/FSM1/Complete ABP Inspection/ABP18 Forward Trace/Page_JClient/Postcode'

2018-12-08 19:59:25 - [MESSAGE][PASSED] - Text 'WR5 2NB' is set on object 'Object Repository/FSM1/Complete ABP Inspection/ABP18 Forward Trace/Page_JClient/Postcode'

2018-12-08 19:59:25 - [TEST_STEP][PASSED] - setText(findTestObject("Object Repository/FSM1/Complete ABP Inspection/ABP18 Forward Trace/Page_JClient/input_Registration number (if"), "123"): Text '123' is set on object 'Object Repository/FSM1/Complete ABP Inspection/ABP18 Forward Trace/Page_JClient/input_Registration number (if'

2018-12-08 19:59:26 - [MESSAGE][PASSED] - Text '123' is set on object 'Object Repository/FSM1/Complete ABP Inspection/ABP18 Forward Trace/Page_JClient/input_Registration number (if'

2018-12-08 19:59:26 - [TEST_STEP][PASSED] - setText(findTestObject("Object Repository/FSM1/Complete ABP Inspection/ABP18 Forward Trace/Page_JClient/input_Reference No. of CD or o"), "987"): Text '987' is set on object 'Object Repository/FSM1/Complete ABP Inspection/ABP18 Forward Trace/Page_JClient/input_Reference No. of CD or o'

2018-12-08 19:59:26 - [MESSAGE][PASSED] - Text '987' is set on object 'Object Repository/FSM1/Complete ABP Inspection/ABP18 Forward Trace/Page_JClient/input_Reference No. of CD or o'

2018-12-08 19:59:26 - [TEST_STEP][PASSED] - setText(findTestObject("Object Repository/FSM1/Complete ABP Inspection/ABP18 Forward Trace/Page_JClient/textarea_Description of materi"), "Test automation"): Text 'Test automation' is set on object 'Object Repository/FSM1/Complete ABP Inspection/ABP18 Forward Trace/Page_JClient/textarea_Description of materi'

2018-12-08 19:59:26 - [MESSAGE][PASSED] - Text 'Test automation' is set on object 'Object Repository/FSM1/Complete ABP Inspection/ABP18 Forward Trace/Page_JClient/textarea_Description of materi'

2018-12-08 19:59:26 - [TEST_STEP][PASSED] - selectOptionByValue(findTestObject("Object Repository/FSM1/Complete ABP Inspection/ABP18 Forward Trace/Page_JClient/select_NACattleDeerFishGoatsPi"), "Goats", true): All options with value 'Goats' are selected in object 'Object Repository/FSM1/Complete ABP Inspection/ABP18 Forward Trace/Page_JClient/select_NACattleDeerFishGoatsPi'  using regular expression

2018-12-08 19:59:26 - [MESSAGE][PASSED] - All options with value 'Goats' are selected in object 'Object Repository/FSM1/Complete ABP Inspection/ABP18 Forward Trace/Page_JClient/select_NACattleDeerFishGoatsPi'  using regular expression

2018-12-08 19:59:26 - [TEST_STEP][PASSED] - setText(findTestObject("Object Repository/FSM1/Complete ABP Inspection/ABP18 Forward Trace/Page_JClient/input_Category_gwt-TextBox GKH"), "Test automation"): Text 'Test automation' is set on object 'Object Repository/FSM1/Complete ABP Inspection/ABP18 Forward Trace/Page_JClient/input_Category_gwt-TextBox GKH'

2018-12-08 19:59:26 - [MESSAGE][PASSED] - Text 'Test automation' is set on object 'Object Repository/FSM1/Complete ABP Inspection/ABP18 Forward Trace/Page_JClient/input_Category_gwt-TextBox GKH'

2018-12-08 19:59:26 - [TEST_STEP][PASSED] - setText(findTestObject("Object Repository/FSM1/Complete ABP Inspection/ABP18 Forward Trace/Page_JClient/input_Quantity_gwt-TextBox GKH"), "12"): Text '12' is set on object 'Object Repository/FSM1/Complete ABP Inspection/ABP18 Forward Trace/Page_JClient/input_Quantity_gwt-TextBox GKH'

2018-12-08 19:59:27 - [MESSAGE][PASSED] - Text '12' is set on object 'Object Repository/FSM1/Complete ABP Inspection/ABP18 Forward Trace/Page_JClient/input_Quantity_gwt-TextBox GKH'

2018-12-08 19:59:27 - [TEST_STEP][PASSED] - setText(findTestObject("Object Repository/FSM1/Complete ABP Inspection/ABP18 Forward Trace/Page_JClient/textarea_Any other relevant in"), "Test automation"): Text 'Test automation' is set on object 'Object Repository/FSM1/Complete ABP Inspection/ABP18 Forward Trace/Page_JClient/textarea_Any other relevant in'

2018-12-08 19:59:27 - [MESSAGE][PASSED] - Text 'Test automation' is set on object 'Object Repository/FSM1/Complete ABP Inspection/ABP18 Forward Trace/Page_JClient/textarea_Any other relevant in'

2018-12-08 19:59:27 - [TEST_STEP][PASSED] - click(findTestObject("Object Repository/FSM1/Complete ABP Inspection/ABP18 Forward Trace/Page_JClient/input_Any other relevant infor")): Object: 'Object Repository/FSM1/Complete ABP Inspection/ABP18 Forward Trace/Page_JClient/input_Any other relevant infor' is clicked on

2018-12-08 19:59:27 - [MESSAGE][PASSED] - Object: 'Object Repository/FSM1/Complete ABP Inspection/ABP18 Forward Trace/Page_JClient/input_Any other relevant infor' is clicked on

2018-12-08 19:59:27 - [TEST_STEP][PASSED] - setText(findTestObject("Object Repository/FSM1/Complete ABP Inspection/ABP18 Forward Trace/Page_JClient/textarea_If so give details_gw"), "Test automation"): Text 'Test automation' is set on object 'Object Repository/FSM1/Complete ABP Inspection/ABP18 Forward Trace/Page_JClient/textarea_If so give details_gw'

2018-12-08 19:59:27 - [MESSAGE][PASSED] - Text 'Test automation' is set on object 'Object Repository/FSM1/Complete ABP Inspection/ABP18 Forward Trace/Page_JClient/textarea_If so give details_gw'

2018-12-08 19:59:27 - [TEST_STEP][PASSED] - click(findTestObject("Object Repository/FSM1/Complete ABP Inspection/ABP18 Forward Trace/Page_JClient/input_Yes_radio_group_132")): Object: 'Object Repository/FSM1/Complete ABP Inspection/ABP18 Forward Trace/Page_JClient/input_Yes_radio_group_132' is clicked on

2018-12-08 19:59:27 - [MESSAGE][PASSED] - Object: 'Object Repository/FSM1/Complete ABP Inspection/ABP18 Forward Trace/Page_JClient/input_Yes_radio_group_132' is clicked on

2018-12-08 19:59:27 - [TEST_STEP][NOT_RUN] - click(findTestObject("Object Repository/FSM1/Complete ABP Inspection/ABP18 Forward Trace/Page_JClient/input_How was the trace carrie")): NOT_RUN: click(findTestObject("Object Repository/FSM1/Complete ABP Inspection/ABP18 Forward Trace/Page_JClient/input_How was the trace carrie"))

2018-12-08 19:59:27 - [MESSAGE][NOT_RUN] - NOT_RUN: click(findTestObject("Object Repository/FSM1/Complete ABP Inspection/ABP18 Forward Trace/Page_JClient/input_How was the trace carrie"))

2018-12-08 19:59:27 - [TEST_STEP][NOT_RUN] - click(findTestObject("Object Repository/FSM1/Complete ABP Inspection/ABP18 Forward Trace/Page_JClient/input_Outcome_radio_group_134")): NOT_RUN: click(findTestObject("Object Repository/FSM1/Complete ABP Inspection/ABP18 Forward Trace/Page_JClient/input_Outcome_radio_group_134"))

2018-12-08 19:59:27 - [MESSAGE][NOT_RUN] - NOT_RUN: click(findTestObject("Object Repository/FSM1/Complete ABP Inspection/ABP18 Forward Trace/Page_JClient/input_Outcome_radio_group_134"))

2018-12-08 19:59:27 - [TEST_STEP][NOT_RUN] - setText(findTestObject("Object Repository/FSM1/Complete ABP Inspection/ABP18 Forward Trace/Page_JClient/textarea_Give Details_gwt-Text"), "Test automation"): NOT_RUN: setText(findTestObject("Object Repository/FSM1/Complete ABP Inspection/ABP18 Forward Trace/Page_JClient/textarea_Give Details_gwt-Text"), "Test automation")

2018-12-08 19:59:27 - [MESSAGE][NOT_RUN] - NOT_RUN: setText(findTestObject("Object Repository/FSM1/Complete ABP Inspection/ABP18 Forward Trace/Page_JClient/textarea_Give Details_gwt-Text"), "Test automation")

2018-12-08 19:59:27 - [TEST_STEP][NOT_RUN] - setText(findTestObject("Object Repository/FSM1/Complete ABP Inspection/ABP18 Forward Trace/Page_JClient/textarea_Describe action taken"), "Test automation"): NOT_RUN: setText(findTestObject("Object Repository/FSM1/Complete ABP Inspection/ABP18 Forward Trace/Page_JClient/textarea_Describe action taken"), "Test automation")

2018-12-08 19:59:27 - [MESSAGE][NOT_RUN] - NOT_RUN: setText(findTestObject("Object Repository/FSM1/Complete ABP Inspection/ABP18 Forward Trace/Page_JClient/textarea_Describe action taken"), "Test automation")

2018-12-08 19:59:27 - [TEST_STEP][PASSED] - mydate = new java.util.Date(): null

2018-12-08 19:59:27 - [TEST_STEP][PASSED] - formattedDate = mydate.format("MM/dd/yyy"): null

2018-12-08 19:59:27 - [TEST_STEP][PASSED] - sendKeys(findTestObject("FSM1/Complete ABP Inspection/ABP18 Forward Trace/Page_JClient/DateofDespatch"), formattedDate): Keys '12/08/2018' sent to object: 'Object Repository/FSM1/Complete ABP Inspection/ABP18 Forward Trace/Page_JClient/DateofDespatch'

2018-12-08 19:59:27 - [MESSAGE][PASSED] - Keys '12/08/2018' sent to object: 'Object Repository/FSM1/Complete ABP Inspection/ABP18 Forward Trace/Page_JClient/DateofDespatch'

2018-12-08 19:59:27 - [TEST_STEP][PASSED] - click(findTestObject("Object Repository/FSM1/Complete ABP Inspection/ABP18 Forward Trace/Page_JClient/div_Save")): Object: 'Object Repository/FSM1/Complete ABP Inspection/ABP18 Forward Trace/Page_JClient/div_Save' is clicked on

2018-12-08 19:59:28 - [MESSAGE][PASSED] - Object: 'Object Repository/FSM1/Complete ABP Inspection/ABP18 Forward Trace/Page_JClient/div_Save' is clicked on]]></system-out>
         <system-err><![CDATA[]]></system-err>
      </testcase>
      <testcase name="Test Cases/ABP/Generic/Check Guidance Notes" classname="Test Cases/ABP/Generic/Check Guidance Notes" status="PASSED">
         <system-out><![CDATA[2018-12-08 19:59:28 - [TEST_CASE][PASSED] - Test Cases/ABP/Generic/Check Guidance Notes: Test Cases/ABP/Generic/Check Guidance Notes

2018-12-08 19:59:28 - [TEST_STEP][PASSED] - click(findTestObject("Object Repository/FSM1/Release 21/Page_JClient/div_Data Capture")): Object: 'Object Repository/FSM1/Release 21/Page_JClient/div_Data Capture' is clicked on

2018-12-08 19:59:28 - [MESSAGE][PASSED] - Object: 'Object Repository/FSM1/Release 21/Page_JClient/div_Data Capture' is clicked on

2018-12-08 19:59:28 - [TEST_STEP][PASSED] - delay(2): Delayed 2 second(s)

2018-12-08 19:59:30 - [MESSAGE][PASSED] - Delayed 2 second(s)

2018-12-08 19:59:30 - [TEST_STEP][PASSED] - click(findTestObject("Object Repository/FSM1/Release 21/Page_JClient/div_Notes")): Object: 'Object Repository/FSM1/Release 21/Page_JClient/div_Notes' is clicked on

2018-12-08 19:59:30 - [MESSAGE][PASSED] - Object: 'Object Repository/FSM1/Release 21/Page_JClient/div_Notes' is clicked on

2018-12-08 19:59:30 - [TEST_STEP][PASSED] - delay(2): Delayed 2 second(s)

2018-12-08 19:59:32 - [MESSAGE][PASSED] - Delayed 2 second(s)

2018-12-08 19:59:32 - [TEST_STEP][PASSED] - verifyElementPresent(findTestObject("Object Repository/FSM1/Release 21/Page_JClient/td_0Fully compliant issues rap"), 0): Object 'Object Repository/FSM1/Release 21/Page_JClient/td_0Fully compliant issues rap' is present

2018-12-08 19:59:32 - [MESSAGE][WARNING] - Timeout '0' is invalid. Using default page load timeout: '30'

2018-12-08 19:59:32 - [MESSAGE][PASSED] - Object 'Object Repository/FSM1/Release 21/Page_JClient/td_0Fully compliant issues rap' is present

2018-12-08 19:59:32 - [TEST_STEP][PASSED] - verifyElementPresent(findTestObject("Object Repository/FSM1/Release 21/Page_JClient/td_0No product entering livest"), 0): Object 'Object Repository/FSM1/Release 21/Page_JClient/td_0No product entering livest' is present

2018-12-08 19:59:32 - [MESSAGE][WARNING] - Timeout '0' is invalid. Using default page load timeout: '30'

2018-12-08 19:59:32 - [MESSAGE][PASSED] - Object 'Object Repository/FSM1/Release 21/Page_JClient/td_0No product entering livest' is present

2018-12-08 19:59:32 - [TEST_STEP][PASSED] - verifyElementPresent(findTestObject("Object Repository/FSM1/Release 21/Page_JClient/td_0Not required or complete a"), 0): Object 'Object Repository/FSM1/Release 21/Page_JClient/td_0Not required or complete a' is present

2018-12-08 19:59:32 - [MESSAGE][WARNING] - Timeout '0' is invalid. Using default page load timeout: '30'

2018-12-08 19:59:32 - [MESSAGE][PASSED] - Object 'Object Repository/FSM1/Release 21/Page_JClient/td_0Not required or complete a' is present

2018-12-08 19:59:32 - [TEST_STEP][PASSED] - verifyElementPresent(findTestObject("Object Repository/FSM1/Release 21/Page_JClient/td_0Very low throughput1 tonne"), 0): Object 'Object Repository/FSM1/Release 21/Page_JClient/td_0Very low throughput1 tonne' is present

2018-12-08 19:59:32 - [MESSAGE][WARNING] - Timeout '0' is invalid. Using default page load timeout: '30'

2018-12-08 19:59:32 - [MESSAGE][PASSED] - Object 'Object Repository/FSM1/Release 21/Page_JClient/td_0Very low throughput1 tonne' is present

2018-12-08 19:59:32 - [TEST_STEP][PASSED] - verifyElementPresent(findTestObject("Object Repository/FSM1/Release 21/Page_JClient/td_3Cat 3 material  catering w"), 0): Object 'Object Repository/FSM1/Release 21/Page_JClient/td_3Cat 3 material  catering w' is present

2018-12-08 19:59:32 - [MESSAGE][WARNING] - Timeout '0' is invalid. Using default page load timeout: '30'

2018-12-08 19:59:32 - [MESSAGE][PASSED] - Object 'Object Repository/FSM1/Release 21/Page_JClient/td_3Cat 3 material  catering w' is present

2018-12-08 19:59:32 - [TEST_STEP][PASSED] - verifyElementPresent(findTestObject("Object Repository/FSM1/Release 21/Page_JClient/td_What is the potential risk"), 0): Object 'Object Repository/FSM1/Release 21/Page_JClient/td_What is the potential risk' is present

2018-12-08 19:59:32 - [MESSAGE][WARNING] - Timeout '0' is invalid. Using default page load timeout: '30'

2018-12-08 19:59:32 - [MESSAGE][PASSED] - Object 'Object Repository/FSM1/Release 21/Page_JClient/td_What is the potential risk' is present

2018-12-08 19:59:32 - [TEST_STEP][PASSED] - verifyElementPresent(findTestObject("Object Repository/FSM1/Release 21/Page_JClient/td_0No product entering livest"), 0): Object 'Object Repository/FSM1/Release 21/Page_JClient/td_0No product entering livest' is present

2018-12-08 19:59:32 - [MESSAGE][WARNING] - Timeout '0' is invalid. Using default page load timeout: '30'

2018-12-08 19:59:33 - [MESSAGE][PASSED] - Object 'Object Repository/FSM1/Release 21/Page_JClient/td_0No product entering livest' is present

2018-12-08 19:59:33 - [TEST_STEP][PASSED] - verifyElementPresent(findTestObject("Object Repository/FSM1/Release 21/Page_JClient/td_5Potential risk of product"), 0): Object 'Object Repository/FSM1/Release 21/Page_JClient/td_5Potential risk of product' is present

2018-12-08 19:59:33 - [MESSAGE][WARNING] - Timeout '0' is invalid. Using default page load timeout: '30'

2018-12-08 19:59:33 - [MESSAGE][PASSED] - Object 'Object Repository/FSM1/Release 21/Page_JClient/td_5Potential risk of product' is present

2018-12-08 19:59:33 - [TEST_STEP][PASSED] - verifyElementPresent(findTestObject("Object Repository/FSM1/Release 21/Page_JClient/td_15Potential risk of the pro"), 0): Object 'Object Repository/FSM1/Release 21/Page_JClient/td_15Potential risk of the pro' is present

2018-12-08 19:59:33 - [MESSAGE][WARNING] - Timeout '0' is invalid. Using default page load timeout: '30'

2018-12-08 19:59:33 - [MESSAGE][PASSED] - Object 'Object Repository/FSM1/Release 21/Page_JClient/td_15Potential risk of the pro' is present]]></system-out>
         <system-err><![CDATA[]]></system-err>
      </testcase>
      <testcase name="Test Cases/ABP/Generic/Complete ABP Inspection - Complete" classname="Test Cases/ABP/Generic/Complete ABP Inspection - Complete" status="PASSED">
         <system-out><![CDATA[2018-12-08 19:59:33 - [TEST_CASE][PASSED] - Test Cases/ABP/Generic/Complete ABP Inspection - Complete: Test Cases/ABP/Generic/Complete ABP Inspection - Complete

2018-12-08 19:59:33 - [TEST_STEP][PASSED] - delay(2): Delayed 2 second(s)

2018-12-08 19:59:35 - [MESSAGE][PASSED] - Delayed 2 second(s)

2018-12-08 19:59:35 - [TEST_STEP][PASSED] - click(findTestObject("Object Repository/FSM1/Complete ABP Inspection/Complete ABP01a Inspection/Page_JClient/div_STARTED (locked)")): Object: 'Object Repository/FSM1/Complete ABP Inspection/Complete ABP01a Inspection/Page_JClient/div_STARTED (locked)' is clicked on

2018-12-08 19:59:35 - [MESSAGE][PASSED] - Object: 'Object Repository/FSM1/Complete ABP Inspection/Complete ABP01a Inspection/Page_JClient/div_STARTED (locked)' is clicked on

2018-12-08 19:59:35 - [TEST_STEP][PASSED] - delay(2): Delayed 2 second(s)

2018-12-08 19:59:37 - [MESSAGE][PASSED] - Delayed 2 second(s)

2018-12-08 19:59:37 - [TEST_STEP][PASSED] - click(findTestObject("Object Repository/FSM1/Complete ABP Inspection/Complete ABP01a Inspection/Page_JClient/div_COMPLETED")): Object: 'Object Repository/FSM1/Complete ABP Inspection/Complete ABP01a Inspection/Page_JClient/div_COMPLETED' is clicked on

2018-12-08 19:59:37 - [MESSAGE][PASSED] - Object: 'Object Repository/FSM1/Complete ABP Inspection/Complete ABP01a Inspection/Page_JClient/div_COMPLETED' is clicked on

2018-12-08 19:59:37 - [TEST_STEP][PASSED] - selectOptionByValue(findTestObject("Object Repository/FSM1/Complete ABP Inspection/Complete ABP01a Inspection/Page_JClient/select_Yes"), "COMPLETED", true): All options with value 'COMPLETED' are selected in object 'Object Repository/FSM1/Complete ABP Inspection/Complete ABP01a Inspection/Page_JClient/select_Yes'  using regular expression

2018-12-08 19:59:37 - [MESSAGE][PASSED] - All options with value 'COMPLETED' are selected in object 'Object Repository/FSM1/Complete ABP Inspection/Complete ABP01a Inspection/Page_JClient/select_Yes'  using regular expression

2018-12-08 19:59:37 - [TEST_STEP][PASSED] - delay(3): Delayed 3 second(s)

2018-12-08 19:59:40 - [MESSAGE][PASSED] - Delayed 3 second(s)

2018-12-08 19:59:40 - [TEST_STEP][PASSED] - click(findTestObject("Object Repository/FSM1/Complete ABP Inspection/Complete ABP01a Inspection/Page_JClient/div_Save")): Object: 'Object Repository/FSM1/Complete ABP Inspection/Complete ABP01a Inspection/Page_JClient/div_Save' is clicked on

2018-12-08 19:59:41 - [MESSAGE][PASSED] - Object: 'Object Repository/FSM1/Complete ABP Inspection/Complete ABP01a Inspection/Page_JClient/div_Save' is clicked on

2018-12-08 19:59:41 - [TEST_STEP][PASSED] - delay(2): Delayed 2 second(s)

2018-12-08 19:59:43 - [MESSAGE][PASSED] - Delayed 2 second(s)

2018-12-08 19:59:43 - [TEST_STEP][PASSED] - click(findTestObject("Object Repository/FSM1/Complete ABP Inspection/Complete ABP01a Inspection/Page_JClient/div_Ok")): Object: 'Object Repository/FSM1/Complete ABP Inspection/Complete ABP01a Inspection/Page_JClient/div_Ok' is clicked on

2018-12-08 19:59:43 - [MESSAGE][PASSED] - Object: 'Object Repository/FSM1/Complete ABP Inspection/Complete ABP01a Inspection/Page_JClient/div_Ok' is clicked on

2018-12-08 19:59:43 - [TEST_STEP][PASSED] - delay(30): Delayed 30 second(s)

2018-12-08 20:00:13 - [MESSAGE][PASSED] - Delayed 30 second(s)]]></system-out>
         <system-err><![CDATA[]]></system-err>
      </testcase>
      <testcase name="Test Cases/Generic/Launch Job Manager Control Centre - Check Result" classname="Test Cases/Generic/Launch Job Manager Control Centre - Check Result" status="PASSED">
         <system-out><![CDATA[2018-12-08 20:00:13 - [TEST_CASE][PASSED] - Test Cases/Generic/Launch Job Manager Control Centre - Check Result: Test Cases/Generic/Launch Job Manager Control Centre - Check Result

2018-12-08 20:00:13 - [TEST_STEP][PASSED] - openBrowser(""): Browser is opened with url: ''

2018-12-08 20:00:13 - [MESSAGE][WARNING] - A browser is already opened. Closing browser and opening a new one

2018-12-08 20:00:14 - [MESSAGE][INFO] - Starting 'Chrome' driver

2018-12-08 20:00:16 - [MESSAGE][PASSED] - Browser is opened with url: ''

2018-12-08 20:00:16 - [TEST_STEP][PASSED] - navigateToUrl(CCURL): Navigate to 'https://kirona-def-6.kirona.com/jmprep/login#!loginView' successfully

2018-12-08 20:00:17 - [MESSAGE][PASSED] - Navigate to 'https://kirona-def-6.kirona.com/jmprep/login#!loginView' successfully

2018-12-08 20:00:17 - [TEST_STEP][PASSED] - setText(findTestObject("FSM1/Control Centre/Page_Job Manager Login/input_gwt-uid-3"), Username): Text 'jon.hatfield' is set on object 'Object Repository/FSM1/Control Centre/Page_Job Manager Login/input_gwt-uid-3'

2018-12-08 20:00:17 - [MESSAGE][PASSED] - Text 'jon.hatfield' is set on object 'Object Repository/FSM1/Control Centre/Page_Job Manager Login/input_gwt-uid-3'

2018-12-08 20:00:17 - [TEST_STEP][PASSED] - setText(findTestObject("FSM1/Control Centre/Page_Job Manager Login/input_gwt-uid-5"), Password): Text 'Fr@nc1sJ0n' is set on object 'Object Repository/FSM1/Control Centre/Page_Job Manager Login/input_gwt-uid-5'

2018-12-08 20:00:18 - [MESSAGE][PASSED] - Text 'Fr@nc1sJ0n' is set on object 'Object Repository/FSM1/Control Centre/Page_Job Manager Login/input_gwt-uid-5'

2018-12-08 20:00:18 - [TEST_STEP][PASSED] - click(findTestObject("FSM1/PreProd/Page_Job Manager Login/div_Login")): Object: 'Object Repository/FSM1/PreProd/Page_Job Manager Login/div_Login' is clicked on

2018-12-08 20:00:18 - [MESSAGE][PASSED] - Object: 'Object Repository/FSM1/PreProd/Page_Job Manager Login/div_Login' is clicked on

2018-12-08 20:00:18 - [TEST_STEP][PASSED] - delay(15): Delayed 15 second(s)

2018-12-08 20:00:33 - [MESSAGE][PASSED] - Delayed 15 second(s)]]></system-out>
         <system-err><![CDATA[]]></system-err>
      </testcase>
      <testcase name="Test Cases/ABP/ABPR34a/Control Centre - Check Results - ABPR34a" classname="Test Cases/ABP/ABPR34a/Control Centre - Check Results - ABPR34a" status="PASSED">
         <system-out><![CDATA[2018-12-08 20:00:33 - [TEST_CASE][PASSED] - Test Cases/ABP/ABPR34a/Control Centre - Check Results - ABPR34a: Test Cases/ABP/ABPR34a/Control Centre - Check Results - ABPR34a

2018-12-08 20:00:33 - [TEST_STEP][PASSED] - log = new com.kms.katalon.core.logging.KeywordLogger(): null

2018-12-08 20:00:33 - [TEST_STEP][PASSED] - setText(findTestObject("Object Repository/FSM1/EMI Check Results/Page_JM Control Centre/input_Recents_v-textfield v-wi"), temp): Text '94478' is set on object 'Object Repository/FSM1/EMI Check Results/Page_JM Control Centre/input_Recents_v-textfield v-wi'

2018-12-08 20:00:33 - [MESSAGE][PASSED] - Text '94478' is set on object 'Object Repository/FSM1/EMI Check Results/Page_JM Control Centre/input_Recents_v-textfield v-wi'

2018-12-08 20:00:33 - [TEST_STEP][PASSED] - click(findTestObject("Object Repository/FSM1/EMI Check Results/Page_JM Control Centre/span_")): Object: 'Object Repository/FSM1/EMI Check Results/Page_JM Control Centre/span_' is clicked on

2018-12-08 20:00:34 - [MESSAGE][PASSED] - Object: 'Object Repository/FSM1/EMI Check Results/Page_JM Control Centre/span_' is clicked on

2018-12-08 20:00:34 - [TEST_STEP][PASSED] - waitForElementPresent(findTestObject("Object Repository/FSM1/EMI Check Results/Page_JM Control Centre/div_CLOSED"), 60): Object 'Object Repository/FSM1/EMI Check Results/Page_JM Control Centre/div_CLOSED' is present

2018-12-08 20:00:37 - [MESSAGE][PASSED] - Object 'Object Repository/FSM1/EMI Check Results/Page_JM Control Centre/div_CLOSED' is present

2018-12-08 20:00:37 - [TEST_STEP][PASSED] - delay(3): Delayed 3 second(s)

2018-12-08 20:00:40 - [MESSAGE][PASSED] - Delayed 3 second(s)

2018-12-08 20:00:40 - [TEST_STEP][PASSED] - verifyElementPresent(findTestObject("FSM1/Complete ABP Inspection/Check Results/03a/Page_JM Control Centre/div_Attachments_ABPR17 - Backw"), 5): Object 'Object Repository/FSM1/Complete ABP Inspection/Check Results/03a/Page_JM Control Centre/div_Attachments_ABPR17 - Backw' is present

2018-12-08 20:00:40 - [MESSAGE][PASSED] - Object 'Object Repository/FSM1/Complete ABP Inspection/Check Results/03a/Page_JM Control Centre/div_Attachments_ABPR17 - Backw' is present

2018-12-08 20:00:40 - [TEST_STEP][PASSED] - verifyElementPresent(findTestObject("FSM1/Complete ABP Inspection/Check Results/03a/Page_JM Control Centre/div_Attachments_ABPR34A"), 5): Object 'Object Repository/FSM1/Complete ABP Inspection/Check Results/03a/Page_JM Control Centre/div_Attachments_ABPR34A' is present

2018-12-08 20:00:40 - [MESSAGE][PASSED] - Object 'Object Repository/FSM1/Complete ABP Inspection/Check Results/03a/Page_JM Control Centre/div_Attachments_ABPR34A' is present

2018-12-08 20:00:40 - [TEST_STEP][PASSED] - verifyElementPresent(findTestObject("FSM1/Complete ABP Inspection/Check Results/03a/Page_JM Control Centre/div_Attachments_ABPR18 - Forwa"), 5): Object 'Object Repository/FSM1/Complete ABP Inspection/Check Results/03a/Page_JM Control Centre/div_Attachments_ABPR18 - Forwa' is present

2018-12-08 20:00:40 - [MESSAGE][PASSED] - Object 'Object Repository/FSM1/Complete ABP Inspection/Check Results/03a/Page_JM Control Centre/div_Attachments_ABPR18 - Forwa' is present]]></system-out>
         <system-err><![CDATA[]]></system-err>
      </testcase>
      <testcase name="Test Cases/ABP/Generic/Check Subsequent Inspection Exist" classname="Test Cases/ABP/Generic/Check Subsequent Inspection Exist" status="FAILED">
         <failure type="FAILED" message="Test Cases/ABP/Generic/Check Subsequent Inspection Exist FAILED.
Reason:
com.kms.katalon.core.exception.StepFailedException: Unable to verify object 'Object Repository/FSM1/Complete ABP Inspection/Check Subsequent Inspections/New/Page_JM Control Centre/div_2 found.' is visible (Root cause: com.kms.katalon.core.exception.StepFailedException: Web element with id: 'Object Repository/FSM1/Complete ABP Inspection/Check Subsequent Inspections/New/Page_JM Control Centre/div_2 found.' located by 'By.xpath: //div[@class = 'v-captiontext' and (text() = '2 found.' or . = '2 found.')]' not found)
	at com.kms.katalon.core.keyword.internal.KeywordMain.stepFailed(KeywordMain.groovy:36)
	at com.kms.katalon.core.webui.keyword.internal.WebUIKeywordMain.stepFailed(WebUIKeywordMain.groovy:65)
	at com.kms.katalon.core.webui.keyword.internal.WebUIKeywordMain.runKeyword(WebUIKeywordMain.groovy:27)
	at com.kms.katalon.core.webui.keyword.builtin.VerifyElementVisibleKeyword.verifyElementVisible(VerifyElementVisibleKeyword.groovy:97)
	at com.kms.katalon.core.webui.keyword.builtin.VerifyElementVisibleKeyword.execute(VerifyElementVisibleKeyword.groovy:67)
	at com.kms.katalon.core.keyword.internal.KeywordExecutor.executeKeywordForPlatform(KeywordExecutor.groovy:53)
	at com.kms.katalon.core.webui.keyword.WebUiBuiltInKeywords.verifyElementVisible(WebUiBuiltInKeywords.groovy:372)
	at com.kms.katalon.core.webui.keyword.WebUiBuiltInKeywords$verifyElementVisible$15.call(Unknown Source)
	at Check Subsequent Inspection Exist.run(Check Subsequent Inspection Exist:24)
	at com.kms.katalon.core.main.ScriptEngine.run(ScriptEngine.java:194)
	at com.kms.katalon.core.main.ScriptEngine.runScriptAsRawText(ScriptEngine.java:119)
	at com.kms.katalon.core.main.TestCaseExecutor.runScript(TestCaseExecutor.java:321)
	at com.kms.katalon.core.main.TestCaseExecutor.doExecute(TestCaseExecutor.java:312)
	at com.kms.katalon.core.main.TestCaseExecutor.processExecutionPhase(TestCaseExecutor.java:291)
	at com.kms.katalon.core.main.TestCaseExecutor.accessMainPhase(TestCaseExecutor.java:283)
	at com.kms.katalon.core.main.TestCaseExecutor.execute(TestCaseExecutor.java:222)
	at com.kms.katalon.core.main.TestSuiteExecutor.accessTestCaseMainPhase(TestSuiteExecutor.java:129)
	at com.kms.katalon.core.main.TestSuiteExecutor.accessTestSuiteMainPhase(TestSuiteExecutor.java:112)
	at com.kms.katalon.core.main.TestSuiteExecutor.execute(TestSuiteExecutor.java:81)
	at com.kms.katalon.core.main.TestCaseMain.startTestSuite(TestCaseMain.java:149)
	at com.kms.katalon.core.main.TestCaseMain$startTestSuite$0.call(Unknown Source)
	at TempTestSuite1544298877468.run(TempTestSuite1544298877468.groovy:36)
"/>
         <system-out><![CDATA[2018-12-08 20:00:40 - [TEST_CASE][FAILED] - Test Cases/ABP/Generic/Check Subsequent Inspection Exist: Test Cases/ABP/Generic/Check Subsequent Inspection Exist FAILED.
Reason:
com.kms.katalon.core.exception.StepFailedException: Unable to verify object 'Object Repository/FSM1/Complete ABP Inspection/Check Subsequent Inspections/New/Page_JM Control Centre/div_2 found.' is visible (Root cause: com.kms.katalon.core.exception.StepFailedException: Web element with id: 'Object Repository/FSM1/Complete ABP Inspection/Check Subsequent Inspections/New/Page_JM Control Centre/div_2 found.' located by 'By.xpath: //div[@class = 'v-captiontext' and (text() = '2 found.' or . = '2 found.')]' not found)
	at com.kms.katalon.core.keyword.internal.KeywordMain.stepFailed(KeywordMain.groovy:36)
	at com.kms.katalon.core.webui.keyword.internal.WebUIKeywordMain.stepFailed(WebUIKeywordMain.groovy:65)
	at com.kms.katalon.core.webui.keyword.internal.WebUIKeywordMain.runKeyword(WebUIKeywordMain.groovy:27)
	at com.kms.katalon.core.webui.keyword.builtin.VerifyElementVisibleKeyword.verifyElementVisible(VerifyElementVisibleKeyword.groovy:97)
	at com.kms.katalon.core.webui.keyword.builtin.VerifyElementVisibleKeyword.execute(VerifyElementVisibleKeyword.groovy:67)
	at com.kms.katalon.core.keyword.internal.KeywordExecutor.executeKeywordForPlatform(KeywordExecutor.groovy:53)
	at com.kms.katalon.core.webui.keyword.WebUiBuiltInKeywords.verifyElementVisible(WebUiBuiltInKeywords.groovy:372)
	at com.kms.katalon.core.webui.keyword.WebUiBuiltInKeywords$verifyElementVisible$15.call(Unknown Source)
	at Check Subsequent Inspection Exist.run(Check Subsequent Inspection Exist:24)
	at com.kms.katalon.core.main.ScriptEngine.run(ScriptEngine.java:194)
	at com.kms.katalon.core.main.ScriptEngine.runScriptAsRawText(ScriptEngine.java:119)
	at com.kms.katalon.core.main.TestCaseExecutor.runScript(TestCaseExecutor.java:321)
	at com.kms.katalon.core.main.TestCaseExecutor.doExecute(TestCaseExecutor.java:312)
	at com.kms.katalon.core.main.TestCaseExecutor.processExecutionPhase(TestCaseExecutor.java:291)
	at com.kms.katalon.core.main.TestCaseExecutor.accessMainPhase(TestCaseExecutor.java:283)
	at com.kms.katalon.core.main.TestCaseExecutor.execute(TestCaseExecutor.java:222)
	at com.kms.katalon.core.main.TestSuiteExecutor.accessTestCaseMainPhase(TestSuiteExecutor.java:129)
	at com.kms.katalon.core.main.TestSuiteExecutor.accessTestSuiteMainPhase(TestSuiteExecutor.java:112)
	at com.kms.katalon.core.main.TestSuiteExecutor.execute(TestSuiteExecutor.java:81)
	at com.kms.katalon.core.main.TestCaseMain.startTestSuite(TestCaseMain.java:149)
	at com.kms.katalon.core.main.TestCaseMain$startTestSuite$0.call(Unknown Source)
	at TempTestSuite1544298877468.run(TempTestSuite1544298877468.groovy:36)


2018-12-08 20:00:40 - [TEST_STEP][PASSED] - delay(2): Delayed 2 second(s)

2018-12-08 20:00:42 - [MESSAGE][PASSED] - Delayed 2 second(s)

2018-12-08 20:00:42 - [TEST_STEP][PASSED] - click(findTestObject("Object Repository/FSM1/Complete ABP Inspection/Check Subsequent Inspections/New/Page_JM Control Centre/div_")): Object: 'Object Repository/FSM1/Complete ABP Inspection/Check Subsequent Inspections/New/Page_JM Control Centre/div_' is clicked on

2018-12-08 20:00:43 - [MESSAGE][PASSED] - Object: 'Object Repository/FSM1/Complete ABP Inspection/Check Subsequent Inspections/New/Page_JM Control Centre/div_' is clicked on

2018-12-08 20:00:43 - [TEST_STEP][PASSED] - click(findTestObject("Object Repository/FSM1/Complete ABP Inspection/Check Subsequent Inspections/New/Page_JM Control Centre/span_List All Subordinate Jobs")): Object: 'Object Repository/FSM1/Complete ABP Inspection/Check Subsequent Inspections/New/Page_JM Control Centre/span_List All Subordinate Jobs' is clicked on

2018-12-08 20:00:43 - [MESSAGE][PASSED] - Object: 'Object Repository/FSM1/Complete ABP Inspection/Check Subsequent Inspections/New/Page_JM Control Centre/span_List All Subordinate Jobs' is clicked on

2018-12-08 20:00:43 - [TEST_STEP][PASSED] - delay(2): Delayed 2 second(s)

2018-12-08 20:00:45 - [MESSAGE][PASSED] - Delayed 2 second(s)

2018-12-08 20:00:45 - [TEST_STEP][FAILED] - verifyElementVisible(findTestObject("Object Repository/FSM1/Complete ABP Inspection/Check Subsequent Inspections/New/Page_JM Control Centre/div_2 found.")): verifyElementVisible(findTestObject("Object Repository/FSM1/Complete ABP Inspection/Check Subsequent Inspections/New/Page_JM Control Centre/div_2 found.")) FAILED.
Reason:
com.kms.katalon.core.exception.StepFailedException: Unable to verify object 'Object Repository/FSM1/Complete ABP Inspection/Check Subsequent Inspections/New/Page_JM Control Centre/div_2 found.' is visible (Root cause: com.kms.katalon.core.exception.StepFailedException: Web element with id: 'Object Repository/FSM1/Complete ABP Inspection/Check Subsequent Inspections/New/Page_JM Control Centre/div_2 found.' located by 'By.xpath: //div[@class = 'v-captiontext' and (text() = '2 found.' or . = '2 found.')]' not found)
	at com.kms.katalon.core.keyword.internal.KeywordMain.stepFailed(KeywordMain.groovy:36)
	at com.kms.katalon.core.webui.keyword.internal.WebUIKeywordMain.stepFailed(WebUIKeywordMain.groovy:65)
	at com.kms.katalon.core.webui.keyword.internal.WebUIKeywordMain.runKeyword(WebUIKeywordMain.groovy:27)
	at com.kms.katalon.core.webui.keyword.builtin.VerifyElementVisibleKeyword.verifyElementVisible(VerifyElementVisibleKeyword.groovy:97)
	at com.kms.katalon.core.webui.keyword.builtin.VerifyElementVisibleKeyword.execute(VerifyElementVisibleKeyword.groovy:67)
	at com.kms.katalon.core.keyword.internal.KeywordExecutor.executeKeywordForPlatform(KeywordExecutor.groovy:53)
	at com.kms.katalon.core.webui.keyword.WebUiBuiltInKeywords.verifyElementVisible(WebUiBuiltInKeywords.groovy:372)
	at com.kms.katalon.core.webui.keyword.WebUiBuiltInKeywords$verifyElementVisible$15.call(Unknown Source)
	at Check Subsequent Inspection Exist.run(Check Subsequent Inspection Exist:24)
	at com.kms.katalon.core.main.ScriptEngine.run(ScriptEngine.java:194)
	at com.kms.katalon.core.main.ScriptEngine.runScriptAsRawText(ScriptEngine.java:119)
	at com.kms.katalon.core.main.TestCaseExecutor.runScript(TestCaseExecutor.java:321)
	at com.kms.katalon.core.main.TestCaseExecutor.doExecute(TestCaseExecutor.java:312)
	at com.kms.katalon.core.main.TestCaseExecutor.processExecutionPhase(TestCaseExecutor.java:291)
	at com.kms.katalon.core.main.TestCaseExecutor.accessMainPhase(TestCaseExecutor.java:283)
	at com.kms.katalon.core.main.TestCaseExecutor.execute(TestCaseExecutor.java:222)
	at com.kms.katalon.core.main.TestSuiteExecutor.accessTestCaseMainPhase(TestSuiteExecutor.java:129)
	at com.kms.katalon.core.main.TestSuiteExecutor.accessTestSuiteMainPhase(TestSuiteExecutor.java:112)
	at com.kms.katalon.core.main.TestSuiteExecutor.execute(TestSuiteExecutor.java:81)
	at com.kms.katalon.core.main.TestCaseMain.startTestSuite(TestCaseMain.java:149)
	at com.kms.katalon.core.main.TestCaseMain$startTestSuite$0.call(Unknown Source)
	at TempTestSuite1544298877468.run(TempTestSuite1544298877468.groovy:36)


2018-12-08 20:01:17 - [MESSAGE][INFO] - Unable to find the element located by 'By.xpath: //div[@class = 'v-captiontext' and (text() = '2 found.' or . = '2 found.')]'. Please recheck the objects properties to make sure the desired element is located. 

2018-12-08 20:01:18 - [MESSAGE][FAILED] - Web element with id: 'Object Repository/FSM1/Complete ABP Inspection/Check Subsequent Inspections/New/Page_JM Control Centre/div_2 found.' located by 'By.xpath: //div[@class = 'v-captiontext' and (text() = '2 found.' or . = '2 found.')]' not found
[[ATTACHMENT|C:\\Users\\jonha\\Documents\\Katalon\\APHA\\JM_8.9\\FSM_Regression\\Reports\\ABP\\ABP Regression - 34a\\20181208_195437\\1544299277733.png]]

2018-12-08 20:01:18 - [MESSAGE][FAILED] - Unable to verify object 'Object Repository/FSM1/Complete ABP Inspection/Check Subsequent Inspections/New/Page_JM Control Centre/div_2 found.' is visible (Root cause: com.kms.katalon.core.exception.StepFailedException: Web element with id: 'Object Repository/FSM1/Complete ABP Inspection/Check Subsequent Inspections/New/Page_JM Control Centre/div_2 found.' located by 'By.xpath: //div[@class = 'v-captiontext' and (text() = '2 found.' or . = '2 found.')]' not found)
[[ATTACHMENT|C:\\Users\\jonha\\Documents\\Katalon\\APHA\\JM_8.9\\FSM_Regression\\Reports\\ABP\\ABP Regression - 34a\\20181208_195437\\1544299278238.png]]

2018-12-08 20:01:18 - [MESSAGE][FAILED] - verifyElementVisible(findTestObject("Object Repository/FSM1/Complete ABP Inspection/Check Subsequent Inspections/New/Page_JM Control Centre/div_2 found.")) FAILED.
Reason:
com.kms.katalon.core.exception.StepFailedException: Unable to verify object 'Object Repository/FSM1/Complete ABP Inspection/Check Subsequent Inspections/New/Page_JM Control Centre/div_2 found.' is visible (Root cause: com.kms.katalon.core.exception.StepFailedException: Web element with id: 'Object Repository/FSM1/Complete ABP Inspection/Check Subsequent Inspections/New/Page_JM Control Centre/div_2 found.' located by 'By.xpath: //div[@class = 'v-captiontext' and (text() = '2 found.' or . = '2 found.')]' not found)
	at com.kms.katalon.core.keyword.internal.KeywordMain.stepFailed(KeywordMain.groovy:36)
	at com.kms.katalon.core.webui.keyword.internal.WebUIKeywordMain.stepFailed(WebUIKeywordMain.groovy:65)
	at com.kms.katalon.core.webui.keyword.internal.WebUIKeywordMain.runKeyword(WebUIKeywordMain.groovy:27)
	at com.kms.katalon.core.webui.keyword.builtin.VerifyElementVisibleKeyword.verifyElementVisible(VerifyElementVisibleKeyword.groovy:97)
	at com.kms.katalon.core.webui.keyword.builtin.VerifyElementVisibleKeyword.execute(VerifyElementVisibleKeyword.groovy:67)
	at com.kms.katalon.core.keyword.internal.KeywordExecutor.executeKeywordForPlatform(KeywordExecutor.groovy:53)
	at com.kms.katalon.core.webui.keyword.WebUiBuiltInKeywords.verifyElementVisible(WebUiBuiltInKeywords.groovy:372)
	at com.kms.katalon.core.webui.keyword.WebUiBuiltInKeywords$verifyElementVisible$15.call(Unknown Source)
	at Check Subsequent Inspection Exist.run(Check Subsequent Inspection Exist:24)
	at com.kms.katalon.core.main.ScriptEngine.run(ScriptEngine.java:194)
	at com.kms.katalon.core.main.ScriptEngine.runScriptAsRawText(ScriptEngine.java:119)
	at com.kms.katalon.core.main.TestCaseExecutor.runScript(TestCaseExecutor.java:321)
	at com.kms.katalon.core.main.TestCaseExecutor.doExecute(TestCaseExecutor.java:312)
	at com.kms.katalon.core.main.TestCaseExecutor.processExecutionPhase(TestCaseExecutor.java:291)
	at com.kms.katalon.core.main.TestCaseExecutor.accessMainPhase(TestCaseExecutor.java:283)
	at com.kms.katalon.core.main.TestCaseExecutor.execute(TestCaseExecutor.java:222)
	at com.kms.katalon.core.main.TestSuiteExecutor.accessTestCaseMainPhase(TestSuiteExecutor.java:129)
	at com.kms.katalon.core.main.TestSuiteExecutor.accessTestSuiteMainPhase(TestSuiteExecutor.java:112)
	at com.kms.katalon.core.main.TestSuiteExecutor.execute(TestSuiteExecutor.java:81)
	at com.kms.katalon.core.main.TestCaseMain.startTestSuite(TestCaseMain.java:149)
	at com.kms.katalon.core.main.TestCaseMain$startTestSuite$0.call(Unknown Source)
	at TempTestSuite1544298877468.run(TempTestSuite1544298877468.groovy:36)]]></system-out>
         <system-err><![CDATA[2018-12-08 20:00:40 - [TEST_CASE][FAILED] - Test Cases/ABP/Generic/Check Subsequent Inspection Exist: Test Cases/ABP/Generic/Check Subsequent Inspection Exist FAILED.
Reason:
com.kms.katalon.core.exception.StepFailedException: Unable to verify object 'Object Repository/FSM1/Complete ABP Inspection/Check Subsequent Inspections/New/Page_JM Control Centre/div_2 found.' is visible (Root cause: com.kms.katalon.core.exception.StepFailedException: Web element with id: 'Object Repository/FSM1/Complete ABP Inspection/Check Subsequent Inspections/New/Page_JM Control Centre/div_2 found.' located by 'By.xpath: //div[@class = 'v-captiontext' and (text() = '2 found.' or . = '2 found.')]' not found)
	at com.kms.katalon.core.keyword.internal.KeywordMain.stepFailed(KeywordMain.groovy:36)
	at com.kms.katalon.core.webui.keyword.internal.WebUIKeywordMain.stepFailed(WebUIKeywordMain.groovy:65)
	at com.kms.katalon.core.webui.keyword.internal.WebUIKeywordMain.runKeyword(WebUIKeywordMain.groovy:27)
	at com.kms.katalon.core.webui.keyword.builtin.VerifyElementVisibleKeyword.verifyElementVisible(VerifyElementVisibleKeyword.groovy:97)
	at com.kms.katalon.core.webui.keyword.builtin.VerifyElementVisibleKeyword.execute(VerifyElementVisibleKeyword.groovy:67)
	at com.kms.katalon.core.keyword.internal.KeywordExecutor.executeKeywordForPlatform(KeywordExecutor.groovy:53)
	at com.kms.katalon.core.webui.keyword.WebUiBuiltInKeywords.verifyElementVisible(WebUiBuiltInKeywords.groovy:372)
	at com.kms.katalon.core.webui.keyword.WebUiBuiltInKeywords$verifyElementVisible$15.call(Unknown Source)
	at Check Subsequent Inspection Exist.run(Check Subsequent Inspection Exist:24)
	at com.kms.katalon.core.main.ScriptEngine.run(ScriptEngine.java:194)
	at com.kms.katalon.core.main.ScriptEngine.runScriptAsRawText(ScriptEngine.java:119)
	at com.kms.katalon.core.main.TestCaseExecutor.runScript(TestCaseExecutor.java:321)
	at com.kms.katalon.core.main.TestCaseExecutor.doExecute(TestCaseExecutor.java:312)
	at com.kms.katalon.core.main.TestCaseExecutor.processExecutionPhase(TestCaseExecutor.java:291)
	at com.kms.katalon.core.main.TestCaseExecutor.accessMainPhase(TestCaseExecutor.java:283)
	at com.kms.katalon.core.main.TestCaseExecutor.execute(TestCaseExecutor.java:222)
	at com.kms.katalon.core.main.TestSuiteExecutor.accessTestCaseMainPhase(TestSuiteExecutor.java:129)
	at com.kms.katalon.core.main.TestSuiteExecutor.accessTestSuiteMainPhase(TestSuiteExecutor.java:112)
	at com.kms.katalon.core.main.TestSuiteExecutor.execute(TestSuiteExecutor.java:81)
	at com.kms.katalon.core.main.TestCaseMain.startTestSuite(TestCaseMain.java:149)
	at com.kms.katalon.core.main.TestCaseMain$startTestSuite$0.call(Unknown Source)
	at TempTestSuite1544298877468.run(TempTestSuite1544298877468.groovy:36)]]></system-err>
      </testcase>
      <system-out><![CDATA[2018-12-08 19:54:39 - [TEST_SUITE][FAILED] - ABP Regression - 34a: Test Cases/ABP/Generic/Check Subsequent Inspection Exist FAILED.
Reason:
com.kms.katalon.core.exception.StepFailedException: Unable to verify object 'Object Repository/FSM1/Complete ABP Inspection/Check Subsequent Inspections/New/Page_JM Control Centre/div_2 found.' is visible (Root cause: com.kms.katalon.core.exception.StepFailedException: Web element with id: 'Object Repository/FSM1/Complete ABP Inspection/Check Subsequent Inspections/New/Page_JM Control Centre/div_2 found.' located by 'By.xpath: //div[@class = 'v-captiontext' and (text() = '2 found.' or . = '2 found.')]' not found)
	at com.kms.katalon.core.keyword.internal.KeywordMain.stepFailed(KeywordMain.groovy:36)
	at com.kms.katalon.core.webui.keyword.internal.WebUIKeywordMain.stepFailed(WebUIKeywordMain.groovy:65)
	at com.kms.katalon.core.webui.keyword.internal.WebUIKeywordMain.runKeyword(WebUIKeywordMain.groovy:27)
	at com.kms.katalon.core.webui.keyword.builtin.VerifyElementVisibleKeyword.verifyElementVisible(VerifyElementVisibleKeyword.groovy:97)
	at com.kms.katalon.core.webui.keyword.builtin.VerifyElementVisibleKeyword.execute(VerifyElementVisibleKeyword.groovy:67)
	at com.kms.katalon.core.keyword.internal.KeywordExecutor.executeKeywordForPlatform(KeywordExecutor.groovy:53)
	at com.kms.katalon.core.webui.keyword.WebUiBuiltInKeywords.verifyElementVisible(WebUiBuiltInKeywords.groovy:372)
	at com.kms.katalon.core.webui.keyword.WebUiBuiltInKeywords$verifyElementVisible$15.call(Unknown Source)
	at Check Subsequent Inspection Exist.run(Check Subsequent Inspection Exist:24)
	at com.kms.katalon.core.main.ScriptEngine.run(ScriptEngine.java:194)
	at com.kms.katalon.core.main.ScriptEngine.runScriptAsRawText(ScriptEngine.java:119)
	at com.kms.katalon.core.main.TestCaseExecutor.runScript(TestCaseExecutor.java:321)
	at com.kms.katalon.core.main.TestCaseExecutor.doExecute(TestCaseExecutor.java:312)
	at com.kms.katalon.core.main.TestCaseExecutor.processExecutionPhase(TestCaseExecutor.java:291)
	at com.kms.katalon.core.main.TestCaseExecutor.accessMainPhase(TestCaseExecutor.java:283)
	at com.kms.katalon.core.main.TestCaseExecutor.execute(TestCaseExecutor.java:222)
	at com.kms.katalon.core.main.TestSuiteExecutor.accessTestCaseMainPhase(TestSuiteExecutor.java:129)
	at com.kms.katalon.core.main.TestSuiteExecutor.accessTestSuiteMainPhase(TestSuiteExecutor.java:112)
	at com.kms.katalon.core.main.TestSuiteExecutor.execute(TestSuiteExecutor.java:81)
	at com.kms.katalon.core.main.TestCaseMain.startTestSuite(TestCaseMain.java:149)
	at com.kms.katalon.core.main.TestCaseMain$startTestSuite$0.call(Unknown Source)
	at TempTestSuite1544298877468.run(TempTestSuite1544298877468.groovy:36)]]></system-out>
      <system-err><![CDATA[2018-12-08 19:54:39 - [TEST_SUITE][FAILED] - ABP Regression - 34a: Test Cases/ABP/Generic/Check Subsequent Inspection Exist FAILED.
Reason:
com.kms.katalon.core.exception.StepFailedException: Unable to verify object 'Object Repository/FSM1/Complete ABP Inspection/Check Subsequent Inspections/New/Page_JM Control Centre/div_2 found.' is visible (Root cause: com.kms.katalon.core.exception.StepFailedException: Web element with id: 'Object Repository/FSM1/Complete ABP Inspection/Check Subsequent Inspections/New/Page_JM Control Centre/div_2 found.' located by 'By.xpath: //div[@class = 'v-captiontext' and (text() = '2 found.' or . = '2 found.')]' not found)
	at com.kms.katalon.core.keyword.internal.KeywordMain.stepFailed(KeywordMain.groovy:36)
	at com.kms.katalon.core.webui.keyword.internal.WebUIKeywordMain.stepFailed(WebUIKeywordMain.groovy:65)
	at com.kms.katalon.core.webui.keyword.internal.WebUIKeywordMain.runKeyword(WebUIKeywordMain.groovy:27)
	at com.kms.katalon.core.webui.keyword.builtin.VerifyElementVisibleKeyword.verifyElementVisible(VerifyElementVisibleKeyword.groovy:97)
	at com.kms.katalon.core.webui.keyword.builtin.VerifyElementVisibleKeyword.execute(VerifyElementVisibleKeyword.groovy:67)
	at com.kms.katalon.core.keyword.internal.KeywordExecutor.executeKeywordForPlatform(KeywordExecutor.groovy:53)
	at com.kms.katalon.core.webui.keyword.WebUiBuiltInKeywords.verifyElementVisible(WebUiBuiltInKeywords.groovy:372)
	at com.kms.katalon.core.webui.keyword.WebUiBuiltInKeywords$verifyElementVisible$15.call(Unknown Source)
	at Check Subsequent Inspection Exist.run(Check Subsequent Inspection Exist:24)
	at com.kms.katalon.core.main.ScriptEngine.run(ScriptEngine.java:194)
	at com.kms.katalon.core.main.ScriptEngine.runScriptAsRawText(ScriptEngine.java:119)
	at com.kms.katalon.core.main.TestCaseExecutor.runScript(TestCaseExecutor.java:321)
	at com.kms.katalon.core.main.TestCaseExecutor.doExecute(TestCaseExecutor.java:312)
	at com.kms.katalon.core.main.TestCaseExecutor.processExecutionPhase(TestCaseExecutor.java:291)
	at com.kms.katalon.core.main.TestCaseExecutor.accessMainPhase(TestCaseExecutor.java:283)
	at com.kms.katalon.core.main.TestCaseExecutor.execute(TestCaseExecutor.java:222)
	at com.kms.katalon.core.main.TestSuiteExecutor.accessTestCaseMainPhase(TestSuiteExecutor.java:129)
	at com.kms.katalon.core.main.TestSuiteExecutor.accessTestSuiteMainPhase(TestSuiteExecutor.java:112)
	at com.kms.katalon.core.main.TestSuiteExecutor.execute(TestSuiteExecutor.java:81)
	at com.kms.katalon.core.main.TestCaseMain.startTestSuite(TestCaseMain.java:149)
	at com.kms.katalon.core.main.TestCaseMain$startTestSuite$0.call(Unknown Source)
	at TempTestSuite1544298877468.run(TempTestSuite1544298877468.groovy:36)]]></system-err>
   </testsuite>
</testsuites>
