<?xml version="1.0" encoding="UTF-8"?>
<testsuites name="PMM Regression - Registration" time="458" tests="9" failures="0" errors="0">
   <testsuite name="PMM Regression - Registration" tests="9" failures="0" errors="0" time="458" timestamp="2018-11-13 20:27:30" hostname="JHATFIELD - SNDFSMINFSRV001.defra.onmicrosoft.com" id="Test Suites/PMM/PMM Regression - Registration">
      <properties>
         <property name="deviceName" value=""/>
         <property name="devicePlatform" value=""/>
         <property name="logFolder" value="C:\\Users\\JHATFIELD\\git\\DEFRA-FSM_Automated_Regression_NEW\\Reports\\PMM\\PMM Regression - Registration\\20181113_201013"/>
         <property name="logFiles" value="C:\\Users\\JHATFIELD\\git\\DEFRA-FSM_Automated_Regression_NEW\\Reports\\PMM\\PMM Regression - Registration\\20181113_201013\\execution0.log"/>
         <property name="attachments" value="C:\\Users\\JHATFIELD\\git\\DEFRA-FSM_Automated_Regression_NEW\\Reports\\PMM\\PMM Regression - Registration\\20181113_201013\\1542141213258.png"/>
         <property name="hostName" value="JHATFIELD - SNDFSMINFSRV001.defra.onmicrosoft.com"/>
         <property name="os" value="Windows Server 2016 64bit"/>
         <property name="katalonVersion" value="5.8.4.14"/>
         <property name="browser" value="Chrome 70.0.3538.102"/>
         <property name="hostAddress" value="10.201.1.17"/>
         <property name="sessionId" value="cb263ecf0a3a38beff753bd78213366c"/>
         <property name="seleniumVersion" value="3.7.1"/>
         <property name="proxyInformation" value="ProxyInformation{proxyOption=NO_PROXY, proxyServerType=HTTP, password=, proxyServerAddress=, proxyServerPort=0}"/>
         <property name="platform" value="Windows Server 2016"/>
      </properties>
      <testcase name="Test Cases/Generic/Launch Job Manager Control Centre" classname="Test Cases/Generic/Launch Job Manager Control Centre" status="PASSED">
         <system-out><![CDATA[2018-11-13 20:27:31 - [TEST_CASE][PASSED] - Test Cases/Generic/Launch Job Manager Control Centre: Test Cases/Generic/Launch Job Manager Control Centre

2018-11-13 20:27:32 - [TEST_STEP][PASSED] - openBrowser: Browser is opened with url: ''

2018-11-13 20:27:37 - [MESSAGE][PASSED] - Browser is opened with url: ''

2018-11-13 20:27:37 - [TEST_STEP][PASSED] - navigateToUrl: Navigate to 'https://kirona-def-6.kirona.com/jmprep/login#!loginView' successfully

2018-11-13 20:27:40 - [MESSAGE][PASSED] - Navigate to 'https://kirona-def-6.kirona.com/jmprep/login#!loginView' successfully

2018-11-13 20:27:40 - [TEST_STEP][PASSED] - setText: Text 'jon.hatfield' is set on object 'Object Repository/FSM1/Control Centre/Page_Job Manager Login/input_gwt-uid-3'

2018-11-13 20:27:41 - [MESSAGE][PASSED] - Text 'jon.hatfield' is set on object 'Object Repository/FSM1/Control Centre/Page_Job Manager Login/input_gwt-uid-3'

2018-11-13 20:27:41 - [TEST_STEP][PASSED] - setText: Text 'Fr@nc1sJ0n' is set on object 'Object Repository/FSM1/Control Centre/Page_Job Manager Login/input_gwt-uid-5'

2018-11-13 20:27:41 - [MESSAGE][PASSED] - Text 'Fr@nc1sJ0n' is set on object 'Object Repository/FSM1/Control Centre/Page_Job Manager Login/input_gwt-uid-5'

2018-11-13 20:27:41 - [TEST_STEP][PASSED] - click: Object: 'Object Repository/FSM1/PreProd/Page_Job Manager Login/div_Login' is clicked on

2018-11-13 20:27:42 - [MESSAGE][PASSED] - Object: 'Object Repository/FSM1/PreProd/Page_Job Manager Login/div_Login' is clicked on

2018-11-13 20:27:42 - [TEST_STEP][PASSED] - delay: Delayed 5 second(s)

2018-11-13 20:27:47 - [MESSAGE][PASSED] - Delayed 5 second(s)]]></system-out>
         <system-err><![CDATA[]]></system-err>
      </testcase>
      <testcase name="Test Cases/PMM/Registration/Create PMM Inspection - Registration" classname="Test Cases/PMM/Registration/Create PMM Inspection - Registration" status="PASSED">
         <system-out><![CDATA[2018-11-13 20:27:47 - [TEST_CASE][PASSED] - Test Cases/PMM/Registration/Create PMM Inspection - Registration: Test Cases/PMM/Registration/Create PMM Inspection - Registration

2018-11-13 20:27:48 - [TEST_STEP][PASSED] - Statement - log = new com.kms.katalon.core.logging.KeywordLogger(): null

2018-11-13 20:27:48 - [TEST_STEP][PASSED] - delay: Delayed 2 second(s)

2018-11-13 20:27:50 - [MESSAGE][PASSED] - Delayed 2 second(s)

2018-11-13 20:27:50 - [TEST_STEP][PASSED] - click: Object: 'Object Repository/FSM1/Complete ABP Inspection/Create PMM Registration/Page_JM Control Centre/div_Create' is clicked on

2018-11-13 20:27:50 - [MESSAGE][PASSED] - Object: 'Object Repository/FSM1/Complete ABP Inspection/Create PMM Registration/Page_JM Control Centre/div_Create' is clicked on

2018-11-13 20:27:50 - [TEST_STEP][PASSED] - delay: Delayed 2 second(s)

2018-11-13 20:27:52 - [MESSAGE][PASSED] - Delayed 2 second(s)

2018-11-13 20:27:52 - [TEST_STEP][PASSED] - setText: Text 'pmr03' is set on object 'Object Repository/FSM1/Create PMM Inspection/d/Page_JM Control Centre/input_Type_gwt-uid-8'

2018-11-13 20:27:52 - [MESSAGE][PASSED] - Text 'pmr03' is set on object 'Object Repository/FSM1/Create PMM Inspection/d/Page_JM Control Centre/input_Type_gwt-uid-8'

2018-11-13 20:27:53 - [TEST_STEP][PASSED] - click: Object: 'Object Repository/FSM1/Create PMM Inspection/a/Page_JM Control Centre/Page_JM Control Centre/span_PMR03 - Producer Registration' is clicked on

2018-11-13 20:27:53 - [MESSAGE][PASSED] - Object: 'Object Repository/FSM1/Create PMM Inspection/a/Page_JM Control Centre/Page_JM Control Centre/span_PMR03 - Producer Registration' is clicked on

2018-11-13 20:27:53 - [TEST_STEP][PASSED] - click: Object: 'Object Repository/FSM1/Create PMM Inspection/e/Page_JM Control Centre/div_SLA_v-filterselect-button' is clicked on

2018-11-13 20:27:55 - [MESSAGE][PASSED] - Object: 'Object Repository/FSM1/Create PMM Inspection/e/Page_JM Control Centre/div_SLA_v-filterselect-button' is clicked on

2018-11-13 20:27:55 - [TEST_STEP][PASSED] - click: Object: 'Object Repository/FSM1/Create PMM Inspection/e/Page_JM Control Centre/span_24 Hours' is clicked on

2018-11-13 20:27:55 - [MESSAGE][PASSED] - Object: 'Object Repository/FSM1/Create PMM Inspection/e/Page_JM Control Centre/span_24 Hours' is clicked on

2018-11-13 20:27:56 - [TEST_STEP][PASSED] - click: Object: 'Object Repository/FSM1/Create PMM Inspection/e/Page_JM Control Centre/div_Region_v-filterselect-butt' is clicked on

2018-11-13 20:27:56 - [MESSAGE][PASSED] - Object: 'Object Repository/FSM1/Create PMM Inspection/e/Page_JM Control Centre/div_Region_v-filterselect-butt' is clicked on

2018-11-13 20:27:56 - [TEST_STEP][PASSED] - click: Object: 'Object Repository/FSM1/Create PMM Inspection/e/Page_JM Control Centre/span_West' is clicked on

2018-11-13 20:27:56 - [MESSAGE][PASSED] - Object: 'Object Repository/FSM1/Create PMM Inspection/e/Page_JM Control Centre/span_West' is clicked on

2018-11-13 20:27:56 - [TEST_STEP][PASSED] - click: Object: 'Object Repository/FSM1/Create PMM Inspection/d/Page_JM Control Centre/div_Production Type_v-filterse' is clicked on

2018-11-13 20:27:57 - [MESSAGE][PASSED] - Object: 'Object Repository/FSM1/Create PMM Inspection/d/Page_JM Control Centre/div_Production Type_v-filterse' is clicked on

2018-11-13 20:27:57 - [TEST_STEP][PASSED] - click: Object: 'Object Repository/FSM1/Create PMM Inspection/d/Page_JM Control Centre/span_Extensive Indoor (Barn Re' is clicked on

2018-11-13 20:27:57 - [MESSAGE][PASSED] - Object: 'Object Repository/FSM1/Create PMM Inspection/d/Page_JM Control Centre/span_Extensive Indoor (Barn Re' is clicked on

2018-11-13 20:27:57 - [TEST_STEP][PASSED] - click: Object: 'Object Repository/FSM1/Create PMM Inspection/d/Page_JM Control Centre/div_Species_v-filterselect-but' is clicked on

2018-11-13 20:27:58 - [MESSAGE][PASSED] - Object: 'Object Repository/FSM1/Create PMM Inspection/d/Page_JM Control Centre/div_Species_v-filterselect-but' is clicked on

2018-11-13 20:27:58 - [TEST_STEP][PASSED] - click: Object: 'Object Repository/FSM1/Create PMM Inspection/d/Page_JM Control Centre/span_Chicken' is clicked on

2018-11-13 20:27:58 - [MESSAGE][PASSED] - Object: 'Object Repository/FSM1/Create PMM Inspection/d/Page_JM Control Centre/span_Chicken' is clicked on

2018-11-13 20:27:58 - [TEST_STEP][PASSED] - setText: Text '62679' is set on object 'Object Repository/FSM1/Create PMM Inspection/d/Page_JM Control Centre/input_Keeper ID_gwt-uid-34'

2018-11-13 20:27:59 - [MESSAGE][PASSED] - Text '62679' is set on object 'Object Repository/FSM1/Create PMM Inspection/d/Page_JM Control Centre/input_Keeper ID_gwt-uid-34'

2018-11-13 20:27:59 - [TEST_STEP][PASSED] - setText: Text '42369' is set on object 'Object Repository/FSM1/Create PMM Inspection/d/Page_JM Control Centre/input_Keeper Name_gwt-uid-36'

2018-11-13 20:27:59 - [MESSAGE][PASSED] - Text '42369' is set on object 'Object Repository/FSM1/Create PMM Inspection/d/Page_JM Control Centre/input_Keeper Name_gwt-uid-36'

2018-11-13 20:27:59 - [TEST_STEP][PASSED] - setText: Text '05678' is set on object 'Object Repository/FSM1/Create PMM Inspection/d/Page_JM Control Centre/input_Keeper Contact Name_gwt- (2)'

2018-11-13 20:27:59 - [MESSAGE][PASSED] - Text '05678' is set on object 'Object Repository/FSM1/Create PMM Inspection/d/Page_JM Control Centre/input_Keeper Contact Name_gwt- (2)'

2018-11-13 20:27:59 - [TEST_STEP][PASSED] - setText: Text '97241' is set on object 'Object Repository/FSM1/Create PMM Inspection/d/Page_JM Control Centre/input_Location ID_gwt-uid-44 (1)'

2018-11-13 20:28:00 - [MESSAGE][PASSED] - Text '97241' is set on object 'Object Repository/FSM1/Create PMM Inspection/d/Page_JM Control Centre/input_Location ID_gwt-uid-44 (1)'

2018-11-13 20:28:00 - [TEST_STEP][PASSED] - setText: Text '22374' is set on object 'Object Repository/FSM1/Complete ABP Inspection/Create PMM Registration/Page_JM Control Centre/input_Customer ID_gwt-uid-48 (2)'

2018-11-13 20:28:00 - [MESSAGE][PASSED] - Text '22374' is set on object 'Object Repository/FSM1/Complete ABP Inspection/Create PMM Registration/Page_JM Control Centre/input_Customer ID_gwt-uid-48 (2)'

2018-11-13 20:28:00 - [TEST_STEP][PASSED] - setText: Text '81192' is set on object 'Object Repository/FSM1/Complete ABP Inspection/Create PMM Registration/Page_JM Control Centre/input_Customer Name_gwt-uid-50'

2018-11-13 20:28:01 - [MESSAGE][PASSED] - Text '81192' is set on object 'Object Repository/FSM1/Complete ABP Inspection/Create PMM Registration/Page_JM Control Centre/input_Customer Name_gwt-uid-50'

2018-11-13 20:28:01 - [TEST_STEP][PASSED] - setText: Text '19325' is set on object 'Object Repository/FSM1/Complete ABP Inspection/Create PMM Registration/Page_JM Control Centre/input_Customer Contact Name_gw (2)'

2018-11-13 20:28:01 - [MESSAGE][PASSED] - Text '19325' is set on object 'Object Repository/FSM1/Complete ABP Inspection/Create PMM Registration/Page_JM Control Centre/input_Customer Contact Name_gw (2)'

2018-11-13 20:28:01 - [TEST_STEP][PASSED] - setText: Text '93643' is set on object 'Object Repository/FSM1/Create PMM Inspection/d/Page_JM Control Centre/CPH'

2018-11-13 20:28:02 - [MESSAGE][PASSED] - Text '93643' is set on object 'Object Repository/FSM1/Create PMM Inspection/d/Page_JM Control Centre/CPH'

2018-11-13 20:28:02 - [TEST_STEP][PASSED] - setText: Text '91469' is set on object 'Object Repository/FSM1/Create PMM Inspection/d/Page_JM Control Centre/CPHH'

2018-11-13 20:28:02 - [MESSAGE][PASSED] - Text '91469' is set on object 'Object Repository/FSM1/Create PMM Inspection/d/Page_JM Control Centre/CPHH'

2018-11-13 20:28:02 - [TEST_STEP][PASSED] - click: Object: 'Object Repository/FSM1/Control Centre/Create EMI Inspection/Page_JM Control Centre/span_' is clicked on

2018-11-13 20:28:02 - [MESSAGE][PASSED] - Object: 'Object Repository/FSM1/Control Centre/Create EMI Inspection/Page_JM Control Centre/span_' is clicked on

2018-11-13 20:28:02 - [TEST_STEP][PASSED] - click: Object: 'Object Repository/FSM1/Control Centre/Create EMI Inspection/Address Search/Page_JM Control Centre/Postcode Search' is clicked on

2018-11-13 20:28:04 - [MESSAGE][PASSED] - Object: 'Object Repository/FSM1/Control Centre/Create EMI Inspection/Address Search/Page_JM Control Centre/Postcode Search' is clicked on

2018-11-13 20:28:04 - [TEST_STEP][PASSED] - setText: Text 'WR5 2NQ' is set on object 'Object Repository/FSM1/PreProd/Page_JM Control Centre/PostcodeSearch'

2018-11-13 20:28:05 - [MESSAGE][PASSED] - Text 'WR5 2NQ' is set on object 'Object Repository/FSM1/PreProd/Page_JM Control Centre/PostcodeSearch'

2018-11-13 20:28:05 - [TEST_STEP][PASSED] - click: Object: 'Object Repository/FSM1/Control Centre/Create EMI Inspection/Create Address/Page_JM Control Centre (1)/SearchButton' is clicked on

2018-11-13 20:28:05 - [MESSAGE][PASSED] - Object: 'Object Repository/FSM1/Control Centre/Create EMI Inspection/Create Address/Page_JM Control Centre (1)/SearchButton' is clicked on

2018-11-13 20:28:06 - [TEST_STEP][PASSED] - Statement - FullAddress = com.kms.katalon.core.webui.keyword.WebUiBuiltInKeywords.modifyObjectProperty(com.kms.katalon.core.testobject.ObjectRepository.findTestObject(FSM1/Control Centre/Create EMI Inspection/Page_JM Control Centre/Address), "text", "equals", com.kms.katalon.core.testdata.TestDataFactory.findTestData(Pre Production/PMM/PMM Inspection Data).getValue(2, 1), true): Modify property of object successfully

2018-11-13 20:28:06 - [MESSAGE][PASSED] - Modify property of object successfully

2018-11-13 20:28:06 - [TEST_STEP][PASSED] - click: Object: 'Object Repository/FSM1/Control Centre/Create EMI Inspection/Page_JM Control Centre/Address' is clicked on

2018-11-13 20:28:06 - [MESSAGE][PASSED] - Object: 'Object Repository/FSM1/Control Centre/Create EMI Inspection/Page_JM Control Centre/Address' is clicked on

2018-11-13 20:28:06 - [TEST_STEP][PASSED] - click: Object: 'Object Repository/FSM1/Control Centre/Create EMI Inspection/Create Address/Page_JM Control Centre (2)/div_Add Selected Item' is clicked on

2018-11-13 20:28:07 - [MESSAGE][PASSED] - Object: 'Object Repository/FSM1/Control Centre/Create EMI Inspection/Create Address/Page_JM Control Centre (2)/div_Add Selected Item' is clicked on

2018-11-13 20:28:07 - [TEST_STEP][PASSED] - delay: Delayed 2 second(s)

2018-11-13 20:28:09 - [MESSAGE][PASSED] - Delayed 2 second(s)

2018-11-13 20:28:09 - [TEST_STEP][PASSED] - setText: Text 'test' is set on object 'Object Repository/FSM1/Create PMM Inspection/f/Page_JM Control Centre/input_Fixed Resource_gwt-uid-1'

2018-11-13 20:28:10 - [MESSAGE][PASSED] - Text 'test' is set on object 'Object Repository/FSM1/Create PMM Inspection/f/Page_JM Control Centre/input_Fixed Resource_gwt-uid-1'

2018-11-13 20:28:10 - [TEST_STEP][PASSED] - click: Object: 'Object Repository/FSM1/Create PMM Inspection/f/Page_JM Control Centre/span_Test Inspector' is clicked on

2018-11-13 20:28:10 - [MESSAGE][PASSED] - Object: 'Object Repository/FSM1/Create PMM Inspection/f/Page_JM Control Centre/span_Test Inspector' is clicked on

2018-11-13 20:28:10 - [TEST_STEP][PASSED] - click: Object: 'Object Repository/FSM1/Create PMM Inspection/f/Page_JM Control Centre/div_Auto Schedulable_v-filters' is clicked on

2018-11-13 20:28:10 - [MESSAGE][PASSED] - Object: 'Object Repository/FSM1/Create PMM Inspection/f/Page_JM Control Centre/div_Auto Schedulable_v-filters' is clicked on

2018-11-13 20:28:10 - [TEST_STEP][PASSED] - setText: Text 'Test Inspector' is set on object 'Object Repository/FSM1/Create PMM Inspection/f/Page_JM Control Centre/input_Fixed Resource_gwt-uid-1'

2018-11-13 20:28:12 - [MESSAGE][PASSED] - Text 'Test Inspector' is set on object 'Object Repository/FSM1/Create PMM Inspection/f/Page_JM Control Centre/input_Fixed Resource_gwt-uid-1'

2018-11-13 20:28:12 - [TEST_STEP][PASSED] - click: Object: 'Object Repository/FSM1/Create PMM Inspection/f/Page_JM Control Centre/span_Yes' is clicked on

2018-11-13 20:28:12 - [MESSAGE][PASSED] - Object: 'Object Repository/FSM1/Create PMM Inspection/f/Page_JM Control Centre/span_Yes' is clicked on

2018-11-13 20:28:12 - [TEST_STEP][PASSED] - delay: Delayed 2 second(s)

2018-11-13 20:28:14 - [MESSAGE][PASSED] - Delayed 2 second(s)

2018-11-13 20:28:14 - [TEST_STEP][PASSED] - click: Object: 'Object Repository/FSM1/Control Centre/Create EMI Inspection/Finish/Page_JM Control Centre (3)/div_Create' is clicked on

2018-11-13 20:28:14 - [MESSAGE][PASSED] - Object: 'Object Repository/FSM1/Control Centre/Create EMI Inspection/Finish/Page_JM Control Centre (3)/div_Create' is clicked on

2018-11-13 20:28:14 - [TEST_STEP][PASSED] - waitForElementPresent: Object 'Object Repository/FSM1/Control Centre/Status/Page_JM Control Centre/div_PLANNED DYNAMIC' is present

2018-11-13 20:29:04 - [MESSAGE][PASSED] - Object 'Object Repository/FSM1/Control Centre/Status/Page_JM Control Centre/div_PLANNED DYNAMIC' is present

2018-11-13 20:29:04 - [TEST_STEP][PASSED] - Statement - InspectionID = com.kms.katalon.core.webui.keyword.WebUiBuiltInKeywords.getText(com.kms.katalon.core.testobject.ObjectRepository.findTestObject(FSM1/Control Centre/Create EMI Inspection/InspectionID/Page_JM Control Centre/InspectionID)): Text of object 'Object Repository/FSM1/Control Centre/Create EMI Inspection/InspectionID/Page_JM Control Centre/InspectionID' is: 'Viewing Job 91036'

2018-11-13 20:29:04 - [MESSAGE][PASSED] - Text of object 'Object Repository/FSM1/Control Centre/Create EMI Inspection/InspectionID/Page_JM Control Centre/InspectionID' is: 'Viewing Job 91036'

2018-11-13 20:29:04 - [TEST_STEP][PASSED] - Statement - InspectionID = InspectionID.replaceAll("Viewing Job ", ""): null

2018-11-13 20:29:04 - [TEST_STEP][PASSED] - Statement - log.logWarning(InspectionID): 91036

2018-11-13 20:29:04 - [MESSAGE][WARNING] - 91036

2018-11-13 20:29:04 - [TEST_STEP][PASSED] - Statement - temp = InspectionID: null

2018-11-13 20:29:04 - [TEST_STEP][PASSED] - delay: Delayed 160 second(s)

2018-11-13 20:31:44 - [MESSAGE][PASSED] - Delayed 160 second(s)]]></system-out>
         <system-err><![CDATA[]]></system-err>
      </testcase>
      <testcase name="Test Cases/Generic/Launch Job Manager" classname="Test Cases/Generic/Launch Job Manager" status="PASSED">
         <system-out><![CDATA[2018-11-13 20:31:44 - [TEST_CASE][PASSED] - Test Cases/Generic/Launch Job Manager: Test Cases/Generic/Launch Job Manager

2018-11-13 20:31:45 - [TEST_STEP][PASSED] - openBrowser: Browser is opened with url: ''

2018-11-13 20:31:45 - [MESSAGE][WARNING] - A browser is already opened. Closing browser and opening a new one

2018-11-13 20:31:48 - [MESSAGE][PASSED] - Browser is opened with url: ''

2018-11-13 20:31:48 - [TEST_STEP][PASSED] - navigateToUrl: Navigate to 'https://kirona-def-6.kirona.com/jmprep/jclient/jclient.html' successfully

2018-11-13 20:31:49 - [MESSAGE][PASSED] - Navigate to 'https://kirona-def-6.kirona.com/jmprep/jclient/jclient.html' successfully

2018-11-13 20:31:49 - [TEST_STEP][PASSED] - setText: Text 'KIR1' is set on object 'Object Repository/FSM1/Launch Application/Page_JClient/input_gwt-TextBox GKH2EKQBMDB'

2018-11-13 20:31:52 - [MESSAGE][PASSED] - Text 'KIR1' is set on object 'Object Repository/FSM1/Launch Application/Page_JClient/input_gwt-TextBox GKH2EKQBMDB'

2018-11-13 20:31:52 - [TEST_STEP][PASSED] - sendKeys: Keys 'ENTER + ' sent to object: 'Object Repository/FSM1/Launch Application/Page_JClient/input_gwt-TextBox GKH2EKQBMDB'

2018-11-13 20:31:52 - [MESSAGE][PASSED] - Keys 'ENTER + ' sent to object: 'Object Repository/FSM1/Launch Application/Page_JClient/input_gwt-TextBox GKH2EKQBMDB'

2018-11-13 20:31:52 - [TEST_STEP][PASSED] - click: Object: 'Object Repository/FSM1/Launch Application/Page_JClient/div_Configure App' is clicked on

2018-11-13 20:31:52 - [MESSAGE][PASSED] - Object: 'Object Repository/FSM1/Launch Application/Page_JClient/div_Configure App' is clicked on

2018-11-13 20:31:52 - [TEST_STEP][PASSED] - setText: Text 'test.inspector' is set on object 'Object Repository/FSM1/Launch Application/Page_JClient/input_gwt-TextBox GKH2EKQBNHC'

2018-11-13 20:31:53 - [MESSAGE][PASSED] - Text 'test.inspector' is set on object 'Object Repository/FSM1/Launch Application/Page_JClient/input_gwt-TextBox GKH2EKQBNHC'

2018-11-13 20:31:53 - [TEST_STEP][PASSED] - setText: Text 'Password1.' is set on object 'Object Repository/FSM1/Launch Application/Page_JClient/input_gwt-PasswordTextBox GKH2'

2018-11-13 20:31:53 - [MESSAGE][PASSED] - Text 'Password1.' is set on object 'Object Repository/FSM1/Launch Application/Page_JClient/input_gwt-PasswordTextBox GKH2'

2018-11-13 20:31:53 - [TEST_STEP][PASSED] - click: Object: 'Object Repository/FSM1/Launch Application/Page_JClient/div_Sign In' is clicked on

2018-11-13 20:31:54 - [MESSAGE][PASSED] - Object: 'Object Repository/FSM1/Launch Application/Page_JClient/div_Sign In' is clicked on

2018-11-13 20:31:54 - [TEST_STEP][PASSED] - delay: Delayed 15 second(s)

2018-11-13 20:32:09 - [MESSAGE][PASSED] - Delayed 15 second(s)]]></system-out>
         <system-err><![CDATA[]]></system-err>
      </testcase>
      <testcase name="Test Cases/Generic/Select Inspection" classname="Test Cases/Generic/Select Inspection" status="PASSED">
         <system-out><![CDATA[2018-11-13 20:32:09 - [TEST_CASE][PASSED] - Test Cases/Generic/Select Inspection: Test Cases/Generic/Select Inspection

2018-11-13 20:32:09 - [TEST_STEP][PASSED] - delay: Delayed 30 second(s)

2018-11-13 20:32:39 - [MESSAGE][PASSED] - Delayed 30 second(s)

2018-11-13 20:32:39 - [TEST_STEP][PASSED] - waitForElementClickable: Object 'Object Repository/FSM1/Select Inspection/Landing/Refresh' is clickable

2018-11-13 20:32:39 - [MESSAGE][PASSED] - Object 'Object Repository/FSM1/Select Inspection/Landing/Refresh' is clickable

2018-11-13 20:32:39 - [TEST_STEP][PASSED] - click: Object: 'Object Repository/FSM1/Select Inspection/Landing/Refresh' is clicked on

2018-11-13 20:32:40 - [MESSAGE][PASSED] - Object: 'Object Repository/FSM1/Select Inspection/Landing/Refresh' is clicked on

2018-11-13 20:32:40 - [TEST_STEP][PASSED] - waitForElementClickable: Object 'Object Repository/FSM1/Select Inspection/Landing/Refresh' is clickable

2018-11-13 20:32:41 - [MESSAGE][PASSED] - Object 'Object Repository/FSM1/Select Inspection/Landing/Refresh' is clickable

2018-11-13 20:32:41 - [TEST_STEP][NOT_RUN] - delay: NOT_RUN: delay

2018-11-13 20:32:41 - [MESSAGE][NOT_RUN] - NOT_RUN: delay

2018-11-13 20:32:41 - [TEST_STEP][PASSED] - Statement - InspectionRef = com.kms.katalon.core.webui.keyword.WebUiBuiltInKeywords.modifyObjectProperty(com.kms.katalon.core.testobject.ObjectRepository.findTestObject(FSM1/Select Inspection/Landing/Page_JClient/div_35098), "text", "equals", temp, true, STOP_ON_FAILURE): Modify property of object successfully

2018-11-13 20:32:41 - [MESSAGE][PASSED] - Modify property of object successfully

2018-11-13 20:32:41 - [TEST_STEP][PASSED] - delay: Delayed 20 second(s)

2018-11-13 20:33:01 - [MESSAGE][PASSED] - Delayed 20 second(s)

2018-11-13 20:33:01 - [TEST_STEP][PASSED] - Statement - If (com.kms.katalon.core.webui.keyword.WebUiBuiltInKeywords.verifyElementPresent(InspectionRef, 30, OPTIONAL)): com.kms.katalon.core.webui.exception.WebElementNotFoundException: Web element with id: 'Object Repository/FSM1/Select Inspection/Landing/Page_JClient/div_35098' located by 'By.xpath: //div[(text() = '91036' or . = '91036')]' not found

2018-11-13 20:33:34 - [MESSAGE][WARNING] - com.kms.katalon.core.webui.exception.WebElementNotFoundException: Web element with id: 'Object Repository/FSM1/Select Inspection/Landing/Page_JClient/div_35098' located by 'By.xpath: //div[(text() = '91036' or . = '91036')]' not found
[[ATTACHMENT|C:\\Users\\JHATFIELD\\git\\DEFRA-FSM_Automated_Regression_NEW\\Reports\\PMM\\PMM Regression - Registration\\20181113_201013\\1542141213258.png]]

2018-11-13 20:33:34 - [TEST_STEP][PASSED] - Statement - Else: Object: 'Object Repository/FSM1/Select Inspection/Landing/Page_JClient/div_35098' is clicked on

2018-11-13 20:33:34 - [TEST_STEP][PASSED] - click: Object: 'Object Repository/FSM1/Select Inspection/Landing/Page_JClient (1)/2 Days' is clicked on

2018-11-13 20:33:34 - [MESSAGE][PASSED] - Object: 'Object Repository/FSM1/Select Inspection/Landing/Page_JClient (1)/2 Days' is clicked on

2018-11-13 20:33:34 - [TEST_STEP][PASSED] - delay: Delayed 3 second(s)

2018-11-13 20:33:37 - [MESSAGE][PASSED] - Delayed 3 second(s)

2018-11-13 20:33:37 - [TEST_STEP][PASSED] - click: Object: 'Object Repository/FSM1/Select Inspection/Landing/Page_JClient/div_35098' is clicked on

2018-11-13 20:33:37 - [MESSAGE][PASSED] - Object: 'Object Repository/FSM1/Select Inspection/Landing/Page_JClient/div_35098' is clicked on

2018-11-13 20:33:37 - [TEST_STEP][PASSED] - click: Object: 'Object Repository/FSM1/Select Inspection/Page_JClient/div_WITH OPERATIVE' is clicked on

2018-11-13 20:33:38 - [MESSAGE][PASSED] - Object: 'Object Repository/FSM1/Select Inspection/Page_JClient/div_WITH OPERATIVE' is clicked on

2018-11-13 20:33:38 - [TEST_STEP][PASSED] - delay: Delayed 2 second(s)

2018-11-13 20:33:40 - [MESSAGE][PASSED] - Delayed 2 second(s)

2018-11-13 20:33:40 - [TEST_STEP][PASSED] - click: Object: 'Object Repository/FSM1/Select Inspection/Page_JClient/div_TRAVELLING' is clicked on

2018-11-13 20:33:40 - [MESSAGE][PASSED] - Object: 'Object Repository/FSM1/Select Inspection/Page_JClient/div_TRAVELLING' is clicked on

2018-11-13 20:33:40 - [TEST_STEP][PASSED] - delay: Delayed 2 second(s)

2018-11-13 20:33:42 - [MESSAGE][PASSED] - Delayed 2 second(s)

2018-11-13 20:33:42 - [TEST_STEP][PASSED] - click: Object: 'Object Repository/FSM1/Select Inspection/Page_JClient/div_TRAVELLING' is clicked on

2018-11-13 20:33:42 - [MESSAGE][PASSED] - Object: 'Object Repository/FSM1/Select Inspection/Page_JClient/div_TRAVELLING' is clicked on

2018-11-13 20:33:42 - [TEST_STEP][PASSED] - delay: Delayed 2 second(s)

2018-11-13 20:33:44 - [MESSAGE][PASSED] - Delayed 2 second(s)

2018-11-13 20:33:44 - [TEST_STEP][PASSED] - click: Object: 'Object Repository/FSM1/Select Inspection/Page_JClient/div_ARRIVED' is clicked on

2018-11-13 20:33:44 - [MESSAGE][PASSED] - Object: 'Object Repository/FSM1/Select Inspection/Page_JClient/div_ARRIVED' is clicked on

2018-11-13 20:33:44 - [TEST_STEP][PASSED] - delay: Delayed 2 second(s)

2018-11-13 20:33:46 - [MESSAGE][PASSED] - Delayed 2 second(s)

2018-11-13 20:33:46 - [TEST_STEP][PASSED] - click: Object: 'Object Repository/FSM1/Select Inspection/Page_JClient/div_ARRIVED' is clicked on

2018-11-13 20:33:46 - [MESSAGE][PASSED] - Object: 'Object Repository/FSM1/Select Inspection/Page_JClient/div_ARRIVED' is clicked on

2018-11-13 20:33:46 - [TEST_STEP][PASSED] - delay: Delayed 4 second(s)

2018-11-13 20:33:50 - [MESSAGE][PASSED] - Delayed 4 second(s)

2018-11-13 20:33:50 - [TEST_STEP][PASSED] - click: Object: 'Object Repository/FSM1/Select Inspection/Page_JClient/div_STARTED' is clicked on

2018-11-13 20:33:51 - [MESSAGE][PASSED] - Object: 'Object Repository/FSM1/Select Inspection/Page_JClient/div_STARTED' is clicked on

2018-11-13 20:33:51 - [TEST_STEP][PASSED] - delay: Delayed 2 second(s)

2018-11-13 20:33:53 - [MESSAGE][PASSED] - Delayed 2 second(s)]]></system-out>
         <system-err><![CDATA[]]></system-err>
      </testcase>
      <testcase name="Test Cases/PMM/Registration/Complete PMM Inspection - Registration - Inspection Details" classname="Test Cases/PMM/Registration/Complete PMM Inspection - Registration - Inspection Details" status="PASSED">
         <system-out><![CDATA[2018-11-13 20:33:53 - [TEST_CASE][PASSED] - Test Cases/PMM/Registration/Complete PMM Inspection - Registration - Inspection Details: Test Cases/PMM/Registration/Complete PMM Inspection - Registration - Inspection Details

2018-11-13 20:33:53 - [TEST_STEP][PASSED] - click: Object: 'Object Repository/FSM1/Create PMM Inspection/Registration - Inspection Details/Page_JClient/div_Inspection Details' is clicked on

2018-11-13 20:33:53 - [MESSAGE][PASSED] - Object: 'Object Repository/FSM1/Create PMM Inspection/Registration - Inspection Details/Page_JClient/div_Inspection Details' is clicked on

2018-11-13 20:33:53 - [TEST_STEP][PASSED] - delay: Delayed 2 second(s)

2018-11-13 20:33:55 - [MESSAGE][PASSED] - Delayed 2 second(s)

2018-11-13 20:33:55 - [TEST_STEP][PASSED] - click: Object: 'Object Repository/FSM1/Create PMM Inspection/Registration - Inspection Details/Page_JClient/input_Yes_radio_group_2' is clicked on

2018-11-13 20:33:56 - [MESSAGE][PASSED] - Object: 'Object Repository/FSM1/Create PMM Inspection/Registration - Inspection Details/Page_JClient/input_Yes_radio_group_2' is clicked on

2018-11-13 20:33:56 - [TEST_STEP][PASSED] - click: Object: 'Object Repository/FSM1/Create PMM Inspection/Registration - Inspection Details/Page_JClient/input_Yes_radio_group_3' is clicked on

2018-11-13 20:33:56 - [MESSAGE][PASSED] - Object: 'Object Repository/FSM1/Create PMM Inspection/Registration - Inspection Details/Page_JClient/input_Yes_radio_group_3' is clicked on

2018-11-13 20:33:56 - [TEST_STEP][PASSED] - selectOptionByValue: All options with value 'Register' are selected in object 'Object Repository/FSM1/Create PMM Inspection/Registration - Inspection Details/Page_JClient/select_RegisterRemedial action'  using regular expression

2018-11-13 20:33:56 - [MESSAGE][PASSED] - All options with value 'Register' are selected in object 'Object Repository/FSM1/Create PMM Inspection/Registration - Inspection Details/Page_JClient/select_RegisterRemedial action'  using regular expression

2018-11-13 20:33:56 - [TEST_STEP][PASSED] - setText: Text 'Test automation' is set on object 'Object Repository/FSM1/Create PMM Inspection/Registration - Inspection Details/Page_JClient/textarea_Recommended Action -'

2018-11-13 20:33:56 - [MESSAGE][PASSED] - Text 'Test automation' is set on object 'Object Repository/FSM1/Create PMM Inspection/Registration - Inspection Details/Page_JClient/textarea_Recommended Action -'

2018-11-13 20:33:56 - [TEST_STEP][PASSED] - selectOptionByValue: All options with value 'Routine' are selected in object 'Object Repository/FSM1/Create PMM Inspection/Registration - Inspection Details/Page_JClient/select_Routine'  using regular expression

2018-11-13 20:33:57 - [MESSAGE][PASSED] - All options with value 'Routine' are selected in object 'Object Repository/FSM1/Create PMM Inspection/Registration - Inspection Details/Page_JClient/select_Routine'  using regular expression

2018-11-13 20:33:57 - [TEST_STEP][PASSED] - click: Object: 'Object Repository/FSM1/Create PMM Inspection/Registration - Inspection Details/Page_JClient/img_Inspector Signature_gwt-Im' is clicked on

2018-11-13 20:33:57 - [MESSAGE][PASSED] - Object: 'Object Repository/FSM1/Create PMM Inspection/Registration - Inspection Details/Page_JClient/img_Inspector Signature_gwt-Im' is clicked on

2018-11-13 20:33:57 - [TEST_STEP][PASSED] - click: Object: 'Object Repository/FSM1/Complete PMM Inspection/Registration/Page_JClient/Inspector_Unable To Sign' is clicked on

2018-11-13 20:33:58 - [MESSAGE][PASSED] - Object: 'Object Repository/FSM1/Complete PMM Inspection/Registration/Page_JClient/Inspector_Unable To Sign' is clicked on

2018-11-13 20:33:58 - [TEST_STEP][PASSED] - click: Object: 'Object Repository/FSM1/Create PMM Inspection/Registration - Inspection Details/Page_JClient/img_Person Seen Signature_gwt-' is clicked on

2018-11-13 20:33:59 - [MESSAGE][PASSED] - Object: 'Object Repository/FSM1/Create PMM Inspection/Registration - Inspection Details/Page_JClient/img_Person Seen Signature_gwt-' is clicked on

2018-11-13 20:33:59 - [TEST_STEP][PASSED] - click: Object: 'Object Repository/FSM1/Complete PMM Inspection/Registration/Page_JClient/Person_Unable To Sign' is clicked on

2018-11-13 20:34:01 - [MESSAGE][PASSED] - Object: 'Object Repository/FSM1/Complete PMM Inspection/Registration/Page_JClient/Person_Unable To Sign' is clicked on

2018-11-13 20:34:01 - [TEST_STEP][PASSED] - Statement - mydate = new java.util.Date(): null

2018-11-13 20:34:01 - [TEST_STEP][PASSED] - Statement - tomorrow = mydate.next(): null

2018-11-13 20:34:01 - [TEST_STEP][PASSED] - Statement - formattedDate = tomorrow.format("MM/dd/yyyy"): null

2018-11-13 20:34:01 - [TEST_STEP][PASSED] - sendKeys: Keys '11/14/2018' sent to object: 'Object Repository/FSM1/Complete PMM Inspection/Registration/Page_JClient/input_Next inspection due_GKH2'

2018-11-13 20:34:02 - [MESSAGE][PASSED] - Keys '11/14/2018' sent to object: 'Object Repository/FSM1/Complete PMM Inspection/Registration/Page_JClient/input_Next inspection due_GKH2'

2018-11-13 20:34:02 - [TEST_STEP][PASSED] - click: Object: 'Object Repository/FSM1/Create PMM Inspection/Registration - Inspection Details/Page_JClient/div_Save' is clicked on

2018-11-13 20:34:02 - [MESSAGE][PASSED] - Object: 'Object Repository/FSM1/Create PMM Inspection/Registration - Inspection Details/Page_JClient/div_Save' is clicked on]]></system-out>
         <system-err><![CDATA[]]></system-err>
      </testcase>
      <testcase name="Test Cases/PMM/Compliance/Complete PMM Inspection - Complete" classname="Test Cases/PMM/Compliance/Complete PMM Inspection - Complete" status="PASSED">
         <system-out><![CDATA[2018-11-13 20:34:02 - [TEST_CASE][PASSED] - Test Cases/PMM/Compliance/Complete PMM Inspection - Complete: Test Cases/PMM/Compliance/Complete PMM Inspection - Complete

2018-11-13 20:34:03 - [TEST_STEP][PASSED] - delay: Delayed 2 second(s)

2018-11-13 20:34:05 - [MESSAGE][PASSED] - Delayed 2 second(s)

2018-11-13 20:34:05 - [TEST_STEP][PASSED] - click: Object: 'Object Repository/FSM1/Complete ABP Inspection/Complete ABP01a Inspection/Page_JClient/div_STARTED (locked)' is clicked on

2018-11-13 20:34:05 - [MESSAGE][PASSED] - Object: 'Object Repository/FSM1/Complete ABP Inspection/Complete ABP01a Inspection/Page_JClient/div_STARTED (locked)' is clicked on

2018-11-13 20:34:05 - [TEST_STEP][PASSED] - delay: Delayed 2 second(s)

2018-11-13 20:34:07 - [MESSAGE][PASSED] - Delayed 2 second(s)

2018-11-13 20:34:07 - [TEST_STEP][PASSED] - click: Object: 'Object Repository/FSM1/Complete ABP Inspection/Complete ABP01a Inspection/Page_JClient/div_COMPLETED' is clicked on

2018-11-13 20:34:07 - [MESSAGE][PASSED] - Object: 'Object Repository/FSM1/Complete ABP Inspection/Complete ABP01a Inspection/Page_JClient/div_COMPLETED' is clicked on

2018-11-13 20:34:07 - [TEST_STEP][PASSED] - selectOptionByValue: All options with value 'COMPLETED' are selected in object 'Object Repository/FSM1/Complete ABP Inspection/Complete ABP01a Inspection/Page_JClient/select_Yes'  using regular expression

2018-11-13 20:34:08 - [MESSAGE][PASSED] - All options with value 'COMPLETED' are selected in object 'Object Repository/FSM1/Complete ABP Inspection/Complete ABP01a Inspection/Page_JClient/select_Yes'  using regular expression

2018-11-13 20:34:08 - [TEST_STEP][PASSED] - click: Object: 'Object Repository/FSM1/Complete ABP Inspection/Complete ABP01a Inspection/Page_JClient/div_Save' is clicked on

2018-11-13 20:34:09 - [MESSAGE][PASSED] - Object: 'Object Repository/FSM1/Complete ABP Inspection/Complete ABP01a Inspection/Page_JClient/div_Save' is clicked on

2018-11-13 20:34:09 - [TEST_STEP][PASSED] - delay: Delayed 2 second(s)

2018-11-13 20:34:11 - [MESSAGE][PASSED] - Delayed 2 second(s)

2018-11-13 20:34:11 - [TEST_STEP][PASSED] - click: Object: 'Object Repository/FSM1/Complete PMM Inspection/Page_JClient/div_Ok' is clicked on

2018-11-13 20:34:11 - [MESSAGE][PASSED] - Object: 'Object Repository/FSM1/Complete PMM Inspection/Page_JClient/div_Ok' is clicked on

2018-11-13 20:34:11 - [TEST_STEP][PASSED] - delay: Delayed 30 second(s)

2018-11-13 20:34:41 - [MESSAGE][PASSED] - Delayed 30 second(s)]]></system-out>
         <system-err><![CDATA[]]></system-err>
      </testcase>
      <testcase name="Test Cases/Generic/Launch Job Manager Control Centre - Check Result" classname="Test Cases/Generic/Launch Job Manager Control Centre - Check Result" status="PASSED">
         <system-out><![CDATA[2018-11-13 20:34:41 - [TEST_CASE][PASSED] - Test Cases/Generic/Launch Job Manager Control Centre - Check Result: Test Cases/Generic/Launch Job Manager Control Centre - Check Result

2018-11-13 20:34:41 - [TEST_STEP][PASSED] - openBrowser: Browser is opened with url: ''

2018-11-13 20:34:41 - [MESSAGE][WARNING] - A browser is already opened. Closing browser and opening a new one

2018-11-13 20:34:45 - [MESSAGE][PASSED] - Browser is opened with url: ''

2018-11-13 20:34:45 - [TEST_STEP][PASSED] - navigateToUrl: Navigate to 'https://kirona-def-6.kirona.com/jmprep/login#!loginView' successfully

2018-11-13 20:34:46 - [MESSAGE][PASSED] - Navigate to 'https://kirona-def-6.kirona.com/jmprep/login#!loginView' successfully

2018-11-13 20:34:46 - [TEST_STEP][PASSED] - setText: Text 'jon.hatfield' is set on object 'Object Repository/FSM1/Control Centre/Page_Job Manager Login/input_gwt-uid-3'

2018-11-13 20:34:48 - [MESSAGE][PASSED] - Text 'jon.hatfield' is set on object 'Object Repository/FSM1/Control Centre/Page_Job Manager Login/input_gwt-uid-3'

2018-11-13 20:34:48 - [TEST_STEP][PASSED] - setText: Text 'Fr@nc1sJ0n' is set on object 'Object Repository/FSM1/Control Centre/Page_Job Manager Login/input_gwt-uid-5'

2018-11-13 20:34:48 - [MESSAGE][PASSED] - Text 'Fr@nc1sJ0n' is set on object 'Object Repository/FSM1/Control Centre/Page_Job Manager Login/input_gwt-uid-5'

2018-11-13 20:34:48 - [TEST_STEP][PASSED] - click: Object: 'Object Repository/FSM1/PreProd/Page_Job Manager Login/div_Login' is clicked on

2018-11-13 20:34:48 - [MESSAGE][PASSED] - Object: 'Object Repository/FSM1/PreProd/Page_Job Manager Login/div_Login' is clicked on

2018-11-13 20:34:48 - [TEST_STEP][PASSED] - delay: Delayed 5 second(s)

2018-11-13 20:34:53 - [MESSAGE][PASSED] - Delayed 5 second(s)]]></system-out>
         <system-err><![CDATA[]]></system-err>
      </testcase>
      <testcase name="Test Cases/PMM/Registration/Control Centre - Check Results - PMM Registration" classname="Test Cases/PMM/Registration/Control Centre - Check Results - PMM Registration" status="PASSED">
         <system-out><![CDATA[2018-11-13 20:34:53 - [TEST_CASE][PASSED] - Test Cases/PMM/Registration/Control Centre - Check Results - PMM Registration: Test Cases/PMM/Registration/Control Centre - Check Results - PMM Registration

2018-11-13 20:34:54 - [TEST_STEP][PASSED] - Statement - log = new com.kms.katalon.core.logging.KeywordLogger(): null

2018-11-13 20:34:54 - [TEST_STEP][PASSED] - setText: Text '91036' is set on object 'Object Repository/FSM1/EMI Check Results/Page_JM Control Centre/input_Recents_v-textfield v-wi'

2018-11-13 20:34:54 - [MESSAGE][PASSED] - Text '91036' is set on object 'Object Repository/FSM1/EMI Check Results/Page_JM Control Centre/input_Recents_v-textfield v-wi'

2018-11-13 20:34:54 - [TEST_STEP][NOT_RUN] - setText: NOT_RUN: setText

2018-11-13 20:34:54 - [MESSAGE][NOT_RUN] - NOT_RUN: setText

2018-11-13 20:34:54 - [TEST_STEP][PASSED] - click: Object: 'Object Repository/FSM1/EMI Check Results/Page_JM Control Centre/span_' is clicked on

2018-11-13 20:34:55 - [MESSAGE][PASSED] - Object: 'Object Repository/FSM1/EMI Check Results/Page_JM Control Centre/span_' is clicked on

2018-11-13 20:34:55 - [TEST_STEP][PASSED] - waitForElementPresent: Object 'Object Repository/FSM1/EMI Check Results/Page_JM Control Centre/div_CLOSED' is present

2018-11-13 20:34:58 - [MESSAGE][PASSED] - Object 'Object Repository/FSM1/EMI Check Results/Page_JM Control Centre/div_CLOSED' is present

2018-11-13 20:34:58 - [TEST_STEP][PASSED] - delay: Delayed 3 second(s)

2018-11-13 20:35:01 - [MESSAGE][PASSED] - Delayed 3 second(s)

2018-11-13 20:35:01 - [TEST_STEP][PASSED] - verifyElementPresent: Object 'Object Repository/FSM1/Complete PMM Inspection/PMM Check Results/Page_JM Control Centre/div_Attachments_PMR03 - Registration' is present

2018-11-13 20:35:01 - [MESSAGE][PASSED] - Object 'Object Repository/FSM1/Complete PMM Inspection/PMM Check Results/Page_JM Control Centre/div_Attachments_PMR03 - Registration' is present]]></system-out>
         <system-err><![CDATA[]]></system-err>
      </testcase>
      <testcase name="Test Cases/ABP/Generic/Check Subsequent Inspection Exist" classname="Test Cases/ABP/Generic/Check Subsequent Inspection Exist" status="PASSED">
         <system-out><![CDATA[2018-11-13 20:35:01 - [TEST_CASE][PASSED] - Test Cases/ABP/Generic/Check Subsequent Inspection Exist: Test Cases/ABP/Generic/Check Subsequent Inspection Exist

2018-11-13 20:35:01 - [TEST_STEP][PASSED] - delay: Delayed 2 second(s)

2018-11-13 20:35:03 - [MESSAGE][PASSED] - Delayed 2 second(s)

2018-11-13 20:35:03 - [TEST_STEP][PASSED] - click: Object: 'Object Repository/FSM1/Complete ABP Inspection/Check Subsequent Inspections/New/Page_JM Control Centre/div_' is clicked on

2018-11-13 20:35:04 - [MESSAGE][PASSED] - Object: 'Object Repository/FSM1/Complete ABP Inspection/Check Subsequent Inspections/New/Page_JM Control Centre/div_' is clicked on

2018-11-13 20:35:04 - [TEST_STEP][PASSED] - click: Object: 'Object Repository/FSM1/Complete ABP Inspection/Check Subsequent Inspections/New/Page_JM Control Centre/span_List All Subordinate Jobs' is clicked on

2018-11-13 20:35:04 - [MESSAGE][PASSED] - Object: 'Object Repository/FSM1/Complete ABP Inspection/Check Subsequent Inspections/New/Page_JM Control Centre/span_List All Subordinate Jobs' is clicked on

2018-11-13 20:35:04 - [TEST_STEP][PASSED] - delay: Delayed 2 second(s)

2018-11-13 20:35:06 - [MESSAGE][PASSED] - Delayed 2 second(s)

2018-11-13 20:35:06 - [TEST_STEP][PASSED] - verifyElementVisible: Object 'Object Repository/FSM1/Complete ABP Inspection/Check Subsequent Inspections/New/Page_JM Control Centre/div_2 found.' is visible

2018-11-13 20:35:08 - [MESSAGE][PASSED] - Object 'Object Repository/FSM1/Complete ABP Inspection/Check Subsequent Inspections/New/Page_JM Control Centre/div_2 found.' is visible

2018-11-13 20:35:08 - [TEST_STEP][PASSED] - closeBrowser: Browser is closed

2018-11-13 20:35:09 - [MESSAGE][PASSED] - Browser is closed]]></system-out>
         <system-err><![CDATA[]]></system-err>
      </testcase>
      <system-out><![CDATA[2018-11-13 20:27:30 - [TEST_SUITE][PASSED] - PMM Regression - Registration: Test Cases/ABP/Generic/Check Subsequent Inspection Exist]]></system-out>
      <system-err><![CDATA[]]></system-err>
   </testsuite>
</testsuites>
