<?xml version="1.0" encoding="UTF-8"?>
<testsuites name="EMI Regression - Producer" time="557" tests="9" failures="1" errors="0">
   <testsuite name="EMI Regression - Producer" tests="9" failures="1" errors="0" time="557" timestamp="2018-12-07 10:48:37" hostname="JHATFIELD - SNDFSMINFSRV001.defra.onmicrosoft.com" id="Test Suites/EMI/EMI Regression - Producer">
      <properties>
         <property name="deviceName" value=""/>
         <property name="devicePlatform" value=""/>
         <property name="logFolder" value="C:\\Users\\JHATFIELD\\git\\DEFRA-FSM_Automated_Regression_JM_Upgrade\\Reports\\EMI\\EMI Regression - Producer\\20181207_104832"/>
         <property name="logFiles" value="C:\\Users\\JHATFIELD\\git\\DEFRA-FSM_Automated_Regression_JM_Upgrade\\Reports\\EMI\\EMI Regression - Producer\\20181207_104832\\execution0.log"/>
         <property name="attachments" value="C:\\Users\\JHATFIELD\\git\\DEFRA-FSM_Automated_Regression_JM_Upgrade\\Reports\\EMI\\EMI Regression - Producer\\20181207_104832\\1544180272347.png, C:\\Users\\JHATFIELD\\git\\DEFRA-FSM_Automated_Regression_JM_Upgrade\\Reports\\EMI\\EMI Regression - Producer\\20181207_104832\\1544180273288.png"/>
         <property name="hostName" value="JHATFIELD - SNDFSMINFSRV001.defra.onmicrosoft.com"/>
         <property name="os" value="Windows Server 2016 64bit"/>
         <property name="katalonVersion" value="5.9.1.2"/>
         <property name="browser" value="Chrome 70.0.3538.110"/>
         <property name="hostAddress" value="10.201.1.17"/>
         <property name="sessionId" value="cfa3c88dddcc0f1f2a8134cedd50b1d1"/>
         <property name="seleniumVersion" value="3.7.1"/>
         <property name="proxyInformation" value="ProxyInformation{proxyOption=NO_PROXY, proxyServerType=HTTP, password=, proxyServerAddress=, proxyServerPort=0}"/>
         <property name="platform" value="Windows Server 2016"/>
      </properties>
      <testcase name="Test Cases/Generic/Launch Job Manager Control Centre" classname="Test Cases/Generic/Launch Job Manager Control Centre" status="PASSED">
         <system-out><![CDATA[2018-12-07 10:48:37 - [TEST_CASE][PASSED] - Test Cases/Generic/Launch Job Manager Control Centre: Test Cases/Generic/Launch Job Manager Control Centre

2018-12-07 10:48:39 - [TEST_STEP][PASSED] - openBrowser(""): Browser is opened with url: ''

2018-12-07 10:48:39 - [MESSAGE][INFO] - Starting 'Chrome' driver

2018-12-07 10:48:39 - [MESSAGE][INFO] - Action delay is set to 0 seconds

2018-12-07 10:48:45 - [MESSAGE][PASSED] - Browser is opened with url: ''

2018-12-07 10:48:45 - [TEST_STEP][PASSED] - navigateToUrl(CCURL): Navigate to 'https://kirona-def-6.kirona.com/jmprep/login#!loginView' successfully

2018-12-07 10:48:47 - [MESSAGE][PASSED] - Navigate to 'https://kirona-def-6.kirona.com/jmprep/login#!loginView' successfully

2018-12-07 10:48:47 - [TEST_STEP][PASSED] - setText(findTestObject("FSM1/Control Centre/Page_Job Manager Login/input_gwt-uid-3"), Username): Text 'jon.hatfield' is set on object 'Object Repository/FSM1/Control Centre/Page_Job Manager Login/input_gwt-uid-3'

2018-12-07 10:48:49 - [MESSAGE][PASSED] - Text 'jon.hatfield' is set on object 'Object Repository/FSM1/Control Centre/Page_Job Manager Login/input_gwt-uid-3'

2018-12-07 10:48:49 - [TEST_STEP][PASSED] - setText(findTestObject("FSM1/Control Centre/Page_Job Manager Login/input_gwt-uid-5"), Password): Text 'Fr@nc1sJ0n' is set on object 'Object Repository/FSM1/Control Centre/Page_Job Manager Login/input_gwt-uid-5'

2018-12-07 10:48:50 - [MESSAGE][PASSED] - Text 'Fr@nc1sJ0n' is set on object 'Object Repository/FSM1/Control Centre/Page_Job Manager Login/input_gwt-uid-5'

2018-12-07 10:48:50 - [TEST_STEP][PASSED] - click(findTestObject("FSM1/PreProd/Page_Job Manager Login/div_Login")): Object: 'Object Repository/FSM1/PreProd/Page_Job Manager Login/div_Login' is clicked on

2018-12-07 10:48:50 - [MESSAGE][PASSED] - Object: 'Object Repository/FSM1/PreProd/Page_Job Manager Login/div_Login' is clicked on

2018-12-07 10:48:50 - [TEST_STEP][PASSED] - delay(5): Delayed 5 second(s)

2018-12-07 10:48:55 - [MESSAGE][PASSED] - Delayed 5 second(s)]]></system-out>
         <system-err><![CDATA[]]></system-err>
      </testcase>
      <testcase name="Test Cases/EMI/Create EMI Inspection" classname="Test Cases/EMI/Create EMI Inspection" status="PASSED">
         <system-out><![CDATA[2018-12-07 10:48:55 - [TEST_CASE][PASSED] - Test Cases/EMI/Create EMI Inspection: Test Cases/EMI/Create EMI Inspection

2018-12-07 10:48:56 - [TEST_STEP][PASSED] - log = new com.kms.katalon.core.logging.KeywordLogger(): null

2018-12-07 10:48:56 - [TEST_STEP][PASSED] - click(findTestObject("FSM1/Control Centre/Create EMI Inspection New/Page_JM Control Centre/div_Create")): Object: 'Object Repository/FSM1/Control Centre/Create EMI Inspection New/Page_JM Control Centre/div_Create' is clicked on

2018-12-07 10:49:04 - [MESSAGE][PASSED] - Object: 'Object Repository/FSM1/Control Centre/Create EMI Inspection New/Page_JM Control Centre/div_Create' is clicked on

2018-12-07 10:49:04 - [TEST_STEP][PASSED] - click(findTestObject("FSM1/Control Centre/Create EMI Inspection New/Page_JM Control Centre/div_v-filterselect-button")): Object: 'Object Repository/FSM1/Control Centre/Create EMI Inspection New/Page_JM Control Centre/div_v-filterselect-button' is clicked on

2018-12-07 10:49:07 - [MESSAGE][PASSED] - Object: 'Object Repository/FSM1/Control Centre/Create EMI Inspection New/Page_JM Control Centre/div_v-filterselect-button' is clicked on

2018-12-07 10:49:07 - [TEST_STEP][PASSED] - setText(findTestObject("FSM1/Control Centre/Create EMI Inspection New/Page_JM Control Centre/input_gwt-uid-8"), "emi"): Text 'emi' is set on object 'Object Repository/FSM1/Control Centre/Create EMI Inspection New/Page_JM Control Centre/input_gwt-uid-8'

2018-12-07 10:49:07 - [MESSAGE][PASSED] - Text 'emi' is set on object 'Object Repository/FSM1/Control Centre/Create EMI Inspection New/Page_JM Control Centre/input_gwt-uid-8'

2018-12-07 10:49:07 - [TEST_STEP][PASSED] - click(findTestObject("FSM1/Control Centre/Create EMI Inspection New/Page_JM Control Centre/span_EMI Inspection")): Object: 'Object Repository/FSM1/Control Centre/Create EMI Inspection New/Page_JM Control Centre/span_EMI Inspection' is clicked on

2018-12-07 10:49:08 - [MESSAGE][PASSED] - Object: 'Object Repository/FSM1/Control Centre/Create EMI Inspection New/Page_JM Control Centre/span_EMI Inspection' is clicked on

2018-12-07 10:49:08 - [TEST_STEP][PASSED] - setText(findTestObject("FSM1/Control Centre/Create EMI Inspection New/Page_JM Control Centre/input_gwt-uid-16"), "15"): Text '15' is set on object 'Object Repository/FSM1/Control Centre/Create EMI Inspection New/Page_JM Control Centre/input_gwt-uid-16'

2018-12-07 10:49:11 - [MESSAGE][PASSED] - Text '15' is set on object 'Object Repository/FSM1/Control Centre/Create EMI Inspection New/Page_JM Control Centre/input_gwt-uid-16'

2018-12-07 10:49:11 - [TEST_STEP][PASSED] - click(findTestObject("FSM1/Control Centre/Create EMI Inspection New/Page_JM Control Centre/div_v-filterselect-button_1")): Object: 'Object Repository/FSM1/Control Centre/Create EMI Inspection New/Page_JM Control Centre/div_v-filterselect-button_1' is clicked on

2018-12-07 10:49:11 - [MESSAGE][PASSED] - Object: 'Object Repository/FSM1/Control Centre/Create EMI Inspection New/Page_JM Control Centre/div_v-filterselect-button_1' is clicked on

2018-12-07 10:49:11 - [TEST_STEP][PASSED] - click(findTestObject("FSM1/Control Centre/Create EMI Inspection New/Page_JM Control Centre/span_24 Hours")): Object: 'Object Repository/FSM1/Control Centre/Create EMI Inspection New/Page_JM Control Centre/span_24 Hours' is clicked on

2018-12-07 10:49:12 - [MESSAGE][PASSED] - Object: 'Object Repository/FSM1/Control Centre/Create EMI Inspection New/Page_JM Control Centre/span_24 Hours' is clicked on

2018-12-07 10:49:12 - [TEST_STEP][PASSED] - click(findTestObject("JM_8918/Page_JM Control Centre/div_Region_v-filterselect-butt")): Object: 'Object Repository/JM_8918/Page_JM Control Centre/div_Region_v-filterselect-butt' is clicked on

2018-12-07 10:49:12 - [MESSAGE][PASSED] - Object: 'Object Repository/JM_8918/Page_JM Control Centre/div_Region_v-filterselect-butt' is clicked on

2018-12-07 10:49:12 - [TEST_STEP][PASSED] - click(findTestObject("FSM1/Control Centre/Create EMI Inspection New/Page_JM Control Centre/span_West")): Object: 'Object Repository/FSM1/Control Centre/Create EMI Inspection New/Page_JM Control Centre/span_West' is clicked on

2018-12-07 10:49:13 - [MESSAGE][PASSED] - Object: 'Object Repository/FSM1/Control Centre/Create EMI Inspection New/Page_JM Control Centre/span_West' is clicked on

2018-12-07 10:49:13 - [TEST_STEP][PASSED] - click(findTestObject("JM_8918/Page_JM Control Centre/div_Inspection Type_v-filterse")): Object: 'Object Repository/JM_8918/Page_JM Control Centre/div_Inspection Type_v-filterse' is clicked on

2018-12-07 10:49:13 - [MESSAGE][PASSED] - Object: 'Object Repository/JM_8918/Page_JM Control Centre/div_Inspection Type_v-filterse' is clicked on

2018-12-07 10:49:13 - [TEST_STEP][PASSED] - click(findTestObject("FSM1/Control Centre/Create EMI Inspection New/Page_JM Control Centre/span_EMI Routine")): Object: 'Object Repository/FSM1/Control Centre/Create EMI Inspection New/Page_JM Control Centre/span_EMI Routine' is clicked on

2018-12-07 10:49:14 - [MESSAGE][PASSED] - Object: 'Object Repository/FSM1/Control Centre/Create EMI Inspection New/Page_JM Control Centre/span_EMI Routine' is clicked on

2018-12-07 10:49:14 - [TEST_STEP][PASSED] - setText(findTestObject("FSM1/Control Centre/Create EMI Inspection New/Page_JM Control Centre/input_gwt-uid-34"), "Test Automation"): Text 'Test Automation' is set on object 'Object Repository/FSM1/Control Centre/Create EMI Inspection New/Page_JM Control Centre/input_gwt-uid-34'

2018-12-07 10:49:14 - [MESSAGE][PASSED] - Text 'Test Automation' is set on object 'Object Repository/FSM1/Control Centre/Create EMI Inspection New/Page_JM Control Centre/input_gwt-uid-34'

2018-12-07 10:49:14 - [TEST_STEP][PASSED] - setText(findTestObject("FSM1/Control Centre/Create EMI Inspection New/Page_JM Control Centre/input_gwt-uid-40"), RandomStringUtils.randomNumeric(5)): Text '22567' is set on object 'Object Repository/FSM1/Control Centre/Create EMI Inspection New/Page_JM Control Centre/input_gwt-uid-40'

2018-12-07 10:49:15 - [MESSAGE][PASSED] - Text '22567' is set on object 'Object Repository/FSM1/Control Centre/Create EMI Inspection New/Page_JM Control Centre/input_gwt-uid-40'

2018-12-07 10:49:15 - [TEST_STEP][PASSED] - setText(findTestObject("FSM1/Control Centre/Create EMI Inspection New/Page_JM Control Centre/input_gwt-uid-42"), RandomStringUtils.randomNumeric(5)): Text '73378' is set on object 'Object Repository/FSM1/Control Centre/Create EMI Inspection New/Page_JM Control Centre/input_gwt-uid-42'

2018-12-07 10:49:15 - [MESSAGE][PASSED] - Text '73378' is set on object 'Object Repository/FSM1/Control Centre/Create EMI Inspection New/Page_JM Control Centre/input_gwt-uid-42'

2018-12-07 10:49:15 - [TEST_STEP][PASSED] - click(findTestObject("JM_8918/Page_JM Control Centre/Page_JM Control Centre/div_Business Type_v-filtersele")): Object: 'Object Repository/JM_8918/Page_JM Control Centre/Page_JM Control Centre/div_Business Type_v-filtersele' is clicked on

2018-12-07 10:49:15 - [MESSAGE][PASSED] - Object: 'Object Repository/JM_8918/Page_JM Control Centre/Page_JM Control Centre/div_Business Type_v-filtersele' is clicked on

2018-12-07 10:49:15 - [TEST_STEP][PASSED] - click(findTestObject("FSM1/Control Centre/Create EMI Inspection New/Page_JM Control Centre/td_EGG PACKER")): Object: 'Object Repository/FSM1/Control Centre/Create EMI Inspection New/Page_JM Control Centre/td_EGG PACKER' is clicked on

2018-12-07 10:49:16 - [MESSAGE][PASSED] - Object: 'Object Repository/FSM1/Control Centre/Create EMI Inspection New/Page_JM Control Centre/td_EGG PACKER' is clicked on

2018-12-07 10:49:16 - [TEST_STEP][PASSED] - click(findTestObject("FSM1/Control Centre/Create EMI Inspection/Page_JM Control Centre/span_")): Object: 'Object Repository/FSM1/Control Centre/Create EMI Inspection/Page_JM Control Centre/span_' is clicked on

2018-12-07 10:49:16 - [MESSAGE][PASSED] - Object: 'Object Repository/FSM1/Control Centre/Create EMI Inspection/Page_JM Control Centre/span_' is clicked on

2018-12-07 10:49:16 - [TEST_STEP][NOT_RUN] - click(findTestObject("FSM1/Control Centre/Create EMI Inspection/Address Search/Page_JM Control Centre/Postcode Search")): NOT_RUN: click(findTestObject("FSM1/Control Centre/Create EMI Inspection/Address Search/Page_JM Control Centre/Postcode Search"))

2018-12-07 10:49:16 - [MESSAGE][NOT_RUN] - NOT_RUN: click(findTestObject("FSM1/Control Centre/Create EMI Inspection/Address Search/Page_JM Control Centre/Postcode Search"))

2018-12-07 10:49:16 - [TEST_STEP][PASSED] - setText(findTestObject("JM_8918/Page_JM Control Centre/input_Add Location_v-textfield"), findTestData("Pre Production/EMI/EMI Inspection Data").getValue(1, 1)): Text 'WR5 2NQ' is set on object 'Object Repository/JM_8918/Page_JM Control Centre/input_Add Location_v-textfield'

2018-12-07 10:49:20 - [MESSAGE][PASSED] - Text 'WR5 2NQ' is set on object 'Object Repository/JM_8918/Page_JM Control Centre/input_Add Location_v-textfield'

2018-12-07 10:49:20 - [TEST_STEP][PASSED] - doubleClick(findTestObject("JM_8918/Page_JM Control Centre/div_Search")): Object: 'Object Repository/JM_8918/Page_JM Control Centre/div_Search' is double clicked on

2018-12-07 10:49:21 - [MESSAGE][PASSED] - Object: 'Object Repository/JM_8918/Page_JM Control Centre/div_Search' is double clicked on

2018-12-07 10:49:22 - [TEST_STEP][PASSED] - FullAddress = modifyObjectProperty(findTestObject("FSM1/Control Centre/Create EMI Inspection/Page_JM Control Centre/Address"), "text", "equals", findTestData("Pre Production/EMI/EMI Inspection Data").getValue(2, 1), true): Modify property of object successfully

2018-12-07 10:49:22 - [MESSAGE][PASSED] - Modify property of object successfully

2018-12-07 10:49:22 - [TEST_STEP][PASSED] - click(FullAddress, STOP_ON_FAILURE): Object: 'Object Repository/FSM1/Control Centre/Create EMI Inspection/Page_JM Control Centre/Address' is clicked on

2018-12-07 10:49:22 - [MESSAGE][PASSED] - Object: 'Object Repository/FSM1/Control Centre/Create EMI Inspection/Page_JM Control Centre/Address' is clicked on

2018-12-07 10:49:22 - [TEST_STEP][PASSED] - click(findTestObject("FSM1/Control Centre/Create EMI Inspection/Create Address/Page_JM Control Centre (2)/div_Add Selected Item")): Object: 'Object Repository/FSM1/Control Centre/Create EMI Inspection/Create Address/Page_JM Control Centre (2)/div_Add Selected Item' is clicked on

2018-12-07 10:49:23 - [MESSAGE][PASSED] - Object: 'Object Repository/FSM1/Control Centre/Create EMI Inspection/Create Address/Page_JM Control Centre (2)/div_Add Selected Item' is clicked on

2018-12-07 10:49:23 - [TEST_STEP][PASSED] - delay(2): Delayed 2 second(s)

2018-12-07 10:49:25 - [MESSAGE][PASSED] - Delayed 2 second(s)

2018-12-07 10:49:25 - [TEST_STEP][PASSED] - setText(findTestObject("JM_8918/Page_JM Control Centre/input_Fixed Resource_gwt-uid-1"), "test"): Text 'test' is set on object 'Object Repository/JM_8918/Page_JM Control Centre/input_Fixed Resource_gwt-uid-1'

2018-12-07 10:49:27 - [MESSAGE][PASSED] - Text 'test' is set on object 'Object Repository/JM_8918/Page_JM Control Centre/input_Fixed Resource_gwt-uid-1'

2018-12-07 10:49:27 - [TEST_STEP][PASSED] - click(findTestObject("FSM1/Control Centre/Create EMI Inspection New/Page_JM Control Centre/span_Test Inspector")): Object: 'Object Repository/FSM1/Control Centre/Create EMI Inspection New/Page_JM Control Centre/span_Test Inspector' is clicked on

2018-12-07 10:49:29 - [MESSAGE][PASSED] - Object: 'Object Repository/FSM1/Control Centre/Create EMI Inspection New/Page_JM Control Centre/span_Test Inspector' is clicked on

2018-12-07 10:49:29 - [TEST_STEP][PASSED] - click(findTestObject("FSM1/Control Centre/Create EMI Inspection/Finish/Page_JM Control Centre (3)/div_Create")): Object: 'Object Repository/FSM1/Control Centre/Create EMI Inspection/Finish/Page_JM Control Centre (3)/div_Create' is clicked on

2018-12-07 10:49:29 - [MESSAGE][PASSED] - Object: 'Object Repository/FSM1/Control Centre/Create EMI Inspection/Finish/Page_JM Control Centre (3)/div_Create' is clicked on

2018-12-07 10:49:30 - [TEST_STEP][PASSED] - waitForElementPresent(findTestObject("FSM1/Control Centre/Status/Page_JM Control Centre/div_PLANNED DYNAMIC"), 120, STOP_ON_FAILURE): Object 'Object Repository/FSM1/Control Centre/Status/Page_JM Control Centre/div_PLANNED DYNAMIC' is present

2018-12-07 10:50:04 - [MESSAGE][PASSED] - Object 'Object Repository/FSM1/Control Centre/Status/Page_JM Control Centre/div_PLANNED DYNAMIC' is present

2018-12-07 10:50:04 - [TEST_STEP][PASSED] - InspectionID = getText(findTestObject("FSM1/Control Centre/Create EMI Inspection/InspectionID/Page_JM Control Centre/InspectionID")): Text of object 'Object Repository/FSM1/Control Centre/Create EMI Inspection/InspectionID/Page_JM Control Centre/InspectionID' is: 'Viewing Job 94390'

2018-12-07 10:50:05 - [MESSAGE][PASSED] - Text of object 'Object Repository/FSM1/Control Centre/Create EMI Inspection/InspectionID/Page_JM Control Centre/InspectionID' is: 'Viewing Job 94390'

2018-12-07 10:50:05 - [TEST_STEP][PASSED] - InspectionID = InspectionID.replaceAll("Viewing Job ", ""): null

2018-12-07 10:50:05 - [TEST_STEP][PASSED] - log.logWarning(InspectionID): 94390

2018-12-07 10:50:05 - [MESSAGE][WARNING] - 94390

2018-12-07 10:50:05 - [TEST_STEP][PASSED] - temp = InspectionID: null

2018-12-07 10:50:05 - [TEST_STEP][PASSED] - delay(200): Delayed 200 second(s)

2018-12-07 10:53:25 - [MESSAGE][PASSED] - Delayed 200 second(s)]]></system-out>
         <system-err><![CDATA[]]></system-err>
      </testcase>
      <testcase name="Test Cases/Generic/Launch Job Manager" classname="Test Cases/Generic/Launch Job Manager" status="PASSED">
         <system-out><![CDATA[2018-12-07 10:53:25 - [TEST_CASE][PASSED] - Test Cases/Generic/Launch Job Manager: Test Cases/Generic/Launch Job Manager

2018-12-07 10:53:25 - [TEST_STEP][PASSED] - openBrowser(""): Browser is opened with url: ''

2018-12-07 10:53:25 - [MESSAGE][WARNING] - A browser is already opened. Closing browser and opening a new one

2018-12-07 10:53:26 - [MESSAGE][INFO] - Starting 'Chrome' driver

2018-12-07 10:53:29 - [MESSAGE][PASSED] - Browser is opened with url: ''

2018-12-07 10:53:29 - [TEST_STEP][PASSED] - navigateToUrl(JMURL): Navigate to 'https://kirona-def-6.kirona.com/jmprep/jclient/jclient.html' successfully

2018-12-07 10:53:31 - [MESSAGE][PASSED] - Navigate to 'https://kirona-def-6.kirona.com/jmprep/jclient/jclient.html' successfully

2018-12-07 10:53:31 - [TEST_STEP][PASSED] - setText(findTestObject("FSM1/Launch Application/Page_JClient/input_gwt-TextBox GKH2EKQBMDB"), "KIR1"): Text 'KIR1' is set on object 'Object Repository/FSM1/Launch Application/Page_JClient/input_gwt-TextBox GKH2EKQBMDB'

2018-12-07 10:53:33 - [MESSAGE][PASSED] - Text 'KIR1' is set on object 'Object Repository/FSM1/Launch Application/Page_JClient/input_gwt-TextBox GKH2EKQBMDB'

2018-12-07 10:53:33 - [TEST_STEP][PASSED] - sendKeys(findTestObject("FSM1/Launch Application/Page_JClient/input_gwt-TextBox GKH2EKQBMDB"), Keys.chord(ENTER)): Keys 'ENTER + ' sent to object: 'Object Repository/FSM1/Launch Application/Page_JClient/input_gwt-TextBox GKH2EKQBMDB'

2018-12-07 10:53:34 - [MESSAGE][PASSED] - Keys 'ENTER + ' sent to object: 'Object Repository/FSM1/Launch Application/Page_JClient/input_gwt-TextBox GKH2EKQBMDB'

2018-12-07 10:53:34 - [TEST_STEP][PASSED] - click(findTestObject("FSM1/Launch Application/Page_JClient/div_Configure App")): Object: 'Object Repository/FSM1/Launch Application/Page_JClient/div_Configure App' is clicked on

2018-12-07 10:53:34 - [MESSAGE][PASSED] - Object: 'Object Repository/FSM1/Launch Application/Page_JClient/div_Configure App' is clicked on

2018-12-07 10:53:34 - [TEST_STEP][PASSED] - setText(findTestObject("FSM1/Launch Application/Page_JClient/input_gwt-TextBox GKH2EKQBNHC"), findTestData("Pre Production/Environmental/UandP").getValue(3, 1)): Text 'test.inspector' is set on object 'Object Repository/FSM1/Launch Application/Page_JClient/input_gwt-TextBox GKH2EKQBNHC'

2018-12-07 10:53:35 - [MESSAGE][PASSED] - Text 'test.inspector' is set on object 'Object Repository/FSM1/Launch Application/Page_JClient/input_gwt-TextBox GKH2EKQBNHC'

2018-12-07 10:53:35 - [TEST_STEP][PASSED] - setText(findTestObject("FSM1/Launch Application/Page_JClient/input_gwt-PasswordTextBox GKH2"), findTestData("Pre Production/Environmental/UandP").getValue(4, 1)): Text 'Password1.' is set on object 'Object Repository/FSM1/Launch Application/Page_JClient/input_gwt-PasswordTextBox GKH2'

2018-12-07 10:53:35 - [MESSAGE][PASSED] - Text 'Password1.' is set on object 'Object Repository/FSM1/Launch Application/Page_JClient/input_gwt-PasswordTextBox GKH2'

2018-12-07 10:53:35 - [TEST_STEP][PASSED] - click(findTestObject("FSM1/Launch Application/Page_JClient/div_Sign In")): Object: 'Object Repository/FSM1/Launch Application/Page_JClient/div_Sign In' is clicked on

2018-12-07 10:53:35 - [MESSAGE][PASSED] - Object: 'Object Repository/FSM1/Launch Application/Page_JClient/div_Sign In' is clicked on

2018-12-07 10:53:35 - [TEST_STEP][PASSED] - delay(15): Delayed 15 second(s)

2018-12-07 10:53:50 - [MESSAGE][PASSED] - Delayed 15 second(s)]]></system-out>
         <system-err><![CDATA[]]></system-err>
      </testcase>
      <testcase name="Test Cases/Generic/Select Inspection" classname="Test Cases/Generic/Select Inspection" status="PASSED">
         <system-out><![CDATA[2018-12-07 10:53:50 - [TEST_CASE][PASSED] - Test Cases/Generic/Select Inspection: Test Cases/Generic/Select Inspection

2018-12-07 10:53:51 - [TEST_STEP][PASSED] - delay(30): Delayed 30 second(s)

2018-12-07 10:54:21 - [MESSAGE][PASSED] - Delayed 30 second(s)

2018-12-07 10:54:21 - [TEST_STEP][PASSED] - waitForElementClickable(findTestObject("JM_8918/Page_JM Control Centre/Page_JM Control Centre/Page_JClient/Refresh"), 250): Object 'Object Repository/JM_8918/Page_JM Control Centre/Page_JM Control Centre/Page_JClient/Refresh' is clickable

2018-12-07 10:54:21 - [MESSAGE][PASSED] - Object 'Object Repository/JM_8918/Page_JM Control Centre/Page_JM Control Centre/Page_JClient/Refresh' is clickable

2018-12-07 10:54:21 - [TEST_STEP][PASSED] - click(findTestObject("JM_8918/Page_JM Control Centre/Page_JM Control Centre/Page_JClient/Refresh")): Object: 'Object Repository/JM_8918/Page_JM Control Centre/Page_JM Control Centre/Page_JClient/Refresh' is clicked on

2018-12-07 10:54:22 - [MESSAGE][PASSED] - Object: 'Object Repository/JM_8918/Page_JM Control Centre/Page_JM Control Centre/Page_JClient/Refresh' is clicked on

2018-12-07 10:54:22 - [TEST_STEP][PASSED] - waitForElementClickable(findTestObject("JM_8918/Page_JM Control Centre/Page_JM Control Centre/Page_JClient/Refresh"), 250): Object 'Object Repository/JM_8918/Page_JM Control Centre/Page_JM Control Centre/Page_JClient/Refresh' is clickable

2018-12-07 10:54:22 - [MESSAGE][PASSED] - Object 'Object Repository/JM_8918/Page_JM Control Centre/Page_JM Control Centre/Page_JClient/Refresh' is clickable

2018-12-07 10:54:22 - [TEST_STEP][NOT_RUN] - delay(180): NOT_RUN: delay(180)

2018-12-07 10:54:22 - [MESSAGE][NOT_RUN] - NOT_RUN: delay(180)

2018-12-07 10:54:22 - [TEST_STEP][PASSED] - InspectionRef = modifyObjectProperty(findTestObject("FSM1/Select Inspection/Landing/Page_JClient/div_35098"), "text", "equals", temp, true, STOP_ON_FAILURE): Modify property of object successfully

2018-12-07 10:54:22 - [MESSAGE][PASSED] - Modify property of object successfully

2018-12-07 10:54:22 - [TEST_STEP][PASSED] - delay(20): Delayed 20 second(s)

2018-12-07 10:54:42 - [MESSAGE][PASSED] - Delayed 20 second(s)

2018-12-07 10:54:42 - [TEST_STEP][PASSED] - if (verifyElementPresent(InspectionRef, 30, OPTIONAL)): Object: 'Object Repository/FSM1/Select Inspection/Landing/Page_JClient/div_35098' is clicked on

2018-12-07 10:54:42 - [MESSAGE][PASSED] - Object 'Object Repository/FSM1/Select Inspection/Landing/Page_JClient/div_35098' is present

2018-12-07 10:54:42 - [TEST_STEP][PASSED] - delay(3): Delayed 3 second(s)

2018-12-07 10:54:45 - [MESSAGE][PASSED] - Delayed 3 second(s)

2018-12-07 10:54:45 - [TEST_STEP][PASSED] - click(InspectionRef): Object: 'Object Repository/FSM1/Select Inspection/Landing/Page_JClient/div_35098' is clicked on

2018-12-07 10:54:45 - [MESSAGE][PASSED] - Object: 'Object Repository/FSM1/Select Inspection/Landing/Page_JClient/div_35098' is clicked on

2018-12-07 10:54:45 - [TEST_STEP][PASSED] - click(findTestObject("FSM1/Select Inspection/Page_JClient/div_WITH OPERATIVE")): Object: 'Object Repository/FSM1/Select Inspection/Page_JClient/div_WITH OPERATIVE' is clicked on

2018-12-07 10:54:46 - [MESSAGE][PASSED] - Object: 'Object Repository/FSM1/Select Inspection/Page_JClient/div_WITH OPERATIVE' is clicked on

2018-12-07 10:54:46 - [TEST_STEP][PASSED] - delay(2): Delayed 2 second(s)

2018-12-07 10:54:48 - [MESSAGE][PASSED] - Delayed 2 second(s)

2018-12-07 10:54:48 - [TEST_STEP][PASSED] - click(findTestObject("FSM1/Select Inspection/Page_JClient/div_TRAVELLING")): Object: 'Object Repository/FSM1/Select Inspection/Page_JClient/div_TRAVELLING' is clicked on

2018-12-07 10:54:48 - [MESSAGE][PASSED] - Object: 'Object Repository/FSM1/Select Inspection/Page_JClient/div_TRAVELLING' is clicked on

2018-12-07 10:54:48 - [TEST_STEP][PASSED] - delay(2): Delayed 2 second(s)

2018-12-07 10:54:50 - [MESSAGE][PASSED] - Delayed 2 second(s)

2018-12-07 10:54:50 - [TEST_STEP][PASSED] - click(findTestObject("FSM1/Select Inspection/Page_JClient/div_TRAVELLING")): Object: 'Object Repository/FSM1/Select Inspection/Page_JClient/div_TRAVELLING' is clicked on

2018-12-07 10:54:50 - [MESSAGE][PASSED] - Object: 'Object Repository/FSM1/Select Inspection/Page_JClient/div_TRAVELLING' is clicked on

2018-12-07 10:54:50 - [TEST_STEP][PASSED] - delay(2): Delayed 2 second(s)

2018-12-07 10:54:52 - [MESSAGE][PASSED] - Delayed 2 second(s)

2018-12-07 10:54:52 - [TEST_STEP][PASSED] - click(findTestObject("FSM1/Select Inspection/Page_JClient/div_ARRIVED")): Object: 'Object Repository/FSM1/Select Inspection/Page_JClient/div_ARRIVED' is clicked on

2018-12-07 10:54:52 - [MESSAGE][PASSED] - Object: 'Object Repository/FSM1/Select Inspection/Page_JClient/div_ARRIVED' is clicked on

2018-12-07 10:54:52 - [TEST_STEP][PASSED] - delay(2): Delayed 2 second(s)

2018-12-07 10:54:54 - [MESSAGE][PASSED] - Delayed 2 second(s)

2018-12-07 10:54:54 - [TEST_STEP][PASSED] - click(findTestObject("FSM1/Select Inspection/Page_JClient/div_ARRIVED")): Object: 'Object Repository/FSM1/Select Inspection/Page_JClient/div_ARRIVED' is clicked on

2018-12-07 10:54:54 - [MESSAGE][PASSED] - Object: 'Object Repository/FSM1/Select Inspection/Page_JClient/div_ARRIVED' is clicked on

2018-12-07 10:54:54 - [TEST_STEP][PASSED] - delay(4): Delayed 4 second(s)

2018-12-07 10:54:58 - [MESSAGE][PASSED] - Delayed 4 second(s)

2018-12-07 10:54:58 - [TEST_STEP][PASSED] - click(findTestObject("FSM1/Select Inspection/Page_JClient/div_STARTED")): Object: 'Object Repository/FSM1/Select Inspection/Page_JClient/div_STARTED' is clicked on

2018-12-07 10:54:59 - [MESSAGE][PASSED] - Object: 'Object Repository/FSM1/Select Inspection/Page_JClient/div_STARTED' is clicked on

2018-12-07 10:54:59 - [TEST_STEP][PASSED] - delay(2): Delayed 2 second(s)

2018-12-07 10:55:01 - [MESSAGE][PASSED] - Delayed 2 second(s)]]></system-out>
         <system-err><![CDATA[]]></system-err>
      </testcase>
      <testcase name="Test Cases/EMI/Complete EMI Inspection - Edit Attributes" classname="Test Cases/EMI/Complete EMI Inspection - Edit Attributes" status="PASSED">
         <system-out><![CDATA[2018-12-07 10:55:01 - [TEST_CASE][PASSED] - Test Cases/EMI/Complete EMI Inspection - Edit Attributes: Test Cases/EMI/Complete EMI Inspection - Edit Attributes

2018-12-07 10:55:01 - [TEST_STEP][PASSED] - log = new com.kms.katalon.core.logging.KeywordLogger(): null

2018-12-07 10:55:01 - [TEST_STEP][PASSED] - click(findTestObject("Object Repository/JM_8918/Page_JClient/div_Edit attributes")): Object: 'Object Repository/JM_8918/Page_JClient/div_Edit attributes' is clicked on

2018-12-07 10:55:02 - [MESSAGE][PASSED] - Object: 'Object Repository/JM_8918/Page_JClient/div_Edit attributes' is clicked on

2018-12-07 10:55:02 - [TEST_STEP][PASSED] - delay(3): Delayed 3 second(s)

2018-12-07 10:55:05 - [MESSAGE][PASSED] - Delayed 3 second(s)

2018-12-07 10:55:05 - [TEST_STEP][PASSED] - setText(findTestObject("Object Repository/JM_8918/Page_JClient/input_County Parish Holding (C"), "11/222/3333"): Text '11/222/3333' is set on object 'Object Repository/JM_8918/Page_JClient/input_County Parish Holding (C'

2018-12-07 10:55:05 - [MESSAGE][PASSED] - Text '11/222/3333' is set on object 'Object Repository/JM_8918/Page_JClient/input_County Parish Holding (C'

2018-12-07 10:55:05 - [TEST_STEP][PASSED] - setText(findTestObject("Object Repository/JM_8918/Page_JClient/input_Trading Name_gwt-TextBox"), "Test Automation"): Text 'Test Automation' is set on object 'Object Repository/JM_8918/Page_JClient/input_Trading Name_gwt-TextBox'

2018-12-07 10:55:05 - [MESSAGE][PASSED] - Text 'Test Automation' is set on object 'Object Repository/JM_8918/Page_JClient/input_Trading Name_gwt-TextBox'

2018-12-07 10:55:05 - [TEST_STEP][PASSED] - selectOptionByValue(findTestObject("Object Repository/JM_8918/Page_JClient/select_Compliance (Schedule  A"), "COMPLIANCE", true): All options with value 'COMPLIANCE' are selected in object 'Object Repository/JM_8918/Page_JClient/select_Compliance (Schedule  A'  using regular expression

2018-12-07 10:55:06 - [MESSAGE][PASSED] - All options with value 'COMPLIANCE' are selected in object 'Object Repository/JM_8918/Page_JClient/select_Compliance (Schedule  A'  using regular expression

2018-12-07 10:55:06 - [TEST_STEP][PASSED] - click(findTestObject("Object Repository/JM_8918/Page_JClient/input_Have the egg throughputs")): Object: 'Object Repository/JM_8918/Page_JClient/input_Have the egg throughputs' is clicked on

2018-12-07 10:55:06 - [MESSAGE][PASSED] - Object: 'Object Repository/JM_8918/Page_JClient/input_Have the egg throughputs' is clicked on

2018-12-07 10:55:06 - [TEST_STEP][PASSED] - setText(findTestObject("Object Repository/JM_8918/Page_JClient/input_Organic_gwt-DoubleBox GF"), "10"): Text '10' is set on object 'Object Repository/JM_8918/Page_JClient/input_Organic_gwt-DoubleBox GF'

2018-12-07 10:55:06 - [MESSAGE][PASSED] - Text '10' is set on object 'Object Repository/JM_8918/Page_JClient/input_Organic_gwt-DoubleBox GF'

2018-12-07 10:55:06 - [TEST_STEP][PASSED] - setText(findTestObject("Object Repository/JM_8918/Page_JClient/input_Free Range_gwt-DoubleBox"), "10"): Text '10' is set on object 'Object Repository/JM_8918/Page_JClient/input_Free Range_gwt-DoubleBox'

2018-12-07 10:55:06 - [MESSAGE][PASSED] - Text '10' is set on object 'Object Repository/JM_8918/Page_JClient/input_Free Range_gwt-DoubleBox'

2018-12-07 10:55:06 - [TEST_STEP][PASSED] - setText(findTestObject("Object Repository/JM_8918/Page_JClient/input_Barn_gwt-DoubleBox GFNJN"), "10"): Text '10' is set on object 'Object Repository/JM_8918/Page_JClient/input_Barn_gwt-DoubleBox GFNJN'

2018-12-07 10:55:07 - [MESSAGE][PASSED] - Text '10' is set on object 'Object Repository/JM_8918/Page_JClient/input_Barn_gwt-DoubleBox GFNJN'

2018-12-07 10:55:07 - [TEST_STEP][PASSED] - setText(findTestObject("Object Repository/JM_8918/Page_JClient/input_Cage Enriched_gwt-Double"), "12"): Text '12' is set on object 'Object Repository/JM_8918/Page_JClient/input_Cage Enriched_gwt-Double'

2018-12-07 10:55:07 - [MESSAGE][PASSED] - Text '12' is set on object 'Object Repository/JM_8918/Page_JClient/input_Cage Enriched_gwt-Double'

2018-12-07 10:55:07 - [TEST_STEP][PASSED] - setText(findTestObject("Object Repository/JM_8918/Page_JClient/input_Organic_gwt-DoubleBox GF - EP Imp"), "11"): Text '11' is set on object 'Object Repository/JM_8918/Page_JClient/input_Organic_gwt-DoubleBox GF - EP Imp'

2018-12-07 10:55:07 - [MESSAGE][PASSED] - Text '11' is set on object 'Object Repository/JM_8918/Page_JClient/input_Organic_gwt-DoubleBox GF - EP Imp'

2018-12-07 10:55:07 - [TEST_STEP][PASSED] - setText(findTestObject("Object Repository/JM_8918/Page_JClient/input_Free Range_gwt-DoubleBox - EP Imp"), "11"): Text '11' is set on object 'Object Repository/JM_8918/Page_JClient/input_Free Range_gwt-DoubleBox - EP Imp'

2018-12-07 10:55:07 - [MESSAGE][PASSED] - Text '11' is set on object 'Object Repository/JM_8918/Page_JClient/input_Free Range_gwt-DoubleBox - EP Imp'

2018-12-07 10:55:07 - [TEST_STEP][PASSED] - setText(findTestObject("Object Repository/JM_8918/Page_JClient/input_Barn_gwt-DoubleBox GFNJN - Ep Imp"), "11"): Text '11' is set on object 'Object Repository/JM_8918/Page_JClient/input_Barn_gwt-DoubleBox GFNJN - Ep Imp'

2018-12-07 10:55:08 - [MESSAGE][PASSED] - Text '11' is set on object 'Object Repository/JM_8918/Page_JClient/input_Barn_gwt-DoubleBox GFNJN - Ep Imp'

2018-12-07 10:55:08 - [TEST_STEP][PASSED] - setText(findTestObject("Object Repository/JM_8918/Page_JClient/input_Cage Enriched_gwt-Double - Ep Imp"), "11"): Text '11' is set on object 'Object Repository/JM_8918/Page_JClient/input_Cage Enriched_gwt-Double - Ep Imp'

2018-12-07 10:55:08 - [MESSAGE][PASSED] - Text '11' is set on object 'Object Repository/JM_8918/Page_JClient/input_Cage Enriched_gwt-Double - Ep Imp'

2018-12-07 10:55:08 - [TEST_STEP][PASSED] - setText(findTestObject("Object Repository/JM_8918/Page_JClient/input_Organic_gwt-DoubleBox GF - Wh Reg"), "12"): Text '12' is set on object 'Object Repository/JM_8918/Page_JClient/input_Organic_gwt-DoubleBox GF - Wh Reg'

2018-12-07 10:55:08 - [MESSAGE][PASSED] - Text '12' is set on object 'Object Repository/JM_8918/Page_JClient/input_Organic_gwt-DoubleBox GF - Wh Reg'

2018-12-07 10:55:08 - [TEST_STEP][PASSED] - setText(findTestObject("Object Repository/JM_8918/Page_JClient/input_Free Range_gwt-DoubleBox - Wh Reg"), "12"): Text '12' is set on object 'Object Repository/JM_8918/Page_JClient/input_Free Range_gwt-DoubleBox - Wh Reg'

2018-12-07 10:55:08 - [MESSAGE][PASSED] - Text '12' is set on object 'Object Repository/JM_8918/Page_JClient/input_Free Range_gwt-DoubleBox - Wh Reg'

2018-12-07 10:55:08 - [TEST_STEP][PASSED] - setText(findTestObject("Object Repository/JM_8918/Page_JClient/input_Cage Enriched_gwt-Double - Wh Reg"), "12"): Text '12' is set on object 'Object Repository/JM_8918/Page_JClient/input_Cage Enriched_gwt-Double - Wh Reg'

2018-12-07 10:55:08 - [MESSAGE][PASSED] - Text '12' is set on object 'Object Repository/JM_8918/Page_JClient/input_Cage Enriched_gwt-Double - Wh Reg'

2018-12-07 10:55:08 - [TEST_STEP][PASSED] - setText(findTestObject("Object Repository/JM_8918/Page_JClient/input_Barn_gwt-DoubleBox GFNJN - Wh Reg"), "12"): Text '12' is set on object 'Object Repository/JM_8918/Page_JClient/input_Barn_gwt-DoubleBox GFNJN - Wh Reg'

2018-12-07 10:55:09 - [MESSAGE][PASSED] - Text '12' is set on object 'Object Repository/JM_8918/Page_JClient/input_Barn_gwt-DoubleBox GFNJN - Wh Reg'

2018-12-07 10:55:09 - [TEST_STEP][PASSED] - setText(findTestObject("Object Repository/JM_8918/Page_JClient/input_Organic_gwt-DoubleBox GF - Wh Imp"), "13"): Text '13' is set on object 'Object Repository/JM_8918/Page_JClient/input_Organic_gwt-DoubleBox GF - Wh Imp'

2018-12-07 10:55:09 - [MESSAGE][PASSED] - Text '13' is set on object 'Object Repository/JM_8918/Page_JClient/input_Organic_gwt-DoubleBox GF - Wh Imp'

2018-12-07 10:55:09 - [TEST_STEP][PASSED] - setText(findTestObject("Object Repository/JM_8918/Page_JClient/input_Free Range_gwt-DoubleBox - Wh Imp"), "13"): Text '13' is set on object 'Object Repository/JM_8918/Page_JClient/input_Free Range_gwt-DoubleBox - Wh Imp'

2018-12-07 10:55:09 - [MESSAGE][PASSED] - Text '13' is set on object 'Object Repository/JM_8918/Page_JClient/input_Free Range_gwt-DoubleBox - Wh Imp'

2018-12-07 10:55:09 - [TEST_STEP][PASSED] - setText(findTestObject("Object Repository/JM_8918/Page_JClient/input_Barn_gwt-DoubleBox GFNJN - Wh Imp"), "13"): Text '13' is set on object 'Object Repository/JM_8918/Page_JClient/input_Barn_gwt-DoubleBox GFNJN - Wh Imp'

2018-12-07 10:55:09 - [MESSAGE][PASSED] - Text '13' is set on object 'Object Repository/JM_8918/Page_JClient/input_Barn_gwt-DoubleBox GFNJN - Wh Imp'

2018-12-07 10:55:09 - [TEST_STEP][PASSED] - setText(findTestObject("Object Repository/JM_8918/Page_JClient/input_Cage Enriched_gwt-Double - Wh Imp"), "13"): Text '13' is set on object 'Object Repository/JM_8918/Page_JClient/input_Cage Enriched_gwt-Double - Wh Imp'

2018-12-07 10:55:10 - [MESSAGE][PASSED] - Text '13' is set on object 'Object Repository/JM_8918/Page_JClient/input_Cage Enriched_gwt-Double - Wh Imp'

2018-12-07 10:55:10 - [TEST_STEP][PASSED] - setText(findTestObject("Object Repository/JM_8918/Page_JClient/input_Throughput Changed To (U"), "50"): Text '50' is set on object 'Object Repository/JM_8918/Page_JClient/input_Throughput Changed To (U'

2018-12-07 10:55:10 - [MESSAGE][PASSED] - Text '50' is set on object 'Object Repository/JM_8918/Page_JClient/input_Throughput Changed To (U'

2018-12-07 10:55:10 - [TEST_STEP][PASSED] - setText(findTestObject("Object Repository/JM_8918/Page_JClient/input_Throughput Changed To (I"), "55"): Text '55' is set on object 'Object Repository/JM_8918/Page_JClient/input_Throughput Changed To (I'

2018-12-07 10:55:10 - [MESSAGE][PASSED] - Text '55' is set on object 'Object Repository/JM_8918/Page_JClient/input_Throughput Changed To (I'

2018-12-07 10:55:10 - [TEST_STEP][PASSED] - click(findTestObject("Object Repository/JM_8918/Page_JClient/input_Was the inspection compl")): Object: 'Object Repository/JM_8918/Page_JClient/input_Was the inspection compl' is clicked on

2018-12-07 10:55:10 - [MESSAGE][PASSED] - Object: 'Object Repository/JM_8918/Page_JClient/input_Was the inspection compl' is clicked on

2018-12-07 10:55:10 - [TEST_STEP][PASSED] - click(findTestObject("Object Repository/JM_8918/Page_JClient/input_Accreditation Body_gwt-u")): Object: 'Object Repository/JM_8918/Page_JClient/input_Accreditation Body_gwt-u' is clicked on

2018-12-07 10:55:11 - [MESSAGE][PASSED] - Object: 'Object Repository/JM_8918/Page_JClient/input_Accreditation Body_gwt-u' is clicked on

2018-12-07 10:55:11 - [TEST_STEP][PASSED] - setText(findTestObject("Object Repository/JM_8918/Page_JClient/input_Packer Throughput_gwt-Do"), "100"): Text '100' is set on object 'Object Repository/JM_8918/Page_JClient/input_Packer Throughput_gwt-Do'

2018-12-07 10:55:11 - [MESSAGE][PASSED] - Text '100' is set on object 'Object Repository/JM_8918/Page_JClient/input_Packer Throughput_gwt-Do'

2018-12-07 10:55:11 - [TEST_STEP][PASSED] - setText(findTestObject("Object Repository/JM_8918/Page_JClient/input_Wholesaler Throughput_gw"), "150"): Text '150' is set on object 'Object Repository/JM_8918/Page_JClient/input_Wholesaler Throughput_gw'

2018-12-07 10:55:11 - [MESSAGE][PASSED] - Text '150' is set on object 'Object Repository/JM_8918/Page_JClient/input_Wholesaler Throughput_gw'

2018-12-07 10:55:11 - [TEST_STEP][PASSED] - setText(findTestObject("Object Repository/JM_8918/Page_JClient/input_Importer Throughput_gwt-"), "200"): Text '200' is set on object 'Object Repository/JM_8918/Page_JClient/input_Importer Throughput_gwt-'

2018-12-07 10:55:11 - [MESSAGE][PASSED] - Text '200' is set on object 'Object Repository/JM_8918/Page_JClient/input_Importer Throughput_gwt-'

2018-12-07 10:55:11 - [TEST_STEP][PASSED] - click(findTestObject("Object Repository/JM_8918/Page_JClient/div_Signatures  Remarks")): Object: 'Object Repository/JM_8918/Page_JClient/div_Signatures  Remarks' is clicked on

2018-12-07 10:55:11 - [MESSAGE][PASSED] - Object: 'Object Repository/JM_8918/Page_JClient/div_Signatures  Remarks' is clicked on

2018-12-07 10:55:11 - [TEST_STEP][PASSED] - click(findTestObject("Object Repository/JM_8918/Page_JClient/img_Inspector Signature_gwt-Im")): Object: 'Object Repository/JM_8918/Page_JClient/img_Inspector Signature_gwt-Im' is clicked on

2018-12-07 10:55:12 - [MESSAGE][PASSED] - Object: 'Object Repository/JM_8918/Page_JClient/img_Inspector Signature_gwt-Im' is clicked on

2018-12-07 10:55:12 - [TEST_STEP][PASSED] - click(findTestObject("JM_8918/EMI/Packer Edit Attributes/Page_JClient/Page_JClient/div_Unable To Sign_Inspector")): Object: 'Object Repository/JM_8918/EMI/Packer Edit Attributes/Page_JClient/Page_JClient/div_Unable To Sign_Inspector' is clicked on

2018-12-07 10:55:13 - [MESSAGE][PASSED] - Object: 'Object Repository/JM_8918/EMI/Packer Edit Attributes/Page_JClient/Page_JClient/div_Unable To Sign_Inspector' is clicked on

2018-12-07 10:55:13 - [TEST_STEP][PASSED] - delay(2): Delayed 2 second(s)

2018-12-07 10:55:15 - [MESSAGE][PASSED] - Delayed 2 second(s)

2018-12-07 10:55:15 - [TEST_STEP][PASSED] - click(findTestObject("Object Repository/JM_8918/Page_JClient/img_Recipient Signature_gwt-Im")): Object: 'Object Repository/JM_8918/Page_JClient/img_Recipient Signature_gwt-Im' is clicked on

2018-12-07 10:55:15 - [MESSAGE][PASSED] - Object: 'Object Repository/JM_8918/Page_JClient/img_Recipient Signature_gwt-Im' is clicked on

2018-12-07 10:55:15 - [TEST_STEP][PASSED] - click(findTestObject("JM_8918/EMI/Packer Edit Attributes/Page_JClient/Page_JClient/div_Unable To Sign_Recipient")): Object: 'Object Repository/JM_8918/EMI/Packer Edit Attributes/Page_JClient/Page_JClient/div_Unable To Sign_Recipient' is clicked on

2018-12-07 10:55:16 - [MESSAGE][PASSED] - Object: 'Object Repository/JM_8918/EMI/Packer Edit Attributes/Page_JClient/Page_JClient/div_Unable To Sign_Recipient' is clicked on

2018-12-07 10:55:16 - [TEST_STEP][PASSED] - setText(findTestObject("Object Repository/JM_8918/Page_JClient/input_Recipient Name_gwt-TextB"), "Test automation"): Text 'Test automation' is set on object 'Object Repository/JM_8918/Page_JClient/input_Recipient Name_gwt-TextB'

2018-12-07 10:55:18 - [MESSAGE][PASSED] - Text 'Test automation' is set on object 'Object Repository/JM_8918/Page_JClient/input_Recipient Name_gwt-TextB'

2018-12-07 10:55:18 - [TEST_STEP][PASSED] - click(findTestObject("Object Repository/JM_8918/Page_JClient/input_Recipient Position_radio")): Object: 'Object Repository/JM_8918/Page_JClient/input_Recipient Position_radio' is clicked on

2018-12-07 10:55:18 - [MESSAGE][PASSED] - Object: 'Object Repository/JM_8918/Page_JClient/input_Recipient Position_radio' is clicked on

2018-12-07 10:55:18 - [TEST_STEP][PASSED] - click(findTestObject("Object Repository/JM_8918/Page_JClient/div_Save")): Object: 'Object Repository/JM_8918/Page_JClient/div_Save' is clicked on

2018-12-07 10:55:18 - [MESSAGE][PASSED] - Object: 'Object Repository/JM_8918/Page_JClient/div_Save' is clicked on

2018-12-07 10:55:18 - [TEST_STEP][PASSED] - delay(2): Delayed 2 second(s)

2018-12-07 10:55:20 - [MESSAGE][PASSED] - Delayed 2 second(s)

2018-12-07 10:55:20 - [TEST_STEP][PASSED] - click(findTestObject("JM_8918/EMI/Packer Edit Attributes/Page_JClient/div_Save - Job Details")): Object: 'Object Repository/JM_8918/EMI/Packer Edit Attributes/Page_JClient/div_Save - Job Details' is clicked on

2018-12-07 10:55:20 - [MESSAGE][PASSED] - Object: 'Object Repository/JM_8918/EMI/Packer Edit Attributes/Page_JClient/div_Save - Job Details' is clicked on]]></system-out>
         <system-err><![CDATA[]]></system-err>
      </testcase>
      <testcase name="Test Cases/EMI/Complete EMI Inspection - Data Capture - Producers" classname="Test Cases/EMI/Complete EMI Inspection - Data Capture - Producers" status="PASSED">
         <system-out><![CDATA[2018-12-07 10:55:20 - [TEST_CASE][PASSED] - Test Cases/EMI/Complete EMI Inspection - Data Capture - Producers: Test Cases/EMI/Complete EMI Inspection - Data Capture - Producers

2018-12-07 10:55:21 - [TEST_STEP][PASSED] - click(findTestObject("Object Repository/FSM1/Complete Egg Inspection/Data Capture Producer/Page_JClient/Page_JClient/div_Data Capture")): Object: 'Object Repository/FSM1/Complete Egg Inspection/Data Capture Producer/Page_JClient/Page_JClient/div_Data Capture' is clicked on

2018-12-07 10:55:21 - [MESSAGE][PASSED] - Object: 'Object Repository/FSM1/Complete Egg Inspection/Data Capture Producer/Page_JClient/Page_JClient/div_Data Capture' is clicked on

2018-12-07 10:55:21 - [TEST_STEP][PASSED] - delay(2): Delayed 2 second(s)

2018-12-07 10:55:23 - [MESSAGE][PASSED] - Delayed 2 second(s)

2018-12-07 10:55:23 - [TEST_STEP][PASSED] - click(findTestObject("Object Repository/FSM1/Complete Egg Inspection/Data Capture Producer/Page_JClient/Page_JClient/div_Producer")): Object: 'Object Repository/FSM1/Complete Egg Inspection/Data Capture Producer/Page_JClient/Page_JClient/div_Producer' is clicked on

2018-12-07 10:55:23 - [MESSAGE][PASSED] - Object: 'Object Repository/FSM1/Complete Egg Inspection/Data Capture Producer/Page_JClient/Page_JClient/div_Producer' is clicked on

2018-12-07 10:55:23 - [TEST_STEP][PASSED] - delay(2): Delayed 2 second(s)

2018-12-07 10:55:25 - [MESSAGE][PASSED] - Delayed 2 second(s)

2018-12-07 10:55:25 - [TEST_STEP][PASSED] - click(findTestObject("Object Repository/FSM1/Complete Egg Inspection/Data Capture Producer/Page_JClient/Page_JClient/div_Create_GKH2EKQBDXB GKH2EKQ")): Object: 'Object Repository/FSM1/Complete Egg Inspection/Data Capture Producer/Page_JClient/Page_JClient/div_Create_GKH2EKQBDXB GKH2EKQ' is clicked on

2018-12-07 10:55:25 - [MESSAGE][PASSED] - Object: 'Object Repository/FSM1/Complete Egg Inspection/Data Capture Producer/Page_JClient/Page_JClient/div_Create_GKH2EKQBDXB GKH2EKQ' is clicked on

2018-12-07 10:55:25 - [TEST_STEP][PASSED] - delay(2): Delayed 2 second(s)

2018-12-07 10:55:27 - [MESSAGE][PASSED] - Delayed 2 second(s)

2018-12-07 10:55:27 - [TEST_STEP][PASSED] - setText(findTestObject("Object Repository/FSM1/Complete Egg Inspection/Data Capture Producer/Page_JClient/Page_JClient/input_Inspection Duration 1 (m"), ""): Text '' is set on object 'Object Repository/FSM1/Complete Egg Inspection/Data Capture Producer/Page_JClient/Page_JClient/input_Inspection Duration 1 (m'

2018-12-07 10:55:28 - [MESSAGE][PASSED] - Text '' is set on object 'Object Repository/FSM1/Complete Egg Inspection/Data Capture Producer/Page_JClient/Page_JClient/input_Inspection Duration 1 (m'

2018-12-07 10:55:28 - [TEST_STEP][PASSED] - selectOptionByValue(findTestObject("Object Repository/FSM1/Complete Egg Inspection/Data Capture Producer/Page_JClient/Page_JClient/select_ADLAORAPCAPLASDCATCCICS"), "ADL", true): All options with value 'ADL' are selected in object 'Object Repository/FSM1/Complete Egg Inspection/Data Capture Producer/Page_JClient/Page_JClient/select_ADLAORAPCAPLASDCATCCICS'  using regular expression

2018-12-07 10:55:28 - [MESSAGE][PASSED] - All options with value 'ADL' are selected in object 'Object Repository/FSM1/Complete Egg Inspection/Data Capture Producer/Page_JClient/Page_JClient/select_ADLAORAPCAPLASDCATCCICS'  using regular expression

2018-12-07 10:55:28 - [TEST_STEP][PASSED] - setText(findTestObject("Object Repository/FSM1/Complete Egg Inspection/Data Capture Producer/Page_JClient/Page_JClient/input_Inspection Duration 1 (m"), "12"): Text '12' is set on object 'Object Repository/FSM1/Complete Egg Inspection/Data Capture Producer/Page_JClient/Page_JClient/input_Inspection Duration 1 (m'

2018-12-07 10:55:29 - [MESSAGE][PASSED] - Text '12' is set on object 'Object Repository/FSM1/Complete Egg Inspection/Data Capture Producer/Page_JClient/Page_JClient/input_Inspection Duration 1 (m'

2018-12-07 10:55:29 - [TEST_STEP][PASSED] - delay(3): Delayed 3 second(s)

2018-12-07 10:55:32 - [MESSAGE][PASSED] - Delayed 3 second(s)

2018-12-07 10:55:32 - [TEST_STEP][NOT_RUN] - check(findTestObject("FSM1/Complete Egg Inspection/Data Capture Producer/Page_JClient/input_Premises_radio_group_17")): NOT_RUN: check(findTestObject("FSM1/Complete Egg Inspection/Data Capture Producer/Page_JClient/input_Premises_radio_group_17"))

2018-12-07 10:55:32 - [MESSAGE][NOT_RUN] - NOT_RUN: check(findTestObject("FSM1/Complete Egg Inspection/Data Capture Producer/Page_JClient/input_Premises_radio_group_17"))

2018-12-07 10:55:32 - [TEST_STEP][PASSED] - click(findTestObject("JM_8918/New/Page_JClient/label_Yes_Premises")): Object: 'Object Repository/JM_8918/New/Page_JClient/label_Yes_Premises' is clicked on

2018-12-07 10:55:32 - [MESSAGE][PASSED] - Object: 'Object Repository/JM_8918/New/Page_JClient/label_Yes_Premises' is clicked on

2018-12-07 10:55:32 - [TEST_STEP][PASSED] - click(findTestObject("JM_8918/New/Page_JClient/input_Premises_radio_group_1_NEW")): Object: 'Object Repository/JM_8918/New/Page_JClient/input_Premises_radio_group_1_NEW' is clicked on

2018-12-07 10:55:32 - [MESSAGE][PASSED] - Object: 'Object Repository/JM_8918/New/Page_JClient/input_Premises_radio_group_1_NEW' is clicked on

2018-12-07 10:55:32 - [TEST_STEP][PASSED] - click(findTestObject("Object Repository/FSM1/Complete Egg Inspection/Data Capture Producer/Page_JClient/Page_JClient/input_Marking (Eggs)_radio_gro")): Object: 'Object Repository/FSM1/Complete Egg Inspection/Data Capture Producer/Page_JClient/Page_JClient/input_Marking (Eggs)_radio_gro' is clicked on

2018-12-07 10:55:32 - [MESSAGE][PASSED] - Object: 'Object Repository/FSM1/Complete Egg Inspection/Data Capture Producer/Page_JClient/Page_JClient/input_Marking (Eggs)_radio_gro' is clicked on

2018-12-07 10:55:32 - [TEST_STEP][PASSED] - click(findTestObject("Object Repository/FSM1/Complete Egg Inspection/Data Capture Producer/Page_JClient/Page_JClient/input_Packaging_radio_group_3")): Object: 'Object Repository/FSM1/Complete Egg Inspection/Data Capture Producer/Page_JClient/Page_JClient/input_Packaging_radio_group_3' is clicked on

2018-12-07 10:55:32 - [MESSAGE][PASSED] - Object: 'Object Repository/FSM1/Complete Egg Inspection/Data Capture Producer/Page_JClient/Page_JClient/input_Packaging_radio_group_3' is clicked on

2018-12-07 10:55:32 - [TEST_STEP][PASSED] - click(findTestObject("Object Repository/FSM1/Complete Egg Inspection/Data Capture Producer/Page_JClient/Page_JClient/input_Labelling_radio_group_4")): Object: 'Object Repository/FSM1/Complete Egg Inspection/Data Capture Producer/Page_JClient/Page_JClient/input_Labelling_radio_group_4' is clicked on

2018-12-07 10:55:32 - [MESSAGE][PASSED] - Object: 'Object Repository/FSM1/Complete Egg Inspection/Data Capture Producer/Page_JClient/Page_JClient/input_Labelling_radio_group_4' is clicked on

2018-12-07 10:55:32 - [TEST_STEP][PASSED] - click(findTestObject("Object Repository/FSM1/Complete Egg Inspection/Data Capture Producer/Page_JClient/Page_JClient/input_SMT Free Range_radio_gro")): Object: 'Object Repository/FSM1/Complete Egg Inspection/Data Capture Producer/Page_JClient/Page_JClient/input_SMT Free Range_radio_gro' is clicked on

2018-12-07 10:55:33 - [MESSAGE][PASSED] - Object: 'Object Repository/FSM1/Complete Egg Inspection/Data Capture Producer/Page_JClient/Page_JClient/input_SMT Free Range_radio_gro' is clicked on

2018-12-07 10:55:33 - [TEST_STEP][PASSED] - click(findTestObject("Object Repository/FSM1/Complete Egg Inspection/Data Capture Producer/Page_JClient/Page_JClient/input_Barn_radio_group_6")): Object: 'Object Repository/FSM1/Complete Egg Inspection/Data Capture Producer/Page_JClient/Page_JClient/input_Barn_radio_group_6' is clicked on

2018-12-07 10:55:33 - [MESSAGE][PASSED] - Object: 'Object Repository/FSM1/Complete Egg Inspection/Data Capture Producer/Page_JClient/Page_JClient/input_Barn_radio_group_6' is clicked on

2018-12-07 10:55:33 - [TEST_STEP][PASSED] - click(findTestObject("Object Repository/FSM1/Complete Egg Inspection/Data Capture Producer/Page_JClient/Page_JClient/input_Cage Enriched_radio_grou")): Object: 'Object Repository/FSM1/Complete Egg Inspection/Data Capture Producer/Page_JClient/Page_JClient/input_Cage Enriched_radio_grou' is clicked on

2018-12-07 10:55:33 - [MESSAGE][PASSED] - Object: 'Object Repository/FSM1/Complete Egg Inspection/Data Capture Producer/Page_JClient/Page_JClient/input_Cage Enriched_radio_grou' is clicked on

2018-12-07 10:55:33 - [TEST_STEP][PASSED] - click(findTestObject("Object Repository/FSM1/Complete Egg Inspection/Data Capture Producer/Page_JClient/Page_JClient/input_Records_radio_group_8")): Object: 'Object Repository/FSM1/Complete Egg Inspection/Data Capture Producer/Page_JClient/Page_JClient/input_Records_radio_group_8' is clicked on

2018-12-07 10:55:33 - [MESSAGE][PASSED] - Object: 'Object Repository/FSM1/Complete Egg Inspection/Data Capture Producer/Page_JClient/Page_JClient/input_Records_radio_group_8' is clicked on

2018-12-07 10:55:33 - [TEST_STEP][PASSED] - click(findTestObject("Object Repository/FSM1/Complete Egg Inspection/Data Capture Producer/Page_JClient/Page_JClient/input_Hygiene at Producer_radi")): Object: 'Object Repository/FSM1/Complete Egg Inspection/Data Capture Producer/Page_JClient/Page_JClient/input_Hygiene at Producer_radi' is clicked on

2018-12-07 10:55:33 - [MESSAGE][PASSED] - Object: 'Object Repository/FSM1/Complete Egg Inspection/Data Capture Producer/Page_JClient/Page_JClient/input_Hygiene at Producer_radi' is clicked on

2018-12-07 10:55:33 - [TEST_STEP][PASSED] - click(findTestObject("Object Repository/FSM1/Complete Egg Inspection/Data Capture Producer/Page_JClient/Page_JClient/input_Welfare_radio_group_10")): Object: 'Object Repository/FSM1/Complete Egg Inspection/Data Capture Producer/Page_JClient/Page_JClient/input_Welfare_radio_group_10' is clicked on

2018-12-07 10:55:34 - [MESSAGE][PASSED] - Object: 'Object Repository/FSM1/Complete Egg Inspection/Data Capture Producer/Page_JClient/Page_JClient/input_Welfare_radio_group_10' is clicked on

2018-12-07 10:55:34 - [TEST_STEP][PASSED] - click(findTestObject("Object Repository/FSM1/Complete Egg Inspection/Data Capture Producer/Page_JClient/Page_JClient/input_Yes_radio_group_11")): Object: 'Object Repository/FSM1/Complete Egg Inspection/Data Capture Producer/Page_JClient/Page_JClient/input_Yes_radio_group_11' is clicked on

2018-12-07 10:55:34 - [MESSAGE][PASSED] - Object: 'Object Repository/FSM1/Complete Egg Inspection/Data Capture Producer/Page_JClient/Page_JClient/input_Yes_radio_group_11' is clicked on

2018-12-07 10:55:34 - [TEST_STEP][PASSED] - click(findTestObject("Object Repository/FSM1/Complete Egg Inspection/Data Capture Producer/Page_JClient/Page_JClient/input_Operator NCP Contraventi")): Object: 'Object Repository/FSM1/Complete Egg Inspection/Data Capture Producer/Page_JClient/Page_JClient/input_Operator NCP Contraventi' is clicked on

2018-12-07 10:55:34 - [MESSAGE][PASSED] - Object: 'Object Repository/FSM1/Complete Egg Inspection/Data Capture Producer/Page_JClient/Page_JClient/input_Operator NCP Contraventi' is clicked on

2018-12-07 10:55:34 - [TEST_STEP][PASSED] - setText(findTestObject("Object Repository/FSM1/Complete Egg Inspection/Data Capture Producer/Page_JClient/Page_JClient/textarea_Remarks_gwt-TextArea"), "Test automation"): Text 'Test automation' is set on object 'Object Repository/FSM1/Complete Egg Inspection/Data Capture Producer/Page_JClient/Page_JClient/textarea_Remarks_gwt-TextArea'

2018-12-07 10:55:34 - [MESSAGE][PASSED] - Text 'Test automation' is set on object 'Object Repository/FSM1/Complete Egg Inspection/Data Capture Producer/Page_JClient/Page_JClient/textarea_Remarks_gwt-TextArea'

2018-12-07 10:55:34 - [TEST_STEP][PASSED] - click(findTestObject("Object Repository/FSM1/Complete Egg Inspection/Data Capture Producer/Page_JClient/Page_JClient/input_Records (Eggs  Hens)_rad")): Object: 'Object Repository/FSM1/Complete Egg Inspection/Data Capture Producer/Page_JClient/Page_JClient/input_Records (Eggs  Hens)_rad' is clicked on

2018-12-07 10:55:34 - [MESSAGE][PASSED] - Object: 'Object Repository/FSM1/Complete Egg Inspection/Data Capture Producer/Page_JClient/Page_JClient/input_Records (Eggs  Hens)_rad' is clicked on

2018-12-07 10:55:34 - [TEST_STEP][PASSED] - click(findTestObject("Object Repository/FSM1/Complete Egg Inspection/Data Capture Producer/Page_JClient/Page_JClient/input_Records (Veterinary Medi")): Object: 'Object Repository/FSM1/Complete Egg Inspection/Data Capture Producer/Page_JClient/Page_JClient/input_Records (Veterinary Medi' is clicked on

2018-12-07 10:55:35 - [MESSAGE][PASSED] - Object: 'Object Repository/FSM1/Complete Egg Inspection/Data Capture Producer/Page_JClient/Page_JClient/input_Records (Veterinary Medi' is clicked on

2018-12-07 10:55:35 - [TEST_STEP][PASSED] - click(findTestObject("Object Repository/FSM1/Complete Egg Inspection/Data Capture Producer/Page_JClient/Page_JClient/input_Penalty Notice Issued fo")): Object: 'Object Repository/FSM1/Complete Egg Inspection/Data Capture Producer/Page_JClient/Page_JClient/input_Penalty Notice Issued fo' is clicked on

2018-12-07 10:55:35 - [MESSAGE][PASSED] - Object: 'Object Repository/FSM1/Complete Egg Inspection/Data Capture Producer/Page_JClient/Page_JClient/input_Penalty Notice Issued fo' is clicked on

2018-12-07 10:55:35 - [TEST_STEP][PASSED] - click(findTestObject("Object Repository/FSM1/Complete Egg Inspection/Data Capture Producer/Page_JClient/Page_JClient/input_Follow Up inspection req")): Object: 'Object Repository/FSM1/Complete Egg Inspection/Data Capture Producer/Page_JClient/Page_JClient/input_Follow Up inspection req' is clicked on

2018-12-07 10:55:35 - [MESSAGE][PASSED] - Object: 'Object Repository/FSM1/Complete Egg Inspection/Data Capture Producer/Page_JClient/Page_JClient/input_Follow Up inspection req' is clicked on

2018-12-07 10:55:35 - [TEST_STEP][PASSED] - click(findTestObject("Object Repository/FSM1/Complete Egg Inspection/Data Capture Producer/Page_JClient/Page_JClient/div_Flock Details")): Object: 'Object Repository/FSM1/Complete Egg Inspection/Data Capture Producer/Page_JClient/Page_JClient/div_Flock Details' is clicked on

2018-12-07 10:55:35 - [MESSAGE][PASSED] - Object: 'Object Repository/FSM1/Complete Egg Inspection/Data Capture Producer/Page_JClient/Page_JClient/div_Flock Details' is clicked on

2018-12-07 10:55:35 - [TEST_STEP][PASSED] - delay(2): Delayed 2 second(s)

2018-12-07 10:55:37 - [MESSAGE][PASSED] - Delayed 2 second(s)

2018-12-07 10:55:37 - [TEST_STEP][PASSED] - click(findTestObject("Object Repository/FSM1/Complete Egg Inspection/Data Capture Producer/Page_JClient/Page_JClient/div_Create_GKH2EKQBDXB GKH2EKQ - Flock")): Object: 'Object Repository/FSM1/Complete Egg Inspection/Data Capture Producer/Page_JClient/Page_JClient/div_Create_GKH2EKQBDXB GKH2EKQ - Flock' is clicked on

2018-12-07 10:55:37 - [MESSAGE][PASSED] - Object: 'Object Repository/FSM1/Complete Egg Inspection/Data Capture Producer/Page_JClient/Page_JClient/div_Create_GKH2EKQBDXB GKH2EKQ - Flock' is clicked on

2018-12-07 10:55:37 - [TEST_STEP][PASSED] - delay(2): Delayed 2 second(s)

2018-12-07 10:55:39 - [MESSAGE][PASSED] - Delayed 2 second(s)

2018-12-07 10:55:39 - [TEST_STEP][PASSED] - setText(findTestObject("Object Repository/FSM1/Complete Egg Inspection/Data Capture Producer/Page_JClient/Page_JClient/input_House Name  Number_gwt-T"), "12"): Text '12' is set on object 'Object Repository/FSM1/Complete Egg Inspection/Data Capture Producer/Page_JClient/Page_JClient/input_House Name  Number_gwt-T'

2018-12-07 10:55:40 - [MESSAGE][PASSED] - Text '12' is set on object 'Object Repository/FSM1/Complete Egg Inspection/Data Capture Producer/Page_JClient/Page_JClient/input_House Name  Number_gwt-T'

2018-12-07 10:55:40 - [TEST_STEP][PASSED] - setText(findTestObject("Object Repository/FSM1/Complete Egg Inspection/Data Capture Producer/Page_JClient/Page_JClient/input_Number of Birds_gwt-Doub"), "12"): Text '12' is set on object 'Object Repository/FSM1/Complete Egg Inspection/Data Capture Producer/Page_JClient/Page_JClient/input_Number of Birds_gwt-Doub'

2018-12-07 10:55:40 - [MESSAGE][PASSED] - Text '12' is set on object 'Object Repository/FSM1/Complete Egg Inspection/Data Capture Producer/Page_JClient/Page_JClient/input_Number of Birds_gwt-Doub'

2018-12-07 10:55:40 - [TEST_STEP][PASSED] - setText(findTestObject("Object Repository/FSM1/Complete Egg Inspection/Data Capture Producer/Page_JClient/Page_JClient/input_Age of Flock (Weeks)_gwt"), "12"): Text '12' is set on object 'Object Repository/FSM1/Complete Egg Inspection/Data Capture Producer/Page_JClient/Page_JClient/input_Age of Flock (Weeks)_gwt'

2018-12-07 10:55:40 - [MESSAGE][PASSED] - Text '12' is set on object 'Object Repository/FSM1/Complete Egg Inspection/Data Capture Producer/Page_JClient/Page_JClient/input_Age of Flock (Weeks)_gwt'

2018-12-07 10:55:40 - [TEST_STEP][PASSED] - selectOptionByValue(findTestObject("Object Repository/FSM1/Complete Egg Inspection/Data Capture Producer/Page_JClient/Page_JClient/select_Babcock B380Black Rocks"), "BLACK_ROCKS", true): All options with value 'BLACK_ROCKS' are selected in object 'Object Repository/FSM1/Complete Egg Inspection/Data Capture Producer/Page_JClient/Page_JClient/select_Babcock B380Black Rocks'  using regular expression

2018-12-07 10:55:41 - [MESSAGE][PASSED] - All options with value 'BLACK_ROCKS' are selected in object 'Object Repository/FSM1/Complete Egg Inspection/Data Capture Producer/Page_JClient/Page_JClient/select_Babcock B380Black Rocks'  using regular expression

2018-12-07 10:55:41 - [TEST_STEP][PASSED] - mydate = new java.util.Date(): null

2018-12-07 10:55:41 - [TEST_STEP][PASSED] - formattedDate = mydate.format("MM/dd/yyy"): null

2018-12-07 10:55:41 - [TEST_STEP][PASSED] - sendKeys(findTestObject("FSM1/Complete Egg Inspection/Data Capture Producer/Page_JClient/input_Date of Placing_GKH2EKQB"), formattedDate): Keys '12/07/2018' sent to object: 'Object Repository/FSM1/Complete Egg Inspection/Data Capture Producer/Page_JClient/input_Date of Placing_GKH2EKQB'

2018-12-07 10:55:41 - [MESSAGE][PASSED] - Keys '12/07/2018' sent to object: 'Object Repository/FSM1/Complete Egg Inspection/Data Capture Producer/Page_JClient/input_Date of Placing_GKH2EKQB'

2018-12-07 10:55:41 - [TEST_STEP][PASSED] - click(findTestObject("FSM1/Complete Egg Inspection/Data Capture Producer/Page_JClient/div_Save_flock")): Object: 'Object Repository/FSM1/Complete Egg Inspection/Data Capture Producer/Page_JClient/div_Save_flock' is clicked on

2018-12-07 10:55:41 - [MESSAGE][PASSED] - Object: 'Object Repository/FSM1/Complete Egg Inspection/Data Capture Producer/Page_JClient/div_Save_flock' is clicked on

2018-12-07 10:55:41 - [TEST_STEP][PASSED] - delay(2): Delayed 2 second(s)

2018-12-07 10:55:43 - [MESSAGE][PASSED] - Delayed 2 second(s)

2018-12-07 10:55:43 - [TEST_STEP][PASSED] - click(findTestObject("Object Repository/FSM1/Complete Egg Inspection/Data Capture Producer/Page_JClient/Page_JClient/div_Follow Up Inspections")): Object: 'Object Repository/FSM1/Complete Egg Inspection/Data Capture Producer/Page_JClient/Page_JClient/div_Follow Up Inspections' is clicked on

2018-12-07 10:55:44 - [MESSAGE][PASSED] - Object: 'Object Repository/FSM1/Complete Egg Inspection/Data Capture Producer/Page_JClient/Page_JClient/div_Follow Up Inspections' is clicked on

2018-12-07 10:55:44 - [TEST_STEP][PASSED] - delay(2): Delayed 2 second(s)

2018-12-07 10:55:46 - [MESSAGE][PASSED] - Delayed 2 second(s)

2018-12-07 10:55:46 - [TEST_STEP][PASSED] - click(findTestObject("Object Repository/FSM1/Complete Egg Inspection/Data Capture Producer/Page_JClient/Page_JClient/div_Create_GKH2EKQBDXB GKH2EKQ - Follow Up")): Object: 'Object Repository/FSM1/Complete Egg Inspection/Data Capture Producer/Page_JClient/Page_JClient/div_Create_GKH2EKQBDXB GKH2EKQ - Follow Up' is clicked on

2018-12-07 10:55:46 - [MESSAGE][PASSED] - Object: 'Object Repository/FSM1/Complete Egg Inspection/Data Capture Producer/Page_JClient/Page_JClient/div_Create_GKH2EKQBDXB GKH2EKQ - Follow Up' is clicked on

2018-12-07 10:55:46 - [TEST_STEP][PASSED] - delay(2): Delayed 2 second(s)

2018-12-07 10:55:48 - [MESSAGE][PASSED] - Delayed 2 second(s)

2018-12-07 10:55:48 - [TEST_STEP][PASSED] - setText(findTestObject("Object Repository/FSM1/Complete Egg Inspection/Data Capture Producer/Page_JClient/Page_JClient/textarea_Contravention Detail_"), "Test automation"): Text 'Test automation' is set on object 'Object Repository/FSM1/Complete Egg Inspection/Data Capture Producer/Page_JClient/Page_JClient/textarea_Contravention Detail_'

2018-12-07 10:55:48 - [MESSAGE][PASSED] - Text 'Test automation' is set on object 'Object Repository/FSM1/Complete Egg Inspection/Data Capture Producer/Page_JClient/Page_JClient/textarea_Contravention Detail_'

2018-12-07 10:55:48 - [TEST_STEP][PASSED] - mydate = new java.util.Date() + 2: null

2018-12-07 10:55:48 - [TEST_STEP][PASSED] - formattedDate = mydate.format("MM/dd/yyy"): null

2018-12-07 10:55:48 - [TEST_STEP][PASSED] - sendKeys(findTestObject("FSM1/Complete Egg Inspection/Data Capture Producer/Page_JClient/input_Follow Up Date_GKH2EKQBO"), formattedDate): Keys '12/09/2018' sent to object: 'Object Repository/FSM1/Complete Egg Inspection/Data Capture Producer/Page_JClient/input_Follow Up Date_GKH2EKQBO'

2018-12-07 10:55:48 - [MESSAGE][PASSED] - Keys '12/09/2018' sent to object: 'Object Repository/FSM1/Complete Egg Inspection/Data Capture Producer/Page_JClient/input_Follow Up Date_GKH2EKQBO'

2018-12-07 10:55:48 - [TEST_STEP][PASSED] - sendKeys(findTestObject("FSM1/Complete Egg Inspection/Data Capture Producer/Page_JClient/input_Rectification Date_GKH2E"), formattedDate): Keys '12/09/2018' sent to object: 'Object Repository/FSM1/Complete Egg Inspection/Data Capture Producer/Page_JClient/input_Rectification Date_GKH2E'

2018-12-07 10:55:49 - [MESSAGE][PASSED] - Keys '12/09/2018' sent to object: 'Object Repository/FSM1/Complete Egg Inspection/Data Capture Producer/Page_JClient/input_Rectification Date_GKH2E'

2018-12-07 10:55:49 - [TEST_STEP][PASSED] - setText(findTestObject("Object Repository/FSM1/Complete Egg Inspection/Data Capture Producer/Page_JClient/Page_JClient/input_Premises ID_gwt-TextBox"), "123"): Text '123' is set on object 'Object Repository/FSM1/Complete Egg Inspection/Data Capture Producer/Page_JClient/Page_JClient/input_Premises ID_gwt-TextBox'

2018-12-07 10:55:49 - [MESSAGE][PASSED] - Text '123' is set on object 'Object Repository/FSM1/Complete Egg Inspection/Data Capture Producer/Page_JClient/Page_JClient/input_Premises ID_gwt-TextBox'

2018-12-07 10:55:49 - [TEST_STEP][PASSED] - click(findTestObject("FSM1/Complete Egg Inspection/Data Capture Producer/Page_JClient/div_Save_follow up")): Object: 'Object Repository/FSM1/Complete Egg Inspection/Data Capture Producer/Page_JClient/div_Save_follow up' is clicked on

2018-12-07 10:55:49 - [MESSAGE][PASSED] - Object: 'Object Repository/FSM1/Complete Egg Inspection/Data Capture Producer/Page_JClient/div_Save_follow up' is clicked on

2018-12-07 10:55:49 - [TEST_STEP][PASSED] - delay(2): Delayed 2 second(s)

2018-12-07 10:55:51 - [MESSAGE][PASSED] - Delayed 2 second(s)

2018-12-07 10:55:51 - [TEST_STEP][PASSED] - click(findTestObject("FSM1/Complete Egg Inspection/Data Capture Producer/Page_JClient/div_Save_Producer")): Object: 'Object Repository/FSM1/Complete Egg Inspection/Data Capture Producer/Page_JClient/div_Save_Producer' is clicked on

2018-12-07 10:55:51 - [MESSAGE][PASSED] - Object: 'Object Repository/FSM1/Complete Egg Inspection/Data Capture Producer/Page_JClient/div_Save_Producer' is clicked on

2018-12-07 10:55:51 - [TEST_STEP][PASSED] - delay(2): Delayed 2 second(s)

2018-12-07 10:55:53 - [MESSAGE][PASSED] - Delayed 2 second(s)]]></system-out>
         <system-err><![CDATA[]]></system-err>
      </testcase>
      <testcase name="Test Cases/EMI/Complete EMI Inspection - Completion Attributes" classname="Test Cases/EMI/Complete EMI Inspection - Completion Attributes" status="PASSED">
         <system-out><![CDATA[2018-12-07 10:55:53 - [TEST_CASE][PASSED] - Test Cases/EMI/Complete EMI Inspection - Completion Attributes: Test Cases/EMI/Complete EMI Inspection - Completion Attributes

2018-12-07 10:55:54 - [TEST_STEP][PASSED] - click(findTestObject("FSM1/Complete Egg Inspection/CompletionAttributes/Page_JClient/div_STARTED (locked)")): Object: 'Object Repository/FSM1/Complete Egg Inspection/CompletionAttributes/Page_JClient/div_STARTED (locked)' is clicked on

2018-12-07 10:55:54 - [MESSAGE][PASSED] - Object: 'Object Repository/FSM1/Complete Egg Inspection/CompletionAttributes/Page_JClient/div_STARTED (locked)' is clicked on

2018-12-07 10:55:54 - [TEST_STEP][PASSED] - delay(2): Delayed 2 second(s)

2018-12-07 10:55:56 - [MESSAGE][PASSED] - Delayed 2 second(s)

2018-12-07 10:55:56 - [TEST_STEP][PASSED] - click(findTestObject("FSM1/Complete Egg Inspection/CompletionAttributes/Page_JClient/div_COMPLETED")): Object: 'Object Repository/FSM1/Complete Egg Inspection/CompletionAttributes/Page_JClient/div_COMPLETED' is clicked on

2018-12-07 10:55:56 - [MESSAGE][PASSED] - Object: 'Object Repository/FSM1/Complete Egg Inspection/CompletionAttributes/Page_JClient/div_COMPLETED' is clicked on

2018-12-07 10:55:56 - [TEST_STEP][PASSED] - delay(2): Delayed 2 second(s)

2018-12-07 10:55:58 - [MESSAGE][PASSED] - Delayed 2 second(s)

2018-12-07 10:55:58 - [TEST_STEP][PASSED] - setText(findTestObject("FSM1/Complete Egg Inspection/CompletionAttributes/Page_JClient/OrganicNumber"), "1"): Text '1' is set on object 'Object Repository/FSM1/Complete Egg Inspection/CompletionAttributes/Page_JClient/OrganicNumber'

2018-12-07 10:55:59 - [MESSAGE][PASSED] - Text '1' is set on object 'Object Repository/FSM1/Complete Egg Inspection/CompletionAttributes/Page_JClient/OrganicNumber'

2018-12-07 10:55:59 - [TEST_STEP][PASSED] - click(findTestObject("FSM1/Complete Egg Inspection/CompletionAttributes/Page_JClient/FreeRangeNumber")): Object: 'Object Repository/FSM1/Complete Egg Inspection/CompletionAttributes/Page_JClient/FreeRangeNumber' is clicked on

2018-12-07 10:55:59 - [MESSAGE][PASSED] - Object: 'Object Repository/FSM1/Complete Egg Inspection/CompletionAttributes/Page_JClient/FreeRangeNumber' is clicked on

2018-12-07 10:55:59 - [TEST_STEP][PASSED] - click(findTestObject("FSM1/Complete Egg Inspection/CompletionAttributes/Page_JClient/OrganicCompliant")): Object: 'Object Repository/FSM1/Complete Egg Inspection/CompletionAttributes/Page_JClient/OrganicCompliant' is clicked on

2018-12-07 10:55:59 - [MESSAGE][PASSED] - Object: 'Object Repository/FSM1/Complete Egg Inspection/CompletionAttributes/Page_JClient/OrganicCompliant' is clicked on

2018-12-07 10:55:59 - [TEST_STEP][PASSED] - setText(findTestObject("FSM1/Complete Egg Inspection/CompletionAttributes/Page_JClient/FreeRangeNumber1"), "1"): Text '1' is set on object 'Object Repository/FSM1/Complete Egg Inspection/CompletionAttributes/Page_JClient/FreeRangeNumber1'

2018-12-07 10:55:59 - [MESSAGE][PASSED] - Text '1' is set on object 'Object Repository/FSM1/Complete Egg Inspection/CompletionAttributes/Page_JClient/FreeRangeNumber1'

2018-12-07 10:55:59 - [TEST_STEP][PASSED] - click(findTestObject("FSM1/Complete Egg Inspection/CompletionAttributes/Page_JClient/BarnNumber")): Object: 'Object Repository/FSM1/Complete Egg Inspection/CompletionAttributes/Page_JClient/BarnNumber' is clicked on

2018-12-07 10:55:59 - [MESSAGE][PASSED] - Object: 'Object Repository/FSM1/Complete Egg Inspection/CompletionAttributes/Page_JClient/BarnNumber' is clicked on

2018-12-07 10:55:59 - [TEST_STEP][PASSED] - click(findTestObject("FSM1/Complete Egg Inspection/CompletionAttributes/Page_JClient/FreeRangeCompliant")): Object: 'Object Repository/FSM1/Complete Egg Inspection/CompletionAttributes/Page_JClient/FreeRangeCompliant' is clicked on

2018-12-07 10:55:59 - [MESSAGE][PASSED] - Object: 'Object Repository/FSM1/Complete Egg Inspection/CompletionAttributes/Page_JClient/FreeRangeCompliant' is clicked on

2018-12-07 10:55:59 - [TEST_STEP][PASSED] - setText(findTestObject("FSM1/Complete Egg Inspection/CompletionAttributes/Page_JClient/BarnNumber1"), "1"): Text '1' is set on object 'Object Repository/FSM1/Complete Egg Inspection/CompletionAttributes/Page_JClient/BarnNumber1'

2018-12-07 10:55:59 - [MESSAGE][PASSED] - Text '1' is set on object 'Object Repository/FSM1/Complete Egg Inspection/CompletionAttributes/Page_JClient/BarnNumber1'

2018-12-07 10:55:59 - [TEST_STEP][PASSED] - click(findTestObject("FSM1/Complete Egg Inspection/CompletionAttributes/Page_JClient/CageEnriched")): Object: 'Object Repository/FSM1/Complete Egg Inspection/CompletionAttributes/Page_JClient/CageEnriched' is clicked on

2018-12-07 10:56:00 - [MESSAGE][PASSED] - Object: 'Object Repository/FSM1/Complete Egg Inspection/CompletionAttributes/Page_JClient/CageEnriched' is clicked on

2018-12-07 10:56:00 - [TEST_STEP][PASSED] - click(findTestObject("FSM1/Complete Egg Inspection/CompletionAttributes/Page_JClient/BarnNumberCompliant")): Object: 'Object Repository/FSM1/Complete Egg Inspection/CompletionAttributes/Page_JClient/BarnNumberCompliant' is clicked on

2018-12-07 10:56:00 - [MESSAGE][PASSED] - Object: 'Object Repository/FSM1/Complete Egg Inspection/CompletionAttributes/Page_JClient/BarnNumberCompliant' is clicked on

2018-12-07 10:56:00 - [TEST_STEP][PASSED] - setText(findTestObject("FSM1/Complete Egg Inspection/CompletionAttributes/Page_JClient/CageEnriched1"), "1"): Text '1' is set on object 'Object Repository/FSM1/Complete Egg Inspection/CompletionAttributes/Page_JClient/CageEnriched1'

2018-12-07 10:56:00 - [MESSAGE][PASSED] - Text '1' is set on object 'Object Repository/FSM1/Complete Egg Inspection/CompletionAttributes/Page_JClient/CageEnriched1'

2018-12-07 10:56:00 - [TEST_STEP][PASSED] - click(findTestObject("FSM1/Complete Egg Inspection/CompletionAttributes/Page_JClient/VeterinaryRecords")): Object: 'Object Repository/FSM1/Complete Egg Inspection/CompletionAttributes/Page_JClient/VeterinaryRecords' is clicked on

2018-12-07 10:56:00 - [MESSAGE][PASSED] - Object: 'Object Repository/FSM1/Complete Egg Inspection/CompletionAttributes/Page_JClient/VeterinaryRecords' is clicked on

2018-12-07 10:56:00 - [TEST_STEP][PASSED] - click(findTestObject("FSM1/Complete Egg Inspection/CompletionAttributes/Page_JClient/CageEnrichedCompliant")): Object: 'Object Repository/FSM1/Complete Egg Inspection/CompletionAttributes/Page_JClient/CageEnrichedCompliant' is clicked on

2018-12-07 10:56:00 - [MESSAGE][PASSED] - Object: 'Object Repository/FSM1/Complete Egg Inspection/CompletionAttributes/Page_JClient/CageEnrichedCompliant' is clicked on

2018-12-07 10:56:00 - [TEST_STEP][PASSED] - click(findTestObject("FSM1/Complete Egg Inspection/CompletionAttributes/Page_JClient/VeterinaryMedical")): Object: 'Object Repository/FSM1/Complete Egg Inspection/CompletionAttributes/Page_JClient/VeterinaryMedical' is clicked on

2018-12-07 10:56:01 - [MESSAGE][PASSED] - Object: 'Object Repository/FSM1/Complete Egg Inspection/CompletionAttributes/Page_JClient/VeterinaryMedical' is clicked on

2018-12-07 10:56:01 - [TEST_STEP][PASSED] - click(findTestObject("FSM1/Complete Egg Inspection/CompletionAttributes/Page_JClient/HygieneCompliant")): Object: 'Object Repository/FSM1/Complete Egg Inspection/CompletionAttributes/Page_JClient/HygieneCompliant' is clicked on

2018-12-07 10:56:01 - [MESSAGE][PASSED] - Object: 'Object Repository/FSM1/Complete Egg Inspection/CompletionAttributes/Page_JClient/HygieneCompliant' is clicked on

2018-12-07 10:56:01 - [TEST_STEP][PASSED] - click(findTestObject("FSM1/Complete Egg Inspection/CompletionAttributes/Page_JClient/WelfareCompliant")): Object: 'Object Repository/FSM1/Complete Egg Inspection/CompletionAttributes/Page_JClient/WelfareCompliant' is clicked on

2018-12-07 10:56:01 - [MESSAGE][PASSED] - Object: 'Object Repository/FSM1/Complete Egg Inspection/CompletionAttributes/Page_JClient/WelfareCompliant' is clicked on

2018-12-07 10:56:01 - [TEST_STEP][PASSED] - click(findTestObject("FSM1/Complete Egg Inspection/CompletionAttributes/Page_JClient/SalmonellaCompliant")): Object: 'Object Repository/FSM1/Complete Egg Inspection/CompletionAttributes/Page_JClient/SalmonellaCompliant' is clicked on

2018-12-07 10:56:01 - [MESSAGE][PASSED] - Object: 'Object Repository/FSM1/Complete Egg Inspection/CompletionAttributes/Page_JClient/SalmonellaCompliant' is clicked on

2018-12-07 10:56:01 - [TEST_STEP][PASSED] - click(findTestObject("FSM1/Complete Egg Inspection/CompletionAttributes/Page_JClient/VMDCompliant")): Object: 'Object Repository/FSM1/Complete Egg Inspection/CompletionAttributes/Page_JClient/VMDCompliant' is clicked on

2018-12-07 10:56:01 - [MESSAGE][PASSED] - Object: 'Object Repository/FSM1/Complete Egg Inspection/CompletionAttributes/Page_JClient/VMDCompliant' is clicked on

2018-12-07 10:56:01 - [TEST_STEP][PASSED] - click(findTestObject("FSM1/Complete Egg Inspection/CompletionAttributes/Page_JClient/PremisesCompliant")): Object: 'Object Repository/FSM1/Complete Egg Inspection/CompletionAttributes/Page_JClient/PremisesCompliant' is clicked on

2018-12-07 10:56:01 - [MESSAGE][PASSED] - Object: 'Object Repository/FSM1/Complete Egg Inspection/CompletionAttributes/Page_JClient/PremisesCompliant' is clicked on

2018-12-07 10:56:01 - [TEST_STEP][PASSED] - click(findTestObject("FSM1/Complete Egg Inspection/CompletionAttributes/Page_JClient/PremisesTempCompliant")): Object: 'Object Repository/FSM1/Complete Egg Inspection/CompletionAttributes/Page_JClient/PremisesTempCompliant' is clicked on

2018-12-07 10:56:01 - [MESSAGE][PASSED] - Object: 'Object Repository/FSM1/Complete Egg Inspection/CompletionAttributes/Page_JClient/PremisesTempCompliant' is clicked on

2018-12-07 10:56:01 - [TEST_STEP][PASSED] - click(findTestObject("FSM1/Complete Egg Inspection/CompletionAttributes/Page_JClient/EquipmentCompliant")): Object: 'Object Repository/FSM1/Complete Egg Inspection/CompletionAttributes/Page_JClient/EquipmentCompliant' is clicked on

2018-12-07 10:56:02 - [MESSAGE][PASSED] - Object: 'Object Repository/FSM1/Complete Egg Inspection/CompletionAttributes/Page_JClient/EquipmentCompliant' is clicked on

2018-12-07 10:56:02 - [TEST_STEP][PASSED] - click(findTestObject("FSM1/Complete Egg Inspection/CompletionAttributes/Page_JClient/QualityCompliant")): Object: 'Object Repository/FSM1/Complete Egg Inspection/CompletionAttributes/Page_JClient/QualityCompliant' is clicked on

2018-12-07 10:56:02 - [MESSAGE][PASSED] - Object: 'Object Repository/FSM1/Complete Egg Inspection/CompletionAttributes/Page_JClient/QualityCompliant' is clicked on

2018-12-07 10:56:02 - [TEST_STEP][PASSED] - click(findTestObject("FSM1/Complete Egg Inspection/CompletionAttributes/Page_JClient/WeightGradingCompliant")): Object: 'Object Repository/FSM1/Complete Egg Inspection/CompletionAttributes/Page_JClient/WeightGradingCompliant' is clicked on

2018-12-07 10:56:02 - [MESSAGE][PASSED] - Object: 'Object Repository/FSM1/Complete Egg Inspection/CompletionAttributes/Page_JClient/WeightGradingCompliant' is clicked on

2018-12-07 10:56:02 - [TEST_STEP][PASSED] - click(findTestObject("FSM1/Complete Egg Inspection/CompletionAttributes/Page_JClient/ProductionCompliant")): Object: 'Object Repository/FSM1/Complete Egg Inspection/CompletionAttributes/Page_JClient/ProductionCompliant' is clicked on

2018-12-07 10:56:02 - [MESSAGE][PASSED] - Object: 'Object Repository/FSM1/Complete Egg Inspection/CompletionAttributes/Page_JClient/ProductionCompliant' is clicked on

2018-12-07 10:56:02 - [TEST_STEP][PASSED] - click(findTestObject("FSM1/Complete Egg Inspection/CompletionAttributes/Page_JClient/MarkingEggsCompliant")): Object: 'Object Repository/FSM1/Complete Egg Inspection/CompletionAttributes/Page_JClient/MarkingEggsCompliant' is clicked on

2018-12-07 10:56:02 - [MESSAGE][PASSED] - Object: 'Object Repository/FSM1/Complete Egg Inspection/CompletionAttributes/Page_JClient/MarkingEggsCompliant' is clicked on

2018-12-07 10:56:02 - [TEST_STEP][PASSED] - delay(2): Delayed 2 second(s)

2018-12-07 10:56:04 - [MESSAGE][PASSED] - Delayed 2 second(s)

2018-12-07 10:56:04 - [TEST_STEP][PASSED] - click(findTestObject("FSM1/Complete Egg Inspection/CompletionAttributes/Page_JClient/LabellingCompliant1")): Object: 'Object Repository/FSM1/Complete Egg Inspection/CompletionAttributes/Page_JClient/LabellingCompliant1' is clicked on

2018-12-07 10:56:04 - [MESSAGE][PASSED] - Object: 'Object Repository/FSM1/Complete Egg Inspection/CompletionAttributes/Page_JClient/LabellingCompliant1' is clicked on

2018-12-07 10:56:04 - [TEST_STEP][PASSED] - selectOptionByValue(findTestObject("Object Repository/FSM1/Complete Egg Inspection/CompletionAttributes/Page_JClient/Page_JClient/Page_JClient/select_Yes"), "COMPLETED", true): All options with value 'COMPLETED' are selected in object 'Object Repository/FSM1/Complete Egg Inspection/CompletionAttributes/Page_JClient/Page_JClient/Page_JClient/select_Yes'  using regular expression

2018-12-07 10:56:05 - [MESSAGE][PASSED] - All options with value 'COMPLETED' are selected in object 'Object Repository/FSM1/Complete Egg Inspection/CompletionAttributes/Page_JClient/Page_JClient/Page_JClient/select_Yes'  using regular expression

2018-12-07 10:56:05 - [TEST_STEP][PASSED] - delay(2): Delayed 2 second(s)

2018-12-07 10:56:07 - [MESSAGE][PASSED] - Delayed 2 second(s)

2018-12-07 10:56:07 - [TEST_STEP][PASSED] - click(findTestObject("FSM1/Complete Egg Inspection/CompletionAttributes/Page_JClient/Page_JClient/div_Save")): Object: 'Object Repository/FSM1/Complete Egg Inspection/CompletionAttributes/Page_JClient/Page_JClient/div_Save' is clicked on

2018-12-07 10:56:07 - [MESSAGE][PASSED] - Object: 'Object Repository/FSM1/Complete Egg Inspection/CompletionAttributes/Page_JClient/Page_JClient/div_Save' is clicked on

2018-12-07 10:56:07 - [TEST_STEP][PASSED] - delay(10): Delayed 10 second(s)

2018-12-07 10:56:17 - [MESSAGE][PASSED] - Delayed 10 second(s)

2018-12-07 10:56:17 - [TEST_STEP][PASSED] - click(findTestObject("FSM1/Complete Egg Inspection/CompletionAttributes/Page_JClient/CompletedOK")): Object: 'Object Repository/FSM1/Complete Egg Inspection/CompletionAttributes/Page_JClient/CompletedOK' is clicked on

2018-12-07 10:56:17 - [MESSAGE][PASSED] - Object: 'Object Repository/FSM1/Complete Egg Inspection/CompletionAttributes/Page_JClient/CompletedOK' is clicked on

2018-12-07 10:56:17 - [TEST_STEP][PASSED] - delay(30): Delayed 30 second(s)

2018-12-07 10:56:47 - [MESSAGE][PASSED] - Delayed 30 second(s)]]></system-out>
         <system-err><![CDATA[]]></system-err>
      </testcase>
      <testcase name="Test Cases/Generic/Launch Job Manager Control Centre - Check Result" classname="Test Cases/Generic/Launch Job Manager Control Centre - Check Result" status="PASSED">
         <system-out><![CDATA[2018-12-07 10:56:47 - [TEST_CASE][PASSED] - Test Cases/Generic/Launch Job Manager Control Centre - Check Result: Test Cases/Generic/Launch Job Manager Control Centre - Check Result

2018-12-07 10:56:47 - [TEST_STEP][PASSED] - openBrowser(""): Browser is opened with url: ''

2018-12-07 10:56:47 - [MESSAGE][WARNING] - A browser is already opened. Closing browser and opening a new one

2018-12-07 10:56:49 - [MESSAGE][INFO] - Starting 'Chrome' driver

2018-12-07 10:56:52 - [MESSAGE][PASSED] - Browser is opened with url: ''

2018-12-07 10:56:52 - [TEST_STEP][PASSED] - navigateToUrl(CCURL): Navigate to 'https://kirona-def-6.kirona.com/jmprep/login#!loginView' successfully

2018-12-07 10:56:53 - [MESSAGE][PASSED] - Navigate to 'https://kirona-def-6.kirona.com/jmprep/login#!loginView' successfully

2018-12-07 10:56:53 - [TEST_STEP][PASSED] - setText(findTestObject("FSM1/Control Centre/Page_Job Manager Login/input_gwt-uid-3"), Username): Text 'jon.hatfield' is set on object 'Object Repository/FSM1/Control Centre/Page_Job Manager Login/input_gwt-uid-3'

2018-12-07 10:56:55 - [MESSAGE][PASSED] - Text 'jon.hatfield' is set on object 'Object Repository/FSM1/Control Centre/Page_Job Manager Login/input_gwt-uid-3'

2018-12-07 10:56:55 - [TEST_STEP][PASSED] - setText(findTestObject("FSM1/Control Centre/Page_Job Manager Login/input_gwt-uid-5"), Password): Text 'Fr@nc1sJ0n' is set on object 'Object Repository/FSM1/Control Centre/Page_Job Manager Login/input_gwt-uid-5'

2018-12-07 10:56:55 - [MESSAGE][PASSED] - Text 'Fr@nc1sJ0n' is set on object 'Object Repository/FSM1/Control Centre/Page_Job Manager Login/input_gwt-uid-5'

2018-12-07 10:56:55 - [TEST_STEP][PASSED] - click(findTestObject("FSM1/PreProd/Page_Job Manager Login/div_Login")): Object: 'Object Repository/FSM1/PreProd/Page_Job Manager Login/div_Login' is clicked on

2018-12-07 10:56:55 - [MESSAGE][PASSED] - Object: 'Object Repository/FSM1/PreProd/Page_Job Manager Login/div_Login' is clicked on

2018-12-07 10:56:55 - [TEST_STEP][PASSED] - delay(15): Delayed 15 second(s)

2018-12-07 10:57:10 - [MESSAGE][PASSED] - Delayed 15 second(s)]]></system-out>
         <system-err><![CDATA[]]></system-err>
      </testcase>
      <testcase name="Test Cases/EMI/Control Centre - Check Results - EMI" classname="Test Cases/EMI/Control Centre - Check Results - EMI" status="PASSED">
         <system-out><![CDATA[2018-12-07 10:57:10 - [TEST_CASE][PASSED] - Test Cases/EMI/Control Centre - Check Results - EMI: Test Cases/EMI/Control Centre - Check Results - EMI

2018-12-07 10:57:11 - [TEST_STEP][PASSED] - log = new com.kms.katalon.core.logging.KeywordLogger(): null

2018-12-07 10:57:11 - [TEST_STEP][PASSED] - setText(findTestObject("Object Repository/FSM1/EMI Check Results/Page_JM Control Centre/input_Recents_v-textfield v-wi"), temp): Text '94390' is set on object 'Object Repository/FSM1/EMI Check Results/Page_JM Control Centre/input_Recents_v-textfield v-wi'

2018-12-07 10:57:11 - [MESSAGE][PASSED] - Text '94390' is set on object 'Object Repository/FSM1/EMI Check Results/Page_JM Control Centre/input_Recents_v-textfield v-wi'

2018-12-07 10:57:11 - [TEST_STEP][PASSED] - click(findTestObject("Object Repository/FSM1/EMI Check Results/Page_JM Control Centre/span_")): Object: 'Object Repository/FSM1/EMI Check Results/Page_JM Control Centre/span_' is clicked on

2018-12-07 10:57:12 - [MESSAGE][PASSED] - Object: 'Object Repository/FSM1/EMI Check Results/Page_JM Control Centre/span_' is clicked on

2018-12-07 10:57:12 - [TEST_STEP][PASSED] - waitForElementPresent(findTestObject("Object Repository/FSM1/EMI Check Results/Page_JM Control Centre/div_CLOSED"), 60): Object 'Object Repository/FSM1/EMI Check Results/Page_JM Control Centre/div_CLOSED' is present

2018-12-07 10:57:15 - [MESSAGE][PASSED] - Object 'Object Repository/FSM1/EMI Check Results/Page_JM Control Centre/div_CLOSED' is present

2018-12-07 10:57:15 - [TEST_STEP][PASSED] - verifyElementPresent(findTestObject("FSM1/EMI Check Results/Page_JM Control Centre/Page_JM Control Centre/Page_JM Control Centre/Page_JM Control Centre/Page_JM Control Centre/div_Attachments_EMI Technical"), 5): Object 'Object Repository/FSM1/EMI Check Results/Page_JM Control Centre/Page_JM Control Centre/Page_JM Control Centre/Page_JM Control Centre/Page_JM Control Centre/div_Attachments_EMI Technical' is present

2018-12-07 10:57:15 - [MESSAGE][PASSED] - Object 'Object Repository/FSM1/EMI Check Results/Page_JM Control Centre/Page_JM Control Centre/Page_JM Control Centre/Page_JM Control Centre/Page_JM Control Centre/div_Attachments_EMI Technical' is present]]></system-out>
         <system-err><![CDATA[]]></system-err>
      </testcase>
      <testcase name="Test Cases/ABP/Generic/Check Subsequent Inspection Exist" classname="Test Cases/ABP/Generic/Check Subsequent Inspection Exist" status="FAILED">
         <failure type="FAILED" message="Test Cases/ABP/Generic/Check Subsequent Inspection Exist FAILED.
Reason:
com.kms.katalon.core.exception.StepFailedException: Unable to verify object 'Object Repository/FSM1/Complete ABP Inspection/Check Subsequent Inspections/New/Page_JM Control Centre/div_2 found.' is visible (Root cause: com.kms.katalon.core.exception.StepFailedException: Web element with id: 'Object Repository/FSM1/Complete ABP Inspection/Check Subsequent Inspections/New/Page_JM Control Centre/div_2 found.' located by 'By.xpath: //div[@class = 'v-captiontext' and (text() = '2 found.' or . = '2 found.')]' not found)
	at com.kms.katalon.core.keyword.internal.KeywordMain.stepFailed(KeywordMain.groovy:36)
	at com.kms.katalon.core.webui.keyword.internal.WebUIKeywordMain.stepFailed(WebUIKeywordMain.groovy:65)
	at com.kms.katalon.core.webui.keyword.internal.WebUIKeywordMain.runKeyword(WebUIKeywordMain.groovy:27)
	at com.kms.katalon.core.webui.keyword.builtin.VerifyElementVisibleKeyword.verifyElementVisible(VerifyElementVisibleKeyword.groovy:97)
	at com.kms.katalon.core.webui.keyword.builtin.VerifyElementVisibleKeyword.execute(VerifyElementVisibleKeyword.groovy:67)
	at com.kms.katalon.core.keyword.internal.KeywordExecutor.executeKeywordForPlatform(KeywordExecutor.groovy:53)
	at com.kms.katalon.core.webui.keyword.WebUiBuiltInKeywords.verifyElementVisible(WebUiBuiltInKeywords.groovy:372)
	at com.kms.katalon.core.webui.keyword.WebUiBuiltInKeywords$verifyElementVisible$15.call(Unknown Source)
	at Check Subsequent Inspection Exist.run(Check Subsequent Inspection Exist:24)
	at com.kms.katalon.core.main.ScriptEngine.run(ScriptEngine.java:194)
	at com.kms.katalon.core.main.ScriptEngine.runScriptAsRawText(ScriptEngine.java:119)
	at com.kms.katalon.core.main.TestCaseExecutor.runScript(TestCaseExecutor.java:321)
	at com.kms.katalon.core.main.TestCaseExecutor.doExecute(TestCaseExecutor.java:312)
	at com.kms.katalon.core.main.TestCaseExecutor.processExecutionPhase(TestCaseExecutor.java:291)
	at com.kms.katalon.core.main.TestCaseExecutor.accessMainPhase(TestCaseExecutor.java:283)
	at com.kms.katalon.core.main.TestCaseExecutor.execute(TestCaseExecutor.java:222)
	at com.kms.katalon.core.main.TestSuiteExecutor.accessTestCaseMainPhase(TestSuiteExecutor.java:129)
	at com.kms.katalon.core.main.TestSuiteExecutor.accessTestSuiteMainPhase(TestSuiteExecutor.java:112)
	at com.kms.katalon.core.main.TestSuiteExecutor.execute(TestSuiteExecutor.java:81)
	at com.kms.katalon.core.main.TestCaseMain.startTestSuite(TestCaseMain.java:149)
	at com.kms.katalon.core.main.TestCaseMain$startTestSuite$0.call(Unknown Source)
	at TempTestSuite1544179712164.run(TempTestSuite1544179712164.groovy:36)
"/>
         <system-out><![CDATA[2018-12-07 10:57:15 - [TEST_CASE][FAILED] - Test Cases/ABP/Generic/Check Subsequent Inspection Exist: Test Cases/ABP/Generic/Check Subsequent Inspection Exist FAILED.
Reason:
com.kms.katalon.core.exception.StepFailedException: Unable to verify object 'Object Repository/FSM1/Complete ABP Inspection/Check Subsequent Inspections/New/Page_JM Control Centre/div_2 found.' is visible (Root cause: com.kms.katalon.core.exception.StepFailedException: Web element with id: 'Object Repository/FSM1/Complete ABP Inspection/Check Subsequent Inspections/New/Page_JM Control Centre/div_2 found.' located by 'By.xpath: //div[@class = 'v-captiontext' and (text() = '2 found.' or . = '2 found.')]' not found)
	at com.kms.katalon.core.keyword.internal.KeywordMain.stepFailed(KeywordMain.groovy:36)
	at com.kms.katalon.core.webui.keyword.internal.WebUIKeywordMain.stepFailed(WebUIKeywordMain.groovy:65)
	at com.kms.katalon.core.webui.keyword.internal.WebUIKeywordMain.runKeyword(WebUIKeywordMain.groovy:27)
	at com.kms.katalon.core.webui.keyword.builtin.VerifyElementVisibleKeyword.verifyElementVisible(VerifyElementVisibleKeyword.groovy:97)
	at com.kms.katalon.core.webui.keyword.builtin.VerifyElementVisibleKeyword.execute(VerifyElementVisibleKeyword.groovy:67)
	at com.kms.katalon.core.keyword.internal.KeywordExecutor.executeKeywordForPlatform(KeywordExecutor.groovy:53)
	at com.kms.katalon.core.webui.keyword.WebUiBuiltInKeywords.verifyElementVisible(WebUiBuiltInKeywords.groovy:372)
	at com.kms.katalon.core.webui.keyword.WebUiBuiltInKeywords$verifyElementVisible$15.call(Unknown Source)
	at Check Subsequent Inspection Exist.run(Check Subsequent Inspection Exist:24)
	at com.kms.katalon.core.main.ScriptEngine.run(ScriptEngine.java:194)
	at com.kms.katalon.core.main.ScriptEngine.runScriptAsRawText(ScriptEngine.java:119)
	at com.kms.katalon.core.main.TestCaseExecutor.runScript(TestCaseExecutor.java:321)
	at com.kms.katalon.core.main.TestCaseExecutor.doExecute(TestCaseExecutor.java:312)
	at com.kms.katalon.core.main.TestCaseExecutor.processExecutionPhase(TestCaseExecutor.java:291)
	at com.kms.katalon.core.main.TestCaseExecutor.accessMainPhase(TestCaseExecutor.java:283)
	at com.kms.katalon.core.main.TestCaseExecutor.execute(TestCaseExecutor.java:222)
	at com.kms.katalon.core.main.TestSuiteExecutor.accessTestCaseMainPhase(TestSuiteExecutor.java:129)
	at com.kms.katalon.core.main.TestSuiteExecutor.accessTestSuiteMainPhase(TestSuiteExecutor.java:112)
	at com.kms.katalon.core.main.TestSuiteExecutor.execute(TestSuiteExecutor.java:81)
	at com.kms.katalon.core.main.TestCaseMain.startTestSuite(TestCaseMain.java:149)
	at com.kms.katalon.core.main.TestCaseMain$startTestSuite$0.call(Unknown Source)
	at TempTestSuite1544179712164.run(TempTestSuite1544179712164.groovy:36)


2018-12-07 10:57:15 - [TEST_STEP][PASSED] - delay(2): Delayed 2 second(s)

2018-12-07 10:57:17 - [MESSAGE][PASSED] - Delayed 2 second(s)

2018-12-07 10:57:17 - [TEST_STEP][PASSED] - click(findTestObject("Object Repository/FSM1/Complete ABP Inspection/Check Subsequent Inspections/New/Page_JM Control Centre/div_")): Object: 'Object Repository/FSM1/Complete ABP Inspection/Check Subsequent Inspections/New/Page_JM Control Centre/div_' is clicked on

2018-12-07 10:57:18 - [MESSAGE][PASSED] - Object: 'Object Repository/FSM1/Complete ABP Inspection/Check Subsequent Inspections/New/Page_JM Control Centre/div_' is clicked on

2018-12-07 10:57:18 - [TEST_STEP][PASSED] - click(findTestObject("Object Repository/FSM1/Complete ABP Inspection/Check Subsequent Inspections/New/Page_JM Control Centre/span_List All Subordinate Jobs")): Object: 'Object Repository/FSM1/Complete ABP Inspection/Check Subsequent Inspections/New/Page_JM Control Centre/span_List All Subordinate Jobs' is clicked on

2018-12-07 10:57:18 - [MESSAGE][PASSED] - Object: 'Object Repository/FSM1/Complete ABP Inspection/Check Subsequent Inspections/New/Page_JM Control Centre/span_List All Subordinate Jobs' is clicked on

2018-12-07 10:57:18 - [TEST_STEP][PASSED] - delay(2): Delayed 2 second(s)

2018-12-07 10:57:20 - [MESSAGE][PASSED] - Delayed 2 second(s)

2018-12-07 10:57:20 - [TEST_STEP][FAILED] - verifyElementVisible(findTestObject("Object Repository/FSM1/Complete ABP Inspection/Check Subsequent Inspections/New/Page_JM Control Centre/div_2 found.")): verifyElementVisible(findTestObject("Object Repository/FSM1/Complete ABP Inspection/Check Subsequent Inspections/New/Page_JM Control Centre/div_2 found.")) FAILED.
Reason:
com.kms.katalon.core.exception.StepFailedException: Unable to verify object 'Object Repository/FSM1/Complete ABP Inspection/Check Subsequent Inspections/New/Page_JM Control Centre/div_2 found.' is visible (Root cause: com.kms.katalon.core.exception.StepFailedException: Web element with id: 'Object Repository/FSM1/Complete ABP Inspection/Check Subsequent Inspections/New/Page_JM Control Centre/div_2 found.' located by 'By.xpath: //div[@class = 'v-captiontext' and (text() = '2 found.' or . = '2 found.')]' not found)
	at com.kms.katalon.core.keyword.internal.KeywordMain.stepFailed(KeywordMain.groovy:36)
	at com.kms.katalon.core.webui.keyword.internal.WebUIKeywordMain.stepFailed(WebUIKeywordMain.groovy:65)
	at com.kms.katalon.core.webui.keyword.internal.WebUIKeywordMain.runKeyword(WebUIKeywordMain.groovy:27)
	at com.kms.katalon.core.webui.keyword.builtin.VerifyElementVisibleKeyword.verifyElementVisible(VerifyElementVisibleKeyword.groovy:97)
	at com.kms.katalon.core.webui.keyword.builtin.VerifyElementVisibleKeyword.execute(VerifyElementVisibleKeyword.groovy:67)
	at com.kms.katalon.core.keyword.internal.KeywordExecutor.executeKeywordForPlatform(KeywordExecutor.groovy:53)
	at com.kms.katalon.core.webui.keyword.WebUiBuiltInKeywords.verifyElementVisible(WebUiBuiltInKeywords.groovy:372)
	at com.kms.katalon.core.webui.keyword.WebUiBuiltInKeywords$verifyElementVisible$15.call(Unknown Source)
	at Check Subsequent Inspection Exist.run(Check Subsequent Inspection Exist:24)
	at com.kms.katalon.core.main.ScriptEngine.run(ScriptEngine.java:194)
	at com.kms.katalon.core.main.ScriptEngine.runScriptAsRawText(ScriptEngine.java:119)
	at com.kms.katalon.core.main.TestCaseExecutor.runScript(TestCaseExecutor.java:321)
	at com.kms.katalon.core.main.TestCaseExecutor.doExecute(TestCaseExecutor.java:312)
	at com.kms.katalon.core.main.TestCaseExecutor.processExecutionPhase(TestCaseExecutor.java:291)
	at com.kms.katalon.core.main.TestCaseExecutor.accessMainPhase(TestCaseExecutor.java:283)
	at com.kms.katalon.core.main.TestCaseExecutor.execute(TestCaseExecutor.java:222)
	at com.kms.katalon.core.main.TestSuiteExecutor.accessTestCaseMainPhase(TestSuiteExecutor.java:129)
	at com.kms.katalon.core.main.TestSuiteExecutor.accessTestSuiteMainPhase(TestSuiteExecutor.java:112)
	at com.kms.katalon.core.main.TestSuiteExecutor.execute(TestSuiteExecutor.java:81)
	at com.kms.katalon.core.main.TestCaseMain.startTestSuite(TestCaseMain.java:149)
	at com.kms.katalon.core.main.TestCaseMain$startTestSuite$0.call(Unknown Source)
	at TempTestSuite1544179712164.run(TempTestSuite1544179712164.groovy:36)


2018-12-07 10:57:52 - [MESSAGE][INFO] - Unable to find the element located by 'By.xpath: //div[@class = 'v-captiontext' and (text() = '2 found.' or . = '2 found.')]'. Please recheck the objects properties to make sure the desired element is located. 

2018-12-07 10:57:53 - [MESSAGE][FAILED] - Web element with id: 'Object Repository/FSM1/Complete ABP Inspection/Check Subsequent Inspections/New/Page_JM Control Centre/div_2 found.' located by 'By.xpath: //div[@class = 'v-captiontext' and (text() = '2 found.' or . = '2 found.')]' not found
[[ATTACHMENT|C:\\Users\\JHATFIELD\\git\\DEFRA-FSM_Automated_Regression_JM_Upgrade\\Reports\\EMI\\EMI Regression - Producer\\20181207_104832\\1544180272347.png]]

2018-12-07 10:57:54 - [MESSAGE][FAILED] - Unable to verify object 'Object Repository/FSM1/Complete ABP Inspection/Check Subsequent Inspections/New/Page_JM Control Centre/div_2 found.' is visible (Root cause: com.kms.katalon.core.exception.StepFailedException: Web element with id: 'Object Repository/FSM1/Complete ABP Inspection/Check Subsequent Inspections/New/Page_JM Control Centre/div_2 found.' located by 'By.xpath: //div[@class = 'v-captiontext' and (text() = '2 found.' or . = '2 found.')]' not found)
[[ATTACHMENT|C:\\Users\\JHATFIELD\\git\\DEFRA-FSM_Automated_Regression_JM_Upgrade\\Reports\\EMI\\EMI Regression - Producer\\20181207_104832\\1544180273288.png]]

2018-12-07 10:57:54 - [MESSAGE][FAILED] - verifyElementVisible(findTestObject("Object Repository/FSM1/Complete ABP Inspection/Check Subsequent Inspections/New/Page_JM Control Centre/div_2 found.")) FAILED.
Reason:
com.kms.katalon.core.exception.StepFailedException: Unable to verify object 'Object Repository/FSM1/Complete ABP Inspection/Check Subsequent Inspections/New/Page_JM Control Centre/div_2 found.' is visible (Root cause: com.kms.katalon.core.exception.StepFailedException: Web element with id: 'Object Repository/FSM1/Complete ABP Inspection/Check Subsequent Inspections/New/Page_JM Control Centre/div_2 found.' located by 'By.xpath: //div[@class = 'v-captiontext' and (text() = '2 found.' or . = '2 found.')]' not found)
	at com.kms.katalon.core.keyword.internal.KeywordMain.stepFailed(KeywordMain.groovy:36)
	at com.kms.katalon.core.webui.keyword.internal.WebUIKeywordMain.stepFailed(WebUIKeywordMain.groovy:65)
	at com.kms.katalon.core.webui.keyword.internal.WebUIKeywordMain.runKeyword(WebUIKeywordMain.groovy:27)
	at com.kms.katalon.core.webui.keyword.builtin.VerifyElementVisibleKeyword.verifyElementVisible(VerifyElementVisibleKeyword.groovy:97)
	at com.kms.katalon.core.webui.keyword.builtin.VerifyElementVisibleKeyword.execute(VerifyElementVisibleKeyword.groovy:67)
	at com.kms.katalon.core.keyword.internal.KeywordExecutor.executeKeywordForPlatform(KeywordExecutor.groovy:53)
	at com.kms.katalon.core.webui.keyword.WebUiBuiltInKeywords.verifyElementVisible(WebUiBuiltInKeywords.groovy:372)
	at com.kms.katalon.core.webui.keyword.WebUiBuiltInKeywords$verifyElementVisible$15.call(Unknown Source)
	at Check Subsequent Inspection Exist.run(Check Subsequent Inspection Exist:24)
	at com.kms.katalon.core.main.ScriptEngine.run(ScriptEngine.java:194)
	at com.kms.katalon.core.main.ScriptEngine.runScriptAsRawText(ScriptEngine.java:119)
	at com.kms.katalon.core.main.TestCaseExecutor.runScript(TestCaseExecutor.java:321)
	at com.kms.katalon.core.main.TestCaseExecutor.doExecute(TestCaseExecutor.java:312)
	at com.kms.katalon.core.main.TestCaseExecutor.processExecutionPhase(TestCaseExecutor.java:291)
	at com.kms.katalon.core.main.TestCaseExecutor.accessMainPhase(TestCaseExecutor.java:283)
	at com.kms.katalon.core.main.TestCaseExecutor.execute(TestCaseExecutor.java:222)
	at com.kms.katalon.core.main.TestSuiteExecutor.accessTestCaseMainPhase(TestSuiteExecutor.java:129)
	at com.kms.katalon.core.main.TestSuiteExecutor.accessTestSuiteMainPhase(TestSuiteExecutor.java:112)
	at com.kms.katalon.core.main.TestSuiteExecutor.execute(TestSuiteExecutor.java:81)
	at com.kms.katalon.core.main.TestCaseMain.startTestSuite(TestCaseMain.java:149)
	at com.kms.katalon.core.main.TestCaseMain$startTestSuite$0.call(Unknown Source)
	at TempTestSuite1544179712164.run(TempTestSuite1544179712164.groovy:36)]]></system-out>
         <system-err><![CDATA[2018-12-07 10:57:15 - [TEST_CASE][FAILED] - Test Cases/ABP/Generic/Check Subsequent Inspection Exist: Test Cases/ABP/Generic/Check Subsequent Inspection Exist FAILED.
Reason:
com.kms.katalon.core.exception.StepFailedException: Unable to verify object 'Object Repository/FSM1/Complete ABP Inspection/Check Subsequent Inspections/New/Page_JM Control Centre/div_2 found.' is visible (Root cause: com.kms.katalon.core.exception.StepFailedException: Web element with id: 'Object Repository/FSM1/Complete ABP Inspection/Check Subsequent Inspections/New/Page_JM Control Centre/div_2 found.' located by 'By.xpath: //div[@class = 'v-captiontext' and (text() = '2 found.' or . = '2 found.')]' not found)
	at com.kms.katalon.core.keyword.internal.KeywordMain.stepFailed(KeywordMain.groovy:36)
	at com.kms.katalon.core.webui.keyword.internal.WebUIKeywordMain.stepFailed(WebUIKeywordMain.groovy:65)
	at com.kms.katalon.core.webui.keyword.internal.WebUIKeywordMain.runKeyword(WebUIKeywordMain.groovy:27)
	at com.kms.katalon.core.webui.keyword.builtin.VerifyElementVisibleKeyword.verifyElementVisible(VerifyElementVisibleKeyword.groovy:97)
	at com.kms.katalon.core.webui.keyword.builtin.VerifyElementVisibleKeyword.execute(VerifyElementVisibleKeyword.groovy:67)
	at com.kms.katalon.core.keyword.internal.KeywordExecutor.executeKeywordForPlatform(KeywordExecutor.groovy:53)
	at com.kms.katalon.core.webui.keyword.WebUiBuiltInKeywords.verifyElementVisible(WebUiBuiltInKeywords.groovy:372)
	at com.kms.katalon.core.webui.keyword.WebUiBuiltInKeywords$verifyElementVisible$15.call(Unknown Source)
	at Check Subsequent Inspection Exist.run(Check Subsequent Inspection Exist:24)
	at com.kms.katalon.core.main.ScriptEngine.run(ScriptEngine.java:194)
	at com.kms.katalon.core.main.ScriptEngine.runScriptAsRawText(ScriptEngine.java:119)
	at com.kms.katalon.core.main.TestCaseExecutor.runScript(TestCaseExecutor.java:321)
	at com.kms.katalon.core.main.TestCaseExecutor.doExecute(TestCaseExecutor.java:312)
	at com.kms.katalon.core.main.TestCaseExecutor.processExecutionPhase(TestCaseExecutor.java:291)
	at com.kms.katalon.core.main.TestCaseExecutor.accessMainPhase(TestCaseExecutor.java:283)
	at com.kms.katalon.core.main.TestCaseExecutor.execute(TestCaseExecutor.java:222)
	at com.kms.katalon.core.main.TestSuiteExecutor.accessTestCaseMainPhase(TestSuiteExecutor.java:129)
	at com.kms.katalon.core.main.TestSuiteExecutor.accessTestSuiteMainPhase(TestSuiteExecutor.java:112)
	at com.kms.katalon.core.main.TestSuiteExecutor.execute(TestSuiteExecutor.java:81)
	at com.kms.katalon.core.main.TestCaseMain.startTestSuite(TestCaseMain.java:149)
	at com.kms.katalon.core.main.TestCaseMain$startTestSuite$0.call(Unknown Source)
	at TempTestSuite1544179712164.run(TempTestSuite1544179712164.groovy:36)]]></system-err>
      </testcase>
      <system-out><![CDATA[2018-12-07 10:48:37 - [TEST_SUITE][FAILED] - EMI Regression - Producer: Test Cases/ABP/Generic/Check Subsequent Inspection Exist FAILED.
Reason:
com.kms.katalon.core.exception.StepFailedException: Unable to verify object 'Object Repository/FSM1/Complete ABP Inspection/Check Subsequent Inspections/New/Page_JM Control Centre/div_2 found.' is visible (Root cause: com.kms.katalon.core.exception.StepFailedException: Web element with id: 'Object Repository/FSM1/Complete ABP Inspection/Check Subsequent Inspections/New/Page_JM Control Centre/div_2 found.' located by 'By.xpath: //div[@class = 'v-captiontext' and (text() = '2 found.' or . = '2 found.')]' not found)
	at com.kms.katalon.core.keyword.internal.KeywordMain.stepFailed(KeywordMain.groovy:36)
	at com.kms.katalon.core.webui.keyword.internal.WebUIKeywordMain.stepFailed(WebUIKeywordMain.groovy:65)
	at com.kms.katalon.core.webui.keyword.internal.WebUIKeywordMain.runKeyword(WebUIKeywordMain.groovy:27)
	at com.kms.katalon.core.webui.keyword.builtin.VerifyElementVisibleKeyword.verifyElementVisible(VerifyElementVisibleKeyword.groovy:97)
	at com.kms.katalon.core.webui.keyword.builtin.VerifyElementVisibleKeyword.execute(VerifyElementVisibleKeyword.groovy:67)
	at com.kms.katalon.core.keyword.internal.KeywordExecutor.executeKeywordForPlatform(KeywordExecutor.groovy:53)
	at com.kms.katalon.core.webui.keyword.WebUiBuiltInKeywords.verifyElementVisible(WebUiBuiltInKeywords.groovy:372)
	at com.kms.katalon.core.webui.keyword.WebUiBuiltInKeywords$verifyElementVisible$15.call(Unknown Source)
	at Check Subsequent Inspection Exist.run(Check Subsequent Inspection Exist:24)
	at com.kms.katalon.core.main.ScriptEngine.run(ScriptEngine.java:194)
	at com.kms.katalon.core.main.ScriptEngine.runScriptAsRawText(ScriptEngine.java:119)
	at com.kms.katalon.core.main.TestCaseExecutor.runScript(TestCaseExecutor.java:321)
	at com.kms.katalon.core.main.TestCaseExecutor.doExecute(TestCaseExecutor.java:312)
	at com.kms.katalon.core.main.TestCaseExecutor.processExecutionPhase(TestCaseExecutor.java:291)
	at com.kms.katalon.core.main.TestCaseExecutor.accessMainPhase(TestCaseExecutor.java:283)
	at com.kms.katalon.core.main.TestCaseExecutor.execute(TestCaseExecutor.java:222)
	at com.kms.katalon.core.main.TestSuiteExecutor.accessTestCaseMainPhase(TestSuiteExecutor.java:129)
	at com.kms.katalon.core.main.TestSuiteExecutor.accessTestSuiteMainPhase(TestSuiteExecutor.java:112)
	at com.kms.katalon.core.main.TestSuiteExecutor.execute(TestSuiteExecutor.java:81)
	at com.kms.katalon.core.main.TestCaseMain.startTestSuite(TestCaseMain.java:149)
	at com.kms.katalon.core.main.TestCaseMain$startTestSuite$0.call(Unknown Source)
	at TempTestSuite1544179712164.run(TempTestSuite1544179712164.groovy:36)]]></system-out>
      <system-err><![CDATA[2018-12-07 10:48:37 - [TEST_SUITE][FAILED] - EMI Regression - Producer: Test Cases/ABP/Generic/Check Subsequent Inspection Exist FAILED.
Reason:
com.kms.katalon.core.exception.StepFailedException: Unable to verify object 'Object Repository/FSM1/Complete ABP Inspection/Check Subsequent Inspections/New/Page_JM Control Centre/div_2 found.' is visible (Root cause: com.kms.katalon.core.exception.StepFailedException: Web element with id: 'Object Repository/FSM1/Complete ABP Inspection/Check Subsequent Inspections/New/Page_JM Control Centre/div_2 found.' located by 'By.xpath: //div[@class = 'v-captiontext' and (text() = '2 found.' or . = '2 found.')]' not found)
	at com.kms.katalon.core.keyword.internal.KeywordMain.stepFailed(KeywordMain.groovy:36)
	at com.kms.katalon.core.webui.keyword.internal.WebUIKeywordMain.stepFailed(WebUIKeywordMain.groovy:65)
	at com.kms.katalon.core.webui.keyword.internal.WebUIKeywordMain.runKeyword(WebUIKeywordMain.groovy:27)
	at com.kms.katalon.core.webui.keyword.builtin.VerifyElementVisibleKeyword.verifyElementVisible(VerifyElementVisibleKeyword.groovy:97)
	at com.kms.katalon.core.webui.keyword.builtin.VerifyElementVisibleKeyword.execute(VerifyElementVisibleKeyword.groovy:67)
	at com.kms.katalon.core.keyword.internal.KeywordExecutor.executeKeywordForPlatform(KeywordExecutor.groovy:53)
	at com.kms.katalon.core.webui.keyword.WebUiBuiltInKeywords.verifyElementVisible(WebUiBuiltInKeywords.groovy:372)
	at com.kms.katalon.core.webui.keyword.WebUiBuiltInKeywords$verifyElementVisible$15.call(Unknown Source)
	at Check Subsequent Inspection Exist.run(Check Subsequent Inspection Exist:24)
	at com.kms.katalon.core.main.ScriptEngine.run(ScriptEngine.java:194)
	at com.kms.katalon.core.main.ScriptEngine.runScriptAsRawText(ScriptEngine.java:119)
	at com.kms.katalon.core.main.TestCaseExecutor.runScript(TestCaseExecutor.java:321)
	at com.kms.katalon.core.main.TestCaseExecutor.doExecute(TestCaseExecutor.java:312)
	at com.kms.katalon.core.main.TestCaseExecutor.processExecutionPhase(TestCaseExecutor.java:291)
	at com.kms.katalon.core.main.TestCaseExecutor.accessMainPhase(TestCaseExecutor.java:283)
	at com.kms.katalon.core.main.TestCaseExecutor.execute(TestCaseExecutor.java:222)
	at com.kms.katalon.core.main.TestSuiteExecutor.accessTestCaseMainPhase(TestSuiteExecutor.java:129)
	at com.kms.katalon.core.main.TestSuiteExecutor.accessTestSuiteMainPhase(TestSuiteExecutor.java:112)
	at com.kms.katalon.core.main.TestSuiteExecutor.execute(TestSuiteExecutor.java:81)
	at com.kms.katalon.core.main.TestCaseMain.startTestSuite(TestCaseMain.java:149)
	at com.kms.katalon.core.main.TestCaseMain$startTestSuite$0.call(Unknown Source)
	at TempTestSuite1544179712164.run(TempTestSuite1544179712164.groovy:36)]]></system-err>
   </testsuite>
</testsuites>
