<?xml version="1.0" encoding="UTF-8"?>
<testsuites name="ICW Regression - 190" time="391" tests="13" failures="0" errors="0">
   <testsuite name="ICW Regression - 190" tests="13" failures="0" errors="0" time="391" timestamp="2018-11-29 15:18:07" hostname="JHATFIELD - SNDFSMINFSRV001.defra.onmicrosoft.com" id="Test Suites/ICW/ICW Regression - 190">
      <properties>
         <property name="deviceName" value=""/>
         <property name="devicePlatform" value=""/>
         <property name="logFolder" value="C:\\Users\\JHATFIELD\\git\\DEFRA-FSM_Automated_Regression_NEW\\Reports\\ICW\\ICW Regression - 190\\20181129_121947"/>
         <property name="logFiles" value="C:\\Users\\JHATFIELD\\git\\DEFRA-FSM_Automated_Regression_NEW\\Reports\\ICW\\ICW Regression - 190\\20181129_121947\\execution0.log"/>
         <property name="attachments" value="C:\\Users\\JHATFIELD\\git\\DEFRA-FSM_Automated_Regression_NEW\\Reports\\ICW\\ICW Regression - 190\\20181129_121947\\1543504940006.png"/>
         <property name="hostName" value="JHATFIELD - SNDFSMINFSRV001.defra.onmicrosoft.com"/>
         <property name="os" value="Windows Server 2016 64bit"/>
         <property name="katalonVersion" value="5.9.0.1"/>
         <property name="browser" value="Chrome 70.0.3538.110"/>
         <property name="hostAddress" value="10.201.1.17"/>
         <property name="sessionId" value="1555508d119964e0a972e6a792e5c888"/>
         <property name="seleniumVersion" value="3.7.1"/>
         <property name="proxyInformation" value="ProxyInformation{proxyOption=NO_PROXY, proxyServerType=HTTP, password=, proxyServerAddress=, proxyServerPort=0}"/>
         <property name="platform" value="Windows Server 2016"/>
      </properties>
      <testcase name="Test Cases/Generic/Launch Job Manager Control Centre" classname="Test Cases/Generic/Launch Job Manager Control Centre" status="PASSED">
         <system-out><![CDATA[2018-11-29 15:18:08 - [TEST_CASE][PASSED] - Test Cases/Generic/Launch Job Manager Control Centre: Test Cases/Generic/Launch Job Manager Control Centre

2018-11-29 15:18:09 - [TEST_STEP][PASSED] - openBrowser(""): Browser is opened with url: ''

2018-11-29 15:18:10 - [MESSAGE][INFO] - Starting 'Chrome' driver

2018-11-29 15:18:10 - [MESSAGE][INFO] - Action delay is set to 0 seconds

2018-11-29 15:18:14 - [MESSAGE][PASSED] - Browser is opened with url: ''

2018-11-29 15:18:14 - [TEST_STEP][PASSED] - navigateToUrl(CCURL): Navigate to 'https://kirona-def-11.kirona.com/jmtrain' successfully

2018-11-29 15:18:17 - [MESSAGE][PASSED] - Navigate to 'https://kirona-def-11.kirona.com/jmtrain' successfully

2018-11-29 15:18:17 - [TEST_STEP][PASSED] - setText(findTestObject("FSM1/Control Centre/Page_Job Manager Login/input_gwt-uid-3"), Username): Text 'jon.hatfield' is set on object 'Object Repository/FSM1/Control Centre/Page_Job Manager Login/input_gwt-uid-3'

2018-11-29 15:18:18 - [MESSAGE][PASSED] - Text 'jon.hatfield' is set on object 'Object Repository/FSM1/Control Centre/Page_Job Manager Login/input_gwt-uid-3'

2018-11-29 15:18:18 - [TEST_STEP][PASSED] - setText(findTestObject("FSM1/Control Centre/Page_Job Manager Login/input_gwt-uid-5"), Password): Text 'Fr@nc1sJ0n' is set on object 'Object Repository/FSM1/Control Centre/Page_Job Manager Login/input_gwt-uid-5'

2018-11-29 15:18:19 - [MESSAGE][PASSED] - Text 'Fr@nc1sJ0n' is set on object 'Object Repository/FSM1/Control Centre/Page_Job Manager Login/input_gwt-uid-5'

2018-11-29 15:18:19 - [TEST_STEP][PASSED] - click(findTestObject("FSM1/PreProd/Page_Job Manager Login/div_Login")): Object: 'Object Repository/FSM1/PreProd/Page_Job Manager Login/div_Login' is clicked on

2018-11-29 15:18:19 - [MESSAGE][PASSED] - Object: 'Object Repository/FSM1/PreProd/Page_Job Manager Login/div_Login' is clicked on

2018-11-29 15:18:19 - [TEST_STEP][PASSED] - delay(5): Delayed 5 second(s)

2018-11-29 15:18:24 - [MESSAGE][PASSED] - Delayed 5 second(s)]]></system-out>
         <system-err><![CDATA[]]></system-err>
      </testcase>
      <testcase name="Test Cases/ABP/Generic/Create ABP Inspection - Manual Assignment" classname="Test Cases/ABP/Generic/Create ABP Inspection - Manual Assignment" status="PASSED">
         <system-out><![CDATA[2018-11-29 15:18:24 - [TEST_CASE][PASSED] - Test Cases/ABP/Generic/Create ABP Inspection - Manual Assignment: Test Cases/ABP/Generic/Create ABP Inspection - Manual Assignment

2018-11-29 15:18:25 - [TEST_STEP][PASSED] - log = new com.kms.katalon.core.logging.KeywordLogger(): null

2018-11-29 15:18:25 - [TEST_STEP][PASSED] - click(findTestObject("Object Repository/FSM1/Create ABP Inspection Manual Ass/Page_JM Control Centre/Page_JM Control Centre/Page_JM Control Centre/div_Create")): Object: 'Object Repository/FSM1/Create ABP Inspection Manual Ass/Page_JM Control Centre/Page_JM Control Centre/Page_JM Control Centre/div_Create' is clicked on

2018-11-29 15:18:25 - [MESSAGE][PASSED] - Object: 'Object Repository/FSM1/Create ABP Inspection Manual Ass/Page_JM Control Centre/Page_JM Control Centre/Page_JM Control Centre/div_Create' is clicked on

2018-11-29 15:18:25 - [TEST_STEP][PASSED] - click(findTestObject("Object Repository/FSM1/Create ABP Inspection Manual Ass/Page_JM Control Centre/Page_JM Control Centre/Page_JM Control Centre/div_v-filterselect-button")): Object: 'Object Repository/FSM1/Create ABP Inspection Manual Ass/Page_JM Control Centre/Page_JM Control Centre/Page_JM Control Centre/div_v-filterselect-button' is clicked on

2018-11-29 15:18:27 - [MESSAGE][PASSED] - Object: 'Object Repository/FSM1/Create ABP Inspection Manual Ass/Page_JM Control Centre/Page_JM Control Centre/Page_JM Control Centre/div_v-filterselect-button' is clicked on

2018-11-29 15:18:27 - [TEST_STEP][PASSED] - setText(findTestObject("Object Repository/FSM1/Create ABP Inspection Manual Ass/Page_JM Control Centre/Page_JM Control Centre/Page_JM Control Centre/input_gwt-uid-8"), ABPInspection): Text 'AB190' is set on object 'Object Repository/FSM1/Create ABP Inspection Manual Ass/Page_JM Control Centre/Page_JM Control Centre/Page_JM Control Centre/input_gwt-uid-8'

2018-11-29 15:18:28 - [MESSAGE][PASSED] - Text 'AB190' is set on object 'Object Repository/FSM1/Create ABP Inspection Manual Ass/Page_JM Control Centre/Page_JM Control Centre/Page_JM Control Centre/input_gwt-uid-8'

2018-11-29 15:18:28 - [TEST_STEP][PASSED] - ABPInspectionTypeJ = modifyObjectProperty(findTestObject("Object Repository/FSM1/Create ABP Inspection Manual Ass/Page_JM Control Centre/Page_JM Control Centre/Page_JM Control Centre/span_ABPR01A - Composting and"), "text", "equals", ABPInspectionType, true): Modify property of object successfully

2018-11-29 15:18:28 - [MESSAGE][PASSED] - Modify property of object successfully

2018-11-29 15:18:28 - [TEST_STEP][PASSED] - click(ABPInspectionTypeJ, STOP_ON_FAILURE): Object: 'Object Repository/FSM1/Create ABP Inspection Manual Ass/Page_JM Control Centre/Page_JM Control Centre/Page_JM Control Centre/span_ABPR01A - Composting and' is clicked on

2018-11-29 15:18:28 - [MESSAGE][PASSED] - Object: 'Object Repository/FSM1/Create ABP Inspection Manual Ass/Page_JM Control Centre/Page_JM Control Centre/Page_JM Control Centre/span_ABPR01A - Composting and' is clicked on

2018-11-29 15:18:28 - [TEST_STEP][PASSED] - click(findTestObject("Object Repository/FSM1/Create ABP Inspection Manual Ass/Page_JM Control Centre/Page_JM Control Centre/Page_JM Control Centre/div_v-filterselect-button_1")): Object: 'Object Repository/FSM1/Create ABP Inspection Manual Ass/Page_JM Control Centre/Page_JM Control Centre/Page_JM Control Centre/div_v-filterselect-button_1' is clicked on

2018-11-29 15:18:30 - [MESSAGE][PASSED] - Object: 'Object Repository/FSM1/Create ABP Inspection Manual Ass/Page_JM Control Centre/Page_JM Control Centre/Page_JM Control Centre/div_v-filterselect-button_1' is clicked on

2018-11-29 15:18:30 - [TEST_STEP][PASSED] - click(findTestObject("Object Repository/FSM1/Create ABP Inspection Manual Ass/Page_JM Control Centre/Page_JM Control Centre/Page_JM Control Centre/span_24 Hours")): Object: 'Object Repository/FSM1/Create ABP Inspection Manual Ass/Page_JM Control Centre/Page_JM Control Centre/Page_JM Control Centre/span_24 Hours' is clicked on

2018-11-29 15:18:31 - [MESSAGE][PASSED] - Object: 'Object Repository/FSM1/Create ABP Inspection Manual Ass/Page_JM Control Centre/Page_JM Control Centre/Page_JM Control Centre/span_24 Hours' is clicked on

2018-11-29 15:18:31 - [TEST_STEP][PASSED] - click(findTestObject("Object Repository/FSM1/Create ABP Inspection Manual Ass/Page_JM Control Centre/Page_JM Control Centre/Page_JM Control Centre/div_Region_v-filterselect-butt")): Object: 'Object Repository/FSM1/Create ABP Inspection Manual Ass/Page_JM Control Centre/Page_JM Control Centre/Page_JM Control Centre/div_Region_v-filterselect-butt' is clicked on

2018-11-29 15:18:31 - [MESSAGE][PASSED] - Object: 'Object Repository/FSM1/Create ABP Inspection Manual Ass/Page_JM Control Centre/Page_JM Control Centre/Page_JM Control Centre/div_Region_v-filterselect-butt' is clicked on

2018-11-29 15:18:31 - [TEST_STEP][PASSED] - click(findTestObject("Object Repository/FSM1/Create ABP Inspection Manual Ass/Page_JM Control Centre/Page_JM Control Centre/Page_JM Control Centre/td_West")): Object: 'Object Repository/FSM1/Create ABP Inspection Manual Ass/Page_JM Control Centre/Page_JM Control Centre/Page_JM Control Centre/td_West' is clicked on

2018-11-29 15:18:32 - [MESSAGE][PASSED] - Object: 'Object Repository/FSM1/Create ABP Inspection Manual Ass/Page_JM Control Centre/Page_JM Control Centre/Page_JM Control Centre/td_West' is clicked on

2018-11-29 15:18:32 - [TEST_STEP][PASSED] - click(findTestObject("Object Repository/FSM1/Create ABP Inspection Manual Ass/Page_JM Control Centre/Page_JM Control Centre/Page_JM Control Centre/div_Plant Type_v-filterselect-")): Object: 'Object Repository/FSM1/Create ABP Inspection Manual Ass/Page_JM Control Centre/Page_JM Control Centre/Page_JM Control Centre/div_Plant Type_v-filterselect-' is clicked on

2018-11-29 15:18:32 - [MESSAGE][PASSED] - Object: 'Object Repository/FSM1/Create ABP Inspection Manual Ass/Page_JM Control Centre/Page_JM Control Centre/Page_JM Control Centre/div_Plant Type_v-filterselect-' is clicked on

2018-11-29 15:18:32 - [TEST_STEP][PASSED] - click(findTestObject("Object Repository/FSM1/Create ABP Inspection Manual Ass/Page_JM Control Centre/Page_JM Control Centre/Page_JM Control Centre/td_SECTION I Intermediate Acti")): Object: 'Object Repository/FSM1/Create ABP Inspection Manual Ass/Page_JM Control Centre/Page_JM Control Centre/Page_JM Control Centre/td_SECTION I Intermediate Acti' is clicked on

2018-11-29 15:18:33 - [MESSAGE][PASSED] - Object: 'Object Repository/FSM1/Create ABP Inspection Manual Ass/Page_JM Control Centre/Page_JM Control Centre/Page_JM Control Centre/td_SECTION I Intermediate Acti' is clicked on

2018-11-29 15:18:33 - [TEST_STEP][PASSED] - click(findTestObject("Object Repository/FSM1/Create ABP Inspection Manual Ass/Page_JM Control Centre/Page_JM Control Centre/Page_JM Control Centre/div_Inspection Type_v-filterse")): Object: 'Object Repository/FSM1/Create ABP Inspection Manual Ass/Page_JM Control Centre/Page_JM Control Centre/Page_JM Control Centre/div_Inspection Type_v-filterse' is clicked on

2018-11-29 15:18:33 - [MESSAGE][PASSED] - Object: 'Object Repository/FSM1/Create ABP Inspection Manual Ass/Page_JM Control Centre/Page_JM Control Centre/Page_JM Control Centre/div_Inspection Type_v-filterse' is clicked on

2018-11-29 15:18:33 - [TEST_STEP][PASSED] - click(findTestObject("Object Repository/FSM1/Create ABP Inspection Manual Ass/Page_JM Control Centre/Page_JM Control Centre/Page_JM Control Centre/td_Routine")): Object: 'Object Repository/FSM1/Create ABP Inspection Manual Ass/Page_JM Control Centre/Page_JM Control Centre/Page_JM Control Centre/td_Routine' is clicked on

2018-11-29 15:18:34 - [MESSAGE][PASSED] - Object: 'Object Repository/FSM1/Create ABP Inspection Manual Ass/Page_JM Control Centre/Page_JM Control Centre/Page_JM Control Centre/td_Routine' is clicked on

2018-11-29 15:18:34 - [TEST_STEP][PASSED] - click(findTestObject("Object Repository/FSM1/Create ABP Inspection Manual Ass/Page_JM Control Centre/Page_JM Control Centre/Page_JM Control Centre/div_Inspector Grade Required_v")): Object: 'Object Repository/FSM1/Create ABP Inspection Manual Ass/Page_JM Control Centre/Page_JM Control Centre/Page_JM Control Centre/div_Inspector Grade Required_v' is clicked on

2018-11-29 15:18:34 - [MESSAGE][PASSED] - Object: 'Object Repository/FSM1/Create ABP Inspection Manual Ass/Page_JM Control Centre/Page_JM Control Centre/Page_JM Control Centre/div_Inspector Grade Required_v' is clicked on

2018-11-29 15:18:34 - [TEST_STEP][PASSED] - click(findTestObject("Object Repository/FSM1/Create ABP Inspection Manual Ass/Page_JM Control Centre/Page_JM Control Centre/Page_JM Control Centre/td_Tech")): Object: 'Object Repository/FSM1/Create ABP Inspection Manual Ass/Page_JM Control Centre/Page_JM Control Centre/Page_JM Control Centre/td_Tech' is clicked on

2018-11-29 15:18:34 - [MESSAGE][PASSED] - Object: 'Object Repository/FSM1/Create ABP Inspection Manual Ass/Page_JM Control Centre/Page_JM Control Centre/Page_JM Control Centre/td_Tech' is clicked on

2018-11-29 15:18:34 - [TEST_STEP][PASSED] - click(findTestObject("Object Repository/FSM1/Create ABP Inspection Manual Ass/Page_JM Control Centre/Page_JM Control Centre/Page_JM Control Centre/div_Sequence within Inspection")): Object: 'Object Repository/FSM1/Create ABP Inspection Manual Ass/Page_JM Control Centre/Page_JM Control Centre/Page_JM Control Centre/div_Sequence within Inspection' is clicked on

2018-11-29 15:18:35 - [MESSAGE][PASSED] - Object: 'Object Repository/FSM1/Create ABP Inspection Manual Ass/Page_JM Control Centre/Page_JM Control Centre/Page_JM Control Centre/div_Sequence within Inspection' is clicked on

2018-11-29 15:18:35 - [TEST_STEP][PASSED] - click(findTestObject("Object Repository/FSM1/Create ABP Inspection Manual Ass/Page_JM Control Centre/Page_JM Control Centre/Page_JM Control Centre/td_2 - Tech")): Object: 'Object Repository/FSM1/Create ABP Inspection Manual Ass/Page_JM Control Centre/Page_JM Control Centre/Page_JM Control Centre/td_2 - Tech' is clicked on

2018-11-29 15:18:35 - [MESSAGE][PASSED] - Object: 'Object Repository/FSM1/Create ABP Inspection Manual Ass/Page_JM Control Centre/Page_JM Control Centre/Page_JM Control Centre/td_2 - Tech' is clicked on

2018-11-29 15:18:35 - [TEST_STEP][PASSED] - setText(findTestObject("Object Repository/FSM1/Create ABP Inspection Manual Ass/Page_JM Control Centre/Page_JM Control Centre/Page_JM Control Centre/input_Customer ID_gwt-uid-40"), RandomStringUtils.randomNumeric(5)): Text '84793' is set on object 'Object Repository/FSM1/Create ABP Inspection Manual Ass/Page_JM Control Centre/Page_JM Control Centre/Page_JM Control Centre/input_Customer ID_gwt-uid-40'

2018-11-29 15:18:36 - [MESSAGE][PASSED] - Text '84793' is set on object 'Object Repository/FSM1/Create ABP Inspection Manual Ass/Page_JM Control Centre/Page_JM Control Centre/Page_JM Control Centre/input_Customer ID_gwt-uid-40'

2018-11-29 15:18:36 - [TEST_STEP][PASSED] - setText(findTestObject("Object Repository/FSM1/Create ABP Inspection Manual Ass/Page_JM Control Centre/Page_JM Control Centre/Page_JM Control Centre/input_Unit ID_gwt-uid-42"), RandomStringUtils.randomNumeric(5)): Text '53007' is set on object 'Object Repository/FSM1/Create ABP Inspection Manual Ass/Page_JM Control Centre/Page_JM Control Centre/Page_JM Control Centre/input_Unit ID_gwt-uid-42'

2018-11-29 15:18:36 - [MESSAGE][PASSED] - Text '53007' is set on object 'Object Repository/FSM1/Create ABP Inspection Manual Ass/Page_JM Control Centre/Page_JM Control Centre/Page_JM Control Centre/input_Unit ID_gwt-uid-42'

2018-11-29 15:18:36 - [TEST_STEP][PASSED] - setText(findTestObject("Object Repository/FSM1/Create ABP Inspection Manual Ass/Page_JM Control Centre/Page_JM Control Centre/Page_JM Control Centre/input_Customer Name_gwt-uid-44"), "Test Automation"): Text 'Test Automation' is set on object 'Object Repository/FSM1/Create ABP Inspection Manual Ass/Page_JM Control Centre/Page_JM Control Centre/Page_JM Control Centre/input_Customer Name_gwt-uid-44'

2018-11-29 15:18:37 - [MESSAGE][PASSED] - Text 'Test Automation' is set on object 'Object Repository/FSM1/Create ABP Inspection Manual Ass/Page_JM Control Centre/Page_JM Control Centre/Page_JM Control Centre/input_Customer Name_gwt-uid-44'

2018-11-29 15:18:37 - [TEST_STEP][PASSED] - click(findTestObject("Object Repository/FSM1/Create ABP Inspection Manual Ass/Page_JM Control Centre/Page_JM Control Centre/Page_JM Control Centre/span_")): Object: 'Object Repository/FSM1/Create ABP Inspection Manual Ass/Page_JM Control Centre/Page_JM Control Centre/Page_JM Control Centre/span_' is clicked on

2018-11-29 15:18:37 - [MESSAGE][PASSED] - Object: 'Object Repository/FSM1/Create ABP Inspection Manual Ass/Page_JM Control Centre/Page_JM Control Centre/Page_JM Control Centre/span_' is clicked on

2018-11-29 15:18:37 - [TEST_STEP][PASSED] - click(findTestObject("Object Repository/FSM1/Create ABP Inspection Manual Ass/Page_JM Control Centre/Page_JM Control Centre/Page_JM Control Centre/Postcode Search")): Object: 'Object Repository/FSM1/Create ABP Inspection Manual Ass/Page_JM Control Centre/Page_JM Control Centre/Page_JM Control Centre/Postcode Search' is clicked on

2018-11-29 15:18:39 - [MESSAGE][PASSED] - Object: 'Object Repository/FSM1/Create ABP Inspection Manual Ass/Page_JM Control Centre/Page_JM Control Centre/Page_JM Control Centre/Postcode Search' is clicked on

2018-11-29 15:18:39 - [TEST_STEP][PASSED] - setText(findTestObject("Object Repository/FSM1/Create ABP Inspection Manual Ass/Page_JM Control Centre/Page_JM Control Centre/Page_JM Control Centre/PostcodeSearch"), findTestData("Pre Production/ABP/ABP Inspection Data 01a").getValue(2, 1)): Text 'WR5 2NQ' is set on object 'Object Repository/FSM1/Create ABP Inspection Manual Ass/Page_JM Control Centre/Page_JM Control Centre/Page_JM Control Centre/PostcodeSearch'

2018-11-29 15:18:40 - [MESSAGE][PASSED] - Text 'WR5 2NQ' is set on object 'Object Repository/FSM1/Create ABP Inspection Manual Ass/Page_JM Control Centre/Page_JM Control Centre/Page_JM Control Centre/PostcodeSearch'

2018-11-29 15:18:40 - [TEST_STEP][PASSED] - click(findTestObject("FSM1/Control Centre/Create EMI Inspection/Create Address/Page_JM Control Centre (1)/SearchButton")): Object: 'Object Repository/FSM1/Control Centre/Create EMI Inspection/Create Address/Page_JM Control Centre (1)/SearchButton' is clicked on

2018-11-29 15:18:40 - [MESSAGE][PASSED] - Object: 'Object Repository/FSM1/Control Centre/Create EMI Inspection/Create Address/Page_JM Control Centre (1)/SearchButton' is clicked on

2018-11-29 15:18:41 - [TEST_STEP][PASSED] - FullAddress = modifyObjectProperty(findTestObject("Object Repository/FSM1/Create ABP Inspection Manual Ass/Page_JM Control Centre/Page_JM Control Centre/Page_JM Control Centre/Address"), "text", "equals", findTestData("Pre Production/ABP/ABP Inspection Data 01a").getValue(3, 1), true): Modify property of object successfully

2018-11-29 15:18:41 - [MESSAGE][PASSED] - Modify property of object successfully

2018-11-29 15:18:41 - [TEST_STEP][PASSED] - click(FullAddress, STOP_ON_FAILURE): Object: 'Object Repository/FSM1/Create ABP Inspection Manual Ass/Page_JM Control Centre/Page_JM Control Centre/Page_JM Control Centre/Address' is clicked on

2018-11-29 15:18:42 - [MESSAGE][PASSED] - Object: 'Object Repository/FSM1/Create ABP Inspection Manual Ass/Page_JM Control Centre/Page_JM Control Centre/Page_JM Control Centre/Address' is clicked on

2018-11-29 15:18:42 - [TEST_STEP][PASSED] - click(findTestObject("FSM1/Control Centre/Create EMI Inspection/Create Address/Page_JM Control Centre (2)/div_Add Selected Item")): Object: 'Object Repository/FSM1/Control Centre/Create EMI Inspection/Create Address/Page_JM Control Centre (2)/div_Add Selected Item' is clicked on

2018-11-29 15:18:42 - [MESSAGE][PASSED] - Object: 'Object Repository/FSM1/Control Centre/Create EMI Inspection/Create Address/Page_JM Control Centre (2)/div_Add Selected Item' is clicked on

2018-11-29 15:18:42 - [TEST_STEP][PASSED] - delay(2): Delayed 2 second(s)

2018-11-29 15:18:44 - [MESSAGE][PASSED] - Delayed 2 second(s)

2018-11-29 15:18:44 - [TEST_STEP][PASSED] - click(findTestObject("FSM1/Control Centre/Create EMI Inspection/Finish/Page_JM Control Centre (3)/div_Create")): Object: 'Object Repository/FSM1/Control Centre/Create EMI Inspection/Finish/Page_JM Control Centre (3)/div_Create' is clicked on

2018-11-29 15:18:45 - [MESSAGE][PASSED] - Object: 'Object Repository/FSM1/Control Centre/Create EMI Inspection/Finish/Page_JM Control Centre (3)/div_Create' is clicked on

2018-11-29 15:18:45 - [TEST_STEP][PASSED] - waitForElementPresent(findTestObject("Object Repository/FSM1/Create ABP Inspection Manual Ass/Page_JM Control Centre/Page_JM Control Centre/Page_JM Control Centre/div_APPROVED"), 120, STOP_ON_FAILURE): Object 'Object Repository/FSM1/Create ABP Inspection Manual Ass/Page_JM Control Centre/Page_JM Control Centre/Page_JM Control Centre/div_APPROVED' is present

2018-11-29 15:18:51 - [MESSAGE][PASSED] - Object 'Object Repository/FSM1/Create ABP Inspection Manual Ass/Page_JM Control Centre/Page_JM Control Centre/Page_JM Control Centre/div_APPROVED' is present

2018-11-29 15:18:51 - [TEST_STEP][PASSED] - click(findTestObject("Object Repository/FSM1/Create ABP Inspection Manual Ass/Page_JM Control Centre/Page_JM Control Centre/Page_JM Control Centre/span_Schedule")): Object: 'Object Repository/FSM1/Create ABP Inspection Manual Ass/Page_JM Control Centre/Page_JM Control Centre/Page_JM Control Centre/span_Schedule' is clicked on

2018-11-29 15:18:52 - [MESSAGE][PASSED] - Object: 'Object Repository/FSM1/Create ABP Inspection Manual Ass/Page_JM Control Centre/Page_JM Control Centre/Page_JM Control Centre/span_Schedule' is clicked on

2018-11-29 15:18:52 - [TEST_STEP][PASSED] - click(findTestObject("Object Repository/FSM1/Create ABP Inspection Manual Ass/Page_JM Control Centre/Page_JM Control Centre/Page_JM Control Centre/label_Manual Ownership")): Object: 'Object Repository/FSM1/Create ABP Inspection Manual Ass/Page_JM Control Centre/Page_JM Control Centre/Page_JM Control Centre/label_Manual Ownership' is clicked on

2018-11-29 15:18:56 - [MESSAGE][PASSED] - Object: 'Object Repository/FSM1/Create ABP Inspection Manual Ass/Page_JM Control Centre/Page_JM Control Centre/Page_JM Control Centre/label_Manual Ownership' is clicked on

2018-11-29 15:18:56 - [TEST_STEP][PASSED] - setText(findTestObject("Object Repository/FSM1/Create ABP Inspection Manual Ass/Page_JM Control Centre/Page_JM Control Centre/Page_JM Control Centre/input_Owner_gwt-uid-311 (3)"), "test"): Text 'test' is set on object 'Object Repository/FSM1/Create ABP Inspection Manual Ass/Page_JM Control Centre/Page_JM Control Centre/Page_JM Control Centre/input_Owner_gwt-uid-311 (3)'

2018-11-29 15:18:58 - [MESSAGE][PASSED] - Text 'test' is set on object 'Object Repository/FSM1/Create ABP Inspection Manual Ass/Page_JM Control Centre/Page_JM Control Centre/Page_JM Control Centre/input_Owner_gwt-uid-311 (3)'

2018-11-29 15:18:58 - [TEST_STEP][PASSED] - click(findTestObject("Object Repository/FSM1/Create ABP Inspection Manual Ass/Page_JM Control Centre/Page_JM Control Centre/Page_JM Control Centre/span_Test Inspector")): Object: 'Object Repository/FSM1/Create ABP Inspection Manual Ass/Page_JM Control Centre/Page_JM Control Centre/Page_JM Control Centre/span_Test Inspector' is clicked on

2018-11-29 15:18:58 - [MESSAGE][PASSED] - Object: 'Object Repository/FSM1/Create ABP Inspection Manual Ass/Page_JM Control Centre/Page_JM Control Centre/Page_JM Control Centre/span_Test Inspector' is clicked on

2018-11-29 15:18:59 - [TEST_STEP][NOT_RUN] - setText(findTestObject("Object Repository/FSM1/Create ABP Inspection Manual Ass/Page_JM Control Centre/Page_JM Control Centre/Page_JM Control Centre/input_Owner_gwt-uid-311"), "Test Inspector"): NOT_RUN: setText(findTestObject("Object Repository/FSM1/Create ABP Inspection Manual Ass/Page_JM Control Centre/Page_JM Control Centre/Page_JM Control Centre/input_Owner_gwt-uid-311"), "Test Inspector")

2018-11-29 15:18:59 - [MESSAGE][NOT_RUN] - NOT_RUN: setText(findTestObject("Object Repository/FSM1/Create ABP Inspection Manual Ass/Page_JM Control Centre/Page_JM Control Centre/Page_JM Control Centre/input_Owner_gwt-uid-311"), "Test Inspector")

2018-11-29 15:18:59 - [TEST_STEP][PASSED] - mydate = new java.util.Date(): null

2018-11-29 15:18:59 - [TEST_STEP][PASSED] - tomorrow = mydate.next(): null

2018-11-29 15:18:59 - [TEST_STEP][PASSED] - formattedDate = tomorrow.format("dd-MMM-yyyy"): null

2018-11-29 15:18:59 - [TEST_STEP][PASSED] - setText(findTestObject("Object Repository/FSM1/Create ABP Inspection Manual Ass/Page_JM Control Centre/Page_JM Control Centre/Page_JM Control Centre/input_From date_gwt-uid-504 (10)"), formattedDate): Text '30-Nov-2018' is set on object 'Object Repository/FSM1/Create ABP Inspection Manual Ass/Page_JM Control Centre/Page_JM Control Centre/Page_JM Control Centre/input_From date_gwt-uid-504 (10)'

2018-11-29 15:19:00 - [MESSAGE][PASSED] - Text '30-Nov-2018' is set on object 'Object Repository/FSM1/Create ABP Inspection Manual Ass/Page_JM Control Centre/Page_JM Control Centre/Page_JM Control Centre/input_From date_gwt-uid-504 (10)'

2018-11-29 15:19:00 - [TEST_STEP][PASSED] - setText(findTestObject("Object Repository/FSM1/Create ABP Inspection Manual Ass/Page_JM Control Centre/Page_JM Control Centre/Page_JM Control Centre/input_Due date_gwt-uid-506 (11)"), formattedDate): Text '30-Nov-2018' is set on object 'Object Repository/FSM1/Create ABP Inspection Manual Ass/Page_JM Control Centre/Page_JM Control Centre/Page_JM Control Centre/input_Due date_gwt-uid-506 (11)'

2018-11-29 15:19:01 - [MESSAGE][PASSED] - Text '30-Nov-2018' is set on object 'Object Repository/FSM1/Create ABP Inspection Manual Ass/Page_JM Control Centre/Page_JM Control Centre/Page_JM Control Centre/input_Due date_gwt-uid-506 (11)'

2018-11-29 15:19:01 - [TEST_STEP][PASSED] - click(findTestObject("Object Repository/FSM1/Create ABP Inspection Manual Ass/Page_JM Control Centre/Page_JM Control Centre/Page_JM Control Centre/div_Allocate")): Object: 'Object Repository/FSM1/Create ABP Inspection Manual Ass/Page_JM Control Centre/Page_JM Control Centre/Page_JM Control Centre/div_Allocate' is clicked on

2018-11-29 15:19:01 - [MESSAGE][PASSED] - Object: 'Object Repository/FSM1/Create ABP Inspection Manual Ass/Page_JM Control Centre/Page_JM Control Centre/Page_JM Control Centre/div_Allocate' is clicked on

2018-11-29 15:19:02 - [TEST_STEP][PASSED] - InspectionID = getText(findTestObject("Object Repository/FSM1/Create ABP Inspection Manual Ass/Page_JM Control Centre/Page_JM Control Centre/Page_JM Control Centre/InspectionID")): Text of object 'Object Repository/FSM1/Create ABP Inspection Manual Ass/Page_JM Control Centre/Page_JM Control Centre/Page_JM Control Centre/InspectionID' is: 'Viewing Job 94175'

2018-11-29 15:19:02 - [MESSAGE][PASSED] - Text of object 'Object Repository/FSM1/Create ABP Inspection Manual Ass/Page_JM Control Centre/Page_JM Control Centre/Page_JM Control Centre/InspectionID' is: 'Viewing Job 94175'

2018-11-29 15:19:02 - [TEST_STEP][PASSED] - InspectionID = InspectionID.replaceAll("Viewing Job ", ""): null

2018-11-29 15:19:02 - [TEST_STEP][PASSED] - log.logWarning(InspectionID): 94175

2018-11-29 15:19:02 - [MESSAGE][WARNING] - 94175

2018-11-29 15:19:02 - [TEST_STEP][PASSED] - temp = InspectionID: null

2018-11-29 15:19:02 - [TEST_STEP][PASSED] - delay(90): Delayed 90 second(s)

2018-11-29 15:20:32 - [MESSAGE][PASSED] - Delayed 90 second(s)]]></system-out>
         <system-err><![CDATA[]]></system-err>
      </testcase>
      <testcase name="Test Cases/Generic/Launch Job Manager" classname="Test Cases/Generic/Launch Job Manager" status="PASSED">
         <system-out><![CDATA[2018-11-29 15:20:32 - [TEST_CASE][PASSED] - Test Cases/Generic/Launch Job Manager: Test Cases/Generic/Launch Job Manager

2018-11-29 15:20:33 - [TEST_STEP][PASSED] - openBrowser(""): Browser is opened with url: ''

2018-11-29 15:20:33 - [MESSAGE][WARNING] - A browser is already opened. Closing browser and opening a new one

2018-11-29 15:20:34 - [MESSAGE][INFO] - Starting 'Chrome' driver

2018-11-29 15:20:36 - [MESSAGE][PASSED] - Browser is opened with url: ''

2018-11-29 15:20:36 - [TEST_STEP][PASSED] - navigateToUrl(JMURL): Navigate to 'https://kirona-def-11.kirona.com/jmtrain/jclient/jclient.html' successfully

2018-11-29 15:20:37 - [MESSAGE][PASSED] - Navigate to 'https://kirona-def-11.kirona.com/jmtrain/jclient/jclient.html' successfully

2018-11-29 15:20:37 - [TEST_STEP][PASSED] - setText(findTestObject("FSM1/Launch Application/Page_JClient/input_gwt-TextBox GKH2EKQBMDB"), "KIR1"): Text 'KIR1' is set on object 'Object Repository/FSM1/Launch Application/Page_JClient/input_gwt-TextBox GKH2EKQBMDB'

2018-11-29 15:20:40 - [MESSAGE][PASSED] - Text 'KIR1' is set on object 'Object Repository/FSM1/Launch Application/Page_JClient/input_gwt-TextBox GKH2EKQBMDB'

2018-11-29 15:20:40 - [TEST_STEP][PASSED] - sendKeys(findTestObject("FSM1/Launch Application/Page_JClient/input_gwt-TextBox GKH2EKQBMDB"), Keys.chord(ENTER)): Keys 'ENTER + ' sent to object: 'Object Repository/FSM1/Launch Application/Page_JClient/input_gwt-TextBox GKH2EKQBMDB'

2018-11-29 15:20:40 - [MESSAGE][PASSED] - Keys 'ENTER + ' sent to object: 'Object Repository/FSM1/Launch Application/Page_JClient/input_gwt-TextBox GKH2EKQBMDB'

2018-11-29 15:20:40 - [TEST_STEP][PASSED] - click(findTestObject("FSM1/Launch Application/Page_JClient/div_Configure App")): Object: 'Object Repository/FSM1/Launch Application/Page_JClient/div_Configure App' is clicked on

2018-11-29 15:20:40 - [MESSAGE][PASSED] - Object: 'Object Repository/FSM1/Launch Application/Page_JClient/div_Configure App' is clicked on

2018-11-29 15:20:40 - [TEST_STEP][PASSED] - setText(findTestObject("FSM1/Launch Application/Page_JClient/input_gwt-TextBox GKH2EKQBNHC"), findTestData("Pre Production/Environmental/UandP").getValue(3, 1)): Text 'test.inspector' is set on object 'Object Repository/FSM1/Launch Application/Page_JClient/input_gwt-TextBox GKH2EKQBNHC'

2018-11-29 15:20:41 - [MESSAGE][PASSED] - Text 'test.inspector' is set on object 'Object Repository/FSM1/Launch Application/Page_JClient/input_gwt-TextBox GKH2EKQBNHC'

2018-11-29 15:20:41 - [TEST_STEP][PASSED] - setText(findTestObject("FSM1/Launch Application/Page_JClient/input_gwt-PasswordTextBox GKH2"), findTestData("Pre Production/Environmental/UandP").getValue(4, 1)): Text 'Password1.' is set on object 'Object Repository/FSM1/Launch Application/Page_JClient/input_gwt-PasswordTextBox GKH2'

2018-11-29 15:20:42 - [MESSAGE][PASSED] - Text 'Password1.' is set on object 'Object Repository/FSM1/Launch Application/Page_JClient/input_gwt-PasswordTextBox GKH2'

2018-11-29 15:20:42 - [TEST_STEP][PASSED] - click(findTestObject("FSM1/Launch Application/Page_JClient/div_Sign In")): Object: 'Object Repository/FSM1/Launch Application/Page_JClient/div_Sign In' is clicked on

2018-11-29 15:20:42 - [MESSAGE][PASSED] - Object: 'Object Repository/FSM1/Launch Application/Page_JClient/div_Sign In' is clicked on

2018-11-29 15:20:42 - [TEST_STEP][PASSED] - delay(15): Delayed 15 second(s)

2018-11-29 15:20:57 - [MESSAGE][PASSED] - Delayed 15 second(s)]]></system-out>
         <system-err><![CDATA[]]></system-err>
      </testcase>
      <testcase name="Test Cases/Generic/Select Inspection" classname="Test Cases/Generic/Select Inspection" status="PASSED">
         <system-out><![CDATA[2018-11-29 15:20:57 - [TEST_CASE][PASSED] - Test Cases/Generic/Select Inspection: Test Cases/Generic/Select Inspection

2018-11-29 15:20:57 - [TEST_STEP][PASSED] - delay(30): Delayed 30 second(s)

2018-11-29 15:21:27 - [MESSAGE][PASSED] - Delayed 30 second(s)

2018-11-29 15:21:27 - [TEST_STEP][PASSED] - waitForElementClickable(findTestObject("FSM1/Select Inspection/Landing/Refresh"), 250): Object 'Object Repository/FSM1/Select Inspection/Landing/Refresh' is clickable

2018-11-29 15:21:27 - [MESSAGE][PASSED] - Object 'Object Repository/FSM1/Select Inspection/Landing/Refresh' is clickable

2018-11-29 15:21:27 - [TEST_STEP][PASSED] - click(findTestObject("FSM1/Select Inspection/Landing/Refresh")): Object: 'Object Repository/FSM1/Select Inspection/Landing/Refresh' is clicked on

2018-11-29 15:21:28 - [MESSAGE][PASSED] - Object: 'Object Repository/FSM1/Select Inspection/Landing/Refresh' is clicked on

2018-11-29 15:21:28 - [TEST_STEP][PASSED] - waitForElementClickable(findTestObject("FSM1/Select Inspection/Landing/Refresh"), 250): Object 'Object Repository/FSM1/Select Inspection/Landing/Refresh' is clickable

2018-11-29 15:21:29 - [MESSAGE][PASSED] - Object 'Object Repository/FSM1/Select Inspection/Landing/Refresh' is clickable

2018-11-29 15:21:29 - [TEST_STEP][NOT_RUN] - delay(180): NOT_RUN: delay(180)

2018-11-29 15:21:29 - [MESSAGE][NOT_RUN] - NOT_RUN: delay(180)

2018-11-29 15:21:29 - [TEST_STEP][PASSED] - InspectionRef = modifyObjectProperty(findTestObject("FSM1/Select Inspection/Landing/Page_JClient/div_35098"), "text", "equals", temp, true, STOP_ON_FAILURE): Modify property of object successfully

2018-11-29 15:21:29 - [MESSAGE][PASSED] - Modify property of object successfully

2018-11-29 15:21:29 - [TEST_STEP][PASSED] - delay(20): Delayed 20 second(s)

2018-11-29 15:21:49 - [MESSAGE][PASSED] - Delayed 20 second(s)

2018-11-29 15:21:49 - [TEST_STEP][PASSED] - if (verifyElementPresent(InspectionRef, 30, OPTIONAL)): com.kms.katalon.core.webui.exception.WebElementNotFoundException: Web element with id: 'Object Repository/FSM1/Select Inspection/Landing/Page_JClient/div_35098' located by 'By.xpath: //div[(text() = '94175' or . = '94175')]' not found

2018-11-29 15:22:20 - [MESSAGE][INFO] - Unable to find the element located by 'By.xpath: //div[(text() = '94175' or . = '94175')]'. Please recheck the objects properties to make sure the desired element is located. 

2018-11-29 15:22:21 - [MESSAGE][WARNING] - com.kms.katalon.core.webui.exception.WebElementNotFoundException: Web element with id: 'Object Repository/FSM1/Select Inspection/Landing/Page_JClient/div_35098' located by 'By.xpath: //div[(text() = '94175' or . = '94175')]' not found
[[ATTACHMENT|C:\\Users\\JHATFIELD\\git\\DEFRA-FSM_Automated_Regression_NEW\\Reports\\ICW\\ICW Regression - 190\\20181129_121947\\1543504940006.png]]

2018-11-29 15:22:21 - [TEST_STEP][PASSED] - else: Object: 'Object Repository/FSM1/Select Inspection/Landing/Page_JClient/div_35098' is clicked on

2018-11-29 15:22:21 - [TEST_STEP][PASSED] - click(findTestObject("Object Repository/FSM1/Select Inspection/Landing/Page_JClient (1)/2 Days")): Object: 'Object Repository/FSM1/Select Inspection/Landing/Page_JClient (1)/2 Days' is clicked on

2018-11-29 15:22:21 - [MESSAGE][PASSED] - Object: 'Object Repository/FSM1/Select Inspection/Landing/Page_JClient (1)/2 Days' is clicked on

2018-11-29 15:22:21 - [TEST_STEP][PASSED] - delay(3): Delayed 3 second(s)

2018-11-29 15:22:24 - [MESSAGE][PASSED] - Delayed 3 second(s)

2018-11-29 15:22:24 - [TEST_STEP][PASSED] - click(InspectionRef): Object: 'Object Repository/FSM1/Select Inspection/Landing/Page_JClient/div_35098' is clicked on

2018-11-29 15:22:24 - [MESSAGE][PASSED] - Object: 'Object Repository/FSM1/Select Inspection/Landing/Page_JClient/div_35098' is clicked on

2018-11-29 15:22:24 - [TEST_STEP][PASSED] - click(findTestObject("FSM1/Select Inspection/Page_JClient/div_WITH OPERATIVE")): Object: 'Object Repository/FSM1/Select Inspection/Page_JClient/div_WITH OPERATIVE' is clicked on

2018-11-29 15:22:25 - [MESSAGE][PASSED] - Object: 'Object Repository/FSM1/Select Inspection/Page_JClient/div_WITH OPERATIVE' is clicked on

2018-11-29 15:22:25 - [TEST_STEP][PASSED] - delay(2): Delayed 2 second(s)

2018-11-29 15:22:27 - [MESSAGE][PASSED] - Delayed 2 second(s)

2018-11-29 15:22:27 - [TEST_STEP][PASSED] - click(findTestObject("FSM1/Select Inspection/Page_JClient/div_TRAVELLING")): Object: 'Object Repository/FSM1/Select Inspection/Page_JClient/div_TRAVELLING' is clicked on

2018-11-29 15:22:27 - [MESSAGE][PASSED] - Object: 'Object Repository/FSM1/Select Inspection/Page_JClient/div_TRAVELLING' is clicked on

2018-11-29 15:22:27 - [TEST_STEP][PASSED] - delay(2): Delayed 2 second(s)

2018-11-29 15:22:29 - [MESSAGE][PASSED] - Delayed 2 second(s)

2018-11-29 15:22:29 - [TEST_STEP][PASSED] - click(findTestObject("FSM1/Select Inspection/Page_JClient/div_TRAVELLING")): Object: 'Object Repository/FSM1/Select Inspection/Page_JClient/div_TRAVELLING' is clicked on

2018-11-29 15:22:29 - [MESSAGE][PASSED] - Object: 'Object Repository/FSM1/Select Inspection/Page_JClient/div_TRAVELLING' is clicked on

2018-11-29 15:22:29 - [TEST_STEP][PASSED] - delay(2): Delayed 2 second(s)

2018-11-29 15:22:31 - [MESSAGE][PASSED] - Delayed 2 second(s)

2018-11-29 15:22:31 - [TEST_STEP][PASSED] - click(findTestObject("FSM1/Select Inspection/Page_JClient/div_ARRIVED")): Object: 'Object Repository/FSM1/Select Inspection/Page_JClient/div_ARRIVED' is clicked on

2018-11-29 15:22:31 - [MESSAGE][PASSED] - Object: 'Object Repository/FSM1/Select Inspection/Page_JClient/div_ARRIVED' is clicked on

2018-11-29 15:22:31 - [TEST_STEP][PASSED] - delay(2): Delayed 2 second(s)

2018-11-29 15:22:33 - [MESSAGE][PASSED] - Delayed 2 second(s)

2018-11-29 15:22:33 - [TEST_STEP][PASSED] - click(findTestObject("FSM1/Select Inspection/Page_JClient/div_ARRIVED")): Object: 'Object Repository/FSM1/Select Inspection/Page_JClient/div_ARRIVED' is clicked on

2018-11-29 15:22:33 - [MESSAGE][PASSED] - Object: 'Object Repository/FSM1/Select Inspection/Page_JClient/div_ARRIVED' is clicked on

2018-11-29 15:22:33 - [TEST_STEP][PASSED] - delay(4): Delayed 4 second(s)

2018-11-29 15:22:37 - [MESSAGE][PASSED] - Delayed 4 second(s)

2018-11-29 15:22:37 - [TEST_STEP][PASSED] - click(findTestObject("FSM1/Select Inspection/Page_JClient/div_STARTED")): Object: 'Object Repository/FSM1/Select Inspection/Page_JClient/div_STARTED' is clicked on

2018-11-29 15:22:37 - [MESSAGE][PASSED] - Object: 'Object Repository/FSM1/Select Inspection/Page_JClient/div_STARTED' is clicked on

2018-11-29 15:22:37 - [TEST_STEP][PASSED] - delay(2): Delayed 2 second(s)

2018-11-29 15:22:39 - [MESSAGE][PASSED] - Delayed 2 second(s)]]></system-out>
         <system-err><![CDATA[]]></system-err>
      </testcase>
      <testcase name="Test Cases/ABP/ABPR37a/Complete ABP Inspection - Section A - 37, 190" classname="Test Cases/ABP/ABPR37a/Complete ABP Inspection - Section A - 37, 190" status="PASSED">
         <system-out><![CDATA[2018-11-29 15:22:39 - [TEST_CASE][PASSED] - Test Cases/ABP/ABPR37a/Complete ABP Inspection - Section A - 37, 190: Test Cases/ABP/ABPR37a/Complete ABP Inspection - Section A - 37, 190

2018-11-29 15:22:40 - [TEST_STEP][PASSED] - click(findTestObject("Object Repository/FSM1/Complete ABP Inspection/ABPR34a - Inspection B/ABPR34a - Section A/Page_JClient/div_Section A Summary of Inspe")): Object: 'Object Repository/FSM1/Complete ABP Inspection/ABPR34a - Inspection B/ABPR34a - Section A/Page_JClient/div_Section A Summary of Inspe' is clicked on

2018-11-29 15:22:40 - [MESSAGE][PASSED] - Object: 'Object Repository/FSM1/Complete ABP Inspection/ABPR34a - Inspection B/ABPR34a - Section A/Page_JClient/div_Section A Summary of Inspe' is clicked on

2018-11-29 15:22:40 - [TEST_STEP][PASSED] - delay(3): Delayed 3 second(s)

2018-11-29 15:22:43 - [MESSAGE][PASSED] - Delayed 3 second(s)

2018-11-29 15:22:43 - [TEST_STEP][PASSED] - click(findTestObject("Object Repository/FSM1/Complete ABP Inspection/ABPR34a - Inspection B/ABPR34a - Section A/Page_JClient/input_Yes_radio_group_1")): Object: 'Object Repository/FSM1/Complete ABP Inspection/ABPR34a - Inspection B/ABPR34a - Section A/Page_JClient/input_Yes_radio_group_1' is clicked on

2018-11-29 15:22:43 - [MESSAGE][PASSED] - Object: 'Object Repository/FSM1/Complete ABP Inspection/ABPR34a - Inspection B/ABPR34a - Section A/Page_JClient/input_Yes_radio_group_1' is clicked on

2018-11-29 15:22:43 - [TEST_STEP][PASSED] - click(findTestObject("Object Repository/FSM1/Complete ABP Inspection/ABPR34a - Inspection B/ABPR34a - Section A/Page_JClient/input_Yes_radio_group_2")): Object: 'Object Repository/FSM1/Complete ABP Inspection/ABPR34a - Inspection B/ABPR34a - Section A/Page_JClient/input_Yes_radio_group_2' is clicked on

2018-11-29 15:22:43 - [MESSAGE][PASSED] - Object: 'Object Repository/FSM1/Complete ABP Inspection/ABPR34a - Inspection B/ABPR34a - Section A/Page_JClient/input_Yes_radio_group_2' is clicked on

2018-11-29 15:22:43 - [TEST_STEP][PASSED] - click(findTestObject("Object Repository/FSM1/Complete ABP Inspection/ABPR34a - Inspection B/ABPR34a - Section A/Page_JClient/input_Yes_radio_group_3")): Object: 'Object Repository/FSM1/Complete ABP Inspection/ABPR34a - Inspection B/ABPR34a - Section A/Page_JClient/input_Yes_radio_group_3' is clicked on

2018-11-29 15:22:44 - [MESSAGE][PASSED] - Object: 'Object Repository/FSM1/Complete ABP Inspection/ABPR34a - Inspection B/ABPR34a - Section A/Page_JClient/input_Yes_radio_group_3' is clicked on

2018-11-29 15:22:44 - [TEST_STEP][PASSED] - click(findTestObject("Object Repository/FSM1/Complete ABP Inspection/ABPR34a - Inspection B/ABPR34a - Section A/Page_JClient/input_Yes_radio_group_4")): Object: 'Object Repository/FSM1/Complete ABP Inspection/ABPR34a - Inspection B/ABPR34a - Section A/Page_JClient/input_Yes_radio_group_4' is clicked on

2018-11-29 15:22:44 - [MESSAGE][PASSED] - Object: 'Object Repository/FSM1/Complete ABP Inspection/ABPR34a - Inspection B/ABPR34a - Section A/Page_JClient/input_Yes_radio_group_4' is clicked on

2018-11-29 15:22:44 - [TEST_STEP][PASSED] - click(findTestObject("Object Repository/FSM1/Complete ABP Inspection/ABPR34a - Inspection B/ABPR34a - Section A/Page_JClient/input_Yes_radio_group_5")): Object: 'Object Repository/FSM1/Complete ABP Inspection/ABPR34a - Inspection B/ABPR34a - Section A/Page_JClient/input_Yes_radio_group_5' is clicked on

2018-11-29 15:22:44 - [MESSAGE][PASSED] - Object: 'Object Repository/FSM1/Complete ABP Inspection/ABPR34a - Inspection B/ABPR34a - Section A/Page_JClient/input_Yes_radio_group_5' is clicked on

2018-11-29 15:22:44 - [TEST_STEP][PASSED] - selectOptionByValue(findTestObject("FSM1/Complete ABP Inspection/ABPR34a - Inspection B/ABPR34a - Section A/Page_JClient/Page_JClient/Operation"), "S", true): All options with value 'S' are selected in object 'Object Repository/FSM1/Complete ABP Inspection/ABPR34a - Inspection B/ABPR34a - Section A/Page_JClient/Page_JClient/Operation'  using regular expression

2018-11-29 15:22:44 - [MESSAGE][PASSED] - All options with value 'S' are selected in object 'Object Repository/FSM1/Complete ABP Inspection/ABPR34a - Inspection B/ABPR34a - Section A/Page_JClient/Page_JClient/Operation'  using regular expression

2018-11-29 15:22:44 - [TEST_STEP][PASSED] - selectOptionByValue(findTestObject("FSM1/Complete ABP Inspection/ABPR34a - Inspection B/ABPR34a - Section A/Page_JClient/Page_JClient/Records"), "S", true): All options with value 'S' are selected in object 'Object Repository/FSM1/Complete ABP Inspection/ABPR34a - Inspection B/ABPR34a - Section A/Page_JClient/Page_JClient/Records'  using regular expression

2018-11-29 15:22:45 - [MESSAGE][PASSED] - All options with value 'S' are selected in object 'Object Repository/FSM1/Complete ABP Inspection/ABPR34a - Inspection B/ABPR34a - Section A/Page_JClient/Page_JClient/Records'  using regular expression

2018-11-29 15:22:45 - [TEST_STEP][PASSED] - selectOptionByValue(findTestObject("FSM1/Complete ABP Inspection/ABPR34a - Inspection B/ABPR34a - Section A/Page_JClient/Page_JClient/Structure"), "S", true): All options with value 'S' are selected in object 'Object Repository/FSM1/Complete ABP Inspection/ABPR34a - Inspection B/ABPR34a - Section A/Page_JClient/Page_JClient/Structure'  using regular expression

2018-11-29 15:22:45 - [MESSAGE][PASSED] - All options with value 'S' are selected in object 'Object Repository/FSM1/Complete ABP Inspection/ABPR34a - Inspection B/ABPR34a - Section A/Page_JClient/Page_JClient/Structure'  using regular expression

2018-11-29 15:22:45 - [TEST_STEP][PASSED] - selectOptionByValue(findTestObject("FSM1/Complete ABP Inspection/ABPR34a - Inspection B/ABPR34a - Section A/Page_JClient/Page_JClient/SRM"), "S", true): All options with value 'S' are selected in object 'Object Repository/FSM1/Complete ABP Inspection/ABPR34a - Inspection B/ABPR34a - Section A/Page_JClient/Page_JClient/SRM'  using regular expression

2018-11-29 15:22:45 - [MESSAGE][PASSED] - All options with value 'S' are selected in object 'Object Repository/FSM1/Complete ABP Inspection/ABPR34a - Inspection B/ABPR34a - Section A/Page_JClient/Page_JClient/SRM'  using regular expression

2018-11-29 15:22:45 - [TEST_STEP][PASSED] - click(findTestObject("Object Repository/FSM1/Complete ABP Inspection/ABPR34a - Inspection B/ABPR34a - Section A/Page_JClient/input_Yes_radio_group_14")): Object: 'Object Repository/FSM1/Complete ABP Inspection/ABPR34a - Inspection B/ABPR34a - Section A/Page_JClient/input_Yes_radio_group_14' is clicked on

2018-11-29 15:22:45 - [MESSAGE][PASSED] - Object: 'Object Repository/FSM1/Complete ABP Inspection/ABPR34a - Inspection B/ABPR34a - Section A/Page_JClient/input_Yes_radio_group_14' is clicked on

2018-11-29 15:22:45 - [TEST_STEP][PASSED] - click(findTestObject("Object Repository/FSM1/Complete ABP Inspection/ABPR34a - Inspection B/ABPR34a - Section A/Page_JClient/input_Yes_radio_group_15")): Object: 'Object Repository/FSM1/Complete ABP Inspection/ABPR34a - Inspection B/ABPR34a - Section A/Page_JClient/input_Yes_radio_group_15' is clicked on

2018-11-29 15:22:46 - [MESSAGE][PASSED] - Object: 'Object Repository/FSM1/Complete ABP Inspection/ABPR34a - Inspection B/ABPR34a - Section A/Page_JClient/input_Yes_radio_group_15' is clicked on

2018-11-29 15:22:46 - [TEST_STEP][PASSED] - selectOptionByValue(findTestObject("Object Repository/FSM1/Complete ABP Inspection/ABPR34a - Inspection B/ABPR34a - Section A/Page_JClient/select_(a) Continue with curre"), "Continue with current approval", true): All options with value 'Continue with current approval' are selected in object 'Object Repository/FSM1/Complete ABP Inspection/ABPR34a - Inspection B/ABPR34a - Section A/Page_JClient/select_(a) Continue with curre'  using regular expression

2018-11-29 15:22:46 - [MESSAGE][PASSED] - All options with value 'Continue with current approval' are selected in object 'Object Repository/FSM1/Complete ABP Inspection/ABPR34a - Inspection B/ABPR34a - Section A/Page_JClient/select_(a) Continue with curre'  using regular expression

2018-11-29 15:22:46 - [TEST_STEP][PASSED] - click(findTestObject("Object Repository/FSM1/Complete ABP Inspection/ABPR34a - Inspection B/ABPR34a - Section A/Page_JClient/input_Yes_radio_group_16")): Object: 'Object Repository/FSM1/Complete ABP Inspection/ABPR34a - Inspection B/ABPR34a - Section A/Page_JClient/input_Yes_radio_group_16' is clicked on

2018-11-29 15:22:46 - [MESSAGE][PASSED] - Object: 'Object Repository/FSM1/Complete ABP Inspection/ABPR34a - Inspection B/ABPR34a - Section A/Page_JClient/input_Yes_radio_group_16' is clicked on

2018-11-29 15:22:46 - [TEST_STEP][PASSED] - click(findTestObject("Object Repository/FSM1/Complete ABP Inspection/ABPR34a - Inspection B/ABPR34a - Section A/Page_JClient/input_Yes_radio_group_17")): Object: 'Object Repository/FSM1/Complete ABP Inspection/ABPR34a - Inspection B/ABPR34a - Section A/Page_JClient/input_Yes_radio_group_17' is clicked on

2018-11-29 15:22:46 - [MESSAGE][PASSED] - Object: 'Object Repository/FSM1/Complete ABP Inspection/ABPR34a - Inspection B/ABPR34a - Section A/Page_JClient/input_Yes_radio_group_17' is clicked on

2018-11-29 15:22:46 - [TEST_STEP][PASSED] - click(findTestObject("Object Repository/FSM1/Complete ABP Inspection/ABPR34a - Inspection B/ABPR34a - Section A/Page_JClient/input_Yes_radio_group_18")): Object: 'Object Repository/FSM1/Complete ABP Inspection/ABPR34a - Inspection B/ABPR34a - Section A/Page_JClient/input_Yes_radio_group_18' is clicked on

2018-11-29 15:22:46 - [MESSAGE][PASSED] - Object: 'Object Repository/FSM1/Complete ABP Inspection/ABPR34a - Inspection B/ABPR34a - Section A/Page_JClient/input_Yes_radio_group_18' is clicked on

2018-11-29 15:22:46 - [TEST_STEP][PASSED] - click(findTestObject("Object Repository/Complete ABPR37 - Section B/Page_JClient/Page_JClient/input_Yes_radio_group_19")): Object: 'Object Repository/Complete ABPR37 - Section B/Page_JClient/Page_JClient/input_Yes_radio_group_19' is clicked on

2018-11-29 15:22:46 - [MESSAGE][PASSED] - Object: 'Object Repository/Complete ABPR37 - Section B/Page_JClient/Page_JClient/input_Yes_radio_group_19' is clicked on

2018-11-29 15:22:46 - [TEST_STEP][PASSED] - setText(findTestObject("Object Repository/FSM1/Complete ABP Inspection/ABPR34a - Inspection B/ABPR34a - Section A/Page_JClient/input_Chargeable time (minutes"), "10"): Text '10' is set on object 'Object Repository/FSM1/Complete ABP Inspection/ABPR34a - Inspection B/ABPR34a - Section A/Page_JClient/input_Chargeable time (minutes'

2018-11-29 15:22:47 - [MESSAGE][PASSED] - Text '10' is set on object 'Object Repository/FSM1/Complete ABP Inspection/ABPR34a - Inspection B/ABPR34a - Section A/Page_JClient/input_Chargeable time (minutes'

2018-11-29 15:22:47 - [TEST_STEP][PASSED] - click(findTestObject("Object Repository/FSM1/Complete ABP Inspection/ABPR34a - Inspection B/ABPR34a - Section A/Page_JClient/div_Save")): Object: 'Object Repository/FSM1/Complete ABP Inspection/ABPR34a - Inspection B/ABPR34a - Section A/Page_JClient/div_Save' is clicked on

2018-11-29 15:22:47 - [MESSAGE][PASSED] - Object: 'Object Repository/FSM1/Complete ABP Inspection/ABPR34a - Inspection B/ABPR34a - Section A/Page_JClient/div_Save' is clicked on]]></system-out>
         <system-err><![CDATA[]]></system-err>
      </testcase>
      <testcase name="Test Cases/ICW/AB190/Complete AB190 Inspection - Section B" classname="Test Cases/ICW/AB190/Complete AB190 Inspection - Section B" status="PASSED">
         <system-out><![CDATA[2018-11-29 15:22:47 - [TEST_CASE][PASSED] - Test Cases/ICW/AB190/Complete AB190 Inspection - Section B: Test Cases/ICW/AB190/Complete AB190 Inspection - Section B

2018-11-29 15:22:47 - [TEST_STEP][PASSED] - click(findTestObject("Object Repository/FSM1/Complete 190/Page_JClient/div_Section B Inspection Detai")): Object: 'Object Repository/FSM1/Complete 190/Page_JClient/div_Section B Inspection Detai' is clicked on

2018-11-29 15:22:48 - [MESSAGE][PASSED] - Object: 'Object Repository/FSM1/Complete 190/Page_JClient/div_Section B Inspection Detai' is clicked on

2018-11-29 15:22:48 - [TEST_STEP][PASSED] - delay(3): Delayed 3 second(s)

2018-11-29 15:22:51 - [MESSAGE][PASSED] - Delayed 3 second(s)

2018-11-29 15:22:51 - [TEST_STEP][PASSED] - setText(findTestObject("Object Repository/FSM1/Complete 190/Page_JClient/textarea_Airports serviced_gwt"), "Test automation"): Text 'Test automation' is set on object 'Object Repository/FSM1/Complete 190/Page_JClient/textarea_Airports serviced_gwt'

2018-11-29 15:22:51 - [MESSAGE][PASSED] - Text 'Test automation' is set on object 'Object Repository/FSM1/Complete 190/Page_JClient/textarea_Airports serviced_gwt'

2018-11-29 15:22:51 - [TEST_STEP][PASSED] - click(findTestObject("Object Repository/FSM1/Complete 190/Page_JClient/input_Airports serviced_radio_")): Object: 'Object Repository/FSM1/Complete 190/Page_JClient/input_Airports serviced_radio_' is clicked on

2018-11-29 15:22:51 - [MESSAGE][PASSED] - Object: 'Object Repository/FSM1/Complete 190/Page_JClient/input_Airports serviced_radio_' is clicked on

2018-11-29 15:22:51 - [TEST_STEP][PASSED] - click(findTestObject("Object Repository/FSM1/Complete 190/Page_JClient/input_No_radio_group_21")): Object: 'Object Repository/FSM1/Complete 190/Page_JClient/input_No_radio_group_21' is clicked on

2018-11-29 15:22:51 - [MESSAGE][PASSED] - Object: 'Object Repository/FSM1/Complete 190/Page_JClient/input_No_radio_group_21' is clicked on

2018-11-29 15:22:51 - [TEST_STEP][PASSED] - click(findTestObject("Object Repository/FSM1/Complete 190/Page_JClient/input_No_radio_group_22")): Object: 'Object Repository/FSM1/Complete 190/Page_JClient/input_No_radio_group_22' is clicked on

2018-11-29 15:22:52 - [MESSAGE][PASSED] - Object: 'Object Repository/FSM1/Complete 190/Page_JClient/input_No_radio_group_22' is clicked on

2018-11-29 15:22:52 - [TEST_STEP][PASSED] - click(findTestObject("Object Repository/FSM1/Complete 190/Page_JClient/input_Are there adequate proce")): Object: 'Object Repository/FSM1/Complete 190/Page_JClient/input_Are there adequate proce' is clicked on

2018-11-29 15:22:52 - [MESSAGE][PASSED] - Object: 'Object Repository/FSM1/Complete 190/Page_JClient/input_Are there adequate proce' is clicked on

2018-11-29 15:22:52 - [TEST_STEP][PASSED] - click(findTestObject("Object Repository/FSM1/Complete 190/Page_JClient/input_Premises_radio_group_24")): Object: 'Object Repository/FSM1/Complete 190/Page_JClient/input_Premises_radio_group_24' is clicked on

2018-11-29 15:22:52 - [MESSAGE][PASSED] - Object: 'Object Repository/FSM1/Complete 190/Page_JClient/input_Premises_radio_group_24' is clicked on

2018-11-29 15:22:52 - [TEST_STEP][PASSED] - click(findTestObject("Object Repository/FSM1/Complete 190/Page_JClient/input_No_radio_group_25")): Object: 'Object Repository/FSM1/Complete 190/Page_JClient/input_No_radio_group_25' is clicked on

2018-11-29 15:22:52 - [MESSAGE][PASSED] - Object: 'Object Repository/FSM1/Complete 190/Page_JClient/input_No_radio_group_25' is clicked on

2018-11-29 15:22:52 - [TEST_STEP][PASSED] - click(findTestObject("Object Repository/FSM1/Complete 190/Page_JClient/input_No_radio_group_26")): Object: 'Object Repository/FSM1/Complete 190/Page_JClient/input_No_radio_group_26' is clicked on

2018-11-29 15:22:52 - [MESSAGE][PASSED] - Object: 'Object Repository/FSM1/Complete 190/Page_JClient/input_No_radio_group_26' is clicked on

2018-11-29 15:22:52 - [TEST_STEP][PASSED] - click(findTestObject("Object Repository/FSM1/Complete 190/Page_JClient/input_NA_radio_group_27")): Object: 'Object Repository/FSM1/Complete 190/Page_JClient/input_NA_radio_group_27' is clicked on

2018-11-29 15:22:52 - [MESSAGE][PASSED] - Object: 'Object Repository/FSM1/Complete 190/Page_JClient/input_NA_radio_group_27' is clicked on

2018-11-29 15:22:52 - [TEST_STEP][PASSED] - click(findTestObject("Object Repository/FSM1/Complete 190/Page_JClient/input_Structure_radio_group_28")): Object: 'Object Repository/FSM1/Complete 190/Page_JClient/input_Structure_radio_group_28' is clicked on

2018-11-29 15:22:52 - [MESSAGE][PASSED] - Object: 'Object Repository/FSM1/Complete 190/Page_JClient/input_Structure_radio_group_28' is clicked on

2018-11-29 15:22:52 - [TEST_STEP][PASSED] - click(findTestObject("Object Repository/FSM1/Complete 190/Page_JClient/input_No_radio_group_29")): Object: 'Object Repository/FSM1/Complete 190/Page_JClient/input_No_radio_group_29' is clicked on

2018-11-29 15:22:53 - [MESSAGE][PASSED] - Object: 'Object Repository/FSM1/Complete 190/Page_JClient/input_No_radio_group_29' is clicked on

2018-11-29 15:22:53 - [TEST_STEP][PASSED] - click(findTestObject("Object Repository/FSM1/Complete 190/Page_JClient/input_No_radio_group_30")): Object: 'Object Repository/FSM1/Complete 190/Page_JClient/input_No_radio_group_30' is clicked on

2018-11-29 15:22:53 - [MESSAGE][PASSED] - Object: 'Object Repository/FSM1/Complete 190/Page_JClient/input_No_radio_group_30' is clicked on

2018-11-29 15:22:53 - [TEST_STEP][PASSED] - click(findTestObject("Object Repository/FSM1/Complete 190/Page_JClient/input_No_radio_group_31")): Object: 'Object Repository/FSM1/Complete 190/Page_JClient/input_No_radio_group_31' is clicked on

2018-11-29 15:22:53 - [MESSAGE][PASSED] - Object: 'Object Repository/FSM1/Complete 190/Page_JClient/input_No_radio_group_31' is clicked on

2018-11-29 15:22:53 - [TEST_STEP][PASSED] - click(findTestObject("Object Repository/FSM1/Complete 190/Page_JClient/input_No_radio_group_32")): Object: 'Object Repository/FSM1/Complete 190/Page_JClient/input_No_radio_group_32' is clicked on

2018-11-29 15:22:53 - [MESSAGE][PASSED] - Object: 'Object Repository/FSM1/Complete 190/Page_JClient/input_No_radio_group_32' is clicked on

2018-11-29 15:22:53 - [TEST_STEP][PASSED] - click(findTestObject("Object Repository/FSM1/Complete 190/Page_JClient/input_No_radio_group_33")): Object: 'Object Repository/FSM1/Complete 190/Page_JClient/input_No_radio_group_33' is clicked on

2018-11-29 15:22:53 - [MESSAGE][PASSED] - Object: 'Object Repository/FSM1/Complete 190/Page_JClient/input_No_radio_group_33' is clicked on

2018-11-29 15:22:53 - [TEST_STEP][PASSED] - click(findTestObject("Object Repository/FSM1/Complete 190/Page_JClient/input_No_radio_group_34")): Object: 'Object Repository/FSM1/Complete 190/Page_JClient/input_No_radio_group_34' is clicked on

2018-11-29 15:22:53 - [MESSAGE][PASSED] - Object: 'Object Repository/FSM1/Complete 190/Page_JClient/input_No_radio_group_34' is clicked on

2018-11-29 15:22:53 - [TEST_STEP][PASSED] - click(findTestObject("Object Repository/FSM1/Complete 190/Page_JClient/input_No_radio_group_35")): Object: 'Object Repository/FSM1/Complete 190/Page_JClient/input_No_radio_group_35' is clicked on

2018-11-29 15:22:54 - [MESSAGE][PASSED] - Object: 'Object Repository/FSM1/Complete 190/Page_JClient/input_No_radio_group_35' is clicked on

2018-11-29 15:22:54 - [TEST_STEP][PASSED] - click(findTestObject("Object Repository/FSM1/Complete 190/Page_JClient/input_No_radio_group_36")): Object: 'Object Repository/FSM1/Complete 190/Page_JClient/input_No_radio_group_36' is clicked on

2018-11-29 15:22:54 - [MESSAGE][PASSED] - Object: 'Object Repository/FSM1/Complete 190/Page_JClient/input_No_radio_group_36' is clicked on

2018-11-29 15:22:54 - [TEST_STEP][PASSED] - click(findTestObject("Object Repository/FSM1/Complete 190/Page_JClient/input_No_radio_group_37")): Object: 'Object Repository/FSM1/Complete 190/Page_JClient/input_No_radio_group_37' is clicked on

2018-11-29 15:22:54 - [MESSAGE][PASSED] - Object: 'Object Repository/FSM1/Complete 190/Page_JClient/input_No_radio_group_37' is clicked on

2018-11-29 15:22:54 - [TEST_STEP][PASSED] - click(findTestObject("Object Repository/FSM1/Complete 190/Page_JClient/input_No_radio_group_38")): Object: 'Object Repository/FSM1/Complete 190/Page_JClient/input_No_radio_group_38' is clicked on

2018-11-29 15:22:54 - [MESSAGE][PASSED] - Object: 'Object Repository/FSM1/Complete 190/Page_JClient/input_No_radio_group_38' is clicked on

2018-11-29 15:22:54 - [TEST_STEP][PASSED] - click(findTestObject("Object Repository/FSM1/Complete 190/Page_JClient/input_Storage_radio_group_39")): Object: 'Object Repository/FSM1/Complete 190/Page_JClient/input_Storage_radio_group_39' is clicked on

2018-11-29 15:22:54 - [MESSAGE][PASSED] - Object: 'Object Repository/FSM1/Complete 190/Page_JClient/input_Storage_radio_group_39' is clicked on

2018-11-29 15:22:54 - [TEST_STEP][PASSED] - click(findTestObject("Object Repository/FSM1/Complete 190/Page_JClient/input_No_radio_group_40")): Object: 'Object Repository/FSM1/Complete 190/Page_JClient/input_No_radio_group_40' is clicked on

2018-11-29 15:22:54 - [MESSAGE][PASSED] - Object: 'Object Repository/FSM1/Complete 190/Page_JClient/input_No_radio_group_40' is clicked on

2018-11-29 15:22:54 - [TEST_STEP][PASSED] - click(findTestObject("Object Repository/FSM1/Complete 190/Page_JClient/input_a. Are compactorsbins si")): Object: 'Object Repository/FSM1/Complete 190/Page_JClient/input_a. Are compactorsbins si' is clicked on

2018-11-29 15:22:54 - [MESSAGE][PASSED] - Object: 'Object Repository/FSM1/Complete 190/Page_JClient/input_a. Are compactorsbins si' is clicked on

2018-11-29 15:22:54 - [TEST_STEP][PASSED] - click(findTestObject("Object Repository/FSM1/Complete 190/Page_JClient/input_No_radio_group_42")): Object: 'Object Repository/FSM1/Complete 190/Page_JClient/input_No_radio_group_42' is clicked on

2018-11-29 15:22:55 - [MESSAGE][PASSED] - Object: 'Object Repository/FSM1/Complete 190/Page_JClient/input_No_radio_group_42' is clicked on

2018-11-29 15:22:55 - [TEST_STEP][PASSED] - click(findTestObject("Object Repository/FSM1/Complete 190/Page_JClient/input_No_radio_group_43")): Object: 'Object Repository/FSM1/Complete 190/Page_JClient/input_No_radio_group_43' is clicked on

2018-11-29 15:22:55 - [MESSAGE][PASSED] - Object: 'Object Repository/FSM1/Complete 190/Page_JClient/input_No_radio_group_43' is clicked on

2018-11-29 15:22:55 - [TEST_STEP][PASSED] - click(findTestObject("Object Repository/FSM1/Complete 190/Page_JClient/input_NA_radio_group_44")): Object: 'Object Repository/FSM1/Complete 190/Page_JClient/input_NA_radio_group_44' is clicked on

2018-11-29 15:22:55 - [MESSAGE][PASSED] - Object: 'Object Repository/FSM1/Complete 190/Page_JClient/input_NA_radio_group_44' is clicked on

2018-11-29 15:22:55 - [TEST_STEP][PASSED] - click(findTestObject("Object Repository/FSM1/Complete 190/Page_JClient/input_Cleaning_radio_group_45")): Object: 'Object Repository/FSM1/Complete 190/Page_JClient/input_Cleaning_radio_group_45' is clicked on

2018-11-29 15:22:55 - [MESSAGE][PASSED] - Object: 'Object Repository/FSM1/Complete 190/Page_JClient/input_Cleaning_radio_group_45' is clicked on

2018-11-29 15:22:55 - [TEST_STEP][PASSED] - click(findTestObject("Object Repository/FSM1/Complete 190/Page_JClient/input_concat(Plant  s Own Chec")): Object: 'Object Repository/FSM1/Complete 190/Page_JClient/input_concat(Plant  s Own Chec' is clicked on

2018-11-29 15:22:55 - [MESSAGE][PASSED] - Object: 'Object Repository/FSM1/Complete 190/Page_JClient/input_concat(Plant  s Own Chec' is clicked on

2018-11-29 15:22:55 - [TEST_STEP][PASSED] - click(findTestObject("Object Repository/FSM1/Complete 190/Page_JClient/input_NA_radio_group_47")): Object: 'Object Repository/FSM1/Complete 190/Page_JClient/input_NA_radio_group_47' is clicked on

2018-11-29 15:22:56 - [MESSAGE][PASSED] - Object: 'Object Repository/FSM1/Complete 190/Page_JClient/input_NA_radio_group_47' is clicked on

2018-11-29 15:22:56 - [TEST_STEP][PASSED] - click(findTestObject("Object Repository/FSM1/Complete 190/Page_JClient/input_NA_radio_group_48")): Object: 'Object Repository/FSM1/Complete 190/Page_JClient/input_NA_radio_group_48' is clicked on

2018-11-29 15:22:56 - [MESSAGE][PASSED] - Object: 'Object Repository/FSM1/Complete 190/Page_JClient/input_NA_radio_group_48' is clicked on

2018-11-29 15:22:56 - [TEST_STEP][PASSED] - click(findTestObject("Object Repository/FSM1/Complete 190/Page_JClient/input_No_radio_group_49")): Object: 'Object Repository/FSM1/Complete 190/Page_JClient/input_No_radio_group_49' is clicked on

2018-11-29 15:22:56 - [MESSAGE][PASSED] - Object: 'Object Repository/FSM1/Complete 190/Page_JClient/input_No_radio_group_49' is clicked on

2018-11-29 15:22:56 - [TEST_STEP][PASSED] - click(findTestObject("Object Repository/FSM1/Complete 190/Page_JClient/input_(b) Identify the CCPs at")): Object: 'Object Repository/FSM1/Complete 190/Page_JClient/input_(b) Identify the CCPs at' is clicked on

2018-11-29 15:22:56 - [MESSAGE][PASSED] - Object: 'Object Repository/FSM1/Complete 190/Page_JClient/input_(b) Identify the CCPs at' is clicked on

2018-11-29 15:22:56 - [TEST_STEP][PASSED] - click(findTestObject("Object Repository/FSM1/Complete 190/Page_JClient/input_(c) Establish critical l")): Object: 'Object Repository/FSM1/Complete 190/Page_JClient/input_(c) Establish critical l' is clicked on

2018-11-29 15:22:56 - [MESSAGE][PASSED] - Object: 'Object Repository/FSM1/Complete 190/Page_JClient/input_(c) Establish critical l' is clicked on

2018-11-29 15:22:56 - [TEST_STEP][PASSED] - click(findTestObject("Object Repository/FSM1/Complete 190/Page_JClient/input_(d) Establish procedures")): Object: 'Object Repository/FSM1/Complete 190/Page_JClient/input_(d) Establish procedures' is clicked on

2018-11-29 15:22:56 - [MESSAGE][PASSED] - Object: 'Object Repository/FSM1/Complete 190/Page_JClient/input_(d) Establish procedures' is clicked on

2018-11-29 15:22:56 - [TEST_STEP][PASSED] - click(findTestObject("Object Repository/FSM1/Complete 190/Page_JClient/input_(e) Establish corrective")): Object: 'Object Repository/FSM1/Complete 190/Page_JClient/input_(e) Establish corrective' is clicked on

2018-11-29 15:22:57 - [MESSAGE][PASSED] - Object: 'Object Repository/FSM1/Complete 190/Page_JClient/input_(e) Establish corrective' is clicked on

2018-11-29 15:22:57 - [TEST_STEP][PASSED] - click(findTestObject("Object Repository/FSM1/Complete 190/Page_JClient/input_(f) Establish procedures")): Object: 'Object Repository/FSM1/Complete 190/Page_JClient/input_(f) Establish procedures' is clicked on

2018-11-29 15:22:57 - [MESSAGE][PASSED] - Object: 'Object Repository/FSM1/Complete 190/Page_JClient/input_(f) Establish procedures' is clicked on

2018-11-29 15:22:57 - [TEST_STEP][PASSED] - click(findTestObject("Object Repository/FSM1/Complete 190/Page_JClient/input_NA_radio_group_55")): Object: 'Object Repository/FSM1/Complete 190/Page_JClient/input_NA_radio_group_55' is clicked on

2018-11-29 15:22:57 - [MESSAGE][PASSED] - Object: 'Object Repository/FSM1/Complete 190/Page_JClient/input_NA_radio_group_55' is clicked on

2018-11-29 15:22:57 - [TEST_STEP][PASSED] - click(findTestObject("Object Repository/FSM1/Complete 190/Page_JClient/input_Disposal_radio_group_56")): Object: 'Object Repository/FSM1/Complete 190/Page_JClient/input_Disposal_radio_group_56' is clicked on

2018-11-29 15:22:57 - [MESSAGE][PASSED] - Object: 'Object Repository/FSM1/Complete 190/Page_JClient/input_Disposal_radio_group_56' is clicked on

2018-11-29 15:22:57 - [TEST_STEP][PASSED] - click(findTestObject("Object Repository/FSM1/Complete 190/Page_JClient/input_No_radio_group_57")): Object: 'Object Repository/FSM1/Complete 190/Page_JClient/input_No_radio_group_57' is clicked on

2018-11-29 15:22:57 - [MESSAGE][PASSED] - Object: 'Object Repository/FSM1/Complete 190/Page_JClient/input_No_radio_group_57' is clicked on

2018-11-29 15:22:57 - [TEST_STEP][PASSED] - click(findTestObject("Object Repository/FSM1/Complete 190/Page_JClient/input_Collection and Transport")): Object: 'Object Repository/FSM1/Complete 190/Page_JClient/input_Collection and Transport' is clicked on

2018-11-29 15:22:57 - [MESSAGE][PASSED] - Object: 'Object Repository/FSM1/Complete 190/Page_JClient/input_Collection and Transport' is clicked on

2018-11-29 15:22:57 - [TEST_STEP][PASSED] - click(findTestObject("Object Repository/FSM1/Complete 190/Page_JClient/input_NA_radio_group_59")): Object: 'Object Repository/FSM1/Complete 190/Page_JClient/input_NA_radio_group_59' is clicked on

2018-11-29 15:22:57 - [MESSAGE][PASSED] - Object: 'Object Repository/FSM1/Complete 190/Page_JClient/input_NA_radio_group_59' is clicked on

2018-11-29 15:22:57 - [TEST_STEP][PASSED] - click(findTestObject("Object Repository/FSM1/Complete 190/Page_JClient/input_No_radio_group_60")): Object: 'Object Repository/FSM1/Complete 190/Page_JClient/input_No_radio_group_60' is clicked on

2018-11-29 15:22:58 - [MESSAGE][PASSED] - Object: 'Object Repository/FSM1/Complete 190/Page_JClient/input_No_radio_group_60' is clicked on

2018-11-29 15:22:58 - [TEST_STEP][PASSED] - click(findTestObject("Object Repository/FSM1/Complete 190/Page_JClient/input_provided that in the opi")): Object: 'Object Repository/FSM1/Complete 190/Page_JClient/input_provided that in the opi' is clicked on

2018-11-29 15:22:58 - [MESSAGE][PASSED] - Object: 'Object Repository/FSM1/Complete 190/Page_JClient/input_provided that in the opi' is clicked on

2018-11-29 15:22:58 - [TEST_STEP][PASSED] - click(findTestObject("Object Repository/FSM1/Complete 190/Page_JClient/input_Records_radio_group_62")): Object: 'Object Repository/FSM1/Complete 190/Page_JClient/input_Records_radio_group_62' is clicked on

2018-11-29 15:22:58 - [MESSAGE][PASSED] - Object: 'Object Repository/FSM1/Complete 190/Page_JClient/input_Records_radio_group_62' is clicked on

2018-11-29 15:22:58 - [TEST_STEP][PASSED] - click(findTestObject("Object Repository/FSM1/Complete 190/Page_JClient/input_If records have not been")): Object: 'Object Repository/FSM1/Complete 190/Page_JClient/input_If records have not been' is clicked on

2018-11-29 15:22:58 - [MESSAGE][PASSED] - Object: 'Object Repository/FSM1/Complete 190/Page_JClient/input_If records have not been' is clicked on

2018-11-29 15:22:58 - [TEST_STEP][PASSED] - click(findTestObject("Object Repository/FSM1/Complete 190/Page_JClient/input_No_radio_group_64")): Object: 'Object Repository/FSM1/Complete 190/Page_JClient/input_No_radio_group_64' is clicked on

2018-11-29 15:22:58 - [MESSAGE][PASSED] - Object: 'Object Repository/FSM1/Complete 190/Page_JClient/input_No_radio_group_64' is clicked on

2018-11-29 15:22:58 - [TEST_STEP][PASSED] - click(findTestObject("Object Repository/FSM1/Complete 190/Page_JClient/input_No_radio_group_65")): Object: 'Object Repository/FSM1/Complete 190/Page_JClient/input_No_radio_group_65' is clicked on

2018-11-29 15:22:58 - [MESSAGE][PASSED] - Object: 'Object Repository/FSM1/Complete 190/Page_JClient/input_No_radio_group_65' is clicked on

2018-11-29 15:22:58 - [TEST_STEP][PASSED] - click(findTestObject("Object Repository/FSM1/Complete 190/Page_JClient/input_No_radio_group_66")): Object: 'Object Repository/FSM1/Complete 190/Page_JClient/input_No_radio_group_66' is clicked on

2018-11-29 15:22:59 - [MESSAGE][PASSED] - Object: 'Object Repository/FSM1/Complete 190/Page_JClient/input_No_radio_group_66' is clicked on

2018-11-29 15:22:59 - [TEST_STEP][PASSED] - click(findTestObject("Object Repository/FSM1/Complete 190/Page_JClient/input_(b) ABP category of mate")): Object: 'Object Repository/FSM1/Complete 190/Page_JClient/input_(b) ABP category of mate' is clicked on

2018-11-29 15:22:59 - [MESSAGE][PASSED] - Object: 'Object Repository/FSM1/Complete 190/Page_JClient/input_(b) ABP category of mate' is clicked on

2018-11-29 15:22:59 - [TEST_STEP][PASSED] - click(findTestObject("Object Repository/FSM1/Complete 190/Page_JClient/input_(c) Volume materials (we")): Object: 'Object Repository/FSM1/Complete 190/Page_JClient/input_(c) Volume materials (we' is clicked on

2018-11-29 15:22:59 - [MESSAGE][PASSED] - Object: 'Object Repository/FSM1/Complete 190/Page_JClient/input_(c) Volume materials (we' is clicked on

2018-11-29 15:22:59 - [TEST_STEP][PASSED] - click(findTestObject("Object Repository/FSM1/Complete 190/Page_JClient/input_(d) Name and address of")): Object: 'Object Repository/FSM1/Complete 190/Page_JClient/input_(d) Name and address of' is clicked on

2018-11-29 15:22:59 - [MESSAGE][PASSED] - Object: 'Object Repository/FSM1/Complete 190/Page_JClient/input_(d) Name and address of' is clicked on

2018-11-29 15:22:59 - [TEST_STEP][PASSED] - click(findTestObject("Object Repository/FSM1/Complete 190/Page_JClient/input_(e) Name and address of")): Object: 'Object Repository/FSM1/Complete 190/Page_JClient/input_(e) Name and address of' is clicked on

2018-11-29 15:22:59 - [MESSAGE][PASSED] - Object: 'Object Repository/FSM1/Complete 190/Page_JClient/input_(e) Name and address of' is clicked on

2018-11-29 15:22:59 - [TEST_STEP][PASSED] - click(findTestObject("Object Repository/FSM1/Complete 190/Page_JClient/input_(f) Name and address of")): Object: 'Object Repository/FSM1/Complete 190/Page_JClient/input_(f) Name and address of' is clicked on

2018-11-29 15:22:59 - [MESSAGE][PASSED] - Object: 'Object Repository/FSM1/Complete 190/Page_JClient/input_(f) Name and address of' is clicked on

2018-11-29 15:22:59 - [TEST_STEP][PASSED] - click(findTestObject("Object Repository/FSM1/Complete 190/Page_JClient/input_(a) Back trace (complete")): Object: 'Object Repository/FSM1/Complete 190/Page_JClient/input_(a) Back trace (complete' is clicked on

2018-11-29 15:22:59 - [MESSAGE][PASSED] - Object: 'Object Repository/FSM1/Complete 190/Page_JClient/input_(a) Back trace (complete' is clicked on

2018-11-29 15:22:59 - [TEST_STEP][PASSED] - click(findTestObject("Object Repository/FSM1/Complete 190/Page_JClient/input_Yes_radio_group_73")): Object: 'Object Repository/FSM1/Complete 190/Page_JClient/input_Yes_radio_group_73' is clicked on

2018-11-29 15:23:00 - [MESSAGE][PASSED] - Object: 'Object Repository/FSM1/Complete 190/Page_JClient/input_Yes_radio_group_73' is clicked on

2018-11-29 15:23:00 - [TEST_STEP][PASSED] - click(findTestObject("Object Repository/FSM1/Complete 190/Page_JClient/input_(b) Forward trace (compl")): Object: 'Object Repository/FSM1/Complete 190/Page_JClient/input_(b) Forward trace (compl' is clicked on

2018-11-29 15:23:00 - [MESSAGE][PASSED] - Object: 'Object Repository/FSM1/Complete 190/Page_JClient/input_(b) Forward trace (compl' is clicked on

2018-11-29 15:23:00 - [TEST_STEP][PASSED] - click(findTestObject("Object Repository/FSM1/Complete 190/Page_JClient/input_Yes_radio_group_75")): Object: 'Object Repository/FSM1/Complete 190/Page_JClient/input_Yes_radio_group_75' is clicked on

2018-11-29 15:23:00 - [MESSAGE][PASSED] - Object: 'Object Repository/FSM1/Complete 190/Page_JClient/input_Yes_radio_group_75' is clicked on

2018-11-29 15:23:00 - [TEST_STEP][PASSED] - click(findTestObject("Object Repository/FSM1/Complete 190/Page_JClient/div_Save")): Object: 'Object Repository/FSM1/Complete 190/Page_JClient/div_Save' is clicked on

2018-11-29 15:23:00 - [MESSAGE][PASSED] - Object: 'Object Repository/FSM1/Complete 190/Page_JClient/div_Save' is clicked on]]></system-out>
         <system-err><![CDATA[]]></system-err>
      </testcase>
      <testcase name="Test Cases/ICW/Generic/Complete ICW Inspection - Section C - Visit Frequency" classname="Test Cases/ICW/Generic/Complete ICW Inspection - Section C - Visit Frequency" status="PASSED">
         <system-out><![CDATA[2018-11-29 15:23:00 - [TEST_CASE][PASSED] - Test Cases/ICW/Generic/Complete ICW Inspection - Section C - Visit Frequency: Test Cases/ICW/Generic/Complete ICW Inspection - Section C - Visit Frequency

2018-11-29 15:23:01 - [TEST_STEP][PASSED] - click(findTestObject("Object Repository/FSM1/Complete 190/Page_JClient/Page_JClient/div_Section C Visit Frequency")): Object: 'Object Repository/FSM1/Complete 190/Page_JClient/Page_JClient/div_Section C Visit Frequency' is clicked on

2018-11-29 15:23:01 - [MESSAGE][PASSED] - Object: 'Object Repository/FSM1/Complete 190/Page_JClient/Page_JClient/div_Section C Visit Frequency' is clicked on

2018-11-29 15:23:01 - [TEST_STEP][PASSED] - delay(2): Delayed 2 second(s)

2018-11-29 15:23:03 - [MESSAGE][PASSED] - Delayed 2 second(s)

2018-11-29 15:23:03 - [TEST_STEP][PASSED] - selectOptionByValue(findTestObject("Object Repository/FSM1/Complete 190/Page_JClient/Page_JClient/select_AnnuallyQuarterly6 mont"), "6 Monthly", true): All options with value '6 Monthly' are selected in object 'Object Repository/FSM1/Complete 190/Page_JClient/Page_JClient/select_AnnuallyQuarterly6 mont'  using regular expression

2018-11-29 15:23:03 - [MESSAGE][PASSED] - All options with value '6 Monthly' are selected in object 'Object Repository/FSM1/Complete 190/Page_JClient/Page_JClient/select_AnnuallyQuarterly6 mont'  using regular expression

2018-11-29 15:23:03 - [TEST_STEP][PASSED] - click(findTestObject("Object Repository/FSM1/Complete 190/Page_JClient/Page_JClient/div_Save")): Object: 'Object Repository/FSM1/Complete 190/Page_JClient/Page_JClient/div_Save' is clicked on

2018-11-29 15:23:03 - [MESSAGE][PASSED] - Object: 'Object Repository/FSM1/Complete 190/Page_JClient/Page_JClient/div_Save' is clicked on]]></system-out>
         <system-err><![CDATA[]]></system-err>
      </testcase>
      <testcase name="Test Cases/ABP/Generic/Complete ABP Inspection - ABPR17 Backward Trace - Not Completed" classname="Test Cases/ABP/Generic/Complete ABP Inspection - ABPR17 Backward Trace - Not Completed" status="PASSED">
         <system-out><![CDATA[2018-11-29 15:23:03 - [TEST_CASE][PASSED] - Test Cases/ABP/Generic/Complete ABP Inspection - ABPR17 Backward Trace - Not Completed: Test Cases/ABP/Generic/Complete ABP Inspection - ABPR17 Backward Trace - Not Completed

2018-11-29 15:23:04 - [TEST_STEP][PASSED] - delay(3): Delayed 3 second(s)

2018-11-29 15:23:07 - [MESSAGE][PASSED] - Delayed 3 second(s)

2018-11-29 15:23:07 - [TEST_STEP][PASSED] - click(findTestObject("FSM1/Complete ABP Inspection/ABPR17 Backward Trace/Page_JClient/div_ABPR17 - Backward Trace1")): Object: 'Object Repository/FSM1/Complete ABP Inspection/ABPR17 Backward Trace/Page_JClient/div_ABPR17 - Backward Trace1' is clicked on

2018-11-29 15:23:07 - [MESSAGE][PASSED] - Object: 'Object Repository/FSM1/Complete ABP Inspection/ABPR17 Backward Trace/Page_JClient/div_ABPR17 - Backward Trace1' is clicked on

2018-11-29 15:23:07 - [TEST_STEP][PASSED] - delay(2): Delayed 2 second(s)

2018-11-29 15:23:09 - [MESSAGE][PASSED] - Delayed 2 second(s)

2018-11-29 15:23:09 - [TEST_STEP][PASSED] - click(findTestObject("Object Repository/FSM1/Complete ABP Inspection/ABPR17 Backward Trace/Page_JClient/div_Create_GKH2EKQBDXB GKH2EKQ")): Object: 'Object Repository/FSM1/Complete ABP Inspection/ABPR17 Backward Trace/Page_JClient/div_Create_GKH2EKQBDXB GKH2EKQ' is clicked on

2018-11-29 15:23:09 - [MESSAGE][PASSED] - Object: 'Object Repository/FSM1/Complete ABP Inspection/ABPR17 Backward Trace/Page_JClient/div_Create_GKH2EKQBDXB GKH2EKQ' is clicked on

2018-11-29 15:23:09 - [TEST_STEP][PASSED] - delay(2): Delayed 2 second(s)

2018-11-29 15:23:11 - [MESSAGE][PASSED] - Delayed 2 second(s)

2018-11-29 15:23:11 - [TEST_STEP][PASSED] - click(findTestObject("Object Repository/FSM1/Complete ABP Inspection/ABPR17 Backward Trace/Page_JClient/input_Is this inspection at th")): Object: 'Object Repository/FSM1/Complete ABP Inspection/ABPR17 Backward Trace/Page_JClient/input_Is this inspection at th' is clicked on

2018-11-29 15:23:12 - [MESSAGE][PASSED] - Object: 'Object Repository/FSM1/Complete ABP Inspection/ABPR17 Backward Trace/Page_JClient/input_Is this inspection at th' is clicked on

2018-11-29 15:23:12 - [TEST_STEP][PASSED] - verifyElementPresent(findTestObject("FSM1/Release22/Page_JClient/div_Name of Operator_17"), 2): Object 'Object Repository/FSM1/Release22/Page_JClient/div_Name of Operator_17' is present

2018-11-29 15:23:12 - [MESSAGE][PASSED] - Object 'Object Repository/FSM1/Release22/Page_JClient/div_Name of Operator_17' is present

2018-11-29 15:23:12 - [TEST_STEP][PASSED] - verifyElementPresent(findTestObject("FSM1/Release22/Page_JClient/div_Name of Operator_17_1"), 2): Object 'Object Repository/FSM1/Release22/Page_JClient/div_Name of Operator_17_1' is present

2018-11-29 15:23:12 - [MESSAGE][PASSED] - Object 'Object Repository/FSM1/Release22/Page_JClient/div_Name of Operator_17_1' is present

2018-11-29 15:23:12 - [TEST_STEP][PASSED] - setText(findTestObject("Object Repository/FSM1/Complete ABP Inspection/ABPR17 Backward Trace/Page_JClient/input_Approval Number_gwt-Text"), "1234"): Text '1234' is set on object 'Object Repository/FSM1/Complete ABP Inspection/ABPR17 Backward Trace/Page_JClient/input_Approval Number_gwt-Text'

2018-11-29 15:23:12 - [MESSAGE][PASSED] - Text '1234' is set on object 'Object Repository/FSM1/Complete ABP Inspection/ABPR17 Backward Trace/Page_JClient/input_Approval Number_gwt-Text'

2018-11-29 15:23:12 - [TEST_STEP][PASSED] - setText(findTestObject("Object Repository/FSM1/Complete ABP Inspection/ABPR17 Backward Trace/Page_JClient/input_Premises Type_gwt-TextBo"), "Test automation"): Text 'Test automation' is set on object 'Object Repository/FSM1/Complete ABP Inspection/ABPR17 Backward Trace/Page_JClient/input_Premises Type_gwt-TextBo'

2018-11-29 15:23:12 - [MESSAGE][PASSED] - Text 'Test automation' is set on object 'Object Repository/FSM1/Complete ABP Inspection/ABPR17 Backward Trace/Page_JClient/input_Premises Type_gwt-TextBo'

2018-11-29 15:23:12 - [TEST_STEP][PASSED] - setText(findTestObject("FSM1/Complete ABP Inspection/ABPR17 Backward Trace/Page_JClient/input_Name of Operator_gwt-Tex"), "Test automation"): Text 'Test automation' is set on object 'Object Repository/FSM1/Complete ABP Inspection/ABPR17 Backward Trace/Page_JClient/input_Name of Operator_gwt-Tex'

2018-11-29 15:23:12 - [MESSAGE][PASSED] - Text 'Test automation' is set on object 'Object Repository/FSM1/Complete ABP Inspection/ABPR17 Backward Trace/Page_JClient/input_Name of Operator_gwt-Tex'

2018-11-29 15:23:12 - [TEST_STEP][PASSED] - setText(findTestObject("Object Repository/FSM1/Complete ABP Inspection/ABPR17 Backward Trace/Page_JClient/textarea_Address of premises_g"), "Test automation"): Text 'Test automation' is set on object 'Object Repository/FSM1/Complete ABP Inspection/ABPR17 Backward Trace/Page_JClient/textarea_Address of premises_g'

2018-11-29 15:23:13 - [MESSAGE][PASSED] - Text 'Test automation' is set on object 'Object Repository/FSM1/Complete ABP Inspection/ABPR17 Backward Trace/Page_JClient/textarea_Address of premises_g'

2018-11-29 15:23:13 - [TEST_STEP][PASSED] - setText(findTestObject("Object Repository/FSM1/Complete ABP Inspection/ABPR17 Backward Trace/Page_JClient/input_Postcode_gwt-TextBox GKH"), "WR5 2NB"): Text 'WR5 2NB' is set on object 'Object Repository/FSM1/Complete ABP Inspection/ABPR17 Backward Trace/Page_JClient/input_Postcode_gwt-TextBox GKH'

2018-11-29 15:23:13 - [MESSAGE][PASSED] - Text 'WR5 2NB' is set on object 'Object Repository/FSM1/Complete ABP Inspection/ABPR17 Backward Trace/Page_JClient/input_Postcode_gwt-TextBox GKH'

2018-11-29 15:23:13 - [TEST_STEP][PASSED] - setText(findTestObject("Object Repository/FSM1/Complete ABP Inspection/ABPR17 Backward Trace/Page_JClient/input_Email_gwt-TextBox GKH2EK"), "test@gmail.com"): Text 'test@gmail.com' is set on object 'Object Repository/FSM1/Complete ABP Inspection/ABPR17 Backward Trace/Page_JClient/input_Email_gwt-TextBox GKH2EK'

2018-11-29 15:23:13 - [MESSAGE][PASSED] - Text 'test@gmail.com' is set on object 'Object Repository/FSM1/Complete ABP Inspection/ABPR17 Backward Trace/Page_JClient/input_Email_gwt-TextBox GKH2EK'

2018-11-29 15:23:13 - [TEST_STEP][PASSED] - setText(findTestObject("Object Repository/FSM1/Complete ABP Inspection/ABPR17 Backward Trace/Page_JClient/input_Approval number (if appl"), "1234"): Text '1234' is set on object 'Object Repository/FSM1/Complete ABP Inspection/ABPR17 Backward Trace/Page_JClient/input_Approval number (if appl'

2018-11-29 15:23:14 - [MESSAGE][PASSED] - Text '1234' is set on object 'Object Repository/FSM1/Complete ABP Inspection/ABPR17 Backward Trace/Page_JClient/input_Approval number (if appl'

2018-11-29 15:23:14 - [TEST_STEP][PASSED] - selectOptionByValue(findTestObject("Object Repository/FSM1/Complete ABP Inspection/ABPR17 Backward Trace/Page_JClient/select_NorthScotlandSouthernWa"), "North", true): All options with value 'North' are selected in object 'Object Repository/FSM1/Complete ABP Inspection/ABPR17 Backward Trace/Page_JClient/select_NorthScotlandSouthernWa'  using regular expression

2018-11-29 15:23:14 - [MESSAGE][PASSED] - All options with value 'North' are selected in object 'Object Repository/FSM1/Complete ABP Inspection/ABPR17 Backward Trace/Page_JClient/select_NorthScotlandSouthernWa'  using regular expression

2018-11-29 15:23:14 - [TEST_STEP][PASSED] - setText(findTestObject("Object Repository/FSM1/Complete ABP Inspection/ABPR17 Backward Trace/Page_JClient/input_Name of haulier_gwt-Text"), "Test automation"): Text 'Test automation' is set on object 'Object Repository/FSM1/Complete ABP Inspection/ABPR17 Backward Trace/Page_JClient/input_Name of haulier_gwt-Text'

2018-11-29 15:23:14 - [MESSAGE][PASSED] - Text 'Test automation' is set on object 'Object Repository/FSM1/Complete ABP Inspection/ABPR17 Backward Trace/Page_JClient/input_Name of haulier_gwt-Text'

2018-11-29 15:23:14 - [TEST_STEP][PASSED] - setText(findTestObject("Object Repository/FSM1/Complete ABP Inspection/ABPR17 Backward Trace/Page_JClient/textarea_Address of haulier_gw"), "Test automation"): Text 'Test automation' is set on object 'Object Repository/FSM1/Complete ABP Inspection/ABPR17 Backward Trace/Page_JClient/textarea_Address of haulier_gw'

2018-11-29 15:23:15 - [MESSAGE][PASSED] - Text 'Test automation' is set on object 'Object Repository/FSM1/Complete ABP Inspection/ABPR17 Backward Trace/Page_JClient/textarea_Address of haulier_gw'

2018-11-29 15:23:15 - [TEST_STEP][PASSED] - delay(2): Delayed 2 second(s)

2018-11-29 15:23:17 - [MESSAGE][PASSED] - Delayed 2 second(s)

2018-11-29 15:23:17 - [TEST_STEP][PASSED] - setText(findTestObject("FSM1/Complete ABP Inspection/ABPR17 Backward Trace/Page_JClient/Postcode"), "RN2 3WE"): Text 'RN2 3WE' is set on object 'Object Repository/FSM1/Complete ABP Inspection/ABPR17 Backward Trace/Page_JClient/Postcode'

2018-11-29 15:23:17 - [MESSAGE][PASSED] - Text 'RN2 3WE' is set on object 'Object Repository/FSM1/Complete ABP Inspection/ABPR17 Backward Trace/Page_JClient/Postcode'

2018-11-29 15:23:17 - [TEST_STEP][PASSED] - setText(findTestObject("Object Repository/FSM1/Complete ABP Inspection/ABPR17 Backward Trace/Page_JClient/input_Registration number (if"), "9876"): Text '9876' is set on object 'Object Repository/FSM1/Complete ABP Inspection/ABPR17 Backward Trace/Page_JClient/input_Registration number (if'

2018-11-29 15:23:17 - [MESSAGE][PASSED] - Text '9876' is set on object 'Object Repository/FSM1/Complete ABP Inspection/ABPR17 Backward Trace/Page_JClient/input_Registration number (if'

2018-11-29 15:23:17 - [TEST_STEP][PASSED] - setText(findTestObject("Object Repository/FSM1/Complete ABP Inspection/ABPR17 Backward Trace/Page_JClient/input_Reference No. of CD or o"), "112233"): Text '112233' is set on object 'Object Repository/FSM1/Complete ABP Inspection/ABPR17 Backward Trace/Page_JClient/input_Reference No. of CD or o'

2018-11-29 15:23:17 - [MESSAGE][PASSED] - Text '112233' is set on object 'Object Repository/FSM1/Complete ABP Inspection/ABPR17 Backward Trace/Page_JClient/input_Reference No. of CD or o'

2018-11-29 15:23:17 - [TEST_STEP][PASSED] - setText(findTestObject("Object Repository/FSM1/Complete ABP Inspection/ABPR17 Backward Trace/Page_JClient/textarea_Description of materi"), "Test automation"): Text 'Test automation' is set on object 'Object Repository/FSM1/Complete ABP Inspection/ABPR17 Backward Trace/Page_JClient/textarea_Description of materi'

2018-11-29 15:23:18 - [MESSAGE][PASSED] - Text 'Test automation' is set on object 'Object Repository/FSM1/Complete ABP Inspection/ABPR17 Backward Trace/Page_JClient/textarea_Description of materi'

2018-11-29 15:23:18 - [TEST_STEP][PASSED] - selectOptionByValue(findTestObject("Object Repository/FSM1/Complete ABP Inspection/ABPR17 Backward Trace/Page_JClient/select_NACattleDeerFishGoatsPi"), "Fish", true): All options with value 'Fish' are selected in object 'Object Repository/FSM1/Complete ABP Inspection/ABPR17 Backward Trace/Page_JClient/select_NACattleDeerFishGoatsPi'  using regular expression

2018-11-29 15:23:18 - [MESSAGE][PASSED] - All options with value 'Fish' are selected in object 'Object Repository/FSM1/Complete ABP Inspection/ABPR17 Backward Trace/Page_JClient/select_NACattleDeerFishGoatsPi'  using regular expression

2018-11-29 15:23:18 - [TEST_STEP][PASSED] - setText(findTestObject("Object Repository/FSM1/Complete ABP Inspection/ABPR17 Backward Trace/Page_JClient/input_Category_gwt-TextBox GKH"), "Test automation"): Text 'Test automation' is set on object 'Object Repository/FSM1/Complete ABP Inspection/ABPR17 Backward Trace/Page_JClient/input_Category_gwt-TextBox GKH'

2018-11-29 15:23:18 - [MESSAGE][PASSED] - Text 'Test automation' is set on object 'Object Repository/FSM1/Complete ABP Inspection/ABPR17 Backward Trace/Page_JClient/input_Category_gwt-TextBox GKH'

2018-11-29 15:23:19 - [TEST_STEP][PASSED] - setText(findTestObject("Object Repository/FSM1/Complete ABP Inspection/ABPR17 Backward Trace/Page_JClient/input_Quantity_gwt-TextBox GKH"), "100"): Text '100' is set on object 'Object Repository/FSM1/Complete ABP Inspection/ABPR17 Backward Trace/Page_JClient/input_Quantity_gwt-TextBox GKH'

2018-11-29 15:23:19 - [MESSAGE][PASSED] - Text '100' is set on object 'Object Repository/FSM1/Complete ABP Inspection/ABPR17 Backward Trace/Page_JClient/input_Quantity_gwt-TextBox GKH'

2018-11-29 15:23:19 - [TEST_STEP][PASSED] - setText(findTestObject("Object Repository/FSM1/Complete ABP Inspection/ABPR17 Backward Trace/Page_JClient/textarea_Any other relevant in"), "Test automation"): Text 'Test automation' is set on object 'Object Repository/FSM1/Complete ABP Inspection/ABPR17 Backward Trace/Page_JClient/textarea_Any other relevant in'

2018-11-29 15:23:19 - [MESSAGE][PASSED] - Text 'Test automation' is set on object 'Object Repository/FSM1/Complete ABP Inspection/ABPR17 Backward Trace/Page_JClient/textarea_Any other relevant in'

2018-11-29 15:23:19 - [TEST_STEP][PASSED] - click(findTestObject("Object Repository/FSM1/Complete ABP Inspection/ABPR17 Backward Trace/Page_JClient/input_Yes_radio_group_56")): Object: 'Object Repository/FSM1/Complete ABP Inspection/ABPR17 Backward Trace/Page_JClient/input_Yes_radio_group_56' is clicked on

2018-11-29 15:23:19 - [MESSAGE][PASSED] - Object: 'Object Repository/FSM1/Complete ABP Inspection/ABPR17 Backward Trace/Page_JClient/input_Yes_radio_group_56' is clicked on

2018-11-29 15:23:19 - [TEST_STEP][PASSED] - click(findTestObject("Object Repository/FSM1/Complete ABP Inspection/ABPR17 Backward Trace/Page_JClient/input_Yes_radio_group_57")): Object: 'Object Repository/FSM1/Complete ABP Inspection/ABPR17 Backward Trace/Page_JClient/input_Yes_radio_group_57' is clicked on

2018-11-29 15:23:19 - [MESSAGE][PASSED] - Object: 'Object Repository/FSM1/Complete ABP Inspection/ABPR17 Backward Trace/Page_JClient/input_Yes_radio_group_57' is clicked on

2018-11-29 15:23:19 - [TEST_STEP][PASSED] - delay(1): Delayed 1 second(s)

2018-11-29 15:23:20 - [MESSAGE][PASSED] - Delayed 1 second(s)

2018-11-29 15:23:20 - [TEST_STEP][PASSED] - mydate = new java.util.Date(): null

2018-11-29 15:23:20 - [TEST_STEP][PASSED] - formattedDate = mydate.format("MM/dd/yyy"): null

2018-11-29 15:23:20 - [TEST_STEP][PASSED] - sendKeys(findTestObject("FSM1/Complete ABP Inspection/ABPR17 Backward Trace/Page_JClient/DateofDespatch"), formattedDate): Keys '11/29/2018' sent to object: 'Object Repository/FSM1/Complete ABP Inspection/ABPR17 Backward Trace/Page_JClient/DateofDespatch'

2018-11-29 15:23:21 - [MESSAGE][PASSED] - Keys '11/29/2018' sent to object: 'Object Repository/FSM1/Complete ABP Inspection/ABPR17 Backward Trace/Page_JClient/DateofDespatch'

2018-11-29 15:23:21 - [TEST_STEP][PASSED] - click(findTestObject("FSM1/Complete ABP Inspection/ABPR17 Backward Trace/Page_JClient/div_Save1")): Object: 'Object Repository/FSM1/Complete ABP Inspection/ABPR17 Backward Trace/Page_JClient/div_Save1' is clicked on

2018-11-29 15:23:21 - [MESSAGE][PASSED] - Object: 'Object Repository/FSM1/Complete ABP Inspection/ABPR17 Backward Trace/Page_JClient/div_Save1' is clicked on]]></system-out>
         <system-err><![CDATA[]]></system-err>
      </testcase>
      <testcase name="Test Cases/ABP/Generic/Complete ABP Inspection - ABPR18 Forward Trace - Not Completed" classname="Test Cases/ABP/Generic/Complete ABP Inspection - ABPR18 Forward Trace - Not Completed" status="PASSED">
         <system-out><![CDATA[2018-11-29 15:23:21 - [TEST_CASE][PASSED] - Test Cases/ABP/Generic/Complete ABP Inspection - ABPR18 Forward Trace - Not Completed: Test Cases/ABP/Generic/Complete ABP Inspection - ABPR18 Forward Trace - Not Completed

2018-11-29 15:23:21 - [TEST_STEP][PASSED] - delay(2): Delayed 2 second(s)

2018-11-29 15:23:23 - [MESSAGE][PASSED] - Delayed 2 second(s)

2018-11-29 15:23:23 - [TEST_STEP][PASSED] - click(findTestObject("FSM1/Complete ABP Inspection/ABP18 Forward Trace/Page_JClient/div_ABPR18 - Forward Trace1")): Object: 'Object Repository/FSM1/Complete ABP Inspection/ABP18 Forward Trace/Page_JClient/div_ABPR18 - Forward Trace1' is clicked on

2018-11-29 15:23:23 - [MESSAGE][PASSED] - Object: 'Object Repository/FSM1/Complete ABP Inspection/ABP18 Forward Trace/Page_JClient/div_ABPR18 - Forward Trace1' is clicked on

2018-11-29 15:23:23 - [TEST_STEP][PASSED] - delay(2): Delayed 2 second(s)

2018-11-29 15:23:25 - [MESSAGE][PASSED] - Delayed 2 second(s)

2018-11-29 15:23:25 - [TEST_STEP][PASSED] - click(findTestObject("Object Repository/FSM1/Complete ABP Inspection/ABP18 Forward Trace/Page_JClient/div_Create_GKH2EKQBDXB GKH2EKQ")): Object: 'Object Repository/FSM1/Complete ABP Inspection/ABP18 Forward Trace/Page_JClient/div_Create_GKH2EKQBDXB GKH2EKQ' is clicked on

2018-11-29 15:23:26 - [MESSAGE][PASSED] - Object: 'Object Repository/FSM1/Complete ABP Inspection/ABP18 Forward Trace/Page_JClient/div_Create_GKH2EKQBDXB GKH2EKQ' is clicked on

2018-11-29 15:23:26 - [TEST_STEP][PASSED] - delay(2): Delayed 2 second(s)

2018-11-29 15:23:28 - [MESSAGE][PASSED] - Delayed 2 second(s)

2018-11-29 15:23:28 - [TEST_STEP][PASSED] - verifyElementPresent(findTestObject("FSM1/Release22/Page_JClient/div_Name of Operator_18"), 2): Object 'Object Repository/FSM1/Release22/Page_JClient/div_Name of Operator_18' is present

2018-11-29 15:23:28 - [MESSAGE][PASSED] - Object 'Object Repository/FSM1/Release22/Page_JClient/div_Name of Operator_18' is present

2018-11-29 15:23:28 - [TEST_STEP][PASSED] - verifyElementPresent(findTestObject("FSM1/Release22/Page_JClient/div_Name of Operator_18_1"), 2): Object 'Object Repository/FSM1/Release22/Page_JClient/div_Name of Operator_18_1' is present

2018-11-29 15:23:28 - [MESSAGE][PASSED] - Object 'Object Repository/FSM1/Release22/Page_JClient/div_Name of Operator_18_1' is present

2018-11-29 15:23:28 - [TEST_STEP][PASSED] - click(findTestObject("Object Repository/FSM1/Complete ABP Inspection/ABP18 Forward Trace/Page_JClient/input_Is this inspection at th")): Object: 'Object Repository/FSM1/Complete ABP Inspection/ABP18 Forward Trace/Page_JClient/input_Is this inspection at th' is clicked on

2018-11-29 15:23:28 - [MESSAGE][PASSED] - Object: 'Object Repository/FSM1/Complete ABP Inspection/ABP18 Forward Trace/Page_JClient/input_Is this inspection at th' is clicked on

2018-11-29 15:23:28 - [TEST_STEP][PASSED] - setText(findTestObject("Object Repository/FSM1/Complete ABP Inspection/ABP18 Forward Trace/Page_JClient/input_Approval Number_gwt-Text"), "123"): Text '123' is set on object 'Object Repository/FSM1/Complete ABP Inspection/ABP18 Forward Trace/Page_JClient/input_Approval Number_gwt-Text'

2018-11-29 15:23:28 - [MESSAGE][PASSED] - Text '123' is set on object 'Object Repository/FSM1/Complete ABP Inspection/ABP18 Forward Trace/Page_JClient/input_Approval Number_gwt-Text'

2018-11-29 15:23:28 - [TEST_STEP][PASSED] - setText(findTestObject("Object Repository/FSM1/Complete ABP Inspection/ABP18 Forward Trace/Page_JClient/input_Premises Type_gwt-TextBo"), "Test automation"): Text 'Test automation' is set on object 'Object Repository/FSM1/Complete ABP Inspection/ABP18 Forward Trace/Page_JClient/input_Premises Type_gwt-TextBo'

2018-11-29 15:23:28 - [MESSAGE][PASSED] - Text 'Test automation' is set on object 'Object Repository/FSM1/Complete ABP Inspection/ABP18 Forward Trace/Page_JClient/input_Premises Type_gwt-TextBo'

2018-11-29 15:23:28 - [TEST_STEP][PASSED] - setText(findTestObject("FSM1/Complete ABP Inspection/ABP18 Forward Trace/Page_JClient/input_Name of Operator_gwt-Tex"), "Test automation"): Text 'Test automation' is set on object 'Object Repository/FSM1/Complete ABP Inspection/ABP18 Forward Trace/Page_JClient/input_Name of Operator_gwt-Tex'

2018-11-29 15:23:29 - [MESSAGE][PASSED] - Text 'Test automation' is set on object 'Object Repository/FSM1/Complete ABP Inspection/ABP18 Forward Trace/Page_JClient/input_Name of Operator_gwt-Tex'

2018-11-29 15:23:29 - [TEST_STEP][PASSED] - setText(findTestObject("Object Repository/FSM1/Complete ABP Inspection/ABP18 Forward Trace/Page_JClient/textarea_Address of premises_g"), "Test automation"): Text 'Test automation' is set on object 'Object Repository/FSM1/Complete ABP Inspection/ABP18 Forward Trace/Page_JClient/textarea_Address of premises_g'

2018-11-29 15:23:29 - [MESSAGE][PASSED] - Text 'Test automation' is set on object 'Object Repository/FSM1/Complete ABP Inspection/ABP18 Forward Trace/Page_JClient/textarea_Address of premises_g'

2018-11-29 15:23:29 - [TEST_STEP][PASSED] - setText(findTestObject("Object Repository/FSM1/Complete ABP Inspection/ABP18 Forward Trace/Page_JClient/input_Postcode_gwt-TextBox GKH"), "WR5 2NB"): Text 'WR5 2NB' is set on object 'Object Repository/FSM1/Complete ABP Inspection/ABP18 Forward Trace/Page_JClient/input_Postcode_gwt-TextBox GKH'

2018-11-29 15:23:29 - [MESSAGE][PASSED] - Text 'WR5 2NB' is set on object 'Object Repository/FSM1/Complete ABP Inspection/ABP18 Forward Trace/Page_JClient/input_Postcode_gwt-TextBox GKH'

2018-11-29 15:23:29 - [TEST_STEP][PASSED] - selectOptionByValue(findTestObject("Object Repository/FSM1/Complete ABP Inspection/ABP18 Forward Trace/Page_JClient/select_NorthScotlandSouthernWa"), "Scotland", true): All options with value 'Scotland' are selected in object 'Object Repository/FSM1/Complete ABP Inspection/ABP18 Forward Trace/Page_JClient/select_NorthScotlandSouthernWa'  using regular expression

2018-11-29 15:23:30 - [MESSAGE][PASSED] - All options with value 'Scotland' are selected in object 'Object Repository/FSM1/Complete ABP Inspection/ABP18 Forward Trace/Page_JClient/select_NorthScotlandSouthernWa'  using regular expression

2018-11-29 15:23:30 - [TEST_STEP][PASSED] - setText(findTestObject("Object Repository/FSM1/Complete ABP Inspection/ABP18 Forward Trace/Page_JClient/input_Name of haulier_gwt-Text"), "Test automation"): Text 'Test automation' is set on object 'Object Repository/FSM1/Complete ABP Inspection/ABP18 Forward Trace/Page_JClient/input_Name of haulier_gwt-Text'

2018-11-29 15:23:30 - [MESSAGE][PASSED] - Text 'Test automation' is set on object 'Object Repository/FSM1/Complete ABP Inspection/ABP18 Forward Trace/Page_JClient/input_Name of haulier_gwt-Text'

2018-11-29 15:23:30 - [TEST_STEP][PASSED] - setText(findTestObject("Object Repository/FSM1/Complete ABP Inspection/ABP18 Forward Trace/Page_JClient/textarea_Address of haulier_gw"), "Test automation"): Text 'Test automation' is set on object 'Object Repository/FSM1/Complete ABP Inspection/ABP18 Forward Trace/Page_JClient/textarea_Address of haulier_gw'

2018-11-29 15:23:30 - [MESSAGE][PASSED] - Text 'Test automation' is set on object 'Object Repository/FSM1/Complete ABP Inspection/ABP18 Forward Trace/Page_JClient/textarea_Address of haulier_gw'

2018-11-29 15:23:30 - [TEST_STEP][PASSED] - setText(findTestObject("FSM1/Complete ABP Inspection/ABP18 Forward Trace/Page_JClient/Postcode"), "WR5 2NB"): Text 'WR5 2NB' is set on object 'Object Repository/FSM1/Complete ABP Inspection/ABP18 Forward Trace/Page_JClient/Postcode'

2018-11-29 15:23:31 - [MESSAGE][PASSED] - Text 'WR5 2NB' is set on object 'Object Repository/FSM1/Complete ABP Inspection/ABP18 Forward Trace/Page_JClient/Postcode'

2018-11-29 15:23:31 - [TEST_STEP][PASSED] - setText(findTestObject("Object Repository/FSM1/Complete ABP Inspection/ABP18 Forward Trace/Page_JClient/input_Registration number (if"), "123"): Text '123' is set on object 'Object Repository/FSM1/Complete ABP Inspection/ABP18 Forward Trace/Page_JClient/input_Registration number (if'

2018-11-29 15:23:31 - [MESSAGE][PASSED] - Text '123' is set on object 'Object Repository/FSM1/Complete ABP Inspection/ABP18 Forward Trace/Page_JClient/input_Registration number (if'

2018-11-29 15:23:31 - [TEST_STEP][PASSED] - setText(findTestObject("Object Repository/FSM1/Complete ABP Inspection/ABP18 Forward Trace/Page_JClient/input_Reference No. of CD or o"), "987"): Text '987' is set on object 'Object Repository/FSM1/Complete ABP Inspection/ABP18 Forward Trace/Page_JClient/input_Reference No. of CD or o'

2018-11-29 15:23:31 - [MESSAGE][PASSED] - Text '987' is set on object 'Object Repository/FSM1/Complete ABP Inspection/ABP18 Forward Trace/Page_JClient/input_Reference No. of CD or o'

2018-11-29 15:23:31 - [TEST_STEP][PASSED] - setText(findTestObject("Object Repository/FSM1/Complete ABP Inspection/ABP18 Forward Trace/Page_JClient/textarea_Description of materi"), "Test automation"): Text 'Test automation' is set on object 'Object Repository/FSM1/Complete ABP Inspection/ABP18 Forward Trace/Page_JClient/textarea_Description of materi'

2018-11-29 15:23:31 - [MESSAGE][PASSED] - Text 'Test automation' is set on object 'Object Repository/FSM1/Complete ABP Inspection/ABP18 Forward Trace/Page_JClient/textarea_Description of materi'

2018-11-29 15:23:31 - [TEST_STEP][PASSED] - selectOptionByValue(findTestObject("Object Repository/FSM1/Complete ABP Inspection/ABP18 Forward Trace/Page_JClient/select_NACattleDeerFishGoatsPi"), "Goats", true): All options with value 'Goats' are selected in object 'Object Repository/FSM1/Complete ABP Inspection/ABP18 Forward Trace/Page_JClient/select_NACattleDeerFishGoatsPi'  using regular expression

2018-11-29 15:23:32 - [MESSAGE][PASSED] - All options with value 'Goats' are selected in object 'Object Repository/FSM1/Complete ABP Inspection/ABP18 Forward Trace/Page_JClient/select_NACattleDeerFishGoatsPi'  using regular expression

2018-11-29 15:23:32 - [TEST_STEP][PASSED] - setText(findTestObject("Object Repository/FSM1/Complete ABP Inspection/ABP18 Forward Trace/Page_JClient/input_Category_gwt-TextBox GKH"), "Test automation"): Text 'Test automation' is set on object 'Object Repository/FSM1/Complete ABP Inspection/ABP18 Forward Trace/Page_JClient/input_Category_gwt-TextBox GKH'

2018-11-29 15:23:32 - [MESSAGE][PASSED] - Text 'Test automation' is set on object 'Object Repository/FSM1/Complete ABP Inspection/ABP18 Forward Trace/Page_JClient/input_Category_gwt-TextBox GKH'

2018-11-29 15:23:32 - [TEST_STEP][PASSED] - setText(findTestObject("Object Repository/FSM1/Complete ABP Inspection/ABP18 Forward Trace/Page_JClient/input_Quantity_gwt-TextBox GKH"), "12"): Text '12' is set on object 'Object Repository/FSM1/Complete ABP Inspection/ABP18 Forward Trace/Page_JClient/input_Quantity_gwt-TextBox GKH'

2018-11-29 15:23:32 - [MESSAGE][PASSED] - Text '12' is set on object 'Object Repository/FSM1/Complete ABP Inspection/ABP18 Forward Trace/Page_JClient/input_Quantity_gwt-TextBox GKH'

2018-11-29 15:23:32 - [TEST_STEP][PASSED] - setText(findTestObject("Object Repository/FSM1/Complete ABP Inspection/ABP18 Forward Trace/Page_JClient/textarea_Any other relevant in"), "Test automation"): Text 'Test automation' is set on object 'Object Repository/FSM1/Complete ABP Inspection/ABP18 Forward Trace/Page_JClient/textarea_Any other relevant in'

2018-11-29 15:23:33 - [MESSAGE][PASSED] - Text 'Test automation' is set on object 'Object Repository/FSM1/Complete ABP Inspection/ABP18 Forward Trace/Page_JClient/textarea_Any other relevant in'

2018-11-29 15:23:33 - [TEST_STEP][PASSED] - click(findTestObject("Object Repository/FSM1/Complete ABP Inspection/ABP18 Forward Trace/Page_JClient/input_Any other relevant infor")): Object: 'Object Repository/FSM1/Complete ABP Inspection/ABP18 Forward Trace/Page_JClient/input_Any other relevant infor' is clicked on

2018-11-29 15:23:33 - [MESSAGE][PASSED] - Object: 'Object Repository/FSM1/Complete ABP Inspection/ABP18 Forward Trace/Page_JClient/input_Any other relevant infor' is clicked on

2018-11-29 15:23:33 - [TEST_STEP][PASSED] - setText(findTestObject("Object Repository/FSM1/Complete ABP Inspection/ABP18 Forward Trace/Page_JClient/textarea_If so give details_gw"), "Test automation"): Text 'Test automation' is set on object 'Object Repository/FSM1/Complete ABP Inspection/ABP18 Forward Trace/Page_JClient/textarea_If so give details_gw'

2018-11-29 15:23:33 - [MESSAGE][PASSED] - Text 'Test automation' is set on object 'Object Repository/FSM1/Complete ABP Inspection/ABP18 Forward Trace/Page_JClient/textarea_If so give details_gw'

2018-11-29 15:23:33 - [TEST_STEP][PASSED] - click(findTestObject("Object Repository/FSM1/Complete ABP Inspection/ABP18 Forward Trace/Page_JClient/input_Yes_radio_group_132")): Object: 'Object Repository/FSM1/Complete ABP Inspection/ABP18 Forward Trace/Page_JClient/input_Yes_radio_group_132' is clicked on

2018-11-29 15:23:33 - [MESSAGE][PASSED] - Object: 'Object Repository/FSM1/Complete ABP Inspection/ABP18 Forward Trace/Page_JClient/input_Yes_radio_group_132' is clicked on

2018-11-29 15:23:33 - [TEST_STEP][NOT_RUN] - click(findTestObject("Object Repository/FSM1/Complete ABP Inspection/ABP18 Forward Trace/Page_JClient/input_How was the trace carrie")): NOT_RUN: click(findTestObject("Object Repository/FSM1/Complete ABP Inspection/ABP18 Forward Trace/Page_JClient/input_How was the trace carrie"))

2018-11-29 15:23:33 - [MESSAGE][NOT_RUN] - NOT_RUN: click(findTestObject("Object Repository/FSM1/Complete ABP Inspection/ABP18 Forward Trace/Page_JClient/input_How was the trace carrie"))

2018-11-29 15:23:33 - [TEST_STEP][NOT_RUN] - click(findTestObject("Object Repository/FSM1/Complete ABP Inspection/ABP18 Forward Trace/Page_JClient/input_Outcome_radio_group_134")): NOT_RUN: click(findTestObject("Object Repository/FSM1/Complete ABP Inspection/ABP18 Forward Trace/Page_JClient/input_Outcome_radio_group_134"))

2018-11-29 15:23:33 - [MESSAGE][NOT_RUN] - NOT_RUN: click(findTestObject("Object Repository/FSM1/Complete ABP Inspection/ABP18 Forward Trace/Page_JClient/input_Outcome_radio_group_134"))

2018-11-29 15:23:33 - [TEST_STEP][NOT_RUN] - setText(findTestObject("Object Repository/FSM1/Complete ABP Inspection/ABP18 Forward Trace/Page_JClient/textarea_Give Details_gwt-Text"), "Test automation"): NOT_RUN: setText(findTestObject("Object Repository/FSM1/Complete ABP Inspection/ABP18 Forward Trace/Page_JClient/textarea_Give Details_gwt-Text"), "Test automation")

2018-11-29 15:23:33 - [MESSAGE][NOT_RUN] - NOT_RUN: setText(findTestObject("Object Repository/FSM1/Complete ABP Inspection/ABP18 Forward Trace/Page_JClient/textarea_Give Details_gwt-Text"), "Test automation")

2018-11-29 15:23:33 - [TEST_STEP][NOT_RUN] - setText(findTestObject("Object Repository/FSM1/Complete ABP Inspection/ABP18 Forward Trace/Page_JClient/textarea_Describe action taken"), "Test automation"): NOT_RUN: setText(findTestObject("Object Repository/FSM1/Complete ABP Inspection/ABP18 Forward Trace/Page_JClient/textarea_Describe action taken"), "Test automation")

2018-11-29 15:23:33 - [MESSAGE][NOT_RUN] - NOT_RUN: setText(findTestObject("Object Repository/FSM1/Complete ABP Inspection/ABP18 Forward Trace/Page_JClient/textarea_Describe action taken"), "Test automation")

2018-11-29 15:23:33 - [TEST_STEP][PASSED] - mydate = new java.util.Date(): null

2018-11-29 15:23:33 - [TEST_STEP][PASSED] - formattedDate = mydate.format("MM/dd/yyy"): null

2018-11-29 15:23:33 - [TEST_STEP][PASSED] - sendKeys(findTestObject("FSM1/Complete ABP Inspection/ABP18 Forward Trace/Page_JClient/DateofDespatch"), formattedDate): Keys '11/29/2018' sent to object: 'Object Repository/FSM1/Complete ABP Inspection/ABP18 Forward Trace/Page_JClient/DateofDespatch'

2018-11-29 15:23:34 - [MESSAGE][PASSED] - Keys '11/29/2018' sent to object: 'Object Repository/FSM1/Complete ABP Inspection/ABP18 Forward Trace/Page_JClient/DateofDespatch'

2018-11-29 15:23:34 - [TEST_STEP][PASSED] - click(findTestObject("Object Repository/FSM1/Complete ABP Inspection/ABP18 Forward Trace/Page_JClient/div_Save")): Object: 'Object Repository/FSM1/Complete ABP Inspection/ABP18 Forward Trace/Page_JClient/div_Save' is clicked on

2018-11-29 15:23:34 - [MESSAGE][PASSED] - Object: 'Object Repository/FSM1/Complete ABP Inspection/ABP18 Forward Trace/Page_JClient/div_Save' is clicked on]]></system-out>
         <system-err><![CDATA[]]></system-err>
      </testcase>
      <testcase name="Test Cases/ICW/Generic/Complete ICW Inspection - Complete" classname="Test Cases/ICW/Generic/Complete ICW Inspection - Complete" status="PASSED">
         <system-out><![CDATA[2018-11-29 15:23:34 - [TEST_CASE][PASSED] - Test Cases/ICW/Generic/Complete ICW Inspection - Complete: Test Cases/ICW/Generic/Complete ICW Inspection - Complete

2018-11-29 15:23:34 - [TEST_STEP][PASSED] - click(findTestObject("Object Repository/FSM1/Complete 190/Page_JClient/Page_JClient/Page_JClient/div_STARTED (locked)")): Object: 'Object Repository/FSM1/Complete 190/Page_JClient/Page_JClient/Page_JClient/div_STARTED (locked)' is clicked on

2018-11-29 15:23:34 - [MESSAGE][PASSED] - Object: 'Object Repository/FSM1/Complete 190/Page_JClient/Page_JClient/Page_JClient/div_STARTED (locked)' is clicked on

2018-11-29 15:23:34 - [TEST_STEP][PASSED] - delay(1): Delayed 1 second(s)

2018-11-29 15:23:35 - [MESSAGE][PASSED] - Delayed 1 second(s)

2018-11-29 15:23:35 - [TEST_STEP][PASSED] - click(findTestObject("Object Repository/FSM1/Complete 190/Page_JClient/Page_JClient/Page_JClient/div_COMPLETED")): Object: 'Object Repository/FSM1/Complete 190/Page_JClient/Page_JClient/Page_JClient/div_COMPLETED' is clicked on

2018-11-29 15:23:36 - [MESSAGE][PASSED] - Object: 'Object Repository/FSM1/Complete 190/Page_JClient/Page_JClient/Page_JClient/div_COMPLETED' is clicked on

2018-11-29 15:23:36 - [TEST_STEP][PASSED] - delay(1): Delayed 1 second(s)

2018-11-29 15:23:37 - [MESSAGE][PASSED] - Delayed 1 second(s)

2018-11-29 15:23:37 - [TEST_STEP][PASSED] - selectOptionByValue(findTestObject("Object Repository/FSM1/Complete 190/Page_JClient/Page_JClient/Page_JClient/select_Yes"), "COMPLETED", true): All options with value 'COMPLETED' are selected in object 'Object Repository/FSM1/Complete 190/Page_JClient/Page_JClient/Page_JClient/select_Yes'  using regular expression

2018-11-29 15:23:37 - [MESSAGE][PASSED] - All options with value 'COMPLETED' are selected in object 'Object Repository/FSM1/Complete 190/Page_JClient/Page_JClient/Page_JClient/select_Yes'  using regular expression

2018-11-29 15:23:37 - [TEST_STEP][PASSED] - selectOptionByValue(findTestObject("Object Repository/FSM1/Complete 190/Page_JClient/Page_JClient/Page_JClient/select_YesNo"), "NO", true): All options with value 'NO' are selected in object 'Object Repository/FSM1/Complete 190/Page_JClient/Page_JClient/Page_JClient/select_YesNo'  using regular expression

2018-11-29 15:23:37 - [MESSAGE][PASSED] - All options with value 'NO' are selected in object 'Object Repository/FSM1/Complete 190/Page_JClient/Page_JClient/Page_JClient/select_YesNo'  using regular expression

2018-11-29 15:23:37 - [TEST_STEP][PASSED] - click(findTestObject("Object Repository/FSM1/Complete 190/Page_JClient/Page_JClient/Page_JClient/div_Save")): Object: 'Object Repository/FSM1/Complete 190/Page_JClient/Page_JClient/Page_JClient/div_Save' is clicked on

2018-11-29 15:23:37 - [MESSAGE][PASSED] - Object: 'Object Repository/FSM1/Complete 190/Page_JClient/Page_JClient/Page_JClient/div_Save' is clicked on

2018-11-29 15:23:37 - [TEST_STEP][PASSED] - delay(3): Delayed 3 second(s)

2018-11-29 15:23:40 - [MESSAGE][PASSED] - Delayed 3 second(s)

2018-11-29 15:23:40 - [TEST_STEP][PASSED] - click(findTestObject("Object Repository/FSM1/Complete 190/Page_JClient/Page_JClient/Page_JClient/div_Ok")): Object: 'Object Repository/FSM1/Complete 190/Page_JClient/Page_JClient/Page_JClient/div_Ok' is clicked on

2018-11-29 15:23:40 - [MESSAGE][PASSED] - Object: 'Object Repository/FSM1/Complete 190/Page_JClient/Page_JClient/Page_JClient/div_Ok' is clicked on

2018-11-29 15:23:40 - [TEST_STEP][PASSED] - delay(30): Delayed 30 second(s)

2018-11-29 15:24:10 - [MESSAGE][PASSED] - Delayed 30 second(s)]]></system-out>
         <system-err><![CDATA[]]></system-err>
      </testcase>
      <testcase name="Test Cases/Generic/Launch Job Manager Control Centre - Check Result" classname="Test Cases/Generic/Launch Job Manager Control Centre - Check Result" status="PASSED">
         <system-out><![CDATA[2018-11-29 15:24:10 - [TEST_CASE][PASSED] - Test Cases/Generic/Launch Job Manager Control Centre - Check Result: Test Cases/Generic/Launch Job Manager Control Centre - Check Result

2018-11-29 15:24:11 - [TEST_STEP][PASSED] - openBrowser(""): Browser is opened with url: ''

2018-11-29 15:24:11 - [MESSAGE][WARNING] - A browser is already opened. Closing browser and opening a new one

2018-11-29 15:24:12 - [MESSAGE][INFO] - Starting 'Chrome' driver

2018-11-29 15:24:14 - [MESSAGE][PASSED] - Browser is opened with url: ''

2018-11-29 15:24:14 - [TEST_STEP][PASSED] - navigateToUrl(CCURL): Navigate to 'https://kirona-def-11.kirona.com/jmtrain' successfully

2018-11-29 15:24:15 - [MESSAGE][PASSED] - Navigate to 'https://kirona-def-11.kirona.com/jmtrain' successfully

2018-11-29 15:24:15 - [TEST_STEP][PASSED] - setText(findTestObject("FSM1/Control Centre/Page_Job Manager Login/input_gwt-uid-3"), Username): Text 'jon.hatfield' is set on object 'Object Repository/FSM1/Control Centre/Page_Job Manager Login/input_gwt-uid-3'

2018-11-29 15:24:17 - [MESSAGE][PASSED] - Text 'jon.hatfield' is set on object 'Object Repository/FSM1/Control Centre/Page_Job Manager Login/input_gwt-uid-3'

2018-11-29 15:24:17 - [TEST_STEP][PASSED] - setText(findTestObject("FSM1/Control Centre/Page_Job Manager Login/input_gwt-uid-5"), Password): Text 'Fr@nc1sJ0n' is set on object 'Object Repository/FSM1/Control Centre/Page_Job Manager Login/input_gwt-uid-5'

2018-11-29 15:24:17 - [MESSAGE][PASSED] - Text 'Fr@nc1sJ0n' is set on object 'Object Repository/FSM1/Control Centre/Page_Job Manager Login/input_gwt-uid-5'

2018-11-29 15:24:17 - [TEST_STEP][PASSED] - click(findTestObject("FSM1/PreProd/Page_Job Manager Login/div_Login")): Object: 'Object Repository/FSM1/PreProd/Page_Job Manager Login/div_Login' is clicked on

2018-11-29 15:24:18 - [MESSAGE][PASSED] - Object: 'Object Repository/FSM1/PreProd/Page_Job Manager Login/div_Login' is clicked on

2018-11-29 15:24:18 - [TEST_STEP][PASSED] - delay(5): Delayed 5 second(s)

2018-11-29 15:24:23 - [MESSAGE][PASSED] - Delayed 5 second(s)]]></system-out>
         <system-err><![CDATA[]]></system-err>
      </testcase>
      <testcase name="Test Cases/ICW/AB190/Control Centre - Check Results - AB190" classname="Test Cases/ICW/AB190/Control Centre - Check Results - AB190" status="PASSED">
         <system-out><![CDATA[2018-11-29 15:24:23 - [TEST_CASE][PASSED] - Test Cases/ICW/AB190/Control Centre - Check Results - AB190: Test Cases/ICW/AB190/Control Centre - Check Results - AB190

2018-11-29 15:24:23 - [TEST_STEP][PASSED] - log = new com.kms.katalon.core.logging.KeywordLogger(): null

2018-11-29 15:24:23 - [TEST_STEP][PASSED] - setText(findTestObject("Object Repository/FSM1/EMI Check Results/Page_JM Control Centre/input_Recents_v-textfield v-wi"), temp): Text '94175' is set on object 'Object Repository/FSM1/EMI Check Results/Page_JM Control Centre/input_Recents_v-textfield v-wi'

2018-11-29 15:24:23 - [MESSAGE][PASSED] - Text '94175' is set on object 'Object Repository/FSM1/EMI Check Results/Page_JM Control Centre/input_Recents_v-textfield v-wi'

2018-11-29 15:24:23 - [TEST_STEP][NOT_RUN] - setText(findTestObject("Object Repository/FSM1/EMI Check Results/Page_JM Control Centre/input_Recents_v-textfield v-wi"), "87904"): NOT_RUN: setText(findTestObject("Object Repository/FSM1/EMI Check Results/Page_JM Control Centre/input_Recents_v-textfield v-wi"), "87904")

2018-11-29 15:24:23 - [MESSAGE][NOT_RUN] - NOT_RUN: setText(findTestObject("Object Repository/FSM1/EMI Check Results/Page_JM Control Centre/input_Recents_v-textfield v-wi"), "87904")

2018-11-29 15:24:23 - [TEST_STEP][PASSED] - click(findTestObject("Object Repository/FSM1/EMI Check Results/Page_JM Control Centre/span_")): Object: 'Object Repository/FSM1/EMI Check Results/Page_JM Control Centre/span_' is clicked on

2018-11-29 15:24:24 - [MESSAGE][PASSED] - Object: 'Object Repository/FSM1/EMI Check Results/Page_JM Control Centre/span_' is clicked on

2018-11-29 15:24:24 - [TEST_STEP][PASSED] - waitForElementPresent(findTestObject("Object Repository/FSM1/EMI Check Results/Page_JM Control Centre/div_CLOSED"), 60): Object 'Object Repository/FSM1/EMI Check Results/Page_JM Control Centre/div_CLOSED' is present

2018-11-29 15:24:28 - [MESSAGE][PASSED] - Object 'Object Repository/FSM1/EMI Check Results/Page_JM Control Centre/div_CLOSED' is present

2018-11-29 15:24:29 - [TEST_STEP][PASSED] - delay(3): Delayed 3 second(s)

2018-11-29 15:24:32 - [MESSAGE][PASSED] - Delayed 3 second(s)

2018-11-29 15:24:32 - [TEST_STEP][PASSED] - verifyElementPresent(findTestObject("Object Repository/FSM1/Complete ABP Inspection/Check Results/Page_JM Control Centre/Page_JM Control Centre/div_Attachments_ABPR17 - Backw"), 5): Object 'Object Repository/FSM1/Complete ABP Inspection/Check Results/Page_JM Control Centre/Page_JM Control Centre/div_Attachments_ABPR17 - Backw' is present

2018-11-29 15:24:32 - [MESSAGE][PASSED] - Object 'Object Repository/FSM1/Complete ABP Inspection/Check Results/Page_JM Control Centre/Page_JM Control Centre/div_Attachments_ABPR17 - Backw' is present

2018-11-29 15:24:32 - [TEST_STEP][PASSED] - verifyElementPresent(findTestObject("FSM1/Complete ABP Inspection/Check Results/03a/Page_JM Control Centre/div_Attachments_AB190"), 5): Object 'Object Repository/FSM1/Complete ABP Inspection/Check Results/03a/Page_JM Control Centre/div_Attachments_AB190' is present

2018-11-29 15:24:32 - [MESSAGE][PASSED] - Object 'Object Repository/FSM1/Complete ABP Inspection/Check Results/03a/Page_JM Control Centre/div_Attachments_AB190' is present

2018-11-29 15:24:32 - [TEST_STEP][PASSED] - verifyElementPresent(findTestObject("Object Repository/FSM1/Complete ABP Inspection/Check Results/Page_JM Control Centre/Page_JM Control Centre/div_Attachments_ABPR18 - Forwa"), 5): Object 'Object Repository/FSM1/Complete ABP Inspection/Check Results/Page_JM Control Centre/Page_JM Control Centre/div_Attachments_ABPR18 - Forwa' is present

2018-11-29 15:24:32 - [MESSAGE][PASSED] - Object 'Object Repository/FSM1/Complete ABP Inspection/Check Results/Page_JM Control Centre/Page_JM Control Centre/div_Attachments_ABPR18 - Forwa' is present]]></system-out>
         <system-err><![CDATA[]]></system-err>
      </testcase>
      <testcase name="Test Cases/ABP/Generic/Check Subsequent Inspection Exist" classname="Test Cases/ABP/Generic/Check Subsequent Inspection Exist" status="PASSED">
         <system-out><![CDATA[2018-11-29 15:24:32 - [TEST_CASE][PASSED] - Test Cases/ABP/Generic/Check Subsequent Inspection Exist: Test Cases/ABP/Generic/Check Subsequent Inspection Exist

2018-11-29 15:24:32 - [TEST_STEP][PASSED] - delay(2): Delayed 2 second(s)

2018-11-29 15:24:34 - [MESSAGE][PASSED] - Delayed 2 second(s)

2018-11-29 15:24:34 - [TEST_STEP][PASSED] - click(findTestObject("Object Repository/FSM1/Complete ABP Inspection/Check Subsequent Inspections/New/Page_JM Control Centre/div_")): Object: 'Object Repository/FSM1/Complete ABP Inspection/Check Subsequent Inspections/New/Page_JM Control Centre/div_' is clicked on

2018-11-29 15:24:35 - [MESSAGE][PASSED] - Object: 'Object Repository/FSM1/Complete ABP Inspection/Check Subsequent Inspections/New/Page_JM Control Centre/div_' is clicked on

2018-11-29 15:24:35 - [TEST_STEP][PASSED] - click(findTestObject("Object Repository/FSM1/Complete ABP Inspection/Check Subsequent Inspections/New/Page_JM Control Centre/span_List All Subordinate Jobs")): Object: 'Object Repository/FSM1/Complete ABP Inspection/Check Subsequent Inspections/New/Page_JM Control Centre/span_List All Subordinate Jobs' is clicked on

2018-11-29 15:24:35 - [MESSAGE][PASSED] - Object: 'Object Repository/FSM1/Complete ABP Inspection/Check Subsequent Inspections/New/Page_JM Control Centre/span_List All Subordinate Jobs' is clicked on

2018-11-29 15:24:35 - [TEST_STEP][PASSED] - delay(2): Delayed 2 second(s)

2018-11-29 15:24:37 - [MESSAGE][PASSED] - Delayed 2 second(s)

2018-11-29 15:24:37 - [TEST_STEP][PASSED] - verifyElementVisible(findTestObject("Object Repository/FSM1/Complete ABP Inspection/Check Subsequent Inspections/New/Page_JM Control Centre/div_2 found.")): Object 'Object Repository/FSM1/Complete ABP Inspection/Check Subsequent Inspections/New/Page_JM Control Centre/div_2 found.' is visible

2018-11-29 15:24:38 - [MESSAGE][PASSED] - Object 'Object Repository/FSM1/Complete ABP Inspection/Check Subsequent Inspections/New/Page_JM Control Centre/div_2 found.' is visible

2018-11-29 15:24:38 - [TEST_STEP][PASSED] - closeBrowser(): Browser is closed

2018-11-29 15:24:39 - [MESSAGE][PASSED] - Browser is closed]]></system-out>
         <system-err><![CDATA[]]></system-err>
      </testcase>
      <system-out><![CDATA[2018-11-29 15:18:07 - [TEST_SUITE][PASSED] - ICW Regression - 190: Test Cases/ABP/Generic/Check Subsequent Inspection Exist]]></system-out>
      <system-err><![CDATA[]]></system-err>
   </testsuite>
</testsuites>
