<?xml version="1.0" encoding="UTF-8"?>
<testsuites name="Create New Inspection" time="23" tests="1" failures="1" errors="0">
   <testsuite name="Create New Inspection" tests="1" failures="1" errors="0" time="23" timestamp="2018-05-12 13:44:06" hostname="JHATFIELD - SNDFSMINFSRV001.defra.onmicrosoft.com" id="Test Suites/Create New Inspection">
      <properties>
         <property name="deviceName" value=""/>
         <property name="devicePlatform" value=""/>
         <property name="logFolder" value="C:\\Users\\JHATFIELD\\git\\DEFRA-FSM_Automated_Regression_NEW\\Reports\\Create New Inspection\\20180512_134402"/>
         <property name="logFiles" value="C:\\Users\\JHATFIELD\\git\\DEFRA-FSM_Automated_Regression_NEW\\Reports\\Create New Inspection\\20180512_134402\\execution0.log"/>
         <property name="attachments" value="C:\\Users\\JHATFIELD\\git\\DEFRA-FSM_Automated_Regression_NEW\\Reports\\Create New Inspection\\20180512_134402\\1526132668052.png"/>
         <property name="hostName" value="JHATFIELD - SNDFSMINFSRV001.defra.onmicrosoft.com"/>
         <property name="os" value="Windows NT (unknown) 64bit"/>
         <property name="katalonVersion" value="5.4.1.1"/>
         <property name="browser" value="Chrome 66.0.3359.139"/>
         <property name="hostAddress" value="10.201.1.17"/>
         <property name="sessionId" value="09e098ec25798f249df3566fc36f7db5"/>
         <property name="seleniumVersion" value="3.7.1"/>
         <property name="proxyInformation" value="ProxyInformation{proxyOption=NO_PROXY, proxyServerType=HTTP, password=, proxyServerAddress=, proxyServerPort=0}"/>
         <property name="platform" value="Windows NT (unknown)"/>
      </properties>
      <testcase name="Test Cases/Launch Job Manager Control Centre" classname="Test Cases/Launch Job Manager Control Centre" status="PASSED">
         <system-out><![CDATA[2018-05-12 13:44:07 - [TEST_CASE][PASSED] - Test Cases/Launch Job Manager Control Centre: Test Cases/Launch Job Manager Control Centre

2018-05-12 13:44:07 - [TEST_STEP][PASSED] - openBrowser: Browser is opened with url: ''

2018-05-12 13:44:12 - [MESSAGE][PASSED] - Browser is opened with url: ''

2018-05-12 13:44:12 - [TEST_STEP][PASSED] - navigateToUrl: Navigate to 'https://kirona-def-2.kirona.com/jmtest/login#!loginView' successfully

2018-05-12 13:44:13 - [MESSAGE][PASSED] - Navigate to 'https://kirona-def-2.kirona.com/jmtest/login#!loginView' successfully

2018-05-12 13:44:13 - [TEST_STEP][PASSED] - setText: Text 'jon.hatfield' is set on object 'Object Repository/FSM1/Control Centre/Page_Job Manager Login/input_gwt-uid-3'

2018-05-12 13:44:15 - [MESSAGE][PASSED] - Text 'jon.hatfield' is set on object 'Object Repository/FSM1/Control Centre/Page_Job Manager Login/input_gwt-uid-3'

2018-05-12 13:44:15 - [TEST_STEP][PASSED] - setText: Text 'Fr@nc1sJ0n' is set on object 'Object Repository/FSM1/Control Centre/Page_Job Manager Login/input_gwt-uid-5'

2018-05-12 13:44:15 - [MESSAGE][PASSED] - Text 'Fr@nc1sJ0n' is set on object 'Object Repository/FSM1/Control Centre/Page_Job Manager Login/input_gwt-uid-5'

2018-05-12 13:44:15 - [TEST_STEP][PASSED] - click: Object: 'Object Repository/FSM1/Control Centre/Page_Job Manager Login/Page_Job Manager Login/div_Login' is clicked on

2018-05-12 13:44:16 - [MESSAGE][PASSED] - Object: 'Object Repository/FSM1/Control Centre/Page_Job Manager Login/Page_Job Manager Login/div_Login' is clicked on

2018-05-12 13:44:16 - [TEST_STEP][PASSED] - delay: Delayed 10 second(s)

2018-05-12 13:44:26 - [MESSAGE][PASSED] - Delayed 10 second(s)]]></system-out>
         <system-err><![CDATA[]]></system-err>
      </testcase>
      <testcase name="Test Cases/Create New EMI Inspection" classname="Test Cases/Create New EMI Inspection" status="FAILED">
         <failure type="FAILED" message="Unable to select option by value 'EMI Inspection' of object 'Object Repository/FSM1/Control Centre/Page_JM Control Centre/Page_JM Control Centre (2)/Inspection Type_c'  (Root cause: org.openqa.selenium.support.ui.UnexpectedTagNameException: Element should have been &quot;select&quot; but was &quot;input&quot;
Build info: version: '3.7.1', revision: '8a0099a', time: '2017-11-06T21:07:36.161Z'
System info: host: 'SNDFSMINFSRV001', ip: '10.201.1.17', os.name: 'Windows NT (unknown)', os.arch: 'amd64', os.version: '10.0', java.version: '1.8.0_102'
Driver info: driver.version: unknown)"/>
         <system-out><![CDATA[2018-05-12 13:44:26 - [TEST_CASE][FAILED] - Test Cases/Create New EMI Inspection: Test Cases/Create New EMI Inspection FAILED because (of) Unable to select option by value 'EMI Inspection' of object 'Object Repository/FSM1/Control Centre/Page_JM Control Centre/Page_JM Control Centre (2)/Inspection Type_c'  (Root cause: org.openqa.selenium.support.ui.UnexpectedTagNameException: Element should have been "select" but was "input"
Build info: version: '3.7.1', revision: '8a0099a', time: '2017-11-06T21:07:36.161Z'
System info: host: 'SNDFSMINFSRV001', ip: '10.201.1.17', os.name: 'Windows NT (unknown)', os.arch: 'amd64', os.version: '10.0', java.version: '1.8.0_102'
Driver info: driver.version: unknown)

2018-05-12 13:44:26 - [TEST_STEP][PASSED] - click: Object: 'Object Repository/FSM1/Control Centre/Page_JM Control Centre/div_Create' is clicked on

2018-05-12 13:44:26 - [MESSAGE][PASSED] - Object: 'Object Repository/FSM1/Control Centre/Page_JM Control Centre/div_Create' is clicked on

2018-05-12 13:44:26 - [TEST_STEP][FAILED] - selectOptionByValue: Unable to select option by value 'EMI Inspection' of object 'Object Repository/FSM1/Control Centre/Page_JM Control Centre/Page_JM Control Centre (2)/Inspection Type_c'  (Root cause: org.openqa.selenium.support.ui.UnexpectedTagNameException: Element should have been "select" but was "input"
Build info: version: '3.7.1', revision: '8a0099a', time: '2017-11-06T21:07:36.161Z'
System info: host: 'SNDFSMINFSRV001', ip: '10.201.1.17', os.name: 'Windows NT (unknown)', os.arch: 'amd64', os.version: '10.0', java.version: '1.8.0_102'
Driver info: driver.version: unknown)

2018-05-12 13:44:28 - [MESSAGE][FAILED] - Unable to select option by value 'EMI Inspection' of object 'Object Repository/FSM1/Control Centre/Page_JM Control Centre/Page_JM Control Centre (2)/Inspection Type_c'  (Root cause: org.openqa.selenium.support.ui.UnexpectedTagNameException: Element should have been "select" but was "input"
Build info: version: '3.7.1', revision: '8a0099a', time: '2017-11-06T21:07:36.161Z'
System info: host: 'SNDFSMINFSRV001', ip: '10.201.1.17', os.name: 'Windows NT (unknown)', os.arch: 'amd64', os.version: '10.0', java.version: '1.8.0_102'
Driver info: driver.version: unknown)
[[ATTACHMENT|C:\\Users\\JHATFIELD\\git\\DEFRA-FSM_Automated_Regression_NEW\\Reports\\Create New Inspection\\20180512_134402\\1526132668052.png]]]]></system-out>
         <system-err><![CDATA[2018-05-12 13:44:26 - [TEST_CASE][FAILED] - Test Cases/Create New EMI Inspection: Test Cases/Create New EMI Inspection FAILED because (of) Unable to select option by value 'EMI Inspection' of object 'Object Repository/FSM1/Control Centre/Page_JM Control Centre/Page_JM Control Centre (2)/Inspection Type_c'  (Root cause: org.openqa.selenium.support.ui.UnexpectedTagNameException: Element should have been "select" but was "input"
Build info: version: '3.7.1', revision: '8a0099a', time: '2017-11-06T21:07:36.161Z'
System info: host: 'SNDFSMINFSRV001', ip: '10.201.1.17', os.name: 'Windows NT (unknown)', os.arch: 'amd64', os.version: '10.0', java.version: '1.8.0_102'
Driver info: driver.version: unknown)]]></system-err>
      </testcase>
      <system-out><![CDATA[2018-05-12 13:44:06 - [TEST_SUITE][FAILED] - Create New Inspection: Test Cases/Create New EMI Inspection FAILED because (of) Unable to select option by value 'EMI Inspection' of object 'Object Repository/FSM1/Control Centre/Page_JM Control Centre/Page_JM Control Centre (2)/Inspection Type_c'  (Root cause: org.openqa.selenium.support.ui.UnexpectedTagNameException: Element should have been "select" but was "input"
Build info: version: '3.7.1', revision: '8a0099a', time: '2017-11-06T21:07:36.161Z'
System info: host: 'SNDFSMINFSRV001', ip: '10.201.1.17', os.name: 'Windows NT (unknown)', os.arch: 'amd64', os.version: '10.0', java.version: '1.8.0_102'
Driver info: driver.version: unknown)]]></system-out>
      <system-err><![CDATA[2018-05-12 13:44:06 - [TEST_SUITE][FAILED] - Create New Inspection: Test Cases/Create New EMI Inspection FAILED because (of) Unable to select option by value 'EMI Inspection' of object 'Object Repository/FSM1/Control Centre/Page_JM Control Centre/Page_JM Control Centre (2)/Inspection Type_c'  (Root cause: org.openqa.selenium.support.ui.UnexpectedTagNameException: Element should have been "select" but was "input"
Build info: version: '3.7.1', revision: '8a0099a', time: '2017-11-06T21:07:36.161Z'
System info: host: 'SNDFSMINFSRV001', ip: '10.201.1.17', os.name: 'Windows NT (unknown)', os.arch: 'amd64', os.version: '10.0', java.version: '1.8.0_102'
Driver info: driver.version: unknown)]]></system-err>
   </testsuite>
</testsuites>
