<?xml version="1.0" encoding="UTF-8"?>
<testsuites name="EMI Regression" time="445" tests="9" failures="0" errors="0">
   <testsuite name="EMI Regression" tests="9" failures="0" errors="0" time="445" timestamp="2018-11-09 09:47:14" hostname="JHATFIELD - SNDFSMINFSRV001.defra.onmicrosoft.com" id="Test Suites/EMI/EMI Regression">
      <properties>
         <property name="deviceName" value=""/>
         <property name="devicePlatform" value=""/>
         <property name="logFolder" value="C:\\Users\\JHATFIELD\\git\\DEFRA-FSM_Automated_Regression_NEW\\Reports\\EMI\\EMI Regression\\20181109_094703"/>
         <property name="logFiles" value="C:\\Users\\JHATFIELD\\git\\DEFRA-FSM_Automated_Regression_NEW\\Reports\\EMI\\EMI Regression\\20181109_094703\\execution0.log"/>
         <property name="attachments" value=""/>
         <property name="hostName" value="JHATFIELD - SNDFSMINFSRV001.defra.onmicrosoft.com"/>
         <property name="os" value="Windows Server 2016 64bit"/>
         <property name="katalonVersion" value="5.8.4.14"/>
         <property name="browser" value="Chrome 70.0.3538.77"/>
         <property name="hostAddress" value="10.201.1.17"/>
         <property name="sessionId" value="fa8205f71b3c1422fe4191fc372d6413"/>
         <property name="seleniumVersion" value="3.7.1"/>
         <property name="proxyInformation" value="ProxyInformation{proxyOption=NO_PROXY, proxyServerType=HTTP, password=, proxyServerAddress=, proxyServerPort=0}"/>
         <property name="platform" value="Windows Server 2016"/>
      </properties>
      <testcase name="Test Cases/Generic/Launch Job Manager Control Centre" classname="Test Cases/Generic/Launch Job Manager Control Centre" status="PASSED">
         <system-out><![CDATA[2018-11-09 09:47:15 - [TEST_CASE][PASSED] - Test Cases/Generic/Launch Job Manager Control Centre: Test Cases/Generic/Launch Job Manager Control Centre

2018-11-09 09:47:16 - [TEST_STEP][PASSED] - openBrowser: Browser is opened with url: ''

2018-11-09 09:47:22 - [MESSAGE][PASSED] - Browser is opened with url: ''

2018-11-09 09:47:22 - [TEST_STEP][PASSED] - navigateToUrl: Navigate to 'https://kirona-def-6.kirona.com/jmprep/login#!loginView' successfully

2018-11-09 09:47:24 - [MESSAGE][PASSED] - Navigate to 'https://kirona-def-6.kirona.com/jmprep/login#!loginView' successfully

2018-11-09 09:47:24 - [TEST_STEP][PASSED] - setText: Text 'jon.hatfield' is set on object 'Object Repository/FSM1/Control Centre/Page_Job Manager Login/input_gwt-uid-3'

2018-11-09 09:47:26 - [MESSAGE][PASSED] - Text 'jon.hatfield' is set on object 'Object Repository/FSM1/Control Centre/Page_Job Manager Login/input_gwt-uid-3'

2018-11-09 09:47:26 - [TEST_STEP][PASSED] - setText: Text 'Fr@nc1sJ0n' is set on object 'Object Repository/FSM1/Control Centre/Page_Job Manager Login/input_gwt-uid-5'

2018-11-09 09:47:26 - [MESSAGE][PASSED] - Text 'Fr@nc1sJ0n' is set on object 'Object Repository/FSM1/Control Centre/Page_Job Manager Login/input_gwt-uid-5'

2018-11-09 09:47:26 - [TEST_STEP][PASSED] - click: Object: 'Object Repository/FSM1/PreProd/Page_Job Manager Login/div_Login' is clicked on

2018-11-09 09:47:27 - [MESSAGE][PASSED] - Object: 'Object Repository/FSM1/PreProd/Page_Job Manager Login/div_Login' is clicked on

2018-11-09 09:47:27 - [TEST_STEP][PASSED] - delay: Delayed 5 second(s)

2018-11-09 09:47:32 - [MESSAGE][PASSED] - Delayed 5 second(s)]]></system-out>
         <system-err><![CDATA[]]></system-err>
      </testcase>
      <testcase name="Test Cases/EMI/Create EMI Inspection" classname="Test Cases/EMI/Create EMI Inspection" status="PASSED">
         <system-out><![CDATA[2018-11-09 09:47:32 - [TEST_CASE][PASSED] - Test Cases/EMI/Create EMI Inspection: Test Cases/EMI/Create EMI Inspection

2018-11-09 09:47:33 - [TEST_STEP][PASSED] - Statement - logg = new com.kms.katalon.core.logging.KeywordLogger(): null

2018-11-09 09:47:33 - [TEST_STEP][PASSED] - click: Object: 'Object Repository/FSM1/Control Centre/Create EMI Inspection New/Page_JM Control Centre/div_Create' is clicked on

2018-11-09 09:47:33 - [MESSAGE][PASSED] - Object: 'Object Repository/FSM1/Control Centre/Create EMI Inspection New/Page_JM Control Centre/div_Create' is clicked on

2018-11-09 09:47:33 - [TEST_STEP][PASSED] - click: Object: 'Object Repository/FSM1/Control Centre/Create EMI Inspection New/Page_JM Control Centre/div_v-filterselect-button' is clicked on

2018-11-09 09:47:36 - [MESSAGE][PASSED] - Object: 'Object Repository/FSM1/Control Centre/Create EMI Inspection New/Page_JM Control Centre/div_v-filterselect-button' is clicked on

2018-11-09 09:47:36 - [TEST_STEP][PASSED] - setText: Text 'emi' is set on object 'Object Repository/FSM1/Control Centre/Create EMI Inspection New/Page_JM Control Centre/input_gwt-uid-8'

2018-11-09 09:47:37 - [MESSAGE][PASSED] - Text 'emi' is set on object 'Object Repository/FSM1/Control Centre/Create EMI Inspection New/Page_JM Control Centre/input_gwt-uid-8'

2018-11-09 09:47:37 - [TEST_STEP][PASSED] - click: Object: 'Object Repository/FSM1/Control Centre/Create EMI Inspection New/Page_JM Control Centre/span_EMI Inspection' is clicked on

2018-11-09 09:47:37 - [MESSAGE][PASSED] - Object: 'Object Repository/FSM1/Control Centre/Create EMI Inspection New/Page_JM Control Centre/span_EMI Inspection' is clicked on

2018-11-09 09:47:37 - [TEST_STEP][PASSED] - setText: Text '15' is set on object 'Object Repository/FSM1/Control Centre/Create EMI Inspection New/Page_JM Control Centre/input_gwt-uid-16'

2018-11-09 09:47:40 - [MESSAGE][PASSED] - Text '15' is set on object 'Object Repository/FSM1/Control Centre/Create EMI Inspection New/Page_JM Control Centre/input_gwt-uid-16'

2018-11-09 09:47:40 - [TEST_STEP][PASSED] - click: Object: 'Object Repository/FSM1/Control Centre/Create EMI Inspection New/Page_JM Control Centre/div_v-filterselect-button_1' is clicked on

2018-11-09 09:47:40 - [MESSAGE][PASSED] - Object: 'Object Repository/FSM1/Control Centre/Create EMI Inspection New/Page_JM Control Centre/div_v-filterselect-button_1' is clicked on

2018-11-09 09:47:40 - [TEST_STEP][PASSED] - click: Object: 'Object Repository/FSM1/Control Centre/Create EMI Inspection New/Page_JM Control Centre/span_24 Hours' is clicked on

2018-11-09 09:47:41 - [MESSAGE][PASSED] - Object: 'Object Repository/FSM1/Control Centre/Create EMI Inspection New/Page_JM Control Centre/span_24 Hours' is clicked on

2018-11-09 09:47:41 - [TEST_STEP][PASSED] - click: Object: 'Object Repository/FSM1/Control Centre/Create EMI Inspection New/Page_JM Control Centre/div_v-filterselect-button_2' is clicked on

2018-11-09 09:47:41 - [MESSAGE][PASSED] - Object: 'Object Repository/FSM1/Control Centre/Create EMI Inspection New/Page_JM Control Centre/div_v-filterselect-button_2' is clicked on

2018-11-09 09:47:41 - [TEST_STEP][PASSED] - click: Object: 'Object Repository/FSM1/Control Centre/Create EMI Inspection New/Page_JM Control Centre/span_West' is clicked on

2018-11-09 09:47:42 - [MESSAGE][PASSED] - Object: 'Object Repository/FSM1/Control Centre/Create EMI Inspection New/Page_JM Control Centre/span_West' is clicked on

2018-11-09 09:47:42 - [TEST_STEP][PASSED] - click: Object: 'Object Repository/FSM1/Control Centre/Create EMI Inspection New/Page_JM Control Centre/div_v-filterselect-button_2' is clicked on

2018-11-09 09:47:42 - [MESSAGE][PASSED] - Object: 'Object Repository/FSM1/Control Centre/Create EMI Inspection New/Page_JM Control Centre/div_v-filterselect-button_2' is clicked on

2018-11-09 09:47:43 - [TEST_STEP][PASSED] - click: Object: 'Object Repository/FSM1/Control Centre/Create EMI Inspection New/Page_JM Control Centre/span_EMI Routine' is clicked on

2018-11-09 09:47:43 - [MESSAGE][PASSED] - Object: 'Object Repository/FSM1/Control Centre/Create EMI Inspection New/Page_JM Control Centre/span_EMI Routine' is clicked on

2018-11-09 09:47:43 - [TEST_STEP][PASSED] - setText: Text 'Test Automation' is set on object 'Object Repository/FSM1/Control Centre/Create EMI Inspection New/Page_JM Control Centre/input_gwt-uid-34'

2018-11-09 09:47:44 - [MESSAGE][PASSED] - Text 'Test Automation' is set on object 'Object Repository/FSM1/Control Centre/Create EMI Inspection New/Page_JM Control Centre/input_gwt-uid-34'

2018-11-09 09:47:44 - [TEST_STEP][PASSED] - setText: Text '111' is set on object 'Object Repository/FSM1/Control Centre/Create EMI Inspection New/Page_JM Control Centre/input_gwt-uid-40'

2018-11-09 09:47:44 - [MESSAGE][PASSED] - Text '111' is set on object 'Object Repository/FSM1/Control Centre/Create EMI Inspection New/Page_JM Control Centre/input_gwt-uid-40'

2018-11-09 09:47:44 - [TEST_STEP][PASSED] - setText: Text '222' is set on object 'Object Repository/FSM1/Control Centre/Create EMI Inspection New/Page_JM Control Centre/input_gwt-uid-42'

2018-11-09 09:47:45 - [MESSAGE][PASSED] - Text '222' is set on object 'Object Repository/FSM1/Control Centre/Create EMI Inspection New/Page_JM Control Centre/input_gwt-uid-42'

2018-11-09 09:47:45 - [TEST_STEP][PASSED] - click: Object: 'Object Repository/FSM1/Control Centre/Create EMI Inspection New/Page_JM Control Centre/div_v-filterselect-button_2' is clicked on

2018-11-09 09:47:45 - [MESSAGE][PASSED] - Object: 'Object Repository/FSM1/Control Centre/Create EMI Inspection New/Page_JM Control Centre/div_v-filterselect-button_2' is clicked on

2018-11-09 09:47:45 - [TEST_STEP][PASSED] - click: Object: 'Object Repository/FSM1/Control Centre/Create EMI Inspection New/Page_JM Control Centre/td_EGG PACKER' is clicked on

2018-11-09 09:47:46 - [MESSAGE][PASSED] - Object: 'Object Repository/FSM1/Control Centre/Create EMI Inspection New/Page_JM Control Centre/td_EGG PACKER' is clicked on

2018-11-09 09:47:46 - [TEST_STEP][PASSED] - click: Object: 'Object Repository/FSM1/Control Centre/Create EMI Inspection/Page_JM Control Centre/span_' is clicked on

2018-11-09 09:47:46 - [MESSAGE][PASSED] - Object: 'Object Repository/FSM1/Control Centre/Create EMI Inspection/Page_JM Control Centre/span_' is clicked on

2018-11-09 09:47:46 - [TEST_STEP][PASSED] - click: Object: 'Object Repository/FSM1/Control Centre/Create EMI Inspection/Address Search/Page_JM Control Centre/Postcode Search' is clicked on

2018-11-09 09:47:49 - [MESSAGE][PASSED] - Object: 'Object Repository/FSM1/Control Centre/Create EMI Inspection/Address Search/Page_JM Control Centre/Postcode Search' is clicked on

2018-11-09 09:47:49 - [TEST_STEP][PASSED] - setText: Text 'WR5 2NQ' is set on object 'Object Repository/FSM1/PreProd/Page_JM Control Centre/PostcodeSearch'

2018-11-09 09:47:50 - [MESSAGE][PASSED] - Text 'WR5 2NQ' is set on object 'Object Repository/FSM1/PreProd/Page_JM Control Centre/PostcodeSearch'

2018-11-09 09:47:50 - [TEST_STEP][PASSED] - click: Object: 'Object Repository/FSM1/Control Centre/Create EMI Inspection/Create Address/Page_JM Control Centre (1)/SearchButton' is clicked on

2018-11-09 09:47:50 - [MESSAGE][PASSED] - Object: 'Object Repository/FSM1/Control Centre/Create EMI Inspection/Create Address/Page_JM Control Centre (1)/SearchButton' is clicked on

2018-11-09 09:47:51 - [TEST_STEP][PASSED] - Statement - FullAddress = com.kms.katalon.core.webui.keyword.WebUiBuiltInKeywords.modifyObjectProperty(com.kms.katalon.core.testobject.ObjectRepository.findTestObject(FSM1/Control Centre/Create EMI Inspection/Page_JM Control Centre/Address), "text", "equals", com.kms.katalon.core.testdata.TestDataFactory.findTestData(Pre Production/EMI/EMI Inspection Data).getValue(2, 1), true): Modify property of object successfully

2018-11-09 09:47:51 - [MESSAGE][PASSED] - Modify property of object successfully

2018-11-09 09:47:51 - [TEST_STEP][PASSED] - click: Object: 'Object Repository/FSM1/Control Centre/Create EMI Inspection/Page_JM Control Centre/Address' is clicked on

2018-11-09 09:47:52 - [MESSAGE][PASSED] - Object: 'Object Repository/FSM1/Control Centre/Create EMI Inspection/Page_JM Control Centre/Address' is clicked on

2018-11-09 09:47:52 - [TEST_STEP][PASSED] - click: Object: 'Object Repository/FSM1/Control Centre/Create EMI Inspection/Create Address/Page_JM Control Centre (2)/div_Add Selected Item' is clicked on

2018-11-09 09:47:52 - [MESSAGE][PASSED] - Object: 'Object Repository/FSM1/Control Centre/Create EMI Inspection/Create Address/Page_JM Control Centre (2)/div_Add Selected Item' is clicked on

2018-11-09 09:47:52 - [TEST_STEP][PASSED] - delay: Delayed 2 second(s)

2018-11-09 09:47:54 - [MESSAGE][PASSED] - Delayed 2 second(s)

2018-11-09 09:47:54 - [TEST_STEP][PASSED] - setText: Text 'test' is set on object 'Object Repository/FSM1/Control Centre/Create EMI Inspection/FixedResource/Page_JM Control Centre (3)/input_gwt-uid-145'

2018-11-09 09:47:55 - [MESSAGE][PASSED] - Text 'test' is set on object 'Object Repository/FSM1/Control Centre/Create EMI Inspection/FixedResource/Page_JM Control Centre (3)/input_gwt-uid-145'

2018-11-09 09:47:55 - [TEST_STEP][PASSED] - click: Object: 'Object Repository/FSM1/Control Centre/Create EMI Inspection New/Page_JM Control Centre/span_Test Inspector' is clicked on

2018-11-09 09:47:56 - [MESSAGE][PASSED] - Object: 'Object Repository/FSM1/Control Centre/Create EMI Inspection New/Page_JM Control Centre/span_Test Inspector' is clicked on

2018-11-09 09:47:56 - [TEST_STEP][PASSED] - click: Object: 'Object Repository/FSM1/Control Centre/Create EMI Inspection/Finish/Page_JM Control Centre (3)/div_Create' is clicked on

2018-11-09 09:47:56 - [MESSAGE][PASSED] - Object: 'Object Repository/FSM1/Control Centre/Create EMI Inspection/Finish/Page_JM Control Centre (3)/div_Create' is clicked on

2018-11-09 09:47:57 - [TEST_STEP][PASSED] - waitForElementPresent: Object 'Object Repository/FSM1/Control Centre/Status/Page_JM Control Centre/div_PLANNED DYNAMIC' is present

2018-11-09 09:48:06 - [MESSAGE][PASSED] - Object 'Object Repository/FSM1/Control Centre/Status/Page_JM Control Centre/div_PLANNED DYNAMIC' is present

2018-11-09 09:48:06 - [TEST_STEP][PASSED] - Statement - InspectionID = com.kms.katalon.core.webui.keyword.WebUiBuiltInKeywords.getText(com.kms.katalon.core.testobject.ObjectRepository.findTestObject(FSM1/Control Centre/Create EMI Inspection/InspectionID/Page_JM Control Centre/InspectionID)): Text of object 'Object Repository/FSM1/Control Centre/Create EMI Inspection/InspectionID/Page_JM Control Centre/InspectionID' is: 'Viewing Job 88801'

2018-11-09 09:48:06 - [MESSAGE][PASSED] - Text of object 'Object Repository/FSM1/Control Centre/Create EMI Inspection/InspectionID/Page_JM Control Centre/InspectionID' is: 'Viewing Job 88801'

2018-11-09 09:48:06 - [TEST_STEP][PASSED] - Statement - InspectionID = InspectionID.replaceAll("Viewing Job ", ""): null

2018-11-09 09:48:06 - [TEST_STEP][PASSED] - Statement - logg.logWarning(InspectionID): 88801

2018-11-09 09:48:06 - [MESSAGE][WARNING] - 88801

2018-11-09 09:48:06 - [TEST_STEP][PASSED] - Statement - temp = InspectionID: null

2018-11-09 09:48:06 - [TEST_STEP][PASSED] - delay: Delayed 160 second(s)

2018-11-09 09:50:46 - [MESSAGE][PASSED] - Delayed 160 second(s)]]></system-out>
         <system-err><![CDATA[]]></system-err>
      </testcase>
      <testcase name="Test Cases/Generic/Launch Job Manager" classname="Test Cases/Generic/Launch Job Manager" status="PASSED">
         <system-out><![CDATA[2018-11-09 09:50:46 - [TEST_CASE][PASSED] - Test Cases/Generic/Launch Job Manager: Test Cases/Generic/Launch Job Manager

2018-11-09 09:50:47 - [TEST_STEP][PASSED] - openBrowser: Browser is opened with url: ''

2018-11-09 09:50:47 - [MESSAGE][WARNING] - A browser is already opened. Closing browser and opening a new one

2018-11-09 09:50:50 - [MESSAGE][PASSED] - Browser is opened with url: ''

2018-11-09 09:50:50 - [TEST_STEP][PASSED] - navigateToUrl: Navigate to 'https://kirona-def-6.kirona.com/jmprep/jclient/jclient.html' successfully

2018-11-09 09:50:52 - [MESSAGE][PASSED] - Navigate to 'https://kirona-def-6.kirona.com/jmprep/jclient/jclient.html' successfully

2018-11-09 09:50:52 - [TEST_STEP][PASSED] - setText: Text 'KIR1' is set on object 'Object Repository/FSM1/Launch Application/Page_JClient/input_gwt-TextBox GKH2EKQBMDB'

2018-11-09 09:50:55 - [MESSAGE][PASSED] - Text 'KIR1' is set on object 'Object Repository/FSM1/Launch Application/Page_JClient/input_gwt-TextBox GKH2EKQBMDB'

2018-11-09 09:50:55 - [TEST_STEP][PASSED] - sendKeys: Keys 'ENTER + ' sent to object: 'Object Repository/FSM1/Launch Application/Page_JClient/input_gwt-TextBox GKH2EKQBMDB'

2018-11-09 09:50:55 - [MESSAGE][PASSED] - Keys 'ENTER + ' sent to object: 'Object Repository/FSM1/Launch Application/Page_JClient/input_gwt-TextBox GKH2EKQBMDB'

2018-11-09 09:50:55 - [TEST_STEP][PASSED] - click: Object: 'Object Repository/FSM1/Launch Application/Page_JClient/div_Configure App' is clicked on

2018-11-09 09:50:56 - [MESSAGE][PASSED] - Object: 'Object Repository/FSM1/Launch Application/Page_JClient/div_Configure App' is clicked on

2018-11-09 09:50:56 - [TEST_STEP][PASSED] - setText: Text 'test.inspector' is set on object 'Object Repository/FSM1/Launch Application/Page_JClient/input_gwt-TextBox GKH2EKQBNHC'

2018-11-09 09:50:57 - [MESSAGE][PASSED] - Text 'test.inspector' is set on object 'Object Repository/FSM1/Launch Application/Page_JClient/input_gwt-TextBox GKH2EKQBNHC'

2018-11-09 09:50:57 - [TEST_STEP][PASSED] - setText: Text 'Password1.' is set on object 'Object Repository/FSM1/Launch Application/Page_JClient/input_gwt-PasswordTextBox GKH2'

2018-11-09 09:50:58 - [MESSAGE][PASSED] - Text 'Password1.' is set on object 'Object Repository/FSM1/Launch Application/Page_JClient/input_gwt-PasswordTextBox GKH2'

2018-11-09 09:50:58 - [TEST_STEP][PASSED] - click: Object: 'Object Repository/FSM1/Launch Application/Page_JClient/div_Sign In' is clicked on

2018-11-09 09:50:58 - [MESSAGE][PASSED] - Object: 'Object Repository/FSM1/Launch Application/Page_JClient/div_Sign In' is clicked on

2018-11-09 09:50:58 - [TEST_STEP][PASSED] - delay: Delayed 15 second(s)

2018-11-09 09:51:13 - [MESSAGE][PASSED] - Delayed 15 second(s)]]></system-out>
         <system-err><![CDATA[]]></system-err>
      </testcase>
      <testcase name="Test Cases/Generic/Select Inspection" classname="Test Cases/Generic/Select Inspection" status="PASSED">
         <system-out><![CDATA[2018-11-09 09:51:13 - [TEST_CASE][PASSED] - Test Cases/Generic/Select Inspection: Test Cases/Generic/Select Inspection

2018-11-09 09:51:13 - [TEST_STEP][PASSED] - delay: Delayed 30 second(s)

2018-11-09 09:51:43 - [MESSAGE][PASSED] - Delayed 30 second(s)

2018-11-09 09:51:43 - [TEST_STEP][PASSED] - waitForElementClickable: Object 'Object Repository/FSM1/Select Inspection/Landing/Refresh' is clickable

2018-11-09 09:51:44 - [MESSAGE][PASSED] - Object 'Object Repository/FSM1/Select Inspection/Landing/Refresh' is clickable

2018-11-09 09:51:44 - [TEST_STEP][PASSED] - click: Object: 'Object Repository/FSM1/Select Inspection/Landing/Refresh' is clicked on

2018-11-09 09:51:44 - [MESSAGE][PASSED] - Object: 'Object Repository/FSM1/Select Inspection/Landing/Refresh' is clicked on

2018-11-09 09:51:44 - [TEST_STEP][PASSED] - waitForElementClickable: Object 'Object Repository/FSM1/Select Inspection/Landing/Refresh' is clickable

2018-11-09 09:51:45 - [MESSAGE][PASSED] - Object 'Object Repository/FSM1/Select Inspection/Landing/Refresh' is clickable

2018-11-09 09:51:45 - [TEST_STEP][NOT_RUN] - delay: NOT_RUN: delay

2018-11-09 09:51:45 - [MESSAGE][NOT_RUN] - NOT_RUN: delay

2018-11-09 09:51:45 - [TEST_STEP][PASSED] - Statement - InspectionRef = com.kms.katalon.core.webui.keyword.WebUiBuiltInKeywords.modifyObjectProperty(com.kms.katalon.core.testobject.ObjectRepository.findTestObject(FSM1/Select Inspection/Landing/Page_JClient/div_35098), "text", "equals", temp, true, STOP_ON_FAILURE): Modify property of object successfully

2018-11-09 09:51:45 - [MESSAGE][PASSED] - Modify property of object successfully

2018-11-09 09:51:45 - [TEST_STEP][PASSED] - delay: Delayed 20 second(s)

2018-11-09 09:52:05 - [MESSAGE][PASSED] - Delayed 20 second(s)

2018-11-09 09:52:05 - [TEST_STEP][PASSED] - Statement - If (com.kms.katalon.core.webui.keyword.WebUiBuiltInKeywords.verifyElementPresent(InspectionRef, 30, OPTIONAL)): Object: 'Object Repository/FSM1/Select Inspection/Landing/Page_JClient/div_35098' is clicked on

2018-11-09 09:52:05 - [MESSAGE][PASSED] - Object 'Object Repository/FSM1/Select Inspection/Landing/Page_JClient/div_35098' is present

2018-11-09 09:52:05 - [TEST_STEP][PASSED] - delay: Delayed 3 second(s)

2018-11-09 09:52:08 - [MESSAGE][PASSED] - Delayed 3 second(s)

2018-11-09 09:52:08 - [TEST_STEP][PASSED] - click: Object: 'Object Repository/FSM1/Select Inspection/Landing/Page_JClient/div_35098' is clicked on

2018-11-09 09:52:08 - [MESSAGE][PASSED] - Object: 'Object Repository/FSM1/Select Inspection/Landing/Page_JClient/div_35098' is clicked on

2018-11-09 09:52:08 - [TEST_STEP][PASSED] - click: Object: 'Object Repository/FSM1/Select Inspection/Page_JClient/div_WITH OPERATIVE' is clicked on

2018-11-09 09:52:09 - [MESSAGE][PASSED] - Object: 'Object Repository/FSM1/Select Inspection/Page_JClient/div_WITH OPERATIVE' is clicked on

2018-11-09 09:52:09 - [TEST_STEP][PASSED] - delay: Delayed 2 second(s)

2018-11-09 09:52:11 - [MESSAGE][PASSED] - Delayed 2 second(s)

2018-11-09 09:52:11 - [TEST_STEP][PASSED] - click: Object: 'Object Repository/FSM1/Select Inspection/Page_JClient/div_TRAVELLING' is clicked on

2018-11-09 09:52:11 - [MESSAGE][PASSED] - Object: 'Object Repository/FSM1/Select Inspection/Page_JClient/div_TRAVELLING' is clicked on

2018-11-09 09:52:11 - [TEST_STEP][PASSED] - delay: Delayed 2 second(s)

2018-11-09 09:52:13 - [MESSAGE][PASSED] - Delayed 2 second(s)

2018-11-09 09:52:13 - [TEST_STEP][PASSED] - click: Object: 'Object Repository/FSM1/Select Inspection/Page_JClient/div_TRAVELLING' is clicked on

2018-11-09 09:52:14 - [MESSAGE][PASSED] - Object: 'Object Repository/FSM1/Select Inspection/Page_JClient/div_TRAVELLING' is clicked on

2018-11-09 09:52:14 - [TEST_STEP][PASSED] - delay: Delayed 2 second(s)

2018-11-09 09:52:16 - [MESSAGE][PASSED] - Delayed 2 second(s)

2018-11-09 09:52:16 - [TEST_STEP][PASSED] - click: Object: 'Object Repository/FSM1/Select Inspection/Page_JClient/div_ARRIVED' is clicked on

2018-11-09 09:52:16 - [MESSAGE][PASSED] - Object: 'Object Repository/FSM1/Select Inspection/Page_JClient/div_ARRIVED' is clicked on

2018-11-09 09:52:16 - [TEST_STEP][PASSED] - delay: Delayed 2 second(s)

2018-11-09 09:52:18 - [MESSAGE][PASSED] - Delayed 2 second(s)

2018-11-09 09:52:18 - [TEST_STEP][PASSED] - click: Object: 'Object Repository/FSM1/Select Inspection/Page_JClient/div_ARRIVED' is clicked on

2018-11-09 09:52:18 - [MESSAGE][PASSED] - Object: 'Object Repository/FSM1/Select Inspection/Page_JClient/div_ARRIVED' is clicked on

2018-11-09 09:52:18 - [TEST_STEP][PASSED] - delay: Delayed 4 second(s)

2018-11-09 09:52:22 - [MESSAGE][PASSED] - Delayed 4 second(s)

2018-11-09 09:52:22 - [TEST_STEP][PASSED] - click: Object: 'Object Repository/FSM1/Select Inspection/Page_JClient/div_STARTED' is clicked on

2018-11-09 09:52:22 - [MESSAGE][PASSED] - Object: 'Object Repository/FSM1/Select Inspection/Page_JClient/div_STARTED' is clicked on

2018-11-09 09:52:22 - [TEST_STEP][PASSED] - delay: Delayed 2 second(s)

2018-11-09 09:52:24 - [MESSAGE][PASSED] - Delayed 2 second(s)]]></system-out>
         <system-err><![CDATA[]]></system-err>
      </testcase>
      <testcase name="Test Cases/EMI/Complete EMI Inspection - Edit Attributes" classname="Test Cases/EMI/Complete EMI Inspection - Edit Attributes" status="PASSED">
         <system-out><![CDATA[2018-11-09 09:52:24 - [TEST_CASE][PASSED] - Test Cases/EMI/Complete EMI Inspection - Edit Attributes: Test Cases/EMI/Complete EMI Inspection - Edit Attributes

2018-11-09 09:52:25 - [TEST_STEP][PASSED] - Statement - log = new com.kms.katalon.core.logging.KeywordLogger(): null

2018-11-09 09:52:25 - [TEST_STEP][PASSED] - click: Object: 'Object Repository/FSM1/Select Inspection/Landing/Page_JClient (2)/div_Edit attributes' is clicked on

2018-11-09 09:52:26 - [MESSAGE][PASSED] - Object: 'Object Repository/FSM1/Select Inspection/Landing/Page_JClient (2)/div_Edit attributes' is clicked on

2018-11-09 09:52:26 - [TEST_STEP][PASSED] - delay: Delayed 2 second(s)

2018-11-09 09:52:28 - [MESSAGE][PASSED] - Delayed 2 second(s)

2018-11-09 09:52:28 - [TEST_STEP][PASSED] - verifyElementPresent: Object 'Object Repository/FSM1/Complete Egg Inspection/Page_JClient/div_Mr Automation' is present

2018-11-09 09:52:28 - [MESSAGE][WARNING] - Timeout '0' is invalid. Using default page load timeout: '30'

2018-11-09 09:52:28 - [MESSAGE][PASSED] - Object 'Object Repository/FSM1/Complete Egg Inspection/Page_JClient/div_Mr Automation' is present

2018-11-09 09:52:28 - [TEST_STEP][PASSED] - verifyElementPresent: Object 'Object Repository/FSM1/Complete Egg Inspection/Page_JClient/div_111' is present

2018-11-09 09:52:28 - [MESSAGE][WARNING] - Timeout '0' is invalid. Using default page load timeout: '30'

2018-11-09 09:52:28 - [MESSAGE][PASSED] - Object 'Object Repository/FSM1/Complete Egg Inspection/Page_JClient/div_111' is present

2018-11-09 09:52:28 - [TEST_STEP][PASSED] - verifyElementPresent: Object 'Object Repository/FSM1/Complete Egg Inspection/Page_JClient/div_222' is present

2018-11-09 09:52:28 - [MESSAGE][WARNING] - Timeout '0' is invalid. Using default page load timeout: '30'

2018-11-09 09:52:28 - [MESSAGE][PASSED] - Object 'Object Repository/FSM1/Complete Egg Inspection/Page_JClient/div_222' is present

2018-11-09 09:52:28 - [TEST_STEP][PASSED] - click: Object: 'Object Repository/FSM1/Complete Egg Inspection/Page_JClient/div_Business TypeAUCTION MARKE' is clicked on

2018-11-09 09:52:28 - [MESSAGE][PASSED] - Object: 'Object Repository/FSM1/Complete Egg Inspection/Page_JClient/div_Business TypeAUCTION MARKE' is clicked on

2018-11-09 09:52:28 - [TEST_STEP][NOT_RUN] - click: NOT_RUN: click

2018-11-09 09:52:28 - [MESSAGE][NOT_RUN] - NOT_RUN: click

2018-11-09 09:52:28 - [TEST_STEP][PASSED] - setText: Text '99/888/7777' is set on object 'Object Repository/FSM1/Complete Egg Inspection/Page_JClient/input_gwt-TextBox GKH2EKQBOHC (1)'

2018-11-09 09:52:29 - [MESSAGE][PASSED] - Text '99/888/7777' is set on object 'Object Repository/FSM1/Complete Egg Inspection/Page_JClient/input_gwt-TextBox GKH2EKQBOHC (1)'

2018-11-09 09:52:29 - [TEST_STEP][PASSED] - delay: Delayed 3 second(s)

2018-11-09 09:52:32 - [MESSAGE][PASSED] - Delayed 3 second(s)

2018-11-09 09:52:32 - [TEST_STEP][NOT_RUN] - check: NOT_RUN: check

2018-11-09 09:52:32 - [MESSAGE][NOT_RUN] - NOT_RUN: check

2018-11-09 09:52:32 - [TEST_STEP][NOT_RUN] - setText: NOT_RUN: setText

2018-11-09 09:52:32 - [MESSAGE][NOT_RUN] - NOT_RUN: setText

2018-11-09 09:52:32 - [TEST_STEP][NOT_RUN] - setText: NOT_RUN: setText

2018-11-09 09:52:32 - [MESSAGE][NOT_RUN] - NOT_RUN: setText

2018-11-09 09:52:32 - [TEST_STEP][NOT_RUN] - sendKeys: NOT_RUN: sendKeys

2018-11-09 09:52:32 - [MESSAGE][NOT_RUN] - NOT_RUN: sendKeys

2018-11-09 09:52:32 - [TEST_STEP][NOT_RUN] - setText: NOT_RUN: setText

2018-11-09 09:52:32 - [MESSAGE][NOT_RUN] - NOT_RUN: setText

2018-11-09 09:52:32 - [TEST_STEP][PASSED] - setText: Text 'Egg Automation' is set on object 'Object Repository/FSM1/Complete Egg Inspection/Edit Job Details/Page_JClient/TradingName'

2018-11-09 09:52:32 - [MESSAGE][PASSED] - Text 'Egg Automation' is set on object 'Object Repository/FSM1/Complete Egg Inspection/Edit Job Details/Page_JClient/TradingName'

2018-11-09 09:52:32 - [TEST_STEP][PASSED] - click: Object: 'Object Repository/FSM1/Complete Egg Inspection/Edit Job Details/Page_JClient (6)/EggThroughput' is clicked on

2018-11-09 09:52:32 - [MESSAGE][PASSED] - Object: 'Object Repository/FSM1/Complete Egg Inspection/Edit Job Details/Page_JClient (6)/EggThroughput' is clicked on

2018-11-09 09:52:32 - [TEST_STEP][PASSED] - delay: Delayed 2 second(s)

2018-11-09 09:52:34 - [MESSAGE][PASSED] - Delayed 2 second(s)

2018-11-09 09:52:34 - [TEST_STEP][PASSED] - setText: Text '100' is set on object 'Object Repository/FSM1/Complete Egg Inspection/EggThroughput/Page_JClient/input_gwt-DoubleBox GKH2EKQBOH'

2018-11-09 09:52:35 - [MESSAGE][PASSED] - Text '100' is set on object 'Object Repository/FSM1/Complete Egg Inspection/EggThroughput/Page_JClient/input_gwt-DoubleBox GKH2EKQBOH'

2018-11-09 09:52:35 - [TEST_STEP][PASSED] - setText: Text '90' is set on object 'Object Repository/FSM1/Complete Egg Inspection/Edit Job Details/Page_JClient (2)/PackerRegularFreeRange'

2018-11-09 09:52:35 - [MESSAGE][PASSED] - Text '90' is set on object 'Object Repository/FSM1/Complete Egg Inspection/Edit Job Details/Page_JClient (2)/PackerRegularFreeRange'

2018-11-09 09:52:35 - [TEST_STEP][PASSED] - setText: Text '80' is set on object 'Object Repository/FSM1/Complete Egg Inspection/Edit Job Details/Page_JClient (2)/PackerRegularBarn'

2018-11-09 09:52:35 - [MESSAGE][PASSED] - Text '80' is set on object 'Object Repository/FSM1/Complete Egg Inspection/Edit Job Details/Page_JClient (2)/PackerRegularBarn'

2018-11-09 09:52:35 - [TEST_STEP][PASSED] - setText: Text '70' is set on object 'Object Repository/FSM1/Complete Egg Inspection/Edit Job Details/Page_JClient (2)/PackerRegularCageEnriched'

2018-11-09 09:52:35 - [MESSAGE][PASSED] - Text '70' is set on object 'Object Repository/FSM1/Complete Egg Inspection/Edit Job Details/Page_JClient (2)/PackerRegularCageEnriched'

2018-11-09 09:52:35 - [TEST_STEP][PASSED] - setText: Text '60' is set on object 'Object Repository/FSM1/Complete Egg Inspection/Edit Job Details/Page_JClient (2)/PackerImporterOrganic'

2018-11-09 09:52:36 - [MESSAGE][PASSED] - Text '60' is set on object 'Object Repository/FSM1/Complete Egg Inspection/Edit Job Details/Page_JClient (2)/PackerImporterOrganic'

2018-11-09 09:52:36 - [TEST_STEP][PASSED] - setText: Text '70' is set on object 'Object Repository/FSM1/Complete Egg Inspection/Edit Job Details/Page_JClient (2)/PackerImporterFreeRange'

2018-11-09 09:52:36 - [MESSAGE][PASSED] - Text '70' is set on object 'Object Repository/FSM1/Complete Egg Inspection/Edit Job Details/Page_JClient (2)/PackerImporterFreeRange'

2018-11-09 09:52:36 - [TEST_STEP][PASSED] - setText: Text '50' is set on object 'Object Repository/FSM1/Complete Egg Inspection/Edit Job Details/Page_JClient (2)/PackerImporterBarn'

2018-11-09 09:52:36 - [MESSAGE][PASSED] - Text '50' is set on object 'Object Repository/FSM1/Complete Egg Inspection/Edit Job Details/Page_JClient (2)/PackerImporterBarn'

2018-11-09 09:52:36 - [TEST_STEP][PASSED] - setText: Text '50' is set on object 'Object Repository/FSM1/Complete Egg Inspection/Edit Job Details/Page_JClient (2)/PackerImporterCageEnriched'

2018-11-09 09:52:36 - [MESSAGE][PASSED] - Text '50' is set on object 'Object Repository/FSM1/Complete Egg Inspection/Edit Job Details/Page_JClient (2)/PackerImporterCageEnriched'

2018-11-09 09:52:36 - [TEST_STEP][PASSED] - setText: Text '11' is set on object 'Object Repository/FSM1/Complete Egg Inspection/Edit Job Details/Page_JClient (2)/ThroughputChangedUK'

2018-11-09 09:52:37 - [MESSAGE][PASSED] - Text '11' is set on object 'Object Repository/FSM1/Complete Egg Inspection/Edit Job Details/Page_JClient (2)/ThroughputChangedUK'

2018-11-09 09:52:37 - [TEST_STEP][PASSED] - setText: Text '12' is set on object 'Object Repository/FSM1/Complete Egg Inspection/Edit Job Details/Page_JClient (2)/ThroughputChangedImported'

2018-11-09 09:52:37 - [MESSAGE][PASSED] - Text '12' is set on object 'Object Repository/FSM1/Complete Egg Inspection/Edit Job Details/Page_JClient (2)/ThroughputChangedImported'

2018-11-09 09:52:37 - [TEST_STEP][PASSED] - selectOptionByValue: All options with value 'COMPLIANCE' are selected in object 'Object Repository/FSM1/Complete Egg Inspection/Page_JClient/select_Compliance (Schedule  A'  using regular expression

2018-11-09 09:52:38 - [MESSAGE][PASSED] - All options with value 'COMPLIANCE' are selected in object 'Object Repository/FSM1/Complete Egg Inspection/Page_JClient/select_Compliance (Schedule  A'  using regular expression

2018-11-09 09:52:38 - [TEST_STEP][PASSED] - setText: Text '9' is set on object 'Object Repository/FSM1/Complete Egg Inspection/Edit Job Details/Page_JClient (2)/WholeSalerRegularOrganic'

2018-11-09 09:52:38 - [MESSAGE][PASSED] - Text '9' is set on object 'Object Repository/FSM1/Complete Egg Inspection/Edit Job Details/Page_JClient (2)/WholeSalerRegularOrganic'

2018-11-09 09:52:38 - [TEST_STEP][PASSED] - setText: Text '8' is set on object 'Object Repository/FSM1/Complete Egg Inspection/Edit Job Details/Page_JClient (2)/WholeSalerRegularFreeRange'

2018-11-09 09:52:38 - [MESSAGE][PASSED] - Text '8' is set on object 'Object Repository/FSM1/Complete Egg Inspection/Edit Job Details/Page_JClient (2)/WholeSalerRegularFreeRange'

2018-11-09 09:52:38 - [TEST_STEP][PASSED] - setText: Text '7' is set on object 'Object Repository/FSM1/Complete Egg Inspection/Edit Job Details/Page_JClient (2)/WholeSalerRegularBarn'

2018-11-09 09:52:38 - [MESSAGE][PASSED] - Text '7' is set on object 'Object Repository/FSM1/Complete Egg Inspection/Edit Job Details/Page_JClient (2)/WholeSalerRegularBarn'

2018-11-09 09:52:38 - [TEST_STEP][PASSED] - click: Object: 'Object Repository/FSM1/Complete Egg Inspection/Signatures/Page_JClient (1)/div_Signatures  Remarks' is clicked on

2018-11-09 09:52:39 - [MESSAGE][PASSED] - Object: 'Object Repository/FSM1/Complete Egg Inspection/Signatures/Page_JClient (1)/div_Signatures  Remarks' is clicked on

2018-11-09 09:52:39 - [TEST_STEP][PASSED] - delay: Delayed 2 second(s)

2018-11-09 09:52:41 - [MESSAGE][PASSED] - Delayed 2 second(s)

2018-11-09 09:52:41 - [TEST_STEP][PASSED] - click: Object: 'Object Repository/FSM1/Complete Egg Inspection/Signatures/Page_JClient (4)/InspectorSignature1' is clicked on

2018-11-09 09:52:41 - [MESSAGE][PASSED] - Object: 'Object Repository/FSM1/Complete Egg Inspection/Signatures/Page_JClient (4)/InspectorSignature1' is clicked on

2018-11-09 09:52:41 - [TEST_STEP][PASSED] - click: Object: 'Object Repository/FSM1/Complete Egg Inspection/Signatures/Page_JClient (1)/div_My JobsLast updated 1518Da' is clicked on

2018-11-09 09:52:42 - [MESSAGE][PASSED] - Object: 'Object Repository/FSM1/Complete Egg Inspection/Signatures/Page_JClient (1)/div_My JobsLast updated 1518Da' is clicked on

2018-11-09 09:52:42 - [TEST_STEP][PASSED] - delay: Delayed 3 second(s)

2018-11-09 09:52:45 - [MESSAGE][PASSED] - Delayed 3 second(s)

2018-11-09 09:52:45 - [TEST_STEP][PASSED] - click: Object: 'Object Repository/FSM1/Complete Egg Inspection/Signatures/Page_JClient (3)/RecipientSignature' is clicked on

2018-11-09 09:52:45 - [MESSAGE][PASSED] - Object: 'Object Repository/FSM1/Complete Egg Inspection/Signatures/Page_JClient (3)/RecipientSignature' is clicked on

2018-11-09 09:52:45 - [TEST_STEP][PASSED] - click: Object: 'Object Repository/FSM1/Complete Egg Inspection/Signatures/Page_JClient (1)/div_My JobsLast updated 1518Da' is clicked on

2018-11-09 09:52:46 - [MESSAGE][PASSED] - Object: 'Object Repository/FSM1/Complete Egg Inspection/Signatures/Page_JClient (1)/div_My JobsLast updated 1518Da' is clicked on

2018-11-09 09:52:46 - [TEST_STEP][PASSED] - delay: Delayed 5 second(s)

2018-11-09 09:52:52 - [MESSAGE][PASSED] - Delayed 5 second(s)

2018-11-09 09:52:52 - [TEST_STEP][PASSED] - setText: Text 'Test Automation' is set on object 'Object Repository/FSM1/Complete Egg Inspection/Signatures/Page_JClient (6)/RecipientName2'

2018-11-09 09:52:52 - [MESSAGE][PASSED] - Text 'Test Automation' is set on object 'Object Repository/FSM1/Complete Egg Inspection/Signatures/Page_JClient (6)/RecipientName2'

2018-11-09 09:52:52 - [TEST_STEP][PASSED] - click: Object: 'Object Repository/FSM1/Complete Egg Inspection/Signatures/Page_JClient (8)/label_Business Owner' is clicked on

2018-11-09 09:52:52 - [MESSAGE][PASSED] - Object: 'Object Repository/FSM1/Complete Egg Inspection/Signatures/Page_JClient (8)/label_Business Owner' is clicked on

2018-11-09 09:52:52 - [TEST_STEP][PASSED] - delay: Delayed 2 second(s)

2018-11-09 09:52:54 - [MESSAGE][PASSED] - Delayed 2 second(s)

2018-11-09 09:52:54 - [TEST_STEP][PASSED] - click: Object: 'Object Repository/FSM1/Complete Egg Inspection/Signatures/Page_JClient (10)/Save' is clicked on

2018-11-09 09:52:54 - [MESSAGE][PASSED] - Object: 'Object Repository/FSM1/Complete Egg Inspection/Signatures/Page_JClient (10)/Save' is clicked on

2018-11-09 09:52:54 - [TEST_STEP][PASSED] - delay: Delayed 3 second(s)

2018-11-09 09:52:57 - [MESSAGE][PASSED] - Delayed 3 second(s)

2018-11-09 09:52:57 - [TEST_STEP][PASSED] - click: Object: 'Object Repository/FSM1/Complete Egg Inspection/Edit Job Details/Page_JClient (7)/div_Save_edit_details' is clicked on

2018-11-09 09:52:58 - [MESSAGE][PASSED] - Object: 'Object Repository/FSM1/Complete Egg Inspection/Edit Job Details/Page_JClient (7)/div_Save_edit_details' is clicked on

2018-11-09 09:52:58 - [TEST_STEP][PASSED] - delay: Delayed 2 second(s)

2018-11-09 09:53:00 - [MESSAGE][PASSED] - Delayed 2 second(s)]]></system-out>
         <system-err><![CDATA[]]></system-err>
      </testcase>
      <testcase name="Test Cases/EMI/Complete EMI Inspection - Data Capture" classname="Test Cases/EMI/Complete EMI Inspection - Data Capture" status="PASSED">
         <system-out><![CDATA[2018-11-09 09:53:00 - [TEST_CASE][PASSED] - Test Cases/EMI/Complete EMI Inspection - Data Capture: Test Cases/EMI/Complete EMI Inspection - Data Capture

2018-11-09 09:53:00 - [TEST_STEP][PASSED] - click: Object: 'Object Repository/FSM1/Complete Egg Inspection/Data Capture/Page_JClient/div_Data Capture' is clicked on

2018-11-09 09:53:01 - [MESSAGE][PASSED] - Object: 'Object Repository/FSM1/Complete Egg Inspection/Data Capture/Page_JClient/div_Data Capture' is clicked on

2018-11-09 09:53:01 - [TEST_STEP][PASSED] - click: Object: 'Object Repository/FSM1/Complete Egg Inspection/Data Capture/Page_JClient/div_Packer' is clicked on

2018-11-09 09:53:01 - [MESSAGE][PASSED] - Object: 'Object Repository/FSM1/Complete Egg Inspection/Data Capture/Page_JClient/div_Packer' is clicked on

2018-11-09 09:53:01 - [TEST_STEP][PASSED] - click: Object: 'Object Repository/FSM1/PreProd/Page_JClient/CreateButton' is clicked on

2018-11-09 09:53:02 - [MESSAGE][PASSED] - Object: 'Object Repository/FSM1/PreProd/Page_JClient/CreateButton' is clicked on

2018-11-09 09:53:02 - [TEST_STEP][PASSED] - selectOptionByValue: All options with value 'CAT' are selected in object 'Object Repository/FSM1/Complete Egg Inspection/Data Capture/Page_JClient/InspectionCode1'  using regular expression

2018-11-09 09:53:04 - [MESSAGE][PASSED] - All options with value 'CAT' are selected in object 'Object Repository/FSM1/Complete Egg Inspection/Data Capture/Page_JClient/InspectionCode1'  using regular expression

2018-11-09 09:53:04 - [TEST_STEP][PASSED] - setText: Text '25' is set on object 'Object Repository/FSM1/Complete Egg Inspection/Data Capture/Page_JClient/input_gwt-DoubleBox GKH2EKQBOH'

2018-11-09 09:53:04 - [MESSAGE][PASSED] - Text '25' is set on object 'Object Repository/FSM1/Complete Egg Inspection/Data Capture/Page_JClient/input_gwt-DoubleBox GKH2EKQBOH'

2018-11-09 09:53:04 - [TEST_STEP][PASSED] - delay: Delayed 2 second(s)

2018-11-09 09:53:06 - [MESSAGE][PASSED] - Delayed 2 second(s)

2018-11-09 09:53:06 - [TEST_STEP][PASSED] - check: Object 'Object Repository/FSM1/Complete Egg Inspection/Data Capture/Data Capture Packer/Page_JClient (6)/span_Na' is checked

2018-11-09 09:53:07 - [MESSAGE][PASSED] - Object 'Object Repository/FSM1/Complete Egg Inspection/Data Capture/Data Capture Packer/Page_JClient (6)/span_Na' is checked

2018-11-09 09:53:07 - [TEST_STEP][PASSED] - delay: Delayed 2 second(s)

2018-11-09 09:53:09 - [MESSAGE][PASSED] - Delayed 2 second(s)

2018-11-09 09:53:09 - [TEST_STEP][PASSED] - click: Object: 'Object Repository/FSM1/Complete Egg Inspection/Data Capture/Data Capture Packer/Page_JClient (6)/Page_JClient/Premises Compliant - Yes' is clicked on

2018-11-09 09:53:09 - [MESSAGE][PASSED] - Object: 'Object Repository/FSM1/Complete Egg Inspection/Data Capture/Data Capture Packer/Page_JClient (6)/Page_JClient/Premises Compliant - Yes' is clicked on

2018-11-09 09:53:09 - [TEST_STEP][NOT_RUN] - setText: NOT_RUN: setText

2018-11-09 09:53:09 - [MESSAGE][NOT_RUN] - NOT_RUN: setText

2018-11-09 09:53:09 - [TEST_STEP][PASSED] - click: Object: 'Object Repository/FSM1/Complete Egg Inspection/Data Capture/Data Capture Packer/Page_JClient/Equipment Compliant - No' is clicked on

2018-11-09 09:53:09 - [MESSAGE][PASSED] - Object: 'Object Repository/FSM1/Complete Egg Inspection/Data Capture/Data Capture Packer/Page_JClient/Equipment Compliant - No' is clicked on

2018-11-09 09:53:09 - [TEST_STEP][PASSED] - click: Object: 'Object Repository/FSM1/Complete Egg Inspection/Data Capture/Data Capture Packer/Page_JClient/Equipment - Low Risk - equipment not compliant' is clicked on

2018-11-09 09:53:09 - [MESSAGE][PASSED] - Object: 'Object Repository/FSM1/Complete Egg Inspection/Data Capture/Data Capture Packer/Page_JClient/Equipment - Low Risk - equipment not compliant' is clicked on

2018-11-09 09:53:09 - [TEST_STEP][PASSED] - setText: Text 'Test Automation' is set on object 'Object Repository/FSM1/Complete Egg Inspection/Data Capture/Data Capture Packer/Page_JClient/Equipment - Notes and Comments'

2018-11-09 09:53:10 - [MESSAGE][PASSED] - Text 'Test Automation' is set on object 'Object Repository/FSM1/Complete Egg Inspection/Data Capture/Data Capture Packer/Page_JClient/Equipment - Notes and Comments'

2018-11-09 09:53:10 - [TEST_STEP][PASSED] - click: Object: 'Object Repository/FSM1/Complete Egg Inspection/Data Capture/Data Capture Packer/Page_JClient/Quality Compliant - No' is clicked on

2018-11-09 09:53:10 - [MESSAGE][PASSED] - Object: 'Object Repository/FSM1/Complete Egg Inspection/Data Capture/Data Capture Packer/Page_JClient/Quality Compliant - No' is clicked on

2018-11-09 09:53:10 - [TEST_STEP][PASSED] - click: Object: 'Object Repository/FSM1/Complete Egg Inspection/Data Capture/Data Capture Packer/Page_JClient/Quality - Low Risk - Poor Quality' is clicked on

2018-11-09 09:53:10 - [MESSAGE][PASSED] - Object: 'Object Repository/FSM1/Complete Egg Inspection/Data Capture/Data Capture Packer/Page_JClient/Quality - Low Risk - Poor Quality' is clicked on

2018-11-09 09:53:10 - [TEST_STEP][PASSED] - setText: Text 'Test Automation' is set on object 'Object Repository/FSM1/Complete Egg Inspection/Data Capture/Data Capture Packer/Page_JClient/Quality - Notes and Comments'

2018-11-09 09:53:11 - [MESSAGE][PASSED] - Text 'Test Automation' is set on object 'Object Repository/FSM1/Complete Egg Inspection/Data Capture/Data Capture Packer/Page_JClient/Quality - Notes and Comments'

2018-11-09 09:53:11 - [TEST_STEP][PASSED] - click: Object: 'Object Repository/FSM1/Complete Egg Inspection/Data Capture/Data Capture Packer/Page_JClient/Weight Compliant - No' is clicked on

2018-11-09 09:53:11 - [MESSAGE][PASSED] - Object: 'Object Repository/FSM1/Complete Egg Inspection/Data Capture/Data Capture Packer/Page_JClient/Weight Compliant - No' is clicked on

2018-11-09 09:53:11 - [TEST_STEP][PASSED] - click: Object: 'Object Repository/FSM1/Complete Egg Inspection/Data Capture/Data Capture Packer/Page_JClient/Weight - Low to Medium Risk' is clicked on

2018-11-09 09:53:11 - [MESSAGE][PASSED] - Object: 'Object Repository/FSM1/Complete Egg Inspection/Data Capture/Data Capture Packer/Page_JClient/Weight - Low to Medium Risk' is clicked on

2018-11-09 09:53:11 - [TEST_STEP][PASSED] - setText: Text 'Test Automation' is set on object 'Object Repository/FSM1/Complete Egg Inspection/Data Capture/Data Capture Packer/Page_JClient/Weight - Notes and Comments'

2018-11-09 09:53:12 - [MESSAGE][PASSED] - Text 'Test Automation' is set on object 'Object Repository/FSM1/Complete Egg Inspection/Data Capture/Data Capture Packer/Page_JClient/Weight - Notes and Comments'

2018-11-09 09:53:12 - [TEST_STEP][PASSED] - click: Object: 'Object Repository/FSM1/Complete Egg Inspection/Data Capture/Data Capture Packer/Page_JClient/Marking Compliant - No' is clicked on

2018-11-09 09:53:12 - [MESSAGE][PASSED] - Object: 'Object Repository/FSM1/Complete Egg Inspection/Data Capture/Data Capture Packer/Page_JClient/Marking Compliant - No' is clicked on

2018-11-09 09:53:12 - [TEST_STEP][PASSED] - click: Object: 'Object Repository/FSM1/Complete Egg Inspection/Data Capture/Data Capture Packer/Page_JClient/Marking - Low to Medium Risk' is clicked on

2018-11-09 09:53:12 - [MESSAGE][PASSED] - Object: 'Object Repository/FSM1/Complete Egg Inspection/Data Capture/Data Capture Packer/Page_JClient/Marking - Low to Medium Risk' is clicked on

2018-11-09 09:53:12 - [TEST_STEP][PASSED] - setText: Text 'Test Automation' is set on object 'Object Repository/FSM1/Complete Egg Inspection/Data Capture/Data Capture Packer/Page_JClient/Marking - Notes and Comments'

2018-11-09 09:53:13 - [MESSAGE][PASSED] - Text 'Test Automation' is set on object 'Object Repository/FSM1/Complete Egg Inspection/Data Capture/Data Capture Packer/Page_JClient/Marking - Notes and Comments'

2018-11-09 09:53:13 - [TEST_STEP][PASSED] - click: Object: 'Object Repository/FSM1/Complete Egg Inspection/Data Capture/Data Capture Packer/Page_JClient/Grading Compliant - No' is clicked on

2018-11-09 09:53:13 - [MESSAGE][PASSED] - Object: 'Object Repository/FSM1/Complete Egg Inspection/Data Capture/Data Capture Packer/Page_JClient/Grading Compliant - No' is clicked on

2018-11-09 09:53:13 - [TEST_STEP][PASSED] - click: Object: 'Object Repository/FSM1/Complete Egg Inspection/Data Capture/Data Capture Packer/Page_JClient/Grading - Low to Medium' is clicked on

2018-11-09 09:53:13 - [MESSAGE][PASSED] - Object: 'Object Repository/FSM1/Complete Egg Inspection/Data Capture/Data Capture Packer/Page_JClient/Grading - Low to Medium' is clicked on

2018-11-09 09:53:13 - [TEST_STEP][PASSED] - setText: Text 'Test Automation' is set on object 'Object Repository/FSM1/Complete Egg Inspection/Data Capture/Data Capture Packer/Page_JClient/Grading - Notes and Comments'

2018-11-09 09:53:14 - [MESSAGE][PASSED] - Text 'Test Automation' is set on object 'Object Repository/FSM1/Complete Egg Inspection/Data Capture/Data Capture Packer/Page_JClient/Grading - Notes and Comments'

2018-11-09 09:53:14 - [TEST_STEP][PASSED] - click: Object: 'Object Repository/FSM1/Complete Egg Inspection/Data Capture/Data Capture Packer/Page_JClient/Packing Compliant - No' is clicked on

2018-11-09 09:53:14 - [MESSAGE][PASSED] - Object: 'Object Repository/FSM1/Complete Egg Inspection/Data Capture/Data Capture Packer/Page_JClient/Packing Compliant - No' is clicked on

2018-11-09 09:53:14 - [TEST_STEP][PASSED] - click: Object: 'Object Repository/FSM1/Complete Egg Inspection/Data Capture/Data Capture Packer/Page_JClient/Packing - Low to Medium' is clicked on

2018-11-09 09:53:14 - [MESSAGE][PASSED] - Object: 'Object Repository/FSM1/Complete Egg Inspection/Data Capture/Data Capture Packer/Page_JClient/Packing - Low to Medium' is clicked on

2018-11-09 09:53:14 - [TEST_STEP][PASSED] - setText: Text 'Test Automation' is set on object 'Object Repository/FSM1/Complete Egg Inspection/Data Capture/Data Capture Packer/Page_JClient/Packing - Notes and Comments'

2018-11-09 09:53:14 - [MESSAGE][PASSED] - Text 'Test Automation' is set on object 'Object Repository/FSM1/Complete Egg Inspection/Data Capture/Data Capture Packer/Page_JClient/Packing - Notes and Comments'

2018-11-09 09:53:14 - [TEST_STEP][PASSED] - click: Object: 'Object Repository/FSM1/Complete Egg Inspection/Data Capture/Data Capture Packer/Page_JClient/Labelling Compliant - No' is clicked on

2018-11-09 09:53:15 - [MESSAGE][PASSED] - Object: 'Object Repository/FSM1/Complete Egg Inspection/Data Capture/Data Capture Packer/Page_JClient/Labelling Compliant - No' is clicked on

2018-11-09 09:53:15 - [TEST_STEP][PASSED] - click: Object: 'Object Repository/FSM1/Complete Egg Inspection/Data Capture/Data Capture Packer/Page_JClient/Labelling - Low Risk' is clicked on

2018-11-09 09:53:15 - [MESSAGE][PASSED] - Object: 'Object Repository/FSM1/Complete Egg Inspection/Data Capture/Data Capture Packer/Page_JClient/Labelling - Low Risk' is clicked on

2018-11-09 09:53:15 - [TEST_STEP][PASSED] - setText: Text 'Test Automation' is set on object 'Object Repository/FSM1/Complete Egg Inspection/Data Capture/Data Capture Packer/Page_JClient/Labelling - Notes and Comments'

2018-11-09 09:53:15 - [MESSAGE][PASSED] - Text 'Test Automation' is set on object 'Object Repository/FSM1/Complete Egg Inspection/Data Capture/Data Capture Packer/Page_JClient/Labelling - Notes and Comments'

2018-11-09 09:53:15 - [TEST_STEP][PASSED] - click: Object: 'Object Repository/FSM1/Complete Egg Inspection/Data Capture/Data Capture Packer/Page_JClient/Records Compliant - No' is clicked on

2018-11-09 09:53:16 - [MESSAGE][PASSED] - Object: 'Object Repository/FSM1/Complete Egg Inspection/Data Capture/Data Capture Packer/Page_JClient/Records Compliant - No' is clicked on

2018-11-09 09:53:16 - [TEST_STEP][PASSED] - click: Object: 'Object Repository/FSM1/Complete Egg Inspection/Data Capture/Data Capture Packer/Page_JClient/Records - Low Risk' is clicked on

2018-11-09 09:53:16 - [MESSAGE][PASSED] - Object: 'Object Repository/FSM1/Complete Egg Inspection/Data Capture/Data Capture Packer/Page_JClient/Records - Low Risk' is clicked on

2018-11-09 09:53:16 - [TEST_STEP][PASSED] - setText: Text 'Test Automation' is set on object 'Object Repository/FSM1/Complete Egg Inspection/Data Capture/Data Capture Packer/Page_JClient/Records - Notes and Comments'

2018-11-09 09:53:16 - [MESSAGE][PASSED] - Text 'Test Automation' is set on object 'Object Repository/FSM1/Complete Egg Inspection/Data Capture/Data Capture Packer/Page_JClient/Records - Notes and Comments'

2018-11-09 09:53:16 - [TEST_STEP][PASSED] - click: Object: 'Object Repository/FSM1/Complete Egg Inspection/Data Capture/Data Capture Packer/Page_JClient (3)/span_No' is clicked on

2018-11-09 09:53:17 - [MESSAGE][PASSED] - Object: 'Object Repository/FSM1/Complete Egg Inspection/Data Capture/Data Capture Packer/Page_JClient (3)/span_No' is clicked on

2018-11-09 09:53:17 - [TEST_STEP][PASSED] - click: Object: 'Object Repository/FSM1/Complete Egg Inspection/Data Capture/Data Capture Packer/Page_JClient/Save' is clicked on

2018-11-09 09:53:17 - [MESSAGE][PASSED] - Object: 'Object Repository/FSM1/Complete Egg Inspection/Data Capture/Data Capture Packer/Page_JClient/Save' is clicked on

2018-11-09 09:53:17 - [TEST_STEP][PASSED] - delay: Delayed 10 second(s)

2018-11-09 09:53:27 - [MESSAGE][PASSED] - Delayed 10 second(s)]]></system-out>
         <system-err><![CDATA[]]></system-err>
      </testcase>
      <testcase name="Test Cases/EMI/Complete EMI Inspection - Completion Attributes" classname="Test Cases/EMI/Complete EMI Inspection - Completion Attributes" status="PASSED">
         <system-out><![CDATA[2018-11-09 09:53:27 - [TEST_CASE][PASSED] - Test Cases/EMI/Complete EMI Inspection - Completion Attributes: Test Cases/EMI/Complete EMI Inspection - Completion Attributes

2018-11-09 09:53:27 - [TEST_STEP][PASSED] - click: Object: 'Object Repository/FSM1/Complete Egg Inspection/CompletionAttributes/Page_JClient/div_STARTED (locked)' is clicked on

2018-11-09 09:53:28 - [MESSAGE][PASSED] - Object: 'Object Repository/FSM1/Complete Egg Inspection/CompletionAttributes/Page_JClient/div_STARTED (locked)' is clicked on

2018-11-09 09:53:28 - [TEST_STEP][PASSED] - delay: Delayed 2 second(s)

2018-11-09 09:53:30 - [MESSAGE][PASSED] - Delayed 2 second(s)

2018-11-09 09:53:30 - [TEST_STEP][PASSED] - click: Object: 'Object Repository/FSM1/Complete Egg Inspection/CompletionAttributes/Page_JClient/div_COMPLETED' is clicked on

2018-11-09 09:53:30 - [MESSAGE][PASSED] - Object: 'Object Repository/FSM1/Complete Egg Inspection/CompletionAttributes/Page_JClient/div_COMPLETED' is clicked on

2018-11-09 09:53:30 - [TEST_STEP][PASSED] - setText: Text '1' is set on object 'Object Repository/FSM1/Complete Egg Inspection/CompletionAttributes/Page_JClient/OrganicNumber'

2018-11-09 09:53:32 - [MESSAGE][PASSED] - Text '1' is set on object 'Object Repository/FSM1/Complete Egg Inspection/CompletionAttributes/Page_JClient/OrganicNumber'

2018-11-09 09:53:32 - [TEST_STEP][PASSED] - click: Object: 'Object Repository/FSM1/Complete Egg Inspection/CompletionAttributes/Page_JClient/FreeRangeNumber' is clicked on

2018-11-09 09:53:32 - [MESSAGE][PASSED] - Object: 'Object Repository/FSM1/Complete Egg Inspection/CompletionAttributes/Page_JClient/FreeRangeNumber' is clicked on

2018-11-09 09:53:32 - [TEST_STEP][PASSED] - click: Object: 'Object Repository/FSM1/Complete Egg Inspection/CompletionAttributes/Page_JClient/OrganicCompliant' is clicked on

2018-11-09 09:53:32 - [MESSAGE][PASSED] - Object: 'Object Repository/FSM1/Complete Egg Inspection/CompletionAttributes/Page_JClient/OrganicCompliant' is clicked on

2018-11-09 09:53:32 - [TEST_STEP][PASSED] - setText: Text '1' is set on object 'Object Repository/FSM1/Complete Egg Inspection/CompletionAttributes/Page_JClient/FreeRangeNumber1'

2018-11-09 09:53:32 - [MESSAGE][PASSED] - Text '1' is set on object 'Object Repository/FSM1/Complete Egg Inspection/CompletionAttributes/Page_JClient/FreeRangeNumber1'

2018-11-09 09:53:32 - [TEST_STEP][PASSED] - click: Object: 'Object Repository/FSM1/Complete Egg Inspection/CompletionAttributes/Page_JClient/BarnNumber' is clicked on

2018-11-09 09:53:32 - [MESSAGE][PASSED] - Object: 'Object Repository/FSM1/Complete Egg Inspection/CompletionAttributes/Page_JClient/BarnNumber' is clicked on

2018-11-09 09:53:32 - [TEST_STEP][PASSED] - click: Object: 'Object Repository/FSM1/Complete Egg Inspection/CompletionAttributes/Page_JClient/FreeRangeCompliant' is clicked on

2018-11-09 09:53:33 - [MESSAGE][PASSED] - Object: 'Object Repository/FSM1/Complete Egg Inspection/CompletionAttributes/Page_JClient/FreeRangeCompliant' is clicked on

2018-11-09 09:53:33 - [TEST_STEP][PASSED] - setText: Text '1' is set on object 'Object Repository/FSM1/Complete Egg Inspection/CompletionAttributes/Page_JClient/BarnNumber1'

2018-11-09 09:53:33 - [MESSAGE][PASSED] - Text '1' is set on object 'Object Repository/FSM1/Complete Egg Inspection/CompletionAttributes/Page_JClient/BarnNumber1'

2018-11-09 09:53:33 - [TEST_STEP][PASSED] - click: Object: 'Object Repository/FSM1/Complete Egg Inspection/CompletionAttributes/Page_JClient/CageEnriched' is clicked on

2018-11-09 09:53:33 - [MESSAGE][PASSED] - Object: 'Object Repository/FSM1/Complete Egg Inspection/CompletionAttributes/Page_JClient/CageEnriched' is clicked on

2018-11-09 09:53:33 - [TEST_STEP][PASSED] - click: Object: 'Object Repository/FSM1/Complete Egg Inspection/CompletionAttributes/Page_JClient/BarnNumberCompliant' is clicked on

2018-11-09 09:53:33 - [MESSAGE][PASSED] - Object: 'Object Repository/FSM1/Complete Egg Inspection/CompletionAttributes/Page_JClient/BarnNumberCompliant' is clicked on

2018-11-09 09:53:33 - [TEST_STEP][PASSED] - setText: Text '1' is set on object 'Object Repository/FSM1/Complete Egg Inspection/CompletionAttributes/Page_JClient/CageEnriched1'

2018-11-09 09:53:33 - [MESSAGE][PASSED] - Text '1' is set on object 'Object Repository/FSM1/Complete Egg Inspection/CompletionAttributes/Page_JClient/CageEnriched1'

2018-11-09 09:53:33 - [TEST_STEP][PASSED] - click: Object: 'Object Repository/FSM1/Complete Egg Inspection/CompletionAttributes/Page_JClient/VeterinaryRecords' is clicked on

2018-11-09 09:53:34 - [MESSAGE][PASSED] - Object: 'Object Repository/FSM1/Complete Egg Inspection/CompletionAttributes/Page_JClient/VeterinaryRecords' is clicked on

2018-11-09 09:53:34 - [TEST_STEP][PASSED] - click: Object: 'Object Repository/FSM1/Complete Egg Inspection/CompletionAttributes/Page_JClient/CageEnrichedCompliant' is clicked on

2018-11-09 09:53:34 - [MESSAGE][PASSED] - Object: 'Object Repository/FSM1/Complete Egg Inspection/CompletionAttributes/Page_JClient/CageEnrichedCompliant' is clicked on

2018-11-09 09:53:34 - [TEST_STEP][PASSED] - click: Object: 'Object Repository/FSM1/Complete Egg Inspection/CompletionAttributes/Page_JClient/VeterinaryMedical' is clicked on

2018-11-09 09:53:34 - [MESSAGE][PASSED] - Object: 'Object Repository/FSM1/Complete Egg Inspection/CompletionAttributes/Page_JClient/VeterinaryMedical' is clicked on

2018-11-09 09:53:34 - [TEST_STEP][PASSED] - click: Object: 'Object Repository/FSM1/Complete Egg Inspection/CompletionAttributes/Page_JClient/HygieneCompliant' is clicked on

2018-11-09 09:53:34 - [MESSAGE][PASSED] - Object: 'Object Repository/FSM1/Complete Egg Inspection/CompletionAttributes/Page_JClient/HygieneCompliant' is clicked on

2018-11-09 09:53:34 - [TEST_STEP][PASSED] - click: Object: 'Object Repository/FSM1/Complete Egg Inspection/CompletionAttributes/Page_JClient/WelfareCompliant' is clicked on

2018-11-09 09:53:34 - [MESSAGE][PASSED] - Object: 'Object Repository/FSM1/Complete Egg Inspection/CompletionAttributes/Page_JClient/WelfareCompliant' is clicked on

2018-11-09 09:53:34 - [TEST_STEP][PASSED] - click: Object: 'Object Repository/FSM1/Complete Egg Inspection/CompletionAttributes/Page_JClient/SalmonellaCompliant' is clicked on

2018-11-09 09:53:35 - [MESSAGE][PASSED] - Object: 'Object Repository/FSM1/Complete Egg Inspection/CompletionAttributes/Page_JClient/SalmonellaCompliant' is clicked on

2018-11-09 09:53:35 - [TEST_STEP][PASSED] - click: Object: 'Object Repository/FSM1/Complete Egg Inspection/CompletionAttributes/Page_JClient/VMDCompliant' is clicked on

2018-11-09 09:53:35 - [MESSAGE][PASSED] - Object: 'Object Repository/FSM1/Complete Egg Inspection/CompletionAttributes/Page_JClient/VMDCompliant' is clicked on

2018-11-09 09:53:35 - [TEST_STEP][PASSED] - click: Object: 'Object Repository/FSM1/Complete Egg Inspection/CompletionAttributes/Page_JClient/PremisesCompliant' is clicked on

2018-11-09 09:53:35 - [MESSAGE][PASSED] - Object: 'Object Repository/FSM1/Complete Egg Inspection/CompletionAttributes/Page_JClient/PremisesCompliant' is clicked on

2018-11-09 09:53:35 - [TEST_STEP][PASSED] - click: Object: 'Object Repository/FSM1/Complete Egg Inspection/CompletionAttributes/Page_JClient/PremisesTempCompliant' is clicked on

2018-11-09 09:53:35 - [MESSAGE][PASSED] - Object: 'Object Repository/FSM1/Complete Egg Inspection/CompletionAttributes/Page_JClient/PremisesTempCompliant' is clicked on

2018-11-09 09:53:35 - [TEST_STEP][PASSED] - click: Object: 'Object Repository/FSM1/Complete Egg Inspection/CompletionAttributes/Page_JClient/EquipmentCompliant' is clicked on

2018-11-09 09:53:35 - [MESSAGE][PASSED] - Object: 'Object Repository/FSM1/Complete Egg Inspection/CompletionAttributes/Page_JClient/EquipmentCompliant' is clicked on

2018-11-09 09:53:35 - [TEST_STEP][PASSED] - click: Object: 'Object Repository/FSM1/Complete Egg Inspection/CompletionAttributes/Page_JClient/QualityCompliant' is clicked on

2018-11-09 09:53:36 - [MESSAGE][PASSED] - Object: 'Object Repository/FSM1/Complete Egg Inspection/CompletionAttributes/Page_JClient/QualityCompliant' is clicked on

2018-11-09 09:53:36 - [TEST_STEP][PASSED] - click: Object: 'Object Repository/FSM1/Complete Egg Inspection/CompletionAttributes/Page_JClient/WeightGradingCompliant' is clicked on

2018-11-09 09:53:36 - [MESSAGE][PASSED] - Object: 'Object Repository/FSM1/Complete Egg Inspection/CompletionAttributes/Page_JClient/WeightGradingCompliant' is clicked on

2018-11-09 09:53:36 - [TEST_STEP][PASSED] - click: Object: 'Object Repository/FSM1/Complete Egg Inspection/CompletionAttributes/Page_JClient/ProductionCompliant' is clicked on

2018-11-09 09:53:36 - [MESSAGE][PASSED] - Object: 'Object Repository/FSM1/Complete Egg Inspection/CompletionAttributes/Page_JClient/ProductionCompliant' is clicked on

2018-11-09 09:53:36 - [TEST_STEP][PASSED] - click: Object: 'Object Repository/FSM1/Complete Egg Inspection/CompletionAttributes/Page_JClient/MarkingEggsCompliant' is clicked on

2018-11-09 09:53:36 - [MESSAGE][PASSED] - Object: 'Object Repository/FSM1/Complete Egg Inspection/CompletionAttributes/Page_JClient/MarkingEggsCompliant' is clicked on

2018-11-09 09:53:36 - [TEST_STEP][PASSED] - delay: Delayed 2 second(s)

2018-11-09 09:53:38 - [MESSAGE][PASSED] - Delayed 2 second(s)

2018-11-09 09:53:38 - [TEST_STEP][PASSED] - click: Object: 'Object Repository/FSM1/Complete Egg Inspection/CompletionAttributes/Page_JClient/LabellingCompliant1' is clicked on

2018-11-09 09:53:39 - [MESSAGE][PASSED] - Object: 'Object Repository/FSM1/Complete Egg Inspection/CompletionAttributes/Page_JClient/LabellingCompliant1' is clicked on

2018-11-09 09:53:39 - [TEST_STEP][PASSED] - selectOptionByValue: All options with value 'COMPLETED' are selected in object 'Object Repository/FSM1/Complete Egg Inspection/CompletionAttributes/Page_JClient/Page_JClient/Page_JClient/select_Yes'  using regular expression

2018-11-09 09:53:39 - [MESSAGE][PASSED] - All options with value 'COMPLETED' are selected in object 'Object Repository/FSM1/Complete Egg Inspection/CompletionAttributes/Page_JClient/Page_JClient/Page_JClient/select_Yes'  using regular expression

2018-11-09 09:53:39 - [TEST_STEP][PASSED] - click: Object: 'Object Repository/FSM1/Complete Egg Inspection/CompletionAttributes/Page_JClient/Page_JClient/div_Save' is clicked on

2018-11-09 09:53:39 - [MESSAGE][PASSED] - Object: 'Object Repository/FSM1/Complete Egg Inspection/CompletionAttributes/Page_JClient/Page_JClient/div_Save' is clicked on

2018-11-09 09:53:39 - [TEST_STEP][PASSED] - delay: Delayed 10 second(s)

2018-11-09 09:53:49 - [MESSAGE][PASSED] - Delayed 10 second(s)

2018-11-09 09:53:49 - [TEST_STEP][PASSED] - click: Object: 'Object Repository/FSM1/Complete Egg Inspection/CompletionAttributes/Page_JClient/CompletedOK' is clicked on

2018-11-09 09:53:50 - [MESSAGE][PASSED] - Object: 'Object Repository/FSM1/Complete Egg Inspection/CompletionAttributes/Page_JClient/CompletedOK' is clicked on

2018-11-09 09:53:50 - [TEST_STEP][PASSED] - delay: Delayed 30 second(s)

2018-11-09 09:54:20 - [MESSAGE][PASSED] - Delayed 30 second(s)]]></system-out>
         <system-err><![CDATA[]]></system-err>
      </testcase>
      <testcase name="Test Cases/Generic/Launch Job Manager Control Centre - Check Result" classname="Test Cases/Generic/Launch Job Manager Control Centre - Check Result" status="PASSED">
         <system-out><![CDATA[2018-11-09 09:54:20 - [TEST_CASE][PASSED] - Test Cases/Generic/Launch Job Manager Control Centre - Check Result: Test Cases/Generic/Launch Job Manager Control Centre - Check Result

2018-11-09 09:54:20 - [TEST_STEP][PASSED] - openBrowser: Browser is opened with url: ''

2018-11-09 09:54:20 - [MESSAGE][WARNING] - A browser is already opened. Closing browser and opening a new one

2018-11-09 09:54:24 - [MESSAGE][PASSED] - Browser is opened with url: ''

2018-11-09 09:54:24 - [TEST_STEP][PASSED] - navigateToUrl: Navigate to 'https://kirona-def-6.kirona.com/jmprep/login#!loginView' successfully

2018-11-09 09:54:25 - [MESSAGE][PASSED] - Navigate to 'https://kirona-def-6.kirona.com/jmprep/login#!loginView' successfully

2018-11-09 09:54:25 - [TEST_STEP][PASSED] - setText: Text 'jon.hatfield' is set on object 'Object Repository/FSM1/Control Centre/Page_Job Manager Login/input_gwt-uid-3'

2018-11-09 09:54:27 - [MESSAGE][PASSED] - Text 'jon.hatfield' is set on object 'Object Repository/FSM1/Control Centre/Page_Job Manager Login/input_gwt-uid-3'

2018-11-09 09:54:27 - [TEST_STEP][PASSED] - setText: Text 'Fr@nc1sJ0n' is set on object 'Object Repository/FSM1/Control Centre/Page_Job Manager Login/input_gwt-uid-5'

2018-11-09 09:54:27 - [MESSAGE][PASSED] - Text 'Fr@nc1sJ0n' is set on object 'Object Repository/FSM1/Control Centre/Page_Job Manager Login/input_gwt-uid-5'

2018-11-09 09:54:27 - [TEST_STEP][PASSED] - click: Object: 'Object Repository/FSM1/PreProd/Page_Job Manager Login/div_Login' is clicked on

2018-11-09 09:54:27 - [MESSAGE][PASSED] - Object: 'Object Repository/FSM1/PreProd/Page_Job Manager Login/div_Login' is clicked on

2018-11-09 09:54:27 - [TEST_STEP][PASSED] - delay: Delayed 5 second(s)

2018-11-09 09:54:32 - [MESSAGE][PASSED] - Delayed 5 second(s)]]></system-out>
         <system-err><![CDATA[]]></system-err>
      </testcase>
      <testcase name="Test Cases/EMI/Control Centre - Check Results - EMI" classname="Test Cases/EMI/Control Centre - Check Results - EMI" status="PASSED">
         <system-out><![CDATA[2018-11-09 09:54:32 - [TEST_CASE][PASSED] - Test Cases/EMI/Control Centre - Check Results - EMI: Test Cases/EMI/Control Centre - Check Results - EMI

2018-11-09 09:54:33 - [TEST_STEP][PASSED] - Statement - log = new com.kms.katalon.core.logging.KeywordLogger(): null

2018-11-09 09:54:33 - [TEST_STEP][PASSED] - setText: Text '88801' is set on object 'Object Repository/FSM1/EMI Check Results/Page_JM Control Centre/input_Recents_v-textfield v-wi'

2018-11-09 09:54:33 - [MESSAGE][PASSED] - Text '88801' is set on object 'Object Repository/FSM1/EMI Check Results/Page_JM Control Centre/input_Recents_v-textfield v-wi'

2018-11-09 09:54:33 - [TEST_STEP][PASSED] - click: Object: 'Object Repository/FSM1/EMI Check Results/Page_JM Control Centre/span_' is clicked on

2018-11-09 09:54:34 - [MESSAGE][PASSED] - Object: 'Object Repository/FSM1/EMI Check Results/Page_JM Control Centre/span_' is clicked on

2018-11-09 09:54:34 - [TEST_STEP][PASSED] - waitForElementPresent: Object 'Object Repository/FSM1/EMI Check Results/Page_JM Control Centre/div_CLOSED' is present

2018-11-09 09:54:38 - [MESSAGE][PASSED] - Object 'Object Repository/FSM1/EMI Check Results/Page_JM Control Centre/div_CLOSED' is present

2018-11-09 09:54:39 - [TEST_STEP][PASSED] - verifyElementPresent: Object 'Object Repository/FSM1/EMI Check Results/Page_JM Control Centre/Page_JM Control Centre/Page_JM Control Centre/Page_JM Control Centre/Page_JM Control Centre/div_Attachments_EMI Technical' is present

2018-11-09 09:54:39 - [MESSAGE][PASSED] - Object 'Object Repository/FSM1/EMI Check Results/Page_JM Control Centre/Page_JM Control Centre/Page_JM Control Centre/Page_JM Control Centre/Page_JM Control Centre/div_Attachments_EMI Technical' is present

2018-11-09 09:54:39 - [TEST_STEP][PASSED] - closeBrowser: Browser is closed

2018-11-09 09:54:40 - [MESSAGE][PASSED] - Browser is closed]]></system-out>
         <system-err><![CDATA[]]></system-err>
      </testcase>
      <system-out><![CDATA[2018-11-09 09:47:14 - [TEST_SUITE][PASSED] - EMI Regression: Test Cases/EMI/Control Centre - Check Results - EMI]]></system-out>
      <system-err><![CDATA[]]></system-err>
   </testsuite>
</testsuites>
