<?xml version="1.0" encoding="UTF-8"?>
<testsuites name="ABP Regression - Pre-Approval - Next Routine" time="366" tests="10" failures="0" errors="0">
   <testsuite name="ABP Regression - Pre-Approval - Next Routine" tests="10" failures="0" errors="0" time="366" timestamp="2018-11-22 16:55:24" hostname="JHATFIELD - SNDFSMINFSRV001.defra.onmicrosoft.com" id="Test Suites/ABP/ABP Regression - Pre-Approval - Next Routine">
      <properties>
         <property name="deviceName" value=""/>
         <property name="devicePlatform" value=""/>
         <property name="logFolder" value="C:\\Users\\JHATFIELD\\git\\DEFRA-FSM_Automated_Regression_NEW\\Reports\\ABP\\ABP Regression - Pre-Approval - Next Routine\\20181122_161647"/>
         <property name="logFiles" value="C:\\Users\\JHATFIELD\\git\\DEFRA-FSM_Automated_Regression_NEW\\Reports\\ABP\\ABP Regression - Pre-Approval - Next Routine\\20181122_161647\\execution0.log"/>
         <property name="attachments" value="C:\\Users\\JHATFIELD\\git\\DEFRA-FSM_Automated_Regression_NEW\\Reports\\ABP\\ABP Regression - Pre-Approval - Next Routine\\20181122_161647\\1542905975161.png"/>
         <property name="hostName" value="JHATFIELD - SNDFSMINFSRV001.defra.onmicrosoft.com"/>
         <property name="os" value="Windows Server 2016 64bit"/>
         <property name="katalonVersion" value="5.8.6.1"/>
         <property name="browser" value="Chrome 70.0.3538.102"/>
         <property name="hostAddress" value="10.201.1.17"/>
         <property name="sessionId" value="3c7b3527110a8e18073cf510fd962896"/>
         <property name="seleniumVersion" value="3.7.1"/>
         <property name="proxyInformation" value="ProxyInformation{proxyOption=NO_PROXY, proxyServerType=HTTP, password=, proxyServerAddress=, proxyServerPort=0}"/>
         <property name="platform" value="Windows Server 2016"/>
      </properties>
      <testcase name="Test Cases/Generic/Launch Job Manager Control Centre" classname="Test Cases/Generic/Launch Job Manager Control Centre" status="PASSED">
         <system-out><![CDATA[2018-11-22 16:55:25 - [TEST_CASE][PASSED] - Test Cases/Generic/Launch Job Manager Control Centre: Test Cases/Generic/Launch Job Manager Control Centre

2018-11-22 16:55:25 - [TEST_STEP][PASSED] - openBrowser: Browser is opened with url: ''

2018-11-22 16:55:31 - [MESSAGE][PASSED] - Browser is opened with url: ''

2018-11-22 16:55:31 - [TEST_STEP][PASSED] - navigateToUrl: Navigate to 'https://kirona-def-6.kirona.com/jmprep/login#!loginView' successfully

2018-11-22 16:55:32 - [MESSAGE][PASSED] - Navigate to 'https://kirona-def-6.kirona.com/jmprep/login#!loginView' successfully

2018-11-22 16:55:32 - [TEST_STEP][PASSED] - setText: Text 'jon.hatfield' is set on object 'Object Repository/FSM1/Control Centre/Page_Job Manager Login/input_gwt-uid-3'

2018-11-22 16:55:34 - [MESSAGE][PASSED] - Text 'jon.hatfield' is set on object 'Object Repository/FSM1/Control Centre/Page_Job Manager Login/input_gwt-uid-3'

2018-11-22 16:55:34 - [TEST_STEP][PASSED] - setText: Text 'Fr@nc1sJ0n' is set on object 'Object Repository/FSM1/Control Centre/Page_Job Manager Login/input_gwt-uid-5'

2018-11-22 16:55:35 - [MESSAGE][PASSED] - Text 'Fr@nc1sJ0n' is set on object 'Object Repository/FSM1/Control Centre/Page_Job Manager Login/input_gwt-uid-5'

2018-11-22 16:55:35 - [TEST_STEP][PASSED] - click: Object: 'Object Repository/FSM1/PreProd/Page_Job Manager Login/div_Login' is clicked on

2018-11-22 16:55:35 - [MESSAGE][PASSED] - Object: 'Object Repository/FSM1/PreProd/Page_Job Manager Login/div_Login' is clicked on

2018-11-22 16:55:35 - [TEST_STEP][PASSED] - delay: Delayed 5 second(s)

2018-11-22 16:55:40 - [MESSAGE][PASSED] - Delayed 5 second(s)]]></system-out>
         <system-err><![CDATA[]]></system-err>
      </testcase>
      <testcase name="Test Cases/ABP/Generic/Create ABP Inspection - Manual Assignment" classname="Test Cases/ABP/Generic/Create ABP Inspection - Manual Assignment" status="PASSED">
         <system-out><![CDATA[2018-11-22 16:55:40 - [TEST_CASE][PASSED] - Test Cases/ABP/Generic/Create ABP Inspection - Manual Assignment: Test Cases/ABP/Generic/Create ABP Inspection - Manual Assignment

2018-11-22 16:55:41 - [TEST_STEP][PASSED] - Statement - log = new com.kms.katalon.core.logging.KeywordLogger(): null

2018-11-22 16:55:41 - [TEST_STEP][PASSED] - click: Object: 'Object Repository/FSM1/Create ABP Inspection Manual Ass/Page_JM Control Centre/Page_JM Control Centre/Page_JM Control Centre/div_Create' is clicked on

2018-11-22 16:55:41 - [MESSAGE][PASSED] - Object: 'Object Repository/FSM1/Create ABP Inspection Manual Ass/Page_JM Control Centre/Page_JM Control Centre/Page_JM Control Centre/div_Create' is clicked on

2018-11-22 16:55:41 - [TEST_STEP][PASSED] - click: Object: 'Object Repository/FSM1/Create ABP Inspection Manual Ass/Page_JM Control Centre/Page_JM Control Centre/Page_JM Control Centre/div_v-filterselect-button' is clicked on

2018-11-22 16:55:43 - [MESSAGE][PASSED] - Object: 'Object Repository/FSM1/Create ABP Inspection Manual Ass/Page_JM Control Centre/Page_JM Control Centre/Page_JM Control Centre/div_v-filterselect-button' is clicked on

2018-11-22 16:55:43 - [TEST_STEP][PASSED] - setText: Text 'ABP - Pre-Approval' is set on object 'Object Repository/FSM1/Create ABP Inspection Manual Ass/Page_JM Control Centre/Page_JM Control Centre/Page_JM Control Centre/input_gwt-uid-8'

2018-11-22 16:55:45 - [MESSAGE][PASSED] - Text 'ABP - Pre-Approval' is set on object 'Object Repository/FSM1/Create ABP Inspection Manual Ass/Page_JM Control Centre/Page_JM Control Centre/Page_JM Control Centre/input_gwt-uid-8'

2018-11-22 16:55:45 - [TEST_STEP][PASSED] - Statement - ABPInspectionTypeJ = com.kms.katalon.core.webui.keyword.WebUiBuiltInKeywords.modifyObjectProperty(com.kms.katalon.core.testobject.ObjectRepository.findTestObject(Object Repository/FSM1/Create ABP Inspection Manual Ass/Page_JM Control Centre/Page_JM Control Centre/Page_JM Control Centre/span_ABPR01A - Composting and), "text", "equals", ABPInspectionType, true): Modify property of object successfully

2018-11-22 16:55:45 - [MESSAGE][PASSED] - Modify property of object successfully

2018-11-22 16:55:45 - [TEST_STEP][PASSED] - click: Object: 'Object Repository/FSM1/Create ABP Inspection Manual Ass/Page_JM Control Centre/Page_JM Control Centre/Page_JM Control Centre/span_ABPR01A - Composting and' is clicked on

2018-11-22 16:55:45 - [MESSAGE][PASSED] - Object: 'Object Repository/FSM1/Create ABP Inspection Manual Ass/Page_JM Control Centre/Page_JM Control Centre/Page_JM Control Centre/span_ABPR01A - Composting and' is clicked on

2018-11-22 16:55:45 - [TEST_STEP][PASSED] - click: Object: 'Object Repository/FSM1/Create ABP Inspection Manual Ass/Page_JM Control Centre/Page_JM Control Centre/Page_JM Control Centre/div_v-filterselect-button_1' is clicked on

2018-11-22 16:55:47 - [MESSAGE][PASSED] - Object: 'Object Repository/FSM1/Create ABP Inspection Manual Ass/Page_JM Control Centre/Page_JM Control Centre/Page_JM Control Centre/div_v-filterselect-button_1' is clicked on

2018-11-22 16:55:47 - [TEST_STEP][PASSED] - click: Object: 'Object Repository/FSM1/Create ABP Inspection Manual Ass/Page_JM Control Centre/Page_JM Control Centre/Page_JM Control Centre/span_24 Hours' is clicked on

2018-11-22 16:55:48 - [MESSAGE][PASSED] - Object: 'Object Repository/FSM1/Create ABP Inspection Manual Ass/Page_JM Control Centre/Page_JM Control Centre/Page_JM Control Centre/span_24 Hours' is clicked on

2018-11-22 16:55:48 - [TEST_STEP][PASSED] - click: Object: 'Object Repository/FSM1/Create ABP Inspection Manual Ass/Page_JM Control Centre/Page_JM Control Centre/Page_JM Control Centre/div_Region_v-filterselect-butt' is clicked on

2018-11-22 16:55:48 - [MESSAGE][PASSED] - Object: 'Object Repository/FSM1/Create ABP Inspection Manual Ass/Page_JM Control Centre/Page_JM Control Centre/Page_JM Control Centre/div_Region_v-filterselect-butt' is clicked on

2018-11-22 16:55:48 - [TEST_STEP][PASSED] - click: Object: 'Object Repository/FSM1/Create ABP Inspection Manual Ass/Page_JM Control Centre/Page_JM Control Centre/Page_JM Control Centre/td_West' is clicked on

2018-11-22 16:55:49 - [MESSAGE][PASSED] - Object: 'Object Repository/FSM1/Create ABP Inspection Manual Ass/Page_JM Control Centre/Page_JM Control Centre/Page_JM Control Centre/td_West' is clicked on

2018-11-22 16:55:49 - [TEST_STEP][PASSED] - click: Object: 'Object Repository/FSM1/Create ABP Inspection Manual Ass/Page_JM Control Centre/Page_JM Control Centre/Page_JM Control Centre/div_Plant Type_v-filterselect-' is clicked on

2018-11-22 16:55:49 - [MESSAGE][PASSED] - Object: 'Object Repository/FSM1/Create ABP Inspection Manual Ass/Page_JM Control Centre/Page_JM Control Centre/Page_JM Control Centre/div_Plant Type_v-filterselect-' is clicked on

2018-11-22 16:55:49 - [TEST_STEP][PASSED] - click: Object: 'Object Repository/FSM1/Create ABP Inspection Manual Ass/Page_JM Control Centre/Page_JM Control Centre/Page_JM Control Centre/td_SECTION I Intermediate Acti' is clicked on

2018-11-22 16:55:50 - [MESSAGE][PASSED] - Object: 'Object Repository/FSM1/Create ABP Inspection Manual Ass/Page_JM Control Centre/Page_JM Control Centre/Page_JM Control Centre/td_SECTION I Intermediate Acti' is clicked on

2018-11-22 16:55:50 - [TEST_STEP][PASSED] - click: Object: 'Object Repository/FSM1/Create ABP Inspection Manual Ass/Page_JM Control Centre/Page_JM Control Centre/Page_JM Control Centre/div_Inspection Type_v-filterse' is clicked on

2018-11-22 16:55:50 - [MESSAGE][PASSED] - Object: 'Object Repository/FSM1/Create ABP Inspection Manual Ass/Page_JM Control Centre/Page_JM Control Centre/Page_JM Control Centre/div_Inspection Type_v-filterse' is clicked on

2018-11-22 16:55:50 - [TEST_STEP][PASSED] - click: Object: 'Object Repository/FSM1/Create ABP Inspection Manual Ass/Page_JM Control Centre/Page_JM Control Centre/Page_JM Control Centre/td_Routine' is clicked on

2018-11-22 16:55:50 - [MESSAGE][PASSED] - Object: 'Object Repository/FSM1/Create ABP Inspection Manual Ass/Page_JM Control Centre/Page_JM Control Centre/Page_JM Control Centre/td_Routine' is clicked on

2018-11-22 16:55:50 - [TEST_STEP][PASSED] - click: Object: 'Object Repository/FSM1/Create ABP Inspection Manual Ass/Page_JM Control Centre/Page_JM Control Centre/Page_JM Control Centre/div_Inspector Grade Required_v' is clicked on

2018-11-22 16:55:51 - [MESSAGE][PASSED] - Object: 'Object Repository/FSM1/Create ABP Inspection Manual Ass/Page_JM Control Centre/Page_JM Control Centre/Page_JM Control Centre/div_Inspector Grade Required_v' is clicked on

2018-11-22 16:55:51 - [TEST_STEP][PASSED] - click: Object: 'Object Repository/FSM1/Create ABP Inspection Manual Ass/Page_JM Control Centre/Page_JM Control Centre/Page_JM Control Centre/td_Tech' is clicked on

2018-11-22 16:55:51 - [MESSAGE][PASSED] - Object: 'Object Repository/FSM1/Create ABP Inspection Manual Ass/Page_JM Control Centre/Page_JM Control Centre/Page_JM Control Centre/td_Tech' is clicked on

2018-11-22 16:55:51 - [TEST_STEP][PASSED] - click: Object: 'Object Repository/FSM1/Create ABP Inspection Manual Ass/Page_JM Control Centre/Page_JM Control Centre/Page_JM Control Centre/div_Sequence within Inspection' is clicked on

2018-11-22 16:55:52 - [MESSAGE][PASSED] - Object: 'Object Repository/FSM1/Create ABP Inspection Manual Ass/Page_JM Control Centre/Page_JM Control Centre/Page_JM Control Centre/div_Sequence within Inspection' is clicked on

2018-11-22 16:55:52 - [TEST_STEP][PASSED] - click: Object: 'Object Repository/FSM1/Create ABP Inspection Manual Ass/Page_JM Control Centre/Page_JM Control Centre/Page_JM Control Centre/td_2 - Tech' is clicked on

2018-11-22 16:55:52 - [MESSAGE][PASSED] - Object: 'Object Repository/FSM1/Create ABP Inspection Manual Ass/Page_JM Control Centre/Page_JM Control Centre/Page_JM Control Centre/td_2 - Tech' is clicked on

2018-11-22 16:55:52 - [TEST_STEP][PASSED] - setText: Text '93427' is set on object 'Object Repository/FSM1/Create ABP Inspection Manual Ass/Page_JM Control Centre/Page_JM Control Centre/Page_JM Control Centre/input_Customer ID_gwt-uid-40'

2018-11-22 16:55:53 - [MESSAGE][PASSED] - Text '93427' is set on object 'Object Repository/FSM1/Create ABP Inspection Manual Ass/Page_JM Control Centre/Page_JM Control Centre/Page_JM Control Centre/input_Customer ID_gwt-uid-40'

2018-11-22 16:55:53 - [TEST_STEP][PASSED] - setText: Text '50021' is set on object 'Object Repository/FSM1/Create ABP Inspection Manual Ass/Page_JM Control Centre/Page_JM Control Centre/Page_JM Control Centre/input_Unit ID_gwt-uid-42'

2018-11-22 16:55:53 - [MESSAGE][PASSED] - Text '50021' is set on object 'Object Repository/FSM1/Create ABP Inspection Manual Ass/Page_JM Control Centre/Page_JM Control Centre/Page_JM Control Centre/input_Unit ID_gwt-uid-42'

2018-11-22 16:55:53 - [TEST_STEP][PASSED] - setText: Text 'Test Automation' is set on object 'Object Repository/FSM1/Create ABP Inspection Manual Ass/Page_JM Control Centre/Page_JM Control Centre/Page_JM Control Centre/input_Customer Name_gwt-uid-44'

2018-11-22 16:55:54 - [MESSAGE][PASSED] - Text 'Test Automation' is set on object 'Object Repository/FSM1/Create ABP Inspection Manual Ass/Page_JM Control Centre/Page_JM Control Centre/Page_JM Control Centre/input_Customer Name_gwt-uid-44'

2018-11-22 16:55:54 - [TEST_STEP][PASSED] - click: Object: 'Object Repository/FSM1/Create ABP Inspection Manual Ass/Page_JM Control Centre/Page_JM Control Centre/Page_JM Control Centre/span_' is clicked on

2018-11-22 16:55:54 - [MESSAGE][PASSED] - Object: 'Object Repository/FSM1/Create ABP Inspection Manual Ass/Page_JM Control Centre/Page_JM Control Centre/Page_JM Control Centre/span_' is clicked on

2018-11-22 16:55:54 - [TEST_STEP][PASSED] - click: Object: 'Object Repository/FSM1/Create ABP Inspection Manual Ass/Page_JM Control Centre/Page_JM Control Centre/Page_JM Control Centre/Postcode Search' is clicked on

2018-11-22 16:55:55 - [MESSAGE][PASSED] - Object: 'Object Repository/FSM1/Create ABP Inspection Manual Ass/Page_JM Control Centre/Page_JM Control Centre/Page_JM Control Centre/Postcode Search' is clicked on

2018-11-22 16:55:55 - [TEST_STEP][PASSED] - setText: Text 'WR5 2NQ' is set on object 'Object Repository/FSM1/Create ABP Inspection Manual Ass/Page_JM Control Centre/Page_JM Control Centre/Page_JM Control Centre/PostcodeSearch'

2018-11-22 16:55:56 - [MESSAGE][PASSED] - Text 'WR5 2NQ' is set on object 'Object Repository/FSM1/Create ABP Inspection Manual Ass/Page_JM Control Centre/Page_JM Control Centre/Page_JM Control Centre/PostcodeSearch'

2018-11-22 16:55:56 - [TEST_STEP][PASSED] - click: Object: 'Object Repository/FSM1/Control Centre/Create EMI Inspection/Create Address/Page_JM Control Centre (1)/SearchButton' is clicked on

2018-11-22 16:55:56 - [MESSAGE][PASSED] - Object: 'Object Repository/FSM1/Control Centre/Create EMI Inspection/Create Address/Page_JM Control Centre (1)/SearchButton' is clicked on

2018-11-22 16:55:57 - [TEST_STEP][PASSED] - Statement - FullAddress = com.kms.katalon.core.webui.keyword.WebUiBuiltInKeywords.modifyObjectProperty(com.kms.katalon.core.testobject.ObjectRepository.findTestObject(Object Repository/FSM1/Create ABP Inspection Manual Ass/Page_JM Control Centre/Page_JM Control Centre/Page_JM Control Centre/Address), "text", "equals", com.kms.katalon.core.testdata.TestDataFactory.findTestData(Pre Production/ABP/ABP Inspection Data 01a).getValue(3, 1), true): Modify property of object successfully

2018-11-22 16:55:57 - [MESSAGE][PASSED] - Modify property of object successfully

2018-11-22 16:55:57 - [TEST_STEP][PASSED] - click: Object: 'Object Repository/FSM1/Create ABP Inspection Manual Ass/Page_JM Control Centre/Page_JM Control Centre/Page_JM Control Centre/Address' is clicked on

2018-11-22 16:55:58 - [MESSAGE][PASSED] - Object: 'Object Repository/FSM1/Create ABP Inspection Manual Ass/Page_JM Control Centre/Page_JM Control Centre/Page_JM Control Centre/Address' is clicked on

2018-11-22 16:55:58 - [TEST_STEP][PASSED] - click: Object: 'Object Repository/FSM1/Control Centre/Create EMI Inspection/Create Address/Page_JM Control Centre (2)/div_Add Selected Item' is clicked on

2018-11-22 16:55:59 - [MESSAGE][PASSED] - Object: 'Object Repository/FSM1/Control Centre/Create EMI Inspection/Create Address/Page_JM Control Centre (2)/div_Add Selected Item' is clicked on

2018-11-22 16:55:59 - [TEST_STEP][PASSED] - delay: Delayed 2 second(s)

2018-11-22 16:56:01 - [MESSAGE][PASSED] - Delayed 2 second(s)

2018-11-22 16:56:01 - [TEST_STEP][PASSED] - click: Object: 'Object Repository/FSM1/Control Centre/Create EMI Inspection/Finish/Page_JM Control Centre (3)/div_Create' is clicked on

2018-11-22 16:56:01 - [MESSAGE][PASSED] - Object: 'Object Repository/FSM1/Control Centre/Create EMI Inspection/Finish/Page_JM Control Centre (3)/div_Create' is clicked on

2018-11-22 16:56:01 - [TEST_STEP][PASSED] - waitForElementPresent: Object 'Object Repository/FSM1/Create ABP Inspection Manual Ass/Page_JM Control Centre/Page_JM Control Centre/Page_JM Control Centre/div_APPROVED' is present

2018-11-22 16:56:05 - [MESSAGE][PASSED] - Object 'Object Repository/FSM1/Create ABP Inspection Manual Ass/Page_JM Control Centre/Page_JM Control Centre/Page_JM Control Centre/div_APPROVED' is present

2018-11-22 16:56:05 - [TEST_STEP][PASSED] - click: Object: 'Object Repository/FSM1/Create ABP Inspection Manual Ass/Page_JM Control Centre/Page_JM Control Centre/Page_JM Control Centre/span_Schedule' is clicked on

2018-11-22 16:56:06 - [MESSAGE][PASSED] - Object: 'Object Repository/FSM1/Create ABP Inspection Manual Ass/Page_JM Control Centre/Page_JM Control Centre/Page_JM Control Centre/span_Schedule' is clicked on

2018-11-22 16:56:06 - [TEST_STEP][PASSED] - click: Object: 'Object Repository/FSM1/Create ABP Inspection Manual Ass/Page_JM Control Centre/Page_JM Control Centre/Page_JM Control Centre/label_Manual Ownership' is clicked on

2018-11-22 16:56:09 - [MESSAGE][PASSED] - Object: 'Object Repository/FSM1/Create ABP Inspection Manual Ass/Page_JM Control Centre/Page_JM Control Centre/Page_JM Control Centre/label_Manual Ownership' is clicked on

2018-11-22 16:56:09 - [TEST_STEP][PASSED] - setText: Text 'test' is set on object 'Object Repository/FSM1/Create ABP Inspection Manual Ass/Page_JM Control Centre/Page_JM Control Centre/Page_JM Control Centre/input_Owner_gwt-uid-311 (3)'

2018-11-22 16:56:11 - [MESSAGE][PASSED] - Text 'test' is set on object 'Object Repository/FSM1/Create ABP Inspection Manual Ass/Page_JM Control Centre/Page_JM Control Centre/Page_JM Control Centre/input_Owner_gwt-uid-311 (3)'

2018-11-22 16:56:11 - [TEST_STEP][PASSED] - click: Object: 'Object Repository/FSM1/Create ABP Inspection Manual Ass/Page_JM Control Centre/Page_JM Control Centre/Page_JM Control Centre/span_Test Inspector' is clicked on

2018-11-22 16:56:12 - [MESSAGE][PASSED] - Object: 'Object Repository/FSM1/Create ABP Inspection Manual Ass/Page_JM Control Centre/Page_JM Control Centre/Page_JM Control Centre/span_Test Inspector' is clicked on

2018-11-22 16:56:12 - [TEST_STEP][NOT_RUN] - setText: NOT_RUN: setText

2018-11-22 16:56:12 - [MESSAGE][NOT_RUN] - NOT_RUN: setText

2018-11-22 16:56:12 - [TEST_STEP][PASSED] - Statement - mydate = new java.util.Date(): null

2018-11-22 16:56:12 - [TEST_STEP][PASSED] - Statement - tomorrow = mydate.next(): null

2018-11-22 16:56:12 - [TEST_STEP][PASSED] - Statement - formattedDate = tomorrow.format("dd-MMM-yyyy"): null

2018-11-22 16:56:12 - [TEST_STEP][PASSED] - setText: Text '23-Nov-2018' is set on object 'Object Repository/FSM1/Create ABP Inspection Manual Ass/Page_JM Control Centre/Page_JM Control Centre/Page_JM Control Centre/input_From date_gwt-uid-504 (10)'

2018-11-22 16:56:13 - [MESSAGE][PASSED] - Text '23-Nov-2018' is set on object 'Object Repository/FSM1/Create ABP Inspection Manual Ass/Page_JM Control Centre/Page_JM Control Centre/Page_JM Control Centre/input_From date_gwt-uid-504 (10)'

2018-11-22 16:56:13 - [TEST_STEP][PASSED] - setText: Text '23-Nov-2018' is set on object 'Object Repository/FSM1/Create ABP Inspection Manual Ass/Page_JM Control Centre/Page_JM Control Centre/Page_JM Control Centre/input_Due date_gwt-uid-506 (11)'

2018-11-22 16:56:14 - [MESSAGE][PASSED] - Text '23-Nov-2018' is set on object 'Object Repository/FSM1/Create ABP Inspection Manual Ass/Page_JM Control Centre/Page_JM Control Centre/Page_JM Control Centre/input_Due date_gwt-uid-506 (11)'

2018-11-22 16:56:14 - [TEST_STEP][PASSED] - click: Object: 'Object Repository/FSM1/Create ABP Inspection Manual Ass/Page_JM Control Centre/Page_JM Control Centre/Page_JM Control Centre/div_Allocate' is clicked on

2018-11-22 16:56:15 - [MESSAGE][PASSED] - Object: 'Object Repository/FSM1/Create ABP Inspection Manual Ass/Page_JM Control Centre/Page_JM Control Centre/Page_JM Control Centre/div_Allocate' is clicked on

2018-11-22 16:56:15 - [TEST_STEP][PASSED] - Statement - InspectionID = com.kms.katalon.core.webui.keyword.WebUiBuiltInKeywords.getText(com.kms.katalon.core.testobject.ObjectRepository.findTestObject(Object Repository/FSM1/Create ABP Inspection Manual Ass/Page_JM Control Centre/Page_JM Control Centre/Page_JM Control Centre/InspectionID)): Text of object 'Object Repository/FSM1/Create ABP Inspection Manual Ass/Page_JM Control Centre/Page_JM Control Centre/Page_JM Control Centre/InspectionID' is: 'Viewing Job 91357'

2018-11-22 16:56:16 - [MESSAGE][PASSED] - Text of object 'Object Repository/FSM1/Create ABP Inspection Manual Ass/Page_JM Control Centre/Page_JM Control Centre/Page_JM Control Centre/InspectionID' is: 'Viewing Job 91357'

2018-11-22 16:56:16 - [TEST_STEP][PASSED] - Statement - InspectionID = InspectionID.replaceAll("Viewing Job ", ""): null

2018-11-22 16:56:16 - [TEST_STEP][PASSED] - Statement - log.logWarning(InspectionID): 91357

2018-11-22 16:56:16 - [MESSAGE][WARNING] - 91357

2018-11-22 16:56:16 - [TEST_STEP][PASSED] - Statement - temp = InspectionID: null

2018-11-22 16:56:16 - [TEST_STEP][PASSED] - delay: Delayed 90 second(s)

2018-11-22 16:57:46 - [MESSAGE][PASSED] - Delayed 90 second(s)]]></system-out>
         <system-err><![CDATA[]]></system-err>
      </testcase>
      <testcase name="Test Cases/Generic/Launch Job Manager" classname="Test Cases/Generic/Launch Job Manager" status="PASSED">
         <system-out><![CDATA[2018-11-22 16:57:46 - [TEST_CASE][PASSED] - Test Cases/Generic/Launch Job Manager: Test Cases/Generic/Launch Job Manager

2018-11-22 16:57:46 - [TEST_STEP][PASSED] - openBrowser: Browser is opened with url: ''

2018-11-22 16:57:46 - [MESSAGE][WARNING] - A browser is already opened. Closing browser and opening a new one

2018-11-22 16:57:50 - [MESSAGE][PASSED] - Browser is opened with url: ''

2018-11-22 16:57:50 - [TEST_STEP][PASSED] - navigateToUrl: Navigate to 'https://kirona-def-6.kirona.com/jmprep/jclient/jclient.html' successfully

2018-11-22 16:57:51 - [MESSAGE][PASSED] - Navigate to 'https://kirona-def-6.kirona.com/jmprep/jclient/jclient.html' successfully

2018-11-22 16:57:51 - [TEST_STEP][PASSED] - setText: Text 'KIR1' is set on object 'Object Repository/FSM1/Launch Application/Page_JClient/input_gwt-TextBox GKH2EKQBMDB'

2018-11-22 16:57:54 - [MESSAGE][PASSED] - Text 'KIR1' is set on object 'Object Repository/FSM1/Launch Application/Page_JClient/input_gwt-TextBox GKH2EKQBMDB'

2018-11-22 16:57:54 - [TEST_STEP][PASSED] - sendKeys: Keys 'ENTER + ' sent to object: 'Object Repository/FSM1/Launch Application/Page_JClient/input_gwt-TextBox GKH2EKQBMDB'

2018-11-22 16:57:54 - [MESSAGE][PASSED] - Keys 'ENTER + ' sent to object: 'Object Repository/FSM1/Launch Application/Page_JClient/input_gwt-TextBox GKH2EKQBMDB'

2018-11-22 16:57:54 - [TEST_STEP][PASSED] - click: Object: 'Object Repository/FSM1/Launch Application/Page_JClient/div_Configure App' is clicked on

2018-11-22 16:57:54 - [MESSAGE][PASSED] - Object: 'Object Repository/FSM1/Launch Application/Page_JClient/div_Configure App' is clicked on

2018-11-22 16:57:54 - [TEST_STEP][PASSED] - setText: Text 'test.inspector' is set on object 'Object Repository/FSM1/Launch Application/Page_JClient/input_gwt-TextBox GKH2EKQBNHC'

2018-11-22 16:57:55 - [MESSAGE][PASSED] - Text 'test.inspector' is set on object 'Object Repository/FSM1/Launch Application/Page_JClient/input_gwt-TextBox GKH2EKQBNHC'

2018-11-22 16:57:55 - [TEST_STEP][PASSED] - setText: Text 'Password1.' is set on object 'Object Repository/FSM1/Launch Application/Page_JClient/input_gwt-PasswordTextBox GKH2'

2018-11-22 16:57:55 - [MESSAGE][PASSED] - Text 'Password1.' is set on object 'Object Repository/FSM1/Launch Application/Page_JClient/input_gwt-PasswordTextBox GKH2'

2018-11-22 16:57:55 - [TEST_STEP][PASSED] - click: Object: 'Object Repository/FSM1/Launch Application/Page_JClient/div_Sign In' is clicked on

2018-11-22 16:57:55 - [MESSAGE][PASSED] - Object: 'Object Repository/FSM1/Launch Application/Page_JClient/div_Sign In' is clicked on

2018-11-22 16:57:55 - [TEST_STEP][PASSED] - delay: Delayed 15 second(s)

2018-11-22 16:58:10 - [MESSAGE][PASSED] - Delayed 15 second(s)]]></system-out>
         <system-err><![CDATA[]]></system-err>
      </testcase>
      <testcase name="Test Cases/Generic/Select Inspection" classname="Test Cases/Generic/Select Inspection" status="PASSED">
         <system-out><![CDATA[2018-11-22 16:58:10 - [TEST_CASE][PASSED] - Test Cases/Generic/Select Inspection: Test Cases/Generic/Select Inspection

2018-11-22 16:58:11 - [TEST_STEP][PASSED] - delay: Delayed 30 second(s)

2018-11-22 16:58:41 - [MESSAGE][PASSED] - Delayed 30 second(s)

2018-11-22 16:58:41 - [TEST_STEP][PASSED] - waitForElementClickable: Object 'Object Repository/FSM1/Select Inspection/Landing/Refresh' is clickable

2018-11-22 16:58:41 - [MESSAGE][PASSED] - Object 'Object Repository/FSM1/Select Inspection/Landing/Refresh' is clickable

2018-11-22 16:58:41 - [TEST_STEP][PASSED] - click: Object: 'Object Repository/FSM1/Select Inspection/Landing/Refresh' is clicked on

2018-11-22 16:58:41 - [MESSAGE][PASSED] - Object: 'Object Repository/FSM1/Select Inspection/Landing/Refresh' is clicked on

2018-11-22 16:58:41 - [TEST_STEP][PASSED] - waitForElementClickable: Object 'Object Repository/FSM1/Select Inspection/Landing/Refresh' is clickable

2018-11-22 16:58:42 - [MESSAGE][PASSED] - Object 'Object Repository/FSM1/Select Inspection/Landing/Refresh' is clickable

2018-11-22 16:58:42 - [TEST_STEP][NOT_RUN] - delay: NOT_RUN: delay

2018-11-22 16:58:42 - [MESSAGE][NOT_RUN] - NOT_RUN: delay

2018-11-22 16:58:42 - [TEST_STEP][PASSED] - Statement - InspectionRef = com.kms.katalon.core.webui.keyword.WebUiBuiltInKeywords.modifyObjectProperty(com.kms.katalon.core.testobject.ObjectRepository.findTestObject(FSM1/Select Inspection/Landing/Page_JClient/div_35098), "text", "equals", temp, true, STOP_ON_FAILURE): Modify property of object successfully

2018-11-22 16:58:42 - [MESSAGE][PASSED] - Modify property of object successfully

2018-11-22 16:58:42 - [TEST_STEP][PASSED] - delay: Delayed 20 second(s)

2018-11-22 16:59:02 - [MESSAGE][PASSED] - Delayed 20 second(s)

2018-11-22 16:59:02 - [TEST_STEP][PASSED] - Statement - If (com.kms.katalon.core.webui.keyword.WebUiBuiltInKeywords.verifyElementPresent(InspectionRef, 30, OPTIONAL)): com.kms.katalon.core.webui.exception.WebElementNotFoundException: Web element with id: 'Object Repository/FSM1/Select Inspection/Landing/Page_JClient/div_35098' located by 'By.xpath: //div[(text() = '91357' or . = '91357')]' not found

2018-11-22 16:59:36 - [MESSAGE][WARNING] - com.kms.katalon.core.webui.exception.WebElementNotFoundException: Web element with id: 'Object Repository/FSM1/Select Inspection/Landing/Page_JClient/div_35098' located by 'By.xpath: //div[(text() = '91357' or . = '91357')]' not found
[[ATTACHMENT|C:\\Users\\JHATFIELD\\git\\DEFRA-FSM_Automated_Regression_NEW\\Reports\\ABP\\ABP Regression - Pre-Approval - Next Routine\\20181122_161647\\1542905975161.png]]

2018-11-22 16:59:36 - [TEST_STEP][PASSED] - Statement - Else: Object: 'Object Repository/FSM1/Select Inspection/Landing/Page_JClient/div_35098' is clicked on

2018-11-22 16:59:36 - [TEST_STEP][PASSED] - click: Object: 'Object Repository/FSM1/Select Inspection/Landing/Page_JClient (1)/2 Days' is clicked on

2018-11-22 16:59:36 - [MESSAGE][PASSED] - Object: 'Object Repository/FSM1/Select Inspection/Landing/Page_JClient (1)/2 Days' is clicked on

2018-11-22 16:59:36 - [TEST_STEP][PASSED] - delay: Delayed 3 second(s)

2018-11-22 16:59:39 - [MESSAGE][PASSED] - Delayed 3 second(s)

2018-11-22 16:59:39 - [TEST_STEP][PASSED] - click: Object: 'Object Repository/FSM1/Select Inspection/Landing/Page_JClient/div_35098' is clicked on

2018-11-22 16:59:39 - [MESSAGE][PASSED] - Object: 'Object Repository/FSM1/Select Inspection/Landing/Page_JClient/div_35098' is clicked on

2018-11-22 16:59:39 - [TEST_STEP][PASSED] - click: Object: 'Object Repository/FSM1/Select Inspection/Page_JClient/div_WITH OPERATIVE' is clicked on

2018-11-22 16:59:40 - [MESSAGE][PASSED] - Object: 'Object Repository/FSM1/Select Inspection/Page_JClient/div_WITH OPERATIVE' is clicked on

2018-11-22 16:59:40 - [TEST_STEP][PASSED] - delay: Delayed 2 second(s)

2018-11-22 16:59:42 - [MESSAGE][PASSED] - Delayed 2 second(s)

2018-11-22 16:59:42 - [TEST_STEP][PASSED] - click: Object: 'Object Repository/FSM1/Select Inspection/Page_JClient/div_TRAVELLING' is clicked on

2018-11-22 16:59:42 - [MESSAGE][PASSED] - Object: 'Object Repository/FSM1/Select Inspection/Page_JClient/div_TRAVELLING' is clicked on

2018-11-22 16:59:42 - [TEST_STEP][PASSED] - delay: Delayed 2 second(s)

2018-11-22 16:59:44 - [MESSAGE][PASSED] - Delayed 2 second(s)

2018-11-22 16:59:44 - [TEST_STEP][PASSED] - click: Object: 'Object Repository/FSM1/Select Inspection/Page_JClient/div_TRAVELLING' is clicked on

2018-11-22 16:59:44 - [MESSAGE][PASSED] - Object: 'Object Repository/FSM1/Select Inspection/Page_JClient/div_TRAVELLING' is clicked on

2018-11-22 16:59:44 - [TEST_STEP][PASSED] - delay: Delayed 2 second(s)

2018-11-22 16:59:46 - [MESSAGE][PASSED] - Delayed 2 second(s)

2018-11-22 16:59:46 - [TEST_STEP][PASSED] - click: Object: 'Object Repository/FSM1/Select Inspection/Page_JClient/div_ARRIVED' is clicked on

2018-11-22 16:59:46 - [MESSAGE][PASSED] - Object: 'Object Repository/FSM1/Select Inspection/Page_JClient/div_ARRIVED' is clicked on

2018-11-22 16:59:46 - [TEST_STEP][PASSED] - delay: Delayed 2 second(s)

2018-11-22 16:59:48 - [MESSAGE][PASSED] - Delayed 2 second(s)

2018-11-22 16:59:48 - [TEST_STEP][PASSED] - click: Object: 'Object Repository/FSM1/Select Inspection/Page_JClient/div_ARRIVED' is clicked on

2018-11-22 16:59:48 - [MESSAGE][PASSED] - Object: 'Object Repository/FSM1/Select Inspection/Page_JClient/div_ARRIVED' is clicked on

2018-11-22 16:59:48 - [TEST_STEP][PASSED] - delay: Delayed 4 second(s)

2018-11-22 16:59:52 - [MESSAGE][PASSED] - Delayed 4 second(s)

2018-11-22 16:59:52 - [TEST_STEP][PASSED] - click: Object: 'Object Repository/FSM1/Select Inspection/Page_JClient/div_STARTED' is clicked on

2018-11-22 16:59:53 - [MESSAGE][PASSED] - Object: 'Object Repository/FSM1/Select Inspection/Page_JClient/div_STARTED' is clicked on

2018-11-22 16:59:53 - [TEST_STEP][PASSED] - delay: Delayed 2 second(s)

2018-11-22 16:59:55 - [MESSAGE][PASSED] - Delayed 2 second(s)]]></system-out>
         <system-err><![CDATA[]]></system-err>
      </testcase>
      <testcase name="Test Cases/ABP/Pre-Approval/Pre-Approval Inspection Details - Next Routine" classname="Test Cases/ABP/Pre-Approval/Pre-Approval Inspection Details - Next Routine" status="PASSED">
         <system-out><![CDATA[2018-11-22 16:59:55 - [TEST_CASE][PASSED] - Test Cases/ABP/Pre-Approval/Pre-Approval Inspection Details - Next Routine: Test Cases/ABP/Pre-Approval/Pre-Approval Inspection Details - Next Routine

2018-11-22 16:59:55 - [TEST_STEP][PASSED] - click: Object: 'Object Repository/FSM1/Pre-Approval/Page_JClient/div_Inspection Details' is clicked on

2018-11-22 16:59:56 - [MESSAGE][PASSED] - Object: 'Object Repository/FSM1/Pre-Approval/Page_JClient/div_Inspection Details' is clicked on

2018-11-22 16:59:56 - [TEST_STEP][PASSED] - delay: Delayed 3 second(s)

2018-11-22 16:59:59 - [MESSAGE][PASSED] - Delayed 3 second(s)

2018-11-22 16:59:59 - [TEST_STEP][PASSED] - click: Object: 'Object Repository/FSM1/Pre-Approval/Page_JClient/input_Announced visit_radio_gr' is clicked on

2018-11-22 16:59:59 - [MESSAGE][PASSED] - Object: 'Object Repository/FSM1/Pre-Approval/Page_JClient/input_Announced visit_radio_gr' is clicked on

2018-11-22 16:59:59 - [TEST_STEP][PASSED] - click: Object: 'Object Repository/FSM1/Pre-Approval/Page_JClient/input_Yes_radio_group_2' is clicked on

2018-11-22 16:59:59 - [MESSAGE][PASSED] - Object: 'Object Repository/FSM1/Pre-Approval/Page_JClient/input_Yes_radio_group_2' is clicked on

2018-11-22 16:59:59 - [TEST_STEP][PASSED] - click: Object: 'Object Repository/FSM1/Pre-Approval/Page_JClient/input_Yes_radio_group_3' is clicked on

2018-11-22 16:59:59 - [MESSAGE][PASSED] - Object: 'Object Repository/FSM1/Pre-Approval/Page_JClient/input_Yes_radio_group_3' is clicked on

2018-11-22 16:59:59 - [TEST_STEP][PASSED] - Statement - mydate = new java.util.Date(): null

2018-11-22 16:59:59 - [TEST_STEP][PASSED] - Statement - formattedDate = mydate.format("MM/dd/yyy"): null

2018-11-22 16:59:59 - [TEST_STEP][PASSED] - sendKeys: Keys '11/22/2018' sent to object: 'Object Repository/FSM1/Pre-Approval/Page_JClient/input_Date application receive'

2018-11-22 16:59:59 - [MESSAGE][PASSED] - Keys '11/22/2018' sent to object: 'Object Repository/FSM1/Pre-Approval/Page_JClient/input_Date application receive'

2018-11-22 16:59:59 - [TEST_STEP][PASSED] - click: Object: 'Object Repository/FSM1/Pre-Approval/Page_JClient/input_Raw materials applicable' is clicked on

2018-11-22 16:59:59 - [MESSAGE][PASSED] - Object: 'Object Repository/FSM1/Pre-Approval/Page_JClient/input_Raw materials applicable' is clicked on

2018-11-22 16:59:59 - [TEST_STEP][PASSED] - setText: Text 'Test automation' is set on object 'Object Repository/FSM1/Pre-Approval/Page_JClient/textarea_Record specific infor'

2018-11-22 17:00:00 - [MESSAGE][PASSED] - Text 'Test automation' is set on object 'Object Repository/FSM1/Pre-Approval/Page_JClient/textarea_Record specific infor'

2018-11-22 17:00:00 - [TEST_STEP][PASSED] - click: Object: 'Object Repository/FSM1/Pre-Approval/Page_JClient/input_Structure applicable_rad' is clicked on

2018-11-22 17:00:00 - [MESSAGE][PASSED] - Object: 'Object Repository/FSM1/Pre-Approval/Page_JClient/input_Structure applicable_rad' is clicked on

2018-11-22 17:00:00 - [TEST_STEP][PASSED] - setText: Text 'Test automation' is set on object 'Object Repository/FSM1/Pre-Approval/Page_JClient/textarea_No_gwt-TextArea GKH2E'

2018-11-22 17:00:00 - [MESSAGE][PASSED] - Text 'Test automation' is set on object 'Object Repository/FSM1/Pre-Approval/Page_JClient/textarea_No_gwt-TextArea GKH2E'

2018-11-22 17:00:00 - [TEST_STEP][PASSED] - click: Object: 'Object Repository/FSM1/Pre-Approval/Page_JClient/input_Operating applicable_rad' is clicked on

2018-11-22 17:00:00 - [MESSAGE][PASSED] - Object: 'Object Repository/FSM1/Pre-Approval/Page_JClient/input_Operating applicable_rad' is clicked on

2018-11-22 17:00:00 - [TEST_STEP][PASSED] - setText: Text 'Test automation' is set on object 'Object Repository/FSM1/Pre-Approval/Page_JClient/textarea_No_gwt-TextArea GKH2E - Operating'

2018-11-22 17:00:01 - [MESSAGE][PASSED] - Text 'Test automation' is set on object 'Object Repository/FSM1/Pre-Approval/Page_JClient/textarea_No_gwt-TextArea GKH2E - Operating'

2018-11-22 17:00:01 - [TEST_STEP][PASSED] - click: Object: 'Object Repository/FSM1/Pre-Approval/Page_JClient/input_Validation applicable_ra' is clicked on

2018-11-22 17:00:01 - [MESSAGE][PASSED] - Object: 'Object Repository/FSM1/Pre-Approval/Page_JClient/input_Validation applicable_ra' is clicked on

2018-11-22 17:00:01 - [TEST_STEP][PASSED] - setText: Text 'Test automation' is set on object 'Object Repository/FSM1/Pre-Approval/Page_JClient/textarea_No_gwt-TextArea GKH2E - Validation'

2018-11-22 17:00:01 - [MESSAGE][PASSED] - Text 'Test automation' is set on object 'Object Repository/FSM1/Pre-Approval/Page_JClient/textarea_No_gwt-TextArea GKH2E - Validation'

2018-11-22 17:00:01 - [TEST_STEP][PASSED] - click: Object: 'Object Repository/FSM1/Pre-Approval/Page_JClient/input_Collection Transport  St' is clicked on

2018-11-22 17:00:01 - [MESSAGE][PASSED] - Object: 'Object Repository/FSM1/Pre-Approval/Page_JClient/input_Collection Transport  St' is clicked on

2018-11-22 17:00:01 - [TEST_STEP][PASSED] - setText: Text 'Test automation' is set on object 'Object Repository/FSM1/Pre-Approval/Page_JClient/textarea_No_gwt-TextArea GKH2E - Transport'

2018-11-22 17:00:02 - [MESSAGE][PASSED] - Text 'Test automation' is set on object 'Object Repository/FSM1/Pre-Approval/Page_JClient/textarea_No_gwt-TextArea GKH2E - Transport'

2018-11-22 17:00:02 - [TEST_STEP][PASSED] - click: Object: 'Object Repository/FSM1/Pre-Approval/Page_JClient/input_Microbiological Testing' is clicked on

2018-11-22 17:00:02 - [MESSAGE][PASSED] - Object: 'Object Repository/FSM1/Pre-Approval/Page_JClient/input_Microbiological Testing' is clicked on

2018-11-22 17:00:02 - [TEST_STEP][PASSED] - setText: Text 'Test automation' is set on object 'Object Repository/FSM1/Pre-Approval/Page_JClient/textarea_No_gwt-TextArea GKH2E - Micro'

2018-11-22 17:00:02 - [MESSAGE][PASSED] - Text 'Test automation' is set on object 'Object Repository/FSM1/Pre-Approval/Page_JClient/textarea_No_gwt-TextArea GKH2E - Micro'

2018-11-22 17:00:02 - [TEST_STEP][PASSED] - click: Object: 'Object Repository/FSM1/Pre-Approval/Page_JClient/input_Sampling applicable_radi' is clicked on

2018-11-22 17:00:02 - [MESSAGE][PASSED] - Object: 'Object Repository/FSM1/Pre-Approval/Page_JClient/input_Sampling applicable_radi' is clicked on

2018-11-22 17:00:02 - [TEST_STEP][PASSED] - click: Object: 'Object Repository/FSM1/Pre-Approval/Page_JClient/input_Have samples been collec' is clicked on

2018-11-22 17:00:02 - [MESSAGE][PASSED] - Object: 'Object Repository/FSM1/Pre-Approval/Page_JClient/input_Have samples been collec' is clicked on

2018-11-22 17:00:02 - [TEST_STEP][PASSED] - doubleClick: Object: 'Object Repository/FSM1/Pre-Approval/Page_JClient/input_Record Keeping applicabl' is double clicked on

2018-11-22 17:00:03 - [MESSAGE][PASSED] - Object: 'Object Repository/FSM1/Pre-Approval/Page_JClient/input_Record Keeping applicabl' is double clicked on

2018-11-22 17:00:03 - [TEST_STEP][PASSED] - setText: Text 'Test automation' is set on object 'Object Repository/FSM1/Pre-Approval/Page_JClient/textarea_Describe systems for'

2018-11-22 17:00:03 - [MESSAGE][PASSED] - Text 'Test automation' is set on object 'Object Repository/FSM1/Pre-Approval/Page_JClient/textarea_Describe systems for'

2018-11-22 17:00:03 - [TEST_STEP][PASSED] - click: Object: 'Object Repository/FSM1/Pre-Approval/Page_JClient/input_Pest Control applicable_' is clicked on

2018-11-22 17:00:03 - [MESSAGE][PASSED] - Object: 'Object Repository/FSM1/Pre-Approval/Page_JClient/input_Pest Control applicable_' is clicked on

2018-11-22 17:00:03 - [TEST_STEP][PASSED] - setText: Text 'Test automation' is set on object 'Object Repository/FSM1/Pre-Approval/Page_JClient/textarea_Describe pest control'

2018-11-22 17:00:03 - [MESSAGE][PASSED] - Text 'Test automation' is set on object 'Object Repository/FSM1/Pre-Approval/Page_JClient/textarea_Describe pest control'

2018-11-22 17:00:03 - [TEST_STEP][PASSED] - click: Object: 'Object Repository/FSM1/Pre-Approval/Page_JClient/input_Disposal of unused ABP a' is clicked on

2018-11-22 17:00:03 - [MESSAGE][PASSED] - Object: 'Object Repository/FSM1/Pre-Approval/Page_JClient/input_Disposal of unused ABP a' is clicked on

2018-11-22 17:00:03 - [TEST_STEP][PASSED] - setText: Text 'Test automation' is set on object 'Object Repository/FSM1/Pre-Approval/Page_JClient/textarea_What procedures have'

2018-11-22 17:00:04 - [MESSAGE][PASSED] - Text 'Test automation' is set on object 'Object Repository/FSM1/Pre-Approval/Page_JClient/textarea_What procedures have'

2018-11-22 17:00:04 - [TEST_STEP][PASSED] - click: Object: 'Object Repository/FSM1/Pre-Approval/Page_JClient/input_Other applicable_radio_g' is clicked on

2018-11-22 17:00:04 - [MESSAGE][PASSED] - Object: 'Object Repository/FSM1/Pre-Approval/Page_JClient/input_Other applicable_radio_g' is clicked on

2018-11-22 17:00:04 - [TEST_STEP][PASSED] - setText: Text 'Test automation' is set on object 'Object Repository/FSM1/Pre-Approval/Page_JClient/textarea_Record any other rele'

2018-11-22 17:00:04 - [MESSAGE][PASSED] - Text 'Test automation' is set on object 'Object Repository/FSM1/Pre-Approval/Page_JClient/textarea_Record any other rele'

2018-11-22 17:00:04 - [TEST_STEP][PASSED] - setText: Text '7' is set on object 'Object Repository/FSM1/Pre-Approval/Page_JClient/input_Chargeable time (minutes'

2018-11-22 17:00:04 - [MESSAGE][PASSED] - Text '7' is set on object 'Object Repository/FSM1/Pre-Approval/Page_JClient/input_Chargeable time (minutes'

2018-11-22 17:00:04 - [TEST_STEP][PASSED] - selectOptionByValue: All options with value 'Routine' are selected in object 'Object Repository/FSM1/Pre-Approval/Page_JClient/select_Create initial Routine'  using regular expression

2018-11-22 17:00:05 - [MESSAGE][PASSED] - All options with value 'Routine' are selected in object 'Object Repository/FSM1/Pre-Approval/Page_JClient/select_Create initial Routine'  using regular expression

2018-11-22 17:00:05 - [TEST_STEP][PASSED] - selectOptionByValue: All options with value 'DE_ABP_ABPR01A' are selected in object 'Object Repository/FSM1/Pre-Approval/Page_JClient/select_ABPR01A - Composting an'  using regular expression

2018-11-22 17:00:05 - [MESSAGE][PASSED] - All options with value 'DE_ABP_ABPR01A' are selected in object 'Object Repository/FSM1/Pre-Approval/Page_JClient/select_ABPR01A - Composting an'  using regular expression

2018-11-22 17:00:05 - [TEST_STEP][PASSED] - Statement - mydate = new java.util.Date(): null

2018-11-22 17:00:05 - [TEST_STEP][PASSED] - Statement - formattedDate = mydate.format("MM/dd/yyy"): null

2018-11-22 17:00:05 - [TEST_STEP][PASSED] - sendKeys: Keys '11/22/2018' sent to object: 'Object Repository/FSM1/Pre-Approval/Page_JClient/input_Next Inspection From'

2018-11-22 17:00:05 - [MESSAGE][PASSED] - Keys '11/22/2018' sent to object: 'Object Repository/FSM1/Pre-Approval/Page_JClient/input_Next Inspection From'

2018-11-22 17:00:05 - [TEST_STEP][PASSED] - sendKeys: Keys '11/22/2018' sent to object: 'Object Repository/FSM1/Pre-Approval/Page_JClient/input_Next Inspection To'

2018-11-22 17:00:06 - [MESSAGE][PASSED] - Keys '11/22/2018' sent to object: 'Object Repository/FSM1/Pre-Approval/Page_JClient/input_Next Inspection To'

2018-11-22 17:00:06 - [TEST_STEP][PASSED] - selectOptionByValue: All options with value 'Me' are selected in object 'Object Repository/FSM1/Pre-Approval/Page_JClient/select_VetTechMe'  using regular expression

2018-11-22 17:00:06 - [MESSAGE][PASSED] - All options with value 'Me' are selected in object 'Object Repository/FSM1/Pre-Approval/Page_JClient/select_VetTechMe'  using regular expression

2018-11-22 17:00:06 - [TEST_STEP][PASSED] - click: Object: 'Object Repository/FSM1/Pre-Approval/Page_JClient/img_Signature_gwt-Image' is clicked on

2018-11-22 17:00:06 - [MESSAGE][PASSED] - Object: 'Object Repository/FSM1/Pre-Approval/Page_JClient/img_Signature_gwt-Image' is clicked on

2018-11-22 17:00:06 - [TEST_STEP][PASSED] - click: Object: 'Object Repository/FSM1/Pre-Approval/Page_JClient/div_Unable To Sign' is clicked on

2018-11-22 17:00:07 - [MESSAGE][PASSED] - Object: 'Object Repository/FSM1/Pre-Approval/Page_JClient/div_Unable To Sign' is clicked on

2018-11-22 17:00:07 - [TEST_STEP][PASSED] - click: Object: 'Object Repository/FSM1/Pre-Approval/Page_JClient/div_Save' is clicked on

2018-11-22 17:00:09 - [MESSAGE][PASSED] - Object: 'Object Repository/FSM1/Pre-Approval/Page_JClient/div_Save' is clicked on]]></system-out>
         <system-err><![CDATA[]]></system-err>
      </testcase>
      <testcase name="Test Cases/ABP/Generic/Complete ABP Inspection - ABPR15 Sample Submission" classname="Test Cases/ABP/Generic/Complete ABP Inspection - ABPR15 Sample Submission" status="PASSED">
         <system-out><![CDATA[2018-11-22 17:00:09 - [TEST_CASE][PASSED] - Test Cases/ABP/Generic/Complete ABP Inspection - ABPR15 Sample Submission: Test Cases/ABP/Generic/Complete ABP Inspection - ABPR15 Sample Submission

2018-11-22 17:00:09 - [TEST_STEP][PASSED] - delay: Delayed 5 second(s)

2018-11-22 17:00:14 - [MESSAGE][PASSED] - Delayed 5 second(s)

2018-11-22 17:00:14 - [TEST_STEP][PASSED] - click: Object: 'Object Repository/FSM1/Complete ABP Inspection/ABPR15 Sample Submission/Page_JClient/div_ABPR15 - Sample Submission' is clicked on

2018-11-22 17:00:14 - [MESSAGE][PASSED] - Object: 'Object Repository/FSM1/Complete ABP Inspection/ABPR15 Sample Submission/Page_JClient/div_ABPR15 - Sample Submission' is clicked on

2018-11-22 17:00:14 - [TEST_STEP][PASSED] - click: Object: 'Object Repository/FSM1/Complete ABP Inspection/ABPR15 Sample Submission/Page_JClient/div_Create_GKH2EKQBDXB GKH2EKQ' is clicked on

2018-11-22 17:00:15 - [MESSAGE][PASSED] - Object: 'Object Repository/FSM1/Complete ABP Inspection/ABPR15 Sample Submission/Page_JClient/div_Create_GKH2EKQBDXB GKH2EKQ' is clicked on

2018-11-22 17:00:15 - [TEST_STEP][PASSED] - selectOptionByValue: All options with value 'Investigation' are selected in object 'Object Repository/FSM1/Complete ABP Inspection/ABPR15 Sample Submission/Page_JClient/select_InvestigationRoutineVal'  using regular expression

2018-11-22 17:00:15 - [MESSAGE][PASSED] - All options with value 'Investigation' are selected in object 'Object Repository/FSM1/Complete ABP Inspection/ABPR15 Sample Submission/Page_JClient/select_InvestigationRoutineVal'  using regular expression

2018-11-22 17:00:15 - [TEST_STEP][PASSED] - selectOptionByValue: All options with value '2' are selected in object 'Object Repository/FSM1/Complete ABP Inspection/ABPR15 Sample Submission/Page_JClient/select_123Catering waste'  using regular expression

2018-11-22 17:00:15 - [MESSAGE][PASSED] - All options with value '2' are selected in object 'Object Repository/FSM1/Complete ABP Inspection/ABPR15 Sample Submission/Page_JClient/select_123Catering waste'  using regular expression

2018-11-22 17:00:15 - [TEST_STEP][PASSED] - setText: Text 'Test automation' is set on object 'Object Repository/FSM1/Complete ABP Inspection/ABPR15 Sample Submission/Page_JClient/input_Sample identity (e.g. se'

2018-11-22 17:00:16 - [MESSAGE][PASSED] - Text 'Test automation' is set on object 'Object Repository/FSM1/Complete ABP Inspection/ABPR15 Sample Submission/Page_JClient/input_Sample identity (e.g. se'

2018-11-22 17:00:16 - [TEST_STEP][PASSED] - setText: Text 'Test automation' is set on object 'Object Repository/FSM1/Complete ABP Inspection/ABPR15 Sample Submission/Page_JClient/input_Type of material sampled'

2018-11-22 17:00:16 - [MESSAGE][PASSED] - Text 'Test automation' is set on object 'Object Repository/FSM1/Complete ABP Inspection/ABPR15 Sample Submission/Page_JClient/input_Type of material sampled'

2018-11-22 17:00:16 - [TEST_STEP][PASSED] - selectOptionByValue: All options with value 'Compost or digestate' are selected in object 'Object Repository/FSM1/Complete ABP Inspection/ABPR15 Sample Submission/Page_JClient/select_Compost or digestatePro'  using regular expression

2018-11-22 17:00:16 - [MESSAGE][PASSED] - All options with value 'Compost or digestate' are selected in object 'Object Repository/FSM1/Complete ABP Inspection/ABPR15 Sample Submission/Page_JClient/select_Compost or digestatePro'  using regular expression

2018-11-22 17:00:16 - [TEST_STEP][PASSED] - click: Object: 'Object Repository/FSM1/Complete ABP Inspection/ABPR15 Sample Submission/Page_JClient/input_Test Requested (refer to' is clicked on

2018-11-22 17:00:17 - [MESSAGE][PASSED] - Object: 'Object Repository/FSM1/Complete ABP Inspection/ABPR15 Sample Submission/Page_JClient/input_Test Requested (refer to' is clicked on

2018-11-22 17:00:17 - [TEST_STEP][PASSED] - click: Object: 'Object Repository/FSM1/Complete ABP Inspection/ABPR15 Sample Submission/Page_JClient/input_Clostridium perfringens' is clicked on

2018-11-22 17:00:17 - [MESSAGE][PASSED] - Object: 'Object Repository/FSM1/Complete ABP Inspection/ABPR15 Sample Submission/Page_JClient/input_Clostridium perfringens' is clicked on

2018-11-22 17:00:17 - [TEST_STEP][PASSED] - Statement - mydate = new java.util.Date(): null

2018-11-22 17:00:17 - [TEST_STEP][PASSED] - Statement - formattedDate = mydate.format("MM/dd/yyy"): null

2018-11-22 17:00:17 - [TEST_STEP][PASSED] - sendKeys: Keys '11/22/2018' sent to object: 'Object Repository/FSM1/Complete ABP Inspection/ABPR15 Sample Submission/Page_JClient/DateofSample'

2018-11-22 17:00:17 - [MESSAGE][PASSED] - Keys '11/22/2018' sent to object: 'Object Repository/FSM1/Complete ABP Inspection/ABPR15 Sample Submission/Page_JClient/DateofSample'

2018-11-22 17:00:17 - [TEST_STEP][PASSED] - sendKeys: Keys '11/22/2018' sent to object: 'Object Repository/FSM1/Complete ABP Inspection/ABPR15 Sample Submission/Page_JClient/DateofSubmission'

2018-11-22 17:00:17 - [MESSAGE][PASSED] - Keys '11/22/2018' sent to object: 'Object Repository/FSM1/Complete ABP Inspection/ABPR15 Sample Submission/Page_JClient/DateofSubmission'

2018-11-22 17:00:17 - [TEST_STEP][PASSED] - delay: Delayed 2 second(s)

2018-11-22 17:00:19 - [MESSAGE][PASSED] - Delayed 2 second(s)

2018-11-22 17:00:19 - [TEST_STEP][PASSED] - click: Object: 'Object Repository/FSM1/Complete ABP Inspection/ABPR15 Sample Submission/Page_JClient/div_Save1' is clicked on

2018-11-22 17:00:19 - [MESSAGE][PASSED] - Object: 'Object Repository/FSM1/Complete ABP Inspection/ABPR15 Sample Submission/Page_JClient/div_Save1' is clicked on]]></system-out>
         <system-err><![CDATA[]]></system-err>
      </testcase>
      <testcase name="Test Cases/ABP/Generic/Complete ABP Inspection - Complete" classname="Test Cases/ABP/Generic/Complete ABP Inspection - Complete" status="PASSED">
         <system-out><![CDATA[2018-11-22 17:00:19 - [TEST_CASE][PASSED] - Test Cases/ABP/Generic/Complete ABP Inspection - Complete: Test Cases/ABP/Generic/Complete ABP Inspection - Complete

2018-11-22 17:00:20 - [TEST_STEP][PASSED] - delay: Delayed 2 second(s)

2018-11-22 17:00:22 - [MESSAGE][PASSED] - Delayed 2 second(s)

2018-11-22 17:00:22 - [TEST_STEP][PASSED] - click: Object: 'Object Repository/FSM1/Complete ABP Inspection/Complete ABP01a Inspection/Page_JClient/div_STARTED (locked)' is clicked on

2018-11-22 17:00:22 - [MESSAGE][PASSED] - Object: 'Object Repository/FSM1/Complete ABP Inspection/Complete ABP01a Inspection/Page_JClient/div_STARTED (locked)' is clicked on

2018-11-22 17:00:22 - [TEST_STEP][PASSED] - delay: Delayed 2 second(s)

2018-11-22 17:00:24 - [MESSAGE][PASSED] - Delayed 2 second(s)

2018-11-22 17:00:24 - [TEST_STEP][PASSED] - click: Object: 'Object Repository/FSM1/Complete ABP Inspection/Complete ABP01a Inspection/Page_JClient/div_COMPLETED' is clicked on

2018-11-22 17:00:24 - [MESSAGE][PASSED] - Object: 'Object Repository/FSM1/Complete ABP Inspection/Complete ABP01a Inspection/Page_JClient/div_COMPLETED' is clicked on

2018-11-22 17:00:24 - [TEST_STEP][PASSED] - selectOptionByValue: All options with value 'COMPLETED' are selected in object 'Object Repository/FSM1/Complete ABP Inspection/Complete ABP01a Inspection/Page_JClient/select_Yes'  using regular expression

2018-11-22 17:00:26 - [MESSAGE][PASSED] - All options with value 'COMPLETED' are selected in object 'Object Repository/FSM1/Complete ABP Inspection/Complete ABP01a Inspection/Page_JClient/select_Yes'  using regular expression

2018-11-22 17:00:26 - [TEST_STEP][PASSED] - delay: Delayed 3 second(s)

2018-11-22 17:00:29 - [MESSAGE][PASSED] - Delayed 3 second(s)

2018-11-22 17:00:29 - [TEST_STEP][PASSED] - click: Object: 'Object Repository/FSM1/Complete ABP Inspection/Complete ABP01a Inspection/Page_JClient/div_Save' is clicked on

2018-11-22 17:00:29 - [MESSAGE][PASSED] - Object: 'Object Repository/FSM1/Complete ABP Inspection/Complete ABP01a Inspection/Page_JClient/div_Save' is clicked on

2018-11-22 17:00:29 - [TEST_STEP][PASSED] - delay: Delayed 2 second(s)

2018-11-22 17:00:31 - [MESSAGE][PASSED] - Delayed 2 second(s)

2018-11-22 17:00:31 - [TEST_STEP][PASSED] - click: Object: 'Object Repository/FSM1/Complete ABP Inspection/Complete ABP01a Inspection/Page_JClient/div_Ok' is clicked on

2018-11-22 17:00:31 - [MESSAGE][PASSED] - Object: 'Object Repository/FSM1/Complete ABP Inspection/Complete ABP01a Inspection/Page_JClient/div_Ok' is clicked on

2018-11-22 17:00:31 - [TEST_STEP][PASSED] - delay: Delayed 30 second(s)

2018-11-22 17:01:01 - [MESSAGE][PASSED] - Delayed 30 second(s)]]></system-out>
         <system-err><![CDATA[]]></system-err>
      </testcase>
      <testcase name="Test Cases/Generic/Launch Job Manager Control Centre - Check Result" classname="Test Cases/Generic/Launch Job Manager Control Centre - Check Result" status="PASSED">
         <system-out><![CDATA[2018-11-22 17:01:01 - [TEST_CASE][PASSED] - Test Cases/Generic/Launch Job Manager Control Centre - Check Result: Test Cases/Generic/Launch Job Manager Control Centre - Check Result

2018-11-22 17:01:02 - [TEST_STEP][PASSED] - openBrowser: Browser is opened with url: ''

2018-11-22 17:01:02 - [MESSAGE][WARNING] - A browser is already opened. Closing browser and opening a new one

2018-11-22 17:01:05 - [MESSAGE][PASSED] - Browser is opened with url: ''

2018-11-22 17:01:05 - [TEST_STEP][PASSED] - navigateToUrl: Navigate to 'https://kirona-def-6.kirona.com/jmprep/login#!loginView' successfully

2018-11-22 17:01:06 - [MESSAGE][PASSED] - Navigate to 'https://kirona-def-6.kirona.com/jmprep/login#!loginView' successfully

2018-11-22 17:01:06 - [TEST_STEP][PASSED] - setText: Text 'jon.hatfield' is set on object 'Object Repository/FSM1/Control Centre/Page_Job Manager Login/input_gwt-uid-3'

2018-11-22 17:01:08 - [MESSAGE][PASSED] - Text 'jon.hatfield' is set on object 'Object Repository/FSM1/Control Centre/Page_Job Manager Login/input_gwt-uid-3'

2018-11-22 17:01:08 - [TEST_STEP][PASSED] - setText: Text 'Fr@nc1sJ0n' is set on object 'Object Repository/FSM1/Control Centre/Page_Job Manager Login/input_gwt-uid-5'

2018-11-22 17:01:08 - [MESSAGE][PASSED] - Text 'Fr@nc1sJ0n' is set on object 'Object Repository/FSM1/Control Centre/Page_Job Manager Login/input_gwt-uid-5'

2018-11-22 17:01:08 - [TEST_STEP][PASSED] - click: Object: 'Object Repository/FSM1/PreProd/Page_Job Manager Login/div_Login' is clicked on

2018-11-22 17:01:08 - [MESSAGE][PASSED] - Object: 'Object Repository/FSM1/PreProd/Page_Job Manager Login/div_Login' is clicked on

2018-11-22 17:01:08 - [TEST_STEP][PASSED] - delay: Delayed 5 second(s)

2018-11-22 17:01:13 - [MESSAGE][PASSED] - Delayed 5 second(s)]]></system-out>
         <system-err><![CDATA[]]></system-err>
      </testcase>
      <testcase name="Test Cases/ABP/Pre-Approval/Control Centre - Check Results - ABP Pre-Approval" classname="Test Cases/ABP/Pre-Approval/Control Centre - Check Results - ABP Pre-Approval" status="PASSED">
         <system-out><![CDATA[2018-11-22 17:01:13 - [TEST_CASE][PASSED] - Test Cases/ABP/Pre-Approval/Control Centre - Check Results - ABP Pre-Approval: Test Cases/ABP/Pre-Approval/Control Centre - Check Results - ABP Pre-Approval

2018-11-22 17:01:14 - [TEST_STEP][PASSED] - Statement - log = new com.kms.katalon.core.logging.KeywordLogger(): null

2018-11-22 17:01:14 - [TEST_STEP][PASSED] - setText: Text '91357' is set on object 'Object Repository/FSM1/EMI Check Results/Page_JM Control Centre/input_Recents_v-textfield v-wi'

2018-11-22 17:01:14 - [MESSAGE][PASSED] - Text '91357' is set on object 'Object Repository/FSM1/EMI Check Results/Page_JM Control Centre/input_Recents_v-textfield v-wi'

2018-11-22 17:01:14 - [TEST_STEP][PASSED] - click: Object: 'Object Repository/FSM1/EMI Check Results/Page_JM Control Centre/span_' is clicked on

2018-11-22 17:01:15 - [MESSAGE][PASSED] - Object: 'Object Repository/FSM1/EMI Check Results/Page_JM Control Centre/span_' is clicked on

2018-11-22 17:01:15 - [TEST_STEP][PASSED] - waitForElementPresent: Object 'Object Repository/FSM1/EMI Check Results/Page_JM Control Centre/div_CLOSED' is present

2018-11-22 17:01:19 - [MESSAGE][PASSED] - Object 'Object Repository/FSM1/EMI Check Results/Page_JM Control Centre/div_CLOSED' is present

2018-11-22 17:01:19 - [TEST_STEP][PASSED] - delay: Delayed 3 second(s)

2018-11-22 17:01:22 - [MESSAGE][PASSED] - Delayed 3 second(s)

2018-11-22 17:01:22 - [TEST_STEP][PASSED] - verifyElementPresent: Object 'Object Repository/FSM1/Complete ABP Inspection/Check Results/03a/Page_JM Control Centre/div_Attachments_ABP Pre-Approval' is present

2018-11-22 17:01:23 - [MESSAGE][PASSED] - Object 'Object Repository/FSM1/Complete ABP Inspection/Check Results/03a/Page_JM Control Centre/div_Attachments_ABP Pre-Approval' is present

2018-11-22 17:01:23 - [TEST_STEP][PASSED] - verifyElementPresent: Object 'Object Repository/FSM1/Complete ABP Inspection/Check Results/Page_JM Control Centre/ABPR15 - Microbiology' is present

2018-11-22 17:01:23 - [MESSAGE][WARNING] - Timeout '0' is invalid. Using default page load timeout: '30'

2018-11-22 17:01:23 - [MESSAGE][WARNING] - Timeout '0' is invalid. Using default page load timeout: '30'

2018-11-22 17:01:23 - [MESSAGE][PASSED] - Object 'Object Repository/FSM1/Complete ABP Inspection/Check Results/Page_JM Control Centre/ABPR15 - Microbiology' is present]]></system-out>
         <system-err><![CDATA[]]></system-err>
      </testcase>
      <testcase name="Test Cases/ABP/Generic/Check Subsequent Inspection Exist" classname="Test Cases/ABP/Generic/Check Subsequent Inspection Exist" status="PASSED">
         <system-out><![CDATA[2018-11-22 17:01:23 - [TEST_CASE][PASSED] - Test Cases/ABP/Generic/Check Subsequent Inspection Exist: Test Cases/ABP/Generic/Check Subsequent Inspection Exist

2018-11-22 17:01:23 - [TEST_STEP][PASSED] - delay: Delayed 2 second(s)

2018-11-22 17:01:25 - [MESSAGE][PASSED] - Delayed 2 second(s)

2018-11-22 17:01:25 - [TEST_STEP][PASSED] - click: Object: 'Object Repository/FSM1/Complete ABP Inspection/Check Subsequent Inspections/New/Page_JM Control Centre/div_' is clicked on

2018-11-22 17:01:25 - [MESSAGE][PASSED] - Object: 'Object Repository/FSM1/Complete ABP Inspection/Check Subsequent Inspections/New/Page_JM Control Centre/div_' is clicked on

2018-11-22 17:01:25 - [TEST_STEP][PASSED] - click: Object: 'Object Repository/FSM1/Complete ABP Inspection/Check Subsequent Inspections/New/Page_JM Control Centre/span_List All Subordinate Jobs' is clicked on

2018-11-22 17:01:26 - [MESSAGE][PASSED] - Object: 'Object Repository/FSM1/Complete ABP Inspection/Check Subsequent Inspections/New/Page_JM Control Centre/span_List All Subordinate Jobs' is clicked on

2018-11-22 17:01:27 - [TEST_STEP][PASSED] - delay: Delayed 2 second(s)

2018-11-22 17:01:29 - [MESSAGE][PASSED] - Delayed 2 second(s)

2018-11-22 17:01:29 - [TEST_STEP][PASSED] - verifyElementVisible: Object 'Object Repository/FSM1/Complete ABP Inspection/Check Subsequent Inspections/New/Page_JM Control Centre/div_2 found.' is visible

2018-11-22 17:01:29 - [MESSAGE][PASSED] - Object 'Object Repository/FSM1/Complete ABP Inspection/Check Subsequent Inspections/New/Page_JM Control Centre/div_2 found.' is visible

2018-11-22 17:01:29 - [TEST_STEP][PASSED] - closeBrowser: Browser is closed

2018-11-22 17:01:30 - [MESSAGE][PASSED] - Browser is closed]]></system-out>
         <system-err><![CDATA[]]></system-err>
      </testcase>
      <system-out><![CDATA[2018-11-22 16:55:24 - [TEST_SUITE][PASSED] - ABP Regression - Pre-Approval - Next Routine: Test Cases/ABP/Generic/Check Subsequent Inspection Exist]]></system-out>
      <system-err><![CDATA[]]></system-err>
   </testsuite>
</testsuites>
