<?xml version="1.0" encoding="UTF-8"?>
<testsuites name="ABP Regression - 09a" time="418" tests="15" failures="0" errors="0">
   <testsuite name="ABP Regression - 09a" tests="15" failures="0" errors="0" time="418" timestamp="2018-11-22 17:47:22" hostname="JHATFIELD - SNDFSMINFSRV001.defra.onmicrosoft.com" id="Test Suites/ABP/ABP Regression - 09a">
      <properties>
         <property name="deviceName" value=""/>
         <property name="devicePlatform" value=""/>
         <property name="logFolder" value="C:\\Users\\JHATFIELD\\git\\DEFRA-FSM_Automated_Regression_NEW\\Reports\\ABP\\ABP Regression - 09a\\20181122_161652"/>
         <property name="logFiles" value="C:\\Users\\JHATFIELD\\git\\DEFRA-FSM_Automated_Regression_NEW\\Reports\\ABP\\ABP Regression - 09a\\20181122_161652\\execution0.log"/>
         <property name="attachments" value="C:\\Users\\JHATFIELD\\git\\DEFRA-FSM_Automated_Regression_NEW\\Reports\\ABP\\ABP Regression - 09a\\20181122_161652\\1542909095548.png"/>
         <property name="hostName" value="JHATFIELD - SNDFSMINFSRV001.defra.onmicrosoft.com"/>
         <property name="os" value="Windows Server 2016 64bit"/>
         <property name="katalonVersion" value="5.8.6.1"/>
         <property name="browser" value="Chrome 70.0.3538.102"/>
         <property name="hostAddress" value="10.201.1.17"/>
         <property name="sessionId" value="672ba2b38a99e2e8173bd56f1a5068ba"/>
         <property name="seleniumVersion" value="3.7.1"/>
         <property name="proxyInformation" value="ProxyInformation{proxyOption=NO_PROXY, proxyServerType=HTTP, password=, proxyServerAddress=, proxyServerPort=0}"/>
         <property name="platform" value="Windows Server 2016"/>
      </properties>
      <testcase name="Test Cases/Generic/Launch Job Manager Control Centre" classname="Test Cases/Generic/Launch Job Manager Control Centre" status="PASSED">
         <system-out><![CDATA[2018-11-22 17:47:23 - [TEST_CASE][PASSED] - Test Cases/Generic/Launch Job Manager Control Centre: Test Cases/Generic/Launch Job Manager Control Centre

2018-11-22 17:47:24 - [TEST_STEP][PASSED] - openBrowser: Browser is opened with url: ''

2018-11-22 17:47:29 - [MESSAGE][PASSED] - Browser is opened with url: ''

2018-11-22 17:47:29 - [TEST_STEP][PASSED] - navigateToUrl: Navigate to 'https://kirona-def-6.kirona.com/jmprep/login#!loginView' successfully

2018-11-22 17:47:30 - [MESSAGE][PASSED] - Navigate to 'https://kirona-def-6.kirona.com/jmprep/login#!loginView' successfully

2018-11-22 17:47:30 - [TEST_STEP][PASSED] - setText: Text 'jon.hatfield' is set on object 'Object Repository/FSM1/Control Centre/Page_Job Manager Login/input_gwt-uid-3'

2018-11-22 17:47:32 - [MESSAGE][PASSED] - Text 'jon.hatfield' is set on object 'Object Repository/FSM1/Control Centre/Page_Job Manager Login/input_gwt-uid-3'

2018-11-22 17:47:32 - [TEST_STEP][PASSED] - setText: Text 'Fr@nc1sJ0n' is set on object 'Object Repository/FSM1/Control Centre/Page_Job Manager Login/input_gwt-uid-5'

2018-11-22 17:47:33 - [MESSAGE][PASSED] - Text 'Fr@nc1sJ0n' is set on object 'Object Repository/FSM1/Control Centre/Page_Job Manager Login/input_gwt-uid-5'

2018-11-22 17:47:33 - [TEST_STEP][PASSED] - click: Object: 'Object Repository/FSM1/PreProd/Page_Job Manager Login/div_Login' is clicked on

2018-11-22 17:47:33 - [MESSAGE][PASSED] - Object: 'Object Repository/FSM1/PreProd/Page_Job Manager Login/div_Login' is clicked on

2018-11-22 17:47:33 - [TEST_STEP][PASSED] - delay: Delayed 5 second(s)

2018-11-22 17:47:38 - [MESSAGE][PASSED] - Delayed 5 second(s)]]></system-out>
         <system-err><![CDATA[]]></system-err>
      </testcase>
      <testcase name="Test Cases/ABP/Generic/Create ABP Inspection - Manual Assignment" classname="Test Cases/ABP/Generic/Create ABP Inspection - Manual Assignment" status="PASSED">
         <system-out><![CDATA[2018-11-22 17:47:38 - [TEST_CASE][PASSED] - Test Cases/ABP/Generic/Create ABP Inspection - Manual Assignment: Test Cases/ABP/Generic/Create ABP Inspection - Manual Assignment

2018-11-22 17:47:39 - [TEST_STEP][PASSED] - Statement - log = new com.kms.katalon.core.logging.KeywordLogger(): null

2018-11-22 17:47:39 - [TEST_STEP][PASSED] - click: Object: 'Object Repository/FSM1/Create ABP Inspection Manual Ass/Page_JM Control Centre/Page_JM Control Centre/Page_JM Control Centre/div_Create' is clicked on

2018-11-22 17:47:39 - [MESSAGE][PASSED] - Object: 'Object Repository/FSM1/Create ABP Inspection Manual Ass/Page_JM Control Centre/Page_JM Control Centre/Page_JM Control Centre/div_Create' is clicked on

2018-11-22 17:47:39 - [TEST_STEP][PASSED] - click: Object: 'Object Repository/FSM1/Create ABP Inspection Manual Ass/Page_JM Control Centre/Page_JM Control Centre/Page_JM Control Centre/div_v-filterselect-button' is clicked on

2018-11-22 17:47:41 - [MESSAGE][PASSED] - Object: 'Object Repository/FSM1/Create ABP Inspection Manual Ass/Page_JM Control Centre/Page_JM Control Centre/Page_JM Control Centre/div_v-filterselect-button' is clicked on

2018-11-22 17:47:41 - [TEST_STEP][PASSED] - setText: Text 'ABPR09a' is set on object 'Object Repository/FSM1/Create ABP Inspection Manual Ass/Page_JM Control Centre/Page_JM Control Centre/Page_JM Control Centre/input_gwt-uid-8'

2018-11-22 17:47:42 - [MESSAGE][PASSED] - Text 'ABPR09a' is set on object 'Object Repository/FSM1/Create ABP Inspection Manual Ass/Page_JM Control Centre/Page_JM Control Centre/Page_JM Control Centre/input_gwt-uid-8'

2018-11-22 17:47:42 - [TEST_STEP][PASSED] - Statement - ABPInspectionTypeJ = com.kms.katalon.core.webui.keyword.WebUiBuiltInKeywords.modifyObjectProperty(com.kms.katalon.core.testobject.ObjectRepository.findTestObject(Object Repository/FSM1/Create ABP Inspection Manual Ass/Page_JM Control Centre/Page_JM Control Centre/Page_JM Control Centre/span_ABPR01A - Composting and), "text", "equals", ABPInspectionType, true): Modify property of object successfully

2018-11-22 17:47:42 - [MESSAGE][PASSED] - Modify property of object successfully

2018-11-22 17:47:42 - [TEST_STEP][PASSED] - click: Object: 'Object Repository/FSM1/Create ABP Inspection Manual Ass/Page_JM Control Centre/Page_JM Control Centre/Page_JM Control Centre/span_ABPR01A - Composting and' is clicked on

2018-11-22 17:47:42 - [MESSAGE][PASSED] - Object: 'Object Repository/FSM1/Create ABP Inspection Manual Ass/Page_JM Control Centre/Page_JM Control Centre/Page_JM Control Centre/span_ABPR01A - Composting and' is clicked on

2018-11-22 17:47:43 - [TEST_STEP][PASSED] - click: Object: 'Object Repository/FSM1/Create ABP Inspection Manual Ass/Page_JM Control Centre/Page_JM Control Centre/Page_JM Control Centre/div_v-filterselect-button_1' is clicked on

2018-11-22 17:47:45 - [MESSAGE][PASSED] - Object: 'Object Repository/FSM1/Create ABP Inspection Manual Ass/Page_JM Control Centre/Page_JM Control Centre/Page_JM Control Centre/div_v-filterselect-button_1' is clicked on

2018-11-22 17:47:45 - [TEST_STEP][PASSED] - click: Object: 'Object Repository/FSM1/Create ABP Inspection Manual Ass/Page_JM Control Centre/Page_JM Control Centre/Page_JM Control Centre/span_24 Hours' is clicked on

2018-11-22 17:47:45 - [MESSAGE][PASSED] - Object: 'Object Repository/FSM1/Create ABP Inspection Manual Ass/Page_JM Control Centre/Page_JM Control Centre/Page_JM Control Centre/span_24 Hours' is clicked on

2018-11-22 17:47:45 - [TEST_STEP][PASSED] - click: Object: 'Object Repository/FSM1/Create ABP Inspection Manual Ass/Page_JM Control Centre/Page_JM Control Centre/Page_JM Control Centre/div_Region_v-filterselect-butt' is clicked on

2018-11-22 17:47:46 - [MESSAGE][PASSED] - Object: 'Object Repository/FSM1/Create ABP Inspection Manual Ass/Page_JM Control Centre/Page_JM Control Centre/Page_JM Control Centre/div_Region_v-filterselect-butt' is clicked on

2018-11-22 17:47:46 - [TEST_STEP][PASSED] - click: Object: 'Object Repository/FSM1/Create ABP Inspection Manual Ass/Page_JM Control Centre/Page_JM Control Centre/Page_JM Control Centre/td_West' is clicked on

2018-11-22 17:47:46 - [MESSAGE][PASSED] - Object: 'Object Repository/FSM1/Create ABP Inspection Manual Ass/Page_JM Control Centre/Page_JM Control Centre/Page_JM Control Centre/td_West' is clicked on

2018-11-22 17:47:46 - [TEST_STEP][PASSED] - click: Object: 'Object Repository/FSM1/Create ABP Inspection Manual Ass/Page_JM Control Centre/Page_JM Control Centre/Page_JM Control Centre/div_Plant Type_v-filterselect-' is clicked on

2018-11-22 17:47:46 - [MESSAGE][PASSED] - Object: 'Object Repository/FSM1/Create ABP Inspection Manual Ass/Page_JM Control Centre/Page_JM Control Centre/Page_JM Control Centre/div_Plant Type_v-filterselect-' is clicked on

2018-11-22 17:47:47 - [TEST_STEP][PASSED] - click: Object: 'Object Repository/FSM1/Create ABP Inspection Manual Ass/Page_JM Control Centre/Page_JM Control Centre/Page_JM Control Centre/td_SECTION I Intermediate Acti' is clicked on

2018-11-22 17:47:47 - [MESSAGE][PASSED] - Object: 'Object Repository/FSM1/Create ABP Inspection Manual Ass/Page_JM Control Centre/Page_JM Control Centre/Page_JM Control Centre/td_SECTION I Intermediate Acti' is clicked on

2018-11-22 17:47:47 - [TEST_STEP][PASSED] - click: Object: 'Object Repository/FSM1/Create ABP Inspection Manual Ass/Page_JM Control Centre/Page_JM Control Centre/Page_JM Control Centre/div_Inspection Type_v-filterse' is clicked on

2018-11-22 17:47:47 - [MESSAGE][PASSED] - Object: 'Object Repository/FSM1/Create ABP Inspection Manual Ass/Page_JM Control Centre/Page_JM Control Centre/Page_JM Control Centre/div_Inspection Type_v-filterse' is clicked on

2018-11-22 17:47:48 - [TEST_STEP][PASSED] - click: Object: 'Object Repository/FSM1/Create ABP Inspection Manual Ass/Page_JM Control Centre/Page_JM Control Centre/Page_JM Control Centre/td_Routine' is clicked on

2018-11-22 17:47:48 - [MESSAGE][PASSED] - Object: 'Object Repository/FSM1/Create ABP Inspection Manual Ass/Page_JM Control Centre/Page_JM Control Centre/Page_JM Control Centre/td_Routine' is clicked on

2018-11-22 17:47:48 - [TEST_STEP][PASSED] - click: Object: 'Object Repository/FSM1/Create ABP Inspection Manual Ass/Page_JM Control Centre/Page_JM Control Centre/Page_JM Control Centre/div_Inspector Grade Required_v' is clicked on

2018-11-22 17:47:48 - [MESSAGE][PASSED] - Object: 'Object Repository/FSM1/Create ABP Inspection Manual Ass/Page_JM Control Centre/Page_JM Control Centre/Page_JM Control Centre/div_Inspector Grade Required_v' is clicked on

2018-11-22 17:47:48 - [TEST_STEP][PASSED] - click: Object: 'Object Repository/FSM1/Create ABP Inspection Manual Ass/Page_JM Control Centre/Page_JM Control Centre/Page_JM Control Centre/td_Tech' is clicked on

2018-11-22 17:47:49 - [MESSAGE][PASSED] - Object: 'Object Repository/FSM1/Create ABP Inspection Manual Ass/Page_JM Control Centre/Page_JM Control Centre/Page_JM Control Centre/td_Tech' is clicked on

2018-11-22 17:47:49 - [TEST_STEP][PASSED] - click: Object: 'Object Repository/FSM1/Create ABP Inspection Manual Ass/Page_JM Control Centre/Page_JM Control Centre/Page_JM Control Centre/div_Sequence within Inspection' is clicked on

2018-11-22 17:47:49 - [MESSAGE][PASSED] - Object: 'Object Repository/FSM1/Create ABP Inspection Manual Ass/Page_JM Control Centre/Page_JM Control Centre/Page_JM Control Centre/div_Sequence within Inspection' is clicked on

2018-11-22 17:47:49 - [TEST_STEP][PASSED] - click: Object: 'Object Repository/FSM1/Create ABP Inspection Manual Ass/Page_JM Control Centre/Page_JM Control Centre/Page_JM Control Centre/td_2 - Tech' is clicked on

2018-11-22 17:47:50 - [MESSAGE][PASSED] - Object: 'Object Repository/FSM1/Create ABP Inspection Manual Ass/Page_JM Control Centre/Page_JM Control Centre/Page_JM Control Centre/td_2 - Tech' is clicked on

2018-11-22 17:47:50 - [TEST_STEP][PASSED] - setText: Text '52897' is set on object 'Object Repository/FSM1/Create ABP Inspection Manual Ass/Page_JM Control Centre/Page_JM Control Centre/Page_JM Control Centre/input_Customer ID_gwt-uid-40'

2018-11-22 17:47:50 - [MESSAGE][PASSED] - Text '52897' is set on object 'Object Repository/FSM1/Create ABP Inspection Manual Ass/Page_JM Control Centre/Page_JM Control Centre/Page_JM Control Centre/input_Customer ID_gwt-uid-40'

2018-11-22 17:47:50 - [TEST_STEP][PASSED] - setText: Text '33700' is set on object 'Object Repository/FSM1/Create ABP Inspection Manual Ass/Page_JM Control Centre/Page_JM Control Centre/Page_JM Control Centre/input_Unit ID_gwt-uid-42'

2018-11-22 17:47:51 - [MESSAGE][PASSED] - Text '33700' is set on object 'Object Repository/FSM1/Create ABP Inspection Manual Ass/Page_JM Control Centre/Page_JM Control Centre/Page_JM Control Centre/input_Unit ID_gwt-uid-42'

2018-11-22 17:47:51 - [TEST_STEP][PASSED] - setText: Text 'Test Automation' is set on object 'Object Repository/FSM1/Create ABP Inspection Manual Ass/Page_JM Control Centre/Page_JM Control Centre/Page_JM Control Centre/input_Customer Name_gwt-uid-44'

2018-11-22 17:47:51 - [MESSAGE][PASSED] - Text 'Test Automation' is set on object 'Object Repository/FSM1/Create ABP Inspection Manual Ass/Page_JM Control Centre/Page_JM Control Centre/Page_JM Control Centre/input_Customer Name_gwt-uid-44'

2018-11-22 17:47:51 - [TEST_STEP][PASSED] - click: Object: 'Object Repository/FSM1/Create ABP Inspection Manual Ass/Page_JM Control Centre/Page_JM Control Centre/Page_JM Control Centre/span_' is clicked on

2018-11-22 17:47:52 - [MESSAGE][PASSED] - Object: 'Object Repository/FSM1/Create ABP Inspection Manual Ass/Page_JM Control Centre/Page_JM Control Centre/Page_JM Control Centre/span_' is clicked on

2018-11-22 17:47:52 - [TEST_STEP][PASSED] - click: Object: 'Object Repository/FSM1/Create ABP Inspection Manual Ass/Page_JM Control Centre/Page_JM Control Centre/Page_JM Control Centre/Postcode Search' is clicked on

2018-11-22 17:47:54 - [MESSAGE][PASSED] - Object: 'Object Repository/FSM1/Create ABP Inspection Manual Ass/Page_JM Control Centre/Page_JM Control Centre/Page_JM Control Centre/Postcode Search' is clicked on

2018-11-22 17:47:54 - [TEST_STEP][PASSED] - setText: Text 'WR5 2NQ' is set on object 'Object Repository/FSM1/Create ABP Inspection Manual Ass/Page_JM Control Centre/Page_JM Control Centre/Page_JM Control Centre/PostcodeSearch'

2018-11-22 17:47:54 - [MESSAGE][PASSED] - Text 'WR5 2NQ' is set on object 'Object Repository/FSM1/Create ABP Inspection Manual Ass/Page_JM Control Centre/Page_JM Control Centre/Page_JM Control Centre/PostcodeSearch'

2018-11-22 17:47:54 - [TEST_STEP][PASSED] - click: Object: 'Object Repository/FSM1/Control Centre/Create EMI Inspection/Create Address/Page_JM Control Centre (1)/SearchButton' is clicked on

2018-11-22 17:47:55 - [MESSAGE][PASSED] - Object: 'Object Repository/FSM1/Control Centre/Create EMI Inspection/Create Address/Page_JM Control Centre (1)/SearchButton' is clicked on

2018-11-22 17:47:55 - [TEST_STEP][PASSED] - Statement - FullAddress = com.kms.katalon.core.webui.keyword.WebUiBuiltInKeywords.modifyObjectProperty(com.kms.katalon.core.testobject.ObjectRepository.findTestObject(Object Repository/FSM1/Create ABP Inspection Manual Ass/Page_JM Control Centre/Page_JM Control Centre/Page_JM Control Centre/Address), "text", "equals", com.kms.katalon.core.testdata.TestDataFactory.findTestData(Pre Production/ABP/ABP Inspection Data 01a).getValue(3, 1), true): Modify property of object successfully

2018-11-22 17:47:55 - [MESSAGE][PASSED] - Modify property of object successfully

2018-11-22 17:47:55 - [TEST_STEP][PASSED] - click: Object: 'Object Repository/FSM1/Create ABP Inspection Manual Ass/Page_JM Control Centre/Page_JM Control Centre/Page_JM Control Centre/Address' is clicked on

2018-11-22 17:47:56 - [MESSAGE][PASSED] - Object: 'Object Repository/FSM1/Create ABP Inspection Manual Ass/Page_JM Control Centre/Page_JM Control Centre/Page_JM Control Centre/Address' is clicked on

2018-11-22 17:47:56 - [TEST_STEP][PASSED] - click: Object: 'Object Repository/FSM1/Control Centre/Create EMI Inspection/Create Address/Page_JM Control Centre (2)/div_Add Selected Item' is clicked on

2018-11-22 17:47:57 - [MESSAGE][PASSED] - Object: 'Object Repository/FSM1/Control Centre/Create EMI Inspection/Create Address/Page_JM Control Centre (2)/div_Add Selected Item' is clicked on

2018-11-22 17:47:57 - [TEST_STEP][PASSED] - delay: Delayed 2 second(s)

2018-11-22 17:47:59 - [MESSAGE][PASSED] - Delayed 2 second(s)

2018-11-22 17:47:59 - [TEST_STEP][PASSED] - click: Object: 'Object Repository/FSM1/Control Centre/Create EMI Inspection/Finish/Page_JM Control Centre (3)/div_Create' is clicked on

2018-11-22 17:47:59 - [MESSAGE][PASSED] - Object: 'Object Repository/FSM1/Control Centre/Create EMI Inspection/Finish/Page_JM Control Centre (3)/div_Create' is clicked on

2018-11-22 17:48:00 - [TEST_STEP][PASSED] - waitForElementPresent: Object 'Object Repository/FSM1/Create ABP Inspection Manual Ass/Page_JM Control Centre/Page_JM Control Centre/Page_JM Control Centre/div_APPROVED' is present

2018-11-22 17:48:05 - [MESSAGE][PASSED] - Object 'Object Repository/FSM1/Create ABP Inspection Manual Ass/Page_JM Control Centre/Page_JM Control Centre/Page_JM Control Centre/div_APPROVED' is present

2018-11-22 17:48:05 - [TEST_STEP][PASSED] - click: Object: 'Object Repository/FSM1/Create ABP Inspection Manual Ass/Page_JM Control Centre/Page_JM Control Centre/Page_JM Control Centre/span_Schedule' is clicked on

2018-11-22 17:48:06 - [MESSAGE][PASSED] - Object: 'Object Repository/FSM1/Create ABP Inspection Manual Ass/Page_JM Control Centre/Page_JM Control Centre/Page_JM Control Centre/span_Schedule' is clicked on

2018-11-22 17:48:06 - [TEST_STEP][PASSED] - click: Object: 'Object Repository/FSM1/Create ABP Inspection Manual Ass/Page_JM Control Centre/Page_JM Control Centre/Page_JM Control Centre/label_Manual Ownership' is clicked on

2018-11-22 17:48:10 - [MESSAGE][PASSED] - Object: 'Object Repository/FSM1/Create ABP Inspection Manual Ass/Page_JM Control Centre/Page_JM Control Centre/Page_JM Control Centre/label_Manual Ownership' is clicked on

2018-11-22 17:48:10 - [TEST_STEP][PASSED] - setText: Text 'test' is set on object 'Object Repository/FSM1/Create ABP Inspection Manual Ass/Page_JM Control Centre/Page_JM Control Centre/Page_JM Control Centre/input_Owner_gwt-uid-311 (3)'

2018-11-22 17:48:12 - [MESSAGE][PASSED] - Text 'test' is set on object 'Object Repository/FSM1/Create ABP Inspection Manual Ass/Page_JM Control Centre/Page_JM Control Centre/Page_JM Control Centre/input_Owner_gwt-uid-311 (3)'

2018-11-22 17:48:12 - [TEST_STEP][PASSED] - click: Object: 'Object Repository/FSM1/Create ABP Inspection Manual Ass/Page_JM Control Centre/Page_JM Control Centre/Page_JM Control Centre/span_Test Inspector' is clicked on

2018-11-22 17:48:12 - [MESSAGE][PASSED] - Object: 'Object Repository/FSM1/Create ABP Inspection Manual Ass/Page_JM Control Centre/Page_JM Control Centre/Page_JM Control Centre/span_Test Inspector' is clicked on

2018-11-22 17:48:13 - [TEST_STEP][NOT_RUN] - setText: NOT_RUN: setText

2018-11-22 17:48:13 - [MESSAGE][NOT_RUN] - NOT_RUN: setText

2018-11-22 17:48:13 - [TEST_STEP][PASSED] - Statement - mydate = new java.util.Date(): null

2018-11-22 17:48:13 - [TEST_STEP][PASSED] - Statement - tomorrow = mydate.next(): null

2018-11-22 17:48:13 - [TEST_STEP][PASSED] - Statement - formattedDate = tomorrow.format("dd-MMM-yyyy"): null

2018-11-22 17:48:13 - [TEST_STEP][PASSED] - setText: Text '23-Nov-2018' is set on object 'Object Repository/FSM1/Create ABP Inspection Manual Ass/Page_JM Control Centre/Page_JM Control Centre/Page_JM Control Centre/input_From date_gwt-uid-504 (10)'

2018-11-22 17:48:14 - [MESSAGE][PASSED] - Text '23-Nov-2018' is set on object 'Object Repository/FSM1/Create ABP Inspection Manual Ass/Page_JM Control Centre/Page_JM Control Centre/Page_JM Control Centre/input_From date_gwt-uid-504 (10)'

2018-11-22 17:48:14 - [TEST_STEP][PASSED] - setText: Text '23-Nov-2018' is set on object 'Object Repository/FSM1/Create ABP Inspection Manual Ass/Page_JM Control Centre/Page_JM Control Centre/Page_JM Control Centre/input_Due date_gwt-uid-506 (11)'

2018-11-22 17:48:15 - [MESSAGE][PASSED] - Text '23-Nov-2018' is set on object 'Object Repository/FSM1/Create ABP Inspection Manual Ass/Page_JM Control Centre/Page_JM Control Centre/Page_JM Control Centre/input_Due date_gwt-uid-506 (11)'

2018-11-22 17:48:15 - [TEST_STEP][PASSED] - click: Object: 'Object Repository/FSM1/Create ABP Inspection Manual Ass/Page_JM Control Centre/Page_JM Control Centre/Page_JM Control Centre/div_Allocate' is clicked on

2018-11-22 17:48:15 - [MESSAGE][PASSED] - Object: 'Object Repository/FSM1/Create ABP Inspection Manual Ass/Page_JM Control Centre/Page_JM Control Centre/Page_JM Control Centre/div_Allocate' is clicked on

2018-11-22 17:48:16 - [TEST_STEP][PASSED] - Statement - InspectionID = com.kms.katalon.core.webui.keyword.WebUiBuiltInKeywords.getText(com.kms.katalon.core.testobject.ObjectRepository.findTestObject(Object Repository/FSM1/Create ABP Inspection Manual Ass/Page_JM Control Centre/Page_JM Control Centre/Page_JM Control Centre/InspectionID)): Text of object 'Object Repository/FSM1/Create ABP Inspection Manual Ass/Page_JM Control Centre/Page_JM Control Centre/Page_JM Control Centre/InspectionID' is: 'Viewing Job 91371'

2018-11-22 17:48:16 - [MESSAGE][PASSED] - Text of object 'Object Repository/FSM1/Create ABP Inspection Manual Ass/Page_JM Control Centre/Page_JM Control Centre/Page_JM Control Centre/InspectionID' is: 'Viewing Job 91371'

2018-11-22 17:48:16 - [TEST_STEP][PASSED] - Statement - InspectionID = InspectionID.replaceAll("Viewing Job ", ""): null

2018-11-22 17:48:16 - [TEST_STEP][PASSED] - Statement - log.logWarning(InspectionID): 91371

2018-11-22 17:48:16 - [MESSAGE][WARNING] - 91371

2018-11-22 17:48:16 - [TEST_STEP][PASSED] - Statement - temp = InspectionID: null

2018-11-22 17:48:16 - [TEST_STEP][PASSED] - delay: Delayed 90 second(s)

2018-11-22 17:49:47 - [MESSAGE][PASSED] - Delayed 90 second(s)]]></system-out>
         <system-err><![CDATA[]]></system-err>
      </testcase>
      <testcase name="Test Cases/Generic/Launch Job Manager" classname="Test Cases/Generic/Launch Job Manager" status="PASSED">
         <system-out><![CDATA[2018-11-22 17:49:47 - [TEST_CASE][PASSED] - Test Cases/Generic/Launch Job Manager: Test Cases/Generic/Launch Job Manager

2018-11-22 17:49:47 - [TEST_STEP][PASSED] - openBrowser: Browser is opened with url: ''

2018-11-22 17:49:47 - [MESSAGE][WARNING] - A browser is already opened. Closing browser and opening a new one

2018-11-22 17:49:50 - [MESSAGE][PASSED] - Browser is opened with url: ''

2018-11-22 17:49:50 - [TEST_STEP][PASSED] - navigateToUrl: Navigate to 'https://kirona-def-6.kirona.com/jmprep/jclient/jclient.html' successfully

2018-11-22 17:49:51 - [MESSAGE][PASSED] - Navigate to 'https://kirona-def-6.kirona.com/jmprep/jclient/jclient.html' successfully

2018-11-22 17:49:51 - [TEST_STEP][PASSED] - setText: Text 'KIR1' is set on object 'Object Repository/FSM1/Launch Application/Page_JClient/input_gwt-TextBox GKH2EKQBMDB'

2018-11-22 17:49:54 - [MESSAGE][PASSED] - Text 'KIR1' is set on object 'Object Repository/FSM1/Launch Application/Page_JClient/input_gwt-TextBox GKH2EKQBMDB'

2018-11-22 17:49:54 - [TEST_STEP][PASSED] - sendKeys: Keys 'ENTER + ' sent to object: 'Object Repository/FSM1/Launch Application/Page_JClient/input_gwt-TextBox GKH2EKQBMDB'

2018-11-22 17:49:54 - [MESSAGE][PASSED] - Keys 'ENTER + ' sent to object: 'Object Repository/FSM1/Launch Application/Page_JClient/input_gwt-TextBox GKH2EKQBMDB'

2018-11-22 17:49:54 - [TEST_STEP][PASSED] - click: Object: 'Object Repository/FSM1/Launch Application/Page_JClient/div_Configure App' is clicked on

2018-11-22 17:49:54 - [MESSAGE][PASSED] - Object: 'Object Repository/FSM1/Launch Application/Page_JClient/div_Configure App' is clicked on

2018-11-22 17:49:54 - [TEST_STEP][PASSED] - setText: Text 'test.inspector' is set on object 'Object Repository/FSM1/Launch Application/Page_JClient/input_gwt-TextBox GKH2EKQBNHC'

2018-11-22 17:49:55 - [MESSAGE][PASSED] - Text 'test.inspector' is set on object 'Object Repository/FSM1/Launch Application/Page_JClient/input_gwt-TextBox GKH2EKQBNHC'

2018-11-22 17:49:55 - [TEST_STEP][PASSED] - setText: Text 'Password1.' is set on object 'Object Repository/FSM1/Launch Application/Page_JClient/input_gwt-PasswordTextBox GKH2'

2018-11-22 17:49:56 - [MESSAGE][PASSED] - Text 'Password1.' is set on object 'Object Repository/FSM1/Launch Application/Page_JClient/input_gwt-PasswordTextBox GKH2'

2018-11-22 17:49:56 - [TEST_STEP][PASSED] - click: Object: 'Object Repository/FSM1/Launch Application/Page_JClient/div_Sign In' is clicked on

2018-11-22 17:49:56 - [MESSAGE][PASSED] - Object: 'Object Repository/FSM1/Launch Application/Page_JClient/div_Sign In' is clicked on

2018-11-22 17:49:56 - [TEST_STEP][PASSED] - delay: Delayed 15 second(s)

2018-11-22 17:50:11 - [MESSAGE][PASSED] - Delayed 15 second(s)]]></system-out>
         <system-err><![CDATA[]]></system-err>
      </testcase>
      <testcase name="Test Cases/Generic/Select Inspection" classname="Test Cases/Generic/Select Inspection" status="PASSED">
         <system-out><![CDATA[2018-11-22 17:50:11 - [TEST_CASE][PASSED] - Test Cases/Generic/Select Inspection: Test Cases/Generic/Select Inspection

2018-11-22 17:50:11 - [TEST_STEP][PASSED] - delay: Delayed 30 second(s)

2018-11-22 17:50:41 - [MESSAGE][PASSED] - Delayed 30 second(s)

2018-11-22 17:50:41 - [TEST_STEP][PASSED] - waitForElementClickable: Object 'Object Repository/FSM1/Select Inspection/Landing/Refresh' is clickable

2018-11-22 17:50:42 - [MESSAGE][PASSED] - Object 'Object Repository/FSM1/Select Inspection/Landing/Refresh' is clickable

2018-11-22 17:50:42 - [TEST_STEP][PASSED] - click: Object: 'Object Repository/FSM1/Select Inspection/Landing/Refresh' is clicked on

2018-11-22 17:50:42 - [MESSAGE][PASSED] - Object: 'Object Repository/FSM1/Select Inspection/Landing/Refresh' is clicked on

2018-11-22 17:50:42 - [TEST_STEP][PASSED] - waitForElementClickable: Object 'Object Repository/FSM1/Select Inspection/Landing/Refresh' is clickable

2018-11-22 17:50:43 - [MESSAGE][PASSED] - Object 'Object Repository/FSM1/Select Inspection/Landing/Refresh' is clickable

2018-11-22 17:50:43 - [TEST_STEP][NOT_RUN] - delay: NOT_RUN: delay

2018-11-22 17:50:43 - [MESSAGE][NOT_RUN] - NOT_RUN: delay

2018-11-22 17:50:43 - [TEST_STEP][PASSED] - Statement - InspectionRef = com.kms.katalon.core.webui.keyword.WebUiBuiltInKeywords.modifyObjectProperty(com.kms.katalon.core.testobject.ObjectRepository.findTestObject(FSM1/Select Inspection/Landing/Page_JClient/div_35098), "text", "equals", temp, true, STOP_ON_FAILURE): Modify property of object successfully

2018-11-22 17:50:43 - [MESSAGE][PASSED] - Modify property of object successfully

2018-11-22 17:50:43 - [TEST_STEP][PASSED] - delay: Delayed 20 second(s)

2018-11-22 17:51:03 - [MESSAGE][PASSED] - Delayed 20 second(s)

2018-11-22 17:51:03 - [TEST_STEP][PASSED] - Statement - If (com.kms.katalon.core.webui.keyword.WebUiBuiltInKeywords.verifyElementPresent(InspectionRef, 30, OPTIONAL)): com.kms.katalon.core.webui.exception.WebElementNotFoundException: Web element with id: 'Object Repository/FSM1/Select Inspection/Landing/Page_JClient/div_35098' located by 'By.xpath: //div[(text() = '91371' or . = '91371')]' not found

2018-11-22 17:51:36 - [MESSAGE][WARNING] - com.kms.katalon.core.webui.exception.WebElementNotFoundException: Web element with id: 'Object Repository/FSM1/Select Inspection/Landing/Page_JClient/div_35098' located by 'By.xpath: //div[(text() = '91371' or . = '91371')]' not found
[[ATTACHMENT|C:\\Users\\JHATFIELD\\git\\DEFRA-FSM_Automated_Regression_NEW\\Reports\\ABP\\ABP Regression - 09a\\20181122_161652\\1542909095548.png]]

2018-11-22 17:51:36 - [TEST_STEP][PASSED] - Statement - Else: Object: 'Object Repository/FSM1/Select Inspection/Landing/Page_JClient/div_35098' is clicked on

2018-11-22 17:51:36 - [TEST_STEP][PASSED] - click: Object: 'Object Repository/FSM1/Select Inspection/Landing/Page_JClient (1)/2 Days' is clicked on

2018-11-22 17:51:36 - [MESSAGE][PASSED] - Object: 'Object Repository/FSM1/Select Inspection/Landing/Page_JClient (1)/2 Days' is clicked on

2018-11-22 17:51:36 - [TEST_STEP][PASSED] - delay: Delayed 3 second(s)

2018-11-22 17:51:39 - [MESSAGE][PASSED] - Delayed 3 second(s)

2018-11-22 17:51:39 - [TEST_STEP][PASSED] - click: Object: 'Object Repository/FSM1/Select Inspection/Landing/Page_JClient/div_35098' is clicked on

2018-11-22 17:51:39 - [MESSAGE][PASSED] - Object: 'Object Repository/FSM1/Select Inspection/Landing/Page_JClient/div_35098' is clicked on

2018-11-22 17:51:39 - [TEST_STEP][PASSED] - click: Object: 'Object Repository/FSM1/Select Inspection/Page_JClient/div_WITH OPERATIVE' is clicked on

2018-11-22 17:51:40 - [MESSAGE][PASSED] - Object: 'Object Repository/FSM1/Select Inspection/Page_JClient/div_WITH OPERATIVE' is clicked on

2018-11-22 17:51:40 - [TEST_STEP][PASSED] - delay: Delayed 2 second(s)

2018-11-22 17:51:42 - [MESSAGE][PASSED] - Delayed 2 second(s)

2018-11-22 17:51:42 - [TEST_STEP][PASSED] - click: Object: 'Object Repository/FSM1/Select Inspection/Page_JClient/div_TRAVELLING' is clicked on

2018-11-22 17:51:42 - [MESSAGE][PASSED] - Object: 'Object Repository/FSM1/Select Inspection/Page_JClient/div_TRAVELLING' is clicked on

2018-11-22 17:51:42 - [TEST_STEP][PASSED] - delay: Delayed 2 second(s)

2018-11-22 17:51:44 - [MESSAGE][PASSED] - Delayed 2 second(s)

2018-11-22 17:51:44 - [TEST_STEP][PASSED] - click: Object: 'Object Repository/FSM1/Select Inspection/Page_JClient/div_TRAVELLING' is clicked on

2018-11-22 17:51:44 - [MESSAGE][PASSED] - Object: 'Object Repository/FSM1/Select Inspection/Page_JClient/div_TRAVELLING' is clicked on

2018-11-22 17:51:44 - [TEST_STEP][PASSED] - delay: Delayed 2 second(s)

2018-11-22 17:51:46 - [MESSAGE][PASSED] - Delayed 2 second(s)

2018-11-22 17:51:46 - [TEST_STEP][PASSED] - click: Object: 'Object Repository/FSM1/Select Inspection/Page_JClient/div_ARRIVED' is clicked on

2018-11-22 17:51:47 - [MESSAGE][PASSED] - Object: 'Object Repository/FSM1/Select Inspection/Page_JClient/div_ARRIVED' is clicked on

2018-11-22 17:51:47 - [TEST_STEP][PASSED] - delay: Delayed 2 second(s)

2018-11-22 17:51:49 - [MESSAGE][PASSED] - Delayed 2 second(s)

2018-11-22 17:51:49 - [TEST_STEP][PASSED] - click: Object: 'Object Repository/FSM1/Select Inspection/Page_JClient/div_ARRIVED' is clicked on

2018-11-22 17:51:49 - [MESSAGE][PASSED] - Object: 'Object Repository/FSM1/Select Inspection/Page_JClient/div_ARRIVED' is clicked on

2018-11-22 17:51:49 - [TEST_STEP][PASSED] - delay: Delayed 4 second(s)

2018-11-22 17:51:53 - [MESSAGE][PASSED] - Delayed 4 second(s)

2018-11-22 17:51:53 - [TEST_STEP][PASSED] - click: Object: 'Object Repository/FSM1/Select Inspection/Page_JClient/div_STARTED' is clicked on

2018-11-22 17:51:53 - [MESSAGE][PASSED] - Object: 'Object Repository/FSM1/Select Inspection/Page_JClient/div_STARTED' is clicked on

2018-11-22 17:51:53 - [TEST_STEP][PASSED] - delay: Delayed 2 second(s)

2018-11-22 17:51:55 - [MESSAGE][PASSED] - Delayed 2 second(s)]]></system-out>
         <system-err><![CDATA[]]></system-err>
      </testcase>
      <testcase name="Test Cases/ABP/ABPR09a/Complete ABP Inspection - Section A - 09a" classname="Test Cases/ABP/ABPR09a/Complete ABP Inspection - Section A - 09a" status="PASSED">
         <system-out><![CDATA[2018-11-22 17:51:55 - [TEST_CASE][PASSED] - Test Cases/ABP/ABPR09a/Complete ABP Inspection - Section A - 09a: Test Cases/ABP/ABPR09a/Complete ABP Inspection - Section A - 09a

2018-11-22 17:51:55 - [TEST_STEP][PASSED] - click: Object: 'Object Repository/FSM1/Complete ABP Inspection/ABPR09a - Section B - Details/Section A/Page_JClient/div_Section A Summary of Inspe' is clicked on

2018-11-22 17:51:56 - [MESSAGE][PASSED] - Object: 'Object Repository/FSM1/Complete ABP Inspection/ABPR09a - Section B - Details/Section A/Page_JClient/div_Section A Summary of Inspe' is clicked on

2018-11-22 17:51:56 - [TEST_STEP][PASSED] - delay: Delayed 3 second(s)

2018-11-22 17:51:59 - [MESSAGE][PASSED] - Delayed 3 second(s)

2018-11-22 17:51:59 - [TEST_STEP][PASSED] - setText: Text '11/222/3333' is set on object 'Object Repository/FSM1/Complete ABP Inspection/ABPR09a - Section B - Details/Section A/Page_JClient/input_County Parish Holding (C'

2018-11-22 17:51:59 - [MESSAGE][PASSED] - Text '11/222/3333' is set on object 'Object Repository/FSM1/Complete ABP Inspection/ABPR09a - Section B - Details/Section A/Page_JClient/input_County Parish Holding (C'

2018-11-22 17:51:59 - [TEST_STEP][PASSED] - click: Object: 'Object Repository/FSM1/Complete ABP Inspection/ABPR09a - Section B - Details/Section A/Page_JClient/input_Yes_radio_group_1' is clicked on

2018-11-22 17:51:59 - [MESSAGE][PASSED] - Object: 'Object Repository/FSM1/Complete ABP Inspection/ABPR09a - Section B - Details/Section A/Page_JClient/input_Yes_radio_group_1' is clicked on

2018-11-22 17:51:59 - [TEST_STEP][PASSED] - click: Object: 'Object Repository/FSM1/Complete ABP Inspection/ABPR09a - Section B - Details/Section A/Page_JClient/input_Yes_radio_group_2' is clicked on

2018-11-22 17:52:00 - [MESSAGE][PASSED] - Object: 'Object Repository/FSM1/Complete ABP Inspection/ABPR09a - Section B - Details/Section A/Page_JClient/input_Yes_radio_group_2' is clicked on

2018-11-22 17:52:00 - [TEST_STEP][PASSED] - click: Object: 'Object Repository/FSM1/Complete ABP Inspection/ABPR09a - Section B - Details/Section A/Page_JClient/input_Yes_radio_group_3' is clicked on

2018-11-22 17:52:00 - [MESSAGE][PASSED] - Object: 'Object Repository/FSM1/Complete ABP Inspection/ABPR09a - Section B - Details/Section A/Page_JClient/input_Yes_radio_group_3' is clicked on

2018-11-22 17:52:00 - [TEST_STEP][PASSED] - click: Object: 'Object Repository/FSM1/Complete ABP Inspection/ABPR09a - Section B - Details/Section A/Page_JClient/input_Yes_radio_group_4' is clicked on

2018-11-22 17:52:00 - [MESSAGE][PASSED] - Object: 'Object Repository/FSM1/Complete ABP Inspection/ABPR09a - Section B - Details/Section A/Page_JClient/input_Yes_radio_group_4' is clicked on

2018-11-22 17:52:00 - [TEST_STEP][PASSED] - click: Object: 'Object Repository/FSM1/Complete ABP Inspection/ABPR09a - Section B - Details/Section A/Page_JClient/input_Yes_radio_group_5' is clicked on

2018-11-22 17:52:00 - [MESSAGE][PASSED] - Object: 'Object Repository/FSM1/Complete ABP Inspection/ABPR09a - Section B - Details/Section A/Page_JClient/input_Yes_radio_group_5' is clicked on

2018-11-22 17:52:00 - [TEST_STEP][PASSED] - selectOptionByValue: All options with value 'S' are selected in object 'Object Repository/FSM1/Complete ABP Inspection/ABPR09a - Section B - Details/Section A/Page_JClient/select_SatisfactoryUnsatisfact'  using regular expression

2018-11-22 17:52:00 - [MESSAGE][PASSED] - All options with value 'S' are selected in object 'Object Repository/FSM1/Complete ABP Inspection/ABPR09a - Section B - Details/Section A/Page_JClient/select_SatisfactoryUnsatisfact'  using regular expression

2018-11-22 17:52:00 - [TEST_STEP][PASSED] - selectOptionByValue: All options with value 'S' are selected in object 'Object Repository/FSM1/Complete ABP Inspection/ABPR09a - Section B - Details/Section A/Page_JClient/select_Operation'  using regular expression

2018-11-22 17:52:01 - [MESSAGE][PASSED] - All options with value 'S' are selected in object 'Object Repository/FSM1/Complete ABP Inspection/ABPR09a - Section B - Details/Section A/Page_JClient/select_Operation'  using regular expression

2018-11-22 17:52:01 - [TEST_STEP][PASSED] - selectOptionByValue: All options with value 'S' are selected in object 'Object Repository/FSM1/Complete ABP Inspection/ABPR09a - Section B - Details/Section A/Page_JClient/select_Records'  using regular expression

2018-11-22 17:52:01 - [MESSAGE][PASSED] - All options with value 'S' are selected in object 'Object Repository/FSM1/Complete ABP Inspection/ABPR09a - Section B - Details/Section A/Page_JClient/select_Records'  using regular expression

2018-11-22 17:52:01 - [TEST_STEP][PASSED] - selectOptionByValue: All options with value 'S' are selected in object 'Object Repository/FSM1/Complete ABP Inspection/ABPR09a - Section B - Details/Section A/Page_JClient/select_SRM'  using regular expression

2018-11-22 17:52:01 - [MESSAGE][PASSED] - All options with value 'S' are selected in object 'Object Repository/FSM1/Complete ABP Inspection/ABPR09a - Section B - Details/Section A/Page_JClient/select_SRM'  using regular expression

2018-11-22 17:52:01 - [TEST_STEP][PASSED] - click: Object: 'Object Repository/FSM1/Complete ABP Inspection/ABPR09a - Section B - Details/Section A/Page_JClient/input_Yes_radio_group_14' is clicked on

2018-11-22 17:52:02 - [MESSAGE][PASSED] - Object: 'Object Repository/FSM1/Complete ABP Inspection/ABPR09a - Section B - Details/Section A/Page_JClient/input_Yes_radio_group_14' is clicked on

2018-11-22 17:52:02 - [TEST_STEP][PASSED] - click: Object: 'Object Repository/FSM1/Complete ABP Inspection/ABPR09a - Section B - Details/Section A/Page_JClient/input_Yes_radio_group_15' is clicked on

2018-11-22 17:52:02 - [MESSAGE][PASSED] - Object: 'Object Repository/FSM1/Complete ABP Inspection/ABPR09a - Section B - Details/Section A/Page_JClient/input_Yes_radio_group_15' is clicked on

2018-11-22 17:52:02 - [TEST_STEP][PASSED] - selectOptionByValue: All options with value 'Continue with current reg' are selected in object 'Object Repository/FSM1/Complete ABP Inspection/ABPR09a - Section B - Details/Section A/Page_JClient/select_(a) Continue with curre'  using regular expression

2018-11-22 17:52:02 - [MESSAGE][PASSED] - All options with value 'Continue with current reg' are selected in object 'Object Repository/FSM1/Complete ABP Inspection/ABPR09a - Section B - Details/Section A/Page_JClient/select_(a) Continue with curre'  using regular expression

2018-11-22 17:52:02 - [TEST_STEP][PASSED] - click: Object: 'Object Repository/FSM1/Complete ABP Inspection/ABPR09a - Section B - Details/Section A/Page_JClient/input_Yes_radio_group_16' is clicked on

2018-11-22 17:52:02 - [MESSAGE][PASSED] - Object: 'Object Repository/FSM1/Complete ABP Inspection/ABPR09a - Section B - Details/Section A/Page_JClient/input_Yes_radio_group_16' is clicked on

2018-11-22 17:52:02 - [TEST_STEP][PASSED] - click: Object: 'Object Repository/FSM1/Complete ABP Inspection/ABPR09a - Section B - Details/Section A/Page_JClient/input_Yes_radio_group_17' is clicked on

2018-11-22 17:52:02 - [MESSAGE][PASSED] - Object: 'Object Repository/FSM1/Complete ABP Inspection/ABPR09a - Section B - Details/Section A/Page_JClient/input_Yes_radio_group_17' is clicked on

2018-11-22 17:52:02 - [TEST_STEP][PASSED] - click: Object: 'Object Repository/FSM1/Complete ABP Inspection/ABPR09a - Section B - Details/Section A/Page_JClient/input_Yes_radio_group_18' is clicked on

2018-11-22 17:52:03 - [MESSAGE][PASSED] - Object: 'Object Repository/FSM1/Complete ABP Inspection/ABPR09a - Section B - Details/Section A/Page_JClient/input_Yes_radio_group_18' is clicked on

2018-11-22 17:52:03 - [TEST_STEP][PASSED] - setText: Text '12' is set on object 'Object Repository/FSM1/Complete ABP Inspection/ABPR09a - Section B - Details/Section A/Page_JClient/input_Chargeable time (minutes'

2018-11-22 17:52:03 - [MESSAGE][PASSED] - Text '12' is set on object 'Object Repository/FSM1/Complete ABP Inspection/ABPR09a - Section B - Details/Section A/Page_JClient/input_Chargeable time (minutes'

2018-11-22 17:52:03 - [TEST_STEP][PASSED] - click: Object: 'Object Repository/FSM1/Complete ABP Inspection/ABPR09a - Section B - Details/Section A/Page_JClient/div_Save' is clicked on

2018-11-22 17:52:03 - [MESSAGE][PASSED] - Object: 'Object Repository/FSM1/Complete ABP Inspection/ABPR09a - Section B - Details/Section A/Page_JClient/div_Save' is clicked on]]></system-out>
         <system-err><![CDATA[]]></system-err>
      </testcase>
      <testcase name="Test Cases/ABP/ABPR09a/Complete ABP Inspection - Section B - 09a" classname="Test Cases/ABP/ABPR09a/Complete ABP Inspection - Section B - 09a" status="PASSED">
         <system-out><![CDATA[2018-11-22 17:52:03 - [TEST_CASE][PASSED] - Test Cases/ABP/ABPR09a/Complete ABP Inspection - Section B - 09a: Test Cases/ABP/ABPR09a/Complete ABP Inspection - Section B - 09a

2018-11-22 17:52:03 - [TEST_STEP][PASSED] - click: Object: 'Object Repository/FSM1/Complete ABP Inspection/ABPR09a - Section B - Details/Page_JClient/Page_JClient/div_Section B Inspection Detai' is clicked on

2018-11-22 17:52:04 - [MESSAGE][PASSED] - Object: 'Object Repository/FSM1/Complete ABP Inspection/ABPR09a - Section B - Details/Page_JClient/Page_JClient/div_Section B Inspection Detai' is clicked on

2018-11-22 17:52:04 - [TEST_STEP][PASSED] - delay: Delayed 3 second(s)

2018-11-22 17:52:07 - [MESSAGE][PASSED] - Delayed 3 second(s)

2018-11-22 17:52:07 - [TEST_STEP][PASSED] - click: Object: 'Object Repository/FSM1/Complete ABP Inspection/ABPR09a - Section B - Details/Page_JClient/Page_JClient/input_Site plan_radio_group_19' is clicked on

2018-11-22 17:52:07 - [MESSAGE][PASSED] - Object: 'Object Repository/FSM1/Complete ABP Inspection/ABPR09a - Section B - Details/Page_JClient/Page_JClient/input_Site plan_radio_group_19' is clicked on

2018-11-22 17:52:07 - [TEST_STEP][PASSED] - click: Object: 'Object Repository/FSM1/Complete ABP Inspection/ABPR09a - Section B - Details/Page_JClient/Page_JClient/input_Not Checked_radio_group_' is clicked on

2018-11-22 17:52:07 - [MESSAGE][PASSED] - Object: 'Object Repository/FSM1/Complete ABP Inspection/ABPR09a - Section B - Details/Page_JClient/Page_JClient/input_Not Checked_radio_group_' is clicked on

2018-11-22 17:52:07 - [TEST_STEP][PASSED] - setText: Text 'test automation 1' is set on object 'Object Repository/FSM1/Complete ABP Inspection/ABPR09a - Section B - Details/Page_JClient/Page_JClient/textarea_If yes indicate on pl'

2018-11-22 17:52:08 - [MESSAGE][PASSED] - Text 'test automation 1' is set on object 'Object Repository/FSM1/Complete ABP Inspection/ABPR09a - Section B - Details/Page_JClient/Page_JClient/textarea_If yes indicate on pl'

2018-11-22 17:52:08 - [TEST_STEP][PASSED] - click: Object: 'Object Repository/FSM1/Complete ABP Inspection/ABPR09a - Section B - Details/Page_JClient/Page_JClient/input_Operations_radio_group_2' is clicked on

2018-11-22 17:52:08 - [MESSAGE][PASSED] - Object: 'Object Repository/FSM1/Complete ABP Inspection/ABPR09a - Section B - Details/Page_JClient/Page_JClient/input_Operations_radio_group_2' is clicked on

2018-11-22 17:52:08 - [TEST_STEP][PASSED] - click: Object: 'Object Repository/FSM1/Complete ABP Inspection/ABPR09a - Section B - Details/Page_JClient/Page_JClient/input_Not Checked_radio_group__1' is clicked on

2018-11-22 17:52:08 - [MESSAGE][PASSED] - Object: 'Object Repository/FSM1/Complete ABP Inspection/ABPR09a - Section B - Details/Page_JClient/Page_JClient/input_Not Checked_radio_group__1' is clicked on

2018-11-22 17:52:08 - [TEST_STEP][PASSED] - click: Object: 'Object Repository/FSM1/Complete ABP Inspection/ABPR09a - Section B - Details/Page_JClient/Page_JClient/input_Not Checked_radio_group__2' is clicked on

2018-11-22 17:52:08 - [MESSAGE][PASSED] - Object: 'Object Repository/FSM1/Complete ABP Inspection/ABPR09a - Section B - Details/Page_JClient/Page_JClient/input_Not Checked_radio_group__2' is clicked on

2018-11-22 17:52:08 - [TEST_STEP][PASSED] - click: Object: 'Object Repository/FSM1/Complete ABP Inspection/ABPR09a - Section B - Details/Page_JClient/Page_JClient/input_Not Checked_radio_group__3' is clicked on

2018-11-22 17:52:08 - [MESSAGE][PASSED] - Object: 'Object Repository/FSM1/Complete ABP Inspection/ABPR09a - Section B - Details/Page_JClient/Page_JClient/input_Not Checked_radio_group__3' is clicked on

2018-11-22 17:52:08 - [TEST_STEP][PASSED] - click: Object: 'Object Repository/FSM1/Complete ABP Inspection/ABPR09a - Section B - Details/Page_JClient/Page_JClient/input_Not Checked_radio_group__4' is clicked on

2018-11-22 17:52:08 - [MESSAGE][PASSED] - Object: 'Object Repository/FSM1/Complete ABP Inspection/ABPR09a - Section B - Details/Page_JClient/Page_JClient/input_Not Checked_radio_group__4' is clicked on

2018-11-22 17:52:08 - [TEST_STEP][PASSED] - setText: Text 'test automation 2' is set on object 'Object Repository/FSM1/Complete ABP Inspection/ABPR09a - Section B - Details/Page_JClient/Page_JClient/textarea_Not Checked_gwt-TextA'

2018-11-22 17:52:09 - [MESSAGE][PASSED] - Text 'test automation 2' is set on object 'Object Repository/FSM1/Complete ABP Inspection/ABPR09a - Section B - Details/Page_JClient/Page_JClient/textarea_Not Checked_gwt-TextA'

2018-11-22 17:52:09 - [TEST_STEP][PASSED] - click: Object: 'Object Repository/FSM1/Complete ABP Inspection/ABPR09a - Section B - Details/Page_JClient/Page_JClient/input_Not Checked_radio_group__5' is clicked on

2018-11-22 17:52:09 - [MESSAGE][PASSED] - Object: 'Object Repository/FSM1/Complete ABP Inspection/ABPR09a - Section B - Details/Page_JClient/Page_JClient/input_Not Checked_radio_group__5' is clicked on

2018-11-22 17:52:09 - [TEST_STEP][PASSED] - click: Object: 'Object Repository/FSM1/Complete ABP Inspection/ABPR09a - Section B - Details/Page_JClient/Page_JClient/input_Stock Access Prevention_' is clicked on

2018-11-22 17:52:09 - [MESSAGE][PASSED] - Object: 'Object Repository/FSM1/Complete ABP Inspection/ABPR09a - Section B - Details/Page_JClient/Page_JClient/input_Stock Access Prevention_' is clicked on

2018-11-22 17:52:09 - [TEST_STEP][PASSED] - setText: Text 'test automation 3' is set on object 'Object Repository/FSM1/Complete ABP Inspection/ABPR09a - Section B - Details/Page_JClient/Page_JClient/textarea_Describe the measures'

2018-11-22 17:52:09 - [MESSAGE][PASSED] - Text 'test automation 3' is set on object 'Object Repository/FSM1/Complete ABP Inspection/ABPR09a - Section B - Details/Page_JClient/Page_JClient/textarea_Describe the measures'

2018-11-22 17:52:09 - [TEST_STEP][PASSED] - click: Object: 'Object Repository/FSM1/Complete ABP Inspection/ABPR09a - Section B - Details/Page_JClient/Page_JClient/input_Adjacent Stock_radio_gro' is clicked on

2018-11-22 17:52:09 - [MESSAGE][PASSED] - Object: 'Object Repository/FSM1/Complete ABP Inspection/ABPR09a - Section B - Details/Page_JClient/Page_JClient/input_Adjacent Stock_radio_gro' is clicked on

2018-11-22 17:52:09 - [TEST_STEP][PASSED] - setText: Text 'test automation 4' is set on object 'Object Repository/FSM1/Complete ABP Inspection/ABPR09a - Section B - Details/Page_JClient/Page_JClient/textarea_Give details and show'

2018-11-22 17:52:10 - [MESSAGE][PASSED] - Text 'test automation 4' is set on object 'Object Repository/FSM1/Complete ABP Inspection/ABPR09a - Section B - Details/Page_JClient/Page_JClient/textarea_Give details and show'

2018-11-22 17:52:10 - [TEST_STEP][PASSED] - click: Object: 'Object Repository/FSM1/Complete ABP Inspection/ABPR09a - Section B - Details/Page_JClient/Page_JClient/input_Give details and show on' is clicked on

2018-11-22 17:52:10 - [MESSAGE][PASSED] - Object: 'Object Repository/FSM1/Complete ABP Inspection/ABPR09a - Section B - Details/Page_JClient/Page_JClient/input_Give details and show on' is clicked on

2018-11-22 17:52:10 - [TEST_STEP][PASSED] - click: Object: 'Object Repository/FSM1/Complete ABP Inspection/ABPR09a - Section B - Details/Page_JClient/Page_JClient/input_Not Checked_radio_group__6' is clicked on

2018-11-22 17:52:10 - [MESSAGE][PASSED] - Object: 'Object Repository/FSM1/Complete ABP Inspection/ABPR09a - Section B - Details/Page_JClient/Page_JClient/input_Not Checked_radio_group__6' is clicked on

2018-11-22 17:52:10 - [TEST_STEP][PASSED] - click: Object: 'Object Repository/FSM1/Complete ABP Inspection/ABPR09a - Section B - Details/Page_JClient/Page_JClient/input_Not Checked_radio_group__7' is clicked on

2018-11-22 17:52:10 - [MESSAGE][PASSED] - Object: 'Object Repository/FSM1/Complete ABP Inspection/ABPR09a - Section B - Details/Page_JClient/Page_JClient/input_Not Checked_radio_group__7' is clicked on

2018-11-22 17:52:10 - [TEST_STEP][PASSED] - setText: Text 'test automation 7' is set on object 'Object Repository/FSM1/Complete ABP Inspection/ABPR09a - Section B - Details/Page_JClient/Page_JClient/textarea_Not Checked_gwt-TextA'

2018-11-22 17:52:11 - [MESSAGE][PASSED] - Text 'test automation 7' is set on object 'Object Repository/FSM1/Complete ABP Inspection/ABPR09a - Section B - Details/Page_JClient/Page_JClient/textarea_Not Checked_gwt-TextA'

2018-11-22 17:52:11 - [TEST_STEP][PASSED] - setText: Text 'Test automation' is set on object 'Object Repository/FSM1/Complete ABP Inspection/ABPR09a - Section B - Details/Page_JClient/Page_JClient/Page_JClient/DescribeMeasure'

2018-11-22 17:52:11 - [MESSAGE][PASSED] - Text 'Test automation' is set on object 'Object Repository/FSM1/Complete ABP Inspection/ABPR09a - Section B - Details/Page_JClient/Page_JClient/Page_JClient/DescribeMeasure'

2018-11-22 17:52:11 - [TEST_STEP][PASSED] - setText: Text 'Test automation' is set on object 'Object Repository/FSM1/Complete ABP Inspection/ABPR09a - Section B - Details/Page_JClient/Page_JClient/Page_JClient/DetailsofStaff'

2018-11-22 17:52:11 - [MESSAGE][PASSED] - Text 'Test automation' is set on object 'Object Repository/FSM1/Complete ABP Inspection/ABPR09a - Section B - Details/Page_JClient/Page_JClient/Page_JClient/DetailsofStaff'

2018-11-22 17:52:11 - [TEST_STEP][PASSED] - setText: Text 'Test automation' is set on object 'Object Repository/FSM1/Complete ABP Inspection/ABPR09a - Section B - Details/Page_JClient/Page_JClient/Page_JClient/DetailsofVehicle'

2018-11-22 17:52:11 - [MESSAGE][PASSED] - Text 'Test automation' is set on object 'Object Repository/FSM1/Complete ABP Inspection/ABPR09a - Section B - Details/Page_JClient/Page_JClient/Page_JClient/DetailsofVehicle'

2018-11-22 17:52:11 - [TEST_STEP][PASSED] - click: Object: 'Object Repository/FSM1/Complete ABP Inspection/ABPR09a - Section B - Details/Page_JClient/Page_JClient/input_Not Checked_radio_group__8' is clicked on

2018-11-22 17:52:12 - [MESSAGE][PASSED] - Object: 'Object Repository/FSM1/Complete ABP Inspection/ABPR09a - Section B - Details/Page_JClient/Page_JClient/input_Not Checked_radio_group__8' is clicked on

2018-11-22 17:52:12 - [TEST_STEP][PASSED] - setText: Text 'test automation 8' is set on object 'Object Repository/FSM1/Complete ABP Inspection/ABPR09a - Section B - Details/Page_JClient/Page_JClient/textarea_Describe biosecurity'

2018-11-22 17:52:12 - [MESSAGE][PASSED] - Text 'test automation 8' is set on object 'Object Repository/FSM1/Complete ABP Inspection/ABPR09a - Section B - Details/Page_JClient/Page_JClient/textarea_Describe biosecurity'

2018-11-22 17:52:12 - [TEST_STEP][PASSED] - click: Object: 'Object Repository/FSM1/Complete ABP Inspection/ABPR09a - Section B - Details/Page_JClient/Page_JClient/input_Records_radio_group_33' is clicked on

2018-11-22 17:52:12 - [MESSAGE][PASSED] - Object: 'Object Repository/FSM1/Complete ABP Inspection/ABPR09a - Section B - Details/Page_JClient/Page_JClient/input_Records_radio_group_33' is clicked on

2018-11-22 17:52:12 - [TEST_STEP][PASSED] - click: Object: 'Object Repository/FSM1/Complete ABP Inspection/ABPR09a - Section B - Details/Page_JClient/Page_JClient/input_If records have not been' is clicked on

2018-11-22 17:52:12 - [MESSAGE][PASSED] - Object: 'Object Repository/FSM1/Complete ABP Inspection/ABPR09a - Section B - Details/Page_JClient/Page_JClient/input_If records have not been' is clicked on

2018-11-22 17:52:12 - [TEST_STEP][PASSED] - click: Object: 'Object Repository/FSM1/Complete ABP Inspection/ABPR09a - Section B - Details/Page_JClient/Page_JClient/input_Not Checked_radio_group__9' is clicked on

2018-11-22 17:52:12 - [MESSAGE][PASSED] - Object: 'Object Repository/FSM1/Complete ABP Inspection/ABPR09a - Section B - Details/Page_JClient/Page_JClient/input_Not Checked_radio_group__9' is clicked on

2018-11-22 17:52:12 - [TEST_STEP][PASSED] - click: Object: 'Object Repository/FSM1/Complete ABP Inspection/ABPR09a - Section B - Details/Page_JClient/Page_JClient/input_(b) If yes do commercial' is clicked on

2018-11-22 17:52:13 - [MESSAGE][PASSED] - Object: 'Object Repository/FSM1/Complete ABP Inspection/ABPR09a - Section B - Details/Page_JClient/Page_JClient/input_(b) If yes do commercial' is clicked on

2018-11-22 17:52:13 - [TEST_STEP][PASSED] - click: Object: 'Object Repository/FSM1/Complete ABP Inspection/ABPR09a - Section B - Details/Page_JClient/Page_JClient/input_Not Checked_radio_group__10' is clicked on

2018-11-22 17:52:13 - [MESSAGE][PASSED] - Object: 'Object Repository/FSM1/Complete ABP Inspection/ABPR09a - Section B - Details/Page_JClient/Page_JClient/input_Not Checked_radio_group__10' is clicked on

2018-11-22 17:52:13 - [TEST_STEP][PASSED] - click: Object: 'Object Repository/FSM1/Complete ABP Inspection/ABPR09a - Section B - Details/Page_JClient/Page_JClient/input_For ICW_radio_group_38' is clicked on

2018-11-22 17:52:13 - [MESSAGE][PASSED] - Object: 'Object Repository/FSM1/Complete ABP Inspection/ABPR09a - Section B - Details/Page_JClient/Page_JClient/input_For ICW_radio_group_38' is clicked on

2018-11-22 17:52:13 - [TEST_STEP][PASSED] - click: Object: 'Object Repository/FSM1/Complete ABP Inspection/ABPR09a - Section B - Details/Page_JClient/Page_JClient/input_Do they confirm a) the d' is clicked on

2018-11-22 17:52:13 - [MESSAGE][PASSED] - Object: 'Object Repository/FSM1/Complete ABP Inspection/ABPR09a - Section B - Details/Page_JClient/Page_JClient/input_Do they confirm a) the d' is clicked on

2018-11-22 17:52:13 - [TEST_STEP][PASSED] - click: Object: 'Object Repository/FSM1/Complete ABP Inspection/ABPR09a - Section B - Details/Page_JClient/Page_JClient/input_b) the quantity_radio_gr' is clicked on

2018-11-22 17:52:13 - [MESSAGE][PASSED] - Object: 'Object Repository/FSM1/Complete ABP Inspection/ABPR09a - Section B - Details/Page_JClient/Page_JClient/input_b) the quantity_radio_gr' is clicked on

2018-11-22 17:52:13 - [TEST_STEP][PASSED] - click: Object: 'Object Repository/FSM1/Complete ABP Inspection/ABPR09a - Section B - Details/Page_JClient/Page_JClient/input_c) the date of receipt_r' is clicked on

2018-11-22 17:52:13 - [MESSAGE][PASSED] - Object: 'Object Repository/FSM1/Complete ABP Inspection/ABPR09a - Section B - Details/Page_JClient/Page_JClient/input_c) the date of receipt_r' is clicked on

2018-11-22 17:52:13 - [TEST_STEP][PASSED] - click: Object: 'Object Repository/FSM1/Complete ABP Inspection/ABPR09a - Section B - Details/Page_JClient/Page_JClient/input_d) the place of origin_r' is clicked on

2018-11-22 17:52:13 - [MESSAGE][PASSED] - Object: 'Object Repository/FSM1/Complete ABP Inspection/ABPR09a - Section B - Details/Page_JClient/Page_JClient/input_d) the place of origin_r' is clicked on

2018-11-22 17:52:13 - [TEST_STEP][PASSED] - click: Object: 'Object Repository/FSM1/Complete ABP Inspection/ABPR09a - Section B - Details/Page_JClient/Page_JClient/input_e) the name and address' is clicked on

2018-11-22 17:52:14 - [MESSAGE][PASSED] - Object: 'Object Repository/FSM1/Complete ABP Inspection/ABPR09a - Section B - Details/Page_JClient/Page_JClient/input_e) the name and address' is clicked on

2018-11-22 17:52:14 - [TEST_STEP][PASSED] - click: Object: 'Object Repository/FSM1/Complete ABP Inspection/ABPR09a - Section B - Details/Page_JClient/Page_JClient/input_(a) Back trace (complete' is clicked on

2018-11-22 17:52:14 - [MESSAGE][PASSED] - Object: 'Object Repository/FSM1/Complete ABP Inspection/ABPR09a - Section B - Details/Page_JClient/Page_JClient/input_(a) Back trace (complete' is clicked on

2018-11-22 17:52:14 - [TEST_STEP][PASSED] - click: Object: 'Object Repository/FSM1/Complete ABP Inspection/ABPR09a - Section B - Details/Page_JClient/Page_JClient/input_Yes_radio_group_45' is clicked on

2018-11-22 17:52:14 - [MESSAGE][PASSED] - Object: 'Object Repository/FSM1/Complete ABP Inspection/ABPR09a - Section B - Details/Page_JClient/Page_JClient/input_Yes_radio_group_45' is clicked on

2018-11-22 17:52:14 - [TEST_STEP][PASSED] - click: Object: 'Object Repository/FSM1/Complete ABP Inspection/ABPR09a - Section B - Details/Page_JClient/Page_JClient/input_(b) Forward trace (compl' is clicked on

2018-11-22 17:52:14 - [MESSAGE][PASSED] - Object: 'Object Repository/FSM1/Complete ABP Inspection/ABPR09a - Section B - Details/Page_JClient/Page_JClient/input_(b) Forward trace (compl' is clicked on

2018-11-22 17:52:14 - [TEST_STEP][PASSED] - click: Object: 'Object Repository/FSM1/Complete ABP Inspection/ABPR09a - Section B - Details/Page_JClient/Page_JClient/input_Yes_radio_group_47' is clicked on

2018-11-22 17:52:14 - [MESSAGE][PASSED] - Object: 'Object Repository/FSM1/Complete ABP Inspection/ABPR09a - Section B - Details/Page_JClient/Page_JClient/input_Yes_radio_group_47' is clicked on

2018-11-22 17:52:14 - [TEST_STEP][PASSED] - setText: Text 'test automation 9' is set on object 'Object Repository/FSM1/Complete ABP Inspection/ABPR09a - Section B - Details/Page_JClient/Page_JClient/textarea_Details of problems f'

2018-11-22 17:52:15 - [MESSAGE][PASSED] - Text 'test automation 9' is set on object 'Object Repository/FSM1/Complete ABP Inspection/ABPR09a - Section B - Details/Page_JClient/Page_JClient/textarea_Details of problems f'

2018-11-22 17:52:15 - [TEST_STEP][PASSED] - click: Object: 'Object Repository/FSM1/Complete ABP Inspection/ABPR09a - Section B - Details/Page_JClient/Page_JClient/div_Save' is clicked on

2018-11-22 17:52:15 - [MESSAGE][PASSED] - Object: 'Object Repository/FSM1/Complete ABP Inspection/ABPR09a - Section B - Details/Page_JClient/Page_JClient/div_Save' is clicked on]]></system-out>
         <system-err><![CDATA[]]></system-err>
      </testcase>
      <testcase name="Test Cases/ABP/ABPR09a/Complete ABP Inspection - Section B - 09a  -  Nearest Livestock" classname="Test Cases/ABP/ABPR09a/Complete ABP Inspection - Section B - 09a  -  Nearest Livestock" status="PASSED">
         <system-out><![CDATA[2018-11-22 17:52:15 - [TEST_CASE][PASSED] - Test Cases/ABP/ABPR09a/Complete ABP Inspection - Section B - 09a  -  Nearest Livestock: Test Cases/ABP/ABPR09a/Complete ABP Inspection - Section B - 09a  -  Nearest Livestock

2018-11-22 17:52:15 - [TEST_STEP][PASSED] - click: Object: 'Object Repository/FSM1/Complete ABP Inspection/ABPR09a - Section B - Details/Section B - Nearest Livestock/Page_JClient/div_Section B Nearest Livestoc' is clicked on

2018-11-22 17:52:15 - [MESSAGE][PASSED] - Object: 'Object Repository/FSM1/Complete ABP Inspection/ABPR09a - Section B - Details/Section B - Nearest Livestock/Page_JClient/div_Section B Nearest Livestoc' is clicked on

2018-11-22 17:52:15 - [TEST_STEP][PASSED] - delay: Delayed 3 second(s)

2018-11-22 17:52:18 - [MESSAGE][PASSED] - Delayed 3 second(s)

2018-11-22 17:52:18 - [TEST_STEP][PASSED] - click: Object: 'Object Repository/FSM1/Complete ABP Inspection/ABPR09a - Section B - Details/Section B - Nearest Livestock/Page_JClient/div_Create_GKH2EKQBDXB GKH2EKQ' is clicked on

2018-11-22 17:52:19 - [MESSAGE][PASSED] - Object: 'Object Repository/FSM1/Complete ABP Inspection/ABPR09a - Section B - Details/Section B - Nearest Livestock/Page_JClient/div_Create_GKH2EKQBDXB GKH2EKQ' is clicked on

2018-11-22 17:52:19 - [TEST_STEP][PASSED] - delay: Delayed 3 second(s)

2018-11-22 17:52:22 - [MESSAGE][PASSED] - Delayed 3 second(s)

2018-11-22 17:52:22 - [TEST_STEP][PASSED] - setText: Text 'test automation' is set on object 'Object Repository/FSM1/Complete ABP Inspection/ABPR09a - Section B - Details/Section B - Nearest Livestock/Page_JClient/input_Species_gwt-TextBox GKH2'

2018-11-22 17:52:22 - [MESSAGE][PASSED] - Text 'test automation' is set on object 'Object Repository/FSM1/Complete ABP Inspection/ABPR09a - Section B - Details/Section B - Nearest Livestock/Page_JClient/input_Species_gwt-TextBox GKH2'

2018-11-22 17:52:22 - [TEST_STEP][PASSED] - setText: Text '12' is set on object 'Object Repository/FSM1/Complete ABP Inspection/ABPR09a - Section B - Details/Section B - Nearest Livestock/Page_JClient/input_Quantity_gwt-DoubleBox G'

2018-11-22 17:52:22 - [MESSAGE][PASSED] - Text '12' is set on object 'Object Repository/FSM1/Complete ABP Inspection/ABPR09a - Section B - Details/Section B - Nearest Livestock/Page_JClient/input_Quantity_gwt-DoubleBox G'

2018-11-22 17:52:22 - [TEST_STEP][PASSED] - setText: Text 'test automation' is set on object 'Object Repository/FSM1/Complete ABP Inspection/ABPR09a - Section B - Details/Section B - Nearest Livestock/Page_JClient/input_Name_gwt-TextBox GKH2EKQ'

2018-11-22 17:52:23 - [MESSAGE][PASSED] - Text 'test automation' is set on object 'Object Repository/FSM1/Complete ABP Inspection/ABPR09a - Section B - Details/Section B - Nearest Livestock/Page_JClient/input_Name_gwt-TextBox GKH2EKQ'

2018-11-22 17:52:23 - [TEST_STEP][PASSED] - setText: Text 'test automation' is set on object 'Object Repository/FSM1/Complete ABP Inspection/ABPR09a - Section B - Details/Section B - Nearest Livestock/Page_JClient/textarea_Address_gwt-TextArea'

2018-11-22 17:52:23 - [MESSAGE][PASSED] - Text 'test automation' is set on object 'Object Repository/FSM1/Complete ABP Inspection/ABPR09a - Section B - Details/Section B - Nearest Livestock/Page_JClient/textarea_Address_gwt-TextArea'

2018-11-22 17:52:23 - [TEST_STEP][PASSED] - setText: Text '07812664043' is set on object 'Object Repository/FSM1/Complete ABP Inspection/ABPR09a - Section B - Details/Section B - Nearest Livestock/Page_JClient/input_Tel. No._gwt-TextBox GKH'

2018-11-22 17:52:23 - [MESSAGE][PASSED] - Text '07812664043' is set on object 'Object Repository/FSM1/Complete ABP Inspection/ABPR09a - Section B - Details/Section B - Nearest Livestock/Page_JClient/input_Tel. No._gwt-TextBox GKH'

2018-11-22 17:52:23 - [TEST_STEP][PASSED] - setText: Text '11/222/3333' is set on object 'Object Repository/FSM1/Complete ABP Inspection/ABPR09a - Section B - Details/Section B - Nearest Livestock/Page_JClient/input_County Parish Holding (C'

2018-11-22 17:52:23 - [MESSAGE][PASSED] - Text '11/222/3333' is set on object 'Object Repository/FSM1/Complete ABP Inspection/ABPR09a - Section B - Details/Section B - Nearest Livestock/Page_JClient/input_County Parish Holding (C'

2018-11-22 17:52:23 - [TEST_STEP][PASSED] - click: Object: 'Object Repository/FSM1/Complete ABP Inspection/ABPR09a - Section B - Details/Section B - Nearest Livestock/Page_JClient/div_Save' is clicked on

2018-11-22 17:52:24 - [MESSAGE][PASSED] - Object: 'Object Repository/FSM1/Complete ABP Inspection/ABPR09a - Section B - Details/Section B - Nearest Livestock/Page_JClient/div_Save' is clicked on]]></system-out>
         <system-err><![CDATA[]]></system-err>
      </testcase>
      <testcase name="Test Cases/ABP/ABPR09a/Complete ABP Inspection - Section B - 09a - Employee livestock Details" classname="Test Cases/ABP/ABPR09a/Complete ABP Inspection - Section B - 09a - Employee livestock Details" status="PASSED">
         <system-out><![CDATA[2018-11-22 17:52:24 - [TEST_CASE][PASSED] - Test Cases/ABP/ABPR09a/Complete ABP Inspection - Section B - 09a - Employee livestock Details: Test Cases/ABP/ABPR09a/Complete ABP Inspection - Section B - 09a - Employee livestock Details

2018-11-22 17:52:24 - [TEST_STEP][PASSED] - click: Object: 'Object Repository/FSM1/Complete ABP Inspection/ABPR09a - Section B - Details/Section B - Employee Livestock Details/Page_JClient/div_Section B Employee Livesto' is clicked on

2018-11-22 17:52:24 - [MESSAGE][PASSED] - Object: 'Object Repository/FSM1/Complete ABP Inspection/ABPR09a - Section B - Details/Section B - Employee Livestock Details/Page_JClient/div_Section B Employee Livesto' is clicked on

2018-11-22 17:52:24 - [TEST_STEP][PASSED] - delay: Delayed 3 second(s)

2018-11-22 17:52:27 - [MESSAGE][PASSED] - Delayed 3 second(s)

2018-11-22 17:52:27 - [TEST_STEP][PASSED] - click: Object: 'Object Repository/FSM1/Complete ABP Inspection/ABPR09a - Section B - Details/Section B - Employee Livestock Details/Page_JClient/div_Create_GKH2EKQBDXB GKH2EKQ' is clicked on

2018-11-22 17:52:27 - [MESSAGE][PASSED] - Object: 'Object Repository/FSM1/Complete ABP Inspection/ABPR09a - Section B - Details/Section B - Employee Livestock Details/Page_JClient/div_Create_GKH2EKQBDXB GKH2EKQ' is clicked on

2018-11-22 17:52:27 - [TEST_STEP][PASSED] - delay: Delayed 3 second(s)

2018-11-22 17:52:30 - [MESSAGE][PASSED] - Delayed 3 second(s)

2018-11-22 17:52:30 - [TEST_STEP][PASSED] - setText: Text 'test automation' is set on object 'Object Repository/FSM1/Complete ABP Inspection/ABPR09a - Section B - Details/Section B - Employee Livestock Details/Page_JClient/input_Species_gwt-TextBox GKH2'

2018-11-22 17:52:31 - [MESSAGE][PASSED] - Text 'test automation' is set on object 'Object Repository/FSM1/Complete ABP Inspection/ABPR09a - Section B - Details/Section B - Employee Livestock Details/Page_JClient/input_Species_gwt-TextBox GKH2'

2018-11-22 17:52:31 - [TEST_STEP][PASSED] - setText: Text '12' is set on object 'Object Repository/FSM1/Complete ABP Inspection/ABPR09a - Section B - Details/Section B - Employee Livestock Details/Page_JClient/input_Quantity_gwt-DoubleBox G'

2018-11-22 17:52:31 - [MESSAGE][PASSED] - Text '12' is set on object 'Object Repository/FSM1/Complete ABP Inspection/ABPR09a - Section B - Details/Section B - Employee Livestock Details/Page_JClient/input_Quantity_gwt-DoubleBox G'

2018-11-22 17:52:31 - [TEST_STEP][PASSED] - setText: Text 'test automation' is set on object 'Object Repository/FSM1/Complete ABP Inspection/ABPR09a - Section B - Details/Section B - Employee Livestock Details/Page_JClient/input_Name_gwt-TextBox GKH2EKQ'

2018-11-22 17:52:31 - [MESSAGE][PASSED] - Text 'test automation' is set on object 'Object Repository/FSM1/Complete ABP Inspection/ABPR09a - Section B - Details/Section B - Employee Livestock Details/Page_JClient/input_Name_gwt-TextBox GKH2EKQ'

2018-11-22 17:52:31 - [TEST_STEP][PASSED] - setText: Text 'test automation' is set on object 'Object Repository/FSM1/Complete ABP Inspection/ABPR09a - Section B - Details/Section B - Employee Livestock Details/Page_JClient/textarea_Address_gwt-TextArea'

2018-11-22 17:52:31 - [MESSAGE][PASSED] - Text 'test automation' is set on object 'Object Repository/FSM1/Complete ABP Inspection/ABPR09a - Section B - Details/Section B - Employee Livestock Details/Page_JClient/textarea_Address_gwt-TextArea'

2018-11-22 17:52:31 - [TEST_STEP][PASSED] - setText: Text '07812664043' is set on object 'Object Repository/FSM1/Complete ABP Inspection/ABPR09a - Section B - Details/Section B - Employee Livestock Details/Page_JClient/input_Tel. No._gwt-TextBox GKH'

2018-11-22 17:52:32 - [MESSAGE][PASSED] - Text '07812664043' is set on object 'Object Repository/FSM1/Complete ABP Inspection/ABPR09a - Section B - Details/Section B - Employee Livestock Details/Page_JClient/input_Tel. No._gwt-TextBox GKH'

2018-11-22 17:52:32 - [TEST_STEP][PASSED] - setText: Text '11/222/3333' is set on object 'Object Repository/FSM1/Complete ABP Inspection/ABPR09a - Section B - Details/Section B - Employee Livestock Details/Page_JClient/input_County Parish Holding (C'

2018-11-22 17:52:32 - [MESSAGE][PASSED] - Text '11/222/3333' is set on object 'Object Repository/FSM1/Complete ABP Inspection/ABPR09a - Section B - Details/Section B - Employee Livestock Details/Page_JClient/input_County Parish Holding (C'

2018-11-22 17:52:32 - [TEST_STEP][PASSED] - click: Object: 'Object Repository/FSM1/Complete ABP Inspection/ABPR09a - Section B - Details/Section B - Employee Livestock Details/Page_JClient/div_SaveCancel' is clicked on

2018-11-22 17:52:32 - [MESSAGE][PASSED] - Object: 'Object Repository/FSM1/Complete ABP Inspection/ABPR09a - Section B - Details/Section B - Employee Livestock Details/Page_JClient/div_SaveCancel' is clicked on]]></system-out>
         <system-err><![CDATA[]]></system-err>
      </testcase>
      <testcase name="Test Cases/ABP/Generic/Complete ABP Inspection - Section C - Full Risk Assessment" classname="Test Cases/ABP/Generic/Complete ABP Inspection - Section C - Full Risk Assessment" status="PASSED">
         <system-out><![CDATA[2018-11-22 17:52:32 - [TEST_CASE][PASSED] - Test Cases/ABP/Generic/Complete ABP Inspection - Section C - Full Risk Assessment: Test Cases/ABP/Generic/Complete ABP Inspection - Section C - Full Risk Assessment

2018-11-22 17:52:32 - [TEST_STEP][PASSED] - delay: Delayed 5 second(s)

2018-11-22 17:52:37 - [MESSAGE][PASSED] - Delayed 5 second(s)

2018-11-22 17:52:37 - [TEST_STEP][PASSED] - click: Object: 'Object Repository/FSM1/Complete ABP Inspection/Section C Full Risk Assessment/Page_JClient/div_Section C Risk Assessment' is clicked on

2018-11-22 17:52:38 - [MESSAGE][PASSED] - Object: 'Object Repository/FSM1/Complete ABP Inspection/Section C Full Risk Assessment/Page_JClient/div_Section C Risk Assessment' is clicked on

2018-11-22 17:52:38 - [TEST_STEP][PASSED] - selectOptionByValue: All options with value '12' are selected in object 'Object Repository/FSM1/Complete ABP Inspection/Section C Full Risk Assessment/Page_JClient/select_3 - Cat 3 material and'  using regular expression

2018-11-22 17:52:38 - [MESSAGE][PASSED] - All options with value '12' are selected in object 'Object Repository/FSM1/Complete ABP Inspection/Section C Full Risk Assessment/Page_JClient/select_3 - Cat 3 material and'  using regular expression

2018-11-22 17:52:38 - [TEST_STEP][PASSED] - selectOptionByValue: All options with value '10' are selected in object 'Object Repository/FSM1/Complete ABP Inspection/Section C Full Risk Assessment/Page_JClient/select_0 - Very low throughput'  using regular expression

2018-11-22 17:52:39 - [MESSAGE][PASSED] - All options with value '10' are selected in object 'Object Repository/FSM1/Complete ABP Inspection/Section C Full Risk Assessment/Page_JClient/select_0 - Very low throughput'  using regular expression

2018-11-22 17:52:39 - [TEST_STEP][PASSED] - selectOptionByValue: All options with value '15' are selected in object 'Object Repository/FSM1/Complete ABP Inspection/Section C Full Risk Assessment/Page_JClient/select_0 - No product entering'  using regular expression

2018-11-22 17:52:39 - [MESSAGE][PASSED] - All options with value '15' are selected in object 'Object Repository/FSM1/Complete ABP Inspection/Section C Full Risk Assessment/Page_JClient/select_0 - No product entering'  using regular expression

2018-11-22 17:52:39 - [TEST_STEP][PASSED] - selectOptionByValue: All options with value '5' are selected in object 'Object Repository/FSM1/Complete ABP Inspection/Section C Full Risk Assessment/Page_JClient/select_0 - Not required or com'  using regular expression

2018-11-22 17:52:39 - [MESSAGE][PASSED] - All options with value '5' are selected in object 'Object Repository/FSM1/Complete ABP Inspection/Section C Full Risk Assessment/Page_JClient/select_0 - Not required or com'  using regular expression

2018-11-22 17:52:39 - [TEST_STEP][PASSED] - selectOptionByValue: All options with value '10' are selected in object 'Object Repository/FSM1/Complete ABP Inspection/Section C Full Risk Assessment/Page_JClient/select_0 - Fully compliant iss'  using regular expression

2018-11-22 17:52:40 - [MESSAGE][PASSED] - All options with value '10' are selected in object 'Object Repository/FSM1/Complete ABP Inspection/Section C Full Risk Assessment/Page_JClient/select_0 - Fully compliant iss'  using regular expression

2018-11-22 17:52:40 - [TEST_STEP][PASSED] - selectOptionByValue: All options with value 'Monthly' are selected in object 'Object Repository/FSM1/Complete ABP Inspection/Section C Full Risk Assessment/Page_JClient/select_AnnuallyQuarterly6 Mont'  using regular expression

2018-11-22 17:52:40 - [MESSAGE][PASSED] - All options with value 'Monthly' are selected in object 'Object Repository/FSM1/Complete ABP Inspection/Section C Full Risk Assessment/Page_JClient/select_AnnuallyQuarterly6 Mont'  using regular expression

2018-11-22 17:52:40 - [TEST_STEP][PASSED] - setText: Text 'Test Automation' is set on object 'Object Repository/FSM1/Complete ABP Inspection/Section C Full Risk Assessment/Page_JClient/textarea_Any other relevant in'

2018-11-22 17:52:41 - [MESSAGE][PASSED] - Text 'Test Automation' is set on object 'Object Repository/FSM1/Complete ABP Inspection/Section C Full Risk Assessment/Page_JClient/textarea_Any other relevant in'

2018-11-22 17:52:41 - [TEST_STEP][PASSED] - click: Object: 'Object Repository/FSM1/Complete ABP Inspection/Section C Full Risk Assessment/Page_JClient/div_Save' is clicked on

2018-11-22 17:52:41 - [MESSAGE][PASSED] - Object: 'Object Repository/FSM1/Complete ABP Inspection/Section C Full Risk Assessment/Page_JClient/div_Save' is clicked on]]></system-out>
         <system-err><![CDATA[]]></system-err>
      </testcase>
      <testcase name="Test Cases/ABP/Generic/Complete ABP Inspection - ABPR17 Forward Trace" classname="Test Cases/ABP/Generic/Complete ABP Inspection - ABPR17 Forward Trace" status="PASSED">
         <system-out><![CDATA[2018-11-22 17:52:41 - [TEST_CASE][PASSED] - Test Cases/ABP/Generic/Complete ABP Inspection - ABPR17 Forward Trace: Test Cases/ABP/Generic/Complete ABP Inspection - ABPR17 Forward Trace

2018-11-22 17:52:41 - [TEST_STEP][PASSED] - delay: Delayed 3 second(s)

2018-11-22 17:52:44 - [MESSAGE][PASSED] - Delayed 3 second(s)

2018-11-22 17:52:44 - [TEST_STEP][PASSED] - click: Object: 'Object Repository/FSM1/Complete ABP Inspection/ABPR17 Backward Trace/Page_JClient/div_ABPR17 - Backward Trace1' is clicked on

2018-11-22 17:52:44 - [MESSAGE][PASSED] - Object: 'Object Repository/FSM1/Complete ABP Inspection/ABPR17 Backward Trace/Page_JClient/div_ABPR17 - Backward Trace1' is clicked on

2018-11-22 17:52:44 - [TEST_STEP][PASSED] - delay: Delayed 2 second(s)

2018-11-22 17:52:46 - [MESSAGE][PASSED] - Delayed 2 second(s)

2018-11-22 17:52:46 - [TEST_STEP][PASSED] - click: Object: 'Object Repository/FSM1/Complete ABP Inspection/ABPR17 Backward Trace/Page_JClient/div_Create_GKH2EKQBDXB GKH2EKQ' is clicked on

2018-11-22 17:52:47 - [MESSAGE][PASSED] - Object: 'Object Repository/FSM1/Complete ABP Inspection/ABPR17 Backward Trace/Page_JClient/div_Create_GKH2EKQBDXB GKH2EKQ' is clicked on

2018-11-22 17:52:47 - [TEST_STEP][PASSED] - delay: Delayed 2 second(s)

2018-11-22 17:52:49 - [MESSAGE][PASSED] - Delayed 2 second(s)

2018-11-22 17:52:49 - [TEST_STEP][PASSED] - click: Object: 'Object Repository/FSM1/Complete ABP Inspection/ABPR17 Backward Trace/Page_JClient/input_Is this inspection at th' is clicked on

2018-11-22 17:52:49 - [MESSAGE][PASSED] - Object: 'Object Repository/FSM1/Complete ABP Inspection/ABPR17 Backward Trace/Page_JClient/input_Is this inspection at th' is clicked on

2018-11-22 17:52:49 - [TEST_STEP][PASSED] - setText: Text '1234' is set on object 'Object Repository/FSM1/Complete ABP Inspection/ABPR17 Backward Trace/Page_JClient/input_Approval Number_gwt-Text'

2018-11-22 17:52:49 - [MESSAGE][PASSED] - Text '1234' is set on object 'Object Repository/FSM1/Complete ABP Inspection/ABPR17 Backward Trace/Page_JClient/input_Approval Number_gwt-Text'

2018-11-22 17:52:49 - [TEST_STEP][PASSED] - setText: Text 'Test automation' is set on object 'Object Repository/FSM1/Complete ABP Inspection/ABPR17 Backward Trace/Page_JClient/input_Premises Type_gwt-TextBo'

2018-11-22 17:52:49 - [MESSAGE][PASSED] - Text 'Test automation' is set on object 'Object Repository/FSM1/Complete ABP Inspection/ABPR17 Backward Trace/Page_JClient/input_Premises Type_gwt-TextBo'

2018-11-22 17:52:49 - [TEST_STEP][PASSED] - setText: Text 'Test automation' is set on object 'Object Repository/FSM1/Complete ABP Inspection/ABPR17 Backward Trace/Page_JClient/input_Name of Operator_gwt-Tex'

2018-11-22 17:52:50 - [MESSAGE][PASSED] - Text 'Test automation' is set on object 'Object Repository/FSM1/Complete ABP Inspection/ABPR17 Backward Trace/Page_JClient/input_Name of Operator_gwt-Tex'

2018-11-22 17:52:50 - [TEST_STEP][PASSED] - setText: Text 'Test automation' is set on object 'Object Repository/FSM1/Complete ABP Inspection/ABPR17 Backward Trace/Page_JClient/textarea_Address of premises_g'

2018-11-22 17:52:50 - [MESSAGE][PASSED] - Text 'Test automation' is set on object 'Object Repository/FSM1/Complete ABP Inspection/ABPR17 Backward Trace/Page_JClient/textarea_Address of premises_g'

2018-11-22 17:52:50 - [TEST_STEP][PASSED] - setText: Text 'WR5 2NB' is set on object 'Object Repository/FSM1/Complete ABP Inspection/ABPR17 Backward Trace/Page_JClient/input_Postcode_gwt-TextBox GKH'

2018-11-22 17:52:51 - [MESSAGE][PASSED] - Text 'WR5 2NB' is set on object 'Object Repository/FSM1/Complete ABP Inspection/ABPR17 Backward Trace/Page_JClient/input_Postcode_gwt-TextBox GKH'

2018-11-22 17:52:51 - [TEST_STEP][PASSED] - setText: Text 'test@gmail.com' is set on object 'Object Repository/FSM1/Complete ABP Inspection/ABPR17 Backward Trace/Page_JClient/input_Email_gwt-TextBox GKH2EK'

2018-11-22 17:52:51 - [MESSAGE][PASSED] - Text 'test@gmail.com' is set on object 'Object Repository/FSM1/Complete ABP Inspection/ABPR17 Backward Trace/Page_JClient/input_Email_gwt-TextBox GKH2EK'

2018-11-22 17:52:51 - [TEST_STEP][PASSED] - setText: Text '1234' is set on object 'Object Repository/FSM1/Complete ABP Inspection/ABPR17 Backward Trace/Page_JClient/input_Approval number (if appl'

2018-11-22 17:52:51 - [MESSAGE][PASSED] - Text '1234' is set on object 'Object Repository/FSM1/Complete ABP Inspection/ABPR17 Backward Trace/Page_JClient/input_Approval number (if appl'

2018-11-22 17:52:51 - [TEST_STEP][PASSED] - selectOptionByValue: All options with value 'North' are selected in object 'Object Repository/FSM1/Complete ABP Inspection/ABPR17 Backward Trace/Page_JClient/select_NorthScotlandSouthernWa'  using regular expression

2018-11-22 17:52:52 - [MESSAGE][PASSED] - All options with value 'North' are selected in object 'Object Repository/FSM1/Complete ABP Inspection/ABPR17 Backward Trace/Page_JClient/select_NorthScotlandSouthernWa'  using regular expression

2018-11-22 17:52:52 - [TEST_STEP][PASSED] - setText: Text 'Test automation' is set on object 'Object Repository/FSM1/Complete ABP Inspection/ABPR17 Backward Trace/Page_JClient/input_Name of haulier_gwt-Text'

2018-11-22 17:52:52 - [MESSAGE][PASSED] - Text 'Test automation' is set on object 'Object Repository/FSM1/Complete ABP Inspection/ABPR17 Backward Trace/Page_JClient/input_Name of haulier_gwt-Text'

2018-11-22 17:52:52 - [TEST_STEP][PASSED] - setText: Text 'Test automation' is set on object 'Object Repository/FSM1/Complete ABP Inspection/ABPR17 Backward Trace/Page_JClient/textarea_Address of haulier_gw'

2018-11-22 17:52:52 - [MESSAGE][PASSED] - Text 'Test automation' is set on object 'Object Repository/FSM1/Complete ABP Inspection/ABPR17 Backward Trace/Page_JClient/textarea_Address of haulier_gw'

2018-11-22 17:52:52 - [TEST_STEP][PASSED] - delay: Delayed 2 second(s)

2018-11-22 17:52:54 - [MESSAGE][PASSED] - Delayed 2 second(s)

2018-11-22 17:52:54 - [TEST_STEP][PASSED] - setText: Text 'RN2 3WE' is set on object 'Object Repository/FSM1/Complete ABP Inspection/ABPR17 Backward Trace/Page_JClient/Postcode'

2018-11-22 17:52:54 - [MESSAGE][PASSED] - Text 'RN2 3WE' is set on object 'Object Repository/FSM1/Complete ABP Inspection/ABPR17 Backward Trace/Page_JClient/Postcode'

2018-11-22 17:52:54 - [TEST_STEP][PASSED] - setText: Text '9876' is set on object 'Object Repository/FSM1/Complete ABP Inspection/ABPR17 Backward Trace/Page_JClient/input_Registration number (if'

2018-11-22 17:52:55 - [MESSAGE][PASSED] - Text '9876' is set on object 'Object Repository/FSM1/Complete ABP Inspection/ABPR17 Backward Trace/Page_JClient/input_Registration number (if'

2018-11-22 17:52:55 - [TEST_STEP][PASSED] - setText: Text '112233' is set on object 'Object Repository/FSM1/Complete ABP Inspection/ABPR17 Backward Trace/Page_JClient/input_Reference No. of CD or o'

2018-11-22 17:52:55 - [MESSAGE][PASSED] - Text '112233' is set on object 'Object Repository/FSM1/Complete ABP Inspection/ABPR17 Backward Trace/Page_JClient/input_Reference No. of CD or o'

2018-11-22 17:52:55 - [TEST_STEP][PASSED] - setText: Text 'Test automation' is set on object 'Object Repository/FSM1/Complete ABP Inspection/ABPR17 Backward Trace/Page_JClient/textarea_Description of materi'

2018-11-22 17:52:55 - [MESSAGE][PASSED] - Text 'Test automation' is set on object 'Object Repository/FSM1/Complete ABP Inspection/ABPR17 Backward Trace/Page_JClient/textarea_Description of materi'

2018-11-22 17:52:55 - [TEST_STEP][PASSED] - selectOptionByValue: All options with value 'Fish' are selected in object 'Object Repository/FSM1/Complete ABP Inspection/ABPR17 Backward Trace/Page_JClient/select_NACattleDeerFishGoatsPi'  using regular expression

2018-11-22 17:52:56 - [MESSAGE][PASSED] - All options with value 'Fish' are selected in object 'Object Repository/FSM1/Complete ABP Inspection/ABPR17 Backward Trace/Page_JClient/select_NACattleDeerFishGoatsPi'  using regular expression

2018-11-22 17:52:56 - [TEST_STEP][PASSED] - setText: Text 'Test automation' is set on object 'Object Repository/FSM1/Complete ABP Inspection/ABPR17 Backward Trace/Page_JClient/input_Category_gwt-TextBox GKH'

2018-11-22 17:52:56 - [MESSAGE][PASSED] - Text 'Test automation' is set on object 'Object Repository/FSM1/Complete ABP Inspection/ABPR17 Backward Trace/Page_JClient/input_Category_gwt-TextBox GKH'

2018-11-22 17:52:56 - [TEST_STEP][PASSED] - setText: Text '100' is set on object 'Object Repository/FSM1/Complete ABP Inspection/ABPR17 Backward Trace/Page_JClient/input_Quantity_gwt-TextBox GKH'

2018-11-22 17:52:56 - [MESSAGE][PASSED] - Text '100' is set on object 'Object Repository/FSM1/Complete ABP Inspection/ABPR17 Backward Trace/Page_JClient/input_Quantity_gwt-TextBox GKH'

2018-11-22 17:52:56 - [TEST_STEP][PASSED] - setText: Text 'Test automation' is set on object 'Object Repository/FSM1/Complete ABP Inspection/ABPR17 Backward Trace/Page_JClient/textarea_Any other relevant in'

2018-11-22 17:52:57 - [MESSAGE][PASSED] - Text 'Test automation' is set on object 'Object Repository/FSM1/Complete ABP Inspection/ABPR17 Backward Trace/Page_JClient/textarea_Any other relevant in'

2018-11-22 17:52:57 - [TEST_STEP][PASSED] - click: Object: 'Object Repository/FSM1/Complete ABP Inspection/ABPR17 Backward Trace/Page_JClient/input_Yes_radio_group_56' is clicked on

2018-11-22 17:52:57 - [MESSAGE][PASSED] - Object: 'Object Repository/FSM1/Complete ABP Inspection/ABPR17 Backward Trace/Page_JClient/input_Yes_radio_group_56' is clicked on

2018-11-22 17:52:57 - [TEST_STEP][PASSED] - click: Object: 'Object Repository/FSM1/Complete ABP Inspection/ABPR17 Backward Trace/Page_JClient/input_Yes_radio_group_57' is clicked on

2018-11-22 17:52:57 - [MESSAGE][PASSED] - Object: 'Object Repository/FSM1/Complete ABP Inspection/ABPR17 Backward Trace/Page_JClient/input_Yes_radio_group_57' is clicked on

2018-11-22 17:52:57 - [TEST_STEP][PASSED] - delay: Delayed 1 second(s)

2018-11-22 17:52:58 - [MESSAGE][PASSED] - Delayed 1 second(s)

2018-11-22 17:52:58 - [TEST_STEP][PASSED] - Statement - mydate = new java.util.Date(): null

2018-11-22 17:52:58 - [TEST_STEP][PASSED] - Statement - formattedDate = mydate.format("MM/dd/yyy"): null

2018-11-22 17:52:58 - [TEST_STEP][PASSED] - sendKeys: Keys '11/22/2018' sent to object: 'Object Repository/FSM1/Complete ABP Inspection/ABPR17 Backward Trace/Page_JClient/DateofDespatch'

2018-11-22 17:52:58 - [MESSAGE][PASSED] - Keys '11/22/2018' sent to object: 'Object Repository/FSM1/Complete ABP Inspection/ABPR17 Backward Trace/Page_JClient/DateofDespatch'

2018-11-22 17:52:58 - [TEST_STEP][PASSED] - click: Object: 'Object Repository/FSM1/Complete ABP Inspection/ABPR17 Backward Trace/Page_JClient/div_Save1' is clicked on

2018-11-22 17:52:59 - [MESSAGE][PASSED] - Object: 'Object Repository/FSM1/Complete ABP Inspection/ABPR17 Backward Trace/Page_JClient/div_Save1' is clicked on]]></system-out>
         <system-err><![CDATA[]]></system-err>
      </testcase>
      <testcase name="Test Cases/ABP/Generic/Complete ABP Inspection - ABPR18 Backward Trace" classname="Test Cases/ABP/Generic/Complete ABP Inspection - ABPR18 Backward Trace" status="PASSED">
         <system-out><![CDATA[2018-11-22 17:52:59 - [TEST_CASE][PASSED] - Test Cases/ABP/Generic/Complete ABP Inspection - ABPR18 Backward Trace: Test Cases/ABP/Generic/Complete ABP Inspection - ABPR18 Backward Trace

2018-11-22 17:52:59 - [TEST_STEP][PASSED] - delay: Delayed 2 second(s)

2018-11-22 17:53:01 - [MESSAGE][PASSED] - Delayed 2 second(s)

2018-11-22 17:53:01 - [TEST_STEP][PASSED] - click: Object: 'Object Repository/FSM1/Complete ABP Inspection/ABP18 Forward Trace/Page_JClient/div_ABPR18 - Forward Trace1' is clicked on

2018-11-22 17:53:01 - [MESSAGE][PASSED] - Object: 'Object Repository/FSM1/Complete ABP Inspection/ABP18 Forward Trace/Page_JClient/div_ABPR18 - Forward Trace1' is clicked on

2018-11-22 17:53:01 - [TEST_STEP][PASSED] - delay: Delayed 2 second(s)

2018-11-22 17:53:03 - [MESSAGE][PASSED] - Delayed 2 second(s)

2018-11-22 17:53:03 - [TEST_STEP][PASSED] - click: Object: 'Object Repository/FSM1/Complete ABP Inspection/ABP18 Forward Trace/Page_JClient/div_Create_GKH2EKQBDXB GKH2EKQ' is clicked on

2018-11-22 17:53:04 - [MESSAGE][PASSED] - Object: 'Object Repository/FSM1/Complete ABP Inspection/ABP18 Forward Trace/Page_JClient/div_Create_GKH2EKQBDXB GKH2EKQ' is clicked on

2018-11-22 17:53:04 - [TEST_STEP][PASSED] - click: Object: 'Object Repository/FSM1/Complete ABP Inspection/ABP18 Forward Trace/Page_JClient/input_Is this inspection at th' is clicked on

2018-11-22 17:53:04 - [MESSAGE][PASSED] - Object: 'Object Repository/FSM1/Complete ABP Inspection/ABP18 Forward Trace/Page_JClient/input_Is this inspection at th' is clicked on

2018-11-22 17:53:04 - [TEST_STEP][PASSED] - setText: Text '123' is set on object 'Object Repository/FSM1/Complete ABP Inspection/ABP18 Forward Trace/Page_JClient/input_Approval Number_gwt-Text'

2018-11-22 17:53:04 - [MESSAGE][PASSED] - Text '123' is set on object 'Object Repository/FSM1/Complete ABP Inspection/ABP18 Forward Trace/Page_JClient/input_Approval Number_gwt-Text'

2018-11-22 17:53:04 - [TEST_STEP][PASSED] - setText: Text 'Test automation' is set on object 'Object Repository/FSM1/Complete ABP Inspection/ABP18 Forward Trace/Page_JClient/input_Premises Type_gwt-TextBo'

2018-11-22 17:53:04 - [MESSAGE][PASSED] - Text 'Test automation' is set on object 'Object Repository/FSM1/Complete ABP Inspection/ABP18 Forward Trace/Page_JClient/input_Premises Type_gwt-TextBo'

2018-11-22 17:53:04 - [TEST_STEP][PASSED] - setText: Text 'Test automation' is set on object 'Object Repository/FSM1/Complete ABP Inspection/ABP18 Forward Trace/Page_JClient/input_Name of Operator_gwt-Tex'

2018-11-22 17:53:05 - [MESSAGE][PASSED] - Text 'Test automation' is set on object 'Object Repository/FSM1/Complete ABP Inspection/ABP18 Forward Trace/Page_JClient/input_Name of Operator_gwt-Tex'

2018-11-22 17:53:05 - [TEST_STEP][PASSED] - setText: Text 'Test automation' is set on object 'Object Repository/FSM1/Complete ABP Inspection/ABP18 Forward Trace/Page_JClient/textarea_Address of premises_g'

2018-11-22 17:53:05 - [MESSAGE][PASSED] - Text 'Test automation' is set on object 'Object Repository/FSM1/Complete ABP Inspection/ABP18 Forward Trace/Page_JClient/textarea_Address of premises_g'

2018-11-22 17:53:05 - [TEST_STEP][PASSED] - setText: Text 'WR5 2NB' is set on object 'Object Repository/FSM1/Complete ABP Inspection/ABP18 Forward Trace/Page_JClient/input_Postcode_gwt-TextBox GKH'

2018-11-22 17:53:05 - [MESSAGE][PASSED] - Text 'WR5 2NB' is set on object 'Object Repository/FSM1/Complete ABP Inspection/ABP18 Forward Trace/Page_JClient/input_Postcode_gwt-TextBox GKH'

2018-11-22 17:53:05 - [TEST_STEP][PASSED] - selectOptionByValue: All options with value 'Scotland' are selected in object 'Object Repository/FSM1/Complete ABP Inspection/ABP18 Forward Trace/Page_JClient/select_NorthScotlandSouthernWa'  using regular expression

2018-11-22 17:53:06 - [MESSAGE][PASSED] - All options with value 'Scotland' are selected in object 'Object Repository/FSM1/Complete ABP Inspection/ABP18 Forward Trace/Page_JClient/select_NorthScotlandSouthernWa'  using regular expression

2018-11-22 17:53:06 - [TEST_STEP][PASSED] - setText: Text 'Test automation' is set on object 'Object Repository/FSM1/Complete ABP Inspection/ABP18 Forward Trace/Page_JClient/input_Name of haulier_gwt-Text'

2018-11-22 17:53:06 - [MESSAGE][PASSED] - Text 'Test automation' is set on object 'Object Repository/FSM1/Complete ABP Inspection/ABP18 Forward Trace/Page_JClient/input_Name of haulier_gwt-Text'

2018-11-22 17:53:06 - [TEST_STEP][PASSED] - setText: Text 'Test automation' is set on object 'Object Repository/FSM1/Complete ABP Inspection/ABP18 Forward Trace/Page_JClient/textarea_Address of haulier_gw'

2018-11-22 17:53:06 - [MESSAGE][PASSED] - Text 'Test automation' is set on object 'Object Repository/FSM1/Complete ABP Inspection/ABP18 Forward Trace/Page_JClient/textarea_Address of haulier_gw'

2018-11-22 17:53:06 - [TEST_STEP][PASSED] - setText: Text 'WR5 2NB' is set on object 'Object Repository/FSM1/Complete ABP Inspection/ABP18 Forward Trace/Page_JClient/Postcode'

2018-11-22 17:53:07 - [MESSAGE][PASSED] - Text 'WR5 2NB' is set on object 'Object Repository/FSM1/Complete ABP Inspection/ABP18 Forward Trace/Page_JClient/Postcode'

2018-11-22 17:53:07 - [TEST_STEP][PASSED] - setText: Text '123' is set on object 'Object Repository/FSM1/Complete ABP Inspection/ABP18 Forward Trace/Page_JClient/input_Registration number (if'

2018-11-22 17:53:07 - [MESSAGE][PASSED] - Text '123' is set on object 'Object Repository/FSM1/Complete ABP Inspection/ABP18 Forward Trace/Page_JClient/input_Registration number (if'

2018-11-22 17:53:07 - [TEST_STEP][PASSED] - setText: Text '987' is set on object 'Object Repository/FSM1/Complete ABP Inspection/ABP18 Forward Trace/Page_JClient/input_Reference No. of CD or o'

2018-11-22 17:53:07 - [MESSAGE][PASSED] - Text '987' is set on object 'Object Repository/FSM1/Complete ABP Inspection/ABP18 Forward Trace/Page_JClient/input_Reference No. of CD or o'

2018-11-22 17:53:07 - [TEST_STEP][PASSED] - setText: Text 'Test automation' is set on object 'Object Repository/FSM1/Complete ABP Inspection/ABP18 Forward Trace/Page_JClient/textarea_Description of materi'

2018-11-22 17:53:07 - [MESSAGE][PASSED] - Text 'Test automation' is set on object 'Object Repository/FSM1/Complete ABP Inspection/ABP18 Forward Trace/Page_JClient/textarea_Description of materi'

2018-11-22 17:53:07 - [TEST_STEP][PASSED] - selectOptionByValue: All options with value 'Goats' are selected in object 'Object Repository/FSM1/Complete ABP Inspection/ABP18 Forward Trace/Page_JClient/select_NACattleDeerFishGoatsPi'  using regular expression

2018-11-22 17:53:08 - [MESSAGE][PASSED] - All options with value 'Goats' are selected in object 'Object Repository/FSM1/Complete ABP Inspection/ABP18 Forward Trace/Page_JClient/select_NACattleDeerFishGoatsPi'  using regular expression

2018-11-22 17:53:08 - [TEST_STEP][PASSED] - setText: Text 'Test automation' is set on object 'Object Repository/FSM1/Complete ABP Inspection/ABP18 Forward Trace/Page_JClient/input_Category_gwt-TextBox GKH'

2018-11-22 17:53:08 - [MESSAGE][PASSED] - Text 'Test automation' is set on object 'Object Repository/FSM1/Complete ABP Inspection/ABP18 Forward Trace/Page_JClient/input_Category_gwt-TextBox GKH'

2018-11-22 17:53:08 - [TEST_STEP][PASSED] - setText: Text '12' is set on object 'Object Repository/FSM1/Complete ABP Inspection/ABP18 Forward Trace/Page_JClient/input_Quantity_gwt-TextBox GKH'

2018-11-22 17:53:08 - [MESSAGE][PASSED] - Text '12' is set on object 'Object Repository/FSM1/Complete ABP Inspection/ABP18 Forward Trace/Page_JClient/input_Quantity_gwt-TextBox GKH'

2018-11-22 17:53:08 - [TEST_STEP][PASSED] - setText: Text 'Test automation' is set on object 'Object Repository/FSM1/Complete ABP Inspection/ABP18 Forward Trace/Page_JClient/textarea_Any other relevant in'

2018-11-22 17:53:09 - [MESSAGE][PASSED] - Text 'Test automation' is set on object 'Object Repository/FSM1/Complete ABP Inspection/ABP18 Forward Trace/Page_JClient/textarea_Any other relevant in'

2018-11-22 17:53:09 - [TEST_STEP][PASSED] - click: Object: 'Object Repository/FSM1/Complete ABP Inspection/ABP18 Forward Trace/Page_JClient/input_Any other relevant infor' is clicked on

2018-11-22 17:53:09 - [MESSAGE][PASSED] - Object: 'Object Repository/FSM1/Complete ABP Inspection/ABP18 Forward Trace/Page_JClient/input_Any other relevant infor' is clicked on

2018-11-22 17:53:09 - [TEST_STEP][PASSED] - setText: Text 'Test automation' is set on object 'Object Repository/FSM1/Complete ABP Inspection/ABP18 Forward Trace/Page_JClient/textarea_If so give details_gw'

2018-11-22 17:53:09 - [MESSAGE][PASSED] - Text 'Test automation' is set on object 'Object Repository/FSM1/Complete ABP Inspection/ABP18 Forward Trace/Page_JClient/textarea_If so give details_gw'

2018-11-22 17:53:09 - [TEST_STEP][PASSED] - click: Object: 'Object Repository/FSM1/Complete ABP Inspection/ABP18 Forward Trace/Page_JClient/input_Yes_radio_group_132' is clicked on

2018-11-22 17:53:09 - [MESSAGE][PASSED] - Object: 'Object Repository/FSM1/Complete ABP Inspection/ABP18 Forward Trace/Page_JClient/input_Yes_radio_group_132' is clicked on

2018-11-22 17:53:09 - [TEST_STEP][NOT_RUN] - click: NOT_RUN: click

2018-11-22 17:53:09 - [MESSAGE][NOT_RUN] - NOT_RUN: click

2018-11-22 17:53:09 - [TEST_STEP][NOT_RUN] - click: NOT_RUN: click

2018-11-22 17:53:09 - [MESSAGE][NOT_RUN] - NOT_RUN: click

2018-11-22 17:53:09 - [TEST_STEP][NOT_RUN] - setText: NOT_RUN: setText

2018-11-22 17:53:09 - [MESSAGE][NOT_RUN] - NOT_RUN: setText

2018-11-22 17:53:09 - [TEST_STEP][NOT_RUN] - setText: NOT_RUN: setText

2018-11-22 17:53:09 - [MESSAGE][NOT_RUN] - NOT_RUN: setText

2018-11-22 17:53:09 - [TEST_STEP][PASSED] - Statement - mydate = new java.util.Date(): null

2018-11-22 17:53:09 - [TEST_STEP][PASSED] - Statement - formattedDate = mydate.format("MM/dd/yyy"): null

2018-11-22 17:53:09 - [TEST_STEP][PASSED] - sendKeys: Keys '11/22/2018' sent to object: 'Object Repository/FSM1/Complete ABP Inspection/ABP18 Forward Trace/Page_JClient/DateofDespatch'

2018-11-22 17:53:10 - [MESSAGE][PASSED] - Keys '11/22/2018' sent to object: 'Object Repository/FSM1/Complete ABP Inspection/ABP18 Forward Trace/Page_JClient/DateofDespatch'

2018-11-22 17:53:10 - [TEST_STEP][PASSED] - click: Object: 'Object Repository/FSM1/Complete ABP Inspection/ABP18 Forward Trace/Page_JClient/div_Save' is clicked on

2018-11-22 17:53:10 - [MESSAGE][PASSED] - Object: 'Object Repository/FSM1/Complete ABP Inspection/ABP18 Forward Trace/Page_JClient/div_Save' is clicked on]]></system-out>
         <system-err><![CDATA[]]></system-err>
      </testcase>
      <testcase name="Test Cases/ABP/Generic/Complete ABP Inspection - Complete" classname="Test Cases/ABP/Generic/Complete ABP Inspection - Complete" status="PASSED">
         <system-out><![CDATA[2018-11-22 17:53:10 - [TEST_CASE][PASSED] - Test Cases/ABP/Generic/Complete ABP Inspection - Complete: Test Cases/ABP/Generic/Complete ABP Inspection - Complete

2018-11-22 17:53:10 - [TEST_STEP][PASSED] - delay: Delayed 2 second(s)

2018-11-22 17:53:12 - [MESSAGE][PASSED] - Delayed 2 second(s)

2018-11-22 17:53:12 - [TEST_STEP][PASSED] - click: Object: 'Object Repository/FSM1/Complete ABP Inspection/Complete ABP01a Inspection/Page_JClient/div_STARTED (locked)' is clicked on

2018-11-22 17:53:12 - [MESSAGE][PASSED] - Object: 'Object Repository/FSM1/Complete ABP Inspection/Complete ABP01a Inspection/Page_JClient/div_STARTED (locked)' is clicked on

2018-11-22 17:53:12 - [TEST_STEP][PASSED] - delay: Delayed 2 second(s)

2018-11-22 17:53:14 - [MESSAGE][PASSED] - Delayed 2 second(s)

2018-11-22 17:53:14 - [TEST_STEP][PASSED] - click: Object: 'Object Repository/FSM1/Complete ABP Inspection/Complete ABP01a Inspection/Page_JClient/div_COMPLETED' is clicked on

2018-11-22 17:53:15 - [MESSAGE][PASSED] - Object: 'Object Repository/FSM1/Complete ABP Inspection/Complete ABP01a Inspection/Page_JClient/div_COMPLETED' is clicked on

2018-11-22 17:53:15 - [TEST_STEP][PASSED] - selectOptionByValue: All options with value 'COMPLETED' are selected in object 'Object Repository/FSM1/Complete ABP Inspection/Complete ABP01a Inspection/Page_JClient/select_Yes'  using regular expression

2018-11-22 17:53:16 - [MESSAGE][PASSED] - All options with value 'COMPLETED' are selected in object 'Object Repository/FSM1/Complete ABP Inspection/Complete ABP01a Inspection/Page_JClient/select_Yes'  using regular expression

2018-11-22 17:53:16 - [TEST_STEP][PASSED] - delay: Delayed 3 second(s)

2018-11-22 17:53:19 - [MESSAGE][PASSED] - Delayed 3 second(s)

2018-11-22 17:53:19 - [TEST_STEP][PASSED] - click: Object: 'Object Repository/FSM1/Complete ABP Inspection/Complete ABP01a Inspection/Page_JClient/div_Save' is clicked on

2018-11-22 17:53:19 - [MESSAGE][PASSED] - Object: 'Object Repository/FSM1/Complete ABP Inspection/Complete ABP01a Inspection/Page_JClient/div_Save' is clicked on

2018-11-22 17:53:19 - [TEST_STEP][PASSED] - delay: Delayed 2 second(s)

2018-11-22 17:53:21 - [MESSAGE][PASSED] - Delayed 2 second(s)

2018-11-22 17:53:21 - [TEST_STEP][PASSED] - click: Object: 'Object Repository/FSM1/Complete ABP Inspection/Complete ABP01a Inspection/Page_JClient/div_Ok' is clicked on

2018-11-22 17:53:21 - [MESSAGE][PASSED] - Object: 'Object Repository/FSM1/Complete ABP Inspection/Complete ABP01a Inspection/Page_JClient/div_Ok' is clicked on

2018-11-22 17:53:21 - [TEST_STEP][PASSED] - delay: Delayed 30 second(s)

2018-11-22 17:53:51 - [MESSAGE][PASSED] - Delayed 30 second(s)]]></system-out>
         <system-err><![CDATA[]]></system-err>
      </testcase>
      <testcase name="Test Cases/Generic/Launch Job Manager Control Centre - Check Result" classname="Test Cases/Generic/Launch Job Manager Control Centre - Check Result" status="PASSED">
         <system-out><![CDATA[2018-11-22 17:53:51 - [TEST_CASE][PASSED] - Test Cases/Generic/Launch Job Manager Control Centre - Check Result: Test Cases/Generic/Launch Job Manager Control Centre - Check Result

2018-11-22 17:53:52 - [TEST_STEP][PASSED] - openBrowser: Browser is opened with url: ''

2018-11-22 17:53:52 - [MESSAGE][WARNING] - A browser is already opened. Closing browser and opening a new one

2018-11-22 17:53:55 - [MESSAGE][PASSED] - Browser is opened with url: ''

2018-11-22 17:53:55 - [TEST_STEP][PASSED] - navigateToUrl: Navigate to 'https://kirona-def-6.kirona.com/jmprep/login#!loginView' successfully

2018-11-22 17:53:57 - [MESSAGE][PASSED] - Navigate to 'https://kirona-def-6.kirona.com/jmprep/login#!loginView' successfully

2018-11-22 17:53:57 - [TEST_STEP][PASSED] - setText: Text 'jon.hatfield' is set on object 'Object Repository/FSM1/Control Centre/Page_Job Manager Login/input_gwt-uid-3'

2018-11-22 17:53:58 - [MESSAGE][PASSED] - Text 'jon.hatfield' is set on object 'Object Repository/FSM1/Control Centre/Page_Job Manager Login/input_gwt-uid-3'

2018-11-22 17:53:58 - [TEST_STEP][PASSED] - setText: Text 'Fr@nc1sJ0n' is set on object 'Object Repository/FSM1/Control Centre/Page_Job Manager Login/input_gwt-uid-5'

2018-11-22 17:53:59 - [MESSAGE][PASSED] - Text 'Fr@nc1sJ0n' is set on object 'Object Repository/FSM1/Control Centre/Page_Job Manager Login/input_gwt-uid-5'

2018-11-22 17:53:59 - [TEST_STEP][PASSED] - click: Object: 'Object Repository/FSM1/PreProd/Page_Job Manager Login/div_Login' is clicked on

2018-11-22 17:53:59 - [MESSAGE][PASSED] - Object: 'Object Repository/FSM1/PreProd/Page_Job Manager Login/div_Login' is clicked on

2018-11-22 17:53:59 - [TEST_STEP][PASSED] - delay: Delayed 5 second(s)

2018-11-22 17:54:04 - [MESSAGE][PASSED] - Delayed 5 second(s)]]></system-out>
         <system-err><![CDATA[]]></system-err>
      </testcase>
      <testcase name="Test Cases/ABP/ABPR09a/Control Centre - Check Results - ABPR09a" classname="Test Cases/ABP/ABPR09a/Control Centre - Check Results - ABPR09a" status="PASSED">
         <system-out><![CDATA[2018-11-22 17:54:04 - [TEST_CASE][PASSED] - Test Cases/ABP/ABPR09a/Control Centre - Check Results - ABPR09a: Test Cases/ABP/ABPR09a/Control Centre - Check Results - ABPR09a

2018-11-22 17:54:04 - [TEST_STEP][PASSED] - Statement - log = new com.kms.katalon.core.logging.KeywordLogger(): null

2018-11-22 17:54:04 - [TEST_STEP][PASSED] - setText: Text '91371' is set on object 'Object Repository/FSM1/EMI Check Results/Page_JM Control Centre/input_Recents_v-textfield v-wi'

2018-11-22 17:54:05 - [MESSAGE][PASSED] - Text '91371' is set on object 'Object Repository/FSM1/EMI Check Results/Page_JM Control Centre/input_Recents_v-textfield v-wi'

2018-11-22 17:54:05 - [TEST_STEP][PASSED] - click: Object: 'Object Repository/FSM1/EMI Check Results/Page_JM Control Centre/span_' is clicked on

2018-11-22 17:54:06 - [MESSAGE][PASSED] - Object: 'Object Repository/FSM1/EMI Check Results/Page_JM Control Centre/span_' is clicked on

2018-11-22 17:54:06 - [TEST_STEP][PASSED] - waitForElementPresent: Object 'Object Repository/FSM1/EMI Check Results/Page_JM Control Centre/div_CLOSED' is present

2018-11-22 17:54:10 - [MESSAGE][PASSED] - Object 'Object Repository/FSM1/EMI Check Results/Page_JM Control Centre/div_CLOSED' is present

2018-11-22 17:54:10 - [TEST_STEP][PASSED] - delay: Delayed 3 second(s)

2018-11-22 17:54:13 - [MESSAGE][PASSED] - Delayed 3 second(s)

2018-11-22 17:54:13 - [TEST_STEP][PASSED] - verifyElementPresent: Object 'Object Repository/FSM1/Complete ABP Inspection/Check Results/03a/Page_JM Control Centre/div_Attachments_ABPR09A' is present

2018-11-22 17:54:13 - [MESSAGE][PASSED] - Object 'Object Repository/FSM1/Complete ABP Inspection/Check Results/03a/Page_JM Control Centre/div_Attachments_ABPR09A' is present

2018-11-22 17:54:13 - [TEST_STEP][PASSED] - verifyElementPresent: Object 'Object Repository/FSM1/Complete ABP Inspection/Check Results/03a/Page_JM Control Centre/div_Attachments_ABPR17 - Backw' is present

2018-11-22 17:54:13 - [MESSAGE][PASSED] - Object 'Object Repository/FSM1/Complete ABP Inspection/Check Results/03a/Page_JM Control Centre/div_Attachments_ABPR17 - Backw' is present

2018-11-22 17:54:13 - [TEST_STEP][PASSED] - verifyElementPresent: Object 'Object Repository/FSM1/Complete ABP Inspection/Check Results/03a/Page_JM Control Centre/div_Attachments_ABPR18 - Forwa' is present

2018-11-22 17:54:13 - [MESSAGE][PASSED] - Object 'Object Repository/FSM1/Complete ABP Inspection/Check Results/03a/Page_JM Control Centre/div_Attachments_ABPR18 - Forwa' is present]]></system-out>
         <system-err><![CDATA[]]></system-err>
      </testcase>
      <testcase name="Test Cases/ABP/Generic/Check Subsequent Inspection Exist" classname="Test Cases/ABP/Generic/Check Subsequent Inspection Exist" status="PASSED">
         <system-out><![CDATA[2018-11-22 17:54:13 - [TEST_CASE][PASSED] - Test Cases/ABP/Generic/Check Subsequent Inspection Exist: Test Cases/ABP/Generic/Check Subsequent Inspection Exist

2018-11-22 17:54:13 - [TEST_STEP][PASSED] - delay: Delayed 2 second(s)

2018-11-22 17:54:15 - [MESSAGE][PASSED] - Delayed 2 second(s)

2018-11-22 17:54:15 - [TEST_STEP][PASSED] - click: Object: 'Object Repository/FSM1/Complete ABP Inspection/Check Subsequent Inspections/New/Page_JM Control Centre/div_' is clicked on

2018-11-22 17:54:16 - [MESSAGE][PASSED] - Object: 'Object Repository/FSM1/Complete ABP Inspection/Check Subsequent Inspections/New/Page_JM Control Centre/div_' is clicked on

2018-11-22 17:54:16 - [TEST_STEP][PASSED] - click: Object: 'Object Repository/FSM1/Complete ABP Inspection/Check Subsequent Inspections/New/Page_JM Control Centre/span_List All Subordinate Jobs' is clicked on

2018-11-22 17:54:16 - [MESSAGE][PASSED] - Object: 'Object Repository/FSM1/Complete ABP Inspection/Check Subsequent Inspections/New/Page_JM Control Centre/span_List All Subordinate Jobs' is clicked on

2018-11-22 17:54:17 - [TEST_STEP][PASSED] - delay: Delayed 2 second(s)

2018-11-22 17:54:19 - [MESSAGE][PASSED] - Delayed 2 second(s)

2018-11-22 17:54:19 - [TEST_STEP][PASSED] - verifyElementVisible: Object 'Object Repository/FSM1/Complete ABP Inspection/Check Subsequent Inspections/New/Page_JM Control Centre/div_2 found.' is visible

2018-11-22 17:54:19 - [MESSAGE][PASSED] - Object 'Object Repository/FSM1/Complete ABP Inspection/Check Subsequent Inspections/New/Page_JM Control Centre/div_2 found.' is visible

2018-11-22 17:54:19 - [TEST_STEP][PASSED] - closeBrowser: Browser is closed

2018-11-22 17:54:20 - [MESSAGE][PASSED] - Browser is closed]]></system-out>
         <system-err><![CDATA[]]></system-err>
      </testcase>
      <system-out><![CDATA[2018-11-22 17:47:22 - [TEST_SUITE][PASSED] - ABP Regression - 09a: Test Cases/ABP/Generic/Check Subsequent Inspection Exist]]></system-out>
      <system-err><![CDATA[]]></system-err>
   </testsuite>
</testsuites>
