<?xml version="1.0" encoding="UTF-8"?>
<testsuites name="ABP Regression - 04a" time="393" tests="15" failures="0" errors="0">
   <testsuite name="ABP Regression - 04a" tests="15" failures="0" errors="0" time="393" timestamp="2019-01-15 16:47:14" hostname="jonha - DESKTOP-KMCIR60" id="Test Suites/ABP/ABP Regression - 04a">
      <properties>
         <property name="deviceName" value=""/>
         <property name="devicePlatform" value=""/>
         <property name="logFolder" value="C:\\Users\\jonha\\Documents\\Katalon\\APHA\\JM_8.9\\FSM_Regression\\Reports\\ABP\\ABP Regression - 04a\\20190115_151834"/>
         <property name="logFiles" value="C:\\Users\\jonha\\Documents\\Katalon\\APHA\\JM_8.9\\FSM_Regression\\Reports\\ABP\\ABP Regression - 04a\\20190115_151834\\execution0.log"/>
         <property name="attachments" value=""/>
         <property name="hostName" value="jonha - DESKTOP-KMCIR60"/>
         <property name="os" value="Windows 10 64bit"/>
         <property name="katalonVersion" value="5.9.1.2"/>
         <property name="browser" value="Chrome 71.0.3578.98"/>
         <property name="hostAddress" value="192.168.0.17"/>
         <property name="sessionId" value="c6105a8b63b779d9ec78eb4f89f3176f"/>
         <property name="seleniumVersion" value="3.7.1"/>
         <property name="proxyInformation" value="ProxyInformation{proxyOption=NO_PROXY, proxyServerType=HTTP, password=, proxyServerAddress=, proxyServerPort=0}"/>
         <property name="platform" value="Windows 10"/>
      </properties>
      <testcase name="Test Cases/Generic/Launch Job Manager Control Centre" classname="Test Cases/Generic/Launch Job Manager Control Centre" status="PASSED">
         <system-out><![CDATA[2019-01-15 16:47:15 - [TEST_CASE][PASSED] - Test Cases/Generic/Launch Job Manager Control Centre: Test Cases/Generic/Launch Job Manager Control Centre

2019-01-15 16:47:15 - [TEST_STEP][PASSED] - openBrowser(""): Browser is opened with url: ''

2019-01-15 16:47:16 - [MESSAGE][INFO] - Starting 'Chrome' driver

2019-01-15 16:47:16 - [MESSAGE][INFO] - Action delay is set to 0 seconds

2019-01-15 16:47:19 - [MESSAGE][PASSED] - Browser is opened with url: ''

2019-01-15 16:47:19 - [TEST_STEP][PASSED] - navigateToUrl(CCURL): Navigate to 'https://kirona-def-6.kirona.com/jmprep/login#!loginView' successfully

2019-01-15 16:47:20 - [MESSAGE][PASSED] - Navigate to 'https://kirona-def-6.kirona.com/jmprep/login#!loginView' successfully

2019-01-15 16:47:20 - [TEST_STEP][PASSED] - setText(findTestObject("FSM1/Control Centre/Page_Job Manager Login/input_gwt-uid-3"), Username): Text 'jon.hatfield' is set on object 'Object Repository/FSM1/Control Centre/Page_Job Manager Login/input_gwt-uid-3'

2019-01-15 16:47:21 - [MESSAGE][PASSED] - Text 'jon.hatfield' is set on object 'Object Repository/FSM1/Control Centre/Page_Job Manager Login/input_gwt-uid-3'

2019-01-15 16:47:21 - [TEST_STEP][PASSED] - setText(findTestObject("FSM1/Control Centre/Page_Job Manager Login/input_gwt-uid-5"), Password): Text 'Fr@nc1sJ0n' is set on object 'Object Repository/FSM1/Control Centre/Page_Job Manager Login/input_gwt-uid-5'

2019-01-15 16:47:21 - [MESSAGE][PASSED] - Text 'Fr@nc1sJ0n' is set on object 'Object Repository/FSM1/Control Centre/Page_Job Manager Login/input_gwt-uid-5'

2019-01-15 16:47:21 - [TEST_STEP][PASSED] - delay(2): Delayed 2 second(s)

2019-01-15 16:47:23 - [MESSAGE][PASSED] - Delayed 2 second(s)

2019-01-15 16:47:23 - [TEST_STEP][PASSED] - click(findTestObject("FSM1/PreProd/Page_Job Manager Login/div_Login")): Object: 'Object Repository/FSM1/PreProd/Page_Job Manager Login/div_Login' is clicked on

2019-01-15 16:47:23 - [MESSAGE][PASSED] - Object: 'Object Repository/FSM1/PreProd/Page_Job Manager Login/div_Login' is clicked on

2019-01-15 16:47:23 - [TEST_STEP][PASSED] - delay(5): Delayed 5 second(s)

2019-01-15 16:47:28 - [MESSAGE][PASSED] - Delayed 5 second(s)]]></system-out>
         <system-err><![CDATA[]]></system-err>
      </testcase>
      <testcase name="Test Cases/ABP/Generic/Create ABP Inspection - Manual Assignment" classname="Test Cases/ABP/Generic/Create ABP Inspection - Manual Assignment" status="PASSED">
         <system-out><![CDATA[2019-01-15 16:47:28 - [TEST_CASE][PASSED] - Test Cases/ABP/Generic/Create ABP Inspection - Manual Assignment: Test Cases/ABP/Generic/Create ABP Inspection - Manual Assignment

2019-01-15 16:47:29 - [TEST_STEP][PASSED] - log = new com.kms.katalon.core.logging.KeywordLogger(): null

2019-01-15 16:47:29 - [TEST_STEP][PASSED] - waitForElementClickable(findTestObject("Object Repository/FSM1/Create ABP Inspection Manual Ass/Page_JM Control Centre/Page_JM Control Centre/Page_JM Control Centre/div_Create"), 60, STOP_ON_FAILURE): Object 'Object Repository/FSM1/Create ABP Inspection Manual Ass/Page_JM Control Centre/Page_JM Control Centre/Page_JM Control Centre/div_Create' is clickable

2019-01-15 16:47:38 - [MESSAGE][PASSED] - Object 'Object Repository/FSM1/Create ABP Inspection Manual Ass/Page_JM Control Centre/Page_JM Control Centre/Page_JM Control Centre/div_Create' is clickable

2019-01-15 16:47:38 - [TEST_STEP][PASSED] - delay(3): Delayed 3 second(s)

2019-01-15 16:47:41 - [MESSAGE][PASSED] - Delayed 3 second(s)

2019-01-15 16:47:41 - [TEST_STEP][PASSED] - click(findTestObject("Object Repository/FSM1/Create ABP Inspection Manual Ass/Page_JM Control Centre/Page_JM Control Centre/Page_JM Control Centre/div_Create")): Object: 'Object Repository/FSM1/Create ABP Inspection Manual Ass/Page_JM Control Centre/Page_JM Control Centre/Page_JM Control Centre/div_Create' is clicked on

2019-01-15 16:47:41 - [MESSAGE][PASSED] - Object: 'Object Repository/FSM1/Create ABP Inspection Manual Ass/Page_JM Control Centre/Page_JM Control Centre/Page_JM Control Centre/div_Create' is clicked on

2019-01-15 16:47:41 - [TEST_STEP][PASSED] - click(findTestObject("Object Repository/FSM1/Create ABP Inspection Manual Ass/Page_JM Control Centre/Page_JM Control Centre/Page_JM Control Centre/div_v-filterselect-button")): Object: 'Object Repository/FSM1/Create ABP Inspection Manual Ass/Page_JM Control Centre/Page_JM Control Centre/Page_JM Control Centre/div_v-filterselect-button' is clicked on

2019-01-15 16:47:43 - [MESSAGE][PASSED] - Object: 'Object Repository/FSM1/Create ABP Inspection Manual Ass/Page_JM Control Centre/Page_JM Control Centre/Page_JM Control Centre/div_v-filterselect-button' is clicked on

2019-01-15 16:47:43 - [TEST_STEP][PASSED] - setText(findTestObject("Object Repository/FSM1/Create ABP Inspection Manual Ass/Page_JM Control Centre/Page_JM Control Centre/Page_JM Control Centre/input_gwt-uid-8"), ABPInspection): Text 'ABPR04a' is set on object 'Object Repository/FSM1/Create ABP Inspection Manual Ass/Page_JM Control Centre/Page_JM Control Centre/Page_JM Control Centre/input_gwt-uid-8'

2019-01-15 16:47:44 - [MESSAGE][PASSED] - Text 'ABPR04a' is set on object 'Object Repository/FSM1/Create ABP Inspection Manual Ass/Page_JM Control Centre/Page_JM Control Centre/Page_JM Control Centre/input_gwt-uid-8'

2019-01-15 16:47:44 - [TEST_STEP][PASSED] - ABPInspectionTypeJ = modifyObjectProperty(findTestObject("Object Repository/FSM1/Create ABP Inspection Manual Ass/Page_JM Control Centre/Page_JM Control Centre/Page_JM Control Centre/span_ABPR01A - Composting and"), "text", "equals", ABPInspectionType, true): Modify property of object successfully

2019-01-15 16:47:44 - [MESSAGE][PASSED] - Modify property of object successfully

2019-01-15 16:47:44 - [TEST_STEP][PASSED] - click(ABPInspectionTypeJ, STOP_ON_FAILURE): Object: 'Object Repository/FSM1/Create ABP Inspection Manual Ass/Page_JM Control Centre/Page_JM Control Centre/Page_JM Control Centre/span_ABPR01A - Composting and' is clicked on

2019-01-15 16:47:44 - [MESSAGE][PASSED] - Object: 'Object Repository/FSM1/Create ABP Inspection Manual Ass/Page_JM Control Centre/Page_JM Control Centre/Page_JM Control Centre/span_ABPR01A - Composting and' is clicked on

2019-01-15 16:47:44 - [TEST_STEP][PASSED] - click(findTestObject("Object Repository/FSM1/Create ABP Inspection Manual Ass/Page_JM Control Centre/Page_JM Control Centre/Page_JM Control Centre/div_v-filterselect-button_1")): Object: 'Object Repository/FSM1/Create ABP Inspection Manual Ass/Page_JM Control Centre/Page_JM Control Centre/Page_JM Control Centre/div_v-filterselect-button_1' is clicked on

2019-01-15 16:47:47 - [MESSAGE][PASSED] - Object: 'Object Repository/FSM1/Create ABP Inspection Manual Ass/Page_JM Control Centre/Page_JM Control Centre/Page_JM Control Centre/div_v-filterselect-button_1' is clicked on

2019-01-15 16:47:47 - [TEST_STEP][PASSED] - click(findTestObject("Object Repository/FSM1/Create ABP Inspection Manual Ass/Page_JM Control Centre/Page_JM Control Centre/Page_JM Control Centre/span_24 Hours")): Object: 'Object Repository/FSM1/Create ABP Inspection Manual Ass/Page_JM Control Centre/Page_JM Control Centre/Page_JM Control Centre/span_24 Hours' is clicked on

2019-01-15 16:47:47 - [MESSAGE][PASSED] - Object: 'Object Repository/FSM1/Create ABP Inspection Manual Ass/Page_JM Control Centre/Page_JM Control Centre/Page_JM Control Centre/span_24 Hours' is clicked on

2019-01-15 16:47:47 - [TEST_STEP][PASSED] - click(findTestObject("Object Repository/FSM1/Create ABP Inspection/Page_JM Control Centre/div_Region_v-filterselect-butt")): Object: 'Object Repository/FSM1/Create ABP Inspection/Page_JM Control Centre/div_Region_v-filterselect-butt' is clicked on

2019-01-15 16:47:48 - [MESSAGE][PASSED] - Object: 'Object Repository/FSM1/Create ABP Inspection/Page_JM Control Centre/div_Region_v-filterselect-butt' is clicked on

2019-01-15 16:47:48 - [TEST_STEP][PASSED] - click(findTestObject("Object Repository/FSM1/Create ABP Inspection Manual Ass/Page_JM Control Centre/Page_JM Control Centre/Page_JM Control Centre/td_West")): Object: 'Object Repository/FSM1/Create ABP Inspection Manual Ass/Page_JM Control Centre/Page_JM Control Centre/Page_JM Control Centre/td_West' is clicked on

2019-01-15 16:47:48 - [MESSAGE][PASSED] - Object: 'Object Repository/FSM1/Create ABP Inspection Manual Ass/Page_JM Control Centre/Page_JM Control Centre/Page_JM Control Centre/td_West' is clicked on

2019-01-15 16:47:48 - [TEST_STEP][PASSED] - click(findTestObject("Object Repository/FSM1/Create ABP Inspection/Page_JM Control Centre/div_Plant Type_v-filterselect-")): Object: 'Object Repository/FSM1/Create ABP Inspection/Page_JM Control Centre/div_Plant Type_v-filterselect-' is clicked on

2019-01-15 16:47:48 - [MESSAGE][PASSED] - Object: 'Object Repository/FSM1/Create ABP Inspection/Page_JM Control Centre/div_Plant Type_v-filterselect-' is clicked on

2019-01-15 16:47:48 - [TEST_STEP][PASSED] - click(findTestObject("Object Repository/FSM1/Create ABP Inspection Manual Ass/Page_JM Control Centre/Page_JM Control Centre/Page_JM Control Centre/td_SECTION I Intermediate Acti")): Object: 'Object Repository/FSM1/Create ABP Inspection Manual Ass/Page_JM Control Centre/Page_JM Control Centre/Page_JM Control Centre/td_SECTION I Intermediate Acti' is clicked on

2019-01-15 16:47:48 - [MESSAGE][PASSED] - Object: 'Object Repository/FSM1/Create ABP Inspection Manual Ass/Page_JM Control Centre/Page_JM Control Centre/Page_JM Control Centre/td_SECTION I Intermediate Acti' is clicked on

2019-01-15 16:47:48 - [TEST_STEP][PASSED] - click(findTestObject("Object Repository/FSM1/Create ABP Inspection/Page_JM Control Centre/div_Inspection Type_v-filterse")): Object: 'Object Repository/FSM1/Create ABP Inspection/Page_JM Control Centre/div_Inspection Type_v-filterse' is clicked on

2019-01-15 16:47:49 - [MESSAGE][PASSED] - Object: 'Object Repository/FSM1/Create ABP Inspection/Page_JM Control Centre/div_Inspection Type_v-filterse' is clicked on

2019-01-15 16:47:49 - [TEST_STEP][PASSED] - click(findTestObject("Object Repository/FSM1/Create ABP Inspection Manual Ass/Page_JM Control Centre/Page_JM Control Centre/Page_JM Control Centre/td_Routine")): Object: 'Object Repository/FSM1/Create ABP Inspection Manual Ass/Page_JM Control Centre/Page_JM Control Centre/Page_JM Control Centre/td_Routine' is clicked on

2019-01-15 16:47:49 - [MESSAGE][PASSED] - Object: 'Object Repository/FSM1/Create ABP Inspection Manual Ass/Page_JM Control Centre/Page_JM Control Centre/Page_JM Control Centre/td_Routine' is clicked on

2019-01-15 16:47:49 - [TEST_STEP][PASSED] - click(findTestObject("Object Repository/JM_8918/New/Page_JClient/Page_JM Control Centre/Page_JM Control Centre/label_1")): Object: 'Object Repository/JM_8918/New/Page_JClient/Page_JM Control Centre/Page_JM Control Centre/label_1' is clicked on

2019-01-15 16:47:49 - [MESSAGE][PASSED] - Object: 'Object Repository/JM_8918/New/Page_JClient/Page_JM Control Centre/Page_JM Control Centre/label_1' is clicked on

2019-01-15 16:47:49 - [TEST_STEP][PASSED] - click(findTestObject("Object Repository/FSM1/Create ABP Inspection/Page_JM Control Centre/div_Inspector Grade Required_v")): Object: 'Object Repository/FSM1/Create ABP Inspection/Page_JM Control Centre/div_Inspector Grade Required_v' is clicked on

2019-01-15 16:47:49 - [MESSAGE][PASSED] - Object: 'Object Repository/FSM1/Create ABP Inspection/Page_JM Control Centre/div_Inspector Grade Required_v' is clicked on

2019-01-15 16:47:49 - [TEST_STEP][PASSED] - click(findTestObject("Object Repository/FSM1/Create ABP Inspection Manual Ass/Page_JM Control Centre/Page_JM Control Centre/Page_JM Control Centre/td_Tech")): Object: 'Object Repository/FSM1/Create ABP Inspection Manual Ass/Page_JM Control Centre/Page_JM Control Centre/Page_JM Control Centre/td_Tech' is clicked on

2019-01-15 16:47:49 - [MESSAGE][PASSED] - Object: 'Object Repository/FSM1/Create ABP Inspection Manual Ass/Page_JM Control Centre/Page_JM Control Centre/Page_JM Control Centre/td_Tech' is clicked on

2019-01-15 16:47:49 - [TEST_STEP][PASSED] - click(findTestObject("Object Repository/FSM1/Create ABP Inspection/Page_JM Control Centre/div_Sequence within Inspection")): Object: 'Object Repository/FSM1/Create ABP Inspection/Page_JM Control Centre/div_Sequence within Inspection' is clicked on

2019-01-15 16:47:50 - [MESSAGE][PASSED] - Object: 'Object Repository/FSM1/Create ABP Inspection/Page_JM Control Centre/div_Sequence within Inspection' is clicked on

2019-01-15 16:47:50 - [TEST_STEP][PASSED] - click(findTestObject("Object Repository/FSM1/Create ABP Inspection Manual Ass/Page_JM Control Centre/Page_JM Control Centre/Page_JM Control Centre/td_2 - Tech")): Object: 'Object Repository/FSM1/Create ABP Inspection Manual Ass/Page_JM Control Centre/Page_JM Control Centre/Page_JM Control Centre/td_2 - Tech' is clicked on

2019-01-15 16:47:50 - [MESSAGE][PASSED] - Object: 'Object Repository/FSM1/Create ABP Inspection Manual Ass/Page_JM Control Centre/Page_JM Control Centre/Page_JM Control Centre/td_2 - Tech' is clicked on

2019-01-15 16:47:50 - [TEST_STEP][PASSED] - setText(findTestObject("Object Repository/FSM1/Create ABP Inspection Manual Ass/Page_JM Control Centre/Page_JM Control Centre/Page_JM Control Centre/input_Customer ID_gwt-uid-40"), RandomStringUtils.randomNumeric(5)): Text '04490' is set on object 'Object Repository/FSM1/Create ABP Inspection Manual Ass/Page_JM Control Centre/Page_JM Control Centre/Page_JM Control Centre/input_Customer ID_gwt-uid-40'

2019-01-15 16:47:50 - [MESSAGE][PASSED] - Text '04490' is set on object 'Object Repository/FSM1/Create ABP Inspection Manual Ass/Page_JM Control Centre/Page_JM Control Centre/Page_JM Control Centre/input_Customer ID_gwt-uid-40'

2019-01-15 16:47:50 - [TEST_STEP][PASSED] - setText(findTestObject("Object Repository/FSM1/Create ABP Inspection Manual Ass/Page_JM Control Centre/Page_JM Control Centre/Page_JM Control Centre/input_Unit ID_gwt-uid-42"), RandomStringUtils.randomNumeric(5)): Text '46130' is set on object 'Object Repository/FSM1/Create ABP Inspection Manual Ass/Page_JM Control Centre/Page_JM Control Centre/Page_JM Control Centre/input_Unit ID_gwt-uid-42'

2019-01-15 16:47:50 - [MESSAGE][PASSED] - Text '46130' is set on object 'Object Repository/FSM1/Create ABP Inspection Manual Ass/Page_JM Control Centre/Page_JM Control Centre/Page_JM Control Centre/input_Unit ID_gwt-uid-42'

2019-01-15 16:47:50 - [TEST_STEP][PASSED] - setText(findTestObject("Object Repository/FSM1/Create ABP Inspection Manual Ass/Page_JM Control Centre/Page_JM Control Centre/Page_JM Control Centre/input_Customer Name_gwt-uid-44"), "Test Automation"): Text 'Test Automation' is set on object 'Object Repository/FSM1/Create ABP Inspection Manual Ass/Page_JM Control Centre/Page_JM Control Centre/Page_JM Control Centre/input_Customer Name_gwt-uid-44'

2019-01-15 16:47:51 - [MESSAGE][PASSED] - Text 'Test Automation' is set on object 'Object Repository/FSM1/Create ABP Inspection Manual Ass/Page_JM Control Centre/Page_JM Control Centre/Page_JM Control Centre/input_Customer Name_gwt-uid-44'

2019-01-15 16:47:51 - [TEST_STEP][PASSED] - click(findTestObject("Object Repository/FSM1/Create ABP Inspection Manual Ass/Page_JM Control Centre/Page_JM Control Centre/Page_JM Control Centre/span_")): Object: 'Object Repository/FSM1/Create ABP Inspection Manual Ass/Page_JM Control Centre/Page_JM Control Centre/Page_JM Control Centre/span_' is clicked on

2019-01-15 16:47:51 - [MESSAGE][PASSED] - Object: 'Object Repository/FSM1/Create ABP Inspection Manual Ass/Page_JM Control Centre/Page_JM Control Centre/Page_JM Control Centre/span_' is clicked on

2019-01-15 16:47:51 - [TEST_STEP][PASSED] - click(findTestObject("FSM1/Control Centre/Create EMI Inspection/Address Search/Page_JM Control Centre/Postcode Search")): Object: 'Object Repository/FSM1/Control Centre/Create EMI Inspection/Address Search/Page_JM Control Centre/Postcode Search' is clicked on

2019-01-15 16:47:51 - [MESSAGE][PASSED] - Object: 'Object Repository/FSM1/Control Centre/Create EMI Inspection/Address Search/Page_JM Control Centre/Postcode Search' is clicked on

2019-01-15 16:47:51 - [TEST_STEP][PASSED] - setText(findTestObject("FSM1/PreProd/Page_JM Control Centre/PostcodeSearch"), findTestData("Pre Production/ABP/ABP Inspection Data 01a").getValue(2, 1)): Text 'WR5 2NQ' is set on object 'Object Repository/FSM1/PreProd/Page_JM Control Centre/PostcodeSearch'

2019-01-15 16:47:52 - [MESSAGE][PASSED] - Text 'WR5 2NQ' is set on object 'Object Repository/FSM1/PreProd/Page_JM Control Centre/PostcodeSearch'

2019-01-15 16:47:52 - [TEST_STEP][PASSED] - doubleClick(findTestObject("JM_8918/Page_JM Control Centre/div_Search")): Object: 'Object Repository/JM_8918/Page_JM Control Centre/div_Search' is double clicked on

2019-01-15 16:47:52 - [MESSAGE][PASSED] - Object: 'Object Repository/JM_8918/Page_JM Control Centre/div_Search' is double clicked on

2019-01-15 16:47:52 - [TEST_STEP][PASSED] - FullAddress = modifyObjectProperty(findTestObject("Object Repository/FSM1/Create ABP Inspection Manual Ass/Page_JM Control Centre/Page_JM Control Centre/Page_JM Control Centre/Address"), "text", "equals", findTestData("Pre Production/ABP/ABP Inspection Data 01a").getValue(3, 1), true): Modify property of object successfully

2019-01-15 16:47:52 - [MESSAGE][PASSED] - Modify property of object successfully

2019-01-15 16:47:52 - [TEST_STEP][PASSED] - click(FullAddress, STOP_ON_FAILURE): Object: 'Object Repository/FSM1/Create ABP Inspection Manual Ass/Page_JM Control Centre/Page_JM Control Centre/Page_JM Control Centre/Address' is clicked on

2019-01-15 16:47:54 - [MESSAGE][PASSED] - Object: 'Object Repository/FSM1/Create ABP Inspection Manual Ass/Page_JM Control Centre/Page_JM Control Centre/Page_JM Control Centre/Address' is clicked on

2019-01-15 16:47:54 - [TEST_STEP][PASSED] - click(findTestObject("FSM1/Control Centre/Create EMI Inspection/Create Address/Page_JM Control Centre (2)/div_Add Selected Item")): Object: 'Object Repository/FSM1/Control Centre/Create EMI Inspection/Create Address/Page_JM Control Centre (2)/div_Add Selected Item' is clicked on

2019-01-15 16:47:54 - [MESSAGE][PASSED] - Object: 'Object Repository/FSM1/Control Centre/Create EMI Inspection/Create Address/Page_JM Control Centre (2)/div_Add Selected Item' is clicked on

2019-01-15 16:47:54 - [TEST_STEP][PASSED] - delay(2): Delayed 2 second(s)

2019-01-15 16:47:56 - [MESSAGE][PASSED] - Delayed 2 second(s)

2019-01-15 16:47:56 - [TEST_STEP][PASSED] - click(findTestObject("FSM1/Control Centre/Create EMI Inspection/Finish/Page_JM Control Centre (3)/div_Create")): Object: 'Object Repository/FSM1/Control Centre/Create EMI Inspection/Finish/Page_JM Control Centre (3)/div_Create' is clicked on

2019-01-15 16:47:56 - [MESSAGE][PASSED] - Object: 'Object Repository/FSM1/Control Centre/Create EMI Inspection/Finish/Page_JM Control Centre (3)/div_Create' is clicked on

2019-01-15 16:47:56 - [TEST_STEP][PASSED] - waitForElementPresent(findTestObject("Object Repository/FSM1/Create ABP Inspection Manual Ass/Page_JM Control Centre/Page_JM Control Centre/Page_JM Control Centre/div_APPROVED"), 120, STOP_ON_FAILURE): Object 'Object Repository/FSM1/Create ABP Inspection Manual Ass/Page_JM Control Centre/Page_JM Control Centre/Page_JM Control Centre/div_APPROVED' is present

2019-01-15 16:48:00 - [MESSAGE][PASSED] - Object 'Object Repository/FSM1/Create ABP Inspection Manual Ass/Page_JM Control Centre/Page_JM Control Centre/Page_JM Control Centre/div_APPROVED' is present

2019-01-15 16:48:00 - [TEST_STEP][PASSED] - click(findTestObject("Object Repository/FSM1/Create ABP Inspection Manual Ass/Page_JM Control Centre/Page_JM Control Centre/Page_JM Control Centre/span_Schedule")): Object: 'Object Repository/FSM1/Create ABP Inspection Manual Ass/Page_JM Control Centre/Page_JM Control Centre/Page_JM Control Centre/span_Schedule' is clicked on

2019-01-15 16:48:00 - [MESSAGE][PASSED] - Object: 'Object Repository/FSM1/Create ABP Inspection Manual Ass/Page_JM Control Centre/Page_JM Control Centre/Page_JM Control Centre/span_Schedule' is clicked on

2019-01-15 16:48:00 - [TEST_STEP][PASSED] - click(findTestObject("Object Repository/JM_8918/New/Page_JM Control Centre/Page_JM Control Centre/label_Manually Allocate as an")): Object: 'Object Repository/JM_8918/New/Page_JM Control Centre/Page_JM Control Centre/label_Manually Allocate as an' is clicked on

2019-01-15 16:48:03 - [MESSAGE][PASSED] - Object: 'Object Repository/JM_8918/New/Page_JM Control Centre/Page_JM Control Centre/label_Manually Allocate as an' is clicked on

2019-01-15 16:48:03 - [TEST_STEP][PASSED] - click(findTestObject("Object Repository/JM_8918/New/Page_JM Control Centre/Page_JM Control Centre/div_Owner_v-filterselect-butto")): Object: 'Object Repository/JM_8918/New/Page_JM Control Centre/Page_JM Control Centre/div_Owner_v-filterselect-butto' is clicked on

2019-01-15 16:48:03 - [MESSAGE][PASSED] - Object: 'Object Repository/JM_8918/New/Page_JM Control Centre/Page_JM Control Centre/div_Owner_v-filterselect-butto' is clicked on

2019-01-15 16:48:04 - [TEST_STEP][PASSED] - setText(findTestObject("Object Repository/JM_8918/New/Page_JM Control Centre/Page_JM Control Centre/input_Owner_gwt-uid-304"), "test"): Text 'test' is set on object 'Object Repository/JM_8918/New/Page_JM Control Centre/Page_JM Control Centre/input_Owner_gwt-uid-304'

2019-01-15 16:48:04 - [MESSAGE][PASSED] - Text 'test' is set on object 'Object Repository/JM_8918/New/Page_JM Control Centre/Page_JM Control Centre/input_Owner_gwt-uid-304'

2019-01-15 16:48:04 - [TEST_STEP][PASSED] - click(findTestObject("Object Repository/JM_8918/New/Page_JM Control Centre/Page_JM Control Centre/span_Test Inspector")): Object: 'Object Repository/JM_8918/New/Page_JM Control Centre/Page_JM Control Centre/span_Test Inspector' is clicked on

2019-01-15 16:48:04 - [MESSAGE][PASSED] - Object: 'Object Repository/JM_8918/New/Page_JM Control Centre/Page_JM Control Centre/span_Test Inspector' is clicked on

2019-01-15 16:48:04 - [TEST_STEP][PASSED] - delay(3): Delayed 3 second(s)

2019-01-15 16:48:07 - [MESSAGE][PASSED] - Delayed 3 second(s)

2019-01-15 16:48:07 - [TEST_STEP][NOT_RUN] - mydate = new java.util.Date(): NOT_RUN: mydate = new java.util.Date()

2019-01-15 16:48:07 - [MESSAGE][NOT_RUN] - NOT_RUN: mydate = new java.util.Date()

2019-01-15 16:48:07 - [TEST_STEP][NOT_RUN] - tomorrow = mydate.next(): NOT_RUN: tomorrow = mydate.next()

2019-01-15 16:48:07 - [MESSAGE][NOT_RUN] - NOT_RUN: tomorrow = mydate.next()

2019-01-15 16:48:07 - [TEST_STEP][NOT_RUN] - formattedDate = tomorrow.format("dd-MMM-yyyy"): NOT_RUN: formattedDate = tomorrow.format("dd-MMM-yyyy")

2019-01-15 16:48:07 - [MESSAGE][NOT_RUN] - NOT_RUN: formattedDate = tomorrow.format("dd-MMM-yyyy")

2019-01-15 16:48:07 - [TEST_STEP][NOT_RUN] - delay(2): NOT_RUN: delay(2)

2019-01-15 16:48:07 - [MESSAGE][NOT_RUN] - NOT_RUN: delay(2)

2019-01-15 16:48:07 - [TEST_STEP][NOT_RUN] - setText(findTestObject("JM_8918/New/Page_JM Control Centre/Page_JM Control Centre/input_Due date_gwt-uid-308"), formattedDate): NOT_RUN: setText(findTestObject("JM_8918/New/Page_JM Control Centre/Page_JM Control Centre/input_Due date_gwt-uid-308"), formattedDate)

2019-01-15 16:48:07 - [MESSAGE][NOT_RUN] - NOT_RUN: setText(findTestObject("JM_8918/New/Page_JM Control Centre/Page_JM Control Centre/input_Due date_gwt-uid-308"), formattedDate)

2019-01-15 16:48:07 - [TEST_STEP][NOT_RUN] - delay(2): NOT_RUN: delay(2)

2019-01-15 16:48:07 - [MESSAGE][NOT_RUN] - NOT_RUN: delay(2)

2019-01-15 16:48:07 - [TEST_STEP][NOT_RUN] - setText(findTestObject("JM_8918/New/Page_JM Control Centre/Page_JM Control Centre/input_From date_gwt-uid-306"), formattedDate): NOT_RUN: setText(findTestObject("JM_8918/New/Page_JM Control Centre/Page_JM Control Centre/input_From date_gwt-uid-306"), formattedDate)

2019-01-15 16:48:07 - [MESSAGE][NOT_RUN] - NOT_RUN: setText(findTestObject("JM_8918/New/Page_JM Control Centre/Page_JM Control Centre/input_From date_gwt-uid-306"), formattedDate)

2019-01-15 16:48:07 - [TEST_STEP][PASSED] - delay(5): Delayed 5 second(s)

2019-01-15 16:48:12 - [MESSAGE][PASSED] - Delayed 5 second(s)

2019-01-15 16:48:12 - [TEST_STEP][PASSED] - click(findTestObject("Object Repository/FSM1/Create ABP Inspection Manual Ass/Page_JM Control Centre/Page_JM Control Centre/Page_JM Control Centre/div_Allocate")): Object: 'Object Repository/FSM1/Create ABP Inspection Manual Ass/Page_JM Control Centre/Page_JM Control Centre/Page_JM Control Centre/div_Allocate' is clicked on

2019-01-15 16:48:12 - [MESSAGE][PASSED] - Object: 'Object Repository/FSM1/Create ABP Inspection Manual Ass/Page_JM Control Centre/Page_JM Control Centre/Page_JM Control Centre/div_Allocate' is clicked on

2019-01-15 16:48:12 - [TEST_STEP][PASSED] - InspectionID = getText(findTestObject("Object Repository/FSM1/Create ABP Inspection Manual Ass/Page_JM Control Centre/Page_JM Control Centre/Page_JM Control Centre/InspectionID")): Text of object 'Object Repository/FSM1/Create ABP Inspection Manual Ass/Page_JM Control Centre/Page_JM Control Centre/Page_JM Control Centre/InspectionID' is: 'Viewing Job 101445'

2019-01-15 16:48:12 - [MESSAGE][PASSED] - Text of object 'Object Repository/FSM1/Create ABP Inspection Manual Ass/Page_JM Control Centre/Page_JM Control Centre/Page_JM Control Centre/InspectionID' is: 'Viewing Job 101445'

2019-01-15 16:48:12 - [TEST_STEP][PASSED] - InspectionID = InspectionID.replaceAll("Viewing Job ", ""): null

2019-01-15 16:48:12 - [TEST_STEP][PASSED] - log.logWarning(InspectionID): 101445

2019-01-15 16:48:12 - [MESSAGE][WARNING] - 101445

2019-01-15 16:48:12 - [TEST_STEP][PASSED] - temp = InspectionID: null

2019-01-15 16:48:12 - [TEST_STEP][PASSED] - delay(90): Delayed 90 second(s)

2019-01-15 16:49:42 - [MESSAGE][PASSED] - Delayed 90 second(s)]]></system-out>
         <system-err><![CDATA[]]></system-err>
      </testcase>
      <testcase name="Test Cases/Generic/Launch Job Manager" classname="Test Cases/Generic/Launch Job Manager" status="PASSED">
         <system-out><![CDATA[2019-01-15 16:49:42 - [TEST_CASE][PASSED] - Test Cases/Generic/Launch Job Manager: Test Cases/Generic/Launch Job Manager

2019-01-15 16:49:43 - [TEST_STEP][PASSED] - openBrowser(""): Browser is opened with url: ''

2019-01-15 16:49:43 - [MESSAGE][WARNING] - A browser is already opened. Closing browser and opening a new one

2019-01-15 16:49:44 - [MESSAGE][INFO] - Starting 'Chrome' driver

2019-01-15 16:49:46 - [MESSAGE][PASSED] - Browser is opened with url: ''

2019-01-15 16:49:46 - [TEST_STEP][PASSED] - navigateToUrl(JMURL): Navigate to 'https://kirona-def-6.kirona.com/jmprep/jclient/jclient.html' successfully

2019-01-15 16:49:47 - [MESSAGE][PASSED] - Navigate to 'https://kirona-def-6.kirona.com/jmprep/jclient/jclient.html' successfully

2019-01-15 16:49:47 - [TEST_STEP][PASSED] - delay(3): Delayed 3 second(s)

2019-01-15 16:49:50 - [MESSAGE][PASSED] - Delayed 3 second(s)

2019-01-15 16:49:50 - [TEST_STEP][PASSED] - setText(findTestObject("FSM1/Launch Application/Page_JClient/input_gwt-TextBox GKH2EKQBMDB"), "KIR1"): Text 'KIR1' is set on object 'Object Repository/FSM1/Launch Application/Page_JClient/input_gwt-TextBox GKH2EKQBMDB'

2019-01-15 16:49:50 - [MESSAGE][PASSED] - Text 'KIR1' is set on object 'Object Repository/FSM1/Launch Application/Page_JClient/input_gwt-TextBox GKH2EKQBMDB'

2019-01-15 16:49:50 - [TEST_STEP][PASSED] - sendKeys(findTestObject("FSM1/Launch Application/Page_JClient/input_gwt-TextBox GKH2EKQBMDB"), Keys.chord(ENTER)): Keys 'ENTER + ' sent to object: 'Object Repository/FSM1/Launch Application/Page_JClient/input_gwt-TextBox GKH2EKQBMDB'

2019-01-15 16:49:50 - [MESSAGE][PASSED] - Keys 'ENTER + ' sent to object: 'Object Repository/FSM1/Launch Application/Page_JClient/input_gwt-TextBox GKH2EKQBMDB'

2019-01-15 16:49:50 - [TEST_STEP][PASSED] - delay(3): Delayed 3 second(s)

2019-01-15 16:49:53 - [MESSAGE][PASSED] - Delayed 3 second(s)

2019-01-15 16:49:53 - [TEST_STEP][PASSED] - click(findTestObject("FSM1/Launch Application/Page_JClient/div_Configure App")): Object: 'Object Repository/FSM1/Launch Application/Page_JClient/div_Configure App' is clicked on

2019-01-15 16:49:53 - [MESSAGE][PASSED] - Object: 'Object Repository/FSM1/Launch Application/Page_JClient/div_Configure App' is clicked on

2019-01-15 16:49:53 - [TEST_STEP][PASSED] - setText(findTestObject("FSM1/Launch Application/Page_JClient/input_gwt-TextBox GKH2EKQBNHC"), findTestData("Pre Production/Environmental/UandP").getValue(3, 1)): Text 'test.inspector' is set on object 'Object Repository/FSM1/Launch Application/Page_JClient/input_gwt-TextBox GKH2EKQBNHC'

2019-01-15 16:49:54 - [MESSAGE][PASSED] - Text 'test.inspector' is set on object 'Object Repository/FSM1/Launch Application/Page_JClient/input_gwt-TextBox GKH2EKQBNHC'

2019-01-15 16:49:54 - [TEST_STEP][PASSED] - setText(findTestObject("FSM1/Launch Application/Page_JClient/input_gwt-PasswordTextBox GKH2"), findTestData("Pre Production/Environmental/UandP").getValue(4, 1)): Text 'Password1.' is set on object 'Object Repository/FSM1/Launch Application/Page_JClient/input_gwt-PasswordTextBox GKH2'

2019-01-15 16:49:54 - [MESSAGE][PASSED] - Text 'Password1.' is set on object 'Object Repository/FSM1/Launch Application/Page_JClient/input_gwt-PasswordTextBox GKH2'

2019-01-15 16:49:54 - [TEST_STEP][PASSED] - click(findTestObject("FSM1/Launch Application/Page_JClient/div_Sign In")): Object: 'Object Repository/FSM1/Launch Application/Page_JClient/div_Sign In' is clicked on

2019-01-15 16:49:54 - [MESSAGE][PASSED] - Object: 'Object Repository/FSM1/Launch Application/Page_JClient/div_Sign In' is clicked on

2019-01-15 16:49:54 - [TEST_STEP][PASSED] - delay(15): Delayed 15 second(s)

2019-01-15 16:50:09 - [MESSAGE][PASSED] - Delayed 15 second(s)]]></system-out>
         <system-err><![CDATA[]]></system-err>
      </testcase>
      <testcase name="Test Cases/Generic/Select Inspection" classname="Test Cases/Generic/Select Inspection" status="PASSED">
         <system-out><![CDATA[2019-01-15 16:50:09 - [TEST_CASE][PASSED] - Test Cases/Generic/Select Inspection: Test Cases/Generic/Select Inspection

2019-01-15 16:50:10 - [TEST_STEP][PASSED] - delay(20): Delayed 20 second(s)

2019-01-15 16:50:30 - [MESSAGE][PASSED] - Delayed 20 second(s)

2019-01-15 16:50:30 - [TEST_STEP][PASSED] - waitForElementClickable(findTestObject("JM_8918/Page_JM Control Centre/Page_JM Control Centre/Page_JClient/Refresh"), 250): Object 'Object Repository/JM_8918/Page_JM Control Centre/Page_JM Control Centre/Page_JClient/Refresh' is clickable

2019-01-15 16:50:30 - [MESSAGE][PASSED] - Object 'Object Repository/JM_8918/Page_JM Control Centre/Page_JM Control Centre/Page_JClient/Refresh' is clickable

2019-01-15 16:50:30 - [TEST_STEP][PASSED] - click(findTestObject("JM_8918/Page_JM Control Centre/Page_JM Control Centre/Page_JClient/Refresh")): Object: 'Object Repository/JM_8918/Page_JM Control Centre/Page_JM Control Centre/Page_JClient/Refresh' is clicked on

2019-01-15 16:50:30 - [MESSAGE][PASSED] - Object: 'Object Repository/JM_8918/Page_JM Control Centre/Page_JM Control Centre/Page_JClient/Refresh' is clicked on

2019-01-15 16:50:30 - [TEST_STEP][PASSED] - waitForElementClickable(findTestObject("JM_8918/Page_JM Control Centre/Page_JM Control Centre/Page_JClient/Refresh"), 250): Object 'Object Repository/JM_8918/Page_JM Control Centre/Page_JM Control Centre/Page_JClient/Refresh' is clickable

2019-01-15 16:50:30 - [MESSAGE][PASSED] - Object 'Object Repository/JM_8918/Page_JM Control Centre/Page_JM Control Centre/Page_JClient/Refresh' is clickable

2019-01-15 16:50:30 - [TEST_STEP][PASSED] - InspectionRef = modifyObjectProperty(findTestObject("FSM1/Select Inspection/Landing/Page_JClient/div_35098"), "text", "equals", temp, true, STOP_ON_FAILURE): Modify property of object successfully

2019-01-15 16:50:30 - [MESSAGE][PASSED] - Modify property of object successfully

2019-01-15 16:50:30 - [TEST_STEP][PASSED] - delay(5): Delayed 5 second(s)

2019-01-15 16:50:35 - [MESSAGE][PASSED] - Delayed 5 second(s)

2019-01-15 16:50:35 - [TEST_STEP][PASSED] - if (verifyElementPresent(InspectionRef, 10, OPTIONAL)): Object: 'Object Repository/FSM1/Select Inspection/Landing/Page_JClient/div_35098' is clicked on

2019-01-15 16:50:35 - [MESSAGE][PASSED] - Object 'Object Repository/FSM1/Select Inspection/Landing/Page_JClient/div_35098' is present

2019-01-15 16:50:35 - [TEST_STEP][PASSED] - delay(3): Delayed 3 second(s)

2019-01-15 16:50:39 - [MESSAGE][PASSED] - Delayed 3 second(s)

2019-01-15 16:50:39 - [TEST_STEP][PASSED] - click(InspectionRef): Object: 'Object Repository/FSM1/Select Inspection/Landing/Page_JClient/div_35098' is clicked on

2019-01-15 16:50:39 - [MESSAGE][PASSED] - Object: 'Object Repository/FSM1/Select Inspection/Landing/Page_JClient/div_35098' is clicked on

2019-01-15 16:50:39 - [TEST_STEP][PASSED] - click(findTestObject("FSM1/Select Inspection/Page_JClient/div_WITH OPERATIVE")): Object: 'Object Repository/FSM1/Select Inspection/Page_JClient/div_WITH OPERATIVE' is clicked on

2019-01-15 16:50:39 - [MESSAGE][PASSED] - Object: 'Object Repository/FSM1/Select Inspection/Page_JClient/div_WITH OPERATIVE' is clicked on

2019-01-15 16:50:39 - [TEST_STEP][PASSED] - delay(2): Delayed 2 second(s)

2019-01-15 16:50:41 - [MESSAGE][PASSED] - Delayed 2 second(s)

2019-01-15 16:50:41 - [TEST_STEP][PASSED] - click(findTestObject("FSM1/Select Inspection/Page_JClient/div_TRAVELLING")): Object: 'Object Repository/FSM1/Select Inspection/Page_JClient/div_TRAVELLING' is clicked on

2019-01-15 16:50:41 - [MESSAGE][PASSED] - Object: 'Object Repository/FSM1/Select Inspection/Page_JClient/div_TRAVELLING' is clicked on

2019-01-15 16:50:41 - [TEST_STEP][PASSED] - delay(2): Delayed 2 second(s)

2019-01-15 16:50:43 - [MESSAGE][PASSED] - Delayed 2 second(s)

2019-01-15 16:50:43 - [TEST_STEP][PASSED] - click(findTestObject("FSM1/Select Inspection/Page_JClient/div_TRAVELLING")): Object: 'Object Repository/FSM1/Select Inspection/Page_JClient/div_TRAVELLING' is clicked on

2019-01-15 16:50:43 - [MESSAGE][PASSED] - Object: 'Object Repository/FSM1/Select Inspection/Page_JClient/div_TRAVELLING' is clicked on

2019-01-15 16:50:43 - [TEST_STEP][PASSED] - delay(2): Delayed 2 second(s)

2019-01-15 16:50:45 - [MESSAGE][PASSED] - Delayed 2 second(s)

2019-01-15 16:50:45 - [TEST_STEP][PASSED] - click(findTestObject("FSM1/Select Inspection/Page_JClient/div_ARRIVED")): Object: 'Object Repository/FSM1/Select Inspection/Page_JClient/div_ARRIVED' is clicked on

2019-01-15 16:50:46 - [MESSAGE][PASSED] - Object: 'Object Repository/FSM1/Select Inspection/Page_JClient/div_ARRIVED' is clicked on

2019-01-15 16:50:46 - [TEST_STEP][PASSED] - delay(2): Delayed 2 second(s)

2019-01-15 16:50:48 - [MESSAGE][PASSED] - Delayed 2 second(s)

2019-01-15 16:50:48 - [TEST_STEP][PASSED] - click(findTestObject("FSM1/Select Inspection/Page_JClient/div_ARRIVED")): Object: 'Object Repository/FSM1/Select Inspection/Page_JClient/div_ARRIVED' is clicked on

2019-01-15 16:50:48 - [MESSAGE][PASSED] - Object: 'Object Repository/FSM1/Select Inspection/Page_JClient/div_ARRIVED' is clicked on

2019-01-15 16:50:48 - [TEST_STEP][PASSED] - delay(4): Delayed 4 second(s)

2019-01-15 16:50:52 - [MESSAGE][PASSED] - Delayed 4 second(s)

2019-01-15 16:50:52 - [TEST_STEP][PASSED] - click(findTestObject("FSM1/Select Inspection/Page_JClient/div_STARTED")): Object: 'Object Repository/FSM1/Select Inspection/Page_JClient/div_STARTED' is clicked on

2019-01-15 16:50:52 - [MESSAGE][PASSED] - Object: 'Object Repository/FSM1/Select Inspection/Page_JClient/div_STARTED' is clicked on

2019-01-15 16:50:52 - [TEST_STEP][PASSED] - delay(2): Delayed 2 second(s)

2019-01-15 16:50:54 - [MESSAGE][PASSED] - Delayed 2 second(s)]]></system-out>
         <system-err><![CDATA[]]></system-err>
      </testcase>
      <testcase name="Test Cases/ABP/Generic/Complete ABP Inspection - Section A - 01a, 03a, 04a, 07a, 09a, 22" classname="Test Cases/ABP/Generic/Complete ABP Inspection - Section A - 01a, 03a, 04a, 07a, 09a, 22" status="PASSED">
         <system-out><![CDATA[2019-01-15 16:50:54 - [TEST_CASE][PASSED] - Test Cases/ABP/Generic/Complete ABP Inspection - Section A - 01a, 03a, 04a, 07a, 09a, 22: Test Cases/ABP/Generic/Complete ABP Inspection - Section A - 01a, 03a, 04a, 07a, 09a, 22

2019-01-15 16:50:54 - [TEST_STEP][PASSED] - click(findTestObject("Object Repository/FSM1/Complete ABP Inspection/Section A/Page_JClient/div_Section A Summary of Inspe")): Object: 'Object Repository/FSM1/Complete ABP Inspection/Section A/Page_JClient/div_Section A Summary of Inspe' is clicked on

2019-01-15 16:50:54 - [MESSAGE][PASSED] - Object: 'Object Repository/FSM1/Complete ABP Inspection/Section A/Page_JClient/div_Section A Summary of Inspe' is clicked on

2019-01-15 16:50:54 - [TEST_STEP][PASSED] - delay(5): Delayed 5 second(s)

2019-01-15 16:50:59 - [MESSAGE][PASSED] - Delayed 5 second(s)

2019-01-15 16:50:59 - [TEST_STEP][PASSED] - setText(findTestObject("Object Repository/FSM1/Complete ABP Inspection/Section A/Page_JClient/input_County Parish Holding (C"), "11/222/3333"): Text '11/222/3333' is set on object 'Object Repository/FSM1/Complete ABP Inspection/Section A/Page_JClient/input_County Parish Holding (C'

2019-01-15 16:51:00 - [MESSAGE][PASSED] - Text '11/222/3333' is set on object 'Object Repository/FSM1/Complete ABP Inspection/Section A/Page_JClient/input_County Parish Holding (C'

2019-01-15 16:51:00 - [TEST_STEP][PASSED] - delay(1): Delayed 1 second(s)

2019-01-15 16:51:01 - [MESSAGE][PASSED] - Delayed 1 second(s)

2019-01-15 16:51:01 - [TEST_STEP][PASSED] - click(findTestObject("Object Repository/FSM1/Complete ABP Inspection/Section A/Page_JClient/span_No")): Object: 'Object Repository/FSM1/Complete ABP Inspection/Section A/Page_JClient/span_No' is clicked on

2019-01-15 16:51:01 - [MESSAGE][PASSED] - Object: 'Object Repository/FSM1/Complete ABP Inspection/Section A/Page_JClient/span_No' is clicked on

2019-01-15 16:51:01 - [TEST_STEP][PASSED] - click(findTestObject("Object Repository/FSM1/Complete ABP Inspection/Section A/Page_JClient/span_Yes")): Object: 'Object Repository/FSM1/Complete ABP Inspection/Section A/Page_JClient/span_Yes' is clicked on

2019-01-15 16:51:01 - [MESSAGE][PASSED] - Object: 'Object Repository/FSM1/Complete ABP Inspection/Section A/Page_JClient/span_Yes' is clicked on

2019-01-15 16:51:01 - [TEST_STEP][PASSED] - setText(findTestObject("Object Repository/FSM1/Complete ABP Inspection/Section A/Page_JClient/input_Updated Customer Name_gw"), "Test Automation"): Text 'Test Automation' is set on object 'Object Repository/FSM1/Complete ABP Inspection/Section A/Page_JClient/input_Updated Customer Name_gw'

2019-01-15 16:51:01 - [MESSAGE][PASSED] - Text 'Test Automation' is set on object 'Object Repository/FSM1/Complete ABP Inspection/Section A/Page_JClient/input_Updated Customer Name_gw'

2019-01-15 16:51:01 - [TEST_STEP][PASSED] - setText(findTestObject("Object Repository/FSM1/Complete ABP Inspection/Section A/Page_JClient/input_Updated Customer Phone_g"), "07812664043"): Text '07812664043' is set on object 'Object Repository/FSM1/Complete ABP Inspection/Section A/Page_JClient/input_Updated Customer Phone_g'

2019-01-15 16:51:02 - [MESSAGE][PASSED] - Text '07812664043' is set on object 'Object Repository/FSM1/Complete ABP Inspection/Section A/Page_JClient/input_Updated Customer Phone_g'

2019-01-15 16:51:02 - [TEST_STEP][PASSED] - setText(findTestObject("Object Repository/FSM1/Complete ABP Inspection/Section A/Page_JClient/input_Updated Customer Email_g"), "updated@gmail.com"): Text 'updated@gmail.com' is set on object 'Object Repository/FSM1/Complete ABP Inspection/Section A/Page_JClient/input_Updated Customer Email_g'

2019-01-15 16:51:02 - [MESSAGE][PASSED] - Text 'updated@gmail.com' is set on object 'Object Repository/FSM1/Complete ABP Inspection/Section A/Page_JClient/input_Updated Customer Email_g'

2019-01-15 16:51:02 - [TEST_STEP][PASSED] - click(findTestObject("Object Repository/FSM1/Complete ABP Inspection/Section A/Page_JClient/span_Yes_1")): Object: 'Object Repository/FSM1/Complete ABP Inspection/Section A/Page_JClient/span_Yes_1' is clicked on

2019-01-15 16:51:02 - [MESSAGE][PASSED] - Object: 'Object Repository/FSM1/Complete ABP Inspection/Section A/Page_JClient/span_Yes_1' is clicked on

2019-01-15 16:51:02 - [TEST_STEP][PASSED] - setText(findTestObject("Object Repository/FSM1/Complete ABP Inspection/Section A/Page_JClient/input_Updated Operator Name_gw"), "Test Automation"): Text 'Test Automation' is set on object 'Object Repository/FSM1/Complete ABP Inspection/Section A/Page_JClient/input_Updated Operator Name_gw'

2019-01-15 16:51:02 - [MESSAGE][PASSED] - Text 'Test Automation' is set on object 'Object Repository/FSM1/Complete ABP Inspection/Section A/Page_JClient/input_Updated Operator Name_gw'

2019-01-15 16:51:02 - [TEST_STEP][PASSED] - setText(findTestObject("Object Repository/FSM1/Complete ABP Inspection/Section A/Page_JClient/textarea_Updated Operator Addr"), "Test Automation"): Text 'Test Automation' is set on object 'Object Repository/FSM1/Complete ABP Inspection/Section A/Page_JClient/textarea_Updated Operator Addr'

2019-01-15 16:51:03 - [MESSAGE][PASSED] - Text 'Test Automation' is set on object 'Object Repository/FSM1/Complete ABP Inspection/Section A/Page_JClient/textarea_Updated Operator Addr'

2019-01-15 16:51:03 - [TEST_STEP][PASSED] - setText(findTestObject("Object Repository/FSM1/Complete ABP Inspection/Section A/Page_JClient/input_Updated Operator Postcod"), "B93 0HN"): Text 'B93 0HN' is set on object 'Object Repository/FSM1/Complete ABP Inspection/Section A/Page_JClient/input_Updated Operator Postcod'

2019-01-15 16:51:03 - [MESSAGE][PASSED] - Text 'B93 0HN' is set on object 'Object Repository/FSM1/Complete ABP Inspection/Section A/Page_JClient/input_Updated Operator Postcod'

2019-01-15 16:51:03 - [TEST_STEP][PASSED] - setText(findTestObject("Object Repository/FSM1/Complete ABP Inspection/Section A/Page_JClient/input_Updated Operator Phone_g"), "07812664043"): Text '07812664043' is set on object 'Object Repository/FSM1/Complete ABP Inspection/Section A/Page_JClient/input_Updated Operator Phone_g'

2019-01-15 16:51:03 - [MESSAGE][PASSED] - Text '07812664043' is set on object 'Object Repository/FSM1/Complete ABP Inspection/Section A/Page_JClient/input_Updated Operator Phone_g'

2019-01-15 16:51:03 - [TEST_STEP][PASSED] - setText(findTestObject("Object Repository/FSM1/Complete ABP Inspection/Section A/Page_JClient/input_Updated Operator Email_g"), "updated@gmail.com"): Text 'updated@gmail.com' is set on object 'Object Repository/FSM1/Complete ABP Inspection/Section A/Page_JClient/input_Updated Operator Email_g'

2019-01-15 16:51:03 - [MESSAGE][PASSED] - Text 'updated@gmail.com' is set on object 'Object Repository/FSM1/Complete ABP Inspection/Section A/Page_JClient/input_Updated Operator Email_g'

2019-01-15 16:51:03 - [TEST_STEP][PASSED] - click(findTestObject("Object Repository/FSM1/Complete ABP Inspection/Section A/Page_JClient/span_Yes_2")): Object: 'Object Repository/FSM1/Complete ABP Inspection/Section A/Page_JClient/span_Yes_2' is clicked on

2019-01-15 16:51:03 - [MESSAGE][PASSED] - Object: 'Object Repository/FSM1/Complete ABP Inspection/Section A/Page_JClient/span_Yes_2' is clicked on

2019-01-15 16:51:03 - [TEST_STEP][PASSED] - click(findTestObject("Object Repository/FSM1/Complete ABP Inspection/Section A/Page_JClient/label_LA Trading Standards")): Object: 'Object Repository/FSM1/Complete ABP Inspection/Section A/Page_JClient/label_LA Trading Standards' is clicked on

2019-01-15 16:51:03 - [MESSAGE][PASSED] - Object: 'Object Repository/FSM1/Complete ABP Inspection/Section A/Page_JClient/label_LA Trading Standards' is clicked on

2019-01-15 16:51:03 - [TEST_STEP][PASSED] - click(findTestObject("Object Repository/FSM1/Complete ABP Inspection/Section A/Page_JClient/label_LA Environment Health")): Object: 'Object Repository/FSM1/Complete ABP Inspection/Section A/Page_JClient/label_LA Environment Health' is clicked on

2019-01-15 16:51:03 - [MESSAGE][PASSED] - Object: 'Object Repository/FSM1/Complete ABP Inspection/Section A/Page_JClient/label_LA Environment Health' is clicked on

2019-01-15 16:51:03 - [TEST_STEP][PASSED] - click(findTestObject("Object Repository/FSM1/Complete ABP Inspection/Section A/Page_JClient/label_Other non-DEFRA")): Object: 'Object Repository/FSM1/Complete ABP Inspection/Section A/Page_JClient/label_Other non-DEFRA' is clicked on

2019-01-15 16:51:04 - [MESSAGE][PASSED] - Object: 'Object Repository/FSM1/Complete ABP Inspection/Section A/Page_JClient/label_Other non-DEFRA' is clicked on

2019-01-15 16:51:04 - [TEST_STEP][PASSED] - delay(2): Delayed 2 second(s)

2019-01-15 16:51:06 - [MESSAGE][PASSED] - Delayed 2 second(s)

2019-01-15 16:51:06 - [TEST_STEP][PASSED] - click(findTestObject("Object Repository/FSM1/Complete ABP Inspection/Section A/Page_JClient/span_Yes_3")): Object: 'Object Repository/FSM1/Complete ABP Inspection/Section A/Page_JClient/span_Yes_3' is clicked on

2019-01-15 16:51:06 - [MESSAGE][PASSED] - Object: 'Object Repository/FSM1/Complete ABP Inspection/Section A/Page_JClient/span_Yes_3' is clicked on

2019-01-15 16:51:06 - [TEST_STEP][PASSED] - delay(2): Delayed 2 second(s)

2019-01-15 16:51:08 - [MESSAGE][PASSED] - Delayed 2 second(s)

2019-01-15 16:51:08 - [TEST_STEP][PASSED] - setText(findTestObject("Object Repository/FSM1/Complete ABP Inspection/Section A/Page_JClient/input_Name of plant representa"), "Test Automation"): Text 'Test Automation' is set on object 'Object Repository/FSM1/Complete ABP Inspection/Section A/Page_JClient/input_Name of plant representa'

2019-01-15 16:51:08 - [MESSAGE][PASSED] - Text 'Test Automation' is set on object 'Object Repository/FSM1/Complete ABP Inspection/Section A/Page_JClient/input_Name of plant representa'

2019-01-15 16:51:08 - [TEST_STEP][PASSED] - setText(findTestObject("Object Repository/FSM1/Complete ABP Inspection/Section A/Page_JClient/textarea_Issues raised at last"), "Test Automation"): Text 'Test Automation' is set on object 'Object Repository/FSM1/Complete ABP Inspection/Section A/Page_JClient/textarea_Issues raised at last'

2019-01-15 16:51:08 - [MESSAGE][PASSED] - Text 'Test Automation' is set on object 'Object Repository/FSM1/Complete ABP Inspection/Section A/Page_JClient/textarea_Issues raised at last'

2019-01-15 16:51:08 - [TEST_STEP][PASSED] - selectOptionByValue(findTestObject("Object Repository/FSM1/Complete ABP Inspection/Section A/Page_JClient/select_SatisfactoryUnsatisfact_1"), "S", true): All options with value 'S' are selected in object 'Object Repository/FSM1/Complete ABP Inspection/Section A/Page_JClient/select_SatisfactoryUnsatisfact_1'  using regular expression

2019-01-15 16:51:08 - [MESSAGE][PASSED] - All options with value 'S' are selected in object 'Object Repository/FSM1/Complete ABP Inspection/Section A/Page_JClient/select_SatisfactoryUnsatisfact_1'  using regular expression

2019-01-15 16:51:08 - [TEST_STEP][PASSED] - selectOptionByValue(findTestObject("Object Repository/FSM1/Complete ABP Inspection/Section A/Page_JClient/select_SatisfactoryUnsatisfact_2"), "S", true): All options with value 'S' are selected in object 'Object Repository/FSM1/Complete ABP Inspection/Section A/Page_JClient/select_SatisfactoryUnsatisfact_2'  using regular expression

2019-01-15 16:51:09 - [MESSAGE][PASSED] - All options with value 'S' are selected in object 'Object Repository/FSM1/Complete ABP Inspection/Section A/Page_JClient/select_SatisfactoryUnsatisfact_2'  using regular expression

2019-01-15 16:51:09 - [TEST_STEP][PASSED] - selectOptionByValue(findTestObject("Object Repository/FSM1/Complete ABP Inspection/Section A/Page_JClient/select_SatisfactoryUnsatisfact_3"), "S", true): All options with value 'S' are selected in object 'Object Repository/FSM1/Complete ABP Inspection/Section A/Page_JClient/select_SatisfactoryUnsatisfact_3'  using regular expression

2019-01-15 16:51:09 - [MESSAGE][PASSED] - All options with value 'S' are selected in object 'Object Repository/FSM1/Complete ABP Inspection/Section A/Page_JClient/select_SatisfactoryUnsatisfact_3'  using regular expression

2019-01-15 16:51:09 - [TEST_STEP][PASSED] - selectOptionByValue(findTestObject("Object Repository/FSM1/Complete ABP Inspection/Section A/Page_JClient/select_SatisfactoryUnsatisfact_4"), "S", true): All options with value 'S' are selected in object 'Object Repository/FSM1/Complete ABP Inspection/Section A/Page_JClient/select_SatisfactoryUnsatisfact_4'  using regular expression

2019-01-15 16:51:09 - [MESSAGE][PASSED] - All options with value 'S' are selected in object 'Object Repository/FSM1/Complete ABP Inspection/Section A/Page_JClient/select_SatisfactoryUnsatisfact_4'  using regular expression

2019-01-15 16:51:09 - [TEST_STEP][PASSED] - setText(findTestObject("Object Repository/FSM1/Complete ABP Inspection/Section A/Page_JClient/textarea_General Visit Comment"), "Test Automation"): Text 'Test Automation' is set on object 'Object Repository/FSM1/Complete ABP Inspection/Section A/Page_JClient/textarea_General Visit Comment'

2019-01-15 16:51:09 - [MESSAGE][PASSED] - Text 'Test Automation' is set on object 'Object Repository/FSM1/Complete ABP Inspection/Section A/Page_JClient/textarea_General Visit Comment'

2019-01-15 16:51:09 - [TEST_STEP][PASSED] - click(findTestObject("Object Repository/FSM1/Complete ABP Inspection/Section A/Page_JClient/span_No_1")): Object: 'Object Repository/FSM1/Complete ABP Inspection/Section A/Page_JClient/span_No_1' is clicked on

2019-01-15 16:51:09 - [MESSAGE][PASSED] - Object: 'Object Repository/FSM1/Complete ABP Inspection/Section A/Page_JClient/span_No_1' is clicked on

2019-01-15 16:51:09 - [TEST_STEP][PASSED] - click(findTestObject("Object Repository/FSM1/Complete ABP Inspection/Section A/Page_JClient/span_No_2")): Object: 'Object Repository/FSM1/Complete ABP Inspection/Section A/Page_JClient/span_No_2' is clicked on

2019-01-15 16:51:10 - [MESSAGE][PASSED] - Object: 'Object Repository/FSM1/Complete ABP Inspection/Section A/Page_JClient/span_No_2' is clicked on

2019-01-15 16:51:10 - [TEST_STEP][PASSED] - delay(2): Delayed 2 second(s)

2019-01-15 16:51:12 - [MESSAGE][PASSED] - Delayed 2 second(s)

2019-01-15 16:51:12 - [TEST_STEP][PASSED] - if (verifyElementPresent(findTestObject("Object Repository/FSM1/Complete ABP Inspection/Section A/Page_JClient/span_No_3"), 5, OPTIONAL)): Object: 'Object Repository/FSM1/Complete ABP Inspection/Section A/Page_JClient/span_No_3' is clicked on

2019-01-15 16:51:12 - [MESSAGE][PASSED] - Object 'Object Repository/FSM1/Complete ABP Inspection/Section A/Page_JClient/span_No_3' is present

2019-01-15 16:51:12 - [TEST_STEP][PASSED] - click(findTestObject("Object Repository/FSM1/Complete ABP Inspection/Section A/Page_JClient/span_No_3")): Object: 'Object Repository/FSM1/Complete ABP Inspection/Section A/Page_JClient/span_No_3' is clicked on

2019-01-15 16:51:12 - [MESSAGE][PASSED] - Object: 'Object Repository/FSM1/Complete ABP Inspection/Section A/Page_JClient/span_No_3' is clicked on

2019-01-15 16:51:12 - [TEST_STEP][PASSED] - selectOptionByValue(findTestObject("Object Repository/FSM1/Complete ABP Inspection/Section A/Page_JClient/select_(a) Continue with curre"), "Continue with current approval", true): All options with value 'Continue with current approval' are selected in object 'Object Repository/FSM1/Complete ABP Inspection/Section A/Page_JClient/select_(a) Continue with curre'  using regular expression

2019-01-15 16:51:12 - [MESSAGE][PASSED] - All options with value 'Continue with current approval' are selected in object 'Object Repository/FSM1/Complete ABP Inspection/Section A/Page_JClient/select_(a) Continue with curre'  using regular expression

2019-01-15 16:51:12 - [TEST_STEP][PASSED] - click(findTestObject("Object Repository/FSM1/Complete ABP Inspection/Section A/Page_JClient/span_No_4")): Object: 'Object Repository/FSM1/Complete ABP Inspection/Section A/Page_JClient/span_No_4' is clicked on

2019-01-15 16:51:12 - [MESSAGE][PASSED] - Object: 'Object Repository/FSM1/Complete ABP Inspection/Section A/Page_JClient/span_No_4' is clicked on

2019-01-15 16:51:12 - [TEST_STEP][PASSED] - click(findTestObject("Object Repository/FSM1/Complete ABP Inspection/Section A/Page_JClient/span_Yes_4")): Object: 'Object Repository/FSM1/Complete ABP Inspection/Section A/Page_JClient/span_Yes_4' is clicked on

2019-01-15 16:51:12 - [MESSAGE][PASSED] - Object: 'Object Repository/FSM1/Complete ABP Inspection/Section A/Page_JClient/span_Yes_4' is clicked on

2019-01-15 16:51:12 - [TEST_STEP][PASSED] - click(findTestObject("Object Repository/FSM1/Complete ABP Inspection/Section A/Page_JClient/span_Yes_5")): Object: 'Object Repository/FSM1/Complete ABP Inspection/Section A/Page_JClient/span_Yes_5' is clicked on

2019-01-15 16:51:12 - [MESSAGE][PASSED] - Object: 'Object Repository/FSM1/Complete ABP Inspection/Section A/Page_JClient/span_Yes_5' is clicked on

2019-01-15 16:51:12 - [TEST_STEP][PASSED] - setText(findTestObject("FSM1/Complete ABP Inspection/Section A/Page_JClient/NotifiedAndActions"), "Test Automation"): Text 'Test Automation' is set on object 'Object Repository/FSM1/Complete ABP Inspection/Section A/Page_JClient/NotifiedAndActions'

2019-01-15 16:51:12 - [MESSAGE][PASSED] - Text 'Test Automation' is set on object 'Object Repository/FSM1/Complete ABP Inspection/Section A/Page_JClient/NotifiedAndActions'

2019-01-15 16:51:12 - [TEST_STEP][PASSED] - click(findTestObject("Object Repository/FSM1/Complete ABP Inspection/Section A/Page_JClient/div_Save")): Object: 'Object Repository/FSM1/Complete ABP Inspection/Section A/Page_JClient/div_Save' is clicked on

2019-01-15 16:51:12 - [MESSAGE][PASSED] - Object: 'Object Repository/FSM1/Complete ABP Inspection/Section A/Page_JClient/div_Save' is clicked on

2019-01-15 16:51:13 - [TEST_STEP][PASSED] - delay(2): Delayed 2 second(s)

2019-01-15 16:51:15 - [MESSAGE][PASSED] - Delayed 2 second(s)

2019-01-15 16:51:15 - [TEST_STEP][PASSED] - verifyElementPresent(findTestObject("Object Repository/FSM1/Complete ABP Inspection/Section A/Page_JClient/div_Section A Summary of Inspe"), 2): Object 'Object Repository/FSM1/Complete ABP Inspection/Section A/Page_JClient/div_Section A Summary of Inspe' is present

2019-01-15 16:51:15 - [MESSAGE][PASSED] - Object 'Object Repository/FSM1/Complete ABP Inspection/Section A/Page_JClient/div_Section A Summary of Inspe' is present

2019-01-15 16:51:15 - [TEST_STEP][PASSED] - click(findTestObject("Object Repository/FSM1/Complete ABP Inspection/Section A/Page_JClient/div_Section A Summary of Inspe")): Object: 'Object Repository/FSM1/Complete ABP Inspection/Section A/Page_JClient/div_Section A Summary of Inspe' is clicked on

2019-01-15 16:51:15 - [MESSAGE][PASSED] - Object: 'Object Repository/FSM1/Complete ABP Inspection/Section A/Page_JClient/div_Section A Summary of Inspe' is clicked on

2019-01-15 16:51:15 - [TEST_STEP][PASSED] - delay(2): Delayed 2 second(s)

2019-01-15 16:51:17 - [MESSAGE][PASSED] - Delayed 2 second(s)

2019-01-15 16:51:17 - [TEST_STEP][PASSED] - setText(findTestObject("Object Repository/FSM1/Complete ABP Inspection/Section A/Page_JClient/input_Chargeable time (minutes"), "10"): Text '10' is set on object 'Object Repository/FSM1/Complete ABP Inspection/Section A/Page_JClient/input_Chargeable time (minutes'

2019-01-15 16:51:17 - [MESSAGE][PASSED] - Text '10' is set on object 'Object Repository/FSM1/Complete ABP Inspection/Section A/Page_JClient/input_Chargeable time (minutes'

2019-01-15 16:51:17 - [TEST_STEP][PASSED] - click(findTestObject("Object Repository/FSM1/Complete ABP Inspection/Section A/Page_JClient/div_Save")): Object: 'Object Repository/FSM1/Complete ABP Inspection/Section A/Page_JClient/div_Save' is clicked on

2019-01-15 16:51:17 - [MESSAGE][PASSED] - Object: 'Object Repository/FSM1/Complete ABP Inspection/Section A/Page_JClient/div_Save' is clicked on

2019-01-15 16:51:17 - [TEST_STEP][PASSED] - delay(2): Delayed 2 second(s)

2019-01-15 16:51:19 - [MESSAGE][PASSED] - Delayed 2 second(s)]]></system-out>
         <system-err><![CDATA[]]></system-err>
      </testcase>
      <testcase name="Test Cases/ABP/ABPR04a/Complete ABP Inspection - Section B - 04a" classname="Test Cases/ABP/ABPR04a/Complete ABP Inspection - Section B - 04a" status="PASSED">
         <system-out><![CDATA[2019-01-15 16:51:19 - [TEST_CASE][PASSED] - Test Cases/ABP/ABPR04a/Complete ABP Inspection - Section B - 04a: Test Cases/ABP/ABPR04a/Complete ABP Inspection - Section B - 04a

2019-01-15 16:51:19 - [TEST_STEP][PASSED] - click(findTestObject("Object Repository/FSM1/Create ABP Inspection/ABPR03a/Page_JClient/div_Section B Inspection Detai")): Object: 'Object Repository/FSM1/Create ABP Inspection/ABPR03a/Page_JClient/div_Section B Inspection Detai' is clicked on

2019-01-15 16:51:20 - [MESSAGE][PASSED] - Object: 'Object Repository/FSM1/Create ABP Inspection/ABPR03a/Page_JClient/div_Section B Inspection Detai' is clicked on

2019-01-15 16:51:20 - [TEST_STEP][PASSED] - delay(3): Delayed 3 second(s)

2019-01-15 16:51:23 - [MESSAGE][PASSED] - Delayed 3 second(s)

2019-01-15 16:51:23 - [TEST_STEP][PASSED] - click(findTestObject("Object Repository/FSM1/Create ABP Inspection/ABPR03a/Page_JClient/input_Structure_radio_group_1")): Object: 'Object Repository/FSM1/Create ABP Inspection/ABPR03a/Page_JClient/input_Structure_radio_group_1' is clicked on

2019-01-15 16:51:23 - [MESSAGE][PASSED] - Object: 'Object Repository/FSM1/Create ABP Inspection/ABPR03a/Page_JClient/input_Structure_radio_group_1' is clicked on

2019-01-15 16:51:23 - [TEST_STEP][PASSED] - setText(findTestObject("Object Repository/FSM1/Create ABP Inspection/ABPR03a/Page_JClient/PlantStructureChanged"), "Test automation"): Text 'Test automation' is set on object 'Object Repository/FSM1/Create ABP Inspection/ABPR03a/Page_JClient/PlantStructureChanged'

2019-01-15 16:51:23 - [MESSAGE][PASSED] - Text 'Test automation' is set on object 'Object Repository/FSM1/Create ABP Inspection/ABPR03a/Page_JClient/PlantStructureChanged'

2019-01-15 16:51:23 - [TEST_STEP][PASSED] - click(findTestObject("Object Repository/FSM1/Create ABP Inspection/ABPR03a/Page_JClient/input_Sketch Map_radio_group_2")): Object: 'Object Repository/FSM1/Create ABP Inspection/ABPR03a/Page_JClient/input_Sketch Map_radio_group_2' is clicked on

2019-01-15 16:51:23 - [MESSAGE][PASSED] - Object: 'Object Repository/FSM1/Create ABP Inspection/ABPR03a/Page_JClient/input_Sketch Map_radio_group_2' is clicked on

2019-01-15 16:51:23 - [TEST_STEP][PASSED] - click(findTestObject("Object Repository/FSM1/Create ABP Inspection/ABPR03a/Page_JClient/input_Not Checked_radio_group_")): Object: 'Object Repository/FSM1/Create ABP Inspection/ABPR03a/Page_JClient/input_Not Checked_radio_group_' is clicked on

2019-01-15 16:51:23 - [MESSAGE][PASSED] - Object: 'Object Repository/FSM1/Create ABP Inspection/ABPR03a/Page_JClient/input_Not Checked_radio_group_' is clicked on

2019-01-15 16:51:23 - [TEST_STEP][PASSED] - click(findTestObject("Object Repository/FSM1/Create ABP Inspection/ABPR03a/Page_JClient/input_Not Checked_radio_group__1")): Object: 'Object Repository/FSM1/Create ABP Inspection/ABPR03a/Page_JClient/input_Not Checked_radio_group__1' is clicked on

2019-01-15 16:51:23 - [MESSAGE][PASSED] - Object: 'Object Repository/FSM1/Create ABP Inspection/ABPR03a/Page_JClient/input_Not Checked_radio_group__1' is clicked on

2019-01-15 16:51:23 - [TEST_STEP][PASSED] - click(findTestObject("Object Repository/FSM1/Create ABP Inspection/ABPR03a/Page_JClient/input_Not Checked_radio_group__2")): Object: 'Object Repository/FSM1/Create ABP Inspection/ABPR03a/Page_JClient/input_Not Checked_radio_group__2' is clicked on

2019-01-15 16:51:23 - [MESSAGE][PASSED] - Object: 'Object Repository/FSM1/Create ABP Inspection/ABPR03a/Page_JClient/input_Not Checked_radio_group__2' is clicked on

2019-01-15 16:51:23 - [TEST_STEP][PASSED] - click(findTestObject("Object Repository/FSM1/Create ABP Inspection/ABPR03a/Page_JClient/input_Not Checked_radio_group__3")): Object: 'Object Repository/FSM1/Create ABP Inspection/ABPR03a/Page_JClient/input_Not Checked_radio_group__3' is clicked on

2019-01-15 16:51:23 - [MESSAGE][PASSED] - Object: 'Object Repository/FSM1/Create ABP Inspection/ABPR03a/Page_JClient/input_Not Checked_radio_group__3' is clicked on

2019-01-15 16:51:23 - [TEST_STEP][PASSED] - click(findTestObject("Object Repository/FSM1/Create ABP Inspection/ABPR03a/Page_JClient/input_Not Checked_radio_group__4")): Object: 'Object Repository/FSM1/Create ABP Inspection/ABPR03a/Page_JClient/input_Not Checked_radio_group__4' is clicked on

2019-01-15 16:51:24 - [MESSAGE][PASSED] - Object: 'Object Repository/FSM1/Create ABP Inspection/ABPR03a/Page_JClient/input_Not Checked_radio_group__4' is clicked on

2019-01-15 16:51:24 - [TEST_STEP][PASSED] - click(findTestObject("Object Repository/FSM1/Create ABP Inspection/ABPR03a/Page_JClient/input_Not Checked_radio_group__5")): Object: 'Object Repository/FSM1/Create ABP Inspection/ABPR03a/Page_JClient/input_Not Checked_radio_group__5' is clicked on

2019-01-15 16:51:24 - [MESSAGE][PASSED] - Object: 'Object Repository/FSM1/Create ABP Inspection/ABPR03a/Page_JClient/input_Not Checked_radio_group__5' is clicked on

2019-01-15 16:51:24 - [TEST_STEP][PASSED] - click(findTestObject("Object Repository/FSM1/Create ABP Inspection/ABPR03a/Page_JClient/input_Not Checked_radio_group__6")): Object: 'Object Repository/FSM1/Create ABP Inspection/ABPR03a/Page_JClient/input_Not Checked_radio_group__6' is clicked on

2019-01-15 16:51:24 - [MESSAGE][PASSED] - Object: 'Object Repository/FSM1/Create ABP Inspection/ABPR03a/Page_JClient/input_Not Checked_radio_group__6' is clicked on

2019-01-15 16:51:24 - [TEST_STEP][PASSED] - click(findTestObject("Object Repository/FSM1/Create ABP Inspection/ABPR03a/Page_JClient/input_Operations - Raw Materia")): Object: 'Object Repository/FSM1/Create ABP Inspection/ABPR03a/Page_JClient/input_Operations - Raw Materia' is clicked on

2019-01-15 16:51:24 - [MESSAGE][PASSED] - Object: 'Object Repository/FSM1/Create ABP Inspection/ABPR03a/Page_JClient/input_Operations - Raw Materia' is clicked on

2019-01-15 16:51:24 - [TEST_STEP][PASSED] - setText(findTestObject("Object Repository/FSM1/Create ABP Inspection/ABPR03a/Page_JClient/textarea_Indicate type quantit"), "Test automation"): Text 'Test automation' is set on object 'Object Repository/FSM1/Create ABP Inspection/ABPR03a/Page_JClient/textarea_Indicate type quantit'

2019-01-15 16:51:24 - [MESSAGE][PASSED] - Text 'Test automation' is set on object 'Object Repository/FSM1/Create ABP Inspection/ABPR03a/Page_JClient/textarea_Indicate type quantit'

2019-01-15 16:51:24 - [TEST_STEP][PASSED] - click(findTestObject("Object Repository/FSM1/Create ABP Inspection/ABPR03a/Page_JClient/input_Indicate type quantity a")): Object: 'Object Repository/FSM1/Create ABP Inspection/ABPR03a/Page_JClient/input_Indicate type quantity a' is clicked on

2019-01-15 16:51:24 - [MESSAGE][PASSED] - Object: 'Object Repository/FSM1/Create ABP Inspection/ABPR03a/Page_JClient/input_Indicate type quantity a' is clicked on

2019-01-15 16:51:24 - [TEST_STEP][PASSED] - click(findTestObject("Object Repository/FSM1/Create ABP Inspection/ABPR03a/Page_JClient/input_Not Checked_radio_group__7")): Object: 'Object Repository/FSM1/Create ABP Inspection/ABPR03a/Page_JClient/input_Not Checked_radio_group__7' is clicked on

2019-01-15 16:51:24 - [MESSAGE][PASSED] - Object: 'Object Repository/FSM1/Create ABP Inspection/ABPR03a/Page_JClient/input_Not Checked_radio_group__7' is clicked on

2019-01-15 16:51:24 - [TEST_STEP][PASSED] - click(findTestObject("Object Repository/FSM1/Create ABP Inspection/ABPR03a/Page_JClient/input_Not Checked_radio_group__8")): Object: 'Object Repository/FSM1/Create ABP Inspection/ABPR03a/Page_JClient/input_Not Checked_radio_group__8' is clicked on

2019-01-15 16:51:24 - [MESSAGE][PASSED] - Object: 'Object Repository/FSM1/Create ABP Inspection/ABPR03a/Page_JClient/input_Not Checked_radio_group__8' is clicked on

2019-01-15 16:51:24 - [TEST_STEP][PASSED] - click(findTestObject("Object Repository/FSM1/Create ABP Inspection/ABPR03a/Page_JClient/input_Not Checked_radio_group__9")): Object: 'Object Repository/FSM1/Create ABP Inspection/ABPR03a/Page_JClient/input_Not Checked_radio_group__9' is clicked on

2019-01-15 16:51:25 - [MESSAGE][PASSED] - Object: 'Object Repository/FSM1/Create ABP Inspection/ABPR03a/Page_JClient/input_Not Checked_radio_group__9' is clicked on

2019-01-15 16:51:25 - [TEST_STEP][PASSED] - setText(findTestObject("Object Repository/FSM1/Create ABP Inspection/ABPR03a/Page_JClient/textarea_Not Checked_gwt-TextA"), "Test automation"): Text 'Test automation' is set on object 'Object Repository/FSM1/Create ABP Inspection/ABPR03a/Page_JClient/textarea_Not Checked_gwt-TextA'

2019-01-15 16:51:25 - [MESSAGE][PASSED] - Text 'Test automation' is set on object 'Object Repository/FSM1/Create ABP Inspection/ABPR03a/Page_JClient/textarea_Not Checked_gwt-TextA'

2019-01-15 16:51:25 - [TEST_STEP][PASSED] - click(findTestObject("Object Repository/FSM1/Create ABP Inspection/ABPR03a/Page_JClient/input_Not Checked_radio_group__10")): Object: 'Object Repository/FSM1/Create ABP Inspection/ABPR03a/Page_JClient/input_Not Checked_radio_group__10' is clicked on

2019-01-15 16:51:25 - [MESSAGE][PASSED] - Object: 'Object Repository/FSM1/Create ABP Inspection/ABPR03a/Page_JClient/input_Not Checked_radio_group__10' is clicked on

2019-01-15 16:51:25 - [TEST_STEP][PASSED] - click(findTestObject("Object Repository/FSM1/Create ABP Inspection/ABPR03a/Page_JClient/input_Refer to Microbiological")): Object: 'Object Repository/FSM1/Create ABP Inspection/ABPR03a/Page_JClient/input_Refer to Microbiological' is clicked on

2019-01-15 16:51:25 - [MESSAGE][PASSED] - Object: 'Object Repository/FSM1/Create ABP Inspection/ABPR03a/Page_JClient/input_Refer to Microbiological' is clicked on

2019-01-15 16:51:25 - [TEST_STEP][PASSED] - click(findTestObject("Object Repository/FSM1/Create ABP Inspection/ABPR03a/Page_JClient/input_Not Checked_radio_group__11")): Object: 'Object Repository/FSM1/Create ABP Inspection/ABPR03a/Page_JClient/input_Not Checked_radio_group__11' is clicked on

2019-01-15 16:51:25 - [MESSAGE][PASSED] - Object: 'Object Repository/FSM1/Create ABP Inspection/ABPR03a/Page_JClient/input_Not Checked_radio_group__11' is clicked on

2019-01-15 16:51:25 - [TEST_STEP][PASSED] - click(findTestObject("Object Repository/FSM1/Create ABP Inspection/ABPR03a/Page_JClient/input_Not Checked_radio_group__12")): Object: 'Object Repository/FSM1/Create ABP Inspection/ABPR03a/Page_JClient/input_Not Checked_radio_group__12' is clicked on

2019-01-15 16:51:25 - [MESSAGE][PASSED] - Object: 'Object Repository/FSM1/Create ABP Inspection/ABPR03a/Page_JClient/input_Not Checked_radio_group__12' is clicked on

2019-01-15 16:51:25 - [TEST_STEP][PASSED] - click(findTestObject("Object Repository/FSM1/Create ABP Inspection/ABPR03a/Page_JClient/input_Not Checked_radio_group__13")): Object: 'Object Repository/FSM1/Create ABP Inspection/ABPR03a/Page_JClient/input_Not Checked_radio_group__13' is clicked on

2019-01-15 16:51:25 - [MESSAGE][PASSED] - Object: 'Object Repository/FSM1/Create ABP Inspection/ABPR03a/Page_JClient/input_Not Checked_radio_group__13' is clicked on

2019-01-15 16:51:25 - [TEST_STEP][PASSED] - setText(findTestObject("Object Repository/FSM1/Create ABP Inspection/ABPR03a/Page_JClient/Structure_Changed"), "Test automation"): Text 'Test automation' is set on object 'Object Repository/FSM1/Create ABP Inspection/ABPR03a/Page_JClient/Structure_Changed'

2019-01-15 16:51:25 - [MESSAGE][PASSED] - Text 'Test automation' is set on object 'Object Repository/FSM1/Create ABP Inspection/ABPR03a/Page_JClient/Structure_Changed'

2019-01-15 16:51:25 - [TEST_STEP][PASSED] - click(findTestObject("Object Repository/FSM1/Create ABP Inspection/ABPR03a/Page_JClient/input_Insert name of accredite_1")): Object: 'Object Repository/FSM1/Create ABP Inspection/ABPR03a/Page_JClient/input_Insert name of accredite_1' is clicked on

2019-01-15 16:51:25 - [MESSAGE][PASSED] - Object: 'Object Repository/FSM1/Create ABP Inspection/ABPR03a/Page_JClient/input_Insert name of accredite_1' is clicked on

2019-01-15 16:51:25 - [TEST_STEP][PASSED] - click(findTestObject("Object Repository/FSM1/Create ABP Inspection/ABPR03a/Page_JClient/input_Have samples been collec")): Object: 'Object Repository/FSM1/Create ABP Inspection/ABPR03a/Page_JClient/input_Have samples been collec' is clicked on

2019-01-15 16:51:26 - [MESSAGE][PASSED] - Object: 'Object Repository/FSM1/Create ABP Inspection/ABPR03a/Page_JClient/input_Have samples been collec' is clicked on

2019-01-15 16:51:26 - [TEST_STEP][PASSED] - click(findTestObject("Object Repository/FSM1/Create ABP Inspection/ABPR03a/Page_JClient/input_Refer to Routine Inspect")): Object: 'Object Repository/FSM1/Create ABP Inspection/ABPR03a/Page_JClient/input_Refer to Routine Inspect' is clicked on

2019-01-15 16:51:26 - [MESSAGE][PASSED] - Object: 'Object Repository/FSM1/Create ABP Inspection/ABPR03a/Page_JClient/input_Refer to Routine Inspect' is clicked on

2019-01-15 16:51:26 - [TEST_STEP][PASSED] - click(findTestObject("Object Repository/FSM1/Create ABP Inspection/ABPR03a/Page_JClient/input_Not Checked_radio_group__14")): Object: 'Object Repository/FSM1/Create ABP Inspection/ABPR03a/Page_JClient/input_Not Checked_radio_group__14' is clicked on

2019-01-15 16:51:26 - [MESSAGE][PASSED] - Object: 'Object Repository/FSM1/Create ABP Inspection/ABPR03a/Page_JClient/input_Not Checked_radio_group__14' is clicked on

2019-01-15 16:51:26 - [TEST_STEP][PASSED] - click(findTestObject("Object Repository/FSM1/Create ABP Inspection/ABPR03a/Page_JClient/input_Not Checked_radio_group__15")): Object: 'Object Repository/FSM1/Create ABP Inspection/ABPR03a/Page_JClient/input_Not Checked_radio_group__15' is clicked on

2019-01-15 16:51:26 - [MESSAGE][PASSED] - Object: 'Object Repository/FSM1/Create ABP Inspection/ABPR03a/Page_JClient/input_Not Checked_radio_group__15' is clicked on

2019-01-15 16:51:26 - [TEST_STEP][PASSED] - click(findTestObject("Object Repository/FSM1/Create ABP Inspection/ABPR03a/Page_JClient/input_Not Checked_radio_group__16")): Object: 'Object Repository/FSM1/Create ABP Inspection/ABPR03a/Page_JClient/input_Not Checked_radio_group__16' is clicked on

2019-01-15 16:51:26 - [MESSAGE][PASSED] - Object: 'Object Repository/FSM1/Create ABP Inspection/ABPR03a/Page_JClient/input_Not Checked_radio_group__16' is clicked on

2019-01-15 16:51:26 - [TEST_STEP][PASSED] - click(findTestObject("Object Repository/FSM1/Create ABP Inspection/ABPR03a/Page_JClient/input_Not Checked_radio_group__17")): Object: 'Object Repository/FSM1/Create ABP Inspection/ABPR03a/Page_JClient/input_Not Checked_radio_group__17' is clicked on

2019-01-15 16:51:26 - [MESSAGE][PASSED] - Object: 'Object Repository/FSM1/Create ABP Inspection/ABPR03a/Page_JClient/input_Not Checked_radio_group__17' is clicked on

2019-01-15 16:51:26 - [TEST_STEP][PASSED] - click(findTestObject("Object Repository/FSM1/Create ABP Inspection/ABPR03a/Page_JClient/input_Not Checked_radio_group__18")): Object: 'Object Repository/FSM1/Create ABP Inspection/ABPR03a/Page_JClient/input_Not Checked_radio_group__18' is clicked on

2019-01-15 16:51:26 - [MESSAGE][PASSED] - Object: 'Object Repository/FSM1/Create ABP Inspection/ABPR03a/Page_JClient/input_Not Checked_radio_group__18' is clicked on

2019-01-15 16:51:26 - [TEST_STEP][PASSED] - click(findTestObject("Object Repository/FSM1/Create ABP Inspection/ABPR03a/Page_JClient/input_Maintained in a clean co")): Object: 'Object Repository/FSM1/Create ABP Inspection/ABPR03a/Page_JClient/input_Maintained in a clean co' is clicked on

2019-01-15 16:51:26 - [MESSAGE][PASSED] - Object: 'Object Repository/FSM1/Create ABP Inspection/ABPR03a/Page_JClient/input_Maintained in a clean co' is clicked on

2019-01-15 16:51:26 - [TEST_STEP][PASSED] - click(findTestObject("Object Repository/FSM1/Create ABP Inspection/ABPR03a/Page_JClient/input_Clean and dry before use")): Object: 'Object Repository/FSM1/Create ABP Inspection/ABPR03a/Page_JClient/input_Clean and dry before use' is clicked on

2019-01-15 16:51:26 - [MESSAGE][PASSED] - Object: 'Object Repository/FSM1/Create ABP Inspection/ABPR03a/Page_JClient/input_Clean and dry before use' is clicked on

2019-01-15 16:51:26 - [TEST_STEP][PASSED] - click(findTestObject("Object Repository/FSM1/Create ABP Inspection/ABPR03a/Page_JClient/input_Not Checked_radio_group__19")): Object: 'Object Repository/FSM1/Create ABP Inspection/ABPR03a/Page_JClient/input_Not Checked_radio_group__19' is clicked on

2019-01-15 16:51:26 - [MESSAGE][PASSED] - Object: 'Object Repository/FSM1/Create ABP Inspection/ABPR03a/Page_JClient/input_Not Checked_radio_group__19' is clicked on

2019-01-15 16:51:26 - [TEST_STEP][PASSED] - click(findTestObject("Object Repository/FSM1/Create ABP Inspection/ABPR03a/Page_JClient/input_Not Checked_radio_group__20")): Object: 'Object Repository/FSM1/Create ABP Inspection/ABPR03a/Page_JClient/input_Not Checked_radio_group__20' is clicked on

2019-01-15 16:51:26 - [MESSAGE][PASSED] - Object: 'Object Repository/FSM1/Create ABP Inspection/ABPR03a/Page_JClient/input_Not Checked_radio_group__20' is clicked on

2019-01-15 16:51:26 - [TEST_STEP][PASSED] - click(findTestObject("Object Repository/FSM1/Create ABP Inspection/ABPR03a/Page_JClient/input_Disposal Checks_radio_gr")): Object: 'Object Repository/FSM1/Create ABP Inspection/ABPR03a/Page_JClient/input_Disposal Checks_radio_gr' is clicked on

2019-01-15 16:51:27 - [MESSAGE][PASSED] - Object: 'Object Repository/FSM1/Create ABP Inspection/ABPR03a/Page_JClient/input_Disposal Checks_radio_gr' is clicked on

2019-01-15 16:51:27 - [TEST_STEP][PASSED] - click(findTestObject("Object Repository/FSM1/Create ABP Inspection/ABPR03a/Page_JClient/input_Not Checked_radio_group__21")): Object: 'Object Repository/FSM1/Create ABP Inspection/ABPR03a/Page_JClient/input_Not Checked_radio_group__21' is clicked on

2019-01-15 16:51:27 - [MESSAGE][PASSED] - Object: 'Object Repository/FSM1/Create ABP Inspection/ABPR03a/Page_JClient/input_Not Checked_radio_group__21' is clicked on

2019-01-15 16:51:27 - [TEST_STEP][PASSED] - setText(findTestObject("Object Repository/FSM1/Create ABP Inspection/ABPR03a/Page_JClient/Inspect_Records"), "Test automation"): Text 'Test automation' is set on object 'Object Repository/FSM1/Create ABP Inspection/ABPR03a/Page_JClient/Inspect_Records'

2019-01-15 16:51:27 - [MESSAGE][PASSED] - Text 'Test automation' is set on object 'Object Repository/FSM1/Create ABP Inspection/ABPR03a/Page_JClient/Inspect_Records'

2019-01-15 16:51:27 - [TEST_STEP][PASSED] - click(findTestObject("Object Repository/FSM1/Create ABP Inspection/ABPR03a/Page_JClient/input_Records_radio_group_34")): Object: 'Object Repository/FSM1/Create ABP Inspection/ABPR03a/Page_JClient/input_Records_radio_group_34' is clicked on

2019-01-15 16:51:27 - [MESSAGE][PASSED] - Object: 'Object Repository/FSM1/Create ABP Inspection/ABPR03a/Page_JClient/input_Records_radio_group_34' is clicked on

2019-01-15 16:51:27 - [TEST_STEP][PASSED] - click(findTestObject("Object Repository/FSM1/Create ABP Inspection/ABPR03a/Page_JClient/input_Please give reason that")): Object: 'Object Repository/FSM1/Create ABP Inspection/ABPR03a/Page_JClient/input_Please give reason that' is clicked on

2019-01-15 16:51:27 - [MESSAGE][PASSED] - Object: 'Object Repository/FSM1/Create ABP Inspection/ABPR03a/Page_JClient/input_Please give reason that' is clicked on

2019-01-15 16:51:27 - [TEST_STEP][PASSED] - click(findTestObject("Object Repository/FSM1/Create ABP Inspection/ABPR03a/Page_JClient/input_Not Checked_radio_group__22")): Object: 'Object Repository/FSM1/Create ABP Inspection/ABPR03a/Page_JClient/input_Not Checked_radio_group__22' is clicked on

2019-01-15 16:51:27 - [MESSAGE][PASSED] - Object: 'Object Repository/FSM1/Create ABP Inspection/ABPR03a/Page_JClient/input_Not Checked_radio_group__22' is clicked on

2019-01-15 16:51:27 - [TEST_STEP][PASSED] - click(findTestObject("Object Repository/FSM1/Create ABP Inspection/ABPR03a/Page_JClient/input_Not Checked_radio_group__23")): Object: 'Object Repository/FSM1/Create ABP Inspection/ABPR03a/Page_JClient/input_Not Checked_radio_group__23' is clicked on

2019-01-15 16:51:27 - [MESSAGE][PASSED] - Object: 'Object Repository/FSM1/Create ABP Inspection/ABPR03a/Page_JClient/input_Not Checked_radio_group__23' is clicked on

2019-01-15 16:51:27 - [TEST_STEP][PASSED] - click(findTestObject("Object Repository/FSM1/Create ABP Inspection/ABPR03a/Page_JClient/input_ABP category of material")): Object: 'Object Repository/FSM1/Create ABP Inspection/ABPR03a/Page_JClient/input_ABP category of material' is clicked on

2019-01-15 16:51:27 - [MESSAGE][PASSED] - Object: 'Object Repository/FSM1/Create ABP Inspection/ABPR03a/Page_JClient/input_ABP category of material' is clicked on

2019-01-15 16:51:27 - [TEST_STEP][PASSED] - click(findTestObject("Object Repository/FSM1/Create ABP Inspection/ABPR03a/Page_JClient/input_Volume of material (weig")): Object: 'Object Repository/FSM1/Create ABP Inspection/ABPR03a/Page_JClient/input_Volume of material (weig' is clicked on

2019-01-15 16:51:27 - [MESSAGE][PASSED] - Object: 'Object Repository/FSM1/Create ABP Inspection/ABPR03a/Page_JClient/input_Volume of material (weig' is clicked on

2019-01-15 16:51:27 - [TEST_STEP][PASSED] - click(findTestObject("Object Repository/FSM1/Create ABP Inspection/ABPR03a/Page_JClient/input_No_radio_group_40")): Object: 'Object Repository/FSM1/Create ABP Inspection/ABPR03a/Page_JClient/input_No_radio_group_40' is clicked on

2019-01-15 16:51:27 - [MESSAGE][PASSED] - Object: 'Object Repository/FSM1/Create ABP Inspection/ABPR03a/Page_JClient/input_No_radio_group_40' is clicked on

2019-01-15 16:51:27 - [TEST_STEP][PASSED] - click(findTestObject("Object Repository/FSM1/Create ABP Inspection/ABPR03a/Page_JClient/input_Name address and registr")): Object: 'Object Repository/FSM1/Create ABP Inspection/ABPR03a/Page_JClient/input_Name address and registr' is clicked on

2019-01-15 16:51:28 - [MESSAGE][PASSED] - Object: 'Object Repository/FSM1/Create ABP Inspection/ABPR03a/Page_JClient/input_Name address and registr' is clicked on

2019-01-15 16:51:28 - [TEST_STEP][PASSED] - click(findTestObject("Object Repository/FSM1/Create ABP Inspection/ABPR03a/Page_JClient/input_No_radio_group_42")): Object: 'Object Repository/FSM1/Create ABP Inspection/ABPR03a/Page_JClient/input_No_radio_group_42' is clicked on

2019-01-15 16:51:28 - [MESSAGE][PASSED] - Object: 'Object Repository/FSM1/Create ABP Inspection/ABPR03a/Page_JClient/input_No_radio_group_42' is clicked on

2019-01-15 16:51:28 - [TEST_STEP][PASSED] - click(findTestObject("Object Repository/FSM1/Create ABP Inspection/ABPR03a/Page_JClient/input_No_radio_group_43")): Object: 'Object Repository/FSM1/Create ABP Inspection/ABPR03a/Page_JClient/input_No_radio_group_43' is clicked on

2019-01-15 16:51:28 - [MESSAGE][PASSED] - Object: 'Object Repository/FSM1/Create ABP Inspection/ABPR03a/Page_JClient/input_No_radio_group_43' is clicked on

2019-01-15 16:51:28 - [TEST_STEP][PASSED] - click(findTestObject("Object Repository/FSM1/Create ABP Inspection/ABPR03a/Page_JClient/input_Na_radio_group_44")): Object: 'Object Repository/FSM1/Create ABP Inspection/ABPR03a/Page_JClient/input_Na_radio_group_44' is clicked on

2019-01-15 16:51:28 - [MESSAGE][PASSED] - Object: 'Object Repository/FSM1/Create ABP Inspection/ABPR03a/Page_JClient/input_Na_radio_group_44' is clicked on

2019-01-15 16:51:28 - [TEST_STEP][PASSED] - click(findTestObject("Object Repository/FSM1/Create ABP Inspection/ABPR03a/Page_JClient/input_Not Checked_radio_group__24")): Object: 'Object Repository/FSM1/Create ABP Inspection/ABPR03a/Page_JClient/input_Not Checked_radio_group__24' is clicked on

2019-01-15 16:51:28 - [MESSAGE][PASSED] - Object: 'Object Repository/FSM1/Create ABP Inspection/ABPR03a/Page_JClient/input_Not Checked_radio_group__24' is clicked on

2019-01-15 16:51:28 - [TEST_STEP][PASSED] - setText(findTestObject("Object Repository/FSM1/Create ABP Inspection/ABPR03a/Page_JClient/input_Not Checked_gwt-TextBox"), "Test automation"): Text 'Test automation' is set on object 'Object Repository/FSM1/Create ABP Inspection/ABPR03a/Page_JClient/input_Not Checked_gwt-TextBox'

2019-01-15 16:51:28 - [MESSAGE][PASSED] - Text 'Test automation' is set on object 'Object Repository/FSM1/Create ABP Inspection/ABPR03a/Page_JClient/input_Not Checked_gwt-TextBox'

2019-01-15 16:51:28 - [TEST_STEP][PASSED] - click(findTestObject("Object Repository/FSM1/Create ABP Inspection/ABPR03a/Page_JClient/input_Not Checked_radio_group__25")): Object: 'Object Repository/FSM1/Create ABP Inspection/ABPR03a/Page_JClient/input_Not Checked_radio_group__25' is clicked on

2019-01-15 16:51:28 - [MESSAGE][PASSED] - Object: 'Object Repository/FSM1/Create ABP Inspection/ABPR03a/Page_JClient/input_Not Checked_radio_group__25' is clicked on

2019-01-15 16:51:28 - [TEST_STEP][PASSED] - click(findTestObject("Object Repository/FSM1/Create ABP Inspection/ABPR03a/Page_JClient/input_Not Checked_radio_group__26")): Object: 'Object Repository/FSM1/Create ABP Inspection/ABPR03a/Page_JClient/input_Not Checked_radio_group__26' is clicked on

2019-01-15 16:51:28 - [MESSAGE][PASSED] - Object: 'Object Repository/FSM1/Create ABP Inspection/ABPR03a/Page_JClient/input_Not Checked_radio_group__26' is clicked on

2019-01-15 16:51:28 - [TEST_STEP][PASSED] - click(findTestObject("Object Repository/FSM1/Create ABP Inspection/ABPR03a/Page_JClient/input_(b) Do pest control reco")): Object: 'Object Repository/FSM1/Create ABP Inspection/ABPR03a/Page_JClient/input_(b) Do pest control reco' is clicked on

2019-01-15 16:51:29 - [MESSAGE][PASSED] - Object: 'Object Repository/FSM1/Create ABP Inspection/ABPR03a/Page_JClient/input_(b) Do pest control reco' is clicked on

2019-01-15 16:51:29 - [TEST_STEP][PASSED] - click(findTestObject("Object Repository/FSM1/Create ABP Inspection/ABPR03a/Page_JClient/input_(a) Back trace (complete_1")): Object: 'Object Repository/FSM1/Create ABP Inspection/ABPR03a/Page_JClient/input_(a) Back trace (complete_1' is clicked on

2019-01-15 16:51:29 - [MESSAGE][PASSED] - Object: 'Object Repository/FSM1/Create ABP Inspection/ABPR03a/Page_JClient/input_(a) Back trace (complete_1' is clicked on

2019-01-15 16:51:29 - [TEST_STEP][PASSED] - click(findTestObject("Object Repository/FSM1/Create ABP Inspection/ABPR03a/Page_JClient/input_Back trace completed at")): Object: 'Object Repository/FSM1/Create ABP Inspection/ABPR03a/Page_JClient/input_Back trace completed at' is clicked on

2019-01-15 16:51:29 - [MESSAGE][PASSED] - Object: 'Object Repository/FSM1/Create ABP Inspection/ABPR03a/Page_JClient/input_Back trace completed at' is clicked on

2019-01-15 16:51:29 - [TEST_STEP][PASSED] - click(findTestObject("Object Repository/FSM1/Create ABP Inspection/ABPR03a/Page_JClient/input_(b) Forward trace (compl_1")): Object: 'Object Repository/FSM1/Create ABP Inspection/ABPR03a/Page_JClient/input_(b) Forward trace (compl_1' is clicked on

2019-01-15 16:51:29 - [MESSAGE][PASSED] - Object: 'Object Repository/FSM1/Create ABP Inspection/ABPR03a/Page_JClient/input_(b) Forward trace (compl_1' is clicked on

2019-01-15 16:51:29 - [TEST_STEP][PASSED] - click(findTestObject("Object Repository/FSM1/Create ABP Inspection/ABPR03a/Page_JClient/input_Forward trace completed")): Object: 'Object Repository/FSM1/Create ABP Inspection/ABPR03a/Page_JClient/input_Forward trace completed' is clicked on

2019-01-15 16:51:29 - [MESSAGE][PASSED] - Object: 'Object Repository/FSM1/Create ABP Inspection/ABPR03a/Page_JClient/input_Forward trace completed' is clicked on

2019-01-15 16:51:29 - [TEST_STEP][PASSED] - click(findTestObject("Object Repository/FSM1/Create ABP Inspection/ABPR03a/Page_JClient/div_Save")): Object: 'Object Repository/FSM1/Create ABP Inspection/ABPR03a/Page_JClient/div_Save' is clicked on

2019-01-15 16:51:29 - [MESSAGE][PASSED] - Object: 'Object Repository/FSM1/Create ABP Inspection/ABPR03a/Page_JClient/div_Save' is clicked on]]></system-out>
         <system-err><![CDATA[]]></system-err>
      </testcase>
      <testcase name="Test Cases/ABP/Generic/Complete ABP Inspection - Section C - Full Risk Assessment" classname="Test Cases/ABP/Generic/Complete ABP Inspection - Section C - Full Risk Assessment" status="PASSED">
         <system-out><![CDATA[2019-01-15 16:51:29 - [TEST_CASE][PASSED] - Test Cases/ABP/Generic/Complete ABP Inspection - Section C - Full Risk Assessment: Test Cases/ABP/Generic/Complete ABP Inspection - Section C - Full Risk Assessment

2019-01-15 16:51:29 - [TEST_STEP][PASSED] - delay(5): Delayed 5 second(s)

2019-01-15 16:51:34 - [MESSAGE][PASSED] - Delayed 5 second(s)

2019-01-15 16:51:34 - [TEST_STEP][PASSED] - click(findTestObject("Object Repository/FSM1/Complete ABP Inspection/Section C Full Risk Assessment/Page_JClient/div_Section C Risk Assessment")): Object: 'Object Repository/FSM1/Complete ABP Inspection/Section C Full Risk Assessment/Page_JClient/div_Section C Risk Assessment' is clicked on

2019-01-15 16:51:34 - [MESSAGE][PASSED] - Object: 'Object Repository/FSM1/Complete ABP Inspection/Section C Full Risk Assessment/Page_JClient/div_Section C Risk Assessment' is clicked on

2019-01-15 16:51:34 - [TEST_STEP][PASSED] - selectOptionByValue(findTestObject("Object Repository/FSM1/Complete ABP Inspection/Section C Full Risk Assessment/Page_JClient/select_3 - Cat 3 material and"), "12", true): All options with value '12' are selected in object 'Object Repository/FSM1/Complete ABP Inspection/Section C Full Risk Assessment/Page_JClient/select_3 - Cat 3 material and'  using regular expression

2019-01-15 16:51:35 - [MESSAGE][PASSED] - All options with value '12' are selected in object 'Object Repository/FSM1/Complete ABP Inspection/Section C Full Risk Assessment/Page_JClient/select_3 - Cat 3 material and'  using regular expression

2019-01-15 16:51:35 - [TEST_STEP][PASSED] - selectOptionByValue(findTestObject("Object Repository/FSM1/Complete ABP Inspection/Section C Full Risk Assessment/Page_JClient/select_0 - Very low throughput"), "10", true): All options with value '10' are selected in object 'Object Repository/FSM1/Complete ABP Inspection/Section C Full Risk Assessment/Page_JClient/select_0 - Very low throughput'  using regular expression

2019-01-15 16:51:35 - [MESSAGE][PASSED] - All options with value '10' are selected in object 'Object Repository/FSM1/Complete ABP Inspection/Section C Full Risk Assessment/Page_JClient/select_0 - Very low throughput'  using regular expression

2019-01-15 16:51:35 - [TEST_STEP][PASSED] - selectOptionByValue(findTestObject("Object Repository/FSM1/Complete ABP Inspection/Section C Full Risk Assessment/Page_JClient/select_0 - No product entering"), "15", true): All options with value '15' are selected in object 'Object Repository/FSM1/Complete ABP Inspection/Section C Full Risk Assessment/Page_JClient/select_0 - No product entering'  using regular expression

2019-01-15 16:51:35 - [MESSAGE][PASSED] - All options with value '15' are selected in object 'Object Repository/FSM1/Complete ABP Inspection/Section C Full Risk Assessment/Page_JClient/select_0 - No product entering'  using regular expression

2019-01-15 16:51:35 - [TEST_STEP][PASSED] - selectOptionByValue(findTestObject("Object Repository/FSM1/Complete ABP Inspection/Section C Full Risk Assessment/Page_JClient/select_0 - Not required or com"), "5", true): All options with value '5' are selected in object 'Object Repository/FSM1/Complete ABP Inspection/Section C Full Risk Assessment/Page_JClient/select_0 - Not required or com'  using regular expression

2019-01-15 16:51:35 - [MESSAGE][PASSED] - All options with value '5' are selected in object 'Object Repository/FSM1/Complete ABP Inspection/Section C Full Risk Assessment/Page_JClient/select_0 - Not required or com'  using regular expression

2019-01-15 16:51:35 - [TEST_STEP][PASSED] - selectOptionByValue(findTestObject("Object Repository/FSM1/Complete ABP Inspection/Section C Full Risk Assessment/Page_JClient/select_0 - Fully compliant iss"), "10", true): All options with value '10' are selected in object 'Object Repository/FSM1/Complete ABP Inspection/Section C Full Risk Assessment/Page_JClient/select_0 - Fully compliant iss'  using regular expression

2019-01-15 16:51:36 - [MESSAGE][PASSED] - All options with value '10' are selected in object 'Object Repository/FSM1/Complete ABP Inspection/Section C Full Risk Assessment/Page_JClient/select_0 - Fully compliant iss'  using regular expression

2019-01-15 16:51:36 - [TEST_STEP][PASSED] - selectOptionByValue(findTestObject("Object Repository/FSM1/Complete ABP Inspection/Section C Full Risk Assessment/Page_JClient/select_AnnuallyQuarterly6 Mont"), "Monthly", true): All options with value 'Monthly' are selected in object 'Object Repository/FSM1/Complete ABP Inspection/Section C Full Risk Assessment/Page_JClient/select_AnnuallyQuarterly6 Mont'  using regular expression

2019-01-15 16:51:36 - [MESSAGE][PASSED] - All options with value 'Monthly' are selected in object 'Object Repository/FSM1/Complete ABP Inspection/Section C Full Risk Assessment/Page_JClient/select_AnnuallyQuarterly6 Mont'  using regular expression

2019-01-15 16:51:36 - [TEST_STEP][PASSED] - setText(findTestObject("Object Repository/FSM1/Complete ABP Inspection/Section C Full Risk Assessment/Page_JClient/textarea_Any other relevant in"), "Test Automation"): Text 'Test Automation' is set on object 'Object Repository/FSM1/Complete ABP Inspection/Section C Full Risk Assessment/Page_JClient/textarea_Any other relevant in'

2019-01-15 16:51:36 - [MESSAGE][PASSED] - Text 'Test Automation' is set on object 'Object Repository/FSM1/Complete ABP Inspection/Section C Full Risk Assessment/Page_JClient/textarea_Any other relevant in'

2019-01-15 16:51:36 - [TEST_STEP][PASSED] - click(findTestObject("Object Repository/FSM1/Complete ABP Inspection/Section C Full Risk Assessment/Page_JClient/div_Save")): Object: 'Object Repository/FSM1/Complete ABP Inspection/Section C Full Risk Assessment/Page_JClient/div_Save' is clicked on

2019-01-15 16:51:36 - [MESSAGE][PASSED] - Object: 'Object Repository/FSM1/Complete ABP Inspection/Section C Full Risk Assessment/Page_JClient/div_Save' is clicked on]]></system-out>
         <system-err><![CDATA[]]></system-err>
      </testcase>
      <testcase name="Test Cases/ABP/Generic/Complete ABP Inspection - ABPR15 Sample Submission" classname="Test Cases/ABP/Generic/Complete ABP Inspection - ABPR15 Sample Submission" status="PASSED">
         <system-out><![CDATA[2019-01-15 16:51:36 - [TEST_CASE][PASSED] - Test Cases/ABP/Generic/Complete ABP Inspection - ABPR15 Sample Submission: Test Cases/ABP/Generic/Complete ABP Inspection - ABPR15 Sample Submission

2019-01-15 16:51:36 - [TEST_STEP][PASSED] - delay(5): Delayed 5 second(s)

2019-01-15 16:51:41 - [MESSAGE][PASSED] - Delayed 5 second(s)

2019-01-15 16:51:41 - [TEST_STEP][PASSED] - click(findTestObject("Object Repository/FSM1/Complete ABP Inspection/ABPR15 Sample Submission/Page_JClient/div_ABPR15 - Sample Submission")): Object: 'Object Repository/FSM1/Complete ABP Inspection/ABPR15 Sample Submission/Page_JClient/div_ABPR15 - Sample Submission' is clicked on

2019-01-15 16:51:42 - [MESSAGE][PASSED] - Object: 'Object Repository/FSM1/Complete ABP Inspection/ABPR15 Sample Submission/Page_JClient/div_ABPR15 - Sample Submission' is clicked on

2019-01-15 16:51:42 - [TEST_STEP][PASSED] - click(findTestObject("Object Repository/FSM1/Complete ABP Inspection/ABPR15 Sample Submission/Page_JClient/div_Create_GKH2EKQBDXB GKH2EKQ")): Object: 'Object Repository/FSM1/Complete ABP Inspection/ABPR15 Sample Submission/Page_JClient/div_Create_GKH2EKQBDXB GKH2EKQ' is clicked on

2019-01-15 16:51:42 - [MESSAGE][PASSED] - Object: 'Object Repository/FSM1/Complete ABP Inspection/ABPR15 Sample Submission/Page_JClient/div_Create_GKH2EKQBDXB GKH2EKQ' is clicked on

2019-01-15 16:51:42 - [TEST_STEP][PASSED] - selectOptionByValue(findTestObject("Object Repository/FSM1/Complete ABP Inspection/ABPR15 Sample Submission/Page_JClient/select_InvestigationRoutineVal"), "Investigation", true): All options with value 'Investigation' are selected in object 'Object Repository/FSM1/Complete ABP Inspection/ABPR15 Sample Submission/Page_JClient/select_InvestigationRoutineVal'  using regular expression

2019-01-15 16:51:42 - [MESSAGE][PASSED] - All options with value 'Investigation' are selected in object 'Object Repository/FSM1/Complete ABP Inspection/ABPR15 Sample Submission/Page_JClient/select_InvestigationRoutineVal'  using regular expression

2019-01-15 16:51:42 - [TEST_STEP][PASSED] - selectOptionByValue(findTestObject("Object Repository/FSM1/Complete ABP Inspection/ABPR15 Sample Submission/Page_JClient/select_123Catering waste"), "2", true): All options with value '2' are selected in object 'Object Repository/FSM1/Complete ABP Inspection/ABPR15 Sample Submission/Page_JClient/select_123Catering waste'  using regular expression

2019-01-15 16:51:42 - [MESSAGE][PASSED] - All options with value '2' are selected in object 'Object Repository/FSM1/Complete ABP Inspection/ABPR15 Sample Submission/Page_JClient/select_123Catering waste'  using regular expression

2019-01-15 16:51:42 - [TEST_STEP][PASSED] - setText(findTestObject("Object Repository/FSM1/Complete ABP Inspection/ABPR15 Sample Submission/Page_JClient/input_Sample identity (e.g. se"), "Test automation"): Text 'Test automation' is set on object 'Object Repository/FSM1/Complete ABP Inspection/ABPR15 Sample Submission/Page_JClient/input_Sample identity (e.g. se'

2019-01-15 16:51:42 - [MESSAGE][PASSED] - Text 'Test automation' is set on object 'Object Repository/FSM1/Complete ABP Inspection/ABPR15 Sample Submission/Page_JClient/input_Sample identity (e.g. se'

2019-01-15 16:51:42 - [TEST_STEP][PASSED] - setText(findTestObject("Object Repository/FSM1/Complete ABP Inspection/ABPR15 Sample Submission/Page_JClient/input_Type of material sampled"), "Test automation"): Text 'Test automation' is set on object 'Object Repository/FSM1/Complete ABP Inspection/ABPR15 Sample Submission/Page_JClient/input_Type of material sampled'

2019-01-15 16:51:43 - [MESSAGE][PASSED] - Text 'Test automation' is set on object 'Object Repository/FSM1/Complete ABP Inspection/ABPR15 Sample Submission/Page_JClient/input_Type of material sampled'

2019-01-15 16:51:43 - [TEST_STEP][PASSED] - selectOptionByValue(findTestObject("Object Repository/FSM1/Complete ABP Inspection/ABPR15 Sample Submission/Page_JClient/select_Compost or digestatePro"), "Compost or digestate", true): All options with value 'Compost or digestate' are selected in object 'Object Repository/FSM1/Complete ABP Inspection/ABPR15 Sample Submission/Page_JClient/select_Compost or digestatePro'  using regular expression

2019-01-15 16:51:43 - [MESSAGE][PASSED] - All options with value 'Compost or digestate' are selected in object 'Object Repository/FSM1/Complete ABP Inspection/ABPR15 Sample Submission/Page_JClient/select_Compost or digestatePro'  using regular expression

2019-01-15 16:51:43 - [TEST_STEP][PASSED] - click(findTestObject("Object Repository/FSM1/Complete ABP Inspection/ABPR15 Sample Submission/Page_JClient/input_Test Requested (refer to")): Object: 'Object Repository/FSM1/Complete ABP Inspection/ABPR15 Sample Submission/Page_JClient/input_Test Requested (refer to' is clicked on

2019-01-15 16:51:43 - [MESSAGE][PASSED] - Object: 'Object Repository/FSM1/Complete ABP Inspection/ABPR15 Sample Submission/Page_JClient/input_Test Requested (refer to' is clicked on

2019-01-15 16:51:43 - [TEST_STEP][PASSED] - click(findTestObject("Object Repository/FSM1/Complete ABP Inspection/ABPR15 Sample Submission/Page_JClient/input_Clostridium perfringens")): Object: 'Object Repository/FSM1/Complete ABP Inspection/ABPR15 Sample Submission/Page_JClient/input_Clostridium perfringens' is clicked on

2019-01-15 16:51:43 - [MESSAGE][PASSED] - Object: 'Object Repository/FSM1/Complete ABP Inspection/ABPR15 Sample Submission/Page_JClient/input_Clostridium perfringens' is clicked on

2019-01-15 16:51:43 - [TEST_STEP][PASSED] - mydate = new java.util.Date(): null

2019-01-15 16:51:43 - [TEST_STEP][PASSED] - formattedDate = mydate.format("dd/MM/yyyy"): null

2019-01-15 16:51:43 - [TEST_STEP][PASSED] - sendKeys(findTestObject("FSM1/Complete ABP Inspection/ABPR15 Sample Submission/Page_JClient/DateofSample"), formattedDate): Keys '15/01/2019' sent to object: 'Object Repository/FSM1/Complete ABP Inspection/ABPR15 Sample Submission/Page_JClient/DateofSample'

2019-01-15 16:51:43 - [MESSAGE][PASSED] - Keys '15/01/2019' sent to object: 'Object Repository/FSM1/Complete ABP Inspection/ABPR15 Sample Submission/Page_JClient/DateofSample'

2019-01-15 16:51:43 - [TEST_STEP][PASSED] - sendKeys(findTestObject("FSM1/Complete ABP Inspection/ABPR15 Sample Submission/Page_JClient/DateofSubmission"), formattedDate): Keys '15/01/2019' sent to object: 'Object Repository/FSM1/Complete ABP Inspection/ABPR15 Sample Submission/Page_JClient/DateofSubmission'

2019-01-15 16:51:43 - [MESSAGE][PASSED] - Keys '15/01/2019' sent to object: 'Object Repository/FSM1/Complete ABP Inspection/ABPR15 Sample Submission/Page_JClient/DateofSubmission'

2019-01-15 16:51:43 - [TEST_STEP][PASSED] - delay(2): Delayed 2 second(s)

2019-01-15 16:51:45 - [MESSAGE][PASSED] - Delayed 2 second(s)

2019-01-15 16:51:45 - [TEST_STEP][PASSED] - click(findTestObject("FSM1/Complete ABP Inspection/ABPR15 Sample Submission/Page_JClient/div_Save1")): Object: 'Object Repository/FSM1/Complete ABP Inspection/ABPR15 Sample Submission/Page_JClient/div_Save1' is clicked on

2019-01-15 16:51:45 - [MESSAGE][PASSED] - Object: 'Object Repository/FSM1/Complete ABP Inspection/ABPR15 Sample Submission/Page_JClient/div_Save1' is clicked on]]></system-out>
         <system-err><![CDATA[]]></system-err>
      </testcase>
      <testcase name="Test Cases/ABP/Generic/Complete ABP Inspection - ABPR17 Backward Trace - Completed" classname="Test Cases/ABP/Generic/Complete ABP Inspection - ABPR17 Backward Trace - Completed" status="PASSED">
         <system-out><![CDATA[2019-01-15 16:51:45 - [TEST_CASE][PASSED] - Test Cases/ABP/Generic/Complete ABP Inspection - ABPR17 Backward Trace - Completed: Test Cases/ABP/Generic/Complete ABP Inspection - ABPR17 Backward Trace - Completed

2019-01-15 16:51:46 - [TEST_STEP][PASSED] - click(findTestObject("Object Repository/FSM1/Complete ABP Inspection/ABPR17 Backward Trace Complete/Page_JClient/div_ABPR17 - Backward Trace")): Object: 'Object Repository/FSM1/Complete ABP Inspection/ABPR17 Backward Trace Complete/Page_JClient/div_ABPR17 - Backward Trace' is clicked on

2019-01-15 16:51:46 - [MESSAGE][PASSED] - Object: 'Object Repository/FSM1/Complete ABP Inspection/ABPR17 Backward Trace Complete/Page_JClient/div_ABPR17 - Backward Trace' is clicked on

2019-01-15 16:51:46 - [TEST_STEP][PASSED] - delay(3): Delayed 3 second(s)

2019-01-15 16:51:49 - [MESSAGE][PASSED] - Delayed 3 second(s)

2019-01-15 16:51:49 - [TEST_STEP][PASSED] - click(findTestObject("Object Repository/FSM1/Complete ABP Inspection/ABPR17 Backward Trace Complete/Page_JClient/div_Create_GKH2EKQBDXB GKH2EKQ")): Object: 'Object Repository/FSM1/Complete ABP Inspection/ABPR17 Backward Trace Complete/Page_JClient/div_Create_GKH2EKQBDXB GKH2EKQ' is clicked on

2019-01-15 16:51:49 - [MESSAGE][PASSED] - Object: 'Object Repository/FSM1/Complete ABP Inspection/ABPR17 Backward Trace Complete/Page_JClient/div_Create_GKH2EKQBDXB GKH2EKQ' is clicked on

2019-01-15 16:51:49 - [TEST_STEP][PASSED] - delay(3): Delayed 3 second(s)

2019-01-15 16:51:52 - [MESSAGE][PASSED] - Delayed 3 second(s)

2019-01-15 16:51:52 - [TEST_STEP][PASSED] - setText(findTestObject("Object Repository/FSM1/Complete ABP Inspection/ABPR17 Backward Trace Complete/Page_JClient/input_Approval Number_gwt-Text"), "123"): Text '123' is set on object 'Object Repository/FSM1/Complete ABP Inspection/ABPR17 Backward Trace Complete/Page_JClient/input_Approval Number_gwt-Text'

2019-01-15 16:51:52 - [MESSAGE][PASSED] - Text '123' is set on object 'Object Repository/FSM1/Complete ABP Inspection/ABPR17 Backward Trace Complete/Page_JClient/input_Approval Number_gwt-Text'

2019-01-15 16:51:52 - [TEST_STEP][PASSED] - verifyElementPresent(findTestObject("FSM1/Complete ABP Inspection/ABPR17 Backward Trace Complete/Page_JClient/Page_JClient/div_Name of Operator (1)"), 2): Object 'Object Repository/FSM1/Complete ABP Inspection/ABPR17 Backward Trace Complete/Page_JClient/Page_JClient/div_Name of Operator (1)' is present

2019-01-15 16:51:52 - [MESSAGE][PASSED] - Object 'Object Repository/FSM1/Complete ABP Inspection/ABPR17 Backward Trace Complete/Page_JClient/Page_JClient/div_Name of Operator (1)' is present

2019-01-15 16:51:52 - [TEST_STEP][PASSED] - verifyElementPresent(findTestObject("FSM1/Complete ABP Inspection/ABPR17 Backward Trace Complete/Page_JClient/Page_JClient/div_Name of Operator"), 2): Object 'Object Repository/FSM1/Complete ABP Inspection/ABPR17 Backward Trace Complete/Page_JClient/Page_JClient/div_Name of Operator' is present

2019-01-15 16:51:52 - [MESSAGE][PASSED] - Object 'Object Repository/FSM1/Complete ABP Inspection/ABPR17 Backward Trace Complete/Page_JClient/Page_JClient/div_Name of Operator' is present

2019-01-15 16:51:52 - [TEST_STEP][PASSED] - setText(findTestObject("Object Repository/FSM1/Complete ABP Inspection/ABPR17 Backward Trace Complete/Page_JClient/input_Premises Type_gwt-TextBo"), "Test automation"): Text 'Test automation' is set on object 'Object Repository/FSM1/Complete ABP Inspection/ABPR17 Backward Trace Complete/Page_JClient/input_Premises Type_gwt-TextBo'

2019-01-15 16:51:53 - [MESSAGE][PASSED] - Text 'Test automation' is set on object 'Object Repository/FSM1/Complete ABP Inspection/ABPR17 Backward Trace Complete/Page_JClient/input_Premises Type_gwt-TextBo'

2019-01-15 16:51:53 - [TEST_STEP][PASSED] - setText(findTestObject("Object Repository/FSM1/Complete ABP Inspection/ABPR17 Backward Trace Complete/Page_JClient/input_Name of Operator_gwt-Tex"), "Test automation"): Text 'Test automation' is set on object 'Object Repository/FSM1/Complete ABP Inspection/ABPR17 Backward Trace Complete/Page_JClient/input_Name of Operator_gwt-Tex'

2019-01-15 16:51:53 - [MESSAGE][PASSED] - Text 'Test automation' is set on object 'Object Repository/FSM1/Complete ABP Inspection/ABPR17 Backward Trace Complete/Page_JClient/input_Name of Operator_gwt-Tex'

2019-01-15 16:51:53 - [TEST_STEP][PASSED] - setText(findTestObject("Object Repository/FSM1/Complete ABP Inspection/ABPR17 Backward Trace Complete/Page_JClient/textarea_Address of premises_g"), "Test automation"): Text 'Test automation' is set on object 'Object Repository/FSM1/Complete ABP Inspection/ABPR17 Backward Trace Complete/Page_JClient/textarea_Address of premises_g'

2019-01-15 16:51:53 - [MESSAGE][PASSED] - Text 'Test automation' is set on object 'Object Repository/FSM1/Complete ABP Inspection/ABPR17 Backward Trace Complete/Page_JClient/textarea_Address of premises_g'

2019-01-15 16:51:53 - [TEST_STEP][PASSED] - setText(findTestObject("Object Repository/FSM1/Complete ABP Inspection/ABPR17 Backward Trace Complete/Page_JClient/input_Postcode_gwt-TextBox GKH"), "WR5 2EX"): Text 'WR5 2EX' is set on object 'Object Repository/FSM1/Complete ABP Inspection/ABPR17 Backward Trace Complete/Page_JClient/input_Postcode_gwt-TextBox GKH'

2019-01-15 16:51:53 - [MESSAGE][PASSED] - Text 'WR5 2EX' is set on object 'Object Repository/FSM1/Complete ABP Inspection/ABPR17 Backward Trace Complete/Page_JClient/input_Postcode_gwt-TextBox GKH'

2019-01-15 16:51:53 - [TEST_STEP][PASSED] - delay(3): Delayed 3 second(s)

2019-01-15 16:51:56 - [MESSAGE][PASSED] - Delayed 3 second(s)

2019-01-15 16:51:56 - [TEST_STEP][PASSED] - selectOptionByValue(findTestObject("FSM1/Release 21/Page_JClient/select_NorthScotlandSouthernWa"), "West", true): All options with value 'West' are selected in object 'Object Repository/FSM1/Release 21/Page_JClient/select_NorthScotlandSouthernWa'  using regular expression

2019-01-15 16:51:57 - [MESSAGE][PASSED] - All options with value 'West' are selected in object 'Object Repository/FSM1/Release 21/Page_JClient/select_NorthScotlandSouthernWa'  using regular expression

2019-01-15 16:51:57 - [TEST_STEP][PASSED] - setText(findTestObject("Object Repository/FSM1/Complete ABP Inspection/ABPR17 Backward Trace Complete/Page_JClient/input_Name of haulier_gwt-Text"), "Test automation"): Text 'Test automation' is set on object 'Object Repository/FSM1/Complete ABP Inspection/ABPR17 Backward Trace Complete/Page_JClient/input_Name of haulier_gwt-Text'

2019-01-15 16:51:57 - [MESSAGE][PASSED] - Text 'Test automation' is set on object 'Object Repository/FSM1/Complete ABP Inspection/ABPR17 Backward Trace Complete/Page_JClient/input_Name of haulier_gwt-Text'

2019-01-15 16:51:57 - [TEST_STEP][PASSED] - setText(findTestObject("Object Repository/FSM1/Complete ABP Inspection/ABPR17 Backward Trace Complete/Page_JClient/textarea_Address of haulier_gw"), "Test automation"): Text 'Test automation' is set on object 'Object Repository/FSM1/Complete ABP Inspection/ABPR17 Backward Trace Complete/Page_JClient/textarea_Address of haulier_gw'

2019-01-15 16:51:57 - [MESSAGE][PASSED] - Text 'Test automation' is set on object 'Object Repository/FSM1/Complete ABP Inspection/ABPR17 Backward Trace Complete/Page_JClient/textarea_Address of haulier_gw'

2019-01-15 16:51:57 - [TEST_STEP][PASSED] - setText(findTestObject("FSM1/Complete ABP Inspection/ABPR17 Backward Trace Complete/Page_JClient/input_Postcode_gwt-TextBox GKH_1"), "WR5 2RT"): Text 'WR5 2RT' is set on object 'Object Repository/FSM1/Complete ABP Inspection/ABPR17 Backward Trace Complete/Page_JClient/input_Postcode_gwt-TextBox GKH_1'

2019-01-15 16:51:57 - [MESSAGE][PASSED] - Text 'WR5 2RT' is set on object 'Object Repository/FSM1/Complete ABP Inspection/ABPR17 Backward Trace Complete/Page_JClient/input_Postcode_gwt-TextBox GKH_1'

2019-01-15 16:51:57 - [TEST_STEP][PASSED] - setText(findTestObject("Object Repository/FSM1/Complete ABP Inspection/ABPR17 Backward Trace Complete/Page_JClient/input_Reference No. of CD or o"), "321"): Text '321' is set on object 'Object Repository/FSM1/Complete ABP Inspection/ABPR17 Backward Trace Complete/Page_JClient/input_Reference No. of CD or o'

2019-01-15 16:51:57 - [MESSAGE][PASSED] - Text '321' is set on object 'Object Repository/FSM1/Complete ABP Inspection/ABPR17 Backward Trace Complete/Page_JClient/input_Reference No. of CD or o'

2019-01-15 16:51:57 - [TEST_STEP][PASSED] - setText(findTestObject("Object Repository/FSM1/Complete ABP Inspection/ABPR17 Backward Trace Complete/Page_JClient/textarea_Description of materi"), "Test automation"): Text 'Test automation' is set on object 'Object Repository/FSM1/Complete ABP Inspection/ABPR17 Backward Trace Complete/Page_JClient/textarea_Description of materi'

2019-01-15 16:51:58 - [MESSAGE][PASSED] - Text 'Test automation' is set on object 'Object Repository/FSM1/Complete ABP Inspection/ABPR17 Backward Trace Complete/Page_JClient/textarea_Description of materi'

2019-01-15 16:51:58 - [TEST_STEP][PASSED] - selectOptionByValue(findTestObject("Object Repository/FSM1/Complete ABP Inspection/ABPR17 Backward Trace Complete/Page_JClient/select_NACattleDeerFishGoatsPi"), "Cattle", true): All options with value 'Cattle' are selected in object 'Object Repository/FSM1/Complete ABP Inspection/ABPR17 Backward Trace Complete/Page_JClient/select_NACattleDeerFishGoatsPi'  using regular expression

2019-01-15 16:51:58 - [MESSAGE][PASSED] - All options with value 'Cattle' are selected in object 'Object Repository/FSM1/Complete ABP Inspection/ABPR17 Backward Trace Complete/Page_JClient/select_NACattleDeerFishGoatsPi'  using regular expression

2019-01-15 16:51:58 - [TEST_STEP][PASSED] - setText(findTestObject("Object Repository/FSM1/Complete ABP Inspection/ABPR17 Backward Trace Complete/Page_JClient/input_Category_gwt-TextBox GKH"), "Test automation"): Text 'Test automation' is set on object 'Object Repository/FSM1/Complete ABP Inspection/ABPR17 Backward Trace Complete/Page_JClient/input_Category_gwt-TextBox GKH'

2019-01-15 16:51:58 - [MESSAGE][PASSED] - Text 'Test automation' is set on object 'Object Repository/FSM1/Complete ABP Inspection/ABPR17 Backward Trace Complete/Page_JClient/input_Category_gwt-TextBox GKH'

2019-01-15 16:51:58 - [TEST_STEP][PASSED] - setText(findTestObject("Object Repository/FSM1/Complete ABP Inspection/ABPR17 Backward Trace Complete/Page_JClient/input_Quantity_gwt-TextBox GKH"), "12abc"): Text '12abc' is set on object 'Object Repository/FSM1/Complete ABP Inspection/ABPR17 Backward Trace Complete/Page_JClient/input_Quantity_gwt-TextBox GKH'

2019-01-15 16:51:58 - [MESSAGE][PASSED] - Text '12abc' is set on object 'Object Repository/FSM1/Complete ABP Inspection/ABPR17 Backward Trace Complete/Page_JClient/input_Quantity_gwt-TextBox GKH'

2019-01-15 16:51:58 - [TEST_STEP][PASSED] - click(findTestObject("Object Repository/FSM1/Complete ABP Inspection/ABPR17 Backward Trace Complete/Page_JClient/input_Any other relevant infor")): Object: 'Object Repository/FSM1/Complete ABP Inspection/ABPR17 Backward Trace Complete/Page_JClient/input_Any other relevant infor' is clicked on

2019-01-15 16:51:58 - [MESSAGE][PASSED] - Object: 'Object Repository/FSM1/Complete ABP Inspection/ABPR17 Backward Trace Complete/Page_JClient/input_Any other relevant infor' is clicked on

2019-01-15 16:51:58 - [TEST_STEP][PASSED] - setText(findTestObject("Object Repository/FSM1/Complete ABP Inspection/ABPR17 Backward Trace Complete/Page_JClient/textarea_If so give details_gw"), "Test automation"): Text 'Test automation' is set on object 'Object Repository/FSM1/Complete ABP Inspection/ABPR17 Backward Trace Complete/Page_JClient/textarea_If so give details_gw'

2019-01-15 16:51:58 - [MESSAGE][PASSED] - Text 'Test automation' is set on object 'Object Repository/FSM1/Complete ABP Inspection/ABPR17 Backward Trace Complete/Page_JClient/textarea_If so give details_gw'

2019-01-15 16:51:58 - [TEST_STEP][PASSED] - click(findTestObject("Object Repository/FSM1/Complete ABP Inspection/ABPR17 Backward Trace Complete/Page_JClient/input_Does this tracing need t")): Object: 'Object Repository/FSM1/Complete ABP Inspection/ABPR17 Backward Trace Complete/Page_JClient/input_Does this tracing need t' is clicked on

2019-01-15 16:51:59 - [MESSAGE][PASSED] - Object: 'Object Repository/FSM1/Complete ABP Inspection/ABPR17 Backward Trace Complete/Page_JClient/input_Does this tracing need t' is clicked on

2019-01-15 16:51:59 - [TEST_STEP][PASSED] - click(findTestObject("Object Repository/FSM1/Complete ABP Inspection/ABPR17 Backward Trace Complete/Page_JClient/input_How was the trace carrie")): Object: 'Object Repository/FSM1/Complete ABP Inspection/ABPR17 Backward Trace Complete/Page_JClient/input_How was the trace carrie' is clicked on

2019-01-15 16:51:59 - [MESSAGE][PASSED] - Object: 'Object Repository/FSM1/Complete ABP Inspection/ABPR17 Backward Trace Complete/Page_JClient/input_How was the trace carrie' is clicked on

2019-01-15 16:51:59 - [TEST_STEP][PASSED] - click(findTestObject("Object Repository/FSM1/Complete ABP Inspection/ABPR17 Backward Trace Complete/Page_JClient/input_Outcome_radio_group_57")): Object: 'Object Repository/FSM1/Complete ABP Inspection/ABPR17 Backward Trace Complete/Page_JClient/input_Outcome_radio_group_57' is clicked on

2019-01-15 16:51:59 - [MESSAGE][PASSED] - Object: 'Object Repository/FSM1/Complete ABP Inspection/ABPR17 Backward Trace Complete/Page_JClient/input_Outcome_radio_group_57' is clicked on

2019-01-15 16:51:59 - [TEST_STEP][PASSED] - setText(findTestObject("Object Repository/FSM1/Complete ABP Inspection/ABPR17 Backward Trace Complete/Page_JClient/textarea_Give Details_gwt-Text"), "Test automation"): Text 'Test automation' is set on object 'Object Repository/FSM1/Complete ABP Inspection/ABPR17 Backward Trace Complete/Page_JClient/textarea_Give Details_gwt-Text'

2019-01-15 16:51:59 - [MESSAGE][PASSED] - Text 'Test automation' is set on object 'Object Repository/FSM1/Complete ABP Inspection/ABPR17 Backward Trace Complete/Page_JClient/textarea_Give Details_gwt-Text'

2019-01-15 16:51:59 - [TEST_STEP][PASSED] - setText(findTestObject("Object Repository/FSM1/Complete ABP Inspection/ABPR17 Backward Trace Complete/Page_JClient/textarea_Describe action taken"), "Test automation"): Text 'Test automation' is set on object 'Object Repository/FSM1/Complete ABP Inspection/ABPR17 Backward Trace Complete/Page_JClient/textarea_Describe action taken'

2019-01-15 16:51:59 - [MESSAGE][PASSED] - Text 'Test automation' is set on object 'Object Repository/FSM1/Complete ABP Inspection/ABPR17 Backward Trace Complete/Page_JClient/textarea_Describe action taken'

2019-01-15 16:51:59 - [TEST_STEP][PASSED] - mydate = new java.util.Date(): null

2019-01-15 16:51:59 - [TEST_STEP][PASSED] - formattedDate = mydate.format("dd/MM/yyyy"): null

2019-01-15 16:51:59 - [TEST_STEP][PASSED] - sendKeys(findTestObject("FSM1/Complete ABP Inspection/ABPR17 Backward Trace Complete/Page_JClient/Page_JClient/input_Date of despatch_GKH2EKQ"), formattedDate): Keys '15/01/2019' sent to object: 'Object Repository/FSM1/Complete ABP Inspection/ABPR17 Backward Trace Complete/Page_JClient/Page_JClient/input_Date of despatch_GKH2EKQ'

2019-01-15 16:51:59 - [MESSAGE][PASSED] - Keys '15/01/2019' sent to object: 'Object Repository/FSM1/Complete ABP Inspection/ABPR17 Backward Trace Complete/Page_JClient/Page_JClient/input_Date of despatch_GKH2EKQ'

2019-01-15 16:51:59 - [TEST_STEP][PASSED] - click(findTestObject("Object Repository/FSM1/Complete ABP Inspection/ABPR17 Backward Trace Complete/Page_JClient/div_Save")): Object: 'Object Repository/FSM1/Complete ABP Inspection/ABPR17 Backward Trace Complete/Page_JClient/div_Save' is clicked on

2019-01-15 16:51:59 - [MESSAGE][PASSED] - Object: 'Object Repository/FSM1/Complete ABP Inspection/ABPR17 Backward Trace Complete/Page_JClient/div_Save' is clicked on]]></system-out>
         <system-err><![CDATA[]]></system-err>
      </testcase>
      <testcase name="Test Cases/ABP/Generic/Complete ABP Inspection - ABPR18 Forward Trace - Completed" classname="Test Cases/ABP/Generic/Complete ABP Inspection - ABPR18 Forward Trace - Completed" status="PASSED">
         <system-out><![CDATA[2019-01-15 16:51:59 - [TEST_CASE][PASSED] - Test Cases/ABP/Generic/Complete ABP Inspection - ABPR18 Forward Trace - Completed: Test Cases/ABP/Generic/Complete ABP Inspection - ABPR18 Forward Trace - Completed

2019-01-15 16:52:00 - [TEST_STEP][PASSED] - click(findTestObject("Object Repository/FSM1/Complete ABP Inspection/ABPR18 Forward Trace Complete/Page_JClient/div_ABPR18 - Forward Trace")): Object: 'Object Repository/FSM1/Complete ABP Inspection/ABPR18 Forward Trace Complete/Page_JClient/div_ABPR18 - Forward Trace' is clicked on

2019-01-15 16:52:00 - [MESSAGE][PASSED] - Object: 'Object Repository/FSM1/Complete ABP Inspection/ABPR18 Forward Trace Complete/Page_JClient/div_ABPR18 - Forward Trace' is clicked on

2019-01-15 16:52:00 - [TEST_STEP][PASSED] - delay(2): Delayed 2 second(s)

2019-01-15 16:52:02 - [MESSAGE][PASSED] - Delayed 2 second(s)

2019-01-15 16:52:02 - [TEST_STEP][PASSED] - click(findTestObject("Object Repository/FSM1/Complete ABP Inspection/ABPR18 Forward Trace Complete/Page_JClient/div_Create_GKH2EKQBDXB GKH2EKQ")): Object: 'Object Repository/FSM1/Complete ABP Inspection/ABPR18 Forward Trace Complete/Page_JClient/div_Create_GKH2EKQBDXB GKH2EKQ' is clicked on

2019-01-15 16:52:02 - [MESSAGE][PASSED] - Object: 'Object Repository/FSM1/Complete ABP Inspection/ABPR18 Forward Trace Complete/Page_JClient/div_Create_GKH2EKQBDXB GKH2EKQ' is clicked on

2019-01-15 16:52:02 - [TEST_STEP][PASSED] - delay(2): Delayed 2 second(s)

2019-01-15 16:52:04 - [MESSAGE][PASSED] - Delayed 2 second(s)

2019-01-15 16:52:04 - [TEST_STEP][PASSED] - verifyElementPresent(findTestObject("FSM1/Complete ABP Inspection/ABPR18 Forward Trace Complete/Page_JClient/div_Name of Operator"), 2): Object 'Object Repository/FSM1/Complete ABP Inspection/ABPR18 Forward Trace Complete/Page_JClient/div_Name of Operator' is present

2019-01-15 16:52:04 - [MESSAGE][PASSED] - Object 'Object Repository/FSM1/Complete ABP Inspection/ABPR18 Forward Trace Complete/Page_JClient/div_Name of Operator' is present

2019-01-15 16:52:04 - [TEST_STEP][PASSED] - verifyElementPresent(findTestObject("FSM1/Complete ABP Inspection/ABPR18 Forward Trace Complete/Page_JClient/div_Name of Operator (1)"), 2): Object 'Object Repository/FSM1/Complete ABP Inspection/ABPR18 Forward Trace Complete/Page_JClient/div_Name of Operator (1)' is present

2019-01-15 16:52:04 - [MESSAGE][PASSED] - Object 'Object Repository/FSM1/Complete ABP Inspection/ABPR18 Forward Trace Complete/Page_JClient/div_Name of Operator (1)' is present

2019-01-15 16:52:04 - [TEST_STEP][PASSED] - setText(findTestObject("Object Repository/FSM1/Complete ABP Inspection/ABPR18 Forward Trace Complete/Page_JClient/input_Approval Number_gwt-Text"), "123"): Text '123' is set on object 'Object Repository/FSM1/Complete ABP Inspection/ABPR18 Forward Trace Complete/Page_JClient/input_Approval Number_gwt-Text'

2019-01-15 16:52:04 - [MESSAGE][PASSED] - Text '123' is set on object 'Object Repository/FSM1/Complete ABP Inspection/ABPR18 Forward Trace Complete/Page_JClient/input_Approval Number_gwt-Text'

2019-01-15 16:52:04 - [TEST_STEP][PASSED] - setText(findTestObject("Object Repository/FSM1/Complete ABP Inspection/ABPR18 Forward Trace Complete/Page_JClient/input_Premises Type_gwt-TextBo"), "Test automation"): Text 'Test automation' is set on object 'Object Repository/FSM1/Complete ABP Inspection/ABPR18 Forward Trace Complete/Page_JClient/input_Premises Type_gwt-TextBo'

2019-01-15 16:52:04 - [MESSAGE][PASSED] - Text 'Test automation' is set on object 'Object Repository/FSM1/Complete ABP Inspection/ABPR18 Forward Trace Complete/Page_JClient/input_Premises Type_gwt-TextBo'

2019-01-15 16:52:04 - [TEST_STEP][PASSED] - setText(findTestObject("Object Repository/FSM1/Complete ABP Inspection/ABPR18 Forward Trace Complete/Page_JClient/input_Name of Operator_gwt-Tex"), "Test automation"): Text 'Test automation' is set on object 'Object Repository/FSM1/Complete ABP Inspection/ABPR18 Forward Trace Complete/Page_JClient/input_Name of Operator_gwt-Tex'

2019-01-15 16:52:05 - [MESSAGE][PASSED] - Text 'Test automation' is set on object 'Object Repository/FSM1/Complete ABP Inspection/ABPR18 Forward Trace Complete/Page_JClient/input_Name of Operator_gwt-Tex'

2019-01-15 16:52:05 - [TEST_STEP][PASSED] - setText(findTestObject("Object Repository/FSM1/Complete ABP Inspection/ABPR18 Forward Trace Complete/Page_JClient/textarea_Address of premises_g"), "Test automation"): Text 'Test automation' is set on object 'Object Repository/FSM1/Complete ABP Inspection/ABPR18 Forward Trace Complete/Page_JClient/textarea_Address of premises_g'

2019-01-15 16:52:05 - [MESSAGE][PASSED] - Text 'Test automation' is set on object 'Object Repository/FSM1/Complete ABP Inspection/ABPR18 Forward Trace Complete/Page_JClient/textarea_Address of premises_g'

2019-01-15 16:52:05 - [TEST_STEP][PASSED] - setText(findTestObject("Object Repository/FSM1/Complete ABP Inspection/ABPR18 Forward Trace Complete/Page_JClient/input_Postcode_gwt-TextBox GKH"), "WR5 2EX"): Text 'WR5 2EX' is set on object 'Object Repository/FSM1/Complete ABP Inspection/ABPR18 Forward Trace Complete/Page_JClient/input_Postcode_gwt-TextBox GKH'

2019-01-15 16:52:05 - [MESSAGE][PASSED] - Text 'WR5 2EX' is set on object 'Object Repository/FSM1/Complete ABP Inspection/ABPR18 Forward Trace Complete/Page_JClient/input_Postcode_gwt-TextBox GKH'

2019-01-15 16:52:05 - [TEST_STEP][PASSED] - delay(3): Delayed 3 second(s)

2019-01-15 16:52:08 - [MESSAGE][PASSED] - Delayed 3 second(s)

2019-01-15 16:52:08 - [TEST_STEP][PASSED] - selectOptionByValue(findTestObject("FSM1/Release 21/Page_JClient/select_NorthScotlandSouthernWa"), "West", true): All options with value 'West' are selected in object 'Object Repository/FSM1/Release 21/Page_JClient/select_NorthScotlandSouthernWa'  using regular expression

2019-01-15 16:52:08 - [MESSAGE][PASSED] - All options with value 'West' are selected in object 'Object Repository/FSM1/Release 21/Page_JClient/select_NorthScotlandSouthernWa'  using regular expression

2019-01-15 16:52:08 - [TEST_STEP][PASSED] - setText(findTestObject("Object Repository/FSM1/Complete ABP Inspection/ABPR18 Forward Trace Complete/Page_JClient/input_Name of haulier_gwt-Text"), "Test automation"): Text 'Test automation' is set on object 'Object Repository/FSM1/Complete ABP Inspection/ABPR18 Forward Trace Complete/Page_JClient/input_Name of haulier_gwt-Text'

2019-01-15 16:52:08 - [MESSAGE][PASSED] - Text 'Test automation' is set on object 'Object Repository/FSM1/Complete ABP Inspection/ABPR18 Forward Trace Complete/Page_JClient/input_Name of haulier_gwt-Text'

2019-01-15 16:52:08 - [TEST_STEP][PASSED] - setText(findTestObject("Object Repository/FSM1/Complete ABP Inspection/ABPR18 Forward Trace Complete/Page_JClient/textarea_Address of haulier_gw"), "Test automation"): Text 'Test automation' is set on object 'Object Repository/FSM1/Complete ABP Inspection/ABPR18 Forward Trace Complete/Page_JClient/textarea_Address of haulier_gw'

2019-01-15 16:52:09 - [MESSAGE][PASSED] - Text 'Test automation' is set on object 'Object Repository/FSM1/Complete ABP Inspection/ABPR18 Forward Trace Complete/Page_JClient/textarea_Address of haulier_gw'

2019-01-15 16:52:09 - [TEST_STEP][PASSED] - setText(findTestObject("FSM1/Complete ABP Inspection/ABPR18 Forward Trace Complete/Page_JClient/input_Postcode_gwt-TextBox GKH_1"), "WR5 2ER"): Text 'WR5 2ER' is set on object 'Object Repository/FSM1/Complete ABP Inspection/ABPR18 Forward Trace Complete/Page_JClient/input_Postcode_gwt-TextBox GKH_1'

2019-01-15 16:52:09 - [MESSAGE][PASSED] - Text 'WR5 2ER' is set on object 'Object Repository/FSM1/Complete ABP Inspection/ABPR18 Forward Trace Complete/Page_JClient/input_Postcode_gwt-TextBox GKH_1'

2019-01-15 16:52:09 - [TEST_STEP][PASSED] - setText(findTestObject("Object Repository/FSM1/Complete ABP Inspection/ABPR18 Forward Trace Complete/Page_JClient/input_Reference No. of CD or o"), "123"): Text '123' is set on object 'Object Repository/FSM1/Complete ABP Inspection/ABPR18 Forward Trace Complete/Page_JClient/input_Reference No. of CD or o'

2019-01-15 16:52:09 - [MESSAGE][PASSED] - Text '123' is set on object 'Object Repository/FSM1/Complete ABP Inspection/ABPR18 Forward Trace Complete/Page_JClient/input_Reference No. of CD or o'

2019-01-15 16:52:09 - [TEST_STEP][PASSED] - setText(findTestObject("Object Repository/FSM1/Complete ABP Inspection/ABPR18 Forward Trace Complete/Page_JClient/textarea_Description of materi"), "Test automation"): Text 'Test automation' is set on object 'Object Repository/FSM1/Complete ABP Inspection/ABPR18 Forward Trace Complete/Page_JClient/textarea_Description of materi'

2019-01-15 16:52:09 - [MESSAGE][PASSED] - Text 'Test automation' is set on object 'Object Repository/FSM1/Complete ABP Inspection/ABPR18 Forward Trace Complete/Page_JClient/textarea_Description of materi'

2019-01-15 16:52:09 - [TEST_STEP][PASSED] - selectOptionByValue(findTestObject("Object Repository/FSM1/Complete ABP Inspection/ABPR18 Forward Trace Complete/Page_JClient/select_NACattleDeerFishGoatsPi"), "Cattle", true): All options with value 'Cattle' are selected in object 'Object Repository/FSM1/Complete ABP Inspection/ABPR18 Forward Trace Complete/Page_JClient/select_NACattleDeerFishGoatsPi'  using regular expression

2019-01-15 16:52:09 - [MESSAGE][PASSED] - All options with value 'Cattle' are selected in object 'Object Repository/FSM1/Complete ABP Inspection/ABPR18 Forward Trace Complete/Page_JClient/select_NACattleDeerFishGoatsPi'  using regular expression

2019-01-15 16:52:09 - [TEST_STEP][PASSED] - setText(findTestObject("Object Repository/FSM1/Complete ABP Inspection/ABPR18 Forward Trace Complete/Page_JClient/input_Category_gwt-TextBox GKH"), "Test automation"): Text 'Test automation' is set on object 'Object Repository/FSM1/Complete ABP Inspection/ABPR18 Forward Trace Complete/Page_JClient/input_Category_gwt-TextBox GKH'

2019-01-15 16:52:10 - [MESSAGE][PASSED] - Text 'Test automation' is set on object 'Object Repository/FSM1/Complete ABP Inspection/ABPR18 Forward Trace Complete/Page_JClient/input_Category_gwt-TextBox GKH'

2019-01-15 16:52:10 - [TEST_STEP][PASSED] - setText(findTestObject("Object Repository/FSM1/Complete ABP Inspection/ABPR18 Forward Trace Complete/Page_JClient/input_Quantity_gwt-TextBox GKH"), "123abc"): Text '123abc' is set on object 'Object Repository/FSM1/Complete ABP Inspection/ABPR18 Forward Trace Complete/Page_JClient/input_Quantity_gwt-TextBox GKH'

2019-01-15 16:52:10 - [MESSAGE][PASSED] - Text '123abc' is set on object 'Object Repository/FSM1/Complete ABP Inspection/ABPR18 Forward Trace Complete/Page_JClient/input_Quantity_gwt-TextBox GKH'

2019-01-15 16:52:10 - [TEST_STEP][PASSED] - setText(findTestObject("Object Repository/FSM1/Complete ABP Inspection/ABPR18 Forward Trace Complete/Page_JClient/textarea_Any other relevant in"), "Test automation"): Text 'Test automation' is set on object 'Object Repository/FSM1/Complete ABP Inspection/ABPR18 Forward Trace Complete/Page_JClient/textarea_Any other relevant in'

2019-01-15 16:52:10 - [MESSAGE][PASSED] - Text 'Test automation' is set on object 'Object Repository/FSM1/Complete ABP Inspection/ABPR18 Forward Trace Complete/Page_JClient/textarea_Any other relevant in'

2019-01-15 16:52:10 - [TEST_STEP][PASSED] - click(findTestObject("Object Repository/FSM1/Complete ABP Inspection/ABPR18 Forward Trace Complete/Page_JClient/input_Any other relevant infor")): Object: 'Object Repository/FSM1/Complete ABP Inspection/ABPR18 Forward Trace Complete/Page_JClient/input_Any other relevant infor' is clicked on

2019-01-15 16:52:10 - [MESSAGE][PASSED] - Object: 'Object Repository/FSM1/Complete ABP Inspection/ABPR18 Forward Trace Complete/Page_JClient/input_Any other relevant infor' is clicked on

2019-01-15 16:52:10 - [TEST_STEP][PASSED] - setText(findTestObject("Object Repository/FSM1/Complete ABP Inspection/ABPR18 Forward Trace Complete/Page_JClient/textarea_If so give details_gw"), "Test automation"): Text 'Test automation' is set on object 'Object Repository/FSM1/Complete ABP Inspection/ABPR18 Forward Trace Complete/Page_JClient/textarea_If so give details_gw'

2019-01-15 16:52:10 - [MESSAGE][PASSED] - Text 'Test automation' is set on object 'Object Repository/FSM1/Complete ABP Inspection/ABPR18 Forward Trace Complete/Page_JClient/textarea_If so give details_gw'

2019-01-15 16:52:10 - [TEST_STEP][PASSED] - click(findTestObject("Object Repository/FSM1/Complete ABP Inspection/ABPR18 Forward Trace Complete/Page_JClient/input_Does this tracing need t")): Object: 'Object Repository/FSM1/Complete ABP Inspection/ABPR18 Forward Trace Complete/Page_JClient/input_Does this tracing need t' is clicked on

2019-01-15 16:52:10 - [MESSAGE][PASSED] - Object: 'Object Repository/FSM1/Complete ABP Inspection/ABPR18 Forward Trace Complete/Page_JClient/input_Does this tracing need t' is clicked on

2019-01-15 16:52:10 - [TEST_STEP][PASSED] - click(findTestObject("Object Repository/FSM1/Complete ABP Inspection/ABPR18 Forward Trace Complete/Page_JClient/input_How was the trace carrie")): Object: 'Object Repository/FSM1/Complete ABP Inspection/ABPR18 Forward Trace Complete/Page_JClient/input_How was the trace carrie' is clicked on

2019-01-15 16:52:10 - [MESSAGE][PASSED] - Object: 'Object Repository/FSM1/Complete ABP Inspection/ABPR18 Forward Trace Complete/Page_JClient/input_How was the trace carrie' is clicked on

2019-01-15 16:52:10 - [TEST_STEP][PASSED] - click(findTestObject("Object Repository/FSM1/Complete ABP Inspection/ABPR18 Forward Trace Complete/Page_JClient/input_Outcome_radio_group_57")): Object: 'Object Repository/FSM1/Complete ABP Inspection/ABPR18 Forward Trace Complete/Page_JClient/input_Outcome_radio_group_57' is clicked on

2019-01-15 16:52:10 - [MESSAGE][PASSED] - Object: 'Object Repository/FSM1/Complete ABP Inspection/ABPR18 Forward Trace Complete/Page_JClient/input_Outcome_radio_group_57' is clicked on

2019-01-15 16:52:10 - [TEST_STEP][PASSED] - setText(findTestObject("Object Repository/FSM1/Complete ABP Inspection/ABPR18 Forward Trace Complete/Page_JClient/textarea_Give Details_gwt-Text"), "Test automation"): Text 'Test automation' is set on object 'Object Repository/FSM1/Complete ABP Inspection/ABPR18 Forward Trace Complete/Page_JClient/textarea_Give Details_gwt-Text'

2019-01-15 16:52:11 - [MESSAGE][PASSED] - Text 'Test automation' is set on object 'Object Repository/FSM1/Complete ABP Inspection/ABPR18 Forward Trace Complete/Page_JClient/textarea_Give Details_gwt-Text'

2019-01-15 16:52:11 - [TEST_STEP][PASSED] - setText(findTestObject("Object Repository/FSM1/Complete ABP Inspection/ABPR18 Forward Trace Complete/Page_JClient/textarea_Describe action taken"), "Test automation"): Text 'Test automation' is set on object 'Object Repository/FSM1/Complete ABP Inspection/ABPR18 Forward Trace Complete/Page_JClient/textarea_Describe action taken'

2019-01-15 16:52:11 - [MESSAGE][PASSED] - Text 'Test automation' is set on object 'Object Repository/FSM1/Complete ABP Inspection/ABPR18 Forward Trace Complete/Page_JClient/textarea_Describe action taken'

2019-01-15 16:52:11 - [TEST_STEP][PASSED] - mydate = new java.util.Date(): null

2019-01-15 16:52:11 - [TEST_STEP][PASSED] - formattedDate = mydate.format("dd/MM/yyyy"): null

2019-01-15 16:52:11 - [TEST_STEP][PASSED] - sendKeys(findTestObject("FSM1/Complete ABP Inspection/ABPR17 Backward Trace Complete/Page_JClient/Page_JClient/input_Date of despatch_GKH2EKQ"), formattedDate): Keys '15/01/2019' sent to object: 'Object Repository/FSM1/Complete ABP Inspection/ABPR17 Backward Trace Complete/Page_JClient/Page_JClient/input_Date of despatch_GKH2EKQ'

2019-01-15 16:52:11 - [MESSAGE][PASSED] - Keys '15/01/2019' sent to object: 'Object Repository/FSM1/Complete ABP Inspection/ABPR17 Backward Trace Complete/Page_JClient/Page_JClient/input_Date of despatch_GKH2EKQ'

2019-01-15 16:52:11 - [TEST_STEP][PASSED] - click(findTestObject("Object Repository/FSM1/Complete ABP Inspection/ABPR18 Forward Trace Complete/Page_JClient/div_Save")): Object: 'Object Repository/FSM1/Complete ABP Inspection/ABPR18 Forward Trace Complete/Page_JClient/div_Save' is clicked on

2019-01-15 16:52:11 - [MESSAGE][PASSED] - Object: 'Object Repository/FSM1/Complete ABP Inspection/ABPR18 Forward Trace Complete/Page_JClient/div_Save' is clicked on]]></system-out>
         <system-err><![CDATA[]]></system-err>
      </testcase>
      <testcase name="Test Cases/ABP/Generic/Check Guidance Notes" classname="Test Cases/ABP/Generic/Check Guidance Notes" status="PASSED">
         <system-out><![CDATA[2019-01-15 16:52:11 - [TEST_CASE][PASSED] - Test Cases/ABP/Generic/Check Guidance Notes: Test Cases/ABP/Generic/Check Guidance Notes

2019-01-15 16:52:11 - [TEST_STEP][PASSED] - click(findTestObject("Object Repository/FSM1/Release 21/Page_JClient/div_Data Capture")): Object: 'Object Repository/FSM1/Release 21/Page_JClient/div_Data Capture' is clicked on

2019-01-15 16:52:11 - [MESSAGE][PASSED] - Object: 'Object Repository/FSM1/Release 21/Page_JClient/div_Data Capture' is clicked on

2019-01-15 16:52:11 - [TEST_STEP][PASSED] - delay(2): Delayed 2 second(s)

2019-01-15 16:52:13 - [MESSAGE][PASSED] - Delayed 2 second(s)

2019-01-15 16:52:13 - [TEST_STEP][PASSED] - click(findTestObject("Object Repository/FSM1/Release 21/Page_JClient/div_Notes")): Object: 'Object Repository/FSM1/Release 21/Page_JClient/div_Notes' is clicked on

2019-01-15 16:52:13 - [MESSAGE][PASSED] - Object: 'Object Repository/FSM1/Release 21/Page_JClient/div_Notes' is clicked on

2019-01-15 16:52:13 - [TEST_STEP][PASSED] - delay(2): Delayed 2 second(s)

2019-01-15 16:52:15 - [MESSAGE][PASSED] - Delayed 2 second(s)

2019-01-15 16:52:15 - [TEST_STEP][PASSED] - verifyElementPresent(findTestObject("Object Repository/FSM1/Release 21/Page_JClient/td_0Fully compliant issues rap"), 0): Object 'Object Repository/FSM1/Release 21/Page_JClient/td_0Fully compliant issues rap' is present

2019-01-15 16:52:15 - [MESSAGE][WARNING] - Timeout '0' is invalid. Using default page load timeout: '30'

2019-01-15 16:52:16 - [MESSAGE][PASSED] - Object 'Object Repository/FSM1/Release 21/Page_JClient/td_0Fully compliant issues rap' is present

2019-01-15 16:52:16 - [TEST_STEP][PASSED] - verifyElementPresent(findTestObject("Object Repository/FSM1/Release 21/Page_JClient/td_0No product entering livest"), 0): Object 'Object Repository/FSM1/Release 21/Page_JClient/td_0No product entering livest' is present

2019-01-15 16:52:16 - [MESSAGE][WARNING] - Timeout '0' is invalid. Using default page load timeout: '30'

2019-01-15 16:52:16 - [MESSAGE][PASSED] - Object 'Object Repository/FSM1/Release 21/Page_JClient/td_0No product entering livest' is present

2019-01-15 16:52:16 - [TEST_STEP][PASSED] - verifyElementPresent(findTestObject("Object Repository/FSM1/Release 21/Page_JClient/td_0Not required or complete a"), 0): Object 'Object Repository/FSM1/Release 21/Page_JClient/td_0Not required or complete a' is present

2019-01-15 16:52:16 - [MESSAGE][WARNING] - Timeout '0' is invalid. Using default page load timeout: '30'

2019-01-15 16:52:16 - [MESSAGE][PASSED] - Object 'Object Repository/FSM1/Release 21/Page_JClient/td_0Not required or complete a' is present

2019-01-15 16:52:16 - [TEST_STEP][PASSED] - verifyElementPresent(findTestObject("Object Repository/FSM1/Release 21/Page_JClient/td_0Very low throughput1 tonne"), 0): Object 'Object Repository/FSM1/Release 21/Page_JClient/td_0Very low throughput1 tonne' is present

2019-01-15 16:52:16 - [MESSAGE][WARNING] - Timeout '0' is invalid. Using default page load timeout: '30'

2019-01-15 16:52:16 - [MESSAGE][PASSED] - Object 'Object Repository/FSM1/Release 21/Page_JClient/td_0Very low throughput1 tonne' is present

2019-01-15 16:52:16 - [TEST_STEP][PASSED] - verifyElementPresent(findTestObject("Object Repository/FSM1/Release 21/Page_JClient/td_3Cat 3 material  catering w"), 0): Object 'Object Repository/FSM1/Release 21/Page_JClient/td_3Cat 3 material  catering w' is present

2019-01-15 16:52:16 - [MESSAGE][WARNING] - Timeout '0' is invalid. Using default page load timeout: '30'

2019-01-15 16:52:16 - [MESSAGE][PASSED] - Object 'Object Repository/FSM1/Release 21/Page_JClient/td_3Cat 3 material  catering w' is present

2019-01-15 16:52:16 - [TEST_STEP][PASSED] - verifyElementPresent(findTestObject("Object Repository/FSM1/Release 21/Page_JClient/td_What is the potential risk"), 0): Object 'Object Repository/FSM1/Release 21/Page_JClient/td_What is the potential risk' is present

2019-01-15 16:52:16 - [MESSAGE][WARNING] - Timeout '0' is invalid. Using default page load timeout: '30'

2019-01-15 16:52:16 - [MESSAGE][PASSED] - Object 'Object Repository/FSM1/Release 21/Page_JClient/td_What is the potential risk' is present

2019-01-15 16:52:16 - [TEST_STEP][PASSED] - verifyElementPresent(findTestObject("Object Repository/FSM1/Release 21/Page_JClient/td_0No product entering livest"), 0): Object 'Object Repository/FSM1/Release 21/Page_JClient/td_0No product entering livest' is present

2019-01-15 16:52:16 - [MESSAGE][WARNING] - Timeout '0' is invalid. Using default page load timeout: '30'

2019-01-15 16:52:16 - [MESSAGE][PASSED] - Object 'Object Repository/FSM1/Release 21/Page_JClient/td_0No product entering livest' is present

2019-01-15 16:52:16 - [TEST_STEP][PASSED] - verifyElementPresent(findTestObject("Object Repository/FSM1/Release 21/Page_JClient/td_5Potential risk of product"), 0): Object 'Object Repository/FSM1/Release 21/Page_JClient/td_5Potential risk of product' is present

2019-01-15 16:52:16 - [MESSAGE][WARNING] - Timeout '0' is invalid. Using default page load timeout: '30'

2019-01-15 16:52:16 - [MESSAGE][PASSED] - Object 'Object Repository/FSM1/Release 21/Page_JClient/td_5Potential risk of product' is present

2019-01-15 16:52:16 - [TEST_STEP][PASSED] - verifyElementPresent(findTestObject("Object Repository/FSM1/Release 21/Page_JClient/td_15Potential risk of the pro"), 0): Object 'Object Repository/FSM1/Release 21/Page_JClient/td_15Potential risk of the pro' is present

2019-01-15 16:52:16 - [MESSAGE][WARNING] - Timeout '0' is invalid. Using default page load timeout: '30'

2019-01-15 16:52:16 - [MESSAGE][PASSED] - Object 'Object Repository/FSM1/Release 21/Page_JClient/td_15Potential risk of the pro' is present]]></system-out>
         <system-err><![CDATA[]]></system-err>
      </testcase>
      <testcase name="Test Cases/ABP/Generic/Complete ABP Inspection - Complete" classname="Test Cases/ABP/Generic/Complete ABP Inspection - Complete" status="PASSED">
         <system-out><![CDATA[2019-01-15 16:52:16 - [TEST_CASE][PASSED] - Test Cases/ABP/Generic/Complete ABP Inspection - Complete: Test Cases/ABP/Generic/Complete ABP Inspection - Complete

2019-01-15 16:52:16 - [TEST_STEP][PASSED] - delay(2): Delayed 2 second(s)

2019-01-15 16:52:18 - [MESSAGE][PASSED] - Delayed 2 second(s)

2019-01-15 16:52:18 - [TEST_STEP][PASSED] - click(findTestObject("Object Repository/FSM1/Complete ABP Inspection/Complete ABP01a Inspection/Page_JClient/div_STARTED (locked)")): Object: 'Object Repository/FSM1/Complete ABP Inspection/Complete ABP01a Inspection/Page_JClient/div_STARTED (locked)' is clicked on

2019-01-15 16:52:18 - [MESSAGE][PASSED] - Object: 'Object Repository/FSM1/Complete ABP Inspection/Complete ABP01a Inspection/Page_JClient/div_STARTED (locked)' is clicked on

2019-01-15 16:52:18 - [TEST_STEP][PASSED] - delay(2): Delayed 2 second(s)

2019-01-15 16:52:20 - [MESSAGE][PASSED] - Delayed 2 second(s)

2019-01-15 16:52:20 - [TEST_STEP][PASSED] - click(findTestObject("Object Repository/FSM1/Complete ABP Inspection/Complete ABP01a Inspection/Page_JClient/div_COMPLETED")): Object: 'Object Repository/FSM1/Complete ABP Inspection/Complete ABP01a Inspection/Page_JClient/div_COMPLETED' is clicked on

2019-01-15 16:52:20 - [MESSAGE][PASSED] - Object: 'Object Repository/FSM1/Complete ABP Inspection/Complete ABP01a Inspection/Page_JClient/div_COMPLETED' is clicked on

2019-01-15 16:52:20 - [TEST_STEP][PASSED] - selectOptionByValue(findTestObject("Object Repository/FSM1/Complete ABP Inspection/Complete ABP01a Inspection/Page_JClient/select_Yes"), "COMPLETED", true): All options with value 'COMPLETED' are selected in object 'Object Repository/FSM1/Complete ABP Inspection/Complete ABP01a Inspection/Page_JClient/select_Yes'  using regular expression

2019-01-15 16:52:21 - [MESSAGE][PASSED] - All options with value 'COMPLETED' are selected in object 'Object Repository/FSM1/Complete ABP Inspection/Complete ABP01a Inspection/Page_JClient/select_Yes'  using regular expression

2019-01-15 16:52:21 - [TEST_STEP][PASSED] - delay(3): Delayed 3 second(s)

2019-01-15 16:52:24 - [MESSAGE][PASSED] - Delayed 3 second(s)

2019-01-15 16:52:24 - [TEST_STEP][PASSED] - click(findTestObject("Object Repository/FSM1/Complete ABP Inspection/Complete ABP01a Inspection/Page_JClient/div_Save")): Object: 'Object Repository/FSM1/Complete ABP Inspection/Complete ABP01a Inspection/Page_JClient/div_Save' is clicked on

2019-01-15 16:52:24 - [MESSAGE][PASSED] - Object: 'Object Repository/FSM1/Complete ABP Inspection/Complete ABP01a Inspection/Page_JClient/div_Save' is clicked on

2019-01-15 16:52:24 - [TEST_STEP][PASSED] - delay(2): Delayed 2 second(s)

2019-01-15 16:52:26 - [MESSAGE][PASSED] - Delayed 2 second(s)

2019-01-15 16:52:26 - [TEST_STEP][PASSED] - click(findTestObject("Object Repository/FSM1/Complete ABP Inspection/Complete ABP01a Inspection/Page_JClient/div_Ok")): Object: 'Object Repository/FSM1/Complete ABP Inspection/Complete ABP01a Inspection/Page_JClient/div_Ok' is clicked on

2019-01-15 16:52:26 - [MESSAGE][PASSED] - Object: 'Object Repository/FSM1/Complete ABP Inspection/Complete ABP01a Inspection/Page_JClient/div_Ok' is clicked on

2019-01-15 16:52:26 - [TEST_STEP][PASSED] - delay(30): Delayed 30 second(s)

2019-01-15 16:52:56 - [MESSAGE][PASSED] - Delayed 30 second(s)]]></system-out>
         <system-err><![CDATA[]]></system-err>
      </testcase>
      <testcase name="Test Cases/Generic/Launch Job Manager Control Centre - Check Result" classname="Test Cases/Generic/Launch Job Manager Control Centre - Check Result" status="PASSED">
         <system-out><![CDATA[2019-01-15 16:52:56 - [TEST_CASE][PASSED] - Test Cases/Generic/Launch Job Manager Control Centre - Check Result: Test Cases/Generic/Launch Job Manager Control Centre - Check Result

2019-01-15 16:52:56 - [TEST_STEP][PASSED] - openBrowser(""): Browser is opened with url: ''

2019-01-15 16:52:56 - [MESSAGE][WARNING] - A browser is already opened. Closing browser and opening a new one

2019-01-15 16:52:57 - [MESSAGE][INFO] - Starting 'Chrome' driver

2019-01-15 16:52:59 - [MESSAGE][PASSED] - Browser is opened with url: ''

2019-01-15 16:52:59 - [TEST_STEP][PASSED] - navigateToUrl(CCURL): Navigate to 'https://kirona-def-6.kirona.com/jmprep/login#!loginView' successfully

2019-01-15 16:53:01 - [MESSAGE][PASSED] - Navigate to 'https://kirona-def-6.kirona.com/jmprep/login#!loginView' successfully

2019-01-15 16:53:01 - [TEST_STEP][PASSED] - setText(findTestObject("FSM1/Control Centre/Page_Job Manager Login/input_gwt-uid-3"), Username): Text 'jon.hatfield' is set on object 'Object Repository/FSM1/Control Centre/Page_Job Manager Login/input_gwt-uid-3'

2019-01-15 16:53:01 - [MESSAGE][PASSED] - Text 'jon.hatfield' is set on object 'Object Repository/FSM1/Control Centre/Page_Job Manager Login/input_gwt-uid-3'

2019-01-15 16:53:01 - [TEST_STEP][PASSED] - setText(findTestObject("FSM1/Control Centre/Page_Job Manager Login/input_gwt-uid-5"), Password): Text 'Fr@nc1sJ0n' is set on object 'Object Repository/FSM1/Control Centre/Page_Job Manager Login/input_gwt-uid-5'

2019-01-15 16:53:01 - [MESSAGE][PASSED] - Text 'Fr@nc1sJ0n' is set on object 'Object Repository/FSM1/Control Centre/Page_Job Manager Login/input_gwt-uid-5'

2019-01-15 16:53:01 - [TEST_STEP][PASSED] - delay(2): Delayed 2 second(s)

2019-01-15 16:53:03 - [MESSAGE][PASSED] - Delayed 2 second(s)

2019-01-15 16:53:03 - [TEST_STEP][PASSED] - click(findTestObject("FSM1/PreProd/Page_Job Manager Login/div_Login")): Object: 'Object Repository/FSM1/PreProd/Page_Job Manager Login/div_Login' is clicked on

2019-01-15 16:53:03 - [MESSAGE][PASSED] - Object: 'Object Repository/FSM1/PreProd/Page_Job Manager Login/div_Login' is clicked on

2019-01-15 16:53:03 - [TEST_STEP][PASSED] - delay(20): Delayed 20 second(s)

2019-01-15 16:53:23 - [MESSAGE][PASSED] - Delayed 20 second(s)]]></system-out>
         <system-err><![CDATA[]]></system-err>
      </testcase>
      <testcase name="Test Cases/ABP/ABPR04a/Control Centre - Check Results - ABPR04a" classname="Test Cases/ABP/ABPR04a/Control Centre - Check Results - ABPR04a" status="PASSED">
         <system-out><![CDATA[2019-01-15 16:53:23 - [TEST_CASE][PASSED] - Test Cases/ABP/ABPR04a/Control Centre - Check Results - ABPR04a: Test Cases/ABP/ABPR04a/Control Centre - Check Results - ABPR04a

2019-01-15 16:53:24 - [TEST_STEP][PASSED] - log = new com.kms.katalon.core.logging.KeywordLogger(): null

2019-01-15 16:53:24 - [TEST_STEP][PASSED] - setText(findTestObject("Object Repository/FSM1/EMI Check Results/Page_JM Control Centre/input_Recents_v-textfield v-wi"), temp): Text '101445' is set on object 'Object Repository/FSM1/EMI Check Results/Page_JM Control Centre/input_Recents_v-textfield v-wi'

2019-01-15 16:53:24 - [MESSAGE][PASSED] - Text '101445' is set on object 'Object Repository/FSM1/EMI Check Results/Page_JM Control Centre/input_Recents_v-textfield v-wi'

2019-01-15 16:53:24 - [TEST_STEP][PASSED] - click(findTestObject("Object Repository/FSM1/EMI Check Results/Page_JM Control Centre/span_")): Object: 'Object Repository/FSM1/EMI Check Results/Page_JM Control Centre/span_' is clicked on

2019-01-15 16:53:24 - [MESSAGE][PASSED] - Object: 'Object Repository/FSM1/EMI Check Results/Page_JM Control Centre/span_' is clicked on

2019-01-15 16:53:24 - [TEST_STEP][PASSED] - waitForElementPresent(findTestObject("Object Repository/FSM1/EMI Check Results/Page_JM Control Centre/div_CLOSED"), 60): Object 'Object Repository/FSM1/EMI Check Results/Page_JM Control Centre/div_CLOSED' is present

2019-01-15 16:53:26 - [MESSAGE][PASSED] - Object 'Object Repository/FSM1/EMI Check Results/Page_JM Control Centre/div_CLOSED' is present

2019-01-15 16:53:26 - [TEST_STEP][PASSED] - delay(3): Delayed 3 second(s)

2019-01-15 16:53:29 - [MESSAGE][PASSED] - Delayed 3 second(s)

2019-01-15 16:53:29 - [TEST_STEP][PASSED] - verifyElementPresent(findTestObject("FSM1/Complete ABP Inspection/Check Results/03a/Page_JM Control Centre/div_Attachments_ABPR17 - Backw"), 5): Object 'Object Repository/FSM1/Complete ABP Inspection/Check Results/03a/Page_JM Control Centre/div_Attachments_ABPR17 - Backw' is present

2019-01-15 16:53:29 - [MESSAGE][PASSED] - Object 'Object Repository/FSM1/Complete ABP Inspection/Check Results/03a/Page_JM Control Centre/div_Attachments_ABPR17 - Backw' is present

2019-01-15 16:53:29 - [TEST_STEP][PASSED] - verifyElementPresent(findTestObject("FSM1/Complete ABP Inspection/Check Results/03a/Page_JM Control Centre/div_Attachments_ABPR04A"), 5): Object 'Object Repository/FSM1/Complete ABP Inspection/Check Results/03a/Page_JM Control Centre/div_Attachments_ABPR04A' is present

2019-01-15 16:53:29 - [MESSAGE][PASSED] - Object 'Object Repository/FSM1/Complete ABP Inspection/Check Results/03a/Page_JM Control Centre/div_Attachments_ABPR04A' is present

2019-01-15 16:53:29 - [TEST_STEP][PASSED] - verifyElementPresent(findTestObject("FSM1/Complete ABP Inspection/ABPR02a/Page_JClient/Page_JM Control Centre/div_Attachments_ABPR15 - Micro"), 5): Object 'Object Repository/FSM1/Complete ABP Inspection/ABPR02a/Page_JClient/Page_JM Control Centre/div_Attachments_ABPR15 - Micro' is present

2019-01-15 16:53:29 - [MESSAGE][PASSED] - Object 'Object Repository/FSM1/Complete ABP Inspection/ABPR02a/Page_JClient/Page_JM Control Centre/div_Attachments_ABPR15 - Micro' is present

2019-01-15 16:53:29 - [TEST_STEP][PASSED] - verifyElementPresent(findTestObject("FSM1/Complete ABP Inspection/Check Results/03a/Page_JM Control Centre/div_Attachments_ABPR18 - Forwa"), 5): Object 'Object Repository/FSM1/Complete ABP Inspection/Check Results/03a/Page_JM Control Centre/div_Attachments_ABPR18 - Forwa' is present

2019-01-15 16:53:29 - [MESSAGE][PASSED] - Object 'Object Repository/FSM1/Complete ABP Inspection/Check Results/03a/Page_JM Control Centre/div_Attachments_ABPR18 - Forwa' is present]]></system-out>
         <system-err><![CDATA[]]></system-err>
      </testcase>
      <testcase name="Test Cases/Generic/Check Subsequent Inspection Exist" classname="Test Cases/Generic/Check Subsequent Inspection Exist" status="PASSED">
         <system-out><![CDATA[2019-01-15 16:53:29 - [TEST_CASE][PASSED] - Test Cases/Generic/Check Subsequent Inspection Exist: Test Cases/Generic/Check Subsequent Inspection Exist

2019-01-15 16:53:30 - [TEST_STEP][PASSED] - delay(2): Delayed 2 second(s)

2019-01-15 16:53:32 - [MESSAGE][PASSED] - Delayed 2 second(s)

2019-01-15 16:53:32 - [TEST_STEP][PASSED] - click(findTestObject("Object Repository/FSM1/Complete ABP Inspection/Check Subsequent Inspections/New/Page_JM Control Centre/div_")): Object: 'Object Repository/FSM1/Complete ABP Inspection/Check Subsequent Inspections/New/Page_JM Control Centre/div_' is clicked on

2019-01-15 16:53:32 - [MESSAGE][PASSED] - Object: 'Object Repository/FSM1/Complete ABP Inspection/Check Subsequent Inspections/New/Page_JM Control Centre/div_' is clicked on

2019-01-15 16:53:32 - [TEST_STEP][PASSED] - click(findTestObject("Object Repository/FSM1/Complete ABP Inspection/Check Subsequent Inspections/New/Page_JM Control Centre/span_List All Subordinate Jobs")): Object: 'Object Repository/FSM1/Complete ABP Inspection/Check Subsequent Inspections/New/Page_JM Control Centre/span_List All Subordinate Jobs' is clicked on

2019-01-15 16:53:32 - [MESSAGE][PASSED] - Object: 'Object Repository/FSM1/Complete ABP Inspection/Check Subsequent Inspections/New/Page_JM Control Centre/span_List All Subordinate Jobs' is clicked on

2019-01-15 16:53:32 - [TEST_STEP][PASSED] - delay(2): Delayed 2 second(s)

2019-01-15 16:53:34 - [MESSAGE][PASSED] - Delayed 2 second(s)

2019-01-15 16:53:34 - [TEST_STEP][PASSED] - verifyElementVisible(findTestObject("Object Repository/FSM1/Complete ABP Inspection/Check Subsequent Inspections/New/Page_JM Control Centre/div_2 found.")): Object 'Object Repository/FSM1/Complete ABP Inspection/Check Subsequent Inspections/New/Page_JM Control Centre/div_2 found.' is visible

2019-01-15 16:53:47 - [MESSAGE][PASSED] - Object 'Object Repository/FSM1/Complete ABP Inspection/Check Subsequent Inspections/New/Page_JM Control Centre/div_2 found.' is visible

2019-01-15 16:53:47 - [TEST_STEP][PASSED] - verifyElementNotPresent(findTestObject("JM_8918/New/Page_JM Control Centre/td_INVALID"), 2): Web element with id: 'Object Repository/JM_8918/New/Page_JM Control Centre/td_INVALID' located by 'By.xpath: //td[(text() = 'INVALID' or . = 'INVALID')]' is not present after '2' second(s)

2019-01-15 16:53:47 - [MESSAGE][PASSED] - Web element with id: 'Object Repository/JM_8918/New/Page_JM Control Centre/td_INVALID' located by 'By.xpath: //td[(text() = 'INVALID' or . = 'INVALID')]' is not present after '2' second(s)

2019-01-15 16:53:47 - [TEST_STEP][PASSED] - verifyElementNotPresent(findTestObject("JM_8918/New/Page_JM Control Centre/td_CREATING"), 2): Web element with id: 'Object Repository/JM_8918/New/Page_JM Control Centre/td_CREATING' located by 'By.xpath: //td[(text() = 'CREATING' or . = 'CREATING')]' is not present after '2' second(s)

2019-01-15 16:53:47 - [MESSAGE][PASSED] - Web element with id: 'Object Repository/JM_8918/New/Page_JM Control Centre/td_CREATING' located by 'By.xpath: //td[(text() = 'CREATING' or . = 'CREATING')]' is not present after '2' second(s)

2019-01-15 16:53:47 - [TEST_STEP][PASSED] - closeBrowser(): Browser is closed

2019-01-15 16:53:48 - [MESSAGE][PASSED] - Browser is closed]]></system-out>
         <system-err><![CDATA[]]></system-err>
      </testcase>
      <system-out><![CDATA[2019-01-15 16:47:14 - [TEST_SUITE][PASSED] - ABP Regression - 04a: Test Cases/Generic/Check Subsequent Inspection Exist]]></system-out>
      <system-err><![CDATA[]]></system-err>
   </testsuite>
</testsuites>
