<?xml version="1.0" encoding="UTF-8"?>
<testsuites name="EMI Hygiene Regression" time="472" tests="12" failures="0" errors="0">
   <testsuite name="EMI Hygiene Regression" tests="12" failures="0" errors="0" time="472" timestamp="2018-11-22 15:33:31" hostname="JHATFIELD - SNDFSMINFSRV001.defra.onmicrosoft.com" id="Test Suites/EMI/EMI Hygiene Regression">
      <properties>
         <property name="deviceName" value=""/>
         <property name="devicePlatform" value=""/>
         <property name="logFolder" value="C:\\Users\\JHATFIELD\\git\\DEFRA-FSM_Automated_Regression_NEW\\Reports\\EMI\\EMI Hygiene Regression\\20181122_152348"/>
         <property name="logFiles" value="C:\\Users\\JHATFIELD\\git\\DEFRA-FSM_Automated_Regression_NEW\\Reports\\EMI\\EMI Hygiene Regression\\20181122_152348\\execution0.log"/>
         <property name="attachments" value=""/>
         <property name="hostName" value="JHATFIELD - SNDFSMINFSRV001.defra.onmicrosoft.com"/>
         <property name="os" value="Windows Server 2016 64bit"/>
         <property name="katalonVersion" value="5.8.6.1"/>
         <property name="browser" value="Chrome 70.0.3538.102"/>
         <property name="hostAddress" value="10.201.1.17"/>
         <property name="sessionId" value="ab1186e102511cb699b4a350aabc6e52"/>
         <property name="seleniumVersion" value="3.7.1"/>
         <property name="proxyInformation" value="ProxyInformation{proxyOption=NO_PROXY, proxyServerType=HTTP, password=, proxyServerAddress=, proxyServerPort=0}"/>
         <property name="platform" value="Windows Server 2016"/>
      </properties>
      <testcase name="Test Cases/Generic/Launch Job Manager Control Centre" classname="Test Cases/Generic/Launch Job Manager Control Centre" status="PASSED">
         <system-out><![CDATA[2018-11-22 15:33:32 - [TEST_CASE][PASSED] - Test Cases/Generic/Launch Job Manager Control Centre: Test Cases/Generic/Launch Job Manager Control Centre

2018-11-22 15:33:33 - [TEST_STEP][PASSED] - openBrowser: Browser is opened with url: ''

2018-11-22 15:33:38 - [MESSAGE][PASSED] - Browser is opened with url: ''

2018-11-22 15:33:38 - [TEST_STEP][PASSED] - navigateToUrl: Navigate to 'https://kirona-def-6.kirona.com/jmprep/login#!loginView' successfully

2018-11-22 15:33:39 - [MESSAGE][PASSED] - Navigate to 'https://kirona-def-6.kirona.com/jmprep/login#!loginView' successfully

2018-11-22 15:33:39 - [TEST_STEP][PASSED] - setText: Text 'jon.hatfield' is set on object 'Object Repository/FSM1/Control Centre/Page_Job Manager Login/input_gwt-uid-3'

2018-11-22 15:33:41 - [MESSAGE][PASSED] - Text 'jon.hatfield' is set on object 'Object Repository/FSM1/Control Centre/Page_Job Manager Login/input_gwt-uid-3'

2018-11-22 15:33:41 - [TEST_STEP][PASSED] - setText: Text 'Fr@nc1sJ0n' is set on object 'Object Repository/FSM1/Control Centre/Page_Job Manager Login/input_gwt-uid-5'

2018-11-22 15:33:42 - [MESSAGE][PASSED] - Text 'Fr@nc1sJ0n' is set on object 'Object Repository/FSM1/Control Centre/Page_Job Manager Login/input_gwt-uid-5'

2018-11-22 15:33:42 - [TEST_STEP][PASSED] - click: Object: 'Object Repository/FSM1/PreProd/Page_Job Manager Login/div_Login' is clicked on

2018-11-22 15:33:42 - [MESSAGE][PASSED] - Object: 'Object Repository/FSM1/PreProd/Page_Job Manager Login/div_Login' is clicked on

2018-11-22 15:33:42 - [TEST_STEP][PASSED] - delay: Delayed 5 second(s)

2018-11-22 15:33:47 - [MESSAGE][PASSED] - Delayed 5 second(s)]]></system-out>
         <system-err><![CDATA[]]></system-err>
      </testcase>
      <testcase name="Test Cases/EMI/Create EMI Hygiene Inspection" classname="Test Cases/EMI/Create EMI Hygiene Inspection" status="PASSED">
         <system-out><![CDATA[2018-11-22 15:33:47 - [TEST_CASE][PASSED] - Test Cases/EMI/Create EMI Hygiene Inspection: Test Cases/EMI/Create EMI Hygiene Inspection

2018-11-22 15:33:48 - [TEST_STEP][PASSED] - Statement - logg = new com.kms.katalon.core.logging.KeywordLogger(): null

2018-11-22 15:33:48 - [TEST_STEP][PASSED] - click: Object: 'Object Repository/FSM1/Control Centre/Create EMI Inspection New/Page_JM Control Centre/div_Create' is clicked on

2018-11-22 15:33:49 - [MESSAGE][PASSED] - Object: 'Object Repository/FSM1/Control Centre/Create EMI Inspection New/Page_JM Control Centre/div_Create' is clicked on

2018-11-22 15:33:49 - [TEST_STEP][PASSED] - click: Object: 'Object Repository/FSM1/Control Centre/Create EMI Inspection New/Page_JM Control Centre/div_v-filterselect-button' is clicked on

2018-11-22 15:33:50 - [MESSAGE][PASSED] - Object: 'Object Repository/FSM1/Control Centre/Create EMI Inspection New/Page_JM Control Centre/div_v-filterselect-button' is clicked on

2018-11-22 15:33:50 - [TEST_STEP][PASSED] - setText: Text 'emi' is set on object 'Object Repository/FSM1/Control Centre/Create EMI Inspection New/Page_JM Control Centre/input_gwt-uid-8'

2018-11-22 15:33:51 - [MESSAGE][PASSED] - Text 'emi' is set on object 'Object Repository/FSM1/Control Centre/Create EMI Inspection New/Page_JM Control Centre/input_gwt-uid-8'

2018-11-22 15:33:51 - [TEST_STEP][PASSED] - click: Object: 'Object Repository/FSM1/Control Centre/Create EMI Inspection New/Page_JM Control Centre/span_EMI Hygiene Inspection' is clicked on

2018-11-22 15:33:51 - [MESSAGE][PASSED] - Object: 'Object Repository/FSM1/Control Centre/Create EMI Inspection New/Page_JM Control Centre/span_EMI Hygiene Inspection' is clicked on

2018-11-22 15:33:52 - [TEST_STEP][PASSED] - setText: Text '15' is set on object 'Object Repository/FSM1/Control Centre/Create EMI Inspection New/Page_JM Control Centre/input_gwt-uid-16'

2018-11-22 15:33:53 - [MESSAGE][PASSED] - Text '15' is set on object 'Object Repository/FSM1/Control Centre/Create EMI Inspection New/Page_JM Control Centre/input_gwt-uid-16'

2018-11-22 15:33:53 - [TEST_STEP][PASSED] - click: Object: 'Object Repository/FSM1/Control Centre/Create EMI Inspection New/Page_JM Control Centre/div_v-filterselect-button_1' is clicked on

2018-11-22 15:33:54 - [MESSAGE][PASSED] - Object: 'Object Repository/FSM1/Control Centre/Create EMI Inspection New/Page_JM Control Centre/div_v-filterselect-button_1' is clicked on

2018-11-22 15:33:54 - [TEST_STEP][PASSED] - click: Object: 'Object Repository/FSM1/Control Centre/Create EMI Inspection New/Page_JM Control Centre/span_24 Hours' is clicked on

2018-11-22 15:33:54 - [MESSAGE][PASSED] - Object: 'Object Repository/FSM1/Control Centre/Create EMI Inspection New/Page_JM Control Centre/span_24 Hours' is clicked on

2018-11-22 15:33:54 - [TEST_STEP][PASSED] - click: Object: 'Object Repository/FSM1/Control Centre/Create EMI Inspection New/Page_JM Control Centre/div_v-filterselect-button_2' is clicked on

2018-11-22 15:33:54 - [MESSAGE][PASSED] - Object: 'Object Repository/FSM1/Control Centre/Create EMI Inspection New/Page_JM Control Centre/div_v-filterselect-button_2' is clicked on

2018-11-22 15:33:55 - [TEST_STEP][PASSED] - click: Object: 'Object Repository/FSM1/Control Centre/Create EMI Inspection New/Page_JM Control Centre/span_West' is clicked on

2018-11-22 15:33:55 - [MESSAGE][PASSED] - Object: 'Object Repository/FSM1/Control Centre/Create EMI Inspection New/Page_JM Control Centre/span_West' is clicked on

2018-11-22 15:33:55 - [TEST_STEP][PASSED] - click: Object: 'Object Repository/FSM1/Control Centre/Create EMI Inspection New/Page_JM Control Centre/div_v-filterselect-button_2' is clicked on

2018-11-22 15:33:55 - [MESSAGE][PASSED] - Object: 'Object Repository/FSM1/Control Centre/Create EMI Inspection New/Page_JM Control Centre/div_v-filterselect-button_2' is clicked on

2018-11-22 15:33:55 - [TEST_STEP][PASSED] - click: Object: 'Object Repository/FSM1/Control Centre/Create EMI Inspection New/Page_JM Control Centre/span_EMI Hygiene Inspection' is clicked on

2018-11-22 15:33:56 - [MESSAGE][PASSED] - Object: 'Object Repository/FSM1/Control Centre/Create EMI Inspection New/Page_JM Control Centre/span_EMI Hygiene Inspection' is clicked on

2018-11-22 15:33:56 - [TEST_STEP][PASSED] - setText: Text 'Test Automation' is set on object 'Object Repository/FSM1/Control Centre/Create EMI Inspection New/Page_JM Control Centre/input_gwt-uid-34'

2018-11-22 15:33:56 - [MESSAGE][PASSED] - Text 'Test Automation' is set on object 'Object Repository/FSM1/Control Centre/Create EMI Inspection New/Page_JM Control Centre/input_gwt-uid-34'

2018-11-22 15:33:56 - [TEST_STEP][PASSED] - setText: Text '62814' is set on object 'Object Repository/FSM1/Control Centre/Create EMI Inspection New/Page_JM Control Centre/input_gwt-uid-40'

2018-11-22 15:33:57 - [MESSAGE][PASSED] - Text '62814' is set on object 'Object Repository/FSM1/Control Centre/Create EMI Inspection New/Page_JM Control Centre/input_gwt-uid-40'

2018-11-22 15:33:57 - [TEST_STEP][PASSED] - setText: Text '34107' is set on object 'Object Repository/FSM1/Control Centre/Create EMI Inspection New/Page_JM Control Centre/input_gwt-uid-42'

2018-11-22 15:33:57 - [MESSAGE][PASSED] - Text '34107' is set on object 'Object Repository/FSM1/Control Centre/Create EMI Inspection New/Page_JM Control Centre/input_gwt-uid-42'

2018-11-22 15:33:57 - [TEST_STEP][PASSED] - click: Object: 'Object Repository/FSM1/Control Centre/Create EMI Inspection/Page_JM Control Centre/span_' is clicked on

2018-11-22 15:33:58 - [MESSAGE][PASSED] - Object: 'Object Repository/FSM1/Control Centre/Create EMI Inspection/Page_JM Control Centre/span_' is clicked on

2018-11-22 15:33:58 - [TEST_STEP][PASSED] - click: Object: 'Object Repository/FSM1/Control Centre/Create EMI Inspection/Address Search/Page_JM Control Centre/Postcode Search' is clicked on

2018-11-22 15:34:00 - [MESSAGE][PASSED] - Object: 'Object Repository/FSM1/Control Centre/Create EMI Inspection/Address Search/Page_JM Control Centre/Postcode Search' is clicked on

2018-11-22 15:34:00 - [TEST_STEP][PASSED] - setText: Text 'WR5 2NQ' is set on object 'Object Repository/FSM1/PreProd/Page_JM Control Centre/PostcodeSearch'

2018-11-22 15:34:00 - [MESSAGE][PASSED] - Text 'WR5 2NQ' is set on object 'Object Repository/FSM1/PreProd/Page_JM Control Centre/PostcodeSearch'

2018-11-22 15:34:00 - [TEST_STEP][PASSED] - click: Object: 'Object Repository/FSM1/Control Centre/Create EMI Inspection/Create Address/Page_JM Control Centre (1)/SearchButton' is clicked on

2018-11-22 15:34:01 - [MESSAGE][PASSED] - Object: 'Object Repository/FSM1/Control Centre/Create EMI Inspection/Create Address/Page_JM Control Centre (1)/SearchButton' is clicked on

2018-11-22 15:34:01 - [TEST_STEP][PASSED] - Statement - FullAddress = com.kms.katalon.core.webui.keyword.WebUiBuiltInKeywords.modifyObjectProperty(com.kms.katalon.core.testobject.ObjectRepository.findTestObject(FSM1/Control Centre/Create EMI Inspection/Page_JM Control Centre/Address), "text", "equals", com.kms.katalon.core.testdata.TestDataFactory.findTestData(Pre Production/EMI/EMI Inspection Data).getValue(2, 1), true): Modify property of object successfully

2018-11-22 15:34:01 - [MESSAGE][PASSED] - Modify property of object successfully

2018-11-22 15:34:01 - [TEST_STEP][PASSED] - click: Object: 'Object Repository/FSM1/Control Centre/Create EMI Inspection/Page_JM Control Centre/Address' is clicked on

2018-11-22 15:34:02 - [MESSAGE][PASSED] - Object: 'Object Repository/FSM1/Control Centre/Create EMI Inspection/Page_JM Control Centre/Address' is clicked on

2018-11-22 15:34:02 - [TEST_STEP][PASSED] - click: Object: 'Object Repository/FSM1/Control Centre/Create EMI Inspection/Create Address/Page_JM Control Centre (2)/div_Add Selected Item' is clicked on

2018-11-22 15:34:03 - [MESSAGE][PASSED] - Object: 'Object Repository/FSM1/Control Centre/Create EMI Inspection/Create Address/Page_JM Control Centre (2)/div_Add Selected Item' is clicked on

2018-11-22 15:34:03 - [TEST_STEP][PASSED] - delay: Delayed 2 second(s)

2018-11-22 15:34:05 - [MESSAGE][PASSED] - Delayed 2 second(s)

2018-11-22 15:34:05 - [TEST_STEP][PASSED] - setText: Text 'test' is set on object 'Object Repository/FSM1/Control Centre/Create EMI Inspection/FixedResource/Page_JM Control Centre (3)/input_gwt-uid-137'

2018-11-22 15:34:06 - [MESSAGE][PASSED] - Text 'test' is set on object 'Object Repository/FSM1/Control Centre/Create EMI Inspection/FixedResource/Page_JM Control Centre (3)/input_gwt-uid-137'

2018-11-22 15:34:06 - [TEST_STEP][PASSED] - click: Object: 'Object Repository/FSM1/Control Centre/Create EMI Inspection New/Page_JM Control Centre/span_Test Inspector' is clicked on

2018-11-22 15:34:06 - [MESSAGE][PASSED] - Object: 'Object Repository/FSM1/Control Centre/Create EMI Inspection New/Page_JM Control Centre/span_Test Inspector' is clicked on

2018-11-22 15:34:06 - [TEST_STEP][PASSED] - click: Object: 'Object Repository/FSM1/Control Centre/Create EMI Inspection/Finish/Page_JM Control Centre (3)/div_Create' is clicked on

2018-11-22 15:34:06 - [MESSAGE][PASSED] - Object: 'Object Repository/FSM1/Control Centre/Create EMI Inspection/Finish/Page_JM Control Centre (3)/div_Create' is clicked on

2018-11-22 15:34:07 - [TEST_STEP][PASSED] - waitForElementPresent: Object 'Object Repository/FSM1/Control Centre/Status/Page_JM Control Centre/div_PLANNED DYNAMIC' is present

2018-11-22 15:35:03 - [MESSAGE][PASSED] - Object 'Object Repository/FSM1/Control Centre/Status/Page_JM Control Centre/div_PLANNED DYNAMIC' is present

2018-11-22 15:35:03 - [TEST_STEP][PASSED] - Statement - InspectionID = com.kms.katalon.core.webui.keyword.WebUiBuiltInKeywords.getText(com.kms.katalon.core.testobject.ObjectRepository.findTestObject(FSM1/Control Centre/Create EMI Inspection/InspectionID/Page_JM Control Centre/InspectionID)): Text of object 'Object Repository/FSM1/Control Centre/Create EMI Inspection/InspectionID/Page_JM Control Centre/InspectionID' is: 'Viewing Job 91339'

2018-11-22 15:35:03 - [MESSAGE][PASSED] - Text of object 'Object Repository/FSM1/Control Centre/Create EMI Inspection/InspectionID/Page_JM Control Centre/InspectionID' is: 'Viewing Job 91339'

2018-11-22 15:35:03 - [TEST_STEP][PASSED] - Statement - InspectionID = InspectionID.replaceAll("Viewing Job ", ""): null

2018-11-22 15:35:03 - [TEST_STEP][PASSED] - Statement - logg.logWarning(InspectionID): 91339

2018-11-22 15:35:03 - [MESSAGE][WARNING] - 91339

2018-11-22 15:35:03 - [TEST_STEP][PASSED] - Statement - temp = InspectionID: null

2018-11-22 15:35:03 - [TEST_STEP][PASSED] - delay: Delayed 200 second(s)

2018-11-22 15:38:23 - [MESSAGE][PASSED] - Delayed 200 second(s)]]></system-out>
         <system-err><![CDATA[]]></system-err>
      </testcase>
      <testcase name="Test Cases/Generic/Launch Job Manager" classname="Test Cases/Generic/Launch Job Manager" status="PASSED">
         <system-out><![CDATA[2018-11-22 15:38:23 - [TEST_CASE][PASSED] - Test Cases/Generic/Launch Job Manager: Test Cases/Generic/Launch Job Manager

2018-11-22 15:38:24 - [TEST_STEP][PASSED] - openBrowser: Browser is opened with url: ''

2018-11-22 15:38:24 - [MESSAGE][WARNING] - A browser is already opened. Closing browser and opening a new one

2018-11-22 15:38:27 - [MESSAGE][PASSED] - Browser is opened with url: ''

2018-11-22 15:38:27 - [TEST_STEP][PASSED] - navigateToUrl: Navigate to 'https://kirona-def-6.kirona.com/jmprep/jclient/jclient.html' successfully

2018-11-22 15:38:28 - [MESSAGE][PASSED] - Navigate to 'https://kirona-def-6.kirona.com/jmprep/jclient/jclient.html' successfully

2018-11-22 15:38:28 - [TEST_STEP][PASSED] - setText: Text 'KIR1' is set on object 'Object Repository/FSM1/Launch Application/Page_JClient/input_gwt-TextBox GKH2EKQBMDB'

2018-11-22 15:38:31 - [MESSAGE][PASSED] - Text 'KIR1' is set on object 'Object Repository/FSM1/Launch Application/Page_JClient/input_gwt-TextBox GKH2EKQBMDB'

2018-11-22 15:38:31 - [TEST_STEP][PASSED] - sendKeys: Keys 'ENTER + ' sent to object: 'Object Repository/FSM1/Launch Application/Page_JClient/input_gwt-TextBox GKH2EKQBMDB'

2018-11-22 15:38:31 - [MESSAGE][PASSED] - Keys 'ENTER + ' sent to object: 'Object Repository/FSM1/Launch Application/Page_JClient/input_gwt-TextBox GKH2EKQBMDB'

2018-11-22 15:38:31 - [TEST_STEP][PASSED] - click: Object: 'Object Repository/FSM1/Launch Application/Page_JClient/div_Configure App' is clicked on

2018-11-22 15:38:31 - [MESSAGE][PASSED] - Object: 'Object Repository/FSM1/Launch Application/Page_JClient/div_Configure App' is clicked on

2018-11-22 15:38:31 - [TEST_STEP][PASSED] - setText: Text 'test.inspector' is set on object 'Object Repository/FSM1/Launch Application/Page_JClient/input_gwt-TextBox GKH2EKQBNHC'

2018-11-22 15:38:32 - [MESSAGE][PASSED] - Text 'test.inspector' is set on object 'Object Repository/FSM1/Launch Application/Page_JClient/input_gwt-TextBox GKH2EKQBNHC'

2018-11-22 15:38:32 - [TEST_STEP][PASSED] - setText: Text 'Password1.' is set on object 'Object Repository/FSM1/Launch Application/Page_JClient/input_gwt-PasswordTextBox GKH2'

2018-11-22 15:38:32 - [MESSAGE][PASSED] - Text 'Password1.' is set on object 'Object Repository/FSM1/Launch Application/Page_JClient/input_gwt-PasswordTextBox GKH2'

2018-11-22 15:38:32 - [TEST_STEP][PASSED] - click: Object: 'Object Repository/FSM1/Launch Application/Page_JClient/div_Sign In' is clicked on

2018-11-22 15:38:32 - [MESSAGE][PASSED] - Object: 'Object Repository/FSM1/Launch Application/Page_JClient/div_Sign In' is clicked on

2018-11-22 15:38:32 - [TEST_STEP][PASSED] - delay: Delayed 15 second(s)

2018-11-22 15:38:47 - [MESSAGE][PASSED] - Delayed 15 second(s)]]></system-out>
         <system-err><![CDATA[]]></system-err>
      </testcase>
      <testcase name="Test Cases/Generic/Select Inspection" classname="Test Cases/Generic/Select Inspection" status="PASSED">
         <system-out><![CDATA[2018-11-22 15:38:47 - [TEST_CASE][PASSED] - Test Cases/Generic/Select Inspection: Test Cases/Generic/Select Inspection

2018-11-22 15:38:48 - [TEST_STEP][PASSED] - delay: Delayed 30 second(s)

2018-11-22 15:39:18 - [MESSAGE][PASSED] - Delayed 30 second(s)

2018-11-22 15:39:18 - [TEST_STEP][PASSED] - waitForElementClickable: Object 'Object Repository/FSM1/Select Inspection/Landing/Refresh' is clickable

2018-11-22 15:39:18 - [MESSAGE][PASSED] - Object 'Object Repository/FSM1/Select Inspection/Landing/Refresh' is clickable

2018-11-22 15:39:18 - [TEST_STEP][PASSED] - click: Object: 'Object Repository/FSM1/Select Inspection/Landing/Refresh' is clicked on

2018-11-22 15:39:18 - [MESSAGE][PASSED] - Object: 'Object Repository/FSM1/Select Inspection/Landing/Refresh' is clicked on

2018-11-22 15:39:18 - [TEST_STEP][PASSED] - waitForElementClickable: Object 'Object Repository/FSM1/Select Inspection/Landing/Refresh' is clickable

2018-11-22 15:39:19 - [MESSAGE][PASSED] - Object 'Object Repository/FSM1/Select Inspection/Landing/Refresh' is clickable

2018-11-22 15:39:19 - [TEST_STEP][NOT_RUN] - delay: NOT_RUN: delay

2018-11-22 15:39:19 - [MESSAGE][NOT_RUN] - NOT_RUN: delay

2018-11-22 15:39:19 - [TEST_STEP][PASSED] - Statement - InspectionRef = com.kms.katalon.core.webui.keyword.WebUiBuiltInKeywords.modifyObjectProperty(com.kms.katalon.core.testobject.ObjectRepository.findTestObject(FSM1/Select Inspection/Landing/Page_JClient/div_35098), "text", "equals", temp, true, STOP_ON_FAILURE): Modify property of object successfully

2018-11-22 15:39:19 - [MESSAGE][PASSED] - Modify property of object successfully

2018-11-22 15:39:19 - [TEST_STEP][PASSED] - delay: Delayed 20 second(s)

2018-11-22 15:39:39 - [MESSAGE][PASSED] - Delayed 20 second(s)

2018-11-22 15:39:39 - [TEST_STEP][PASSED] - Statement - If (com.kms.katalon.core.webui.keyword.WebUiBuiltInKeywords.verifyElementPresent(InspectionRef, 30, OPTIONAL)): Object: 'Object Repository/FSM1/Select Inspection/Landing/Page_JClient/div_35098' is clicked on

2018-11-22 15:39:39 - [MESSAGE][PASSED] - Object 'Object Repository/FSM1/Select Inspection/Landing/Page_JClient/div_35098' is present

2018-11-22 15:39:39 - [TEST_STEP][PASSED] - delay: Delayed 3 second(s)

2018-11-22 15:39:42 - [MESSAGE][PASSED] - Delayed 3 second(s)

2018-11-22 15:39:42 - [TEST_STEP][PASSED] - click: Object: 'Object Repository/FSM1/Select Inspection/Landing/Page_JClient/div_35098' is clicked on

2018-11-22 15:39:43 - [MESSAGE][PASSED] - Object: 'Object Repository/FSM1/Select Inspection/Landing/Page_JClient/div_35098' is clicked on

2018-11-22 15:39:43 - [TEST_STEP][PASSED] - click: Object: 'Object Repository/FSM1/Select Inspection/Page_JClient/div_WITH OPERATIVE' is clicked on

2018-11-22 15:39:43 - [MESSAGE][PASSED] - Object: 'Object Repository/FSM1/Select Inspection/Page_JClient/div_WITH OPERATIVE' is clicked on

2018-11-22 15:39:43 - [TEST_STEP][PASSED] - delay: Delayed 2 second(s)

2018-11-22 15:39:45 - [MESSAGE][PASSED] - Delayed 2 second(s)

2018-11-22 15:39:45 - [TEST_STEP][PASSED] - click: Object: 'Object Repository/FSM1/Select Inspection/Page_JClient/div_TRAVELLING' is clicked on

2018-11-22 15:39:46 - [MESSAGE][PASSED] - Object: 'Object Repository/FSM1/Select Inspection/Page_JClient/div_TRAVELLING' is clicked on

2018-11-22 15:39:46 - [TEST_STEP][PASSED] - delay: Delayed 2 second(s)

2018-11-22 15:39:48 - [MESSAGE][PASSED] - Delayed 2 second(s)

2018-11-22 15:39:48 - [TEST_STEP][PASSED] - click: Object: 'Object Repository/FSM1/Select Inspection/Page_JClient/div_TRAVELLING' is clicked on

2018-11-22 15:39:48 - [MESSAGE][PASSED] - Object: 'Object Repository/FSM1/Select Inspection/Page_JClient/div_TRAVELLING' is clicked on

2018-11-22 15:39:48 - [TEST_STEP][PASSED] - delay: Delayed 2 second(s)

2018-11-22 15:39:50 - [MESSAGE][PASSED] - Delayed 2 second(s)

2018-11-22 15:39:50 - [TEST_STEP][PASSED] - click: Object: 'Object Repository/FSM1/Select Inspection/Page_JClient/div_ARRIVED' is clicked on

2018-11-22 15:39:50 - [MESSAGE][PASSED] - Object: 'Object Repository/FSM1/Select Inspection/Page_JClient/div_ARRIVED' is clicked on

2018-11-22 15:39:50 - [TEST_STEP][PASSED] - delay: Delayed 2 second(s)

2018-11-22 15:39:52 - [MESSAGE][PASSED] - Delayed 2 second(s)

2018-11-22 15:39:52 - [TEST_STEP][PASSED] - click: Object: 'Object Repository/FSM1/Select Inspection/Page_JClient/div_ARRIVED' is clicked on

2018-11-22 15:39:52 - [MESSAGE][PASSED] - Object: 'Object Repository/FSM1/Select Inspection/Page_JClient/div_ARRIVED' is clicked on

2018-11-22 15:39:52 - [TEST_STEP][PASSED] - delay: Delayed 4 second(s)

2018-11-22 15:39:56 - [MESSAGE][PASSED] - Delayed 4 second(s)

2018-11-22 15:39:56 - [TEST_STEP][PASSED] - click: Object: 'Object Repository/FSM1/Select Inspection/Page_JClient/div_STARTED' is clicked on

2018-11-22 15:39:56 - [MESSAGE][PASSED] - Object: 'Object Repository/FSM1/Select Inspection/Page_JClient/div_STARTED' is clicked on

2018-11-22 15:39:56 - [TEST_STEP][PASSED] - delay: Delayed 2 second(s)

2018-11-22 15:39:58 - [MESSAGE][PASSED] - Delayed 2 second(s)]]></system-out>
         <system-err><![CDATA[]]></system-err>
      </testcase>
      <testcase name="Test Cases/EMI/Complete EMI Hygiene Inspection - Edit Attributes" classname="Test Cases/EMI/Complete EMI Hygiene Inspection - Edit Attributes" status="PASSED">
         <system-out><![CDATA[2018-11-22 15:39:58 - [TEST_CASE][PASSED] - Test Cases/EMI/Complete EMI Hygiene Inspection - Edit Attributes: Test Cases/EMI/Complete EMI Hygiene Inspection - Edit Attributes

2018-11-22 15:39:59 - [TEST_STEP][PASSED] - click: Object: 'Object Repository/FSM1/EMI Hygiene1/Page_JClient/div_Edit attributes' is clicked on

2018-11-22 15:39:59 - [MESSAGE][PASSED] - Object: 'Object Repository/FSM1/EMI Hygiene1/Page_JClient/div_Edit attributes' is clicked on

2018-11-22 15:39:59 - [TEST_STEP][PASSED] - delay: Delayed 3 second(s)

2018-11-22 15:40:02 - [MESSAGE][PASSED] - Delayed 3 second(s)

2018-11-22 15:40:02 - [TEST_STEP][PASSED] - setText: Text 'Test automation' is set on object 'Object Repository/FSM1/EMI Hygiene1/Page_JClient/input_Trading Name_gwt-TextBox'

2018-11-22 15:40:02 - [MESSAGE][PASSED] - Text 'Test automation' is set on object 'Object Repository/FSM1/EMI Hygiene1/Page_JClient/input_Trading Name_gwt-TextBox'

2018-11-22 15:40:02 - [TEST_STEP][PASSED] - selectOptionByValue: All options with value 'COMPLIANCE' are selected in object 'Object Repository/FSM1/EMI Hygiene1/Page_JClient/select_Compliance (Schedule  A'  using regular expression

2018-11-22 15:40:02 - [MESSAGE][PASSED] - All options with value 'COMPLIANCE' are selected in object 'Object Repository/FSM1/EMI Hygiene1/Page_JClient/select_Compliance (Schedule  A'  using regular expression

2018-11-22 15:40:02 - [TEST_STEP][PASSED] - click: Object: 'Object Repository/FSM1/EMI Hygiene1/Page_JClient/input_Production Type_gwt-uid-' is clicked on

2018-11-22 15:40:03 - [MESSAGE][PASSED] - Object: 'Object Repository/FSM1/EMI Hygiene1/Page_JClient/input_Production Type_gwt-uid-' is clicked on

2018-11-22 15:40:03 - [TEST_STEP][PASSED] - click: Object: 'Object Repository/FSM1/EMI Hygiene1/Page_JClient/div_Signatures  Remarks' is clicked on

2018-11-22 15:40:03 - [MESSAGE][PASSED] - Object: 'Object Repository/FSM1/EMI Hygiene1/Page_JClient/div_Signatures  Remarks' is clicked on

2018-11-22 15:40:03 - [TEST_STEP][PASSED] - click: Object: 'Object Repository/FSM1/EMI Hygiene1/Page_JClient/img_Inspector Signature_gwt-Im' is clicked on

2018-11-22 15:40:04 - [MESSAGE][PASSED] - Object: 'Object Repository/FSM1/EMI Hygiene1/Page_JClient/img_Inspector Signature_gwt-Im' is clicked on

2018-11-22 15:40:04 - [TEST_STEP][PASSED] - click: Object: 'Object Repository/FSM1/EMI Hygiene1/Page_JClient/div_Unable To Sign_Inspector' is clicked on

2018-11-22 15:40:06 - [MESSAGE][PASSED] - Object: 'Object Repository/FSM1/EMI Hygiene1/Page_JClient/div_Unable To Sign_Inspector' is clicked on

2018-11-22 15:40:06 - [TEST_STEP][PASSED] - click: Object: 'Object Repository/FSM1/EMI Hygiene1/Page_JClient/img_Recipient Signature_gwt-Im' is clicked on

2018-11-22 15:40:07 - [MESSAGE][PASSED] - Object: 'Object Repository/FSM1/EMI Hygiene1/Page_JClient/img_Recipient Signature_gwt-Im' is clicked on

2018-11-22 15:40:07 - [TEST_STEP][PASSED] - click: Object: 'Object Repository/FSM1/EMI Hygiene1/Page_JClient/div_Unable To Sign_Recipient' is clicked on

2018-11-22 15:40:08 - [MESSAGE][PASSED] - Object: 'Object Repository/FSM1/EMI Hygiene1/Page_JClient/div_Unable To Sign_Recipient' is clicked on

2018-11-22 15:40:08 - [TEST_STEP][PASSED] - setText: Text 'Test automation' is set on object 'Object Repository/FSM1/EMI Hygiene1/Page_JClient/input_Recipient Name_gwt-TextB'

2018-11-22 15:40:10 - [MESSAGE][PASSED] - Text 'Test automation' is set on object 'Object Repository/FSM1/EMI Hygiene1/Page_JClient/input_Recipient Name_gwt-TextB'

2018-11-22 15:40:10 - [TEST_STEP][PASSED] - click: Object: 'Object Repository/FSM1/EMI Hygiene1/Page_JClient/input_Recipient Position_radio' is clicked on

2018-11-22 15:40:10 - [MESSAGE][PASSED] - Object: 'Object Repository/FSM1/EMI Hygiene1/Page_JClient/input_Recipient Position_radio' is clicked on

2018-11-22 15:40:10 - [TEST_STEP][PASSED] - click: Object: 'Object Repository/FSM1/EMI Hygiene1/Page_JClient/div_Save_Sig' is clicked on

2018-11-22 15:40:10 - [MESSAGE][PASSED] - Object: 'Object Repository/FSM1/EMI Hygiene1/Page_JClient/div_Save_Sig' is clicked on

2018-11-22 15:40:10 - [TEST_STEP][PASSED] - click: Object: 'Object Repository/FSM1/EMI Hygiene1/Page_JClient/div_Save_edit' is clicked on

2018-11-22 15:40:11 - [MESSAGE][PASSED] - Object: 'Object Repository/FSM1/EMI Hygiene1/Page_JClient/div_Save_edit' is clicked on]]></system-out>
         <system-err><![CDATA[]]></system-err>
      </testcase>
      <testcase name="Test Cases/EMI/Complete EMI Hygiene Inspection - EMH09" classname="Test Cases/EMI/Complete EMI Hygiene Inspection - EMH09" status="PASSED">
         <system-out><![CDATA[2018-11-22 15:40:11 - [TEST_CASE][PASSED] - Test Cases/EMI/Complete EMI Hygiene Inspection - EMH09: Test Cases/EMI/Complete EMI Hygiene Inspection - EMH09

2018-11-22 15:40:12 - [TEST_STEP][PASSED] - click: Object: 'Object Repository/FSM1/EMI Hygiene1/EMH09/Page_JClient/div_EMH09' is clicked on

2018-11-22 15:40:12 - [MESSAGE][PASSED] - Object: 'Object Repository/FSM1/EMI Hygiene1/EMH09/Page_JClient/div_EMH09' is clicked on

2018-11-22 15:40:12 - [TEST_STEP][PASSED] - delay: Delayed 3 second(s)

2018-11-22 15:40:15 - [MESSAGE][PASSED] - Delayed 3 second(s)

2018-11-22 15:40:15 - [TEST_STEP][PASSED] - click: Object: 'Object Repository/FSM1/EMI Hygiene1/EMH09/Page_JClient/input_Facilities equipment kep' is clicked on

2018-11-22 15:40:15 - [MESSAGE][PASSED] - Object: 'Object Repository/FSM1/EMI Hygiene1/EMH09/Page_JClient/input_Facilities equipment kep' is clicked on

2018-11-22 15:40:15 - [TEST_STEP][PASSED] - click: Object: 'Object Repository/FSM1/EMI Hygiene1/EMH09/Page_JClient/input_Internal structures allo' is clicked on

2018-11-22 15:40:16 - [MESSAGE][PASSED] - Object: 'Object Repository/FSM1/EMI Hygiene1/EMH09/Page_JClient/input_Internal structures allo' is clicked on

2018-11-22 15:40:16 - [TEST_STEP][PASSED] - click: Object: 'Object Repository/FSM1/EMI Hygiene1/EMH09/Page_JClient/input_Birds can keep themselve' is clicked on

2018-11-22 15:40:16 - [MESSAGE][PASSED] - Object: 'Object Repository/FSM1/EMI Hygiene1/EMH09/Page_JClient/input_Birds can keep themselve' is clicked on

2018-11-22 15:40:16 - [TEST_STEP][PASSED] - click: Object: 'Object Repository/FSM1/EMI Hygiene1/EMH09/Page_JClient/input_Roofs and walls protect' is clicked on

2018-11-22 15:40:16 - [MESSAGE][PASSED] - Object: 'Object Repository/FSM1/EMI Hygiene1/EMH09/Page_JClient/input_Roofs and walls protect' is clicked on

2018-11-22 15:40:16 - [TEST_STEP][PASSED] - click: Object: 'Object Repository/FSM1/EMI Hygiene1/EMH09/Page_JClient/input_Adequate cleaning  disin' is clicked on

2018-11-22 15:40:16 - [MESSAGE][PASSED] - Object: 'Object Repository/FSM1/EMI Hygiene1/EMH09/Page_JClient/input_Adequate cleaning  disin' is clicked on

2018-11-22 15:40:16 - [TEST_STEP][PASSED] - click: Object: 'Object Repository/FSM1/EMI Hygiene1/EMH09/Page_JClient/input_No manure build-up in ca' is clicked on

2018-11-22 15:40:16 - [MESSAGE][PASSED] - Object: 'Object Repository/FSM1/EMI Hygiene1/EMH09/Page_JClient/input_No manure build-up in ca' is clicked on

2018-11-22 15:40:16 - [TEST_STEP][PASSED] - click: Object: 'Object Repository/FSM1/EMI Hygiene1/EMH09/Page_JClient/input_Droppings not falling on' is clicked on

2018-11-22 15:40:16 - [MESSAGE][PASSED] - Object: 'Object Repository/FSM1/EMI Hygiene1/EMH09/Page_JClient/input_Droppings not falling on' is clicked on

2018-11-22 15:40:16 - [TEST_STEP][PASSED] - click: Object: 'Object Repository/FSM1/EMI Hygiene1/EMH09/Page_JClient/input_Litter in good condition' is clicked on

2018-11-22 15:40:16 - [MESSAGE][PASSED] - Object: 'Object Repository/FSM1/EMI Hygiene1/EMH09/Page_JClient/input_Litter in good condition' is clicked on

2018-11-22 15:40:16 - [TEST_STEP][PASSED] - click: Object: 'Object Repository/FSM1/EMI Hygiene1/EMH09/Page_JClient/input_Outside conditions_radio' is clicked on

2018-11-22 15:40:17 - [MESSAGE][PASSED] - Object: 'Object Repository/FSM1/EMI Hygiene1/EMH09/Page_JClient/input_Outside conditions_radio' is clicked on

2018-11-22 15:40:17 - [TEST_STEP][PASSED] - click: Object: 'Object Repository/FSM1/EMI Hygiene1/EMH09/Page_JClient/input_Facilities available to' is clicked on

2018-11-22 15:40:17 - [MESSAGE][PASSED] - Object: 'Object Repository/FSM1/EMI Hygiene1/EMH09/Page_JClient/input_Facilities available to' is clicked on

2018-11-22 15:40:17 - [TEST_STEP][PASSED] - click: Object: 'Object Repository/FSM1/EMI Hygiene1/EMH09/Page_JClient/input_Feed ingredient source a' is clicked on

2018-11-22 15:40:17 - [MESSAGE][PASSED] - Object: 'Object Repository/FSM1/EMI Hygiene1/EMH09/Page_JClient/input_Feed ingredient source a' is clicked on

2018-11-22 15:40:17 - [TEST_STEP][PASSED] - click: Object: 'Object Repository/FSM1/EMI Hygiene1/EMH09/Page_JClient/input_Finished feed source and' is clicked on

2018-11-22 15:40:17 - [MESSAGE][PASSED] - Object: 'Object Repository/FSM1/EMI Hygiene1/EMH09/Page_JClient/input_Finished feed source and' is clicked on

2018-11-22 15:40:17 - [TEST_STEP][PASSED] - click: Object: 'Object Repository/FSM1/EMI Hygiene1/EMH09/Page_JClient/input_Source and use of supple' is clicked on

2018-11-22 15:40:17 - [MESSAGE][PASSED] - Object: 'Object Repository/FSM1/EMI Hygiene1/EMH09/Page_JClient/input_Source and use of supple' is clicked on

2018-11-22 15:40:17 - [TEST_STEP][PASSED] - click: Object: 'Object Repository/FSM1/EMI Hygiene1/EMH09/Page_JClient/input_Risks from feed consumpt' is clicked on

2018-11-22 15:40:18 - [MESSAGE][PASSED] - Object: 'Object Repository/FSM1/EMI Hygiene1/EMH09/Page_JClient/input_Risks from feed consumpt' is clicked on

2018-11-22 15:40:18 - [TEST_STEP][PASSED] - click: Object: 'Object Repository/FSM1/EMI Hygiene1/EMH09/Page_JClient/input_Feed system cleaned  dis' is clicked on

2018-11-22 15:40:18 - [MESSAGE][PASSED] - Object: 'Object Repository/FSM1/EMI Hygiene1/EMH09/Page_JClient/input_Feed system cleaned  dis' is clicked on

2018-11-22 15:40:18 - [TEST_STEP][PASSED] - click: Object: 'Object Repository/FSM1/EMI Hygiene1/EMH09/Page_JClient/input_Source of potable or cle' is clicked on

2018-11-22 15:40:18 - [MESSAGE][PASSED] - Object: 'Object Repository/FSM1/EMI Hygiene1/EMH09/Page_JClient/input_Source of potable or cle' is clicked on

2018-11-22 15:40:18 - [TEST_STEP][PASSED] - click: Object: 'Object Repository/FSM1/EMI Hygiene1/EMH09/Page_JClient/input_In-house drinking system' is clicked on

2018-11-22 15:40:18 - [MESSAGE][PASSED] - Object: 'Object Repository/FSM1/EMI Hygiene1/EMH09/Page_JClient/input_In-house drinking system' is clicked on

2018-11-22 15:40:18 - [TEST_STEP][PASSED] - click: Object: 'Object Repository/FSM1/EMI Hygiene1/EMH09/Page_JClient/input_Risks from water consump' is clicked on

2018-11-22 15:40:18 - [MESSAGE][PASSED] - Object: 'Object Repository/FSM1/EMI Hygiene1/EMH09/Page_JClient/input_Risks from water consump' is clicked on

2018-11-22 15:40:18 - [TEST_STEP][PASSED] - click: Object: 'Object Repository/FSM1/EMI Hygiene1/EMH09/Page_JClient/input_Water system cleaned  di' is clicked on

2018-11-22 15:40:19 - [MESSAGE][PASSED] - Object: 'Object Repository/FSM1/EMI Hygiene1/EMH09/Page_JClient/input_Water system cleaned  di' is clicked on

2018-11-22 15:40:19 - [TEST_STEP][PASSED] - click: Object: 'Object Repository/FSM1/EMI Hygiene1/EMH09/Page_JClient/input_Poultry houses stores an' is clicked on

2018-11-22 15:40:19 - [MESSAGE][PASSED] - Object: 'Object Repository/FSM1/EMI Hygiene1/EMH09/Page_JClient/input_Poultry houses stores an' is clicked on

2018-11-22 15:40:19 - [TEST_STEP][PASSED] - click: Object: 'Object Repository/FSM1/EMI Hygiene1/EMH09/Page_JClient/input_Evidence of pest activit' is clicked on

2018-11-22 15:40:19 - [MESSAGE][PASSED] - Object: 'Object Repository/FSM1/EMI Hygiene1/EMH09/Page_JClient/input_Evidence of pest activit' is clicked on

2018-11-22 15:40:19 - [TEST_STEP][PASSED] - click: Object: 'Object Repository/FSM1/EMI Hygiene1/EMH09/Page_JClient/input_Insects suitably control' is clicked on

2018-11-22 15:40:19 - [MESSAGE][PASSED] - Object: 'Object Repository/FSM1/EMI Hygiene1/EMH09/Page_JClient/input_Insects suitably control' is clicked on

2018-11-22 15:40:19 - [TEST_STEP][PASSED] - click: Object: 'Object Repository/FSM1/EMI Hygiene1/EMH09/Page_JClient/input_House surrounds clean an' is clicked on

2018-11-22 15:40:19 - [MESSAGE][PASSED] - Object: 'Object Repository/FSM1/EMI Hygiene1/EMH09/Page_JClient/input_House surrounds clean an' is clicked on

2018-11-22 15:40:19 - [TEST_STEP][PASSED] - click: Object: 'Object Repository/FSM1/EMI Hygiene1/EMH09/Page_JClient/input_Pest control procedures' is clicked on

2018-11-22 15:40:19 - [MESSAGE][PASSED] - Object: 'Object Repository/FSM1/EMI Hygiene1/EMH09/Page_JClient/input_Pest control procedures' is clicked on

2018-11-22 15:40:19 - [TEST_STEP][PASSED] - click: Object: 'Object Repository/FSM1/EMI Hygiene1/EMH09/Page_JClient/input_Dead birds removed daily' is clicked on

2018-11-22 15:40:20 - [MESSAGE][PASSED] - Object: 'Object Repository/FSM1/EMI Hygiene1/EMH09/Page_JClient/input_Dead birds removed daily' is clicked on

2018-11-22 15:40:20 - [TEST_STEP][PASSED] - click: Object: 'Object Repository/FSM1/EMI Hygiene1/EMH09/Page_JClient/input_Manure stored  removed s' is clicked on

2018-11-22 15:40:20 - [MESSAGE][PASSED] - Object: 'Object Repository/FSM1/EMI Hygiene1/EMH09/Page_JClient/input_Manure stored  removed s' is clicked on

2018-11-22 15:40:20 - [TEST_STEP][PASSED] - click: Object: 'Object Repository/FSM1/EMI Hygiene1/EMH09/Page_JClient/input_No incorrect use of medi' is clicked on

2018-11-22 15:40:20 - [MESSAGE][PASSED] - Object: 'Object Repository/FSM1/EMI Hygiene1/EMH09/Page_JClient/input_No incorrect use of medi' is clicked on

2018-11-22 15:40:20 - [TEST_STEP][PASSED] - click: Object: 'Object Repository/FSM1/EMI Hygiene1/EMH09/Page_JClient/input_All egg contact surfaces' is clicked on

2018-11-22 15:40:20 - [MESSAGE][PASSED] - Object: 'Object Repository/FSM1/EMI Hygiene1/EMH09/Page_JClient/input_All egg contact surfaces' is clicked on

2018-11-22 15:40:20 - [TEST_STEP][PASSED] - click: Object: 'Object Repository/FSM1/EMI Hygiene1/EMH09/Page_JClient/input_Cleaning frequency_radio' is clicked on

2018-11-22 15:40:20 - [MESSAGE][PASSED] - Object: 'Object Repository/FSM1/EMI Hygiene1/EMH09/Page_JClient/input_Cleaning frequency_radio' is clicked on

2018-11-22 15:40:20 - [TEST_STEP][PASSED] - click: Object: 'Object Repository/FSM1/EMI Hygiene1/EMH09/Page_JClient/input_Suitability of cleaning' is clicked on

2018-11-22 15:40:21 - [MESSAGE][PASSED] - Object: 'Object Repository/FSM1/EMI Hygiene1/EMH09/Page_JClient/input_Suitability of cleaning' is clicked on

2018-11-22 15:40:21 - [TEST_STEP][PASSED] - click: Object: 'Object Repository/FSM1/EMI Hygiene1/EMH09/Page_JClient/input_Vehicles and equipment c' is clicked on

2018-11-22 15:40:21 - [MESSAGE][PASSED] - Object: 'Object Repository/FSM1/EMI Hygiene1/EMH09/Page_JClient/input_Vehicles and equipment c' is clicked on

2018-11-22 15:40:21 - [TEST_STEP][PASSED] - click: Object: 'Object Repository/FSM1/EMI Hygiene1/EMH09/Page_JClient/input_Eggs kept dry out of dir' is clicked on

2018-11-22 15:40:21 - [MESSAGE][PASSED] - Object: 'Object Repository/FSM1/EMI Hygiene1/EMH09/Page_JClient/input_Eggs kept dry out of dir' is clicked on

2018-11-22 15:40:21 - [TEST_STEP][PASSED] - click: Object: 'Object Repository/FSM1/EMI Hygiene1/EMH09/Page_JClient/input_Egg storage facilities c' is clicked on

2018-11-22 15:40:21 - [MESSAGE][PASSED] - Object: 'Object Repository/FSM1/EMI Hygiene1/EMH09/Page_JClient/input_Egg storage facilities c' is clicked on

2018-11-22 15:40:21 - [TEST_STEP][PASSED] - click: Object: 'Object Repository/FSM1/EMI Hygiene1/EMH09/Page_JClient/input_Suitable temperatures ca' is clicked on

2018-11-22 15:40:21 - [MESSAGE][PASSED] - Object: 'Object Repository/FSM1/EMI Hygiene1/EMH09/Page_JClient/input_Suitable temperatures ca' is clicked on

2018-11-22 15:40:21 - [TEST_STEP][PASSED] - click: Object: 'Object Repository/FSM1/EMI Hygiene1/EMH09/Page_JClient/input_Packaging kept dry clean' is clicked on

2018-11-22 15:40:22 - [MESSAGE][PASSED] - Object: 'Object Repository/FSM1/EMI Hygiene1/EMH09/Page_JClient/input_Packaging kept dry clean' is clicked on

2018-11-22 15:40:22 - [TEST_STEP][PASSED] - click: Object: 'Object Repository/FSM1/EMI Hygiene1/EMH09/Page_JClient/input_Packaging protected from' is clicked on

2018-11-22 15:40:22 - [MESSAGE][PASSED] - Object: 'Object Repository/FSM1/EMI Hygiene1/EMH09/Page_JClient/input_Packaging protected from' is clicked on

2018-11-22 15:40:22 - [TEST_STEP][PASSED] - click: Object: 'Object Repository/FSM1/EMI Hygiene1/EMH09/Page_JClient/input_Re-used packaging clean' is clicked on

2018-11-22 15:40:22 - [MESSAGE][PASSED] - Object: 'Object Repository/FSM1/EMI Hygiene1/EMH09/Page_JClient/input_Re-used packaging clean' is clicked on

2018-11-22 15:40:22 - [TEST_STEP][PASSED] - click: Object: 'Object Repository/FSM1/EMI Hygiene1/EMH09/Page_JClient/input_Hand washing and drying' is clicked on

2018-11-22 15:40:22 - [MESSAGE][PASSED] - Object: 'Object Repository/FSM1/EMI Hygiene1/EMH09/Page_JClient/input_Hand washing and drying' is clicked on

2018-11-22 15:40:22 - [TEST_STEP][PASSED] - click: Object: 'Object Repository/FSM1/EMI Hygiene1/EMH09/Page_JClient/input_Food handlers in good he' is clicked on

2018-11-22 15:40:22 - [MESSAGE][PASSED] - Object: 'Object Repository/FSM1/EMI Hygiene1/EMH09/Page_JClient/input_Food handlers in good he' is clicked on

2018-11-22 15:40:22 - [TEST_STEP][PASSED] - click: Object: 'Object Repository/FSM1/EMI Hygiene1/EMH09/Page_JClient/input_Facilities provided (e.g' is clicked on

2018-11-22 15:40:22 - [MESSAGE][PASSED] - Object: 'Object Repository/FSM1/EMI Hygiene1/EMH09/Page_JClient/input_Facilities provided (e.g' is clicked on

2018-11-22 15:40:22 - [TEST_STEP][PASSED] - click: Object: 'Object Repository/FSM1/EMI Hygiene1/EMH09/Page_JClient/input_Nature and origin of fee' is clicked on

2018-11-22 15:40:23 - [MESSAGE][PASSED] - Object: 'Object Repository/FSM1/EMI Hygiene1/EMH09/Page_JClient/input_Nature and origin of fee' is clicked on

2018-11-22 15:40:23 - [TEST_STEP][PASSED] - click: Object: 'Object Repository/FSM1/EMI Hygiene1/EMH09/Page_JClient/input_Veterinary treatments da' is clicked on

2018-11-22 15:40:23 - [MESSAGE][PASSED] - Object: 'Object Repository/FSM1/EMI Hygiene1/EMH09/Page_JClient/input_Veterinary treatments da' is clicked on

2018-11-22 15:40:23 - [TEST_STEP][PASSED] - click: Object: 'Object Repository/FSM1/EMI Hygiene1/EMH09/Page_JClient/input_Diseases that may have f' is clicked on

2018-11-22 15:40:23 - [MESSAGE][PASSED] - Object: 'Object Repository/FSM1/EMI Hygiene1/EMH09/Page_JClient/input_Diseases that may have f' is clicked on

2018-11-22 15:40:23 - [TEST_STEP][PASSED] - click: Object: 'Object Repository/FSM1/EMI Hygiene1/EMH09/Page_JClient/input_Results of analyses carr' is clicked on

2018-11-22 15:40:23 - [MESSAGE][PASSED] - Object: 'Object Repository/FSM1/EMI Hygiene1/EMH09/Page_JClient/input_Results of analyses carr' is clicked on

2018-11-22 15:40:23 - [TEST_STEP][PASSED] - click: Object: 'Object Repository/FSM1/EMI Hygiene1/EMH09/Page_JClient/div_Save' is clicked on

2018-11-22 15:40:23 - [MESSAGE][PASSED] - Object: 'Object Repository/FSM1/EMI Hygiene1/EMH09/Page_JClient/div_Save' is clicked on]]></system-out>
         <system-err><![CDATA[]]></system-err>
      </testcase>
      <testcase name="Test Cases/EMI/Complete EMI Hygiene Inspection - EMR04h" classname="Test Cases/EMI/Complete EMI Hygiene Inspection - EMR04h" status="PASSED">
         <system-out><![CDATA[2018-11-22 15:40:23 - [TEST_CASE][PASSED] - Test Cases/EMI/Complete EMI Hygiene Inspection - EMR04h: Test Cases/EMI/Complete EMI Hygiene Inspection - EMR04h

2018-11-22 15:40:24 - [TEST_STEP][PASSED] - click: Object: 'Object Repository/FSM1/EMI Hygiene1/EMR04h/Page_JClient/div_EMR04h' is clicked on

2018-11-22 15:40:24 - [MESSAGE][PASSED] - Object: 'Object Repository/FSM1/EMI Hygiene1/EMR04h/Page_JClient/div_EMR04h' is clicked on

2018-11-22 15:40:24 - [TEST_STEP][PASSED] - delay: Delayed 3 second(s)

2018-11-22 15:40:27 - [MESSAGE][PASSED] - Delayed 3 second(s)

2018-11-22 15:40:27 - [TEST_STEP][PASSED] - click: Object: 'Object Repository/FSM1/EMI Hygiene1/EMR04h/Page_JClient/div_Create_GKH2EKQBDXB GKH2EKQ' is clicked on

2018-11-22 15:40:27 - [MESSAGE][PASSED] - Object: 'Object Repository/FSM1/EMI Hygiene1/EMR04h/Page_JClient/div_Create_GKH2EKQBDXB GKH2EKQ' is clicked on

2018-11-22 15:40:27 - [TEST_STEP][PASSED] - setText: Text 'test automation' is set on object 'Object Repository/FSM1/EMI Hygiene1/EMR04h/Page_JClient/textarea_Areas inspected_gwt-T'

2018-11-22 15:40:27 - [MESSAGE][PASSED] - Text 'test automation' is set on object 'Object Repository/FSM1/EMI Hygiene1/EMR04h/Page_JClient/textarea_Areas inspected_gwt-T'

2018-11-22 15:40:27 - [TEST_STEP][PASSED] - setText: Text 'test automation' is set on object 'Object Repository/FSM1/EMI Hygiene1/EMR04h/Page_JClient/textarea_Documents andor other'

2018-11-22 15:40:28 - [MESSAGE][PASSED] - Text 'test automation' is set on object 'Object Repository/FSM1/EMI Hygiene1/EMR04h/Page_JClient/textarea_Documents andor other'

2018-11-22 15:40:28 - [TEST_STEP][PASSED] - setText: Text 'test automation' is set on object 'Object Repository/FSM1/EMI Hygiene1/EMR04h/Page_JClient/textarea_Key areas discussed_g'

2018-11-22 15:40:28 - [MESSAGE][PASSED] - Text 'test automation' is set on object 'Object Repository/FSM1/EMI Hygiene1/EMR04h/Page_JClient/textarea_Key areas discussed_g'

2018-11-22 15:40:28 - [TEST_STEP][PASSED] - click: Object: 'Object Repository/FSM1/EMI Hygiene1/EMR04h/Page_JClient/input_Action to be taken_radio' is clicked on

2018-11-22 15:40:28 - [MESSAGE][PASSED] - Object: 'Object Repository/FSM1/EMI Hygiene1/EMR04h/Page_JClient/input_Action to be taken_radio' is clicked on

2018-11-22 15:40:28 - [TEST_STEP][PASSED] - click: Object: 'Object Repository/FSM1/EMI Hygiene1/EMR04h/Page_JClient/div_Save' is clicked on

2018-11-22 15:40:28 - [MESSAGE][PASSED] - Object: 'Object Repository/FSM1/EMI Hygiene1/EMR04h/Page_JClient/div_Save' is clicked on]]></system-out>
         <system-err><![CDATA[]]></system-err>
      </testcase>
      <testcase name="Test Cases/EMI/Complete EMI Hygiene Inspection - Hygiene Data Capture" classname="Test Cases/EMI/Complete EMI Hygiene Inspection - Hygiene Data Capture" status="PASSED">
         <system-out><![CDATA[2018-11-22 15:40:28 - [TEST_CASE][PASSED] - Test Cases/EMI/Complete EMI Hygiene Inspection - Hygiene Data Capture: Test Cases/EMI/Complete EMI Hygiene Inspection - Hygiene Data Capture

2018-11-22 15:40:29 - [TEST_STEP][PASSED] - click: Object: 'Object Repository/FSM1/EMI Hygiene1/Hygiene Data Capture/Page_JClient/div_Hygiene Data Capture' is clicked on

2018-11-22 15:40:29 - [MESSAGE][PASSED] - Object: 'Object Repository/FSM1/EMI Hygiene1/Hygiene Data Capture/Page_JClient/div_Hygiene Data Capture' is clicked on

2018-11-22 15:40:29 - [TEST_STEP][PASSED] - delay: Delayed 2 second(s)

2018-11-22 15:40:31 - [MESSAGE][PASSED] - Delayed 2 second(s)

2018-11-22 15:40:31 - [TEST_STEP][PASSED] - click: Object: 'Object Repository/FSM1/EMI Hygiene1/Hygiene Data Capture/Page_JClient/input_Premises_radio_group_14' is clicked on

2018-11-22 15:40:31 - [MESSAGE][PASSED] - Object: 'Object Repository/FSM1/EMI Hygiene1/Hygiene Data Capture/Page_JClient/input_Premises_radio_group_14' is clicked on

2018-11-22 15:40:31 - [TEST_STEP][PASSED] - click: Object: 'Object Repository/FSM1/EMI Hygiene1/Hygiene Data Capture/Page_JClient/input_Equipment_radio_group_15' is clicked on

2018-11-22 15:40:32 - [MESSAGE][PASSED] - Object: 'Object Repository/FSM1/EMI Hygiene1/Hygiene Data Capture/Page_JClient/input_Equipment_radio_group_15' is clicked on

2018-11-22 15:40:32 - [TEST_STEP][PASSED] - click: Object: 'Object Repository/FSM1/EMI Hygiene1/Hygiene Data Capture/Page_JClient/input_Records (Veterinary Medi' is clicked on

2018-11-22 15:40:32 - [MESSAGE][PASSED] - Object: 'Object Repository/FSM1/EMI Hygiene1/Hygiene Data Capture/Page_JClient/input_Records (Veterinary Medi' is clicked on

2018-11-22 15:40:32 - [TEST_STEP][PASSED] - click: Object: 'Object Repository/FSM1/EMI Hygiene1/Hygiene Data Capture/Page_JClient/input_Packaging_radio_group_17' is clicked on

2018-11-22 15:40:32 - [MESSAGE][PASSED] - Object: 'Object Repository/FSM1/EMI Hygiene1/Hygiene Data Capture/Page_JClient/input_Packaging_radio_group_17' is clicked on

2018-11-22 15:40:32 - [TEST_STEP][PASSED] - click: Object: 'Object Repository/FSM1/EMI Hygiene1/Hygiene Data Capture/Page_JClient/input_SMT - Free Range_radio_g' is clicked on

2018-11-22 15:40:32 - [MESSAGE][PASSED] - Object: 'Object Repository/FSM1/EMI Hygiene1/Hygiene Data Capture/Page_JClient/input_SMT - Free Range_radio_g' is clicked on

2018-11-22 15:40:32 - [TEST_STEP][PASSED] - click: Object: 'Object Repository/FSM1/EMI Hygiene1/Hygiene Data Capture/Page_JClient/input_Operator NCP Compliant_r' is clicked on

2018-11-22 15:40:32 - [MESSAGE][PASSED] - Object: 'Object Repository/FSM1/EMI Hygiene1/Hygiene Data Capture/Page_JClient/input_Operator NCP Compliant_r' is clicked on

2018-11-22 15:40:32 - [TEST_STEP][PASSED] - click: Object: 'Object Repository/FSM1/EMI Hygiene1/Hygiene Data Capture/Page_JClient/input_Feed_radio_group_20' is clicked on

2018-11-22 15:40:32 - [MESSAGE][PASSED] - Object: 'Object Repository/FSM1/EMI Hygiene1/Hygiene Data Capture/Page_JClient/input_Feed_radio_group_20' is clicked on

2018-11-22 15:40:32 - [TEST_STEP][PASSED] - click: Object: 'Object Repository/FSM1/EMI Hygiene1/Hygiene Data Capture/Page_JClient/input_Staff Hygiene_radio_grou' is clicked on

2018-11-22 15:40:33 - [MESSAGE][PASSED] - Object: 'Object Repository/FSM1/EMI Hygiene1/Hygiene Data Capture/Page_JClient/input_Staff Hygiene_radio_grou' is clicked on

2018-11-22 15:40:33 - [TEST_STEP][PASSED] - click: Object: 'Object Repository/FSM1/EMI Hygiene1/Hygiene Data Capture/Page_JClient/input_Welfare_radio_group_22' is clicked on

2018-11-22 15:40:33 - [MESSAGE][PASSED] - Object: 'Object Repository/FSM1/EMI Hygiene1/Hygiene Data Capture/Page_JClient/input_Welfare_radio_group_22' is clicked on

2018-11-22 15:40:33 - [TEST_STEP][PASSED] - click: Object: 'Object Repository/FSM1/EMI Hygiene1/Hygiene Data Capture/Page_JClient/input_Hygiene at Producer_radi' is clicked on

2018-11-22 15:40:33 - [MESSAGE][PASSED] - Object: 'Object Repository/FSM1/EMI Hygiene1/Hygiene Data Capture/Page_JClient/input_Hygiene at Producer_radi' is clicked on

2018-11-22 15:40:33 - [TEST_STEP][PASSED] - click: Object: 'Object Repository/FSM1/EMI Hygiene1/Hygiene Data Capture/Page_JClient/input_Cage Enriched_radio_grou' is clicked on

2018-11-22 15:40:33 - [MESSAGE][PASSED] - Object: 'Object Repository/FSM1/EMI Hygiene1/Hygiene Data Capture/Page_JClient/input_Cage Enriched_radio_grou' is clicked on

2018-11-22 15:40:33 - [TEST_STEP][PASSED] - click: Object: 'Object Repository/FSM1/EMI Hygiene1/Hygiene Data Capture/Page_JClient/input_SMT Barn_radio_group_25' is clicked on

2018-11-22 15:40:33 - [MESSAGE][PASSED] - Object: 'Object Repository/FSM1/EMI Hygiene1/Hygiene Data Capture/Page_JClient/input_SMT Barn_radio_group_25' is clicked on

2018-11-22 15:40:33 - [TEST_STEP][PASSED] - click: Object: 'Object Repository/FSM1/EMI Hygiene1/Hygiene Data Capture/Page_JClient/input_Follow Up inspection req' is clicked on

2018-11-22 15:40:34 - [MESSAGE][PASSED] - Object: 'Object Repository/FSM1/EMI Hygiene1/Hygiene Data Capture/Page_JClient/input_Follow Up inspection req' is clicked on

2018-11-22 15:40:34 - [TEST_STEP][PASSED] - click: Object: 'Object Repository/FSM1/EMI Hygiene1/Hygiene Data Capture/Page_JClient/div_Follow Up Inspections' is clicked on

2018-11-22 15:40:34 - [MESSAGE][PASSED] - Object: 'Object Repository/FSM1/EMI Hygiene1/Hygiene Data Capture/Page_JClient/div_Follow Up Inspections' is clicked on

2018-11-22 15:40:34 - [TEST_STEP][PASSED] - delay: Delayed 2 second(s)

2018-11-22 15:40:36 - [MESSAGE][PASSED] - Delayed 2 second(s)

2018-11-22 15:40:36 - [TEST_STEP][PASSED] - click: Object: 'Object Repository/FSM1/EMI Hygiene1/Hygiene Data Capture/Page_JClient/div_Create_GKH2EKQBDXB GKH2EKQ' is clicked on

2018-11-22 15:40:36 - [MESSAGE][PASSED] - Object: 'Object Repository/FSM1/EMI Hygiene1/Hygiene Data Capture/Page_JClient/div_Create_GKH2EKQBDXB GKH2EKQ' is clicked on

2018-11-22 15:40:36 - [TEST_STEP][PASSED] - setText: Text 'Test automation' is set on object 'Object Repository/FSM1/EMI Hygiene1/Hygiene Data Capture/Page_JClient/textarea_Contravention Detail_'

2018-11-22 15:40:36 - [MESSAGE][PASSED] - Text 'Test automation' is set on object 'Object Repository/FSM1/EMI Hygiene1/Hygiene Data Capture/Page_JClient/textarea_Contravention Detail_'

2018-11-22 15:40:36 - [TEST_STEP][PASSED] - Statement - mydate = new java.util.Date(): null

2018-11-22 15:40:36 - [TEST_STEP][PASSED] - Statement - formattedDate = mydate.format("MM/dd/yyy"): null

2018-11-22 15:40:36 - [TEST_STEP][PASSED] - sendKeys: Keys '11/22/2018' sent to object: 'Object Repository/FSM1/EMI Hygiene1/Hygiene Data/Page_JClient/input_Rectification Date_GKH2E'

2018-11-22 15:40:37 - [MESSAGE][PASSED] - Keys '11/22/2018' sent to object: 'Object Repository/FSM1/EMI Hygiene1/Hygiene Data/Page_JClient/input_Rectification Date_GKH2E'

2018-11-22 15:40:37 - [TEST_STEP][PASSED] - sendKeys: Keys '11/22/2018' sent to object: 'Object Repository/FSM1/EMI Hygiene1/Hygiene Data/Page_JClient/input_Follow Up Date_GKH2EKQBO'

2018-11-22 15:40:37 - [MESSAGE][PASSED] - Keys '11/22/2018' sent to object: 'Object Repository/FSM1/EMI Hygiene1/Hygiene Data/Page_JClient/input_Follow Up Date_GKH2EKQBO'

2018-11-22 15:40:37 - [TEST_STEP][PASSED] - setText: Text '123' is set on object 'Object Repository/FSM1/EMI Hygiene1/Hygiene Data Capture/Page_JClient/input_Premises ID_gwt-TextBox'

2018-11-22 15:40:37 - [MESSAGE][PASSED] - Text '123' is set on object 'Object Repository/FSM1/EMI Hygiene1/Hygiene Data Capture/Page_JClient/input_Premises ID_gwt-TextBox'

2018-11-22 15:40:37 - [TEST_STEP][PASSED] - click: Object: 'Object Repository/FSM1/EMI Hygiene1/Hygiene Data/Page_JClient/div_Save_Follow_up' is clicked on

2018-11-22 15:40:38 - [MESSAGE][PASSED] - Object: 'Object Repository/FSM1/EMI Hygiene1/Hygiene Data/Page_JClient/div_Save_Follow_up' is clicked on

2018-11-22 15:40:38 - [TEST_STEP][PASSED] - click: Object: 'Object Repository/FSM1/EMI Hygiene1/Hygiene Data Capture/Page_JClient/div_Flock Details' is clicked on

2018-11-22 15:40:39 - [MESSAGE][PASSED] - Object: 'Object Repository/FSM1/EMI Hygiene1/Hygiene Data Capture/Page_JClient/div_Flock Details' is clicked on

2018-11-22 15:40:39 - [TEST_STEP][PASSED] - delay: Delayed 2 second(s)

2018-11-22 15:40:41 - [MESSAGE][PASSED] - Delayed 2 second(s)

2018-11-22 15:40:41 - [TEST_STEP][PASSED] - click: Object: 'Object Repository/FSM1/EMI Hygiene1/Hygiene Data Capture/Page_JClient/div_Create_GKH2EKQBDXB GKH2EKQ' is clicked on

2018-11-22 15:40:41 - [MESSAGE][PASSED] - Object: 'Object Repository/FSM1/EMI Hygiene1/Hygiene Data Capture/Page_JClient/div_Create_GKH2EKQBDXB GKH2EKQ' is clicked on

2018-11-22 15:40:41 - [TEST_STEP][PASSED] - setText: Text 'Test automation' is set on object 'Object Repository/FSM1/EMI Hygiene1/Hygiene Data Capture/Page_JClient/input_House Name  Number_gwt-T'

2018-11-22 15:40:42 - [MESSAGE][PASSED] - Text 'Test automation' is set on object 'Object Repository/FSM1/EMI Hygiene1/Hygiene Data Capture/Page_JClient/input_House Name  Number_gwt-T'

2018-11-22 15:40:42 - [TEST_STEP][PASSED] - setText: Text '10' is set on object 'Object Repository/FSM1/EMI Hygiene1/Hygiene Data Capture/Page_JClient/input_Number of Birds_gwt-Doub'

2018-11-22 15:40:42 - [MESSAGE][PASSED] - Text '10' is set on object 'Object Repository/FSM1/EMI Hygiene1/Hygiene Data Capture/Page_JClient/input_Number of Birds_gwt-Doub'

2018-11-22 15:40:42 - [TEST_STEP][PASSED] - sendKeys: Keys '11/22/2018' sent to object: 'Object Repository/FSM1/EMI Hygiene1/Hygiene Data/Page_JClient/input_Date of Placing_GKH2EKQB'

2018-11-22 15:40:42 - [MESSAGE][PASSED] - Keys '11/22/2018' sent to object: 'Object Repository/FSM1/EMI Hygiene1/Hygiene Data/Page_JClient/input_Date of Placing_GKH2EKQB'

2018-11-22 15:40:42 - [TEST_STEP][PASSED] - setText: Text '10' is set on object 'Object Repository/FSM1/EMI Hygiene1/Hygiene Data Capture/Page_JClient/input_Age of Flock (Weeks)_gwt'

2018-11-22 15:40:43 - [MESSAGE][PASSED] - Text '10' is set on object 'Object Repository/FSM1/EMI Hygiene1/Hygiene Data Capture/Page_JClient/input_Age of Flock (Weeks)_gwt'

2018-11-22 15:40:43 - [TEST_STEP][PASSED] - selectOptionByValue: All options with value 'CAPONS' are selected in object 'Object Repository/FSM1/EMI Hygiene1/Hygiene Data Capture/Page_JClient/select_Babcock B380Black Rocks'  using regular expression

2018-11-22 15:40:43 - [MESSAGE][PASSED] - All options with value 'CAPONS' are selected in object 'Object Repository/FSM1/EMI Hygiene1/Hygiene Data Capture/Page_JClient/select_Babcock B380Black Rocks'  using regular expression

2018-11-22 15:40:43 - [TEST_STEP][PASSED] - click: Object: 'Object Repository/FSM1/EMI Hygiene1/Hygiene Data/Page_JClient/div_Save_Flock' is clicked on

2018-11-22 15:40:43 - [MESSAGE][PASSED] - Object: 'Object Repository/FSM1/EMI Hygiene1/Hygiene Data/Page_JClient/div_Save_Flock' is clicked on

2018-11-22 15:40:43 - [TEST_STEP][PASSED] - click: Object: 'Object Repository/FSM1/EMI Hygiene1/Hygiene Data/Page_JClient/div_Save_Data_Capture' is clicked on

2018-11-22 15:40:45 - [MESSAGE][PASSED] - Object: 'Object Repository/FSM1/EMI Hygiene1/Hygiene Data/Page_JClient/div_Save_Data_Capture' is clicked on]]></system-out>
         <system-err><![CDATA[]]></system-err>
      </testcase>
      <testcase name="Test Cases/EMI/Complete EMI Hygiene Inspection - Complete" classname="Test Cases/EMI/Complete EMI Hygiene Inspection - Complete" status="PASSED">
         <system-out><![CDATA[2018-11-22 15:40:45 - [TEST_CASE][PASSED] - Test Cases/EMI/Complete EMI Hygiene Inspection - Complete: Test Cases/EMI/Complete EMI Hygiene Inspection - Complete

2018-11-22 15:40:45 - [TEST_STEP][PASSED] - click: Object: 'Object Repository/FSM1/EMI Hygiene1/Complete/Page_JClient/div_STARTED (locked)' is clicked on

2018-11-22 15:40:46 - [MESSAGE][PASSED] - Object: 'Object Repository/FSM1/EMI Hygiene1/Complete/Page_JClient/div_STARTED (locked)' is clicked on

2018-11-22 15:40:46 - [TEST_STEP][PASSED] - click: Object: 'Object Repository/FSM1/EMI Hygiene1/Complete/Page_JClient/div_COMPLETED' is clicked on

2018-11-22 15:40:46 - [MESSAGE][PASSED] - Object: 'Object Repository/FSM1/EMI Hygiene1/Complete/Page_JClient/div_COMPLETED' is clicked on

2018-11-22 15:40:46 - [TEST_STEP][PASSED] - selectOptionByValue: All options with value 'COMPLETED' are selected in object 'Object Repository/FSM1/EMI Hygiene1/Complete/Page_JClient/select_Yes'  using regular expression

2018-11-22 15:40:47 - [MESSAGE][PASSED] - All options with value 'COMPLETED' are selected in object 'Object Repository/FSM1/EMI Hygiene1/Complete/Page_JClient/select_Yes'  using regular expression

2018-11-22 15:40:47 - [TEST_STEP][PASSED] - click: Object: 'Object Repository/FSM1/EMI Hygiene1/Complete/Page_JClient/div_Save' is clicked on

2018-11-22 15:40:47 - [MESSAGE][PASSED] - Object: 'Object Repository/FSM1/EMI Hygiene1/Complete/Page_JClient/div_Save' is clicked on

2018-11-22 15:40:47 - [TEST_STEP][PASSED] - delay: Delayed 5 second(s)

2018-11-22 15:40:52 - [MESSAGE][PASSED] - Delayed 5 second(s)

2018-11-22 15:40:52 - [TEST_STEP][PASSED] - click: Object: 'Object Repository/FSM1/EMI Hygiene1/Complete/Page_JClient/div_Ok' is clicked on

2018-11-22 15:40:52 - [MESSAGE][PASSED] - Object: 'Object Repository/FSM1/EMI Hygiene1/Complete/Page_JClient/div_Ok' is clicked on

2018-11-22 15:40:52 - [TEST_STEP][PASSED] - delay: Delayed 5 second(s)

2018-11-22 15:40:57 - [MESSAGE][PASSED] - Delayed 5 second(s)]]></system-out>
         <system-err><![CDATA[]]></system-err>
      </testcase>
      <testcase name="Test Cases/Generic/Launch Job Manager Control Centre - Check Result" classname="Test Cases/Generic/Launch Job Manager Control Centre - Check Result" status="PASSED">
         <system-out><![CDATA[2018-11-22 15:40:57 - [TEST_CASE][PASSED] - Test Cases/Generic/Launch Job Manager Control Centre - Check Result: Test Cases/Generic/Launch Job Manager Control Centre - Check Result

2018-11-22 15:40:58 - [TEST_STEP][PASSED] - openBrowser: Browser is opened with url: ''

2018-11-22 15:40:58 - [MESSAGE][WARNING] - A browser is already opened. Closing browser and opening a new one

2018-11-22 15:41:01 - [MESSAGE][PASSED] - Browser is opened with url: ''

2018-11-22 15:41:01 - [TEST_STEP][PASSED] - navigateToUrl: Navigate to 'https://kirona-def-6.kirona.com/jmprep/login#!loginView' successfully

2018-11-22 15:41:03 - [MESSAGE][PASSED] - Navigate to 'https://kirona-def-6.kirona.com/jmprep/login#!loginView' successfully

2018-11-22 15:41:03 - [TEST_STEP][PASSED] - setText: Text 'jon.hatfield' is set on object 'Object Repository/FSM1/Control Centre/Page_Job Manager Login/input_gwt-uid-3'

2018-11-22 15:41:04 - [MESSAGE][PASSED] - Text 'jon.hatfield' is set on object 'Object Repository/FSM1/Control Centre/Page_Job Manager Login/input_gwt-uid-3'

2018-11-22 15:41:04 - [TEST_STEP][PASSED] - setText: Text 'Fr@nc1sJ0n' is set on object 'Object Repository/FSM1/Control Centre/Page_Job Manager Login/input_gwt-uid-5'

2018-11-22 15:41:05 - [MESSAGE][PASSED] - Text 'Fr@nc1sJ0n' is set on object 'Object Repository/FSM1/Control Centre/Page_Job Manager Login/input_gwt-uid-5'

2018-11-22 15:41:05 - [TEST_STEP][PASSED] - click: Object: 'Object Repository/FSM1/PreProd/Page_Job Manager Login/div_Login' is clicked on

2018-11-22 15:41:05 - [MESSAGE][PASSED] - Object: 'Object Repository/FSM1/PreProd/Page_Job Manager Login/div_Login' is clicked on

2018-11-22 15:41:05 - [TEST_STEP][PASSED] - delay: Delayed 5 second(s)

2018-11-22 15:41:10 - [MESSAGE][PASSED] - Delayed 5 second(s)]]></system-out>
         <system-err><![CDATA[]]></system-err>
      </testcase>
      <testcase name="Test Cases/EMI/Control Centre - Check Results - EMI Hygiene" classname="Test Cases/EMI/Control Centre - Check Results - EMI Hygiene" status="PASSED">
         <system-out><![CDATA[2018-11-22 15:41:10 - [TEST_CASE][PASSED] - Test Cases/EMI/Control Centre - Check Results - EMI Hygiene: Test Cases/EMI/Control Centre - Check Results - EMI Hygiene

2018-11-22 15:41:11 - [TEST_STEP][PASSED] - Statement - log = new com.kms.katalon.core.logging.KeywordLogger(): null

2018-11-22 15:41:11 - [TEST_STEP][PASSED] - setText: Text '91339' is set on object 'Object Repository/FSM1/EMI Check Results/Page_JM Control Centre/input_Recents_v-textfield v-wi'

2018-11-22 15:41:11 - [MESSAGE][PASSED] - Text '91339' is set on object 'Object Repository/FSM1/EMI Check Results/Page_JM Control Centre/input_Recents_v-textfield v-wi'

2018-11-22 15:41:11 - [TEST_STEP][PASSED] - click: Object: 'Object Repository/FSM1/EMI Check Results/Page_JM Control Centre/span_' is clicked on

2018-11-22 15:41:12 - [MESSAGE][PASSED] - Object: 'Object Repository/FSM1/EMI Check Results/Page_JM Control Centre/span_' is clicked on

2018-11-22 15:41:12 - [TEST_STEP][PASSED] - waitForElementPresent: Object 'Object Repository/FSM1/EMI Check Results/Page_JM Control Centre/div_CLOSED' is present

2018-11-22 15:41:15 - [MESSAGE][PASSED] - Object 'Object Repository/FSM1/EMI Check Results/Page_JM Control Centre/div_CLOSED' is present

2018-11-22 15:41:15 - [TEST_STEP][PASSED] - verifyElementPresent: Object 'Object Repository/FSM1/Complete ABP Inspection/Check Results/03a/Page_JM Control Centre/div_Attachments_EMH09' is present

2018-11-22 15:41:16 - [MESSAGE][PASSED] - Object 'Object Repository/FSM1/Complete ABP Inspection/Check Results/03a/Page_JM Control Centre/div_Attachments_EMH09' is present

2018-11-22 15:41:16 - [TEST_STEP][PASSED] - verifyElementPresent: Object 'Object Repository/FSM1/Complete ABP Inspection/Check Results/03a/Page_JM Control Centre/div_Attachments_EMR04H' is present

2018-11-22 15:41:16 - [MESSAGE][PASSED] - Object 'Object Repository/FSM1/Complete ABP Inspection/Check Results/03a/Page_JM Control Centre/div_Attachments_EMR04H' is present]]></system-out>
         <system-err><![CDATA[]]></system-err>
      </testcase>
      <testcase name="Test Cases/ABP/Generic/Check Subsequent Inspection Exist" classname="Test Cases/ABP/Generic/Check Subsequent Inspection Exist" status="PASSED">
         <system-out><![CDATA[2018-11-22 15:41:16 - [TEST_CASE][PASSED] - Test Cases/ABP/Generic/Check Subsequent Inspection Exist: Test Cases/ABP/Generic/Check Subsequent Inspection Exist

2018-11-22 15:41:16 - [TEST_STEP][PASSED] - delay: Delayed 2 second(s)

2018-11-22 15:41:18 - [MESSAGE][PASSED] - Delayed 2 second(s)

2018-11-22 15:41:18 - [TEST_STEP][PASSED] - click: Object: 'Object Repository/FSM1/Complete ABP Inspection/Check Subsequent Inspections/New/Page_JM Control Centre/div_' is clicked on

2018-11-22 15:41:19 - [MESSAGE][PASSED] - Object: 'Object Repository/FSM1/Complete ABP Inspection/Check Subsequent Inspections/New/Page_JM Control Centre/div_' is clicked on

2018-11-22 15:41:19 - [TEST_STEP][PASSED] - click: Object: 'Object Repository/FSM1/Complete ABP Inspection/Check Subsequent Inspections/New/Page_JM Control Centre/span_List All Subordinate Jobs' is clicked on

2018-11-22 15:41:19 - [MESSAGE][PASSED] - Object: 'Object Repository/FSM1/Complete ABP Inspection/Check Subsequent Inspections/New/Page_JM Control Centre/span_List All Subordinate Jobs' is clicked on

2018-11-22 15:41:19 - [TEST_STEP][PASSED] - delay: Delayed 2 second(s)

2018-11-22 15:41:21 - [MESSAGE][PASSED] - Delayed 2 second(s)

2018-11-22 15:41:21 - [TEST_STEP][PASSED] - verifyElementVisible: Object 'Object Repository/FSM1/Complete ABP Inspection/Check Subsequent Inspections/New/Page_JM Control Centre/div_2 found.' is visible

2018-11-22 15:41:23 - [MESSAGE][PASSED] - Object 'Object Repository/FSM1/Complete ABP Inspection/Check Subsequent Inspections/New/Page_JM Control Centre/div_2 found.' is visible

2018-11-22 15:41:23 - [TEST_STEP][PASSED] - closeBrowser: Browser is closed

2018-11-22 15:41:24 - [MESSAGE][PASSED] - Browser is closed]]></system-out>
         <system-err><![CDATA[]]></system-err>
      </testcase>
      <system-out><![CDATA[2018-11-22 15:33:31 - [TEST_SUITE][PASSED] - EMI Hygiene Regression: Test Cases/ABP/Generic/Check Subsequent Inspection Exist]]></system-out>
      <system-err><![CDATA[]]></system-err>
   </testsuite>
</testsuites>
