<?xml version="1.0" encoding="UTF-8"?>
<testsuites name="Create New Inspection" time="36" tests="1" failures="1" errors="0">
   <testsuite name="Create New Inspection" tests="1" failures="1" errors="0" time="36" timestamp="2018-05-14 15:06:54" hostname="JHATFIELD - SNDFSMINFSRV001.defra.onmicrosoft.com" id="Test Suites/Create New Inspection">
      <properties>
         <property name="deviceName" value=""/>
         <property name="devicePlatform" value=""/>
         <property name="logFolder" value="C:\\Users\\JHATFIELD\\git\\DEFRA-FSM_Automated_Regression_NEW\\Reports\\Create New Inspection\\20180514_150651"/>
         <property name="logFiles" value="C:\\Users\\JHATFIELD\\git\\DEFRA-FSM_Automated_Regression_NEW\\Reports\\Create New Inspection\\20180514_150651\\execution0.log"/>
         <property name="attachments" value="C:\\Users\\JHATFIELD\\git\\DEFRA-FSM_Automated_Regression_NEW\\Reports\\Create New Inspection\\20180514_150651\\1526310449943.png"/>
         <property name="hostName" value="JHATFIELD - SNDFSMINFSRV001.defra.onmicrosoft.com"/>
         <property name="os" value="Windows NT (unknown) 64bit"/>
         <property name="katalonVersion" value="5.4.1.1"/>
         <property name="browser" value="Chrome 66.0.3359.139"/>
         <property name="hostAddress" value="10.201.1.17"/>
         <property name="sessionId" value="015ce76d6ec0c9e877215e068f623fb2"/>
         <property name="seleniumVersion" value="3.7.1"/>
         <property name="proxyInformation" value="ProxyInformation{proxyOption=NO_PROXY, proxyServerType=HTTP, password=, proxyServerAddress=, proxyServerPort=0}"/>
         <property name="platform" value="Windows NT (unknown)"/>
      </properties>
      <testcase name="Test Cases/Launch Job Manager Control Centre" classname="Test Cases/Launch Job Manager Control Centre" status="PASSED">
         <system-out><![CDATA[2018-05-14 15:06:55 - [TEST_CASE][PASSED] - Test Cases/Launch Job Manager Control Centre: Test Cases/Launch Job Manager Control Centre

2018-05-14 15:06:56 - [TEST_STEP][PASSED] - openBrowser: Browser is opened with url: ''

2018-05-14 15:07:00 - [MESSAGE][PASSED] - Browser is opened with url: ''

2018-05-14 15:07:00 - [TEST_STEP][PASSED] - navigateToUrl: Navigate to 'https://kirona-def-2.kirona.com/jmtest/login#!loginView' successfully

2018-05-14 15:07:02 - [MESSAGE][PASSED] - Navigate to 'https://kirona-def-2.kirona.com/jmtest/login#!loginView' successfully

2018-05-14 15:07:02 - [TEST_STEP][PASSED] - setText: Text 'jon.hatfield' is set on object 'Object Repository/FSM1/Control Centre/Page_Job Manager Login/input_gwt-uid-3'

2018-05-14 15:07:04 - [MESSAGE][PASSED] - Text 'jon.hatfield' is set on object 'Object Repository/FSM1/Control Centre/Page_Job Manager Login/input_gwt-uid-3'

2018-05-14 15:07:04 - [TEST_STEP][PASSED] - setText: Text 'Fr@nc1sJ0n' is set on object 'Object Repository/FSM1/Control Centre/Page_Job Manager Login/input_gwt-uid-5'

2018-05-14 15:07:04 - [MESSAGE][PASSED] - Text 'Fr@nc1sJ0n' is set on object 'Object Repository/FSM1/Control Centre/Page_Job Manager Login/input_gwt-uid-5'

2018-05-14 15:07:04 - [TEST_STEP][PASSED] - click: Object: 'Object Repository/FSM1/Control Centre/Page_Job Manager Login/Page_Job Manager Login/div_Login' is clicked on

2018-05-14 15:07:04 - [MESSAGE][PASSED] - Object: 'Object Repository/FSM1/Control Centre/Page_Job Manager Login/Page_Job Manager Login/div_Login' is clicked on

2018-05-14 15:07:04 - [TEST_STEP][PASSED] - delay: Delayed 5 second(s)

2018-05-14 15:07:09 - [MESSAGE][PASSED] - Delayed 5 second(s)]]></system-out>
         <system-err><![CDATA[]]></system-err>
      </testcase>
      <testcase name="Test Cases/Create EMI Inspection" classname="Test Cases/Create EMI Inspection" status="FAILED">
         <failure type="FAILED" message="Unable to click on object 'Object Repository/FSM1/Control Centre/Create EMI Inspection/Fixed Resource/Page_JM Control Centre (2)/FixedResource1' (Root cause: org.openqa.selenium.StaleElementReferenceException: stale element reference: element is not attached to the page document
  (Session info: chrome=66.0.3359.139)
  (Driver info: chromedriver=2.35.528161 (5b82f2d2aae0ca24b877009200ced9065a772e73),platform=Windows NT 10.0.14393 x86_64) (WARNING: The server did not provide any stacktrace information)
Command duration or timeout: 0 milliseconds
For documentation on this error, please visit: http://seleniumhq.org/exceptions/stale_element_reference.html
Build info: version: '3.7.1', revision: '8a0099a', time: '2017-11-06T21:07:36.161Z'
System info: host: 'SNDFSMINFSRV001', ip: '10.201.1.17', os.name: 'Windows NT (unknown)', os.arch: 'amd64', os.version: '10.0', java.version: '1.8.0_102'
Driver info: com.kms.katalon.selenium.driver.CChromeDriver
Capabilities {acceptInsecureCerts: false, acceptSslCerts: false, applicationCacheEnabled: false, browserConnectionEnabled: false, browserName: chrome, chrome: {chromedriverVersion: 2.35.528161 (5b82f2d2aae0ca..., userDataDir: C:\Users\JHATFI~1\AppData\L...}, cssSelectorsEnabled: true, databaseEnabled: false, handlesAlerts: true, hasTouchScreen: false, javascriptEnabled: true, locationContextEnabled: true, mobileEmulationEnabled: false, nativeEvents: true, networkConnectionEnabled: false, pageLoadStrategy: normal, platform: XP, platformName: XP, rotatable: false, setWindowRect: true, takesHeapSnapshot: true, takesScreenshot: true, unexpectedAlertBehaviour: , unhandledPromptBehavior: , version: 66.0.3359.139, webStorageEnabled: true}
Session ID: 015ce76d6ec0c9e877215e068f623fb2)"/>
         <system-out><![CDATA[2018-05-14 15:07:09 - [TEST_CASE][FAILED] - Test Cases/Create EMI Inspection: Test Cases/Create EMI Inspection FAILED because (of) Unable to click on object 'Object Repository/FSM1/Control Centre/Create EMI Inspection/Fixed Resource/Page_JM Control Centre (2)/FixedResource1' (Root cause: org.openqa.selenium.StaleElementReferenceException: stale element reference: element is not attached to the page document
  (Session info: chrome=66.0.3359.139)
  (Driver info: chromedriver=2.35.528161 (5b82f2d2aae0ca24b877009200ced9065a772e73),platform=Windows NT 10.0.14393 x86_64) (WARNING: The server did not provide any stacktrace information)
Command duration or timeout: 0 milliseconds
For documentation on this error, please visit: http://seleniumhq.org/exceptions/stale_element_reference.html
Build info: version: '3.7.1', revision: '8a0099a', time: '2017-11-06T21:07:36.161Z'
System info: host: 'SNDFSMINFSRV001', ip: '10.201.1.17', os.name: 'Windows NT (unknown)', os.arch: 'amd64', os.version: '10.0', java.version: '1.8.0_102'
Driver info: com.kms.katalon.selenium.driver.CChromeDriver
Capabilities {acceptInsecureCerts: false, acceptSslCerts: false, applicationCacheEnabled: false, browserConnectionEnabled: false, browserName: chrome, chrome: {chromedriverVersion: 2.35.528161 (5b82f2d2aae0ca..., userDataDir: C:\Users\JHATFI~1\AppData\L...}, cssSelectorsEnabled: true, databaseEnabled: false, handlesAlerts: true, hasTouchScreen: false, javascriptEnabled: true, locationContextEnabled: true, mobileEmulationEnabled: false, nativeEvents: true, networkConnectionEnabled: false, pageLoadStrategy: normal, platform: XP, platformName: XP, rotatable: false, setWindowRect: true, takesHeapSnapshot: true, takesScreenshot: true, unexpectedAlertBehaviour: , unhandledPromptBehavior: , version: 66.0.3359.139, webStorageEnabled: true}
Session ID: 015ce76d6ec0c9e877215e068f623fb2)

2018-05-14 15:07:10 - [TEST_STEP][PASSED] - click: Object: 'Object Repository/FSM1/Control Centre/Create EMI Inspection/Page_JM Control Centre/div_Create' is clicked on

2018-05-14 15:07:10 - [MESSAGE][PASSED] - Object: 'Object Repository/FSM1/Control Centre/Create EMI Inspection/Page_JM Control Centre/div_Create' is clicked on

2018-05-14 15:07:10 - [TEST_STEP][PASSED] - setText: Text 'emi' is set on object 'Object Repository/FSM1/Control Centre/Create EMI Inspection/Page_JM Control Centre/input_gwt-uid-8'

2018-05-14 15:07:11 - [MESSAGE][PASSED] - Text 'emi' is set on object 'Object Repository/FSM1/Control Centre/Create EMI Inspection/Page_JM Control Centre/input_gwt-uid-8'

2018-05-14 15:07:11 - [TEST_STEP][PASSED] - click: Object: 'Object Repository/FSM1/Control Centre/Create EMI Inspection/Page_JM Control Centre/span_EMI Inspection' is clicked on

2018-05-14 15:07:12 - [MESSAGE][PASSED] - Object: 'Object Repository/FSM1/Control Centre/Create EMI Inspection/Page_JM Control Centre/span_EMI Inspection' is clicked on

2018-05-14 15:07:12 - [TEST_STEP][PASSED] - clearText: Text of object 'Object Repository/FSM1/Control Centre/Create Inspection/SLA/Page_JM Control Centre/SLA' is cleared

2018-05-14 15:07:14 - [MESSAGE][PASSED] - Text of object 'Object Repository/FSM1/Control Centre/Create Inspection/SLA/Page_JM Control Centre/SLA' is cleared

2018-05-14 15:07:14 - [TEST_STEP][PASSED] - setText: Text '24' is set on object 'Object Repository/FSM1/Control Centre/Create Inspection/SLA/Page_JM Control Centre/SLA'

2018-05-14 15:07:14 - [MESSAGE][PASSED] - Text '24' is set on object 'Object Repository/FSM1/Control Centre/Create Inspection/SLA/Page_JM Control Centre/SLA'

2018-05-14 15:07:14 - [TEST_STEP][PASSED] - click: Object: 'Object Repository/FSM1/Control Centre/Create Inspection/SLA/Page_JM Control Centre (1)/span_24 Hours' is clicked on

2018-05-14 15:07:15 - [MESSAGE][PASSED] - Object: 'Object Repository/FSM1/Control Centre/Create Inspection/SLA/Page_JM Control Centre (1)/span_24 Hours' is clicked on

2018-05-14 15:07:15 - [TEST_STEP][PASSED] - setText: Text '5' is set on object 'Object Repository/FSM1/Control Centre/Create EMI Inspection/Page_JM Control Centre/input_gwt-uid-16'

2018-05-14 15:07:15 - [MESSAGE][PASSED] - Text '5' is set on object 'Object Repository/FSM1/Control Centre/Create EMI Inspection/Page_JM Control Centre/input_gwt-uid-16'

2018-05-14 15:07:15 - [TEST_STEP][PASSED] - setText: Text 'we' is set on object 'Object Repository/FSM1/Control Centre/Create EMI Inspection/Page_JM Control Centre/input_gwt-uid-26'

2018-05-14 15:07:16 - [MESSAGE][PASSED] - Text 'we' is set on object 'Object Repository/FSM1/Control Centre/Create EMI Inspection/Page_JM Control Centre/input_gwt-uid-26'

2018-05-14 15:07:16 - [TEST_STEP][PASSED] - click: Object: 'Object Repository/FSM1/Control Centre/Create EMI Inspection/Page_JM Control Centre/span_West' is clicked on

2018-05-14 15:07:16 - [MESSAGE][PASSED] - Object: 'Object Repository/FSM1/Control Centre/Create EMI Inspection/Page_JM Control Centre/span_West' is clicked on

2018-05-14 15:07:16 - [TEST_STEP][PASSED] - setText: Text 'EMI Routine' is set on object 'Object Repository/FSM1/Control Centre/Create EMI Inspection/Page_JM Control Centre (1)/Inspection Type'

2018-05-14 15:07:18 - [MESSAGE][PASSED] - Text 'EMI Routine' is set on object 'Object Repository/FSM1/Control Centre/Create EMI Inspection/Page_JM Control Centre (1)/Inspection Type'

2018-05-14 15:07:18 - [TEST_STEP][PASSED] - click: Object: 'Object Repository/FSM1/Control Centre/Create EMI Inspection/Page_JM Control Centre/span_EMI Routine' is clicked on

2018-05-14 15:07:18 - [MESSAGE][PASSED] - Object: 'Object Repository/FSM1/Control Centre/Create EMI Inspection/Page_JM Control Centre/span_EMI Routine' is clicked on

2018-05-14 15:07:18 - [TEST_STEP][PASSED] - setText: Text 'Mr Automation' is set on object 'Object Repository/FSM1/Control Centre/Create EMI Inspection/Page_JM Control Centre/input_gwt-uid-36'

2018-05-14 15:07:19 - [MESSAGE][PASSED] - Text 'Mr Automation' is set on object 'Object Repository/FSM1/Control Centre/Create EMI Inspection/Page_JM Control Centre/input_gwt-uid-36'

2018-05-14 15:07:19 - [TEST_STEP][PASSED] - setText: Text '111' is set on object 'Object Repository/FSM1/Control Centre/Create EMI Inspection/Page_JM Control Centre/input_gwt-uid-42'

2018-05-14 15:07:19 - [MESSAGE][PASSED] - Text '111' is set on object 'Object Repository/FSM1/Control Centre/Create EMI Inspection/Page_JM Control Centre/input_gwt-uid-42'

2018-05-14 15:07:19 - [TEST_STEP][PASSED] - setText: Text '222' is set on object 'Object Repository/FSM1/Control Centre/Create EMI Inspection/Page_JM Control Centre/input_gwt-uid-44'

2018-05-14 15:07:19 - [MESSAGE][PASSED] - Text '222' is set on object 'Object Repository/FSM1/Control Centre/Create EMI Inspection/Page_JM Control Centre/input_gwt-uid-44'

2018-05-14 15:07:19 - [TEST_STEP][PASSED] - click: Object: 'Object Repository/FSM1/Control Centre/Create EMI Inspection/Page_JM Control Centre/div_v-filterselect-button_1' is clicked on

2018-05-14 15:07:20 - [MESSAGE][PASSED] - Object: 'Object Repository/FSM1/Control Centre/Create EMI Inspection/Page_JM Control Centre/div_v-filterselect-button_1' is clicked on

2018-05-14 15:07:20 - [TEST_STEP][PASSED] - click: Object: 'Object Repository/FSM1/Control Centre/Create EMI Inspection/Page_JM Control Centre/span_EGG PACKER' is clicked on

2018-05-14 15:07:20 - [MESSAGE][PASSED] - Object: 'Object Repository/FSM1/Control Centre/Create EMI Inspection/Page_JM Control Centre/span_EGG PACKER' is clicked on

2018-05-14 15:07:20 - [TEST_STEP][PASSED] - click: Object: 'Object Repository/FSM1/Control Centre/Create EMI Inspection/Page_JM Control Centre/span_' is clicked on

2018-05-14 15:07:21 - [MESSAGE][PASSED] - Object: 'Object Repository/FSM1/Control Centre/Create EMI Inspection/Page_JM Control Centre/span_' is clicked on

2018-05-14 15:07:21 - [TEST_STEP][PASSED] - click: Object: 'Object Repository/FSM1/Control Centre/Create EMI Inspection/Address Search/Page_JM Control Centre/Postcode Search' is clicked on

2018-05-14 15:07:22 - [MESSAGE][PASSED] - Object: 'Object Repository/FSM1/Control Centre/Create EMI Inspection/Address Search/Page_JM Control Centre/Postcode Search' is clicked on

2018-05-14 15:07:22 - [TEST_STEP][PASSED] - setText: Text 'cv37 6sn' is set on object 'Object Repository/FSM1/Control Centre/Create EMI Inspection/Create Address/Page_JM Control Centre/input_v-textfield v-widget v-t'

2018-05-14 15:07:24 - [MESSAGE][PASSED] - Text 'cv37 6sn' is set on object 'Object Repository/FSM1/Control Centre/Create EMI Inspection/Create Address/Page_JM Control Centre/input_v-textfield v-widget v-t'

2018-05-14 15:07:24 - [TEST_STEP][PASSED] - click: Object: 'Object Repository/FSM1/Control Centre/Create EMI Inspection/Create Address/Page_JM Control Centre (1)/SearchButton' is clicked on

2018-05-14 15:07:25 - [MESSAGE][PASSED] - Object: 'Object Repository/FSM1/Control Centre/Create EMI Inspection/Create Address/Page_JM Control Centre (1)/SearchButton' is clicked on

2018-05-14 15:07:26 - [TEST_STEP][PASSED] - click: Object: 'Object Repository/FSM1/Control Centre/Create EMI Inspection/Page_JM Control Centre/div_90 Clopton Road Stratford' is clicked on

2018-05-14 15:07:27 - [MESSAGE][PASSED] - Object: 'Object Repository/FSM1/Control Centre/Create EMI Inspection/Page_JM Control Centre/div_90 Clopton Road Stratford' is clicked on

2018-05-14 15:07:27 - [TEST_STEP][PASSED] - click: Object: 'Object Repository/FSM1/Control Centre/Create EMI Inspection/Create Address/Page_JM Control Centre (2)/div_Add Selected Item' is clicked on

2018-05-14 15:07:28 - [MESSAGE][PASSED] - Object: 'Object Repository/FSM1/Control Centre/Create EMI Inspection/Create Address/Page_JM Control Centre (2)/div_Add Selected Item' is clicked on

2018-05-14 15:07:28 - [TEST_STEP][FAILED] - click: Unable to click on object 'Object Repository/FSM1/Control Centre/Create EMI Inspection/Fixed Resource/Page_JM Control Centre (2)/FixedResource1' (Root cause: org.openqa.selenium.StaleElementReferenceException: stale element reference: element is not attached to the page document
  (Session info: chrome=66.0.3359.139)
  (Driver info: chromedriver=2.35.528161 (5b82f2d2aae0ca24b877009200ced9065a772e73),platform=Windows NT 10.0.14393 x86_64) (WARNING: The server did not provide any stacktrace information)
Command duration or timeout: 0 milliseconds
For documentation on this error, please visit: http://seleniumhq.org/exceptions/stale_element_reference.html
Build info: version: '3.7.1', revision: '8a0099a', time: '2017-11-06T21:07:36.161Z'
System info: host: 'SNDFSMINFSRV001', ip: '10.201.1.17', os.name: 'Windows NT (unknown)', os.arch: 'amd64', os.version: '10.0', java.version: '1.8.0_102'
Driver info: com.kms.katalon.selenium.driver.CChromeDriver
Capabilities {acceptInsecureCerts: false, acceptSslCerts: false, applicationCacheEnabled: false, browserConnectionEnabled: false, browserName: chrome, chrome: {chromedriverVersion: 2.35.528161 (5b82f2d2aae0ca..., userDataDir: C:\Users\JHATFI~1\AppData\L...}, cssSelectorsEnabled: true, databaseEnabled: false, handlesAlerts: true, hasTouchScreen: false, javascriptEnabled: true, locationContextEnabled: true, mobileEmulationEnabled: false, nativeEvents: true, networkConnectionEnabled: false, pageLoadStrategy: normal, platform: XP, platformName: XP, rotatable: false, setWindowRect: true, takesHeapSnapshot: true, takesScreenshot: true, unexpectedAlertBehaviour: , unhandledPromptBehavior: , version: 66.0.3359.139, webStorageEnabled: true}
Session ID: 015ce76d6ec0c9e877215e068f623fb2)

2018-05-14 15:07:30 - [MESSAGE][FAILED] - Unable to click on object 'Object Repository/FSM1/Control Centre/Create EMI Inspection/Fixed Resource/Page_JM Control Centre (2)/FixedResource1' (Root cause: org.openqa.selenium.StaleElementReferenceException: stale element reference: element is not attached to the page document
  (Session info: chrome=66.0.3359.139)
  (Driver info: chromedriver=2.35.528161 (5b82f2d2aae0ca24b877009200ced9065a772e73),platform=Windows NT 10.0.14393 x86_64) (WARNING: The server did not provide any stacktrace information)
Command duration or timeout: 0 milliseconds
For documentation on this error, please visit: http://seleniumhq.org/exceptions/stale_element_reference.html
Build info: version: '3.7.1', revision: '8a0099a', time: '2017-11-06T21:07:36.161Z'
System info: host: 'SNDFSMINFSRV001', ip: '10.201.1.17', os.name: 'Windows NT (unknown)', os.arch: 'amd64', os.version: '10.0', java.version: '1.8.0_102'
Driver info: com.kms.katalon.selenium.driver.CChromeDriver
Capabilities {acceptInsecureCerts: false, acceptSslCerts: false, applicationCacheEnabled: false, browserConnectionEnabled: false, browserName: chrome, chrome: {chromedriverVersion: 2.35.528161 (5b82f2d2aae0ca..., userDataDir: C:\Users\JHATFI~1\AppData\L...}, cssSelectorsEnabled: true, databaseEnabled: false, handlesAlerts: true, hasTouchScreen: false, javascriptEnabled: true, locationContextEnabled: true, mobileEmulationEnabled: false, nativeEvents: true, networkConnectionEnabled: false, pageLoadStrategy: normal, platform: XP, platformName: XP, rotatable: false, setWindowRect: true, takesHeapSnapshot: true, takesScreenshot: true, unexpectedAlertBehaviour: , unhandledPromptBehavior: , version: 66.0.3359.139, webStorageEnabled: true}
Session ID: 015ce76d6ec0c9e877215e068f623fb2)
[[ATTACHMENT|C:\\Users\\JHATFIELD\\git\\DEFRA-FSM_Automated_Regression_NEW\\Reports\\Create New Inspection\\20180514_150651\\1526310449943.png]]]]></system-out>
         <system-err><![CDATA[2018-05-14 15:07:09 - [TEST_CASE][FAILED] - Test Cases/Create EMI Inspection: Test Cases/Create EMI Inspection FAILED because (of) Unable to click on object 'Object Repository/FSM1/Control Centre/Create EMI Inspection/Fixed Resource/Page_JM Control Centre (2)/FixedResource1' (Root cause: org.openqa.selenium.StaleElementReferenceException: stale element reference: element is not attached to the page document
  (Session info: chrome=66.0.3359.139)
  (Driver info: chromedriver=2.35.528161 (5b82f2d2aae0ca24b877009200ced9065a772e73),platform=Windows NT 10.0.14393 x86_64) (WARNING: The server did not provide any stacktrace information)
Command duration or timeout: 0 milliseconds
For documentation on this error, please visit: http://seleniumhq.org/exceptions/stale_element_reference.html
Build info: version: '3.7.1', revision: '8a0099a', time: '2017-11-06T21:07:36.161Z'
System info: host: 'SNDFSMINFSRV001', ip: '10.201.1.17', os.name: 'Windows NT (unknown)', os.arch: 'amd64', os.version: '10.0', java.version: '1.8.0_102'
Driver info: com.kms.katalon.selenium.driver.CChromeDriver
Capabilities {acceptInsecureCerts: false, acceptSslCerts: false, applicationCacheEnabled: false, browserConnectionEnabled: false, browserName: chrome, chrome: {chromedriverVersion: 2.35.528161 (5b82f2d2aae0ca..., userDataDir: C:\Users\JHATFI~1\AppData\L...}, cssSelectorsEnabled: true, databaseEnabled: false, handlesAlerts: true, hasTouchScreen: false, javascriptEnabled: true, locationContextEnabled: true, mobileEmulationEnabled: false, nativeEvents: true, networkConnectionEnabled: false, pageLoadStrategy: normal, platform: XP, platformName: XP, rotatable: false, setWindowRect: true, takesHeapSnapshot: true, takesScreenshot: true, unexpectedAlertBehaviour: , unhandledPromptBehavior: , version: 66.0.3359.139, webStorageEnabled: true}
Session ID: 015ce76d6ec0c9e877215e068f623fb2)]]></system-err>
      </testcase>
      <system-out><![CDATA[2018-05-14 15:06:54 - [TEST_SUITE][FAILED] - Create New Inspection: Test Cases/Create EMI Inspection FAILED because (of) Unable to click on object 'Object Repository/FSM1/Control Centre/Create EMI Inspection/Fixed Resource/Page_JM Control Centre (2)/FixedResource1' (Root cause: org.openqa.selenium.StaleElementReferenceException: stale element reference: element is not attached to the page document
  (Session info: chrome=66.0.3359.139)
  (Driver info: chromedriver=2.35.528161 (5b82f2d2aae0ca24b877009200ced9065a772e73),platform=Windows NT 10.0.14393 x86_64) (WARNING: The server did not provide any stacktrace information)
Command duration or timeout: 0 milliseconds
For documentation on this error, please visit: http://seleniumhq.org/exceptions/stale_element_reference.html
Build info: version: '3.7.1', revision: '8a0099a', time: '2017-11-06T21:07:36.161Z'
System info: host: 'SNDFSMINFSRV001', ip: '10.201.1.17', os.name: 'Windows NT (unknown)', os.arch: 'amd64', os.version: '10.0', java.version: '1.8.0_102'
Driver info: com.kms.katalon.selenium.driver.CChromeDriver
Capabilities {acceptInsecureCerts: false, acceptSslCerts: false, applicationCacheEnabled: false, browserConnectionEnabled: false, browserName: chrome, chrome: {chromedriverVersion: 2.35.528161 (5b82f2d2aae0ca..., userDataDir: C:\Users\JHATFI~1\AppData\L...}, cssSelectorsEnabled: true, databaseEnabled: false, handlesAlerts: true, hasTouchScreen: false, javascriptEnabled: true, locationContextEnabled: true, mobileEmulationEnabled: false, nativeEvents: true, networkConnectionEnabled: false, pageLoadStrategy: normal, platform: XP, platformName: XP, rotatable: false, setWindowRect: true, takesHeapSnapshot: true, takesScreenshot: true, unexpectedAlertBehaviour: , unhandledPromptBehavior: , version: 66.0.3359.139, webStorageEnabled: true}
Session ID: 015ce76d6ec0c9e877215e068f623fb2)]]></system-out>
      <system-err><![CDATA[2018-05-14 15:06:54 - [TEST_SUITE][FAILED] - Create New Inspection: Test Cases/Create EMI Inspection FAILED because (of) Unable to click on object 'Object Repository/FSM1/Control Centre/Create EMI Inspection/Fixed Resource/Page_JM Control Centre (2)/FixedResource1' (Root cause: org.openqa.selenium.StaleElementReferenceException: stale element reference: element is not attached to the page document
  (Session info: chrome=66.0.3359.139)
  (Driver info: chromedriver=2.35.528161 (5b82f2d2aae0ca24b877009200ced9065a772e73),platform=Windows NT 10.0.14393 x86_64) (WARNING: The server did not provide any stacktrace information)
Command duration or timeout: 0 milliseconds
For documentation on this error, please visit: http://seleniumhq.org/exceptions/stale_element_reference.html
Build info: version: '3.7.1', revision: '8a0099a', time: '2017-11-06T21:07:36.161Z'
System info: host: 'SNDFSMINFSRV001', ip: '10.201.1.17', os.name: 'Windows NT (unknown)', os.arch: 'amd64', os.version: '10.0', java.version: '1.8.0_102'
Driver info: com.kms.katalon.selenium.driver.CChromeDriver
Capabilities {acceptInsecureCerts: false, acceptSslCerts: false, applicationCacheEnabled: false, browserConnectionEnabled: false, browserName: chrome, chrome: {chromedriverVersion: 2.35.528161 (5b82f2d2aae0ca..., userDataDir: C:\Users\JHATFI~1\AppData\L...}, cssSelectorsEnabled: true, databaseEnabled: false, handlesAlerts: true, hasTouchScreen: false, javascriptEnabled: true, locationContextEnabled: true, mobileEmulationEnabled: false, nativeEvents: true, networkConnectionEnabled: false, pageLoadStrategy: normal, platform: XP, platformName: XP, rotatable: false, setWindowRect: true, takesHeapSnapshot: true, takesScreenshot: true, unexpectedAlertBehaviour: , unhandledPromptBehavior: , version: 66.0.3359.139, webStorageEnabled: true}
Session ID: 015ce76d6ec0c9e877215e068f623fb2)]]></system-err>
   </testsuite>
</testsuites>
