<?xml version="1.0" encoding="UTF-8"?>
<testsuites name="BSE16 Regression - Livestock Farm" time="254" tests="21" failures="0" errors="0">
   <testsuite name="BSE16 Regression - Livestock Farm" tests="21" failures="0" errors="0" time="254" timestamp="2019-01-29 11:55:42" hostname="jonha - DESKTOP-KMCIR60" id="Test Suites/Form Jobs/BSE16 Regression - Livestock Farm">
      <properties>
         <property name="deviceName" value=""/>
         <property name="devicePlatform" value=""/>
         <property name="logFolder" value="C:\\Users\\jonha\\Documents\\Katalon\\APHA\\JM_8.9\\FSM_Regression\\Reports\\Form Jobs\\BSE16 Regression - Livestock Farm\\20190129_112948"/>
         <property name="logFiles" value="C:\\Users\\jonha\\Documents\\Katalon\\APHA\\JM_8.9\\FSM_Regression\\Reports\\Form Jobs\\BSE16 Regression - Livestock Farm\\20190129_112948\\execution0.log"/>
         <property name="attachments" value=""/>
         <property name="hostName" value="jonha - DESKTOP-KMCIR60"/>
         <property name="os" value="Windows 10 64bit"/>
         <property name="katalonVersion" value="5.9.1.2"/>
         <property name="browser" value="Chrome 71.0.3578.98"/>
         <property name="hostAddress" value="192.168.0.14"/>
         <property name="sessionId" value="4eedc8873022794acce69e82a3c1f70b"/>
         <property name="seleniumVersion" value="3.7.1"/>
         <property name="proxyInformation" value="ProxyInformation{proxyOption=NO_PROXY, proxyServerType=HTTP, password=, proxyServerAddress=, proxyServerPort=0}"/>
         <property name="platform" value="Windows 10"/>
      </properties>
      <testcase name="Test Cases/Generic/Launch Job Manager" classname="Test Cases/Generic/Launch Job Manager" status="PASSED">
         <system-out><![CDATA[2019-01-29 11:55:43 - [TEST_CASE][PASSED] - Test Cases/Generic/Launch Job Manager: Test Cases/Generic/Launch Job Manager

2019-01-29 11:55:44 - [TEST_STEP][PASSED] - openBrowser(""): Browser is opened with url: ''

2019-01-29 11:55:44 - [MESSAGE][INFO] - Starting 'Chrome' driver

2019-01-29 11:55:44 - [MESSAGE][INFO] - Action delay is set to 0 seconds

2019-01-29 11:55:48 - [MESSAGE][PASSED] - Browser is opened with url: ''

2019-01-29 11:55:48 - [TEST_STEP][PASSED] - navigateToUrl(JMURL): Navigate to 'https://kirona-def-6.kirona.com/jmprep/jclient/jclient.html' successfully

2019-01-29 11:55:49 - [MESSAGE][PASSED] - Navigate to 'https://kirona-def-6.kirona.com/jmprep/jclient/jclient.html' successfully

2019-01-29 11:55:49 - [TEST_STEP][PASSED] - delay(3): Delayed 3 second(s)

2019-01-29 11:55:52 - [MESSAGE][PASSED] - Delayed 3 second(s)

2019-01-29 11:55:52 - [TEST_STEP][PASSED] - setText(findTestObject("FSM1/Launch Application/Page_JClient/input_gwt-TextBox GKH2EKQBMDB"), "KIR1"): Text 'KIR1' is set on object 'Object Repository/FSM1/Launch Application/Page_JClient/input_gwt-TextBox GKH2EKQBMDB'

2019-01-29 11:55:52 - [MESSAGE][PASSED] - Text 'KIR1' is set on object 'Object Repository/FSM1/Launch Application/Page_JClient/input_gwt-TextBox GKH2EKQBMDB'

2019-01-29 11:55:52 - [TEST_STEP][PASSED] - sendKeys(findTestObject("FSM1/Launch Application/Page_JClient/input_gwt-TextBox GKH2EKQBMDB"), Keys.chord(ENTER)): Keys 'ENTER + ' sent to object: 'Object Repository/FSM1/Launch Application/Page_JClient/input_gwt-TextBox GKH2EKQBMDB'

2019-01-29 11:55:52 - [MESSAGE][PASSED] - Keys 'ENTER + ' sent to object: 'Object Repository/FSM1/Launch Application/Page_JClient/input_gwt-TextBox GKH2EKQBMDB'

2019-01-29 11:55:52 - [TEST_STEP][PASSED] - delay(3): Delayed 3 second(s)

2019-01-29 11:55:55 - [MESSAGE][PASSED] - Delayed 3 second(s)

2019-01-29 11:55:55 - [TEST_STEP][PASSED] - click(findTestObject("FSM1/Launch Application/Page_JClient/div_Configure App")): Object: 'Object Repository/FSM1/Launch Application/Page_JClient/div_Configure App' is clicked on

2019-01-29 11:55:56 - [MESSAGE][PASSED] - Object: 'Object Repository/FSM1/Launch Application/Page_JClient/div_Configure App' is clicked on

2019-01-29 11:55:56 - [TEST_STEP][PASSED] - setText(findTestObject("FSM1/Launch Application/Page_JClient/input_gwt-TextBox GKH2EKQBNHC"), findTestData("Pre Production/Environmental/UandP").getValue(3, 1)): Text 'test.inspector' is set on object 'Object Repository/FSM1/Launch Application/Page_JClient/input_gwt-TextBox GKH2EKQBNHC'

2019-01-29 11:55:56 - [MESSAGE][PASSED] - Text 'test.inspector' is set on object 'Object Repository/FSM1/Launch Application/Page_JClient/input_gwt-TextBox GKH2EKQBNHC'

2019-01-29 11:55:56 - [TEST_STEP][PASSED] - setText(findTestObject("FSM1/Launch Application/Page_JClient/input_gwt-PasswordTextBox GKH2"), findTestData("Pre Production/Environmental/UandP").getValue(4, 1)): Text 'Password1.' is set on object 'Object Repository/FSM1/Launch Application/Page_JClient/input_gwt-PasswordTextBox GKH2'

2019-01-29 11:55:56 - [MESSAGE][PASSED] - Text 'Password1.' is set on object 'Object Repository/FSM1/Launch Application/Page_JClient/input_gwt-PasswordTextBox GKH2'

2019-01-29 11:55:56 - [TEST_STEP][PASSED] - click(findTestObject("FSM1/Launch Application/Page_JClient/div_Sign In")): Object: 'Object Repository/FSM1/Launch Application/Page_JClient/div_Sign In' is clicked on

2019-01-29 11:55:56 - [MESSAGE][PASSED] - Object: 'Object Repository/FSM1/Launch Application/Page_JClient/div_Sign In' is clicked on

2019-01-29 11:55:56 - [TEST_STEP][PASSED] - delay(15): Delayed 15 second(s)

2019-01-29 11:56:11 - [MESSAGE][PASSED] - Delayed 15 second(s)]]></system-out>
         <system-err><![CDATA[]]></system-err>
      </testcase>
      <testcase name="Test Cases/Form Jobs/BSE16/Create BSE Inspection" classname="Test Cases/Form Jobs/BSE16/Create BSE Inspection" status="PASSED">
         <system-out><![CDATA[2019-01-29 11:56:11 - [TEST_CASE][PASSED] - Test Cases/Form Jobs/BSE16/Create BSE Inspection: Test Cases/Form Jobs/BSE16/Create BSE Inspection

2019-01-29 11:56:12 - [TEST_STEP][PASSED] - log = new com.kms.katalon.core.logging.KeywordLogger(): null

2019-01-29 11:56:12 - [TEST_STEP][PASSED] - delay(15): Delayed 15 second(s)

2019-01-29 11:56:27 - [MESSAGE][PASSED] - Delayed 15 second(s)

2019-01-29 11:56:27 - [TEST_STEP][PASSED] - click(findTestObject("Object Repository/FSM1/BSE16/Page_JClient/div_Main Menu_GKH2EKQBMBC")): Object: 'Object Repository/FSM1/BSE16/Page_JClient/div_Main Menu_GKH2EKQBMBC' is clicked on

2019-01-29 11:56:27 - [MESSAGE][PASSED] - Object: 'Object Repository/FSM1/BSE16/Page_JClient/div_Main Menu_GKH2EKQBMBC' is clicked on

2019-01-29 11:56:27 - [TEST_STEP][PASSED] - delay(3): Delayed 3 second(s)

2019-01-29 11:56:30 - [MESSAGE][PASSED] - Delayed 3 second(s)

2019-01-29 11:56:30 - [TEST_STEP][PASSED] - click(findTestObject("Object Repository/FSM1/BSE16/Page_JClient/div_Form Jobs")): Object: 'Object Repository/FSM1/BSE16/Page_JClient/div_Form Jobs' is clicked on

2019-01-29 11:56:30 - [MESSAGE][PASSED] - Object: 'Object Repository/FSM1/BSE16/Page_JClient/div_Form Jobs' is clicked on

2019-01-29 11:56:30 - [TEST_STEP][PASSED] - click(findTestObject("Object Repository/FSM1/BSE16/Page_JClient/div_BSE16")): Object: 'Object Repository/FSM1/BSE16/Page_JClient/div_BSE16' is clicked on

2019-01-29 11:56:30 - [MESSAGE][PASSED] - Object: 'Object Repository/FSM1/BSE16/Page_JClient/div_BSE16' is clicked on

2019-01-29 11:56:30 - [TEST_STEP][PASSED] - click(findTestObject("Object Repository/FSM1/BSE16/Page_JClient/div_WITH OPERATIVE")): Object: 'Object Repository/FSM1/BSE16/Page_JClient/div_WITH OPERATIVE' is clicked on

2019-01-29 11:56:31 - [MESSAGE][PASSED] - Object: 'Object Repository/FSM1/BSE16/Page_JClient/div_WITH OPERATIVE' is clicked on

2019-01-29 11:56:31 - [TEST_STEP][PASSED] - delay(2): Delayed 2 second(s)

2019-01-29 11:56:33 - [MESSAGE][PASSED] - Delayed 2 second(s)

2019-01-29 11:56:33 - [TEST_STEP][PASSED] - click(findTestObject("Object Repository/FSM1/BSE16/Page_JClient/div_TRAVELLING")): Object: 'Object Repository/FSM1/BSE16/Page_JClient/div_TRAVELLING' is clicked on

2019-01-29 11:56:33 - [MESSAGE][PASSED] - Object: 'Object Repository/FSM1/BSE16/Page_JClient/div_TRAVELLING' is clicked on

2019-01-29 11:56:33 - [TEST_STEP][PASSED] - click(findTestObject("Object Repository/FSM1/BSE16/Page_JClient/div_TRAVELLING")): Object: 'Object Repository/FSM1/BSE16/Page_JClient/div_TRAVELLING' is clicked on

2019-01-29 11:56:33 - [MESSAGE][PASSED] - Object: 'Object Repository/FSM1/BSE16/Page_JClient/div_TRAVELLING' is clicked on

2019-01-29 11:56:33 - [TEST_STEP][PASSED] - delay(2): Delayed 2 second(s)

2019-01-29 11:56:35 - [MESSAGE][PASSED] - Delayed 2 second(s)

2019-01-29 11:56:35 - [TEST_STEP][PASSED] - click(findTestObject("Object Repository/FSM1/BSE16/Page_JClient/div_ARRIVED")): Object: 'Object Repository/FSM1/BSE16/Page_JClient/div_ARRIVED' is clicked on

2019-01-29 11:56:35 - [MESSAGE][PASSED] - Object: 'Object Repository/FSM1/BSE16/Page_JClient/div_ARRIVED' is clicked on

2019-01-29 11:56:35 - [TEST_STEP][PASSED] - delay(2): Delayed 2 second(s)

2019-01-29 11:56:37 - [MESSAGE][PASSED] - Delayed 2 second(s)

2019-01-29 11:56:37 - [TEST_STEP][PASSED] - click(findTestObject("Object Repository/FSM1/BSE16/Page_JClient/div_ARRIVED")): Object: 'Object Repository/FSM1/BSE16/Page_JClient/div_ARRIVED' is clicked on

2019-01-29 11:56:37 - [MESSAGE][PASSED] - Object: 'Object Repository/FSM1/BSE16/Page_JClient/div_ARRIVED' is clicked on

2019-01-29 11:56:37 - [TEST_STEP][PASSED] - delay(2): Delayed 2 second(s)

2019-01-29 11:56:39 - [MESSAGE][PASSED] - Delayed 2 second(s)

2019-01-29 11:56:39 - [TEST_STEP][PASSED] - click(findTestObject("Object Repository/FSM1/BSE16/Page_JClient/div_STARTED")): Object: 'Object Repository/FSM1/BSE16/Page_JClient/div_STARTED' is clicked on

2019-01-29 11:56:39 - [MESSAGE][PASSED] - Object: 'Object Repository/FSM1/BSE16/Page_JClient/div_STARTED' is clicked on

2019-01-29 11:56:39 - [TEST_STEP][PASSED] - delay(2): Delayed 2 second(s)

2019-01-29 11:56:41 - [MESSAGE][PASSED] - Delayed 2 second(s)

2019-01-29 11:56:41 - [TEST_STEP][NOT_RUN] - mydate = new java.util.Date(): NOT_RUN: mydate = new java.util.Date()

2019-01-29 11:56:41 - [MESSAGE][NOT_RUN] - NOT_RUN: mydate = new java.util.Date()

2019-01-29 11:56:41 - [TEST_STEP][NOT_RUN] - formattedDate = mydate.format("MM/dd/yyy"): NOT_RUN: formattedDate = mydate.format("MM/dd/yyy")

2019-01-29 11:56:41 - [MESSAGE][NOT_RUN] - NOT_RUN: formattedDate = mydate.format("MM/dd/yyy")

2019-01-29 11:56:41 - [TEST_STEP][NOT_RUN] - sendKeys(findTestObject("Object Repository/FSM1/BSE16/Page_JClient/IV17 Date of Visit"), formattedDate): NOT_RUN: sendKeys(findTestObject("Object Repository/FSM1/BSE16/Page_JClient/IV17 Date of Visit"), formattedDate)

2019-01-29 11:56:41 - [MESSAGE][NOT_RUN] - NOT_RUN: sendKeys(findTestObject("Object Repository/FSM1/BSE16/Page_JClient/IV17 Date of Visit"), formattedDate)]]></system-out>
         <system-err><![CDATA[]]></system-err>
      </testcase>
      <testcase name="Test Cases/Form Jobs/BSE16/Edit Job Details - Livestock Farm" classname="Test Cases/Form Jobs/BSE16/Edit Job Details - Livestock Farm" status="PASSED">
         <system-out><![CDATA[2019-01-29 11:56:41 - [TEST_CASE][PASSED] - Test Cases/Form Jobs/BSE16/Edit Job Details - Livestock Farm: Test Cases/Form Jobs/BSE16/Edit Job Details - Livestock Farm

2019-01-29 11:56:41 - [TEST_STEP][PASSED] - click(findTestObject("Object Repository/FSM1/BSE16/Page_JClient/Page_JClient/div_Edit attributes")): Object: 'Object Repository/FSM1/BSE16/Page_JClient/Page_JClient/div_Edit attributes' is clicked on

2019-01-29 11:56:41 - [MESSAGE][PASSED] - Object: 'Object Repository/FSM1/BSE16/Page_JClient/Page_JClient/div_Edit attributes' is clicked on

2019-01-29 11:56:41 - [TEST_STEP][PASSED] - selectOptionByValue(findTestObject("Object Repository/FSM1/BSE16/Page_JClient/Page_JClient/select_Southern-1Southern-2Sou"), "SOUTHERN1", true): All options with value 'SOUTHERN1' are selected in object 'Object Repository/FSM1/BSE16/Page_JClient/Page_JClient/select_Southern-1Southern-2Sou'  using regular expression

2019-01-29 11:56:42 - [MESSAGE][PASSED] - All options with value 'SOUTHERN1' are selected in object 'Object Repository/FSM1/BSE16/Page_JClient/Page_JClient/select_Southern-1Southern-2Sou'  using regular expression

2019-01-29 11:56:42 - [TEST_STEP][PASSED] - setText(findTestObject("Object Repository/FSM1/BSE16/Page_JClient/Page_JClient/input_Email_gwt-TextBox GKH2EK"), "test@automation.com"): Text 'test@automation.com' is set on object 'Object Repository/FSM1/BSE16/Page_JClient/Page_JClient/input_Email_gwt-TextBox GKH2EK'

2019-01-29 11:56:42 - [MESSAGE][PASSED] - Text 'test@automation.com' is set on object 'Object Repository/FSM1/BSE16/Page_JClient/Page_JClient/input_Email_gwt-TextBox GKH2EK'

2019-01-29 11:56:42 - [TEST_STEP][PASSED] - click(findTestObject("Object Repository/FSM1/BSE16/Page_JClient/Page_JClient/input_Vet_radio_group_2")): Object: 'Object Repository/FSM1/BSE16/Page_JClient/Page_JClient/input_Vet_radio_group_2' is clicked on

2019-01-29 11:56:42 - [MESSAGE][PASSED] - Object: 'Object Repository/FSM1/BSE16/Page_JClient/Page_JClient/input_Vet_radio_group_2' is clicked on

2019-01-29 11:56:42 - [TEST_STEP][PASSED] - setText(findTestObject("Object Repository/FSM1/BSE16/Page_JClient/Page_JClient/input_TownFarm_gwt-TextBox GKH"), "Test Automation"): Text 'Test Automation' is set on object 'Object Repository/FSM1/BSE16/Page_JClient/Page_JClient/input_TownFarm_gwt-TextBox GKH'

2019-01-29 11:56:42 - [MESSAGE][PASSED] - Text 'Test Automation' is set on object 'Object Repository/FSM1/BSE16/Page_JClient/Page_JClient/input_TownFarm_gwt-TextBox GKH'

2019-01-29 11:56:42 - [TEST_STEP][PASSED] - setText(findTestObject("Object Repository/FSM1/BSE16/Page_JClient/Page_JClient/textarea_Address_gwt-TextArea"), "Test automation"): Text 'Test automation' is set on object 'Object Repository/FSM1/BSE16/Page_JClient/Page_JClient/textarea_Address_gwt-TextArea'

2019-01-29 11:56:42 - [MESSAGE][PASSED] - Text 'Test automation' is set on object 'Object Repository/FSM1/BSE16/Page_JClient/Page_JClient/textarea_Address_gwt-TextArea'

2019-01-29 11:56:42 - [TEST_STEP][PASSED] - setText(findTestObject("Object Repository/FSM1/BSE16/Page_JClient/Page_JClient/input_Postcode_gwt-TextBox GKH"), "CV37 6SN"): Text 'CV37 6SN' is set on object 'Object Repository/FSM1/BSE16/Page_JClient/Page_JClient/input_Postcode_gwt-TextBox GKH'

2019-01-29 11:56:42 - [MESSAGE][PASSED] - Text 'CV37 6SN' is set on object 'Object Repository/FSM1/BSE16/Page_JClient/Page_JClient/input_Postcode_gwt-TextBox GKH'

2019-01-29 11:56:42 - [TEST_STEP][PASSED] - selectOptionByValue(findTestObject("Object Repository/FSM1/BSE16/Page_JClient/Page_JClient/select_FeedmillImporterInterme"), findTestData("Pre Production/Form Jobs/BSE16/BSE16 - Livestock Farm").getValue(1, 1), false): All options with value 'LIVESTOCK_FARM' are selected in object 'Object Repository/FSM1/BSE16/Page_JClient/Page_JClient/select_FeedmillImporterInterme' 

2019-01-29 11:56:42 - [MESSAGE][PASSED] - All options with value 'LIVESTOCK_FARM' are selected in object 'Object Repository/FSM1/BSE16/Page_JClient/Page_JClient/select_FeedmillImporterInterme' 

2019-01-29 11:56:42 - [TEST_STEP][PASSED] - delay(3): Delayed 3 second(s)

2019-01-29 11:56:45 - [MESSAGE][PASSED] - Delayed 3 second(s)]]></system-out>
         <system-err><![CDATA[]]></system-err>
      </testcase>
      <testcase name="Test Cases/Form Jobs/BSE16/Sample Details" classname="Test Cases/Form Jobs/BSE16/Sample Details" status="PASSED">
         <system-out><![CDATA[2019-01-29 11:56:45 - [TEST_CASE][PASSED] - Test Cases/Form Jobs/BSE16/Sample Details: Test Cases/Form Jobs/BSE16/Sample Details

2019-01-29 11:56:46 - [TEST_STEP][PASSED] - click(findTestObject("Object Repository/FSM1/BSE16/Page_JClient/div_Sample Details")): Object: 'Object Repository/FSM1/BSE16/Page_JClient/div_Sample Details' is clicked on

2019-01-29 11:56:46 - [MESSAGE][PASSED] - Object: 'Object Repository/FSM1/BSE16/Page_JClient/div_Sample Details' is clicked on

2019-01-29 11:56:46 - [TEST_STEP][PASSED] - delay(3): Delayed 3 second(s)

2019-01-29 11:56:49 - [MESSAGE][PASSED] - Delayed 3 second(s)

2019-01-29 11:56:49 - [TEST_STEP][PASSED] - click(findTestObject("Object Repository/FSM1/BSE16/Page_JClient/input_Did you take samples at")): Object: 'Object Repository/FSM1/BSE16/Page_JClient/input_Did you take samples at' is clicked on

2019-01-29 11:56:49 - [MESSAGE][PASSED] - Object: 'Object Repository/FSM1/BSE16/Page_JClient/input_Did you take samples at' is clicked on

2019-01-29 11:56:49 - [TEST_STEP][PASSED] - click(findTestObject("Object Repository/FSM1/BSE16/Page_JClient/input_Are these routine sample")): Object: 'Object Repository/FSM1/BSE16/Page_JClient/input_Are these routine sample' is clicked on

2019-01-29 11:56:49 - [MESSAGE][PASSED] - Object: 'Object Repository/FSM1/BSE16/Page_JClient/input_Are these routine sample' is clicked on

2019-01-29 11:56:49 - [TEST_STEP][PASSED] - setText(findTestObject("Object Repository/FSM1/BSE16/Page_JClient/input_Total no. of rations sam"), "2"): Text '2' is set on object 'Object Repository/FSM1/BSE16/Page_JClient/input_Total no. of rations sam'

2019-01-29 11:56:49 - [MESSAGE][PASSED] - Text '2' is set on object 'Object Repository/FSM1/BSE16/Page_JClient/input_Total no. of rations sam'

2019-01-29 11:56:49 - [TEST_STEP][PASSED] - setText(findTestObject("Object Repository/FSM1/BSE16/Page_JClient/input_No. of fatoil samples_gw"), "2"): Text '2' is set on object 'Object Repository/FSM1/BSE16/Page_JClient/input_No. of fatoil samples_gw'

2019-01-29 11:56:49 - [MESSAGE][PASSED] - Text '2' is set on object 'Object Repository/FSM1/BSE16/Page_JClient/input_No. of fatoil samples_gw'

2019-01-29 11:56:49 - [TEST_STEP][PASSED] - mydate = new java.util.Date(): null

2019-01-29 11:56:49 - [TEST_STEP][PASSED] - formattedDate = mydate.format("dd/MM/yyyy"): null

2019-01-29 11:56:49 - [TEST_STEP][PASSED] - sendKeys(findTestObject("FSM1/BSE16/Page_JClient/input_Date of dispatch to Weyb"), formattedDate): Keys '29/01/2019' sent to object: 'Object Repository/FSM1/BSE16/Page_JClient/input_Date of dispatch to Weyb'

2019-01-29 11:56:49 - [MESSAGE][PASSED] - Keys '29/01/2019' sent to object: 'Object Repository/FSM1/BSE16/Page_JClient/input_Date of dispatch to Weyb'

2019-01-29 11:56:49 - [TEST_STEP][PASSED] - click(findTestObject("FSM1/BSE16/Page_JClient/div_Save - Sample")): Object: 'Object Repository/FSM1/BSE16/Page_JClient/div_Save - Sample' is clicked on

2019-01-29 11:56:49 - [MESSAGE][PASSED] - Object: 'Object Repository/FSM1/BSE16/Page_JClient/div_Save - Sample' is clicked on

2019-01-29 11:56:49 - [TEST_STEP][PASSED] - delay(2): Delayed 2 second(s)

2019-01-29 11:56:51 - [MESSAGE][PASSED] - Delayed 2 second(s)]]></system-out>
         <system-err><![CDATA[]]></system-err>
      </testcase>
      <testcase name="Test Cases/Form Jobs/BSE16/Establishment - Production Information" classname="Test Cases/Form Jobs/BSE16/Establishment - Production Information" status="PASSED">
         <system-out><![CDATA[2019-01-29 11:56:51 - [TEST_CASE][PASSED] - Test Cases/Form Jobs/BSE16/Establishment - Production Information: Test Cases/Form Jobs/BSE16/Establishment - Production Information

2019-01-29 11:56:52 - [TEST_STEP][PASSED] - click(findTestObject("Object Repository/FSM1/BSE16/Page_JClient/div_EstablishmentProduction In")): Object: 'Object Repository/FSM1/BSE16/Page_JClient/div_EstablishmentProduction In' is clicked on

2019-01-29 11:56:52 - [MESSAGE][PASSED] - Object: 'Object Repository/FSM1/BSE16/Page_JClient/div_EstablishmentProduction In' is clicked on

2019-01-29 11:56:52 - [TEST_STEP][PASSED] - delay(3): Delayed 3 second(s)

2019-01-29 11:56:55 - [MESSAGE][PASSED] - Delayed 3 second(s)

2019-01-29 11:56:55 - [TEST_STEP][PASSED] - selectOptionByValue(findTestObject("Object Repository/FSM1/BSE16/Page_JClient/select_ 15000 tonnes15000-1500"), "15000150000_TONNES", true): All options with value '15000150000_TONNES' are selected in object 'Object Repository/FSM1/BSE16/Page_JClient/select_ 15000 tonnes15000-1500'  using regular expression

2019-01-29 11:56:55 - [MESSAGE][PASSED] - All options with value '15000150000_TONNES' are selected in object 'Object Repository/FSM1/BSE16/Page_JClient/select_ 15000 tonnes15000-1500'  using regular expression

2019-01-29 11:56:55 - [TEST_STEP][PASSED] - click(findTestObject("Object Repository/FSM1/BSE16/Page_JClient/input_Non-ruminant feed only_r")): Object: 'Object Repository/FSM1/BSE16/Page_JClient/input_Non-ruminant feed only_r' is clicked on

2019-01-29 11:56:55 - [MESSAGE][PASSED] - Object: 'Object Repository/FSM1/BSE16/Page_JClient/input_Non-ruminant feed only_r' is clicked on

2019-01-29 11:56:55 - [TEST_STEP][PASSED] - click(findTestObject("Object Repository/FSM1/BSE16/Page_JClient/input_Ruminant feed only_radio")): Object: 'Object Repository/FSM1/BSE16/Page_JClient/input_Ruminant feed only_radio' is clicked on

2019-01-29 11:56:55 - [MESSAGE][PASSED] - Object: 'Object Repository/FSM1/BSE16/Page_JClient/input_Ruminant feed only_radio' is clicked on

2019-01-29 11:56:55 - [TEST_STEP][PASSED] - click(findTestObject("Object Repository/FSM1/BSE16/Page_JClient/input_Ruminant and non-ruminan")): Object: 'Object Repository/FSM1/BSE16/Page_JClient/input_Ruminant and non-ruminan' is clicked on

2019-01-29 11:56:55 - [MESSAGE][PASSED] - Object: 'Object Repository/FSM1/BSE16/Page_JClient/input_Ruminant and non-ruminan' is clicked on

2019-01-29 11:56:55 - [TEST_STEP][PASSED] - click(findTestObject("Object Repository/FSM1/BSE16/Page_JClient/input_Only Non-ruminant feed w")): Object: 'Object Repository/FSM1/BSE16/Page_JClient/input_Only Non-ruminant feed w' is clicked on

2019-01-29 11:56:55 - [MESSAGE][PASSED] - Object: 'Object Repository/FSM1/BSE16/Page_JClient/input_Only Non-ruminant feed w' is clicked on

2019-01-29 11:56:55 - [TEST_STEP][PASSED] - click(findTestObject("Object Repository/FSM1/BSE16/Page_JClient/input_Ruminant and Non-ruminan (1)")): Object: 'Object Repository/FSM1/BSE16/Page_JClient/input_Ruminant and Non-ruminan (1)' is clicked on

2019-01-29 11:56:55 - [MESSAGE][PASSED] - Object: 'Object Repository/FSM1/BSE16/Page_JClient/input_Ruminant and Non-ruminan (1)' is clicked on

2019-01-29 11:56:55 - [TEST_STEP][PASSED] - click(findTestObject("Object Repository/FSM1/BSE16/Page_JClient/input_No_radio_group_10")): Object: 'Object Repository/FSM1/BSE16/Page_JClient/input_No_radio_group_10' is clicked on

2019-01-29 11:56:55 - [MESSAGE][PASSED] - Object: 'Object Repository/FSM1/BSE16/Page_JClient/input_No_radio_group_10' is clicked on

2019-01-29 11:56:55 - [TEST_STEP][PASSED] - click(findTestObject("Object Repository/FSM1/BSE16/Page_JClient/input_Is production single str")): Object: 'Object Repository/FSM1/BSE16/Page_JClient/input_Is production single str' is clicked on

2019-01-29 11:56:55 - [MESSAGE][PASSED] - Object: 'Object Repository/FSM1/BSE16/Page_JClient/input_Is production single str' is clicked on

2019-01-29 11:56:55 - [TEST_STEP][PASSED] - click(findTestObject("Object Repository/FSM1/BSE16/Page_JClient/input_Is production dual strea")): Object: 'Object Repository/FSM1/BSE16/Page_JClient/input_Is production dual strea' is clicked on

2019-01-29 11:56:55 - [MESSAGE][PASSED] - Object: 'Object Repository/FSM1/BSE16/Page_JClient/input_Is production dual strea' is clicked on

2019-01-29 11:56:55 - [TEST_STEP][PASSED] - click(findTestObject("Object Repository/FSM1/BSE16/Page_JClient/input_Is this a blending plant")): Object: 'Object Repository/FSM1/BSE16/Page_JClient/input_Is this a blending plant' is clicked on

2019-01-29 11:56:56 - [MESSAGE][PASSED] - Object: 'Object Repository/FSM1/BSE16/Page_JClient/input_Is this a blending plant' is clicked on

2019-01-29 11:56:56 - [TEST_STEP][PASSED] - click(findTestObject("Object Repository/FSM1/BSE16/Page_JClient/input_No_radio_group_14")): Object: 'Object Repository/FSM1/BSE16/Page_JClient/input_No_radio_group_14' is clicked on

2019-01-29 11:56:56 - [MESSAGE][PASSED] - Object: 'Object Repository/FSM1/BSE16/Page_JClient/input_No_radio_group_14' is clicked on

2019-01-29 11:56:56 - [TEST_STEP][PASSED] - setText(findTestObject("Object Repository/FSM1/BSE16/Page_JClient/input_Registration no. (if app"), "1234"): Text '1234' is set on object 'Object Repository/FSM1/BSE16/Page_JClient/input_Registration no. (if app'

2019-01-29 11:56:56 - [MESSAGE][PASSED] - Text '1234' is set on object 'Object Repository/FSM1/BSE16/Page_JClient/input_Registration no. (if app'

2019-01-29 11:56:56 - [TEST_STEP][PASSED] - click(findTestObject("Object Repository/FSM1/BSE16/Page_JClient/input_Registration no. (if app_1")): Object: 'Object Repository/FSM1/BSE16/Page_JClient/input_Registration no. (if app_1' is clicked on

2019-01-29 11:56:56 - [MESSAGE][PASSED] - Object: 'Object Repository/FSM1/BSE16/Page_JClient/input_Registration no. (if app_1' is clicked on

2019-01-29 11:56:56 - [TEST_STEP][PASSED] - click(findTestObject("FSM1/BSE16/Page_JClient/div_Save - Generic")): Object: 'Object Repository/FSM1/BSE16/Page_JClient/div_Save - Generic' is clicked on

2019-01-29 11:56:56 - [MESSAGE][PASSED] - Object: 'Object Repository/FSM1/BSE16/Page_JClient/div_Save - Generic' is clicked on

2019-01-29 11:56:56 - [TEST_STEP][PASSED] - delay(2): Delayed 2 second(s)

2019-01-29 11:56:58 - [MESSAGE][PASSED] - Delayed 2 second(s)]]></system-out>
         <system-err><![CDATA[]]></system-err>
      </testcase>
      <testcase name="Test Cases/Form Jobs/BSE16/Livestock On Farm" classname="Test Cases/Form Jobs/BSE16/Livestock On Farm" status="PASSED">
         <system-out><![CDATA[2019-01-29 11:56:58 - [TEST_CASE][PASSED] - Test Cases/Form Jobs/BSE16/Livestock On Farm: Test Cases/Form Jobs/BSE16/Livestock On Farm

2019-01-29 11:56:58 - [TEST_STEP][PASSED] - click(findTestObject("Object Repository/FSM1/BSE16/Page_JClient/div_Livestock on Farm")): Object: 'Object Repository/FSM1/BSE16/Page_JClient/div_Livestock on Farm' is clicked on

2019-01-29 11:56:58 - [MESSAGE][PASSED] - Object: 'Object Repository/FSM1/BSE16/Page_JClient/div_Livestock on Farm' is clicked on

2019-01-29 11:56:58 - [TEST_STEP][PASSED] - delay(2): Delayed 2 second(s)

2019-01-29 11:57:00 - [MESSAGE][PASSED] - Delayed 2 second(s)

2019-01-29 11:57:00 - [TEST_STEP][PASSED] - click(findTestObject("Object Repository/FSM1/BSE16/Page_JClient/input_Ruminants on farm_radio_")): Object: 'Object Repository/FSM1/BSE16/Page_JClient/input_Ruminants on farm_radio_' is clicked on

2019-01-29 11:57:00 - [MESSAGE][PASSED] - Object: 'Object Repository/FSM1/BSE16/Page_JClient/input_Ruminants on farm_radio_' is clicked on

2019-01-29 11:57:00 - [TEST_STEP][PASSED] - click(findTestObject("Object Repository/FSM1/BSE16/Page_JClient/input_Stock types kept on prem")): Object: 'Object Repository/FSM1/BSE16/Page_JClient/input_Stock types kept on prem' is clicked on

2019-01-29 11:57:00 - [MESSAGE][PASSED] - Object: 'Object Repository/FSM1/BSE16/Page_JClient/input_Stock types kept on prem' is clicked on

2019-01-29 11:57:00 - [TEST_STEP][PASSED] - click(findTestObject("Object Repository/FSM1/BSE16/Page_JClient/input_Non-ruminants on farm_ra")): Object: 'Object Repository/FSM1/BSE16/Page_JClient/input_Non-ruminants on farm_ra' is clicked on

2019-01-29 11:57:00 - [MESSAGE][PASSED] - Object: 'Object Repository/FSM1/BSE16/Page_JClient/input_Non-ruminants on farm_ra' is clicked on

2019-01-29 11:57:00 - [TEST_STEP][PASSED] - click(findTestObject("Object Repository/FSM1/BSE16/Page_JClient/input_Poultry_gwt-uid-157")): Object: 'Object Repository/FSM1/BSE16/Page_JClient/input_Poultry_gwt-uid-157' is clicked on

2019-01-29 11:57:00 - [MESSAGE][PASSED] - Object: 'Object Repository/FSM1/BSE16/Page_JClient/input_Poultry_gwt-uid-157' is clicked on

2019-01-29 11:57:00 - [TEST_STEP][PASSED] - click(findTestObject("FSM1/BSE16/Page_JClient/div_Save - Generic")): Object: 'Object Repository/FSM1/BSE16/Page_JClient/div_Save - Generic' is clicked on

2019-01-29 11:57:00 - [MESSAGE][PASSED] - Object: 'Object Repository/FSM1/BSE16/Page_JClient/div_Save - Generic' is clicked on

2019-01-29 11:57:00 - [TEST_STEP][PASSED] - delay(2): Delayed 2 second(s)

2019-01-29 11:57:02 - [MESSAGE][PASSED] - Delayed 2 second(s)]]></system-out>
         <system-err><![CDATA[]]></system-err>
      </testcase>
      <testcase name="Test Cases/Form Jobs/BSE16/Restricted Proteins" classname="Test Cases/Form Jobs/BSE16/Restricted Proteins" status="PASSED">
         <system-out><![CDATA[2019-01-29 11:57:02 - [TEST_CASE][PASSED] - Test Cases/Form Jobs/BSE16/Restricted Proteins: Test Cases/Form Jobs/BSE16/Restricted Proteins

2019-01-29 11:57:03 - [TEST_STEP][PASSED] - click(findTestObject("Object Repository/FSM1/BSE16/Page_JClient/Page_JClient/div_Restricted ProteinsAuthori")): Object: 'Object Repository/FSM1/BSE16/Page_JClient/Page_JClient/div_Restricted ProteinsAuthori' is clicked on

2019-01-29 11:57:03 - [MESSAGE][PASSED] - Object: 'Object Repository/FSM1/BSE16/Page_JClient/Page_JClient/div_Restricted ProteinsAuthori' is clicked on

2019-01-29 11:57:03 - [TEST_STEP][PASSED] - delay(2): Delayed 2 second(s)

2019-01-29 11:57:05 - [MESSAGE][PASSED] - Delayed 2 second(s)

2019-01-29 11:57:05 - [TEST_STEP][PASSED] - click(findTestObject("Object Repository/FSM1/BSE16/Page_JClient/Page_JClient/input_Are restricted proteins (1)")): Object: 'Object Repository/FSM1/BSE16/Page_JClient/Page_JClient/input_Are restricted proteins (1)' is clicked on

2019-01-29 11:57:05 - [MESSAGE][PASSED] - Object: 'Object Repository/FSM1/BSE16/Page_JClient/Page_JClient/input_Are restricted proteins (1)' is clicked on

2019-01-29 11:57:05 - [TEST_STEP][PASSED] - click(findTestObject("Object Repository/FSM1/BSE16/Page_JClient/Page_JClient/input_Which restricted protein")): Object: 'Object Repository/FSM1/BSE16/Page_JClient/Page_JClient/input_Which restricted protein' is clicked on

2019-01-29 11:57:05 - [MESSAGE][PASSED] - Object: 'Object Repository/FSM1/BSE16/Page_JClient/Page_JClient/input_Which restricted protein' is clicked on

2019-01-29 11:57:05 - [TEST_STEP][PASSED] - click(findTestObject("Object Repository/FSM1/BSE16/Page_JClient/Page_JClient/input_Supply further details o_2")): Object: 'Object Repository/FSM1/BSE16/Page_JClient/Page_JClient/input_Supply further details o_2' is clicked on

2019-01-29 11:57:05 - [MESSAGE][PASSED] - Object: 'Object Repository/FSM1/BSE16/Page_JClient/Page_JClient/input_Supply further details o_2' is clicked on

2019-01-29 11:57:05 - [TEST_STEP][PASSED] - click(findTestObject("Object Repository/FSM1/BSE16/Page_JClient/Page_JClient/input_No_radio_group_4")): Object: 'Object Repository/FSM1/BSE16/Page_JClient/Page_JClient/input_No_radio_group_4' is clicked on

2019-01-29 11:57:05 - [MESSAGE][PASSED] - Object: 'Object Repository/FSM1/BSE16/Page_JClient/Page_JClient/input_No_radio_group_4' is clicked on

2019-01-29 11:57:05 - [TEST_STEP][PASSED] - selectOptionByValue(findTestObject("Object Repository/FSM1/BSE16/Page_JClient/Page_JClient/select_YesNo"), "YES", true): All options with value 'YES' are selected in object 'Object Repository/FSM1/BSE16/Page_JClient/Page_JClient/select_YesNo'  using regular expression

2019-01-29 11:57:05 - [MESSAGE][PASSED] - All options with value 'YES' are selected in object 'Object Repository/FSM1/BSE16/Page_JClient/Page_JClient/select_YesNo'  using regular expression

2019-01-29 11:57:05 - [TEST_STEP][PASSED] - click(findTestObject("Object Repository/FSM1/BSE16/Page_JClient/Page_JClient/input_Registration number of b")): Object: 'Object Repository/FSM1/BSE16/Page_JClient/Page_JClient/input_Registration number of b' is clicked on

2019-01-29 11:57:05 - [MESSAGE][PASSED] - Object: 'Object Repository/FSM1/BSE16/Page_JClient/Page_JClient/input_Registration number of b' is clicked on

2019-01-29 11:57:05 - [TEST_STEP][PASSED] - click(findTestObject("Object Repository/FSM1/BSE16/Page_JClient/Page_JClient/input_No_gwt-uid-127")): Object: 'Object Repository/FSM1/BSE16/Page_JClient/Page_JClient/input_No_gwt-uid-127' is clicked on

2019-01-29 11:57:05 - [MESSAGE][PASSED] - Object: 'Object Repository/FSM1/BSE16/Page_JClient/Page_JClient/input_No_gwt-uid-127' is clicked on

2019-01-29 11:57:05 - [TEST_STEP][PASSED] - click(findTestObject("Object Repository/FSM1/BSE16/Page_JClient/Page_JClient/input_How are the restricted p")): Object: 'Object Repository/FSM1/BSE16/Page_JClient/Page_JClient/input_How are the restricted p' is clicked on

2019-01-29 11:57:05 - [MESSAGE][PASSED] - Object: 'Object Repository/FSM1/BSE16/Page_JClient/Page_JClient/input_How are the restricted p' is clicked on

2019-01-29 11:57:05 - [TEST_STEP][PASSED] - click(findTestObject("Object Repository/FSM1/BSE16/Page_JClient/Page_JClient/input_NA_radio_group_6")): Object: 'Object Repository/FSM1/BSE16/Page_JClient/Page_JClient/input_NA_radio_group_6' is clicked on

2019-01-29 11:57:06 - [MESSAGE][PASSED] - Object: 'Object Repository/FSM1/BSE16/Page_JClient/Page_JClient/input_NA_radio_group_6' is clicked on

2019-01-29 11:57:06 - [TEST_STEP][PASSED] - click(findTestObject("Object Repository/FSM1/BSE16/Page_JClient/Page_JClient/input_NA_radio_group_7")): Object: 'Object Repository/FSM1/BSE16/Page_JClient/Page_JClient/input_NA_radio_group_7' is clicked on

2019-01-29 11:57:06 - [MESSAGE][PASSED] - Object: 'Object Repository/FSM1/BSE16/Page_JClient/Page_JClient/input_NA_radio_group_7' is clicked on

2019-01-29 11:57:06 - [TEST_STEP][PASSED] - click(findTestObject("Object Repository/FSM1/BSE16/Page_JClient/Page_JClient/input_NA_radio_group_8")): Object: 'Object Repository/FSM1/BSE16/Page_JClient/Page_JClient/input_NA_radio_group_8' is clicked on

2019-01-29 11:57:06 - [MESSAGE][PASSED] - Object: 'Object Repository/FSM1/BSE16/Page_JClient/Page_JClient/input_NA_radio_group_8' is clicked on

2019-01-29 11:57:06 - [TEST_STEP][PASSED] - click(findTestObject("Object Repository/FSM1/BSE16/Page_JClient/Page_JClient/input_NA_radio_group_9")): Object: 'Object Repository/FSM1/BSE16/Page_JClient/Page_JClient/input_NA_radio_group_9' is clicked on

2019-01-29 11:57:06 - [MESSAGE][PASSED] - Object: 'Object Repository/FSM1/BSE16/Page_JClient/Page_JClient/input_NA_radio_group_9' is clicked on

2019-01-29 11:57:06 - [TEST_STEP][PASSED] - click(findTestObject("Object Repository/FSM1/BSE16/Page_JClient/Page_JClient/input_NA_radio_group_10")): Object: 'Object Repository/FSM1/BSE16/Page_JClient/Page_JClient/input_NA_radio_group_10' is clicked on

2019-01-29 11:57:06 - [MESSAGE][PASSED] - Object: 'Object Repository/FSM1/BSE16/Page_JClient/Page_JClient/input_NA_radio_group_10' is clicked on

2019-01-29 11:57:06 - [TEST_STEP][PASSED] - click(findTestObject("Object Repository/FSM1/BSE16/Page_JClient/Page_JClient/input_Commentsfurther details_")): Object: 'Object Repository/FSM1/BSE16/Page_JClient/Page_JClient/input_Commentsfurther details_' is clicked on

2019-01-29 11:57:06 - [MESSAGE][PASSED] - Object: 'Object Repository/FSM1/BSE16/Page_JClient/Page_JClient/input_Commentsfurther details_' is clicked on

2019-01-29 11:57:06 - [TEST_STEP][PASSED] - click(findTestObject("Object Repository/FSM1/BSE16/Page_JClient/Page_JClient/div_Save - Generic")): Object: 'Object Repository/FSM1/BSE16/Page_JClient/Page_JClient/div_Save - Generic' is clicked on

2019-01-29 11:57:06 - [MESSAGE][PASSED] - Object: 'Object Repository/FSM1/BSE16/Page_JClient/Page_JClient/div_Save - Generic' is clicked on

2019-01-29 11:57:06 - [TEST_STEP][PASSED] - delay(2): Delayed 2 second(s)

2019-01-29 11:57:08 - [MESSAGE][PASSED] - Delayed 2 second(s)]]></system-out>
         <system-err><![CDATA[]]></system-err>
      </testcase>
      <testcase name="Test Cases/Form Jobs/BSE16/Pet Food" classname="Test Cases/Form Jobs/BSE16/Pet Food" status="PASSED">
         <system-out><![CDATA[2019-01-29 11:57:08 - [TEST_CASE][PASSED] - Test Cases/Form Jobs/BSE16/Pet Food: Test Cases/Form Jobs/BSE16/Pet Food

2019-01-29 11:57:08 - [TEST_STEP][PASSED] - click(findTestObject("Object Repository/FSM1/BSE16/Page_JClient/div_Pet Food")): Object: 'Object Repository/FSM1/BSE16/Page_JClient/div_Pet Food' is clicked on

2019-01-29 11:57:08 - [MESSAGE][PASSED] - Object: 'Object Repository/FSM1/BSE16/Page_JClient/div_Pet Food' is clicked on

2019-01-29 11:57:08 - [TEST_STEP][PASSED] - delay(2): Delayed 2 second(s)

2019-01-29 11:57:10 - [MESSAGE][PASSED] - Delayed 2 second(s)

2019-01-29 11:57:10 - [TEST_STEP][PASSED] - click(findTestObject("Object Repository/FSM1/BSE16/Page_JClient/input_NA_radio_group_2")): Object: 'Object Repository/FSM1/BSE16/Page_JClient/input_NA_radio_group_2' is clicked on

2019-01-29 11:57:10 - [MESSAGE][PASSED] - Object: 'Object Repository/FSM1/BSE16/Page_JClient/input_NA_radio_group_2' is clicked on

2019-01-29 11:57:10 - [TEST_STEP][PASSED] - click(findTestObject("Object Repository/FSM1/BSE16/Page_JClient/input_NA_radio_group_3")): Object: 'Object Repository/FSM1/BSE16/Page_JClient/input_NA_radio_group_3' is clicked on

2019-01-29 11:57:10 - [MESSAGE][PASSED] - Object: 'Object Repository/FSM1/BSE16/Page_JClient/input_NA_radio_group_3' is clicked on

2019-01-29 11:57:10 - [TEST_STEP][PASSED] - setText(findTestObject("Object Repository/FSM1/BSE16/Page_JClient/textarea_Further details if re"), "Test automation"): Text 'Test automation' is set on object 'Object Repository/FSM1/BSE16/Page_JClient/textarea_Further details if re'

2019-01-29 11:57:11 - [MESSAGE][PASSED] - Text 'Test automation' is set on object 'Object Repository/FSM1/BSE16/Page_JClient/textarea_Further details if re'

2019-01-29 11:57:11 - [TEST_STEP][PASSED] - click(findTestObject("FSM1/BSE16/Page_JClient/div_Save - Generic")): Object: 'Object Repository/FSM1/BSE16/Page_JClient/div_Save - Generic' is clicked on

2019-01-29 11:57:11 - [MESSAGE][PASSED] - Object: 'Object Repository/FSM1/BSE16/Page_JClient/div_Save - Generic' is clicked on

2019-01-29 11:57:11 - [TEST_STEP][PASSED] - delay(3): Delayed 3 second(s)

2019-01-29 11:57:14 - [MESSAGE][PASSED] - Delayed 3 second(s)]]></system-out>
         <system-err><![CDATA[]]></system-err>
      </testcase>
      <testcase name="Test Cases/Form Jobs/BSE16/Former Food Stuffs" classname="Test Cases/Form Jobs/BSE16/Former Food Stuffs" status="PASSED">
         <system-out><![CDATA[2019-01-29 11:57:14 - [TEST_CASE][PASSED] - Test Cases/Form Jobs/BSE16/Former Food Stuffs: Test Cases/Form Jobs/BSE16/Former Food Stuffs

2019-01-29 11:57:14 - [TEST_STEP][PASSED] - click(findTestObject("Object Repository/FSM1/BSE16/Page_JClient/div_Former Foodstuffs")): Object: 'Object Repository/FSM1/BSE16/Page_JClient/div_Former Foodstuffs' is clicked on

2019-01-29 11:57:14 - [MESSAGE][PASSED] - Object: 'Object Repository/FSM1/BSE16/Page_JClient/div_Former Foodstuffs' is clicked on

2019-01-29 11:57:14 - [TEST_STEP][PASSED] - delay(3): Delayed 3 second(s)

2019-01-29 11:57:17 - [MESSAGE][PASSED] - Delayed 3 second(s)

2019-01-29 11:57:17 - [TEST_STEP][PASSED] - click(findTestObject("Object Repository/FSM1/BSE16/Page_JClient/input_Are former foodstuffs us")): Object: 'Object Repository/FSM1/BSE16/Page_JClient/input_Are former foodstuffs us' is clicked on

2019-01-29 11:57:17 - [MESSAGE][PASSED] - Object: 'Object Repository/FSM1/BSE16/Page_JClient/input_Are former foodstuffs us' is clicked on

2019-01-29 11:57:17 - [TEST_STEP][PASSED] - click(findTestObject("Object Repository/FSM1/BSE16/Page_JClient/input_Which former foodstuffs")): Object: 'Object Repository/FSM1/BSE16/Page_JClient/input_Which former foodstuffs' is clicked on

2019-01-29 11:57:17 - [MESSAGE][PASSED] - Object: 'Object Repository/FSM1/BSE16/Page_JClient/input_Which former foodstuffs' is clicked on

2019-01-29 11:57:17 - [TEST_STEP][PASSED] - click(findTestObject("Object Repository/FSM1/BSE16/Page_JClient/input_Kitchenrestaurant_gwt-ui")): Object: 'Object Repository/FSM1/BSE16/Page_JClient/input_Kitchenrestaurant_gwt-ui' is clicked on

2019-01-29 11:57:17 - [MESSAGE][PASSED] - Object: 'Object Repository/FSM1/BSE16/Page_JClient/input_Kitchenrestaurant_gwt-ui' is clicked on

2019-01-29 11:57:17 - [TEST_STEP][PASSED] - click(findTestObject("Object Repository/FSM1/BSE16/Page_JClient/input_Food manufacturer_radio_")): Object: 'Object Repository/FSM1/BSE16/Page_JClient/input_Food manufacturer_radio_' is clicked on

2019-01-29 11:57:17 - [MESSAGE][PASSED] - Object: 'Object Repository/FSM1/BSE16/Page_JClient/input_Food manufacturer_radio_' is clicked on

2019-01-29 11:57:17 - [TEST_STEP][PASSED] - click(findTestObject("Object Repository/FSM1/BSE16/Page_JClient/input_NA_radio_group_6")): Object: 'Object Repository/FSM1/BSE16/Page_JClient/input_NA_radio_group_6' is clicked on

2019-01-29 11:57:17 - [MESSAGE][PASSED] - Object: 'Object Repository/FSM1/BSE16/Page_JClient/input_NA_radio_group_6' is clicked on

2019-01-29 11:57:17 - [TEST_STEP][PASSED] - click(findTestObject("FSM1/BSE16/Page_JClient/div_Save - Generic")): Object: 'Object Repository/FSM1/BSE16/Page_JClient/div_Save - Generic' is clicked on

2019-01-29 11:57:17 - [MESSAGE][PASSED] - Object: 'Object Repository/FSM1/BSE16/Page_JClient/div_Save - Generic' is clicked on

2019-01-29 11:57:17 - [TEST_STEP][PASSED] - delay(3): Delayed 3 second(s)

2019-01-29 11:57:20 - [MESSAGE][PASSED] - Delayed 3 second(s)]]></system-out>
         <system-err><![CDATA[]]></system-err>
      </testcase>
      <testcase name="Test Cases/Form Jobs/BSE16/Storage of ABP, PAP and Organic Fertiliser" classname="Test Cases/Form Jobs/BSE16/Storage of ABP, PAP and Organic Fertiliser" status="PASSED">
         <system-out><![CDATA[2019-01-29 11:57:20 - [TEST_CASE][PASSED] - Test Cases/Form Jobs/BSE16/Storage of ABP, PAP and Organic Fertiliser: Test Cases/Form Jobs/BSE16/Storage of ABP, PAP and Organic Fertiliser

2019-01-29 11:57:20 - [TEST_STEP][PASSED] - click(findTestObject("Object Repository/FSM1/BSE16/Page_JClient/div_Storage of ABP PAP and org")): Object: 'Object Repository/FSM1/BSE16/Page_JClient/div_Storage of ABP PAP and org' is clicked on

2019-01-29 11:57:21 - [MESSAGE][PASSED] - Object: 'Object Repository/FSM1/BSE16/Page_JClient/div_Storage of ABP PAP and org' is clicked on

2019-01-29 11:57:21 - [TEST_STEP][PASSED] - delay(2): Delayed 2 second(s)

2019-01-29 11:57:23 - [MESSAGE][PASSED] - Delayed 2 second(s)

2019-01-29 11:57:23 - [TEST_STEP][PASSED] - click(findTestObject("Object Repository/FSM1/BSE16/Page_JClient/input_PAP (not including restr")): Object: 'Object Repository/FSM1/BSE16/Page_JClient/input_PAP (not including restr' is clicked on

2019-01-29 11:57:23 - [MESSAGE][PASSED] - Object: 'Object Repository/FSM1/BSE16/Page_JClient/input_PAP (not including restr' is clicked on

2019-01-29 11:57:23 - [TEST_STEP][PASSED] - setText(findTestObject("Object Repository/FSM1/BSE16/Page_JClient/textarea_None_gwt-TextArea GKH"), "Test automation"): Text 'Test automation' is set on object 'Object Repository/FSM1/BSE16/Page_JClient/textarea_None_gwt-TextArea GKH'

2019-01-29 11:57:23 - [MESSAGE][PASSED] - Text 'Test automation' is set on object 'Object Repository/FSM1/BSE16/Page_JClient/textarea_None_gwt-TextArea GKH'

2019-01-29 11:57:23 - [TEST_STEP][PASSED] - click(findTestObject("Object Repository/FSM1/BSE16/Page_JClient/input_NA_radio_group_7")): Object: 'Object Repository/FSM1/BSE16/Page_JClient/input_NA_radio_group_7' is clicked on

2019-01-29 11:57:23 - [MESSAGE][PASSED] - Object: 'Object Repository/FSM1/BSE16/Page_JClient/input_NA_radio_group_7' is clicked on

2019-01-29 11:57:23 - [TEST_STEP][PASSED] - click(findTestObject("Object Repository/FSM1/BSE16/Page_JClient/input_NA_radio_group_8")): Object: 'Object Repository/FSM1/BSE16/Page_JClient/input_NA_radio_group_8' is clicked on

2019-01-29 11:57:23 - [MESSAGE][PASSED] - Object: 'Object Repository/FSM1/BSE16/Page_JClient/input_NA_radio_group_8' is clicked on

2019-01-29 11:57:23 - [TEST_STEP][PASSED] - click(findTestObject("Object Repository/FSM1/BSE16/Page_JClient/input_NA_radio_group_9")): Object: 'Object Repository/FSM1/BSE16/Page_JClient/input_NA_radio_group_9' is clicked on

2019-01-29 11:57:23 - [MESSAGE][PASSED] - Object: 'Object Repository/FSM1/BSE16/Page_JClient/input_NA_radio_group_9' is clicked on

2019-01-29 11:57:23 - [TEST_STEP][PASSED] - click(findTestObject("Object Repository/FSM1/BSE16/Page_JClient/input_NA_radio_group_10")): Object: 'Object Repository/FSM1/BSE16/Page_JClient/input_NA_radio_group_10' is clicked on

2019-01-29 11:57:23 - [MESSAGE][PASSED] - Object: 'Object Repository/FSM1/BSE16/Page_JClient/input_NA_radio_group_10' is clicked on

2019-01-29 11:57:23 - [TEST_STEP][PASSED] - click(findTestObject("Object Repository/FSM1/BSE16/Page_JClient/input_NA_radio_group_11")): Object: 'Object Repository/FSM1/BSE16/Page_JClient/input_NA_radio_group_11' is clicked on

2019-01-29 11:57:23 - [MESSAGE][PASSED] - Object: 'Object Repository/FSM1/BSE16/Page_JClient/input_NA_radio_group_11' is clicked on

2019-01-29 11:57:23 - [TEST_STEP][PASSED] - click(findTestObject("FSM1/BSE16/Page_JClient/div_Save - Generic")): Object: 'Object Repository/FSM1/BSE16/Page_JClient/div_Save - Generic' is clicked on

2019-01-29 11:57:23 - [MESSAGE][PASSED] - Object: 'Object Repository/FSM1/BSE16/Page_JClient/div_Save - Generic' is clicked on

2019-01-29 11:57:23 - [TEST_STEP][PASSED] - delay(3): Delayed 3 second(s)

2019-01-29 11:57:26 - [MESSAGE][PASSED] - Delayed 3 second(s)]]></system-out>
         <system-err><![CDATA[]]></system-err>
      </testcase>
      <testcase name="Test Cases/Form Jobs/BSE16/On Farm Feeding of Milk" classname="Test Cases/Form Jobs/BSE16/On Farm Feeding of Milk" status="PASSED">
         <system-out><![CDATA[2019-01-29 11:57:26 - [TEST_CASE][PASSED] - Test Cases/Form Jobs/BSE16/On Farm Feeding of Milk: Test Cases/Form Jobs/BSE16/On Farm Feeding of Milk

2019-01-29 11:57:26 - [TEST_STEP][PASSED] - delay(3): Delayed 3 second(s)

2019-01-29 11:57:29 - [MESSAGE][PASSED] - Delayed 3 second(s)

2019-01-29 11:57:29 - [TEST_STEP][PASSED] - click(findTestObject("Object Repository/FSM1/BSE16/Page_JClient/div_On farm feeding of milk mi")): Object: 'Object Repository/FSM1/BSE16/Page_JClient/div_On farm feeding of milk mi' is clicked on

2019-01-29 11:57:30 - [MESSAGE][PASSED] - Object: 'Object Repository/FSM1/BSE16/Page_JClient/div_On farm feeding of milk mi' is clicked on

2019-01-29 11:57:30 - [TEST_STEP][PASSED] - delay(3): Delayed 3 second(s)

2019-01-29 11:57:33 - [MESSAGE][PASSED] - Delayed 3 second(s)

2019-01-29 11:57:33 - [TEST_STEP][PASSED] - click(findTestObject("Object Repository/FSM1/BSE16/Page_JClient/input_Is there on farm feeding")): Object: 'Object Repository/FSM1/BSE16/Page_JClient/input_Is there on farm feeding' is clicked on

2019-01-29 11:57:33 - [MESSAGE][PASSED] - Object: 'Object Repository/FSM1/BSE16/Page_JClient/input_Is there on farm feeding' is clicked on

2019-01-29 11:57:33 - [TEST_STEP][PASSED] - click(findTestObject("Object Repository/FSM1/BSE16/Page_JClient/input_No_radio_group_13")): Object: 'Object Repository/FSM1/BSE16/Page_JClient/input_No_radio_group_13' is clicked on

2019-01-29 11:57:33 - [MESSAGE][PASSED] - Object: 'Object Repository/FSM1/BSE16/Page_JClient/input_No_radio_group_13' is clicked on

2019-01-29 11:57:33 - [TEST_STEP][PASSED] - click(findTestObject("Object Repository/FSM1/BSE16/Page_JClient/input_Registered milk processi")): Object: 'Object Repository/FSM1/BSE16/Page_JClient/input_Registered milk processi' is clicked on

2019-01-29 11:57:33 - [MESSAGE][PASSED] - Object: 'Object Repository/FSM1/BSE16/Page_JClient/input_Registered milk processi' is clicked on

2019-01-29 11:57:33 - [TEST_STEP][PASSED] - click(findTestObject("Object Repository/FSM1/BSE16/Page_JClient/input_Unregistered milk proces")): Object: 'Object Repository/FSM1/BSE16/Page_JClient/input_Unregistered milk proces' is clicked on

2019-01-29 11:57:33 - [MESSAGE][PASSED] - Object: 'Object Repository/FSM1/BSE16/Page_JClient/input_Unregistered milk proces' is clicked on

2019-01-29 11:57:33 - [TEST_STEP][PASSED] - click(findTestObject("Object Repository/FSM1/BSE16/Page_JClient/input_Retail stores or superma")): Object: 'Object Repository/FSM1/BSE16/Page_JClient/input_Retail stores or superma' is clicked on

2019-01-29 11:57:33 - [MESSAGE][PASSED] - Object: 'Object Repository/FSM1/BSE16/Page_JClient/input_Retail stores or superma' is clicked on

2019-01-29 11:57:33 - [TEST_STEP][PASSED] - click(findTestObject("Object Repository/FSM1/BSE16/Page_JClient/input_concat(Another farm whic")): Object: 'Object Repository/FSM1/BSE16/Page_JClient/input_concat(Another farm whic' is clicked on

2019-01-29 11:57:33 - [MESSAGE][PASSED] - Object: 'Object Repository/FSM1/BSE16/Page_JClient/input_concat(Another farm whic' is clicked on

2019-01-29 11:57:33 - [TEST_STEP][PASSED] - click(findTestObject("FSM1/BSE16/Page_JClient/div_Save - Generic")): Object: 'Object Repository/FSM1/BSE16/Page_JClient/div_Save - Generic' is clicked on

2019-01-29 11:57:33 - [MESSAGE][PASSED] - Object: 'Object Repository/FSM1/BSE16/Page_JClient/div_Save - Generic' is clicked on

2019-01-29 11:57:33 - [TEST_STEP][PASSED] - delay(3): Delayed 3 second(s)

2019-01-29 11:57:36 - [MESSAGE][PASSED] - Delayed 3 second(s)]]></system-out>
         <system-err><![CDATA[]]></system-err>
      </testcase>
      <testcase name="Test Cases/Form Jobs/BSE16/Hobby Farms" classname="Test Cases/Form Jobs/BSE16/Hobby Farms" status="PASSED">
         <system-out><![CDATA[2019-01-29 11:57:36 - [TEST_CASE][PASSED] - Test Cases/Form Jobs/BSE16/Hobby Farms: Test Cases/Form Jobs/BSE16/Hobby Farms

2019-01-29 11:57:36 - [TEST_STEP][PASSED] - click(findTestObject("Object Repository/FSM1/BSE16/Page_JClient/div_Hobby farms city open farm")): Object: 'Object Repository/FSM1/BSE16/Page_JClient/div_Hobby farms city open farm' is clicked on

2019-01-29 11:57:36 - [MESSAGE][PASSED] - Object: 'Object Repository/FSM1/BSE16/Page_JClient/div_Hobby farms city open farm' is clicked on

2019-01-29 11:57:36 - [TEST_STEP][PASSED] - selectOptionByValue(findTestObject("Object Repository/FSM1/BSE16/Page_JClient/select_Hobby farmCity open far"), "HOBBY_FARM", true): All options with value 'HOBBY_FARM' are selected in object 'Object Repository/FSM1/BSE16/Page_JClient/select_Hobby farmCity open far'  using regular expression

2019-01-29 11:57:37 - [MESSAGE][PASSED] - All options with value 'HOBBY_FARM' are selected in object 'Object Repository/FSM1/BSE16/Page_JClient/select_Hobby farmCity open far'  using regular expression

2019-01-29 11:57:37 - [TEST_STEP][PASSED] - delay(2): Delayed 2 second(s)

2019-01-29 11:57:39 - [MESSAGE][PASSED] - Delayed 2 second(s)

2019-01-29 11:57:39 - [TEST_STEP][PASSED] - click(findTestObject("Object Repository/JM_8918/BSE16/Page_JClient/input_Are there non-commercial")): Object: 'Object Repository/JM_8918/BSE16/Page_JClient/input_Are there non-commercial' is clicked on

2019-01-29 11:57:39 - [MESSAGE][PASSED] - Object: 'Object Repository/JM_8918/BSE16/Page_JClient/input_Are there non-commercial' is clicked on

2019-01-29 11:57:39 - [TEST_STEP][PASSED] - click(findTestObject("Object Repository/JM_8918/BSE16/Page_JClient/input_If you have any welfare")): Object: 'Object Repository/JM_8918/BSE16/Page_JClient/input_If you have any welfare' is clicked on

2019-01-29 11:57:39 - [MESSAGE][PASSED] - Object: 'Object Repository/JM_8918/BSE16/Page_JClient/input_If you have any welfare' is clicked on

2019-01-29 11:57:39 - [TEST_STEP][PASSED] - click(findTestObject("FSM1/BSE16/Page_JClient/div_Save - Generic")): Object: 'Object Repository/FSM1/BSE16/Page_JClient/div_Save - Generic' is clicked on

2019-01-29 11:57:39 - [MESSAGE][PASSED] - Object: 'Object Repository/FSM1/BSE16/Page_JClient/div_Save - Generic' is clicked on

2019-01-29 11:57:39 - [TEST_STEP][PASSED] - delay(3): Delayed 3 second(s)

2019-01-29 11:57:42 - [MESSAGE][PASSED] - Delayed 3 second(s)]]></system-out>
         <system-err><![CDATA[]]></system-err>
      </testcase>
      <testcase name="Test Cases/Form Jobs/BSE16/Visit Report" classname="Test Cases/Form Jobs/BSE16/Visit Report" status="PASSED">
         <system-out><![CDATA[2019-01-29 11:57:42 - [TEST_CASE][PASSED] - Test Cases/Form Jobs/BSE16/Visit Report: Test Cases/Form Jobs/BSE16/Visit Report

2019-01-29 11:57:42 - [TEST_STEP][PASSED] - delay(2): Delayed 2 second(s)

2019-01-29 11:57:44 - [MESSAGE][PASSED] - Delayed 2 second(s)

2019-01-29 11:57:44 - [TEST_STEP][PASSED] - click(findTestObject("Object Repository/FSM1/BSE16/Page_JClient/div_Visit Report")): Object: 'Object Repository/FSM1/BSE16/Page_JClient/div_Visit Report' is clicked on

2019-01-29 11:57:44 - [MESSAGE][PASSED] - Object: 'Object Repository/FSM1/BSE16/Page_JClient/div_Visit Report' is clicked on

2019-01-29 11:57:44 - [TEST_STEP][PASSED] - delay(3): Delayed 3 second(s)

2019-01-29 11:57:47 - [MESSAGE][PASSED] - Delayed 3 second(s)

2019-01-29 11:57:47 - [TEST_STEP][PASSED] - setText(findTestObject("Object Repository/FSM1/BSE16/Page_JClient/textarea_Visit Report_gwt-Text"), "Test automation"): Text 'Test automation' is set on object 'Object Repository/FSM1/BSE16/Page_JClient/textarea_Visit Report_gwt-Text'

2019-01-29 11:57:47 - [MESSAGE][PASSED] - Text 'Test automation' is set on object 'Object Repository/FSM1/BSE16/Page_JClient/textarea_Visit Report_gwt-Text'

2019-01-29 11:57:47 - [TEST_STEP][PASSED] - delay(2): Delayed 2 second(s)

2019-01-29 11:57:49 - [MESSAGE][PASSED] - Delayed 2 second(s)

2019-01-29 11:57:49 - [TEST_STEP][PASSED] - click(findTestObject("FSM1/BSE16/Page_JClient/div_Save - Generic")): Object: 'Object Repository/FSM1/BSE16/Page_JClient/div_Save - Generic' is clicked on

2019-01-29 11:57:49 - [MESSAGE][PASSED] - Object: 'Object Repository/FSM1/BSE16/Page_JClient/div_Save - Generic' is clicked on

2019-01-29 11:57:49 - [TEST_STEP][PASSED] - delay(3): Delayed 3 second(s)

2019-01-29 11:57:52 - [MESSAGE][PASSED] - Delayed 3 second(s)]]></system-out>
         <system-err><![CDATA[]]></system-err>
      </testcase>
      <testcase name="Test Cases/Form Jobs/BSE16/All Livestock Premises" classname="Test Cases/Form Jobs/BSE16/All Livestock Premises" status="PASSED">
         <system-out><![CDATA[2019-01-29 11:57:52 - [TEST_CASE][PASSED] - Test Cases/Form Jobs/BSE16/All Livestock Premises: Test Cases/Form Jobs/BSE16/All Livestock Premises

2019-01-29 11:57:52 - [TEST_STEP][PASSED] - click(findTestObject("Object Repository/FSM1/BSE16/Page_JClient/div_All Livestock Premises")): Object: 'Object Repository/FSM1/BSE16/Page_JClient/div_All Livestock Premises' is clicked on

2019-01-29 11:57:53 - [MESSAGE][PASSED] - Object: 'Object Repository/FSM1/BSE16/Page_JClient/div_All Livestock Premises' is clicked on

2019-01-29 11:57:53 - [TEST_STEP][PASSED] - delay(2): Delayed 2 second(s)

2019-01-29 11:57:55 - [MESSAGE][PASSED] - Delayed 2 second(s)

2019-01-29 11:57:55 - [TEST_STEP][PASSED] - click(findTestObject("Object Repository/FSM1/BSE16/Page_JClient/input_Do you suspect illegal f")): Object: 'Object Repository/FSM1/BSE16/Page_JClient/input_Do you suspect illegal f' is clicked on

2019-01-29 11:57:55 - [MESSAGE][PASSED] - Object: 'Object Repository/FSM1/BSE16/Page_JClient/input_Do you suspect illegal f' is clicked on

2019-01-29 11:57:55 - [TEST_STEP][PASSED] - click(findTestObject("FSM1/BSE16/Page_JClient/div_Save - Generic")): Object: 'Object Repository/FSM1/BSE16/Page_JClient/div_Save - Generic' is clicked on

2019-01-29 11:57:55 - [MESSAGE][PASSED] - Object: 'Object Repository/FSM1/BSE16/Page_JClient/div_Save - Generic' is clicked on

2019-01-29 11:57:55 - [TEST_STEP][PASSED] - delay(3): Delayed 3 second(s)

2019-01-29 11:57:58 - [MESSAGE][PASSED] - Delayed 3 second(s)]]></system-out>
         <system-err><![CDATA[]]></system-err>
      </testcase>
      <testcase name="Test Cases/Form Jobs/BSE16/Save All Job Lines" classname="Test Cases/Form Jobs/BSE16/Save All Job Lines" status="PASSED">
         <system-out><![CDATA[2019-01-29 11:57:58 - [TEST_CASE][PASSED] - Test Cases/Form Jobs/BSE16/Save All Job Lines: Test Cases/Form Jobs/BSE16/Save All Job Lines

2019-01-29 11:57:58 - [TEST_STEP][PASSED] - delay(2): Delayed 2 second(s)

2019-01-29 11:58:00 - [MESSAGE][PASSED] - Delayed 2 second(s)

2019-01-29 11:58:00 - [TEST_STEP][PASSED] - click(findTestObject("Object Repository/FSM1/BSE16/Page_JClient/div_Save (1)")): Object: 'Object Repository/FSM1/BSE16/Page_JClient/div_Save (1)' is clicked on

2019-01-29 11:58:00 - [MESSAGE][PASSED] - Object: 'Object Repository/FSM1/BSE16/Page_JClient/div_Save (1)' is clicked on

2019-01-29 11:58:00 - [TEST_STEP][PASSED] - delay(3): Delayed 3 second(s)

2019-01-29 11:58:03 - [MESSAGE][PASSED] - Delayed 3 second(s)]]></system-out>
         <system-err><![CDATA[]]></system-err>
      </testcase>
      <testcase name="Test Cases/Form Jobs/BSE16/NFA Samples Taken" classname="Test Cases/Form Jobs/BSE16/NFA Samples Taken" status="PASSED">
         <system-out><![CDATA[2019-01-29 11:58:03 - [TEST_CASE][PASSED] - Test Cases/Form Jobs/BSE16/NFA Samples Taken: Test Cases/Form Jobs/BSE16/NFA Samples Taken

2019-01-29 11:58:03 - [TEST_STEP][PASSED] - delay(2): Delayed 2 second(s)

2019-01-29 11:58:05 - [MESSAGE][PASSED] - Delayed 2 second(s)

2019-01-29 11:58:05 - [TEST_STEP][PASSED] - click(findTestObject("Object Repository/FSM1/BSE16/NFA Samples/Page_JClient/Page_JClient/Page_JClient/div_Samples Taken NFA")): Object: 'Object Repository/FSM1/BSE16/NFA Samples/Page_JClient/Page_JClient/Page_JClient/div_Samples Taken NFA' is clicked on

2019-01-29 11:58:05 - [MESSAGE][PASSED] - Object: 'Object Repository/FSM1/BSE16/NFA Samples/Page_JClient/Page_JClient/Page_JClient/div_Samples Taken NFA' is clicked on

2019-01-29 11:58:05 - [TEST_STEP][PASSED] - delay(2): Delayed 2 second(s)

2019-01-29 11:58:07 - [MESSAGE][PASSED] - Delayed 2 second(s)

2019-01-29 11:58:07 - [TEST_STEP][PASSED] - verifyElementText(findTestObject("FSM1/BSE16/NFA Samples/Page_JClient/Page_JClient/Page_JClient/div_Minimum number of instance"), "Minimum number of instances allowed is 2"): Actual text and expected text of test object 'Object Repository/FSM1/BSE16/NFA Samples/Page_JClient/Page_JClient/Page_JClient/div_Minimum number of instance' are matched.

2019-01-29 11:58:07 - [MESSAGE][PASSED] - Actual text and expected text of test object 'Object Repository/FSM1/BSE16/NFA Samples/Page_JClient/Page_JClient/Page_JClient/div_Minimum number of instance' are matched.

2019-01-29 11:58:07 - [TEST_STEP][PASSED] - click(findTestObject("Object Repository/FSM1/BSE16/NFA Samples/Page_JClient/Page_JClient/Page_JClient/div_Create_GKH2EKQBDXB GKH2EKQ")): Object: 'Object Repository/FSM1/BSE16/NFA Samples/Page_JClient/Page_JClient/Page_JClient/div_Create_GKH2EKQBDXB GKH2EKQ' is clicked on

2019-01-29 11:58:07 - [MESSAGE][PASSED] - Object: 'Object Repository/FSM1/BSE16/NFA Samples/Page_JClient/Page_JClient/Page_JClient/div_Create_GKH2EKQBDXB GKH2EKQ' is clicked on

2019-01-29 11:58:07 - [TEST_STEP][PASSED] - selectOptionByValue(findTestObject("Object Repository/FSM1/BSE16/NFA Samples/Page_JClient/Page_JClient/Page_JClient/select_Compound or concentrate"), "COMPOUND_OR_CONCENTRATE", true): All options with value 'COMPOUND_OR_CONCENTRATE' are selected in object 'Object Repository/FSM1/BSE16/NFA Samples/Page_JClient/Page_JClient/Page_JClient/select_Compound or concentrate'  using regular expression

2019-01-29 11:58:07 - [MESSAGE][PASSED] - All options with value 'COMPOUND_OR_CONCENTRATE' are selected in object 'Object Repository/FSM1/BSE16/NFA Samples/Page_JClient/Page_JClient/Page_JClient/select_Compound or concentrate'  using regular expression

2019-01-29 11:58:07 - [TEST_STEP][PASSED] - selectOptionByValue(findTestObject("Object Repository/FSM1/BSE16/NFA Samples/Page_JClient/Page_JClient/Page_JClient/select_RuminantsNon-ruminantsP"), "RUMINANTS", true): All options with value 'RUMINANTS' are selected in object 'Object Repository/FSM1/BSE16/NFA Samples/Page_JClient/Page_JClient/Page_JClient/select_RuminantsNon-ruminantsP'  using regular expression

2019-01-29 11:58:08 - [MESSAGE][PASSED] - All options with value 'RUMINANTS' are selected in object 'Object Repository/FSM1/BSE16/NFA Samples/Page_JClient/Page_JClient/Page_JClient/select_RuminantsNon-ruminantsP'  using regular expression

2019-01-29 11:58:08 - [TEST_STEP][PASSED] - setText(findTestObject("Object Repository/FSM1/BSE16/NFA Samples/Page_JClient/Page_JClient/Page_JClient/input_Feed name_gwt-TextBox GK"), "Test automation"): Text 'Test automation' is set on object 'Object Repository/FSM1/BSE16/NFA Samples/Page_JClient/Page_JClient/Page_JClient/input_Feed name_gwt-TextBox GK'

2019-01-29 11:58:08 - [MESSAGE][PASSED] - Text 'Test automation' is set on object 'Object Repository/FSM1/BSE16/NFA Samples/Page_JClient/Page_JClient/Page_JClient/input_Feed name_gwt-TextBox GK'

2019-01-29 11:58:08 - [TEST_STEP][PASSED] - selectOptionByValue(findTestObject("Object Repository/FSM1/BSE16/NFA Samples/Page_JClient/Page_JClient/Page_JClient/select_YesNo"), "YES", true): All options with value 'YES' are selected in object 'Object Repository/FSM1/BSE16/NFA Samples/Page_JClient/Page_JClient/Page_JClient/select_YesNo'  using regular expression

2019-01-29 11:58:08 - [MESSAGE][PASSED] - All options with value 'YES' are selected in object 'Object Repository/FSM1/BSE16/NFA Samples/Page_JClient/Page_JClient/Page_JClient/select_YesNo'  using regular expression

2019-01-29 11:58:08 - [TEST_STEP][PASSED] - selectOptionByValue(findTestObject("Object Repository/FSM1/BSE16/NFA Samples/Page_JClient/Page_JClient/Page_JClient/select_UKImport"), "UK", true): All options with value 'UK' are selected in object 'Object Repository/FSM1/BSE16/NFA Samples/Page_JClient/Page_JClient/Page_JClient/select_UKImport'  using regular expression

2019-01-29 11:58:08 - [MESSAGE][PASSED] - All options with value 'UK' are selected in object 'Object Repository/FSM1/BSE16/NFA Samples/Page_JClient/Page_JClient/Page_JClient/select_UKImport'  using regular expression

2019-01-29 11:58:08 - [TEST_STEP][PASSED] - setText(findTestObject("Object Repository/FSM1/BSE16/NFA Samples/Page_JClient/Page_JClient/Page_JClient/input_Batch no._gwt-TextBox GK"), "123"): Text '123' is set on object 'Object Repository/FSM1/BSE16/NFA Samples/Page_JClient/Page_JClient/Page_JClient/input_Batch no._gwt-TextBox GK'

2019-01-29 11:58:08 - [MESSAGE][PASSED] - Text '123' is set on object 'Object Repository/FSM1/BSE16/NFA Samples/Page_JClient/Page_JClient/Page_JClient/input_Batch no._gwt-TextBox GK'

2019-01-29 11:58:08 - [TEST_STEP][PASSED] - setText(findTestObject("Object Repository/FSM1/BSE16/NFA Samples/Page_JClient/Page_JClient/Page_JClient/input_Laboratory_gwt-TextBox G"), "Test"): Text 'Test' is set on object 'Object Repository/FSM1/BSE16/NFA Samples/Page_JClient/Page_JClient/Page_JClient/input_Laboratory_gwt-TextBox G'

2019-01-29 11:58:08 - [MESSAGE][PASSED] - Text 'Test' is set on object 'Object Repository/FSM1/BSE16/NFA Samples/Page_JClient/Page_JClient/Page_JClient/input_Laboratory_gwt-TextBox G'

2019-01-29 11:58:08 - [TEST_STEP][PASSED] - setText(findTestObject("Object Repository/FSM1/BSE16/NFA Samples/Page_JClient/Page_JClient/Page_JClient/input_Operator_gwt-TextBox GKH"), "Test"): Text 'Test' is set on object 'Object Repository/FSM1/BSE16/NFA Samples/Page_JClient/Page_JClient/Page_JClient/input_Operator_gwt-TextBox GKH'

2019-01-29 11:58:08 - [MESSAGE][PASSED] - Text 'Test' is set on object 'Object Repository/FSM1/BSE16/NFA Samples/Page_JClient/Page_JClient/Page_JClient/input_Operator_gwt-TextBox GKH'

2019-01-29 11:58:08 - [TEST_STEP][PASSED] - setText(findTestObject("Object Repository/FSM1/BSE16/NFA Samples/Page_JClient/Page_JClient/Page_JClient/input_Office_gwt-TextBox GKH2E"), "Test"): Text 'Test' is set on object 'Object Repository/FSM1/BSE16/NFA Samples/Page_JClient/Page_JClient/Page_JClient/input_Office_gwt-TextBox GKH2E'

2019-01-29 11:58:09 - [MESSAGE][PASSED] - Text 'Test' is set on object 'Object Repository/FSM1/BSE16/NFA Samples/Page_JClient/Page_JClient/Page_JClient/input_Office_gwt-TextBox GKH2E'

2019-01-29 11:58:09 - [TEST_STEP][PASSED] - click(findTestObject("Object Repository/FSM1/BSE16/NFA Samples/Page_JClient/Page_JClient/Page_JClient/div_Save")): Object: 'Object Repository/FSM1/BSE16/NFA Samples/Page_JClient/Page_JClient/Page_JClient/div_Save' is clicked on

2019-01-29 11:58:09 - [MESSAGE][PASSED] - Object: 'Object Repository/FSM1/BSE16/NFA Samples/Page_JClient/Page_JClient/Page_JClient/div_Save' is clicked on

2019-01-29 11:58:09 - [TEST_STEP][PASSED] - delay(3): Delayed 3 second(s)

2019-01-29 11:58:12 - [MESSAGE][PASSED] - Delayed 3 second(s)]]></system-out>
         <system-err><![CDATA[]]></system-err>
      </testcase>
      <testcase name="Test Cases/Form Jobs/BSE16/NFA Samples Taken 2" classname="Test Cases/Form Jobs/BSE16/NFA Samples Taken 2" status="PASSED">
         <system-out><![CDATA[2019-01-29 11:58:12 - [TEST_CASE][PASSED] - Test Cases/Form Jobs/BSE16/NFA Samples Taken 2: Test Cases/Form Jobs/BSE16/NFA Samples Taken 2

2019-01-29 11:58:12 - [TEST_STEP][PASSED] - delay(2): Delayed 2 second(s)

2019-01-29 11:58:14 - [MESSAGE][PASSED] - Delayed 2 second(s)

2019-01-29 11:58:14 - [TEST_STEP][PASSED] - click(findTestObject("Object Repository/FSM1/BSE16/NFA Samples/Page_JClient/Page_JClient/div_Samples Taken NFA")): Object: 'Object Repository/FSM1/BSE16/NFA Samples/Page_JClient/Page_JClient/div_Samples Taken NFA' is clicked on

2019-01-29 11:58:14 - [MESSAGE][PASSED] - Object: 'Object Repository/FSM1/BSE16/NFA Samples/Page_JClient/Page_JClient/div_Samples Taken NFA' is clicked on

2019-01-29 11:58:14 - [TEST_STEP][PASSED] - delay(2): Delayed 2 second(s)

2019-01-29 11:58:16 - [MESSAGE][PASSED] - Delayed 2 second(s)

2019-01-29 11:58:16 - [TEST_STEP][PASSED] - click(findTestObject("Object Repository/FSM1/BSE16/NFA Samples/Page_JClient/Page_JClient/div_Create_GKH2EKQBDXB GKH2EKQ")): Object: 'Object Repository/FSM1/BSE16/NFA Samples/Page_JClient/Page_JClient/div_Create_GKH2EKQBDXB GKH2EKQ' is clicked on

2019-01-29 11:58:16 - [MESSAGE][PASSED] - Object: 'Object Repository/FSM1/BSE16/NFA Samples/Page_JClient/Page_JClient/div_Create_GKH2EKQBDXB GKH2EKQ' is clicked on

2019-01-29 11:58:16 - [TEST_STEP][PASSED] - delay(2): Delayed 2 second(s)

2019-01-29 11:58:18 - [MESSAGE][PASSED] - Delayed 2 second(s)

2019-01-29 11:58:18 - [TEST_STEP][PASSED] - selectOptionByValue(findTestObject("Object Repository/FSM1/BSE16/NFA Samples/Page_JClient/Page_JClient/select_Compound or concentrate"), "COMPOUND_OR_CONCENTRATE", true): All options with value 'COMPOUND_OR_CONCENTRATE' are selected in object 'Object Repository/FSM1/BSE16/NFA Samples/Page_JClient/Page_JClient/select_Compound or concentrate'  using regular expression

2019-01-29 11:58:18 - [MESSAGE][PASSED] - All options with value 'COMPOUND_OR_CONCENTRATE' are selected in object 'Object Repository/FSM1/BSE16/NFA Samples/Page_JClient/Page_JClient/select_Compound or concentrate'  using regular expression

2019-01-29 11:58:18 - [TEST_STEP][PASSED] - selectOptionByValue(findTestObject("Object Repository/FSM1/BSE16/NFA Samples/Page_JClient/Page_JClient/select_RuminantsNon-ruminantsP"), "NONRUMINANTS", true): All options with value 'NONRUMINANTS' are selected in object 'Object Repository/FSM1/BSE16/NFA Samples/Page_JClient/Page_JClient/select_RuminantsNon-ruminantsP'  using regular expression

2019-01-29 11:58:18 - [MESSAGE][PASSED] - All options with value 'NONRUMINANTS' are selected in object 'Object Repository/FSM1/BSE16/NFA Samples/Page_JClient/Page_JClient/select_RuminantsNon-ruminantsP'  using regular expression

2019-01-29 11:58:18 - [TEST_STEP][PASSED] - setText(findTestObject("Object Repository/FSM1/BSE16/NFA Samples/Page_JClient/Page_JClient/input_Feed name_gwt-TextBox GK"), "Test automation"): Text 'Test automation' is set on object 'Object Repository/FSM1/BSE16/NFA Samples/Page_JClient/Page_JClient/input_Feed name_gwt-TextBox GK'

2019-01-29 11:58:18 - [MESSAGE][PASSED] - Text 'Test automation' is set on object 'Object Repository/FSM1/BSE16/NFA Samples/Page_JClient/Page_JClient/input_Feed name_gwt-TextBox GK'

2019-01-29 11:58:18 - [TEST_STEP][PASSED] - selectOptionByValue(findTestObject("Object Repository/FSM1/BSE16/NFA Samples/Page_JClient/Page_JClient/select_YesNo"), "NO", true): All options with value 'NO' are selected in object 'Object Repository/FSM1/BSE16/NFA Samples/Page_JClient/Page_JClient/select_YesNo'  using regular expression

2019-01-29 11:58:19 - [MESSAGE][PASSED] - All options with value 'NO' are selected in object 'Object Repository/FSM1/BSE16/NFA Samples/Page_JClient/Page_JClient/select_YesNo'  using regular expression

2019-01-29 11:58:19 - [TEST_STEP][PASSED] - setText(findTestObject("Object Repository/FSM1/BSE16/NFA Samples/Page_JClient/Page_JClient/textarea_If official method no"), "Test automation"): Text 'Test automation' is set on object 'Object Repository/FSM1/BSE16/NFA Samples/Page_JClient/Page_JClient/textarea_If official method no'

2019-01-29 11:58:19 - [MESSAGE][PASSED] - Text 'Test automation' is set on object 'Object Repository/FSM1/BSE16/NFA Samples/Page_JClient/Page_JClient/textarea_If official method no'

2019-01-29 11:58:19 - [TEST_STEP][PASSED] - selectOptionByValue(findTestObject("Object Repository/FSM1/BSE16/NFA Samples/Page_JClient/Page_JClient/select_UKImport"), "IMPORT", true): All options with value 'IMPORT' are selected in object 'Object Repository/FSM1/BSE16/NFA Samples/Page_JClient/Page_JClient/select_UKImport'  using regular expression

2019-01-29 11:58:19 - [MESSAGE][PASSED] - All options with value 'IMPORT' are selected in object 'Object Repository/FSM1/BSE16/NFA Samples/Page_JClient/Page_JClient/select_UKImport'  using regular expression

2019-01-29 11:58:19 - [TEST_STEP][PASSED] - setText(findTestObject("Object Repository/FSM1/BSE16/NFA Samples/Page_JClient/Page_JClient/input_Batch no._gwt-TextBox GK"), "123"): Text '123' is set on object 'Object Repository/FSM1/BSE16/NFA Samples/Page_JClient/Page_JClient/input_Batch no._gwt-TextBox GK'

2019-01-29 11:58:19 - [MESSAGE][PASSED] - Text '123' is set on object 'Object Repository/FSM1/BSE16/NFA Samples/Page_JClient/Page_JClient/input_Batch no._gwt-TextBox GK'

2019-01-29 11:58:19 - [TEST_STEP][PASSED] - setText(findTestObject("Object Repository/FSM1/BSE16/NFA Samples/Page_JClient/Page_JClient/input_Laboratory_gwt-TextBox G"), "123"): Text '123' is set on object 'Object Repository/FSM1/BSE16/NFA Samples/Page_JClient/Page_JClient/input_Laboratory_gwt-TextBox G'

2019-01-29 11:58:19 - [MESSAGE][PASSED] - Text '123' is set on object 'Object Repository/FSM1/BSE16/NFA Samples/Page_JClient/Page_JClient/input_Laboratory_gwt-TextBox G'

2019-01-29 11:58:19 - [TEST_STEP][PASSED] - setText(findTestObject("Object Repository/FSM1/BSE16/NFA Samples/Page_JClient/Page_JClient/input_Operator_gwt-TextBox GKH"), "123"): Text '123' is set on object 'Object Repository/FSM1/BSE16/NFA Samples/Page_JClient/Page_JClient/input_Operator_gwt-TextBox GKH'

2019-01-29 11:58:19 - [MESSAGE][PASSED] - Text '123' is set on object 'Object Repository/FSM1/BSE16/NFA Samples/Page_JClient/Page_JClient/input_Operator_gwt-TextBox GKH'

2019-01-29 11:58:19 - [TEST_STEP][PASSED] - setText(findTestObject("Object Repository/FSM1/BSE16/NFA Samples/Page_JClient/Page_JClient/input_Office_gwt-TextBox GKH2E"), "123"): Text '123' is set on object 'Object Repository/FSM1/BSE16/NFA Samples/Page_JClient/Page_JClient/input_Office_gwt-TextBox GKH2E'

2019-01-29 11:58:19 - [MESSAGE][PASSED] - Text '123' is set on object 'Object Repository/FSM1/BSE16/NFA Samples/Page_JClient/Page_JClient/input_Office_gwt-TextBox GKH2E'

2019-01-29 11:58:19 - [TEST_STEP][PASSED] - click(findTestObject("Object Repository/FSM1/BSE16/NFA Samples/Page_JClient/Page_JClient/div_Save")): Object: 'Object Repository/FSM1/BSE16/NFA Samples/Page_JClient/Page_JClient/div_Save' is clicked on

2019-01-29 11:58:19 - [MESSAGE][PASSED] - Object: 'Object Repository/FSM1/BSE16/NFA Samples/Page_JClient/Page_JClient/div_Save' is clicked on

2019-01-29 11:58:19 - [TEST_STEP][PASSED] - delay(3): Delayed 3 second(s)

2019-01-29 11:58:22 - [MESSAGE][PASSED] - Delayed 3 second(s)]]></system-out>
         <system-err><![CDATA[]]></system-err>
      </testcase>
      <testcase name="Test Cases/Form Jobs/BSE16/Complete BSE16 Inspection" classname="Test Cases/Form Jobs/BSE16/Complete BSE16 Inspection" status="PASSED">
         <system-out><![CDATA[2019-01-29 11:58:22 - [TEST_CASE][PASSED] - Test Cases/Form Jobs/BSE16/Complete BSE16 Inspection: Test Cases/Form Jobs/BSE16/Complete BSE16 Inspection

2019-01-29 11:58:23 - [TEST_STEP][PASSED] - log = new com.kms.katalon.core.logging.KeywordLogger(): null

2019-01-29 11:58:23 - [TEST_STEP][PASSED] - click(findTestObject("Object Repository/FSM1/IV17/Page_JClient/div_STARTED")): Object: 'Object Repository/FSM1/IV17/Page_JClient/div_STARTED' is clicked on

2019-01-29 11:58:23 - [MESSAGE][PASSED] - Object: 'Object Repository/FSM1/IV17/Page_JClient/div_STARTED' is clicked on

2019-01-29 11:58:23 - [TEST_STEP][PASSED] - click(findTestObject("Object Repository/FSM1/IV17/Page_JClient/div_COMPLETED")): Object: 'Object Repository/FSM1/IV17/Page_JClient/div_COMPLETED' is clicked on

2019-01-29 11:58:23 - [MESSAGE][PASSED] - Object: 'Object Repository/FSM1/IV17/Page_JClient/div_COMPLETED' is clicked on

2019-01-29 11:58:23 - [TEST_STEP][PASSED] - delay(2): Delayed 2 second(s)

2019-01-29 11:58:25 - [MESSAGE][PASSED] - Delayed 2 second(s)

2019-01-29 11:58:25 - [TEST_STEP][PASSED] - click(findTestObject("Object Repository/FSM1/IV17/Page_JClient/div_Ok")): Object: 'Object Repository/FSM1/IV17/Page_JClient/div_Ok' is clicked on

2019-01-29 11:58:25 - [MESSAGE][PASSED] - Object: 'Object Repository/FSM1/IV17/Page_JClient/div_Ok' is clicked on

2019-01-29 11:58:25 - [TEST_STEP][PASSED] - delay(40): Delayed 40 second(s)

2019-01-29 11:59:05 - [MESSAGE][PASSED] - Delayed 40 second(s)

2019-01-29 11:59:05 - [TEST_STEP][PASSED] - FormJobReference = getText(findTestObject("FSM1/IV17/Page_JClient/Form Job Reference")): Text of object 'Object Repository/FSM1/IV17/Page_JClient/Form Job Reference' is: 'Form Job 1 (103559)'

2019-01-29 11:59:05 - [MESSAGE][PASSED] - Text of object 'Object Repository/FSM1/IV17/Page_JClient/Form Job Reference' is: 'Form Job 1 (103559)'

2019-01-29 11:59:05 - [TEST_STEP][PASSED] - FormJobReference = FormJobReference.replaceAll("Form Job 1 \(", ""): null

2019-01-29 11:59:05 - [TEST_STEP][PASSED] - FormJobReference = FormJobReference.replaceAll("\)", ""): null

2019-01-29 11:59:05 - [TEST_STEP][PASSED] - log.logWarning(FormJobReference): 103559

2019-01-29 11:59:05 - [MESSAGE][WARNING] - 103559

2019-01-29 11:59:05 - [TEST_STEP][PASSED] - temp1 = FormJobReference: null]]></system-out>
         <system-err><![CDATA[]]></system-err>
      </testcase>
      <testcase name="Test Cases/Generic/Launch Job Manager Control Centre - Check Result" classname="Test Cases/Generic/Launch Job Manager Control Centre - Check Result" status="PASSED">
         <system-out><![CDATA[2019-01-29 11:59:05 - [TEST_CASE][PASSED] - Test Cases/Generic/Launch Job Manager Control Centre - Check Result: Test Cases/Generic/Launch Job Manager Control Centre - Check Result

2019-01-29 11:59:05 - [TEST_STEP][PASSED] - openBrowser(""): Browser is opened with url: ''

2019-01-29 11:59:05 - [MESSAGE][WARNING] - A browser is already opened. Closing browser and opening a new one

2019-01-29 11:59:06 - [MESSAGE][INFO] - Starting 'Chrome' driver

2019-01-29 11:59:08 - [MESSAGE][PASSED] - Browser is opened with url: ''

2019-01-29 11:59:08 - [TEST_STEP][PASSED] - navigateToUrl(CCURL): Navigate to 'https://kirona-def-6.kirona.com/jmprep/login#!loginView' successfully

2019-01-29 11:59:09 - [MESSAGE][PASSED] - Navigate to 'https://kirona-def-6.kirona.com/jmprep/login#!loginView' successfully

2019-01-29 11:59:09 - [TEST_STEP][PASSED] - setText(findTestObject("FSM1/Control Centre/Page_Job Manager Login/input_gwt-uid-3"), Username): Text 'jon.hatfield' is set on object 'Object Repository/FSM1/Control Centre/Page_Job Manager Login/input_gwt-uid-3'

2019-01-29 11:59:09 - [MESSAGE][PASSED] - Text 'jon.hatfield' is set on object 'Object Repository/FSM1/Control Centre/Page_Job Manager Login/input_gwt-uid-3'

2019-01-29 11:59:09 - [TEST_STEP][PASSED] - setText(findTestObject("FSM1/Control Centre/Page_Job Manager Login/input_gwt-uid-5"), Password): Text 'Fr@nc1sJ0n' is set on object 'Object Repository/FSM1/Control Centre/Page_Job Manager Login/input_gwt-uid-5'

2019-01-29 11:59:09 - [MESSAGE][PASSED] - Text 'Fr@nc1sJ0n' is set on object 'Object Repository/FSM1/Control Centre/Page_Job Manager Login/input_gwt-uid-5'

2019-01-29 11:59:09 - [TEST_STEP][PASSED] - delay(2): Delayed 2 second(s)

2019-01-29 11:59:11 - [MESSAGE][PASSED] - Delayed 2 second(s)

2019-01-29 11:59:11 - [TEST_STEP][PASSED] - click(findTestObject("FSM1/PreProd/Page_Job Manager Login/div_Login")): Object: 'Object Repository/FSM1/PreProd/Page_Job Manager Login/div_Login' is clicked on

2019-01-29 11:59:12 - [MESSAGE][PASSED] - Object: 'Object Repository/FSM1/PreProd/Page_Job Manager Login/div_Login' is clicked on

2019-01-29 11:59:12 - [TEST_STEP][PASSED] - delay(20): Delayed 20 second(s)

2019-01-29 11:59:32 - [MESSAGE][PASSED] - Delayed 20 second(s)]]></system-out>
         <system-err><![CDATA[]]></system-err>
      </testcase>
      <testcase name="Test Cases/Form Jobs/BSE16/Control Centre - Check Results - BSE16" classname="Test Cases/Form Jobs/BSE16/Control Centre - Check Results - BSE16" status="PASSED">
         <system-out><![CDATA[2019-01-29 11:59:32 - [TEST_CASE][PASSED] - Test Cases/Form Jobs/BSE16/Control Centre - Check Results - BSE16: Test Cases/Form Jobs/BSE16/Control Centre - Check Results - BSE16

2019-01-29 11:59:32 - [TEST_STEP][PASSED] - log = new com.kms.katalon.core.logging.KeywordLogger(): null

2019-01-29 11:59:32 - [TEST_STEP][PASSED] - setText(findTestObject("Object Repository/FSM1/EMI Check Results/Page_JM Control Centre/input_Recents_v-textfield v-wi"), temp1): Text '103559' is set on object 'Object Repository/FSM1/EMI Check Results/Page_JM Control Centre/input_Recents_v-textfield v-wi'

2019-01-29 11:59:32 - [MESSAGE][PASSED] - Text '103559' is set on object 'Object Repository/FSM1/EMI Check Results/Page_JM Control Centre/input_Recents_v-textfield v-wi'

2019-01-29 11:59:32 - [TEST_STEP][PASSED] - click(findTestObject("Object Repository/FSM1/EMI Check Results/Page_JM Control Centre/span_")): Object: 'Object Repository/FSM1/EMI Check Results/Page_JM Control Centre/span_' is clicked on

2019-01-29 11:59:32 - [MESSAGE][PASSED] - Object: 'Object Repository/FSM1/EMI Check Results/Page_JM Control Centre/span_' is clicked on

2019-01-29 11:59:32 - [TEST_STEP][PASSED] - waitForElementPresent(findTestObject("Object Repository/FSM1/EMI Check Results/Page_JM Control Centre/div_CLOSED"), 60): Object 'Object Repository/FSM1/EMI Check Results/Page_JM Control Centre/div_CLOSED' is present

2019-01-29 11:59:35 - [MESSAGE][PASSED] - Object 'Object Repository/FSM1/EMI Check Results/Page_JM Control Centre/div_CLOSED' is present

2019-01-29 11:59:35 - [TEST_STEP][PASSED] - delay(3): Delayed 3 second(s)

2019-01-29 11:59:38 - [MESSAGE][PASSED] - Delayed 3 second(s)

2019-01-29 11:59:38 - [TEST_STEP][PASSED] - verifyElementPresent(findTestObject("FSM1/Complete ABP Inspection/Check Results/03a/Page_JM Control Centre/div_Attachments_BSE16"), 5): Object 'Object Repository/FSM1/Complete ABP Inspection/Check Results/03a/Page_JM Control Centre/div_Attachments_BSE16' is present

2019-01-29 11:59:38 - [MESSAGE][PASSED] - Object 'Object Repository/FSM1/Complete ABP Inspection/Check Results/03a/Page_JM Control Centre/div_Attachments_BSE16' is present]]></system-out>
         <system-err><![CDATA[]]></system-err>
      </testcase>
      <testcase name="Test Cases/Generic/Check Subsequent Inspection Doesnt Exist" classname="Test Cases/Generic/Check Subsequent Inspection Doesnt Exist" status="PASSED">
         <system-out><![CDATA[2019-01-29 11:59:38 - [TEST_CASE][PASSED] - Test Cases/Generic/Check Subsequent Inspection Doesnt Exist: Test Cases/Generic/Check Subsequent Inspection Doesnt Exist

2019-01-29 11:59:38 - [TEST_STEP][PASSED] - delay(2): Delayed 2 second(s)

2019-01-29 11:59:40 - [MESSAGE][PASSED] - Delayed 2 second(s)

2019-01-29 11:59:40 - [TEST_STEP][PASSED] - click(findTestObject("Object Repository/FSM1/Complete ABP Inspection/Check Subsequent Inspections/New/Page_JM Control Centre/div_")): Object: 'Object Repository/FSM1/Complete ABP Inspection/Check Subsequent Inspections/New/Page_JM Control Centre/div_' is clicked on

2019-01-29 11:59:40 - [MESSAGE][PASSED] - Object: 'Object Repository/FSM1/Complete ABP Inspection/Check Subsequent Inspections/New/Page_JM Control Centre/div_' is clicked on

2019-01-29 11:59:40 - [TEST_STEP][PASSED] - click(findTestObject("Object Repository/FSM1/Complete ABP Inspection/Check Subsequent Inspections/New/Page_JM Control Centre/span_List All Subordinate Jobs")): Object: 'Object Repository/FSM1/Complete ABP Inspection/Check Subsequent Inspections/New/Page_JM Control Centre/span_List All Subordinate Jobs' is clicked on

2019-01-29 11:59:40 - [MESSAGE][PASSED] - Object: 'Object Repository/FSM1/Complete ABP Inspection/Check Subsequent Inspections/New/Page_JM Control Centre/span_List All Subordinate Jobs' is clicked on

2019-01-29 11:59:40 - [TEST_STEP][PASSED] - delay(5): Delayed 5 second(s)

2019-01-29 11:59:45 - [MESSAGE][PASSED] - Delayed 5 second(s)

2019-01-29 11:59:45 - [TEST_STEP][PASSED] - verifyElementVisible(findTestObject("FSM1/Complete ABP Inspection/Check Subsequent Inspections/New/Page_JM Control Centre/div_1 found"), STOP_ON_FAILURE): Object 'Object Repository/FSM1/Complete ABP Inspection/Check Subsequent Inspections/New/Page_JM Control Centre/div_1 found' is visible

2019-01-29 11:59:56 - [MESSAGE][PASSED] - Object 'Object Repository/FSM1/Complete ABP Inspection/Check Subsequent Inspections/New/Page_JM Control Centre/div_1 found' is visible

2019-01-29 11:59:56 - [TEST_STEP][PASSED] - closeBrowser(): Browser is closed

2019-01-29 11:59:57 - [MESSAGE][PASSED] - Browser is closed]]></system-out>
         <system-err><![CDATA[]]></system-err>
      </testcase>
      <system-out><![CDATA[2019-01-29 11:55:42 - [TEST_SUITE][PASSED] - BSE16 Regression - Livestock Farm: Test Cases/Generic/Check Subsequent Inspection Doesnt Exist]]></system-out>
      <system-err><![CDATA[]]></system-err>
   </testsuite>
</testsuites>
