<?xml version="1.0" encoding="UTF-8"?>
<testsuites name="ABP Regression - 02a - Reject - Create Replacement Inspection 1" time="318" tests="7" failures="0" errors="0">
   <testsuite name="ABP Regression - 02a - Reject - Create Replacement Inspection 1" tests="7" failures="0" errors="0" time="318" timestamp="2019-02-01 12:07:37" hostname="jonha - DESKTOP-KMCIR60" id="Test Suites/ABP/ABP Regression - 02a - Reject - Create Replacement Inspection 1">
      <properties>
         <property name="deviceName" value=""/>
         <property name="devicePlatform" value=""/>
         <property name="logFolder" value="C:\\Users\\jonha\\Documents\\Katalon\\APHA\\JM_8.9\\FSM_Regression\\Reports\\ABP\\ABP Regression - 02a - Reject - Create Replacement Inspection 1\\20190201_110458"/>
         <property name="logFiles" value="C:\\Users\\jonha\\Documents\\Katalon\\APHA\\JM_8.9\\FSM_Regression\\Reports\\ABP\\ABP Regression - 02a - Reject - Create Replacement Inspection 1\\20190201_110458\\execution0.log"/>
         <property name="attachments" value=""/>
         <property name="hostName" value="jonha - DESKTOP-KMCIR60"/>
         <property name="os" value="Windows 10 64bit"/>
         <property name="katalonVersion" value="5.9.1.2"/>
         <property name="browser" value="Chrome 71.0.3578.98"/>
         <property name="hostAddress" value="192.168.0.14"/>
         <property name="sessionId" value="9d016fd53b02e6ab0096907d1f5aa367"/>
         <property name="seleniumVersion" value="3.7.1"/>
         <property name="proxyInformation" value="ProxyInformation{proxyOption=NO_PROXY, proxyServerType=HTTP, password=, proxyServerAddress=, proxyServerPort=0}"/>
         <property name="platform" value="Windows 10"/>
      </properties>
      <testcase name="Test Cases/Generic/Launch Job Manager Control Centre" classname="Test Cases/Generic/Launch Job Manager Control Centre" status="PASSED">
         <system-out><![CDATA[2019-02-01 12:07:38 - [TEST_CASE][PASSED] - Test Cases/Generic/Launch Job Manager Control Centre: Test Cases/Generic/Launch Job Manager Control Centre

2019-02-01 12:07:38 - [TEST_STEP][PASSED] - openBrowser(""): Browser is opened with url: ''

2019-02-01 12:07:39 - [MESSAGE][INFO] - Starting 'Chrome' driver

2019-02-01 12:07:39 - [MESSAGE][INFO] - Action delay is set to 0 seconds

2019-02-01 12:07:42 - [MESSAGE][PASSED] - Browser is opened with url: ''

2019-02-01 12:07:42 - [TEST_STEP][PASSED] - navigateToUrl(CCURL): Navigate to 'https://kirona-def-6.kirona.com/jmprep/login#!loginView' successfully

2019-02-01 12:07:43 - [MESSAGE][PASSED] - Navigate to 'https://kirona-def-6.kirona.com/jmprep/login#!loginView' successfully

2019-02-01 12:07:43 - [TEST_STEP][PASSED] - setText(findTestObject("FSM1/Control Centre/Page_Job Manager Login/input_gwt-uid-3"), Username): Text 'jon.hatfield' is set on object 'Object Repository/FSM1/Control Centre/Page_Job Manager Login/input_gwt-uid-3'

2019-02-01 12:07:44 - [MESSAGE][PASSED] - Text 'jon.hatfield' is set on object 'Object Repository/FSM1/Control Centre/Page_Job Manager Login/input_gwt-uid-3'

2019-02-01 12:07:44 - [TEST_STEP][PASSED] - setText(findTestObject("FSM1/Control Centre/Page_Job Manager Login/input_gwt-uid-5"), Password): Text 'Fr@nc1sJ0n' is set on object 'Object Repository/FSM1/Control Centre/Page_Job Manager Login/input_gwt-uid-5'

2019-02-01 12:07:44 - [MESSAGE][PASSED] - Text 'Fr@nc1sJ0n' is set on object 'Object Repository/FSM1/Control Centre/Page_Job Manager Login/input_gwt-uid-5'

2019-02-01 12:07:44 - [TEST_STEP][PASSED] - delay(2): Delayed 2 second(s)

2019-02-01 12:07:46 - [MESSAGE][PASSED] - Delayed 2 second(s)

2019-02-01 12:07:46 - [TEST_STEP][PASSED] - click(findTestObject("FSM1/PreProd/Page_Job Manager Login/div_Login")): Object: 'Object Repository/FSM1/PreProd/Page_Job Manager Login/div_Login' is clicked on

2019-02-01 12:07:46 - [MESSAGE][PASSED] - Object: 'Object Repository/FSM1/PreProd/Page_Job Manager Login/div_Login' is clicked on

2019-02-01 12:07:46 - [TEST_STEP][PASSED] - delay(5): Delayed 5 second(s)

2019-02-01 12:07:51 - [MESSAGE][PASSED] - Delayed 5 second(s)]]></system-out>
         <system-err><![CDATA[]]></system-err>
      </testcase>
      <testcase name="Test Cases/ABP/Generic/Create ABP Inspection - Manual Assignment" classname="Test Cases/ABP/Generic/Create ABP Inspection - Manual Assignment" status="PASSED">
         <system-out><![CDATA[2019-02-01 12:07:51 - [TEST_CASE][PASSED] - Test Cases/ABP/Generic/Create ABP Inspection - Manual Assignment: Test Cases/ABP/Generic/Create ABP Inspection - Manual Assignment

2019-02-01 12:07:51 - [TEST_STEP][PASSED] - log = new com.kms.katalon.core.logging.KeywordLogger(): null

2019-02-01 12:07:51 - [TEST_STEP][PASSED] - waitForElementClickable(findTestObject("Object Repository/FSM1/Create ABP Inspection Manual Ass/Page_JM Control Centre/Page_JM Control Centre/Page_JM Control Centre/div_Create"), 60, STOP_ON_FAILURE): Object 'Object Repository/FSM1/Create ABP Inspection Manual Ass/Page_JM Control Centre/Page_JM Control Centre/Page_JM Control Centre/div_Create' is clickable

2019-02-01 12:08:00 - [MESSAGE][PASSED] - Object 'Object Repository/FSM1/Create ABP Inspection Manual Ass/Page_JM Control Centre/Page_JM Control Centre/Page_JM Control Centre/div_Create' is clickable

2019-02-01 12:08:00 - [TEST_STEP][PASSED] - delay(3): Delayed 3 second(s)

2019-02-01 12:08:03 - [MESSAGE][PASSED] - Delayed 3 second(s)

2019-02-01 12:08:03 - [TEST_STEP][PASSED] - click(findTestObject("Object Repository/FSM1/Create ABP Inspection Manual Ass/Page_JM Control Centre/Page_JM Control Centre/Page_JM Control Centre/div_Create")): Object: 'Object Repository/FSM1/Create ABP Inspection Manual Ass/Page_JM Control Centre/Page_JM Control Centre/Page_JM Control Centre/div_Create' is clicked on

2019-02-01 12:08:03 - [MESSAGE][PASSED] - Object: 'Object Repository/FSM1/Create ABP Inspection Manual Ass/Page_JM Control Centre/Page_JM Control Centre/Page_JM Control Centre/div_Create' is clicked on

2019-02-01 12:08:03 - [TEST_STEP][PASSED] - click(findTestObject("Object Repository/FSM1/Create ABP Inspection Manual Ass/Page_JM Control Centre/Page_JM Control Centre/Page_JM Control Centre/div_v-filterselect-button")): Object: 'Object Repository/FSM1/Create ABP Inspection Manual Ass/Page_JM Control Centre/Page_JM Control Centre/Page_JM Control Centre/div_v-filterselect-button' is clicked on

2019-02-01 12:08:04 - [MESSAGE][PASSED] - Object: 'Object Repository/FSM1/Create ABP Inspection Manual Ass/Page_JM Control Centre/Page_JM Control Centre/Page_JM Control Centre/div_v-filterselect-button' is clicked on

2019-02-01 12:08:04 - [TEST_STEP][PASSED] - setText(findTestObject("Object Repository/FSM1/Create ABP Inspection Manual Ass/Page_JM Control Centre/Page_JM Control Centre/Page_JM Control Centre/input_gwt-uid-8"), ABPInspection): Text 'ABPR02a' is set on object 'Object Repository/FSM1/Create ABP Inspection Manual Ass/Page_JM Control Centre/Page_JM Control Centre/Page_JM Control Centre/input_gwt-uid-8'

2019-02-01 12:08:05 - [MESSAGE][PASSED] - Text 'ABPR02a' is set on object 'Object Repository/FSM1/Create ABP Inspection Manual Ass/Page_JM Control Centre/Page_JM Control Centre/Page_JM Control Centre/input_gwt-uid-8'

2019-02-01 12:08:05 - [TEST_STEP][PASSED] - ABPInspectionTypeJ = modifyObjectProperty(findTestObject("Object Repository/FSM1/Create ABP Inspection Manual Ass/Page_JM Control Centre/Page_JM Control Centre/Page_JM Control Centre/span_ABPR01A - Composting and"), "text", "equals", ABPInspectionType, true): Modify property of object successfully

2019-02-01 12:08:05 - [MESSAGE][PASSED] - Modify property of object successfully

2019-02-01 12:08:05 - [TEST_STEP][PASSED] - click(ABPInspectionTypeJ, STOP_ON_FAILURE): Object: 'Object Repository/FSM1/Create ABP Inspection Manual Ass/Page_JM Control Centre/Page_JM Control Centre/Page_JM Control Centre/span_ABPR01A - Composting and' is clicked on

2019-02-01 12:08:05 - [MESSAGE][PASSED] - Object: 'Object Repository/FSM1/Create ABP Inspection Manual Ass/Page_JM Control Centre/Page_JM Control Centre/Page_JM Control Centre/span_ABPR01A - Composting and' is clicked on

2019-02-01 12:08:05 - [TEST_STEP][PASSED] - click(findTestObject("Object Repository/FSM1/Create ABP Inspection Manual Ass/Page_JM Control Centre/Page_JM Control Centre/Page_JM Control Centre/div_v-filterselect-button_1")): Object: 'Object Repository/FSM1/Create ABP Inspection Manual Ass/Page_JM Control Centre/Page_JM Control Centre/Page_JM Control Centre/div_v-filterselect-button_1' is clicked on

2019-02-01 12:08:07 - [MESSAGE][PASSED] - Object: 'Object Repository/FSM1/Create ABP Inspection Manual Ass/Page_JM Control Centre/Page_JM Control Centre/Page_JM Control Centre/div_v-filterselect-button_1' is clicked on

2019-02-01 12:08:07 - [TEST_STEP][PASSED] - click(findTestObject("Object Repository/FSM1/Create ABP Inspection Manual Ass/Page_JM Control Centre/Page_JM Control Centre/Page_JM Control Centre/span_24 Hours")): Object: 'Object Repository/FSM1/Create ABP Inspection Manual Ass/Page_JM Control Centre/Page_JM Control Centre/Page_JM Control Centre/span_24 Hours' is clicked on

2019-02-01 12:08:08 - [MESSAGE][PASSED] - Object: 'Object Repository/FSM1/Create ABP Inspection Manual Ass/Page_JM Control Centre/Page_JM Control Centre/Page_JM Control Centre/span_24 Hours' is clicked on

2019-02-01 12:08:08 - [TEST_STEP][PASSED] - click(findTestObject("Object Repository/FSM1/Create ABP Inspection/Page_JM Control Centre/div_Region_v-filterselect-butt")): Object: 'Object Repository/FSM1/Create ABP Inspection/Page_JM Control Centre/div_Region_v-filterselect-butt' is clicked on

2019-02-01 12:08:08 - [MESSAGE][PASSED] - Object: 'Object Repository/FSM1/Create ABP Inspection/Page_JM Control Centre/div_Region_v-filterselect-butt' is clicked on

2019-02-01 12:08:08 - [TEST_STEP][PASSED] - click(findTestObject("Object Repository/FSM1/Create ABP Inspection Manual Ass/Page_JM Control Centre/Page_JM Control Centre/Page_JM Control Centre/td_West")): Object: 'Object Repository/FSM1/Create ABP Inspection Manual Ass/Page_JM Control Centre/Page_JM Control Centre/Page_JM Control Centre/td_West' is clicked on

2019-02-01 12:08:08 - [MESSAGE][PASSED] - Object: 'Object Repository/FSM1/Create ABP Inspection Manual Ass/Page_JM Control Centre/Page_JM Control Centre/Page_JM Control Centre/td_West' is clicked on

2019-02-01 12:08:08 - [TEST_STEP][PASSED] - click(findTestObject("Object Repository/FSM1/Create ABP Inspection/Page_JM Control Centre/div_Plant Type_v-filterselect-")): Object: 'Object Repository/FSM1/Create ABP Inspection/Page_JM Control Centre/div_Plant Type_v-filterselect-' is clicked on

2019-02-01 12:08:09 - [MESSAGE][PASSED] - Object: 'Object Repository/FSM1/Create ABP Inspection/Page_JM Control Centre/div_Plant Type_v-filterselect-' is clicked on

2019-02-01 12:08:09 - [TEST_STEP][PASSED] - click(findTestObject("Object Repository/FSM1/Create ABP Inspection Manual Ass/Page_JM Control Centre/Page_JM Control Centre/Page_JM Control Centre/td_SECTION I Intermediate Acti")): Object: 'Object Repository/FSM1/Create ABP Inspection Manual Ass/Page_JM Control Centre/Page_JM Control Centre/Page_JM Control Centre/td_SECTION I Intermediate Acti' is clicked on

2019-02-01 12:08:09 - [MESSAGE][PASSED] - Object: 'Object Repository/FSM1/Create ABP Inspection Manual Ass/Page_JM Control Centre/Page_JM Control Centre/Page_JM Control Centre/td_SECTION I Intermediate Acti' is clicked on

2019-02-01 12:08:09 - [TEST_STEP][PASSED] - click(findTestObject("Object Repository/FSM1/Create ABP Inspection/Page_JM Control Centre/div_Inspection Type_v-filterse")): Object: 'Object Repository/FSM1/Create ABP Inspection/Page_JM Control Centre/div_Inspection Type_v-filterse' is clicked on

2019-02-01 12:08:09 - [MESSAGE][PASSED] - Object: 'Object Repository/FSM1/Create ABP Inspection/Page_JM Control Centre/div_Inspection Type_v-filterse' is clicked on

2019-02-01 12:08:09 - [TEST_STEP][PASSED] - click(findTestObject("Object Repository/FSM1/Create ABP Inspection Manual Ass/Page_JM Control Centre/Page_JM Control Centre/Page_JM Control Centre/td_Routine")): Object: 'Object Repository/FSM1/Create ABP Inspection Manual Ass/Page_JM Control Centre/Page_JM Control Centre/Page_JM Control Centre/td_Routine' is clicked on

2019-02-01 12:08:09 - [MESSAGE][PASSED] - Object: 'Object Repository/FSM1/Create ABP Inspection Manual Ass/Page_JM Control Centre/Page_JM Control Centre/Page_JM Control Centre/td_Routine' is clicked on

2019-02-01 12:08:09 - [TEST_STEP][PASSED] - click(findTestObject("Object Repository/JM_8918/New/Page_JClient/Page_JM Control Centre/Page_JM Control Centre/label_1")): Object: 'Object Repository/JM_8918/New/Page_JClient/Page_JM Control Centre/Page_JM Control Centre/label_1' is clicked on

2019-02-01 12:08:09 - [MESSAGE][PASSED] - Object: 'Object Repository/JM_8918/New/Page_JClient/Page_JM Control Centre/Page_JM Control Centre/label_1' is clicked on

2019-02-01 12:08:09 - [TEST_STEP][PASSED] - click(findTestObject("Object Repository/FSM1/Create ABP Inspection/Page_JM Control Centre/div_Inspector Grade Required_v")): Object: 'Object Repository/FSM1/Create ABP Inspection/Page_JM Control Centre/div_Inspector Grade Required_v' is clicked on

2019-02-01 12:08:09 - [MESSAGE][PASSED] - Object: 'Object Repository/FSM1/Create ABP Inspection/Page_JM Control Centre/div_Inspector Grade Required_v' is clicked on

2019-02-01 12:08:10 - [TEST_STEP][PASSED] - click(findTestObject("Object Repository/FSM1/Create ABP Inspection Manual Ass/Page_JM Control Centre/Page_JM Control Centre/Page_JM Control Centre/td_Tech")): Object: 'Object Repository/FSM1/Create ABP Inspection Manual Ass/Page_JM Control Centre/Page_JM Control Centre/Page_JM Control Centre/td_Tech' is clicked on

2019-02-01 12:08:10 - [MESSAGE][PASSED] - Object: 'Object Repository/FSM1/Create ABP Inspection Manual Ass/Page_JM Control Centre/Page_JM Control Centre/Page_JM Control Centre/td_Tech' is clicked on

2019-02-01 12:08:10 - [TEST_STEP][PASSED] - click(findTestObject("Object Repository/FSM1/Create ABP Inspection/Page_JM Control Centre/div_Sequence within Inspection")): Object: 'Object Repository/FSM1/Create ABP Inspection/Page_JM Control Centre/div_Sequence within Inspection' is clicked on

2019-02-01 12:08:10 - [MESSAGE][PASSED] - Object: 'Object Repository/FSM1/Create ABP Inspection/Page_JM Control Centre/div_Sequence within Inspection' is clicked on

2019-02-01 12:08:10 - [TEST_STEP][PASSED] - click(findTestObject("Object Repository/FSM1/Create ABP Inspection Manual Ass/Page_JM Control Centre/Page_JM Control Centre/Page_JM Control Centre/td_2 - Tech")): Object: 'Object Repository/FSM1/Create ABP Inspection Manual Ass/Page_JM Control Centre/Page_JM Control Centre/Page_JM Control Centre/td_2 - Tech' is clicked on

2019-02-01 12:08:10 - [MESSAGE][PASSED] - Object: 'Object Repository/FSM1/Create ABP Inspection Manual Ass/Page_JM Control Centre/Page_JM Control Centre/Page_JM Control Centre/td_2 - Tech' is clicked on

2019-02-01 12:08:10 - [TEST_STEP][PASSED] - setText(findTestObject("JM_8918/ABP/Page_JM Control Centre/input_Customer ID_gwt-uid-42"), RandomStringUtils.randomNumeric(5)): Text '94055' is set on object 'Object Repository/JM_8918/ABP/Page_JM Control Centre/input_Customer ID_gwt-uid-42'

2019-02-01 12:08:10 - [MESSAGE][PASSED] - Text '94055' is set on object 'Object Repository/JM_8918/ABP/Page_JM Control Centre/input_Customer ID_gwt-uid-42'

2019-02-01 12:08:10 - [TEST_STEP][PASSED] - delay(2): Delayed 2 second(s)

2019-02-01 12:08:12 - [MESSAGE][PASSED] - Delayed 2 second(s)

2019-02-01 12:08:12 - [TEST_STEP][PASSED] - setText(findTestObject("JM_8918/ABP/Page_JM Control Centre/input_Unit ID_gwt-uid-44"), RandomStringUtils.randomNumeric(5)): Text '89129' is set on object 'Object Repository/JM_8918/ABP/Page_JM Control Centre/input_Unit ID_gwt-uid-44'

2019-02-01 12:08:12 - [MESSAGE][PASSED] - Text '89129' is set on object 'Object Repository/JM_8918/ABP/Page_JM Control Centre/input_Unit ID_gwt-uid-44'

2019-02-01 12:08:12 - [TEST_STEP][PASSED] - setText(findTestObject("JM_8918/ABP/Page_JM Control Centre/input_Customer Name_gwt-uid-46"), "Test Automation"): Text 'Test Automation' is set on object 'Object Repository/JM_8918/ABP/Page_JM Control Centre/input_Customer Name_gwt-uid-46'

2019-02-01 12:08:13 - [MESSAGE][PASSED] - Text 'Test Automation' is set on object 'Object Repository/JM_8918/ABP/Page_JM Control Centre/input_Customer Name_gwt-uid-46'

2019-02-01 12:08:13 - [TEST_STEP][PASSED] - click(findTestObject("Object Repository/FSM1/Create ABP Inspection Manual Ass/Page_JM Control Centre/Page_JM Control Centre/Page_JM Control Centre/span_")): Object: 'Object Repository/FSM1/Create ABP Inspection Manual Ass/Page_JM Control Centre/Page_JM Control Centre/Page_JM Control Centre/span_' is clicked on

2019-02-01 12:08:13 - [MESSAGE][PASSED] - Object: 'Object Repository/FSM1/Create ABP Inspection Manual Ass/Page_JM Control Centre/Page_JM Control Centre/Page_JM Control Centre/span_' is clicked on

2019-02-01 12:08:13 - [TEST_STEP][PASSED] - click(findTestObject("FSM1/Control Centre/Create EMI Inspection/Address Search/Page_JM Control Centre/Postcode Search")): Object: 'Object Repository/FSM1/Control Centre/Create EMI Inspection/Address Search/Page_JM Control Centre/Postcode Search' is clicked on

2019-02-01 12:08:14 - [MESSAGE][PASSED] - Object: 'Object Repository/FSM1/Control Centre/Create EMI Inspection/Address Search/Page_JM Control Centre/Postcode Search' is clicked on

2019-02-01 12:08:14 - [TEST_STEP][PASSED] - setText(findTestObject("FSM1/PreProd/Page_JM Control Centre/PostcodeSearch"), findTestData("Pre Production/ABP/ABP Inspection Data 01a").getValue(2, 1)): Text 'WR5 2NQ' is set on object 'Object Repository/FSM1/PreProd/Page_JM Control Centre/PostcodeSearch'

2019-02-01 12:08:14 - [MESSAGE][PASSED] - Text 'WR5 2NQ' is set on object 'Object Repository/FSM1/PreProd/Page_JM Control Centre/PostcodeSearch'

2019-02-01 12:08:14 - [TEST_STEP][PASSED] - doubleClick(findTestObject("JM_8918/Page_JM Control Centre/div_Search")): Object: 'Object Repository/JM_8918/Page_JM Control Centre/div_Search' is double clicked on

2019-02-01 12:08:14 - [MESSAGE][PASSED] - Object: 'Object Repository/JM_8918/Page_JM Control Centre/div_Search' is double clicked on

2019-02-01 12:08:14 - [TEST_STEP][PASSED] - FullAddress = modifyObjectProperty(findTestObject("Object Repository/FSM1/Create ABP Inspection Manual Ass/Page_JM Control Centre/Page_JM Control Centre/Page_JM Control Centre/Address"), "text", "equals", findTestData("Pre Production/ABP/ABP Inspection Data 01a").getValue(3, 1), true): Modify property of object successfully

2019-02-01 12:08:14 - [MESSAGE][PASSED] - Modify property of object successfully

2019-02-01 12:08:14 - [TEST_STEP][PASSED] - click(FullAddress, STOP_ON_FAILURE): Object: 'Object Repository/FSM1/Create ABP Inspection Manual Ass/Page_JM Control Centre/Page_JM Control Centre/Page_JM Control Centre/Address' is clicked on

2019-02-01 12:08:16 - [MESSAGE][PASSED] - Object: 'Object Repository/FSM1/Create ABP Inspection Manual Ass/Page_JM Control Centre/Page_JM Control Centre/Page_JM Control Centre/Address' is clicked on

2019-02-01 12:08:16 - [TEST_STEP][PASSED] - click(findTestObject("FSM1/Control Centre/Create EMI Inspection/Create Address/Page_JM Control Centre (2)/div_Add Selected Item")): Object: 'Object Repository/FSM1/Control Centre/Create EMI Inspection/Create Address/Page_JM Control Centre (2)/div_Add Selected Item' is clicked on

2019-02-01 12:08:16 - [MESSAGE][PASSED] - Object: 'Object Repository/FSM1/Control Centre/Create EMI Inspection/Create Address/Page_JM Control Centre (2)/div_Add Selected Item' is clicked on

2019-02-01 12:08:16 - [TEST_STEP][PASSED] - delay(3): Delayed 3 second(s)

2019-02-01 12:08:19 - [MESSAGE][PASSED] - Delayed 3 second(s)

2019-02-01 12:08:19 - [TEST_STEP][PASSED] - click(findTestObject("FSM1/Control Centre/Create EMI Inspection/Finish/Page_JM Control Centre (3)/div_Create")): Object: 'Object Repository/FSM1/Control Centre/Create EMI Inspection/Finish/Page_JM Control Centre (3)/div_Create' is clicked on

2019-02-01 12:08:19 - [MESSAGE][PASSED] - Object: 'Object Repository/FSM1/Control Centre/Create EMI Inspection/Finish/Page_JM Control Centre (3)/div_Create' is clicked on

2019-02-01 12:08:19 - [TEST_STEP][PASSED] - waitForElementPresent(findTestObject("Object Repository/FSM1/Create ABP Inspection Manual Ass/Page_JM Control Centre/Page_JM Control Centre/Page_JM Control Centre/div_APPROVED"), 120, STOP_ON_FAILURE): Object 'Object Repository/FSM1/Create ABP Inspection Manual Ass/Page_JM Control Centre/Page_JM Control Centre/Page_JM Control Centre/div_APPROVED' is present

2019-02-01 12:08:22 - [MESSAGE][PASSED] - Object 'Object Repository/FSM1/Create ABP Inspection Manual Ass/Page_JM Control Centre/Page_JM Control Centre/Page_JM Control Centre/div_APPROVED' is present

2019-02-01 12:08:22 - [TEST_STEP][PASSED] - click(findTestObject("Object Repository/FSM1/Create ABP Inspection Manual Ass/Page_JM Control Centre/Page_JM Control Centre/Page_JM Control Centre/span_Schedule")): Object: 'Object Repository/FSM1/Create ABP Inspection Manual Ass/Page_JM Control Centre/Page_JM Control Centre/Page_JM Control Centre/span_Schedule' is clicked on

2019-02-01 12:08:22 - [MESSAGE][PASSED] - Object: 'Object Repository/FSM1/Create ABP Inspection Manual Ass/Page_JM Control Centre/Page_JM Control Centre/Page_JM Control Centre/span_Schedule' is clicked on

2019-02-01 12:08:22 - [TEST_STEP][PASSED] - click(findTestObject("Object Repository/JM_8918/New/Page_JM Control Centre/Page_JM Control Centre/label_Manually Allocate as an")): Object: 'Object Repository/JM_8918/New/Page_JM Control Centre/Page_JM Control Centre/label_Manually Allocate as an' is clicked on

2019-02-01 12:08:24 - [MESSAGE][PASSED] - Object: 'Object Repository/JM_8918/New/Page_JM Control Centre/Page_JM Control Centre/label_Manually Allocate as an' is clicked on

2019-02-01 12:08:24 - [TEST_STEP][PASSED] - click(findTestObject("Object Repository/JM_8918/New/Page_JM Control Centre/Page_JM Control Centre/div_Owner_v-filterselect-butto")): Object: 'Object Repository/JM_8918/New/Page_JM Control Centre/Page_JM Control Centre/div_Owner_v-filterselect-butto' is clicked on

2019-02-01 12:08:24 - [MESSAGE][PASSED] - Object: 'Object Repository/JM_8918/New/Page_JM Control Centre/Page_JM Control Centre/div_Owner_v-filterselect-butto' is clicked on

2019-02-01 12:08:24 - [TEST_STEP][PASSED] - setText(findTestObject("Object Repository/JM_8918/New/Page_JM Control Centre/Page_JM Control Centre/input_Owner_gwt-uid-304"), "test"): Text 'test' is set on object 'Object Repository/JM_8918/New/Page_JM Control Centre/Page_JM Control Centre/input_Owner_gwt-uid-304'

2019-02-01 12:08:24 - [MESSAGE][PASSED] - Text 'test' is set on object 'Object Repository/JM_8918/New/Page_JM Control Centre/Page_JM Control Centre/input_Owner_gwt-uid-304'

2019-02-01 12:08:25 - [TEST_STEP][PASSED] - click(findTestObject("Object Repository/JM_8918/New/Page_JM Control Centre/Page_JM Control Centre/span_Test Inspector")): Object: 'Object Repository/JM_8918/New/Page_JM Control Centre/Page_JM Control Centre/span_Test Inspector' is clicked on

2019-02-01 12:08:25 - [MESSAGE][PASSED] - Object: 'Object Repository/JM_8918/New/Page_JM Control Centre/Page_JM Control Centre/span_Test Inspector' is clicked on

2019-02-01 12:08:25 - [TEST_STEP][PASSED] - delay(3): Delayed 3 second(s)

2019-02-01 12:08:28 - [MESSAGE][PASSED] - Delayed 3 second(s)

2019-02-01 12:08:28 - [TEST_STEP][NOT_RUN] - mydate = new java.util.Date(): NOT_RUN: mydate = new java.util.Date()

2019-02-01 12:08:28 - [MESSAGE][NOT_RUN] - NOT_RUN: mydate = new java.util.Date()

2019-02-01 12:08:28 - [TEST_STEP][NOT_RUN] - tomorrow = mydate.next(): NOT_RUN: tomorrow = mydate.next()

2019-02-01 12:08:28 - [MESSAGE][NOT_RUN] - NOT_RUN: tomorrow = mydate.next()

2019-02-01 12:08:28 - [TEST_STEP][NOT_RUN] - formattedDate = tomorrow.format("dd-MMM-yyyy"): NOT_RUN: formattedDate = tomorrow.format("dd-MMM-yyyy")

2019-02-01 12:08:28 - [MESSAGE][NOT_RUN] - NOT_RUN: formattedDate = tomorrow.format("dd-MMM-yyyy")

2019-02-01 12:08:28 - [TEST_STEP][NOT_RUN] - delay(2): NOT_RUN: delay(2)

2019-02-01 12:08:28 - [MESSAGE][NOT_RUN] - NOT_RUN: delay(2)

2019-02-01 12:08:28 - [TEST_STEP][NOT_RUN] - setText(findTestObject("JM_8918/New/Page_JM Control Centre/Page_JM Control Centre/input_Due date_gwt-uid-308"), formattedDate): NOT_RUN: setText(findTestObject("JM_8918/New/Page_JM Control Centre/Page_JM Control Centre/input_Due date_gwt-uid-308"), formattedDate)

2019-02-01 12:08:28 - [MESSAGE][NOT_RUN] - NOT_RUN: setText(findTestObject("JM_8918/New/Page_JM Control Centre/Page_JM Control Centre/input_Due date_gwt-uid-308"), formattedDate)

2019-02-01 12:08:28 - [TEST_STEP][NOT_RUN] - delay(2): NOT_RUN: delay(2)

2019-02-01 12:08:28 - [MESSAGE][NOT_RUN] - NOT_RUN: delay(2)

2019-02-01 12:08:28 - [TEST_STEP][NOT_RUN] - setText(findTestObject("JM_8918/New/Page_JM Control Centre/Page_JM Control Centre/input_From date_gwt-uid-306"), formattedDate): NOT_RUN: setText(findTestObject("JM_8918/New/Page_JM Control Centre/Page_JM Control Centre/input_From date_gwt-uid-306"), formattedDate)

2019-02-01 12:08:28 - [MESSAGE][NOT_RUN] - NOT_RUN: setText(findTestObject("JM_8918/New/Page_JM Control Centre/Page_JM Control Centre/input_From date_gwt-uid-306"), formattedDate)

2019-02-01 12:08:28 - [TEST_STEP][PASSED] - delay(5): Delayed 5 second(s)

2019-02-01 12:08:33 - [MESSAGE][PASSED] - Delayed 5 second(s)

2019-02-01 12:08:33 - [TEST_STEP][PASSED] - click(findTestObject("Object Repository/FSM1/Create ABP Inspection Manual Ass/Page_JM Control Centre/Page_JM Control Centre/Page_JM Control Centre/div_Allocate")): Object: 'Object Repository/FSM1/Create ABP Inspection Manual Ass/Page_JM Control Centre/Page_JM Control Centre/Page_JM Control Centre/div_Allocate' is clicked on

2019-02-01 12:08:33 - [MESSAGE][PASSED] - Object: 'Object Repository/FSM1/Create ABP Inspection Manual Ass/Page_JM Control Centre/Page_JM Control Centre/Page_JM Control Centre/div_Allocate' is clicked on

2019-02-01 12:08:33 - [TEST_STEP][PASSED] - InspectionID = getText(findTestObject("Object Repository/FSM1/Create ABP Inspection Manual Ass/Page_JM Control Centre/Page_JM Control Centre/Page_JM Control Centre/InspectionID")): Text of object 'Object Repository/FSM1/Create ABP Inspection Manual Ass/Page_JM Control Centre/Page_JM Control Centre/Page_JM Control Centre/InspectionID' is: 'Viewing Job 103642'

2019-02-01 12:08:33 - [MESSAGE][PASSED] - Text of object 'Object Repository/FSM1/Create ABP Inspection Manual Ass/Page_JM Control Centre/Page_JM Control Centre/Page_JM Control Centre/InspectionID' is: 'Viewing Job 103642'

2019-02-01 12:08:33 - [TEST_STEP][PASSED] - InspectionID = InspectionID.replaceAll("Viewing Job ", ""): null

2019-02-01 12:08:33 - [TEST_STEP][PASSED] - log.logWarning(InspectionID): 103642

2019-02-01 12:08:33 - [MESSAGE][WARNING] - 103642

2019-02-01 12:08:33 - [TEST_STEP][PASSED] - temp = InspectionID: null

2019-02-01 12:08:33 - [TEST_STEP][PASSED] - delay(90): Delayed 90 second(s)

2019-02-01 12:10:03 - [MESSAGE][PASSED] - Delayed 90 second(s)]]></system-out>
         <system-err><![CDATA[]]></system-err>
      </testcase>
      <testcase name="Test Cases/Generic/Launch Job Manager" classname="Test Cases/Generic/Launch Job Manager" status="PASSED">
         <system-out><![CDATA[2019-02-01 12:10:03 - [TEST_CASE][PASSED] - Test Cases/Generic/Launch Job Manager: Test Cases/Generic/Launch Job Manager

2019-02-01 12:10:03 - [TEST_STEP][PASSED] - openBrowser(""): Browser is opened with url: ''

2019-02-01 12:10:03 - [MESSAGE][WARNING] - A browser is already opened. Closing browser and opening a new one

2019-02-01 12:10:04 - [MESSAGE][INFO] - Starting 'Chrome' driver

2019-02-01 12:10:06 - [MESSAGE][PASSED] - Browser is opened with url: ''

2019-02-01 12:10:06 - [TEST_STEP][PASSED] - navigateToUrl(JMURL): Navigate to 'https://kirona-def-6.kirona.com/jmprep/jclient/jclient.html' successfully

2019-02-01 12:10:07 - [MESSAGE][PASSED] - Navigate to 'https://kirona-def-6.kirona.com/jmprep/jclient/jclient.html' successfully

2019-02-01 12:10:07 - [TEST_STEP][PASSED] - delay(3): Delayed 3 second(s)

2019-02-01 12:10:10 - [MESSAGE][PASSED] - Delayed 3 second(s)

2019-02-01 12:10:10 - [TEST_STEP][PASSED] - setText(findTestObject("FSM1/Launch Application/Page_JClient/input_gwt-TextBox GKH2EKQBMDB"), "KIR1"): Text 'KIR1' is set on object 'Object Repository/FSM1/Launch Application/Page_JClient/input_gwt-TextBox GKH2EKQBMDB'

2019-02-01 12:10:10 - [MESSAGE][PASSED] - Text 'KIR1' is set on object 'Object Repository/FSM1/Launch Application/Page_JClient/input_gwt-TextBox GKH2EKQBMDB'

2019-02-01 12:10:10 - [TEST_STEP][PASSED] - sendKeys(findTestObject("FSM1/Launch Application/Page_JClient/input_gwt-TextBox GKH2EKQBMDB"), Keys.chord(ENTER)): Keys 'ENTER + ' sent to object: 'Object Repository/FSM1/Launch Application/Page_JClient/input_gwt-TextBox GKH2EKQBMDB'

2019-02-01 12:10:10 - [MESSAGE][PASSED] - Keys 'ENTER + ' sent to object: 'Object Repository/FSM1/Launch Application/Page_JClient/input_gwt-TextBox GKH2EKQBMDB'

2019-02-01 12:10:10 - [TEST_STEP][PASSED] - delay(3): Delayed 3 second(s)

2019-02-01 12:10:13 - [MESSAGE][PASSED] - Delayed 3 second(s)

2019-02-01 12:10:13 - [TEST_STEP][PASSED] - click(findTestObject("FSM1/Launch Application/Page_JClient/div_Configure App")): Object: 'Object Repository/FSM1/Launch Application/Page_JClient/div_Configure App' is clicked on

2019-02-01 12:10:13 - [MESSAGE][PASSED] - Object: 'Object Repository/FSM1/Launch Application/Page_JClient/div_Configure App' is clicked on

2019-02-01 12:10:13 - [TEST_STEP][PASSED] - setText(findTestObject("FSM1/Launch Application/Page_JClient/input_gwt-TextBox GKH2EKQBNHC"), findTestData("Pre Production/Environmental/UandP").getValue(3, 1)): Text 'test.inspector' is set on object 'Object Repository/FSM1/Launch Application/Page_JClient/input_gwt-TextBox GKH2EKQBNHC'

2019-02-01 12:10:14 - [MESSAGE][PASSED] - Text 'test.inspector' is set on object 'Object Repository/FSM1/Launch Application/Page_JClient/input_gwt-TextBox GKH2EKQBNHC'

2019-02-01 12:10:14 - [TEST_STEP][PASSED] - setText(findTestObject("FSM1/Launch Application/Page_JClient/input_gwt-PasswordTextBox GKH2"), findTestData("Pre Production/Environmental/UandP").getValue(4, 1)): Text 'Password1.' is set on object 'Object Repository/FSM1/Launch Application/Page_JClient/input_gwt-PasswordTextBox GKH2'

2019-02-01 12:10:14 - [MESSAGE][PASSED] - Text 'Password1.' is set on object 'Object Repository/FSM1/Launch Application/Page_JClient/input_gwt-PasswordTextBox GKH2'

2019-02-01 12:10:14 - [TEST_STEP][PASSED] - click(findTestObject("FSM1/Launch Application/Page_JClient/div_Sign In")): Object: 'Object Repository/FSM1/Launch Application/Page_JClient/div_Sign In' is clicked on

2019-02-01 12:10:14 - [MESSAGE][PASSED] - Object: 'Object Repository/FSM1/Launch Application/Page_JClient/div_Sign In' is clicked on

2019-02-01 12:10:14 - [TEST_STEP][PASSED] - delay(15): Delayed 15 second(s)

2019-02-01 12:10:29 - [MESSAGE][PASSED] - Delayed 15 second(s)]]></system-out>
         <system-err><![CDATA[]]></system-err>
      </testcase>
      <testcase name="Test Cases/Generic/Select Inspection For Rejection - Create New Inspection 1" classname="Test Cases/Generic/Select Inspection For Rejection - Create New Inspection 1" status="PASSED">
         <system-out><![CDATA[2019-02-01 12:10:29 - [TEST_CASE][PASSED] - Test Cases/Generic/Select Inspection For Rejection - Create New Inspection 1: Test Cases/Generic/Select Inspection For Rejection - Create New Inspection 1

2019-02-01 12:10:29 - [TEST_STEP][PASSED] - delay(30): Delayed 30 second(s)

2019-02-01 12:10:59 - [MESSAGE][PASSED] - Delayed 30 second(s)

2019-02-01 12:10:59 - [TEST_STEP][PASSED] - waitForElementClickable(findTestObject("JM_8918/Page_JM Control Centre/Page_JM Control Centre/Page_JClient/Refresh"), 250): Object 'Object Repository/JM_8918/Page_JM Control Centre/Page_JM Control Centre/Page_JClient/Refresh' is clickable

2019-02-01 12:10:59 - [MESSAGE][PASSED] - Object 'Object Repository/JM_8918/Page_JM Control Centre/Page_JM Control Centre/Page_JClient/Refresh' is clickable

2019-02-01 12:10:59 - [TEST_STEP][PASSED] - click(findTestObject("JM_8918/Page_JM Control Centre/Page_JM Control Centre/Page_JClient/Refresh")): Object: 'Object Repository/JM_8918/Page_JM Control Centre/Page_JM Control Centre/Page_JClient/Refresh' is clicked on

2019-02-01 12:10:59 - [MESSAGE][PASSED] - Object: 'Object Repository/JM_8918/Page_JM Control Centre/Page_JM Control Centre/Page_JClient/Refresh' is clicked on

2019-02-01 12:10:59 - [TEST_STEP][PASSED] - waitForElementClickable(findTestObject("JM_8918/Page_JM Control Centre/Page_JM Control Centre/Page_JClient/Refresh"), 250): Object 'Object Repository/JM_8918/Page_JM Control Centre/Page_JM Control Centre/Page_JClient/Refresh' is clickable

2019-02-01 12:10:59 - [MESSAGE][PASSED] - Object 'Object Repository/JM_8918/Page_JM Control Centre/Page_JM Control Centre/Page_JClient/Refresh' is clickable

2019-02-01 12:10:59 - [TEST_STEP][NOT_RUN] - delay(180): NOT_RUN: delay(180)

2019-02-01 12:10:59 - [MESSAGE][NOT_RUN] - NOT_RUN: delay(180)

2019-02-01 12:10:59 - [TEST_STEP][PASSED] - InspectionRef = modifyObjectProperty(findTestObject("Object Repository/FSM1/Reject Inspection/Page_JClient/div_35098"), "text", "equals", temp, true, STOP_ON_FAILURE): Modify property of object successfully

2019-02-01 12:10:59 - [MESSAGE][PASSED] - Modify property of object successfully

2019-02-01 12:10:59 - [TEST_STEP][PASSED] - delay(20): Delayed 20 second(s)

2019-02-01 12:11:19 - [MESSAGE][PASSED] - Delayed 20 second(s)

2019-02-01 12:11:19 - [TEST_STEP][PASSED] - if (verifyElementPresent(InspectionRef, 30, OPTIONAL)): Object: 'Object Repository/FSM1/Reject Inspection/Page_JClient/div_35098' is clicked on

2019-02-01 12:11:19 - [MESSAGE][PASSED] - Object 'Object Repository/FSM1/Reject Inspection/Page_JClient/div_35098' is present

2019-02-01 12:11:19 - [TEST_STEP][PASSED] - delay(3): Delayed 3 second(s)

2019-02-01 12:11:22 - [MESSAGE][PASSED] - Delayed 3 second(s)

2019-02-01 12:11:22 - [TEST_STEP][PASSED] - click(InspectionRef): Object: 'Object Repository/FSM1/Reject Inspection/Page_JClient/div_35098' is clicked on

2019-02-01 12:11:23 - [MESSAGE][PASSED] - Object: 'Object Repository/FSM1/Reject Inspection/Page_JClient/div_35098' is clicked on

2019-02-01 12:11:23 - [TEST_STEP][PASSED] - click(findTestObject("FSM1/Select Inspection/Page_JClient/div_WITH OPERATIVE")): Object: 'Object Repository/FSM1/Select Inspection/Page_JClient/div_WITH OPERATIVE' is clicked on

2019-02-01 12:11:23 - [MESSAGE][PASSED] - Object: 'Object Repository/FSM1/Select Inspection/Page_JClient/div_WITH OPERATIVE' is clicked on

2019-02-01 12:11:23 - [TEST_STEP][PASSED] - delay(2): Delayed 2 second(s)

2019-02-01 12:11:25 - [MESSAGE][PASSED] - Delayed 2 second(s)

2019-02-01 12:11:25 - [TEST_STEP][PASSED] - click(findTestObject("Object Repository/FSM1/Reject Inspection/Page_JClient/div_REJECTED")): Object: 'Object Repository/FSM1/Reject Inspection/Page_JClient/div_REJECTED' is clicked on

2019-02-01 12:11:25 - [MESSAGE][PASSED] - Object: 'Object Repository/FSM1/Reject Inspection/Page_JClient/div_REJECTED' is clicked on

2019-02-01 12:11:25 - [TEST_STEP][PASSED] - delay(2): Delayed 2 second(s)

2019-02-01 12:11:27 - [MESSAGE][PASSED] - Delayed 2 second(s)

2019-02-01 12:11:27 - [TEST_STEP][PASSED] - selectOptionByValue(findTestObject("Object Repository/Release27/Rejections/Page_JClient/select_Availability ChangeTech"), "Availability Change", true): All options with value 'Availability Change' are selected in object 'Object Repository/Release27/Rejections/Page_JClient/select_Availability ChangeTech'  using regular expression

2019-02-01 12:11:28 - [MESSAGE][PASSED] - All options with value 'Availability Change' are selected in object 'Object Repository/Release27/Rejections/Page_JClient/select_Availability ChangeTech'  using regular expression

2019-02-01 12:11:28 - [TEST_STEP][PASSED] - selectOptionByValue(findTestObject("Object Repository/Release27/Rejections/Page_JClient/select_Emergency Personal Reas"), "Availability Change - Emergency Personal Reason", true): All options with value 'Availability Change - Emergency Personal Reason' are selected in object 'Object Repository/Release27/Rejections/Page_JClient/select_Emergency Personal Reas'  using regular expression

2019-02-01 12:11:28 - [MESSAGE][PASSED] - All options with value 'Availability Change - Emergency Personal Reason' are selected in object 'Object Repository/Release27/Rejections/Page_JClient/select_Emergency Personal Reas'  using regular expression

2019-02-01 12:11:28 - [TEST_STEP][PASSED] - selectOptionByValue(findTestObject("Object Repository/Release27/Rejections/Page_JClient/select_Emergency Personal Reas"), "Availability Change - Higher priority work - Other", true): All options with value 'Availability Change - Higher priority work - Other' are selected in object 'Object Repository/Release27/Rejections/Page_JClient/select_Emergency Personal Reas'  using regular expression

2019-02-01 12:11:28 - [MESSAGE][PASSED] - All options with value 'Availability Change - Higher priority work - Other' are selected in object 'Object Repository/Release27/Rejections/Page_JClient/select_Emergency Personal Reas'  using regular expression

2019-02-01 12:11:28 - [TEST_STEP][PASSED] - selectOptionByValue(findTestObject("Object Repository/Release27/Rejections/Page_JClient/select_Emergency Personal Reas"), "Availability Change - Higher priority work - Report Case", true): All options with value 'Availability Change - Higher priority work - Report Case' are selected in object 'Object Repository/Release27/Rejections/Page_JClient/select_Emergency Personal Reas'  using regular expression

2019-02-01 12:11:28 - [MESSAGE][PASSED] - All options with value 'Availability Change - Higher priority work - Report Case' are selected in object 'Object Repository/Release27/Rejections/Page_JClient/select_Emergency Personal Reas'  using regular expression

2019-02-01 12:11:28 - [TEST_STEP][PASSED] - selectOptionByValue(findTestObject("Object Repository/Release27/Rejections/Page_JClient/select_Emergency Personal Reas"), "Availability Change - Higher priority work - Welfare", true): All options with value 'Availability Change - Higher priority work - Welfare' are selected in object 'Object Repository/Release27/Rejections/Page_JClient/select_Emergency Personal Reas'  using regular expression

2019-02-01 12:11:28 - [MESSAGE][PASSED] - All options with value 'Availability Change - Higher priority work - Welfare' are selected in object 'Object Repository/Release27/Rejections/Page_JClient/select_Emergency Personal Reas'  using regular expression

2019-02-01 12:11:28 - [TEST_STEP][PASSED] - selectOptionByValue(findTestObject("Object Repository/Release27/Rejections/Page_JClient/select_Emergency Personal Reas"), "Availability Change - Packing and despatching of samples", true): All options with value 'Availability Change - Packing and despatching of samples' are selected in object 'Object Repository/Release27/Rejections/Page_JClient/select_Emergency Personal Reas'  using regular expression

2019-02-01 12:11:29 - [MESSAGE][PASSED] - All options with value 'Availability Change - Packing and despatching of samples' are selected in object 'Object Repository/Release27/Rejections/Page_JClient/select_Emergency Personal Reas'  using regular expression

2019-02-01 12:11:29 - [TEST_STEP][PASSED] - selectOptionByValue(findTestObject("Object Repository/Release27/Rejections/Page_JClient/select_Emergency Personal Reas"), "Availability Change - Previous task took longer than planned / Follow up activities required", true): All options with value 'Availability Change - Previous task took longer than planned / Follow up activities required' are selected in object 'Object Repository/Release27/Rejections/Page_JClient/select_Emergency Personal Reas'  using regular expression

2019-02-01 12:11:29 - [MESSAGE][PASSED] - All options with value 'Availability Change - Previous task took longer than planned / Follow up activities required' are selected in object 'Object Repository/Release27/Rejections/Page_JClient/select_Emergency Personal Reas'  using regular expression

2019-02-01 12:11:29 - [TEST_STEP][PASSED] - selectOptionByValue(findTestObject("Object Repository/Release27/Rejections/Page_JClient/select_Emergency Personal Reas"), "Availability Change - Sick", true): All options with value 'Availability Change - Sick' are selected in object 'Object Repository/Release27/Rejections/Page_JClient/select_Emergency Personal Reas'  using regular expression

2019-02-01 12:11:29 - [MESSAGE][PASSED] - All options with value 'Availability Change - Sick' are selected in object 'Object Repository/Release27/Rejections/Page_JClient/select_Emergency Personal Reas'  using regular expression

2019-02-01 12:11:29 - [TEST_STEP][PASSED] - selectOptionByValue(findTestObject("Object Repository/Release27/Rejections/Page_JClient/select_Emergency Personal Reas"), "Availability Change - Tracing activity commenced", true): All options with value 'Availability Change - Tracing activity commenced' are selected in object 'Object Repository/Release27/Rejections/Page_JClient/select_Emergency Personal Reas'  using regular expression

2019-02-01 12:11:29 - [MESSAGE][PASSED] - All options with value 'Availability Change - Tracing activity commenced' are selected in object 'Object Repository/Release27/Rejections/Page_JClient/select_Emergency Personal Reas'  using regular expression

2019-02-01 12:11:29 - [TEST_STEP][PASSED] - selectOptionByValue(findTestObject("Object Repository/Release27/Rejections/Page_JClient/select_Emergency Personal Reas"), "Availability Change - Traffic Delay", true): All options with value 'Availability Change - Traffic Delay' are selected in object 'Object Repository/Release27/Rejections/Page_JClient/select_Emergency Personal Reas'  using regular expression

2019-02-01 12:11:29 - [MESSAGE][PASSED] - All options with value 'Availability Change - Traffic Delay' are selected in object 'Object Repository/Release27/Rejections/Page_JClient/select_Emergency Personal Reas'  using regular expression

2019-02-01 12:11:29 - [TEST_STEP][PASSED] - selectOptionByValue(findTestObject("Object Repository/Release27/Rejections/Page_JClient/select_Availability ChangeTech"), "Technical Issue", true): All options with value 'Technical Issue' are selected in object 'Object Repository/Release27/Rejections/Page_JClient/select_Availability ChangeTech'  using regular expression

2019-02-01 12:11:30 - [MESSAGE][PASSED] - All options with value 'Technical Issue' are selected in object 'Object Repository/Release27/Rejections/Page_JClient/select_Availability ChangeTech'  using regular expression

2019-02-01 12:11:30 - [TEST_STEP][PASSED] - selectOptionByValue(findTestObject("Object Repository/Release27/Rejections/Page_JClient/select_Told to reject by FSM S"), "Technical issue - Told to reject by FSM Support", true): All options with value 'Technical issue - Told to reject by FSM Support' are selected in object 'Object Repository/Release27/Rejections/Page_JClient/select_Told to reject by FSM S'  using regular expression

2019-02-01 12:11:30 - [MESSAGE][PASSED] - All options with value 'Technical issue - Told to reject by FSM Support' are selected in object 'Object Repository/Release27/Rejections/Page_JClient/select_Told to reject by FSM S'  using regular expression

2019-02-01 12:11:30 - [TEST_STEP][PASSED] - selectOptionByValue(findTestObject("Object Repository/Release27/Rejections/Page_JClient/select_Availability ChangeTech"), "Unable to Start Visit", true): All options with value 'Unable to Start Visit' are selected in object 'Object Repository/Release27/Rejections/Page_JClient/select_Availability ChangeTech'  using regular expression

2019-02-01 12:11:30 - [MESSAGE][PASSED] - All options with value 'Unable to Start Visit' are selected in object 'Object Repository/Release27/Rejections/Page_JClient/select_Availability ChangeTech'  using regular expression

2019-02-01 12:11:30 - [TEST_STEP][PASSED] - selectOptionByValue(findTestObject("Object Repository/Release27/Rejections/Page_JClient/select_BiosecurityConflict of"), "Unable to Start Visit - Biosecurity", true): All options with value 'Unable to Start Visit - Biosecurity' are selected in object 'Object Repository/Release27/Rejections/Page_JClient/select_BiosecurityConflict of'  using regular expression

2019-02-01 12:11:30 - [MESSAGE][PASSED] - All options with value 'Unable to Start Visit - Biosecurity' are selected in object 'Object Repository/Release27/Rejections/Page_JClient/select_BiosecurityConflict of'  using regular expression

2019-02-01 12:11:30 - [TEST_STEP][PASSED] - selectOptionByValue(findTestObject("Object Repository/Release27/Rejections/Page_JClient/select_BiosecurityConflict of"), "Unable to Start Visit - Conflict of interest", true): All options with value 'Unable to Start Visit - Conflict of interest' are selected in object 'Object Repository/Release27/Rejections/Page_JClient/select_BiosecurityConflict of'  using regular expression

2019-02-01 12:11:30 - [MESSAGE][PASSED] - All options with value 'Unable to Start Visit - Conflict of interest' are selected in object 'Object Repository/Release27/Rejections/Page_JClient/select_BiosecurityConflict of'  using regular expression

2019-02-01 12:11:30 - [TEST_STEP][PASSED] - selectOptionByValue(findTestObject("Object Repository/Release27/Rejections/Page_JClient/select_BiosecurityConflict of"), "Unable to Start Visit - Customer not available - appointment", true): All options with value 'Unable to Start Visit - Customer not available - appointment' are selected in object 'Object Repository/Release27/Rejections/Page_JClient/select_BiosecurityConflict of'  using regular expression

2019-02-01 12:11:30 - [MESSAGE][PASSED] - All options with value 'Unable to Start Visit - Customer not available - appointment' are selected in object 'Object Repository/Release27/Rejections/Page_JClient/select_BiosecurityConflict of'  using regular expression

2019-02-01 12:11:30 - [TEST_STEP][PASSED] - selectOptionByValue(findTestObject("Object Repository/Release27/Rejections/Page_JClient/select_BiosecurityConflict of"), "Unable to Start Visit - Customer not available - unannounced", true): All options with value 'Unable to Start Visit - Customer not available - unannounced' are selected in object 'Object Repository/Release27/Rejections/Page_JClient/select_BiosecurityConflict of'  using regular expression

2019-02-01 12:11:31 - [MESSAGE][PASSED] - All options with value 'Unable to Start Visit - Customer not available - unannounced' are selected in object 'Object Repository/Release27/Rejections/Page_JClient/select_BiosecurityConflict of'  using regular expression

2019-02-01 12:11:31 - [TEST_STEP][PASSED] - selectOptionByValue(findTestObject("Object Repository/Release27/Rejections/Page_JClient/select_BiosecurityConflict of"), "Unable to Start Visit - Ineligible", true): All options with value 'Unable to Start Visit - Ineligible' are selected in object 'Object Repository/Release27/Rejections/Page_JClient/select_BiosecurityConflict of'  using regular expression

2019-02-01 12:11:31 - [MESSAGE][PASSED] - All options with value 'Unable to Start Visit - Ineligible' are selected in object 'Object Repository/Release27/Rejections/Page_JClient/select_BiosecurityConflict of'  using regular expression

2019-02-01 12:11:31 - [TEST_STEP][PASSED] - selectOptionByValue(findTestObject("Object Repository/Release27/Rejections/Page_JClient/select_BiosecurityConflict of"), "Unable to Start Visit - Inspector not Trained / Competent", true): All options with value 'Unable to Start Visit - Inspector not Trained / Competent' are selected in object 'Object Repository/Release27/Rejections/Page_JClient/select_BiosecurityConflict of'  using regular expression

2019-02-01 12:11:31 - [MESSAGE][PASSED] - All options with value 'Unable to Start Visit - Inspector not Trained / Competent' are selected in object 'Object Repository/Release27/Rejections/Page_JClient/select_BiosecurityConflict of'  using regular expression

2019-02-01 12:11:31 - [TEST_STEP][PASSED] - selectOptionByValue(findTestObject("Object Repository/Release27/Rejections/Page_JClient/select_BiosecurityConflict of"), "Unable to Start Visit - No longer operating", true): All options with value 'Unable to Start Visit - No longer operating' are selected in object 'Object Repository/Release27/Rejections/Page_JClient/select_BiosecurityConflict of'  using regular expression

2019-02-01 12:11:31 - [MESSAGE][PASSED] - All options with value 'Unable to Start Visit - No longer operating' are selected in object 'Object Repository/Release27/Rejections/Page_JClient/select_BiosecurityConflict of'  using regular expression

2019-02-01 12:11:31 - [TEST_STEP][PASSED] - selectOptionByValue(findTestObject("Object Repository/Release27/Rejections/Page_JClient/select_BiosecurityConflict of"), "Unable to Start Visit - Refused Access", true): All options with value 'Unable to Start Visit - Refused Access' are selected in object 'Object Repository/Release27/Rejections/Page_JClient/select_BiosecurityConflict of'  using regular expression

2019-02-01 12:11:31 - [MESSAGE][PASSED] - All options with value 'Unable to Start Visit - Refused Access' are selected in object 'Object Repository/Release27/Rejections/Page_JClient/select_BiosecurityConflict of'  using regular expression

2019-02-01 12:11:31 - [TEST_STEP][PASSED] - selectOptionByValue(findTestObject("Object Repository/Release27/Rejections/Page_JClient/select_BiosecurityConflict of"), "Unable to Start Visit - Vehicle Breakdown / Accident", true): All options with value 'Unable to Start Visit - Vehicle Breakdown / Accident' are selected in object 'Object Repository/Release27/Rejections/Page_JClient/select_BiosecurityConflict of'  using regular expression

2019-02-01 12:11:32 - [MESSAGE][PASSED] - All options with value 'Unable to Start Visit - Vehicle Breakdown / Accident' are selected in object 'Object Repository/Release27/Rejections/Page_JClient/select_BiosecurityConflict of'  using regular expression

2019-02-01 12:11:32 - [TEST_STEP][PASSED] - selectOptionByValue(findTestObject("Object Repository/Release27/Rejections/Page_JClient/select_BiosecurityConflict of"), "Unable to Start Visit - Weather conditions", true): All options with value 'Unable to Start Visit - Weather conditions' are selected in object 'Object Repository/Release27/Rejections/Page_JClient/select_BiosecurityConflict of'  using regular expression

2019-02-01 12:11:32 - [MESSAGE][PASSED] - All options with value 'Unable to Start Visit - Weather conditions' are selected in object 'Object Repository/Release27/Rejections/Page_JClient/select_BiosecurityConflict of'  using regular expression

2019-02-01 12:11:32 - [TEST_STEP][PASSED] - selectOptionByValue(findTestObject("Object Repository/Release27/Rejections/Page_JClient/select_Availability ChangeTech"), "Unable to Complete Visit", true): All options with value 'Unable to Complete Visit' are selected in object 'Object Repository/Release27/Rejections/Page_JClient/select_Availability ChangeTech'  using regular expression

2019-02-01 12:11:32 - [MESSAGE][PASSED] - All options with value 'Unable to Complete Visit' are selected in object 'Object Repository/Release27/Rejections/Page_JClient/select_Availability ChangeTech'  using regular expression

2019-02-01 12:11:32 - [TEST_STEP][PASSED] - selectOptionByValue(findTestObject("Object Repository/Release27/Rejections/Page_JClient/select_Accident on premisesHS"), "Unable to Complete Visit - Accident on premises", true): All options with value 'Unable to Complete Visit - Accident on premises' are selected in object 'Object Repository/Release27/Rejections/Page_JClient/select_Accident on premisesHS'  using regular expression

2019-02-01 12:11:32 - [MESSAGE][PASSED] - All options with value 'Unable to Complete Visit - Accident on premises' are selected in object 'Object Repository/Release27/Rejections/Page_JClient/select_Accident on premisesHS'  using regular expression

2019-02-01 12:11:32 - [TEST_STEP][PASSED] - selectOptionByValue(findTestObject("Object Repository/Release27/Rejections/Page_JClient/select_Accident on premisesHS"), "Unable to Complete Visit - H and S Issue", true): All options with value 'Unable to Complete Visit - H and S Issue' are selected in object 'Object Repository/Release27/Rejections/Page_JClient/select_Accident on premisesHS'  using regular expression

2019-02-01 12:11:32 - [MESSAGE][PASSED] - All options with value 'Unable to Complete Visit - H and S Issue' are selected in object 'Object Repository/Release27/Rejections/Page_JClient/select_Accident on premisesHS'  using regular expression

2019-02-01 12:11:32 - [TEST_STEP][PASSED] - selectOptionByValue(findTestObject("Object Repository/Release27/Rejections/Page_JClient/select_Availability ChangeTech"), "Other", true): All options with value 'Other' are selected in object 'Object Repository/Release27/Rejections/Page_JClient/select_Availability ChangeTech'  using regular expression

2019-02-01 12:11:33 - [MESSAGE][PASSED] - All options with value 'Other' are selected in object 'Object Repository/Release27/Rejections/Page_JClient/select_Availability ChangeTech'  using regular expression

2019-02-01 12:11:33 - [TEST_STEP][PASSED] - selectOptionByValue(findTestObject("Object Repository/Release27/Rejections/Page_JClient/select_Other"), "Other", true): All options with value 'Other' are selected in object 'Object Repository/Release27/Rejections/Page_JClient/select_Other'  using regular expression

2019-02-01 12:11:33 - [MESSAGE][PASSED] - All options with value 'Other' are selected in object 'Object Repository/Release27/Rejections/Page_JClient/select_Other'  using regular expression

2019-02-01 12:11:33 - [TEST_STEP][PASSED] - selectOptionByValue(findTestObject("Object Repository/Release27/Rejections/Page_JClient/select_Availability ChangeTech"), "Availability Change", true): All options with value 'Availability Change' are selected in object 'Object Repository/Release27/Rejections/Page_JClient/select_Availability ChangeTech'  using regular expression

2019-02-01 12:11:33 - [MESSAGE][PASSED] - All options with value 'Availability Change' are selected in object 'Object Repository/Release27/Rejections/Page_JClient/select_Availability ChangeTech'  using regular expression

2019-02-01 12:11:33 - [TEST_STEP][PASSED] - selectOptionByValue(findTestObject("Object Repository/Release27/Rejections/Page_JClient/select_Emergency Personal Reas"), "Availability Change - Emergency Personal Reason", true): All options with value 'Availability Change - Emergency Personal Reason' are selected in object 'Object Repository/Release27/Rejections/Page_JClient/select_Emergency Personal Reas'  using regular expression

2019-02-01 12:11:33 - [MESSAGE][PASSED] - All options with value 'Availability Change - Emergency Personal Reason' are selected in object 'Object Repository/Release27/Rejections/Page_JClient/select_Emergency Personal Reas'  using regular expression

2019-02-01 12:11:33 - [TEST_STEP][PASSED] - click(findTestObject("Object Repository/Release27/Rejections/Page_JClient/div_Save")): Object: 'Object Repository/Release27/Rejections/Page_JClient/div_Save' is clicked on

2019-02-01 12:11:33 - [MESSAGE][PASSED] - Object: 'Object Repository/Release27/Rejections/Page_JClient/div_Save' is clicked on

2019-02-01 12:11:33 - [TEST_STEP][PASSED] - delay(2): Delayed 2 second(s)

2019-02-01 12:11:35 - [MESSAGE][PASSED] - Delayed 2 second(s)

2019-02-01 12:11:35 - [TEST_STEP][PASSED] - click(findTestObject("Object Repository/FSM1/Reject Inspection/Page_JClient/div_Ok")): Object: 'Object Repository/FSM1/Reject Inspection/Page_JClient/div_Ok' is clicked on

2019-02-01 12:11:35 - [MESSAGE][PASSED] - Object: 'Object Repository/FSM1/Reject Inspection/Page_JClient/div_Ok' is clicked on

2019-02-01 12:11:35 - [TEST_STEP][PASSED] - delay(30): Delayed 30 second(s)

2019-02-01 12:12:05 - [MESSAGE][PASSED] - Delayed 30 second(s)]]></system-out>
         <system-err><![CDATA[]]></system-err>
      </testcase>
      <testcase name="Test Cases/Generic/Launch Job Manager Control Centre - Check Result" classname="Test Cases/Generic/Launch Job Manager Control Centre - Check Result" status="PASSED">
         <system-out><![CDATA[2019-02-01 12:12:05 - [TEST_CASE][PASSED] - Test Cases/Generic/Launch Job Manager Control Centre - Check Result: Test Cases/Generic/Launch Job Manager Control Centre - Check Result

2019-02-01 12:12:05 - [TEST_STEP][PASSED] - openBrowser(""): Browser is opened with url: ''

2019-02-01 12:12:05 - [MESSAGE][WARNING] - A browser is already opened. Closing browser and opening a new one

2019-02-01 12:12:06 - [MESSAGE][INFO] - Starting 'Chrome' driver

2019-02-01 12:12:08 - [MESSAGE][PASSED] - Browser is opened with url: ''

2019-02-01 12:12:08 - [TEST_STEP][PASSED] - navigateToUrl(CCURL): Navigate to 'https://kirona-def-6.kirona.com/jmprep/login#!loginView' successfully

2019-02-01 12:12:09 - [MESSAGE][PASSED] - Navigate to 'https://kirona-def-6.kirona.com/jmprep/login#!loginView' successfully

2019-02-01 12:12:09 - [TEST_STEP][PASSED] - setText(findTestObject("FSM1/Control Centre/Page_Job Manager Login/input_gwt-uid-3"), Username): Text 'jon.hatfield' is set on object 'Object Repository/FSM1/Control Centre/Page_Job Manager Login/input_gwt-uid-3'

2019-02-01 12:12:10 - [MESSAGE][PASSED] - Text 'jon.hatfield' is set on object 'Object Repository/FSM1/Control Centre/Page_Job Manager Login/input_gwt-uid-3'

2019-02-01 12:12:10 - [TEST_STEP][PASSED] - setText(findTestObject("FSM1/Control Centre/Page_Job Manager Login/input_gwt-uid-5"), Password): Text 'Fr@nc1sJ0n' is set on object 'Object Repository/FSM1/Control Centre/Page_Job Manager Login/input_gwt-uid-5'

2019-02-01 12:12:10 - [MESSAGE][PASSED] - Text 'Fr@nc1sJ0n' is set on object 'Object Repository/FSM1/Control Centre/Page_Job Manager Login/input_gwt-uid-5'

2019-02-01 12:12:10 - [TEST_STEP][PASSED] - delay(2): Delayed 2 second(s)

2019-02-01 12:12:12 - [MESSAGE][PASSED] - Delayed 2 second(s)

2019-02-01 12:12:12 - [TEST_STEP][PASSED] - click(findTestObject("FSM1/PreProd/Page_Job Manager Login/div_Login")): Object: 'Object Repository/FSM1/PreProd/Page_Job Manager Login/div_Login' is clicked on

2019-02-01 12:12:12 - [MESSAGE][PASSED] - Object: 'Object Repository/FSM1/PreProd/Page_Job Manager Login/div_Login' is clicked on

2019-02-01 12:12:12 - [TEST_STEP][PASSED] - delay(20): Delayed 20 second(s)

2019-02-01 12:12:32 - [MESSAGE][PASSED] - Delayed 20 second(s)]]></system-out>
         <system-err><![CDATA[]]></system-err>
      </testcase>
      <testcase name="Test Cases/ABP/Rejection/Control Centre - Check Results - Rejection" classname="Test Cases/ABP/Rejection/Control Centre - Check Results - Rejection" status="PASSED">
         <system-out><![CDATA[2019-02-01 12:12:32 - [TEST_CASE][PASSED] - Test Cases/ABP/Rejection/Control Centre - Check Results - Rejection: Test Cases/ABP/Rejection/Control Centre - Check Results - Rejection

2019-02-01 12:12:32 - [TEST_STEP][PASSED] - log = new com.kms.katalon.core.logging.KeywordLogger(): null

2019-02-01 12:12:32 - [TEST_STEP][PASSED] - setText(findTestObject("Object Repository/FSM1/EMI Check Results/Page_JM Control Centre/input_Recents_v-textfield v-wi"), temp): Text '103642' is set on object 'Object Repository/FSM1/EMI Check Results/Page_JM Control Centre/input_Recents_v-textfield v-wi'

2019-02-01 12:12:32 - [MESSAGE][PASSED] - Text '103642' is set on object 'Object Repository/FSM1/EMI Check Results/Page_JM Control Centre/input_Recents_v-textfield v-wi'

2019-02-01 12:12:32 - [TEST_STEP][PASSED] - click(findTestObject("Object Repository/FSM1/EMI Check Results/Page_JM Control Centre/span_")): Object: 'Object Repository/FSM1/EMI Check Results/Page_JM Control Centre/span_' is clicked on

2019-02-01 12:12:33 - [MESSAGE][PASSED] - Object: 'Object Repository/FSM1/EMI Check Results/Page_JM Control Centre/span_' is clicked on

2019-02-01 12:12:33 - [TEST_STEP][PASSED] - waitForElementPresent(findTestObject("Object Repository/FSM1/EMI Check Results/Page_JM Control Centre/div_CLOSED"), 60): Object 'Object Repository/FSM1/EMI Check Results/Page_JM Control Centre/div_CLOSED' is present

2019-02-01 12:12:34 - [MESSAGE][PASSED] - Object 'Object Repository/FSM1/EMI Check Results/Page_JM Control Centre/div_CLOSED' is present

2019-02-01 12:12:34 - [TEST_STEP][PASSED] - delay(3): Delayed 3 second(s)

2019-02-01 12:12:37 - [MESSAGE][PASSED] - Delayed 3 second(s)]]></system-out>
         <system-err><![CDATA[]]></system-err>
      </testcase>
      <testcase name="Test Cases/Generic/Check Subsequent Inspection Exist" classname="Test Cases/Generic/Check Subsequent Inspection Exist" status="PASSED">
         <system-out><![CDATA[2019-02-01 12:12:37 - [TEST_CASE][PASSED] - Test Cases/Generic/Check Subsequent Inspection Exist: Test Cases/Generic/Check Subsequent Inspection Exist

2019-02-01 12:12:37 - [TEST_STEP][PASSED] - delay(2): Delayed 2 second(s)

2019-02-01 12:12:39 - [MESSAGE][PASSED] - Delayed 2 second(s)

2019-02-01 12:12:39 - [TEST_STEP][PASSED] - click(findTestObject("Object Repository/FSM1/Complete ABP Inspection/Check Subsequent Inspections/New/Page_JM Control Centre/div_")): Object: 'Object Repository/FSM1/Complete ABP Inspection/Check Subsequent Inspections/New/Page_JM Control Centre/div_' is clicked on

2019-02-01 12:12:40 - [MESSAGE][PASSED] - Object: 'Object Repository/FSM1/Complete ABP Inspection/Check Subsequent Inspections/New/Page_JM Control Centre/div_' is clicked on

2019-02-01 12:12:40 - [TEST_STEP][PASSED] - click(findTestObject("Object Repository/FSM1/Complete ABP Inspection/Check Subsequent Inspections/New/Page_JM Control Centre/span_List All Subordinate Jobs")): Object: 'Object Repository/FSM1/Complete ABP Inspection/Check Subsequent Inspections/New/Page_JM Control Centre/span_List All Subordinate Jobs' is clicked on

2019-02-01 12:12:40 - [MESSAGE][PASSED] - Object: 'Object Repository/FSM1/Complete ABP Inspection/Check Subsequent Inspections/New/Page_JM Control Centre/span_List All Subordinate Jobs' is clicked on

2019-02-01 12:12:40 - [TEST_STEP][PASSED] - delay(2): Delayed 2 second(s)

2019-02-01 12:12:42 - [MESSAGE][PASSED] - Delayed 2 second(s)

2019-02-01 12:12:42 - [TEST_STEP][PASSED] - verifyElementVisible(findTestObject("Object Repository/FSM1/Complete ABP Inspection/Check Subsequent Inspections/New/Page_JM Control Centre/div_2 found.")): Object 'Object Repository/FSM1/Complete ABP Inspection/Check Subsequent Inspections/New/Page_JM Control Centre/div_2 found.' is visible

2019-02-01 12:12:55 - [MESSAGE][PASSED] - Object 'Object Repository/FSM1/Complete ABP Inspection/Check Subsequent Inspections/New/Page_JM Control Centre/div_2 found.' is visible

2019-02-01 12:12:55 - [TEST_STEP][PASSED] - verifyElementNotPresent(findTestObject("JM_8918/New/Page_JM Control Centre/td_INVALID"), 2): Web element with id: 'Object Repository/JM_8918/New/Page_JM Control Centre/td_INVALID' located by 'By.xpath: //td[(text() = 'INVALID' or . = 'INVALID')]' is not present after '2' second(s)

2019-02-01 12:12:55 - [MESSAGE][PASSED] - Web element with id: 'Object Repository/JM_8918/New/Page_JM Control Centre/td_INVALID' located by 'By.xpath: //td[(text() = 'INVALID' or . = 'INVALID')]' is not present after '2' second(s)

2019-02-01 12:12:55 - [TEST_STEP][PASSED] - verifyElementNotPresent(findTestObject("JM_8918/New/Page_JM Control Centre/td_CREATING"), 2): Web element with id: 'Object Repository/JM_8918/New/Page_JM Control Centre/td_CREATING' located by 'By.xpath: //td[(text() = 'CREATING' or . = 'CREATING')]' is not present after '2' second(s)

2019-02-01 12:12:55 - [MESSAGE][PASSED] - Web element with id: 'Object Repository/JM_8918/New/Page_JM Control Centre/td_CREATING' located by 'By.xpath: //td[(text() = 'CREATING' or . = 'CREATING')]' is not present after '2' second(s)

2019-02-01 12:12:55 - [TEST_STEP][PASSED] - closeBrowser(): Browser is closed

2019-02-01 12:12:56 - [MESSAGE][PASSED] - Browser is closed]]></system-out>
         <system-err><![CDATA[]]></system-err>
      </testcase>
      <system-out><![CDATA[2019-02-01 12:07:37 - [TEST_SUITE][PASSED] - ABP Regression - 02a - Reject - Create Replacement Inspection 1: Test Cases/Generic/Check Subsequent Inspection Exist]]></system-out>
      <system-err><![CDATA[]]></system-err>
   </testsuite>
</testsuites>
