<?xml version="1.0" encoding="UTF-8"?>
<testsuites name="ABP Regression - Pre-Approval - Additional Approval" time="326" tests="10" failures="0" errors="0">
   <testsuite name="ABP Regression - Pre-Approval - Additional Approval" tests="10" failures="0" errors="0" time="326" timestamp="2019-02-01 11:55:43" hostname="jonha - DESKTOP-KMCIR60" id="Test Suites/ABP/ABP Regression - Pre-Approval - Additional Approval">
      <properties>
         <property name="deviceName" value=""/>
         <property name="devicePlatform" value=""/>
         <property name="logFolder" value="C:\\Users\\jonha\\Documents\\Katalon\\APHA\\JM_8.9\\FSM_Regression\\Reports\\ABP\\ABP Regression - Pre-Approval - Additional Approval\\20190201_110457"/>
         <property name="logFiles" value="C:\\Users\\jonha\\Documents\\Katalon\\APHA\\JM_8.9\\FSM_Regression\\Reports\\ABP\\ABP Regression - Pre-Approval - Additional Approval\\20190201_110457\\execution0.log"/>
         <property name="attachments" value=""/>
         <property name="hostName" value="jonha - DESKTOP-KMCIR60"/>
         <property name="os" value="Windows 10 64bit"/>
         <property name="katalonVersion" value="5.9.1.2"/>
         <property name="browser" value="Chrome 71.0.3578.98"/>
         <property name="hostAddress" value="192.168.0.14"/>
         <property name="sessionId" value="0a64a13d7e5b72fbced64c1cdfd54e4b"/>
         <property name="seleniumVersion" value="3.7.1"/>
         <property name="proxyInformation" value="ProxyInformation{proxyOption=NO_PROXY, proxyServerType=HTTP, password=, proxyServerAddress=, proxyServerPort=0}"/>
         <property name="platform" value="Windows 10"/>
      </properties>
      <testcase name="Test Cases/Generic/Launch Job Manager Control Centre" classname="Test Cases/Generic/Launch Job Manager Control Centre" status="PASSED">
         <system-out><![CDATA[2019-02-01 11:55:43 - [TEST_CASE][PASSED] - Test Cases/Generic/Launch Job Manager Control Centre: Test Cases/Generic/Launch Job Manager Control Centre

2019-02-01 11:55:44 - [TEST_STEP][PASSED] - openBrowser(""): Browser is opened with url: ''

2019-02-01 11:55:44 - [MESSAGE][INFO] - Starting 'Chrome' driver

2019-02-01 11:55:44 - [MESSAGE][INFO] - Action delay is set to 0 seconds

2019-02-01 11:55:48 - [MESSAGE][PASSED] - Browser is opened with url: ''

2019-02-01 11:55:48 - [TEST_STEP][PASSED] - navigateToUrl(CCURL): Navigate to 'https://kirona-def-6.kirona.com/jmprep/login#!loginView' successfully

2019-02-01 11:55:49 - [MESSAGE][PASSED] - Navigate to 'https://kirona-def-6.kirona.com/jmprep/login#!loginView' successfully

2019-02-01 11:55:49 - [TEST_STEP][PASSED] - setText(findTestObject("FSM1/Control Centre/Page_Job Manager Login/input_gwt-uid-3"), Username): Text 'jon.hatfield' is set on object 'Object Repository/FSM1/Control Centre/Page_Job Manager Login/input_gwt-uid-3'

2019-02-01 11:55:50 - [MESSAGE][PASSED] - Text 'jon.hatfield' is set on object 'Object Repository/FSM1/Control Centre/Page_Job Manager Login/input_gwt-uid-3'

2019-02-01 11:55:50 - [TEST_STEP][PASSED] - setText(findTestObject("FSM1/Control Centre/Page_Job Manager Login/input_gwt-uid-5"), Password): Text 'Fr@nc1sJ0n' is set on object 'Object Repository/FSM1/Control Centre/Page_Job Manager Login/input_gwt-uid-5'

2019-02-01 11:55:50 - [MESSAGE][PASSED] - Text 'Fr@nc1sJ0n' is set on object 'Object Repository/FSM1/Control Centre/Page_Job Manager Login/input_gwt-uid-5'

2019-02-01 11:55:50 - [TEST_STEP][PASSED] - delay(2): Delayed 2 second(s)

2019-02-01 11:55:52 - [MESSAGE][PASSED] - Delayed 2 second(s)

2019-02-01 11:55:52 - [TEST_STEP][PASSED] - click(findTestObject("FSM1/PreProd/Page_Job Manager Login/div_Login")): Object: 'Object Repository/FSM1/PreProd/Page_Job Manager Login/div_Login' is clicked on

2019-02-01 11:55:52 - [MESSAGE][PASSED] - Object: 'Object Repository/FSM1/PreProd/Page_Job Manager Login/div_Login' is clicked on

2019-02-01 11:55:52 - [TEST_STEP][PASSED] - delay(5): Delayed 5 second(s)

2019-02-01 11:55:57 - [MESSAGE][PASSED] - Delayed 5 second(s)]]></system-out>
         <system-err><![CDATA[]]></system-err>
      </testcase>
      <testcase name="Test Cases/ABP/Generic/Create ABP Inspection - Manual Assignment" classname="Test Cases/ABP/Generic/Create ABP Inspection - Manual Assignment" status="PASSED">
         <system-out><![CDATA[2019-02-01 11:55:57 - [TEST_CASE][PASSED] - Test Cases/ABP/Generic/Create ABP Inspection - Manual Assignment: Test Cases/ABP/Generic/Create ABP Inspection - Manual Assignment

2019-02-01 11:55:57 - [TEST_STEP][PASSED] - log = new com.kms.katalon.core.logging.KeywordLogger(): null

2019-02-01 11:55:57 - [TEST_STEP][PASSED] - waitForElementClickable(findTestObject("Object Repository/FSM1/Create ABP Inspection Manual Ass/Page_JM Control Centre/Page_JM Control Centre/Page_JM Control Centre/div_Create"), 60, STOP_ON_FAILURE): Object 'Object Repository/FSM1/Create ABP Inspection Manual Ass/Page_JM Control Centre/Page_JM Control Centre/Page_JM Control Centre/div_Create' is clickable

2019-02-01 11:56:05 - [MESSAGE][PASSED] - Object 'Object Repository/FSM1/Create ABP Inspection Manual Ass/Page_JM Control Centre/Page_JM Control Centre/Page_JM Control Centre/div_Create' is clickable

2019-02-01 11:56:05 - [TEST_STEP][PASSED] - delay(3): Delayed 3 second(s)

2019-02-01 11:56:08 - [MESSAGE][PASSED] - Delayed 3 second(s)

2019-02-01 11:56:08 - [TEST_STEP][PASSED] - click(findTestObject("Object Repository/FSM1/Create ABP Inspection Manual Ass/Page_JM Control Centre/Page_JM Control Centre/Page_JM Control Centre/div_Create")): Object: 'Object Repository/FSM1/Create ABP Inspection Manual Ass/Page_JM Control Centre/Page_JM Control Centre/Page_JM Control Centre/div_Create' is clicked on

2019-02-01 11:56:08 - [MESSAGE][PASSED] - Object: 'Object Repository/FSM1/Create ABP Inspection Manual Ass/Page_JM Control Centre/Page_JM Control Centre/Page_JM Control Centre/div_Create' is clicked on

2019-02-01 11:56:08 - [TEST_STEP][PASSED] - click(findTestObject("Object Repository/FSM1/Create ABP Inspection Manual Ass/Page_JM Control Centre/Page_JM Control Centre/Page_JM Control Centre/div_v-filterselect-button")): Object: 'Object Repository/FSM1/Create ABP Inspection Manual Ass/Page_JM Control Centre/Page_JM Control Centre/Page_JM Control Centre/div_v-filterselect-button' is clicked on

2019-02-01 11:56:10 - [MESSAGE][PASSED] - Object: 'Object Repository/FSM1/Create ABP Inspection Manual Ass/Page_JM Control Centre/Page_JM Control Centre/Page_JM Control Centre/div_v-filterselect-button' is clicked on

2019-02-01 11:56:10 - [TEST_STEP][PASSED] - setText(findTestObject("Object Repository/FSM1/Create ABP Inspection Manual Ass/Page_JM Control Centre/Page_JM Control Centre/Page_JM Control Centre/input_gwt-uid-8"), ABPInspection): Text 'ABP - Pre-Approval' is set on object 'Object Repository/FSM1/Create ABP Inspection Manual Ass/Page_JM Control Centre/Page_JM Control Centre/Page_JM Control Centre/input_gwt-uid-8'

2019-02-01 11:56:10 - [MESSAGE][PASSED] - Text 'ABP - Pre-Approval' is set on object 'Object Repository/FSM1/Create ABP Inspection Manual Ass/Page_JM Control Centre/Page_JM Control Centre/Page_JM Control Centre/input_gwt-uid-8'

2019-02-01 11:56:10 - [TEST_STEP][PASSED] - ABPInspectionTypeJ = modifyObjectProperty(findTestObject("Object Repository/FSM1/Create ABP Inspection Manual Ass/Page_JM Control Centre/Page_JM Control Centre/Page_JM Control Centre/span_ABPR01A - Composting and"), "text", "equals", ABPInspectionType, true): Modify property of object successfully

2019-02-01 11:56:10 - [MESSAGE][PASSED] - Modify property of object successfully

2019-02-01 11:56:10 - [TEST_STEP][PASSED] - click(ABPInspectionTypeJ, STOP_ON_FAILURE): Object: 'Object Repository/FSM1/Create ABP Inspection Manual Ass/Page_JM Control Centre/Page_JM Control Centre/Page_JM Control Centre/span_ABPR01A - Composting and' is clicked on

2019-02-01 11:56:11 - [MESSAGE][PASSED] - Object: 'Object Repository/FSM1/Create ABP Inspection Manual Ass/Page_JM Control Centre/Page_JM Control Centre/Page_JM Control Centre/span_ABPR01A - Composting and' is clicked on

2019-02-01 11:56:11 - [TEST_STEP][PASSED] - click(findTestObject("Object Repository/FSM1/Create ABP Inspection Manual Ass/Page_JM Control Centre/Page_JM Control Centre/Page_JM Control Centre/div_v-filterselect-button_1")): Object: 'Object Repository/FSM1/Create ABP Inspection Manual Ass/Page_JM Control Centre/Page_JM Control Centre/Page_JM Control Centre/div_v-filterselect-button_1' is clicked on

2019-02-01 11:56:13 - [MESSAGE][PASSED] - Object: 'Object Repository/FSM1/Create ABP Inspection Manual Ass/Page_JM Control Centre/Page_JM Control Centre/Page_JM Control Centre/div_v-filterselect-button_1' is clicked on

2019-02-01 11:56:13 - [TEST_STEP][PASSED] - click(findTestObject("Object Repository/FSM1/Create ABP Inspection Manual Ass/Page_JM Control Centre/Page_JM Control Centre/Page_JM Control Centre/span_24 Hours")): Object: 'Object Repository/FSM1/Create ABP Inspection Manual Ass/Page_JM Control Centre/Page_JM Control Centre/Page_JM Control Centre/span_24 Hours' is clicked on

2019-02-01 11:56:13 - [MESSAGE][PASSED] - Object: 'Object Repository/FSM1/Create ABP Inspection Manual Ass/Page_JM Control Centre/Page_JM Control Centre/Page_JM Control Centre/span_24 Hours' is clicked on

2019-02-01 11:56:13 - [TEST_STEP][PASSED] - click(findTestObject("Object Repository/FSM1/Create ABP Inspection/Page_JM Control Centre/div_Region_v-filterselect-butt")): Object: 'Object Repository/FSM1/Create ABP Inspection/Page_JM Control Centre/div_Region_v-filterselect-butt' is clicked on

2019-02-01 11:56:13 - [MESSAGE][PASSED] - Object: 'Object Repository/FSM1/Create ABP Inspection/Page_JM Control Centre/div_Region_v-filterselect-butt' is clicked on

2019-02-01 11:56:13 - [TEST_STEP][PASSED] - click(findTestObject("Object Repository/FSM1/Create ABP Inspection Manual Ass/Page_JM Control Centre/Page_JM Control Centre/Page_JM Control Centre/td_West")): Object: 'Object Repository/FSM1/Create ABP Inspection Manual Ass/Page_JM Control Centre/Page_JM Control Centre/Page_JM Control Centre/td_West' is clicked on

2019-02-01 11:56:14 - [MESSAGE][PASSED] - Object: 'Object Repository/FSM1/Create ABP Inspection Manual Ass/Page_JM Control Centre/Page_JM Control Centre/Page_JM Control Centre/td_West' is clicked on

2019-02-01 11:56:14 - [TEST_STEP][PASSED] - click(findTestObject("Object Repository/FSM1/Create ABP Inspection/Page_JM Control Centre/div_Plant Type_v-filterselect-")): Object: 'Object Repository/FSM1/Create ABP Inspection/Page_JM Control Centre/div_Plant Type_v-filterselect-' is clicked on

2019-02-01 11:56:14 - [MESSAGE][PASSED] - Object: 'Object Repository/FSM1/Create ABP Inspection/Page_JM Control Centre/div_Plant Type_v-filterselect-' is clicked on

2019-02-01 11:56:14 - [TEST_STEP][PASSED] - click(findTestObject("Object Repository/FSM1/Create ABP Inspection Manual Ass/Page_JM Control Centre/Page_JM Control Centre/Page_JM Control Centre/td_SECTION I Intermediate Acti")): Object: 'Object Repository/FSM1/Create ABP Inspection Manual Ass/Page_JM Control Centre/Page_JM Control Centre/Page_JM Control Centre/td_SECTION I Intermediate Acti' is clicked on

2019-02-01 11:56:14 - [MESSAGE][PASSED] - Object: 'Object Repository/FSM1/Create ABP Inspection Manual Ass/Page_JM Control Centre/Page_JM Control Centre/Page_JM Control Centre/td_SECTION I Intermediate Acti' is clicked on

2019-02-01 11:56:14 - [TEST_STEP][PASSED] - click(findTestObject("Object Repository/FSM1/Create ABP Inspection/Page_JM Control Centre/div_Inspection Type_v-filterse")): Object: 'Object Repository/FSM1/Create ABP Inspection/Page_JM Control Centre/div_Inspection Type_v-filterse' is clicked on

2019-02-01 11:56:14 - [MESSAGE][PASSED] - Object: 'Object Repository/FSM1/Create ABP Inspection/Page_JM Control Centre/div_Inspection Type_v-filterse' is clicked on

2019-02-01 11:56:14 - [TEST_STEP][PASSED] - click(findTestObject("Object Repository/FSM1/Create ABP Inspection Manual Ass/Page_JM Control Centre/Page_JM Control Centre/Page_JM Control Centre/td_Routine")): Object: 'Object Repository/FSM1/Create ABP Inspection Manual Ass/Page_JM Control Centre/Page_JM Control Centre/Page_JM Control Centre/td_Routine' is clicked on

2019-02-01 11:56:14 - [MESSAGE][PASSED] - Object: 'Object Repository/FSM1/Create ABP Inspection Manual Ass/Page_JM Control Centre/Page_JM Control Centre/Page_JM Control Centre/td_Routine' is clicked on

2019-02-01 11:56:14 - [TEST_STEP][PASSED] - click(findTestObject("Object Repository/JM_8918/New/Page_JClient/Page_JM Control Centre/Page_JM Control Centre/label_1")): Object: 'Object Repository/JM_8918/New/Page_JClient/Page_JM Control Centre/Page_JM Control Centre/label_1' is clicked on

2019-02-01 11:56:14 - [MESSAGE][PASSED] - Object: 'Object Repository/JM_8918/New/Page_JClient/Page_JM Control Centre/Page_JM Control Centre/label_1' is clicked on

2019-02-01 11:56:14 - [TEST_STEP][PASSED] - click(findTestObject("Object Repository/FSM1/Create ABP Inspection/Page_JM Control Centre/div_Inspector Grade Required_v")): Object: 'Object Repository/FSM1/Create ABP Inspection/Page_JM Control Centre/div_Inspector Grade Required_v' is clicked on

2019-02-01 11:56:15 - [MESSAGE][PASSED] - Object: 'Object Repository/FSM1/Create ABP Inspection/Page_JM Control Centre/div_Inspector Grade Required_v' is clicked on

2019-02-01 11:56:15 - [TEST_STEP][PASSED] - click(findTestObject("Object Repository/FSM1/Create ABP Inspection Manual Ass/Page_JM Control Centre/Page_JM Control Centre/Page_JM Control Centre/td_Tech")): Object: 'Object Repository/FSM1/Create ABP Inspection Manual Ass/Page_JM Control Centre/Page_JM Control Centre/Page_JM Control Centre/td_Tech' is clicked on

2019-02-01 11:56:15 - [MESSAGE][PASSED] - Object: 'Object Repository/FSM1/Create ABP Inspection Manual Ass/Page_JM Control Centre/Page_JM Control Centre/Page_JM Control Centre/td_Tech' is clicked on

2019-02-01 11:56:15 - [TEST_STEP][PASSED] - click(findTestObject("Object Repository/FSM1/Create ABP Inspection/Page_JM Control Centre/div_Sequence within Inspection")): Object: 'Object Repository/FSM1/Create ABP Inspection/Page_JM Control Centre/div_Sequence within Inspection' is clicked on

2019-02-01 11:56:15 - [MESSAGE][PASSED] - Object: 'Object Repository/FSM1/Create ABP Inspection/Page_JM Control Centre/div_Sequence within Inspection' is clicked on

2019-02-01 11:56:15 - [TEST_STEP][PASSED] - click(findTestObject("Object Repository/FSM1/Create ABP Inspection Manual Ass/Page_JM Control Centre/Page_JM Control Centre/Page_JM Control Centre/td_2 - Tech")): Object: 'Object Repository/FSM1/Create ABP Inspection Manual Ass/Page_JM Control Centre/Page_JM Control Centre/Page_JM Control Centre/td_2 - Tech' is clicked on

2019-02-01 11:56:15 - [MESSAGE][PASSED] - Object: 'Object Repository/FSM1/Create ABP Inspection Manual Ass/Page_JM Control Centre/Page_JM Control Centre/Page_JM Control Centre/td_2 - Tech' is clicked on

2019-02-01 11:56:15 - [TEST_STEP][PASSED] - setText(findTestObject("JM_8918/ABP/Page_JM Control Centre/input_Customer ID_gwt-uid-42"), RandomStringUtils.randomNumeric(5)): Text '76218' is set on object 'Object Repository/JM_8918/ABP/Page_JM Control Centre/input_Customer ID_gwt-uid-42'

2019-02-01 11:56:15 - [MESSAGE][PASSED] - Text '76218' is set on object 'Object Repository/JM_8918/ABP/Page_JM Control Centre/input_Customer ID_gwt-uid-42'

2019-02-01 11:56:15 - [TEST_STEP][PASSED] - delay(2): Delayed 2 second(s)

2019-02-01 11:56:17 - [MESSAGE][PASSED] - Delayed 2 second(s)

2019-02-01 11:56:17 - [TEST_STEP][PASSED] - setText(findTestObject("JM_8918/ABP/Page_JM Control Centre/input_Unit ID_gwt-uid-44"), RandomStringUtils.randomNumeric(5)): Text '78131' is set on object 'Object Repository/JM_8918/ABP/Page_JM Control Centre/input_Unit ID_gwt-uid-44'

2019-02-01 11:56:18 - [MESSAGE][PASSED] - Text '78131' is set on object 'Object Repository/JM_8918/ABP/Page_JM Control Centre/input_Unit ID_gwt-uid-44'

2019-02-01 11:56:18 - [TEST_STEP][PASSED] - setText(findTestObject("JM_8918/ABP/Page_JM Control Centre/input_Customer Name_gwt-uid-46"), "Test Automation"): Text 'Test Automation' is set on object 'Object Repository/JM_8918/ABP/Page_JM Control Centre/input_Customer Name_gwt-uid-46'

2019-02-01 11:56:18 - [MESSAGE][PASSED] - Text 'Test Automation' is set on object 'Object Repository/JM_8918/ABP/Page_JM Control Centre/input_Customer Name_gwt-uid-46'

2019-02-01 11:56:18 - [TEST_STEP][PASSED] - click(findTestObject("Object Repository/FSM1/Create ABP Inspection Manual Ass/Page_JM Control Centre/Page_JM Control Centre/Page_JM Control Centre/span_")): Object: 'Object Repository/FSM1/Create ABP Inspection Manual Ass/Page_JM Control Centre/Page_JM Control Centre/Page_JM Control Centre/span_' is clicked on

2019-02-01 11:56:18 - [MESSAGE][PASSED] - Object: 'Object Repository/FSM1/Create ABP Inspection Manual Ass/Page_JM Control Centre/Page_JM Control Centre/Page_JM Control Centre/span_' is clicked on

2019-02-01 11:56:18 - [TEST_STEP][PASSED] - click(findTestObject("FSM1/Control Centre/Create EMI Inspection/Address Search/Page_JM Control Centre/Postcode Search")): Object: 'Object Repository/FSM1/Control Centre/Create EMI Inspection/Address Search/Page_JM Control Centre/Postcode Search' is clicked on

2019-02-01 11:56:19 - [MESSAGE][PASSED] - Object: 'Object Repository/FSM1/Control Centre/Create EMI Inspection/Address Search/Page_JM Control Centre/Postcode Search' is clicked on

2019-02-01 11:56:19 - [TEST_STEP][PASSED] - setText(findTestObject("FSM1/PreProd/Page_JM Control Centre/PostcodeSearch"), findTestData("Pre Production/ABP/ABP Inspection Data 01a").getValue(2, 1)): Text 'WR5 2NQ' is set on object 'Object Repository/FSM1/PreProd/Page_JM Control Centre/PostcodeSearch'

2019-02-01 11:56:19 - [MESSAGE][PASSED] - Text 'WR5 2NQ' is set on object 'Object Repository/FSM1/PreProd/Page_JM Control Centre/PostcodeSearch'

2019-02-01 11:56:19 - [TEST_STEP][PASSED] - doubleClick(findTestObject("JM_8918/Page_JM Control Centre/div_Search")): Object: 'Object Repository/JM_8918/Page_JM Control Centre/div_Search' is double clicked on

2019-02-01 11:56:20 - [MESSAGE][PASSED] - Object: 'Object Repository/JM_8918/Page_JM Control Centre/div_Search' is double clicked on

2019-02-01 11:56:20 - [TEST_STEP][PASSED] - FullAddress = modifyObjectProperty(findTestObject("Object Repository/FSM1/Create ABP Inspection Manual Ass/Page_JM Control Centre/Page_JM Control Centre/Page_JM Control Centre/Address"), "text", "equals", findTestData("Pre Production/ABP/ABP Inspection Data 01a").getValue(3, 1), true): Modify property of object successfully

2019-02-01 11:56:20 - [MESSAGE][PASSED] - Modify property of object successfully

2019-02-01 11:56:20 - [TEST_STEP][PASSED] - click(FullAddress, STOP_ON_FAILURE): Object: 'Object Repository/FSM1/Create ABP Inspection Manual Ass/Page_JM Control Centre/Page_JM Control Centre/Page_JM Control Centre/Address' is clicked on

2019-02-01 11:56:20 - [MESSAGE][PASSED] - Object: 'Object Repository/FSM1/Create ABP Inspection Manual Ass/Page_JM Control Centre/Page_JM Control Centre/Page_JM Control Centre/Address' is clicked on

2019-02-01 11:56:20 - [TEST_STEP][PASSED] - click(findTestObject("FSM1/Control Centre/Create EMI Inspection/Create Address/Page_JM Control Centre (2)/div_Add Selected Item")): Object: 'Object Repository/FSM1/Control Centre/Create EMI Inspection/Create Address/Page_JM Control Centre (2)/div_Add Selected Item' is clicked on

2019-02-01 11:56:20 - [MESSAGE][PASSED] - Object: 'Object Repository/FSM1/Control Centre/Create EMI Inspection/Create Address/Page_JM Control Centre (2)/div_Add Selected Item' is clicked on

2019-02-01 11:56:20 - [TEST_STEP][PASSED] - delay(3): Delayed 3 second(s)

2019-02-01 11:56:23 - [MESSAGE][PASSED] - Delayed 3 second(s)

2019-02-01 11:56:23 - [TEST_STEP][PASSED] - click(findTestObject("FSM1/Control Centre/Create EMI Inspection/Finish/Page_JM Control Centre (3)/div_Create")): Object: 'Object Repository/FSM1/Control Centre/Create EMI Inspection/Finish/Page_JM Control Centre (3)/div_Create' is clicked on

2019-02-01 11:56:24 - [MESSAGE][PASSED] - Object: 'Object Repository/FSM1/Control Centre/Create EMI Inspection/Finish/Page_JM Control Centre (3)/div_Create' is clicked on

2019-02-01 11:56:24 - [TEST_STEP][PASSED] - waitForElementPresent(findTestObject("Object Repository/FSM1/Create ABP Inspection Manual Ass/Page_JM Control Centre/Page_JM Control Centre/Page_JM Control Centre/div_APPROVED"), 120, STOP_ON_FAILURE): Object 'Object Repository/FSM1/Create ABP Inspection Manual Ass/Page_JM Control Centre/Page_JM Control Centre/Page_JM Control Centre/div_APPROVED' is present

2019-02-01 11:56:26 - [MESSAGE][PASSED] - Object 'Object Repository/FSM1/Create ABP Inspection Manual Ass/Page_JM Control Centre/Page_JM Control Centre/Page_JM Control Centre/div_APPROVED' is present

2019-02-01 11:56:26 - [TEST_STEP][PASSED] - click(findTestObject("Object Repository/FSM1/Create ABP Inspection Manual Ass/Page_JM Control Centre/Page_JM Control Centre/Page_JM Control Centre/span_Schedule")): Object: 'Object Repository/FSM1/Create ABP Inspection Manual Ass/Page_JM Control Centre/Page_JM Control Centre/Page_JM Control Centre/span_Schedule' is clicked on

2019-02-01 11:56:26 - [MESSAGE][PASSED] - Object: 'Object Repository/FSM1/Create ABP Inspection Manual Ass/Page_JM Control Centre/Page_JM Control Centre/Page_JM Control Centre/span_Schedule' is clicked on

2019-02-01 11:56:26 - [TEST_STEP][PASSED] - click(findTestObject("Object Repository/JM_8918/New/Page_JM Control Centre/Page_JM Control Centre/label_Manually Allocate as an")): Object: 'Object Repository/JM_8918/New/Page_JM Control Centre/Page_JM Control Centre/label_Manually Allocate as an' is clicked on

2019-02-01 11:56:28 - [MESSAGE][PASSED] - Object: 'Object Repository/JM_8918/New/Page_JM Control Centre/Page_JM Control Centre/label_Manually Allocate as an' is clicked on

2019-02-01 11:56:28 - [TEST_STEP][PASSED] - click(findTestObject("Object Repository/JM_8918/New/Page_JM Control Centre/Page_JM Control Centre/div_Owner_v-filterselect-butto")): Object: 'Object Repository/JM_8918/New/Page_JM Control Centre/Page_JM Control Centre/div_Owner_v-filterselect-butto' is clicked on

2019-02-01 11:56:28 - [MESSAGE][PASSED] - Object: 'Object Repository/JM_8918/New/Page_JM Control Centre/Page_JM Control Centre/div_Owner_v-filterselect-butto' is clicked on

2019-02-01 11:56:28 - [TEST_STEP][PASSED] - setText(findTestObject("Object Repository/JM_8918/New/Page_JM Control Centre/Page_JM Control Centre/input_Owner_gwt-uid-304"), "test"): Text 'test' is set on object 'Object Repository/JM_8918/New/Page_JM Control Centre/Page_JM Control Centre/input_Owner_gwt-uid-304'

2019-02-01 11:56:29 - [MESSAGE][PASSED] - Text 'test' is set on object 'Object Repository/JM_8918/New/Page_JM Control Centre/Page_JM Control Centre/input_Owner_gwt-uid-304'

2019-02-01 11:56:29 - [TEST_STEP][PASSED] - click(findTestObject("Object Repository/JM_8918/New/Page_JM Control Centre/Page_JM Control Centre/span_Test Inspector")): Object: 'Object Repository/JM_8918/New/Page_JM Control Centre/Page_JM Control Centre/span_Test Inspector' is clicked on

2019-02-01 11:56:29 - [MESSAGE][PASSED] - Object: 'Object Repository/JM_8918/New/Page_JM Control Centre/Page_JM Control Centre/span_Test Inspector' is clicked on

2019-02-01 11:56:29 - [TEST_STEP][PASSED] - delay(3): Delayed 3 second(s)

2019-02-01 11:56:32 - [MESSAGE][PASSED] - Delayed 3 second(s)

2019-02-01 11:56:32 - [TEST_STEP][NOT_RUN] - mydate = new java.util.Date(): NOT_RUN: mydate = new java.util.Date()

2019-02-01 11:56:32 - [MESSAGE][NOT_RUN] - NOT_RUN: mydate = new java.util.Date()

2019-02-01 11:56:32 - [TEST_STEP][NOT_RUN] - tomorrow = mydate.next(): NOT_RUN: tomorrow = mydate.next()

2019-02-01 11:56:32 - [MESSAGE][NOT_RUN] - NOT_RUN: tomorrow = mydate.next()

2019-02-01 11:56:32 - [TEST_STEP][NOT_RUN] - formattedDate = tomorrow.format("dd-MMM-yyyy"): NOT_RUN: formattedDate = tomorrow.format("dd-MMM-yyyy")

2019-02-01 11:56:32 - [MESSAGE][NOT_RUN] - NOT_RUN: formattedDate = tomorrow.format("dd-MMM-yyyy")

2019-02-01 11:56:32 - [TEST_STEP][NOT_RUN] - delay(2): NOT_RUN: delay(2)

2019-02-01 11:56:32 - [MESSAGE][NOT_RUN] - NOT_RUN: delay(2)

2019-02-01 11:56:32 - [TEST_STEP][NOT_RUN] - setText(findTestObject("JM_8918/New/Page_JM Control Centre/Page_JM Control Centre/input_Due date_gwt-uid-308"), formattedDate): NOT_RUN: setText(findTestObject("JM_8918/New/Page_JM Control Centre/Page_JM Control Centre/input_Due date_gwt-uid-308"), formattedDate)

2019-02-01 11:56:32 - [MESSAGE][NOT_RUN] - NOT_RUN: setText(findTestObject("JM_8918/New/Page_JM Control Centre/Page_JM Control Centre/input_Due date_gwt-uid-308"), formattedDate)

2019-02-01 11:56:32 - [TEST_STEP][NOT_RUN] - delay(2): NOT_RUN: delay(2)

2019-02-01 11:56:32 - [MESSAGE][NOT_RUN] - NOT_RUN: delay(2)

2019-02-01 11:56:32 - [TEST_STEP][NOT_RUN] - setText(findTestObject("JM_8918/New/Page_JM Control Centre/Page_JM Control Centre/input_From date_gwt-uid-306"), formattedDate): NOT_RUN: setText(findTestObject("JM_8918/New/Page_JM Control Centre/Page_JM Control Centre/input_From date_gwt-uid-306"), formattedDate)

2019-02-01 11:56:32 - [MESSAGE][NOT_RUN] - NOT_RUN: setText(findTestObject("JM_8918/New/Page_JM Control Centre/Page_JM Control Centre/input_From date_gwt-uid-306"), formattedDate)

2019-02-01 11:56:32 - [TEST_STEP][PASSED] - delay(5): Delayed 5 second(s)

2019-02-01 11:56:37 - [MESSAGE][PASSED] - Delayed 5 second(s)

2019-02-01 11:56:37 - [TEST_STEP][PASSED] - click(findTestObject("Object Repository/FSM1/Create ABP Inspection Manual Ass/Page_JM Control Centre/Page_JM Control Centre/Page_JM Control Centre/div_Allocate")): Object: 'Object Repository/FSM1/Create ABP Inspection Manual Ass/Page_JM Control Centre/Page_JM Control Centre/Page_JM Control Centre/div_Allocate' is clicked on

2019-02-01 11:56:37 - [MESSAGE][PASSED] - Object: 'Object Repository/FSM1/Create ABP Inspection Manual Ass/Page_JM Control Centre/Page_JM Control Centre/Page_JM Control Centre/div_Allocate' is clicked on

2019-02-01 11:56:37 - [TEST_STEP][PASSED] - InspectionID = getText(findTestObject("Object Repository/FSM1/Create ABP Inspection Manual Ass/Page_JM Control Centre/Page_JM Control Centre/Page_JM Control Centre/InspectionID")): Text of object 'Object Repository/FSM1/Create ABP Inspection Manual Ass/Page_JM Control Centre/Page_JM Control Centre/Page_JM Control Centre/InspectionID' is: 'Viewing Job 103638'

2019-02-01 11:56:37 - [MESSAGE][PASSED] - Text of object 'Object Repository/FSM1/Create ABP Inspection Manual Ass/Page_JM Control Centre/Page_JM Control Centre/Page_JM Control Centre/InspectionID' is: 'Viewing Job 103638'

2019-02-01 11:56:37 - [TEST_STEP][PASSED] - InspectionID = InspectionID.replaceAll("Viewing Job ", ""): null

2019-02-01 11:56:37 - [TEST_STEP][PASSED] - log.logWarning(InspectionID): 103638

2019-02-01 11:56:37 - [MESSAGE][WARNING] - 103638

2019-02-01 11:56:37 - [TEST_STEP][PASSED] - temp = InspectionID: null

2019-02-01 11:56:37 - [TEST_STEP][PASSED] - delay(90): Delayed 90 second(s)

2019-02-01 11:58:07 - [MESSAGE][PASSED] - Delayed 90 second(s)]]></system-out>
         <system-err><![CDATA[]]></system-err>
      </testcase>
      <testcase name="Test Cases/Generic/Launch Job Manager" classname="Test Cases/Generic/Launch Job Manager" status="PASSED">
         <system-out><![CDATA[2019-02-01 11:58:07 - [TEST_CASE][PASSED] - Test Cases/Generic/Launch Job Manager: Test Cases/Generic/Launch Job Manager

2019-02-01 11:58:07 - [TEST_STEP][PASSED] - openBrowser(""): Browser is opened with url: ''

2019-02-01 11:58:07 - [MESSAGE][WARNING] - A browser is already opened. Closing browser and opening a new one

2019-02-01 11:58:08 - [MESSAGE][INFO] - Starting 'Chrome' driver

2019-02-01 11:58:10 - [MESSAGE][PASSED] - Browser is opened with url: ''

2019-02-01 11:58:10 - [TEST_STEP][PASSED] - navigateToUrl(JMURL): Navigate to 'https://kirona-def-6.kirona.com/jmprep/jclient/jclient.html' successfully

2019-02-01 11:58:11 - [MESSAGE][PASSED] - Navigate to 'https://kirona-def-6.kirona.com/jmprep/jclient/jclient.html' successfully

2019-02-01 11:58:11 - [TEST_STEP][PASSED] - delay(3): Delayed 3 second(s)

2019-02-01 11:58:14 - [MESSAGE][PASSED] - Delayed 3 second(s)

2019-02-01 11:58:14 - [TEST_STEP][PASSED] - setText(findTestObject("FSM1/Launch Application/Page_JClient/input_gwt-TextBox GKH2EKQBMDB"), "KIR1"): Text 'KIR1' is set on object 'Object Repository/FSM1/Launch Application/Page_JClient/input_gwt-TextBox GKH2EKQBMDB'

2019-02-01 11:58:14 - [MESSAGE][PASSED] - Text 'KIR1' is set on object 'Object Repository/FSM1/Launch Application/Page_JClient/input_gwt-TextBox GKH2EKQBMDB'

2019-02-01 11:58:14 - [TEST_STEP][PASSED] - sendKeys(findTestObject("FSM1/Launch Application/Page_JClient/input_gwt-TextBox GKH2EKQBMDB"), Keys.chord(ENTER)): Keys 'ENTER + ' sent to object: 'Object Repository/FSM1/Launch Application/Page_JClient/input_gwt-TextBox GKH2EKQBMDB'

2019-02-01 11:58:14 - [MESSAGE][PASSED] - Keys 'ENTER + ' sent to object: 'Object Repository/FSM1/Launch Application/Page_JClient/input_gwt-TextBox GKH2EKQBMDB'

2019-02-01 11:58:14 - [TEST_STEP][PASSED] - delay(3): Delayed 3 second(s)

2019-02-01 11:58:17 - [MESSAGE][PASSED] - Delayed 3 second(s)

2019-02-01 11:58:17 - [TEST_STEP][PASSED] - click(findTestObject("FSM1/Launch Application/Page_JClient/div_Configure App")): Object: 'Object Repository/FSM1/Launch Application/Page_JClient/div_Configure App' is clicked on

2019-02-01 11:58:17 - [MESSAGE][PASSED] - Object: 'Object Repository/FSM1/Launch Application/Page_JClient/div_Configure App' is clicked on

2019-02-01 11:58:17 - [TEST_STEP][PASSED] - setText(findTestObject("FSM1/Launch Application/Page_JClient/input_gwt-TextBox GKH2EKQBNHC"), findTestData("Pre Production/Environmental/UandP").getValue(3, 1)): Text 'test.inspector' is set on object 'Object Repository/FSM1/Launch Application/Page_JClient/input_gwt-TextBox GKH2EKQBNHC'

2019-02-01 11:58:18 - [MESSAGE][PASSED] - Text 'test.inspector' is set on object 'Object Repository/FSM1/Launch Application/Page_JClient/input_gwt-TextBox GKH2EKQBNHC'

2019-02-01 11:58:18 - [TEST_STEP][PASSED] - setText(findTestObject("FSM1/Launch Application/Page_JClient/input_gwt-PasswordTextBox GKH2"), findTestData("Pre Production/Environmental/UandP").getValue(4, 1)): Text 'Password1.' is set on object 'Object Repository/FSM1/Launch Application/Page_JClient/input_gwt-PasswordTextBox GKH2'

2019-02-01 11:58:18 - [MESSAGE][PASSED] - Text 'Password1.' is set on object 'Object Repository/FSM1/Launch Application/Page_JClient/input_gwt-PasswordTextBox GKH2'

2019-02-01 11:58:18 - [TEST_STEP][PASSED] - click(findTestObject("FSM1/Launch Application/Page_JClient/div_Sign In")): Object: 'Object Repository/FSM1/Launch Application/Page_JClient/div_Sign In' is clicked on

2019-02-01 11:58:18 - [MESSAGE][PASSED] - Object: 'Object Repository/FSM1/Launch Application/Page_JClient/div_Sign In' is clicked on

2019-02-01 11:58:18 - [TEST_STEP][PASSED] - delay(15): Delayed 15 second(s)

2019-02-01 11:58:33 - [MESSAGE][PASSED] - Delayed 15 second(s)]]></system-out>
         <system-err><![CDATA[]]></system-err>
      </testcase>
      <testcase name="Test Cases/Generic/Select Inspection" classname="Test Cases/Generic/Select Inspection" status="PASSED">
         <system-out><![CDATA[2019-02-01 11:58:33 - [TEST_CASE][PASSED] - Test Cases/Generic/Select Inspection: Test Cases/Generic/Select Inspection

2019-02-01 11:58:33 - [TEST_STEP][PASSED] - delay(25): Delayed 25 second(s)

2019-02-01 11:58:58 - [MESSAGE][PASSED] - Delayed 25 second(s)

2019-02-01 11:58:58 - [TEST_STEP][PASSED] - waitForElementClickable(findTestObject("JM_8918/Page_JM Control Centre/Page_JM Control Centre/Page_JClient/Refresh"), 250): Object 'Object Repository/JM_8918/Page_JM Control Centre/Page_JM Control Centre/Page_JClient/Refresh' is clickable

2019-02-01 11:58:59 - [MESSAGE][PASSED] - Object 'Object Repository/JM_8918/Page_JM Control Centre/Page_JM Control Centre/Page_JClient/Refresh' is clickable

2019-02-01 11:58:59 - [TEST_STEP][PASSED] - click(findTestObject("JM_8918/Page_JM Control Centre/Page_JM Control Centre/Page_JClient/Refresh")): Object: 'Object Repository/JM_8918/Page_JM Control Centre/Page_JM Control Centre/Page_JClient/Refresh' is clicked on

2019-02-01 11:58:59 - [MESSAGE][PASSED] - Object: 'Object Repository/JM_8918/Page_JM Control Centre/Page_JM Control Centre/Page_JClient/Refresh' is clicked on

2019-02-01 11:58:59 - [TEST_STEP][PASSED] - waitForElementClickable(findTestObject("JM_8918/Page_JM Control Centre/Page_JM Control Centre/Page_JClient/Refresh"), 250): Object 'Object Repository/JM_8918/Page_JM Control Centre/Page_JM Control Centre/Page_JClient/Refresh' is clickable

2019-02-01 11:58:59 - [MESSAGE][PASSED] - Object 'Object Repository/JM_8918/Page_JM Control Centre/Page_JM Control Centre/Page_JClient/Refresh' is clickable

2019-02-01 11:58:59 - [TEST_STEP][PASSED] - InspectionRef = modifyObjectProperty(findTestObject("FSM1/Select Inspection/Landing/Page_JClient/div_35098"), "text", "equals", temp, true, STOP_ON_FAILURE): Modify property of object successfully

2019-02-01 11:58:59 - [MESSAGE][PASSED] - Modify property of object successfully

2019-02-01 11:58:59 - [TEST_STEP][PASSED] - delay(5): Delayed 5 second(s)

2019-02-01 11:59:04 - [MESSAGE][PASSED] - Delayed 5 second(s)

2019-02-01 11:59:04 - [TEST_STEP][PASSED] - if (verifyElementPresent(InspectionRef, 10, OPTIONAL)): Object: 'Object Repository/FSM1/Select Inspection/Landing/Page_JClient/div_35098' is clicked on

2019-02-01 11:59:04 - [MESSAGE][PASSED] - Object 'Object Repository/FSM1/Select Inspection/Landing/Page_JClient/div_35098' is present

2019-02-01 11:59:04 - [TEST_STEP][PASSED] - delay(3): Delayed 3 second(s)

2019-02-01 11:59:07 - [MESSAGE][PASSED] - Delayed 3 second(s)

2019-02-01 11:59:07 - [TEST_STEP][PASSED] - click(InspectionRef): Object: 'Object Repository/FSM1/Select Inspection/Landing/Page_JClient/div_35098' is clicked on

2019-02-01 11:59:07 - [MESSAGE][PASSED] - Object: 'Object Repository/FSM1/Select Inspection/Landing/Page_JClient/div_35098' is clicked on

2019-02-01 11:59:07 - [TEST_STEP][PASSED] - click(findTestObject("FSM1/Select Inspection/Page_JClient/div_WITH OPERATIVE")): Object: 'Object Repository/FSM1/Select Inspection/Page_JClient/div_WITH OPERATIVE' is clicked on

2019-02-01 11:59:07 - [MESSAGE][PASSED] - Object: 'Object Repository/FSM1/Select Inspection/Page_JClient/div_WITH OPERATIVE' is clicked on

2019-02-01 11:59:07 - [TEST_STEP][PASSED] - delay(2): Delayed 2 second(s)

2019-02-01 11:59:09 - [MESSAGE][PASSED] - Delayed 2 second(s)

2019-02-01 11:59:09 - [TEST_STEP][PASSED] - click(findTestObject("FSM1/Select Inspection/Page_JClient/div_TRAVELLING")): Object: 'Object Repository/FSM1/Select Inspection/Page_JClient/div_TRAVELLING' is clicked on

2019-02-01 11:59:10 - [MESSAGE][PASSED] - Object: 'Object Repository/FSM1/Select Inspection/Page_JClient/div_TRAVELLING' is clicked on

2019-02-01 11:59:10 - [TEST_STEP][PASSED] - delay(2): Delayed 2 second(s)

2019-02-01 11:59:12 - [MESSAGE][PASSED] - Delayed 2 second(s)

2019-02-01 11:59:12 - [TEST_STEP][PASSED] - click(findTestObject("FSM1/Select Inspection/Page_JClient/div_TRAVELLING")): Object: 'Object Repository/FSM1/Select Inspection/Page_JClient/div_TRAVELLING' is clicked on

2019-02-01 11:59:12 - [MESSAGE][PASSED] - Object: 'Object Repository/FSM1/Select Inspection/Page_JClient/div_TRAVELLING' is clicked on

2019-02-01 11:59:12 - [TEST_STEP][PASSED] - delay(2): Delayed 2 second(s)

2019-02-01 11:59:14 - [MESSAGE][PASSED] - Delayed 2 second(s)

2019-02-01 11:59:14 - [TEST_STEP][PASSED] - click(findTestObject("FSM1/Select Inspection/Page_JClient/div_ARRIVED")): Object: 'Object Repository/FSM1/Select Inspection/Page_JClient/div_ARRIVED' is clicked on

2019-02-01 11:59:14 - [MESSAGE][PASSED] - Object: 'Object Repository/FSM1/Select Inspection/Page_JClient/div_ARRIVED' is clicked on

2019-02-01 11:59:14 - [TEST_STEP][PASSED] - delay(2): Delayed 2 second(s)

2019-02-01 11:59:16 - [MESSAGE][PASSED] - Delayed 2 second(s)

2019-02-01 11:59:16 - [TEST_STEP][PASSED] - click(findTestObject("FSM1/Select Inspection/Page_JClient/div_ARRIVED")): Object: 'Object Repository/FSM1/Select Inspection/Page_JClient/div_ARRIVED' is clicked on

2019-02-01 11:59:16 - [MESSAGE][PASSED] - Object: 'Object Repository/FSM1/Select Inspection/Page_JClient/div_ARRIVED' is clicked on

2019-02-01 11:59:16 - [TEST_STEP][PASSED] - delay(4): Delayed 4 second(s)

2019-02-01 11:59:20 - [MESSAGE][PASSED] - Delayed 4 second(s)

2019-02-01 11:59:20 - [TEST_STEP][PASSED] - click(findTestObject("FSM1/Select Inspection/Page_JClient/div_STARTED")): Object: 'Object Repository/FSM1/Select Inspection/Page_JClient/div_STARTED' is clicked on

2019-02-01 11:59:20 - [MESSAGE][PASSED] - Object: 'Object Repository/FSM1/Select Inspection/Page_JClient/div_STARTED' is clicked on

2019-02-01 11:59:20 - [TEST_STEP][PASSED] - delay(2): Delayed 2 second(s)

2019-02-01 11:59:22 - [MESSAGE][PASSED] - Delayed 2 second(s)]]></system-out>
         <system-err><![CDATA[]]></system-err>
      </testcase>
      <testcase name="Test Cases/ABP/Pre-Approval/Pre-Approval Inspection Details - Additional Approval" classname="Test Cases/ABP/Pre-Approval/Pre-Approval Inspection Details - Additional Approval" status="PASSED">
         <system-out><![CDATA[2019-02-01 11:59:22 - [TEST_CASE][PASSED] - Test Cases/ABP/Pre-Approval/Pre-Approval Inspection Details - Additional Approval: Test Cases/ABP/Pre-Approval/Pre-Approval Inspection Details - Additional Approval

2019-02-01 11:59:22 - [TEST_STEP][PASSED] - click(findTestObject("FSM1/Pre-Approval/Page_JClient/div_Inspection Details")): Object: 'Object Repository/FSM1/Pre-Approval/Page_JClient/div_Inspection Details' is clicked on

2019-02-01 11:59:22 - [MESSAGE][PASSED] - Object: 'Object Repository/FSM1/Pre-Approval/Page_JClient/div_Inspection Details' is clicked on

2019-02-01 11:59:22 - [TEST_STEP][PASSED] - delay(3): Delayed 3 second(s)

2019-02-01 11:59:25 - [MESSAGE][PASSED] - Delayed 3 second(s)

2019-02-01 11:59:25 - [TEST_STEP][PASSED] - click(findTestObject("FSM1/Pre-Approval/Page_JClient/input_Announced visit_radio_gr")): Object: 'Object Repository/FSM1/Pre-Approval/Page_JClient/input_Announced visit_radio_gr' is clicked on

2019-02-01 11:59:25 - [MESSAGE][PASSED] - Object: 'Object Repository/FSM1/Pre-Approval/Page_JClient/input_Announced visit_radio_gr' is clicked on

2019-02-01 11:59:25 - [TEST_STEP][PASSED] - click(findTestObject("FSM1/Pre-Approval/Page_JClient/input_Yes_radio_group_2")): Object: 'Object Repository/FSM1/Pre-Approval/Page_JClient/input_Yes_radio_group_2' is clicked on

2019-02-01 11:59:25 - [MESSAGE][PASSED] - Object: 'Object Repository/FSM1/Pre-Approval/Page_JClient/input_Yes_radio_group_2' is clicked on

2019-02-01 11:59:25 - [TEST_STEP][PASSED] - click(findTestObject("FSM1/Pre-Approval/Page_JClient/input_Yes_radio_group_3")): Object: 'Object Repository/FSM1/Pre-Approval/Page_JClient/input_Yes_radio_group_3' is clicked on

2019-02-01 11:59:26 - [MESSAGE][PASSED] - Object: 'Object Repository/FSM1/Pre-Approval/Page_JClient/input_Yes_radio_group_3' is clicked on

2019-02-01 11:59:26 - [TEST_STEP][PASSED] - mydate = new java.util.Date(): null

2019-02-01 11:59:26 - [TEST_STEP][PASSED] - formattedDate = mydate.format("dd/MM/yyyy"): null

2019-02-01 11:59:26 - [TEST_STEP][PASSED] - sendKeys(findTestObject("FSM1/Pre-Approval/Page_JClient/input_Date application receive"), formattedDate): Keys '01/02/2019' sent to object: 'Object Repository/FSM1/Pre-Approval/Page_JClient/input_Date application receive'

2019-02-01 11:59:26 - [MESSAGE][PASSED] - Keys '01/02/2019' sent to object: 'Object Repository/FSM1/Pre-Approval/Page_JClient/input_Date application receive'

2019-02-01 11:59:26 - [TEST_STEP][PASSED] - click(findTestObject("FSM1/Pre-Approval/Page_JClient/input_Raw materials applicable")): Object: 'Object Repository/FSM1/Pre-Approval/Page_JClient/input_Raw materials applicable' is clicked on

2019-02-01 11:59:26 - [MESSAGE][PASSED] - Object: 'Object Repository/FSM1/Pre-Approval/Page_JClient/input_Raw materials applicable' is clicked on

2019-02-01 11:59:26 - [TEST_STEP][PASSED] - setText(findTestObject("FSM1/Pre-Approval/Page_JClient/textarea_Record specific infor"), "Test automation"): Text 'Test automation' is set on object 'Object Repository/FSM1/Pre-Approval/Page_JClient/textarea_Record specific infor'

2019-02-01 11:59:26 - [MESSAGE][PASSED] - Text 'Test automation' is set on object 'Object Repository/FSM1/Pre-Approval/Page_JClient/textarea_Record specific infor'

2019-02-01 11:59:26 - [TEST_STEP][PASSED] - click(findTestObject("FSM1/Pre-Approval/Page_JClient/input_Structure applicable_rad")): Object: 'Object Repository/FSM1/Pre-Approval/Page_JClient/input_Structure applicable_rad' is clicked on

2019-02-01 11:59:26 - [MESSAGE][PASSED] - Object: 'Object Repository/FSM1/Pre-Approval/Page_JClient/input_Structure applicable_rad' is clicked on

2019-02-01 11:59:26 - [TEST_STEP][PASSED] - setText(findTestObject("FSM1/Pre-Approval/Page_JClient/textarea_No_gwt-TextArea GKH2E"), "Test automation"): Text 'Test automation' is set on object 'Object Repository/FSM1/Pre-Approval/Page_JClient/textarea_No_gwt-TextArea GKH2E'

2019-02-01 11:59:26 - [MESSAGE][PASSED] - Text 'Test automation' is set on object 'Object Repository/FSM1/Pre-Approval/Page_JClient/textarea_No_gwt-TextArea GKH2E'

2019-02-01 11:59:26 - [TEST_STEP][PASSED] - click(findTestObject("FSM1/Pre-Approval/Page_JClient/input_Operating applicable_rad")): Object: 'Object Repository/FSM1/Pre-Approval/Page_JClient/input_Operating applicable_rad' is clicked on

2019-02-01 11:59:26 - [MESSAGE][PASSED] - Object: 'Object Repository/FSM1/Pre-Approval/Page_JClient/input_Operating applicable_rad' is clicked on

2019-02-01 11:59:26 - [TEST_STEP][PASSED] - setText(findTestObject("FSM1/Pre-Approval/Page_JClient/textarea_No_gwt-TextArea GKH2E - Operating"), "Test automation"): Text 'Test automation' is set on object 'Object Repository/FSM1/Pre-Approval/Page_JClient/textarea_No_gwt-TextArea GKH2E - Operating'

2019-02-01 11:59:26 - [MESSAGE][PASSED] - Text 'Test automation' is set on object 'Object Repository/FSM1/Pre-Approval/Page_JClient/textarea_No_gwt-TextArea GKH2E - Operating'

2019-02-01 11:59:26 - [TEST_STEP][PASSED] - click(findTestObject("FSM1/Pre-Approval/Page_JClient/input_Validation applicable_ra")): Object: 'Object Repository/FSM1/Pre-Approval/Page_JClient/input_Validation applicable_ra' is clicked on

2019-02-01 11:59:26 - [MESSAGE][PASSED] - Object: 'Object Repository/FSM1/Pre-Approval/Page_JClient/input_Validation applicable_ra' is clicked on

2019-02-01 11:59:26 - [TEST_STEP][PASSED] - setText(findTestObject("FSM1/Pre-Approval/Page_JClient/textarea_No_gwt-TextArea GKH2E - Validation"), "Test automation"): Text 'Test automation' is set on object 'Object Repository/FSM1/Pre-Approval/Page_JClient/textarea_No_gwt-TextArea GKH2E - Validation'

2019-02-01 11:59:26 - [MESSAGE][PASSED] - Text 'Test automation' is set on object 'Object Repository/FSM1/Pre-Approval/Page_JClient/textarea_No_gwt-TextArea GKH2E - Validation'

2019-02-01 11:59:26 - [TEST_STEP][PASSED] - click(findTestObject("FSM1/Pre-Approval/Page_JClient/input_Collection Transport  St")): Object: 'Object Repository/FSM1/Pre-Approval/Page_JClient/input_Collection Transport  St' is clicked on

2019-02-01 11:59:27 - [MESSAGE][PASSED] - Object: 'Object Repository/FSM1/Pre-Approval/Page_JClient/input_Collection Transport  St' is clicked on

2019-02-01 11:59:27 - [TEST_STEP][PASSED] - setText(findTestObject("FSM1/Pre-Approval/Page_JClient/textarea_No_gwt-TextArea GKH2E - Transport"), "Test automation"): Text 'Test automation' is set on object 'Object Repository/FSM1/Pre-Approval/Page_JClient/textarea_No_gwt-TextArea GKH2E - Transport'

2019-02-01 11:59:27 - [MESSAGE][PASSED] - Text 'Test automation' is set on object 'Object Repository/FSM1/Pre-Approval/Page_JClient/textarea_No_gwt-TextArea GKH2E - Transport'

2019-02-01 11:59:27 - [TEST_STEP][PASSED] - click(findTestObject("FSM1/Pre-Approval/Page_JClient/input_Microbiological Testing")): Object: 'Object Repository/FSM1/Pre-Approval/Page_JClient/input_Microbiological Testing' is clicked on

2019-02-01 11:59:27 - [MESSAGE][PASSED] - Object: 'Object Repository/FSM1/Pre-Approval/Page_JClient/input_Microbiological Testing' is clicked on

2019-02-01 11:59:27 - [TEST_STEP][PASSED] - setText(findTestObject("FSM1/Pre-Approval/Page_JClient/textarea_No_gwt-TextArea GKH2E - Micro"), "Test automation"): Text 'Test automation' is set on object 'Object Repository/FSM1/Pre-Approval/Page_JClient/textarea_No_gwt-TextArea GKH2E - Micro'

2019-02-01 11:59:27 - [MESSAGE][PASSED] - Text 'Test automation' is set on object 'Object Repository/FSM1/Pre-Approval/Page_JClient/textarea_No_gwt-TextArea GKH2E - Micro'

2019-02-01 11:59:27 - [TEST_STEP][PASSED] - click(findTestObject("FSM1/Pre-Approval/Page_JClient/input_Sampling applicable_radi")): Object: 'Object Repository/FSM1/Pre-Approval/Page_JClient/input_Sampling applicable_radi' is clicked on

2019-02-01 11:59:27 - [MESSAGE][PASSED] - Object: 'Object Repository/FSM1/Pre-Approval/Page_JClient/input_Sampling applicable_radi' is clicked on

2019-02-01 11:59:27 - [TEST_STEP][PASSED] - click(findTestObject("FSM1/Pre-Approval/Page_JClient/input_Have samples been collec")): Object: 'Object Repository/FSM1/Pre-Approval/Page_JClient/input_Have samples been collec' is clicked on

2019-02-01 11:59:27 - [MESSAGE][PASSED] - Object: 'Object Repository/FSM1/Pre-Approval/Page_JClient/input_Have samples been collec' is clicked on

2019-02-01 11:59:27 - [TEST_STEP][PASSED] - doubleClick(findTestObject("FSM1/Pre-Approval/Page_JClient/input_Record Keeping applicabl")): Object: 'Object Repository/FSM1/Pre-Approval/Page_JClient/input_Record Keeping applicabl' is double clicked on

2019-02-01 11:59:27 - [MESSAGE][PASSED] - Object: 'Object Repository/FSM1/Pre-Approval/Page_JClient/input_Record Keeping applicabl' is double clicked on

2019-02-01 11:59:27 - [TEST_STEP][PASSED] - setText(findTestObject("FSM1/Pre-Approval/Page_JClient/textarea_Describe systems for"), "Test automation"): Text 'Test automation' is set on object 'Object Repository/FSM1/Pre-Approval/Page_JClient/textarea_Describe systems for'

2019-02-01 11:59:27 - [MESSAGE][PASSED] - Text 'Test automation' is set on object 'Object Repository/FSM1/Pre-Approval/Page_JClient/textarea_Describe systems for'

2019-02-01 11:59:27 - [TEST_STEP][PASSED] - click(findTestObject("FSM1/Pre-Approval/Page_JClient/input_Pest Control applicable_")): Object: 'Object Repository/FSM1/Pre-Approval/Page_JClient/input_Pest Control applicable_' is clicked on

2019-02-01 11:59:27 - [MESSAGE][PASSED] - Object: 'Object Repository/FSM1/Pre-Approval/Page_JClient/input_Pest Control applicable_' is clicked on

2019-02-01 11:59:27 - [TEST_STEP][PASSED] - setText(findTestObject("FSM1/Pre-Approval/Page_JClient/textarea_Describe pest control"), "Test automation"): Text 'Test automation' is set on object 'Object Repository/FSM1/Pre-Approval/Page_JClient/textarea_Describe pest control'

2019-02-01 11:59:27 - [MESSAGE][PASSED] - Text 'Test automation' is set on object 'Object Repository/FSM1/Pre-Approval/Page_JClient/textarea_Describe pest control'

2019-02-01 11:59:27 - [TEST_STEP][PASSED] - click(findTestObject("FSM1/Pre-Approval/Page_JClient/input_Disposal of unused ABP a")): Object: 'Object Repository/FSM1/Pre-Approval/Page_JClient/input_Disposal of unused ABP a' is clicked on

2019-02-01 11:59:27 - [MESSAGE][PASSED] - Object: 'Object Repository/FSM1/Pre-Approval/Page_JClient/input_Disposal of unused ABP a' is clicked on

2019-02-01 11:59:28 - [TEST_STEP][PASSED] - setText(findTestObject("FSM1/Pre-Approval/Page_JClient/textarea_What procedures have"), "Test automation"): Text 'Test automation' is set on object 'Object Repository/FSM1/Pre-Approval/Page_JClient/textarea_What procedures have'

2019-02-01 11:59:28 - [MESSAGE][PASSED] - Text 'Test automation' is set on object 'Object Repository/FSM1/Pre-Approval/Page_JClient/textarea_What procedures have'

2019-02-01 11:59:28 - [TEST_STEP][PASSED] - click(findTestObject("FSM1/Pre-Approval/Page_JClient/input_Other applicable_radio_g")): Object: 'Object Repository/FSM1/Pre-Approval/Page_JClient/input_Other applicable_radio_g' is clicked on

2019-02-01 11:59:28 - [MESSAGE][PASSED] - Object: 'Object Repository/FSM1/Pre-Approval/Page_JClient/input_Other applicable_radio_g' is clicked on

2019-02-01 11:59:28 - [TEST_STEP][PASSED] - setText(findTestObject("FSM1/Pre-Approval/Page_JClient/textarea_Record any other rele"), "Test automation"): Text 'Test automation' is set on object 'Object Repository/FSM1/Pre-Approval/Page_JClient/textarea_Record any other rele'

2019-02-01 11:59:28 - [MESSAGE][PASSED] - Text 'Test automation' is set on object 'Object Repository/FSM1/Pre-Approval/Page_JClient/textarea_Record any other rele'

2019-02-01 11:59:28 - [TEST_STEP][PASSED] - setText(findTestObject("FSM1/Pre-Approval/Page_JClient/input_Chargeable time (minutes"), "7", STOP_ON_FAILURE): Text '7' is set on object 'Object Repository/FSM1/Pre-Approval/Page_JClient/input_Chargeable time (minutes'

2019-02-01 11:59:28 - [MESSAGE][PASSED] - Text '7' is set on object 'Object Repository/FSM1/Pre-Approval/Page_JClient/input_Chargeable time (minutes'

2019-02-01 11:59:28 - [TEST_STEP][PASSED] - selectOptionByValue(findTestObject("FSM1/Pre-Approval/Page_JClient/select_Create initial Routine"), "Pre-Approval", true): All options with value 'Pre-Approval' are selected in object 'Object Repository/FSM1/Pre-Approval/Page_JClient/select_Create initial Routine'  using regular expression

2019-02-01 11:59:28 - [MESSAGE][PASSED] - All options with value 'Pre-Approval' are selected in object 'Object Repository/FSM1/Pre-Approval/Page_JClient/select_Create initial Routine'  using regular expression

2019-02-01 11:59:28 - [TEST_STEP][PASSED] - mydate = new java.util.Date(): null

2019-02-01 11:59:28 - [TEST_STEP][PASSED] - formattedDate = mydate.format("dd/MM/yyyy"): null

2019-02-01 11:59:28 - [TEST_STEP][PASSED] - sendKeys(findTestObject("FSM1/Pre-Approval/Page_JClient/input_Next Inspection From"), formattedDate): Keys '01/02/2019' sent to object: 'Object Repository/FSM1/Pre-Approval/Page_JClient/input_Next Inspection From'

2019-02-01 11:59:28 - [MESSAGE][PASSED] - Keys '01/02/2019' sent to object: 'Object Repository/FSM1/Pre-Approval/Page_JClient/input_Next Inspection From'

2019-02-01 11:59:28 - [TEST_STEP][PASSED] - sendKeys(findTestObject("FSM1/Pre-Approval/Page_JClient/input_Next Inspection To"), formattedDate): Keys '01/02/2019' sent to object: 'Object Repository/FSM1/Pre-Approval/Page_JClient/input_Next Inspection To'

2019-02-01 11:59:28 - [MESSAGE][PASSED] - Keys '01/02/2019' sent to object: 'Object Repository/FSM1/Pre-Approval/Page_JClient/input_Next Inspection To'

2019-02-01 11:59:28 - [TEST_STEP][PASSED] - selectOptionByValue(findTestObject("FSM1/Pre-Approval/Page_JClient/select_VetTechMe"), "Me", true): All options with value 'Me' are selected in object 'Object Repository/FSM1/Pre-Approval/Page_JClient/select_VetTechMe'  using regular expression

2019-02-01 11:59:29 - [MESSAGE][PASSED] - All options with value 'Me' are selected in object 'Object Repository/FSM1/Pre-Approval/Page_JClient/select_VetTechMe'  using regular expression

2019-02-01 11:59:29 - [TEST_STEP][PASSED] - click(findTestObject("FSM1/Pre-Approval/Page_JClient/img_Signature_gwt-Image")): Object: 'Object Repository/FSM1/Pre-Approval/Page_JClient/img_Signature_gwt-Image' is clicked on

2019-02-01 11:59:29 - [MESSAGE][PASSED] - Object: 'Object Repository/FSM1/Pre-Approval/Page_JClient/img_Signature_gwt-Image' is clicked on

2019-02-01 11:59:29 - [TEST_STEP][PASSED] - click(findTestObject("FSM1/Pre-Approval/Page_JClient/div_Unable To Sign")): Object: 'Object Repository/FSM1/Pre-Approval/Page_JClient/div_Unable To Sign' is clicked on

2019-02-01 11:59:29 - [MESSAGE][PASSED] - Object: 'Object Repository/FSM1/Pre-Approval/Page_JClient/div_Unable To Sign' is clicked on

2019-02-01 11:59:29 - [TEST_STEP][PASSED] - delay(2): Delayed 2 second(s)

2019-02-01 11:59:31 - [MESSAGE][PASSED] - Delayed 2 second(s)

2019-02-01 11:59:31 - [TEST_STEP][PASSED] - click(findTestObject("FSM1/Pre-Approval/Page_JClient/div_Save")): Object: 'Object Repository/FSM1/Pre-Approval/Page_JClient/div_Save' is clicked on

2019-02-01 11:59:31 - [MESSAGE][PASSED] - Object: 'Object Repository/FSM1/Pre-Approval/Page_JClient/div_Save' is clicked on]]></system-out>
         <system-err><![CDATA[]]></system-err>
      </testcase>
      <testcase name="Test Cases/ABP/Generic/Complete ABP Inspection - ABPR15 Sample Submission" classname="Test Cases/ABP/Generic/Complete ABP Inspection - ABPR15 Sample Submission" status="PASSED">
         <system-out><![CDATA[2019-02-01 11:59:31 - [TEST_CASE][PASSED] - Test Cases/ABP/Generic/Complete ABP Inspection - ABPR15 Sample Submission: Test Cases/ABP/Generic/Complete ABP Inspection - ABPR15 Sample Submission

2019-02-01 11:59:31 - [TEST_STEP][PASSED] - delay(5): Delayed 5 second(s)

2019-02-01 11:59:36 - [MESSAGE][PASSED] - Delayed 5 second(s)

2019-02-01 11:59:36 - [TEST_STEP][PASSED] - click(findTestObject("Object Repository/FSM1/Complete ABP Inspection/ABPR15 Sample Submission/Page_JClient/div_ABPR15 - Sample Submission")): Object: 'Object Repository/FSM1/Complete ABP Inspection/ABPR15 Sample Submission/Page_JClient/div_ABPR15 - Sample Submission' is clicked on

2019-02-01 11:59:36 - [MESSAGE][PASSED] - Object: 'Object Repository/FSM1/Complete ABP Inspection/ABPR15 Sample Submission/Page_JClient/div_ABPR15 - Sample Submission' is clicked on

2019-02-01 11:59:36 - [TEST_STEP][PASSED] - click(findTestObject("Object Repository/FSM1/Complete ABP Inspection/ABPR15 Sample Submission/Page_JClient/div_Create_GKH2EKQBDXB GKH2EKQ")): Object: 'Object Repository/FSM1/Complete ABP Inspection/ABPR15 Sample Submission/Page_JClient/div_Create_GKH2EKQBDXB GKH2EKQ' is clicked on

2019-02-01 11:59:36 - [MESSAGE][PASSED] - Object: 'Object Repository/FSM1/Complete ABP Inspection/ABPR15 Sample Submission/Page_JClient/div_Create_GKH2EKQBDXB GKH2EKQ' is clicked on

2019-02-01 11:59:36 - [TEST_STEP][PASSED] - selectOptionByValue(findTestObject("Object Repository/FSM1/Complete ABP Inspection/ABPR15 Sample Submission/Page_JClient/select_InvestigationRoutineVal"), "Investigation", true): All options with value 'Investigation' are selected in object 'Object Repository/FSM1/Complete ABP Inspection/ABPR15 Sample Submission/Page_JClient/select_InvestigationRoutineVal'  using regular expression

2019-02-01 11:59:36 - [MESSAGE][PASSED] - All options with value 'Investigation' are selected in object 'Object Repository/FSM1/Complete ABP Inspection/ABPR15 Sample Submission/Page_JClient/select_InvestigationRoutineVal'  using regular expression

2019-02-01 11:59:36 - [TEST_STEP][PASSED] - selectOptionByValue(findTestObject("Object Repository/FSM1/Complete ABP Inspection/ABPR15 Sample Submission/Page_JClient/select_123Catering waste"), "2", true): All options with value '2' are selected in object 'Object Repository/FSM1/Complete ABP Inspection/ABPR15 Sample Submission/Page_JClient/select_123Catering waste'  using regular expression

2019-02-01 11:59:37 - [MESSAGE][PASSED] - All options with value '2' are selected in object 'Object Repository/FSM1/Complete ABP Inspection/ABPR15 Sample Submission/Page_JClient/select_123Catering waste'  using regular expression

2019-02-01 11:59:37 - [TEST_STEP][PASSED] - setText(findTestObject("Object Repository/FSM1/Complete ABP Inspection/ABPR15 Sample Submission/Page_JClient/input_Sample identity (e.g. se"), "Test automation"): Text 'Test automation' is set on object 'Object Repository/FSM1/Complete ABP Inspection/ABPR15 Sample Submission/Page_JClient/input_Sample identity (e.g. se'

2019-02-01 11:59:37 - [MESSAGE][PASSED] - Text 'Test automation' is set on object 'Object Repository/FSM1/Complete ABP Inspection/ABPR15 Sample Submission/Page_JClient/input_Sample identity (e.g. se'

2019-02-01 11:59:37 - [TEST_STEP][PASSED] - setText(findTestObject("Object Repository/FSM1/Complete ABP Inspection/ABPR15 Sample Submission/Page_JClient/input_Type of material sampled"), "Test automation"): Text 'Test automation' is set on object 'Object Repository/FSM1/Complete ABP Inspection/ABPR15 Sample Submission/Page_JClient/input_Type of material sampled'

2019-02-01 11:59:37 - [MESSAGE][PASSED] - Text 'Test automation' is set on object 'Object Repository/FSM1/Complete ABP Inspection/ABPR15 Sample Submission/Page_JClient/input_Type of material sampled'

2019-02-01 11:59:37 - [TEST_STEP][PASSED] - selectOptionByValue(findTestObject("Object Repository/FSM1/Complete ABP Inspection/ABPR15 Sample Submission/Page_JClient/select_Compost or digestatePro"), "Compost or digestate", true): All options with value 'Compost or digestate' are selected in object 'Object Repository/FSM1/Complete ABP Inspection/ABPR15 Sample Submission/Page_JClient/select_Compost or digestatePro'  using regular expression

2019-02-01 11:59:37 - [MESSAGE][PASSED] - All options with value 'Compost or digestate' are selected in object 'Object Repository/FSM1/Complete ABP Inspection/ABPR15 Sample Submission/Page_JClient/select_Compost or digestatePro'  using regular expression

2019-02-01 11:59:37 - [TEST_STEP][PASSED] - click(findTestObject("Object Repository/FSM1/Complete ABP Inspection/ABPR15 Sample Submission/Page_JClient/input_Test Requested (refer to")): Object: 'Object Repository/FSM1/Complete ABP Inspection/ABPR15 Sample Submission/Page_JClient/input_Test Requested (refer to' is clicked on

2019-02-01 11:59:37 - [MESSAGE][PASSED] - Object: 'Object Repository/FSM1/Complete ABP Inspection/ABPR15 Sample Submission/Page_JClient/input_Test Requested (refer to' is clicked on

2019-02-01 11:59:37 - [TEST_STEP][PASSED] - click(findTestObject("Object Repository/FSM1/Complete ABP Inspection/ABPR15 Sample Submission/Page_JClient/input_Clostridium perfringens")): Object: 'Object Repository/FSM1/Complete ABP Inspection/ABPR15 Sample Submission/Page_JClient/input_Clostridium perfringens' is clicked on

2019-02-01 11:59:37 - [MESSAGE][PASSED] - Object: 'Object Repository/FSM1/Complete ABP Inspection/ABPR15 Sample Submission/Page_JClient/input_Clostridium perfringens' is clicked on

2019-02-01 11:59:37 - [TEST_STEP][PASSED] - mydate = new java.util.Date(): null

2019-02-01 11:59:37 - [TEST_STEP][PASSED] - formattedDate = mydate.format("dd/MM/yyyy"): null

2019-02-01 11:59:37 - [TEST_STEP][PASSED] - sendKeys(findTestObject("FSM1/Complete ABP Inspection/ABPR15 Sample Submission/Page_JClient/DateofSample"), formattedDate): Keys '01/02/2019' sent to object: 'Object Repository/FSM1/Complete ABP Inspection/ABPR15 Sample Submission/Page_JClient/DateofSample'

2019-02-01 11:59:37 - [MESSAGE][PASSED] - Keys '01/02/2019' sent to object: 'Object Repository/FSM1/Complete ABP Inspection/ABPR15 Sample Submission/Page_JClient/DateofSample'

2019-02-01 11:59:37 - [TEST_STEP][PASSED] - sendKeys(findTestObject("FSM1/Complete ABP Inspection/ABPR15 Sample Submission/Page_JClient/DateofSubmission"), formattedDate): Keys '01/02/2019' sent to object: 'Object Repository/FSM1/Complete ABP Inspection/ABPR15 Sample Submission/Page_JClient/DateofSubmission'

2019-02-01 11:59:37 - [MESSAGE][PASSED] - Keys '01/02/2019' sent to object: 'Object Repository/FSM1/Complete ABP Inspection/ABPR15 Sample Submission/Page_JClient/DateofSubmission'

2019-02-01 11:59:37 - [TEST_STEP][PASSED] - delay(2): Delayed 2 second(s)

2019-02-01 11:59:39 - [MESSAGE][PASSED] - Delayed 2 second(s)

2019-02-01 11:59:39 - [TEST_STEP][PASSED] - click(findTestObject("FSM1/Complete ABP Inspection/ABPR15 Sample Submission/Page_JClient/div_Save1")): Object: 'Object Repository/FSM1/Complete ABP Inspection/ABPR15 Sample Submission/Page_JClient/div_Save1' is clicked on

2019-02-01 11:59:39 - [MESSAGE][PASSED] - Object: 'Object Repository/FSM1/Complete ABP Inspection/ABPR15 Sample Submission/Page_JClient/div_Save1' is clicked on]]></system-out>
         <system-err><![CDATA[]]></system-err>
      </testcase>
      <testcase name="Test Cases/ABP/Generic/Complete ABP Inspection - Complete" classname="Test Cases/ABP/Generic/Complete ABP Inspection - Complete" status="PASSED">
         <system-out><![CDATA[2019-02-01 11:59:39 - [TEST_CASE][PASSED] - Test Cases/ABP/Generic/Complete ABP Inspection - Complete: Test Cases/ABP/Generic/Complete ABP Inspection - Complete

2019-02-01 11:59:40 - [TEST_STEP][PASSED] - delay(2): Delayed 2 second(s)

2019-02-01 11:59:42 - [MESSAGE][PASSED] - Delayed 2 second(s)

2019-02-01 11:59:42 - [TEST_STEP][PASSED] - click(findTestObject("Object Repository/FSM1/Complete ABP Inspection/Complete ABP01a Inspection/Page_JClient/div_STARTED (locked)")): Object: 'Object Repository/FSM1/Complete ABP Inspection/Complete ABP01a Inspection/Page_JClient/div_STARTED (locked)' is clicked on

2019-02-01 11:59:42 - [MESSAGE][PASSED] - Object: 'Object Repository/FSM1/Complete ABP Inspection/Complete ABP01a Inspection/Page_JClient/div_STARTED (locked)' is clicked on

2019-02-01 11:59:42 - [TEST_STEP][PASSED] - delay(2): Delayed 2 second(s)

2019-02-01 11:59:44 - [MESSAGE][PASSED] - Delayed 2 second(s)

2019-02-01 11:59:44 - [TEST_STEP][PASSED] - click(findTestObject("Object Repository/FSM1/Complete ABP Inspection/Complete ABP01a Inspection/Page_JClient/div_COMPLETED")): Object: 'Object Repository/FSM1/Complete ABP Inspection/Complete ABP01a Inspection/Page_JClient/div_COMPLETED' is clicked on

2019-02-01 11:59:44 - [MESSAGE][PASSED] - Object: 'Object Repository/FSM1/Complete ABP Inspection/Complete ABP01a Inspection/Page_JClient/div_COMPLETED' is clicked on

2019-02-01 11:59:44 - [TEST_STEP][PASSED] - selectOptionByValue(findTestObject("Object Repository/FSM1/Complete ABP Inspection/Complete ABP01a Inspection/Page_JClient/select_Yes"), "COMPLETED", true): All options with value 'COMPLETED' are selected in object 'Object Repository/FSM1/Complete ABP Inspection/Complete ABP01a Inspection/Page_JClient/select_Yes'  using regular expression

2019-02-01 11:59:44 - [MESSAGE][PASSED] - All options with value 'COMPLETED' are selected in object 'Object Repository/FSM1/Complete ABP Inspection/Complete ABP01a Inspection/Page_JClient/select_Yes'  using regular expression

2019-02-01 11:59:44 - [TEST_STEP][PASSED] - delay(3): Delayed 3 second(s)

2019-02-01 11:59:47 - [MESSAGE][PASSED] - Delayed 3 second(s)

2019-02-01 11:59:47 - [TEST_STEP][PASSED] - click(findTestObject("Object Repository/FSM1/Complete ABP Inspection/Complete ABP01a Inspection/Page_JClient/div_Save")): Object: 'Object Repository/FSM1/Complete ABP Inspection/Complete ABP01a Inspection/Page_JClient/div_Save' is clicked on

2019-02-01 11:59:47 - [MESSAGE][PASSED] - Object: 'Object Repository/FSM1/Complete ABP Inspection/Complete ABP01a Inspection/Page_JClient/div_Save' is clicked on

2019-02-01 11:59:47 - [TEST_STEP][PASSED] - delay(2): Delayed 2 second(s)

2019-02-01 11:59:49 - [MESSAGE][PASSED] - Delayed 2 second(s)

2019-02-01 11:59:49 - [TEST_STEP][PASSED] - click(findTestObject("Object Repository/FSM1/Complete ABP Inspection/Complete ABP01a Inspection/Page_JClient/div_Ok")): Object: 'Object Repository/FSM1/Complete ABP Inspection/Complete ABP01a Inspection/Page_JClient/div_Ok' is clicked on

2019-02-01 11:59:49 - [MESSAGE][PASSED] - Object: 'Object Repository/FSM1/Complete ABP Inspection/Complete ABP01a Inspection/Page_JClient/div_Ok' is clicked on

2019-02-01 11:59:49 - [TEST_STEP][PASSED] - delay(30): Delayed 30 second(s)

2019-02-01 12:00:19 - [MESSAGE][PASSED] - Delayed 30 second(s)]]></system-out>
         <system-err><![CDATA[]]></system-err>
      </testcase>
      <testcase name="Test Cases/Generic/Launch Job Manager Control Centre - Check Result" classname="Test Cases/Generic/Launch Job Manager Control Centre - Check Result" status="PASSED">
         <system-out><![CDATA[2019-02-01 12:00:19 - [TEST_CASE][PASSED] - Test Cases/Generic/Launch Job Manager Control Centre - Check Result: Test Cases/Generic/Launch Job Manager Control Centre - Check Result

2019-02-01 12:00:19 - [TEST_STEP][PASSED] - openBrowser(""): Browser is opened with url: ''

2019-02-01 12:00:19 - [MESSAGE][WARNING] - A browser is already opened. Closing browser and opening a new one

2019-02-01 12:00:20 - [MESSAGE][INFO] - Starting 'Chrome' driver

2019-02-01 12:00:22 - [MESSAGE][PASSED] - Browser is opened with url: ''

2019-02-01 12:00:22 - [TEST_STEP][PASSED] - navigateToUrl(CCURL): Navigate to 'https://kirona-def-6.kirona.com/jmprep/login#!loginView' successfully

2019-02-01 12:00:23 - [MESSAGE][PASSED] - Navigate to 'https://kirona-def-6.kirona.com/jmprep/login#!loginView' successfully

2019-02-01 12:00:23 - [TEST_STEP][PASSED] - setText(findTestObject("FSM1/Control Centre/Page_Job Manager Login/input_gwt-uid-3"), Username): Text 'jon.hatfield' is set on object 'Object Repository/FSM1/Control Centre/Page_Job Manager Login/input_gwt-uid-3'

2019-02-01 12:00:23 - [MESSAGE][PASSED] - Text 'jon.hatfield' is set on object 'Object Repository/FSM1/Control Centre/Page_Job Manager Login/input_gwt-uid-3'

2019-02-01 12:00:23 - [TEST_STEP][PASSED] - setText(findTestObject("FSM1/Control Centre/Page_Job Manager Login/input_gwt-uid-5"), Password): Text 'Fr@nc1sJ0n' is set on object 'Object Repository/FSM1/Control Centre/Page_Job Manager Login/input_gwt-uid-5'

2019-02-01 12:00:24 - [MESSAGE][PASSED] - Text 'Fr@nc1sJ0n' is set on object 'Object Repository/FSM1/Control Centre/Page_Job Manager Login/input_gwt-uid-5'

2019-02-01 12:00:24 - [TEST_STEP][PASSED] - delay(2): Delayed 2 second(s)

2019-02-01 12:00:26 - [MESSAGE][PASSED] - Delayed 2 second(s)

2019-02-01 12:00:26 - [TEST_STEP][PASSED] - click(findTestObject("FSM1/PreProd/Page_Job Manager Login/div_Login")): Object: 'Object Repository/FSM1/PreProd/Page_Job Manager Login/div_Login' is clicked on

2019-02-01 12:00:26 - [MESSAGE][PASSED] - Object: 'Object Repository/FSM1/PreProd/Page_Job Manager Login/div_Login' is clicked on

2019-02-01 12:00:26 - [TEST_STEP][PASSED] - delay(20): Delayed 20 second(s)

2019-02-01 12:00:46 - [MESSAGE][PASSED] - Delayed 20 second(s)]]></system-out>
         <system-err><![CDATA[]]></system-err>
      </testcase>
      <testcase name="Test Cases/ABP/Pre-Approval/Control Centre - Check Results - ABP Pre-Approval Additional Approval" classname="Test Cases/ABP/Pre-Approval/Control Centre - Check Results - ABP Pre-Approval Additional Approval" status="PASSED">
         <system-out><![CDATA[2019-02-01 12:00:46 - [TEST_CASE][PASSED] - Test Cases/ABP/Pre-Approval/Control Centre - Check Results - ABP Pre-Approval Additional Approval: Test Cases/ABP/Pre-Approval/Control Centre - Check Results - ABP Pre-Approval Additional Approval

2019-02-01 12:00:46 - [TEST_STEP][PASSED] - log = new com.kms.katalon.core.logging.KeywordLogger(): null

2019-02-01 12:00:46 - [TEST_STEP][PASSED] - setText(findTestObject("Object Repository/FSM1/EMI Check Results/Page_JM Control Centre/input_Recents_v-textfield v-wi"), temp): Text '103638' is set on object 'Object Repository/FSM1/EMI Check Results/Page_JM Control Centre/input_Recents_v-textfield v-wi'

2019-02-01 12:00:46 - [MESSAGE][PASSED] - Text '103638' is set on object 'Object Repository/FSM1/EMI Check Results/Page_JM Control Centre/input_Recents_v-textfield v-wi'

2019-02-01 12:00:46 - [TEST_STEP][PASSED] - click(findTestObject("Object Repository/FSM1/EMI Check Results/Page_JM Control Centre/span_")): Object: 'Object Repository/FSM1/EMI Check Results/Page_JM Control Centre/span_' is clicked on

2019-02-01 12:00:47 - [MESSAGE][PASSED] - Object: 'Object Repository/FSM1/EMI Check Results/Page_JM Control Centre/span_' is clicked on

2019-02-01 12:00:47 - [TEST_STEP][PASSED] - waitForElementPresent(findTestObject("Object Repository/FSM1/EMI Check Results/Page_JM Control Centre/div_CLOSED"), 60): Object 'Object Repository/FSM1/EMI Check Results/Page_JM Control Centre/div_CLOSED' is present

2019-02-01 12:00:49 - [MESSAGE][PASSED] - Object 'Object Repository/FSM1/EMI Check Results/Page_JM Control Centre/div_CLOSED' is present

2019-02-01 12:00:49 - [TEST_STEP][PASSED] - delay(3): Delayed 3 second(s)

2019-02-01 12:00:52 - [MESSAGE][PASSED] - Delayed 3 second(s)

2019-02-01 12:00:52 - [TEST_STEP][PASSED] - verifyElementPresent(findTestObject("FSM1/Complete ABP Inspection/Check Results/03a/Page_JM Control Centre/div_Attachments_ABP Pre-Approval"), 5): Object 'Object Repository/FSM1/Complete ABP Inspection/Check Results/03a/Page_JM Control Centre/div_Attachments_ABP Pre-Approval' is present

2019-02-01 12:00:52 - [MESSAGE][PASSED] - Object 'Object Repository/FSM1/Complete ABP Inspection/Check Results/03a/Page_JM Control Centre/div_Attachments_ABP Pre-Approval' is present

2019-02-01 12:00:52 - [TEST_STEP][PASSED] - verifyElementPresent(findTestObject("FSM1/Complete ABP Inspection/Check Results/Page_JM Control Centre/ABPR15 - Microbiology"), 5): Object 'Object Repository/FSM1/Complete ABP Inspection/Check Results/Page_JM Control Centre/ABPR15 - Microbiology' is present

2019-02-01 12:00:52 - [MESSAGE][PASSED] - Object 'Object Repository/FSM1/Complete ABP Inspection/Check Results/Page_JM Control Centre/ABPR15 - Microbiology' is present]]></system-out>
         <system-err><![CDATA[]]></system-err>
      </testcase>
      <testcase name="Test Cases/Generic/Check Subsequent Inspection Exist" classname="Test Cases/Generic/Check Subsequent Inspection Exist" status="PASSED">
         <system-out><![CDATA[2019-02-01 12:00:52 - [TEST_CASE][PASSED] - Test Cases/Generic/Check Subsequent Inspection Exist: Test Cases/Generic/Check Subsequent Inspection Exist

2019-02-01 12:00:52 - [TEST_STEP][PASSED] - delay(2): Delayed 2 second(s)

2019-02-01 12:00:54 - [MESSAGE][PASSED] - Delayed 2 second(s)

2019-02-01 12:00:54 - [TEST_STEP][PASSED] - click(findTestObject("Object Repository/FSM1/Complete ABP Inspection/Check Subsequent Inspections/New/Page_JM Control Centre/div_")): Object: 'Object Repository/FSM1/Complete ABP Inspection/Check Subsequent Inspections/New/Page_JM Control Centre/div_' is clicked on

2019-02-01 12:00:55 - [MESSAGE][PASSED] - Object: 'Object Repository/FSM1/Complete ABP Inspection/Check Subsequent Inspections/New/Page_JM Control Centre/div_' is clicked on

2019-02-01 12:00:55 - [TEST_STEP][PASSED] - click(findTestObject("Object Repository/FSM1/Complete ABP Inspection/Check Subsequent Inspections/New/Page_JM Control Centre/span_List All Subordinate Jobs")): Object: 'Object Repository/FSM1/Complete ABP Inspection/Check Subsequent Inspections/New/Page_JM Control Centre/span_List All Subordinate Jobs' is clicked on

2019-02-01 12:00:55 - [MESSAGE][PASSED] - Object: 'Object Repository/FSM1/Complete ABP Inspection/Check Subsequent Inspections/New/Page_JM Control Centre/span_List All Subordinate Jobs' is clicked on

2019-02-01 12:00:55 - [TEST_STEP][PASSED] - delay(2): Delayed 2 second(s)

2019-02-01 12:00:57 - [MESSAGE][PASSED] - Delayed 2 second(s)

2019-02-01 12:00:57 - [TEST_STEP][PASSED] - verifyElementVisible(findTestObject("Object Repository/FSM1/Complete ABP Inspection/Check Subsequent Inspections/New/Page_JM Control Centre/div_2 found.")): Object 'Object Repository/FSM1/Complete ABP Inspection/Check Subsequent Inspections/New/Page_JM Control Centre/div_2 found.' is visible

2019-02-01 12:01:08 - [MESSAGE][PASSED] - Object 'Object Repository/FSM1/Complete ABP Inspection/Check Subsequent Inspections/New/Page_JM Control Centre/div_2 found.' is visible

2019-02-01 12:01:08 - [TEST_STEP][PASSED] - verifyElementNotPresent(findTestObject("JM_8918/New/Page_JM Control Centre/td_INVALID"), 2): Web element with id: 'Object Repository/JM_8918/New/Page_JM Control Centre/td_INVALID' located by 'By.xpath: //td[(text() = 'INVALID' or . = 'INVALID')]' is not present after '2' second(s)

2019-02-01 12:01:08 - [MESSAGE][PASSED] - Web element with id: 'Object Repository/JM_8918/New/Page_JM Control Centre/td_INVALID' located by 'By.xpath: //td[(text() = 'INVALID' or . = 'INVALID')]' is not present after '2' second(s)

2019-02-01 12:01:08 - [TEST_STEP][PASSED] - verifyElementNotPresent(findTestObject("JM_8918/New/Page_JM Control Centre/td_CREATING"), 2): Web element with id: 'Object Repository/JM_8918/New/Page_JM Control Centre/td_CREATING' located by 'By.xpath: //td[(text() = 'CREATING' or . = 'CREATING')]' is not present after '2' second(s)

2019-02-01 12:01:08 - [MESSAGE][PASSED] - Web element with id: 'Object Repository/JM_8918/New/Page_JM Control Centre/td_CREATING' located by 'By.xpath: //td[(text() = 'CREATING' or . = 'CREATING')]' is not present after '2' second(s)

2019-02-01 12:01:08 - [TEST_STEP][PASSED] - closeBrowser(): Browser is closed

2019-02-01 12:01:09 - [MESSAGE][PASSED] - Browser is closed]]></system-out>
         <system-err><![CDATA[]]></system-err>
      </testcase>
      <system-out><![CDATA[2019-02-01 11:55:43 - [TEST_SUITE][PASSED] - ABP Regression - Pre-Approval - Additional Approval: Test Cases/Generic/Check Subsequent Inspection Exist]]></system-out>
      <system-err><![CDATA[]]></system-err>
   </testsuite>
</testsuites>
