<?xml version="1.0" encoding="UTF-8"?>
<testsuites name="PMM Regression - Compliance - Rejected" time="350" tests="7" failures="0" errors="0">
   <testsuite name="PMM Regression - Compliance - Rejected" tests="7" failures="0" errors="0" time="350" timestamp="2019-02-01 11:43:38" hostname="jonha - DESKTOP-KMCIR60" id="Test Suites/PMM/PMM Regression - Compliance - Rejected">
      <properties>
         <property name="deviceName" value=""/>
         <property name="devicePlatform" value=""/>
         <property name="logFolder" value="C:\\Users\\jonha\\Documents\\Katalon\\APHA\\JM_8.9\\FSM_Regression\\Reports\\PMM\\PMM Regression - Compliance - Rejected\\20190201_110457"/>
         <property name="logFiles" value="C:\\Users\\jonha\\Documents\\Katalon\\APHA\\JM_8.9\\FSM_Regression\\Reports\\PMM\\PMM Regression - Compliance - Rejected\\20190201_110457\\execution0.log"/>
         <property name="attachments" value=""/>
         <property name="hostName" value="jonha - DESKTOP-KMCIR60"/>
         <property name="os" value="Windows 10 64bit"/>
         <property name="katalonVersion" value="5.9.1.2"/>
         <property name="browser" value="Chrome 71.0.3578.98"/>
         <property name="hostAddress" value="192.168.0.14"/>
         <property name="sessionId" value="dbb44c402246c7fb4dff4c8476e55a7a"/>
         <property name="seleniumVersion" value="3.7.1"/>
         <property name="proxyInformation" value="ProxyInformation{proxyOption=NO_PROXY, proxyServerType=HTTP, password=, proxyServerAddress=, proxyServerPort=0}"/>
         <property name="platform" value="Windows 10"/>
      </properties>
      <testcase name="Test Cases/Generic/Launch Job Manager Control Centre" classname="Test Cases/Generic/Launch Job Manager Control Centre" status="PASSED">
         <system-out><![CDATA[2019-02-01 11:43:38 - [TEST_CASE][PASSED] - Test Cases/Generic/Launch Job Manager Control Centre: Test Cases/Generic/Launch Job Manager Control Centre

2019-02-01 11:43:39 - [TEST_STEP][PASSED] - openBrowser(""): Browser is opened with url: ''

2019-02-01 11:43:39 - [MESSAGE][INFO] - Starting 'Chrome' driver

2019-02-01 11:43:39 - [MESSAGE][INFO] - Action delay is set to 0 seconds

2019-02-01 11:43:43 - [MESSAGE][PASSED] - Browser is opened with url: ''

2019-02-01 11:43:43 - [TEST_STEP][PASSED] - navigateToUrl(CCURL): Navigate to 'https://kirona-def-6.kirona.com/jmprep/login#!loginView' successfully

2019-02-01 11:43:44 - [MESSAGE][PASSED] - Navigate to 'https://kirona-def-6.kirona.com/jmprep/login#!loginView' successfully

2019-02-01 11:43:44 - [TEST_STEP][PASSED] - setText(findTestObject("FSM1/Control Centre/Page_Job Manager Login/input_gwt-uid-3"), Username): Text 'jon.hatfield' is set on object 'Object Repository/FSM1/Control Centre/Page_Job Manager Login/input_gwt-uid-3'

2019-02-01 11:43:45 - [MESSAGE][PASSED] - Text 'jon.hatfield' is set on object 'Object Repository/FSM1/Control Centre/Page_Job Manager Login/input_gwt-uid-3'

2019-02-01 11:43:45 - [TEST_STEP][PASSED] - setText(findTestObject("FSM1/Control Centre/Page_Job Manager Login/input_gwt-uid-5"), Password): Text 'Fr@nc1sJ0n' is set on object 'Object Repository/FSM1/Control Centre/Page_Job Manager Login/input_gwt-uid-5'

2019-02-01 11:43:45 - [MESSAGE][PASSED] - Text 'Fr@nc1sJ0n' is set on object 'Object Repository/FSM1/Control Centre/Page_Job Manager Login/input_gwt-uid-5'

2019-02-01 11:43:45 - [TEST_STEP][PASSED] - delay(2): Delayed 2 second(s)

2019-02-01 11:43:47 - [MESSAGE][PASSED] - Delayed 2 second(s)

2019-02-01 11:43:47 - [TEST_STEP][PASSED] - click(findTestObject("FSM1/PreProd/Page_Job Manager Login/div_Login")): Object: 'Object Repository/FSM1/PreProd/Page_Job Manager Login/div_Login' is clicked on

2019-02-01 11:43:47 - [MESSAGE][PASSED] - Object: 'Object Repository/FSM1/PreProd/Page_Job Manager Login/div_Login' is clicked on

2019-02-01 11:43:47 - [TEST_STEP][PASSED] - delay(5): Delayed 5 second(s)

2019-02-01 11:43:52 - [MESSAGE][PASSED] - Delayed 5 second(s)]]></system-out>
         <system-err><![CDATA[]]></system-err>
      </testcase>
      <testcase name="Test Cases/PMM/Generic/Create PMM Inspection" classname="Test Cases/PMM/Generic/Create PMM Inspection" status="PASSED">
         <system-out><![CDATA[2019-02-01 11:43:52 - [TEST_CASE][PASSED] - Test Cases/PMM/Generic/Create PMM Inspection: Test Cases/PMM/Generic/Create PMM Inspection

2019-02-01 11:43:52 - [TEST_STEP][PASSED] - log = new com.kms.katalon.core.logging.KeywordLogger(): null

2019-02-01 11:43:52 - [TEST_STEP][PASSED] - waitForElementClickable(findTestObject("Object Repository/FSM1/Create PMM Inspection/a/Page_JM Control Centre/Page_JM Control Centre/div_Create"), 60, STOP_ON_FAILURE): Object 'Object Repository/FSM1/Create PMM Inspection/a/Page_JM Control Centre/Page_JM Control Centre/div_Create' is clickable

2019-02-01 11:44:00 - [MESSAGE][PASSED] - Object 'Object Repository/FSM1/Create PMM Inspection/a/Page_JM Control Centre/Page_JM Control Centre/div_Create' is clickable

2019-02-01 11:44:00 - [TEST_STEP][PASSED] - delay(2): Delayed 2 second(s)

2019-02-01 11:44:02 - [MESSAGE][PASSED] - Delayed 2 second(s)

2019-02-01 11:44:02 - [TEST_STEP][PASSED] - click(findTestObject("Object Repository/FSM1/Create PMM Inspection/a/Page_JM Control Centre/Page_JM Control Centre/div_Create")): Object: 'Object Repository/FSM1/Create PMM Inspection/a/Page_JM Control Centre/Page_JM Control Centre/div_Create' is clicked on

2019-02-01 11:44:02 - [MESSAGE][PASSED] - Object: 'Object Repository/FSM1/Create PMM Inspection/a/Page_JM Control Centre/Page_JM Control Centre/div_Create' is clicked on

2019-02-01 11:44:02 - [TEST_STEP][PASSED] - delay(2): Delayed 2 second(s)

2019-02-01 11:44:04 - [MESSAGE][PASSED] - Delayed 2 second(s)

2019-02-01 11:44:04 - [TEST_STEP][PASSED] - setText(findTestObject("Object Repository/FSM1/Create PMM Inspection/a/Page_JM Control Centre/Page_JM Control Centre/input_Type_gwt-uid-8"), PMMInspectionType): Text 'PMR03A - Producer Compliance / Follow Up Inspection' is set on object 'Object Repository/FSM1/Create PMM Inspection/a/Page_JM Control Centre/Page_JM Control Centre/input_Type_gwt-uid-8'

2019-02-01 11:44:05 - [MESSAGE][PASSED] - Text 'PMR03A - Producer Compliance / Follow Up Inspection' is set on object 'Object Repository/FSM1/Create PMM Inspection/a/Page_JM Control Centre/Page_JM Control Centre/input_Type_gwt-uid-8'

2019-02-01 11:44:05 - [TEST_STEP][PASSED] - PMMInspectionType = modifyObjectProperty(findTestObject("Object Repository/FSM1/Create PMM Inspection/a/Page_JM Control Centre/Page_JM Control Centre/span_PMR03A - Producer Complia"), "text", "equals", PMMInspectionType, true): Modify property of object successfully

2019-02-01 11:44:05 - [MESSAGE][PASSED] - Modify property of object successfully

2019-02-01 11:44:05 - [TEST_STEP][PASSED] - click(PMMInspectionType, STOP_ON_FAILURE): Object: 'Object Repository/FSM1/Create PMM Inspection/a/Page_JM Control Centre/Page_JM Control Centre/span_PMR03A - Producer Complia' is clicked on

2019-02-01 11:44:05 - [MESSAGE][PASSED] - Object: 'Object Repository/FSM1/Create PMM Inspection/a/Page_JM Control Centre/Page_JM Control Centre/span_PMR03A - Producer Complia' is clicked on

2019-02-01 11:44:05 - [TEST_STEP][PASSED] - click(findTestObject("FSM1/Control Centre/Create EMI Inspection New/Page_JM Control Centre/div_v-filterselect-button_1")): Object: 'Object Repository/FSM1/Control Centre/Create EMI Inspection New/Page_JM Control Centre/div_v-filterselect-button_1' is clicked on

2019-02-01 11:44:07 - [MESSAGE][PASSED] - Object: 'Object Repository/FSM1/Control Centre/Create EMI Inspection New/Page_JM Control Centre/div_v-filterselect-button_1' is clicked on

2019-02-01 11:44:07 - [TEST_STEP][PASSED] - click(findTestObject("FSM1/Control Centre/Create EMI Inspection New/Page_JM Control Centre/span_24 Hours")): Object: 'Object Repository/FSM1/Control Centre/Create EMI Inspection New/Page_JM Control Centre/span_24 Hours' is clicked on

2019-02-01 11:44:08 - [MESSAGE][PASSED] - Object: 'Object Repository/FSM1/Control Centre/Create EMI Inspection New/Page_JM Control Centre/span_24 Hours' is clicked on

2019-02-01 11:44:08 - [TEST_STEP][PASSED] - setText(findTestObject("Object Repository/FSM1/Create PMM Inspection/a/Page_JM Control Centre/Page_JM Control Centre/input_Region_gwt-uid-24"), "w"): Text 'w' is set on object 'Object Repository/FSM1/Create PMM Inspection/a/Page_JM Control Centre/Page_JM Control Centre/input_Region_gwt-uid-24'

2019-02-01 11:44:08 - [MESSAGE][PASSED] - Text 'w' is set on object 'Object Repository/FSM1/Create PMM Inspection/a/Page_JM Control Centre/Page_JM Control Centre/input_Region_gwt-uid-24'

2019-02-01 11:44:08 - [TEST_STEP][PASSED] - click(findTestObject("Object Repository/FSM1/Create PMM Inspection/a/Page_JM Control Centre/Page_JM Control Centre/span_West")): Object: 'Object Repository/FSM1/Create PMM Inspection/a/Page_JM Control Centre/Page_JM Control Centre/span_West' is clicked on

2019-02-01 11:44:08 - [MESSAGE][PASSED] - Object: 'Object Repository/FSM1/Create PMM Inspection/a/Page_JM Control Centre/Page_JM Control Centre/span_West' is clicked on

2019-02-01 11:44:08 - [TEST_STEP][PASSED] - setText(findTestObject("Object Repository/FSM1/Create PMM Inspection/a/Page_JM Control Centre/Page_JM Control Centre/input_Priority_gwt-uid-26"), "h"): Text 'h' is set on object 'Object Repository/FSM1/Create PMM Inspection/a/Page_JM Control Centre/Page_JM Control Centre/input_Priority_gwt-uid-26'

2019-02-01 11:44:08 - [MESSAGE][PASSED] - Text 'h' is set on object 'Object Repository/FSM1/Create PMM Inspection/a/Page_JM Control Centre/Page_JM Control Centre/input_Priority_gwt-uid-26'

2019-02-01 11:44:08 - [TEST_STEP][PASSED] - click(findTestObject("Object Repository/FSM1/Create PMM Inspection/a/Page_JM Control Centre/Page_JM Control Centre/span_High")): Object: 'Object Repository/FSM1/Create PMM Inspection/a/Page_JM Control Centre/Page_JM Control Centre/span_High' is clicked on

2019-02-01 11:44:08 - [MESSAGE][PASSED] - Object: 'Object Repository/FSM1/Create PMM Inspection/a/Page_JM Control Centre/Page_JM Control Centre/span_High' is clicked on

2019-02-01 11:44:08 - [TEST_STEP][PASSED] - if (verifyElementPresent(findTestObject("JM_8918/PMM/Page_JM Control Centre/Page_JM Control Centre/InspectionType"), 2, OPTIONAL)): Object: 'Object Repository/FSM1/Create PMM Inspection/a/Page_JM Control Centre/Page_JM Control Centre/span_Extensive Indoor (Barn Re' is clicked on

2019-02-01 11:44:08 - [MESSAGE][PASSED] - Object 'Object Repository/JM_8918/PMM/Page_JM Control Centre/Page_JM Control Centre/InspectionType' is present

2019-02-01 11:44:08 - [TEST_STEP][PASSED] - setText(findTestObject("JM_8918/PMM/Page_JM Control Centre/Page_JM Control Centre/InspectionType"), "r"): Text 'r' is set on object 'Object Repository/JM_8918/PMM/Page_JM Control Centre/Page_JM Control Centre/InspectionType'

2019-02-01 11:44:08 - [MESSAGE][PASSED] - Text 'r' is set on object 'Object Repository/JM_8918/PMM/Page_JM Control Centre/Page_JM Control Centre/InspectionType'

2019-02-01 11:44:08 - [TEST_STEP][PASSED] - click(findTestObject("Object Repository/FSM1/Create PMM Inspection/a/Page_JM Control Centre/Page_JM Control Centre/span_Routine")): Object: 'Object Repository/FSM1/Create PMM Inspection/a/Page_JM Control Centre/Page_JM Control Centre/span_Routine' is clicked on

2019-02-01 11:44:09 - [MESSAGE][PASSED] - Object: 'Object Repository/FSM1/Create PMM Inspection/a/Page_JM Control Centre/Page_JM Control Centre/span_Routine' is clicked on

2019-02-01 11:44:09 - [TEST_STEP][PASSED] - click(findTestObject("Object Repository/FSM1/Create PMM Inspection/a/Page_JM Control Centre/Page_JM Control Centre/div_Production Type_v-filterse")): Object: 'Object Repository/FSM1/Create PMM Inspection/a/Page_JM Control Centre/Page_JM Control Centre/div_Production Type_v-filterse' is clicked on

2019-02-01 11:44:09 - [MESSAGE][PASSED] - Object: 'Object Repository/FSM1/Create PMM Inspection/a/Page_JM Control Centre/Page_JM Control Centre/div_Production Type_v-filterse' is clicked on

2019-02-01 11:44:09 - [TEST_STEP][PASSED] - click(findTestObject("Object Repository/FSM1/Create PMM Inspection/a/Page_JM Control Centre/Page_JM Control Centre/span_Extensive Indoor (Barn Re")): Object: 'Object Repository/FSM1/Create PMM Inspection/a/Page_JM Control Centre/Page_JM Control Centre/span_Extensive Indoor (Barn Re' is clicked on

2019-02-01 11:44:09 - [MESSAGE][PASSED] - Object: 'Object Repository/FSM1/Create PMM Inspection/a/Page_JM Control Centre/Page_JM Control Centre/span_Extensive Indoor (Barn Re' is clicked on

2019-02-01 11:44:09 - [TEST_STEP][PASSED] - click(findTestObject("Object Repository/FSM1/Create PMM Inspection/a/Page_JM Control Centre/Page_JM Control Centre/div_Species_v-filterselect-but")): Object: 'Object Repository/FSM1/Create PMM Inspection/a/Page_JM Control Centre/Page_JM Control Centre/div_Species_v-filterselect-but' is clicked on

2019-02-01 11:44:09 - [MESSAGE][PASSED] - Object: 'Object Repository/FSM1/Create PMM Inspection/a/Page_JM Control Centre/Page_JM Control Centre/div_Species_v-filterselect-but' is clicked on

2019-02-01 11:44:09 - [TEST_STEP][PASSED] - click(findTestObject("Object Repository/FSM1/Create PMM Inspection/a/Page_JM Control Centre/Page_JM Control Centre/span_Chicken")): Object: 'Object Repository/FSM1/Create PMM Inspection/a/Page_JM Control Centre/Page_JM Control Centre/span_Chicken' is clicked on

2019-02-01 11:44:09 - [MESSAGE][PASSED] - Object: 'Object Repository/FSM1/Create PMM Inspection/a/Page_JM Control Centre/Page_JM Control Centre/span_Chicken' is clicked on

2019-02-01 11:44:09 - [TEST_STEP][PASSED] - setText(findTestObject("Object Repository/JM_8918/PMM/Registration/Page_JM Control Centre/input_Keeper ID_gwt-uid-34"), RandomStringUtils.randomNumeric(5)): Text '33533' is set on object 'Object Repository/JM_8918/PMM/Registration/Page_JM Control Centre/input_Keeper ID_gwt-uid-34'

2019-02-01 11:44:09 - [MESSAGE][PASSED] - Text '33533' is set on object 'Object Repository/JM_8918/PMM/Registration/Page_JM Control Centre/input_Keeper ID_gwt-uid-34'

2019-02-01 11:44:09 - [TEST_STEP][PASSED] - setText(findTestObject("Object Repository/FSM1/Create PMM Inspection/a/Page_JM Control Centre/Page_JM Control Centre/input_Keeper ID_gwt-uid-36"), RandomStringUtils.randomNumeric(5)): Text '09767' is set on object 'Object Repository/FSM1/Create PMM Inspection/a/Page_JM Control Centre/Page_JM Control Centre/input_Keeper ID_gwt-uid-36'

2019-02-01 11:44:10 - [MESSAGE][PASSED] - Text '09767' is set on object 'Object Repository/FSM1/Create PMM Inspection/a/Page_JM Control Centre/Page_JM Control Centre/input_Keeper ID_gwt-uid-36'

2019-02-01 11:44:10 - [TEST_STEP][PASSED] - setText(findTestObject("Object Repository/FSM1/Create PMM Inspection/a/Page_JM Control Centre/Page_JM Control Centre/input_Keeper Name_gwt-uid-38"), RandomStringUtils.randomNumeric(5)): Text '51223' is set on object 'Object Repository/FSM1/Create PMM Inspection/a/Page_JM Control Centre/Page_JM Control Centre/input_Keeper Name_gwt-uid-38'

2019-02-01 11:44:10 - [MESSAGE][PASSED] - Text '51223' is set on object 'Object Repository/FSM1/Create PMM Inspection/a/Page_JM Control Centre/Page_JM Control Centre/input_Keeper Name_gwt-uid-38'

2019-02-01 11:44:10 - [TEST_STEP][PASSED] - setText(findTestObject("Object Repository/FSM1/Create PMM Inspection/a/Page_JM Control Centre/Page_JM Control Centre/input_Keeper Contact Name_gwt-"), RandomStringUtils.randomNumeric(5)): Text '79908' is set on object 'Object Repository/FSM1/Create PMM Inspection/a/Page_JM Control Centre/Page_JM Control Centre/input_Keeper Contact Name_gwt-'

2019-02-01 11:44:10 - [MESSAGE][PASSED] - Text '79908' is set on object 'Object Repository/FSM1/Create PMM Inspection/a/Page_JM Control Centre/Page_JM Control Centre/input_Keeper Contact Name_gwt-'

2019-02-01 11:44:10 - [TEST_STEP][PASSED] - setText(findTestObject("Object Repository/JM_8918/PMM/Registration/Page_JM Control Centre/input_Location ID_gwt-uid-44"), RandomStringUtils.randomNumeric(5)): Text '19684' is set on object 'Object Repository/JM_8918/PMM/Registration/Page_JM Control Centre/input_Location ID_gwt-uid-44'

2019-02-01 11:44:10 - [MESSAGE][PASSED] - Text '19684' is set on object 'Object Repository/JM_8918/PMM/Registration/Page_JM Control Centre/input_Location ID_gwt-uid-44'

2019-02-01 11:44:10 - [TEST_STEP][PASSED] - setText(findTestObject("Object Repository/JM_8918/PMM/Registration/Page_JM Control Centre/input_Customer ID_gwt-uid-48"), RandomStringUtils.randomNumeric(5)): Text '31985' is set on object 'Object Repository/JM_8918/PMM/Registration/Page_JM Control Centre/input_Customer ID_gwt-uid-48'

2019-02-01 11:44:10 - [MESSAGE][PASSED] - Text '31985' is set on object 'Object Repository/JM_8918/PMM/Registration/Page_JM Control Centre/input_Customer ID_gwt-uid-48'

2019-02-01 11:44:10 - [TEST_STEP][PASSED] - setText(findTestObject("Object Repository/JM_8918/PMM/Registration/Page_JM Control Centre/input_Customer Name_gwt-uid-50"), RandomStringUtils.randomNumeric(5)): Text '50407' is set on object 'Object Repository/JM_8918/PMM/Registration/Page_JM Control Centre/input_Customer Name_gwt-uid-50'

2019-02-01 11:44:11 - [MESSAGE][PASSED] - Text '50407' is set on object 'Object Repository/JM_8918/PMM/Registration/Page_JM Control Centre/input_Customer Name_gwt-uid-50'

2019-02-01 11:44:11 - [TEST_STEP][PASSED] - setText(findTestObject("Object Repository/JM_8918/PMM/Registration/Page_JM Control Centre/input_Customer Contact Name_gw"), RandomStringUtils.randomNumeric(5)): Text '05016' is set on object 'Object Repository/JM_8918/PMM/Registration/Page_JM Control Centre/input_Customer Contact Name_gw'

2019-02-01 11:44:11 - [MESSAGE][PASSED] - Text '05016' is set on object 'Object Repository/JM_8918/PMM/Registration/Page_JM Control Centre/input_Customer Contact Name_gw'

2019-02-01 11:44:11 - [TEST_STEP][PASSED] - setText(findTestObject("Object Repository/JM_8918/PMM/Registration/Page_JM Control Centre/input_County Parish Holding (C"), RandomStringUtils.randomNumeric(5)): Text '33782' is set on object 'Object Repository/JM_8918/PMM/Registration/Page_JM Control Centre/input_County Parish Holding (C'

2019-02-01 11:44:11 - [MESSAGE][PASSED] - Text '33782' is set on object 'Object Repository/JM_8918/PMM/Registration/Page_JM Control Centre/input_County Parish Holding (C'

2019-02-01 11:44:11 - [TEST_STEP][PASSED] - setText(findTestObject("Object Repository/JM_8918/PMM/Registration/Page_JM Control Centre/input_CPHH_gwt-uid-64"), RandomStringUtils.randomNumeric(5)): Text '11901' is set on object 'Object Repository/JM_8918/PMM/Registration/Page_JM Control Centre/input_CPHH_gwt-uid-64'

2019-02-01 11:44:11 - [MESSAGE][PASSED] - Text '11901' is set on object 'Object Repository/JM_8918/PMM/Registration/Page_JM Control Centre/input_CPHH_gwt-uid-64'

2019-02-01 11:44:11 - [TEST_STEP][PASSED] - click(findTestObject("FSM1/Control Centre/Create EMI Inspection/Page_JM Control Centre/span_")): Object: 'Object Repository/FSM1/Control Centre/Create EMI Inspection/Page_JM Control Centre/span_' is clicked on

2019-02-01 11:44:11 - [MESSAGE][PASSED] - Object: 'Object Repository/FSM1/Control Centre/Create EMI Inspection/Page_JM Control Centre/span_' is clicked on

2019-02-01 11:44:11 - [TEST_STEP][PASSED] - click(findTestObject("FSM1/Control Centre/Create EMI Inspection/Address Search/Page_JM Control Centre/Postcode Search")): Object: 'Object Repository/FSM1/Control Centre/Create EMI Inspection/Address Search/Page_JM Control Centre/Postcode Search' is clicked on

2019-02-01 11:44:12 - [MESSAGE][PASSED] - Object: 'Object Repository/FSM1/Control Centre/Create EMI Inspection/Address Search/Page_JM Control Centre/Postcode Search' is clicked on

2019-02-01 11:44:12 - [TEST_STEP][PASSED] - setText(findTestObject("FSM1/PreProd/Page_JM Control Centre/PostcodeSearch"), findTestData("Pre Production/PMM/PMM Inspection Data").getValue(1, 1)): Text 'WR5 2NQ' is set on object 'Object Repository/FSM1/PreProd/Page_JM Control Centre/PostcodeSearch'

2019-02-01 11:44:12 - [MESSAGE][PASSED] - Text 'WR5 2NQ' is set on object 'Object Repository/FSM1/PreProd/Page_JM Control Centre/PostcodeSearch'

2019-02-01 11:44:12 - [TEST_STEP][PASSED] - doubleClick(findTestObject("JM_8918/Page_JM Control Centre/div_Search")): Object: 'Object Repository/JM_8918/Page_JM Control Centre/div_Search' is double clicked on

2019-02-01 11:44:13 - [MESSAGE][PASSED] - Object: 'Object Repository/JM_8918/Page_JM Control Centre/div_Search' is double clicked on

2019-02-01 11:44:13 - [TEST_STEP][PASSED] - FullAddress = modifyObjectProperty(findTestObject("FSM1/Control Centre/Create EMI Inspection/Page_JM Control Centre/Address"), "text", "equals", findTestData("Pre Production/PMM/PMM Inspection Data").getValue(2, 1), true): Modify property of object successfully

2019-02-01 11:44:13 - [MESSAGE][PASSED] - Modify property of object successfully

2019-02-01 11:44:13 - [TEST_STEP][PASSED] - click(FullAddress, STOP_ON_FAILURE): Object: 'Object Repository/FSM1/Control Centre/Create EMI Inspection/Page_JM Control Centre/Address' is clicked on

2019-02-01 11:44:14 - [MESSAGE][PASSED] - Object: 'Object Repository/FSM1/Control Centre/Create EMI Inspection/Page_JM Control Centre/Address' is clicked on

2019-02-01 11:44:14 - [TEST_STEP][PASSED] - click(findTestObject("FSM1/Control Centre/Create EMI Inspection/Create Address/Page_JM Control Centre (2)/div_Add Selected Item")): Object: 'Object Repository/FSM1/Control Centre/Create EMI Inspection/Create Address/Page_JM Control Centre (2)/div_Add Selected Item' is clicked on

2019-02-01 11:44:14 - [MESSAGE][PASSED] - Object: 'Object Repository/FSM1/Control Centre/Create EMI Inspection/Create Address/Page_JM Control Centre (2)/div_Add Selected Item' is clicked on

2019-02-01 11:44:14 - [TEST_STEP][PASSED] - delay(5): Delayed 5 second(s)

2019-02-01 11:44:19 - [MESSAGE][PASSED] - Delayed 5 second(s)

2019-02-01 11:44:19 - [TEST_STEP][PASSED] - setText(findTestObject("Object Repository/JM_8918/EMI/Fixed Resource/Page_JM Control Centre/input_Fixed Resource_gwt-uid-1"), "test"): Text 'test' is set on object 'Object Repository/JM_8918/EMI/Fixed Resource/Page_JM Control Centre/input_Fixed Resource_gwt-uid-1'

2019-02-01 11:44:20 - [MESSAGE][PASSED] - Text 'test' is set on object 'Object Repository/JM_8918/EMI/Fixed Resource/Page_JM Control Centre/input_Fixed Resource_gwt-uid-1'

2019-02-01 11:44:20 - [TEST_STEP][PASSED] - click(findTestObject("Object Repository/JM_8918/EMI/Fixed Resource/Page_JM Control Centre/span_Test Inspector")): Object: 'Object Repository/JM_8918/EMI/Fixed Resource/Page_JM Control Centre/span_Test Inspector' is clicked on

2019-02-01 11:44:20 - [MESSAGE][PASSED] - Object: 'Object Repository/JM_8918/EMI/Fixed Resource/Page_JM Control Centre/span_Test Inspector' is clicked on

2019-02-01 11:44:20 - [TEST_STEP][PASSED] - delay(2): Delayed 2 second(s)

2019-02-01 11:44:22 - [MESSAGE][PASSED] - Delayed 2 second(s)

2019-02-01 11:44:22 - [TEST_STEP][PASSED] - click(findTestObject("Object Repository/JM_8918/PMM/Page_JM Control Centre/div_Auto Schedulable_v-filters")): Object: 'Object Repository/JM_8918/PMM/Page_JM Control Centre/div_Auto Schedulable_v-filters' is clicked on

2019-02-01 11:44:22 - [MESSAGE][PASSED] - Object: 'Object Repository/JM_8918/PMM/Page_JM Control Centre/div_Auto Schedulable_v-filters' is clicked on

2019-02-01 11:44:22 - [TEST_STEP][PASSED] - click(findTestObject("Object Repository/JM_8918/PMM/Page_JM Control Centre/span_Yes")): Object: 'Object Repository/JM_8918/PMM/Page_JM Control Centre/span_Yes' is clicked on

2019-02-01 11:44:22 - [MESSAGE][PASSED] - Object: 'Object Repository/JM_8918/PMM/Page_JM Control Centre/span_Yes' is clicked on

2019-02-01 11:44:22 - [TEST_STEP][PASSED] - delay(2): Delayed 2 second(s)

2019-02-01 11:44:24 - [MESSAGE][PASSED] - Delayed 2 second(s)

2019-02-01 11:44:24 - [TEST_STEP][PASSED] - click(findTestObject("Object Repository/JM_8918/PMM/Page_JM Control Centre/div_Create")): Object: 'Object Repository/JM_8918/PMM/Page_JM Control Centre/div_Create' is clicked on

2019-02-01 11:44:24 - [MESSAGE][PASSED] - Object: 'Object Repository/JM_8918/PMM/Page_JM Control Centre/div_Create' is clicked on

2019-02-01 11:44:24 - [TEST_STEP][PASSED] - waitForElementPresent(findTestObject("FSM1/Control Centre/Status/Page_JM Control Centre/div_PLANNED DYNAMIC"), 120, STOP_ON_FAILURE): Object 'Object Repository/FSM1/Control Centre/Status/Page_JM Control Centre/div_PLANNED DYNAMIC' is present

2019-02-01 11:45:07 - [MESSAGE][PASSED] - Object 'Object Repository/FSM1/Control Centre/Status/Page_JM Control Centre/div_PLANNED DYNAMIC' is present

2019-02-01 11:45:07 - [TEST_STEP][PASSED] - InspectionID = getText(findTestObject("FSM1/Control Centre/Create EMI Inspection/InspectionID/Page_JM Control Centre/InspectionID")): Text of object 'Object Repository/FSM1/Control Centre/Create EMI Inspection/InspectionID/Page_JM Control Centre/InspectionID' is: 'Viewing Job 103635'

2019-02-01 11:45:07 - [MESSAGE][PASSED] - Text of object 'Object Repository/FSM1/Control Centre/Create EMI Inspection/InspectionID/Page_JM Control Centre/InspectionID' is: 'Viewing Job 103635'

2019-02-01 11:45:07 - [TEST_STEP][PASSED] - InspectionID = InspectionID.replaceAll("Viewing Job ", ""): null

2019-02-01 11:45:07 - [TEST_STEP][PASSED] - log.logWarning(InspectionID): 103635

2019-02-01 11:45:07 - [MESSAGE][WARNING] - 103635

2019-02-01 11:45:07 - [TEST_STEP][PASSED] - temp = InspectionID: null

2019-02-01 11:45:07 - [TEST_STEP][PASSED] - delay(90): Delayed 90 second(s)

2019-02-01 11:46:37 - [MESSAGE][PASSED] - Delayed 90 second(s)]]></system-out>
         <system-err><![CDATA[]]></system-err>
      </testcase>
      <testcase name="Test Cases/Generic/Launch Job Manager" classname="Test Cases/Generic/Launch Job Manager" status="PASSED">
         <system-out><![CDATA[2019-02-01 11:46:37 - [TEST_CASE][PASSED] - Test Cases/Generic/Launch Job Manager: Test Cases/Generic/Launch Job Manager

2019-02-01 11:46:37 - [TEST_STEP][PASSED] - openBrowser(""): Browser is opened with url: ''

2019-02-01 11:46:37 - [MESSAGE][WARNING] - A browser is already opened. Closing browser and opening a new one

2019-02-01 11:46:38 - [MESSAGE][INFO] - Starting 'Chrome' driver

2019-02-01 11:46:40 - [MESSAGE][PASSED] - Browser is opened with url: ''

2019-02-01 11:46:40 - [TEST_STEP][PASSED] - navigateToUrl(JMURL): Navigate to 'https://kirona-def-6.kirona.com/jmprep/jclient/jclient.html' successfully

2019-02-01 11:46:41 - [MESSAGE][PASSED] - Navigate to 'https://kirona-def-6.kirona.com/jmprep/jclient/jclient.html' successfully

2019-02-01 11:46:41 - [TEST_STEP][PASSED] - delay(3): Delayed 3 second(s)

2019-02-01 11:46:44 - [MESSAGE][PASSED] - Delayed 3 second(s)

2019-02-01 11:46:44 - [TEST_STEP][PASSED] - setText(findTestObject("FSM1/Launch Application/Page_JClient/input_gwt-TextBox GKH2EKQBMDB"), "KIR1"): Text 'KIR1' is set on object 'Object Repository/FSM1/Launch Application/Page_JClient/input_gwt-TextBox GKH2EKQBMDB'

2019-02-01 11:46:44 - [MESSAGE][PASSED] - Text 'KIR1' is set on object 'Object Repository/FSM1/Launch Application/Page_JClient/input_gwt-TextBox GKH2EKQBMDB'

2019-02-01 11:46:44 - [TEST_STEP][PASSED] - sendKeys(findTestObject("FSM1/Launch Application/Page_JClient/input_gwt-TextBox GKH2EKQBMDB"), Keys.chord(ENTER)): Keys 'ENTER + ' sent to object: 'Object Repository/FSM1/Launch Application/Page_JClient/input_gwt-TextBox GKH2EKQBMDB'

2019-02-01 11:46:44 - [MESSAGE][PASSED] - Keys 'ENTER + ' sent to object: 'Object Repository/FSM1/Launch Application/Page_JClient/input_gwt-TextBox GKH2EKQBMDB'

2019-02-01 11:46:44 - [TEST_STEP][PASSED] - delay(3): Delayed 3 second(s)

2019-02-01 11:46:47 - [MESSAGE][PASSED] - Delayed 3 second(s)

2019-02-01 11:46:47 - [TEST_STEP][PASSED] - click(findTestObject("FSM1/Launch Application/Page_JClient/div_Configure App")): Object: 'Object Repository/FSM1/Launch Application/Page_JClient/div_Configure App' is clicked on

2019-02-01 11:46:47 - [MESSAGE][PASSED] - Object: 'Object Repository/FSM1/Launch Application/Page_JClient/div_Configure App' is clicked on

2019-02-01 11:46:47 - [TEST_STEP][PASSED] - setText(findTestObject("FSM1/Launch Application/Page_JClient/input_gwt-TextBox GKH2EKQBNHC"), findTestData("Pre Production/Environmental/UandP").getValue(3, 1)): Text 'test.inspector' is set on object 'Object Repository/FSM1/Launch Application/Page_JClient/input_gwt-TextBox GKH2EKQBNHC'

2019-02-01 11:46:48 - [MESSAGE][PASSED] - Text 'test.inspector' is set on object 'Object Repository/FSM1/Launch Application/Page_JClient/input_gwt-TextBox GKH2EKQBNHC'

2019-02-01 11:46:48 - [TEST_STEP][PASSED] - setText(findTestObject("FSM1/Launch Application/Page_JClient/input_gwt-PasswordTextBox GKH2"), findTestData("Pre Production/Environmental/UandP").getValue(4, 1)): Text 'Password1.' is set on object 'Object Repository/FSM1/Launch Application/Page_JClient/input_gwt-PasswordTextBox GKH2'

2019-02-01 11:46:48 - [MESSAGE][PASSED] - Text 'Password1.' is set on object 'Object Repository/FSM1/Launch Application/Page_JClient/input_gwt-PasswordTextBox GKH2'

2019-02-01 11:46:48 - [TEST_STEP][PASSED] - click(findTestObject("FSM1/Launch Application/Page_JClient/div_Sign In")): Object: 'Object Repository/FSM1/Launch Application/Page_JClient/div_Sign In' is clicked on

2019-02-01 11:46:48 - [MESSAGE][PASSED] - Object: 'Object Repository/FSM1/Launch Application/Page_JClient/div_Sign In' is clicked on

2019-02-01 11:46:48 - [TEST_STEP][PASSED] - delay(15): Delayed 15 second(s)

2019-02-01 11:47:03 - [MESSAGE][PASSED] - Delayed 15 second(s)]]></system-out>
         <system-err><![CDATA[]]></system-err>
      </testcase>
      <testcase name="Test Cases/Generic/Select Inspection For Rejection - No Creation of New Inspection 1" classname="Test Cases/Generic/Select Inspection For Rejection - No Creation of New Inspection 1" status="PASSED">
         <system-out><![CDATA[2019-02-01 11:47:03 - [TEST_CASE][PASSED] - Test Cases/Generic/Select Inspection For Rejection - No Creation of New Inspection 1: Test Cases/Generic/Select Inspection For Rejection - No Creation of New Inspection 1

2019-02-01 11:47:04 - [TEST_STEP][PASSED] - delay(30): Delayed 30 second(s)

2019-02-01 11:47:34 - [MESSAGE][PASSED] - Delayed 30 second(s)

2019-02-01 11:47:34 - [TEST_STEP][PASSED] - waitForElementClickable(findTestObject("JM_8918/Page_JM Control Centre/Page_JM Control Centre/Page_JClient/Refresh"), 250): Object 'Object Repository/JM_8918/Page_JM Control Centre/Page_JM Control Centre/Page_JClient/Refresh' is clickable

2019-02-01 11:47:34 - [MESSAGE][PASSED] - Object 'Object Repository/JM_8918/Page_JM Control Centre/Page_JM Control Centre/Page_JClient/Refresh' is clickable

2019-02-01 11:47:34 - [TEST_STEP][PASSED] - click(findTestObject("JM_8918/Page_JM Control Centre/Page_JM Control Centre/Page_JClient/Refresh")): Object: 'Object Repository/JM_8918/Page_JM Control Centre/Page_JM Control Centre/Page_JClient/Refresh' is clicked on

2019-02-01 11:47:34 - [MESSAGE][PASSED] - Object: 'Object Repository/JM_8918/Page_JM Control Centre/Page_JM Control Centre/Page_JClient/Refresh' is clicked on

2019-02-01 11:47:34 - [TEST_STEP][PASSED] - waitForElementClickable(findTestObject("JM_8918/Page_JM Control Centre/Page_JM Control Centre/Page_JClient/Refresh"), 250): Object 'Object Repository/JM_8918/Page_JM Control Centre/Page_JM Control Centre/Page_JClient/Refresh' is clickable

2019-02-01 11:47:34 - [MESSAGE][PASSED] - Object 'Object Repository/JM_8918/Page_JM Control Centre/Page_JM Control Centre/Page_JClient/Refresh' is clickable

2019-02-01 11:47:34 - [TEST_STEP][NOT_RUN] - delay(180): NOT_RUN: delay(180)

2019-02-01 11:47:34 - [MESSAGE][NOT_RUN] - NOT_RUN: delay(180)

2019-02-01 11:47:34 - [TEST_STEP][PASSED] - InspectionRef = modifyObjectProperty(findTestObject("Object Repository/FSM1/Reject Inspection/Page_JClient/div_35098"), "text", "equals", temp, true, STOP_ON_FAILURE): Modify property of object successfully

2019-02-01 11:47:34 - [MESSAGE][PASSED] - Modify property of object successfully

2019-02-01 11:47:34 - [TEST_STEP][PASSED] - delay(20): Delayed 20 second(s)

2019-02-01 11:47:54 - [MESSAGE][PASSED] - Delayed 20 second(s)

2019-02-01 11:47:54 - [TEST_STEP][PASSED] - if (verifyElementPresent(InspectionRef, 30, OPTIONAL)): Object: 'Object Repository/FSM1/Reject Inspection/Page_JClient/div_35098' is clicked on

2019-02-01 11:47:54 - [MESSAGE][PASSED] - Object 'Object Repository/FSM1/Reject Inspection/Page_JClient/div_35098' is present

2019-02-01 11:47:54 - [TEST_STEP][PASSED] - delay(3): Delayed 3 second(s)

2019-02-01 11:47:57 - [MESSAGE][PASSED] - Delayed 3 second(s)

2019-02-01 11:47:57 - [TEST_STEP][PASSED] - click(InspectionRef): Object: 'Object Repository/FSM1/Reject Inspection/Page_JClient/div_35098' is clicked on

2019-02-01 11:47:57 - [MESSAGE][PASSED] - Object: 'Object Repository/FSM1/Reject Inspection/Page_JClient/div_35098' is clicked on

2019-02-01 11:47:57 - [TEST_STEP][PASSED] - click(findTestObject("FSM1/Select Inspection/Page_JClient/div_WITH OPERATIVE")): Object: 'Object Repository/FSM1/Select Inspection/Page_JClient/div_WITH OPERATIVE' is clicked on

2019-02-01 11:47:57 - [MESSAGE][PASSED] - Object: 'Object Repository/FSM1/Select Inspection/Page_JClient/div_WITH OPERATIVE' is clicked on

2019-02-01 11:47:57 - [TEST_STEP][PASSED] - delay(2): Delayed 2 second(s)

2019-02-01 11:47:59 - [MESSAGE][PASSED] - Delayed 2 second(s)

2019-02-01 11:47:59 - [TEST_STEP][PASSED] - click(findTestObject("Object Repository/FSM1/Reject Inspection/Page_JClient/div_REJECTED")): Object: 'Object Repository/FSM1/Reject Inspection/Page_JClient/div_REJECTED' is clicked on

2019-02-01 11:48:00 - [MESSAGE][PASSED] - Object: 'Object Repository/FSM1/Reject Inspection/Page_JClient/div_REJECTED' is clicked on

2019-02-01 11:48:00 - [TEST_STEP][PASSED] - delay(2): Delayed 2 second(s)

2019-02-01 11:48:02 - [MESSAGE][PASSED] - Delayed 2 second(s)

2019-02-01 11:48:02 - [TEST_STEP][PASSED] - selectOptionByValue(findTestObject("Object Repository/Release27/Rejections/Page_JClient/select_Availability ChangeTech"), "Availability Change", true): All options with value 'Availability Change' are selected in object 'Object Repository/Release27/Rejections/Page_JClient/select_Availability ChangeTech'  using regular expression

2019-02-01 11:48:02 - [MESSAGE][PASSED] - All options with value 'Availability Change' are selected in object 'Object Repository/Release27/Rejections/Page_JClient/select_Availability ChangeTech'  using regular expression

2019-02-01 11:48:02 - [TEST_STEP][PASSED] - selectOptionByValue(findTestObject("Object Repository/Release27/Rejections/Page_JClient/select_Emergency Personal Reas"), "Availability Change - Emergency Personal Reason", true): All options with value 'Availability Change - Emergency Personal Reason' are selected in object 'Object Repository/Release27/Rejections/Page_JClient/select_Emergency Personal Reas'  using regular expression

2019-02-01 11:48:02 - [MESSAGE][PASSED] - All options with value 'Availability Change - Emergency Personal Reason' are selected in object 'Object Repository/Release27/Rejections/Page_JClient/select_Emergency Personal Reas'  using regular expression

2019-02-01 11:48:02 - [TEST_STEP][PASSED] - selectOptionByValue(findTestObject("Object Repository/Release27/Rejections/Page_JClient/select_Emergency Personal Reas"), "Availability Change - Higher priority work - Other", true): All options with value 'Availability Change - Higher priority work - Other' are selected in object 'Object Repository/Release27/Rejections/Page_JClient/select_Emergency Personal Reas'  using regular expression

2019-02-01 11:48:02 - [MESSAGE][PASSED] - All options with value 'Availability Change - Higher priority work - Other' are selected in object 'Object Repository/Release27/Rejections/Page_JClient/select_Emergency Personal Reas'  using regular expression

2019-02-01 11:48:02 - [TEST_STEP][PASSED] - selectOptionByValue(findTestObject("Object Repository/Release27/Rejections/Page_JClient/select_Emergency Personal Reas"), "Availability Change - Higher priority work - Report Case", true): All options with value 'Availability Change - Higher priority work - Report Case' are selected in object 'Object Repository/Release27/Rejections/Page_JClient/select_Emergency Personal Reas'  using regular expression

2019-02-01 11:48:02 - [MESSAGE][PASSED] - All options with value 'Availability Change - Higher priority work - Report Case' are selected in object 'Object Repository/Release27/Rejections/Page_JClient/select_Emergency Personal Reas'  using regular expression

2019-02-01 11:48:02 - [TEST_STEP][PASSED] - selectOptionByValue(findTestObject("Object Repository/Release27/Rejections/Page_JClient/select_Emergency Personal Reas"), "Availability Change - Higher priority work - Welfare", true): All options with value 'Availability Change - Higher priority work - Welfare' are selected in object 'Object Repository/Release27/Rejections/Page_JClient/select_Emergency Personal Reas'  using regular expression

2019-02-01 11:48:03 - [MESSAGE][PASSED] - All options with value 'Availability Change - Higher priority work - Welfare' are selected in object 'Object Repository/Release27/Rejections/Page_JClient/select_Emergency Personal Reas'  using regular expression

2019-02-01 11:48:03 - [TEST_STEP][PASSED] - selectOptionByValue(findTestObject("Object Repository/Release27/Rejections/Page_JClient/select_Emergency Personal Reas"), "Availability Change - Packing and despatching of samples", true): All options with value 'Availability Change - Packing and despatching of samples' are selected in object 'Object Repository/Release27/Rejections/Page_JClient/select_Emergency Personal Reas'  using regular expression

2019-02-01 11:48:03 - [MESSAGE][PASSED] - All options with value 'Availability Change - Packing and despatching of samples' are selected in object 'Object Repository/Release27/Rejections/Page_JClient/select_Emergency Personal Reas'  using regular expression

2019-02-01 11:48:03 - [TEST_STEP][PASSED] - selectOptionByValue(findTestObject("Object Repository/Release27/Rejections/Page_JClient/select_Emergency Personal Reas"), "Availability Change - Previous task took longer than planned / Follow up activities required", true): All options with value 'Availability Change - Previous task took longer than planned / Follow up activities required' are selected in object 'Object Repository/Release27/Rejections/Page_JClient/select_Emergency Personal Reas'  using regular expression

2019-02-01 11:48:03 - [MESSAGE][PASSED] - All options with value 'Availability Change - Previous task took longer than planned / Follow up activities required' are selected in object 'Object Repository/Release27/Rejections/Page_JClient/select_Emergency Personal Reas'  using regular expression

2019-02-01 11:48:03 - [TEST_STEP][PASSED] - selectOptionByValue(findTestObject("Object Repository/Release27/Rejections/Page_JClient/select_Emergency Personal Reas"), "Availability Change - Sick", true): All options with value 'Availability Change - Sick' are selected in object 'Object Repository/Release27/Rejections/Page_JClient/select_Emergency Personal Reas'  using regular expression

2019-02-01 11:48:03 - [MESSAGE][PASSED] - All options with value 'Availability Change - Sick' are selected in object 'Object Repository/Release27/Rejections/Page_JClient/select_Emergency Personal Reas'  using regular expression

2019-02-01 11:48:03 - [TEST_STEP][PASSED] - selectOptionByValue(findTestObject("Object Repository/Release27/Rejections/Page_JClient/select_Emergency Personal Reas"), "Availability Change - Tracing activity commenced", true): All options with value 'Availability Change - Tracing activity commenced' are selected in object 'Object Repository/Release27/Rejections/Page_JClient/select_Emergency Personal Reas'  using regular expression

2019-02-01 11:48:03 - [MESSAGE][PASSED] - All options with value 'Availability Change - Tracing activity commenced' are selected in object 'Object Repository/Release27/Rejections/Page_JClient/select_Emergency Personal Reas'  using regular expression

2019-02-01 11:48:03 - [TEST_STEP][PASSED] - selectOptionByValue(findTestObject("Object Repository/Release27/Rejections/Page_JClient/select_Emergency Personal Reas"), "Availability Change - Traffic Delay", true): All options with value 'Availability Change - Traffic Delay' are selected in object 'Object Repository/Release27/Rejections/Page_JClient/select_Emergency Personal Reas'  using regular expression

2019-02-01 11:48:04 - [MESSAGE][PASSED] - All options with value 'Availability Change - Traffic Delay' are selected in object 'Object Repository/Release27/Rejections/Page_JClient/select_Emergency Personal Reas'  using regular expression

2019-02-01 11:48:04 - [TEST_STEP][PASSED] - selectOptionByValue(findTestObject("Object Repository/Release27/Rejections/Page_JClient/select_Availability ChangeTech"), "Technical Issue", true): All options with value 'Technical Issue' are selected in object 'Object Repository/Release27/Rejections/Page_JClient/select_Availability ChangeTech'  using regular expression

2019-02-01 11:48:04 - [MESSAGE][PASSED] - All options with value 'Technical Issue' are selected in object 'Object Repository/Release27/Rejections/Page_JClient/select_Availability ChangeTech'  using regular expression

2019-02-01 11:48:04 - [TEST_STEP][PASSED] - selectOptionByValue(findTestObject("Object Repository/Release27/Rejections/Page_JClient/select_Told to reject by FSM S"), "Technical issue - Told to reject by FSM Support", true): All options with value 'Technical issue - Told to reject by FSM Support' are selected in object 'Object Repository/Release27/Rejections/Page_JClient/select_Told to reject by FSM S'  using regular expression

2019-02-01 11:48:04 - [MESSAGE][PASSED] - All options with value 'Technical issue - Told to reject by FSM Support' are selected in object 'Object Repository/Release27/Rejections/Page_JClient/select_Told to reject by FSM S'  using regular expression

2019-02-01 11:48:04 - [TEST_STEP][PASSED] - selectOptionByValue(findTestObject("Object Repository/Release27/Rejections/Page_JClient/select_Availability ChangeTech"), "Unable to Start Visit", true): All options with value 'Unable to Start Visit' are selected in object 'Object Repository/Release27/Rejections/Page_JClient/select_Availability ChangeTech'  using regular expression

2019-02-01 11:48:04 - [MESSAGE][PASSED] - All options with value 'Unable to Start Visit' are selected in object 'Object Repository/Release27/Rejections/Page_JClient/select_Availability ChangeTech'  using regular expression

2019-02-01 11:48:04 - [TEST_STEP][PASSED] - selectOptionByValue(findTestObject("Object Repository/Release27/Rejections/Page_JClient/select_BiosecurityConflict of"), "Unable to Start Visit - Biosecurity", true): All options with value 'Unable to Start Visit - Biosecurity' are selected in object 'Object Repository/Release27/Rejections/Page_JClient/select_BiosecurityConflict of'  using regular expression

2019-02-01 11:48:04 - [MESSAGE][PASSED] - All options with value 'Unable to Start Visit - Biosecurity' are selected in object 'Object Repository/Release27/Rejections/Page_JClient/select_BiosecurityConflict of'  using regular expression

2019-02-01 11:48:04 - [TEST_STEP][PASSED] - selectOptionByValue(findTestObject("Object Repository/Release27/Rejections/Page_JClient/select_BiosecurityConflict of"), "Unable to Start Visit - Conflict of interest", true): All options with value 'Unable to Start Visit - Conflict of interest' are selected in object 'Object Repository/Release27/Rejections/Page_JClient/select_BiosecurityConflict of'  using regular expression

2019-02-01 11:48:05 - [MESSAGE][PASSED] - All options with value 'Unable to Start Visit - Conflict of interest' are selected in object 'Object Repository/Release27/Rejections/Page_JClient/select_BiosecurityConflict of'  using regular expression

2019-02-01 11:48:05 - [TEST_STEP][PASSED] - selectOptionByValue(findTestObject("Object Repository/Release27/Rejections/Page_JClient/select_BiosecurityConflict of"), "Unable to Start Visit - Customer not available - appointment", true): All options with value 'Unable to Start Visit - Customer not available - appointment' are selected in object 'Object Repository/Release27/Rejections/Page_JClient/select_BiosecurityConflict of'  using regular expression

2019-02-01 11:48:05 - [MESSAGE][PASSED] - All options with value 'Unable to Start Visit - Customer not available - appointment' are selected in object 'Object Repository/Release27/Rejections/Page_JClient/select_BiosecurityConflict of'  using regular expression

2019-02-01 11:48:05 - [TEST_STEP][PASSED] - selectOptionByValue(findTestObject("Object Repository/Release27/Rejections/Page_JClient/select_BiosecurityConflict of"), "Unable to Start Visit - Customer not available - unannounced", true): All options with value 'Unable to Start Visit - Customer not available - unannounced' are selected in object 'Object Repository/Release27/Rejections/Page_JClient/select_BiosecurityConflict of'  using regular expression

2019-02-01 11:48:05 - [MESSAGE][PASSED] - All options with value 'Unable to Start Visit - Customer not available - unannounced' are selected in object 'Object Repository/Release27/Rejections/Page_JClient/select_BiosecurityConflict of'  using regular expression

2019-02-01 11:48:05 - [TEST_STEP][PASSED] - selectOptionByValue(findTestObject("Object Repository/Release27/Rejections/Page_JClient/select_BiosecurityConflict of"), "Unable to Start Visit - Ineligible", true): All options with value 'Unable to Start Visit - Ineligible' are selected in object 'Object Repository/Release27/Rejections/Page_JClient/select_BiosecurityConflict of'  using regular expression

2019-02-01 11:48:05 - [MESSAGE][PASSED] - All options with value 'Unable to Start Visit - Ineligible' are selected in object 'Object Repository/Release27/Rejections/Page_JClient/select_BiosecurityConflict of'  using regular expression

2019-02-01 11:48:05 - [TEST_STEP][PASSED] - selectOptionByValue(findTestObject("Object Repository/Release27/Rejections/Page_JClient/select_BiosecurityConflict of"), "Unable to Start Visit - Inspector not Trained / Competent", true): All options with value 'Unable to Start Visit - Inspector not Trained / Competent' are selected in object 'Object Repository/Release27/Rejections/Page_JClient/select_BiosecurityConflict of'  using regular expression

2019-02-01 11:48:05 - [MESSAGE][PASSED] - All options with value 'Unable to Start Visit - Inspector not Trained / Competent' are selected in object 'Object Repository/Release27/Rejections/Page_JClient/select_BiosecurityConflict of'  using regular expression

2019-02-01 11:48:05 - [TEST_STEP][PASSED] - selectOptionByValue(findTestObject("Object Repository/Release27/Rejections/Page_JClient/select_BiosecurityConflict of"), "Unable to Start Visit - No longer operating", true): All options with value 'Unable to Start Visit - No longer operating' are selected in object 'Object Repository/Release27/Rejections/Page_JClient/select_BiosecurityConflict of'  using regular expression

2019-02-01 11:48:05 - [MESSAGE][PASSED] - All options with value 'Unable to Start Visit - No longer operating' are selected in object 'Object Repository/Release27/Rejections/Page_JClient/select_BiosecurityConflict of'  using regular expression

2019-02-01 11:48:05 - [TEST_STEP][PASSED] - selectOptionByValue(findTestObject("Object Repository/Release27/Rejections/Page_JClient/select_BiosecurityConflict of"), "Unable to Start Visit - Refused Access", true): All options with value 'Unable to Start Visit - Refused Access' are selected in object 'Object Repository/Release27/Rejections/Page_JClient/select_BiosecurityConflict of'  using regular expression

2019-02-01 11:48:06 - [MESSAGE][PASSED] - All options with value 'Unable to Start Visit - Refused Access' are selected in object 'Object Repository/Release27/Rejections/Page_JClient/select_BiosecurityConflict of'  using regular expression

2019-02-01 11:48:06 - [TEST_STEP][PASSED] - selectOptionByValue(findTestObject("Object Repository/Release27/Rejections/Page_JClient/select_BiosecurityConflict of"), "Unable to Start Visit - Vehicle Breakdown / Accident", true): All options with value 'Unable to Start Visit - Vehicle Breakdown / Accident' are selected in object 'Object Repository/Release27/Rejections/Page_JClient/select_BiosecurityConflict of'  using regular expression

2019-02-01 11:48:06 - [MESSAGE][PASSED] - All options with value 'Unable to Start Visit - Vehicle Breakdown / Accident' are selected in object 'Object Repository/Release27/Rejections/Page_JClient/select_BiosecurityConflict of'  using regular expression

2019-02-01 11:48:06 - [TEST_STEP][PASSED] - selectOptionByValue(findTestObject("Object Repository/Release27/Rejections/Page_JClient/select_BiosecurityConflict of"), "Unable to Start Visit - Weather conditions", true): All options with value 'Unable to Start Visit - Weather conditions' are selected in object 'Object Repository/Release27/Rejections/Page_JClient/select_BiosecurityConflict of'  using regular expression

2019-02-01 11:48:06 - [MESSAGE][PASSED] - All options with value 'Unable to Start Visit - Weather conditions' are selected in object 'Object Repository/Release27/Rejections/Page_JClient/select_BiosecurityConflict of'  using regular expression

2019-02-01 11:48:06 - [TEST_STEP][PASSED] - selectOptionByValue(findTestObject("Object Repository/Release27/Rejections/Page_JClient/select_Availability ChangeTech"), "Unable to Complete Visit", true): All options with value 'Unable to Complete Visit' are selected in object 'Object Repository/Release27/Rejections/Page_JClient/select_Availability ChangeTech'  using regular expression

2019-02-01 11:48:06 - [MESSAGE][PASSED] - All options with value 'Unable to Complete Visit' are selected in object 'Object Repository/Release27/Rejections/Page_JClient/select_Availability ChangeTech'  using regular expression

2019-02-01 11:48:06 - [TEST_STEP][PASSED] - selectOptionByValue(findTestObject("Object Repository/Release27/Rejections/Page_JClient/select_Accident on premisesHS"), "Unable to Complete Visit - Accident on premises", true): All options with value 'Unable to Complete Visit - Accident on premises' are selected in object 'Object Repository/Release27/Rejections/Page_JClient/select_Accident on premisesHS'  using regular expression

2019-02-01 11:48:06 - [MESSAGE][PASSED] - All options with value 'Unable to Complete Visit - Accident on premises' are selected in object 'Object Repository/Release27/Rejections/Page_JClient/select_Accident on premisesHS'  using regular expression

2019-02-01 11:48:06 - [TEST_STEP][PASSED] - selectOptionByValue(findTestObject("Object Repository/Release27/Rejections/Page_JClient/select_Accident on premisesHS"), "Unable to Complete Visit - H and S Issue", true): All options with value 'Unable to Complete Visit - H and S Issue' are selected in object 'Object Repository/Release27/Rejections/Page_JClient/select_Accident on premisesHS'  using regular expression

2019-02-01 11:48:07 - [MESSAGE][PASSED] - All options with value 'Unable to Complete Visit - H and S Issue' are selected in object 'Object Repository/Release27/Rejections/Page_JClient/select_Accident on premisesHS'  using regular expression

2019-02-01 11:48:07 - [TEST_STEP][PASSED] - selectOptionByValue(findTestObject("Object Repository/Release27/Rejections/Page_JClient/select_Availability ChangeTech"), "Other", true): All options with value 'Other' are selected in object 'Object Repository/Release27/Rejections/Page_JClient/select_Availability ChangeTech'  using regular expression

2019-02-01 11:48:07 - [MESSAGE][PASSED] - All options with value 'Other' are selected in object 'Object Repository/Release27/Rejections/Page_JClient/select_Availability ChangeTech'  using regular expression

2019-02-01 11:48:07 - [TEST_STEP][PASSED] - selectOptionByValue(findTestObject("Object Repository/Release27/Rejections/Page_JClient/select_Other"), "Other", true): All options with value 'Other' are selected in object 'Object Repository/Release27/Rejections/Page_JClient/select_Other'  using regular expression

2019-02-01 11:48:07 - [MESSAGE][PASSED] - All options with value 'Other' are selected in object 'Object Repository/Release27/Rejections/Page_JClient/select_Other'  using regular expression

2019-02-01 11:48:07 - [TEST_STEP][PASSED] - selectOptionByValue(findTestObject("Object Repository/Release27/Rejections/Page_JClient/select_Availability ChangeTech"), "Unable to Start Visit", true): All options with value 'Unable to Start Visit' are selected in object 'Object Repository/Release27/Rejections/Page_JClient/select_Availability ChangeTech'  using regular expression

2019-02-01 11:48:07 - [MESSAGE][PASSED] - All options with value 'Unable to Start Visit' are selected in object 'Object Repository/Release27/Rejections/Page_JClient/select_Availability ChangeTech'  using regular expression

2019-02-01 11:48:07 - [TEST_STEP][PASSED] - selectOptionByValue(findTestObject("Object Repository/Release27/Rejections/Page_JClient/select_BiosecurityConflict of"), "Unable to Start Visit - Conflict of interest", true): All options with value 'Unable to Start Visit - Conflict of interest' are selected in object 'Object Repository/Release27/Rejections/Page_JClient/select_BiosecurityConflict of'  using regular expression

2019-02-01 11:48:07 - [MESSAGE][PASSED] - All options with value 'Unable to Start Visit - Conflict of interest' are selected in object 'Object Repository/Release27/Rejections/Page_JClient/select_BiosecurityConflict of'  using regular expression

2019-02-01 11:48:07 - [TEST_STEP][PASSED] - click(findTestObject("Object Repository/Release27/Rejections/Page_JClient/div_Save")): Object: 'Object Repository/Release27/Rejections/Page_JClient/div_Save' is clicked on

2019-02-01 11:48:07 - [MESSAGE][PASSED] - Object: 'Object Repository/Release27/Rejections/Page_JClient/div_Save' is clicked on

2019-02-01 11:48:07 - [TEST_STEP][PASSED] - delay(2): Delayed 2 second(s)

2019-02-01 11:48:09 - [MESSAGE][PASSED] - Delayed 2 second(s)

2019-02-01 11:48:09 - [TEST_STEP][PASSED] - click(findTestObject("Object Repository/FSM1/Reject Inspection/Page_JClient/div_Ok")): Object: 'Object Repository/FSM1/Reject Inspection/Page_JClient/div_Ok' is clicked on

2019-02-01 11:48:09 - [MESSAGE][PASSED] - Object: 'Object Repository/FSM1/Reject Inspection/Page_JClient/div_Ok' is clicked on

2019-02-01 11:48:09 - [TEST_STEP][PASSED] - delay(30): Delayed 30 second(s)

2019-02-01 11:48:39 - [MESSAGE][PASSED] - Delayed 30 second(s)]]></system-out>
         <system-err><![CDATA[]]></system-err>
      </testcase>
      <testcase name="Test Cases/Generic/Launch Job Manager Control Centre - Check Result" classname="Test Cases/Generic/Launch Job Manager Control Centre - Check Result" status="PASSED">
         <system-out><![CDATA[2019-02-01 11:48:39 - [TEST_CASE][PASSED] - Test Cases/Generic/Launch Job Manager Control Centre - Check Result: Test Cases/Generic/Launch Job Manager Control Centre - Check Result

2019-02-01 11:48:39 - [TEST_STEP][PASSED] - openBrowser(""): Browser is opened with url: ''

2019-02-01 11:48:39 - [MESSAGE][WARNING] - A browser is already opened. Closing browser and opening a new one

2019-02-01 11:48:40 - [MESSAGE][INFO] - Starting 'Chrome' driver

2019-02-01 11:48:42 - [MESSAGE][PASSED] - Browser is opened with url: ''

2019-02-01 11:48:42 - [TEST_STEP][PASSED] - navigateToUrl(CCURL): Navigate to 'https://kirona-def-6.kirona.com/jmprep/login#!loginView' successfully

2019-02-01 11:48:44 - [MESSAGE][PASSED] - Navigate to 'https://kirona-def-6.kirona.com/jmprep/login#!loginView' successfully

2019-02-01 11:48:44 - [TEST_STEP][PASSED] - setText(findTestObject("FSM1/Control Centre/Page_Job Manager Login/input_gwt-uid-3"), Username): Text 'jon.hatfield' is set on object 'Object Repository/FSM1/Control Centre/Page_Job Manager Login/input_gwt-uid-3'

2019-02-01 11:48:44 - [MESSAGE][PASSED] - Text 'jon.hatfield' is set on object 'Object Repository/FSM1/Control Centre/Page_Job Manager Login/input_gwt-uid-3'

2019-02-01 11:48:44 - [TEST_STEP][PASSED] - setText(findTestObject("FSM1/Control Centre/Page_Job Manager Login/input_gwt-uid-5"), Password): Text 'Fr@nc1sJ0n' is set on object 'Object Repository/FSM1/Control Centre/Page_Job Manager Login/input_gwt-uid-5'

2019-02-01 11:48:44 - [MESSAGE][PASSED] - Text 'Fr@nc1sJ0n' is set on object 'Object Repository/FSM1/Control Centre/Page_Job Manager Login/input_gwt-uid-5'

2019-02-01 11:48:44 - [TEST_STEP][PASSED] - delay(2): Delayed 2 second(s)

2019-02-01 11:48:46 - [MESSAGE][PASSED] - Delayed 2 second(s)

2019-02-01 11:48:46 - [TEST_STEP][PASSED] - click(findTestObject("FSM1/PreProd/Page_Job Manager Login/div_Login")): Object: 'Object Repository/FSM1/PreProd/Page_Job Manager Login/div_Login' is clicked on

2019-02-01 11:48:46 - [MESSAGE][PASSED] - Object: 'Object Repository/FSM1/PreProd/Page_Job Manager Login/div_Login' is clicked on

2019-02-01 11:48:46 - [TEST_STEP][PASSED] - delay(20): Delayed 20 second(s)

2019-02-01 11:49:06 - [MESSAGE][PASSED] - Delayed 20 second(s)]]></system-out>
         <system-err><![CDATA[]]></system-err>
      </testcase>
      <testcase name="Test Cases/ABP/Rejection/Control Centre - Check Results - Rejection" classname="Test Cases/ABP/Rejection/Control Centre - Check Results - Rejection" status="PASSED">
         <system-out><![CDATA[2019-02-01 11:49:06 - [TEST_CASE][PASSED] - Test Cases/ABP/Rejection/Control Centre - Check Results - Rejection: Test Cases/ABP/Rejection/Control Centre - Check Results - Rejection

2019-02-01 11:49:07 - [TEST_STEP][PASSED] - log = new com.kms.katalon.core.logging.KeywordLogger(): null

2019-02-01 11:49:07 - [TEST_STEP][PASSED] - setText(findTestObject("Object Repository/FSM1/EMI Check Results/Page_JM Control Centre/input_Recents_v-textfield v-wi"), temp): Text '103635' is set on object 'Object Repository/FSM1/EMI Check Results/Page_JM Control Centre/input_Recents_v-textfield v-wi'

2019-02-01 11:49:07 - [MESSAGE][PASSED] - Text '103635' is set on object 'Object Repository/FSM1/EMI Check Results/Page_JM Control Centre/input_Recents_v-textfield v-wi'

2019-02-01 11:49:07 - [TEST_STEP][PASSED] - click(findTestObject("Object Repository/FSM1/EMI Check Results/Page_JM Control Centre/span_")): Object: 'Object Repository/FSM1/EMI Check Results/Page_JM Control Centre/span_' is clicked on

2019-02-01 11:49:07 - [MESSAGE][PASSED] - Object: 'Object Repository/FSM1/EMI Check Results/Page_JM Control Centre/span_' is clicked on

2019-02-01 11:49:07 - [TEST_STEP][PASSED] - waitForElementPresent(findTestObject("Object Repository/FSM1/EMI Check Results/Page_JM Control Centre/div_CLOSED"), 60): Object 'Object Repository/FSM1/EMI Check Results/Page_JM Control Centre/div_CLOSED' is present

2019-02-01 11:49:09 - [MESSAGE][PASSED] - Object 'Object Repository/FSM1/EMI Check Results/Page_JM Control Centre/div_CLOSED' is present

2019-02-01 11:49:09 - [TEST_STEP][PASSED] - delay(3): Delayed 3 second(s)

2019-02-01 11:49:12 - [MESSAGE][PASSED] - Delayed 3 second(s)]]></system-out>
         <system-err><![CDATA[]]></system-err>
      </testcase>
      <testcase name="Test Cases/Generic/Check Subsequent Inspection Doesnt Exist" classname="Test Cases/Generic/Check Subsequent Inspection Doesnt Exist" status="PASSED">
         <system-out><![CDATA[2019-02-01 11:49:12 - [TEST_CASE][PASSED] - Test Cases/Generic/Check Subsequent Inspection Doesnt Exist: Test Cases/Generic/Check Subsequent Inspection Doesnt Exist

2019-02-01 11:49:12 - [TEST_STEP][PASSED] - delay(2): Delayed 2 second(s)

2019-02-01 11:49:14 - [MESSAGE][PASSED] - Delayed 2 second(s)

2019-02-01 11:49:14 - [TEST_STEP][PASSED] - click(findTestObject("Object Repository/FSM1/Complete ABP Inspection/Check Subsequent Inspections/New/Page_JM Control Centre/div_")): Object: 'Object Repository/FSM1/Complete ABP Inspection/Check Subsequent Inspections/New/Page_JM Control Centre/div_' is clicked on

2019-02-01 11:49:14 - [MESSAGE][PASSED] - Object: 'Object Repository/FSM1/Complete ABP Inspection/Check Subsequent Inspections/New/Page_JM Control Centre/div_' is clicked on

2019-02-01 11:49:14 - [TEST_STEP][PASSED] - click(findTestObject("Object Repository/FSM1/Complete ABP Inspection/Check Subsequent Inspections/New/Page_JM Control Centre/span_List All Subordinate Jobs")): Object: 'Object Repository/FSM1/Complete ABP Inspection/Check Subsequent Inspections/New/Page_JM Control Centre/span_List All Subordinate Jobs' is clicked on

2019-02-01 11:49:15 - [MESSAGE][PASSED] - Object: 'Object Repository/FSM1/Complete ABP Inspection/Check Subsequent Inspections/New/Page_JM Control Centre/span_List All Subordinate Jobs' is clicked on

2019-02-01 11:49:15 - [TEST_STEP][PASSED] - delay(5): Delayed 5 second(s)

2019-02-01 11:49:20 - [MESSAGE][PASSED] - Delayed 5 second(s)

2019-02-01 11:49:20 - [TEST_STEP][PASSED] - verifyElementVisible(findTestObject("FSM1/Complete ABP Inspection/Check Subsequent Inspections/New/Page_JM Control Centre/div_1 found"), STOP_ON_FAILURE): Object 'Object Repository/FSM1/Complete ABP Inspection/Check Subsequent Inspections/New/Page_JM Control Centre/div_1 found' is visible

2019-02-01 11:49:28 - [MESSAGE][PASSED] - Object 'Object Repository/FSM1/Complete ABP Inspection/Check Subsequent Inspections/New/Page_JM Control Centre/div_1 found' is visible

2019-02-01 11:49:28 - [TEST_STEP][PASSED] - closeBrowser(): Browser is closed

2019-02-01 11:49:29 - [MESSAGE][PASSED] - Browser is closed]]></system-out>
         <system-err><![CDATA[]]></system-err>
      </testcase>
      <system-out><![CDATA[2019-02-01 11:43:38 - [TEST_SUITE][PASSED] - PMM Regression - Compliance - Rejected: Test Cases/Generic/Check Subsequent Inspection Doesnt Exist]]></system-out>
      <system-err><![CDATA[]]></system-err>
   </testsuite>
</testsuites>
