<?xml version="1.0" encoding="UTF-8"?>
<testsuites name="PMM Regression - Registration" time="437" tests="9" failures="0" errors="0">
   <testsuite name="PMM Regression - Registration" tests="9" failures="0" errors="0" time="437" timestamp="2019-01-08 14:16:49" hostname="jonha - DESKTOP-KMCIR60" id="Test Suites/PMM/PMM Regression - Registration">
      <properties>
         <property name="deviceName" value=""/>
         <property name="devicePlatform" value=""/>
         <property name="logFolder" value="C:\\Users\\jonha\\Documents\\Katalon\\APHA\\JM_8.9\\FSM_Regression\\Reports\\PMM\\PMM Regression - Registration\\20190108_140907"/>
         <property name="logFiles" value="C:\\Users\\jonha\\Documents\\Katalon\\APHA\\JM_8.9\\FSM_Regression\\Reports\\PMM\\PMM Regression - Registration\\20190108_140907\\execution0.log"/>
         <property name="attachments" value="C:\\Users\\jonha\\Documents\\Katalon\\APHA\\JM_8.9\\FSM_Regression\\Reports\\PMM\\PMM Regression - Registration\\20190108_140907\\1546957041758.png"/>
         <property name="hostName" value="jonha - DESKTOP-KMCIR60"/>
         <property name="os" value="Windows 10 64bit"/>
         <property name="katalonVersion" value="5.9.1.2"/>
         <property name="browser" value="Chrome 71.0.3578.98"/>
         <property name="hostAddress" value="192.168.0.17"/>
         <property name="sessionId" value="dc651b52fe9e4e4ec531aca6580d3e6b"/>
         <property name="seleniumVersion" value="3.7.1"/>
         <property name="proxyInformation" value="ProxyInformation{proxyOption=NO_PROXY, proxyServerType=HTTP, password=, proxyServerAddress=, proxyServerPort=0}"/>
         <property name="platform" value="Windows 10"/>
      </properties>
      <testcase name="Test Cases/Generic/Launch Job Manager Control Centre" classname="Test Cases/Generic/Launch Job Manager Control Centre" status="PASSED">
         <system-out><![CDATA[2019-01-08 14:16:50 - [TEST_CASE][PASSED] - Test Cases/Generic/Launch Job Manager Control Centre: Test Cases/Generic/Launch Job Manager Control Centre

2019-01-08 14:16:50 - [TEST_STEP][PASSED] - openBrowser(""): Browser is opened with url: ''

2019-01-08 14:16:51 - [MESSAGE][INFO] - Starting 'Chrome' driver

2019-01-08 14:16:51 - [MESSAGE][INFO] - Action delay is set to 0 seconds

2019-01-08 14:16:54 - [MESSAGE][PASSED] - Browser is opened with url: ''

2019-01-08 14:16:54 - [TEST_STEP][PASSED] - navigateToUrl(CCURL): Navigate to 'https://kirona-def-6.kirona.com/jmprep/login#!loginView' successfully

2019-01-08 14:16:55 - [MESSAGE][PASSED] - Navigate to 'https://kirona-def-6.kirona.com/jmprep/login#!loginView' successfully

2019-01-08 14:16:55 - [TEST_STEP][PASSED] - setText(findTestObject("FSM1/Control Centre/Page_Job Manager Login/input_gwt-uid-3"), Username): Text 'jon.hatfield' is set on object 'Object Repository/FSM1/Control Centre/Page_Job Manager Login/input_gwt-uid-3'

2019-01-08 14:16:56 - [MESSAGE][PASSED] - Text 'jon.hatfield' is set on object 'Object Repository/FSM1/Control Centre/Page_Job Manager Login/input_gwt-uid-3'

2019-01-08 14:16:56 - [TEST_STEP][PASSED] - setText(findTestObject("FSM1/Control Centre/Page_Job Manager Login/input_gwt-uid-5"), Password): Text 'Fr@nc1sJ0n' is set on object 'Object Repository/FSM1/Control Centre/Page_Job Manager Login/input_gwt-uid-5'

2019-01-08 14:16:56 - [MESSAGE][PASSED] - Text 'Fr@nc1sJ0n' is set on object 'Object Repository/FSM1/Control Centre/Page_Job Manager Login/input_gwt-uid-5'

2019-01-08 14:16:56 - [TEST_STEP][PASSED] - click(findTestObject("FSM1/PreProd/Page_Job Manager Login/div_Login")): Object: 'Object Repository/FSM1/PreProd/Page_Job Manager Login/div_Login' is clicked on

2019-01-08 14:16:56 - [MESSAGE][PASSED] - Object: 'Object Repository/FSM1/PreProd/Page_Job Manager Login/div_Login' is clicked on

2019-01-08 14:16:56 - [TEST_STEP][PASSED] - delay(5): Delayed 5 second(s)

2019-01-08 14:17:01 - [MESSAGE][PASSED] - Delayed 5 second(s)]]></system-out>
         <system-err><![CDATA[]]></system-err>
      </testcase>
      <testcase name="Test Cases/PMM/Generic/Create PMM Inspection" classname="Test Cases/PMM/Generic/Create PMM Inspection" status="PASSED">
         <system-out><![CDATA[2019-01-08 14:17:01 - [TEST_CASE][PASSED] - Test Cases/PMM/Generic/Create PMM Inspection: Test Cases/PMM/Generic/Create PMM Inspection

2019-01-08 14:17:02 - [TEST_STEP][PASSED] - log = new com.kms.katalon.core.logging.KeywordLogger(): null

2019-01-08 14:17:02 - [TEST_STEP][PASSED] - waitForElementClickable(findTestObject("Object Repository/FSM1/Create PMM Inspection/a/Page_JM Control Centre/Page_JM Control Centre/div_Create"), 60, STOP_ON_FAILURE): Object 'Object Repository/FSM1/Create PMM Inspection/a/Page_JM Control Centre/Page_JM Control Centre/div_Create' is clickable

2019-01-08 14:17:11 - [MESSAGE][PASSED] - Object 'Object Repository/FSM1/Create PMM Inspection/a/Page_JM Control Centre/Page_JM Control Centre/div_Create' is clickable

2019-01-08 14:17:11 - [TEST_STEP][PASSED] - delay(2): Delayed 2 second(s)

2019-01-08 14:17:13 - [MESSAGE][PASSED] - Delayed 2 second(s)

2019-01-08 14:17:13 - [TEST_STEP][PASSED] - click(findTestObject("Object Repository/FSM1/Create PMM Inspection/a/Page_JM Control Centre/Page_JM Control Centre/div_Create")): Object: 'Object Repository/FSM1/Create PMM Inspection/a/Page_JM Control Centre/Page_JM Control Centre/div_Create' is clicked on

2019-01-08 14:17:13 - [MESSAGE][PASSED] - Object: 'Object Repository/FSM1/Create PMM Inspection/a/Page_JM Control Centre/Page_JM Control Centre/div_Create' is clicked on

2019-01-08 14:17:13 - [TEST_STEP][PASSED] - delay(2): Delayed 2 second(s)

2019-01-08 14:17:15 - [MESSAGE][PASSED] - Delayed 2 second(s)

2019-01-08 14:17:15 - [TEST_STEP][PASSED] - setText(findTestObject("Object Repository/FSM1/Create PMM Inspection/a/Page_JM Control Centre/Page_JM Control Centre/input_Type_gwt-uid-8"), PMMInspectionType): Text 'PMR03 - Producer Registration' is set on object 'Object Repository/FSM1/Create PMM Inspection/a/Page_JM Control Centre/Page_JM Control Centre/input_Type_gwt-uid-8'

2019-01-08 14:17:15 - [MESSAGE][PASSED] - Text 'PMR03 - Producer Registration' is set on object 'Object Repository/FSM1/Create PMM Inspection/a/Page_JM Control Centre/Page_JM Control Centre/input_Type_gwt-uid-8'

2019-01-08 14:17:15 - [TEST_STEP][PASSED] - PMMInspectionType = modifyObjectProperty(findTestObject("Object Repository/FSM1/Create PMM Inspection/a/Page_JM Control Centre/Page_JM Control Centre/span_PMR03A - Producer Complia"), "text", "equals", PMMInspectionType, true): Modify property of object successfully

2019-01-08 14:17:15 - [MESSAGE][PASSED] - Modify property of object successfully

2019-01-08 14:17:15 - [TEST_STEP][PASSED] - click(PMMInspectionType, STOP_ON_FAILURE): Object: 'Object Repository/FSM1/Create PMM Inspection/a/Page_JM Control Centre/Page_JM Control Centre/span_PMR03A - Producer Complia' is clicked on

2019-01-08 14:17:15 - [MESSAGE][PASSED] - Object: 'Object Repository/FSM1/Create PMM Inspection/a/Page_JM Control Centre/Page_JM Control Centre/span_PMR03A - Producer Complia' is clicked on

2019-01-08 14:17:15 - [TEST_STEP][PASSED] - click(findTestObject("FSM1/Control Centre/Create EMI Inspection New/Page_JM Control Centre/div_v-filterselect-button_1")): Object: 'Object Repository/FSM1/Control Centre/Create EMI Inspection New/Page_JM Control Centre/div_v-filterselect-button_1' is clicked on

2019-01-08 14:17:18 - [MESSAGE][PASSED] - Object: 'Object Repository/FSM1/Control Centre/Create EMI Inspection New/Page_JM Control Centre/div_v-filterselect-button_1' is clicked on

2019-01-08 14:17:18 - [TEST_STEP][PASSED] - click(findTestObject("FSM1/Control Centre/Create EMI Inspection New/Page_JM Control Centre/span_24 Hours")): Object: 'Object Repository/FSM1/Control Centre/Create EMI Inspection New/Page_JM Control Centre/span_24 Hours' is clicked on

2019-01-08 14:17:18 - [MESSAGE][PASSED] - Object: 'Object Repository/FSM1/Control Centre/Create EMI Inspection New/Page_JM Control Centre/span_24 Hours' is clicked on

2019-01-08 14:17:18 - [TEST_STEP][PASSED] - setText(findTestObject("Object Repository/FSM1/Create PMM Inspection/a/Page_JM Control Centre/Page_JM Control Centre/input_Region_gwt-uid-24"), "w"): Text 'w' is set on object 'Object Repository/FSM1/Create PMM Inspection/a/Page_JM Control Centre/Page_JM Control Centre/input_Region_gwt-uid-24'

2019-01-08 14:17:19 - [MESSAGE][PASSED] - Text 'w' is set on object 'Object Repository/FSM1/Create PMM Inspection/a/Page_JM Control Centre/Page_JM Control Centre/input_Region_gwt-uid-24'

2019-01-08 14:17:19 - [TEST_STEP][PASSED] - click(findTestObject("Object Repository/FSM1/Create PMM Inspection/a/Page_JM Control Centre/Page_JM Control Centre/span_West")): Object: 'Object Repository/FSM1/Create PMM Inspection/a/Page_JM Control Centre/Page_JM Control Centre/span_West' is clicked on

2019-01-08 14:17:19 - [MESSAGE][PASSED] - Object: 'Object Repository/FSM1/Create PMM Inspection/a/Page_JM Control Centre/Page_JM Control Centre/span_West' is clicked on

2019-01-08 14:17:19 - [TEST_STEP][PASSED] - setText(findTestObject("Object Repository/FSM1/Create PMM Inspection/a/Page_JM Control Centre/Page_JM Control Centre/input_Priority_gwt-uid-26"), "h"): Text 'h' is set on object 'Object Repository/FSM1/Create PMM Inspection/a/Page_JM Control Centre/Page_JM Control Centre/input_Priority_gwt-uid-26'

2019-01-08 14:17:19 - [MESSAGE][PASSED] - Text 'h' is set on object 'Object Repository/FSM1/Create PMM Inspection/a/Page_JM Control Centre/Page_JM Control Centre/input_Priority_gwt-uid-26'

2019-01-08 14:17:19 - [TEST_STEP][PASSED] - click(findTestObject("Object Repository/FSM1/Create PMM Inspection/a/Page_JM Control Centre/Page_JM Control Centre/span_High")): Object: 'Object Repository/FSM1/Create PMM Inspection/a/Page_JM Control Centre/Page_JM Control Centre/span_High' is clicked on

2019-01-08 14:17:19 - [MESSAGE][PASSED] - Object: 'Object Repository/FSM1/Create PMM Inspection/a/Page_JM Control Centre/Page_JM Control Centre/span_High' is clicked on

2019-01-08 14:17:19 - [TEST_STEP][PASSED] - if (verifyElementPresent(findTestObject("JM_8918/PMM/Page_JM Control Centre/Page_JM Control Centre/InspectionType"), 2, OPTIONAL)): com.kms.katalon.core.webui.exception.WebElementNotFoundException: Web element with id: 'Object Repository/JM_8918/PMM/Page_JM Control Centre/Page_JM Control Centre/InspectionType' located by 'By.xpath: (.//*[normalize-space(text()) and normalize-space(.)='Inspection Type'])[1]/following::input[1]' not found

2019-01-08 14:17:21 - [MESSAGE][INFO] - Unable to find the element located by 'By.xpath: (.//*[normalize-space(text()) and normalize-space(.)='Inspection Type'])[1]/following::input[1]'. Please recheck the objects properties to make sure the desired element is located. 

2019-01-08 14:17:22 - [MESSAGE][WARNING] - com.kms.katalon.core.webui.exception.WebElementNotFoundException: Web element with id: 'Object Repository/JM_8918/PMM/Page_JM Control Centre/Page_JM Control Centre/InspectionType' located by 'By.xpath: (.//*[normalize-space(text()) and normalize-space(.)='Inspection Type'])[1]/following::input[1]' not found
[[ATTACHMENT|C:\\Users\\jonha\\Documents\\Katalon\\APHA\\JM_8.9\\FSM_Regression\\Reports\\PMM\\PMM Regression - Registration\\20190108_140907\\1546957041758.png]]

2019-01-08 14:17:22 - [TEST_STEP][PASSED] - else: Object: 'Object Repository/JM_8918/PMM/Page_JM Control Centre/Page_JM Control Centre/Page_JM Control Centre/span_Extensive Indoor (Barn Re' is clicked on

2019-01-08 14:17:22 - [TEST_STEP][PASSED] - delay(2): Delayed 2 second(s)

2019-01-08 14:17:24 - [MESSAGE][PASSED] - Delayed 2 second(s)

2019-01-08 14:17:24 - [TEST_STEP][PASSED] - click(findTestObject("Object Repository/JM_8918/PMM/Page_JM Control Centre/Page_JM Control Centre/Page_JM Control Centre/div_Production Type_v-filterse")): Object: 'Object Repository/JM_8918/PMM/Page_JM Control Centre/Page_JM Control Centre/Page_JM Control Centre/div_Production Type_v-filterse' is clicked on

2019-01-08 14:17:24 - [MESSAGE][PASSED] - Object: 'Object Repository/JM_8918/PMM/Page_JM Control Centre/Page_JM Control Centre/Page_JM Control Centre/div_Production Type_v-filterse' is clicked on

2019-01-08 14:17:24 - [TEST_STEP][PASSED] - click(findTestObject("Object Repository/JM_8918/PMM/Page_JM Control Centre/Page_JM Control Centre/Page_JM Control Centre/span_Extensive Indoor (Barn Re")): Object: 'Object Repository/JM_8918/PMM/Page_JM Control Centre/Page_JM Control Centre/Page_JM Control Centre/span_Extensive Indoor (Barn Re' is clicked on

2019-01-08 14:17:24 - [MESSAGE][PASSED] - Object: 'Object Repository/JM_8918/PMM/Page_JM Control Centre/Page_JM Control Centre/Page_JM Control Centre/span_Extensive Indoor (Barn Re' is clicked on

2019-01-08 14:17:24 - [TEST_STEP][PASSED] - click(findTestObject("Object Repository/FSM1/Create PMM Inspection/a/Page_JM Control Centre/Page_JM Control Centre/div_Species_v-filterselect-but")): Object: 'Object Repository/FSM1/Create PMM Inspection/a/Page_JM Control Centre/Page_JM Control Centre/div_Species_v-filterselect-but' is clicked on

2019-01-08 14:17:24 - [MESSAGE][PASSED] - Object: 'Object Repository/FSM1/Create PMM Inspection/a/Page_JM Control Centre/Page_JM Control Centre/div_Species_v-filterselect-but' is clicked on

2019-01-08 14:17:24 - [TEST_STEP][PASSED] - click(findTestObject("Object Repository/FSM1/Create PMM Inspection/a/Page_JM Control Centre/Page_JM Control Centre/span_Chicken")): Object: 'Object Repository/FSM1/Create PMM Inspection/a/Page_JM Control Centre/Page_JM Control Centre/span_Chicken' is clicked on

2019-01-08 14:17:24 - [MESSAGE][PASSED] - Object: 'Object Repository/FSM1/Create PMM Inspection/a/Page_JM Control Centre/Page_JM Control Centre/span_Chicken' is clicked on

2019-01-08 14:17:24 - [TEST_STEP][PASSED] - setText(findTestObject("Object Repository/JM_8918/PMM/Registration/Page_JM Control Centre/input_Keeper ID_gwt-uid-34"), RandomStringUtils.randomNumeric(5)): Text '08285' is set on object 'Object Repository/JM_8918/PMM/Registration/Page_JM Control Centre/input_Keeper ID_gwt-uid-34'

2019-01-08 14:17:25 - [MESSAGE][PASSED] - Text '08285' is set on object 'Object Repository/JM_8918/PMM/Registration/Page_JM Control Centre/input_Keeper ID_gwt-uid-34'

2019-01-08 14:17:25 - [TEST_STEP][PASSED] - setText(findTestObject("Object Repository/FSM1/Create PMM Inspection/a/Page_JM Control Centre/Page_JM Control Centre/input_Keeper ID_gwt-uid-36"), RandomStringUtils.randomNumeric(5)): Text '74233' is set on object 'Object Repository/FSM1/Create PMM Inspection/a/Page_JM Control Centre/Page_JM Control Centre/input_Keeper ID_gwt-uid-36'

2019-01-08 14:17:25 - [MESSAGE][PASSED] - Text '74233' is set on object 'Object Repository/FSM1/Create PMM Inspection/a/Page_JM Control Centre/Page_JM Control Centre/input_Keeper ID_gwt-uid-36'

2019-01-08 14:17:25 - [TEST_STEP][PASSED] - setText(findTestObject("Object Repository/FSM1/Create PMM Inspection/a/Page_JM Control Centre/Page_JM Control Centre/input_Keeper Name_gwt-uid-38"), RandomStringUtils.randomNumeric(5)): Text '92461' is set on object 'Object Repository/FSM1/Create PMM Inspection/a/Page_JM Control Centre/Page_JM Control Centre/input_Keeper Name_gwt-uid-38'

2019-01-08 14:17:25 - [MESSAGE][PASSED] - Text '92461' is set on object 'Object Repository/FSM1/Create PMM Inspection/a/Page_JM Control Centre/Page_JM Control Centre/input_Keeper Name_gwt-uid-38'

2019-01-08 14:17:25 - [TEST_STEP][PASSED] - setText(findTestObject("Object Repository/FSM1/Create PMM Inspection/a/Page_JM Control Centre/Page_JM Control Centre/input_Keeper Contact Name_gwt-"), RandomStringUtils.randomNumeric(5)): Text '58983' is set on object 'Object Repository/FSM1/Create PMM Inspection/a/Page_JM Control Centre/Page_JM Control Centre/input_Keeper Contact Name_gwt-'

2019-01-08 14:17:25 - [MESSAGE][PASSED] - Text '58983' is set on object 'Object Repository/FSM1/Create PMM Inspection/a/Page_JM Control Centre/Page_JM Control Centre/input_Keeper Contact Name_gwt-'

2019-01-08 14:17:25 - [TEST_STEP][PASSED] - setText(findTestObject("Object Repository/JM_8918/PMM/Registration/Page_JM Control Centre/input_Location ID_gwt-uid-44"), RandomStringUtils.randomNumeric(5)): Text '27901' is set on object 'Object Repository/JM_8918/PMM/Registration/Page_JM Control Centre/input_Location ID_gwt-uid-44'

2019-01-08 14:17:25 - [MESSAGE][PASSED] - Text '27901' is set on object 'Object Repository/JM_8918/PMM/Registration/Page_JM Control Centre/input_Location ID_gwt-uid-44'

2019-01-08 14:17:25 - [TEST_STEP][PASSED] - setText(findTestObject("Object Repository/JM_8918/PMM/Registration/Page_JM Control Centre/input_Customer ID_gwt-uid-48"), RandomStringUtils.randomNumeric(5)): Text '41914' is set on object 'Object Repository/JM_8918/PMM/Registration/Page_JM Control Centre/input_Customer ID_gwt-uid-48'

2019-01-08 14:17:26 - [MESSAGE][PASSED] - Text '41914' is set on object 'Object Repository/JM_8918/PMM/Registration/Page_JM Control Centre/input_Customer ID_gwt-uid-48'

2019-01-08 14:17:26 - [TEST_STEP][PASSED] - setText(findTestObject("Object Repository/JM_8918/PMM/Registration/Page_JM Control Centre/input_Customer Name_gwt-uid-50"), RandomStringUtils.randomNumeric(5)): Text '32586' is set on object 'Object Repository/JM_8918/PMM/Registration/Page_JM Control Centre/input_Customer Name_gwt-uid-50'

2019-01-08 14:17:26 - [MESSAGE][PASSED] - Text '32586' is set on object 'Object Repository/JM_8918/PMM/Registration/Page_JM Control Centre/input_Customer Name_gwt-uid-50'

2019-01-08 14:17:26 - [TEST_STEP][PASSED] - setText(findTestObject("Object Repository/JM_8918/PMM/Registration/Page_JM Control Centre/input_Customer Contact Name_gw"), RandomStringUtils.randomNumeric(5)): Text '79590' is set on object 'Object Repository/JM_8918/PMM/Registration/Page_JM Control Centre/input_Customer Contact Name_gw'

2019-01-08 14:17:26 - [MESSAGE][PASSED] - Text '79590' is set on object 'Object Repository/JM_8918/PMM/Registration/Page_JM Control Centre/input_Customer Contact Name_gw'

2019-01-08 14:17:26 - [TEST_STEP][PASSED] - setText(findTestObject("Object Repository/JM_8918/PMM/Registration/Page_JM Control Centre/input_County Parish Holding (C"), RandomStringUtils.randomNumeric(5)): Text '36901' is set on object 'Object Repository/JM_8918/PMM/Registration/Page_JM Control Centre/input_County Parish Holding (C'

2019-01-08 14:17:26 - [MESSAGE][PASSED] - Text '36901' is set on object 'Object Repository/JM_8918/PMM/Registration/Page_JM Control Centre/input_County Parish Holding (C'

2019-01-08 14:17:26 - [TEST_STEP][PASSED] - setText(findTestObject("Object Repository/JM_8918/PMM/Registration/Page_JM Control Centre/input_CPHH_gwt-uid-64"), RandomStringUtils.randomNumeric(5)): Text '78261' is set on object 'Object Repository/JM_8918/PMM/Registration/Page_JM Control Centre/input_CPHH_gwt-uid-64'

2019-01-08 14:17:26 - [MESSAGE][PASSED] - Text '78261' is set on object 'Object Repository/JM_8918/PMM/Registration/Page_JM Control Centre/input_CPHH_gwt-uid-64'

2019-01-08 14:17:26 - [TEST_STEP][PASSED] - click(findTestObject("FSM1/Control Centre/Create EMI Inspection/Page_JM Control Centre/span_")): Object: 'Object Repository/FSM1/Control Centre/Create EMI Inspection/Page_JM Control Centre/span_' is clicked on

2019-01-08 14:17:26 - [MESSAGE][PASSED] - Object: 'Object Repository/FSM1/Control Centre/Create EMI Inspection/Page_JM Control Centre/span_' is clicked on

2019-01-08 14:17:26 - [TEST_STEP][PASSED] - click(findTestObject("FSM1/Control Centre/Create EMI Inspection/Address Search/Page_JM Control Centre/Postcode Search")): Object: 'Object Repository/FSM1/Control Centre/Create EMI Inspection/Address Search/Page_JM Control Centre/Postcode Search' is clicked on

2019-01-08 14:17:27 - [MESSAGE][PASSED] - Object: 'Object Repository/FSM1/Control Centre/Create EMI Inspection/Address Search/Page_JM Control Centre/Postcode Search' is clicked on

2019-01-08 14:17:27 - [TEST_STEP][PASSED] - setText(findTestObject("FSM1/PreProd/Page_JM Control Centre/PostcodeSearch"), findTestData("Pre Production/PMM/PMM Inspection Data").getValue(1, 1)): Text 'WR5 2NQ' is set on object 'Object Repository/FSM1/PreProd/Page_JM Control Centre/PostcodeSearch'

2019-01-08 14:17:27 - [MESSAGE][PASSED] - Text 'WR5 2NQ' is set on object 'Object Repository/FSM1/PreProd/Page_JM Control Centre/PostcodeSearch'

2019-01-08 14:17:27 - [TEST_STEP][PASSED] - doubleClick(findTestObject("JM_8918/Page_JM Control Centre/div_Search")): Object: 'Object Repository/JM_8918/Page_JM Control Centre/div_Search' is double clicked on

2019-01-08 14:17:28 - [MESSAGE][PASSED] - Object: 'Object Repository/JM_8918/Page_JM Control Centre/div_Search' is double clicked on

2019-01-08 14:17:28 - [TEST_STEP][PASSED] - FullAddress = modifyObjectProperty(findTestObject("FSM1/Control Centre/Create EMI Inspection/Page_JM Control Centre/Address"), "text", "equals", findTestData("Pre Production/PMM/PMM Inspection Data").getValue(2, 1), true): Modify property of object successfully

2019-01-08 14:17:28 - [MESSAGE][PASSED] - Modify property of object successfully

2019-01-08 14:17:28 - [TEST_STEP][PASSED] - click(FullAddress, STOP_ON_FAILURE): Object: 'Object Repository/FSM1/Control Centre/Create EMI Inspection/Page_JM Control Centre/Address' is clicked on

2019-01-08 14:17:29 - [MESSAGE][PASSED] - Object: 'Object Repository/FSM1/Control Centre/Create EMI Inspection/Page_JM Control Centre/Address' is clicked on

2019-01-08 14:17:29 - [TEST_STEP][PASSED] - click(findTestObject("FSM1/Control Centre/Create EMI Inspection/Create Address/Page_JM Control Centre (2)/div_Add Selected Item")): Object: 'Object Repository/FSM1/Control Centre/Create EMI Inspection/Create Address/Page_JM Control Centre (2)/div_Add Selected Item' is clicked on

2019-01-08 14:17:29 - [MESSAGE][PASSED] - Object: 'Object Repository/FSM1/Control Centre/Create EMI Inspection/Create Address/Page_JM Control Centre (2)/div_Add Selected Item' is clicked on

2019-01-08 14:17:29 - [TEST_STEP][PASSED] - delay(5): Delayed 5 second(s)

2019-01-08 14:17:34 - [MESSAGE][PASSED] - Delayed 5 second(s)

2019-01-08 14:17:34 - [TEST_STEP][PASSED] - setText(findTestObject("Object Repository/JM_8918/EMI/Fixed Resource/Page_JM Control Centre/input_Fixed Resource_gwt-uid-1"), "test"): Text 'test' is set on object 'Object Repository/JM_8918/EMI/Fixed Resource/Page_JM Control Centre/input_Fixed Resource_gwt-uid-1'

2019-01-08 14:17:34 - [MESSAGE][PASSED] - Text 'test' is set on object 'Object Repository/JM_8918/EMI/Fixed Resource/Page_JM Control Centre/input_Fixed Resource_gwt-uid-1'

2019-01-08 14:17:34 - [TEST_STEP][PASSED] - click(findTestObject("Object Repository/JM_8918/EMI/Fixed Resource/Page_JM Control Centre/span_Test Inspector")): Object: 'Object Repository/JM_8918/EMI/Fixed Resource/Page_JM Control Centre/span_Test Inspector' is clicked on

2019-01-08 14:17:34 - [MESSAGE][PASSED] - Object: 'Object Repository/JM_8918/EMI/Fixed Resource/Page_JM Control Centre/span_Test Inspector' is clicked on

2019-01-08 14:17:34 - [TEST_STEP][PASSED] - delay(2): Delayed 2 second(s)

2019-01-08 14:17:36 - [MESSAGE][PASSED] - Delayed 2 second(s)

2019-01-08 14:17:36 - [TEST_STEP][PASSED] - click(findTestObject("Object Repository/JM_8918/PMM/Page_JM Control Centre/div_Auto Schedulable_v-filters")): Object: 'Object Repository/JM_8918/PMM/Page_JM Control Centre/div_Auto Schedulable_v-filters' is clicked on

2019-01-08 14:17:36 - [MESSAGE][PASSED] - Object: 'Object Repository/JM_8918/PMM/Page_JM Control Centre/div_Auto Schedulable_v-filters' is clicked on

2019-01-08 14:17:36 - [TEST_STEP][PASSED] - click(findTestObject("Object Repository/JM_8918/PMM/Page_JM Control Centre/span_Yes")): Object: 'Object Repository/JM_8918/PMM/Page_JM Control Centre/span_Yes' is clicked on

2019-01-08 14:17:37 - [MESSAGE][PASSED] - Object: 'Object Repository/JM_8918/PMM/Page_JM Control Centre/span_Yes' is clicked on

2019-01-08 14:17:37 - [TEST_STEP][PASSED] - delay(2): Delayed 2 second(s)

2019-01-08 14:17:39 - [MESSAGE][PASSED] - Delayed 2 second(s)

2019-01-08 14:17:39 - [TEST_STEP][PASSED] - click(findTestObject("Object Repository/JM_8918/PMM/Page_JM Control Centre/div_Create")): Object: 'Object Repository/JM_8918/PMM/Page_JM Control Centre/div_Create' is clicked on

2019-01-08 14:17:39 - [MESSAGE][PASSED] - Object: 'Object Repository/JM_8918/PMM/Page_JM Control Centre/div_Create' is clicked on

2019-01-08 14:17:39 - [TEST_STEP][PASSED] - waitForElementPresent(findTestObject("FSM1/Control Centre/Status/Page_JM Control Centre/div_PLANNED DYNAMIC"), 120, STOP_ON_FAILURE): Object 'Object Repository/FSM1/Control Centre/Status/Page_JM Control Centre/div_PLANNED DYNAMIC' is present

2019-01-08 14:18:04 - [MESSAGE][PASSED] - Object 'Object Repository/FSM1/Control Centre/Status/Page_JM Control Centre/div_PLANNED DYNAMIC' is present

2019-01-08 14:18:04 - [TEST_STEP][PASSED] - InspectionID = getText(findTestObject("FSM1/Control Centre/Create EMI Inspection/InspectionID/Page_JM Control Centre/InspectionID")): Text of object 'Object Repository/FSM1/Control Centre/Create EMI Inspection/InspectionID/Page_JM Control Centre/InspectionID' is: 'Viewing Job 100701'

2019-01-08 14:18:04 - [MESSAGE][PASSED] - Text of object 'Object Repository/FSM1/Control Centre/Create EMI Inspection/InspectionID/Page_JM Control Centre/InspectionID' is: 'Viewing Job 100701'

2019-01-08 14:18:04 - [TEST_STEP][PASSED] - InspectionID = InspectionID.replaceAll("Viewing Job ", ""): null

2019-01-08 14:18:04 - [TEST_STEP][PASSED] - log.logWarning(InspectionID): 100701

2019-01-08 14:18:04 - [MESSAGE][WARNING] - 100701

2019-01-08 14:18:04 - [TEST_STEP][PASSED] - temp = InspectionID: null

2019-01-08 14:18:04 - [TEST_STEP][PASSED] - delay(200): Delayed 200 second(s)

2019-01-08 14:21:24 - [MESSAGE][PASSED] - Delayed 200 second(s)]]></system-out>
         <system-err><![CDATA[]]></system-err>
      </testcase>
      <testcase name="Test Cases/Generic/Launch Job Manager" classname="Test Cases/Generic/Launch Job Manager" status="PASSED">
         <system-out><![CDATA[2019-01-08 14:21:24 - [TEST_CASE][PASSED] - Test Cases/Generic/Launch Job Manager: Test Cases/Generic/Launch Job Manager

2019-01-08 14:21:24 - [TEST_STEP][PASSED] - openBrowser(""): Browser is opened with url: ''

2019-01-08 14:21:24 - [MESSAGE][WARNING] - A browser is already opened. Closing browser and opening a new one

2019-01-08 14:21:25 - [MESSAGE][INFO] - Starting 'Chrome' driver

2019-01-08 14:21:27 - [MESSAGE][PASSED] - Browser is opened with url: ''

2019-01-08 14:21:27 - [TEST_STEP][PASSED] - navigateToUrl(JMURL): Navigate to 'https://kirona-def-6.kirona.com/jmprep/jclient/jclient.html' successfully

2019-01-08 14:21:28 - [MESSAGE][PASSED] - Navigate to 'https://kirona-def-6.kirona.com/jmprep/jclient/jclient.html' successfully

2019-01-08 14:21:28 - [TEST_STEP][PASSED] - delay(3): Delayed 3 second(s)

2019-01-08 14:21:31 - [MESSAGE][PASSED] - Delayed 3 second(s)

2019-01-08 14:21:31 - [TEST_STEP][PASSED] - setText(findTestObject("FSM1/Launch Application/Page_JClient/input_gwt-TextBox GKH2EKQBMDB"), "KIR1"): Text 'KIR1' is set on object 'Object Repository/FSM1/Launch Application/Page_JClient/input_gwt-TextBox GKH2EKQBMDB'

2019-01-08 14:21:31 - [MESSAGE][PASSED] - Text 'KIR1' is set on object 'Object Repository/FSM1/Launch Application/Page_JClient/input_gwt-TextBox GKH2EKQBMDB'

2019-01-08 14:21:31 - [TEST_STEP][PASSED] - sendKeys(findTestObject("FSM1/Launch Application/Page_JClient/input_gwt-TextBox GKH2EKQBMDB"), Keys.chord(ENTER)): Keys 'ENTER + ' sent to object: 'Object Repository/FSM1/Launch Application/Page_JClient/input_gwt-TextBox GKH2EKQBMDB'

2019-01-08 14:21:31 - [MESSAGE][PASSED] - Keys 'ENTER + ' sent to object: 'Object Repository/FSM1/Launch Application/Page_JClient/input_gwt-TextBox GKH2EKQBMDB'

2019-01-08 14:21:31 - [TEST_STEP][PASSED] - delay(3): Delayed 3 second(s)

2019-01-08 14:21:34 - [MESSAGE][PASSED] - Delayed 3 second(s)

2019-01-08 14:21:34 - [TEST_STEP][PASSED] - click(findTestObject("FSM1/Launch Application/Page_JClient/div_Configure App")): Object: 'Object Repository/FSM1/Launch Application/Page_JClient/div_Configure App' is clicked on

2019-01-08 14:21:34 - [MESSAGE][PASSED] - Object: 'Object Repository/FSM1/Launch Application/Page_JClient/div_Configure App' is clicked on

2019-01-08 14:21:34 - [TEST_STEP][PASSED] - setText(findTestObject("FSM1/Launch Application/Page_JClient/input_gwt-TextBox GKH2EKQBNHC"), findTestData("Pre Production/Environmental/UandP").getValue(3, 1)): Text 'test.inspector' is set on object 'Object Repository/FSM1/Launch Application/Page_JClient/input_gwt-TextBox GKH2EKQBNHC'

2019-01-08 14:21:35 - [MESSAGE][PASSED] - Text 'test.inspector' is set on object 'Object Repository/FSM1/Launch Application/Page_JClient/input_gwt-TextBox GKH2EKQBNHC'

2019-01-08 14:21:35 - [TEST_STEP][PASSED] - setText(findTestObject("FSM1/Launch Application/Page_JClient/input_gwt-PasswordTextBox GKH2"), findTestData("Pre Production/Environmental/UandP").getValue(4, 1)): Text 'Password1.' is set on object 'Object Repository/FSM1/Launch Application/Page_JClient/input_gwt-PasswordTextBox GKH2'

2019-01-08 14:21:35 - [MESSAGE][PASSED] - Text 'Password1.' is set on object 'Object Repository/FSM1/Launch Application/Page_JClient/input_gwt-PasswordTextBox GKH2'

2019-01-08 14:21:35 - [TEST_STEP][PASSED] - click(findTestObject("FSM1/Launch Application/Page_JClient/div_Sign In")): Object: 'Object Repository/FSM1/Launch Application/Page_JClient/div_Sign In' is clicked on

2019-01-08 14:21:35 - [MESSAGE][PASSED] - Object: 'Object Repository/FSM1/Launch Application/Page_JClient/div_Sign In' is clicked on

2019-01-08 14:21:35 - [TEST_STEP][PASSED] - delay(15): Delayed 15 second(s)

2019-01-08 14:21:50 - [MESSAGE][PASSED] - Delayed 15 second(s)]]></system-out>
         <system-err><![CDATA[]]></system-err>
      </testcase>
      <testcase name="Test Cases/Generic/Select Inspection" classname="Test Cases/Generic/Select Inspection" status="PASSED">
         <system-out><![CDATA[2019-01-08 14:21:50 - [TEST_CASE][PASSED] - Test Cases/Generic/Select Inspection: Test Cases/Generic/Select Inspection

2019-01-08 14:21:50 - [TEST_STEP][PASSED] - delay(20): Delayed 20 second(s)

2019-01-08 14:22:10 - [MESSAGE][PASSED] - Delayed 20 second(s)

2019-01-08 14:22:10 - [TEST_STEP][PASSED] - waitForElementClickable(findTestObject("JM_8918/Page_JM Control Centre/Page_JM Control Centre/Page_JClient/Refresh"), 250): Object 'Object Repository/JM_8918/Page_JM Control Centre/Page_JM Control Centre/Page_JClient/Refresh' is clickable

2019-01-08 14:22:10 - [MESSAGE][PASSED] - Object 'Object Repository/JM_8918/Page_JM Control Centre/Page_JM Control Centre/Page_JClient/Refresh' is clickable

2019-01-08 14:22:10 - [TEST_STEP][PASSED] - click(findTestObject("JM_8918/Page_JM Control Centre/Page_JM Control Centre/Page_JClient/Refresh")): Object: 'Object Repository/JM_8918/Page_JM Control Centre/Page_JM Control Centre/Page_JClient/Refresh' is clicked on

2019-01-08 14:22:10 - [MESSAGE][PASSED] - Object: 'Object Repository/JM_8918/Page_JM Control Centre/Page_JM Control Centre/Page_JClient/Refresh' is clicked on

2019-01-08 14:22:10 - [TEST_STEP][PASSED] - waitForElementClickable(findTestObject("JM_8918/Page_JM Control Centre/Page_JM Control Centre/Page_JClient/Refresh"), 250): Object 'Object Repository/JM_8918/Page_JM Control Centre/Page_JM Control Centre/Page_JClient/Refresh' is clickable

2019-01-08 14:22:10 - [MESSAGE][PASSED] - Object 'Object Repository/JM_8918/Page_JM Control Centre/Page_JM Control Centre/Page_JClient/Refresh' is clickable

2019-01-08 14:22:10 - [TEST_STEP][PASSED] - InspectionRef = modifyObjectProperty(findTestObject("FSM1/Select Inspection/Landing/Page_JClient/div_35098"), "text", "equals", temp, true, STOP_ON_FAILURE): Modify property of object successfully

2019-01-08 14:22:10 - [MESSAGE][PASSED] - Modify property of object successfully

2019-01-08 14:22:10 - [TEST_STEP][PASSED] - delay(5): Delayed 5 second(s)

2019-01-08 14:22:15 - [MESSAGE][PASSED] - Delayed 5 second(s)

2019-01-08 14:22:15 - [TEST_STEP][PASSED] - if (verifyElementPresent(InspectionRef, 10, OPTIONAL)): Object: 'Object Repository/FSM1/Select Inspection/Landing/Page_JClient/div_35098' is clicked on

2019-01-08 14:22:15 - [MESSAGE][PASSED] - Object 'Object Repository/FSM1/Select Inspection/Landing/Page_JClient/div_35098' is present

2019-01-08 14:22:15 - [TEST_STEP][PASSED] - delay(3): Delayed 3 second(s)

2019-01-08 14:22:18 - [MESSAGE][PASSED] - Delayed 3 second(s)

2019-01-08 14:22:18 - [TEST_STEP][PASSED] - click(InspectionRef): Object: 'Object Repository/FSM1/Select Inspection/Landing/Page_JClient/div_35098' is clicked on

2019-01-08 14:22:19 - [MESSAGE][PASSED] - Object: 'Object Repository/FSM1/Select Inspection/Landing/Page_JClient/div_35098' is clicked on

2019-01-08 14:22:19 - [TEST_STEP][PASSED] - click(findTestObject("FSM1/Select Inspection/Page_JClient/div_WITH OPERATIVE")): Object: 'Object Repository/FSM1/Select Inspection/Page_JClient/div_WITH OPERATIVE' is clicked on

2019-01-08 14:22:19 - [MESSAGE][PASSED] - Object: 'Object Repository/FSM1/Select Inspection/Page_JClient/div_WITH OPERATIVE' is clicked on

2019-01-08 14:22:19 - [TEST_STEP][PASSED] - delay(2): Delayed 2 second(s)

2019-01-08 14:22:21 - [MESSAGE][PASSED] - Delayed 2 second(s)

2019-01-08 14:22:21 - [TEST_STEP][PASSED] - click(findTestObject("FSM1/Select Inspection/Page_JClient/div_TRAVELLING")): Object: 'Object Repository/FSM1/Select Inspection/Page_JClient/div_TRAVELLING' is clicked on

2019-01-08 14:22:21 - [MESSAGE][PASSED] - Object: 'Object Repository/FSM1/Select Inspection/Page_JClient/div_TRAVELLING' is clicked on

2019-01-08 14:22:21 - [TEST_STEP][PASSED] - delay(2): Delayed 2 second(s)

2019-01-08 14:22:23 - [MESSAGE][PASSED] - Delayed 2 second(s)

2019-01-08 14:22:23 - [TEST_STEP][PASSED] - click(findTestObject("FSM1/Select Inspection/Page_JClient/div_TRAVELLING")): Object: 'Object Repository/FSM1/Select Inspection/Page_JClient/div_TRAVELLING' is clicked on

2019-01-08 14:22:23 - [MESSAGE][PASSED] - Object: 'Object Repository/FSM1/Select Inspection/Page_JClient/div_TRAVELLING' is clicked on

2019-01-08 14:22:23 - [TEST_STEP][PASSED] - delay(2): Delayed 2 second(s)

2019-01-08 14:22:25 - [MESSAGE][PASSED] - Delayed 2 second(s)

2019-01-08 14:22:25 - [TEST_STEP][PASSED] - click(findTestObject("FSM1/Select Inspection/Page_JClient/div_ARRIVED")): Object: 'Object Repository/FSM1/Select Inspection/Page_JClient/div_ARRIVED' is clicked on

2019-01-08 14:22:25 - [MESSAGE][PASSED] - Object: 'Object Repository/FSM1/Select Inspection/Page_JClient/div_ARRIVED' is clicked on

2019-01-08 14:22:25 - [TEST_STEP][PASSED] - delay(2): Delayed 2 second(s)

2019-01-08 14:22:27 - [MESSAGE][PASSED] - Delayed 2 second(s)

2019-01-08 14:22:27 - [TEST_STEP][PASSED] - click(findTestObject("FSM1/Select Inspection/Page_JClient/div_ARRIVED")): Object: 'Object Repository/FSM1/Select Inspection/Page_JClient/div_ARRIVED' is clicked on

2019-01-08 14:22:27 - [MESSAGE][PASSED] - Object: 'Object Repository/FSM1/Select Inspection/Page_JClient/div_ARRIVED' is clicked on

2019-01-08 14:22:27 - [TEST_STEP][PASSED] - delay(4): Delayed 4 second(s)

2019-01-08 14:22:31 - [MESSAGE][PASSED] - Delayed 4 second(s)

2019-01-08 14:22:31 - [TEST_STEP][PASSED] - click(findTestObject("FSM1/Select Inspection/Page_JClient/div_STARTED")): Object: 'Object Repository/FSM1/Select Inspection/Page_JClient/div_STARTED' is clicked on

2019-01-08 14:22:32 - [MESSAGE][PASSED] - Object: 'Object Repository/FSM1/Select Inspection/Page_JClient/div_STARTED' is clicked on

2019-01-08 14:22:32 - [TEST_STEP][PASSED] - delay(2): Delayed 2 second(s)

2019-01-08 14:22:34 - [MESSAGE][PASSED] - Delayed 2 second(s)]]></system-out>
         <system-err><![CDATA[]]></system-err>
      </testcase>
      <testcase name="Test Cases/PMM/Registration/Complete PMM Inspection - Registration - Inspection Details" classname="Test Cases/PMM/Registration/Complete PMM Inspection - Registration - Inspection Details" status="PASSED">
         <system-out><![CDATA[2019-01-08 14:22:34 - [TEST_CASE][PASSED] - Test Cases/PMM/Registration/Complete PMM Inspection - Registration - Inspection Details: Test Cases/PMM/Registration/Complete PMM Inspection - Registration - Inspection Details

2019-01-08 14:22:34 - [TEST_STEP][PASSED] - click(findTestObject("Object Repository/FSM1/Create PMM Inspection/Registration - Inspection Details/Page_JClient/div_Inspection Details")): Object: 'Object Repository/FSM1/Create PMM Inspection/Registration - Inspection Details/Page_JClient/div_Inspection Details' is clicked on

2019-01-08 14:22:34 - [MESSAGE][PASSED] - Object: 'Object Repository/FSM1/Create PMM Inspection/Registration - Inspection Details/Page_JClient/div_Inspection Details' is clicked on

2019-01-08 14:22:34 - [TEST_STEP][PASSED] - delay(2): Delayed 2 second(s)

2019-01-08 14:22:36 - [MESSAGE][PASSED] - Delayed 2 second(s)

2019-01-08 14:22:36 - [TEST_STEP][PASSED] - click(findTestObject("Object Repository/FSM1/Create PMM Inspection/Registration - Inspection Details/Page_JClient/input_Yes_radio_group_2")): Object: 'Object Repository/FSM1/Create PMM Inspection/Registration - Inspection Details/Page_JClient/input_Yes_radio_group_2' is clicked on

2019-01-08 14:22:36 - [MESSAGE][PASSED] - Object: 'Object Repository/FSM1/Create PMM Inspection/Registration - Inspection Details/Page_JClient/input_Yes_radio_group_2' is clicked on

2019-01-08 14:22:36 - [TEST_STEP][PASSED] - click(findTestObject("Object Repository/FSM1/Create PMM Inspection/Registration - Inspection Details/Page_JClient/input_Yes_radio_group_3")): Object: 'Object Repository/FSM1/Create PMM Inspection/Registration - Inspection Details/Page_JClient/input_Yes_radio_group_3' is clicked on

2019-01-08 14:22:36 - [MESSAGE][PASSED] - Object: 'Object Repository/FSM1/Create PMM Inspection/Registration - Inspection Details/Page_JClient/input_Yes_radio_group_3' is clicked on

2019-01-08 14:22:36 - [TEST_STEP][PASSED] - selectOptionByValue(findTestObject("Object Repository/FSM1/Create PMM Inspection/Registration - Inspection Details/Page_JClient/select_RegisterRemedial action"), "Register", true): All options with value 'Register' are selected in object 'Object Repository/FSM1/Create PMM Inspection/Registration - Inspection Details/Page_JClient/select_RegisterRemedial action'  using regular expression

2019-01-08 14:22:36 - [MESSAGE][PASSED] - All options with value 'Register' are selected in object 'Object Repository/FSM1/Create PMM Inspection/Registration - Inspection Details/Page_JClient/select_RegisterRemedial action'  using regular expression

2019-01-08 14:22:36 - [TEST_STEP][PASSED] - setText(findTestObject("Object Repository/FSM1/Create PMM Inspection/Registration - Inspection Details/Page_JClient/textarea_Recommended Action -"), "Test automation"): Text 'Test automation' is set on object 'Object Repository/FSM1/Create PMM Inspection/Registration - Inspection Details/Page_JClient/textarea_Recommended Action -'

2019-01-08 14:22:36 - [MESSAGE][PASSED] - Text 'Test automation' is set on object 'Object Repository/FSM1/Create PMM Inspection/Registration - Inspection Details/Page_JClient/textarea_Recommended Action -'

2019-01-08 14:22:36 - [TEST_STEP][PASSED] - selectOptionByValue(findTestObject("Object Repository/FSM1/Create PMM Inspection/Registration - Inspection Details/Page_JClient/select_Routine"), "Routine", true): All options with value 'Routine' are selected in object 'Object Repository/FSM1/Create PMM Inspection/Registration - Inspection Details/Page_JClient/select_Routine'  using regular expression

2019-01-08 14:22:37 - [MESSAGE][PASSED] - All options with value 'Routine' are selected in object 'Object Repository/FSM1/Create PMM Inspection/Registration - Inspection Details/Page_JClient/select_Routine'  using regular expression

2019-01-08 14:22:37 - [TEST_STEP][PASSED] - click(findTestObject("Object Repository/FSM1/Create PMM Inspection/Registration - Inspection Details/Page_JClient/img_Inspector Signature_gwt-Im")): Object: 'Object Repository/FSM1/Create PMM Inspection/Registration - Inspection Details/Page_JClient/img_Inspector Signature_gwt-Im' is clicked on

2019-01-08 14:22:37 - [MESSAGE][PASSED] - Object: 'Object Repository/FSM1/Create PMM Inspection/Registration - Inspection Details/Page_JClient/img_Inspector Signature_gwt-Im' is clicked on

2019-01-08 14:22:37 - [TEST_STEP][PASSED] - click(findTestObject("FSM1/Complete PMM Inspection/Registration/Page_JClient/Inspector_Unable To Sign")): Object: 'Object Repository/FSM1/Complete PMM Inspection/Registration/Page_JClient/Inspector_Unable To Sign' is clicked on

2019-01-08 14:22:37 - [MESSAGE][PASSED] - Object: 'Object Repository/FSM1/Complete PMM Inspection/Registration/Page_JClient/Inspector_Unable To Sign' is clicked on

2019-01-08 14:22:37 - [TEST_STEP][PASSED] - delay(2): Delayed 2 second(s)

2019-01-08 14:22:39 - [MESSAGE][PASSED] - Delayed 2 second(s)

2019-01-08 14:22:39 - [TEST_STEP][PASSED] - click(findTestObject("Object Repository/FSM1/Create PMM Inspection/Registration - Inspection Details/Page_JClient/img_Person Seen Signature_gwt-")): Object: 'Object Repository/FSM1/Create PMM Inspection/Registration - Inspection Details/Page_JClient/img_Person Seen Signature_gwt-' is clicked on

2019-01-08 14:22:39 - [MESSAGE][PASSED] - Object: 'Object Repository/FSM1/Create PMM Inspection/Registration - Inspection Details/Page_JClient/img_Person Seen Signature_gwt-' is clicked on

2019-01-08 14:22:39 - [TEST_STEP][PASSED] - click(findTestObject("FSM1/Complete PMM Inspection/Registration/Page_JClient/Person_Unable To Sign")): Object: 'Object Repository/FSM1/Complete PMM Inspection/Registration/Page_JClient/Person_Unable To Sign' is clicked on

2019-01-08 14:22:39 - [MESSAGE][PASSED] - Object: 'Object Repository/FSM1/Complete PMM Inspection/Registration/Page_JClient/Person_Unable To Sign' is clicked on

2019-01-08 14:22:39 - [TEST_STEP][PASSED] - mydate = new java.util.Date(): null

2019-01-08 14:22:39 - [TEST_STEP][PASSED] - tomorrow = mydate.next(): null

2019-01-08 14:22:39 - [TEST_STEP][PASSED] - formattedDate = tomorrow.format("dd/MM/yyyy"): null

2019-01-08 14:22:39 - [TEST_STEP][PASSED] - sendKeys(findTestObject("FSM1/Complete PMM Inspection/Registration/Page_JClient/input_Next inspection due_GKH2"), formattedDate): Keys '09/01/2019' sent to object: 'Object Repository/FSM1/Complete PMM Inspection/Registration/Page_JClient/input_Next inspection due_GKH2'

2019-01-08 14:22:39 - [MESSAGE][PASSED] - Keys '09/01/2019' sent to object: 'Object Repository/FSM1/Complete PMM Inspection/Registration/Page_JClient/input_Next inspection due_GKH2'

2019-01-08 14:22:39 - [TEST_STEP][PASSED] - click(findTestObject("Object Repository/FSM1/Create PMM Inspection/Registration - Inspection Details/Page_JClient/div_Save")): Object: 'Object Repository/FSM1/Create PMM Inspection/Registration - Inspection Details/Page_JClient/div_Save' is clicked on

2019-01-08 14:22:39 - [MESSAGE][PASSED] - Object: 'Object Repository/FSM1/Create PMM Inspection/Registration - Inspection Details/Page_JClient/div_Save' is clicked on]]></system-out>
         <system-err><![CDATA[]]></system-err>
      </testcase>
      <testcase name="Test Cases/PMM/Compliance/Complete PMM Inspection - Complete" classname="Test Cases/PMM/Compliance/Complete PMM Inspection - Complete" status="PASSED">
         <system-out><![CDATA[2019-01-08 14:22:39 - [TEST_CASE][PASSED] - Test Cases/PMM/Compliance/Complete PMM Inspection - Complete: Test Cases/PMM/Compliance/Complete PMM Inspection - Complete

2019-01-08 14:22:39 - [TEST_STEP][PASSED] - delay(2): Delayed 2 second(s)

2019-01-08 14:22:41 - [MESSAGE][PASSED] - Delayed 2 second(s)

2019-01-08 14:22:41 - [TEST_STEP][PASSED] - click(findTestObject("Object Repository/FSM1/Complete ABP Inspection/Complete ABP01a Inspection/Page_JClient/div_STARTED (locked)")): Object: 'Object Repository/FSM1/Complete ABP Inspection/Complete ABP01a Inspection/Page_JClient/div_STARTED (locked)' is clicked on

2019-01-08 14:22:42 - [MESSAGE][PASSED] - Object: 'Object Repository/FSM1/Complete ABP Inspection/Complete ABP01a Inspection/Page_JClient/div_STARTED (locked)' is clicked on

2019-01-08 14:22:42 - [TEST_STEP][PASSED] - delay(2): Delayed 2 second(s)

2019-01-08 14:22:44 - [MESSAGE][PASSED] - Delayed 2 second(s)

2019-01-08 14:22:44 - [TEST_STEP][PASSED] - click(findTestObject("Object Repository/FSM1/Complete ABP Inspection/Complete ABP01a Inspection/Page_JClient/div_COMPLETED")): Object: 'Object Repository/FSM1/Complete ABP Inspection/Complete ABP01a Inspection/Page_JClient/div_COMPLETED' is clicked on

2019-01-08 14:22:44 - [MESSAGE][PASSED] - Object: 'Object Repository/FSM1/Complete ABP Inspection/Complete ABP01a Inspection/Page_JClient/div_COMPLETED' is clicked on

2019-01-08 14:22:44 - [TEST_STEP][PASSED] - selectOptionByValue(findTestObject("Object Repository/FSM1/Complete ABP Inspection/Complete ABP01a Inspection/Page_JClient/select_Yes"), "COMPLETED", true): All options with value 'COMPLETED' are selected in object 'Object Repository/FSM1/Complete ABP Inspection/Complete ABP01a Inspection/Page_JClient/select_Yes'  using regular expression

2019-01-08 14:22:44 - [MESSAGE][PASSED] - All options with value 'COMPLETED' are selected in object 'Object Repository/FSM1/Complete ABP Inspection/Complete ABP01a Inspection/Page_JClient/select_Yes'  using regular expression

2019-01-08 14:22:44 - [TEST_STEP][PASSED] - click(findTestObject("Object Repository/FSM1/Complete ABP Inspection/Complete ABP01a Inspection/Page_JClient/div_Save")): Object: 'Object Repository/FSM1/Complete ABP Inspection/Complete ABP01a Inspection/Page_JClient/div_Save' is clicked on

2019-01-08 14:22:44 - [MESSAGE][PASSED] - Object: 'Object Repository/FSM1/Complete ABP Inspection/Complete ABP01a Inspection/Page_JClient/div_Save' is clicked on

2019-01-08 14:22:44 - [TEST_STEP][PASSED] - delay(2): Delayed 2 second(s)

2019-01-08 14:22:46 - [MESSAGE][PASSED] - Delayed 2 second(s)

2019-01-08 14:22:46 - [TEST_STEP][PASSED] - click(findTestObject("FSM1/Complete PMM Inspection/Page_JClient/div_Ok")): Object: 'Object Repository/FSM1/Complete PMM Inspection/Page_JClient/div_Ok' is clicked on

2019-01-08 14:22:46 - [MESSAGE][PASSED] - Object: 'Object Repository/FSM1/Complete PMM Inspection/Page_JClient/div_Ok' is clicked on

2019-01-08 14:22:46 - [TEST_STEP][PASSED] - delay(30): Delayed 30 second(s)

2019-01-08 14:23:16 - [MESSAGE][PASSED] - Delayed 30 second(s)]]></system-out>
         <system-err><![CDATA[]]></system-err>
      </testcase>
      <testcase name="Test Cases/Generic/Launch Job Manager Control Centre - Check Result" classname="Test Cases/Generic/Launch Job Manager Control Centre - Check Result" status="PASSED">
         <system-out><![CDATA[2019-01-08 14:23:16 - [TEST_CASE][PASSED] - Test Cases/Generic/Launch Job Manager Control Centre - Check Result: Test Cases/Generic/Launch Job Manager Control Centre - Check Result

2019-01-08 14:23:16 - [TEST_STEP][PASSED] - openBrowser(""): Browser is opened with url: ''

2019-01-08 14:23:16 - [MESSAGE][WARNING] - A browser is already opened. Closing browser and opening a new one

2019-01-08 14:23:17 - [MESSAGE][INFO] - Starting 'Chrome' driver

2019-01-08 14:23:19 - [MESSAGE][PASSED] - Browser is opened with url: ''

2019-01-08 14:23:19 - [TEST_STEP][PASSED] - navigateToUrl(CCURL): Navigate to 'https://kirona-def-6.kirona.com/jmprep/login#!loginView' successfully

2019-01-08 14:23:20 - [MESSAGE][PASSED] - Navigate to 'https://kirona-def-6.kirona.com/jmprep/login#!loginView' successfully

2019-01-08 14:23:20 - [TEST_STEP][PASSED] - setText(findTestObject("FSM1/Control Centre/Page_Job Manager Login/input_gwt-uid-3"), Username): Text 'jon.hatfield' is set on object 'Object Repository/FSM1/Control Centre/Page_Job Manager Login/input_gwt-uid-3'

2019-01-08 14:23:20 - [MESSAGE][PASSED] - Text 'jon.hatfield' is set on object 'Object Repository/FSM1/Control Centre/Page_Job Manager Login/input_gwt-uid-3'

2019-01-08 14:23:20 - [TEST_STEP][PASSED] - setText(findTestObject("FSM1/Control Centre/Page_Job Manager Login/input_gwt-uid-5"), Password): Text 'Fr@nc1sJ0n' is set on object 'Object Repository/FSM1/Control Centre/Page_Job Manager Login/input_gwt-uid-5'

2019-01-08 14:23:21 - [MESSAGE][PASSED] - Text 'Fr@nc1sJ0n' is set on object 'Object Repository/FSM1/Control Centre/Page_Job Manager Login/input_gwt-uid-5'

2019-01-08 14:23:21 - [TEST_STEP][PASSED] - delay(2): Delayed 2 second(s)

2019-01-08 14:23:23 - [MESSAGE][PASSED] - Delayed 2 second(s)

2019-01-08 14:23:23 - [TEST_STEP][PASSED] - click(findTestObject("FSM1/PreProd/Page_Job Manager Login/div_Login")): Object: 'Object Repository/FSM1/PreProd/Page_Job Manager Login/div_Login' is clicked on

2019-01-08 14:23:23 - [MESSAGE][PASSED] - Object: 'Object Repository/FSM1/PreProd/Page_Job Manager Login/div_Login' is clicked on

2019-01-08 14:23:23 - [TEST_STEP][PASSED] - delay(20): Delayed 20 second(s)

2019-01-08 14:23:43 - [MESSAGE][PASSED] - Delayed 20 second(s)]]></system-out>
         <system-err><![CDATA[]]></system-err>
      </testcase>
      <testcase name="Test Cases/PMM/Registration/Control Centre - Check Results - PMM Registration" classname="Test Cases/PMM/Registration/Control Centre - Check Results - PMM Registration" status="PASSED">
         <system-out><![CDATA[2019-01-08 14:23:43 - [TEST_CASE][PASSED] - Test Cases/PMM/Registration/Control Centre - Check Results - PMM Registration: Test Cases/PMM/Registration/Control Centre - Check Results - PMM Registration

2019-01-08 14:23:43 - [TEST_STEP][PASSED] - log = new com.kms.katalon.core.logging.KeywordLogger(): null

2019-01-08 14:23:43 - [TEST_STEP][PASSED] - setText(findTestObject("Object Repository/FSM1/EMI Check Results/Page_JM Control Centre/input_Recents_v-textfield v-wi"), temp): Text '100701' is set on object 'Object Repository/FSM1/EMI Check Results/Page_JM Control Centre/input_Recents_v-textfield v-wi'

2019-01-08 14:23:43 - [MESSAGE][PASSED] - Text '100701' is set on object 'Object Repository/FSM1/EMI Check Results/Page_JM Control Centre/input_Recents_v-textfield v-wi'

2019-01-08 14:23:43 - [TEST_STEP][NOT_RUN] - setText(findTestObject("Object Repository/FSM1/EMI Check Results/Page_JM Control Centre/input_Recents_v-textfield v-wi"), "88292"): NOT_RUN: setText(findTestObject("Object Repository/FSM1/EMI Check Results/Page_JM Control Centre/input_Recents_v-textfield v-wi"), "88292")

2019-01-08 14:23:43 - [MESSAGE][NOT_RUN] - NOT_RUN: setText(findTestObject("Object Repository/FSM1/EMI Check Results/Page_JM Control Centre/input_Recents_v-textfield v-wi"), "88292")

2019-01-08 14:23:43 - [TEST_STEP][PASSED] - click(findTestObject("Object Repository/FSM1/EMI Check Results/Page_JM Control Centre/span_")): Object: 'Object Repository/FSM1/EMI Check Results/Page_JM Control Centre/span_' is clicked on

2019-01-08 14:23:44 - [MESSAGE][PASSED] - Object: 'Object Repository/FSM1/EMI Check Results/Page_JM Control Centre/span_' is clicked on

2019-01-08 14:23:44 - [TEST_STEP][PASSED] - waitForElementPresent(findTestObject("Object Repository/FSM1/EMI Check Results/Page_JM Control Centre/div_CLOSED"), 60): Object 'Object Repository/FSM1/EMI Check Results/Page_JM Control Centre/div_CLOSED' is present

2019-01-08 14:23:45 - [MESSAGE][PASSED] - Object 'Object Repository/FSM1/EMI Check Results/Page_JM Control Centre/div_CLOSED' is present

2019-01-08 14:23:45 - [TEST_STEP][PASSED] - delay(3): Delayed 3 second(s)

2019-01-08 14:23:48 - [MESSAGE][PASSED] - Delayed 3 second(s)

2019-01-08 14:23:48 - [TEST_STEP][PASSED] - verifyElementPresent(findTestObject("FSM1/Complete PMM Inspection/PMM Check Results/Page_JM Control Centre/div_Attachments_PMR03 - Registration"), 5): Object 'Object Repository/FSM1/Complete PMM Inspection/PMM Check Results/Page_JM Control Centre/div_Attachments_PMR03 - Registration' is present

2019-01-08 14:23:48 - [MESSAGE][PASSED] - Object 'Object Repository/FSM1/Complete PMM Inspection/PMM Check Results/Page_JM Control Centre/div_Attachments_PMR03 - Registration' is present]]></system-out>
         <system-err><![CDATA[]]></system-err>
      </testcase>
      <testcase name="Test Cases/Generic/Check Subsequent Inspection Exist" classname="Test Cases/Generic/Check Subsequent Inspection Exist" status="PASSED">
         <system-out><![CDATA[2019-01-08 14:23:48 - [TEST_CASE][PASSED] - Test Cases/Generic/Check Subsequent Inspection Exist: Test Cases/Generic/Check Subsequent Inspection Exist

2019-01-08 14:23:48 - [TEST_STEP][PASSED] - delay(2): Delayed 2 second(s)

2019-01-08 14:23:50 - [MESSAGE][PASSED] - Delayed 2 second(s)

2019-01-08 14:23:50 - [TEST_STEP][PASSED] - click(findTestObject("Object Repository/FSM1/Complete ABP Inspection/Check Subsequent Inspections/New/Page_JM Control Centre/div_")): Object: 'Object Repository/FSM1/Complete ABP Inspection/Check Subsequent Inspections/New/Page_JM Control Centre/div_' is clicked on

2019-01-08 14:23:50 - [MESSAGE][PASSED] - Object: 'Object Repository/FSM1/Complete ABP Inspection/Check Subsequent Inspections/New/Page_JM Control Centre/div_' is clicked on

2019-01-08 14:23:50 - [TEST_STEP][PASSED] - click(findTestObject("Object Repository/FSM1/Complete ABP Inspection/Check Subsequent Inspections/New/Page_JM Control Centre/span_List All Subordinate Jobs")): Object: 'Object Repository/FSM1/Complete ABP Inspection/Check Subsequent Inspections/New/Page_JM Control Centre/span_List All Subordinate Jobs' is clicked on

2019-01-08 14:23:51 - [MESSAGE][PASSED] - Object: 'Object Repository/FSM1/Complete ABP Inspection/Check Subsequent Inspections/New/Page_JM Control Centre/span_List All Subordinate Jobs' is clicked on

2019-01-08 14:23:51 - [TEST_STEP][PASSED] - delay(2): Delayed 2 second(s)

2019-01-08 14:23:53 - [MESSAGE][PASSED] - Delayed 2 second(s)

2019-01-08 14:23:53 - [TEST_STEP][PASSED] - verifyElementVisible(findTestObject("Object Repository/FSM1/Complete ABP Inspection/Check Subsequent Inspections/New/Page_JM Control Centre/div_2 found.")): Object 'Object Repository/FSM1/Complete ABP Inspection/Check Subsequent Inspections/New/Page_JM Control Centre/div_2 found.' is visible

2019-01-08 14:24:06 - [MESSAGE][PASSED] - Object 'Object Repository/FSM1/Complete ABP Inspection/Check Subsequent Inspections/New/Page_JM Control Centre/div_2 found.' is visible

2019-01-08 14:24:06 - [TEST_STEP][PASSED] - verifyElementNotPresent(findTestObject("JM_8918/New/Page_JM Control Centre/td_INVALID"), 2): Web element with id: 'Object Repository/JM_8918/New/Page_JM Control Centre/td_INVALID' located by 'By.xpath: //td[(text() = 'INVALID' or . = 'INVALID')]' is not present after '2' second(s)

2019-01-08 14:24:06 - [MESSAGE][PASSED] - Web element with id: 'Object Repository/JM_8918/New/Page_JM Control Centre/td_INVALID' located by 'By.xpath: //td[(text() = 'INVALID' or . = 'INVALID')]' is not present after '2' second(s)

2019-01-08 14:24:06 - [TEST_STEP][PASSED] - verifyElementNotPresent(findTestObject("JM_8918/New/Page_JM Control Centre/td_CREATING"), 2): Web element with id: 'Object Repository/JM_8918/New/Page_JM Control Centre/td_CREATING' located by 'By.xpath: //td[(text() = 'CREATING' or . = 'CREATING')]' is not present after '2' second(s)

2019-01-08 14:24:06 - [MESSAGE][PASSED] - Web element with id: 'Object Repository/JM_8918/New/Page_JM Control Centre/td_CREATING' located by 'By.xpath: //td[(text() = 'CREATING' or . = 'CREATING')]' is not present after '2' second(s)

2019-01-08 14:24:06 - [TEST_STEP][PASSED] - closeBrowser(): Browser is closed

2019-01-08 14:24:06 - [MESSAGE][PASSED] - Browser is closed]]></system-out>
         <system-err><![CDATA[]]></system-err>
      </testcase>
      <system-out><![CDATA[2019-01-08 14:16:49 - [TEST_SUITE][PASSED] - PMM Regression - Registration: Test Cases/Generic/Check Subsequent Inspection Exist]]></system-out>
      <system-err><![CDATA[]]></system-err>
   </testsuite>
</testsuites>
