<?xml version="1.0" encoding="UTF-8"?>
<testsuites name="ABP Regression - Pre-Approval - Next Routine" time="364" tests="10" failures="0" errors="0">
   <testsuite name="ABP Regression - Pre-Approval - Next Routine" tests="10" failures="0" errors="0" time="364" timestamp="2018-11-29 13:05:49" hostname="JHATFIELD - SNDFSMINFSRV001.defra.onmicrosoft.com" id="Test Suites/ABP/ABP Regression - Pre-Approval - Next Routine">
      <properties>
         <property name="deviceName" value=""/>
         <property name="devicePlatform" value=""/>
         <property name="logFolder" value="C:\\Users\\JHATFIELD\\git\\DEFRA-FSM_Automated_Regression_NEW\\Reports\\ABP\\ABP Regression - Pre-Approval - Next Routine\\20181129_121934"/>
         <property name="logFiles" value="C:\\Users\\JHATFIELD\\git\\DEFRA-FSM_Automated_Regression_NEW\\Reports\\ABP\\ABP Regression - Pre-Approval - Next Routine\\20181129_121934\\execution0.log"/>
         <property name="attachments" value="C:\\Users\\JHATFIELD\\git\\DEFRA-FSM_Automated_Regression_NEW\\Reports\\ABP\\ABP Regression - Pre-Approval - Next Routine\\20181129_121934\\1543496998835.png"/>
         <property name="hostName" value="JHATFIELD - SNDFSMINFSRV001.defra.onmicrosoft.com"/>
         <property name="os" value="Windows Server 2016 64bit"/>
         <property name="katalonVersion" value="5.9.0.1"/>
         <property name="browser" value="Chrome 70.0.3538.110"/>
         <property name="hostAddress" value="10.201.1.17"/>
         <property name="sessionId" value="4a3ab94b110ad97757e0f5b1afb1c0e9"/>
         <property name="seleniumVersion" value="3.7.1"/>
         <property name="proxyInformation" value="ProxyInformation{proxyOption=NO_PROXY, proxyServerType=HTTP, password=, proxyServerAddress=, proxyServerPort=0}"/>
         <property name="platform" value="Windows Server 2016"/>
      </properties>
      <testcase name="Test Cases/Generic/Launch Job Manager Control Centre" classname="Test Cases/Generic/Launch Job Manager Control Centre" status="PASSED">
         <system-out><![CDATA[2018-11-29 13:05:49 - [TEST_CASE][PASSED] - Test Cases/Generic/Launch Job Manager Control Centre: Test Cases/Generic/Launch Job Manager Control Centre

2018-11-29 13:05:50 - [TEST_STEP][PASSED] - openBrowser(""): Browser is opened with url: ''

2018-11-29 13:05:51 - [MESSAGE][INFO] - Starting 'Chrome' driver

2018-11-29 13:05:51 - [MESSAGE][INFO] - Action delay is set to 0 seconds

2018-11-29 13:05:55 - [MESSAGE][PASSED] - Browser is opened with url: ''

2018-11-29 13:05:55 - [TEST_STEP][PASSED] - navigateToUrl(CCURL): Navigate to 'https://kirona-def-11.kirona.com/jmtrain' successfully

2018-11-29 13:05:57 - [MESSAGE][PASSED] - Navigate to 'https://kirona-def-11.kirona.com/jmtrain' successfully

2018-11-29 13:05:57 - [TEST_STEP][PASSED] - setText(findTestObject("FSM1/Control Centre/Page_Job Manager Login/input_gwt-uid-3"), Username): Text 'jon.hatfield' is set on object 'Object Repository/FSM1/Control Centre/Page_Job Manager Login/input_gwt-uid-3'

2018-11-29 13:05:58 - [MESSAGE][PASSED] - Text 'jon.hatfield' is set on object 'Object Repository/FSM1/Control Centre/Page_Job Manager Login/input_gwt-uid-3'

2018-11-29 13:05:58 - [TEST_STEP][PASSED] - setText(findTestObject("FSM1/Control Centre/Page_Job Manager Login/input_gwt-uid-5"), Password): Text 'Fr@nc1sJ0n' is set on object 'Object Repository/FSM1/Control Centre/Page_Job Manager Login/input_gwt-uid-5'

2018-11-29 13:05:59 - [MESSAGE][PASSED] - Text 'Fr@nc1sJ0n' is set on object 'Object Repository/FSM1/Control Centre/Page_Job Manager Login/input_gwt-uid-5'

2018-11-29 13:05:59 - [TEST_STEP][PASSED] - click(findTestObject("FSM1/PreProd/Page_Job Manager Login/div_Login")): Object: 'Object Repository/FSM1/PreProd/Page_Job Manager Login/div_Login' is clicked on

2018-11-29 13:05:59 - [MESSAGE][PASSED] - Object: 'Object Repository/FSM1/PreProd/Page_Job Manager Login/div_Login' is clicked on

2018-11-29 13:05:59 - [TEST_STEP][PASSED] - delay(5): Delayed 5 second(s)

2018-11-29 13:06:04 - [MESSAGE][PASSED] - Delayed 5 second(s)]]></system-out>
         <system-err><![CDATA[]]></system-err>
      </testcase>
      <testcase name="Test Cases/ABP/Generic/Create ABP Inspection - Manual Assignment" classname="Test Cases/ABP/Generic/Create ABP Inspection - Manual Assignment" status="PASSED">
         <system-out><![CDATA[2018-11-29 13:06:04 - [TEST_CASE][PASSED] - Test Cases/ABP/Generic/Create ABP Inspection - Manual Assignment: Test Cases/ABP/Generic/Create ABP Inspection - Manual Assignment

2018-11-29 13:06:05 - [TEST_STEP][PASSED] - log = new com.kms.katalon.core.logging.KeywordLogger(): null

2018-11-29 13:06:05 - [TEST_STEP][PASSED] - click(findTestObject("Object Repository/FSM1/Create ABP Inspection Manual Ass/Page_JM Control Centre/Page_JM Control Centre/Page_JM Control Centre/div_Create")): Object: 'Object Repository/FSM1/Create ABP Inspection Manual Ass/Page_JM Control Centre/Page_JM Control Centre/Page_JM Control Centre/div_Create' is clicked on

2018-11-29 13:06:05 - [MESSAGE][PASSED] - Object: 'Object Repository/FSM1/Create ABP Inspection Manual Ass/Page_JM Control Centre/Page_JM Control Centre/Page_JM Control Centre/div_Create' is clicked on

2018-11-29 13:06:05 - [TEST_STEP][PASSED] - click(findTestObject("Object Repository/FSM1/Create ABP Inspection Manual Ass/Page_JM Control Centre/Page_JM Control Centre/Page_JM Control Centre/div_v-filterselect-button")): Object: 'Object Repository/FSM1/Create ABP Inspection Manual Ass/Page_JM Control Centre/Page_JM Control Centre/Page_JM Control Centre/div_v-filterselect-button' is clicked on

2018-11-29 13:06:07 - [MESSAGE][PASSED] - Object: 'Object Repository/FSM1/Create ABP Inspection Manual Ass/Page_JM Control Centre/Page_JM Control Centre/Page_JM Control Centre/div_v-filterselect-button' is clicked on

2018-11-29 13:06:07 - [TEST_STEP][PASSED] - setText(findTestObject("Object Repository/FSM1/Create ABP Inspection Manual Ass/Page_JM Control Centre/Page_JM Control Centre/Page_JM Control Centre/input_gwt-uid-8"), ABPInspection): Text 'ABP - Pre-Approval' is set on object 'Object Repository/FSM1/Create ABP Inspection Manual Ass/Page_JM Control Centre/Page_JM Control Centre/Page_JM Control Centre/input_gwt-uid-8'

2018-11-29 13:06:09 - [MESSAGE][PASSED] - Text 'ABP - Pre-Approval' is set on object 'Object Repository/FSM1/Create ABP Inspection Manual Ass/Page_JM Control Centre/Page_JM Control Centre/Page_JM Control Centre/input_gwt-uid-8'

2018-11-29 13:06:09 - [TEST_STEP][PASSED] - ABPInspectionTypeJ = modifyObjectProperty(findTestObject("Object Repository/FSM1/Create ABP Inspection Manual Ass/Page_JM Control Centre/Page_JM Control Centre/Page_JM Control Centre/span_ABPR01A - Composting and"), "text", "equals", ABPInspectionType, true): Modify property of object successfully

2018-11-29 13:06:09 - [MESSAGE][PASSED] - Modify property of object successfully

2018-11-29 13:06:09 - [TEST_STEP][PASSED] - click(ABPInspectionTypeJ, STOP_ON_FAILURE): Object: 'Object Repository/FSM1/Create ABP Inspection Manual Ass/Page_JM Control Centre/Page_JM Control Centre/Page_JM Control Centre/span_ABPR01A - Composting and' is clicked on

2018-11-29 13:06:10 - [MESSAGE][PASSED] - Object: 'Object Repository/FSM1/Create ABP Inspection Manual Ass/Page_JM Control Centre/Page_JM Control Centre/Page_JM Control Centre/span_ABPR01A - Composting and' is clicked on

2018-11-29 13:06:10 - [TEST_STEP][PASSED] - click(findTestObject("Object Repository/FSM1/Create ABP Inspection Manual Ass/Page_JM Control Centre/Page_JM Control Centre/Page_JM Control Centre/div_v-filterselect-button_1")): Object: 'Object Repository/FSM1/Create ABP Inspection Manual Ass/Page_JM Control Centre/Page_JM Control Centre/Page_JM Control Centre/div_v-filterselect-button_1' is clicked on

2018-11-29 13:06:12 - [MESSAGE][PASSED] - Object: 'Object Repository/FSM1/Create ABP Inspection Manual Ass/Page_JM Control Centre/Page_JM Control Centre/Page_JM Control Centre/div_v-filterselect-button_1' is clicked on

2018-11-29 13:06:12 - [TEST_STEP][PASSED] - click(findTestObject("Object Repository/FSM1/Create ABP Inspection Manual Ass/Page_JM Control Centre/Page_JM Control Centre/Page_JM Control Centre/span_24 Hours")): Object: 'Object Repository/FSM1/Create ABP Inspection Manual Ass/Page_JM Control Centre/Page_JM Control Centre/Page_JM Control Centre/span_24 Hours' is clicked on

2018-11-29 13:06:12 - [MESSAGE][PASSED] - Object: 'Object Repository/FSM1/Create ABP Inspection Manual Ass/Page_JM Control Centre/Page_JM Control Centre/Page_JM Control Centre/span_24 Hours' is clicked on

2018-11-29 13:06:12 - [TEST_STEP][PASSED] - click(findTestObject("Object Repository/FSM1/Create ABP Inspection Manual Ass/Page_JM Control Centre/Page_JM Control Centre/Page_JM Control Centre/div_Region_v-filterselect-butt")): Object: 'Object Repository/FSM1/Create ABP Inspection Manual Ass/Page_JM Control Centre/Page_JM Control Centre/Page_JM Control Centre/div_Region_v-filterselect-butt' is clicked on

2018-11-29 13:06:12 - [MESSAGE][PASSED] - Object: 'Object Repository/FSM1/Create ABP Inspection Manual Ass/Page_JM Control Centre/Page_JM Control Centre/Page_JM Control Centre/div_Region_v-filterselect-butt' is clicked on

2018-11-29 13:06:13 - [TEST_STEP][PASSED] - click(findTestObject("Object Repository/FSM1/Create ABP Inspection Manual Ass/Page_JM Control Centre/Page_JM Control Centre/Page_JM Control Centre/td_West")): Object: 'Object Repository/FSM1/Create ABP Inspection Manual Ass/Page_JM Control Centre/Page_JM Control Centre/Page_JM Control Centre/td_West' is clicked on

2018-11-29 13:06:13 - [MESSAGE][PASSED] - Object: 'Object Repository/FSM1/Create ABP Inspection Manual Ass/Page_JM Control Centre/Page_JM Control Centre/Page_JM Control Centre/td_West' is clicked on

2018-11-29 13:06:13 - [TEST_STEP][PASSED] - click(findTestObject("Object Repository/FSM1/Create ABP Inspection Manual Ass/Page_JM Control Centre/Page_JM Control Centre/Page_JM Control Centre/div_Plant Type_v-filterselect-")): Object: 'Object Repository/FSM1/Create ABP Inspection Manual Ass/Page_JM Control Centre/Page_JM Control Centre/Page_JM Control Centre/div_Plant Type_v-filterselect-' is clicked on

2018-11-29 13:06:13 - [MESSAGE][PASSED] - Object: 'Object Repository/FSM1/Create ABP Inspection Manual Ass/Page_JM Control Centre/Page_JM Control Centre/Page_JM Control Centre/div_Plant Type_v-filterselect-' is clicked on

2018-11-29 13:06:13 - [TEST_STEP][PASSED] - click(findTestObject("Object Repository/FSM1/Create ABP Inspection Manual Ass/Page_JM Control Centre/Page_JM Control Centre/Page_JM Control Centre/td_SECTION I Intermediate Acti")): Object: 'Object Repository/FSM1/Create ABP Inspection Manual Ass/Page_JM Control Centre/Page_JM Control Centre/Page_JM Control Centre/td_SECTION I Intermediate Acti' is clicked on

2018-11-29 13:06:14 - [MESSAGE][PASSED] - Object: 'Object Repository/FSM1/Create ABP Inspection Manual Ass/Page_JM Control Centre/Page_JM Control Centre/Page_JM Control Centre/td_SECTION I Intermediate Acti' is clicked on

2018-11-29 13:06:14 - [TEST_STEP][PASSED] - click(findTestObject("Object Repository/FSM1/Create ABP Inspection Manual Ass/Page_JM Control Centre/Page_JM Control Centre/Page_JM Control Centre/div_Inspection Type_v-filterse")): Object: 'Object Repository/FSM1/Create ABP Inspection Manual Ass/Page_JM Control Centre/Page_JM Control Centre/Page_JM Control Centre/div_Inspection Type_v-filterse' is clicked on

2018-11-29 13:06:14 - [MESSAGE][PASSED] - Object: 'Object Repository/FSM1/Create ABP Inspection Manual Ass/Page_JM Control Centre/Page_JM Control Centre/Page_JM Control Centre/div_Inspection Type_v-filterse' is clicked on

2018-11-29 13:06:14 - [TEST_STEP][PASSED] - click(findTestObject("Object Repository/FSM1/Create ABP Inspection Manual Ass/Page_JM Control Centre/Page_JM Control Centre/Page_JM Control Centre/td_Routine")): Object: 'Object Repository/FSM1/Create ABP Inspection Manual Ass/Page_JM Control Centre/Page_JM Control Centre/Page_JM Control Centre/td_Routine' is clicked on

2018-11-29 13:06:15 - [MESSAGE][PASSED] - Object: 'Object Repository/FSM1/Create ABP Inspection Manual Ass/Page_JM Control Centre/Page_JM Control Centre/Page_JM Control Centre/td_Routine' is clicked on

2018-11-29 13:06:15 - [TEST_STEP][PASSED] - click(findTestObject("Object Repository/FSM1/Create ABP Inspection Manual Ass/Page_JM Control Centre/Page_JM Control Centre/Page_JM Control Centre/div_Inspector Grade Required_v")): Object: 'Object Repository/FSM1/Create ABP Inspection Manual Ass/Page_JM Control Centre/Page_JM Control Centre/Page_JM Control Centre/div_Inspector Grade Required_v' is clicked on

2018-11-29 13:06:15 - [MESSAGE][PASSED] - Object: 'Object Repository/FSM1/Create ABP Inspection Manual Ass/Page_JM Control Centre/Page_JM Control Centre/Page_JM Control Centre/div_Inspector Grade Required_v' is clicked on

2018-11-29 13:06:15 - [TEST_STEP][PASSED] - click(findTestObject("Object Repository/FSM1/Create ABP Inspection Manual Ass/Page_JM Control Centre/Page_JM Control Centre/Page_JM Control Centre/td_Tech")): Object: 'Object Repository/FSM1/Create ABP Inspection Manual Ass/Page_JM Control Centre/Page_JM Control Centre/Page_JM Control Centre/td_Tech' is clicked on

2018-11-29 13:06:15 - [MESSAGE][PASSED] - Object: 'Object Repository/FSM1/Create ABP Inspection Manual Ass/Page_JM Control Centre/Page_JM Control Centre/Page_JM Control Centre/td_Tech' is clicked on

2018-11-29 13:06:16 - [TEST_STEP][PASSED] - click(findTestObject("Object Repository/FSM1/Create ABP Inspection Manual Ass/Page_JM Control Centre/Page_JM Control Centre/Page_JM Control Centre/div_Sequence within Inspection")): Object: 'Object Repository/FSM1/Create ABP Inspection Manual Ass/Page_JM Control Centre/Page_JM Control Centre/Page_JM Control Centre/div_Sequence within Inspection' is clicked on

2018-11-29 13:06:16 - [MESSAGE][PASSED] - Object: 'Object Repository/FSM1/Create ABP Inspection Manual Ass/Page_JM Control Centre/Page_JM Control Centre/Page_JM Control Centre/div_Sequence within Inspection' is clicked on

2018-11-29 13:06:16 - [TEST_STEP][PASSED] - click(findTestObject("Object Repository/FSM1/Create ABP Inspection Manual Ass/Page_JM Control Centre/Page_JM Control Centre/Page_JM Control Centre/td_2 - Tech")): Object: 'Object Repository/FSM1/Create ABP Inspection Manual Ass/Page_JM Control Centre/Page_JM Control Centre/Page_JM Control Centre/td_2 - Tech' is clicked on

2018-11-29 13:06:16 - [MESSAGE][PASSED] - Object: 'Object Repository/FSM1/Create ABP Inspection Manual Ass/Page_JM Control Centre/Page_JM Control Centre/Page_JM Control Centre/td_2 - Tech' is clicked on

2018-11-29 13:06:16 - [TEST_STEP][PASSED] - setText(findTestObject("Object Repository/FSM1/Create ABP Inspection Manual Ass/Page_JM Control Centre/Page_JM Control Centre/Page_JM Control Centre/input_Customer ID_gwt-uid-40"), RandomStringUtils.randomNumeric(5)): Text '78630' is set on object 'Object Repository/FSM1/Create ABP Inspection Manual Ass/Page_JM Control Centre/Page_JM Control Centre/Page_JM Control Centre/input_Customer ID_gwt-uid-40'

2018-11-29 13:06:17 - [MESSAGE][PASSED] - Text '78630' is set on object 'Object Repository/FSM1/Create ABP Inspection Manual Ass/Page_JM Control Centre/Page_JM Control Centre/Page_JM Control Centre/input_Customer ID_gwt-uid-40'

2018-11-29 13:06:17 - [TEST_STEP][PASSED] - setText(findTestObject("Object Repository/FSM1/Create ABP Inspection Manual Ass/Page_JM Control Centre/Page_JM Control Centre/Page_JM Control Centre/input_Unit ID_gwt-uid-42"), RandomStringUtils.randomNumeric(5)): Text '56197' is set on object 'Object Repository/FSM1/Create ABP Inspection Manual Ass/Page_JM Control Centre/Page_JM Control Centre/Page_JM Control Centre/input_Unit ID_gwt-uid-42'

2018-11-29 13:06:17 - [MESSAGE][PASSED] - Text '56197' is set on object 'Object Repository/FSM1/Create ABP Inspection Manual Ass/Page_JM Control Centre/Page_JM Control Centre/Page_JM Control Centre/input_Unit ID_gwt-uid-42'

2018-11-29 13:06:17 - [TEST_STEP][PASSED] - setText(findTestObject("Object Repository/FSM1/Create ABP Inspection Manual Ass/Page_JM Control Centre/Page_JM Control Centre/Page_JM Control Centre/input_Customer Name_gwt-uid-44"), "Test Automation"): Text 'Test Automation' is set on object 'Object Repository/FSM1/Create ABP Inspection Manual Ass/Page_JM Control Centre/Page_JM Control Centre/Page_JM Control Centre/input_Customer Name_gwt-uid-44'

2018-11-29 13:06:18 - [MESSAGE][PASSED] - Text 'Test Automation' is set on object 'Object Repository/FSM1/Create ABP Inspection Manual Ass/Page_JM Control Centre/Page_JM Control Centre/Page_JM Control Centre/input_Customer Name_gwt-uid-44'

2018-11-29 13:06:18 - [TEST_STEP][PASSED] - click(findTestObject("Object Repository/FSM1/Create ABP Inspection Manual Ass/Page_JM Control Centre/Page_JM Control Centre/Page_JM Control Centre/span_")): Object: 'Object Repository/FSM1/Create ABP Inspection Manual Ass/Page_JM Control Centre/Page_JM Control Centre/Page_JM Control Centre/span_' is clicked on

2018-11-29 13:06:18 - [MESSAGE][PASSED] - Object: 'Object Repository/FSM1/Create ABP Inspection Manual Ass/Page_JM Control Centre/Page_JM Control Centre/Page_JM Control Centre/span_' is clicked on

2018-11-29 13:06:18 - [TEST_STEP][PASSED] - click(findTestObject("Object Repository/FSM1/Create ABP Inspection Manual Ass/Page_JM Control Centre/Page_JM Control Centre/Page_JM Control Centre/Postcode Search")): Object: 'Object Repository/FSM1/Create ABP Inspection Manual Ass/Page_JM Control Centre/Page_JM Control Centre/Page_JM Control Centre/Postcode Search' is clicked on

2018-11-29 13:06:20 - [MESSAGE][PASSED] - Object: 'Object Repository/FSM1/Create ABP Inspection Manual Ass/Page_JM Control Centre/Page_JM Control Centre/Page_JM Control Centre/Postcode Search' is clicked on

2018-11-29 13:06:20 - [TEST_STEP][PASSED] - setText(findTestObject("Object Repository/FSM1/Create ABP Inspection Manual Ass/Page_JM Control Centre/Page_JM Control Centre/Page_JM Control Centre/PostcodeSearch"), findTestData("Pre Production/ABP/ABP Inspection Data 01a").getValue(2, 1)): Text 'WR5 2NQ' is set on object 'Object Repository/FSM1/Create ABP Inspection Manual Ass/Page_JM Control Centre/Page_JM Control Centre/Page_JM Control Centre/PostcodeSearch'

2018-11-29 13:06:21 - [MESSAGE][PASSED] - Text 'WR5 2NQ' is set on object 'Object Repository/FSM1/Create ABP Inspection Manual Ass/Page_JM Control Centre/Page_JM Control Centre/Page_JM Control Centre/PostcodeSearch'

2018-11-29 13:06:21 - [TEST_STEP][PASSED] - click(findTestObject("FSM1/Control Centre/Create EMI Inspection/Create Address/Page_JM Control Centre (1)/SearchButton")): Object: 'Object Repository/FSM1/Control Centre/Create EMI Inspection/Create Address/Page_JM Control Centre (1)/SearchButton' is clicked on

2018-11-29 13:06:21 - [MESSAGE][PASSED] - Object: 'Object Repository/FSM1/Control Centre/Create EMI Inspection/Create Address/Page_JM Control Centre (1)/SearchButton' is clicked on

2018-11-29 13:06:22 - [TEST_STEP][PASSED] - FullAddress = modifyObjectProperty(findTestObject("Object Repository/FSM1/Create ABP Inspection Manual Ass/Page_JM Control Centre/Page_JM Control Centre/Page_JM Control Centre/Address"), "text", "equals", findTestData("Pre Production/ABP/ABP Inspection Data 01a").getValue(3, 1), true): Modify property of object successfully

2018-11-29 13:06:22 - [MESSAGE][PASSED] - Modify property of object successfully

2018-11-29 13:06:22 - [TEST_STEP][PASSED] - click(FullAddress, STOP_ON_FAILURE): Object: 'Object Repository/FSM1/Create ABP Inspection Manual Ass/Page_JM Control Centre/Page_JM Control Centre/Page_JM Control Centre/Address' is clicked on

2018-11-29 13:06:23 - [MESSAGE][PASSED] - Object: 'Object Repository/FSM1/Create ABP Inspection Manual Ass/Page_JM Control Centre/Page_JM Control Centre/Page_JM Control Centre/Address' is clicked on

2018-11-29 13:06:23 - [TEST_STEP][PASSED] - click(findTestObject("FSM1/Control Centre/Create EMI Inspection/Create Address/Page_JM Control Centre (2)/div_Add Selected Item")): Object: 'Object Repository/FSM1/Control Centre/Create EMI Inspection/Create Address/Page_JM Control Centre (2)/div_Add Selected Item' is clicked on

2018-11-29 13:06:23 - [MESSAGE][PASSED] - Object: 'Object Repository/FSM1/Control Centre/Create EMI Inspection/Create Address/Page_JM Control Centre (2)/div_Add Selected Item' is clicked on

2018-11-29 13:06:23 - [TEST_STEP][PASSED] - delay(2): Delayed 2 second(s)

2018-11-29 13:06:25 - [MESSAGE][PASSED] - Delayed 2 second(s)

2018-11-29 13:06:25 - [TEST_STEP][PASSED] - click(findTestObject("FSM1/Control Centre/Create EMI Inspection/Finish/Page_JM Control Centre (3)/div_Create")): Object: 'Object Repository/FSM1/Control Centre/Create EMI Inspection/Finish/Page_JM Control Centre (3)/div_Create' is clicked on

2018-11-29 13:06:26 - [MESSAGE][PASSED] - Object: 'Object Repository/FSM1/Control Centre/Create EMI Inspection/Finish/Page_JM Control Centre (3)/div_Create' is clicked on

2018-11-29 13:06:26 - [TEST_STEP][PASSED] - waitForElementPresent(findTestObject("Object Repository/FSM1/Create ABP Inspection Manual Ass/Page_JM Control Centre/Page_JM Control Centre/Page_JM Control Centre/div_APPROVED"), 120, STOP_ON_FAILURE): Object 'Object Repository/FSM1/Create ABP Inspection Manual Ass/Page_JM Control Centre/Page_JM Control Centre/Page_JM Control Centre/div_APPROVED' is present

2018-11-29 13:06:30 - [MESSAGE][PASSED] - Object 'Object Repository/FSM1/Create ABP Inspection Manual Ass/Page_JM Control Centre/Page_JM Control Centre/Page_JM Control Centre/div_APPROVED' is present

2018-11-29 13:06:30 - [TEST_STEP][PASSED] - click(findTestObject("Object Repository/FSM1/Create ABP Inspection Manual Ass/Page_JM Control Centre/Page_JM Control Centre/Page_JM Control Centre/span_Schedule")): Object: 'Object Repository/FSM1/Create ABP Inspection Manual Ass/Page_JM Control Centre/Page_JM Control Centre/Page_JM Control Centre/span_Schedule' is clicked on

2018-11-29 13:06:31 - [MESSAGE][PASSED] - Object: 'Object Repository/FSM1/Create ABP Inspection Manual Ass/Page_JM Control Centre/Page_JM Control Centre/Page_JM Control Centre/span_Schedule' is clicked on

2018-11-29 13:06:31 - [TEST_STEP][PASSED] - click(findTestObject("Object Repository/FSM1/Create ABP Inspection Manual Ass/Page_JM Control Centre/Page_JM Control Centre/Page_JM Control Centre/label_Manual Ownership")): Object: 'Object Repository/FSM1/Create ABP Inspection Manual Ass/Page_JM Control Centre/Page_JM Control Centre/Page_JM Control Centre/label_Manual Ownership' is clicked on

2018-11-29 13:06:34 - [MESSAGE][PASSED] - Object: 'Object Repository/FSM1/Create ABP Inspection Manual Ass/Page_JM Control Centre/Page_JM Control Centre/Page_JM Control Centre/label_Manual Ownership' is clicked on

2018-11-29 13:06:35 - [TEST_STEP][PASSED] - setText(findTestObject("Object Repository/FSM1/Create ABP Inspection Manual Ass/Page_JM Control Centre/Page_JM Control Centre/Page_JM Control Centre/input_Owner_gwt-uid-311 (3)"), "test"): Text 'test' is set on object 'Object Repository/FSM1/Create ABP Inspection Manual Ass/Page_JM Control Centre/Page_JM Control Centre/Page_JM Control Centre/input_Owner_gwt-uid-311 (3)'

2018-11-29 13:06:37 - [MESSAGE][PASSED] - Text 'test' is set on object 'Object Repository/FSM1/Create ABP Inspection Manual Ass/Page_JM Control Centre/Page_JM Control Centre/Page_JM Control Centre/input_Owner_gwt-uid-311 (3)'

2018-11-29 13:06:37 - [TEST_STEP][PASSED] - click(findTestObject("Object Repository/FSM1/Create ABP Inspection Manual Ass/Page_JM Control Centre/Page_JM Control Centre/Page_JM Control Centre/span_Test Inspector")): Object: 'Object Repository/FSM1/Create ABP Inspection Manual Ass/Page_JM Control Centre/Page_JM Control Centre/Page_JM Control Centre/span_Test Inspector' is clicked on

2018-11-29 13:06:37 - [MESSAGE][PASSED] - Object: 'Object Repository/FSM1/Create ABP Inspection Manual Ass/Page_JM Control Centre/Page_JM Control Centre/Page_JM Control Centre/span_Test Inspector' is clicked on

2018-11-29 13:06:38 - [TEST_STEP][NOT_RUN] - setText(findTestObject("Object Repository/FSM1/Create ABP Inspection Manual Ass/Page_JM Control Centre/Page_JM Control Centre/Page_JM Control Centre/input_Owner_gwt-uid-311"), "Test Inspector"): NOT_RUN: setText(findTestObject("Object Repository/FSM1/Create ABP Inspection Manual Ass/Page_JM Control Centre/Page_JM Control Centre/Page_JM Control Centre/input_Owner_gwt-uid-311"), "Test Inspector")

2018-11-29 13:06:38 - [MESSAGE][NOT_RUN] - NOT_RUN: setText(findTestObject("Object Repository/FSM1/Create ABP Inspection Manual Ass/Page_JM Control Centre/Page_JM Control Centre/Page_JM Control Centre/input_Owner_gwt-uid-311"), "Test Inspector")

2018-11-29 13:06:38 - [TEST_STEP][PASSED] - mydate = new java.util.Date(): null

2018-11-29 13:06:38 - [TEST_STEP][PASSED] - tomorrow = mydate.next(): null

2018-11-29 13:06:38 - [TEST_STEP][PASSED] - formattedDate = tomorrow.format("dd-MMM-yyyy"): null

2018-11-29 13:06:38 - [TEST_STEP][PASSED] - setText(findTestObject("Object Repository/FSM1/Create ABP Inspection Manual Ass/Page_JM Control Centre/Page_JM Control Centre/Page_JM Control Centre/input_From date_gwt-uid-504 (10)"), formattedDate): Text '30-Nov-2018' is set on object 'Object Repository/FSM1/Create ABP Inspection Manual Ass/Page_JM Control Centre/Page_JM Control Centre/Page_JM Control Centre/input_From date_gwt-uid-504 (10)'

2018-11-29 13:06:39 - [MESSAGE][PASSED] - Text '30-Nov-2018' is set on object 'Object Repository/FSM1/Create ABP Inspection Manual Ass/Page_JM Control Centre/Page_JM Control Centre/Page_JM Control Centre/input_From date_gwt-uid-504 (10)'

2018-11-29 13:06:39 - [TEST_STEP][PASSED] - setText(findTestObject("Object Repository/FSM1/Create ABP Inspection Manual Ass/Page_JM Control Centre/Page_JM Control Centre/Page_JM Control Centre/input_Due date_gwt-uid-506 (11)"), formattedDate): Text '30-Nov-2018' is set on object 'Object Repository/FSM1/Create ABP Inspection Manual Ass/Page_JM Control Centre/Page_JM Control Centre/Page_JM Control Centre/input_Due date_gwt-uid-506 (11)'

2018-11-29 13:06:40 - [MESSAGE][PASSED] - Text '30-Nov-2018' is set on object 'Object Repository/FSM1/Create ABP Inspection Manual Ass/Page_JM Control Centre/Page_JM Control Centre/Page_JM Control Centre/input_Due date_gwt-uid-506 (11)'

2018-11-29 13:06:40 - [TEST_STEP][PASSED] - click(findTestObject("Object Repository/FSM1/Create ABP Inspection Manual Ass/Page_JM Control Centre/Page_JM Control Centre/Page_JM Control Centre/div_Allocate")): Object: 'Object Repository/FSM1/Create ABP Inspection Manual Ass/Page_JM Control Centre/Page_JM Control Centre/Page_JM Control Centre/div_Allocate' is clicked on

2018-11-29 13:06:41 - [MESSAGE][PASSED] - Object: 'Object Repository/FSM1/Create ABP Inspection Manual Ass/Page_JM Control Centre/Page_JM Control Centre/Page_JM Control Centre/div_Allocate' is clicked on

2018-11-29 13:06:41 - [TEST_STEP][PASSED] - InspectionID = getText(findTestObject("Object Repository/FSM1/Create ABP Inspection Manual Ass/Page_JM Control Centre/Page_JM Control Centre/Page_JM Control Centre/InspectionID")): Text of object 'Object Repository/FSM1/Create ABP Inspection Manual Ass/Page_JM Control Centre/Page_JM Control Centre/Page_JM Control Centre/InspectionID' is: 'Viewing Job 94137'

2018-11-29 13:06:41 - [MESSAGE][PASSED] - Text of object 'Object Repository/FSM1/Create ABP Inspection Manual Ass/Page_JM Control Centre/Page_JM Control Centre/Page_JM Control Centre/InspectionID' is: 'Viewing Job 94137'

2018-11-29 13:06:41 - [TEST_STEP][PASSED] - InspectionID = InspectionID.replaceAll("Viewing Job ", ""): null

2018-11-29 13:06:41 - [TEST_STEP][PASSED] - log.logWarning(InspectionID): 94137

2018-11-29 13:06:41 - [MESSAGE][WARNING] - 94137

2018-11-29 13:06:41 - [TEST_STEP][PASSED] - temp = InspectionID: null

2018-11-29 13:06:41 - [TEST_STEP][PASSED] - delay(90): Delayed 90 second(s)

2018-11-29 13:08:11 - [MESSAGE][PASSED] - Delayed 90 second(s)]]></system-out>
         <system-err><![CDATA[]]></system-err>
      </testcase>
      <testcase name="Test Cases/Generic/Launch Job Manager" classname="Test Cases/Generic/Launch Job Manager" status="PASSED">
         <system-out><![CDATA[2018-11-29 13:08:11 - [TEST_CASE][PASSED] - Test Cases/Generic/Launch Job Manager: Test Cases/Generic/Launch Job Manager

2018-11-29 13:08:12 - [TEST_STEP][PASSED] - openBrowser(""): Browser is opened with url: ''

2018-11-29 13:08:12 - [MESSAGE][WARNING] - A browser is already opened. Closing browser and opening a new one

2018-11-29 13:08:13 - [MESSAGE][INFO] - Starting 'Chrome' driver

2018-11-29 13:08:15 - [MESSAGE][PASSED] - Browser is opened with url: ''

2018-11-29 13:08:15 - [TEST_STEP][PASSED] - navigateToUrl(JMURL): Navigate to 'https://kirona-def-11.kirona.com/jmtrain/jclient/jclient.html' successfully

2018-11-29 13:08:16 - [MESSAGE][PASSED] - Navigate to 'https://kirona-def-11.kirona.com/jmtrain/jclient/jclient.html' successfully

2018-11-29 13:08:16 - [TEST_STEP][PASSED] - setText(findTestObject("FSM1/Launch Application/Page_JClient/input_gwt-TextBox GKH2EKQBMDB"), "KIR1"): Text 'KIR1' is set on object 'Object Repository/FSM1/Launch Application/Page_JClient/input_gwt-TextBox GKH2EKQBMDB'

2018-11-29 13:08:19 - [MESSAGE][PASSED] - Text 'KIR1' is set on object 'Object Repository/FSM1/Launch Application/Page_JClient/input_gwt-TextBox GKH2EKQBMDB'

2018-11-29 13:08:19 - [TEST_STEP][PASSED] - sendKeys(findTestObject("FSM1/Launch Application/Page_JClient/input_gwt-TextBox GKH2EKQBMDB"), Keys.chord(ENTER)): Keys 'ENTER + ' sent to object: 'Object Repository/FSM1/Launch Application/Page_JClient/input_gwt-TextBox GKH2EKQBMDB'

2018-11-29 13:08:19 - [MESSAGE][PASSED] - Keys 'ENTER + ' sent to object: 'Object Repository/FSM1/Launch Application/Page_JClient/input_gwt-TextBox GKH2EKQBMDB'

2018-11-29 13:08:19 - [TEST_STEP][PASSED] - click(findTestObject("FSM1/Launch Application/Page_JClient/div_Configure App")): Object: 'Object Repository/FSM1/Launch Application/Page_JClient/div_Configure App' is clicked on

2018-11-29 13:08:19 - [MESSAGE][PASSED] - Object: 'Object Repository/FSM1/Launch Application/Page_JClient/div_Configure App' is clicked on

2018-11-29 13:08:19 - [TEST_STEP][PASSED] - setText(findTestObject("FSM1/Launch Application/Page_JClient/input_gwt-TextBox GKH2EKQBNHC"), findTestData("Pre Production/Environmental/UandP").getValue(3, 1)): Text 'test.inspector' is set on object 'Object Repository/FSM1/Launch Application/Page_JClient/input_gwt-TextBox GKH2EKQBNHC'

2018-11-29 13:08:20 - [MESSAGE][PASSED] - Text 'test.inspector' is set on object 'Object Repository/FSM1/Launch Application/Page_JClient/input_gwt-TextBox GKH2EKQBNHC'

2018-11-29 13:08:20 - [TEST_STEP][PASSED] - setText(findTestObject("FSM1/Launch Application/Page_JClient/input_gwt-PasswordTextBox GKH2"), findTestData("Pre Production/Environmental/UandP").getValue(4, 1)): Text 'Password1.' is set on object 'Object Repository/FSM1/Launch Application/Page_JClient/input_gwt-PasswordTextBox GKH2'

2018-11-29 13:08:20 - [MESSAGE][PASSED] - Text 'Password1.' is set on object 'Object Repository/FSM1/Launch Application/Page_JClient/input_gwt-PasswordTextBox GKH2'

2018-11-29 13:08:20 - [TEST_STEP][PASSED] - click(findTestObject("FSM1/Launch Application/Page_JClient/div_Sign In")): Object: 'Object Repository/FSM1/Launch Application/Page_JClient/div_Sign In' is clicked on

2018-11-29 13:08:21 - [MESSAGE][PASSED] - Object: 'Object Repository/FSM1/Launch Application/Page_JClient/div_Sign In' is clicked on

2018-11-29 13:08:21 - [TEST_STEP][PASSED] - delay(15): Delayed 15 second(s)

2018-11-29 13:08:36 - [MESSAGE][PASSED] - Delayed 15 second(s)]]></system-out>
         <system-err><![CDATA[]]></system-err>
      </testcase>
      <testcase name="Test Cases/Generic/Select Inspection" classname="Test Cases/Generic/Select Inspection" status="PASSED">
         <system-out><![CDATA[2018-11-29 13:08:36 - [TEST_CASE][PASSED] - Test Cases/Generic/Select Inspection: Test Cases/Generic/Select Inspection

2018-11-29 13:08:36 - [TEST_STEP][PASSED] - delay(30): Delayed 30 second(s)

2018-11-29 13:09:06 - [MESSAGE][PASSED] - Delayed 30 second(s)

2018-11-29 13:09:06 - [TEST_STEP][PASSED] - waitForElementClickable(findTestObject("FSM1/Select Inspection/Landing/Refresh"), 250): Object 'Object Repository/FSM1/Select Inspection/Landing/Refresh' is clickable

2018-11-29 13:09:06 - [MESSAGE][PASSED] - Object 'Object Repository/FSM1/Select Inspection/Landing/Refresh' is clickable

2018-11-29 13:09:06 - [TEST_STEP][PASSED] - click(findTestObject("FSM1/Select Inspection/Landing/Refresh")): Object: 'Object Repository/FSM1/Select Inspection/Landing/Refresh' is clicked on

2018-11-29 13:09:06 - [MESSAGE][PASSED] - Object: 'Object Repository/FSM1/Select Inspection/Landing/Refresh' is clicked on

2018-11-29 13:09:06 - [TEST_STEP][PASSED] - waitForElementClickable(findTestObject("FSM1/Select Inspection/Landing/Refresh"), 250): Object 'Object Repository/FSM1/Select Inspection/Landing/Refresh' is clickable

2018-11-29 13:09:07 - [MESSAGE][PASSED] - Object 'Object Repository/FSM1/Select Inspection/Landing/Refresh' is clickable

2018-11-29 13:09:07 - [TEST_STEP][NOT_RUN] - delay(180): NOT_RUN: delay(180)

2018-11-29 13:09:07 - [MESSAGE][NOT_RUN] - NOT_RUN: delay(180)

2018-11-29 13:09:07 - [TEST_STEP][PASSED] - InspectionRef = modifyObjectProperty(findTestObject("FSM1/Select Inspection/Landing/Page_JClient/div_35098"), "text", "equals", temp, true, STOP_ON_FAILURE): Modify property of object successfully

2018-11-29 13:09:07 - [MESSAGE][PASSED] - Modify property of object successfully

2018-11-29 13:09:07 - [TEST_STEP][PASSED] - delay(20): Delayed 20 second(s)

2018-11-29 13:09:27 - [MESSAGE][PASSED] - Delayed 20 second(s)

2018-11-29 13:09:27 - [TEST_STEP][PASSED] - if (verifyElementPresent(InspectionRef, 30, OPTIONAL)): com.kms.katalon.core.webui.exception.WebElementNotFoundException: Web element with id: 'Object Repository/FSM1/Select Inspection/Landing/Page_JClient/div_35098' located by 'By.xpath: //div[(text() = '94137' or . = '94137')]' not found

2018-11-29 13:09:58 - [MESSAGE][INFO] - Unable to find the element located by 'By.xpath: //div[(text() = '94137' or . = '94137')]'. Please recheck the objects properties to make sure the desired element is located. 

2018-11-29 13:09:59 - [MESSAGE][WARNING] - com.kms.katalon.core.webui.exception.WebElementNotFoundException: Web element with id: 'Object Repository/FSM1/Select Inspection/Landing/Page_JClient/div_35098' located by 'By.xpath: //div[(text() = '94137' or . = '94137')]' not found
[[ATTACHMENT|C:\\Users\\JHATFIELD\\git\\DEFRA-FSM_Automated_Regression_NEW\\Reports\\ABP\\ABP Regression - Pre-Approval - Next Routine\\20181129_121934\\1543496998835.png]]

2018-11-29 13:09:59 - [TEST_STEP][PASSED] - else: Object: 'Object Repository/FSM1/Select Inspection/Landing/Page_JClient/div_35098' is clicked on

2018-11-29 13:09:59 - [TEST_STEP][PASSED] - click(findTestObject("Object Repository/FSM1/Select Inspection/Landing/Page_JClient (1)/2 Days")): Object: 'Object Repository/FSM1/Select Inspection/Landing/Page_JClient (1)/2 Days' is clicked on

2018-11-29 13:09:59 - [MESSAGE][PASSED] - Object: 'Object Repository/FSM1/Select Inspection/Landing/Page_JClient (1)/2 Days' is clicked on

2018-11-29 13:09:59 - [TEST_STEP][PASSED] - delay(3): Delayed 3 second(s)

2018-11-29 13:10:02 - [MESSAGE][PASSED] - Delayed 3 second(s)

2018-11-29 13:10:02 - [TEST_STEP][PASSED] - click(InspectionRef): Object: 'Object Repository/FSM1/Select Inspection/Landing/Page_JClient/div_35098' is clicked on

2018-11-29 13:10:03 - [MESSAGE][PASSED] - Object: 'Object Repository/FSM1/Select Inspection/Landing/Page_JClient/div_35098' is clicked on

2018-11-29 13:10:03 - [TEST_STEP][PASSED] - click(findTestObject("FSM1/Select Inspection/Page_JClient/div_WITH OPERATIVE")): Object: 'Object Repository/FSM1/Select Inspection/Page_JClient/div_WITH OPERATIVE' is clicked on

2018-11-29 13:10:03 - [MESSAGE][PASSED] - Object: 'Object Repository/FSM1/Select Inspection/Page_JClient/div_WITH OPERATIVE' is clicked on

2018-11-29 13:10:03 - [TEST_STEP][PASSED] - delay(2): Delayed 2 second(s)

2018-11-29 13:10:05 - [MESSAGE][PASSED] - Delayed 2 second(s)

2018-11-29 13:10:05 - [TEST_STEP][PASSED] - click(findTestObject("FSM1/Select Inspection/Page_JClient/div_TRAVELLING")): Object: 'Object Repository/FSM1/Select Inspection/Page_JClient/div_TRAVELLING' is clicked on

2018-11-29 13:10:06 - [MESSAGE][PASSED] - Object: 'Object Repository/FSM1/Select Inspection/Page_JClient/div_TRAVELLING' is clicked on

2018-11-29 13:10:06 - [TEST_STEP][PASSED] - delay(2): Delayed 2 second(s)

2018-11-29 13:10:08 - [MESSAGE][PASSED] - Delayed 2 second(s)

2018-11-29 13:10:08 - [TEST_STEP][PASSED] - click(findTestObject("FSM1/Select Inspection/Page_JClient/div_TRAVELLING")): Object: 'Object Repository/FSM1/Select Inspection/Page_JClient/div_TRAVELLING' is clicked on

2018-11-29 13:10:08 - [MESSAGE][PASSED] - Object: 'Object Repository/FSM1/Select Inspection/Page_JClient/div_TRAVELLING' is clicked on

2018-11-29 13:10:08 - [TEST_STEP][PASSED] - delay(2): Delayed 2 second(s)

2018-11-29 13:10:10 - [MESSAGE][PASSED] - Delayed 2 second(s)

2018-11-29 13:10:10 - [TEST_STEP][PASSED] - click(findTestObject("FSM1/Select Inspection/Page_JClient/div_ARRIVED")): Object: 'Object Repository/FSM1/Select Inspection/Page_JClient/div_ARRIVED' is clicked on

2018-11-29 13:10:10 - [MESSAGE][PASSED] - Object: 'Object Repository/FSM1/Select Inspection/Page_JClient/div_ARRIVED' is clicked on

2018-11-29 13:10:10 - [TEST_STEP][PASSED] - delay(2): Delayed 2 second(s)

2018-11-29 13:10:12 - [MESSAGE][PASSED] - Delayed 2 second(s)

2018-11-29 13:10:12 - [TEST_STEP][PASSED] - click(findTestObject("FSM1/Select Inspection/Page_JClient/div_ARRIVED")): Object: 'Object Repository/FSM1/Select Inspection/Page_JClient/div_ARRIVED' is clicked on

2018-11-29 13:10:12 - [MESSAGE][PASSED] - Object: 'Object Repository/FSM1/Select Inspection/Page_JClient/div_ARRIVED' is clicked on

2018-11-29 13:10:12 - [TEST_STEP][PASSED] - delay(4): Delayed 4 second(s)

2018-11-29 13:10:16 - [MESSAGE][PASSED] - Delayed 4 second(s)

2018-11-29 13:10:16 - [TEST_STEP][PASSED] - click(findTestObject("FSM1/Select Inspection/Page_JClient/div_STARTED")): Object: 'Object Repository/FSM1/Select Inspection/Page_JClient/div_STARTED' is clicked on

2018-11-29 13:10:16 - [MESSAGE][PASSED] - Object: 'Object Repository/FSM1/Select Inspection/Page_JClient/div_STARTED' is clicked on

2018-11-29 13:10:16 - [TEST_STEP][PASSED] - delay(2): Delayed 2 second(s)

2018-11-29 13:10:18 - [MESSAGE][PASSED] - Delayed 2 second(s)]]></system-out>
         <system-err><![CDATA[]]></system-err>
      </testcase>
      <testcase name="Test Cases/ABP/Pre-Approval/Pre-Approval Inspection Details - Next Routine" classname="Test Cases/ABP/Pre-Approval/Pre-Approval Inspection Details - Next Routine" status="PASSED">
         <system-out><![CDATA[2018-11-29 13:10:18 - [TEST_CASE][PASSED] - Test Cases/ABP/Pre-Approval/Pre-Approval Inspection Details - Next Routine: Test Cases/ABP/Pre-Approval/Pre-Approval Inspection Details - Next Routine

2018-11-29 13:10:19 - [TEST_STEP][PASSED] - click(findTestObject("Object Repository/FSM1/Pre-Approval/Page_JClient/div_Inspection Details")): Object: 'Object Repository/FSM1/Pre-Approval/Page_JClient/div_Inspection Details' is clicked on

2018-11-29 13:10:19 - [MESSAGE][PASSED] - Object: 'Object Repository/FSM1/Pre-Approval/Page_JClient/div_Inspection Details' is clicked on

2018-11-29 13:10:19 - [TEST_STEP][PASSED] - delay(3): Delayed 3 second(s)

2018-11-29 13:10:22 - [MESSAGE][PASSED] - Delayed 3 second(s)

2018-11-29 13:10:22 - [TEST_STEP][PASSED] - click(findTestObject("Object Repository/FSM1/Pre-Approval/Page_JClient/input_Announced visit_radio_gr")): Object: 'Object Repository/FSM1/Pre-Approval/Page_JClient/input_Announced visit_radio_gr' is clicked on

2018-11-29 13:10:22 - [MESSAGE][PASSED] - Object: 'Object Repository/FSM1/Pre-Approval/Page_JClient/input_Announced visit_radio_gr' is clicked on

2018-11-29 13:10:22 - [TEST_STEP][PASSED] - click(findTestObject("Object Repository/FSM1/Pre-Approval/Page_JClient/input_Yes_radio_group_2")): Object: 'Object Repository/FSM1/Pre-Approval/Page_JClient/input_Yes_radio_group_2' is clicked on

2018-11-29 13:10:22 - [MESSAGE][PASSED] - Object: 'Object Repository/FSM1/Pre-Approval/Page_JClient/input_Yes_radio_group_2' is clicked on

2018-11-29 13:10:22 - [TEST_STEP][PASSED] - click(findTestObject("Object Repository/FSM1/Pre-Approval/Page_JClient/input_Yes_radio_group_3")): Object: 'Object Repository/FSM1/Pre-Approval/Page_JClient/input_Yes_radio_group_3' is clicked on

2018-11-29 13:10:23 - [MESSAGE][PASSED] - Object: 'Object Repository/FSM1/Pre-Approval/Page_JClient/input_Yes_radio_group_3' is clicked on

2018-11-29 13:10:23 - [TEST_STEP][PASSED] - mydate = new java.util.Date(): null

2018-11-29 13:10:23 - [TEST_STEP][PASSED] - formattedDate = mydate.format("MM/dd/yyy"): null

2018-11-29 13:10:23 - [TEST_STEP][PASSED] - sendKeys(findTestObject("FSM1/Pre-Approval/Page_JClient/input_Date application receive"), formattedDate): Keys '11/29/2018' sent to object: 'Object Repository/FSM1/Pre-Approval/Page_JClient/input_Date application receive'

2018-11-29 13:10:23 - [MESSAGE][PASSED] - Keys '11/29/2018' sent to object: 'Object Repository/FSM1/Pre-Approval/Page_JClient/input_Date application receive'

2018-11-29 13:10:23 - [TEST_STEP][PASSED] - click(findTestObject("Object Repository/FSM1/Pre-Approval/Page_JClient/input_Raw materials applicable")): Object: 'Object Repository/FSM1/Pre-Approval/Page_JClient/input_Raw materials applicable' is clicked on

2018-11-29 13:10:23 - [MESSAGE][PASSED] - Object: 'Object Repository/FSM1/Pre-Approval/Page_JClient/input_Raw materials applicable' is clicked on

2018-11-29 13:10:23 - [TEST_STEP][PASSED] - setText(findTestObject("Object Repository/FSM1/Pre-Approval/Page_JClient/textarea_Record specific infor"), "Test automation"): Text 'Test automation' is set on object 'Object Repository/FSM1/Pre-Approval/Page_JClient/textarea_Record specific infor'

2018-11-29 13:10:23 - [MESSAGE][PASSED] - Text 'Test automation' is set on object 'Object Repository/FSM1/Pre-Approval/Page_JClient/textarea_Record specific infor'

2018-11-29 13:10:23 - [TEST_STEP][PASSED] - click(findTestObject("Object Repository/FSM1/Pre-Approval/Page_JClient/input_Structure applicable_rad")): Object: 'Object Repository/FSM1/Pre-Approval/Page_JClient/input_Structure applicable_rad' is clicked on

2018-11-29 13:10:23 - [MESSAGE][PASSED] - Object: 'Object Repository/FSM1/Pre-Approval/Page_JClient/input_Structure applicable_rad' is clicked on

2018-11-29 13:10:23 - [TEST_STEP][PASSED] - setText(findTestObject("Object Repository/FSM1/Pre-Approval/Page_JClient/textarea_No_gwt-TextArea GKH2E"), "Test automation"): Text 'Test automation' is set on object 'Object Repository/FSM1/Pre-Approval/Page_JClient/textarea_No_gwt-TextArea GKH2E'

2018-11-29 13:10:24 - [MESSAGE][PASSED] - Text 'Test automation' is set on object 'Object Repository/FSM1/Pre-Approval/Page_JClient/textarea_No_gwt-TextArea GKH2E'

2018-11-29 13:10:24 - [TEST_STEP][PASSED] - click(findTestObject("Object Repository/FSM1/Pre-Approval/Page_JClient/input_Operating applicable_rad")): Object: 'Object Repository/FSM1/Pre-Approval/Page_JClient/input_Operating applicable_rad' is clicked on

2018-11-29 13:10:24 - [MESSAGE][PASSED] - Object: 'Object Repository/FSM1/Pre-Approval/Page_JClient/input_Operating applicable_rad' is clicked on

2018-11-29 13:10:24 - [TEST_STEP][PASSED] - setText(findTestObject("FSM1/Pre-Approval/Page_JClient/textarea_No_gwt-TextArea GKH2E - Operating"), "Test automation"): Text 'Test automation' is set on object 'Object Repository/FSM1/Pre-Approval/Page_JClient/textarea_No_gwt-TextArea GKH2E - Operating'

2018-11-29 13:10:24 - [MESSAGE][PASSED] - Text 'Test automation' is set on object 'Object Repository/FSM1/Pre-Approval/Page_JClient/textarea_No_gwt-TextArea GKH2E - Operating'

2018-11-29 13:10:24 - [TEST_STEP][PASSED] - click(findTestObject("Object Repository/FSM1/Pre-Approval/Page_JClient/input_Validation applicable_ra")): Object: 'Object Repository/FSM1/Pre-Approval/Page_JClient/input_Validation applicable_ra' is clicked on

2018-11-29 13:10:24 - [MESSAGE][PASSED] - Object: 'Object Repository/FSM1/Pre-Approval/Page_JClient/input_Validation applicable_ra' is clicked on

2018-11-29 13:10:24 - [TEST_STEP][PASSED] - setText(findTestObject("FSM1/Pre-Approval/Page_JClient/textarea_No_gwt-TextArea GKH2E - Validation"), "Test automation"): Text 'Test automation' is set on object 'Object Repository/FSM1/Pre-Approval/Page_JClient/textarea_No_gwt-TextArea GKH2E - Validation'

2018-11-29 13:10:25 - [MESSAGE][PASSED] - Text 'Test automation' is set on object 'Object Repository/FSM1/Pre-Approval/Page_JClient/textarea_No_gwt-TextArea GKH2E - Validation'

2018-11-29 13:10:25 - [TEST_STEP][PASSED] - click(findTestObject("Object Repository/FSM1/Pre-Approval/Page_JClient/input_Collection Transport  St")): Object: 'Object Repository/FSM1/Pre-Approval/Page_JClient/input_Collection Transport  St' is clicked on

2018-11-29 13:10:25 - [MESSAGE][PASSED] - Object: 'Object Repository/FSM1/Pre-Approval/Page_JClient/input_Collection Transport  St' is clicked on

2018-11-29 13:10:25 - [TEST_STEP][PASSED] - setText(findTestObject("FSM1/Pre-Approval/Page_JClient/textarea_No_gwt-TextArea GKH2E - Transport"), "Test automation"): Text 'Test automation' is set on object 'Object Repository/FSM1/Pre-Approval/Page_JClient/textarea_No_gwt-TextArea GKH2E - Transport'

2018-11-29 13:10:25 - [MESSAGE][PASSED] - Text 'Test automation' is set on object 'Object Repository/FSM1/Pre-Approval/Page_JClient/textarea_No_gwt-TextArea GKH2E - Transport'

2018-11-29 13:10:25 - [TEST_STEP][PASSED] - click(findTestObject("Object Repository/FSM1/Pre-Approval/Page_JClient/input_Microbiological Testing")): Object: 'Object Repository/FSM1/Pre-Approval/Page_JClient/input_Microbiological Testing' is clicked on

2018-11-29 13:10:25 - [MESSAGE][PASSED] - Object: 'Object Repository/FSM1/Pre-Approval/Page_JClient/input_Microbiological Testing' is clicked on

2018-11-29 13:10:25 - [TEST_STEP][PASSED] - setText(findTestObject("FSM1/Pre-Approval/Page_JClient/textarea_No_gwt-TextArea GKH2E - Micro"), "Test automation"): Text 'Test automation' is set on object 'Object Repository/FSM1/Pre-Approval/Page_JClient/textarea_No_gwt-TextArea GKH2E - Micro'

2018-11-29 13:10:26 - [MESSAGE][PASSED] - Text 'Test automation' is set on object 'Object Repository/FSM1/Pre-Approval/Page_JClient/textarea_No_gwt-TextArea GKH2E - Micro'

2018-11-29 13:10:26 - [TEST_STEP][PASSED] - click(findTestObject("Object Repository/FSM1/Pre-Approval/Page_JClient/input_Sampling applicable_radi")): Object: 'Object Repository/FSM1/Pre-Approval/Page_JClient/input_Sampling applicable_radi' is clicked on

2018-11-29 13:10:26 - [MESSAGE][PASSED] - Object: 'Object Repository/FSM1/Pre-Approval/Page_JClient/input_Sampling applicable_radi' is clicked on

2018-11-29 13:10:26 - [TEST_STEP][PASSED] - click(findTestObject("FSM1/Pre-Approval/Page_JClient/input_Have samples been collec")): Object: 'Object Repository/FSM1/Pre-Approval/Page_JClient/input_Have samples been collec' is clicked on

2018-11-29 13:10:26 - [MESSAGE][PASSED] - Object: 'Object Repository/FSM1/Pre-Approval/Page_JClient/input_Have samples been collec' is clicked on

2018-11-29 13:10:26 - [TEST_STEP][PASSED] - doubleClick(findTestObject("Object Repository/FSM1/Pre-Approval/Page_JClient/input_Record Keeping applicabl")): Object: 'Object Repository/FSM1/Pre-Approval/Page_JClient/input_Record Keeping applicabl' is double clicked on

2018-11-29 13:10:26 - [MESSAGE][PASSED] - Object: 'Object Repository/FSM1/Pre-Approval/Page_JClient/input_Record Keeping applicabl' is double clicked on

2018-11-29 13:10:26 - [TEST_STEP][PASSED] - setText(findTestObject("Object Repository/FSM1/Pre-Approval/Page_JClient/textarea_Describe systems for"), "Test automation"): Text 'Test automation' is set on object 'Object Repository/FSM1/Pre-Approval/Page_JClient/textarea_Describe systems for'

2018-11-29 13:10:27 - [MESSAGE][PASSED] - Text 'Test automation' is set on object 'Object Repository/FSM1/Pre-Approval/Page_JClient/textarea_Describe systems for'

2018-11-29 13:10:27 - [TEST_STEP][PASSED] - click(findTestObject("Object Repository/FSM1/Pre-Approval/Page_JClient/input_Pest Control applicable_")): Object: 'Object Repository/FSM1/Pre-Approval/Page_JClient/input_Pest Control applicable_' is clicked on

2018-11-29 13:10:27 - [MESSAGE][PASSED] - Object: 'Object Repository/FSM1/Pre-Approval/Page_JClient/input_Pest Control applicable_' is clicked on

2018-11-29 13:10:27 - [TEST_STEP][PASSED] - setText(findTestObject("Object Repository/FSM1/Pre-Approval/Page_JClient/textarea_Describe pest control"), "Test automation"): Text 'Test automation' is set on object 'Object Repository/FSM1/Pre-Approval/Page_JClient/textarea_Describe pest control'

2018-11-29 13:10:27 - [MESSAGE][PASSED] - Text 'Test automation' is set on object 'Object Repository/FSM1/Pre-Approval/Page_JClient/textarea_Describe pest control'

2018-11-29 13:10:27 - [TEST_STEP][PASSED] - click(findTestObject("Object Repository/FSM1/Pre-Approval/Page_JClient/input_Disposal of unused ABP a")): Object: 'Object Repository/FSM1/Pre-Approval/Page_JClient/input_Disposal of unused ABP a' is clicked on

2018-11-29 13:10:27 - [MESSAGE][PASSED] - Object: 'Object Repository/FSM1/Pre-Approval/Page_JClient/input_Disposal of unused ABP a' is clicked on

2018-11-29 13:10:27 - [TEST_STEP][PASSED] - setText(findTestObject("Object Repository/FSM1/Pre-Approval/Page_JClient/textarea_What procedures have"), "Test automation"): Text 'Test automation' is set on object 'Object Repository/FSM1/Pre-Approval/Page_JClient/textarea_What procedures have'

2018-11-29 13:10:27 - [MESSAGE][PASSED] - Text 'Test automation' is set on object 'Object Repository/FSM1/Pre-Approval/Page_JClient/textarea_What procedures have'

2018-11-29 13:10:27 - [TEST_STEP][PASSED] - click(findTestObject("Object Repository/FSM1/Pre-Approval/Page_JClient/input_Other applicable_radio_g")): Object: 'Object Repository/FSM1/Pre-Approval/Page_JClient/input_Other applicable_radio_g' is clicked on

2018-11-29 13:10:28 - [MESSAGE][PASSED] - Object: 'Object Repository/FSM1/Pre-Approval/Page_JClient/input_Other applicable_radio_g' is clicked on

2018-11-29 13:10:28 - [TEST_STEP][PASSED] - setText(findTestObject("Object Repository/FSM1/Pre-Approval/Page_JClient/textarea_Record any other rele"), "Test automation"): Text 'Test automation' is set on object 'Object Repository/FSM1/Pre-Approval/Page_JClient/textarea_Record any other rele'

2018-11-29 13:10:28 - [MESSAGE][PASSED] - Text 'Test automation' is set on object 'Object Repository/FSM1/Pre-Approval/Page_JClient/textarea_Record any other rele'

2018-11-29 13:10:28 - [TEST_STEP][PASSED] - setText(findTestObject("Object Repository/FSM1/Pre-Approval/Page_JClient/input_Chargeable time (minutes"), "7", STOP_ON_FAILURE): Text '7' is set on object 'Object Repository/FSM1/Pre-Approval/Page_JClient/input_Chargeable time (minutes'

2018-11-29 13:10:28 - [MESSAGE][PASSED] - Text '7' is set on object 'Object Repository/FSM1/Pre-Approval/Page_JClient/input_Chargeable time (minutes'

2018-11-29 13:10:28 - [TEST_STEP][PASSED] - selectOptionByValue(findTestObject("Object Repository/FSM1/Pre-Approval/Page_JClient/select_Create initial Routine"), "Routine", true): All options with value 'Routine' are selected in object 'Object Repository/FSM1/Pre-Approval/Page_JClient/select_Create initial Routine'  using regular expression

2018-11-29 13:10:28 - [MESSAGE][PASSED] - All options with value 'Routine' are selected in object 'Object Repository/FSM1/Pre-Approval/Page_JClient/select_Create initial Routine'  using regular expression

2018-11-29 13:10:28 - [TEST_STEP][PASSED] - selectOptionByValue(findTestObject("Object Repository/FSM1/Pre-Approval/Page_JClient/select_ABPR01A - Composting an"), "DE_ABP_ABPR01A", true): All options with value 'DE_ABP_ABPR01A' are selected in object 'Object Repository/FSM1/Pre-Approval/Page_JClient/select_ABPR01A - Composting an'  using regular expression

2018-11-29 13:10:29 - [MESSAGE][PASSED] - All options with value 'DE_ABP_ABPR01A' are selected in object 'Object Repository/FSM1/Pre-Approval/Page_JClient/select_ABPR01A - Composting an'  using regular expression

2018-11-29 13:10:29 - [TEST_STEP][PASSED] - mydate = new java.util.Date(): null

2018-11-29 13:10:29 - [TEST_STEP][PASSED] - formattedDate = mydate.format("MM/dd/yyy"): null

2018-11-29 13:10:29 - [TEST_STEP][PASSED] - sendKeys(findTestObject("FSM1/Pre-Approval/Page_JClient/input_Next Inspection From"), formattedDate): Keys '11/29/2018' sent to object: 'Object Repository/FSM1/Pre-Approval/Page_JClient/input_Next Inspection From'

2018-11-29 13:10:29 - [MESSAGE][PASSED] - Keys '11/29/2018' sent to object: 'Object Repository/FSM1/Pre-Approval/Page_JClient/input_Next Inspection From'

2018-11-29 13:10:29 - [TEST_STEP][PASSED] - sendKeys(findTestObject("FSM1/Pre-Approval/Page_JClient/input_Next Inspection To"), formattedDate): Keys '11/29/2018' sent to object: 'Object Repository/FSM1/Pre-Approval/Page_JClient/input_Next Inspection To'

2018-11-29 13:10:29 - [MESSAGE][PASSED] - Keys '11/29/2018' sent to object: 'Object Repository/FSM1/Pre-Approval/Page_JClient/input_Next Inspection To'

2018-11-29 13:10:29 - [TEST_STEP][PASSED] - selectOptionByValue(findTestObject("Object Repository/FSM1/Pre-Approval/Page_JClient/select_VetTechMe"), "Me", true): All options with value 'Me' are selected in object 'Object Repository/FSM1/Pre-Approval/Page_JClient/select_VetTechMe'  using regular expression

2018-11-29 13:10:30 - [MESSAGE][PASSED] - All options with value 'Me' are selected in object 'Object Repository/FSM1/Pre-Approval/Page_JClient/select_VetTechMe'  using regular expression

2018-11-29 13:10:30 - [TEST_STEP][PASSED] - click(findTestObject("Object Repository/FSM1/Pre-Approval/Page_JClient/img_Signature_gwt-Image")): Object: 'Object Repository/FSM1/Pre-Approval/Page_JClient/img_Signature_gwt-Image' is clicked on

2018-11-29 13:10:30 - [MESSAGE][PASSED] - Object: 'Object Repository/FSM1/Pre-Approval/Page_JClient/img_Signature_gwt-Image' is clicked on

2018-11-29 13:10:30 - [TEST_STEP][PASSED] - click(findTestObject("FSM1/Pre-Approval/Page_JClient/div_Unable To Sign")): Object: 'Object Repository/FSM1/Pre-Approval/Page_JClient/div_Unable To Sign' is clicked on

2018-11-29 13:10:31 - [MESSAGE][PASSED] - Object: 'Object Repository/FSM1/Pre-Approval/Page_JClient/div_Unable To Sign' is clicked on

2018-11-29 13:10:31 - [TEST_STEP][PASSED] - click(findTestObject("Object Repository/FSM1/Pre-Approval/Page_JClient/div_Save")): Object: 'Object Repository/FSM1/Pre-Approval/Page_JClient/div_Save' is clicked on

2018-11-29 13:10:33 - [MESSAGE][PASSED] - Object: 'Object Repository/FSM1/Pre-Approval/Page_JClient/div_Save' is clicked on]]></system-out>
         <system-err><![CDATA[]]></system-err>
      </testcase>
      <testcase name="Test Cases/ABP/Generic/Complete ABP Inspection - ABPR15 Sample Submission" classname="Test Cases/ABP/Generic/Complete ABP Inspection - ABPR15 Sample Submission" status="PASSED">
         <system-out><![CDATA[2018-11-29 13:10:33 - [TEST_CASE][PASSED] - Test Cases/ABP/Generic/Complete ABP Inspection - ABPR15 Sample Submission: Test Cases/ABP/Generic/Complete ABP Inspection - ABPR15 Sample Submission

2018-11-29 13:10:33 - [TEST_STEP][PASSED] - delay(5): Delayed 5 second(s)

2018-11-29 13:10:38 - [MESSAGE][PASSED] - Delayed 5 second(s)

2018-11-29 13:10:38 - [TEST_STEP][PASSED] - click(findTestObject("Object Repository/FSM1/Complete ABP Inspection/ABPR15 Sample Submission/Page_JClient/div_ABPR15 - Sample Submission")): Object: 'Object Repository/FSM1/Complete ABP Inspection/ABPR15 Sample Submission/Page_JClient/div_ABPR15 - Sample Submission' is clicked on

2018-11-29 13:10:38 - [MESSAGE][PASSED] - Object: 'Object Repository/FSM1/Complete ABP Inspection/ABPR15 Sample Submission/Page_JClient/div_ABPR15 - Sample Submission' is clicked on

2018-11-29 13:10:38 - [TEST_STEP][PASSED] - click(findTestObject("Object Repository/FSM1/Complete ABP Inspection/ABPR15 Sample Submission/Page_JClient/div_Create_GKH2EKQBDXB GKH2EKQ")): Object: 'Object Repository/FSM1/Complete ABP Inspection/ABPR15 Sample Submission/Page_JClient/div_Create_GKH2EKQBDXB GKH2EKQ' is clicked on

2018-11-29 13:10:39 - [MESSAGE][PASSED] - Object: 'Object Repository/FSM1/Complete ABP Inspection/ABPR15 Sample Submission/Page_JClient/div_Create_GKH2EKQBDXB GKH2EKQ' is clicked on

2018-11-29 13:10:39 - [TEST_STEP][PASSED] - selectOptionByValue(findTestObject("Object Repository/FSM1/Complete ABP Inspection/ABPR15 Sample Submission/Page_JClient/select_InvestigationRoutineVal"), "Investigation", true): All options with value 'Investigation' are selected in object 'Object Repository/FSM1/Complete ABP Inspection/ABPR15 Sample Submission/Page_JClient/select_InvestigationRoutineVal'  using regular expression

2018-11-29 13:10:39 - [MESSAGE][PASSED] - All options with value 'Investigation' are selected in object 'Object Repository/FSM1/Complete ABP Inspection/ABPR15 Sample Submission/Page_JClient/select_InvestigationRoutineVal'  using regular expression

2018-11-29 13:10:39 - [TEST_STEP][PASSED] - selectOptionByValue(findTestObject("Object Repository/FSM1/Complete ABP Inspection/ABPR15 Sample Submission/Page_JClient/select_123Catering waste"), "2", true): All options with value '2' are selected in object 'Object Repository/FSM1/Complete ABP Inspection/ABPR15 Sample Submission/Page_JClient/select_123Catering waste'  using regular expression

2018-11-29 13:10:39 - [MESSAGE][PASSED] - All options with value '2' are selected in object 'Object Repository/FSM1/Complete ABP Inspection/ABPR15 Sample Submission/Page_JClient/select_123Catering waste'  using regular expression

2018-11-29 13:10:39 - [TEST_STEP][PASSED] - setText(findTestObject("Object Repository/FSM1/Complete ABP Inspection/ABPR15 Sample Submission/Page_JClient/input_Sample identity (e.g. se"), "Test automation"): Text 'Test automation' is set on object 'Object Repository/FSM1/Complete ABP Inspection/ABPR15 Sample Submission/Page_JClient/input_Sample identity (e.g. se'

2018-11-29 13:10:40 - [MESSAGE][PASSED] - Text 'Test automation' is set on object 'Object Repository/FSM1/Complete ABP Inspection/ABPR15 Sample Submission/Page_JClient/input_Sample identity (e.g. se'

2018-11-29 13:10:40 - [TEST_STEP][PASSED] - setText(findTestObject("Object Repository/FSM1/Complete ABP Inspection/ABPR15 Sample Submission/Page_JClient/input_Type of material sampled"), "Test automation"): Text 'Test automation' is set on object 'Object Repository/FSM1/Complete ABP Inspection/ABPR15 Sample Submission/Page_JClient/input_Type of material sampled'

2018-11-29 13:10:40 - [MESSAGE][PASSED] - Text 'Test automation' is set on object 'Object Repository/FSM1/Complete ABP Inspection/ABPR15 Sample Submission/Page_JClient/input_Type of material sampled'

2018-11-29 13:10:40 - [TEST_STEP][PASSED] - selectOptionByValue(findTestObject("Object Repository/FSM1/Complete ABP Inspection/ABPR15 Sample Submission/Page_JClient/select_Compost or digestatePro"), "Compost or digestate", true): All options with value 'Compost or digestate' are selected in object 'Object Repository/FSM1/Complete ABP Inspection/ABPR15 Sample Submission/Page_JClient/select_Compost or digestatePro'  using regular expression

2018-11-29 13:10:40 - [MESSAGE][PASSED] - All options with value 'Compost or digestate' are selected in object 'Object Repository/FSM1/Complete ABP Inspection/ABPR15 Sample Submission/Page_JClient/select_Compost or digestatePro'  using regular expression

2018-11-29 13:10:40 - [TEST_STEP][PASSED] - click(findTestObject("Object Repository/FSM1/Complete ABP Inspection/ABPR15 Sample Submission/Page_JClient/input_Test Requested (refer to")): Object: 'Object Repository/FSM1/Complete ABP Inspection/ABPR15 Sample Submission/Page_JClient/input_Test Requested (refer to' is clicked on

2018-11-29 13:10:41 - [MESSAGE][PASSED] - Object: 'Object Repository/FSM1/Complete ABP Inspection/ABPR15 Sample Submission/Page_JClient/input_Test Requested (refer to' is clicked on

2018-11-29 13:10:41 - [TEST_STEP][PASSED] - click(findTestObject("Object Repository/FSM1/Complete ABP Inspection/ABPR15 Sample Submission/Page_JClient/input_Clostridium perfringens")): Object: 'Object Repository/FSM1/Complete ABP Inspection/ABPR15 Sample Submission/Page_JClient/input_Clostridium perfringens' is clicked on

2018-11-29 13:10:41 - [MESSAGE][PASSED] - Object: 'Object Repository/FSM1/Complete ABP Inspection/ABPR15 Sample Submission/Page_JClient/input_Clostridium perfringens' is clicked on

2018-11-29 13:10:41 - [TEST_STEP][PASSED] - mydate = new java.util.Date(): null

2018-11-29 13:10:41 - [TEST_STEP][PASSED] - formattedDate = mydate.format("MM/dd/yyy"): null

2018-11-29 13:10:41 - [TEST_STEP][PASSED] - sendKeys(findTestObject("FSM1/Complete ABP Inspection/ABPR15 Sample Submission/Page_JClient/DateofSample"), formattedDate): Keys '11/29/2018' sent to object: 'Object Repository/FSM1/Complete ABP Inspection/ABPR15 Sample Submission/Page_JClient/DateofSample'

2018-11-29 13:10:41 - [MESSAGE][PASSED] - Keys '11/29/2018' sent to object: 'Object Repository/FSM1/Complete ABP Inspection/ABPR15 Sample Submission/Page_JClient/DateofSample'

2018-11-29 13:10:41 - [TEST_STEP][PASSED] - sendKeys(findTestObject("FSM1/Complete ABP Inspection/ABPR15 Sample Submission/Page_JClient/DateofSubmission"), formattedDate): Keys '11/29/2018' sent to object: 'Object Repository/FSM1/Complete ABP Inspection/ABPR15 Sample Submission/Page_JClient/DateofSubmission'

2018-11-29 13:10:41 - [MESSAGE][PASSED] - Keys '11/29/2018' sent to object: 'Object Repository/FSM1/Complete ABP Inspection/ABPR15 Sample Submission/Page_JClient/DateofSubmission'

2018-11-29 13:10:41 - [TEST_STEP][PASSED] - delay(2): Delayed 2 second(s)

2018-11-29 13:10:43 - [MESSAGE][PASSED] - Delayed 2 second(s)

2018-11-29 13:10:43 - [TEST_STEP][PASSED] - click(findTestObject("FSM1/Complete ABP Inspection/ABPR15 Sample Submission/Page_JClient/div_Save1")): Object: 'Object Repository/FSM1/Complete ABP Inspection/ABPR15 Sample Submission/Page_JClient/div_Save1' is clicked on

2018-11-29 13:10:44 - [MESSAGE][PASSED] - Object: 'Object Repository/FSM1/Complete ABP Inspection/ABPR15 Sample Submission/Page_JClient/div_Save1' is clicked on]]></system-out>
         <system-err><![CDATA[]]></system-err>
      </testcase>
      <testcase name="Test Cases/ABP/Generic/Complete ABP Inspection - Complete" classname="Test Cases/ABP/Generic/Complete ABP Inspection - Complete" status="PASSED">
         <system-out><![CDATA[2018-11-29 13:10:44 - [TEST_CASE][PASSED] - Test Cases/ABP/Generic/Complete ABP Inspection - Complete: Test Cases/ABP/Generic/Complete ABP Inspection - Complete

2018-11-29 13:10:44 - [TEST_STEP][PASSED] - delay(2): Delayed 2 second(s)

2018-11-29 13:10:46 - [MESSAGE][PASSED] - Delayed 2 second(s)

2018-11-29 13:10:46 - [TEST_STEP][PASSED] - click(findTestObject("Object Repository/FSM1/Complete ABP Inspection/Complete ABP01a Inspection/Page_JClient/div_STARTED (locked)")): Object: 'Object Repository/FSM1/Complete ABP Inspection/Complete ABP01a Inspection/Page_JClient/div_STARTED (locked)' is clicked on

2018-11-29 13:10:46 - [MESSAGE][PASSED] - Object: 'Object Repository/FSM1/Complete ABP Inspection/Complete ABP01a Inspection/Page_JClient/div_STARTED (locked)' is clicked on

2018-11-29 13:10:46 - [TEST_STEP][PASSED] - delay(2): Delayed 2 second(s)

2018-11-29 13:10:48 - [MESSAGE][PASSED] - Delayed 2 second(s)

2018-11-29 13:10:48 - [TEST_STEP][PASSED] - click(findTestObject("Object Repository/FSM1/Complete ABP Inspection/Complete ABP01a Inspection/Page_JClient/div_COMPLETED")): Object: 'Object Repository/FSM1/Complete ABP Inspection/Complete ABP01a Inspection/Page_JClient/div_COMPLETED' is clicked on

2018-11-29 13:10:48 - [MESSAGE][PASSED] - Object: 'Object Repository/FSM1/Complete ABP Inspection/Complete ABP01a Inspection/Page_JClient/div_COMPLETED' is clicked on

2018-11-29 13:10:48 - [TEST_STEP][PASSED] - selectOptionByValue(findTestObject("Object Repository/FSM1/Complete ABP Inspection/Complete ABP01a Inspection/Page_JClient/select_Yes"), "COMPLETED", true): All options with value 'COMPLETED' are selected in object 'Object Repository/FSM1/Complete ABP Inspection/Complete ABP01a Inspection/Page_JClient/select_Yes'  using regular expression

2018-11-29 13:10:50 - [MESSAGE][PASSED] - All options with value 'COMPLETED' are selected in object 'Object Repository/FSM1/Complete ABP Inspection/Complete ABP01a Inspection/Page_JClient/select_Yes'  using regular expression

2018-11-29 13:10:50 - [TEST_STEP][PASSED] - delay(3): Delayed 3 second(s)

2018-11-29 13:10:53 - [MESSAGE][PASSED] - Delayed 3 second(s)

2018-11-29 13:10:53 - [TEST_STEP][PASSED] - click(findTestObject("Object Repository/FSM1/Complete ABP Inspection/Complete ABP01a Inspection/Page_JClient/div_Save")): Object: 'Object Repository/FSM1/Complete ABP Inspection/Complete ABP01a Inspection/Page_JClient/div_Save' is clicked on

2018-11-29 13:10:53 - [MESSAGE][PASSED] - Object: 'Object Repository/FSM1/Complete ABP Inspection/Complete ABP01a Inspection/Page_JClient/div_Save' is clicked on

2018-11-29 13:10:53 - [TEST_STEP][PASSED] - delay(2): Delayed 2 second(s)

2018-11-29 13:10:55 - [MESSAGE][PASSED] - Delayed 2 second(s)

2018-11-29 13:10:55 - [TEST_STEP][PASSED] - click(findTestObject("Object Repository/FSM1/Complete ABP Inspection/Complete ABP01a Inspection/Page_JClient/div_Ok")): Object: 'Object Repository/FSM1/Complete ABP Inspection/Complete ABP01a Inspection/Page_JClient/div_Ok' is clicked on

2018-11-29 13:10:55 - [MESSAGE][PASSED] - Object: 'Object Repository/FSM1/Complete ABP Inspection/Complete ABP01a Inspection/Page_JClient/div_Ok' is clicked on

2018-11-29 13:10:55 - [TEST_STEP][PASSED] - delay(30): Delayed 30 second(s)

2018-11-29 13:11:25 - [MESSAGE][PASSED] - Delayed 30 second(s)]]></system-out>
         <system-err><![CDATA[]]></system-err>
      </testcase>
      <testcase name="Test Cases/Generic/Launch Job Manager Control Centre - Check Result" classname="Test Cases/Generic/Launch Job Manager Control Centre - Check Result" status="PASSED">
         <system-out><![CDATA[2018-11-29 13:11:25 - [TEST_CASE][PASSED] - Test Cases/Generic/Launch Job Manager Control Centre - Check Result: Test Cases/Generic/Launch Job Manager Control Centre - Check Result

2018-11-29 13:11:25 - [TEST_STEP][PASSED] - openBrowser(""): Browser is opened with url: ''

2018-11-29 13:11:25 - [MESSAGE][WARNING] - A browser is already opened. Closing browser and opening a new one

2018-11-29 13:11:26 - [MESSAGE][INFO] - Starting 'Chrome' driver

2018-11-29 13:11:29 - [MESSAGE][PASSED] - Browser is opened with url: ''

2018-11-29 13:11:29 - [TEST_STEP][PASSED] - navigateToUrl(CCURL): Navigate to 'https://kirona-def-11.kirona.com/jmtrain' successfully

2018-11-29 13:11:30 - [MESSAGE][PASSED] - Navigate to 'https://kirona-def-11.kirona.com/jmtrain' successfully

2018-11-29 13:11:30 - [TEST_STEP][PASSED] - setText(findTestObject("FSM1/Control Centre/Page_Job Manager Login/input_gwt-uid-3"), Username): Text 'jon.hatfield' is set on object 'Object Repository/FSM1/Control Centre/Page_Job Manager Login/input_gwt-uid-3'

2018-11-29 13:11:32 - [MESSAGE][PASSED] - Text 'jon.hatfield' is set on object 'Object Repository/FSM1/Control Centre/Page_Job Manager Login/input_gwt-uid-3'

2018-11-29 13:11:32 - [TEST_STEP][PASSED] - setText(findTestObject("FSM1/Control Centre/Page_Job Manager Login/input_gwt-uid-5"), Password): Text 'Fr@nc1sJ0n' is set on object 'Object Repository/FSM1/Control Centre/Page_Job Manager Login/input_gwt-uid-5'

2018-11-29 13:11:32 - [MESSAGE][PASSED] - Text 'Fr@nc1sJ0n' is set on object 'Object Repository/FSM1/Control Centre/Page_Job Manager Login/input_gwt-uid-5'

2018-11-29 13:11:32 - [TEST_STEP][PASSED] - click(findTestObject("FSM1/PreProd/Page_Job Manager Login/div_Login")): Object: 'Object Repository/FSM1/PreProd/Page_Job Manager Login/div_Login' is clicked on

2018-11-29 13:11:32 - [MESSAGE][PASSED] - Object: 'Object Repository/FSM1/PreProd/Page_Job Manager Login/div_Login' is clicked on

2018-11-29 13:11:32 - [TEST_STEP][PASSED] - delay(5): Delayed 5 second(s)

2018-11-29 13:11:37 - [MESSAGE][PASSED] - Delayed 5 second(s)]]></system-out>
         <system-err><![CDATA[]]></system-err>
      </testcase>
      <testcase name="Test Cases/ABP/Pre-Approval/Control Centre - Check Results - ABP Pre-Approval" classname="Test Cases/ABP/Pre-Approval/Control Centre - Check Results - ABP Pre-Approval" status="PASSED">
         <system-out><![CDATA[2018-11-29 13:11:37 - [TEST_CASE][PASSED] - Test Cases/ABP/Pre-Approval/Control Centre - Check Results - ABP Pre-Approval: Test Cases/ABP/Pre-Approval/Control Centre - Check Results - ABP Pre-Approval

2018-11-29 13:11:38 - [TEST_STEP][PASSED] - log = new com.kms.katalon.core.logging.KeywordLogger(): null

2018-11-29 13:11:38 - [TEST_STEP][PASSED] - setText(findTestObject("Object Repository/FSM1/EMI Check Results/Page_JM Control Centre/input_Recents_v-textfield v-wi"), temp): Text '94137' is set on object 'Object Repository/FSM1/EMI Check Results/Page_JM Control Centre/input_Recents_v-textfield v-wi'

2018-11-29 13:11:38 - [MESSAGE][PASSED] - Text '94137' is set on object 'Object Repository/FSM1/EMI Check Results/Page_JM Control Centre/input_Recents_v-textfield v-wi'

2018-11-29 13:11:38 - [TEST_STEP][PASSED] - click(findTestObject("Object Repository/FSM1/EMI Check Results/Page_JM Control Centre/span_")): Object: 'Object Repository/FSM1/EMI Check Results/Page_JM Control Centre/span_' is clicked on

2018-11-29 13:11:39 - [MESSAGE][PASSED] - Object: 'Object Repository/FSM1/EMI Check Results/Page_JM Control Centre/span_' is clicked on

2018-11-29 13:11:39 - [TEST_STEP][PASSED] - waitForElementPresent(findTestObject("Object Repository/FSM1/EMI Check Results/Page_JM Control Centre/div_CLOSED"), 60): Object 'Object Repository/FSM1/EMI Check Results/Page_JM Control Centre/div_CLOSED' is present

2018-11-29 13:11:42 - [MESSAGE][PASSED] - Object 'Object Repository/FSM1/EMI Check Results/Page_JM Control Centre/div_CLOSED' is present

2018-11-29 13:11:43 - [TEST_STEP][PASSED] - delay(3): Delayed 3 second(s)

2018-11-29 13:11:46 - [MESSAGE][PASSED] - Delayed 3 second(s)

2018-11-29 13:11:46 - [TEST_STEP][PASSED] - verifyElementPresent(findTestObject("FSM1/Complete ABP Inspection/Check Results/03a/Page_JM Control Centre/div_Attachments_ABP Pre-Approval"), 5): Object 'Object Repository/FSM1/Complete ABP Inspection/Check Results/03a/Page_JM Control Centre/div_Attachments_ABP Pre-Approval' is present

2018-11-29 13:11:46 - [MESSAGE][PASSED] - Object 'Object Repository/FSM1/Complete ABP Inspection/Check Results/03a/Page_JM Control Centre/div_Attachments_ABP Pre-Approval' is present

2018-11-29 13:11:46 - [TEST_STEP][PASSED] - verifyElementPresent(findTestObject("FSM1/Complete ABP Inspection/Check Results/Page_JM Control Centre/ABPR15 - Microbiology"), 0): Object 'Object Repository/FSM1/Complete ABP Inspection/Check Results/Page_JM Control Centre/ABPR15 - Microbiology' is present

2018-11-29 13:11:46 - [MESSAGE][WARNING] - Timeout '0' is invalid. Using default page load timeout: '30'

2018-11-29 13:11:46 - [MESSAGE][WARNING] - Timeout '0' is invalid. Using default page load timeout: '30'

2018-11-29 13:11:46 - [MESSAGE][PASSED] - Object 'Object Repository/FSM1/Complete ABP Inspection/Check Results/Page_JM Control Centre/ABPR15 - Microbiology' is present]]></system-out>
         <system-err><![CDATA[]]></system-err>
      </testcase>
      <testcase name="Test Cases/ABP/Generic/Check Subsequent Inspection Exist" classname="Test Cases/ABP/Generic/Check Subsequent Inspection Exist" status="PASSED">
         <system-out><![CDATA[2018-11-29 13:11:46 - [TEST_CASE][PASSED] - Test Cases/ABP/Generic/Check Subsequent Inspection Exist: Test Cases/ABP/Generic/Check Subsequent Inspection Exist

2018-11-29 13:11:46 - [TEST_STEP][PASSED] - delay(2): Delayed 2 second(s)

2018-11-29 13:11:48 - [MESSAGE][PASSED] - Delayed 2 second(s)

2018-11-29 13:11:48 - [TEST_STEP][PASSED] - click(findTestObject("Object Repository/FSM1/Complete ABP Inspection/Check Subsequent Inspections/New/Page_JM Control Centre/div_")): Object: 'Object Repository/FSM1/Complete ABP Inspection/Check Subsequent Inspections/New/Page_JM Control Centre/div_' is clicked on

2018-11-29 13:11:48 - [MESSAGE][PASSED] - Object: 'Object Repository/FSM1/Complete ABP Inspection/Check Subsequent Inspections/New/Page_JM Control Centre/div_' is clicked on

2018-11-29 13:11:49 - [TEST_STEP][PASSED] - click(findTestObject("Object Repository/FSM1/Complete ABP Inspection/Check Subsequent Inspections/New/Page_JM Control Centre/span_List All Subordinate Jobs")): Object: 'Object Repository/FSM1/Complete ABP Inspection/Check Subsequent Inspections/New/Page_JM Control Centre/span_List All Subordinate Jobs' is clicked on

2018-11-29 13:11:49 - [MESSAGE][PASSED] - Object: 'Object Repository/FSM1/Complete ABP Inspection/Check Subsequent Inspections/New/Page_JM Control Centre/span_List All Subordinate Jobs' is clicked on

2018-11-29 13:11:49 - [TEST_STEP][PASSED] - delay(2): Delayed 2 second(s)

2018-11-29 13:11:51 - [MESSAGE][PASSED] - Delayed 2 second(s)

2018-11-29 13:11:51 - [TEST_STEP][PASSED] - verifyElementVisible(findTestObject("Object Repository/FSM1/Complete ABP Inspection/Check Subsequent Inspections/New/Page_JM Control Centre/div_2 found.")): Object 'Object Repository/FSM1/Complete ABP Inspection/Check Subsequent Inspections/New/Page_JM Control Centre/div_2 found.' is visible

2018-11-29 13:11:52 - [MESSAGE][PASSED] - Object 'Object Repository/FSM1/Complete ABP Inspection/Check Subsequent Inspections/New/Page_JM Control Centre/div_2 found.' is visible

2018-11-29 13:11:52 - [TEST_STEP][PASSED] - closeBrowser(): Browser is closed

2018-11-29 13:11:53 - [MESSAGE][PASSED] - Browser is closed]]></system-out>
         <system-err><![CDATA[]]></system-err>
      </testcase>
      <system-out><![CDATA[2018-11-29 13:05:49 - [TEST_SUITE][PASSED] - ABP Regression - Pre-Approval - Next Routine: Test Cases/ABP/Generic/Check Subsequent Inspection Exist]]></system-out>
      <system-err><![CDATA[]]></system-err>
   </testsuite>
</testsuites>
