<?xml version="1.0" encoding="UTF-8"?>
<testsuites name="ABP Regression" time="49" tests="1" failures="1" errors="0">
   <testsuite name="ABP Regression" tests="1" failures="1" errors="0" time="49" timestamp="2018-04-24 12:05:16" hostname="jonha - DESKTOP-KMCIR60" id="Test Suites/ABP Regression">
      <properties>
         <property name="deviceName" value=""/>
         <property name="devicePlatform" value=""/>
         <property name="logFolder" value="C:\\Users\\jonha\\git\\DEFRA-FSM_Automated_Regression3\\Reports\\ABP Regression\\20180424_120512"/>
         <property name="logFiles" value="C:\\Users\\jonha\\git\\DEFRA-FSM_Automated_Regression3\\Reports\\ABP Regression\\20180424_120512\\execution0.log"/>
         <property name="attachments" value="C:\\Users\\jonha\\git\\DEFRA-FSM_Automated_Regression3\\Reports\\ABP Regression\\20180424_120512\\1524567964145.png"/>
         <property name="hostName" value="jonha - DESKTOP-KMCIR60"/>
         <property name="os" value="Windows 10 64bit"/>
         <property name="katalonVersion" value="5.3.0.1"/>
         <property name="browser" value="Chrome 65.0.3325.181"/>
         <property name="hostAddress" value="192.168.0.18"/>
         <property name="sessionId" value="0da9300cde71ba830dd5de1fd38ff8d5"/>
         <property name="seleniumVersion" value="3.7.1"/>
         <property name="proxyInformation" value="ProxyInformation{proxyOption=NO_PROXY, proxyServerType=HTTP, password=, proxyServerAddress=, proxyServerPort=0}"/>
         <property name="platform" value="Windows 10"/>
      </properties>
      <testcase name="Test Cases/Launch Job Manager" classname="Test Cases/Launch Job Manager" status="PASSED">
         <system-out><![CDATA[2018-04-24 12:05:16 - [TEST_CASE][PASSED] - Test Cases/Launch Job Manager: Test Cases/Launch Job Manager

2018-04-24 12:05:17 - [TEST_STEP][PASSED] - openBrowser: Browser is opened with url: ''

2018-04-24 12:05:22 - [MESSAGE][PASSED] - Browser is opened with url: ''

2018-04-24 12:05:22 - [TEST_STEP][PASSED] - navigateToUrl: Navigate to 'https://kirona-def-2.kirona.com/jmtest/jclient/jclient.html' successfully

2018-04-24 12:05:25 - [MESSAGE][PASSED] - Navigate to 'https://kirona-def-2.kirona.com/jmtest/jclient/jclient.html' successfully

2018-04-24 12:05:25 - [TEST_STEP][PASSED] - setText: Text 'KIR1' is set on object 'Object Repository/FSM1/Launch Application/Page_JClient/input_gwt-TextBox GKH2EKQBMDB'

2018-04-24 12:05:27 - [MESSAGE][PASSED] - Text 'KIR1' is set on object 'Object Repository/FSM1/Launch Application/Page_JClient/input_gwt-TextBox GKH2EKQBMDB'

2018-04-24 12:05:27 - [TEST_STEP][PASSED] - sendKeys: Keys 'ENTER + ' sent to object: 'Object Repository/FSM1/Launch Application/Page_JClient/input_gwt-TextBox GKH2EKQBMDB'

2018-04-24 12:05:27 - [MESSAGE][PASSED] - Keys 'ENTER + ' sent to object: 'Object Repository/FSM1/Launch Application/Page_JClient/input_gwt-TextBox GKH2EKQBMDB'

2018-04-24 12:05:27 - [TEST_STEP][PASSED] - click: Object: 'Object Repository/FSM1/Launch Application/Page_JClient/div_Configure App' is clicked on

2018-04-24 12:05:28 - [MESSAGE][PASSED] - Object: 'Object Repository/FSM1/Launch Application/Page_JClient/div_Configure App' is clicked on

2018-04-24 12:05:28 - [TEST_STEP][PASSED] - setText: Text 'jon.hatfield' is set on object 'Object Repository/FSM1/Launch Application/Page_JClient/input_gwt-TextBox GKH2EKQBNHC'

2018-04-24 12:05:28 - [MESSAGE][PASSED] - Text 'jon.hatfield' is set on object 'Object Repository/FSM1/Launch Application/Page_JClient/input_gwt-TextBox GKH2EKQBNHC'

2018-04-24 12:05:28 - [TEST_STEP][PASSED] - setText: Text 'Fr@nc1sJ0n' is set on object 'Object Repository/FSM1/Launch Application/Page_JClient/input_gwt-PasswordTextBox GKH2'

2018-04-24 12:05:29 - [MESSAGE][PASSED] - Text 'Fr@nc1sJ0n' is set on object 'Object Repository/FSM1/Launch Application/Page_JClient/input_gwt-PasswordTextBox GKH2'

2018-04-24 12:05:29 - [TEST_STEP][PASSED] - click: Object: 'Object Repository/FSM1/Launch Application/Page_JClient/div_Sign In' is clicked on

2018-04-24 12:05:29 - [MESSAGE][PASSED] - Object: 'Object Repository/FSM1/Launch Application/Page_JClient/div_Sign In' is clicked on

2018-04-24 12:05:29 - [TEST_STEP][PASSED] - delay: Delayed 30 second(s)

2018-04-24 12:05:59 - [MESSAGE][PASSED] - Delayed 30 second(s)]]></system-out>
         <system-err><![CDATA[]]></system-err>
      </testcase>
      <testcase name="Test Cases/Select Inspection" classname="Test Cases/Select Inspection" status="FAILED">
         <failure type="FAILED" message="Unable to click on object 'Object Repository/FSM1/Select Inspection/Landing/Refresh' (Root cause: org.openqa.selenium.WebDriverException: unknown error: Element &lt;div class=&quot;GKH2EKQBKRB&quot; style=&quot;background-color: transparent; width: 30px; height: 30px; background-image: url(&amp;quot;data:image/png;base64,iVBORw0KGgoAAAANSUhEUgAAADwAAAA8CAYAAAA6/NlyAAACHklEQVR42u2a7Y2DMAyGGYERGKEblA2uG5QNYIPrBscGYYNjA7oBbAAb0A1yRkqliiYkcI75qF/Jf07qJQ92HMdJELBYLBaLxTqspJQRWAZWgN3luzr19xwsAQv3CBkqyE4uUznA7wX0BvaQOOo2Cw4TuyCCjtWAnbbk1ULSKNsCbOMw0RrsB+wL7DxKaGewK5gAax3+V6GZQ6kSX+Et6TnCirmhqD5K5Qqtyfz3NWCHCUf/HCO2eDxXEfImH8BTazZF/rBiYizdvt76yMY69YNXPC2fdEZiy7FD2bT1xB6WzWsyahyBT5iTuFFtF4Zwtaml8G7lKYyXCDWcM8MgkSfgfgEwajg3tiIAGTieCY0azhGld0fLaKjCfqnDOdGViyuUsSb4HvXjGwqN28o1/LP+FugnKcMWEQdHlWE7Oh0Z2H+BzsAMTArcf9oa/rgsval9mAJYV2k1RwZepZa2dF1yr+OrVivZackyl27UpM/Q27PU5+GZy0v6qKdDw/Z0Jz40kHVdSHtahvFLigaii5e978sTH7uiyJA6PTz2pbOJXnhEEVqC4obP4WYyoUweteUKJEKIpKkXBGKNNkttu+VbcHt4cWjC08LOhH4WB7mCiUe/j9XeWji+CVkHdjRpQfQCIA22IuW93hNovcnzt/L2NyL4cCF+3cPpKlR3uu1C0GoXoBNHy1St88rgxUo9ernu8iUei8VisVgslk5/qMzBWIiR3T4AAAAASUVORK5CYII=&amp;quot;); background-size: 30px 30px; background-repeat: no-repeat;&quot;>&lt;/div> is not clickable at point (314, 140). Other element would receive the click: &lt;div class=&quot;GKH2EKQBOBB GKH2EKQBACB&quot; style=&quot;-webkit-box-align: center; align-items: center; -webkit-box-pack: center; justify-content: center;&quot;>...&lt;/div>
  (Session info: chrome=65.0.3325.181)
  (Driver info: chromedriver=2.35.528161 (5b82f2d2aae0ca24b877009200ced9065a772e73),platform=Windows NT 10.0.16299 x86_64) (WARNING: The server did not provide any stacktrace information)
Command duration or timeout: 0 milliseconds
Build info: version: '3.7.1', revision: '8a0099a', time: '2017-11-06T21:07:36.161Z'
System info: host: 'DESKTOP-KMCIR60', ip: '192.168.0.18', os.name: 'Windows 10', os.arch: 'amd64', os.version: '10.0', java.version: '1.8.0_102'
Driver info: com.kms.katalon.selenium.driver.CChromeDriver
Capabilities {acceptInsecureCerts: false, acceptSslCerts: false, applicationCacheEnabled: false, browserConnectionEnabled: false, browserName: chrome, chrome: {chromedriverVersion: 2.35.528161 (5b82f2d2aae0ca..., userDataDir: C:\Users\jonha\AppData\Loca...}, cssSelectorsEnabled: true, databaseEnabled: false, handlesAlerts: true, hasTouchScreen: false, javascriptEnabled: true, locationContextEnabled: true, mobileEmulationEnabled: false, nativeEvents: true, networkConnectionEnabled: false, pageLoadStrategy: normal, platform: XP, platformName: XP, rotatable: false, setWindowRect: true, takesHeapSnapshot: true, takesScreenshot: true, unexpectedAlertBehaviour: , unhandledPromptBehavior: , version: 65.0.3325.181, webStorageEnabled: true}
Session ID: 0da9300cde71ba830dd5de1fd38ff8d5)"/>
         <system-out><![CDATA[2018-04-24 12:05:59 - [TEST_CASE][FAILED] - Test Cases/Select Inspection: Test Cases/Select Inspection FAILED because (of) Unable to click on object 'Object Repository/FSM1/Select Inspection/Landing/Refresh' (Root cause: org.openqa.selenium.WebDriverException: unknown error: Element <div class="GKH2EKQBKRB" style="background-color: transparent; width: 30px; height: 30px; background-image: url(&quot;data:image/png;base64,iVBORw0KGgoAAAANSUhEUgAAADwAAAA8CAYAAAA6/NlyAAACHklEQVR42u2a7Y2DMAyGGYERGKEblA2uG5QNYIPrBscGYYNjA7oBbAAb0A1yRkqliiYkcI75qF/Jf07qJQ92HMdJELBYLBaLxTqspJQRWAZWgN3luzr19xwsAQv3CBkqyE4uUznA7wX0BvaQOOo2Cw4TuyCCjtWAnbbk1ULSKNsCbOMw0RrsB+wL7DxKaGewK5gAax3+V6GZQ6kSX+Et6TnCirmhqD5K5Qqtyfz3NWCHCUf/HCO2eDxXEfImH8BTazZF/rBiYizdvt76yMY69YNXPC2fdEZiy7FD2bT1xB6WzWsyahyBT5iTuFFtF4Zwtaml8G7lKYyXCDWcM8MgkSfgfgEwajg3tiIAGTieCY0azhGld0fLaKjCfqnDOdGViyuUsSb4HvXjGwqN28o1/LP+FugnKcMWEQdHlWE7Oh0Z2H+BzsAMTArcf9oa/rgsval9mAJYV2k1RwZepZa2dF1yr+OrVivZackyl27UpM/Q27PU5+GZy0v6qKdDw/Z0Jz40kHVdSHtahvFLigaii5e978sTH7uiyJA6PTz2pbOJXnhEEVqC4obP4WYyoUweteUKJEKIpKkXBGKNNkttu+VbcHt4cWjC08LOhH4WB7mCiUe/j9XeWji+CVkHdjRpQfQCIA22IuW93hNovcnzt/L2NyL4cCF+3cPpKlR3uu1C0GoXoBNHy1St88rgxUo9ernu8iUei8VisVgslk5/qMzBWIiR3T4AAAAASUVORK5CYII=&quot;); background-size: 30px 30px; background-repeat: no-repeat;"></div> is not clickable at point (314, 140). Other element would receive the click: <div class="GKH2EKQBOBB GKH2EKQBACB" style="-webkit-box-align: center; align-items: center; -webkit-box-pack: center; justify-content: center;">...</div>
  (Session info: chrome=65.0.3325.181)
  (Driver info: chromedriver=2.35.528161 (5b82f2d2aae0ca24b877009200ced9065a772e73),platform=Windows NT 10.0.16299 x86_64) (WARNING: The server did not provide any stacktrace information)
Command duration or timeout: 0 milliseconds
Build info: version: '3.7.1', revision: '8a0099a', time: '2017-11-06T21:07:36.161Z'
System info: host: 'DESKTOP-KMCIR60', ip: '192.168.0.18', os.name: 'Windows 10', os.arch: 'amd64', os.version: '10.0', java.version: '1.8.0_102'
Driver info: com.kms.katalon.selenium.driver.CChromeDriver
Capabilities {acceptInsecureCerts: false, acceptSslCerts: false, applicationCacheEnabled: false, browserConnectionEnabled: false, browserName: chrome, chrome: {chromedriverVersion: 2.35.528161 (5b82f2d2aae0ca..., userDataDir: C:\Users\jonha\AppData\Loca...}, cssSelectorsEnabled: true, databaseEnabled: false, handlesAlerts: true, hasTouchScreen: false, javascriptEnabled: true, locationContextEnabled: true, mobileEmulationEnabled: false, nativeEvents: true, networkConnectionEnabled: false, pageLoadStrategy: normal, platform: XP, platformName: XP, rotatable: false, setWindowRect: true, takesHeapSnapshot: true, takesScreenshot: true, unexpectedAlertBehaviour: , unhandledPromptBehavior: , version: 65.0.3325.181, webStorageEnabled: true}
Session ID: 0da9300cde71ba830dd5de1fd38ff8d5)

2018-04-24 12:06:00 - [TEST_STEP][NOT_RUN] - delay: NOT_RUN: delay

2018-04-24 12:06:00 - [MESSAGE][NOT_RUN] - NOT_RUN: delay

2018-04-24 12:06:00 - [TEST_STEP][PASSED] - waitForPageLoad: Wait for page load successfully

2018-04-24 12:06:00 - [MESSAGE][PASSED] - Wait for page load successfully

2018-04-24 12:06:00 - [TEST_STEP][NOT_RUN] - click: NOT_RUN: click

2018-04-24 12:06:00 - [MESSAGE][NOT_RUN] - NOT_RUN: click

2018-04-24 12:06:00 - [TEST_STEP][FAILED] - click: Unable to click on object 'Object Repository/FSM1/Select Inspection/Landing/Refresh' (Root cause: org.openqa.selenium.WebDriverException: unknown error: Element <div class="GKH2EKQBKRB" style="background-color: transparent; width: 30px; height: 30px; background-image: url(&quot;data:image/png;base64,iVBORw0KGgoAAAANSUhEUgAAADwAAAA8CAYAAAA6/NlyAAACHklEQVR42u2a7Y2DMAyGGYERGKEblA2uG5QNYIPrBscGYYNjA7oBbAAb0A1yRkqliiYkcI75qF/Jf07qJQ92HMdJELBYLBaLxTqspJQRWAZWgN3luzr19xwsAQv3CBkqyE4uUznA7wX0BvaQOOo2Cw4TuyCCjtWAnbbk1ULSKNsCbOMw0RrsB+wL7DxKaGewK5gAax3+V6GZQ6kSX+Et6TnCirmhqD5K5Qqtyfz3NWCHCUf/HCO2eDxXEfImH8BTazZF/rBiYizdvt76yMY69YNXPC2fdEZiy7FD2bT1xB6WzWsyahyBT5iTuFFtF4Zwtaml8G7lKYyXCDWcM8MgkSfgfgEwajg3tiIAGTieCY0azhGld0fLaKjCfqnDOdGViyuUsSb4HvXjGwqN28o1/LP+FugnKcMWEQdHlWE7Oh0Z2H+BzsAMTArcf9oa/rgsval9mAJYV2k1RwZepZa2dF1yr+OrVivZackyl27UpM/Q27PU5+GZy0v6qKdDw/Z0Jz40kHVdSHtahvFLigaii5e978sTH7uiyJA6PTz2pbOJXnhEEVqC4obP4WYyoUweteUKJEKIpKkXBGKNNkttu+VbcHt4cWjC08LOhH4WB7mCiUe/j9XeWji+CVkHdjRpQfQCIA22IuW93hNovcnzt/L2NyL4cCF+3cPpKlR3uu1C0GoXoBNHy1St88rgxUo9ernu8iUei8VisVgslk5/qMzBWIiR3T4AAAAASUVORK5CYII=&quot;); background-size: 30px 30px; background-repeat: no-repeat;"></div> is not clickable at point (314, 140). Other element would receive the click: <div class="GKH2EKQBOBB GKH2EKQBACB" style="-webkit-box-align: center; align-items: center; -webkit-box-pack: center; justify-content: center;">...</div>
  (Session info: chrome=65.0.3325.181)
  (Driver info: chromedriver=2.35.528161 (5b82f2d2aae0ca24b877009200ced9065a772e73),platform=Windows NT 10.0.16299 x86_64) (WARNING: The server did not provide any stacktrace information)
Command duration or timeout: 0 milliseconds
Build info: version: '3.7.1', revision: '8a0099a', time: '2017-11-06T21:07:36.161Z'
System info: host: 'DESKTOP-KMCIR60', ip: '192.168.0.18', os.name: 'Windows 10', os.arch: 'amd64', os.version: '10.0', java.version: '1.8.0_102'
Driver info: com.kms.katalon.selenium.driver.CChromeDriver
Capabilities {acceptInsecureCerts: false, acceptSslCerts: false, applicationCacheEnabled: false, browserConnectionEnabled: false, browserName: chrome, chrome: {chromedriverVersion: 2.35.528161 (5b82f2d2aae0ca..., userDataDir: C:\Users\jonha\AppData\Loca...}, cssSelectorsEnabled: true, databaseEnabled: false, handlesAlerts: true, hasTouchScreen: false, javascriptEnabled: true, locationContextEnabled: true, mobileEmulationEnabled: false, nativeEvents: true, networkConnectionEnabled: false, pageLoadStrategy: normal, platform: XP, platformName: XP, rotatable: false, setWindowRect: true, takesHeapSnapshot: true, takesScreenshot: true, unexpectedAlertBehaviour: , unhandledPromptBehavior: , version: 65.0.3325.181, webStorageEnabled: true}
Session ID: 0da9300cde71ba830dd5de1fd38ff8d5)

2018-04-24 12:06:04 - [MESSAGE][FAILED] - Unable to click on object 'Object Repository/FSM1/Select Inspection/Landing/Refresh' (Root cause: org.openqa.selenium.WebDriverException: unknown error: Element <div class="GKH2EKQBKRB" style="background-color: transparent; width: 30px; height: 30px; background-image: url(&quot;data:image/png;base64,iVBORw0KGgoAAAANSUhEUgAAADwAAAA8CAYAAAA6/NlyAAACHklEQVR42u2a7Y2DMAyGGYERGKEblA2uG5QNYIPrBscGYYNjA7oBbAAb0A1yRkqliiYkcI75qF/Jf07qJQ92HMdJELBYLBaLxTqspJQRWAZWgN3luzr19xwsAQv3CBkqyE4uUznA7wX0BvaQOOo2Cw4TuyCCjtWAnbbk1ULSKNsCbOMw0RrsB+wL7DxKaGewK5gAax3+V6GZQ6kSX+Et6TnCirmhqD5K5Qqtyfz3NWCHCUf/HCO2eDxXEfImH8BTazZF/rBiYizdvt76yMY69YNXPC2fdEZiy7FD2bT1xB6WzWsyahyBT5iTuFFtF4Zwtaml8G7lKYyXCDWcM8MgkSfgfgEwajg3tiIAGTieCY0azhGld0fLaKjCfqnDOdGViyuUsSb4HvXjGwqN28o1/LP+FugnKcMWEQdHlWE7Oh0Z2H+BzsAMTArcf9oa/rgsval9mAJYV2k1RwZepZa2dF1yr+OrVivZackyl27UpM/Q27PU5+GZy0v6qKdDw/Z0Jz40kHVdSHtahvFLigaii5e978sTH7uiyJA6PTz2pbOJXnhEEVqC4obP4WYyoUweteUKJEKIpKkXBGKNNkttu+VbcHt4cWjC08LOhH4WB7mCiUe/j9XeWji+CVkHdjRpQfQCIA22IuW93hNovcnzt/L2NyL4cCF+3cPpKlR3uu1C0GoXoBNHy1St88rgxUo9ernu8iUei8VisVgslk5/qMzBWIiR3T4AAAAASUVORK5CYII=&quot;); background-size: 30px 30px; background-repeat: no-repeat;"></div> is not clickable at point (314, 140). Other element would receive the click: <div class="GKH2EKQBOBB GKH2EKQBACB" style="-webkit-box-align: center; align-items: center; -webkit-box-pack: center; justify-content: center;">...</div>
  (Session info: chrome=65.0.3325.181)
  (Driver info: chromedriver=2.35.528161 (5b82f2d2aae0ca24b877009200ced9065a772e73),platform=Windows NT 10.0.16299 x86_64) (WARNING: The server did not provide any stacktrace information)
Command duration or timeout: 0 milliseconds
Build info: version: '3.7.1', revision: '8a0099a', time: '2017-11-06T21:07:36.161Z'
System info: host: 'DESKTOP-KMCIR60', ip: '192.168.0.18', os.name: 'Windows 10', os.arch: 'amd64', os.version: '10.0', java.version: '1.8.0_102'
Driver info: com.kms.katalon.selenium.driver.CChromeDriver
Capabilities {acceptInsecureCerts: false, acceptSslCerts: false, applicationCacheEnabled: false, browserConnectionEnabled: false, browserName: chrome, chrome: {chromedriverVersion: 2.35.528161 (5b82f2d2aae0ca..., userDataDir: C:\Users\jonha\AppData\Loca...}, cssSelectorsEnabled: true, databaseEnabled: false, handlesAlerts: true, hasTouchScreen: false, javascriptEnabled: true, locationContextEnabled: true, mobileEmulationEnabled: false, nativeEvents: true, networkConnectionEnabled: false, pageLoadStrategy: normal, platform: XP, platformName: XP, rotatable: false, setWindowRect: true, takesHeapSnapshot: true, takesScreenshot: true, unexpectedAlertBehaviour: , unhandledPromptBehavior: , version: 65.0.3325.181, webStorageEnabled: true}
Session ID: 0da9300cde71ba830dd5de1fd38ff8d5)
[[ATTACHMENT|C:\\Users\\jonha\\git\\DEFRA-FSM_Automated_Regression3\\Reports\\ABP Regression\\20180424_120512\\1524567964145.png]]]]></system-out>
         <system-err><![CDATA[2018-04-24 12:05:59 - [TEST_CASE][FAILED] - Test Cases/Select Inspection: Test Cases/Select Inspection FAILED because (of) Unable to click on object 'Object Repository/FSM1/Select Inspection/Landing/Refresh' (Root cause: org.openqa.selenium.WebDriverException: unknown error: Element <div class="GKH2EKQBKRB" style="background-color: transparent; width: 30px; height: 30px; background-image: url(&quot;data:image/png;base64,iVBORw0KGgoAAAANSUhEUgAAADwAAAA8CAYAAAA6/NlyAAACHklEQVR42u2a7Y2DMAyGGYERGKEblA2uG5QNYIPrBscGYYNjA7oBbAAb0A1yRkqliiYkcI75qF/Jf07qJQ92HMdJELBYLBaLxTqspJQRWAZWgN3luzr19xwsAQv3CBkqyE4uUznA7wX0BvaQOOo2Cw4TuyCCjtWAnbbk1ULSKNsCbOMw0RrsB+wL7DxKaGewK5gAax3+V6GZQ6kSX+Et6TnCirmhqD5K5Qqtyfz3NWCHCUf/HCO2eDxXEfImH8BTazZF/rBiYizdvt76yMY69YNXPC2fdEZiy7FD2bT1xB6WzWsyahyBT5iTuFFtF4Zwtaml8G7lKYyXCDWcM8MgkSfgfgEwajg3tiIAGTieCY0azhGld0fLaKjCfqnDOdGViyuUsSb4HvXjGwqN28o1/LP+FugnKcMWEQdHlWE7Oh0Z2H+BzsAMTArcf9oa/rgsval9mAJYV2k1RwZepZa2dF1yr+OrVivZackyl27UpM/Q27PU5+GZy0v6qKdDw/Z0Jz40kHVdSHtahvFLigaii5e978sTH7uiyJA6PTz2pbOJXnhEEVqC4obP4WYyoUweteUKJEKIpKkXBGKNNkttu+VbcHt4cWjC08LOhH4WB7mCiUe/j9XeWji+CVkHdjRpQfQCIA22IuW93hNovcnzt/L2NyL4cCF+3cPpKlR3uu1C0GoXoBNHy1St88rgxUo9ernu8iUei8VisVgslk5/qMzBWIiR3T4AAAAASUVORK5CYII=&quot;); background-size: 30px 30px; background-repeat: no-repeat;"></div> is not clickable at point (314, 140). Other element would receive the click: <div class="GKH2EKQBOBB GKH2EKQBACB" style="-webkit-box-align: center; align-items: center; -webkit-box-pack: center; justify-content: center;">...</div>
  (Session info: chrome=65.0.3325.181)
  (Driver info: chromedriver=2.35.528161 (5b82f2d2aae0ca24b877009200ced9065a772e73),platform=Windows NT 10.0.16299 x86_64) (WARNING: The server did not provide any stacktrace information)
Command duration or timeout: 0 milliseconds
Build info: version: '3.7.1', revision: '8a0099a', time: '2017-11-06T21:07:36.161Z'
System info: host: 'DESKTOP-KMCIR60', ip: '192.168.0.18', os.name: 'Windows 10', os.arch: 'amd64', os.version: '10.0', java.version: '1.8.0_102'
Driver info: com.kms.katalon.selenium.driver.CChromeDriver
Capabilities {acceptInsecureCerts: false, acceptSslCerts: false, applicationCacheEnabled: false, browserConnectionEnabled: false, browserName: chrome, chrome: {chromedriverVersion: 2.35.528161 (5b82f2d2aae0ca..., userDataDir: C:\Users\jonha\AppData\Loca...}, cssSelectorsEnabled: true, databaseEnabled: false, handlesAlerts: true, hasTouchScreen: false, javascriptEnabled: true, locationContextEnabled: true, mobileEmulationEnabled: false, nativeEvents: true, networkConnectionEnabled: false, pageLoadStrategy: normal, platform: XP, platformName: XP, rotatable: false, setWindowRect: true, takesHeapSnapshot: true, takesScreenshot: true, unexpectedAlertBehaviour: , unhandledPromptBehavior: , version: 65.0.3325.181, webStorageEnabled: true}
Session ID: 0da9300cde71ba830dd5de1fd38ff8d5)]]></system-err>
      </testcase>
      <system-out><![CDATA[2018-04-24 12:05:16 - [TEST_SUITE][FAILED] - ABP Regression: Test Cases/Select Inspection FAILED because (of) Unable to click on object 'Object Repository/FSM1/Select Inspection/Landing/Refresh' (Root cause: org.openqa.selenium.WebDriverException: unknown error: Element <div class="GKH2EKQBKRB" style="background-color: transparent; width: 30px; height: 30px; background-image: url(&quot;data:image/png;base64,iVBORw0KGgoAAAANSUhEUgAAADwAAAA8CAYAAAA6/NlyAAACHklEQVR42u2a7Y2DMAyGGYERGKEblA2uG5QNYIPrBscGYYNjA7oBbAAb0A1yRkqliiYkcI75qF/Jf07qJQ92HMdJELBYLBaLxTqspJQRWAZWgN3luzr19xwsAQv3CBkqyE4uUznA7wX0BvaQOOo2Cw4TuyCCjtWAnbbk1ULSKNsCbOMw0RrsB+wL7DxKaGewK5gAax3+V6GZQ6kSX+Et6TnCirmhqD5K5Qqtyfz3NWCHCUf/HCO2eDxXEfImH8BTazZF/rBiYizdvt76yMY69YNXPC2fdEZiy7FD2bT1xB6WzWsyahyBT5iTuFFtF4Zwtaml8G7lKYyXCDWcM8MgkSfgfgEwajg3tiIAGTieCY0azhGld0fLaKjCfqnDOdGViyuUsSb4HvXjGwqN28o1/LP+FugnKcMWEQdHlWE7Oh0Z2H+BzsAMTArcf9oa/rgsval9mAJYV2k1RwZepZa2dF1yr+OrVivZackyl27UpM/Q27PU5+GZy0v6qKdDw/Z0Jz40kHVdSHtahvFLigaii5e978sTH7uiyJA6PTz2pbOJXnhEEVqC4obP4WYyoUweteUKJEKIpKkXBGKNNkttu+VbcHt4cWjC08LOhH4WB7mCiUe/j9XeWji+CVkHdjRpQfQCIA22IuW93hNovcnzt/L2NyL4cCF+3cPpKlR3uu1C0GoXoBNHy1St88rgxUo9ernu8iUei8VisVgslk5/qMzBWIiR3T4AAAAASUVORK5CYII=&quot;); background-size: 30px 30px; background-repeat: no-repeat;"></div> is not clickable at point (314, 140). Other element would receive the click: <div class="GKH2EKQBOBB GKH2EKQBACB" style="-webkit-box-align: center; align-items: center; -webkit-box-pack: center; justify-content: center;">...</div>
  (Session info: chrome=65.0.3325.181)
  (Driver info: chromedriver=2.35.528161 (5b82f2d2aae0ca24b877009200ced9065a772e73),platform=Windows NT 10.0.16299 x86_64) (WARNING: The server did not provide any stacktrace information)
Command duration or timeout: 0 milliseconds
Build info: version: '3.7.1', revision: '8a0099a', time: '2017-11-06T21:07:36.161Z'
System info: host: 'DESKTOP-KMCIR60', ip: '192.168.0.18', os.name: 'Windows 10', os.arch: 'amd64', os.version: '10.0', java.version: '1.8.0_102'
Driver info: com.kms.katalon.selenium.driver.CChromeDriver
Capabilities {acceptInsecureCerts: false, acceptSslCerts: false, applicationCacheEnabled: false, browserConnectionEnabled: false, browserName: chrome, chrome: {chromedriverVersion: 2.35.528161 (5b82f2d2aae0ca..., userDataDir: C:\Users\jonha\AppData\Loca...}, cssSelectorsEnabled: true, databaseEnabled: false, handlesAlerts: true, hasTouchScreen: false, javascriptEnabled: true, locationContextEnabled: true, mobileEmulationEnabled: false, nativeEvents: true, networkConnectionEnabled: false, pageLoadStrategy: normal, platform: XP, platformName: XP, rotatable: false, setWindowRect: true, takesHeapSnapshot: true, takesScreenshot: true, unexpectedAlertBehaviour: , unhandledPromptBehavior: , version: 65.0.3325.181, webStorageEnabled: true}
Session ID: 0da9300cde71ba830dd5de1fd38ff8d5)]]></system-out>
      <system-err><![CDATA[2018-04-24 12:05:16 - [TEST_SUITE][FAILED] - ABP Regression: Test Cases/Select Inspection FAILED because (of) Unable to click on object 'Object Repository/FSM1/Select Inspection/Landing/Refresh' (Root cause: org.openqa.selenium.WebDriverException: unknown error: Element <div class="GKH2EKQBKRB" style="background-color: transparent; width: 30px; height: 30px; background-image: url(&quot;data:image/png;base64,iVBORw0KGgoAAAANSUhEUgAAADwAAAA8CAYAAAA6/NlyAAACHklEQVR42u2a7Y2DMAyGGYERGKEblA2uG5QNYIPrBscGYYNjA7oBbAAb0A1yRkqliiYkcI75qF/Jf07qJQ92HMdJELBYLBaLxTqspJQRWAZWgN3luzr19xwsAQv3CBkqyE4uUznA7wX0BvaQOOo2Cw4TuyCCjtWAnbbk1ULSKNsCbOMw0RrsB+wL7DxKaGewK5gAax3+V6GZQ6kSX+Et6TnCirmhqD5K5Qqtyfz3NWCHCUf/HCO2eDxXEfImH8BTazZF/rBiYizdvt76yMY69YNXPC2fdEZiy7FD2bT1xB6WzWsyahyBT5iTuFFtF4Zwtaml8G7lKYyXCDWcM8MgkSfgfgEwajg3tiIAGTieCY0azhGld0fLaKjCfqnDOdGViyuUsSb4HvXjGwqN28o1/LP+FugnKcMWEQdHlWE7Oh0Z2H+BzsAMTArcf9oa/rgsval9mAJYV2k1RwZepZa2dF1yr+OrVivZackyl27UpM/Q27PU5+GZy0v6qKdDw/Z0Jz40kHVdSHtahvFLigaii5e978sTH7uiyJA6PTz2pbOJXnhEEVqC4obP4WYyoUweteUKJEKIpKkXBGKNNkttu+VbcHt4cWjC08LOhH4WB7mCiUe/j9XeWji+CVkHdjRpQfQCIA22IuW93hNovcnzt/L2NyL4cCF+3cPpKlR3uu1C0GoXoBNHy1St88rgxUo9ernu8iUei8VisVgslk5/qMzBWIiR3T4AAAAASUVORK5CYII=&quot;); background-size: 30px 30px; background-repeat: no-repeat;"></div> is not clickable at point (314, 140). Other element would receive the click: <div class="GKH2EKQBOBB GKH2EKQBACB" style="-webkit-box-align: center; align-items: center; -webkit-box-pack: center; justify-content: center;">...</div>
  (Session info: chrome=65.0.3325.181)
  (Driver info: chromedriver=2.35.528161 (5b82f2d2aae0ca24b877009200ced9065a772e73),platform=Windows NT 10.0.16299 x86_64) (WARNING: The server did not provide any stacktrace information)
Command duration or timeout: 0 milliseconds
Build info: version: '3.7.1', revision: '8a0099a', time: '2017-11-06T21:07:36.161Z'
System info: host: 'DESKTOP-KMCIR60', ip: '192.168.0.18', os.name: 'Windows 10', os.arch: 'amd64', os.version: '10.0', java.version: '1.8.0_102'
Driver info: com.kms.katalon.selenium.driver.CChromeDriver
Capabilities {acceptInsecureCerts: false, acceptSslCerts: false, applicationCacheEnabled: false, browserConnectionEnabled: false, browserName: chrome, chrome: {chromedriverVersion: 2.35.528161 (5b82f2d2aae0ca..., userDataDir: C:\Users\jonha\AppData\Loca...}, cssSelectorsEnabled: true, databaseEnabled: false, handlesAlerts: true, hasTouchScreen: false, javascriptEnabled: true, locationContextEnabled: true, mobileEmulationEnabled: false, nativeEvents: true, networkConnectionEnabled: false, pageLoadStrategy: normal, platform: XP, platformName: XP, rotatable: false, setWindowRect: true, takesHeapSnapshot: true, takesScreenshot: true, unexpectedAlertBehaviour: , unhandledPromptBehavior: , version: 65.0.3325.181, webStorageEnabled: true}
Session ID: 0da9300cde71ba830dd5de1fd38ff8d5)]]></system-err>
   </testsuite>
</testsuites>
