<?xml version="1.0" encoding="UTF-8"?>
<testsuites name="IV17 Regression" time="124" tests="5" failures="0" errors="0">
   <testsuite name="IV17 Regression" tests="5" failures="0" errors="0" time="124" timestamp="2018-11-23 09:05:41" hostname="JHATFIELD - SNDFSMINFSRV001.defra.onmicrosoft.com" id="Test Suites/Form Jobs/IV17 Regression">
      <properties>
         <property name="deviceName" value=""/>
         <property name="devicePlatform" value=""/>
         <property name="logFolder" value="C:\\Users\\JHATFIELD\\git\\DEFRA-FSM_Automated_Regression_NEW\\Reports\\Form Jobs\\IV17 Regression\\20181123_090535"/>
         <property name="logFiles" value="C:\\Users\\JHATFIELD\\git\\DEFRA-FSM_Automated_Regression_NEW\\Reports\\Form Jobs\\IV17 Regression\\20181123_090535\\execution0.log"/>
         <property name="attachments" value=""/>
         <property name="hostName" value="JHATFIELD - SNDFSMINFSRV001.defra.onmicrosoft.com"/>
         <property name="os" value="Windows Server 2016 64bit"/>
         <property name="katalonVersion" value="5.8.6.1"/>
         <property name="browser" value="Chrome 70.0.3538.102"/>
         <property name="hostAddress" value="10.201.1.17"/>
         <property name="sessionId" value="be71ca2f1054a8688d2db1778c42a995"/>
         <property name="seleniumVersion" value="3.7.1"/>
         <property name="proxyInformation" value="ProxyInformation{proxyOption=NO_PROXY, proxyServerType=HTTP, password=, proxyServerAddress=, proxyServerPort=0}"/>
         <property name="platform" value="Windows Server 2016"/>
      </properties>
      <testcase name="Test Cases/Generic/Launch Job Manager" classname="Test Cases/Generic/Launch Job Manager" status="PASSED">
         <system-out><![CDATA[2018-11-23 09:05:42 - [TEST_CASE][PASSED] - Test Cases/Generic/Launch Job Manager: Test Cases/Generic/Launch Job Manager

2018-11-23 09:05:43 - [TEST_STEP][PASSED] - openBrowser: Browser is opened with url: ''

2018-11-23 09:05:48 - [MESSAGE][PASSED] - Browser is opened with url: ''

2018-11-23 09:05:48 - [TEST_STEP][PASSED] - navigateToUrl: Navigate to 'https://kirona-def-6.kirona.com/jmprep/jclient/jclient.html' successfully

2018-11-23 09:05:50 - [MESSAGE][PASSED] - Navigate to 'https://kirona-def-6.kirona.com/jmprep/jclient/jclient.html' successfully

2018-11-23 09:05:50 - [TEST_STEP][PASSED] - setText: Text 'KIR1' is set on object 'Object Repository/FSM1/Launch Application/Page_JClient/input_gwt-TextBox GKH2EKQBMDB'

2018-11-23 09:05:53 - [MESSAGE][PASSED] - Text 'KIR1' is set on object 'Object Repository/FSM1/Launch Application/Page_JClient/input_gwt-TextBox GKH2EKQBMDB'

2018-11-23 09:05:53 - [TEST_STEP][PASSED] - sendKeys: Keys 'ENTER + ' sent to object: 'Object Repository/FSM1/Launch Application/Page_JClient/input_gwt-TextBox GKH2EKQBMDB'

2018-11-23 09:05:53 - [MESSAGE][PASSED] - Keys 'ENTER + ' sent to object: 'Object Repository/FSM1/Launch Application/Page_JClient/input_gwt-TextBox GKH2EKQBMDB'

2018-11-23 09:05:53 - [TEST_STEP][PASSED] - click: Object: 'Object Repository/FSM1/Launch Application/Page_JClient/div_Configure App' is clicked on

2018-11-23 09:05:54 - [MESSAGE][PASSED] - Object: 'Object Repository/FSM1/Launch Application/Page_JClient/div_Configure App' is clicked on

2018-11-23 09:05:54 - [TEST_STEP][PASSED] - setText: Text 'test.inspector' is set on object 'Object Repository/FSM1/Launch Application/Page_JClient/input_gwt-TextBox GKH2EKQBNHC'

2018-11-23 09:05:55 - [MESSAGE][PASSED] - Text 'test.inspector' is set on object 'Object Repository/FSM1/Launch Application/Page_JClient/input_gwt-TextBox GKH2EKQBNHC'

2018-11-23 09:05:55 - [TEST_STEP][PASSED] - setText: Text 'Password1.' is set on object 'Object Repository/FSM1/Launch Application/Page_JClient/input_gwt-PasswordTextBox GKH2'

2018-11-23 09:05:55 - [MESSAGE][PASSED] - Text 'Password1.' is set on object 'Object Repository/FSM1/Launch Application/Page_JClient/input_gwt-PasswordTextBox GKH2'

2018-11-23 09:05:55 - [TEST_STEP][PASSED] - click: Object: 'Object Repository/FSM1/Launch Application/Page_JClient/div_Sign In' is clicked on

2018-11-23 09:05:56 - [MESSAGE][PASSED] - Object: 'Object Repository/FSM1/Launch Application/Page_JClient/div_Sign In' is clicked on

2018-11-23 09:05:56 - [TEST_STEP][PASSED] - delay: Delayed 15 second(s)

2018-11-23 09:06:11 - [MESSAGE][PASSED] - Delayed 15 second(s)]]></system-out>
         <system-err><![CDATA[]]></system-err>
      </testcase>
      <testcase name="Test Cases/Form Jobs/IV17/Complete IV17 Inspection" classname="Test Cases/Form Jobs/IV17/Complete IV17 Inspection" status="PASSED">
         <system-out><![CDATA[2018-11-23 09:06:11 - [TEST_CASE][PASSED] - Test Cases/Form Jobs/IV17/Complete IV17 Inspection: Test Cases/Form Jobs/IV17/Complete IV17 Inspection

2018-11-23 09:06:12 - [TEST_STEP][PASSED] - Statement - log = new com.kms.katalon.core.logging.KeywordLogger(): null

2018-11-23 09:06:12 - [TEST_STEP][PASSED] - delay: Delayed 15 second(s)

2018-11-23 09:06:27 - [MESSAGE][PASSED] - Delayed 15 second(s)

2018-11-23 09:06:27 - [TEST_STEP][PASSED] - click: Object: 'Object Repository/FSM1/IV17/Page_JClient/div_Main Menu_GKH2EKQBMBC' is clicked on

2018-11-23 09:06:27 - [MESSAGE][PASSED] - Object: 'Object Repository/FSM1/IV17/Page_JClient/div_Main Menu_GKH2EKQBMBC' is clicked on

2018-11-23 09:06:27 - [TEST_STEP][PASSED] - delay: Delayed 3 second(s)

2018-11-23 09:06:30 - [MESSAGE][PASSED] - Delayed 3 second(s)

2018-11-23 09:06:30 - [TEST_STEP][PASSED] - click: Object: 'Object Repository/FSM1/IV17/Page_JClient/div_Form Jobs' is clicked on

2018-11-23 09:06:30 - [MESSAGE][PASSED] - Object: 'Object Repository/FSM1/IV17/Page_JClient/div_Form Jobs' is clicked on

2018-11-23 09:06:30 - [TEST_STEP][PASSED] - click: Object: 'Object Repository/FSM1/IV17/Page_JClient/div_IV17 Import checks' is clicked on

2018-11-23 09:06:30 - [MESSAGE][PASSED] - Object: 'Object Repository/FSM1/IV17/Page_JClient/div_IV17 Import checks' is clicked on

2018-11-23 09:06:30 - [TEST_STEP][PASSED] - click: Object: 'Object Repository/FSM1/IV17/Page_JClient/div_WITH OPERATIVE' is clicked on

2018-11-23 09:06:31 - [MESSAGE][PASSED] - Object: 'Object Repository/FSM1/IV17/Page_JClient/div_WITH OPERATIVE' is clicked on

2018-11-23 09:06:31 - [TEST_STEP][PASSED] - click: Object: 'Object Repository/FSM1/IV17/Page_JClient/div_TRAVELLING' is clicked on

2018-11-23 09:06:32 - [MESSAGE][PASSED] - Object: 'Object Repository/FSM1/IV17/Page_JClient/div_TRAVELLING' is clicked on

2018-11-23 09:06:32 - [TEST_STEP][PASSED] - delay: Delayed 3 second(s)

2018-11-23 09:06:35 - [MESSAGE][PASSED] - Delayed 3 second(s)

2018-11-23 09:06:35 - [TEST_STEP][PASSED] - click: Object: 'Object Repository/FSM1/IV17/Page_JClient/div_TRAVELLING' is clicked on

2018-11-23 09:06:35 - [MESSAGE][PASSED] - Object: 'Object Repository/FSM1/IV17/Page_JClient/div_TRAVELLING' is clicked on

2018-11-23 09:06:35 - [TEST_STEP][PASSED] - click: Object: 'Object Repository/FSM1/IV17/Page_JClient/div_ARRIVED' is clicked on

2018-11-23 09:06:36 - [MESSAGE][PASSED] - Object: 'Object Repository/FSM1/IV17/Page_JClient/div_ARRIVED' is clicked on

2018-11-23 09:06:36 - [TEST_STEP][PASSED] - delay: Delayed 3 second(s)

2018-11-23 09:06:39 - [MESSAGE][PASSED] - Delayed 3 second(s)

2018-11-23 09:06:39 - [TEST_STEP][PASSED] - click: Object: 'Object Repository/FSM1/IV17/Page_JClient/div_ARRIVED' is clicked on

2018-11-23 09:06:39 - [MESSAGE][PASSED] - Object: 'Object Repository/FSM1/IV17/Page_JClient/div_ARRIVED' is clicked on

2018-11-23 09:06:39 - [TEST_STEP][PASSED] - click: Object: 'Object Repository/FSM1/IV17/Page_JClient/div_STARTED' is clicked on

2018-11-23 09:06:39 - [MESSAGE][PASSED] - Object: 'Object Repository/FSM1/IV17/Page_JClient/div_STARTED' is clicked on

2018-11-23 09:06:39 - [TEST_STEP][PASSED] - delay: Delayed 3 second(s)

2018-11-23 09:06:42 - [MESSAGE][PASSED] - Delayed 3 second(s)

2018-11-23 09:06:42 - [TEST_STEP][PASSED] - click: Object: 'Object Repository/FSM1/IV17/Page_JClient/div_Edit attributes' is clicked on

2018-11-23 09:06:42 - [MESSAGE][PASSED] - Object: 'Object Repository/FSM1/IV17/Page_JClient/div_Edit attributes' is clicked on

2018-11-23 09:06:42 - [TEST_STEP][PASSED] - delay: Delayed 2 second(s)

2018-11-23 09:06:44 - [MESSAGE][PASSED] - Delayed 2 second(s)

2018-11-23 09:06:44 - [TEST_STEP][PASSED] - click: Object: 'Object Repository/FSM1/IV17/Page_JClient/input_Live Ferrets_radio_group' is clicked on

2018-11-23 09:06:45 - [MESSAGE][PASSED] - Object: 'Object Repository/FSM1/IV17/Page_JClient/input_Live Ferrets_radio_group' is clicked on

2018-11-23 09:06:45 - [TEST_STEP][PASSED] - setText: Text 'Test automation' is set on object 'Object Repository/FSM1/IV17/Page_JClient/input_SpeciesCommodity_gwt-Tex'

2018-11-23 09:06:45 - [MESSAGE][PASSED] - Text 'Test automation' is set on object 'Object Repository/FSM1/IV17/Page_JClient/input_SpeciesCommodity_gwt-Tex'

2018-11-23 09:06:45 - [TEST_STEP][PASSED] - click: Object: 'Object Repository/FSM1/IV17/Page_JClient/input_Region_radio_group_2' is clicked on

2018-11-23 09:06:45 - [MESSAGE][PASSED] - Object: 'Object Repository/FSM1/IV17/Page_JClient/input_Region_radio_group_2' is clicked on

2018-11-23 09:06:45 - [TEST_STEP][PASSED] - click: Object: 'Object Repository/FSM1/IV17/Page_JClient/div_Initial details' is clicked on

2018-11-23 09:06:45 - [MESSAGE][PASSED] - Object: 'Object Repository/FSM1/IV17/Page_JClient/div_Initial details' is clicked on

2018-11-23 09:06:45 - [TEST_STEP][PASSED] - delay: Delayed 2 second(s)

2018-11-23 09:06:47 - [MESSAGE][PASSED] - Delayed 2 second(s)

2018-11-23 09:06:47 - [TEST_STEP][PASSED] - setText: Text 'test automation' is set on object 'Object Repository/FSM1/IV17/Page_JClient/input_Consignment ID (ITAHC CV'

2018-11-23 09:06:48 - [MESSAGE][PASSED] - Text 'test automation' is set on object 'Object Repository/FSM1/IV17/Page_JClient/input_Consignment ID (ITAHC CV'

2018-11-23 09:06:48 - [TEST_STEP][PASSED] - setText: Text '123' is set on object 'Object Repository/FSM1/IV17/Page_JClient/input_Work Schedule_gwt-TextBo'

2018-11-23 09:06:48 - [MESSAGE][PASSED] - Text '123' is set on object 'Object Repository/FSM1/IV17/Page_JClient/input_Work Schedule_gwt-TextBo'

2018-11-23 09:06:48 - [TEST_STEP][PASSED] - click: Object: 'Object Repository/FSM1/IV17/Page_JClient/div_Save' is clicked on

2018-11-23 09:06:48 - [MESSAGE][PASSED] - Object: 'Object Repository/FSM1/IV17/Page_JClient/div_Save' is clicked on

2018-11-23 09:06:48 - [TEST_STEP][PASSED] - delay: Delayed 2 second(s)

2018-11-23 09:06:50 - [MESSAGE][PASSED] - Delayed 2 second(s)

2018-11-23 09:06:50 - [TEST_STEP][PASSED] - click: Object: 'Object Repository/FSM1/IV17/Page_JClient/div_DIP Checks' is clicked on

2018-11-23 09:06:50 - [MESSAGE][PASSED] - Object: 'Object Repository/FSM1/IV17/Page_JClient/div_DIP Checks' is clicked on

2018-11-23 09:06:50 - [TEST_STEP][PASSED] - click: Object: 'Object Repository/FSM1/IV17/Page_JClient/input_IA Is the consignee awar' is clicked on

2018-11-23 09:06:52 - [MESSAGE][PASSED] - Object: 'Object Repository/FSM1/IV17/Page_JClient/input_IA Is the consignee awar' is clicked on

2018-11-23 09:06:52 - [TEST_STEP][PASSED] - click: Object: 'Object Repository/FSM1/IV17/Page_JClient/input_Not Checked_radio_group_' is clicked on

2018-11-23 09:06:52 - [MESSAGE][PASSED] - Object: 'Object Repository/FSM1/IV17/Page_JClient/input_Not Checked_radio_group_' is clicked on

2018-11-23 09:06:52 - [TEST_STEP][PASSED] - click: Object: 'Object Repository/FSM1/IV17/Page_JClient/input_CV Does the ITAHC provid' is clicked on

2018-11-23 09:06:52 - [MESSAGE][PASSED] - Object: 'Object Repository/FSM1/IV17/Page_JClient/input_CV Does the ITAHC provid' is clicked on

2018-11-23 09:06:52 - [TEST_STEP][PASSED] - click: Object: 'Object Repository/FSM1/IV17/Page_JClient/input_CD Are the destination d' is clicked on

2018-11-23 09:06:52 - [MESSAGE][PASSED] - Object: 'Object Repository/FSM1/IV17/Page_JClient/input_CD Are the destination d' is clicked on

2018-11-23 09:06:52 - [TEST_STEP][PASSED] - click: Object: 'Object Repository/FSM1/IV17/Page_JClient/input_Not Checked_radio_group__1' is clicked on

2018-11-23 09:06:53 - [MESSAGE][PASSED] - Object: 'Object Repository/FSM1/IV17/Page_JClient/input_Not Checked_radio_group__1' is clicked on

2018-11-23 09:06:53 - [TEST_STEP][PASSED] - click: Object: 'Object Repository/FSM1/IV17/Page_JClient/input_ID Does the identificati' is clicked on

2018-11-23 09:06:53 - [MESSAGE][PASSED] - Object: 'Object Repository/FSM1/IV17/Page_JClient/input_ID Does the identificati' is clicked on

2018-11-23 09:06:53 - [TEST_STEP][PASSED] - click: Object: 'Object Repository/FSM1/IV17/Page_JClient/input_Not Checked_radio_group__2' is clicked on

2018-11-23 09:06:53 - [MESSAGE][PASSED] - Object: 'Object Repository/FSM1/IV17/Page_JClient/input_Not Checked_radio_group__2' is clicked on

2018-11-23 09:06:53 - [TEST_STEP][PASSED] - click: Object: 'Object Repository/FSM1/IV17/Page_JClient/input_PC Have physical checks' is clicked on

2018-11-23 09:06:53 - [MESSAGE][PASSED] - Object: 'Object Repository/FSM1/IV17/Page_JClient/input_PC Have physical checks' is clicked on

2018-11-23 09:06:53 - [TEST_STEP][PASSED] - click: Object: 'Object Repository/FSM1/IV17/Page_JClient/div_Save DIP' is clicked on

2018-11-23 09:06:53 - [MESSAGE][PASSED] - Object: 'Object Repository/FSM1/IV17/Page_JClient/div_Save DIP' is clicked on

2018-11-23 09:06:53 - [TEST_STEP][PASSED] - delay: Delayed 2 second(s)

2018-11-23 09:06:55 - [MESSAGE][PASSED] - Delayed 2 second(s)

2018-11-23 09:06:55 - [TEST_STEP][PASSED] - click: Object: 'Object Repository/FSM1/IV17/Page_JClient/div_Checked at Location(s)' is clicked on

2018-11-23 09:06:56 - [MESSAGE][PASSED] - Object: 'Object Repository/FSM1/IV17/Page_JClient/div_Checked at Location(s)' is clicked on

2018-11-23 09:06:56 - [TEST_STEP][PASSED] - click: Object: 'Object Repository/FSM1/IV17/Page_JClient/input_Select all applicable lo' is clicked on

2018-11-23 09:06:57 - [MESSAGE][PASSED] - Object: 'Object Repository/FSM1/IV17/Page_JClient/input_Select all applicable lo' is clicked on

2018-11-23 09:06:57 - [TEST_STEP][PASSED] - setText: Text '10' is set on object 'Object Repository/FSM1/IV17/Page_JClient/input_Number of animals checke'

2018-11-23 09:06:58 - [MESSAGE][PASSED] - Text '10' is set on object 'Object Repository/FSM1/IV17/Page_JClient/input_Number of animals checke'

2018-11-23 09:06:58 - [TEST_STEP][PASSED] - setText: Text '2' is set on object 'Object Repository/FSM1/IV17/Page_JClient/input_Number of samples taken_'

2018-11-23 09:06:58 - [MESSAGE][PASSED] - Text '2' is set on object 'Object Repository/FSM1/IV17/Page_JClient/input_Number of samples taken_'

2018-11-23 09:06:58 - [TEST_STEP][PASSED] - click: Object: 'Object Repository/FSM1/IV17/Page_JClient/div_Checked at Location(s)Date' is clicked on

2018-11-23 09:06:58 - [MESSAGE][PASSED] - Object: 'Object Repository/FSM1/IV17/Page_JClient/div_Checked at Location(s)Date' is clicked on

2018-11-23 09:06:58 - [TEST_STEP][PASSED] - Statement - mydate = new java.util.Date(): null

2018-11-23 09:06:58 - [TEST_STEP][PASSED] - Statement - formattedDate = mydate.format("MM/dd/yyy"): null

2018-11-23 09:06:58 - [TEST_STEP][PASSED] - sendKeys: Keys '11/23/2018' sent to object: 'Object Repository/FSM1/IV17/Page_JClient/IV17 Date of Visit'

2018-11-23 09:06:58 - [MESSAGE][PASSED] - Keys '11/23/2018' sent to object: 'Object Repository/FSM1/IV17/Page_JClient/IV17 Date of Visit'

2018-11-23 09:06:58 - [TEST_STEP][PASSED] - click: Object: 'Object Repository/FSM1/IV17/Page_JClient/div_Save Location' is clicked on

2018-11-23 09:06:58 - [MESSAGE][PASSED] - Object: 'Object Repository/FSM1/IV17/Page_JClient/div_Save Location' is clicked on

2018-11-23 09:06:58 - [TEST_STEP][PASSED] - delay: Delayed 2 second(s)

2018-11-23 09:07:00 - [MESSAGE][PASSED] - Delayed 2 second(s)

2018-11-23 09:07:00 - [TEST_STEP][PASSED] - click: Object: 'Object Repository/FSM1/IV17/Page_JClient/div_Save Complete' is clicked on

2018-11-23 09:07:01 - [MESSAGE][PASSED] - Object: 'Object Repository/FSM1/IV17/Page_JClient/div_Save Complete' is clicked on

2018-11-23 09:07:01 - [TEST_STEP][PASSED] - click: Object: 'Object Repository/FSM1/IV17/Page_JClient/div_STARTED' is clicked on

2018-11-23 09:07:01 - [MESSAGE][PASSED] - Object: 'Object Repository/FSM1/IV17/Page_JClient/div_STARTED' is clicked on

2018-11-23 09:07:01 - [TEST_STEP][PASSED] - click: Object: 'Object Repository/FSM1/IV17/Page_JClient/div_COMPLETED' is clicked on

2018-11-23 09:07:01 - [MESSAGE][PASSED] - Object: 'Object Repository/FSM1/IV17/Page_JClient/div_COMPLETED' is clicked on

2018-11-23 09:07:01 - [TEST_STEP][PASSED] - delay: Delayed 2 second(s)

2018-11-23 09:07:03 - [MESSAGE][PASSED] - Delayed 2 second(s)

2018-11-23 09:07:03 - [TEST_STEP][PASSED] - click: Object: 'Object Repository/FSM1/IV17/Page_JClient/div_Ok' is clicked on

2018-11-23 09:07:03 - [MESSAGE][PASSED] - Object: 'Object Repository/FSM1/IV17/Page_JClient/div_Ok' is clicked on

2018-11-23 09:07:03 - [TEST_STEP][PASSED] - delay: Delayed 15 second(s)

2018-11-23 09:07:18 - [MESSAGE][PASSED] - Delayed 15 second(s)

2018-11-23 09:07:18 - [TEST_STEP][PASSED] - Statement - FormJobReference = com.kms.katalon.core.webui.keyword.WebUiBuiltInKeywords.getText(com.kms.katalon.core.testobject.ObjectRepository.findTestObject(FSM1/IV17/Page_JClient/Form Job Reference)): Text of object 'Object Repository/FSM1/IV17/Page_JClient/Form Job Reference' is: 'Form Job 1 (91419)'

2018-11-23 09:07:18 - [MESSAGE][PASSED] - Text of object 'Object Repository/FSM1/IV17/Page_JClient/Form Job Reference' is: 'Form Job 1 (91419)'

2018-11-23 09:07:18 - [TEST_STEP][PASSED] - Statement - FormJobReference = FormJobReference.replaceAll("Form Job 1 \(", ""): null

2018-11-23 09:07:18 - [TEST_STEP][PASSED] - Statement - FormJobReference = FormJobReference.replaceAll("\)", ""): null

2018-11-23 09:07:18 - [TEST_STEP][PASSED] - Statement - log.logWarning(FormJobReference): 91419

2018-11-23 09:07:18 - [MESSAGE][WARNING] - 91419

2018-11-23 09:07:18 - [TEST_STEP][PASSED] - Statement - temp1 = FormJobReference: null]]></system-out>
         <system-err><![CDATA[]]></system-err>
      </testcase>
      <testcase name="Test Cases/Generic/Launch Job Manager Control Centre - Check Result" classname="Test Cases/Generic/Launch Job Manager Control Centre - Check Result" status="PASSED">
         <system-out><![CDATA[2018-11-23 09:07:18 - [TEST_CASE][PASSED] - Test Cases/Generic/Launch Job Manager Control Centre - Check Result: Test Cases/Generic/Launch Job Manager Control Centre - Check Result

2018-11-23 09:07:19 - [TEST_STEP][PASSED] - openBrowser: Browser is opened with url: ''

2018-11-23 09:07:19 - [MESSAGE][WARNING] - A browser is already opened. Closing browser and opening a new one

2018-11-23 09:07:22 - [MESSAGE][PASSED] - Browser is opened with url: ''

2018-11-23 09:07:22 - [TEST_STEP][PASSED] - navigateToUrl: Navigate to 'https://kirona-def-6.kirona.com/jmprep/login#!loginView' successfully

2018-11-23 09:07:24 - [MESSAGE][PASSED] - Navigate to 'https://kirona-def-6.kirona.com/jmprep/login#!loginView' successfully

2018-11-23 09:07:24 - [TEST_STEP][PASSED] - setText: Text 'jon.hatfield' is set on object 'Object Repository/FSM1/Control Centre/Page_Job Manager Login/input_gwt-uid-3'

2018-11-23 09:07:26 - [MESSAGE][PASSED] - Text 'jon.hatfield' is set on object 'Object Repository/FSM1/Control Centre/Page_Job Manager Login/input_gwt-uid-3'

2018-11-23 09:07:26 - [TEST_STEP][PASSED] - setText: Text 'Fr@nc1sJ0n' is set on object 'Object Repository/FSM1/Control Centre/Page_Job Manager Login/input_gwt-uid-5'

2018-11-23 09:07:26 - [MESSAGE][PASSED] - Text 'Fr@nc1sJ0n' is set on object 'Object Repository/FSM1/Control Centre/Page_Job Manager Login/input_gwt-uid-5'

2018-11-23 09:07:26 - [TEST_STEP][PASSED] - click: Object: 'Object Repository/FSM1/PreProd/Page_Job Manager Login/div_Login' is clicked on

2018-11-23 09:07:26 - [MESSAGE][PASSED] - Object: 'Object Repository/FSM1/PreProd/Page_Job Manager Login/div_Login' is clicked on

2018-11-23 09:07:26 - [TEST_STEP][PASSED] - delay: Delayed 5 second(s)

2018-11-23 09:07:31 - [MESSAGE][PASSED] - Delayed 5 second(s)]]></system-out>
         <system-err><![CDATA[]]></system-err>
      </testcase>
      <testcase name="Test Cases/Form Jobs/IV17/Control Centre - Check Results - IV17" classname="Test Cases/Form Jobs/IV17/Control Centre - Check Results - IV17" status="PASSED">
         <system-out><![CDATA[2018-11-23 09:07:31 - [TEST_CASE][PASSED] - Test Cases/Form Jobs/IV17/Control Centre - Check Results - IV17: Test Cases/Form Jobs/IV17/Control Centre - Check Results - IV17

2018-11-23 09:07:32 - [TEST_STEP][PASSED] - Statement - log = new com.kms.katalon.core.logging.KeywordLogger(): null

2018-11-23 09:07:32 - [TEST_STEP][PASSED] - setText: Text '91419' is set on object 'Object Repository/FSM1/EMI Check Results/Page_JM Control Centre/input_Recents_v-textfield v-wi'

2018-11-23 09:07:32 - [MESSAGE][PASSED] - Text '91419' is set on object 'Object Repository/FSM1/EMI Check Results/Page_JM Control Centre/input_Recents_v-textfield v-wi'

2018-11-23 09:07:32 - [TEST_STEP][PASSED] - click: Object: 'Object Repository/FSM1/EMI Check Results/Page_JM Control Centre/span_' is clicked on

2018-11-23 09:07:33 - [MESSAGE][PASSED] - Object: 'Object Repository/FSM1/EMI Check Results/Page_JM Control Centre/span_' is clicked on

2018-11-23 09:07:33 - [TEST_STEP][PASSED] - waitForElementPresent: Object 'Object Repository/FSM1/EMI Check Results/Page_JM Control Centre/div_CLOSED' is present

2018-11-23 09:07:36 - [MESSAGE][PASSED] - Object 'Object Repository/FSM1/EMI Check Results/Page_JM Control Centre/div_CLOSED' is present

2018-11-23 09:07:36 - [TEST_STEP][PASSED] - delay: Delayed 3 second(s)

2018-11-23 09:07:39 - [MESSAGE][PASSED] - Delayed 3 second(s)

2018-11-23 09:07:39 - [TEST_STEP][PASSED] - verifyElementPresent: Object 'Object Repository/FSM1/Complete ABP Inspection/Check Results/03a/Page_JM Control Centre/div_Attachments_IV17' is present

2018-11-23 09:07:39 - [MESSAGE][PASSED] - Object 'Object Repository/FSM1/Complete ABP Inspection/Check Results/03a/Page_JM Control Centre/div_Attachments_IV17' is present]]></system-out>
         <system-err><![CDATA[]]></system-err>
      </testcase>
      <testcase name="Test Cases/ABP/Generic/Check Subsequent Inspection Doesnt Exist" classname="Test Cases/ABP/Generic/Check Subsequent Inspection Doesnt Exist" status="PASSED">
         <system-out><![CDATA[2018-11-23 09:07:39 - [TEST_CASE][PASSED] - Test Cases/ABP/Generic/Check Subsequent Inspection Doesnt Exist: Test Cases/ABP/Generic/Check Subsequent Inspection Doesnt Exist

2018-11-23 09:07:40 - [TEST_STEP][PASSED] - delay: Delayed 2 second(s)

2018-11-23 09:07:42 - [MESSAGE][PASSED] - Delayed 2 second(s)

2018-11-23 09:07:42 - [TEST_STEP][PASSED] - click: Object: 'Object Repository/FSM1/Complete ABP Inspection/Check Subsequent Inspections/New/Page_JM Control Centre/div_' is clicked on

2018-11-23 09:07:42 - [MESSAGE][PASSED] - Object: 'Object Repository/FSM1/Complete ABP Inspection/Check Subsequent Inspections/New/Page_JM Control Centre/div_' is clicked on

2018-11-23 09:07:42 - [TEST_STEP][PASSED] - click: Object: 'Object Repository/FSM1/Complete ABP Inspection/Check Subsequent Inspections/New/Page_JM Control Centre/span_List All Subordinate Jobs' is clicked on

2018-11-23 09:07:43 - [MESSAGE][PASSED] - Object: 'Object Repository/FSM1/Complete ABP Inspection/Check Subsequent Inspections/New/Page_JM Control Centre/span_List All Subordinate Jobs' is clicked on

2018-11-23 09:07:44 - [TEST_STEP][PASSED] - verifyElementNotPresent: Web element with id: 'Object Repository/FSM1/Complete ABP Inspection/Check Subsequent Inspections/New/Page_JM Control Centre/div_2 found.' located by 'By.xpath: //div[@class = 'v-captiontext' and (text() = '2 found.' or . = '2 found.')]' is not present after '5' second(s)

2018-11-23 09:07:44 - [MESSAGE][PASSED] - Web element with id: 'Object Repository/FSM1/Complete ABP Inspection/Check Subsequent Inspections/New/Page_JM Control Centre/div_2 found.' located by 'By.xpath: //div[@class = 'v-captiontext' and (text() = '2 found.' or . = '2 found.')]' is not present after '5' second(s)

2018-11-23 09:07:44 - [TEST_STEP][PASSED] - closeBrowser: Browser is closed

2018-11-23 09:07:45 - [MESSAGE][PASSED] - Browser is closed]]></system-out>
         <system-err><![CDATA[]]></system-err>
      </testcase>
      <system-out><![CDATA[2018-11-23 09:05:41 - [TEST_SUITE][PASSED] - IV17 Regression: Test Cases/ABP/Generic/Check Subsequent Inspection Doesnt Exist]]></system-out>
      <system-err><![CDATA[]]></system-err>
   </testsuite>
</testsuites>
