<?xml version="1.0" encoding="UTF-8"?>
<testsuites name="EMI Regression - Producer" time="539" tests="10" failures="0" errors="0">
   <testsuite name="EMI Regression - Producer" tests="10" failures="0" errors="0" time="539" timestamp="2018-11-29 19:50:57" hostname="JHATFIELD - SNDFSMINFSRV001.defra.onmicrosoft.com" id="Test Suites/EMI/EMI Regression - Producer">
      <properties>
         <property name="deviceName" value=""/>
         <property name="devicePlatform" value=""/>
         <property name="logFolder" value="C:\\Users\\JHATFIELD\\git\\DEFRA-FSM_Automated_Regression_NEW\\Reports\\EMI\\EMI Regression - Producer\\20181129_194148"/>
         <property name="logFiles" value="C:\\Users\\JHATFIELD\\git\\DEFRA-FSM_Automated_Regression_NEW\\Reports\\EMI\\EMI Regression - Producer\\20181129_194148\\execution0.log"/>
         <property name="attachments" value="C:\\Users\\JHATFIELD\\git\\DEFRA-FSM_Automated_Regression_NEW\\Reports\\EMI\\EMI Regression - Producer\\20181129_194148\\1543521435262.png"/>
         <property name="hostName" value="JHATFIELD - SNDFSMINFSRV001.defra.onmicrosoft.com"/>
         <property name="os" value="Windows Server 2016 64bit"/>
         <property name="katalonVersion" value="5.9.0.1"/>
         <property name="browser" value="Chrome 70.0.3538.110"/>
         <property name="hostAddress" value="10.201.1.17"/>
         <property name="sessionId" value="6f575f61c4a1769a2c67a1265899629d"/>
         <property name="seleniumVersion" value="3.7.1"/>
         <property name="proxyInformation" value="ProxyInformation{proxyOption=NO_PROXY, proxyServerType=HTTP, password=, proxyServerAddress=, proxyServerPort=0}"/>
         <property name="platform" value="Windows Server 2016"/>
      </properties>
      <testcase name="Test Cases/Generic/Launch Job Manager Control Centre" classname="Test Cases/Generic/Launch Job Manager Control Centre" status="PASSED">
         <system-out><![CDATA[2018-11-29 19:50:58 - [TEST_CASE][PASSED] - Test Cases/Generic/Launch Job Manager Control Centre: Test Cases/Generic/Launch Job Manager Control Centre

2018-11-29 19:50:59 - [TEST_STEP][PASSED] - openBrowser(""): Browser is opened with url: ''

2018-11-29 19:51:00 - [MESSAGE][INFO] - Starting 'Chrome' driver

2018-11-29 19:51:00 - [MESSAGE][INFO] - Action delay is set to 0 seconds

2018-11-29 19:51:04 - [MESSAGE][PASSED] - Browser is opened with url: ''

2018-11-29 19:51:04 - [TEST_STEP][PASSED] - navigateToUrl(CCURL): Navigate to 'https://kirona-def-11.kirona.com/jmtrain' successfully

2018-11-29 19:51:07 - [MESSAGE][PASSED] - Navigate to 'https://kirona-def-11.kirona.com/jmtrain' successfully

2018-11-29 19:51:07 - [TEST_STEP][PASSED] - setText(findTestObject("FSM1/Control Centre/Page_Job Manager Login/input_gwt-uid-3"), Username): Text 'jon.hatfield' is set on object 'Object Repository/FSM1/Control Centre/Page_Job Manager Login/input_gwt-uid-3'

2018-11-29 19:51:08 - [MESSAGE][PASSED] - Text 'jon.hatfield' is set on object 'Object Repository/FSM1/Control Centre/Page_Job Manager Login/input_gwt-uid-3'

2018-11-29 19:51:08 - [TEST_STEP][PASSED] - setText(findTestObject("FSM1/Control Centre/Page_Job Manager Login/input_gwt-uid-5"), Password): Text 'Fr@nc1sJ0n' is set on object 'Object Repository/FSM1/Control Centre/Page_Job Manager Login/input_gwt-uid-5'

2018-11-29 19:51:09 - [MESSAGE][PASSED] - Text 'Fr@nc1sJ0n' is set on object 'Object Repository/FSM1/Control Centre/Page_Job Manager Login/input_gwt-uid-5'

2018-11-29 19:51:09 - [TEST_STEP][PASSED] - click(findTestObject("FSM1/PreProd/Page_Job Manager Login/div_Login")): Object: 'Object Repository/FSM1/PreProd/Page_Job Manager Login/div_Login' is clicked on

2018-11-29 19:51:09 - [MESSAGE][PASSED] - Object: 'Object Repository/FSM1/PreProd/Page_Job Manager Login/div_Login' is clicked on

2018-11-29 19:51:09 - [TEST_STEP][PASSED] - delay(5): Delayed 5 second(s)

2018-11-29 19:51:14 - [MESSAGE][PASSED] - Delayed 5 second(s)]]></system-out>
         <system-err><![CDATA[]]></system-err>
      </testcase>
      <testcase name="Test Cases/EMI/Create EMI Inspection" classname="Test Cases/EMI/Create EMI Inspection" status="PASSED">
         <system-out><![CDATA[2018-11-29 19:51:14 - [TEST_CASE][PASSED] - Test Cases/EMI/Create EMI Inspection: Test Cases/EMI/Create EMI Inspection

2018-11-29 19:51:15 - [TEST_STEP][PASSED] - log = new com.kms.katalon.core.logging.KeywordLogger(): null

2018-11-29 19:51:15 - [TEST_STEP][PASSED] - click(findTestObject("FSM1/Control Centre/Create EMI Inspection New/Page_JM Control Centre/div_Create")): Object: 'Object Repository/FSM1/Control Centre/Create EMI Inspection New/Page_JM Control Centre/div_Create' is clicked on

2018-11-29 19:51:15 - [MESSAGE][PASSED] - Object: 'Object Repository/FSM1/Control Centre/Create EMI Inspection New/Page_JM Control Centre/div_Create' is clicked on

2018-11-29 19:51:15 - [TEST_STEP][PASSED] - click(findTestObject("FSM1/Control Centre/Create EMI Inspection New/Page_JM Control Centre/div_v-filterselect-button")): Object: 'Object Repository/FSM1/Control Centre/Create EMI Inspection New/Page_JM Control Centre/div_v-filterselect-button' is clicked on

2018-11-29 19:51:17 - [MESSAGE][PASSED] - Object: 'Object Repository/FSM1/Control Centre/Create EMI Inspection New/Page_JM Control Centre/div_v-filterselect-button' is clicked on

2018-11-29 19:51:17 - [TEST_STEP][PASSED] - setText(findTestObject("FSM1/Control Centre/Create EMI Inspection New/Page_JM Control Centre/input_gwt-uid-8"), "emi"): Text 'emi' is set on object 'Object Repository/FSM1/Control Centre/Create EMI Inspection New/Page_JM Control Centre/input_gwt-uid-8'

2018-11-29 19:51:17 - [MESSAGE][PASSED] - Text 'emi' is set on object 'Object Repository/FSM1/Control Centre/Create EMI Inspection New/Page_JM Control Centre/input_gwt-uid-8'

2018-11-29 19:51:17 - [TEST_STEP][PASSED] - click(findTestObject("FSM1/Control Centre/Create EMI Inspection New/Page_JM Control Centre/span_EMI Inspection")): Object: 'Object Repository/FSM1/Control Centre/Create EMI Inspection New/Page_JM Control Centre/span_EMI Inspection' is clicked on

2018-11-29 19:51:18 - [MESSAGE][PASSED] - Object: 'Object Repository/FSM1/Control Centre/Create EMI Inspection New/Page_JM Control Centre/span_EMI Inspection' is clicked on

2018-11-29 19:51:18 - [TEST_STEP][PASSED] - setText(findTestObject("FSM1/Control Centre/Create EMI Inspection New/Page_JM Control Centre/input_gwt-uid-16"), "15"): Text '15' is set on object 'Object Repository/FSM1/Control Centre/Create EMI Inspection New/Page_JM Control Centre/input_gwt-uid-16'

2018-11-29 19:51:20 - [MESSAGE][PASSED] - Text '15' is set on object 'Object Repository/FSM1/Control Centre/Create EMI Inspection New/Page_JM Control Centre/input_gwt-uid-16'

2018-11-29 19:51:21 - [TEST_STEP][PASSED] - click(findTestObject("FSM1/Control Centre/Create EMI Inspection New/Page_JM Control Centre/div_v-filterselect-button_1")): Object: 'Object Repository/FSM1/Control Centre/Create EMI Inspection New/Page_JM Control Centre/div_v-filterselect-button_1' is clicked on

2018-11-29 19:51:21 - [MESSAGE][PASSED] - Object: 'Object Repository/FSM1/Control Centre/Create EMI Inspection New/Page_JM Control Centre/div_v-filterselect-button_1' is clicked on

2018-11-29 19:51:21 - [TEST_STEP][PASSED] - click(findTestObject("FSM1/Control Centre/Create EMI Inspection New/Page_JM Control Centre/span_24 Hours")): Object: 'Object Repository/FSM1/Control Centre/Create EMI Inspection New/Page_JM Control Centre/span_24 Hours' is clicked on

2018-11-29 19:51:21 - [MESSAGE][PASSED] - Object: 'Object Repository/FSM1/Control Centre/Create EMI Inspection New/Page_JM Control Centre/span_24 Hours' is clicked on

2018-11-29 19:51:21 - [TEST_STEP][PASSED] - click(findTestObject("FSM1/Control Centre/Create EMI Inspection New/Page_JM Control Centre/div_v-filterselect-button_2")): Object: 'Object Repository/FSM1/Control Centre/Create EMI Inspection New/Page_JM Control Centre/div_v-filterselect-button_2' is clicked on

2018-11-29 19:51:22 - [MESSAGE][PASSED] - Object: 'Object Repository/FSM1/Control Centre/Create EMI Inspection New/Page_JM Control Centre/div_v-filterselect-button_2' is clicked on

2018-11-29 19:51:22 - [TEST_STEP][PASSED] - click(findTestObject("FSM1/Control Centre/Create EMI Inspection New/Page_JM Control Centre/span_West")): Object: 'Object Repository/FSM1/Control Centre/Create EMI Inspection New/Page_JM Control Centre/span_West' is clicked on

2018-11-29 19:51:22 - [MESSAGE][PASSED] - Object: 'Object Repository/FSM1/Control Centre/Create EMI Inspection New/Page_JM Control Centre/span_West' is clicked on

2018-11-29 19:51:22 - [TEST_STEP][PASSED] - click(findTestObject("FSM1/Control Centre/Create EMI Inspection New/Page_JM Control Centre/div_v-filterselect-button_2")): Object: 'Object Repository/FSM1/Control Centre/Create EMI Inspection New/Page_JM Control Centre/div_v-filterselect-button_2' is clicked on

2018-11-29 19:51:22 - [MESSAGE][PASSED] - Object: 'Object Repository/FSM1/Control Centre/Create EMI Inspection New/Page_JM Control Centre/div_v-filterselect-button_2' is clicked on

2018-11-29 19:51:22 - [TEST_STEP][PASSED] - click(findTestObject("FSM1/Control Centre/Create EMI Inspection New/Page_JM Control Centre/span_EMI Routine")): Object: 'Object Repository/FSM1/Control Centre/Create EMI Inspection New/Page_JM Control Centre/span_EMI Routine' is clicked on

2018-11-29 19:51:23 - [MESSAGE][PASSED] - Object: 'Object Repository/FSM1/Control Centre/Create EMI Inspection New/Page_JM Control Centre/span_EMI Routine' is clicked on

2018-11-29 19:51:23 - [TEST_STEP][PASSED] - setText(findTestObject("FSM1/Control Centre/Create EMI Inspection New/Page_JM Control Centre/input_gwt-uid-34"), "Test Automation"): Text 'Test Automation' is set on object 'Object Repository/FSM1/Control Centre/Create EMI Inspection New/Page_JM Control Centre/input_gwt-uid-34'

2018-11-29 19:51:23 - [MESSAGE][PASSED] - Text 'Test Automation' is set on object 'Object Repository/FSM1/Control Centre/Create EMI Inspection New/Page_JM Control Centre/input_gwt-uid-34'

2018-11-29 19:51:23 - [TEST_STEP][PASSED] - setText(findTestObject("FSM1/Control Centre/Create EMI Inspection New/Page_JM Control Centre/input_gwt-uid-40"), RandomStringUtils.randomNumeric(5)): Text '70830' is set on object 'Object Repository/FSM1/Control Centre/Create EMI Inspection New/Page_JM Control Centre/input_gwt-uid-40'

2018-11-29 19:51:24 - [MESSAGE][PASSED] - Text '70830' is set on object 'Object Repository/FSM1/Control Centre/Create EMI Inspection New/Page_JM Control Centre/input_gwt-uid-40'

2018-11-29 19:51:24 - [TEST_STEP][PASSED] - setText(findTestObject("FSM1/Control Centre/Create EMI Inspection New/Page_JM Control Centre/input_gwt-uid-42"), RandomStringUtils.randomNumeric(5)): Text '83080' is set on object 'Object Repository/FSM1/Control Centre/Create EMI Inspection New/Page_JM Control Centre/input_gwt-uid-42'

2018-11-29 19:51:24 - [MESSAGE][PASSED] - Text '83080' is set on object 'Object Repository/FSM1/Control Centre/Create EMI Inspection New/Page_JM Control Centre/input_gwt-uid-42'

2018-11-29 19:51:24 - [TEST_STEP][PASSED] - click(findTestObject("FSM1/Control Centre/Create EMI Inspection New/Page_JM Control Centre/div_v-filterselect-button_2")): Object: 'Object Repository/FSM1/Control Centre/Create EMI Inspection New/Page_JM Control Centre/div_v-filterselect-button_2' is clicked on

2018-11-29 19:51:24 - [MESSAGE][PASSED] - Object: 'Object Repository/FSM1/Control Centre/Create EMI Inspection New/Page_JM Control Centre/div_v-filterselect-button_2' is clicked on

2018-11-29 19:51:25 - [TEST_STEP][PASSED] - click(findTestObject("FSM1/Control Centre/Create EMI Inspection New/Page_JM Control Centre/td_EGG PACKER")): Object: 'Object Repository/FSM1/Control Centre/Create EMI Inspection New/Page_JM Control Centre/td_EGG PACKER' is clicked on

2018-11-29 19:51:25 - [MESSAGE][PASSED] - Object: 'Object Repository/FSM1/Control Centre/Create EMI Inspection New/Page_JM Control Centre/td_EGG PACKER' is clicked on

2018-11-29 19:51:25 - [TEST_STEP][PASSED] - click(findTestObject("FSM1/Control Centre/Create EMI Inspection/Page_JM Control Centre/span_")): Object: 'Object Repository/FSM1/Control Centre/Create EMI Inspection/Page_JM Control Centre/span_' is clicked on

2018-11-29 19:51:25 - [MESSAGE][PASSED] - Object: 'Object Repository/FSM1/Control Centre/Create EMI Inspection/Page_JM Control Centre/span_' is clicked on

2018-11-29 19:51:25 - [TEST_STEP][PASSED] - click(findTestObject("FSM1/Control Centre/Create EMI Inspection/Address Search/Page_JM Control Centre/Postcode Search")): Object: 'Object Repository/FSM1/Control Centre/Create EMI Inspection/Address Search/Page_JM Control Centre/Postcode Search' is clicked on

2018-11-29 19:51:27 - [MESSAGE][PASSED] - Object: 'Object Repository/FSM1/Control Centre/Create EMI Inspection/Address Search/Page_JM Control Centre/Postcode Search' is clicked on

2018-11-29 19:51:27 - [TEST_STEP][PASSED] - setText(findTestObject("FSM1/PreProd/Page_JM Control Centre/PostcodeSearch"), findTestData("Pre Production/EMI/EMI Inspection Data").getValue(1, 1)): Text 'WR5 2NQ' is set on object 'Object Repository/FSM1/PreProd/Page_JM Control Centre/PostcodeSearch'

2018-11-29 19:51:27 - [MESSAGE][PASSED] - Text 'WR5 2NQ' is set on object 'Object Repository/FSM1/PreProd/Page_JM Control Centre/PostcodeSearch'

2018-11-29 19:51:27 - [TEST_STEP][PASSED] - click(findTestObject("FSM1/Control Centre/Create EMI Inspection/Create Address/Page_JM Control Centre (1)/SearchButton")): Object: 'Object Repository/FSM1/Control Centre/Create EMI Inspection/Create Address/Page_JM Control Centre (1)/SearchButton' is clicked on

2018-11-29 19:51:28 - [MESSAGE][PASSED] - Object: 'Object Repository/FSM1/Control Centre/Create EMI Inspection/Create Address/Page_JM Control Centre (1)/SearchButton' is clicked on

2018-11-29 19:51:28 - [TEST_STEP][PASSED] - FullAddress = modifyObjectProperty(findTestObject("FSM1/Control Centre/Create EMI Inspection/Page_JM Control Centre/Address"), "text", "equals", findTestData("Pre Production/EMI/EMI Inspection Data").getValue(2, 1), true): Modify property of object successfully

2018-11-29 19:51:28 - [MESSAGE][PASSED] - Modify property of object successfully

2018-11-29 19:51:28 - [TEST_STEP][PASSED] - click(FullAddress, STOP_ON_FAILURE): Object: 'Object Repository/FSM1/Control Centre/Create EMI Inspection/Page_JM Control Centre/Address' is clicked on

2018-11-29 19:51:29 - [MESSAGE][PASSED] - Object: 'Object Repository/FSM1/Control Centre/Create EMI Inspection/Page_JM Control Centre/Address' is clicked on

2018-11-29 19:51:29 - [TEST_STEP][PASSED] - click(findTestObject("FSM1/Control Centre/Create EMI Inspection/Create Address/Page_JM Control Centre (2)/div_Add Selected Item")): Object: 'Object Repository/FSM1/Control Centre/Create EMI Inspection/Create Address/Page_JM Control Centre (2)/div_Add Selected Item' is clicked on

2018-11-29 19:51:29 - [MESSAGE][PASSED] - Object: 'Object Repository/FSM1/Control Centre/Create EMI Inspection/Create Address/Page_JM Control Centre (2)/div_Add Selected Item' is clicked on

2018-11-29 19:51:29 - [TEST_STEP][PASSED] - delay(2): Delayed 2 second(s)

2018-11-29 19:51:31 - [MESSAGE][PASSED] - Delayed 2 second(s)

2018-11-29 19:51:31 - [TEST_STEP][PASSED] - setText(findTestObject("FSM1/Control Centre/Create EMI Inspection/FixedResource/Page_JM Control Centre (3)/input_gwt-uid-145"), "test"): Text 'test' is set on object 'Object Repository/FSM1/Control Centre/Create EMI Inspection/FixedResource/Page_JM Control Centre (3)/input_gwt-uid-145'

2018-11-29 19:51:32 - [MESSAGE][PASSED] - Text 'test' is set on object 'Object Repository/FSM1/Control Centre/Create EMI Inspection/FixedResource/Page_JM Control Centre (3)/input_gwt-uid-145'

2018-11-29 19:51:32 - [TEST_STEP][PASSED] - click(findTestObject("FSM1/Control Centre/Create EMI Inspection New/Page_JM Control Centre/span_Test Inspector")): Object: 'Object Repository/FSM1/Control Centre/Create EMI Inspection New/Page_JM Control Centre/span_Test Inspector' is clicked on

2018-11-29 19:51:32 - [MESSAGE][PASSED] - Object: 'Object Repository/FSM1/Control Centre/Create EMI Inspection New/Page_JM Control Centre/span_Test Inspector' is clicked on

2018-11-29 19:51:32 - [TEST_STEP][PASSED] - click(findTestObject("FSM1/Control Centre/Create EMI Inspection/Finish/Page_JM Control Centre (3)/div_Create")): Object: 'Object Repository/FSM1/Control Centre/Create EMI Inspection/Finish/Page_JM Control Centre (3)/div_Create' is clicked on

2018-11-29 19:51:32 - [MESSAGE][PASSED] - Object: 'Object Repository/FSM1/Control Centre/Create EMI Inspection/Finish/Page_JM Control Centre (3)/div_Create' is clicked on

2018-11-29 19:51:32 - [TEST_STEP][PASSED] - waitForElementPresent(findTestObject("FSM1/Control Centre/Status/Page_JM Control Centre/div_PLANNED DYNAMIC"), 120, STOP_ON_FAILURE): Object 'Object Repository/FSM1/Control Centre/Status/Page_JM Control Centre/div_PLANNED DYNAMIC' is present

2018-11-29 19:52:07 - [MESSAGE][PASSED] - Object 'Object Repository/FSM1/Control Centre/Status/Page_JM Control Centre/div_PLANNED DYNAMIC' is present

2018-11-29 19:52:07 - [TEST_STEP][PASSED] - InspectionID = getText(findTestObject("FSM1/Control Centre/Create EMI Inspection/InspectionID/Page_JM Control Centre/InspectionID")): Text of object 'Object Repository/FSM1/Control Centre/Create EMI Inspection/InspectionID/Page_JM Control Centre/InspectionID' is: 'Viewing Job 94202'

2018-11-29 19:52:08 - [MESSAGE][PASSED] - Text of object 'Object Repository/FSM1/Control Centre/Create EMI Inspection/InspectionID/Page_JM Control Centre/InspectionID' is: 'Viewing Job 94202'

2018-11-29 19:52:08 - [TEST_STEP][PASSED] - InspectionID = InspectionID.replaceAll("Viewing Job ", ""): null

2018-11-29 19:52:08 - [TEST_STEP][PASSED] - log.logWarning(InspectionID): 94202

2018-11-29 19:52:08 - [MESSAGE][WARNING] - 94202

2018-11-29 19:52:08 - [TEST_STEP][PASSED] - temp = InspectionID: null

2018-11-29 19:52:08 - [TEST_STEP][PASSED] - delay(200): Delayed 200 second(s)

2018-11-29 19:55:28 - [MESSAGE][PASSED] - Delayed 200 second(s)]]></system-out>
         <system-err><![CDATA[]]></system-err>
      </testcase>
      <testcase name="Test Cases/Generic/Launch Job Manager" classname="Test Cases/Generic/Launch Job Manager" status="PASSED">
         <system-out><![CDATA[2018-11-29 19:55:28 - [TEST_CASE][PASSED] - Test Cases/Generic/Launch Job Manager: Test Cases/Generic/Launch Job Manager

2018-11-29 19:55:28 - [TEST_STEP][PASSED] - openBrowser(""): Browser is opened with url: ''

2018-11-29 19:55:28 - [MESSAGE][WARNING] - A browser is already opened. Closing browser and opening a new one

2018-11-29 19:55:29 - [MESSAGE][INFO] - Starting 'Chrome' driver

2018-11-29 19:55:32 - [MESSAGE][PASSED] - Browser is opened with url: ''

2018-11-29 19:55:32 - [TEST_STEP][PASSED] - navigateToUrl(JMURL): Navigate to 'https://kirona-def-11.kirona.com/jmtrain/jclient/jclient.html' successfully

2018-11-29 19:55:33 - [MESSAGE][PASSED] - Navigate to 'https://kirona-def-11.kirona.com/jmtrain/jclient/jclient.html' successfully

2018-11-29 19:55:33 - [TEST_STEP][PASSED] - setText(findTestObject("FSM1/Launch Application/Page_JClient/input_gwt-TextBox GKH2EKQBMDB"), "KIR1"): Text 'KIR1' is set on object 'Object Repository/FSM1/Launch Application/Page_JClient/input_gwt-TextBox GKH2EKQBMDB'

2018-11-29 19:55:35 - [MESSAGE][PASSED] - Text 'KIR1' is set on object 'Object Repository/FSM1/Launch Application/Page_JClient/input_gwt-TextBox GKH2EKQBMDB'

2018-11-29 19:55:35 - [TEST_STEP][PASSED] - sendKeys(findTestObject("FSM1/Launch Application/Page_JClient/input_gwt-TextBox GKH2EKQBMDB"), Keys.chord(ENTER)): Keys 'ENTER + ' sent to object: 'Object Repository/FSM1/Launch Application/Page_JClient/input_gwt-TextBox GKH2EKQBMDB'

2018-11-29 19:55:35 - [MESSAGE][PASSED] - Keys 'ENTER + ' sent to object: 'Object Repository/FSM1/Launch Application/Page_JClient/input_gwt-TextBox GKH2EKQBMDB'

2018-11-29 19:55:35 - [TEST_STEP][PASSED] - click(findTestObject("FSM1/Launch Application/Page_JClient/div_Configure App")): Object: 'Object Repository/FSM1/Launch Application/Page_JClient/div_Configure App' is clicked on

2018-11-29 19:55:35 - [MESSAGE][PASSED] - Object: 'Object Repository/FSM1/Launch Application/Page_JClient/div_Configure App' is clicked on

2018-11-29 19:55:35 - [TEST_STEP][PASSED] - setText(findTestObject("FSM1/Launch Application/Page_JClient/input_gwt-TextBox GKH2EKQBNHC"), findTestData("Pre Production/Environmental/UandP").getValue(3, 1)): Text 'test.inspector' is set on object 'Object Repository/FSM1/Launch Application/Page_JClient/input_gwt-TextBox GKH2EKQBNHC'

2018-11-29 19:55:36 - [MESSAGE][PASSED] - Text 'test.inspector' is set on object 'Object Repository/FSM1/Launch Application/Page_JClient/input_gwt-TextBox GKH2EKQBNHC'

2018-11-29 19:55:36 - [TEST_STEP][PASSED] - setText(findTestObject("FSM1/Launch Application/Page_JClient/input_gwt-PasswordTextBox GKH2"), findTestData("Pre Production/Environmental/UandP").getValue(4, 1)): Text 'Password1.' is set on object 'Object Repository/FSM1/Launch Application/Page_JClient/input_gwt-PasswordTextBox GKH2'

2018-11-29 19:55:37 - [MESSAGE][PASSED] - Text 'Password1.' is set on object 'Object Repository/FSM1/Launch Application/Page_JClient/input_gwt-PasswordTextBox GKH2'

2018-11-29 19:55:37 - [TEST_STEP][PASSED] - click(findTestObject("FSM1/Launch Application/Page_JClient/div_Sign In")): Object: 'Object Repository/FSM1/Launch Application/Page_JClient/div_Sign In' is clicked on

2018-11-29 19:55:37 - [MESSAGE][PASSED] - Object: 'Object Repository/FSM1/Launch Application/Page_JClient/div_Sign In' is clicked on

2018-11-29 19:55:37 - [TEST_STEP][PASSED] - delay(15): Delayed 15 second(s)

2018-11-29 19:55:52 - [MESSAGE][PASSED] - Delayed 15 second(s)]]></system-out>
         <system-err><![CDATA[]]></system-err>
      </testcase>
      <testcase name="Test Cases/Generic/Select Inspection" classname="Test Cases/Generic/Select Inspection" status="PASSED">
         <system-out><![CDATA[2018-11-29 19:55:52 - [TEST_CASE][PASSED] - Test Cases/Generic/Select Inspection: Test Cases/Generic/Select Inspection

2018-11-29 19:55:52 - [TEST_STEP][PASSED] - delay(30): Delayed 30 second(s)

2018-11-29 19:56:22 - [MESSAGE][PASSED] - Delayed 30 second(s)

2018-11-29 19:56:22 - [TEST_STEP][PASSED] - waitForElementClickable(findTestObject("FSM1/Select Inspection/Landing/Refresh"), 250): Object 'Object Repository/FSM1/Select Inspection/Landing/Refresh' is clickable

2018-11-29 19:56:23 - [MESSAGE][PASSED] - Object 'Object Repository/FSM1/Select Inspection/Landing/Refresh' is clickable

2018-11-29 19:56:23 - [TEST_STEP][PASSED] - click(findTestObject("FSM1/Select Inspection/Landing/Refresh")): Object: 'Object Repository/FSM1/Select Inspection/Landing/Refresh' is clicked on

2018-11-29 19:56:23 - [MESSAGE][PASSED] - Object: 'Object Repository/FSM1/Select Inspection/Landing/Refresh' is clicked on

2018-11-29 19:56:23 - [TEST_STEP][PASSED] - waitForElementClickable(findTestObject("FSM1/Select Inspection/Landing/Refresh"), 250): Object 'Object Repository/FSM1/Select Inspection/Landing/Refresh' is clickable

2018-11-29 19:56:24 - [MESSAGE][PASSED] - Object 'Object Repository/FSM1/Select Inspection/Landing/Refresh' is clickable

2018-11-29 19:56:24 - [TEST_STEP][NOT_RUN] - delay(180): NOT_RUN: delay(180)

2018-11-29 19:56:24 - [MESSAGE][NOT_RUN] - NOT_RUN: delay(180)

2018-11-29 19:56:24 - [TEST_STEP][PASSED] - InspectionRef = modifyObjectProperty(findTestObject("FSM1/Select Inspection/Landing/Page_JClient/div_35098"), "text", "equals", temp, true, STOP_ON_FAILURE): Modify property of object successfully

2018-11-29 19:56:24 - [MESSAGE][PASSED] - Modify property of object successfully

2018-11-29 19:56:24 - [TEST_STEP][PASSED] - delay(20): Delayed 20 second(s)

2018-11-29 19:56:44 - [MESSAGE][PASSED] - Delayed 20 second(s)

2018-11-29 19:56:44 - [TEST_STEP][PASSED] - if (verifyElementPresent(InspectionRef, 30, OPTIONAL)): com.kms.katalon.core.webui.exception.WebElementNotFoundException: Web element with id: 'Object Repository/FSM1/Select Inspection/Landing/Page_JClient/div_35098' located by 'By.xpath: //div[(text() = '94202' or . = '94202')]' not found

2018-11-29 19:57:15 - [MESSAGE][INFO] - Unable to find the element located by 'By.xpath: //div[(text() = '94202' or . = '94202')]'. Please recheck the objects properties to make sure the desired element is located. 

2018-11-29 19:57:15 - [MESSAGE][WARNING] - com.kms.katalon.core.webui.exception.WebElementNotFoundException: Web element with id: 'Object Repository/FSM1/Select Inspection/Landing/Page_JClient/div_35098' located by 'By.xpath: //div[(text() = '94202' or . = '94202')]' not found
[[ATTACHMENT|C:\\Users\\JHATFIELD\\git\\DEFRA-FSM_Automated_Regression_NEW\\Reports\\EMI\\EMI Regression - Producer\\20181129_194148\\1543521435262.png]]

2018-11-29 19:57:15 - [TEST_STEP][PASSED] - else: Object: 'Object Repository/FSM1/Select Inspection/Landing/Page_JClient/div_35098' is clicked on

2018-11-29 19:57:15 - [TEST_STEP][PASSED] - click(findTestObject("Object Repository/FSM1/Select Inspection/Landing/Page_JClient (1)/2 Days")): Object: 'Object Repository/FSM1/Select Inspection/Landing/Page_JClient (1)/2 Days' is clicked on

2018-11-29 19:57:16 - [MESSAGE][PASSED] - Object: 'Object Repository/FSM1/Select Inspection/Landing/Page_JClient (1)/2 Days' is clicked on

2018-11-29 19:57:16 - [TEST_STEP][PASSED] - delay(3): Delayed 3 second(s)

2018-11-29 19:57:19 - [MESSAGE][PASSED] - Delayed 3 second(s)

2018-11-29 19:57:19 - [TEST_STEP][PASSED] - click(InspectionRef): Object: 'Object Repository/FSM1/Select Inspection/Landing/Page_JClient/div_35098' is clicked on

2018-11-29 19:57:19 - [MESSAGE][PASSED] - Object: 'Object Repository/FSM1/Select Inspection/Landing/Page_JClient/div_35098' is clicked on

2018-11-29 19:57:19 - [TEST_STEP][PASSED] - click(findTestObject("FSM1/Select Inspection/Page_JClient/div_WITH OPERATIVE")): Object: 'Object Repository/FSM1/Select Inspection/Page_JClient/div_WITH OPERATIVE' is clicked on

2018-11-29 19:57:20 - [MESSAGE][PASSED] - Object: 'Object Repository/FSM1/Select Inspection/Page_JClient/div_WITH OPERATIVE' is clicked on

2018-11-29 19:57:20 - [TEST_STEP][PASSED] - delay(2): Delayed 2 second(s)

2018-11-29 19:57:22 - [MESSAGE][PASSED] - Delayed 2 second(s)

2018-11-29 19:57:22 - [TEST_STEP][PASSED] - click(findTestObject("FSM1/Select Inspection/Page_JClient/div_TRAVELLING")): Object: 'Object Repository/FSM1/Select Inspection/Page_JClient/div_TRAVELLING' is clicked on

2018-11-29 19:57:22 - [MESSAGE][PASSED] - Object: 'Object Repository/FSM1/Select Inspection/Page_JClient/div_TRAVELLING' is clicked on

2018-11-29 19:57:22 - [TEST_STEP][PASSED] - delay(2): Delayed 2 second(s)

2018-11-29 19:57:24 - [MESSAGE][PASSED] - Delayed 2 second(s)

2018-11-29 19:57:24 - [TEST_STEP][PASSED] - click(findTestObject("FSM1/Select Inspection/Page_JClient/div_TRAVELLING")): Object: 'Object Repository/FSM1/Select Inspection/Page_JClient/div_TRAVELLING' is clicked on

2018-11-29 19:57:24 - [MESSAGE][PASSED] - Object: 'Object Repository/FSM1/Select Inspection/Page_JClient/div_TRAVELLING' is clicked on

2018-11-29 19:57:24 - [TEST_STEP][PASSED] - delay(2): Delayed 2 second(s)

2018-11-29 19:57:26 - [MESSAGE][PASSED] - Delayed 2 second(s)

2018-11-29 19:57:26 - [TEST_STEP][PASSED] - click(findTestObject("FSM1/Select Inspection/Page_JClient/div_ARRIVED")): Object: 'Object Repository/FSM1/Select Inspection/Page_JClient/div_ARRIVED' is clicked on

2018-11-29 19:57:26 - [MESSAGE][PASSED] - Object: 'Object Repository/FSM1/Select Inspection/Page_JClient/div_ARRIVED' is clicked on

2018-11-29 19:57:26 - [TEST_STEP][PASSED] - delay(2): Delayed 2 second(s)

2018-11-29 19:57:28 - [MESSAGE][PASSED] - Delayed 2 second(s)

2018-11-29 19:57:28 - [TEST_STEP][PASSED] - click(findTestObject("FSM1/Select Inspection/Page_JClient/div_ARRIVED")): Object: 'Object Repository/FSM1/Select Inspection/Page_JClient/div_ARRIVED' is clicked on

2018-11-29 19:57:28 - [MESSAGE][PASSED] - Object: 'Object Repository/FSM1/Select Inspection/Page_JClient/div_ARRIVED' is clicked on

2018-11-29 19:57:28 - [TEST_STEP][PASSED] - delay(4): Delayed 4 second(s)

2018-11-29 19:57:32 - [MESSAGE][PASSED] - Delayed 4 second(s)

2018-11-29 19:57:32 - [TEST_STEP][PASSED] - click(findTestObject("FSM1/Select Inspection/Page_JClient/div_STARTED")): Object: 'Object Repository/FSM1/Select Inspection/Page_JClient/div_STARTED' is clicked on

2018-11-29 19:57:32 - [MESSAGE][PASSED] - Object: 'Object Repository/FSM1/Select Inspection/Page_JClient/div_STARTED' is clicked on

2018-11-29 19:57:32 - [TEST_STEP][PASSED] - delay(2): Delayed 2 second(s)

2018-11-29 19:57:34 - [MESSAGE][PASSED] - Delayed 2 second(s)]]></system-out>
         <system-err><![CDATA[]]></system-err>
      </testcase>
      <testcase name="Test Cases/EMI/Complete EMI Inspection - Edit Attributes" classname="Test Cases/EMI/Complete EMI Inspection - Edit Attributes" status="PASSED">
         <system-out><![CDATA[2018-11-29 19:57:34 - [TEST_CASE][PASSED] - Test Cases/EMI/Complete EMI Inspection - Edit Attributes: Test Cases/EMI/Complete EMI Inspection - Edit Attributes

2018-11-29 19:57:35 - [TEST_STEP][PASSED] - log = new com.kms.katalon.core.logging.KeywordLogger(): null

2018-11-29 19:57:35 - [TEST_STEP][PASSED] - click(findTestObject("FSM1/Select Inspection/Landing/Page_JClient (2)/div_Edit attributes")): Object: 'Object Repository/FSM1/Select Inspection/Landing/Page_JClient (2)/div_Edit attributes' is clicked on

2018-11-29 19:57:35 - [MESSAGE][PASSED] - Object: 'Object Repository/FSM1/Select Inspection/Landing/Page_JClient (2)/div_Edit attributes' is clicked on

2018-11-29 19:57:35 - [TEST_STEP][PASSED] - delay(2): Delayed 2 second(s)

2018-11-29 19:57:37 - [MESSAGE][PASSED] - Delayed 2 second(s)

2018-11-29 19:57:37 - [TEST_STEP][PASSED] - verifyElementPresent(findTestObject("FSM1/Complete Egg Inspection/Page_JClient/div_Mr Automation"), 0, CONTINUE_ON_FAILURE): Object 'Object Repository/FSM1/Complete Egg Inspection/Page_JClient/div_Mr Automation' is present

2018-11-29 19:57:37 - [MESSAGE][WARNING] - Timeout '0' is invalid. Using default page load timeout: '30'

2018-11-29 19:57:38 - [MESSAGE][PASSED] - Object 'Object Repository/FSM1/Complete Egg Inspection/Page_JClient/div_Mr Automation' is present

2018-11-29 19:57:38 - [TEST_STEP][PASSED] - click(findTestObject("FSM1/Complete Egg Inspection/Page_JClient/div_Business TypeAUCTION MARKE"), CONTINUE_ON_FAILURE): Object: 'Object Repository/FSM1/Complete Egg Inspection/Page_JClient/div_Business TypeAUCTION MARKE' is clicked on

2018-11-29 19:57:38 - [MESSAGE][PASSED] - Object: 'Object Repository/FSM1/Complete Egg Inspection/Page_JClient/div_Business TypeAUCTION MARKE' is clicked on

2018-11-29 19:57:38 - [TEST_STEP][NOT_RUN] - click(findTestObject("FSM1/Complete Egg Inspection/Page_JClient/div_Job TypeEMI InspectionJob"), CONTINUE_ON_FAILURE): NOT_RUN: click(findTestObject("FSM1/Complete Egg Inspection/Page_JClient/div_Job TypeEMI InspectionJob"), CONTINUE_ON_FAILURE)

2018-11-29 19:57:38 - [MESSAGE][NOT_RUN] - NOT_RUN: click(findTestObject("FSM1/Complete Egg Inspection/Page_JClient/div_Job TypeEMI InspectionJob"), CONTINUE_ON_FAILURE)

2018-11-29 19:57:38 - [TEST_STEP][PASSED] - setText(findTestObject("FSM1/Complete Egg Inspection/Page_JClient/input_gwt-TextBox GKH2EKQBOHC (1)"), "99/888/7777", CONTINUE_ON_FAILURE): Text '99/888/7777' is set on object 'Object Repository/FSM1/Complete Egg Inspection/Page_JClient/input_gwt-TextBox GKH2EKQBOHC (1)'

2018-11-29 19:57:38 - [MESSAGE][PASSED] - Text '99/888/7777' is set on object 'Object Repository/FSM1/Complete Egg Inspection/Page_JClient/input_gwt-TextBox GKH2EKQBOHC (1)'

2018-11-29 19:57:38 - [TEST_STEP][PASSED] - delay(3): Delayed 3 second(s)

2018-11-29 19:57:41 - [MESSAGE][PASSED] - Delayed 3 second(s)

2018-11-29 19:57:41 - [TEST_STEP][NOT_RUN] - check(findTestObject("Object Repository/FSM1/Select Inspection/Landing/Page_JClient (5)/UpdateDetails")): NOT_RUN: check(findTestObject("Object Repository/FSM1/Select Inspection/Landing/Page_JClient (5)/UpdateDetails"))

2018-11-29 19:57:41 - [MESSAGE][NOT_RUN] - NOT_RUN: check(findTestObject("Object Repository/FSM1/Select Inspection/Landing/Page_JClient (5)/UpdateDetails"))

2018-11-29 19:57:41 - [TEST_STEP][NOT_RUN] - setText(findTestObject("FSM1/Complete Egg Inspection/Page_JClient/input_gwt-TextBox GKH2EKQBOHC (1)"), "automation@eggs.com"): NOT_RUN: setText(findTestObject("FSM1/Complete Egg Inspection/Page_JClient/input_gwt-TextBox GKH2EKQBOHC (1)"), "automation@eggs.com")

2018-11-29 19:57:41 - [MESSAGE][NOT_RUN] - NOT_RUN: setText(findTestObject("FSM1/Complete Egg Inspection/Page_JClient/input_gwt-TextBox GKH2EKQBOHC (1)"), "automation@eggs.com")

2018-11-29 19:57:41 - [TEST_STEP][NOT_RUN] - setText(findTestObject("FSM1/Complete Egg Inspection/Page_JClient/textarea_gwt-TextArea GKH2EKQB"), "Automation Street
"): NOT_RUN: setText(findTestObject("FSM1/Complete Egg Inspection/Page_JClient/textarea_gwt-TextArea GKH2EKQB"), "Automation Street
")

2018-11-29 19:57:41 - [MESSAGE][NOT_RUN] - NOT_RUN: setText(findTestObject("FSM1/Complete Egg Inspection/Page_JClient/textarea_gwt-TextArea GKH2EKQB"), "Automation Street
")

2018-11-29 19:57:41 - [TEST_STEP][NOT_RUN] - sendKeys(findTestObject("FSM1/Complete Egg Inspection/Page_JClient/textarea_gwt-TextArea GKH2EKQB"), Keys.chord(ENTER)): NOT_RUN: sendKeys(findTestObject("FSM1/Complete Egg Inspection/Page_JClient/textarea_gwt-TextArea GKH2EKQB"), Keys.chord(ENTER))

2018-11-29 19:57:41 - [MESSAGE][NOT_RUN] - NOT_RUN: sendKeys(findTestObject("FSM1/Complete Egg Inspection/Page_JClient/textarea_gwt-TextArea GKH2EKQB"), Keys.chord(ENTER))

2018-11-29 19:57:41 - [TEST_STEP][NOT_RUN] - setText(findTestObject("FSM1/Complete Egg Inspection/Page_JClient/textarea_gwt-TextArea GKH2EKQB"), "Automation Street
Automation "): NOT_RUN: setText(findTestObject("FSM1/Complete Egg Inspection/Page_JClient/textarea_gwt-TextArea GKH2EKQB"), "Automation Street
Automation ")

2018-11-29 19:57:41 - [MESSAGE][NOT_RUN] - NOT_RUN: setText(findTestObject("FSM1/Complete Egg Inspection/Page_JClient/textarea_gwt-TextArea GKH2EKQB"), "Automation Street
Automation ")

2018-11-29 19:57:41 - [TEST_STEP][PASSED] - setText(findTestObject("FSM1/Complete Egg Inspection/Edit Job Details/Page_JClient/TradingName"), "Egg Automation"): Text 'Egg Automation' is set on object 'Object Repository/FSM1/Complete Egg Inspection/Edit Job Details/Page_JClient/TradingName'

2018-11-29 19:57:41 - [MESSAGE][PASSED] - Text 'Egg Automation' is set on object 'Object Repository/FSM1/Complete Egg Inspection/Edit Job Details/Page_JClient/TradingName'

2018-11-29 19:57:41 - [TEST_STEP][PASSED] - click(findTestObject("FSM1/Complete Egg Inspection/Edit Job Details/Page_JClient (6)/EggThroughput")): Object: 'Object Repository/FSM1/Complete Egg Inspection/Edit Job Details/Page_JClient (6)/EggThroughput' is clicked on

2018-11-29 19:57:42 - [MESSAGE][PASSED] - Object: 'Object Repository/FSM1/Complete Egg Inspection/Edit Job Details/Page_JClient (6)/EggThroughput' is clicked on

2018-11-29 19:57:42 - [TEST_STEP][PASSED] - delay(2): Delayed 2 second(s)

2018-11-29 19:57:44 - [MESSAGE][PASSED] - Delayed 2 second(s)

2018-11-29 19:57:44 - [TEST_STEP][PASSED] - setText(findTestObject("FSM1/Complete Egg Inspection/EggThroughput/Page_JClient/input_gwt-DoubleBox GKH2EKQBOH"), "100"): Text '100' is set on object 'Object Repository/FSM1/Complete Egg Inspection/EggThroughput/Page_JClient/input_gwt-DoubleBox GKH2EKQBOH'

2018-11-29 19:57:44 - [MESSAGE][PASSED] - Text '100' is set on object 'Object Repository/FSM1/Complete Egg Inspection/EggThroughput/Page_JClient/input_gwt-DoubleBox GKH2EKQBOH'

2018-11-29 19:57:44 - [TEST_STEP][PASSED] - setText(findTestObject("FSM1/Complete Egg Inspection/Edit Job Details/Page_JClient (2)/PackerRegularFreeRange"), "90"): Text '90' is set on object 'Object Repository/FSM1/Complete Egg Inspection/Edit Job Details/Page_JClient (2)/PackerRegularFreeRange'

2018-11-29 19:57:44 - [MESSAGE][PASSED] - Text '90' is set on object 'Object Repository/FSM1/Complete Egg Inspection/Edit Job Details/Page_JClient (2)/PackerRegularFreeRange'

2018-11-29 19:57:44 - [TEST_STEP][PASSED] - setText(findTestObject("FSM1/Complete Egg Inspection/Edit Job Details/Page_JClient (2)/PackerRegularBarn"), "80"): Text '80' is set on object 'Object Repository/FSM1/Complete Egg Inspection/Edit Job Details/Page_JClient (2)/PackerRegularBarn'

2018-11-29 19:57:44 - [MESSAGE][PASSED] - Text '80' is set on object 'Object Repository/FSM1/Complete Egg Inspection/Edit Job Details/Page_JClient (2)/PackerRegularBarn'

2018-11-29 19:57:44 - [TEST_STEP][PASSED] - setText(findTestObject("FSM1/Complete Egg Inspection/Edit Job Details/Page_JClient (2)/PackerRegularCageEnriched"), "70"): Text '70' is set on object 'Object Repository/FSM1/Complete Egg Inspection/Edit Job Details/Page_JClient (2)/PackerRegularCageEnriched'

2018-11-29 19:57:44 - [MESSAGE][PASSED] - Text '70' is set on object 'Object Repository/FSM1/Complete Egg Inspection/Edit Job Details/Page_JClient (2)/PackerRegularCageEnriched'

2018-11-29 19:57:44 - [TEST_STEP][PASSED] - setText(findTestObject("FSM1/Complete Egg Inspection/Edit Job Details/Page_JClient (2)/PackerImporterOrganic"), "60"): Text '60' is set on object 'Object Repository/FSM1/Complete Egg Inspection/Edit Job Details/Page_JClient (2)/PackerImporterOrganic'

2018-11-29 19:57:45 - [MESSAGE][PASSED] - Text '60' is set on object 'Object Repository/FSM1/Complete Egg Inspection/Edit Job Details/Page_JClient (2)/PackerImporterOrganic'

2018-11-29 19:57:45 - [TEST_STEP][PASSED] - setText(findTestObject("FSM1/Complete Egg Inspection/Edit Job Details/Page_JClient (2)/PackerImporterFreeRange"), "70"): Text '70' is set on object 'Object Repository/FSM1/Complete Egg Inspection/Edit Job Details/Page_JClient (2)/PackerImporterFreeRange'

2018-11-29 19:57:45 - [MESSAGE][PASSED] - Text '70' is set on object 'Object Repository/FSM1/Complete Egg Inspection/Edit Job Details/Page_JClient (2)/PackerImporterFreeRange'

2018-11-29 19:57:45 - [TEST_STEP][PASSED] - setText(findTestObject("FSM1/Complete Egg Inspection/Edit Job Details/Page_JClient (2)/PackerImporterBarn"), "50"): Text '50' is set on object 'Object Repository/FSM1/Complete Egg Inspection/Edit Job Details/Page_JClient (2)/PackerImporterBarn'

2018-11-29 19:57:45 - [MESSAGE][PASSED] - Text '50' is set on object 'Object Repository/FSM1/Complete Egg Inspection/Edit Job Details/Page_JClient (2)/PackerImporterBarn'

2018-11-29 19:57:45 - [TEST_STEP][PASSED] - setText(findTestObject("FSM1/Complete Egg Inspection/Edit Job Details/Page_JClient (2)/PackerImporterCageEnriched"), "50"): Text '50' is set on object 'Object Repository/FSM1/Complete Egg Inspection/Edit Job Details/Page_JClient (2)/PackerImporterCageEnriched'

2018-11-29 19:57:45 - [MESSAGE][PASSED] - Text '50' is set on object 'Object Repository/FSM1/Complete Egg Inspection/Edit Job Details/Page_JClient (2)/PackerImporterCageEnriched'

2018-11-29 19:57:45 - [TEST_STEP][PASSED] - setText(findTestObject("FSM1/Complete Egg Inspection/Edit Job Details/Page_JClient (2)/ThroughputChangedUK"), "11"): Text '11' is set on object 'Object Repository/FSM1/Complete Egg Inspection/Edit Job Details/Page_JClient (2)/ThroughputChangedUK'

2018-11-29 19:57:46 - [MESSAGE][PASSED] - Text '11' is set on object 'Object Repository/FSM1/Complete Egg Inspection/Edit Job Details/Page_JClient (2)/ThroughputChangedUK'

2018-11-29 19:57:46 - [TEST_STEP][PASSED] - setText(findTestObject("FSM1/Complete Egg Inspection/Edit Job Details/Page_JClient (2)/ThroughputChangedImported"), "12"): Text '12' is set on object 'Object Repository/FSM1/Complete Egg Inspection/Edit Job Details/Page_JClient (2)/ThroughputChangedImported'

2018-11-29 19:57:46 - [MESSAGE][PASSED] - Text '12' is set on object 'Object Repository/FSM1/Complete Egg Inspection/Edit Job Details/Page_JClient (2)/ThroughputChangedImported'

2018-11-29 19:57:46 - [TEST_STEP][PASSED] - selectOptionByValue(findTestObject("FSM1/Complete Egg Inspection/Page_JClient/select_Compliance (Schedule  A"), "COMPLIANCE", true): All options with value 'COMPLIANCE' are selected in object 'Object Repository/FSM1/Complete Egg Inspection/Page_JClient/select_Compliance (Schedule  A'  using regular expression

2018-11-29 19:57:46 - [MESSAGE][PASSED] - All options with value 'COMPLIANCE' are selected in object 'Object Repository/FSM1/Complete Egg Inspection/Page_JClient/select_Compliance (Schedule  A'  using regular expression

2018-11-29 19:57:46 - [TEST_STEP][PASSED] - setText(findTestObject("FSM1/Complete Egg Inspection/Edit Job Details/Page_JClient (2)/WholeSalerRegularOrganic"), "9"): Text '9' is set on object 'Object Repository/FSM1/Complete Egg Inspection/Edit Job Details/Page_JClient (2)/WholeSalerRegularOrganic'

2018-11-29 19:57:46 - [MESSAGE][PASSED] - Text '9' is set on object 'Object Repository/FSM1/Complete Egg Inspection/Edit Job Details/Page_JClient (2)/WholeSalerRegularOrganic'

2018-11-29 19:57:46 - [TEST_STEP][PASSED] - setText(findTestObject("FSM1/Complete Egg Inspection/Edit Job Details/Page_JClient (2)/WholeSalerRegularFreeRange"), "8"): Text '8' is set on object 'Object Repository/FSM1/Complete Egg Inspection/Edit Job Details/Page_JClient (2)/WholeSalerRegularFreeRange'

2018-11-29 19:57:46 - [MESSAGE][PASSED] - Text '8' is set on object 'Object Repository/FSM1/Complete Egg Inspection/Edit Job Details/Page_JClient (2)/WholeSalerRegularFreeRange'

2018-11-29 19:57:46 - [TEST_STEP][PASSED] - setText(findTestObject("FSM1/Complete Egg Inspection/Edit Job Details/Page_JClient (2)/WholeSalerRegularBarn"), "7"): Text '7' is set on object 'Object Repository/FSM1/Complete Egg Inspection/Edit Job Details/Page_JClient (2)/WholeSalerRegularBarn'

2018-11-29 19:57:47 - [MESSAGE][PASSED] - Text '7' is set on object 'Object Repository/FSM1/Complete Egg Inspection/Edit Job Details/Page_JClient (2)/WholeSalerRegularBarn'

2018-11-29 19:57:47 - [TEST_STEP][PASSED] - click(findTestObject("FSM1/Complete Egg Inspection/Signatures/Page_JClient (1)/div_Signatures  Remarks")): Object: 'Object Repository/FSM1/Complete Egg Inspection/Signatures/Page_JClient (1)/div_Signatures  Remarks' is clicked on

2018-11-29 19:57:47 - [MESSAGE][PASSED] - Object: 'Object Repository/FSM1/Complete Egg Inspection/Signatures/Page_JClient (1)/div_Signatures  Remarks' is clicked on

2018-11-29 19:57:47 - [TEST_STEP][PASSED] - delay(2): Delayed 2 second(s)

2018-11-29 19:57:49 - [MESSAGE][PASSED] - Delayed 2 second(s)

2018-11-29 19:57:49 - [TEST_STEP][PASSED] - click(findTestObject("FSM1/Complete Egg Inspection/Signatures/Page_JClient (4)/InspectorSignature1")): Object: 'Object Repository/FSM1/Complete Egg Inspection/Signatures/Page_JClient (4)/InspectorSignature1' is clicked on

2018-11-29 19:57:49 - [MESSAGE][PASSED] - Object: 'Object Repository/FSM1/Complete Egg Inspection/Signatures/Page_JClient (4)/InspectorSignature1' is clicked on

2018-11-29 19:57:49 - [TEST_STEP][PASSED] - click(findTestObject("FSM1/Complete Egg Inspection/Signatures/Page_JClient (1)/div_My JobsLast updated 1518Da")): Object: 'Object Repository/FSM1/Complete Egg Inspection/Signatures/Page_JClient (1)/div_My JobsLast updated 1518Da' is clicked on

2018-11-29 19:57:50 - [MESSAGE][PASSED] - Object: 'Object Repository/FSM1/Complete Egg Inspection/Signatures/Page_JClient (1)/div_My JobsLast updated 1518Da' is clicked on

2018-11-29 19:57:50 - [TEST_STEP][PASSED] - delay(3): Delayed 3 second(s)

2018-11-29 19:57:53 - [MESSAGE][PASSED] - Delayed 3 second(s)

2018-11-29 19:57:53 - [TEST_STEP][PASSED] - click(findTestObject("FSM1/Complete Egg Inspection/Signatures/Page_JClient (3)/RecipientSignature")): Object: 'Object Repository/FSM1/Complete Egg Inspection/Signatures/Page_JClient (3)/RecipientSignature' is clicked on

2018-11-29 19:57:54 - [MESSAGE][PASSED] - Object: 'Object Repository/FSM1/Complete Egg Inspection/Signatures/Page_JClient (3)/RecipientSignature' is clicked on

2018-11-29 19:57:54 - [TEST_STEP][PASSED] - click(findTestObject("FSM1/Complete Egg Inspection/Signatures/Page_JClient (1)/div_My JobsLast updated 1518Da")): Object: 'Object Repository/FSM1/Complete Egg Inspection/Signatures/Page_JClient (1)/div_My JobsLast updated 1518Da' is clicked on

2018-11-29 19:57:55 - [MESSAGE][PASSED] - Object: 'Object Repository/FSM1/Complete Egg Inspection/Signatures/Page_JClient (1)/div_My JobsLast updated 1518Da' is clicked on

2018-11-29 19:57:55 - [TEST_STEP][PASSED] - delay(5): Delayed 5 second(s)

2018-11-29 19:58:00 - [MESSAGE][PASSED] - Delayed 5 second(s)

2018-11-29 19:58:00 - [TEST_STEP][PASSED] - setText(findTestObject("FSM1/Complete Egg Inspection/Signatures/Page_JClient (6)/RecipientName2"), "Test Automation", CONTINUE_ON_FAILURE): Text 'Test Automation' is set on object 'Object Repository/FSM1/Complete Egg Inspection/Signatures/Page_JClient (6)/RecipientName2'

2018-11-29 19:58:00 - [MESSAGE][PASSED] - Text 'Test Automation' is set on object 'Object Repository/FSM1/Complete Egg Inspection/Signatures/Page_JClient (6)/RecipientName2'

2018-11-29 19:58:00 - [TEST_STEP][PASSED] - click(findTestObject("FSM1/Complete Egg Inspection/Signatures/Page_JClient (8)/label_Business Owner"), CONTINUE_ON_FAILURE): Object: 'Object Repository/FSM1/Complete Egg Inspection/Signatures/Page_JClient (8)/label_Business Owner' is clicked on

2018-11-29 19:58:00 - [MESSAGE][PASSED] - Object: 'Object Repository/FSM1/Complete Egg Inspection/Signatures/Page_JClient (8)/label_Business Owner' is clicked on

2018-11-29 19:58:00 - [TEST_STEP][PASSED] - delay(2): Delayed 2 second(s)

2018-11-29 19:58:02 - [MESSAGE][PASSED] - Delayed 2 second(s)

2018-11-29 19:58:02 - [TEST_STEP][PASSED] - click(findTestObject("FSM1/Complete Egg Inspection/Signatures/Page_JClient (10)/Save")): Object: 'Object Repository/FSM1/Complete Egg Inspection/Signatures/Page_JClient (10)/Save' is clicked on

2018-11-29 19:58:02 - [MESSAGE][PASSED] - Object: 'Object Repository/FSM1/Complete Egg Inspection/Signatures/Page_JClient (10)/Save' is clicked on

2018-11-29 19:58:02 - [TEST_STEP][PASSED] - delay(3): Delayed 3 second(s)

2018-11-29 19:58:05 - [MESSAGE][PASSED] - Delayed 3 second(s)

2018-11-29 19:58:05 - [TEST_STEP][PASSED] - click(findTestObject("FSM1/Complete Egg Inspection/Edit Job Details/Page_JClient (7)/div_Save_edit_details")): Object: 'Object Repository/FSM1/Complete Egg Inspection/Edit Job Details/Page_JClient (7)/div_Save_edit_details' is clicked on

2018-11-29 19:58:05 - [MESSAGE][PASSED] - Object: 'Object Repository/FSM1/Complete Egg Inspection/Edit Job Details/Page_JClient (7)/div_Save_edit_details' is clicked on

2018-11-29 19:58:05 - [TEST_STEP][PASSED] - delay(2): Delayed 2 second(s)

2018-11-29 19:58:07 - [MESSAGE][PASSED] - Delayed 2 second(s)]]></system-out>
         <system-err><![CDATA[]]></system-err>
      </testcase>
      <testcase name="Test Cases/EMI/Complete EMI Inspection - Data Capture - Producers" classname="Test Cases/EMI/Complete EMI Inspection - Data Capture - Producers" status="PASSED">
         <system-out><![CDATA[2018-11-29 19:58:07 - [TEST_CASE][PASSED] - Test Cases/EMI/Complete EMI Inspection - Data Capture - Producers: Test Cases/EMI/Complete EMI Inspection - Data Capture - Producers

2018-11-29 19:58:08 - [TEST_STEP][PASSED] - click(findTestObject("Object Repository/FSM1/Complete Egg Inspection/Data Capture Producer/Page_JClient/Page_JClient/div_Data Capture")): Object: 'Object Repository/FSM1/Complete Egg Inspection/Data Capture Producer/Page_JClient/Page_JClient/div_Data Capture' is clicked on

2018-11-29 19:58:08 - [MESSAGE][PASSED] - Object: 'Object Repository/FSM1/Complete Egg Inspection/Data Capture Producer/Page_JClient/Page_JClient/div_Data Capture' is clicked on

2018-11-29 19:58:08 - [TEST_STEP][PASSED] - delay(2): Delayed 2 second(s)

2018-11-29 19:58:10 - [MESSAGE][PASSED] - Delayed 2 second(s)

2018-11-29 19:58:10 - [TEST_STEP][PASSED] - click(findTestObject("Object Repository/FSM1/Complete Egg Inspection/Data Capture Producer/Page_JClient/Page_JClient/div_Producer")): Object: 'Object Repository/FSM1/Complete Egg Inspection/Data Capture Producer/Page_JClient/Page_JClient/div_Producer' is clicked on

2018-11-29 19:58:10 - [MESSAGE][PASSED] - Object: 'Object Repository/FSM1/Complete Egg Inspection/Data Capture Producer/Page_JClient/Page_JClient/div_Producer' is clicked on

2018-11-29 19:58:10 - [TEST_STEP][PASSED] - delay(2): Delayed 2 second(s)

2018-11-29 19:58:12 - [MESSAGE][PASSED] - Delayed 2 second(s)

2018-11-29 19:58:12 - [TEST_STEP][PASSED] - click(findTestObject("Object Repository/FSM1/Complete Egg Inspection/Data Capture Producer/Page_JClient/Page_JClient/div_Create_GKH2EKQBDXB GKH2EKQ")): Object: 'Object Repository/FSM1/Complete Egg Inspection/Data Capture Producer/Page_JClient/Page_JClient/div_Create_GKH2EKQBDXB GKH2EKQ' is clicked on

2018-11-29 19:58:13 - [MESSAGE][PASSED] - Object: 'Object Repository/FSM1/Complete Egg Inspection/Data Capture Producer/Page_JClient/Page_JClient/div_Create_GKH2EKQBDXB GKH2EKQ' is clicked on

2018-11-29 19:58:13 - [TEST_STEP][PASSED] - delay(2): Delayed 2 second(s)

2018-11-29 19:58:15 - [MESSAGE][PASSED] - Delayed 2 second(s)

2018-11-29 19:58:15 - [TEST_STEP][PASSED] - setText(findTestObject("Object Repository/FSM1/Complete Egg Inspection/Data Capture Producer/Page_JClient/Page_JClient/input_Inspection Duration 1 (m"), ""): Text '' is set on object 'Object Repository/FSM1/Complete Egg Inspection/Data Capture Producer/Page_JClient/Page_JClient/input_Inspection Duration 1 (m'

2018-11-29 19:58:15 - [MESSAGE][PASSED] - Text '' is set on object 'Object Repository/FSM1/Complete Egg Inspection/Data Capture Producer/Page_JClient/Page_JClient/input_Inspection Duration 1 (m'

2018-11-29 19:58:15 - [TEST_STEP][PASSED] - selectOptionByValue(findTestObject("Object Repository/FSM1/Complete Egg Inspection/Data Capture Producer/Page_JClient/Page_JClient/select_ADLAORAPCAPLASDCATCCICS"), "ADL", true): All options with value 'ADL' are selected in object 'Object Repository/FSM1/Complete Egg Inspection/Data Capture Producer/Page_JClient/Page_JClient/select_ADLAORAPCAPLASDCATCCICS'  using regular expression

2018-11-29 19:58:16 - [MESSAGE][PASSED] - All options with value 'ADL' are selected in object 'Object Repository/FSM1/Complete Egg Inspection/Data Capture Producer/Page_JClient/Page_JClient/select_ADLAORAPCAPLASDCATCCICS'  using regular expression

2018-11-29 19:58:16 - [TEST_STEP][PASSED] - setText(findTestObject("Object Repository/FSM1/Complete Egg Inspection/Data Capture Producer/Page_JClient/Page_JClient/input_Inspection Duration 1 (m"), "12"): Text '12' is set on object 'Object Repository/FSM1/Complete Egg Inspection/Data Capture Producer/Page_JClient/Page_JClient/input_Inspection Duration 1 (m'

2018-11-29 19:58:16 - [MESSAGE][PASSED] - Text '12' is set on object 'Object Repository/FSM1/Complete Egg Inspection/Data Capture Producer/Page_JClient/Page_JClient/input_Inspection Duration 1 (m'

2018-11-29 19:58:16 - [TEST_STEP][PASSED] - delay(3): Delayed 3 second(s)

2018-11-29 19:58:19 - [MESSAGE][PASSED] - Delayed 3 second(s)

2018-11-29 19:58:19 - [TEST_STEP][PASSED] - check(findTestObject("FSM1/Complete Egg Inspection/Data Capture Producer/Page_JClient/input_Premises_radio_group_17")): Object 'Object Repository/FSM1/Complete Egg Inspection/Data Capture Producer/Page_JClient/input_Premises_radio_group_17' is checked

2018-11-29 19:58:19 - [MESSAGE][PASSED] - Object 'Object Repository/FSM1/Complete Egg Inspection/Data Capture Producer/Page_JClient/input_Premises_radio_group_17' is checked

2018-11-29 19:58:19 - [TEST_STEP][PASSED] - click(findTestObject("FSM1/Complete Egg Inspection/Data Capture Producer/Page_JClient/input_Premises_radio_group_17")): Object: 'Object Repository/FSM1/Complete Egg Inspection/Data Capture Producer/Page_JClient/input_Premises_radio_group_17' is clicked on

2018-11-29 19:58:19 - [MESSAGE][PASSED] - Object: 'Object Repository/FSM1/Complete Egg Inspection/Data Capture Producer/Page_JClient/input_Premises_radio_group_17' is clicked on

2018-11-29 19:58:19 - [TEST_STEP][NOT_RUN] - click(findTestObject("Object Repository/FSM1/Complete Egg Inspection/Data Capture Producer/Page_JClient/Page_JClient/input_Premises_radio_group_1")): NOT_RUN: click(findTestObject("Object Repository/FSM1/Complete Egg Inspection/Data Capture Producer/Page_JClient/Page_JClient/input_Premises_radio_group_1"))

2018-11-29 19:58:19 - [MESSAGE][NOT_RUN] - NOT_RUN: click(findTestObject("Object Repository/FSM1/Complete Egg Inspection/Data Capture Producer/Page_JClient/Page_JClient/input_Premises_radio_group_1"))

2018-11-29 19:58:19 - [TEST_STEP][PASSED] - click(findTestObject("Object Repository/FSM1/Complete Egg Inspection/Data Capture Producer/Page_JClient/Page_JClient/input_Marking (Eggs)_radio_gro")): Object: 'Object Repository/FSM1/Complete Egg Inspection/Data Capture Producer/Page_JClient/Page_JClient/input_Marking (Eggs)_radio_gro' is clicked on

2018-11-29 19:58:19 - [MESSAGE][PASSED] - Object: 'Object Repository/FSM1/Complete Egg Inspection/Data Capture Producer/Page_JClient/Page_JClient/input_Marking (Eggs)_radio_gro' is clicked on

2018-11-29 19:58:19 - [TEST_STEP][PASSED] - click(findTestObject("Object Repository/FSM1/Complete Egg Inspection/Data Capture Producer/Page_JClient/Page_JClient/input_Packaging_radio_group_3")): Object: 'Object Repository/FSM1/Complete Egg Inspection/Data Capture Producer/Page_JClient/Page_JClient/input_Packaging_radio_group_3' is clicked on

2018-11-29 19:58:20 - [MESSAGE][PASSED] - Object: 'Object Repository/FSM1/Complete Egg Inspection/Data Capture Producer/Page_JClient/Page_JClient/input_Packaging_radio_group_3' is clicked on

2018-11-29 19:58:20 - [TEST_STEP][PASSED] - click(findTestObject("Object Repository/FSM1/Complete Egg Inspection/Data Capture Producer/Page_JClient/Page_JClient/input_Labelling_radio_group_4")): Object: 'Object Repository/FSM1/Complete Egg Inspection/Data Capture Producer/Page_JClient/Page_JClient/input_Labelling_radio_group_4' is clicked on

2018-11-29 19:58:20 - [MESSAGE][PASSED] - Object: 'Object Repository/FSM1/Complete Egg Inspection/Data Capture Producer/Page_JClient/Page_JClient/input_Labelling_radio_group_4' is clicked on

2018-11-29 19:58:20 - [TEST_STEP][PASSED] - click(findTestObject("Object Repository/FSM1/Complete Egg Inspection/Data Capture Producer/Page_JClient/Page_JClient/input_SMT Free Range_radio_gro")): Object: 'Object Repository/FSM1/Complete Egg Inspection/Data Capture Producer/Page_JClient/Page_JClient/input_SMT Free Range_radio_gro' is clicked on

2018-11-29 19:58:20 - [MESSAGE][PASSED] - Object: 'Object Repository/FSM1/Complete Egg Inspection/Data Capture Producer/Page_JClient/Page_JClient/input_SMT Free Range_radio_gro' is clicked on

2018-11-29 19:58:20 - [TEST_STEP][PASSED] - click(findTestObject("Object Repository/FSM1/Complete Egg Inspection/Data Capture Producer/Page_JClient/Page_JClient/input_Barn_radio_group_6")): Object: 'Object Repository/FSM1/Complete Egg Inspection/Data Capture Producer/Page_JClient/Page_JClient/input_Barn_radio_group_6' is clicked on

2018-11-29 19:58:20 - [MESSAGE][PASSED] - Object: 'Object Repository/FSM1/Complete Egg Inspection/Data Capture Producer/Page_JClient/Page_JClient/input_Barn_radio_group_6' is clicked on

2018-11-29 19:58:20 - [TEST_STEP][PASSED] - click(findTestObject("Object Repository/FSM1/Complete Egg Inspection/Data Capture Producer/Page_JClient/Page_JClient/input_Cage Enriched_radio_grou")): Object: 'Object Repository/FSM1/Complete Egg Inspection/Data Capture Producer/Page_JClient/Page_JClient/input_Cage Enriched_radio_grou' is clicked on

2018-11-29 19:58:20 - [MESSAGE][PASSED] - Object: 'Object Repository/FSM1/Complete Egg Inspection/Data Capture Producer/Page_JClient/Page_JClient/input_Cage Enriched_radio_grou' is clicked on

2018-11-29 19:58:20 - [TEST_STEP][PASSED] - click(findTestObject("Object Repository/FSM1/Complete Egg Inspection/Data Capture Producer/Page_JClient/Page_JClient/input_Records_radio_group_8")): Object: 'Object Repository/FSM1/Complete Egg Inspection/Data Capture Producer/Page_JClient/Page_JClient/input_Records_radio_group_8' is clicked on

2018-11-29 19:58:20 - [MESSAGE][PASSED] - Object: 'Object Repository/FSM1/Complete Egg Inspection/Data Capture Producer/Page_JClient/Page_JClient/input_Records_radio_group_8' is clicked on

2018-11-29 19:58:20 - [TEST_STEP][PASSED] - click(findTestObject("Object Repository/FSM1/Complete Egg Inspection/Data Capture Producer/Page_JClient/Page_JClient/input_Hygiene at Producer_radi")): Object: 'Object Repository/FSM1/Complete Egg Inspection/Data Capture Producer/Page_JClient/Page_JClient/input_Hygiene at Producer_radi' is clicked on

2018-11-29 19:58:21 - [MESSAGE][PASSED] - Object: 'Object Repository/FSM1/Complete Egg Inspection/Data Capture Producer/Page_JClient/Page_JClient/input_Hygiene at Producer_radi' is clicked on

2018-11-29 19:58:21 - [TEST_STEP][PASSED] - click(findTestObject("Object Repository/FSM1/Complete Egg Inspection/Data Capture Producer/Page_JClient/Page_JClient/input_Welfare_radio_group_10")): Object: 'Object Repository/FSM1/Complete Egg Inspection/Data Capture Producer/Page_JClient/Page_JClient/input_Welfare_radio_group_10' is clicked on

2018-11-29 19:58:21 - [MESSAGE][PASSED] - Object: 'Object Repository/FSM1/Complete Egg Inspection/Data Capture Producer/Page_JClient/Page_JClient/input_Welfare_radio_group_10' is clicked on

2018-11-29 19:58:21 - [TEST_STEP][PASSED] - click(findTestObject("Object Repository/FSM1/Complete Egg Inspection/Data Capture Producer/Page_JClient/Page_JClient/input_Yes_radio_group_11")): Object: 'Object Repository/FSM1/Complete Egg Inspection/Data Capture Producer/Page_JClient/Page_JClient/input_Yes_radio_group_11' is clicked on

2018-11-29 19:58:21 - [MESSAGE][PASSED] - Object: 'Object Repository/FSM1/Complete Egg Inspection/Data Capture Producer/Page_JClient/Page_JClient/input_Yes_radio_group_11' is clicked on

2018-11-29 19:58:21 - [TEST_STEP][PASSED] - click(findTestObject("Object Repository/FSM1/Complete Egg Inspection/Data Capture Producer/Page_JClient/Page_JClient/input_Operator NCP Contraventi")): Object: 'Object Repository/FSM1/Complete Egg Inspection/Data Capture Producer/Page_JClient/Page_JClient/input_Operator NCP Contraventi' is clicked on

2018-11-29 19:58:21 - [MESSAGE][PASSED] - Object: 'Object Repository/FSM1/Complete Egg Inspection/Data Capture Producer/Page_JClient/Page_JClient/input_Operator NCP Contraventi' is clicked on

2018-11-29 19:58:21 - [TEST_STEP][PASSED] - setText(findTestObject("Object Repository/FSM1/Complete Egg Inspection/Data Capture Producer/Page_JClient/Page_JClient/textarea_Remarks_gwt-TextArea"), "Test automation"): Text 'Test automation' is set on object 'Object Repository/FSM1/Complete Egg Inspection/Data Capture Producer/Page_JClient/Page_JClient/textarea_Remarks_gwt-TextArea'

2018-11-29 19:58:22 - [MESSAGE][PASSED] - Text 'Test automation' is set on object 'Object Repository/FSM1/Complete Egg Inspection/Data Capture Producer/Page_JClient/Page_JClient/textarea_Remarks_gwt-TextArea'

2018-11-29 19:58:22 - [TEST_STEP][PASSED] - click(findTestObject("Object Repository/FSM1/Complete Egg Inspection/Data Capture Producer/Page_JClient/Page_JClient/input_Records (Eggs  Hens)_rad")): Object: 'Object Repository/FSM1/Complete Egg Inspection/Data Capture Producer/Page_JClient/Page_JClient/input_Records (Eggs  Hens)_rad' is clicked on

2018-11-29 19:58:22 - [MESSAGE][PASSED] - Object: 'Object Repository/FSM1/Complete Egg Inspection/Data Capture Producer/Page_JClient/Page_JClient/input_Records (Eggs  Hens)_rad' is clicked on

2018-11-29 19:58:22 - [TEST_STEP][PASSED] - click(findTestObject("Object Repository/FSM1/Complete Egg Inspection/Data Capture Producer/Page_JClient/Page_JClient/input_Records (Veterinary Medi")): Object: 'Object Repository/FSM1/Complete Egg Inspection/Data Capture Producer/Page_JClient/Page_JClient/input_Records (Veterinary Medi' is clicked on

2018-11-29 19:58:22 - [MESSAGE][PASSED] - Object: 'Object Repository/FSM1/Complete Egg Inspection/Data Capture Producer/Page_JClient/Page_JClient/input_Records (Veterinary Medi' is clicked on

2018-11-29 19:58:22 - [TEST_STEP][PASSED] - click(findTestObject("Object Repository/FSM1/Complete Egg Inspection/Data Capture Producer/Page_JClient/Page_JClient/input_Penalty Notice Issued fo")): Object: 'Object Repository/FSM1/Complete Egg Inspection/Data Capture Producer/Page_JClient/Page_JClient/input_Penalty Notice Issued fo' is clicked on

2018-11-29 19:58:22 - [MESSAGE][PASSED] - Object: 'Object Repository/FSM1/Complete Egg Inspection/Data Capture Producer/Page_JClient/Page_JClient/input_Penalty Notice Issued fo' is clicked on

2018-11-29 19:58:22 - [TEST_STEP][PASSED] - click(findTestObject("Object Repository/FSM1/Complete Egg Inspection/Data Capture Producer/Page_JClient/Page_JClient/input_Follow Up inspection req")): Object: 'Object Repository/FSM1/Complete Egg Inspection/Data Capture Producer/Page_JClient/Page_JClient/input_Follow Up inspection req' is clicked on

2018-11-29 19:58:22 - [MESSAGE][PASSED] - Object: 'Object Repository/FSM1/Complete Egg Inspection/Data Capture Producer/Page_JClient/Page_JClient/input_Follow Up inspection req' is clicked on

2018-11-29 19:58:22 - [TEST_STEP][PASSED] - click(findTestObject("Object Repository/FSM1/Complete Egg Inspection/Data Capture Producer/Page_JClient/Page_JClient/div_Flock Details")): Object: 'Object Repository/FSM1/Complete Egg Inspection/Data Capture Producer/Page_JClient/Page_JClient/div_Flock Details' is clicked on

2018-11-29 19:58:23 - [MESSAGE][PASSED] - Object: 'Object Repository/FSM1/Complete Egg Inspection/Data Capture Producer/Page_JClient/Page_JClient/div_Flock Details' is clicked on

2018-11-29 19:58:23 - [TEST_STEP][PASSED] - delay(2): Delayed 2 second(s)

2018-11-29 19:58:25 - [MESSAGE][PASSED] - Delayed 2 second(s)

2018-11-29 19:58:25 - [TEST_STEP][PASSED] - click(findTestObject("Object Repository/FSM1/Complete Egg Inspection/Data Capture Producer/Page_JClient/Page_JClient/div_Create_GKH2EKQBDXB GKH2EKQ - Flock")): Object: 'Object Repository/FSM1/Complete Egg Inspection/Data Capture Producer/Page_JClient/Page_JClient/div_Create_GKH2EKQBDXB GKH2EKQ - Flock' is clicked on

2018-11-29 19:58:25 - [MESSAGE][PASSED] - Object: 'Object Repository/FSM1/Complete Egg Inspection/Data Capture Producer/Page_JClient/Page_JClient/div_Create_GKH2EKQBDXB GKH2EKQ - Flock' is clicked on

2018-11-29 19:58:25 - [TEST_STEP][PASSED] - delay(2): Delayed 2 second(s)

2018-11-29 19:58:27 - [MESSAGE][PASSED] - Delayed 2 second(s)

2018-11-29 19:58:27 - [TEST_STEP][PASSED] - setText(findTestObject("Object Repository/FSM1/Complete Egg Inspection/Data Capture Producer/Page_JClient/Page_JClient/input_House Name  Number_gwt-T"), "12"): Text '12' is set on object 'Object Repository/FSM1/Complete Egg Inspection/Data Capture Producer/Page_JClient/Page_JClient/input_House Name  Number_gwt-T'

2018-11-29 19:58:27 - [MESSAGE][PASSED] - Text '12' is set on object 'Object Repository/FSM1/Complete Egg Inspection/Data Capture Producer/Page_JClient/Page_JClient/input_House Name  Number_gwt-T'

2018-11-29 19:58:27 - [TEST_STEP][PASSED] - setText(findTestObject("Object Repository/FSM1/Complete Egg Inspection/Data Capture Producer/Page_JClient/Page_JClient/input_Number of Birds_gwt-Doub"), "12"): Text '12' is set on object 'Object Repository/FSM1/Complete Egg Inspection/Data Capture Producer/Page_JClient/Page_JClient/input_Number of Birds_gwt-Doub'

2018-11-29 19:58:27 - [MESSAGE][PASSED] - Text '12' is set on object 'Object Repository/FSM1/Complete Egg Inspection/Data Capture Producer/Page_JClient/Page_JClient/input_Number of Birds_gwt-Doub'

2018-11-29 19:58:27 - [TEST_STEP][PASSED] - setText(findTestObject("Object Repository/FSM1/Complete Egg Inspection/Data Capture Producer/Page_JClient/Page_JClient/input_Age of Flock (Weeks)_gwt"), "12"): Text '12' is set on object 'Object Repository/FSM1/Complete Egg Inspection/Data Capture Producer/Page_JClient/Page_JClient/input_Age of Flock (Weeks)_gwt'

2018-11-29 19:58:27 - [MESSAGE][PASSED] - Text '12' is set on object 'Object Repository/FSM1/Complete Egg Inspection/Data Capture Producer/Page_JClient/Page_JClient/input_Age of Flock (Weeks)_gwt'

2018-11-29 19:58:27 - [TEST_STEP][PASSED] - selectOptionByValue(findTestObject("Object Repository/FSM1/Complete Egg Inspection/Data Capture Producer/Page_JClient/Page_JClient/select_Babcock B380Black Rocks"), "BLACK_ROCKS", true): All options with value 'BLACK_ROCKS' are selected in object 'Object Repository/FSM1/Complete Egg Inspection/Data Capture Producer/Page_JClient/Page_JClient/select_Babcock B380Black Rocks'  using regular expression

2018-11-29 19:58:28 - [MESSAGE][PASSED] - All options with value 'BLACK_ROCKS' are selected in object 'Object Repository/FSM1/Complete Egg Inspection/Data Capture Producer/Page_JClient/Page_JClient/select_Babcock B380Black Rocks'  using regular expression

2018-11-29 19:58:28 - [TEST_STEP][PASSED] - mydate = new java.util.Date(): null

2018-11-29 19:58:28 - [TEST_STEP][PASSED] - formattedDate = mydate.format("MM/dd/yyy"): null

2018-11-29 19:58:28 - [TEST_STEP][PASSED] - sendKeys(findTestObject("FSM1/Complete Egg Inspection/Data Capture Producer/Page_JClient/input_Date of Placing_GKH2EKQB"), formattedDate): Keys '11/29/2018' sent to object: 'Object Repository/FSM1/Complete Egg Inspection/Data Capture Producer/Page_JClient/input_Date of Placing_GKH2EKQB'

2018-11-29 19:58:28 - [MESSAGE][PASSED] - Keys '11/29/2018' sent to object: 'Object Repository/FSM1/Complete Egg Inspection/Data Capture Producer/Page_JClient/input_Date of Placing_GKH2EKQB'

2018-11-29 19:58:28 - [TEST_STEP][PASSED] - click(findTestObject("FSM1/Complete Egg Inspection/Data Capture Producer/Page_JClient/div_Save_flock")): Object: 'Object Repository/FSM1/Complete Egg Inspection/Data Capture Producer/Page_JClient/div_Save_flock' is clicked on

2018-11-29 19:58:29 - [MESSAGE][PASSED] - Object: 'Object Repository/FSM1/Complete Egg Inspection/Data Capture Producer/Page_JClient/div_Save_flock' is clicked on

2018-11-29 19:58:29 - [TEST_STEP][PASSED] - delay(2): Delayed 2 second(s)

2018-11-29 19:58:31 - [MESSAGE][PASSED] - Delayed 2 second(s)

2018-11-29 19:58:31 - [TEST_STEP][PASSED] - click(findTestObject("Object Repository/FSM1/Complete Egg Inspection/Data Capture Producer/Page_JClient/Page_JClient/div_Follow Up Inspections")): Object: 'Object Repository/FSM1/Complete Egg Inspection/Data Capture Producer/Page_JClient/Page_JClient/div_Follow Up Inspections' is clicked on

2018-11-29 19:58:31 - [MESSAGE][PASSED] - Object: 'Object Repository/FSM1/Complete Egg Inspection/Data Capture Producer/Page_JClient/Page_JClient/div_Follow Up Inspections' is clicked on

2018-11-29 19:58:31 - [TEST_STEP][PASSED] - delay(2): Delayed 2 second(s)

2018-11-29 19:58:33 - [MESSAGE][PASSED] - Delayed 2 second(s)

2018-11-29 19:58:33 - [TEST_STEP][PASSED] - click(findTestObject("Object Repository/FSM1/Complete Egg Inspection/Data Capture Producer/Page_JClient/Page_JClient/div_Create_GKH2EKQBDXB GKH2EKQ - Follow Up")): Object: 'Object Repository/FSM1/Complete Egg Inspection/Data Capture Producer/Page_JClient/Page_JClient/div_Create_GKH2EKQBDXB GKH2EKQ - Follow Up' is clicked on

2018-11-29 19:58:33 - [MESSAGE][PASSED] - Object: 'Object Repository/FSM1/Complete Egg Inspection/Data Capture Producer/Page_JClient/Page_JClient/div_Create_GKH2EKQBDXB GKH2EKQ - Follow Up' is clicked on

2018-11-29 19:58:33 - [TEST_STEP][PASSED] - delay(2): Delayed 2 second(s)

2018-11-29 19:58:35 - [MESSAGE][PASSED] - Delayed 2 second(s)

2018-11-29 19:58:35 - [TEST_STEP][PASSED] - setText(findTestObject("Object Repository/FSM1/Complete Egg Inspection/Data Capture Producer/Page_JClient/Page_JClient/textarea_Contravention Detail_"), "Test automation"): Text 'Test automation' is set on object 'Object Repository/FSM1/Complete Egg Inspection/Data Capture Producer/Page_JClient/Page_JClient/textarea_Contravention Detail_'

2018-11-29 19:58:35 - [MESSAGE][PASSED] - Text 'Test automation' is set on object 'Object Repository/FSM1/Complete Egg Inspection/Data Capture Producer/Page_JClient/Page_JClient/textarea_Contravention Detail_'

2018-11-29 19:58:35 - [TEST_STEP][PASSED] - mydate = new java.util.Date() + 2: null

2018-11-29 19:58:35 - [TEST_STEP][PASSED] - formattedDate = mydate.format("MM/dd/yyy"): null

2018-11-29 19:58:35 - [TEST_STEP][PASSED] - sendKeys(findTestObject("FSM1/Complete Egg Inspection/Data Capture Producer/Page_JClient/input_Follow Up Date_GKH2EKQBO"), formattedDate): Keys '12/01/2018' sent to object: 'Object Repository/FSM1/Complete Egg Inspection/Data Capture Producer/Page_JClient/input_Follow Up Date_GKH2EKQBO'

2018-11-29 19:58:36 - [MESSAGE][PASSED] - Keys '12/01/2018' sent to object: 'Object Repository/FSM1/Complete Egg Inspection/Data Capture Producer/Page_JClient/input_Follow Up Date_GKH2EKQBO'

2018-11-29 19:58:36 - [TEST_STEP][PASSED] - sendKeys(findTestObject("FSM1/Complete Egg Inspection/Data Capture Producer/Page_JClient/input_Rectification Date_GKH2E"), formattedDate): Keys '12/01/2018' sent to object: 'Object Repository/FSM1/Complete Egg Inspection/Data Capture Producer/Page_JClient/input_Rectification Date_GKH2E'

2018-11-29 19:58:36 - [MESSAGE][PASSED] - Keys '12/01/2018' sent to object: 'Object Repository/FSM1/Complete Egg Inspection/Data Capture Producer/Page_JClient/input_Rectification Date_GKH2E'

2018-11-29 19:58:36 - [TEST_STEP][PASSED] - setText(findTestObject("Object Repository/FSM1/Complete Egg Inspection/Data Capture Producer/Page_JClient/Page_JClient/input_Premises ID_gwt-TextBox"), "123"): Text '123' is set on object 'Object Repository/FSM1/Complete Egg Inspection/Data Capture Producer/Page_JClient/Page_JClient/input_Premises ID_gwt-TextBox'

2018-11-29 19:58:36 - [MESSAGE][PASSED] - Text '123' is set on object 'Object Repository/FSM1/Complete Egg Inspection/Data Capture Producer/Page_JClient/Page_JClient/input_Premises ID_gwt-TextBox'

2018-11-29 19:58:36 - [TEST_STEP][PASSED] - click(findTestObject("FSM1/Complete Egg Inspection/Data Capture Producer/Page_JClient/div_Save_follow up")): Object: 'Object Repository/FSM1/Complete Egg Inspection/Data Capture Producer/Page_JClient/div_Save_follow up' is clicked on

2018-11-29 19:58:36 - [MESSAGE][PASSED] - Object: 'Object Repository/FSM1/Complete Egg Inspection/Data Capture Producer/Page_JClient/div_Save_follow up' is clicked on

2018-11-29 19:58:36 - [TEST_STEP][PASSED] - delay(2): Delayed 2 second(s)

2018-11-29 19:58:38 - [MESSAGE][PASSED] - Delayed 2 second(s)

2018-11-29 19:58:38 - [TEST_STEP][PASSED] - click(findTestObject("FSM1/Complete Egg Inspection/Data Capture Producer/Page_JClient/div_Save_Producer")): Object: 'Object Repository/FSM1/Complete Egg Inspection/Data Capture Producer/Page_JClient/div_Save_Producer' is clicked on

2018-11-29 19:58:39 - [MESSAGE][PASSED] - Object: 'Object Repository/FSM1/Complete Egg Inspection/Data Capture Producer/Page_JClient/div_Save_Producer' is clicked on

2018-11-29 19:58:39 - [TEST_STEP][PASSED] - delay(2): Delayed 2 second(s)

2018-11-29 19:58:41 - [MESSAGE][PASSED] - Delayed 2 second(s)]]></system-out>
         <system-err><![CDATA[]]></system-err>
      </testcase>
      <testcase name="Test Cases/EMI/Complete EMI Inspection - Completion Attributes" classname="Test Cases/EMI/Complete EMI Inspection - Completion Attributes" status="PASSED">
         <system-out><![CDATA[2018-11-29 19:58:41 - [TEST_CASE][PASSED] - Test Cases/EMI/Complete EMI Inspection - Completion Attributes: Test Cases/EMI/Complete EMI Inspection - Completion Attributes

2018-11-29 19:58:41 - [TEST_STEP][PASSED] - click(findTestObject("FSM1/Complete Egg Inspection/CompletionAttributes/Page_JClient/div_STARTED (locked)")): Object: 'Object Repository/FSM1/Complete Egg Inspection/CompletionAttributes/Page_JClient/div_STARTED (locked)' is clicked on

2018-11-29 19:58:41 - [MESSAGE][PASSED] - Object: 'Object Repository/FSM1/Complete Egg Inspection/CompletionAttributes/Page_JClient/div_STARTED (locked)' is clicked on

2018-11-29 19:58:41 - [TEST_STEP][PASSED] - delay(2): Delayed 2 second(s)

2018-11-29 19:58:43 - [MESSAGE][PASSED] - Delayed 2 second(s)

2018-11-29 19:58:43 - [TEST_STEP][PASSED] - click(findTestObject("FSM1/Complete Egg Inspection/CompletionAttributes/Page_JClient/div_COMPLETED")): Object: 'Object Repository/FSM1/Complete Egg Inspection/CompletionAttributes/Page_JClient/div_COMPLETED' is clicked on

2018-11-29 19:58:44 - [MESSAGE][PASSED] - Object: 'Object Repository/FSM1/Complete Egg Inspection/CompletionAttributes/Page_JClient/div_COMPLETED' is clicked on

2018-11-29 19:58:44 - [TEST_STEP][PASSED] - setText(findTestObject("FSM1/Complete Egg Inspection/CompletionAttributes/Page_JClient/OrganicNumber"), "1"): Text '1' is set on object 'Object Repository/FSM1/Complete Egg Inspection/CompletionAttributes/Page_JClient/OrganicNumber'

2018-11-29 19:58:45 - [MESSAGE][PASSED] - Text '1' is set on object 'Object Repository/FSM1/Complete Egg Inspection/CompletionAttributes/Page_JClient/OrganicNumber'

2018-11-29 19:58:45 - [TEST_STEP][PASSED] - click(findTestObject("FSM1/Complete Egg Inspection/CompletionAttributes/Page_JClient/FreeRangeNumber")): Object: 'Object Repository/FSM1/Complete Egg Inspection/CompletionAttributes/Page_JClient/FreeRangeNumber' is clicked on

2018-11-29 19:58:45 - [MESSAGE][PASSED] - Object: 'Object Repository/FSM1/Complete Egg Inspection/CompletionAttributes/Page_JClient/FreeRangeNumber' is clicked on

2018-11-29 19:58:45 - [TEST_STEP][PASSED] - click(findTestObject("FSM1/Complete Egg Inspection/CompletionAttributes/Page_JClient/OrganicCompliant")): Object: 'Object Repository/FSM1/Complete Egg Inspection/CompletionAttributes/Page_JClient/OrganicCompliant' is clicked on

2018-11-29 19:58:45 - [MESSAGE][PASSED] - Object: 'Object Repository/FSM1/Complete Egg Inspection/CompletionAttributes/Page_JClient/OrganicCompliant' is clicked on

2018-11-29 19:58:45 - [TEST_STEP][PASSED] - setText(findTestObject("FSM1/Complete Egg Inspection/CompletionAttributes/Page_JClient/FreeRangeNumber1"), "1"): Text '1' is set on object 'Object Repository/FSM1/Complete Egg Inspection/CompletionAttributes/Page_JClient/FreeRangeNumber1'

2018-11-29 19:58:45 - [MESSAGE][PASSED] - Text '1' is set on object 'Object Repository/FSM1/Complete Egg Inspection/CompletionAttributes/Page_JClient/FreeRangeNumber1'

2018-11-29 19:58:45 - [TEST_STEP][PASSED] - click(findTestObject("FSM1/Complete Egg Inspection/CompletionAttributes/Page_JClient/BarnNumber")): Object: 'Object Repository/FSM1/Complete Egg Inspection/CompletionAttributes/Page_JClient/BarnNumber' is clicked on

2018-11-29 19:58:46 - [MESSAGE][PASSED] - Object: 'Object Repository/FSM1/Complete Egg Inspection/CompletionAttributes/Page_JClient/BarnNumber' is clicked on

2018-11-29 19:58:46 - [TEST_STEP][PASSED] - click(findTestObject("FSM1/Complete Egg Inspection/CompletionAttributes/Page_JClient/FreeRangeCompliant")): Object: 'Object Repository/FSM1/Complete Egg Inspection/CompletionAttributes/Page_JClient/FreeRangeCompliant' is clicked on

2018-11-29 19:58:46 - [MESSAGE][PASSED] - Object: 'Object Repository/FSM1/Complete Egg Inspection/CompletionAttributes/Page_JClient/FreeRangeCompliant' is clicked on

2018-11-29 19:58:46 - [TEST_STEP][PASSED] - setText(findTestObject("FSM1/Complete Egg Inspection/CompletionAttributes/Page_JClient/BarnNumber1"), "1"): Text '1' is set on object 'Object Repository/FSM1/Complete Egg Inspection/CompletionAttributes/Page_JClient/BarnNumber1'

2018-11-29 19:58:46 - [MESSAGE][PASSED] - Text '1' is set on object 'Object Repository/FSM1/Complete Egg Inspection/CompletionAttributes/Page_JClient/BarnNumber1'

2018-11-29 19:58:46 - [TEST_STEP][PASSED] - click(findTestObject("FSM1/Complete Egg Inspection/CompletionAttributes/Page_JClient/CageEnriched")): Object: 'Object Repository/FSM1/Complete Egg Inspection/CompletionAttributes/Page_JClient/CageEnriched' is clicked on

2018-11-29 19:58:46 - [MESSAGE][PASSED] - Object: 'Object Repository/FSM1/Complete Egg Inspection/CompletionAttributes/Page_JClient/CageEnriched' is clicked on

2018-11-29 19:58:46 - [TEST_STEP][PASSED] - click(findTestObject("FSM1/Complete Egg Inspection/CompletionAttributes/Page_JClient/BarnNumberCompliant")): Object: 'Object Repository/FSM1/Complete Egg Inspection/CompletionAttributes/Page_JClient/BarnNumberCompliant' is clicked on

2018-11-29 19:58:46 - [MESSAGE][PASSED] - Object: 'Object Repository/FSM1/Complete Egg Inspection/CompletionAttributes/Page_JClient/BarnNumberCompliant' is clicked on

2018-11-29 19:58:46 - [TEST_STEP][PASSED] - setText(findTestObject("FSM1/Complete Egg Inspection/CompletionAttributes/Page_JClient/CageEnriched1"), "1"): Text '1' is set on object 'Object Repository/FSM1/Complete Egg Inspection/CompletionAttributes/Page_JClient/CageEnriched1'

2018-11-29 19:58:46 - [MESSAGE][PASSED] - Text '1' is set on object 'Object Repository/FSM1/Complete Egg Inspection/CompletionAttributes/Page_JClient/CageEnriched1'

2018-11-29 19:58:46 - [TEST_STEP][PASSED] - click(findTestObject("FSM1/Complete Egg Inspection/CompletionAttributes/Page_JClient/VeterinaryRecords")): Object: 'Object Repository/FSM1/Complete Egg Inspection/CompletionAttributes/Page_JClient/VeterinaryRecords' is clicked on

2018-11-29 19:58:46 - [MESSAGE][PASSED] - Object: 'Object Repository/FSM1/Complete Egg Inspection/CompletionAttributes/Page_JClient/VeterinaryRecords' is clicked on

2018-11-29 19:58:46 - [TEST_STEP][PASSED] - click(findTestObject("FSM1/Complete Egg Inspection/CompletionAttributes/Page_JClient/CageEnrichedCompliant")): Object: 'Object Repository/FSM1/Complete Egg Inspection/CompletionAttributes/Page_JClient/CageEnrichedCompliant' is clicked on

2018-11-29 19:58:47 - [MESSAGE][PASSED] - Object: 'Object Repository/FSM1/Complete Egg Inspection/CompletionAttributes/Page_JClient/CageEnrichedCompliant' is clicked on

2018-11-29 19:58:47 - [TEST_STEP][PASSED] - click(findTestObject("FSM1/Complete Egg Inspection/CompletionAttributes/Page_JClient/VeterinaryMedical")): Object: 'Object Repository/FSM1/Complete Egg Inspection/CompletionAttributes/Page_JClient/VeterinaryMedical' is clicked on

2018-11-29 19:58:47 - [MESSAGE][PASSED] - Object: 'Object Repository/FSM1/Complete Egg Inspection/CompletionAttributes/Page_JClient/VeterinaryMedical' is clicked on

2018-11-29 19:58:47 - [TEST_STEP][PASSED] - click(findTestObject("FSM1/Complete Egg Inspection/CompletionAttributes/Page_JClient/HygieneCompliant")): Object: 'Object Repository/FSM1/Complete Egg Inspection/CompletionAttributes/Page_JClient/HygieneCompliant' is clicked on

2018-11-29 19:58:47 - [MESSAGE][PASSED] - Object: 'Object Repository/FSM1/Complete Egg Inspection/CompletionAttributes/Page_JClient/HygieneCompliant' is clicked on

2018-11-29 19:58:47 - [TEST_STEP][PASSED] - click(findTestObject("FSM1/Complete Egg Inspection/CompletionAttributes/Page_JClient/WelfareCompliant")): Object: 'Object Repository/FSM1/Complete Egg Inspection/CompletionAttributes/Page_JClient/WelfareCompliant' is clicked on

2018-11-29 19:58:47 - [MESSAGE][PASSED] - Object: 'Object Repository/FSM1/Complete Egg Inspection/CompletionAttributes/Page_JClient/WelfareCompliant' is clicked on

2018-11-29 19:58:47 - [TEST_STEP][PASSED] - click(findTestObject("FSM1/Complete Egg Inspection/CompletionAttributes/Page_JClient/SalmonellaCompliant")): Object: 'Object Repository/FSM1/Complete Egg Inspection/CompletionAttributes/Page_JClient/SalmonellaCompliant' is clicked on

2018-11-29 19:58:47 - [MESSAGE][PASSED] - Object: 'Object Repository/FSM1/Complete Egg Inspection/CompletionAttributes/Page_JClient/SalmonellaCompliant' is clicked on

2018-11-29 19:58:47 - [TEST_STEP][PASSED] - click(findTestObject("FSM1/Complete Egg Inspection/CompletionAttributes/Page_JClient/VMDCompliant")): Object: 'Object Repository/FSM1/Complete Egg Inspection/CompletionAttributes/Page_JClient/VMDCompliant' is clicked on

2018-11-29 19:58:47 - [MESSAGE][PASSED] - Object: 'Object Repository/FSM1/Complete Egg Inspection/CompletionAttributes/Page_JClient/VMDCompliant' is clicked on

2018-11-29 19:58:47 - [TEST_STEP][PASSED] - click(findTestObject("FSM1/Complete Egg Inspection/CompletionAttributes/Page_JClient/PremisesCompliant")): Object: 'Object Repository/FSM1/Complete Egg Inspection/CompletionAttributes/Page_JClient/PremisesCompliant' is clicked on

2018-11-29 19:58:47 - [MESSAGE][PASSED] - Object: 'Object Repository/FSM1/Complete Egg Inspection/CompletionAttributes/Page_JClient/PremisesCompliant' is clicked on

2018-11-29 19:58:47 - [TEST_STEP][PASSED] - click(findTestObject("FSM1/Complete Egg Inspection/CompletionAttributes/Page_JClient/PremisesTempCompliant")): Object: 'Object Repository/FSM1/Complete Egg Inspection/CompletionAttributes/Page_JClient/PremisesTempCompliant' is clicked on

2018-11-29 19:58:48 - [MESSAGE][PASSED] - Object: 'Object Repository/FSM1/Complete Egg Inspection/CompletionAttributes/Page_JClient/PremisesTempCompliant' is clicked on

2018-11-29 19:58:48 - [TEST_STEP][PASSED] - click(findTestObject("FSM1/Complete Egg Inspection/CompletionAttributes/Page_JClient/EquipmentCompliant")): Object: 'Object Repository/FSM1/Complete Egg Inspection/CompletionAttributes/Page_JClient/EquipmentCompliant' is clicked on

2018-11-29 19:58:48 - [MESSAGE][PASSED] - Object: 'Object Repository/FSM1/Complete Egg Inspection/CompletionAttributes/Page_JClient/EquipmentCompliant' is clicked on

2018-11-29 19:58:48 - [TEST_STEP][PASSED] - click(findTestObject("FSM1/Complete Egg Inspection/CompletionAttributes/Page_JClient/QualityCompliant")): Object: 'Object Repository/FSM1/Complete Egg Inspection/CompletionAttributes/Page_JClient/QualityCompliant' is clicked on

2018-11-29 19:58:48 - [MESSAGE][PASSED] - Object: 'Object Repository/FSM1/Complete Egg Inspection/CompletionAttributes/Page_JClient/QualityCompliant' is clicked on

2018-11-29 19:58:48 - [TEST_STEP][PASSED] - click(findTestObject("FSM1/Complete Egg Inspection/CompletionAttributes/Page_JClient/WeightGradingCompliant")): Object: 'Object Repository/FSM1/Complete Egg Inspection/CompletionAttributes/Page_JClient/WeightGradingCompliant' is clicked on

2018-11-29 19:58:48 - [MESSAGE][PASSED] - Object: 'Object Repository/FSM1/Complete Egg Inspection/CompletionAttributes/Page_JClient/WeightGradingCompliant' is clicked on

2018-11-29 19:58:48 - [TEST_STEP][PASSED] - click(findTestObject("FSM1/Complete Egg Inspection/CompletionAttributes/Page_JClient/ProductionCompliant")): Object: 'Object Repository/FSM1/Complete Egg Inspection/CompletionAttributes/Page_JClient/ProductionCompliant' is clicked on

2018-11-29 19:58:48 - [MESSAGE][PASSED] - Object: 'Object Repository/FSM1/Complete Egg Inspection/CompletionAttributes/Page_JClient/ProductionCompliant' is clicked on

2018-11-29 19:58:48 - [TEST_STEP][PASSED] - click(findTestObject("FSM1/Complete Egg Inspection/CompletionAttributes/Page_JClient/MarkingEggsCompliant")): Object: 'Object Repository/FSM1/Complete Egg Inspection/CompletionAttributes/Page_JClient/MarkingEggsCompliant' is clicked on

2018-11-29 19:58:48 - [MESSAGE][PASSED] - Object: 'Object Repository/FSM1/Complete Egg Inspection/CompletionAttributes/Page_JClient/MarkingEggsCompliant' is clicked on

2018-11-29 19:58:48 - [TEST_STEP][PASSED] - delay(2): Delayed 2 second(s)

2018-11-29 19:58:50 - [MESSAGE][PASSED] - Delayed 2 second(s)

2018-11-29 19:58:50 - [TEST_STEP][PASSED] - click(findTestObject("FSM1/Complete Egg Inspection/CompletionAttributes/Page_JClient/LabellingCompliant1")): Object: 'Object Repository/FSM1/Complete Egg Inspection/CompletionAttributes/Page_JClient/LabellingCompliant1' is clicked on

2018-11-29 19:58:51 - [MESSAGE][PASSED] - Object: 'Object Repository/FSM1/Complete Egg Inspection/CompletionAttributes/Page_JClient/LabellingCompliant1' is clicked on

2018-11-29 19:58:51 - [TEST_STEP][PASSED] - selectOptionByValue(findTestObject("Object Repository/FSM1/Complete Egg Inspection/CompletionAttributes/Page_JClient/Page_JClient/Page_JClient/select_Yes"), "COMPLETED", true): All options with value 'COMPLETED' are selected in object 'Object Repository/FSM1/Complete Egg Inspection/CompletionAttributes/Page_JClient/Page_JClient/Page_JClient/select_Yes'  using regular expression

2018-11-29 19:58:51 - [MESSAGE][PASSED] - All options with value 'COMPLETED' are selected in object 'Object Repository/FSM1/Complete Egg Inspection/CompletionAttributes/Page_JClient/Page_JClient/Page_JClient/select_Yes'  using regular expression

2018-11-29 19:58:51 - [TEST_STEP][PASSED] - click(findTestObject("FSM1/Complete Egg Inspection/CompletionAttributes/Page_JClient/Page_JClient/div_Save")): Object: 'Object Repository/FSM1/Complete Egg Inspection/CompletionAttributes/Page_JClient/Page_JClient/div_Save' is clicked on

2018-11-29 19:58:51 - [MESSAGE][PASSED] - Object: 'Object Repository/FSM1/Complete Egg Inspection/CompletionAttributes/Page_JClient/Page_JClient/div_Save' is clicked on

2018-11-29 19:58:51 - [TEST_STEP][PASSED] - delay(10): Delayed 10 second(s)

2018-11-29 19:59:01 - [MESSAGE][PASSED] - Delayed 10 second(s)

2018-11-29 19:59:01 - [TEST_STEP][PASSED] - click(findTestObject("FSM1/Complete Egg Inspection/CompletionAttributes/Page_JClient/CompletedOK")): Object: 'Object Repository/FSM1/Complete Egg Inspection/CompletionAttributes/Page_JClient/CompletedOK' is clicked on

2018-11-29 19:59:01 - [MESSAGE][PASSED] - Object: 'Object Repository/FSM1/Complete Egg Inspection/CompletionAttributes/Page_JClient/CompletedOK' is clicked on

2018-11-29 19:59:01 - [TEST_STEP][PASSED] - delay(30): Delayed 30 second(s)

2018-11-29 19:59:31 - [MESSAGE][PASSED] - Delayed 30 second(s)]]></system-out>
         <system-err><![CDATA[]]></system-err>
      </testcase>
      <testcase name="Test Cases/Generic/Launch Job Manager Control Centre - Check Result" classname="Test Cases/Generic/Launch Job Manager Control Centre - Check Result" status="PASSED">
         <system-out><![CDATA[2018-11-29 19:59:31 - [TEST_CASE][PASSED] - Test Cases/Generic/Launch Job Manager Control Centre - Check Result: Test Cases/Generic/Launch Job Manager Control Centre - Check Result

2018-11-29 19:59:32 - [TEST_STEP][PASSED] - openBrowser(""): Browser is opened with url: ''

2018-11-29 19:59:32 - [MESSAGE][WARNING] - A browser is already opened. Closing browser and opening a new one

2018-11-29 19:59:33 - [MESSAGE][INFO] - Starting 'Chrome' driver

2018-11-29 19:59:35 - [MESSAGE][PASSED] - Browser is opened with url: ''

2018-11-29 19:59:35 - [TEST_STEP][PASSED] - navigateToUrl(CCURL): Navigate to 'https://kirona-def-11.kirona.com/jmtrain' successfully

2018-11-29 19:59:37 - [MESSAGE][PASSED] - Navigate to 'https://kirona-def-11.kirona.com/jmtrain' successfully

2018-11-29 19:59:37 - [TEST_STEP][PASSED] - setText(findTestObject("FSM1/Control Centre/Page_Job Manager Login/input_gwt-uid-3"), Username): Text 'jon.hatfield' is set on object 'Object Repository/FSM1/Control Centre/Page_Job Manager Login/input_gwt-uid-3'

2018-11-29 19:59:38 - [MESSAGE][PASSED] - Text 'jon.hatfield' is set on object 'Object Repository/FSM1/Control Centre/Page_Job Manager Login/input_gwt-uid-3'

2018-11-29 19:59:38 - [TEST_STEP][PASSED] - setText(findTestObject("FSM1/Control Centre/Page_Job Manager Login/input_gwt-uid-5"), Password): Text 'Fr@nc1sJ0n' is set on object 'Object Repository/FSM1/Control Centre/Page_Job Manager Login/input_gwt-uid-5'

2018-11-29 19:59:39 - [MESSAGE][PASSED] - Text 'Fr@nc1sJ0n' is set on object 'Object Repository/FSM1/Control Centre/Page_Job Manager Login/input_gwt-uid-5'

2018-11-29 19:59:39 - [TEST_STEP][PASSED] - click(findTestObject("FSM1/PreProd/Page_Job Manager Login/div_Login")): Object: 'Object Repository/FSM1/PreProd/Page_Job Manager Login/div_Login' is clicked on

2018-11-29 19:59:39 - [MESSAGE][PASSED] - Object: 'Object Repository/FSM1/PreProd/Page_Job Manager Login/div_Login' is clicked on

2018-11-29 19:59:39 - [TEST_STEP][PASSED] - delay(5): Delayed 5 second(s)

2018-11-29 19:59:44 - [MESSAGE][PASSED] - Delayed 5 second(s)]]></system-out>
         <system-err><![CDATA[]]></system-err>
      </testcase>
      <testcase name="Test Cases/EMI/Control Centre - Check Results - EMI" classname="Test Cases/EMI/Control Centre - Check Results - EMI" status="PASSED">
         <system-out><![CDATA[2018-11-29 19:59:44 - [TEST_CASE][PASSED] - Test Cases/EMI/Control Centre - Check Results - EMI: Test Cases/EMI/Control Centre - Check Results - EMI

2018-11-29 19:59:44 - [TEST_STEP][PASSED] - log = new com.kms.katalon.core.logging.KeywordLogger(): null

2018-11-29 19:59:44 - [TEST_STEP][PASSED] - setText(findTestObject("Object Repository/FSM1/EMI Check Results/Page_JM Control Centre/input_Recents_v-textfield v-wi"), temp): Text '94202' is set on object 'Object Repository/FSM1/EMI Check Results/Page_JM Control Centre/input_Recents_v-textfield v-wi'

2018-11-29 19:59:45 - [MESSAGE][PASSED] - Text '94202' is set on object 'Object Repository/FSM1/EMI Check Results/Page_JM Control Centre/input_Recents_v-textfield v-wi'

2018-11-29 19:59:45 - [TEST_STEP][PASSED] - click(findTestObject("Object Repository/FSM1/EMI Check Results/Page_JM Control Centre/span_")): Object: 'Object Repository/FSM1/EMI Check Results/Page_JM Control Centre/span_' is clicked on

2018-11-29 19:59:46 - [MESSAGE][PASSED] - Object: 'Object Repository/FSM1/EMI Check Results/Page_JM Control Centre/span_' is clicked on

2018-11-29 19:59:46 - [TEST_STEP][PASSED] - waitForElementPresent(findTestObject("Object Repository/FSM1/EMI Check Results/Page_JM Control Centre/div_CLOSED"), 60): Object 'Object Repository/FSM1/EMI Check Results/Page_JM Control Centre/div_CLOSED' is present

2018-11-29 19:59:50 - [MESSAGE][PASSED] - Object 'Object Repository/FSM1/EMI Check Results/Page_JM Control Centre/div_CLOSED' is present

2018-11-29 19:59:50 - [TEST_STEP][PASSED] - verifyElementPresent(findTestObject("FSM1/EMI Check Results/Page_JM Control Centre/Page_JM Control Centre/Page_JM Control Centre/Page_JM Control Centre/Page_JM Control Centre/div_Attachments_EMI Technical"), 5): Object 'Object Repository/FSM1/EMI Check Results/Page_JM Control Centre/Page_JM Control Centre/Page_JM Control Centre/Page_JM Control Centre/Page_JM Control Centre/div_Attachments_EMI Technical' is present

2018-11-29 19:59:50 - [MESSAGE][PASSED] - Object 'Object Repository/FSM1/EMI Check Results/Page_JM Control Centre/Page_JM Control Centre/Page_JM Control Centre/Page_JM Control Centre/Page_JM Control Centre/div_Attachments_EMI Technical' is present]]></system-out>
         <system-err><![CDATA[]]></system-err>
      </testcase>
      <testcase name="Test Cases/ABP/Generic/Check Subsequent Inspection Exist" classname="Test Cases/ABP/Generic/Check Subsequent Inspection Exist" status="PASSED">
         <system-out><![CDATA[2018-11-29 19:59:50 - [TEST_CASE][PASSED] - Test Cases/ABP/Generic/Check Subsequent Inspection Exist: Test Cases/ABP/Generic/Check Subsequent Inspection Exist

2018-11-29 19:59:50 - [TEST_STEP][PASSED] - delay(2): Delayed 2 second(s)

2018-11-29 19:59:52 - [MESSAGE][PASSED] - Delayed 2 second(s)

2018-11-29 19:59:52 - [TEST_STEP][PASSED] - click(findTestObject("Object Repository/FSM1/Complete ABP Inspection/Check Subsequent Inspections/New/Page_JM Control Centre/div_")): Object: 'Object Repository/FSM1/Complete ABP Inspection/Check Subsequent Inspections/New/Page_JM Control Centre/div_' is clicked on

2018-11-29 19:59:53 - [MESSAGE][PASSED] - Object: 'Object Repository/FSM1/Complete ABP Inspection/Check Subsequent Inspections/New/Page_JM Control Centre/div_' is clicked on

2018-11-29 19:59:53 - [TEST_STEP][PASSED] - click(findTestObject("Object Repository/FSM1/Complete ABP Inspection/Check Subsequent Inspections/New/Page_JM Control Centre/span_List All Subordinate Jobs")): Object: 'Object Repository/FSM1/Complete ABP Inspection/Check Subsequent Inspections/New/Page_JM Control Centre/span_List All Subordinate Jobs' is clicked on

2018-11-29 19:59:53 - [MESSAGE][PASSED] - Object: 'Object Repository/FSM1/Complete ABP Inspection/Check Subsequent Inspections/New/Page_JM Control Centre/span_List All Subordinate Jobs' is clicked on

2018-11-29 19:59:53 - [TEST_STEP][PASSED] - delay(2): Delayed 2 second(s)

2018-11-29 19:59:55 - [MESSAGE][PASSED] - Delayed 2 second(s)

2018-11-29 19:59:55 - [TEST_STEP][PASSED] - verifyElementVisible(findTestObject("Object Repository/FSM1/Complete ABP Inspection/Check Subsequent Inspections/New/Page_JM Control Centre/div_2 found.")): Object 'Object Repository/FSM1/Complete ABP Inspection/Check Subsequent Inspections/New/Page_JM Control Centre/div_2 found.' is visible

2018-11-29 19:59:56 - [MESSAGE][PASSED] - Object 'Object Repository/FSM1/Complete ABP Inspection/Check Subsequent Inspections/New/Page_JM Control Centre/div_2 found.' is visible

2018-11-29 19:59:56 - [TEST_STEP][PASSED] - closeBrowser(): Browser is closed

2018-11-29 19:59:57 - [MESSAGE][PASSED] - Browser is closed]]></system-out>
         <system-err><![CDATA[]]></system-err>
      </testcase>
      <system-out><![CDATA[2018-11-29 19:50:57 - [TEST_SUITE][PASSED] - EMI Regression - Producer: Test Cases/ABP/Generic/Check Subsequent Inspection Exist]]></system-out>
      <system-err><![CDATA[]]></system-err>
   </testsuite>
</testsuites>
