<?xml version="1.0" encoding="UTF-8"?>
<testsuites name="PMM Regression - Registration - Rejected" time="446" tests="7" failures="0" errors="0">
   <testsuite name="PMM Regression - Registration - Rejected" tests="7" failures="0" errors="0" time="446" timestamp="2018-12-13 11:20:40" hostname="JHATFIELD - SNDFSMINFSRV001.defra.onmicrosoft.com" id="Test Suites/PMM/PMM Regression - Registration - Rejected">
      <properties>
         <property name="deviceName" value=""/>
         <property name="devicePlatform" value=""/>
         <property name="logFolder" value="C:\\Users\\JHATFIELD\\Documents\\Katalon\\JM 8.9\\FSM_Automated_Regression_8_9\\Reports\\PMM\\PMM Regression - Registration - Rejected\\20181213_112036"/>
         <property name="logFiles" value="C:\\Users\\JHATFIELD\\Documents\\Katalon\\JM 8.9\\FSM_Automated_Regression_8_9\\Reports\\PMM\\PMM Regression - Registration - Rejected\\20181213_112036\\execution0.log"/>
         <property name="attachments" value="C:\\Users\\JHATFIELD\\Documents\\Katalon\\JM 8.9\\FSM_Automated_Regression_8_9\\Reports\\PMM\\PMM Regression - Registration - Rejected\\20181213_112036\\1544700081594.png"/>
         <property name="hostName" value="JHATFIELD - SNDFSMINFSRV001.defra.onmicrosoft.com"/>
         <property name="os" value="Windows Server 2016 64bit"/>
         <property name="katalonVersion" value="5.9.1.2"/>
         <property name="browser" value="Chrome 70.0.3538.110"/>
         <property name="hostAddress" value="10.201.1.17"/>
         <property name="sessionId" value="4c8211c1e7394029cd57d7972e36ce73"/>
         <property name="seleniumVersion" value="3.7.1"/>
         <property name="proxyInformation" value="ProxyInformation{proxyOption=NO_PROXY, proxyServerType=HTTP, password=, proxyServerAddress=, proxyServerPort=0}"/>
         <property name="platform" value="Windows Server 2016"/>
      </properties>
      <testcase name="Test Cases/Generic/Launch Job Manager Control Centre" classname="Test Cases/Generic/Launch Job Manager Control Centre" status="PASSED">
         <system-out><![CDATA[2018-12-13 11:20:41 - [TEST_CASE][PASSED] - Test Cases/Generic/Launch Job Manager Control Centre: Test Cases/Generic/Launch Job Manager Control Centre

2018-12-13 11:20:42 - [TEST_STEP][PASSED] - openBrowser(""): Browser is opened with url: ''

2018-12-13 11:20:43 - [MESSAGE][INFO] - Starting 'Chrome' driver

2018-12-13 11:20:43 - [MESSAGE][INFO] - Action delay is set to 0 seconds

2018-12-13 11:20:47 - [MESSAGE][PASSED] - Browser is opened with url: ''

2018-12-13 11:20:47 - [TEST_STEP][PASSED] - navigateToUrl(CCURL): Navigate to 'https://kirona-def-6.kirona.com/jmprep/login#!loginView' successfully

2018-12-13 11:20:48 - [MESSAGE][PASSED] - Navigate to 'https://kirona-def-6.kirona.com/jmprep/login#!loginView' successfully

2018-12-13 11:20:48 - [TEST_STEP][PASSED] - setText(findTestObject("FSM1/Control Centre/Page_Job Manager Login/input_gwt-uid-3"), Username): Text 'jon.hatfield' is set on object 'Object Repository/FSM1/Control Centre/Page_Job Manager Login/input_gwt-uid-3'

2018-12-13 11:20:50 - [MESSAGE][PASSED] - Text 'jon.hatfield' is set on object 'Object Repository/FSM1/Control Centre/Page_Job Manager Login/input_gwt-uid-3'

2018-12-13 11:20:50 - [TEST_STEP][PASSED] - setText(findTestObject("FSM1/Control Centre/Page_Job Manager Login/input_gwt-uid-5"), Password): Text 'Fr@nc1sJ0n' is set on object 'Object Repository/FSM1/Control Centre/Page_Job Manager Login/input_gwt-uid-5'

2018-12-13 11:20:50 - [MESSAGE][PASSED] - Text 'Fr@nc1sJ0n' is set on object 'Object Repository/FSM1/Control Centre/Page_Job Manager Login/input_gwt-uid-5'

2018-12-13 11:20:50 - [TEST_STEP][PASSED] - click(findTestObject("FSM1/PreProd/Page_Job Manager Login/div_Login")): Object: 'Object Repository/FSM1/PreProd/Page_Job Manager Login/div_Login' is clicked on

2018-12-13 11:20:51 - [MESSAGE][PASSED] - Object: 'Object Repository/FSM1/PreProd/Page_Job Manager Login/div_Login' is clicked on

2018-12-13 11:20:51 - [TEST_STEP][PASSED] - delay(15): Delayed 15 second(s)

2018-12-13 11:21:06 - [MESSAGE][PASSED] - Delayed 15 second(s)]]></system-out>
         <system-err><![CDATA[]]></system-err>
      </testcase>
      <testcase name="Test Cases/PMM/Generic/Create PMM Inspection" classname="Test Cases/PMM/Generic/Create PMM Inspection" status="PASSED">
         <system-out><![CDATA[2018-12-13 11:21:06 - [TEST_CASE][PASSED] - Test Cases/PMM/Generic/Create PMM Inspection: Test Cases/PMM/Generic/Create PMM Inspection

2018-12-13 11:21:07 - [TEST_STEP][PASSED] - log = new com.kms.katalon.core.logging.KeywordLogger(): null

2018-12-13 11:21:07 - [TEST_STEP][PASSED] - delay(2): Delayed 2 second(s)

2018-12-13 11:21:09 - [MESSAGE][PASSED] - Delayed 2 second(s)

2018-12-13 11:21:09 - [TEST_STEP][PASSED] - click(findTestObject("Object Repository/FSM1/Create PMM Inspection/a/Page_JM Control Centre/Page_JM Control Centre/div_Create")): Object: 'Object Repository/FSM1/Create PMM Inspection/a/Page_JM Control Centre/Page_JM Control Centre/div_Create' is clicked on

2018-12-13 11:21:09 - [MESSAGE][PASSED] - Object: 'Object Repository/FSM1/Create PMM Inspection/a/Page_JM Control Centre/Page_JM Control Centre/div_Create' is clicked on

2018-12-13 11:21:09 - [TEST_STEP][PASSED] - delay(2): Delayed 2 second(s)

2018-12-13 11:21:11 - [MESSAGE][PASSED] - Delayed 2 second(s)

2018-12-13 11:21:11 - [TEST_STEP][PASSED] - setText(findTestObject("Object Repository/FSM1/Create PMM Inspection/a/Page_JM Control Centre/Page_JM Control Centre/input_Type_gwt-uid-8"), PMMInspectionType): Text 'PMR03 - Producer Registration' is set on object 'Object Repository/FSM1/Create PMM Inspection/a/Page_JM Control Centre/Page_JM Control Centre/input_Type_gwt-uid-8'

2018-12-13 11:21:13 - [MESSAGE][PASSED] - Text 'PMR03 - Producer Registration' is set on object 'Object Repository/FSM1/Create PMM Inspection/a/Page_JM Control Centre/Page_JM Control Centre/input_Type_gwt-uid-8'

2018-12-13 11:21:13 - [TEST_STEP][PASSED] - PMMInspectionType = modifyObjectProperty(findTestObject("Object Repository/FSM1/Create PMM Inspection/a/Page_JM Control Centre/Page_JM Control Centre/span_PMR03A - Producer Complia"), "text", "equals", PMMInspectionType, true): Modify property of object successfully

2018-12-13 11:21:13 - [MESSAGE][PASSED] - Modify property of object successfully

2018-12-13 11:21:13 - [TEST_STEP][PASSED] - click(PMMInspectionType, STOP_ON_FAILURE): Object: 'Object Repository/FSM1/Create PMM Inspection/a/Page_JM Control Centre/Page_JM Control Centre/span_PMR03A - Producer Complia' is clicked on

2018-12-13 11:21:14 - [MESSAGE][PASSED] - Object: 'Object Repository/FSM1/Create PMM Inspection/a/Page_JM Control Centre/Page_JM Control Centre/span_PMR03A - Producer Complia' is clicked on

2018-12-13 11:21:14 - [TEST_STEP][PASSED] - click(findTestObject("FSM1/Control Centre/Create EMI Inspection New/Page_JM Control Centre/div_v-filterselect-button_1")): Object: 'Object Repository/FSM1/Control Centre/Create EMI Inspection New/Page_JM Control Centre/div_v-filterselect-button_1' is clicked on

2018-12-13 11:21:17 - [MESSAGE][PASSED] - Object: 'Object Repository/FSM1/Control Centre/Create EMI Inspection New/Page_JM Control Centre/div_v-filterselect-button_1' is clicked on

2018-12-13 11:21:17 - [TEST_STEP][PASSED] - click(findTestObject("FSM1/Control Centre/Create EMI Inspection New/Page_JM Control Centre/span_24 Hours")): Object: 'Object Repository/FSM1/Control Centre/Create EMI Inspection New/Page_JM Control Centre/span_24 Hours' is clicked on

2018-12-13 11:21:17 - [MESSAGE][PASSED] - Object: 'Object Repository/FSM1/Control Centre/Create EMI Inspection New/Page_JM Control Centre/span_24 Hours' is clicked on

2018-12-13 11:21:17 - [TEST_STEP][PASSED] - setText(findTestObject("Object Repository/FSM1/Create PMM Inspection/a/Page_JM Control Centre/Page_JM Control Centre/input_Region_gwt-uid-24"), "w"): Text 'w' is set on object 'Object Repository/FSM1/Create PMM Inspection/a/Page_JM Control Centre/Page_JM Control Centre/input_Region_gwt-uid-24'

2018-12-13 11:21:18 - [MESSAGE][PASSED] - Text 'w' is set on object 'Object Repository/FSM1/Create PMM Inspection/a/Page_JM Control Centre/Page_JM Control Centre/input_Region_gwt-uid-24'

2018-12-13 11:21:18 - [TEST_STEP][PASSED] - click(findTestObject("Object Repository/FSM1/Create PMM Inspection/a/Page_JM Control Centre/Page_JM Control Centre/span_West")): Object: 'Object Repository/FSM1/Create PMM Inspection/a/Page_JM Control Centre/Page_JM Control Centre/span_West' is clicked on

2018-12-13 11:21:18 - [MESSAGE][PASSED] - Object: 'Object Repository/FSM1/Create PMM Inspection/a/Page_JM Control Centre/Page_JM Control Centre/span_West' is clicked on

2018-12-13 11:21:18 - [TEST_STEP][PASSED] - setText(findTestObject("Object Repository/FSM1/Create PMM Inspection/a/Page_JM Control Centre/Page_JM Control Centre/input_Priority_gwt-uid-26"), "h"): Text 'h' is set on object 'Object Repository/FSM1/Create PMM Inspection/a/Page_JM Control Centre/Page_JM Control Centre/input_Priority_gwt-uid-26'

2018-12-13 11:21:19 - [MESSAGE][PASSED] - Text 'h' is set on object 'Object Repository/FSM1/Create PMM Inspection/a/Page_JM Control Centre/Page_JM Control Centre/input_Priority_gwt-uid-26'

2018-12-13 11:21:19 - [TEST_STEP][PASSED] - click(findTestObject("Object Repository/FSM1/Create PMM Inspection/a/Page_JM Control Centre/Page_JM Control Centre/span_High")): Object: 'Object Repository/FSM1/Create PMM Inspection/a/Page_JM Control Centre/Page_JM Control Centre/span_High' is clicked on

2018-12-13 11:21:19 - [MESSAGE][PASSED] - Object: 'Object Repository/FSM1/Create PMM Inspection/a/Page_JM Control Centre/Page_JM Control Centre/span_High' is clicked on

2018-12-13 11:21:19 - [TEST_STEP][PASSED] - if (verifyElementPresent(findTestObject("JM_8918/PMM/Page_JM Control Centre/Page_JM Control Centre/InspectionType"), 2, OPTIONAL)): com.kms.katalon.core.webui.exception.WebElementNotFoundException: Web element with id: 'Object Repository/JM_8918/PMM/Page_JM Control Centre/Page_JM Control Centre/InspectionType' located by 'By.xpath: (.//*[normalize-space(text()) and normalize-space(.)='Inspection Type'])[1]/following::input[1]' not found

2018-12-13 11:21:21 - [MESSAGE][INFO] - Unable to find the element located by 'By.xpath: (.//*[normalize-space(text()) and normalize-space(.)='Inspection Type'])[1]/following::input[1]'. Please recheck the objects properties to make sure the desired element is located. 

2018-12-13 11:21:22 - [MESSAGE][WARNING] - com.kms.katalon.core.webui.exception.WebElementNotFoundException: Web element with id: 'Object Repository/JM_8918/PMM/Page_JM Control Centre/Page_JM Control Centre/InspectionType' located by 'By.xpath: (.//*[normalize-space(text()) and normalize-space(.)='Inspection Type'])[1]/following::input[1]' not found
[[ATTACHMENT|C:\\Users\\JHATFIELD\\Documents\\Katalon\\JM 8.9\\FSM_Automated_Regression_8_9\\Reports\\PMM\\PMM Regression - Registration - Rejected\\20181213_112036\\1544700081594.png]]

2018-12-13 11:21:22 - [TEST_STEP][PASSED] - else: Object: 'Object Repository/JM_8918/PMM/Page_JM Control Centre/Page_JM Control Centre/Page_JM Control Centre/span_Extensive Indoor (Barn Re' is clicked on

2018-12-13 11:21:22 - [TEST_STEP][PASSED] - delay(2): Delayed 2 second(s)

2018-12-13 11:21:24 - [MESSAGE][PASSED] - Delayed 2 second(s)

2018-12-13 11:21:24 - [TEST_STEP][PASSED] - click(findTestObject("Object Repository/JM_8918/PMM/Page_JM Control Centre/Page_JM Control Centre/Page_JM Control Centre/div_Production Type_v-filterse")): Object: 'Object Repository/JM_8918/PMM/Page_JM Control Centre/Page_JM Control Centre/Page_JM Control Centre/div_Production Type_v-filterse' is clicked on

2018-12-13 11:21:24 - [MESSAGE][PASSED] - Object: 'Object Repository/JM_8918/PMM/Page_JM Control Centre/Page_JM Control Centre/Page_JM Control Centre/div_Production Type_v-filterse' is clicked on

2018-12-13 11:21:25 - [TEST_STEP][PASSED] - click(findTestObject("Object Repository/JM_8918/PMM/Page_JM Control Centre/Page_JM Control Centre/Page_JM Control Centre/span_Extensive Indoor (Barn Re")): Object: 'Object Repository/JM_8918/PMM/Page_JM Control Centre/Page_JM Control Centre/Page_JM Control Centre/span_Extensive Indoor (Barn Re' is clicked on

2018-12-13 11:21:25 - [MESSAGE][PASSED] - Object: 'Object Repository/JM_8918/PMM/Page_JM Control Centre/Page_JM Control Centre/Page_JM Control Centre/span_Extensive Indoor (Barn Re' is clicked on

2018-12-13 11:21:25 - [TEST_STEP][PASSED] - click(findTestObject("Object Repository/FSM1/Create PMM Inspection/a/Page_JM Control Centre/Page_JM Control Centre/div_Species_v-filterselect-but")): Object: 'Object Repository/FSM1/Create PMM Inspection/a/Page_JM Control Centre/Page_JM Control Centre/div_Species_v-filterselect-but' is clicked on

2018-12-13 11:21:25 - [MESSAGE][PASSED] - Object: 'Object Repository/FSM1/Create PMM Inspection/a/Page_JM Control Centre/Page_JM Control Centre/div_Species_v-filterselect-but' is clicked on

2018-12-13 11:21:25 - [TEST_STEP][PASSED] - click(findTestObject("Object Repository/FSM1/Create PMM Inspection/a/Page_JM Control Centre/Page_JM Control Centre/span_Chicken")): Object: 'Object Repository/FSM1/Create PMM Inspection/a/Page_JM Control Centre/Page_JM Control Centre/span_Chicken' is clicked on

2018-12-13 11:21:26 - [MESSAGE][PASSED] - Object: 'Object Repository/FSM1/Create PMM Inspection/a/Page_JM Control Centre/Page_JM Control Centre/span_Chicken' is clicked on

2018-12-13 11:21:26 - [TEST_STEP][PASSED] - setText(findTestObject("Object Repository/JM_8918/PMM/Registration/Page_JM Control Centre/input_Keeper ID_gwt-uid-34"), RandomStringUtils.randomNumeric(5)): Text '57356' is set on object 'Object Repository/JM_8918/PMM/Registration/Page_JM Control Centre/input_Keeper ID_gwt-uid-34'

2018-12-13 11:21:26 - [MESSAGE][PASSED] - Text '57356' is set on object 'Object Repository/JM_8918/PMM/Registration/Page_JM Control Centre/input_Keeper ID_gwt-uid-34'

2018-12-13 11:21:26 - [TEST_STEP][PASSED] - setText(findTestObject("Object Repository/FSM1/Create PMM Inspection/a/Page_JM Control Centre/Page_JM Control Centre/input_Keeper ID_gwt-uid-36"), RandomStringUtils.randomNumeric(5)): Text '24216' is set on object 'Object Repository/FSM1/Create PMM Inspection/a/Page_JM Control Centre/Page_JM Control Centre/input_Keeper ID_gwt-uid-36'

2018-12-13 11:21:27 - [MESSAGE][PASSED] - Text '24216' is set on object 'Object Repository/FSM1/Create PMM Inspection/a/Page_JM Control Centre/Page_JM Control Centre/input_Keeper ID_gwt-uid-36'

2018-12-13 11:21:27 - [TEST_STEP][PASSED] - setText(findTestObject("Object Repository/FSM1/Create PMM Inspection/a/Page_JM Control Centre/Page_JM Control Centre/input_Keeper Name_gwt-uid-38"), RandomStringUtils.randomNumeric(5)): Text '14201' is set on object 'Object Repository/FSM1/Create PMM Inspection/a/Page_JM Control Centre/Page_JM Control Centre/input_Keeper Name_gwt-uid-38'

2018-12-13 11:21:27 - [MESSAGE][PASSED] - Text '14201' is set on object 'Object Repository/FSM1/Create PMM Inspection/a/Page_JM Control Centre/Page_JM Control Centre/input_Keeper Name_gwt-uid-38'

2018-12-13 11:21:27 - [TEST_STEP][PASSED] - setText(findTestObject("Object Repository/FSM1/Create PMM Inspection/a/Page_JM Control Centre/Page_JM Control Centre/input_Keeper Contact Name_gwt-"), RandomStringUtils.randomNumeric(5)): Text '62431' is set on object 'Object Repository/FSM1/Create PMM Inspection/a/Page_JM Control Centre/Page_JM Control Centre/input_Keeper Contact Name_gwt-'

2018-12-13 11:21:27 - [MESSAGE][PASSED] - Text '62431' is set on object 'Object Repository/FSM1/Create PMM Inspection/a/Page_JM Control Centre/Page_JM Control Centre/input_Keeper Contact Name_gwt-'

2018-12-13 11:21:27 - [TEST_STEP][PASSED] - setText(findTestObject("Object Repository/JM_8918/PMM/Registration/Page_JM Control Centre/input_Location ID_gwt-uid-44"), RandomStringUtils.randomNumeric(5)): Text '60945' is set on object 'Object Repository/JM_8918/PMM/Registration/Page_JM Control Centre/input_Location ID_gwt-uid-44'

2018-12-13 11:21:28 - [MESSAGE][PASSED] - Text '60945' is set on object 'Object Repository/JM_8918/PMM/Registration/Page_JM Control Centre/input_Location ID_gwt-uid-44'

2018-12-13 11:21:28 - [TEST_STEP][PASSED] - setText(findTestObject("Object Repository/JM_8918/PMM/Registration/Page_JM Control Centre/input_Customer ID_gwt-uid-48"), RandomStringUtils.randomNumeric(5)): Text '08038' is set on object 'Object Repository/JM_8918/PMM/Registration/Page_JM Control Centre/input_Customer ID_gwt-uid-48'

2018-12-13 11:21:28 - [MESSAGE][PASSED] - Text '08038' is set on object 'Object Repository/JM_8918/PMM/Registration/Page_JM Control Centre/input_Customer ID_gwt-uid-48'

2018-12-13 11:21:28 - [TEST_STEP][PASSED] - setText(findTestObject("Object Repository/JM_8918/PMM/Registration/Page_JM Control Centre/input_Customer Name_gwt-uid-50"), RandomStringUtils.randomNumeric(5)): Text '72615' is set on object 'Object Repository/JM_8918/PMM/Registration/Page_JM Control Centre/input_Customer Name_gwt-uid-50'

2018-12-13 11:21:28 - [MESSAGE][PASSED] - Text '72615' is set on object 'Object Repository/JM_8918/PMM/Registration/Page_JM Control Centre/input_Customer Name_gwt-uid-50'

2018-12-13 11:21:29 - [TEST_STEP][PASSED] - setText(findTestObject("Object Repository/JM_8918/PMM/Registration/Page_JM Control Centre/input_Customer Contact Name_gw"), RandomStringUtils.randomNumeric(5)): Text '03474' is set on object 'Object Repository/JM_8918/PMM/Registration/Page_JM Control Centre/input_Customer Contact Name_gw'

2018-12-13 11:21:29 - [MESSAGE][PASSED] - Text '03474' is set on object 'Object Repository/JM_8918/PMM/Registration/Page_JM Control Centre/input_Customer Contact Name_gw'

2018-12-13 11:21:29 - [TEST_STEP][PASSED] - setText(findTestObject("Object Repository/JM_8918/PMM/Registration/Page_JM Control Centre/input_County Parish Holding (C"), RandomStringUtils.randomNumeric(5)): Text '22975' is set on object 'Object Repository/JM_8918/PMM/Registration/Page_JM Control Centre/input_County Parish Holding (C'

2018-12-13 11:21:29 - [MESSAGE][PASSED] - Text '22975' is set on object 'Object Repository/JM_8918/PMM/Registration/Page_JM Control Centre/input_County Parish Holding (C'

2018-12-13 11:21:29 - [TEST_STEP][PASSED] - setText(findTestObject("Object Repository/JM_8918/PMM/Registration/Page_JM Control Centre/input_CPHH_gwt-uid-64"), RandomStringUtils.randomNumeric(5)): Text '68815' is set on object 'Object Repository/JM_8918/PMM/Registration/Page_JM Control Centre/input_CPHH_gwt-uid-64'

2018-12-13 11:21:30 - [MESSAGE][PASSED] - Text '68815' is set on object 'Object Repository/JM_8918/PMM/Registration/Page_JM Control Centre/input_CPHH_gwt-uid-64'

2018-12-13 11:21:30 - [TEST_STEP][PASSED] - click(findTestObject("FSM1/Control Centre/Create EMI Inspection/Page_JM Control Centre/span_")): Object: 'Object Repository/FSM1/Control Centre/Create EMI Inspection/Page_JM Control Centre/span_' is clicked on

2018-12-13 11:21:30 - [MESSAGE][PASSED] - Object: 'Object Repository/FSM1/Control Centre/Create EMI Inspection/Page_JM Control Centre/span_' is clicked on

2018-12-13 11:21:30 - [TEST_STEP][PASSED] - click(findTestObject("FSM1/Control Centre/Create EMI Inspection/Address Search/Page_JM Control Centre/Postcode Search")): Object: 'Object Repository/FSM1/Control Centre/Create EMI Inspection/Address Search/Page_JM Control Centre/Postcode Search' is clicked on

2018-12-13 11:21:32 - [MESSAGE][PASSED] - Object: 'Object Repository/FSM1/Control Centre/Create EMI Inspection/Address Search/Page_JM Control Centre/Postcode Search' is clicked on

2018-12-13 11:21:32 - [TEST_STEP][PASSED] - setText(findTestObject("FSM1/PreProd/Page_JM Control Centre/PostcodeSearch"), findTestData("Pre Production/PMM/PMM Inspection Data").getValue(1, 1)): Text 'WR5 2NQ' is set on object 'Object Repository/FSM1/PreProd/Page_JM Control Centre/PostcodeSearch'

2018-12-13 11:21:33 - [MESSAGE][PASSED] - Text 'WR5 2NQ' is set on object 'Object Repository/FSM1/PreProd/Page_JM Control Centre/PostcodeSearch'

2018-12-13 11:21:33 - [TEST_STEP][PASSED] - doubleClick(findTestObject("JM_8918/Page_JM Control Centre/div_Search")): Object: 'Object Repository/JM_8918/Page_JM Control Centre/div_Search' is double clicked on

2018-12-13 11:21:34 - [MESSAGE][PASSED] - Object: 'Object Repository/JM_8918/Page_JM Control Centre/div_Search' is double clicked on

2018-12-13 11:21:35 - [TEST_STEP][PASSED] - FullAddress = modifyObjectProperty(findTestObject("FSM1/Control Centre/Create EMI Inspection/Page_JM Control Centre/Address"), "text", "equals", findTestData("Pre Production/PMM/PMM Inspection Data").getValue(2, 1), true): Modify property of object successfully

2018-12-13 11:21:35 - [MESSAGE][PASSED] - Modify property of object successfully

2018-12-13 11:21:35 - [TEST_STEP][PASSED] - click(FullAddress, STOP_ON_FAILURE): Object: 'Object Repository/FSM1/Control Centre/Create EMI Inspection/Page_JM Control Centre/Address' is clicked on

2018-12-13 11:21:36 - [MESSAGE][PASSED] - Object: 'Object Repository/FSM1/Control Centre/Create EMI Inspection/Page_JM Control Centre/Address' is clicked on

2018-12-13 11:21:36 - [TEST_STEP][PASSED] - click(findTestObject("FSM1/Control Centre/Create EMI Inspection/Create Address/Page_JM Control Centre (2)/div_Add Selected Item")): Object: 'Object Repository/FSM1/Control Centre/Create EMI Inspection/Create Address/Page_JM Control Centre (2)/div_Add Selected Item' is clicked on

2018-12-13 11:21:36 - [MESSAGE][PASSED] - Object: 'Object Repository/FSM1/Control Centre/Create EMI Inspection/Create Address/Page_JM Control Centre (2)/div_Add Selected Item' is clicked on

2018-12-13 11:21:37 - [TEST_STEP][PASSED] - delay(2): Delayed 2 second(s)

2018-12-13 11:21:39 - [MESSAGE][PASSED] - Delayed 2 second(s)

2018-12-13 11:21:39 - [TEST_STEP][PASSED] - setText(findTestObject("JM_8918/Page_JM Control Centre/input_Fixed Resource_gwt-uid-1"), "test"): Text 'test' is set on object 'Object Repository/JM_8918/Page_JM Control Centre/input_Fixed Resource_gwt-uid-1'

2018-12-13 11:21:40 - [MESSAGE][PASSED] - Text 'test' is set on object 'Object Repository/JM_8918/Page_JM Control Centre/input_Fixed Resource_gwt-uid-1'

2018-12-13 11:21:40 - [TEST_STEP][PASSED] - click(findTestObject("FSM1/Control Centre/Create EMI Inspection New/Page_JM Control Centre/span_Test Inspector")): Object: 'Object Repository/FSM1/Control Centre/Create EMI Inspection New/Page_JM Control Centre/span_Test Inspector' is clicked on

2018-12-13 11:21:41 - [MESSAGE][PASSED] - Object: 'Object Repository/FSM1/Control Centre/Create EMI Inspection New/Page_JM Control Centre/span_Test Inspector' is clicked on

2018-12-13 11:21:41 - [TEST_STEP][PASSED] - delay(2): Delayed 2 second(s)

2018-12-13 11:21:43 - [MESSAGE][PASSED] - Delayed 2 second(s)

2018-12-13 11:21:43 - [TEST_STEP][PASSED] - click(findTestObject("Object Repository/JM_8918/PMM/Page_JM Control Centre/div_Auto Schedulable_v-filters")): Object: 'Object Repository/JM_8918/PMM/Page_JM Control Centre/div_Auto Schedulable_v-filters' is clicked on

2018-12-13 11:21:43 - [MESSAGE][PASSED] - Object: 'Object Repository/JM_8918/PMM/Page_JM Control Centre/div_Auto Schedulable_v-filters' is clicked on

2018-12-13 11:21:43 - [TEST_STEP][PASSED] - click(findTestObject("Object Repository/JM_8918/PMM/Page_JM Control Centre/span_Yes")): Object: 'Object Repository/JM_8918/PMM/Page_JM Control Centre/span_Yes' is clicked on

2018-12-13 11:21:43 - [MESSAGE][PASSED] - Object: 'Object Repository/JM_8918/PMM/Page_JM Control Centre/span_Yes' is clicked on

2018-12-13 11:21:43 - [TEST_STEP][PASSED] - delay(2): Delayed 2 second(s)

2018-12-13 11:21:45 - [MESSAGE][PASSED] - Delayed 2 second(s)

2018-12-13 11:21:45 - [TEST_STEP][PASSED] - click(findTestObject("Object Repository/JM_8918/PMM/Page_JM Control Centre/div_Create")): Object: 'Object Repository/JM_8918/PMM/Page_JM Control Centre/div_Create' is clicked on

2018-12-13 11:21:46 - [MESSAGE][PASSED] - Object: 'Object Repository/JM_8918/PMM/Page_JM Control Centre/div_Create' is clicked on

2018-12-13 11:21:46 - [TEST_STEP][PASSED] - waitForElementPresent(findTestObject("FSM1/Control Centre/Status/Page_JM Control Centre/div_PLANNED DYNAMIC"), 120, STOP_ON_FAILURE): Object 'Object Repository/FSM1/Control Centre/Status/Page_JM Control Centre/div_PLANNED DYNAMIC' is present

2018-12-13 11:22:03 - [MESSAGE][PASSED] - Object 'Object Repository/FSM1/Control Centre/Status/Page_JM Control Centre/div_PLANNED DYNAMIC' is present

2018-12-13 11:22:03 - [TEST_STEP][PASSED] - InspectionID = getText(findTestObject("FSM1/Control Centre/Create EMI Inspection/InspectionID/Page_JM Control Centre/InspectionID")): Text of object 'Object Repository/FSM1/Control Centre/Create EMI Inspection/InspectionID/Page_JM Control Centre/InspectionID' is: 'Viewing Job 95963'

2018-12-13 11:22:04 - [MESSAGE][PASSED] - Text of object 'Object Repository/FSM1/Control Centre/Create EMI Inspection/InspectionID/Page_JM Control Centre/InspectionID' is: 'Viewing Job 95963'

2018-12-13 11:22:04 - [TEST_STEP][PASSED] - InspectionID = InspectionID.replaceAll("Viewing Job ", ""): null

2018-12-13 11:22:04 - [TEST_STEP][PASSED] - log.logWarning(InspectionID): 95963

2018-12-13 11:22:04 - [MESSAGE][WARNING] - 95963

2018-12-13 11:22:04 - [TEST_STEP][PASSED] - temp = InspectionID: null

2018-12-13 11:22:04 - [TEST_STEP][PASSED] - delay(200): Delayed 200 second(s)

2018-12-13 11:25:24 - [MESSAGE][PASSED] - Delayed 200 second(s)]]></system-out>
         <system-err><![CDATA[]]></system-err>
      </testcase>
      <testcase name="Test Cases/Generic/Launch Job Manager" classname="Test Cases/Generic/Launch Job Manager" status="PASSED">
         <system-out><![CDATA[2018-12-13 11:25:24 - [TEST_CASE][PASSED] - Test Cases/Generic/Launch Job Manager: Test Cases/Generic/Launch Job Manager

2018-12-13 11:25:24 - [TEST_STEP][PASSED] - openBrowser(""): Browser is opened with url: ''

2018-12-13 11:25:24 - [MESSAGE][WARNING] - A browser is already opened. Closing browser and opening a new one

2018-12-13 11:25:25 - [MESSAGE][INFO] - Starting 'Chrome' driver

2018-12-13 11:25:28 - [MESSAGE][PASSED] - Browser is opened with url: ''

2018-12-13 11:25:28 - [TEST_STEP][PASSED] - navigateToUrl(JMURL): Navigate to 'https://kirona-def-6.kirona.com/jmprep/jclient/jclient.html' successfully

2018-12-13 11:25:29 - [MESSAGE][PASSED] - Navigate to 'https://kirona-def-6.kirona.com/jmprep/jclient/jclient.html' successfully

2018-12-13 11:25:29 - [TEST_STEP][PASSED] - setText(findTestObject("FSM1/Launch Application/Page_JClient/input_gwt-TextBox GKH2EKQBMDB"), "KIR1"): Text 'KIR1' is set on object 'Object Repository/FSM1/Launch Application/Page_JClient/input_gwt-TextBox GKH2EKQBMDB'

2018-12-13 11:25:31 - [MESSAGE][PASSED] - Text 'KIR1' is set on object 'Object Repository/FSM1/Launch Application/Page_JClient/input_gwt-TextBox GKH2EKQBMDB'

2018-12-13 11:25:31 - [TEST_STEP][PASSED] - sendKeys(findTestObject("FSM1/Launch Application/Page_JClient/input_gwt-TextBox GKH2EKQBMDB"), Keys.chord(ENTER)): Keys 'ENTER + ' sent to object: 'Object Repository/FSM1/Launch Application/Page_JClient/input_gwt-TextBox GKH2EKQBMDB'

2018-12-13 11:25:31 - [MESSAGE][PASSED] - Keys 'ENTER + ' sent to object: 'Object Repository/FSM1/Launch Application/Page_JClient/input_gwt-TextBox GKH2EKQBMDB'

2018-12-13 11:25:31 - [TEST_STEP][PASSED] - click(findTestObject("FSM1/Launch Application/Page_JClient/div_Configure App")): Object: 'Object Repository/FSM1/Launch Application/Page_JClient/div_Configure App' is clicked on

2018-12-13 11:25:31 - [MESSAGE][PASSED] - Object: 'Object Repository/FSM1/Launch Application/Page_JClient/div_Configure App' is clicked on

2018-12-13 11:25:31 - [TEST_STEP][PASSED] - setText(findTestObject("FSM1/Launch Application/Page_JClient/input_gwt-TextBox GKH2EKQBNHC"), findTestData("Pre Production/Environmental/UandP").getValue(3, 1)): Text 'test.inspector' is set on object 'Object Repository/FSM1/Launch Application/Page_JClient/input_gwt-TextBox GKH2EKQBNHC'

2018-12-13 11:25:33 - [MESSAGE][PASSED] - Text 'test.inspector' is set on object 'Object Repository/FSM1/Launch Application/Page_JClient/input_gwt-TextBox GKH2EKQBNHC'

2018-12-13 11:25:33 - [TEST_STEP][PASSED] - setText(findTestObject("FSM1/Launch Application/Page_JClient/input_gwt-PasswordTextBox GKH2"), findTestData("Pre Production/Environmental/UandP").getValue(4, 1)): Text 'Password1.' is set on object 'Object Repository/FSM1/Launch Application/Page_JClient/input_gwt-PasswordTextBox GKH2'

2018-12-13 11:25:33 - [MESSAGE][PASSED] - Text 'Password1.' is set on object 'Object Repository/FSM1/Launch Application/Page_JClient/input_gwt-PasswordTextBox GKH2'

2018-12-13 11:25:33 - [TEST_STEP][PASSED] - click(findTestObject("FSM1/Launch Application/Page_JClient/div_Sign In")): Object: 'Object Repository/FSM1/Launch Application/Page_JClient/div_Sign In' is clicked on

2018-12-13 11:25:33 - [MESSAGE][PASSED] - Object: 'Object Repository/FSM1/Launch Application/Page_JClient/div_Sign In' is clicked on

2018-12-13 11:25:33 - [TEST_STEP][PASSED] - delay(15): Delayed 15 second(s)

2018-12-13 11:25:48 - [MESSAGE][PASSED] - Delayed 15 second(s)]]></system-out>
         <system-err><![CDATA[]]></system-err>
      </testcase>
      <testcase name="Test Cases/Generic/Select Inspection For Rejection - Availability Changed" classname="Test Cases/Generic/Select Inspection For Rejection - Availability Changed" status="PASSED">
         <system-out><![CDATA[2018-12-13 11:25:48 - [TEST_CASE][PASSED] - Test Cases/Generic/Select Inspection For Rejection - Availability Changed: Test Cases/Generic/Select Inspection For Rejection - Availability Changed

2018-12-13 11:25:49 - [TEST_STEP][PASSED] - delay(30): Delayed 30 second(s)

2018-12-13 11:26:19 - [MESSAGE][PASSED] - Delayed 30 second(s)

2018-12-13 11:26:19 - [TEST_STEP][PASSED] - waitForElementClickable(findTestObject("JM_8918/Page_JM Control Centre/Page_JM Control Centre/Page_JClient/Refresh"), 250): Object 'Object Repository/JM_8918/Page_JM Control Centre/Page_JM Control Centre/Page_JClient/Refresh' is clickable

2018-12-13 11:26:19 - [MESSAGE][PASSED] - Object 'Object Repository/JM_8918/Page_JM Control Centre/Page_JM Control Centre/Page_JClient/Refresh' is clickable

2018-12-13 11:26:19 - [TEST_STEP][PASSED] - click(findTestObject("JM_8918/Page_JM Control Centre/Page_JM Control Centre/Page_JClient/Refresh")): Object: 'Object Repository/JM_8918/Page_JM Control Centre/Page_JM Control Centre/Page_JClient/Refresh' is clicked on

2018-12-13 11:26:19 - [MESSAGE][PASSED] - Object: 'Object Repository/JM_8918/Page_JM Control Centre/Page_JM Control Centre/Page_JClient/Refresh' is clicked on

2018-12-13 11:26:19 - [TEST_STEP][PASSED] - waitForElementClickable(findTestObject("JM_8918/Page_JM Control Centre/Page_JM Control Centre/Page_JClient/Refresh"), 250): Object 'Object Repository/JM_8918/Page_JM Control Centre/Page_JM Control Centre/Page_JClient/Refresh' is clickable

2018-12-13 11:26:19 - [MESSAGE][PASSED] - Object 'Object Repository/JM_8918/Page_JM Control Centre/Page_JM Control Centre/Page_JClient/Refresh' is clickable

2018-12-13 11:26:19 - [TEST_STEP][NOT_RUN] - delay(180): NOT_RUN: delay(180)

2018-12-13 11:26:19 - [MESSAGE][NOT_RUN] - NOT_RUN: delay(180)

2018-12-13 11:26:19 - [TEST_STEP][PASSED] - InspectionRef = modifyObjectProperty(findTestObject("Object Repository/FSM1/Reject Inspection/Page_JClient/div_35098"), "text", "equals", temp, true, STOP_ON_FAILURE): Modify property of object successfully

2018-12-13 11:26:19 - [MESSAGE][PASSED] - Modify property of object successfully

2018-12-13 11:26:19 - [TEST_STEP][PASSED] - delay(20): Delayed 20 second(s)

2018-12-13 11:26:39 - [MESSAGE][PASSED] - Delayed 20 second(s)

2018-12-13 11:26:39 - [TEST_STEP][PASSED] - if (verifyElementPresent(InspectionRef, 30, OPTIONAL)): Object: 'Object Repository/FSM1/Reject Inspection/Page_JClient/div_35098' is clicked on

2018-12-13 11:26:39 - [MESSAGE][PASSED] - Object 'Object Repository/FSM1/Reject Inspection/Page_JClient/div_35098' is present

2018-12-13 11:26:39 - [TEST_STEP][PASSED] - delay(3): Delayed 3 second(s)

2018-12-13 11:26:42 - [MESSAGE][PASSED] - Delayed 3 second(s)

2018-12-13 11:26:42 - [TEST_STEP][PASSED] - click(InspectionRef): Object: 'Object Repository/FSM1/Reject Inspection/Page_JClient/div_35098' is clicked on

2018-12-13 11:26:42 - [MESSAGE][PASSED] - Object: 'Object Repository/FSM1/Reject Inspection/Page_JClient/div_35098' is clicked on

2018-12-13 11:26:42 - [TEST_STEP][PASSED] - click(findTestObject("FSM1/Select Inspection/Page_JClient/div_WITH OPERATIVE")): Object: 'Object Repository/FSM1/Select Inspection/Page_JClient/div_WITH OPERATIVE' is clicked on

2018-12-13 11:26:43 - [MESSAGE][PASSED] - Object: 'Object Repository/FSM1/Select Inspection/Page_JClient/div_WITH OPERATIVE' is clicked on

2018-12-13 11:26:43 - [TEST_STEP][PASSED] - delay(2): Delayed 2 second(s)

2018-12-13 11:26:45 - [MESSAGE][PASSED] - Delayed 2 second(s)

2018-12-13 11:26:45 - [TEST_STEP][PASSED] - click(findTestObject("Object Repository/FSM1/Reject Inspection/Page_JClient/div_REJECTED")): Object: 'Object Repository/FSM1/Reject Inspection/Page_JClient/div_REJECTED' is clicked on

2018-12-13 11:26:46 - [MESSAGE][PASSED] - Object: 'Object Repository/FSM1/Reject Inspection/Page_JClient/div_REJECTED' is clicked on

2018-12-13 11:26:46 - [TEST_STEP][PASSED] - delay(2): Delayed 2 second(s)

2018-12-13 11:26:48 - [MESSAGE][PASSED] - Delayed 2 second(s)

2018-12-13 11:26:48 - [TEST_STEP][PASSED] - selectOptionByValue(findTestObject("Object Repository/FSM1/Reject Inspection/Page_JClient/select_Availability ChangedBio"), findTestData("Pre Production/ABP/Rejection - Availability Changed").getValue(1, 1), true): All options with value 'AVAILABILITY CHANGED' are selected in object 'Object Repository/FSM1/Reject Inspection/Page_JClient/select_Availability ChangedBio'  using regular expression

2018-12-13 11:26:48 - [MESSAGE][PASSED] - All options with value 'AVAILABILITY CHANGED' are selected in object 'Object Repository/FSM1/Reject Inspection/Page_JClient/select_Availability ChangedBio'  using regular expression

2018-12-13 11:26:48 - [TEST_STEP][NOT_RUN] - selectOptionByValue(findTestObject("Object Repository/FSM1/Reject Inspection/Page_JClient/select_Availability ChangedBio"), "BIOSECURITY", true): NOT_RUN: selectOptionByValue(findTestObject("Object Repository/FSM1/Reject Inspection/Page_JClient/select_Availability ChangedBio"), "BIOSECURITY", true)

2018-12-13 11:26:48 - [MESSAGE][NOT_RUN] - NOT_RUN: selectOptionByValue(findTestObject("Object Repository/FSM1/Reject Inspection/Page_JClient/select_Availability ChangedBio"), "BIOSECURITY", true)

2018-12-13 11:26:48 - [TEST_STEP][PASSED] - click(findTestObject("Object Repository/FSM1/Reject Inspection/Page_JClient/div_Save")): Object: 'Object Repository/FSM1/Reject Inspection/Page_JClient/div_Save' is clicked on

2018-12-13 11:26:48 - [MESSAGE][PASSED] - Object: 'Object Repository/FSM1/Reject Inspection/Page_JClient/div_Save' is clicked on

2018-12-13 11:26:48 - [TEST_STEP][PASSED] - click(findTestObject("Object Repository/FSM1/Reject Inspection/Page_JClient/div_Ok")): Object: 'Object Repository/FSM1/Reject Inspection/Page_JClient/div_Ok' is clicked on

2018-12-13 11:26:49 - [MESSAGE][PASSED] - Object: 'Object Repository/FSM1/Reject Inspection/Page_JClient/div_Ok' is clicked on

2018-12-13 11:26:49 - [TEST_STEP][PASSED] - delay(30): Delayed 30 second(s)

2018-12-13 11:27:19 - [MESSAGE][PASSED] - Delayed 30 second(s)]]></system-out>
         <system-err><![CDATA[]]></system-err>
      </testcase>
      <testcase name="Test Cases/Generic/Launch Job Manager Control Centre - Check Result" classname="Test Cases/Generic/Launch Job Manager Control Centre - Check Result" status="PASSED">
         <system-out><![CDATA[2018-12-13 11:27:19 - [TEST_CASE][PASSED] - Test Cases/Generic/Launch Job Manager Control Centre - Check Result: Test Cases/Generic/Launch Job Manager Control Centre - Check Result

2018-12-13 11:27:19 - [TEST_STEP][PASSED] - openBrowser(""): Browser is opened with url: ''

2018-12-13 11:27:19 - [MESSAGE][WARNING] - A browser is already opened. Closing browser and opening a new one

2018-12-13 11:27:20 - [MESSAGE][INFO] - Starting 'Chrome' driver

2018-12-13 11:27:23 - [MESSAGE][PASSED] - Browser is opened with url: ''

2018-12-13 11:27:23 - [TEST_STEP][PASSED] - navigateToUrl(CCURL): Navigate to 'https://kirona-def-6.kirona.com/jmprep/login#!loginView' successfully

2018-12-13 11:27:24 - [MESSAGE][PASSED] - Navigate to 'https://kirona-def-6.kirona.com/jmprep/login#!loginView' successfully

2018-12-13 11:27:24 - [TEST_STEP][PASSED] - setText(findTestObject("FSM1/Control Centre/Page_Job Manager Login/input_gwt-uid-3"), Username): Text 'jon.hatfield' is set on object 'Object Repository/FSM1/Control Centre/Page_Job Manager Login/input_gwt-uid-3'

2018-12-13 11:27:26 - [MESSAGE][PASSED] - Text 'jon.hatfield' is set on object 'Object Repository/FSM1/Control Centre/Page_Job Manager Login/input_gwt-uid-3'

2018-12-13 11:27:26 - [TEST_STEP][PASSED] - setText(findTestObject("FSM1/Control Centre/Page_Job Manager Login/input_gwt-uid-5"), Password): Text 'Fr@nc1sJ0n' is set on object 'Object Repository/FSM1/Control Centre/Page_Job Manager Login/input_gwt-uid-5'

2018-12-13 11:27:26 - [MESSAGE][PASSED] - Text 'Fr@nc1sJ0n' is set on object 'Object Repository/FSM1/Control Centre/Page_Job Manager Login/input_gwt-uid-5'

2018-12-13 11:27:26 - [TEST_STEP][PASSED] - click(findTestObject("FSM1/PreProd/Page_Job Manager Login/div_Login")): Object: 'Object Repository/FSM1/PreProd/Page_Job Manager Login/div_Login' is clicked on

2018-12-13 11:27:26 - [MESSAGE][PASSED] - Object: 'Object Repository/FSM1/PreProd/Page_Job Manager Login/div_Login' is clicked on

2018-12-13 11:27:26 - [TEST_STEP][PASSED] - delay(15): Delayed 15 second(s)

2018-12-13 11:27:41 - [MESSAGE][PASSED] - Delayed 15 second(s)]]></system-out>
         <system-err><![CDATA[]]></system-err>
      </testcase>
      <testcase name="Test Cases/ABP/Rejection/Control Centre - Check Results - Rejection" classname="Test Cases/ABP/Rejection/Control Centre - Check Results - Rejection" status="PASSED">
         <system-out><![CDATA[2018-12-13 11:27:41 - [TEST_CASE][PASSED] - Test Cases/ABP/Rejection/Control Centre - Check Results - Rejection: Test Cases/ABP/Rejection/Control Centre - Check Results - Rejection

2018-12-13 11:27:42 - [TEST_STEP][PASSED] - log = new com.kms.katalon.core.logging.KeywordLogger(): null

2018-12-13 11:27:42 - [TEST_STEP][PASSED] - setText(findTestObject("Object Repository/FSM1/EMI Check Results/Page_JM Control Centre/input_Recents_v-textfield v-wi"), temp): Text '95963' is set on object 'Object Repository/FSM1/EMI Check Results/Page_JM Control Centre/input_Recents_v-textfield v-wi'

2018-12-13 11:27:42 - [MESSAGE][PASSED] - Text '95963' is set on object 'Object Repository/FSM1/EMI Check Results/Page_JM Control Centre/input_Recents_v-textfield v-wi'

2018-12-13 11:27:42 - [TEST_STEP][PASSED] - click(findTestObject("Object Repository/FSM1/EMI Check Results/Page_JM Control Centre/span_")): Object: 'Object Repository/FSM1/EMI Check Results/Page_JM Control Centre/span_' is clicked on

2018-12-13 11:27:43 - [MESSAGE][PASSED] - Object: 'Object Repository/FSM1/EMI Check Results/Page_JM Control Centre/span_' is clicked on

2018-12-13 11:27:43 - [TEST_STEP][PASSED] - waitForElementPresent(findTestObject("Object Repository/FSM1/EMI Check Results/Page_JM Control Centre/div_CLOSED"), 60): Object 'Object Repository/FSM1/EMI Check Results/Page_JM Control Centre/div_CLOSED' is present

2018-12-13 11:27:45 - [MESSAGE][PASSED] - Object 'Object Repository/FSM1/EMI Check Results/Page_JM Control Centre/div_CLOSED' is present

2018-12-13 11:27:45 - [TEST_STEP][PASSED] - delay(3): Delayed 3 second(s)

2018-12-13 11:27:48 - [MESSAGE][PASSED] - Delayed 3 second(s)]]></system-out>
         <system-err><![CDATA[]]></system-err>
      </testcase>
      <testcase name="Test Cases/ABP/Generic/Check Subsequent Inspection Exist" classname="Test Cases/ABP/Generic/Check Subsequent Inspection Exist" status="PASSED">
         <system-out><![CDATA[2018-12-13 11:27:48 - [TEST_CASE][PASSED] - Test Cases/ABP/Generic/Check Subsequent Inspection Exist: Test Cases/ABP/Generic/Check Subsequent Inspection Exist

2018-12-13 11:27:49 - [TEST_STEP][PASSED] - delay(2): Delayed 2 second(s)

2018-12-13 11:27:51 - [MESSAGE][PASSED] - Delayed 2 second(s)

2018-12-13 11:27:51 - [TEST_STEP][PASSED] - click(findTestObject("Object Repository/FSM1/Complete ABP Inspection/Check Subsequent Inspections/New/Page_JM Control Centre/div_")): Object: 'Object Repository/FSM1/Complete ABP Inspection/Check Subsequent Inspections/New/Page_JM Control Centre/div_' is clicked on

2018-12-13 11:27:51 - [MESSAGE][PASSED] - Object: 'Object Repository/FSM1/Complete ABP Inspection/Check Subsequent Inspections/New/Page_JM Control Centre/div_' is clicked on

2018-12-13 11:27:51 - [TEST_STEP][PASSED] - click(findTestObject("Object Repository/FSM1/Complete ABP Inspection/Check Subsequent Inspections/New/Page_JM Control Centre/span_List All Subordinate Jobs")): Object: 'Object Repository/FSM1/Complete ABP Inspection/Check Subsequent Inspections/New/Page_JM Control Centre/span_List All Subordinate Jobs' is clicked on

2018-12-13 11:27:52 - [MESSAGE][PASSED] - Object: 'Object Repository/FSM1/Complete ABP Inspection/Check Subsequent Inspections/New/Page_JM Control Centre/span_List All Subordinate Jobs' is clicked on

2018-12-13 11:27:52 - [TEST_STEP][PASSED] - delay(2): Delayed 2 second(s)

2018-12-13 11:27:54 - [MESSAGE][PASSED] - Delayed 2 second(s)

2018-12-13 11:27:54 - [TEST_STEP][PASSED] - verifyElementVisible(findTestObject("Object Repository/FSM1/Complete ABP Inspection/Check Subsequent Inspections/New/Page_JM Control Centre/div_2 found.")): Object 'Object Repository/FSM1/Complete ABP Inspection/Check Subsequent Inspections/New/Page_JM Control Centre/div_2 found.' is visible

2018-12-13 11:28:06 - [MESSAGE][PASSED] - Object 'Object Repository/FSM1/Complete ABP Inspection/Check Subsequent Inspections/New/Page_JM Control Centre/div_2 found.' is visible

2018-12-13 11:28:06 - [TEST_STEP][PASSED] - closeBrowser(): Browser is closed

2018-12-13 11:28:07 - [MESSAGE][PASSED] - Browser is closed]]></system-out>
         <system-err><![CDATA[]]></system-err>
      </testcase>
      <system-out><![CDATA[2018-12-13 11:20:40 - [TEST_SUITE][PASSED] - PMM Regression - Registration - Rejected: Test Cases/ABP/Generic/Check Subsequent Inspection Exist]]></system-out>
      <system-err><![CDATA[]]></system-err>
   </testsuite>
</testsuites>
