<?xml version="1.0" encoding="UTF-8"?>
<testsuites name="ICW Regression - 31" time="362" tests="13" failures="0" errors="0">
   <testsuite name="ICW Regression - 31" tests="13" failures="0" errors="0" time="362" timestamp="2019-02-01 14:36:54" hostname="jonha - DESKTOP-KMCIR60" id="Test Suites/ICW/ICW Regression - 31">
      <properties>
         <property name="deviceName" value=""/>
         <property name="devicePlatform" value=""/>
         <property name="logFolder" value="C:\\Users\\jonha\\Documents\\Katalon\\APHA\\JM_8.9\\FSM_Regression\\Reports\\ICW\\ICW Regression - 31\\20190201_110500"/>
         <property name="logFiles" value="C:\\Users\\jonha\\Documents\\Katalon\\APHA\\JM_8.9\\FSM_Regression\\Reports\\ICW\\ICW Regression - 31\\20190201_110500\\execution0.log"/>
         <property name="attachments" value=""/>
         <property name="hostName" value="jonha - DESKTOP-KMCIR60"/>
         <property name="os" value="Windows 10 64bit"/>
         <property name="katalonVersion" value="5.9.1.2"/>
         <property name="browser" value="Chrome 71.0.3578.98"/>
         <property name="hostAddress" value="192.168.0.14"/>
         <property name="sessionId" value="7483dd579f35daa8338ead45e19b0005"/>
         <property name="seleniumVersion" value="3.7.1"/>
         <property name="proxyInformation" value="ProxyInformation{proxyOption=NO_PROXY, proxyServerType=HTTP, password=, proxyServerAddress=, proxyServerPort=0}"/>
         <property name="platform" value="Windows 10"/>
      </properties>
      <testcase name="Test Cases/Generic/Launch Job Manager Control Centre" classname="Test Cases/Generic/Launch Job Manager Control Centre" status="PASSED">
         <system-out><![CDATA[2019-02-01 14:36:54 - [TEST_CASE][PASSED] - Test Cases/Generic/Launch Job Manager Control Centre: Test Cases/Generic/Launch Job Manager Control Centre

2019-02-01 14:36:55 - [TEST_STEP][PASSED] - openBrowser(""): Browser is opened with url: ''

2019-02-01 14:36:55 - [MESSAGE][INFO] - Starting 'Chrome' driver

2019-02-01 14:36:55 - [MESSAGE][INFO] - Action delay is set to 0 seconds

2019-02-01 14:36:59 - [MESSAGE][PASSED] - Browser is opened with url: ''

2019-02-01 14:36:59 - [TEST_STEP][PASSED] - navigateToUrl(CCURL): Navigate to 'https://kirona-def-6.kirona.com/jmprep/login#!loginView' successfully

2019-02-01 14:37:00 - [MESSAGE][PASSED] - Navigate to 'https://kirona-def-6.kirona.com/jmprep/login#!loginView' successfully

2019-02-01 14:37:00 - [TEST_STEP][PASSED] - setText(findTestObject("FSM1/Control Centre/Page_Job Manager Login/input_gwt-uid-3"), Username): Text 'jon.hatfield' is set on object 'Object Repository/FSM1/Control Centre/Page_Job Manager Login/input_gwt-uid-3'

2019-02-01 14:37:00 - [MESSAGE][PASSED] - Text 'jon.hatfield' is set on object 'Object Repository/FSM1/Control Centre/Page_Job Manager Login/input_gwt-uid-3'

2019-02-01 14:37:00 - [TEST_STEP][PASSED] - setText(findTestObject("FSM1/Control Centre/Page_Job Manager Login/input_gwt-uid-5"), Password): Text 'Fr@nc1sJ0n' is set on object 'Object Repository/FSM1/Control Centre/Page_Job Manager Login/input_gwt-uid-5'

2019-02-01 14:37:00 - [MESSAGE][PASSED] - Text 'Fr@nc1sJ0n' is set on object 'Object Repository/FSM1/Control Centre/Page_Job Manager Login/input_gwt-uid-5'

2019-02-01 14:37:00 - [TEST_STEP][PASSED] - delay(2): Delayed 2 second(s)

2019-02-01 14:37:03 - [MESSAGE][PASSED] - Delayed 2 second(s)

2019-02-01 14:37:03 - [TEST_STEP][PASSED] - click(findTestObject("FSM1/PreProd/Page_Job Manager Login/div_Login")): Object: 'Object Repository/FSM1/PreProd/Page_Job Manager Login/div_Login' is clicked on

2019-02-01 14:37:03 - [MESSAGE][PASSED] - Object: 'Object Repository/FSM1/PreProd/Page_Job Manager Login/div_Login' is clicked on

2019-02-01 14:37:03 - [TEST_STEP][PASSED] - delay(5): Delayed 5 second(s)

2019-02-01 14:37:08 - [MESSAGE][PASSED] - Delayed 5 second(s)]]></system-out>
         <system-err><![CDATA[]]></system-err>
      </testcase>
      <testcase name="Test Cases/ABP/Generic/Create ABP Inspection - Manual Assignment" classname="Test Cases/ABP/Generic/Create ABP Inspection - Manual Assignment" status="PASSED">
         <system-out><![CDATA[2019-02-01 14:37:08 - [TEST_CASE][PASSED] - Test Cases/ABP/Generic/Create ABP Inspection - Manual Assignment: Test Cases/ABP/Generic/Create ABP Inspection - Manual Assignment

2019-02-01 14:37:08 - [TEST_STEP][PASSED] - log = new com.kms.katalon.core.logging.KeywordLogger(): null

2019-02-01 14:37:08 - [TEST_STEP][PASSED] - waitForElementClickable(findTestObject("Object Repository/FSM1/Create ABP Inspection Manual Ass/Page_JM Control Centre/Page_JM Control Centre/Page_JM Control Centre/div_Create"), 60, STOP_ON_FAILURE): Object 'Object Repository/FSM1/Create ABP Inspection Manual Ass/Page_JM Control Centre/Page_JM Control Centre/Page_JM Control Centre/div_Create' is clickable

2019-02-01 14:37:17 - [MESSAGE][PASSED] - Object 'Object Repository/FSM1/Create ABP Inspection Manual Ass/Page_JM Control Centre/Page_JM Control Centre/Page_JM Control Centre/div_Create' is clickable

2019-02-01 14:37:17 - [TEST_STEP][PASSED] - delay(3): Delayed 3 second(s)

2019-02-01 14:37:20 - [MESSAGE][PASSED] - Delayed 3 second(s)

2019-02-01 14:37:20 - [TEST_STEP][PASSED] - click(findTestObject("Object Repository/FSM1/Create ABP Inspection Manual Ass/Page_JM Control Centre/Page_JM Control Centre/Page_JM Control Centre/div_Create")): Object: 'Object Repository/FSM1/Create ABP Inspection Manual Ass/Page_JM Control Centre/Page_JM Control Centre/Page_JM Control Centre/div_Create' is clicked on

2019-02-01 14:37:20 - [MESSAGE][PASSED] - Object: 'Object Repository/FSM1/Create ABP Inspection Manual Ass/Page_JM Control Centre/Page_JM Control Centre/Page_JM Control Centre/div_Create' is clicked on

2019-02-01 14:37:20 - [TEST_STEP][PASSED] - click(findTestObject("Object Repository/FSM1/Create ABP Inspection Manual Ass/Page_JM Control Centre/Page_JM Control Centre/Page_JM Control Centre/div_v-filterselect-button")): Object: 'Object Repository/FSM1/Create ABP Inspection Manual Ass/Page_JM Control Centre/Page_JM Control Centre/Page_JM Control Centre/div_v-filterselect-button' is clicked on

2019-02-01 14:37:23 - [MESSAGE][PASSED] - Object: 'Object Repository/FSM1/Create ABP Inspection Manual Ass/Page_JM Control Centre/Page_JM Control Centre/Page_JM Control Centre/div_v-filterselect-button' is clicked on

2019-02-01 14:37:23 - [TEST_STEP][PASSED] - setText(findTestObject("Object Repository/FSM1/Create ABP Inspection Manual Ass/Page_JM Control Centre/Page_JM Control Centre/Page_JM Control Centre/input_gwt-uid-8"), ABPInspection): Text 'ABPR31' is set on object 'Object Repository/FSM1/Create ABP Inspection Manual Ass/Page_JM Control Centre/Page_JM Control Centre/Page_JM Control Centre/input_gwt-uid-8'

2019-02-01 14:37:23 - [MESSAGE][PASSED] - Text 'ABPR31' is set on object 'Object Repository/FSM1/Create ABP Inspection Manual Ass/Page_JM Control Centre/Page_JM Control Centre/Page_JM Control Centre/input_gwt-uid-8'

2019-02-01 14:37:23 - [TEST_STEP][PASSED] - ABPInspectionTypeJ = modifyObjectProperty(findTestObject("Object Repository/FSM1/Create ABP Inspection Manual Ass/Page_JM Control Centre/Page_JM Control Centre/Page_JM Control Centre/span_ABPR01A - Composting and"), "text", "equals", ABPInspectionType, true): Modify property of object successfully

2019-02-01 14:37:23 - [MESSAGE][PASSED] - Modify property of object successfully

2019-02-01 14:37:23 - [TEST_STEP][PASSED] - click(ABPInspectionTypeJ, STOP_ON_FAILURE): Object: 'Object Repository/FSM1/Create ABP Inspection Manual Ass/Page_JM Control Centre/Page_JM Control Centre/Page_JM Control Centre/span_ABPR01A - Composting and' is clicked on

2019-02-01 14:37:23 - [MESSAGE][PASSED] - Object: 'Object Repository/FSM1/Create ABP Inspection Manual Ass/Page_JM Control Centre/Page_JM Control Centre/Page_JM Control Centre/span_ABPR01A - Composting and' is clicked on

2019-02-01 14:37:23 - [TEST_STEP][PASSED] - click(findTestObject("Object Repository/FSM1/Create ABP Inspection Manual Ass/Page_JM Control Centre/Page_JM Control Centre/Page_JM Control Centre/div_v-filterselect-button_1")): Object: 'Object Repository/FSM1/Create ABP Inspection Manual Ass/Page_JM Control Centre/Page_JM Control Centre/Page_JM Control Centre/div_v-filterselect-button_1' is clicked on

2019-02-01 14:37:26 - [MESSAGE][PASSED] - Object: 'Object Repository/FSM1/Create ABP Inspection Manual Ass/Page_JM Control Centre/Page_JM Control Centre/Page_JM Control Centre/div_v-filterselect-button_1' is clicked on

2019-02-01 14:37:26 - [TEST_STEP][PASSED] - click(findTestObject("Object Repository/FSM1/Create ABP Inspection Manual Ass/Page_JM Control Centre/Page_JM Control Centre/Page_JM Control Centre/span_24 Hours")): Object: 'Object Repository/FSM1/Create ABP Inspection Manual Ass/Page_JM Control Centre/Page_JM Control Centre/Page_JM Control Centre/span_24 Hours' is clicked on

2019-02-01 14:37:26 - [MESSAGE][PASSED] - Object: 'Object Repository/FSM1/Create ABP Inspection Manual Ass/Page_JM Control Centre/Page_JM Control Centre/Page_JM Control Centre/span_24 Hours' is clicked on

2019-02-01 14:37:26 - [TEST_STEP][PASSED] - click(findTestObject("Object Repository/FSM1/Create ABP Inspection/Page_JM Control Centre/div_Region_v-filterselect-butt")): Object: 'Object Repository/FSM1/Create ABP Inspection/Page_JM Control Centre/div_Region_v-filterselect-butt' is clicked on

2019-02-01 14:37:26 - [MESSAGE][PASSED] - Object: 'Object Repository/FSM1/Create ABP Inspection/Page_JM Control Centre/div_Region_v-filterselect-butt' is clicked on

2019-02-01 14:37:26 - [TEST_STEP][PASSED] - click(findTestObject("Object Repository/FSM1/Create ABP Inspection Manual Ass/Page_JM Control Centre/Page_JM Control Centre/Page_JM Control Centre/td_West")): Object: 'Object Repository/FSM1/Create ABP Inspection Manual Ass/Page_JM Control Centre/Page_JM Control Centre/Page_JM Control Centre/td_West' is clicked on

2019-02-01 14:37:27 - [MESSAGE][PASSED] - Object: 'Object Repository/FSM1/Create ABP Inspection Manual Ass/Page_JM Control Centre/Page_JM Control Centre/Page_JM Control Centre/td_West' is clicked on

2019-02-01 14:37:27 - [TEST_STEP][PASSED] - click(findTestObject("Object Repository/FSM1/Create ABP Inspection/Page_JM Control Centre/div_Plant Type_v-filterselect-")): Object: 'Object Repository/FSM1/Create ABP Inspection/Page_JM Control Centre/div_Plant Type_v-filterselect-' is clicked on

2019-02-01 14:37:27 - [MESSAGE][PASSED] - Object: 'Object Repository/FSM1/Create ABP Inspection/Page_JM Control Centre/div_Plant Type_v-filterselect-' is clicked on

2019-02-01 14:37:27 - [TEST_STEP][PASSED] - click(findTestObject("Object Repository/FSM1/Create ABP Inspection Manual Ass/Page_JM Control Centre/Page_JM Control Centre/Page_JM Control Centre/td_SECTION I Intermediate Acti")): Object: 'Object Repository/FSM1/Create ABP Inspection Manual Ass/Page_JM Control Centre/Page_JM Control Centre/Page_JM Control Centre/td_SECTION I Intermediate Acti' is clicked on

2019-02-01 14:37:27 - [MESSAGE][PASSED] - Object: 'Object Repository/FSM1/Create ABP Inspection Manual Ass/Page_JM Control Centre/Page_JM Control Centre/Page_JM Control Centre/td_SECTION I Intermediate Acti' is clicked on

2019-02-01 14:37:27 - [TEST_STEP][PASSED] - click(findTestObject("Object Repository/FSM1/Create ABP Inspection/Page_JM Control Centre/div_Inspection Type_v-filterse")): Object: 'Object Repository/FSM1/Create ABP Inspection/Page_JM Control Centre/div_Inspection Type_v-filterse' is clicked on

2019-02-01 14:37:27 - [MESSAGE][PASSED] - Object: 'Object Repository/FSM1/Create ABP Inspection/Page_JM Control Centre/div_Inspection Type_v-filterse' is clicked on

2019-02-01 14:37:27 - [TEST_STEP][PASSED] - click(findTestObject("Object Repository/FSM1/Create ABP Inspection Manual Ass/Page_JM Control Centre/Page_JM Control Centre/Page_JM Control Centre/td_Routine")): Object: 'Object Repository/FSM1/Create ABP Inspection Manual Ass/Page_JM Control Centre/Page_JM Control Centre/Page_JM Control Centre/td_Routine' is clicked on

2019-02-01 14:37:28 - [MESSAGE][PASSED] - Object: 'Object Repository/FSM1/Create ABP Inspection Manual Ass/Page_JM Control Centre/Page_JM Control Centre/Page_JM Control Centre/td_Routine' is clicked on

2019-02-01 14:37:28 - [TEST_STEP][PASSED] - click(findTestObject("Object Repository/JM_8918/New/Page_JClient/Page_JM Control Centre/Page_JM Control Centre/label_1")): Object: 'Object Repository/JM_8918/New/Page_JClient/Page_JM Control Centre/Page_JM Control Centre/label_1' is clicked on

2019-02-01 14:37:28 - [MESSAGE][PASSED] - Object: 'Object Repository/JM_8918/New/Page_JClient/Page_JM Control Centre/Page_JM Control Centre/label_1' is clicked on

2019-02-01 14:37:28 - [TEST_STEP][PASSED] - click(findTestObject("Object Repository/FSM1/Create ABP Inspection/Page_JM Control Centre/div_Inspector Grade Required_v")): Object: 'Object Repository/FSM1/Create ABP Inspection/Page_JM Control Centre/div_Inspector Grade Required_v' is clicked on

2019-02-01 14:37:28 - [MESSAGE][PASSED] - Object: 'Object Repository/FSM1/Create ABP Inspection/Page_JM Control Centre/div_Inspector Grade Required_v' is clicked on

2019-02-01 14:37:28 - [TEST_STEP][PASSED] - click(findTestObject("Object Repository/FSM1/Create ABP Inspection Manual Ass/Page_JM Control Centre/Page_JM Control Centre/Page_JM Control Centre/td_Tech")): Object: 'Object Repository/FSM1/Create ABP Inspection Manual Ass/Page_JM Control Centre/Page_JM Control Centre/Page_JM Control Centre/td_Tech' is clicked on

2019-02-01 14:37:28 - [MESSAGE][PASSED] - Object: 'Object Repository/FSM1/Create ABP Inspection Manual Ass/Page_JM Control Centre/Page_JM Control Centre/Page_JM Control Centre/td_Tech' is clicked on

2019-02-01 14:37:28 - [TEST_STEP][PASSED] - click(findTestObject("Object Repository/FSM1/Create ABP Inspection/Page_JM Control Centre/div_Sequence within Inspection")): Object: 'Object Repository/FSM1/Create ABP Inspection/Page_JM Control Centre/div_Sequence within Inspection' is clicked on

2019-02-01 14:37:28 - [MESSAGE][PASSED] - Object: 'Object Repository/FSM1/Create ABP Inspection/Page_JM Control Centre/div_Sequence within Inspection' is clicked on

2019-02-01 14:37:28 - [TEST_STEP][PASSED] - click(findTestObject("Object Repository/FSM1/Create ABP Inspection Manual Ass/Page_JM Control Centre/Page_JM Control Centre/Page_JM Control Centre/td_2 - Tech")): Object: 'Object Repository/FSM1/Create ABP Inspection Manual Ass/Page_JM Control Centre/Page_JM Control Centre/Page_JM Control Centre/td_2 - Tech' is clicked on

2019-02-01 14:37:29 - [MESSAGE][PASSED] - Object: 'Object Repository/FSM1/Create ABP Inspection Manual Ass/Page_JM Control Centre/Page_JM Control Centre/Page_JM Control Centre/td_2 - Tech' is clicked on

2019-02-01 14:37:29 - [TEST_STEP][PASSED] - setText(findTestObject("JM_8918/ABP/Page_JM Control Centre/input_Customer ID_gwt-uid-42"), RandomStringUtils.randomNumeric(5)): Text '74785' is set on object 'Object Repository/JM_8918/ABP/Page_JM Control Centre/input_Customer ID_gwt-uid-42'

2019-02-01 14:37:29 - [MESSAGE][PASSED] - Text '74785' is set on object 'Object Repository/JM_8918/ABP/Page_JM Control Centre/input_Customer ID_gwt-uid-42'

2019-02-01 14:37:29 - [TEST_STEP][PASSED] - delay(2): Delayed 2 second(s)

2019-02-01 14:37:31 - [MESSAGE][PASSED] - Delayed 2 second(s)

2019-02-01 14:37:31 - [TEST_STEP][PASSED] - setText(findTestObject("JM_8918/ABP/Page_JM Control Centre/input_Unit ID_gwt-uid-44"), RandomStringUtils.randomNumeric(5)): Text '44953' is set on object 'Object Repository/JM_8918/ABP/Page_JM Control Centre/input_Unit ID_gwt-uid-44'

2019-02-01 14:37:31 - [MESSAGE][PASSED] - Text '44953' is set on object 'Object Repository/JM_8918/ABP/Page_JM Control Centre/input_Unit ID_gwt-uid-44'

2019-02-01 14:37:31 - [TEST_STEP][PASSED] - setText(findTestObject("JM_8918/ABP/Page_JM Control Centre/input_Customer Name_gwt-uid-46"), "Test Automation"): Text 'Test Automation' is set on object 'Object Repository/JM_8918/ABP/Page_JM Control Centre/input_Customer Name_gwt-uid-46'

2019-02-01 14:37:31 - [MESSAGE][PASSED] - Text 'Test Automation' is set on object 'Object Repository/JM_8918/ABP/Page_JM Control Centre/input_Customer Name_gwt-uid-46'

2019-02-01 14:37:31 - [TEST_STEP][PASSED] - click(findTestObject("Object Repository/FSM1/Create ABP Inspection Manual Ass/Page_JM Control Centre/Page_JM Control Centre/Page_JM Control Centre/span_")): Object: 'Object Repository/FSM1/Create ABP Inspection Manual Ass/Page_JM Control Centre/Page_JM Control Centre/Page_JM Control Centre/span_' is clicked on

2019-02-01 14:37:32 - [MESSAGE][PASSED] - Object: 'Object Repository/FSM1/Create ABP Inspection Manual Ass/Page_JM Control Centre/Page_JM Control Centre/Page_JM Control Centre/span_' is clicked on

2019-02-01 14:37:32 - [TEST_STEP][PASSED] - click(findTestObject("FSM1/Control Centre/Create EMI Inspection/Address Search/Page_JM Control Centre/Postcode Search")): Object: 'Object Repository/FSM1/Control Centre/Create EMI Inspection/Address Search/Page_JM Control Centre/Postcode Search' is clicked on

2019-02-01 14:37:32 - [MESSAGE][PASSED] - Object: 'Object Repository/FSM1/Control Centre/Create EMI Inspection/Address Search/Page_JM Control Centre/Postcode Search' is clicked on

2019-02-01 14:37:32 - [TEST_STEP][PASSED] - setText(findTestObject("FSM1/PreProd/Page_JM Control Centre/PostcodeSearch"), findTestData("Pre Production/ABP/ABP Inspection Data 01a").getValue(2, 1)): Text 'WR5 2NQ' is set on object 'Object Repository/FSM1/PreProd/Page_JM Control Centre/PostcodeSearch'

2019-02-01 14:37:33 - [MESSAGE][PASSED] - Text 'WR5 2NQ' is set on object 'Object Repository/FSM1/PreProd/Page_JM Control Centre/PostcodeSearch'

2019-02-01 14:37:33 - [TEST_STEP][PASSED] - doubleClick(findTestObject("JM_8918/Page_JM Control Centre/div_Search")): Object: 'Object Repository/JM_8918/Page_JM Control Centre/div_Search' is double clicked on

2019-02-01 14:37:33 - [MESSAGE][PASSED] - Object: 'Object Repository/JM_8918/Page_JM Control Centre/div_Search' is double clicked on

2019-02-01 14:37:33 - [TEST_STEP][PASSED] - FullAddress = modifyObjectProperty(findTestObject("Object Repository/FSM1/Create ABP Inspection Manual Ass/Page_JM Control Centre/Page_JM Control Centre/Page_JM Control Centre/Address"), "text", "equals", findTestData("Pre Production/ABP/ABP Inspection Data 01a").getValue(3, 1), true): Modify property of object successfully

2019-02-01 14:37:33 - [MESSAGE][PASSED] - Modify property of object successfully

2019-02-01 14:37:33 - [TEST_STEP][PASSED] - click(FullAddress, STOP_ON_FAILURE): Object: 'Object Repository/FSM1/Create ABP Inspection Manual Ass/Page_JM Control Centre/Page_JM Control Centre/Page_JM Control Centre/Address' is clicked on

2019-02-01 14:37:34 - [MESSAGE][PASSED] - Object: 'Object Repository/FSM1/Create ABP Inspection Manual Ass/Page_JM Control Centre/Page_JM Control Centre/Page_JM Control Centre/Address' is clicked on

2019-02-01 14:37:34 - [TEST_STEP][PASSED] - click(findTestObject("FSM1/Control Centre/Create EMI Inspection/Create Address/Page_JM Control Centre (2)/div_Add Selected Item")): Object: 'Object Repository/FSM1/Control Centre/Create EMI Inspection/Create Address/Page_JM Control Centre (2)/div_Add Selected Item' is clicked on

2019-02-01 14:37:34 - [MESSAGE][PASSED] - Object: 'Object Repository/FSM1/Control Centre/Create EMI Inspection/Create Address/Page_JM Control Centre (2)/div_Add Selected Item' is clicked on

2019-02-01 14:37:34 - [TEST_STEP][PASSED] - delay(3): Delayed 3 second(s)

2019-02-01 14:37:37 - [MESSAGE][PASSED] - Delayed 3 second(s)

2019-02-01 14:37:37 - [TEST_STEP][PASSED] - click(findTestObject("FSM1/Control Centre/Create EMI Inspection/Finish/Page_JM Control Centre (3)/div_Create")): Object: 'Object Repository/FSM1/Control Centre/Create EMI Inspection/Finish/Page_JM Control Centre (3)/div_Create' is clicked on

2019-02-01 14:37:38 - [MESSAGE][PASSED] - Object: 'Object Repository/FSM1/Control Centre/Create EMI Inspection/Finish/Page_JM Control Centre (3)/div_Create' is clicked on

2019-02-01 14:37:38 - [TEST_STEP][PASSED] - waitForElementPresent(findTestObject("Object Repository/FSM1/Create ABP Inspection Manual Ass/Page_JM Control Centre/Page_JM Control Centre/Page_JM Control Centre/div_APPROVED"), 120, STOP_ON_FAILURE): Object 'Object Repository/FSM1/Create ABP Inspection Manual Ass/Page_JM Control Centre/Page_JM Control Centre/Page_JM Control Centre/div_APPROVED' is present

2019-02-01 14:37:41 - [MESSAGE][PASSED] - Object 'Object Repository/FSM1/Create ABP Inspection Manual Ass/Page_JM Control Centre/Page_JM Control Centre/Page_JM Control Centre/div_APPROVED' is present

2019-02-01 14:37:41 - [TEST_STEP][PASSED] - click(findTestObject("Object Repository/FSM1/Create ABP Inspection Manual Ass/Page_JM Control Centre/Page_JM Control Centre/Page_JM Control Centre/span_Schedule")): Object: 'Object Repository/FSM1/Create ABP Inspection Manual Ass/Page_JM Control Centre/Page_JM Control Centre/Page_JM Control Centre/span_Schedule' is clicked on

2019-02-01 14:37:41 - [MESSAGE][PASSED] - Object: 'Object Repository/FSM1/Create ABP Inspection Manual Ass/Page_JM Control Centre/Page_JM Control Centre/Page_JM Control Centre/span_Schedule' is clicked on

2019-02-01 14:37:41 - [TEST_STEP][PASSED] - click(findTestObject("Object Repository/JM_8918/New/Page_JM Control Centre/Page_JM Control Centre/label_Manually Allocate as an")): Object: 'Object Repository/JM_8918/New/Page_JM Control Centre/Page_JM Control Centre/label_Manually Allocate as an' is clicked on

2019-02-01 14:37:43 - [MESSAGE][PASSED] - Object: 'Object Repository/JM_8918/New/Page_JM Control Centre/Page_JM Control Centre/label_Manually Allocate as an' is clicked on

2019-02-01 14:37:43 - [TEST_STEP][PASSED] - click(findTestObject("Object Repository/JM_8918/New/Page_JM Control Centre/Page_JM Control Centre/div_Owner_v-filterselect-butto")): Object: 'Object Repository/JM_8918/New/Page_JM Control Centre/Page_JM Control Centre/div_Owner_v-filterselect-butto' is clicked on

2019-02-01 14:37:44 - [MESSAGE][PASSED] - Object: 'Object Repository/JM_8918/New/Page_JM Control Centre/Page_JM Control Centre/div_Owner_v-filterselect-butto' is clicked on

2019-02-01 14:37:44 - [TEST_STEP][PASSED] - setText(findTestObject("Object Repository/JM_8918/New/Page_JM Control Centre/Page_JM Control Centre/input_Owner_gwt-uid-304"), "test"): Text 'test' is set on object 'Object Repository/JM_8918/New/Page_JM Control Centre/Page_JM Control Centre/input_Owner_gwt-uid-304'

2019-02-01 14:37:44 - [MESSAGE][PASSED] - Text 'test' is set on object 'Object Repository/JM_8918/New/Page_JM Control Centre/Page_JM Control Centre/input_Owner_gwt-uid-304'

2019-02-01 14:37:44 - [TEST_STEP][PASSED] - click(findTestObject("Object Repository/JM_8918/New/Page_JM Control Centre/Page_JM Control Centre/span_Test Inspector")): Object: 'Object Repository/JM_8918/New/Page_JM Control Centre/Page_JM Control Centre/span_Test Inspector' is clicked on

2019-02-01 14:37:44 - [MESSAGE][PASSED] - Object: 'Object Repository/JM_8918/New/Page_JM Control Centre/Page_JM Control Centre/span_Test Inspector' is clicked on

2019-02-01 14:37:44 - [TEST_STEP][PASSED] - delay(3): Delayed 3 second(s)

2019-02-01 14:37:47 - [MESSAGE][PASSED] - Delayed 3 second(s)

2019-02-01 14:37:47 - [TEST_STEP][NOT_RUN] - mydate = new java.util.Date(): NOT_RUN: mydate = new java.util.Date()

2019-02-01 14:37:47 - [MESSAGE][NOT_RUN] - NOT_RUN: mydate = new java.util.Date()

2019-02-01 14:37:47 - [TEST_STEP][NOT_RUN] - tomorrow = mydate.next(): NOT_RUN: tomorrow = mydate.next()

2019-02-01 14:37:47 - [MESSAGE][NOT_RUN] - NOT_RUN: tomorrow = mydate.next()

2019-02-01 14:37:47 - [TEST_STEP][NOT_RUN] - formattedDate = tomorrow.format("dd-MMM-yyyy"): NOT_RUN: formattedDate = tomorrow.format("dd-MMM-yyyy")

2019-02-01 14:37:47 - [MESSAGE][NOT_RUN] - NOT_RUN: formattedDate = tomorrow.format("dd-MMM-yyyy")

2019-02-01 14:37:47 - [TEST_STEP][NOT_RUN] - delay(2): NOT_RUN: delay(2)

2019-02-01 14:37:47 - [MESSAGE][NOT_RUN] - NOT_RUN: delay(2)

2019-02-01 14:37:47 - [TEST_STEP][NOT_RUN] - setText(findTestObject("JM_8918/New/Page_JM Control Centre/Page_JM Control Centre/input_Due date_gwt-uid-308"), formattedDate): NOT_RUN: setText(findTestObject("JM_8918/New/Page_JM Control Centre/Page_JM Control Centre/input_Due date_gwt-uid-308"), formattedDate)

2019-02-01 14:37:47 - [MESSAGE][NOT_RUN] - NOT_RUN: setText(findTestObject("JM_8918/New/Page_JM Control Centre/Page_JM Control Centre/input_Due date_gwt-uid-308"), formattedDate)

2019-02-01 14:37:47 - [TEST_STEP][NOT_RUN] - delay(2): NOT_RUN: delay(2)

2019-02-01 14:37:47 - [MESSAGE][NOT_RUN] - NOT_RUN: delay(2)

2019-02-01 14:37:47 - [TEST_STEP][NOT_RUN] - setText(findTestObject("JM_8918/New/Page_JM Control Centre/Page_JM Control Centre/input_From date_gwt-uid-306"), formattedDate): NOT_RUN: setText(findTestObject("JM_8918/New/Page_JM Control Centre/Page_JM Control Centre/input_From date_gwt-uid-306"), formattedDate)

2019-02-01 14:37:47 - [MESSAGE][NOT_RUN] - NOT_RUN: setText(findTestObject("JM_8918/New/Page_JM Control Centre/Page_JM Control Centre/input_From date_gwt-uid-306"), formattedDate)

2019-02-01 14:37:47 - [TEST_STEP][PASSED] - delay(5): Delayed 5 second(s)

2019-02-01 14:37:52 - [MESSAGE][PASSED] - Delayed 5 second(s)

2019-02-01 14:37:52 - [TEST_STEP][PASSED] - click(findTestObject("Object Repository/FSM1/Create ABP Inspection Manual Ass/Page_JM Control Centre/Page_JM Control Centre/Page_JM Control Centre/div_Allocate")): Object: 'Object Repository/FSM1/Create ABP Inspection Manual Ass/Page_JM Control Centre/Page_JM Control Centre/Page_JM Control Centre/div_Allocate' is clicked on

2019-02-01 14:37:52 - [MESSAGE][PASSED] - Object: 'Object Repository/FSM1/Create ABP Inspection Manual Ass/Page_JM Control Centre/Page_JM Control Centre/Page_JM Control Centre/div_Allocate' is clicked on

2019-02-01 14:37:52 - [TEST_STEP][PASSED] - InspectionID = getText(findTestObject("Object Repository/FSM1/Create ABP Inspection Manual Ass/Page_JM Control Centre/Page_JM Control Centre/Page_JM Control Centre/InspectionID")): Text of object 'Object Repository/FSM1/Create ABP Inspection Manual Ass/Page_JM Control Centre/Page_JM Control Centre/Page_JM Control Centre/InspectionID' is: 'Viewing Job 103688'

2019-02-01 14:37:52 - [MESSAGE][PASSED] - Text of object 'Object Repository/FSM1/Create ABP Inspection Manual Ass/Page_JM Control Centre/Page_JM Control Centre/Page_JM Control Centre/InspectionID' is: 'Viewing Job 103688'

2019-02-01 14:37:53 - [TEST_STEP][PASSED] - InspectionID = InspectionID.replaceAll("Viewing Job ", ""): null

2019-02-01 14:37:53 - [TEST_STEP][PASSED] - log.logWarning(InspectionID): 103688

2019-02-01 14:37:53 - [MESSAGE][WARNING] - 103688

2019-02-01 14:37:53 - [TEST_STEP][PASSED] - temp = InspectionID: null

2019-02-01 14:37:53 - [TEST_STEP][PASSED] - delay(90): Delayed 90 second(s)

2019-02-01 14:39:23 - [MESSAGE][PASSED] - Delayed 90 second(s)]]></system-out>
         <system-err><![CDATA[]]></system-err>
      </testcase>
      <testcase name="Test Cases/Generic/Launch Job Manager" classname="Test Cases/Generic/Launch Job Manager" status="PASSED">
         <system-out><![CDATA[2019-02-01 14:39:23 - [TEST_CASE][PASSED] - Test Cases/Generic/Launch Job Manager: Test Cases/Generic/Launch Job Manager

2019-02-01 14:39:23 - [TEST_STEP][PASSED] - openBrowser(""): Browser is opened with url: ''

2019-02-01 14:39:23 - [MESSAGE][WARNING] - A browser is already opened. Closing browser and opening a new one

2019-02-01 14:39:24 - [MESSAGE][INFO] - Starting 'Chrome' driver

2019-02-01 14:39:26 - [MESSAGE][PASSED] - Browser is opened with url: ''

2019-02-01 14:39:26 - [TEST_STEP][PASSED] - navigateToUrl(JMURL): Navigate to 'https://kirona-def-6.kirona.com/jmprep/jclient/jclient.html' successfully

2019-02-01 14:39:27 - [MESSAGE][PASSED] - Navigate to 'https://kirona-def-6.kirona.com/jmprep/jclient/jclient.html' successfully

2019-02-01 14:39:27 - [TEST_STEP][PASSED] - delay(3): Delayed 3 second(s)

2019-02-01 14:39:30 - [MESSAGE][PASSED] - Delayed 3 second(s)

2019-02-01 14:39:30 - [TEST_STEP][PASSED] - setText(findTestObject("FSM1/Launch Application/Page_JClient/input_gwt-TextBox GKH2EKQBMDB"), "KIR1"): Text 'KIR1' is set on object 'Object Repository/FSM1/Launch Application/Page_JClient/input_gwt-TextBox GKH2EKQBMDB'

2019-02-01 14:39:30 - [MESSAGE][PASSED] - Text 'KIR1' is set on object 'Object Repository/FSM1/Launch Application/Page_JClient/input_gwt-TextBox GKH2EKQBMDB'

2019-02-01 14:39:30 - [TEST_STEP][PASSED] - sendKeys(findTestObject("FSM1/Launch Application/Page_JClient/input_gwt-TextBox GKH2EKQBMDB"), Keys.chord(ENTER)): Keys 'ENTER + ' sent to object: 'Object Repository/FSM1/Launch Application/Page_JClient/input_gwt-TextBox GKH2EKQBMDB'

2019-02-01 14:39:30 - [MESSAGE][PASSED] - Keys 'ENTER + ' sent to object: 'Object Repository/FSM1/Launch Application/Page_JClient/input_gwt-TextBox GKH2EKQBMDB'

2019-02-01 14:39:30 - [TEST_STEP][PASSED] - delay(3): Delayed 3 second(s)

2019-02-01 14:39:33 - [MESSAGE][PASSED] - Delayed 3 second(s)

2019-02-01 14:39:33 - [TEST_STEP][PASSED] - click(findTestObject("FSM1/Launch Application/Page_JClient/div_Configure App")): Object: 'Object Repository/FSM1/Launch Application/Page_JClient/div_Configure App' is clicked on

2019-02-01 14:39:33 - [MESSAGE][PASSED] - Object: 'Object Repository/FSM1/Launch Application/Page_JClient/div_Configure App' is clicked on

2019-02-01 14:39:33 - [TEST_STEP][PASSED] - setText(findTestObject("FSM1/Launch Application/Page_JClient/input_gwt-TextBox GKH2EKQBNHC"), findTestData("Pre Production/Environmental/UandP").getValue(3, 1)): Text 'test.inspector' is set on object 'Object Repository/FSM1/Launch Application/Page_JClient/input_gwt-TextBox GKH2EKQBNHC'

2019-02-01 14:39:34 - [MESSAGE][PASSED] - Text 'test.inspector' is set on object 'Object Repository/FSM1/Launch Application/Page_JClient/input_gwt-TextBox GKH2EKQBNHC'

2019-02-01 14:39:34 - [TEST_STEP][PASSED] - setText(findTestObject("FSM1/Launch Application/Page_JClient/input_gwt-PasswordTextBox GKH2"), findTestData("Pre Production/Environmental/UandP").getValue(4, 1)): Text 'Password1.' is set on object 'Object Repository/FSM1/Launch Application/Page_JClient/input_gwt-PasswordTextBox GKH2'

2019-02-01 14:39:34 - [MESSAGE][PASSED] - Text 'Password1.' is set on object 'Object Repository/FSM1/Launch Application/Page_JClient/input_gwt-PasswordTextBox GKH2'

2019-02-01 14:39:34 - [TEST_STEP][PASSED] - click(findTestObject("FSM1/Launch Application/Page_JClient/div_Sign In")): Object: 'Object Repository/FSM1/Launch Application/Page_JClient/div_Sign In' is clicked on

2019-02-01 14:39:34 - [MESSAGE][PASSED] - Object: 'Object Repository/FSM1/Launch Application/Page_JClient/div_Sign In' is clicked on

2019-02-01 14:39:34 - [TEST_STEP][PASSED] - delay(15): Delayed 15 second(s)

2019-02-01 14:39:49 - [MESSAGE][PASSED] - Delayed 15 second(s)]]></system-out>
         <system-err><![CDATA[]]></system-err>
      </testcase>
      <testcase name="Test Cases/Generic/Select Inspection" classname="Test Cases/Generic/Select Inspection" status="PASSED">
         <system-out><![CDATA[2019-02-01 14:39:49 - [TEST_CASE][PASSED] - Test Cases/Generic/Select Inspection: Test Cases/Generic/Select Inspection

2019-02-01 14:39:50 - [TEST_STEP][PASSED] - delay(25): Delayed 25 second(s)

2019-02-01 14:40:15 - [MESSAGE][PASSED] - Delayed 25 second(s)

2019-02-01 14:40:15 - [TEST_STEP][PASSED] - waitForElementClickable(findTestObject("JM_8918/Page_JM Control Centre/Page_JM Control Centre/Page_JClient/Refresh"), 250): Object 'Object Repository/JM_8918/Page_JM Control Centre/Page_JM Control Centre/Page_JClient/Refresh' is clickable

2019-02-01 14:40:15 - [MESSAGE][PASSED] - Object 'Object Repository/JM_8918/Page_JM Control Centre/Page_JM Control Centre/Page_JClient/Refresh' is clickable

2019-02-01 14:40:15 - [TEST_STEP][PASSED] - click(findTestObject("JM_8918/Page_JM Control Centre/Page_JM Control Centre/Page_JClient/Refresh")): Object: 'Object Repository/JM_8918/Page_JM Control Centre/Page_JM Control Centre/Page_JClient/Refresh' is clicked on

2019-02-01 14:40:15 - [MESSAGE][PASSED] - Object: 'Object Repository/JM_8918/Page_JM Control Centre/Page_JM Control Centre/Page_JClient/Refresh' is clicked on

2019-02-01 14:40:15 - [TEST_STEP][PASSED] - waitForElementClickable(findTestObject("JM_8918/Page_JM Control Centre/Page_JM Control Centre/Page_JClient/Refresh"), 250): Object 'Object Repository/JM_8918/Page_JM Control Centre/Page_JM Control Centre/Page_JClient/Refresh' is clickable

2019-02-01 14:40:15 - [MESSAGE][PASSED] - Object 'Object Repository/JM_8918/Page_JM Control Centre/Page_JM Control Centre/Page_JClient/Refresh' is clickable

2019-02-01 14:40:15 - [TEST_STEP][PASSED] - InspectionRef = modifyObjectProperty(findTestObject("FSM1/Select Inspection/Landing/Page_JClient/div_35098"), "text", "equals", temp, true, STOP_ON_FAILURE): Modify property of object successfully

2019-02-01 14:40:15 - [MESSAGE][PASSED] - Modify property of object successfully

2019-02-01 14:40:15 - [TEST_STEP][PASSED] - delay(5): Delayed 5 second(s)

2019-02-01 14:40:20 - [MESSAGE][PASSED] - Delayed 5 second(s)

2019-02-01 14:40:20 - [TEST_STEP][PASSED] - if (verifyElementPresent(InspectionRef, 10, OPTIONAL)): Object: 'Object Repository/FSM1/Select Inspection/Landing/Page_JClient/div_35098' is clicked on

2019-02-01 14:40:20 - [MESSAGE][PASSED] - Object 'Object Repository/FSM1/Select Inspection/Landing/Page_JClient/div_35098' is present

2019-02-01 14:40:20 - [TEST_STEP][PASSED] - delay(3): Delayed 3 second(s)

2019-02-01 14:40:23 - [MESSAGE][PASSED] - Delayed 3 second(s)

2019-02-01 14:40:23 - [TEST_STEP][PASSED] - click(InspectionRef): Object: 'Object Repository/FSM1/Select Inspection/Landing/Page_JClient/div_35098' is clicked on

2019-02-01 14:40:23 - [MESSAGE][PASSED] - Object: 'Object Repository/FSM1/Select Inspection/Landing/Page_JClient/div_35098' is clicked on

2019-02-01 14:40:23 - [TEST_STEP][PASSED] - click(findTestObject("FSM1/Select Inspection/Page_JClient/div_WITH OPERATIVE")): Object: 'Object Repository/FSM1/Select Inspection/Page_JClient/div_WITH OPERATIVE' is clicked on

2019-02-01 14:40:24 - [MESSAGE][PASSED] - Object: 'Object Repository/FSM1/Select Inspection/Page_JClient/div_WITH OPERATIVE' is clicked on

2019-02-01 14:40:24 - [TEST_STEP][PASSED] - delay(2): Delayed 2 second(s)

2019-02-01 14:40:26 - [MESSAGE][PASSED] - Delayed 2 second(s)

2019-02-01 14:40:26 - [TEST_STEP][PASSED] - click(findTestObject("FSM1/Select Inspection/Page_JClient/div_TRAVELLING")): Object: 'Object Repository/FSM1/Select Inspection/Page_JClient/div_TRAVELLING' is clicked on

2019-02-01 14:40:26 - [MESSAGE][PASSED] - Object: 'Object Repository/FSM1/Select Inspection/Page_JClient/div_TRAVELLING' is clicked on

2019-02-01 14:40:26 - [TEST_STEP][PASSED] - delay(2): Delayed 2 second(s)

2019-02-01 14:40:28 - [MESSAGE][PASSED] - Delayed 2 second(s)

2019-02-01 14:40:28 - [TEST_STEP][PASSED] - click(findTestObject("FSM1/Select Inspection/Page_JClient/div_TRAVELLING")): Object: 'Object Repository/FSM1/Select Inspection/Page_JClient/div_TRAVELLING' is clicked on

2019-02-01 14:40:28 - [MESSAGE][PASSED] - Object: 'Object Repository/FSM1/Select Inspection/Page_JClient/div_TRAVELLING' is clicked on

2019-02-01 14:40:28 - [TEST_STEP][PASSED] - delay(2): Delayed 2 second(s)

2019-02-01 14:40:30 - [MESSAGE][PASSED] - Delayed 2 second(s)

2019-02-01 14:40:30 - [TEST_STEP][PASSED] - click(findTestObject("FSM1/Select Inspection/Page_JClient/div_ARRIVED")): Object: 'Object Repository/FSM1/Select Inspection/Page_JClient/div_ARRIVED' is clicked on

2019-02-01 14:40:30 - [MESSAGE][PASSED] - Object: 'Object Repository/FSM1/Select Inspection/Page_JClient/div_ARRIVED' is clicked on

2019-02-01 14:40:30 - [TEST_STEP][PASSED] - delay(2): Delayed 2 second(s)

2019-02-01 14:40:32 - [MESSAGE][PASSED] - Delayed 2 second(s)

2019-02-01 14:40:32 - [TEST_STEP][PASSED] - click(findTestObject("FSM1/Select Inspection/Page_JClient/div_ARRIVED")): Object: 'Object Repository/FSM1/Select Inspection/Page_JClient/div_ARRIVED' is clicked on

2019-02-01 14:40:32 - [MESSAGE][PASSED] - Object: 'Object Repository/FSM1/Select Inspection/Page_JClient/div_ARRIVED' is clicked on

2019-02-01 14:40:32 - [TEST_STEP][PASSED] - delay(4): Delayed 4 second(s)

2019-02-01 14:40:36 - [MESSAGE][PASSED] - Delayed 4 second(s)

2019-02-01 14:40:36 - [TEST_STEP][PASSED] - click(findTestObject("FSM1/Select Inspection/Page_JClient/div_STARTED")): Object: 'Object Repository/FSM1/Select Inspection/Page_JClient/div_STARTED' is clicked on

2019-02-01 14:40:36 - [MESSAGE][PASSED] - Object: 'Object Repository/FSM1/Select Inspection/Page_JClient/div_STARTED' is clicked on

2019-02-01 14:40:36 - [TEST_STEP][PASSED] - delay(2): Delayed 2 second(s)

2019-02-01 14:40:38 - [MESSAGE][PASSED] - Delayed 2 second(s)]]></system-out>
         <system-err><![CDATA[]]></system-err>
      </testcase>
      <testcase name="Test Cases/ICW/ABPR31/Complete ICW Inspection - Section A - Summary of Findings - 31" classname="Test Cases/ICW/ABPR31/Complete ICW Inspection - Section A - Summary of Findings - 31" status="PASSED">
         <system-out><![CDATA[2019-02-01 14:40:38 - [TEST_CASE][PASSED] - Test Cases/ICW/ABPR31/Complete ICW Inspection - Section A - Summary of Findings - 31: Test Cases/ICW/ABPR31/Complete ICW Inspection - Section A - Summary of Findings - 31

2019-02-01 14:40:39 - [TEST_STEP][PASSED] - click(findTestObject("Object Repository/FSM1/Complete 31 Section A/Page_JClient/div_Section A Summary of Inspe")): Object: 'Object Repository/FSM1/Complete 31 Section A/Page_JClient/div_Section A Summary of Inspe' is clicked on

2019-02-01 14:40:39 - [MESSAGE][PASSED] - Object: 'Object Repository/FSM1/Complete 31 Section A/Page_JClient/div_Section A Summary of Inspe' is clicked on

2019-02-01 14:40:39 - [TEST_STEP][PASSED] - delay(3): Delayed 3 second(s)

2019-02-01 14:40:42 - [MESSAGE][PASSED] - Delayed 3 second(s)

2019-02-01 14:40:42 - [TEST_STEP][PASSED] - click(findTestObject("Object Repository/FSM1/Complete 31 Section A/Page_JClient/input_Yes_radio_group_2")): Object: 'Object Repository/FSM1/Complete 31 Section A/Page_JClient/input_Yes_radio_group_2' is clicked on

2019-02-01 14:40:42 - [MESSAGE][PASSED] - Object: 'Object Repository/FSM1/Complete 31 Section A/Page_JClient/input_Yes_radio_group_2' is clicked on

2019-02-01 14:40:42 - [TEST_STEP][PASSED] - click(findTestObject("Object Repository/FSM1/Complete 31 Section A/Page_JClient/input_Yes_radio_group_3")): Object: 'Object Repository/FSM1/Complete 31 Section A/Page_JClient/input_Yes_radio_group_3' is clicked on

2019-02-01 14:40:42 - [MESSAGE][PASSED] - Object: 'Object Repository/FSM1/Complete 31 Section A/Page_JClient/input_Yes_radio_group_3' is clicked on

2019-02-01 14:40:42 - [TEST_STEP][PASSED] - click(findTestObject("Object Repository/FSM1/Complete 31 Section A/Page_JClient/input_Yes_radio_group_4")): Object: 'Object Repository/FSM1/Complete 31 Section A/Page_JClient/input_Yes_radio_group_4' is clicked on

2019-02-01 14:40:42 - [MESSAGE][PASSED] - Object: 'Object Repository/FSM1/Complete 31 Section A/Page_JClient/input_Yes_radio_group_4' is clicked on

2019-02-01 14:40:42 - [TEST_STEP][PASSED] - click(findTestObject("Object Repository/FSM1/Complete 31 Section A/Page_JClient/input_Yes_radio_group_5")): Object: 'Object Repository/FSM1/Complete 31 Section A/Page_JClient/input_Yes_radio_group_5' is clicked on

2019-02-01 14:40:42 - [MESSAGE][PASSED] - Object: 'Object Repository/FSM1/Complete 31 Section A/Page_JClient/input_Yes_radio_group_5' is clicked on

2019-02-01 14:40:42 - [TEST_STEP][PASSED] - click(findTestObject("Object Repository/FSM1/Complete 31 Section A/Page_JClient/input_Yes_radio_group_6")): Object: 'Object Repository/FSM1/Complete 31 Section A/Page_JClient/input_Yes_radio_group_6' is clicked on

2019-02-01 14:40:42 - [MESSAGE][PASSED] - Object: 'Object Repository/FSM1/Complete 31 Section A/Page_JClient/input_Yes_radio_group_6' is clicked on

2019-02-01 14:40:42 - [TEST_STEP][PASSED] - selectOptionByValue(findTestObject("FSM1/Complete 31 Section A/Page_JClient/Structure"), "S", true): All options with value 'S' are selected in object 'Object Repository/FSM1/Complete 31 Section A/Page_JClient/Structure'  using regular expression

2019-02-01 14:40:43 - [MESSAGE][PASSED] - All options with value 'S' are selected in object 'Object Repository/FSM1/Complete 31 Section A/Page_JClient/Structure'  using regular expression

2019-02-01 14:40:43 - [TEST_STEP][PASSED] - selectOptionByValue(findTestObject("FSM1/Complete 31 Section A/Page_JClient/Operation"), "S", true): All options with value 'S' are selected in object 'Object Repository/FSM1/Complete 31 Section A/Page_JClient/Operation'  using regular expression

2019-02-01 14:40:43 - [MESSAGE][PASSED] - All options with value 'S' are selected in object 'Object Repository/FSM1/Complete 31 Section A/Page_JClient/Operation'  using regular expression

2019-02-01 14:40:43 - [TEST_STEP][PASSED] - selectOptionByValue(findTestObject("FSM1/Complete 31 Section A/Page_JClient/Records"), "S", true): All options with value 'S' are selected in object 'Object Repository/FSM1/Complete 31 Section A/Page_JClient/Records'  using regular expression

2019-02-01 14:40:43 - [MESSAGE][PASSED] - All options with value 'S' are selected in object 'Object Repository/FSM1/Complete 31 Section A/Page_JClient/Records'  using regular expression

2019-02-01 14:40:43 - [TEST_STEP][PASSED] - selectOptionByValue(findTestObject("FSM1/Complete 31 Section A/Page_JClient/SRM"), "S", true): All options with value 'S' are selected in object 'Object Repository/FSM1/Complete 31 Section A/Page_JClient/SRM'  using regular expression

2019-02-01 14:40:43 - [MESSAGE][PASSED] - All options with value 'S' are selected in object 'Object Repository/FSM1/Complete 31 Section A/Page_JClient/SRM'  using regular expression

2019-02-01 14:40:43 - [TEST_STEP][PASSED] - click(findTestObject("Object Repository/FSM1/Complete 31 Section A/Page_JClient/input_Yes_radio_group_15")): Object: 'Object Repository/FSM1/Complete 31 Section A/Page_JClient/input_Yes_radio_group_15' is clicked on

2019-02-01 14:40:44 - [MESSAGE][PASSED] - Object: 'Object Repository/FSM1/Complete 31 Section A/Page_JClient/input_Yes_radio_group_15' is clicked on

2019-02-01 14:40:44 - [TEST_STEP][PASSED] - click(findTestObject("Object Repository/FSM1/Complete 31 Section A/Page_JClient/input_Yes_radio_group_16")): Object: 'Object Repository/FSM1/Complete 31 Section A/Page_JClient/input_Yes_radio_group_16' is clicked on

2019-02-01 14:40:44 - [MESSAGE][PASSED] - Object: 'Object Repository/FSM1/Complete 31 Section A/Page_JClient/input_Yes_radio_group_16' is clicked on

2019-02-01 14:40:44 - [TEST_STEP][PASSED] - selectOptionByValue(findTestObject("Object Repository/FSM1/Complete 31 Section A/Page_JClient/select_(a) Continue with curre"), "Continue with current approval", true): All options with value 'Continue with current approval' are selected in object 'Object Repository/FSM1/Complete 31 Section A/Page_JClient/select_(a) Continue with curre'  using regular expression

2019-02-01 14:40:44 - [MESSAGE][PASSED] - All options with value 'Continue with current approval' are selected in object 'Object Repository/FSM1/Complete 31 Section A/Page_JClient/select_(a) Continue with curre'  using regular expression

2019-02-01 14:40:44 - [TEST_STEP][PASSED] - click(findTestObject("Object Repository/FSM1/Complete 31 Section A/Page_JClient/input_Yes_radio_group_17")): Object: 'Object Repository/FSM1/Complete 31 Section A/Page_JClient/input_Yes_radio_group_17' is clicked on

2019-02-01 14:40:44 - [MESSAGE][PASSED] - Object: 'Object Repository/FSM1/Complete 31 Section A/Page_JClient/input_Yes_radio_group_17' is clicked on

2019-02-01 14:40:44 - [TEST_STEP][PASSED] - click(findTestObject("Object Repository/FSM1/Complete 31 Section A/Page_JClient/input_Yes_radio_group_18")): Object: 'Object Repository/FSM1/Complete 31 Section A/Page_JClient/input_Yes_radio_group_18' is clicked on

2019-02-01 14:40:44 - [MESSAGE][PASSED] - Object: 'Object Repository/FSM1/Complete 31 Section A/Page_JClient/input_Yes_radio_group_18' is clicked on

2019-02-01 14:40:44 - [TEST_STEP][PASSED] - click(findTestObject("Object Repository/FSM1/Complete 31 Section A/Page_JClient/input_Yes_radio_group_19")): Object: 'Object Repository/FSM1/Complete 31 Section A/Page_JClient/input_Yes_radio_group_19' is clicked on

2019-02-01 14:40:44 - [MESSAGE][PASSED] - Object: 'Object Repository/FSM1/Complete 31 Section A/Page_JClient/input_Yes_radio_group_19' is clicked on

2019-02-01 14:40:44 - [TEST_STEP][PASSED] - click(findTestObject("Object Repository/FSM1/Complete 31 Section A/Page_JClient/div_Save")): Object: 'Object Repository/FSM1/Complete 31 Section A/Page_JClient/div_Save' is clicked on

2019-02-01 14:40:44 - [MESSAGE][PASSED] - Object: 'Object Repository/FSM1/Complete 31 Section A/Page_JClient/div_Save' is clicked on

2019-02-01 14:40:44 - [TEST_STEP][PASSED] - delay(0): Delayed 0 second(s)

2019-02-01 14:40:44 - [MESSAGE][PASSED] - Delayed 0 second(s)

2019-02-01 14:40:44 - [TEST_STEP][PASSED] - verifyElementPresent(findTestObject("Object Repository/FSM1/Complete 31 Section A/Page_JClient/div_Section A Summary of Inspe"), 0): Object 'Object Repository/FSM1/Complete 31 Section A/Page_JClient/div_Section A Summary of Inspe' is present

2019-02-01 14:40:44 - [MESSAGE][WARNING] - Timeout '0' is invalid. Using default page load timeout: '30'

2019-02-01 14:40:44 - [MESSAGE][PASSED] - Object 'Object Repository/FSM1/Complete 31 Section A/Page_JClient/div_Section A Summary of Inspe' is present

2019-02-01 14:40:44 - [TEST_STEP][PASSED] - delay(3): Delayed 3 second(s)

2019-02-01 14:40:47 - [MESSAGE][PASSED] - Delayed 3 second(s)

2019-02-01 14:40:47 - [TEST_STEP][PASSED] - click(findTestObject("Object Repository/FSM1/Complete 31 Section A/Page_JClient/div_Section A Summary of Inspe")): Object: 'Object Repository/FSM1/Complete 31 Section A/Page_JClient/div_Section A Summary of Inspe' is clicked on

2019-02-01 14:40:47 - [MESSAGE][PASSED] - Object: 'Object Repository/FSM1/Complete 31 Section A/Page_JClient/div_Section A Summary of Inspe' is clicked on

2019-02-01 14:40:47 - [TEST_STEP][PASSED] - delay(3): Delayed 3 second(s)

2019-02-01 14:40:50 - [MESSAGE][PASSED] - Delayed 3 second(s)

2019-02-01 14:40:50 - [TEST_STEP][PASSED] - setText(findTestObject("Object Repository/FSM1/Complete 31 Section A/Page_JClient/input_Chargeable time (minutes"), "12"): Text '12' is set on object 'Object Repository/FSM1/Complete 31 Section A/Page_JClient/input_Chargeable time (minutes'

2019-02-01 14:40:51 - [MESSAGE][PASSED] - Text '12' is set on object 'Object Repository/FSM1/Complete 31 Section A/Page_JClient/input_Chargeable time (minutes'

2019-02-01 14:40:51 - [TEST_STEP][PASSED] - click(findTestObject("Object Repository/FSM1/Complete 31 Section A/Page_JClient/div_Save")): Object: 'Object Repository/FSM1/Complete 31 Section A/Page_JClient/div_Save' is clicked on

2019-02-01 14:40:51 - [MESSAGE][PASSED] - Object: 'Object Repository/FSM1/Complete 31 Section A/Page_JClient/div_Save' is clicked on]]></system-out>
         <system-err><![CDATA[]]></system-err>
      </testcase>
      <testcase name="Test Cases/ICW/ABPR31/Complete ICW Inspection - Section B - 31" classname="Test Cases/ICW/ABPR31/Complete ICW Inspection - Section B - 31" status="PASSED">
         <system-out><![CDATA[2019-02-01 14:40:51 - [TEST_CASE][PASSED] - Test Cases/ICW/ABPR31/Complete ICW Inspection - Section B - 31: Test Cases/ICW/ABPR31/Complete ICW Inspection - Section B - 31

2019-02-01 14:40:51 - [TEST_STEP][PASSED] - click(findTestObject("Object Repository/FSM1/Complete 31 Section B/Page_JClient/div_Section B Inspection Detai")): Object: 'Object Repository/FSM1/Complete 31 Section B/Page_JClient/div_Section B Inspection Detai' is clicked on

2019-02-01 14:40:51 - [MESSAGE][PASSED] - Object: 'Object Repository/FSM1/Complete 31 Section B/Page_JClient/div_Section B Inspection Detai' is clicked on

2019-02-01 14:40:51 - [TEST_STEP][PASSED] - delay(3): Delayed 3 second(s)

2019-02-01 14:40:54 - [MESSAGE][PASSED] - Delayed 3 second(s)

2019-02-01 14:40:54 - [TEST_STEP][PASSED] - click(findTestObject("Object Repository/FSM1/Complete 31 Section B/Page_JClient/input_Type of establishment_ra")): Object: 'Object Repository/FSM1/Complete 31 Section B/Page_JClient/input_Type of establishment_ra' is clicked on

2019-02-01 14:40:54 - [MESSAGE][PASSED] - Object: 'Object Repository/FSM1/Complete 31 Section B/Page_JClient/input_Type of establishment_ra' is clicked on

2019-02-01 14:40:54 - [TEST_STEP][PASSED] - click(findTestObject("Object Repository/FSM1/Complete 31 Section B/Page_JClient/input_Structure_radio_group_2")): Object: 'Object Repository/FSM1/Complete 31 Section B/Page_JClient/input_Structure_radio_group_2' is clicked on

2019-02-01 14:40:54 - [MESSAGE][PASSED] - Object: 'Object Repository/FSM1/Complete 31 Section B/Page_JClient/input_Structure_radio_group_2' is clicked on

2019-02-01 14:40:54 - [TEST_STEP][PASSED] - click(findTestObject("Object Repository/FSM1/Complete 31 Section B/Page_JClient/input_Not Checked_radio_group_")): Object: 'Object Repository/FSM1/Complete 31 Section B/Page_JClient/input_Not Checked_radio_group_' is clicked on

2019-02-01 14:40:54 - [MESSAGE][PASSED] - Object: 'Object Repository/FSM1/Complete 31 Section B/Page_JClient/input_Not Checked_radio_group_' is clicked on

2019-02-01 14:40:54 - [TEST_STEP][PASSED] - click(findTestObject("Object Repository/FSM1/Complete 31 Section B/Page_JClient/input_Give details and action")): Object: 'Object Repository/FSM1/Complete 31 Section B/Page_JClient/input_Give details and action' is clicked on

2019-02-01 14:40:55 - [MESSAGE][PASSED] - Object: 'Object Repository/FSM1/Complete 31 Section B/Page_JClient/input_Give details and action' is clicked on

2019-02-01 14:40:55 - [TEST_STEP][PASSED] - click(findTestObject("Object Repository/FSM1/Complete 31 Section B/Page_JClient/input_Give details of finding")): Object: 'Object Repository/FSM1/Complete 31 Section B/Page_JClient/input_Give details of finding' is clicked on

2019-02-01 14:40:55 - [MESSAGE][PASSED] - Object: 'Object Repository/FSM1/Complete 31 Section B/Page_JClient/input_Give details of finding' is clicked on

2019-02-01 14:40:55 - [TEST_STEP][PASSED] - click(findTestObject("Object Repository/FSM1/Complete 31 Section B/Page_JClient/input_(b) There are appropriat")): Object: 'Object Repository/FSM1/Complete 31 Section B/Page_JClient/input_(b) There are appropriat' is clicked on

2019-02-01 14:40:55 - [MESSAGE][PASSED] - Object: 'Object Repository/FSM1/Complete 31 Section B/Page_JClient/input_(b) There are appropriat' is clicked on

2019-02-01 14:40:55 - [TEST_STEP][PASSED] - click(findTestObject("Object Repository/FSM1/Complete 31 Section B/Page_JClient/input_(c) The reception area a")): Object: 'Object Repository/FSM1/Complete 31 Section B/Page_JClient/input_(c) The reception area a' is clicked on

2019-02-01 14:40:55 - [MESSAGE][PASSED] - Object: 'Object Repository/FSM1/Complete 31 Section B/Page_JClient/input_(c) The reception area a' is clicked on

2019-02-01 14:40:55 - [TEST_STEP][PASSED] - click(findTestObject("Object Repository/FSM1/Complete 31 Section B/Page_JClient/input_Give details_radio_group")): Object: 'Object Repository/FSM1/Complete 31 Section B/Page_JClient/input_Give details_radio_group' is clicked on

2019-02-01 14:40:55 - [MESSAGE][PASSED] - Object: 'Object Repository/FSM1/Complete 31 Section B/Page_JClient/input_Give details_radio_group' is clicked on

2019-02-01 14:40:55 - [TEST_STEP][PASSED] - setText(findTestObject("Object Repository/FSM1/Complete 31 Section B/Page_JClient/textarea_Operations_gwt-TextAr"), "Test automation"): Text 'Test automation' is set on object 'Object Repository/FSM1/Complete 31 Section B/Page_JClient/textarea_Operations_gwt-TextAr'

2019-02-01 14:40:55 - [MESSAGE][PASSED] - Text 'Test automation' is set on object 'Object Repository/FSM1/Complete 31 Section B/Page_JClient/textarea_Operations_gwt-TextAr'

2019-02-01 14:40:55 - [TEST_STEP][PASSED] - click(findTestObject("Object Repository/FSM1/Complete 31 Section B/Page_JClient/input_Operations_radio_group_9")): Object: 'Object Repository/FSM1/Complete 31 Section B/Page_JClient/input_Operations_radio_group_9' is clicked on

2019-02-01 14:40:55 - [MESSAGE][PASSED] - Object: 'Object Repository/FSM1/Complete 31 Section B/Page_JClient/input_Operations_radio_group_9' is clicked on

2019-02-01 14:40:55 - [TEST_STEP][PASSED] - click(findTestObject("Object Repository/FSM1/Complete 31 Section B/Page_JClient/input_Give details_radio_group_1")): Object: 'Object Repository/FSM1/Complete 31 Section B/Page_JClient/input_Give details_radio_group_1' is clicked on

2019-02-01 14:40:55 - [MESSAGE][PASSED] - Object: 'Object Repository/FSM1/Complete 31 Section B/Page_JClient/input_Give details_radio_group_1' is clicked on

2019-02-01 14:40:55 - [TEST_STEP][PASSED] - setText(findTestObject("Object Repository/FSM1/Complete 31 Section B/Page_JClient/textarea_If they are not liste"), "Test automation"): Text 'Test automation' is set on object 'Object Repository/FSM1/Complete 31 Section B/Page_JClient/textarea_If they are not liste'

2019-02-01 14:40:55 - [MESSAGE][PASSED] - Text 'Test automation' is set on object 'Object Repository/FSM1/Complete 31 Section B/Page_JClient/textarea_If they are not liste'

2019-02-01 14:40:55 - [TEST_STEP][PASSED] - click(findTestObject("Object Repository/FSM1/Complete 31 Section B/Page_JClient/input_If they are not listed a")): Object: 'Object Repository/FSM1/Complete 31 Section B/Page_JClient/input_If they are not listed a' is clicked on

2019-02-01 14:40:56 - [MESSAGE][PASSED] - Object: 'Object Repository/FSM1/Complete 31 Section B/Page_JClient/input_If they are not listed a' is clicked on

2019-02-01 14:40:56 - [TEST_STEP][PASSED] - click(findTestObject("Object Repository/FSM1/Complete 31 Section B/Page_JClient/input_Are the plants mixing pr")): Object: 'Object Repository/FSM1/Complete 31 Section B/Page_JClient/input_Are the plants mixing pr' is clicked on

2019-02-01 14:40:56 - [MESSAGE][PASSED] - Object: 'Object Repository/FSM1/Complete 31 Section B/Page_JClient/input_Are the plants mixing pr' is clicked on

2019-02-01 14:40:56 - [TEST_STEP][PASSED] - click(findTestObject("Object Repository/FSM1/Complete 31 Section B/Page_JClient/input_Are records being kept o")): Object: 'Object Repository/FSM1/Complete 31 Section B/Page_JClient/input_Are records being kept o' is clicked on

2019-02-01 14:40:56 - [MESSAGE][PASSED] - Object: 'Object Repository/FSM1/Complete 31 Section B/Page_JClient/input_Are records being kept o' is clicked on

2019-02-01 14:40:56 - [TEST_STEP][PASSED] - click(findTestObject("Object Repository/FSM1/Complete 31 Section B/Page_JClient/input_Is pH of the final proce")): Object: 'Object Repository/FSM1/Complete 31 Section B/Page_JClient/input_Is pH of the final proce' is clicked on

2019-02-01 14:40:56 - [MESSAGE][PASSED] - Object: 'Object Repository/FSM1/Complete 31 Section B/Page_JClient/input_Is pH of the final proce' is clicked on

2019-02-01 14:40:56 - [TEST_STEP][PASSED] - click(findTestObject("Object Repository/FSM1/Complete 31 Section B/Page_JClient/input_Give reasons and actions")): Object: 'Object Repository/FSM1/Complete 31 Section B/Page_JClient/input_Give reasons and actions' is clicked on

2019-02-01 14:40:56 - [MESSAGE][PASSED] - Object: 'Object Repository/FSM1/Complete 31 Section B/Page_JClient/input_Give reasons and actions' is clicked on

2019-02-01 14:40:56 - [TEST_STEP][PASSED] - click(findTestObject("Object Repository/FSM1/Complete 31 Section B/Page_JClient/input_Give reasons and actions_1")): Object: 'Object Repository/FSM1/Complete 31 Section B/Page_JClient/input_Give reasons and actions_1' is clicked on

2019-02-01 14:40:56 - [MESSAGE][PASSED] - Object: 'Object Repository/FSM1/Complete 31 Section B/Page_JClient/input_Give reasons and actions_1' is clicked on

2019-02-01 14:40:56 - [TEST_STEP][PASSED] - click(findTestObject("Object Repository/FSM1/Complete 31 Section B/Page_JClient/input_Give reasons and action")): Object: 'Object Repository/FSM1/Complete 31 Section B/Page_JClient/input_Give reasons and action' is clicked on

2019-02-01 14:40:56 - [MESSAGE][PASSED] - Object: 'Object Repository/FSM1/Complete 31 Section B/Page_JClient/input_Give reasons and action' is clicked on

2019-02-01 14:40:56 - [TEST_STEP][PASSED] - click(findTestObject("Object Repository/FSM1/Complete 31 Section B/Page_JClient/input_Give details and action _1")): Object: 'Object Repository/FSM1/Complete 31 Section B/Page_JClient/input_Give details and action _1' is clicked on

2019-02-01 14:40:56 - [MESSAGE][PASSED] - Object: 'Object Repository/FSM1/Complete 31 Section B/Page_JClient/input_Give details and action _1' is clicked on

2019-02-01 14:40:56 - [TEST_STEP][PASSED] - setText(findTestObject("Object Repository/FSM1/Complete 31 Section B/Page_JClient/textarea_Give details and acti"), "Test automation"): Text 'Test automation' is set on object 'Object Repository/FSM1/Complete 31 Section B/Page_JClient/textarea_Give details and acti'

2019-02-01 14:40:56 - [MESSAGE][PASSED] - Text 'Test automation' is set on object 'Object Repository/FSM1/Complete 31 Section B/Page_JClient/textarea_Give details and acti'

2019-02-01 14:40:56 - [TEST_STEP][PASSED] - click(findTestObject("Object Repository/FSM1/Complete 31 Section B/Page_JClient/input_Give details and actions")): Object: 'Object Repository/FSM1/Complete 31 Section B/Page_JClient/input_Give details and actions' is clicked on

2019-02-01 14:40:56 - [MESSAGE][PASSED] - Object: 'Object Repository/FSM1/Complete 31 Section B/Page_JClient/input_Give details and actions' is clicked on

2019-02-01 14:40:56 - [TEST_STEP][PASSED] - click(findTestObject("Object Repository/FSM1/Complete 31 Section B/Page_JClient/input_Give details and actions")): Object: 'Object Repository/FSM1/Complete 31 Section B/Page_JClient/input_Give details and actions' is clicked on

2019-02-01 14:40:56 - [MESSAGE][PASSED] - Object: 'Object Repository/FSM1/Complete 31 Section B/Page_JClient/input_Give details and actions' is clicked on

2019-02-01 14:40:56 - [TEST_STEP][PASSED] - click(findTestObject("Object Repository/FSM1/Complete 31 Section B/Page_JClient/input_Records_radio_group_20")): Object: 'Object Repository/FSM1/Complete 31 Section B/Page_JClient/input_Records_radio_group_20' is clicked on

2019-02-01 14:40:57 - [MESSAGE][PASSED] - Object: 'Object Repository/FSM1/Complete 31 Section B/Page_JClient/input_Records_radio_group_20' is clicked on

2019-02-01 14:40:57 - [TEST_STEP][PASSED] - click(findTestObject("Object Repository/FSM1/Complete 31 Section B/Page_JClient/input_If records have not been")): Object: 'Object Repository/FSM1/Complete 31 Section B/Page_JClient/input_If records have not been' is clicked on

2019-02-01 14:40:57 - [MESSAGE][PASSED] - Object: 'Object Repository/FSM1/Complete 31 Section B/Page_JClient/input_If records have not been' is clicked on

2019-02-01 14:40:57 - [TEST_STEP][PASSED] - click(findTestObject("Object Repository/FSM1/Complete 31 Section B/Page_JClient/input_Give details and action _2")): Object: 'Object Repository/FSM1/Complete 31 Section B/Page_JClient/input_Give details and action _2' is clicked on

2019-02-01 14:40:57 - [MESSAGE][PASSED] - Object: 'Object Repository/FSM1/Complete 31 Section B/Page_JClient/input_Give details and action _2' is clicked on

2019-02-01 14:40:57 - [TEST_STEP][PASSED] - click(findTestObject("Object Repository/FSM1/Complete 31 Section B/Page_JClient/input_Give details and action _3")): Object: 'Object Repository/FSM1/Complete 31 Section B/Page_JClient/input_Give details and action _3' is clicked on

2019-02-01 14:40:57 - [MESSAGE][PASSED] - Object: 'Object Repository/FSM1/Complete 31 Section B/Page_JClient/input_Give details and action _3' is clicked on

2019-02-01 14:40:57 - [TEST_STEP][PASSED] - click(findTestObject("Object Repository/FSM1/Complete 31 Section B/Page_JClient/input_Identification of OFSI p")): Object: 'Object Repository/FSM1/Complete 31 Section B/Page_JClient/input_Identification of OFSI p' is clicked on

2019-02-01 14:40:57 - [MESSAGE][PASSED] - Object: 'Object Repository/FSM1/Complete 31 Section B/Page_JClient/input_Identification of OFSI p' is clicked on

2019-02-01 14:40:57 - [TEST_STEP][PASSED] - setText(findTestObject("Object Repository/FSM1/Complete 31 Section B/Page_JClient/textarea_Comments_gwt-TextArea"), "Test automation"): Text 'Test automation' is set on object 'Object Repository/FSM1/Complete 31 Section B/Page_JClient/textarea_Comments_gwt-TextArea'

2019-02-01 14:40:57 - [MESSAGE][PASSED] - Text 'Test automation' is set on object 'Object Repository/FSM1/Complete 31 Section B/Page_JClient/textarea_Comments_gwt-TextArea'

2019-02-01 14:40:57 - [TEST_STEP][PASSED] - click(findTestObject("Object Repository/FSM1/Complete 31 Section B/Page_JClient/input_(a) Back trace (complete")): Object: 'Object Repository/FSM1/Complete 31 Section B/Page_JClient/input_(a) Back trace (complete' is clicked on

2019-02-01 14:40:57 - [MESSAGE][PASSED] - Object: 'Object Repository/FSM1/Complete 31 Section B/Page_JClient/input_(a) Back trace (complete' is clicked on

2019-02-01 14:40:57 - [TEST_STEP][PASSED] - click(findTestObject("Object Repository/FSM1/Complete 31 Section B/Page_JClient/input_Yes_radio_group_26")): Object: 'Object Repository/FSM1/Complete 31 Section B/Page_JClient/input_Yes_radio_group_26' is clicked on

2019-02-01 14:40:57 - [MESSAGE][PASSED] - Object: 'Object Repository/FSM1/Complete 31 Section B/Page_JClient/input_Yes_radio_group_26' is clicked on

2019-02-01 14:40:57 - [TEST_STEP][PASSED] - click(findTestObject("Object Repository/FSM1/Complete 31 Section B/Page_JClient/input_(b) Forward trace (compl")): Object: 'Object Repository/FSM1/Complete 31 Section B/Page_JClient/input_(b) Forward trace (compl' is clicked on

2019-02-01 14:40:57 - [MESSAGE][PASSED] - Object: 'Object Repository/FSM1/Complete 31 Section B/Page_JClient/input_(b) Forward trace (compl' is clicked on

2019-02-01 14:40:57 - [TEST_STEP][PASSED] - click(findTestObject("Object Repository/FSM1/Complete 31 Section B/Page_JClient/input_Yes_radio_group_28")): Object: 'Object Repository/FSM1/Complete 31 Section B/Page_JClient/input_Yes_radio_group_28' is clicked on

2019-02-01 14:40:57 - [MESSAGE][PASSED] - Object: 'Object Repository/FSM1/Complete 31 Section B/Page_JClient/input_Yes_radio_group_28' is clicked on

2019-02-01 14:40:57 - [TEST_STEP][PASSED] - click(findTestObject("Object Repository/FSM1/Complete 31 Section B/Page_JClient/div_Save")): Object: 'Object Repository/FSM1/Complete 31 Section B/Page_JClient/div_Save' is clicked on

2019-02-01 14:40:58 - [MESSAGE][PASSED] - Object: 'Object Repository/FSM1/Complete 31 Section B/Page_JClient/div_Save' is clicked on]]></system-out>
         <system-err><![CDATA[]]></system-err>
      </testcase>
      <testcase name="Test Cases/ICW/ABPR31/Complete ICW Inspection - Section C - Risk Assessment -31" classname="Test Cases/ICW/ABPR31/Complete ICW Inspection - Section C - Risk Assessment -31" status="PASSED">
         <system-out><![CDATA[2019-02-01 14:40:58 - [TEST_CASE][PASSED] - Test Cases/ICW/ABPR31/Complete ICW Inspection - Section C - Risk Assessment -31: Test Cases/ICW/ABPR31/Complete ICW Inspection - Section C - Risk Assessment -31

2019-02-01 14:40:58 - [TEST_STEP][PASSED] - click(findTestObject("Object Repository/FSM1/Complete 31 Section C/Page_JClient/div_Section C Risk Assessment")): Object: 'Object Repository/FSM1/Complete 31 Section C/Page_JClient/div_Section C Risk Assessment' is clicked on

2019-02-01 14:40:58 - [MESSAGE][PASSED] - Object: 'Object Repository/FSM1/Complete 31 Section C/Page_JClient/div_Section C Risk Assessment' is clicked on

2019-02-01 14:40:58 - [TEST_STEP][PASSED] - delay(3): Delayed 3 second(s)

2019-02-01 14:41:01 - [MESSAGE][PASSED] - Delayed 3 second(s)

2019-02-01 14:41:01 - [TEST_STEP][PASSED] - selectOptionByValue(findTestObject("Object Repository/FSM1/Complete 31 Section C/Page_JClient/select_3 - Cat 3 material and"), "3", true): All options with value '3' are selected in object 'Object Repository/FSM1/Complete 31 Section C/Page_JClient/select_3 - Cat 3 material and'  using regular expression

2019-02-01 14:41:01 - [MESSAGE][PASSED] - All options with value '3' are selected in object 'Object Repository/FSM1/Complete 31 Section C/Page_JClient/select_3 - Cat 3 material and'  using regular expression

2019-02-01 14:41:01 - [TEST_STEP][PASSED] - selectOptionByValue(findTestObject("Object Repository/FSM1/Complete 31 Section C/Page_JClient/select_0 - Very low throughput"), "0", true): All options with value '0' are selected in object 'Object Repository/FSM1/Complete 31 Section C/Page_JClient/select_0 - Very low throughput'  using regular expression

2019-02-01 14:41:01 - [MESSAGE][PASSED] - All options with value '0' are selected in object 'Object Repository/FSM1/Complete 31 Section C/Page_JClient/select_0 - Very low throughput'  using regular expression

2019-02-01 14:41:01 - [TEST_STEP][PASSED] - selectOptionByValue(findTestObject("Object Repository/FSM1/Complete 31 Section C/Page_JClient/select_0 - No product entering"), "0", true): All options with value '0' are selected in object 'Object Repository/FSM1/Complete 31 Section C/Page_JClient/select_0 - No product entering'  using regular expression

2019-02-01 14:41:02 - [MESSAGE][PASSED] - All options with value '0' are selected in object 'Object Repository/FSM1/Complete 31 Section C/Page_JClient/select_0 - No product entering'  using regular expression

2019-02-01 14:41:02 - [TEST_STEP][PASSED] - selectOptionByValue(findTestObject("Object Repository/FSM1/Complete 31 Section C/Page_JClient/select_0 - Not required or com"), "0", true): All options with value '0' are selected in object 'Object Repository/FSM1/Complete 31 Section C/Page_JClient/select_0 - Not required or com'  using regular expression

2019-02-01 14:41:02 - [MESSAGE][PASSED] - All options with value '0' are selected in object 'Object Repository/FSM1/Complete 31 Section C/Page_JClient/select_0 - Not required or com'  using regular expression

2019-02-01 14:41:02 - [TEST_STEP][PASSED] - selectOptionByValue(findTestObject("Object Repository/FSM1/Complete 31 Section C/Page_JClient/select_0 - Fully compliant iss"), "0", true): All options with value '0' are selected in object 'Object Repository/FSM1/Complete 31 Section C/Page_JClient/select_0 - Fully compliant iss'  using regular expression

2019-02-01 14:41:02 - [MESSAGE][PASSED] - All options with value '0' are selected in object 'Object Repository/FSM1/Complete 31 Section C/Page_JClient/select_0 - Fully compliant iss'  using regular expression

2019-02-01 14:41:02 - [TEST_STEP][PASSED] - selectOptionByValue(findTestObject("Object Repository/FSM1/Complete 31 Section C/Page_JClient/select_BienniallyAnnuallyQuart"), "Annually", true): All options with value 'Annually' are selected in object 'Object Repository/FSM1/Complete 31 Section C/Page_JClient/select_BienniallyAnnuallyQuart'  using regular expression

2019-02-01 14:41:02 - [MESSAGE][PASSED] - All options with value 'Annually' are selected in object 'Object Repository/FSM1/Complete 31 Section C/Page_JClient/select_BienniallyAnnuallyQuart'  using regular expression

2019-02-01 14:41:02 - [TEST_STEP][PASSED] - click(findTestObject("Object Repository/FSM1/Complete 31 Section C/Page_JClient/div_Save")): Object: 'Object Repository/FSM1/Complete 31 Section C/Page_JClient/div_Save' is clicked on

2019-02-01 14:41:02 - [MESSAGE][PASSED] - Object: 'Object Repository/FSM1/Complete 31 Section C/Page_JClient/div_Save' is clicked on]]></system-out>
         <system-err><![CDATA[]]></system-err>
      </testcase>
      <testcase name="Test Cases/ABP/Generic/Complete ABP Inspection - ABPR17 Backward Trace - Not Completed" classname="Test Cases/ABP/Generic/Complete ABP Inspection - ABPR17 Backward Trace - Not Completed" status="PASSED">
         <system-out><![CDATA[2019-02-01 14:41:02 - [TEST_CASE][PASSED] - Test Cases/ABP/Generic/Complete ABP Inspection - ABPR17 Backward Trace - Not Completed: Test Cases/ABP/Generic/Complete ABP Inspection - ABPR17 Backward Trace - Not Completed

2019-02-01 14:41:03 - [TEST_STEP][PASSED] - delay(3): Delayed 3 second(s)

2019-02-01 14:41:06 - [MESSAGE][PASSED] - Delayed 3 second(s)

2019-02-01 14:41:06 - [TEST_STEP][PASSED] - click(findTestObject("FSM1/Complete ABP Inspection/ABPR17 Backward Trace/Page_JClient/div_ABPR17 - Backward Trace1")): Object: 'Object Repository/FSM1/Complete ABP Inspection/ABPR17 Backward Trace/Page_JClient/div_ABPR17 - Backward Trace1' is clicked on

2019-02-01 14:41:06 - [MESSAGE][PASSED] - Object: 'Object Repository/FSM1/Complete ABP Inspection/ABPR17 Backward Trace/Page_JClient/div_ABPR17 - Backward Trace1' is clicked on

2019-02-01 14:41:06 - [TEST_STEP][PASSED] - delay(2): Delayed 2 second(s)

2019-02-01 14:41:08 - [MESSAGE][PASSED] - Delayed 2 second(s)

2019-02-01 14:41:08 - [TEST_STEP][PASSED] - click(findTestObject("Object Repository/FSM1/Complete ABP Inspection/ABPR17 Backward Trace/Page_JClient/div_Create_GKH2EKQBDXB GKH2EKQ")): Object: 'Object Repository/FSM1/Complete ABP Inspection/ABPR17 Backward Trace/Page_JClient/div_Create_GKH2EKQBDXB GKH2EKQ' is clicked on

2019-02-01 14:41:08 - [MESSAGE][PASSED] - Object: 'Object Repository/FSM1/Complete ABP Inspection/ABPR17 Backward Trace/Page_JClient/div_Create_GKH2EKQBDXB GKH2EKQ' is clicked on

2019-02-01 14:41:08 - [TEST_STEP][PASSED] - delay(2): Delayed 2 second(s)

2019-02-01 14:41:10 - [MESSAGE][PASSED] - Delayed 2 second(s)

2019-02-01 14:41:10 - [TEST_STEP][PASSED] - click(findTestObject("Object Repository/FSM1/Complete ABP Inspection/ABPR17 Backward Trace/Page_JClient/input_Is this inspection at th")): Object: 'Object Repository/FSM1/Complete ABP Inspection/ABPR17 Backward Trace/Page_JClient/input_Is this inspection at th' is clicked on

2019-02-01 14:41:10 - [MESSAGE][PASSED] - Object: 'Object Repository/FSM1/Complete ABP Inspection/ABPR17 Backward Trace/Page_JClient/input_Is this inspection at th' is clicked on

2019-02-01 14:41:10 - [TEST_STEP][PASSED] - verifyElementPresent(findTestObject("FSM1/Release22/Page_JClient/div_Name of Operator_17"), 2): Object 'Object Repository/FSM1/Release22/Page_JClient/div_Name of Operator_17' is present

2019-02-01 14:41:10 - [MESSAGE][PASSED] - Object 'Object Repository/FSM1/Release22/Page_JClient/div_Name of Operator_17' is present

2019-02-01 14:41:10 - [TEST_STEP][PASSED] - verifyElementPresent(findTestObject("FSM1/Release22/Page_JClient/div_Name of Operator_17_1"), 2): Object 'Object Repository/FSM1/Release22/Page_JClient/div_Name of Operator_17_1' is present

2019-02-01 14:41:10 - [MESSAGE][PASSED] - Object 'Object Repository/FSM1/Release22/Page_JClient/div_Name of Operator_17_1' is present

2019-02-01 14:41:10 - [TEST_STEP][PASSED] - setText(findTestObject("Object Repository/FSM1/Complete ABP Inspection/ABPR17 Backward Trace/Page_JClient/input_Approval Number_gwt-Text"), "1234"): Text '1234' is set on object 'Object Repository/FSM1/Complete ABP Inspection/ABPR17 Backward Trace/Page_JClient/input_Approval Number_gwt-Text'

2019-02-01 14:41:10 - [MESSAGE][PASSED] - Text '1234' is set on object 'Object Repository/FSM1/Complete ABP Inspection/ABPR17 Backward Trace/Page_JClient/input_Approval Number_gwt-Text'

2019-02-01 14:41:10 - [TEST_STEP][PASSED] - setText(findTestObject("Object Repository/FSM1/Complete ABP Inspection/ABPR17 Backward Trace/Page_JClient/input_Premises Type_gwt-TextBo"), "Test automation"): Text 'Test automation' is set on object 'Object Repository/FSM1/Complete ABP Inspection/ABPR17 Backward Trace/Page_JClient/input_Premises Type_gwt-TextBo'

2019-02-01 14:41:10 - [MESSAGE][PASSED] - Text 'Test automation' is set on object 'Object Repository/FSM1/Complete ABP Inspection/ABPR17 Backward Trace/Page_JClient/input_Premises Type_gwt-TextBo'

2019-02-01 14:41:10 - [TEST_STEP][PASSED] - setText(findTestObject("FSM1/Complete ABP Inspection/ABPR17 Backward Trace/Page_JClient/input_Name of Operator_gwt-Tex"), "Test automation"): Text 'Test automation' is set on object 'Object Repository/FSM1/Complete ABP Inspection/ABPR17 Backward Trace/Page_JClient/input_Name of Operator_gwt-Tex'

2019-02-01 14:41:11 - [MESSAGE][PASSED] - Text 'Test automation' is set on object 'Object Repository/FSM1/Complete ABP Inspection/ABPR17 Backward Trace/Page_JClient/input_Name of Operator_gwt-Tex'

2019-02-01 14:41:11 - [TEST_STEP][PASSED] - setText(findTestObject("Object Repository/FSM1/Complete ABP Inspection/ABPR17 Backward Trace/Page_JClient/textarea_Address of premises_g"), "Test automation"): Text 'Test automation' is set on object 'Object Repository/FSM1/Complete ABP Inspection/ABPR17 Backward Trace/Page_JClient/textarea_Address of premises_g'

2019-02-01 14:41:11 - [MESSAGE][PASSED] - Text 'Test automation' is set on object 'Object Repository/FSM1/Complete ABP Inspection/ABPR17 Backward Trace/Page_JClient/textarea_Address of premises_g'

2019-02-01 14:41:11 - [TEST_STEP][PASSED] - setText(findTestObject("Object Repository/FSM1/Complete ABP Inspection/ABPR17 Backward Trace/Page_JClient/input_Postcode_gwt-TextBox GKH"), "WR5 2NB"): Text 'WR5 2NB' is set on object 'Object Repository/FSM1/Complete ABP Inspection/ABPR17 Backward Trace/Page_JClient/input_Postcode_gwt-TextBox GKH'

2019-02-01 14:41:11 - [MESSAGE][PASSED] - Text 'WR5 2NB' is set on object 'Object Repository/FSM1/Complete ABP Inspection/ABPR17 Backward Trace/Page_JClient/input_Postcode_gwt-TextBox GKH'

2019-02-01 14:41:11 - [TEST_STEP][PASSED] - setText(findTestObject("Object Repository/FSM1/Complete ABP Inspection/ABPR17 Backward Trace/Page_JClient/input_Email_gwt-TextBox GKH2EK"), "test@gmail.com"): Text 'test@gmail.com' is set on object 'Object Repository/FSM1/Complete ABP Inspection/ABPR17 Backward Trace/Page_JClient/input_Email_gwt-TextBox GKH2EK'

2019-02-01 14:41:11 - [MESSAGE][PASSED] - Text 'test@gmail.com' is set on object 'Object Repository/FSM1/Complete ABP Inspection/ABPR17 Backward Trace/Page_JClient/input_Email_gwt-TextBox GKH2EK'

2019-02-01 14:41:11 - [TEST_STEP][PASSED] - setText(findTestObject("Object Repository/FSM1/Complete ABP Inspection/ABPR17 Backward Trace/Page_JClient/input_Approval number (if appl"), "1234"): Text '1234' is set on object 'Object Repository/FSM1/Complete ABP Inspection/ABPR17 Backward Trace/Page_JClient/input_Approval number (if appl'

2019-02-01 14:41:11 - [MESSAGE][PASSED] - Text '1234' is set on object 'Object Repository/FSM1/Complete ABP Inspection/ABPR17 Backward Trace/Page_JClient/input_Approval number (if appl'

2019-02-01 14:41:11 - [TEST_STEP][PASSED] - selectOptionByValue(findTestObject("Object Repository/FSM1/Complete ABP Inspection/ABPR17 Backward Trace/Page_JClient/select_NorthScotlandSouthernWa"), "North", true): All options with value 'North' are selected in object 'Object Repository/FSM1/Complete ABP Inspection/ABPR17 Backward Trace/Page_JClient/select_NorthScotlandSouthernWa'  using regular expression

2019-02-01 14:41:12 - [MESSAGE][PASSED] - All options with value 'North' are selected in object 'Object Repository/FSM1/Complete ABP Inspection/ABPR17 Backward Trace/Page_JClient/select_NorthScotlandSouthernWa'  using regular expression

2019-02-01 14:41:12 - [TEST_STEP][PASSED] - setText(findTestObject("Object Repository/FSM1/Complete ABP Inspection/ABPR17 Backward Trace/Page_JClient/input_Name of haulier_gwt-Text"), "Test automation"): Text 'Test automation' is set on object 'Object Repository/FSM1/Complete ABP Inspection/ABPR17 Backward Trace/Page_JClient/input_Name of haulier_gwt-Text'

2019-02-01 14:41:12 - [MESSAGE][PASSED] - Text 'Test automation' is set on object 'Object Repository/FSM1/Complete ABP Inspection/ABPR17 Backward Trace/Page_JClient/input_Name of haulier_gwt-Text'

2019-02-01 14:41:12 - [TEST_STEP][PASSED] - setText(findTestObject("Object Repository/FSM1/Complete ABP Inspection/ABPR17 Backward Trace/Page_JClient/textarea_Address of haulier_gw"), "Test automation"): Text 'Test automation' is set on object 'Object Repository/FSM1/Complete ABP Inspection/ABPR17 Backward Trace/Page_JClient/textarea_Address of haulier_gw'

2019-02-01 14:41:12 - [MESSAGE][PASSED] - Text 'Test automation' is set on object 'Object Repository/FSM1/Complete ABP Inspection/ABPR17 Backward Trace/Page_JClient/textarea_Address of haulier_gw'

2019-02-01 14:41:12 - [TEST_STEP][PASSED] - delay(2): Delayed 2 second(s)

2019-02-01 14:41:14 - [MESSAGE][PASSED] - Delayed 2 second(s)

2019-02-01 14:41:14 - [TEST_STEP][PASSED] - setText(findTestObject("FSM1/Complete ABP Inspection/ABPR17 Backward Trace/Page_JClient/Postcode"), "RN2 3WE"): Text 'RN2 3WE' is set on object 'Object Repository/FSM1/Complete ABP Inspection/ABPR17 Backward Trace/Page_JClient/Postcode'

2019-02-01 14:41:14 - [MESSAGE][PASSED] - Text 'RN2 3WE' is set on object 'Object Repository/FSM1/Complete ABP Inspection/ABPR17 Backward Trace/Page_JClient/Postcode'

2019-02-01 14:41:14 - [TEST_STEP][PASSED] - setText(findTestObject("Object Repository/FSM1/Complete ABP Inspection/ABPR17 Backward Trace/Page_JClient/input_Registration number (if"), "9876"): Text '9876' is set on object 'Object Repository/FSM1/Complete ABP Inspection/ABPR17 Backward Trace/Page_JClient/input_Registration number (if'

2019-02-01 14:41:14 - [MESSAGE][PASSED] - Text '9876' is set on object 'Object Repository/FSM1/Complete ABP Inspection/ABPR17 Backward Trace/Page_JClient/input_Registration number (if'

2019-02-01 14:41:14 - [TEST_STEP][PASSED] - setText(findTestObject("Object Repository/FSM1/Complete ABP Inspection/ABPR17 Backward Trace/Page_JClient/input_Reference No. of CD or o"), "112233"): Text '112233' is set on object 'Object Repository/FSM1/Complete ABP Inspection/ABPR17 Backward Trace/Page_JClient/input_Reference No. of CD or o'

2019-02-01 14:41:15 - [MESSAGE][PASSED] - Text '112233' is set on object 'Object Repository/FSM1/Complete ABP Inspection/ABPR17 Backward Trace/Page_JClient/input_Reference No. of CD or o'

2019-02-01 14:41:15 - [TEST_STEP][PASSED] - setText(findTestObject("Object Repository/FSM1/Complete ABP Inspection/ABPR17 Backward Trace/Page_JClient/textarea_Description of materi"), "Test automation"): Text 'Test automation' is set on object 'Object Repository/FSM1/Complete ABP Inspection/ABPR17 Backward Trace/Page_JClient/textarea_Description of materi'

2019-02-01 14:41:15 - [MESSAGE][PASSED] - Text 'Test automation' is set on object 'Object Repository/FSM1/Complete ABP Inspection/ABPR17 Backward Trace/Page_JClient/textarea_Description of materi'

2019-02-01 14:41:15 - [TEST_STEP][PASSED] - selectOptionByValue(findTestObject("Object Repository/FSM1/Complete ABP Inspection/ABPR17 Backward Trace/Page_JClient/select_NACattleDeerFishGoatsPi"), "Fish", true): All options with value 'Fish' are selected in object 'Object Repository/FSM1/Complete ABP Inspection/ABPR17 Backward Trace/Page_JClient/select_NACattleDeerFishGoatsPi'  using regular expression

2019-02-01 14:41:15 - [MESSAGE][PASSED] - All options with value 'Fish' are selected in object 'Object Repository/FSM1/Complete ABP Inspection/ABPR17 Backward Trace/Page_JClient/select_NACattleDeerFishGoatsPi'  using regular expression

2019-02-01 14:41:15 - [TEST_STEP][PASSED] - setText(findTestObject("Object Repository/FSM1/Complete ABP Inspection/ABPR17 Backward Trace/Page_JClient/input_Category_gwt-TextBox GKH"), "Test automation"): Text 'Test automation' is set on object 'Object Repository/FSM1/Complete ABP Inspection/ABPR17 Backward Trace/Page_JClient/input_Category_gwt-TextBox GKH'

2019-02-01 14:41:15 - [MESSAGE][PASSED] - Text 'Test automation' is set on object 'Object Repository/FSM1/Complete ABP Inspection/ABPR17 Backward Trace/Page_JClient/input_Category_gwt-TextBox GKH'

2019-02-01 14:41:15 - [TEST_STEP][PASSED] - setText(findTestObject("Object Repository/FSM1/Complete ABP Inspection/ABPR17 Backward Trace/Page_JClient/input_Quantity_gwt-TextBox GKH"), "100abc"): Text '100abc' is set on object 'Object Repository/FSM1/Complete ABP Inspection/ABPR17 Backward Trace/Page_JClient/input_Quantity_gwt-TextBox GKH'

2019-02-01 14:41:15 - [MESSAGE][PASSED] - Text '100abc' is set on object 'Object Repository/FSM1/Complete ABP Inspection/ABPR17 Backward Trace/Page_JClient/input_Quantity_gwt-TextBox GKH'

2019-02-01 14:41:15 - [TEST_STEP][PASSED] - setText(findTestObject("Object Repository/FSM1/Complete ABP Inspection/ABPR17 Backward Trace/Page_JClient/textarea_Any other relevant in"), "Test automation"): Text 'Test automation' is set on object 'Object Repository/FSM1/Complete ABP Inspection/ABPR17 Backward Trace/Page_JClient/textarea_Any other relevant in'

2019-02-01 14:41:16 - [MESSAGE][PASSED] - Text 'Test automation' is set on object 'Object Repository/FSM1/Complete ABP Inspection/ABPR17 Backward Trace/Page_JClient/textarea_Any other relevant in'

2019-02-01 14:41:16 - [TEST_STEP][PASSED] - click(findTestObject("Object Repository/FSM1/Complete ABP Inspection/ABPR17 Backward Trace/Page_JClient/input_Yes_radio_group_56")): Object: 'Object Repository/FSM1/Complete ABP Inspection/ABPR17 Backward Trace/Page_JClient/input_Yes_radio_group_56' is clicked on

2019-02-01 14:41:16 - [MESSAGE][PASSED] - Object: 'Object Repository/FSM1/Complete ABP Inspection/ABPR17 Backward Trace/Page_JClient/input_Yes_radio_group_56' is clicked on

2019-02-01 14:41:16 - [TEST_STEP][PASSED] - click(findTestObject("Object Repository/FSM1/Complete ABP Inspection/ABPR17 Backward Trace/Page_JClient/input_Yes_radio_group_57")): Object: 'Object Repository/FSM1/Complete ABP Inspection/ABPR17 Backward Trace/Page_JClient/input_Yes_radio_group_57' is clicked on

2019-02-01 14:41:16 - [MESSAGE][PASSED] - Object: 'Object Repository/FSM1/Complete ABP Inspection/ABPR17 Backward Trace/Page_JClient/input_Yes_radio_group_57' is clicked on

2019-02-01 14:41:16 - [TEST_STEP][PASSED] - delay(1): Delayed 1 second(s)

2019-02-01 14:41:17 - [MESSAGE][PASSED] - Delayed 1 second(s)

2019-02-01 14:41:17 - [TEST_STEP][PASSED] - mydate = new java.util.Date(): null

2019-02-01 14:41:17 - [TEST_STEP][PASSED] - formattedDate = mydate.format("dd/MM/yyyy"): null

2019-02-01 14:41:17 - [TEST_STEP][PASSED] - sendKeys(findTestObject("FSM1/Complete ABP Inspection/ABPR17 Backward Trace/Page_JClient/DateofDespatch"), formattedDate): Keys '01/02/2019' sent to object: 'Object Repository/FSM1/Complete ABP Inspection/ABPR17 Backward Trace/Page_JClient/DateofDespatch'

2019-02-01 14:41:17 - [MESSAGE][PASSED] - Keys '01/02/2019' sent to object: 'Object Repository/FSM1/Complete ABP Inspection/ABPR17 Backward Trace/Page_JClient/DateofDespatch'

2019-02-01 14:41:17 - [TEST_STEP][PASSED] - click(findTestObject("FSM1/Complete ABP Inspection/ABPR17 Backward Trace/Page_JClient/div_Save1")): Object: 'Object Repository/FSM1/Complete ABP Inspection/ABPR17 Backward Trace/Page_JClient/div_Save1' is clicked on

2019-02-01 14:41:17 - [MESSAGE][PASSED] - Object: 'Object Repository/FSM1/Complete ABP Inspection/ABPR17 Backward Trace/Page_JClient/div_Save1' is clicked on]]></system-out>
         <system-err><![CDATA[]]></system-err>
      </testcase>
      <testcase name="Test Cases/ABP/Generic/Complete ABP Inspection - ABPR18 Forward Trace - Not Completed" classname="Test Cases/ABP/Generic/Complete ABP Inspection - ABPR18 Forward Trace - Not Completed" status="PASSED">
         <system-out><![CDATA[2019-02-01 14:41:17 - [TEST_CASE][PASSED] - Test Cases/ABP/Generic/Complete ABP Inspection - ABPR18 Forward Trace - Not Completed: Test Cases/ABP/Generic/Complete ABP Inspection - ABPR18 Forward Trace - Not Completed

2019-02-01 14:41:17 - [TEST_STEP][PASSED] - delay(2): Delayed 2 second(s)

2019-02-01 14:41:19 - [MESSAGE][PASSED] - Delayed 2 second(s)

2019-02-01 14:41:19 - [TEST_STEP][PASSED] - click(findTestObject("FSM1/Complete ABP Inspection/ABP18 Forward Trace/Page_JClient/div_ABPR18 - Forward Trace1")): Object: 'Object Repository/FSM1/Complete ABP Inspection/ABP18 Forward Trace/Page_JClient/div_ABPR18 - Forward Trace1' is clicked on

2019-02-01 14:41:19 - [MESSAGE][PASSED] - Object: 'Object Repository/FSM1/Complete ABP Inspection/ABP18 Forward Trace/Page_JClient/div_ABPR18 - Forward Trace1' is clicked on

2019-02-01 14:41:19 - [TEST_STEP][PASSED] - delay(2): Delayed 2 second(s)

2019-02-01 14:41:21 - [MESSAGE][PASSED] - Delayed 2 second(s)

2019-02-01 14:41:21 - [TEST_STEP][PASSED] - click(findTestObject("Object Repository/FSM1/Complete ABP Inspection/ABP18 Forward Trace/Page_JClient/div_Create_GKH2EKQBDXB GKH2EKQ")): Object: 'Object Repository/FSM1/Complete ABP Inspection/ABP18 Forward Trace/Page_JClient/div_Create_GKH2EKQBDXB GKH2EKQ' is clicked on

2019-02-01 14:41:22 - [MESSAGE][PASSED] - Object: 'Object Repository/FSM1/Complete ABP Inspection/ABP18 Forward Trace/Page_JClient/div_Create_GKH2EKQBDXB GKH2EKQ' is clicked on

2019-02-01 14:41:22 - [TEST_STEP][PASSED] - delay(2): Delayed 2 second(s)

2019-02-01 14:41:24 - [MESSAGE][PASSED] - Delayed 2 second(s)

2019-02-01 14:41:24 - [TEST_STEP][PASSED] - verifyElementPresent(findTestObject("FSM1/Release22/Page_JClient/div_Name of Operator_18"), 2): Object 'Object Repository/FSM1/Release22/Page_JClient/div_Name of Operator_18' is present

2019-02-01 14:41:24 - [MESSAGE][PASSED] - Object 'Object Repository/FSM1/Release22/Page_JClient/div_Name of Operator_18' is present

2019-02-01 14:41:24 - [TEST_STEP][PASSED] - verifyElementPresent(findTestObject("FSM1/Release22/Page_JClient/div_Name of Operator_18_1"), 2): Object 'Object Repository/FSM1/Release22/Page_JClient/div_Name of Operator_18_1' is present

2019-02-01 14:41:24 - [MESSAGE][PASSED] - Object 'Object Repository/FSM1/Release22/Page_JClient/div_Name of Operator_18_1' is present

2019-02-01 14:41:24 - [TEST_STEP][PASSED] - click(findTestObject("Object Repository/FSM1/Complete ABP Inspection/ABP18 Forward Trace/Page_JClient/input_Is this inspection at th")): Object: 'Object Repository/FSM1/Complete ABP Inspection/ABP18 Forward Trace/Page_JClient/input_Is this inspection at th' is clicked on

2019-02-01 14:41:24 - [MESSAGE][PASSED] - Object: 'Object Repository/FSM1/Complete ABP Inspection/ABP18 Forward Trace/Page_JClient/input_Is this inspection at th' is clicked on

2019-02-01 14:41:24 - [TEST_STEP][PASSED] - setText(findTestObject("Object Repository/FSM1/Complete ABP Inspection/ABP18 Forward Trace/Page_JClient/input_Approval Number_gwt-Text"), "123"): Text '123' is set on object 'Object Repository/FSM1/Complete ABP Inspection/ABP18 Forward Trace/Page_JClient/input_Approval Number_gwt-Text'

2019-02-01 14:41:24 - [MESSAGE][PASSED] - Text '123' is set on object 'Object Repository/FSM1/Complete ABP Inspection/ABP18 Forward Trace/Page_JClient/input_Approval Number_gwt-Text'

2019-02-01 14:41:24 - [TEST_STEP][PASSED] - setText(findTestObject("Object Repository/FSM1/Complete ABP Inspection/ABP18 Forward Trace/Page_JClient/input_Premises Type_gwt-TextBo"), "Test automation"): Text 'Test automation' is set on object 'Object Repository/FSM1/Complete ABP Inspection/ABP18 Forward Trace/Page_JClient/input_Premises Type_gwt-TextBo'

2019-02-01 14:41:24 - [MESSAGE][PASSED] - Text 'Test automation' is set on object 'Object Repository/FSM1/Complete ABP Inspection/ABP18 Forward Trace/Page_JClient/input_Premises Type_gwt-TextBo'

2019-02-01 14:41:24 - [TEST_STEP][PASSED] - setText(findTestObject("FSM1/Complete ABP Inspection/ABP18 Forward Trace/Page_JClient/input_Name of Operator_gwt-Tex"), "Test automation"): Text 'Test automation' is set on object 'Object Repository/FSM1/Complete ABP Inspection/ABP18 Forward Trace/Page_JClient/input_Name of Operator_gwt-Tex'

2019-02-01 14:41:25 - [MESSAGE][PASSED] - Text 'Test automation' is set on object 'Object Repository/FSM1/Complete ABP Inspection/ABP18 Forward Trace/Page_JClient/input_Name of Operator_gwt-Tex'

2019-02-01 14:41:25 - [TEST_STEP][PASSED] - setText(findTestObject("Object Repository/FSM1/Complete ABP Inspection/ABP18 Forward Trace/Page_JClient/textarea_Address of premises_g"), "Test automation"): Text 'Test automation' is set on object 'Object Repository/FSM1/Complete ABP Inspection/ABP18 Forward Trace/Page_JClient/textarea_Address of premises_g'

2019-02-01 14:41:25 - [MESSAGE][PASSED] - Text 'Test automation' is set on object 'Object Repository/FSM1/Complete ABP Inspection/ABP18 Forward Trace/Page_JClient/textarea_Address of premises_g'

2019-02-01 14:41:25 - [TEST_STEP][PASSED] - setText(findTestObject("Object Repository/FSM1/Complete ABP Inspection/ABP18 Forward Trace/Page_JClient/input_Postcode_gwt-TextBox GKH"), "WR5 2NB"): Text 'WR5 2NB' is set on object 'Object Repository/FSM1/Complete ABP Inspection/ABP18 Forward Trace/Page_JClient/input_Postcode_gwt-TextBox GKH'

2019-02-01 14:41:25 - [MESSAGE][PASSED] - Text 'WR5 2NB' is set on object 'Object Repository/FSM1/Complete ABP Inspection/ABP18 Forward Trace/Page_JClient/input_Postcode_gwt-TextBox GKH'

2019-02-01 14:41:25 - [TEST_STEP][PASSED] - selectOptionByValue(findTestObject("Object Repository/FSM1/Complete ABP Inspection/ABP18 Forward Trace/Page_JClient/select_NorthScotlandSouthernWa"), "Scotland", true): All options with value 'Scotland' are selected in object 'Object Repository/FSM1/Complete ABP Inspection/ABP18 Forward Trace/Page_JClient/select_NorthScotlandSouthernWa'  using regular expression

2019-02-01 14:41:25 - [MESSAGE][PASSED] - All options with value 'Scotland' are selected in object 'Object Repository/FSM1/Complete ABP Inspection/ABP18 Forward Trace/Page_JClient/select_NorthScotlandSouthernWa'  using regular expression

2019-02-01 14:41:25 - [TEST_STEP][PASSED] - setText(findTestObject("Object Repository/FSM1/Complete ABP Inspection/ABP18 Forward Trace/Page_JClient/input_Name of haulier_gwt-Text"), "Test automation"): Text 'Test automation' is set on object 'Object Repository/FSM1/Complete ABP Inspection/ABP18 Forward Trace/Page_JClient/input_Name of haulier_gwt-Text'

2019-02-01 14:41:25 - [MESSAGE][PASSED] - Text 'Test automation' is set on object 'Object Repository/FSM1/Complete ABP Inspection/ABP18 Forward Trace/Page_JClient/input_Name of haulier_gwt-Text'

2019-02-01 14:41:25 - [TEST_STEP][PASSED] - setText(findTestObject("Object Repository/FSM1/Complete ABP Inspection/ABP18 Forward Trace/Page_JClient/textarea_Address of haulier_gw"), "Test automation"): Text 'Test automation' is set on object 'Object Repository/FSM1/Complete ABP Inspection/ABP18 Forward Trace/Page_JClient/textarea_Address of haulier_gw'

2019-02-01 14:41:26 - [MESSAGE][PASSED] - Text 'Test automation' is set on object 'Object Repository/FSM1/Complete ABP Inspection/ABP18 Forward Trace/Page_JClient/textarea_Address of haulier_gw'

2019-02-01 14:41:26 - [TEST_STEP][PASSED] - setText(findTestObject("FSM1/Complete ABP Inspection/ABP18 Forward Trace/Page_JClient/Postcode"), "WR5 2NB"): Text 'WR5 2NB' is set on object 'Object Repository/FSM1/Complete ABP Inspection/ABP18 Forward Trace/Page_JClient/Postcode'

2019-02-01 14:41:26 - [MESSAGE][PASSED] - Text 'WR5 2NB' is set on object 'Object Repository/FSM1/Complete ABP Inspection/ABP18 Forward Trace/Page_JClient/Postcode'

2019-02-01 14:41:26 - [TEST_STEP][PASSED] - setText(findTestObject("Object Repository/FSM1/Complete ABP Inspection/ABP18 Forward Trace/Page_JClient/input_Registration number (if"), "123"): Text '123' is set on object 'Object Repository/FSM1/Complete ABP Inspection/ABP18 Forward Trace/Page_JClient/input_Registration number (if'

2019-02-01 14:41:26 - [MESSAGE][PASSED] - Text '123' is set on object 'Object Repository/FSM1/Complete ABP Inspection/ABP18 Forward Trace/Page_JClient/input_Registration number (if'

2019-02-01 14:41:26 - [TEST_STEP][PASSED] - setText(findTestObject("Object Repository/FSM1/Complete ABP Inspection/ABP18 Forward Trace/Page_JClient/input_Reference No. of CD or o"), "987"): Text '987' is set on object 'Object Repository/FSM1/Complete ABP Inspection/ABP18 Forward Trace/Page_JClient/input_Reference No. of CD or o'

2019-02-01 14:41:26 - [MESSAGE][PASSED] - Text '987' is set on object 'Object Repository/FSM1/Complete ABP Inspection/ABP18 Forward Trace/Page_JClient/input_Reference No. of CD or o'

2019-02-01 14:41:26 - [TEST_STEP][PASSED] - setText(findTestObject("Object Repository/FSM1/Complete ABP Inspection/ABP18 Forward Trace/Page_JClient/textarea_Description of materi"), "Test automation"): Text 'Test automation' is set on object 'Object Repository/FSM1/Complete ABP Inspection/ABP18 Forward Trace/Page_JClient/textarea_Description of materi'

2019-02-01 14:41:26 - [MESSAGE][PASSED] - Text 'Test automation' is set on object 'Object Repository/FSM1/Complete ABP Inspection/ABP18 Forward Trace/Page_JClient/textarea_Description of materi'

2019-02-01 14:41:26 - [TEST_STEP][PASSED] - selectOptionByValue(findTestObject("Object Repository/FSM1/Complete ABP Inspection/ABP18 Forward Trace/Page_JClient/select_NACattleDeerFishGoatsPi"), "Goats", true): All options with value 'Goats' are selected in object 'Object Repository/FSM1/Complete ABP Inspection/ABP18 Forward Trace/Page_JClient/select_NACattleDeerFishGoatsPi'  using regular expression

2019-02-01 14:41:27 - [MESSAGE][PASSED] - All options with value 'Goats' are selected in object 'Object Repository/FSM1/Complete ABP Inspection/ABP18 Forward Trace/Page_JClient/select_NACattleDeerFishGoatsPi'  using regular expression

2019-02-01 14:41:27 - [TEST_STEP][PASSED] - setText(findTestObject("Object Repository/FSM1/Complete ABP Inspection/ABP18 Forward Trace/Page_JClient/input_Category_gwt-TextBox GKH"), "Test automation"): Text 'Test automation' is set on object 'Object Repository/FSM1/Complete ABP Inspection/ABP18 Forward Trace/Page_JClient/input_Category_gwt-TextBox GKH'

2019-02-01 14:41:27 - [MESSAGE][PASSED] - Text 'Test automation' is set on object 'Object Repository/FSM1/Complete ABP Inspection/ABP18 Forward Trace/Page_JClient/input_Category_gwt-TextBox GKH'

2019-02-01 14:41:27 - [TEST_STEP][PASSED] - setText(findTestObject("Object Repository/FSM1/Complete ABP Inspection/ABP18 Forward Trace/Page_JClient/input_Quantity_gwt-TextBox GKH"), "12abc"): Text '12abc' is set on object 'Object Repository/FSM1/Complete ABP Inspection/ABP18 Forward Trace/Page_JClient/input_Quantity_gwt-TextBox GKH'

2019-02-01 14:41:27 - [MESSAGE][PASSED] - Text '12abc' is set on object 'Object Repository/FSM1/Complete ABP Inspection/ABP18 Forward Trace/Page_JClient/input_Quantity_gwt-TextBox GKH'

2019-02-01 14:41:27 - [TEST_STEP][PASSED] - setText(findTestObject("Object Repository/FSM1/Complete ABP Inspection/ABP18 Forward Trace/Page_JClient/textarea_Any other relevant in"), "Test automation"): Text 'Test automation' is set on object 'Object Repository/FSM1/Complete ABP Inspection/ABP18 Forward Trace/Page_JClient/textarea_Any other relevant in'

2019-02-01 14:41:27 - [MESSAGE][PASSED] - Text 'Test automation' is set on object 'Object Repository/FSM1/Complete ABP Inspection/ABP18 Forward Trace/Page_JClient/textarea_Any other relevant in'

2019-02-01 14:41:27 - [TEST_STEP][PASSED] - click(findTestObject("Object Repository/FSM1/Complete ABP Inspection/ABP18 Forward Trace/Page_JClient/input_Any other relevant infor")): Object: 'Object Repository/FSM1/Complete ABP Inspection/ABP18 Forward Trace/Page_JClient/input_Any other relevant infor' is clicked on

2019-02-01 14:41:27 - [MESSAGE][PASSED] - Object: 'Object Repository/FSM1/Complete ABP Inspection/ABP18 Forward Trace/Page_JClient/input_Any other relevant infor' is clicked on

2019-02-01 14:41:27 - [TEST_STEP][PASSED] - setText(findTestObject("Object Repository/FSM1/Complete ABP Inspection/ABP18 Forward Trace/Page_JClient/textarea_If so give details_gw"), "Test automation"): Text 'Test automation' is set on object 'Object Repository/FSM1/Complete ABP Inspection/ABP18 Forward Trace/Page_JClient/textarea_If so give details_gw'

2019-02-01 14:41:27 - [MESSAGE][PASSED] - Text 'Test automation' is set on object 'Object Repository/FSM1/Complete ABP Inspection/ABP18 Forward Trace/Page_JClient/textarea_If so give details_gw'

2019-02-01 14:41:27 - [TEST_STEP][PASSED] - click(findTestObject("Object Repository/FSM1/Complete ABP Inspection/ABP18 Forward Trace/Page_JClient/input_Yes_radio_group_132")): Object: 'Object Repository/FSM1/Complete ABP Inspection/ABP18 Forward Trace/Page_JClient/input_Yes_radio_group_132' is clicked on

2019-02-01 14:41:27 - [MESSAGE][PASSED] - Object: 'Object Repository/FSM1/Complete ABP Inspection/ABP18 Forward Trace/Page_JClient/input_Yes_radio_group_132' is clicked on

2019-02-01 14:41:27 - [TEST_STEP][NOT_RUN] - click(findTestObject("Object Repository/FSM1/Complete ABP Inspection/ABP18 Forward Trace/Page_JClient/input_How was the trace carrie")): NOT_RUN: click(findTestObject("Object Repository/FSM1/Complete ABP Inspection/ABP18 Forward Trace/Page_JClient/input_How was the trace carrie"))

2019-02-01 14:41:27 - [MESSAGE][NOT_RUN] - NOT_RUN: click(findTestObject("Object Repository/FSM1/Complete ABP Inspection/ABP18 Forward Trace/Page_JClient/input_How was the trace carrie"))

2019-02-01 14:41:27 - [TEST_STEP][NOT_RUN] - click(findTestObject("Object Repository/FSM1/Complete ABP Inspection/ABP18 Forward Trace/Page_JClient/input_Outcome_radio_group_134")): NOT_RUN: click(findTestObject("Object Repository/FSM1/Complete ABP Inspection/ABP18 Forward Trace/Page_JClient/input_Outcome_radio_group_134"))

2019-02-01 14:41:27 - [MESSAGE][NOT_RUN] - NOT_RUN: click(findTestObject("Object Repository/FSM1/Complete ABP Inspection/ABP18 Forward Trace/Page_JClient/input_Outcome_radio_group_134"))

2019-02-01 14:41:27 - [TEST_STEP][NOT_RUN] - setText(findTestObject("Object Repository/FSM1/Complete ABP Inspection/ABP18 Forward Trace/Page_JClient/textarea_Give Details_gwt-Text"), "Test automation"): NOT_RUN: setText(findTestObject("Object Repository/FSM1/Complete ABP Inspection/ABP18 Forward Trace/Page_JClient/textarea_Give Details_gwt-Text"), "Test automation")

2019-02-01 14:41:27 - [MESSAGE][NOT_RUN] - NOT_RUN: setText(findTestObject("Object Repository/FSM1/Complete ABP Inspection/ABP18 Forward Trace/Page_JClient/textarea_Give Details_gwt-Text"), "Test automation")

2019-02-01 14:41:27 - [TEST_STEP][NOT_RUN] - setText(findTestObject("Object Repository/FSM1/Complete ABP Inspection/ABP18 Forward Trace/Page_JClient/textarea_Describe action taken"), "Test automation"): NOT_RUN: setText(findTestObject("Object Repository/FSM1/Complete ABP Inspection/ABP18 Forward Trace/Page_JClient/textarea_Describe action taken"), "Test automation")

2019-02-01 14:41:27 - [MESSAGE][NOT_RUN] - NOT_RUN: setText(findTestObject("Object Repository/FSM1/Complete ABP Inspection/ABP18 Forward Trace/Page_JClient/textarea_Describe action taken"), "Test automation")

2019-02-01 14:41:27 - [TEST_STEP][PASSED] - mydate = new java.util.Date(): null

2019-02-01 14:41:27 - [TEST_STEP][PASSED] - formattedDate = mydate.format("dd/MM/yyyy"): null

2019-02-01 14:41:27 - [TEST_STEP][PASSED] - sendKeys(findTestObject("FSM1/Complete ABP Inspection/ABP18 Forward Trace/Page_JClient/DateofDespatch"), formattedDate): Keys '01/02/2019' sent to object: 'Object Repository/FSM1/Complete ABP Inspection/ABP18 Forward Trace/Page_JClient/DateofDespatch'

2019-02-01 14:41:28 - [MESSAGE][PASSED] - Keys '01/02/2019' sent to object: 'Object Repository/FSM1/Complete ABP Inspection/ABP18 Forward Trace/Page_JClient/DateofDespatch'

2019-02-01 14:41:28 - [TEST_STEP][PASSED] - click(findTestObject("Object Repository/FSM1/Complete ABP Inspection/ABP18 Forward Trace/Page_JClient/div_Save")): Object: 'Object Repository/FSM1/Complete ABP Inspection/ABP18 Forward Trace/Page_JClient/div_Save' is clicked on

2019-02-01 14:41:28 - [MESSAGE][PASSED] - Object: 'Object Repository/FSM1/Complete ABP Inspection/ABP18 Forward Trace/Page_JClient/div_Save' is clicked on]]></system-out>
         <system-err><![CDATA[]]></system-err>
      </testcase>
      <testcase name="Test Cases/ICW/Generic/Complete ICW Inspection - Complete" classname="Test Cases/ICW/Generic/Complete ICW Inspection - Complete" status="PASSED">
         <system-out><![CDATA[2019-02-01 14:41:28 - [TEST_CASE][PASSED] - Test Cases/ICW/Generic/Complete ICW Inspection - Complete: Test Cases/ICW/Generic/Complete ICW Inspection - Complete

2019-02-01 14:41:28 - [TEST_STEP][PASSED] - click(findTestObject("Object Repository/FSM1/Complete 190/Page_JClient/Page_JClient/Page_JClient/div_STARTED (locked)")): Object: 'Object Repository/FSM1/Complete 190/Page_JClient/Page_JClient/Page_JClient/div_STARTED (locked)' is clicked on

2019-02-01 14:41:28 - [MESSAGE][PASSED] - Object: 'Object Repository/FSM1/Complete 190/Page_JClient/Page_JClient/Page_JClient/div_STARTED (locked)' is clicked on

2019-02-01 14:41:28 - [TEST_STEP][PASSED] - delay(1): Delayed 1 second(s)

2019-02-01 14:41:29 - [MESSAGE][PASSED] - Delayed 1 second(s)

2019-02-01 14:41:29 - [TEST_STEP][PASSED] - click(findTestObject("Object Repository/FSM1/Complete 190/Page_JClient/Page_JClient/Page_JClient/div_COMPLETED")): Object: 'Object Repository/FSM1/Complete 190/Page_JClient/Page_JClient/Page_JClient/div_COMPLETED' is clicked on

2019-02-01 14:41:29 - [MESSAGE][PASSED] - Object: 'Object Repository/FSM1/Complete 190/Page_JClient/Page_JClient/Page_JClient/div_COMPLETED' is clicked on

2019-02-01 14:41:29 - [TEST_STEP][PASSED] - delay(1): Delayed 1 second(s)

2019-02-01 14:41:30 - [MESSAGE][PASSED] - Delayed 1 second(s)

2019-02-01 14:41:30 - [TEST_STEP][PASSED] - selectOptionByValue(findTestObject("Object Repository/FSM1/Complete 190/Page_JClient/Page_JClient/Page_JClient/select_Yes"), "COMPLETED", true): All options with value 'COMPLETED' are selected in object 'Object Repository/FSM1/Complete 190/Page_JClient/Page_JClient/Page_JClient/select_Yes'  using regular expression

2019-02-01 14:41:30 - [MESSAGE][PASSED] - All options with value 'COMPLETED' are selected in object 'Object Repository/FSM1/Complete 190/Page_JClient/Page_JClient/Page_JClient/select_Yes'  using regular expression

2019-02-01 14:41:30 - [TEST_STEP][PASSED] - selectOptionByValue(findTestObject("Object Repository/FSM1/Complete 190/Page_JClient/Page_JClient/Page_JClient/select_YesNo"), "NO", true): All options with value 'NO' are selected in object 'Object Repository/FSM1/Complete 190/Page_JClient/Page_JClient/Page_JClient/select_YesNo'  using regular expression

2019-02-01 14:41:31 - [MESSAGE][PASSED] - All options with value 'NO' are selected in object 'Object Repository/FSM1/Complete 190/Page_JClient/Page_JClient/Page_JClient/select_YesNo'  using regular expression

2019-02-01 14:41:31 - [TEST_STEP][PASSED] - click(findTestObject("Object Repository/FSM1/Complete 190/Page_JClient/Page_JClient/Page_JClient/div_Save")): Object: 'Object Repository/FSM1/Complete 190/Page_JClient/Page_JClient/Page_JClient/div_Save' is clicked on

2019-02-01 14:41:31 - [MESSAGE][PASSED] - Object: 'Object Repository/FSM1/Complete 190/Page_JClient/Page_JClient/Page_JClient/div_Save' is clicked on

2019-02-01 14:41:31 - [TEST_STEP][PASSED] - delay(3): Delayed 3 second(s)

2019-02-01 14:41:34 - [MESSAGE][PASSED] - Delayed 3 second(s)

2019-02-01 14:41:34 - [TEST_STEP][PASSED] - click(findTestObject("Object Repository/FSM1/Complete 190/Page_JClient/Page_JClient/Page_JClient/div_Ok")): Object: 'Object Repository/FSM1/Complete 190/Page_JClient/Page_JClient/Page_JClient/div_Ok' is clicked on

2019-02-01 14:41:34 - [MESSAGE][PASSED] - Object: 'Object Repository/FSM1/Complete 190/Page_JClient/Page_JClient/Page_JClient/div_Ok' is clicked on

2019-02-01 14:41:34 - [TEST_STEP][PASSED] - delay(30): Delayed 30 second(s)

2019-02-01 14:42:04 - [MESSAGE][PASSED] - Delayed 30 second(s)]]></system-out>
         <system-err><![CDATA[]]></system-err>
      </testcase>
      <testcase name="Test Cases/Generic/Launch Job Manager Control Centre - Check Result" classname="Test Cases/Generic/Launch Job Manager Control Centre - Check Result" status="PASSED">
         <system-out><![CDATA[2019-02-01 14:42:04 - [TEST_CASE][PASSED] - Test Cases/Generic/Launch Job Manager Control Centre - Check Result: Test Cases/Generic/Launch Job Manager Control Centre - Check Result

2019-02-01 14:42:04 - [TEST_STEP][PASSED] - openBrowser(""): Browser is opened with url: ''

2019-02-01 14:42:04 - [MESSAGE][WARNING] - A browser is already opened. Closing browser and opening a new one

2019-02-01 14:42:05 - [MESSAGE][INFO] - Starting 'Chrome' driver

2019-02-01 14:42:07 - [MESSAGE][PASSED] - Browser is opened with url: ''

2019-02-01 14:42:07 - [TEST_STEP][PASSED] - navigateToUrl(CCURL): Navigate to 'https://kirona-def-6.kirona.com/jmprep/login#!loginView' successfully

2019-02-01 14:42:09 - [MESSAGE][PASSED] - Navigate to 'https://kirona-def-6.kirona.com/jmprep/login#!loginView' successfully

2019-02-01 14:42:09 - [TEST_STEP][PASSED] - setText(findTestObject("FSM1/Control Centre/Page_Job Manager Login/input_gwt-uid-3"), Username): Text 'jon.hatfield' is set on object 'Object Repository/FSM1/Control Centre/Page_Job Manager Login/input_gwt-uid-3'

2019-02-01 14:42:09 - [MESSAGE][PASSED] - Text 'jon.hatfield' is set on object 'Object Repository/FSM1/Control Centre/Page_Job Manager Login/input_gwt-uid-3'

2019-02-01 14:42:09 - [TEST_STEP][PASSED] - setText(findTestObject("FSM1/Control Centre/Page_Job Manager Login/input_gwt-uid-5"), Password): Text 'Fr@nc1sJ0n' is set on object 'Object Repository/FSM1/Control Centre/Page_Job Manager Login/input_gwt-uid-5'

2019-02-01 14:42:09 - [MESSAGE][PASSED] - Text 'Fr@nc1sJ0n' is set on object 'Object Repository/FSM1/Control Centre/Page_Job Manager Login/input_gwt-uid-5'

2019-02-01 14:42:09 - [TEST_STEP][PASSED] - delay(2): Delayed 2 second(s)

2019-02-01 14:42:11 - [MESSAGE][PASSED] - Delayed 2 second(s)

2019-02-01 14:42:11 - [TEST_STEP][PASSED] - click(findTestObject("FSM1/PreProd/Page_Job Manager Login/div_Login")): Object: 'Object Repository/FSM1/PreProd/Page_Job Manager Login/div_Login' is clicked on

2019-02-01 14:42:11 - [MESSAGE][PASSED] - Object: 'Object Repository/FSM1/PreProd/Page_Job Manager Login/div_Login' is clicked on

2019-02-01 14:42:11 - [TEST_STEP][PASSED] - delay(20): Delayed 20 second(s)

2019-02-01 14:42:31 - [MESSAGE][PASSED] - Delayed 20 second(s)]]></system-out>
         <system-err><![CDATA[]]></system-err>
      </testcase>
      <testcase name="Test Cases/ICW/ABPR31/Control Centre - Check Results - ABPR31" classname="Test Cases/ICW/ABPR31/Control Centre - Check Results - ABPR31" status="PASSED">
         <system-out><![CDATA[2019-02-01 14:42:31 - [TEST_CASE][PASSED] - Test Cases/ICW/ABPR31/Control Centre - Check Results - ABPR31: Test Cases/ICW/ABPR31/Control Centre - Check Results - ABPR31

2019-02-01 14:42:32 - [TEST_STEP][PASSED] - log = new com.kms.katalon.core.logging.KeywordLogger(): null

2019-02-01 14:42:32 - [TEST_STEP][PASSED] - setText(findTestObject("Object Repository/FSM1/EMI Check Results/Page_JM Control Centre/input_Recents_v-textfield v-wi"), temp): Text '103688' is set on object 'Object Repository/FSM1/EMI Check Results/Page_JM Control Centre/input_Recents_v-textfield v-wi'

2019-02-01 14:42:32 - [MESSAGE][PASSED] - Text '103688' is set on object 'Object Repository/FSM1/EMI Check Results/Page_JM Control Centre/input_Recents_v-textfield v-wi'

2019-02-01 14:42:32 - [TEST_STEP][PASSED] - click(findTestObject("Object Repository/FSM1/EMI Check Results/Page_JM Control Centre/span_")): Object: 'Object Repository/FSM1/EMI Check Results/Page_JM Control Centre/span_' is clicked on

2019-02-01 14:42:32 - [MESSAGE][PASSED] - Object: 'Object Repository/FSM1/EMI Check Results/Page_JM Control Centre/span_' is clicked on

2019-02-01 14:42:32 - [TEST_STEP][PASSED] - waitForElementPresent(findTestObject("Object Repository/FSM1/EMI Check Results/Page_JM Control Centre/div_CLOSED"), 60): Object 'Object Repository/FSM1/EMI Check Results/Page_JM Control Centre/div_CLOSED' is present

2019-02-01 14:42:35 - [MESSAGE][PASSED] - Object 'Object Repository/FSM1/EMI Check Results/Page_JM Control Centre/div_CLOSED' is present

2019-02-01 14:42:35 - [TEST_STEP][PASSED] - delay(3): Delayed 3 second(s)

2019-02-01 14:42:38 - [MESSAGE][PASSED] - Delayed 3 second(s)

2019-02-01 14:42:38 - [TEST_STEP][PASSED] - verifyElementPresent(findTestObject("FSM1/Complete ABP Inspection/Check Results/03a/Page_JM Control Centre/div_Attachments_ABPR31"), 5): Object 'Object Repository/FSM1/Complete ABP Inspection/Check Results/03a/Page_JM Control Centre/div_Attachments_ABPR31' is present

2019-02-01 14:42:38 - [MESSAGE][PASSED] - Object 'Object Repository/FSM1/Complete ABP Inspection/Check Results/03a/Page_JM Control Centre/div_Attachments_ABPR31' is present

2019-02-01 14:42:38 - [TEST_STEP][PASSED] - verifyElementPresent(findTestObject("Object Repository/FSM1/Complete ABP Inspection/Check Results/Page_JM Control Centre/Page_JM Control Centre/div_Attachments_ABPR17 - Backw"), 5): Object 'Object Repository/FSM1/Complete ABP Inspection/Check Results/Page_JM Control Centre/Page_JM Control Centre/div_Attachments_ABPR17 - Backw' is present

2019-02-01 14:42:38 - [MESSAGE][PASSED] - Object 'Object Repository/FSM1/Complete ABP Inspection/Check Results/Page_JM Control Centre/Page_JM Control Centre/div_Attachments_ABPR17 - Backw' is present

2019-02-01 14:42:38 - [TEST_STEP][PASSED] - verifyElementPresent(findTestObject("Object Repository/FSM1/Complete ABP Inspection/Check Results/Page_JM Control Centre/Page_JM Control Centre/div_Attachments_ABPR18 - Forwa"), 5): Object 'Object Repository/FSM1/Complete ABP Inspection/Check Results/Page_JM Control Centre/Page_JM Control Centre/div_Attachments_ABPR18 - Forwa' is present

2019-02-01 14:42:38 - [MESSAGE][PASSED] - Object 'Object Repository/FSM1/Complete ABP Inspection/Check Results/Page_JM Control Centre/Page_JM Control Centre/div_Attachments_ABPR18 - Forwa' is present]]></system-out>
         <system-err><![CDATA[]]></system-err>
      </testcase>
      <testcase name="Test Cases/Generic/Check Subsequent Inspection Exist" classname="Test Cases/Generic/Check Subsequent Inspection Exist" status="PASSED">
         <system-out><![CDATA[2019-02-01 14:42:38 - [TEST_CASE][PASSED] - Test Cases/Generic/Check Subsequent Inspection Exist: Test Cases/Generic/Check Subsequent Inspection Exist

2019-02-01 14:42:38 - [TEST_STEP][PASSED] - delay(2): Delayed 2 second(s)

2019-02-01 14:42:40 - [MESSAGE][PASSED] - Delayed 2 second(s)

2019-02-01 14:42:40 - [TEST_STEP][PASSED] - click(findTestObject("Object Repository/FSM1/Complete ABP Inspection/Check Subsequent Inspections/New/Page_JM Control Centre/div_")): Object: 'Object Repository/FSM1/Complete ABP Inspection/Check Subsequent Inspections/New/Page_JM Control Centre/div_' is clicked on

2019-02-01 14:42:40 - [MESSAGE][PASSED] - Object: 'Object Repository/FSM1/Complete ABP Inspection/Check Subsequent Inspections/New/Page_JM Control Centre/div_' is clicked on

2019-02-01 14:42:40 - [TEST_STEP][PASSED] - click(findTestObject("Object Repository/FSM1/Complete ABP Inspection/Check Subsequent Inspections/New/Page_JM Control Centre/span_List All Subordinate Jobs")): Object: 'Object Repository/FSM1/Complete ABP Inspection/Check Subsequent Inspections/New/Page_JM Control Centre/span_List All Subordinate Jobs' is clicked on

2019-02-01 14:42:41 - [MESSAGE][PASSED] - Object: 'Object Repository/FSM1/Complete ABP Inspection/Check Subsequent Inspections/New/Page_JM Control Centre/span_List All Subordinate Jobs' is clicked on

2019-02-01 14:42:41 - [TEST_STEP][PASSED] - delay(2): Delayed 2 second(s)

2019-02-01 14:42:43 - [MESSAGE][PASSED] - Delayed 2 second(s)

2019-02-01 14:42:43 - [TEST_STEP][PASSED] - verifyElementVisible(findTestObject("Object Repository/FSM1/Complete ABP Inspection/Check Subsequent Inspections/New/Page_JM Control Centre/div_2 found.")): Object 'Object Repository/FSM1/Complete ABP Inspection/Check Subsequent Inspections/New/Page_JM Control Centre/div_2 found.' is visible

2019-02-01 14:42:56 - [MESSAGE][PASSED] - Object 'Object Repository/FSM1/Complete ABP Inspection/Check Subsequent Inspections/New/Page_JM Control Centre/div_2 found.' is visible

2019-02-01 14:42:56 - [TEST_STEP][PASSED] - verifyElementNotPresent(findTestObject("JM_8918/New/Page_JM Control Centre/td_INVALID"), 2): Web element with id: 'Object Repository/JM_8918/New/Page_JM Control Centre/td_INVALID' located by 'By.xpath: //td[(text() = 'INVALID' or . = 'INVALID')]' is not present after '2' second(s)

2019-02-01 14:42:56 - [MESSAGE][PASSED] - Web element with id: 'Object Repository/JM_8918/New/Page_JM Control Centre/td_INVALID' located by 'By.xpath: //td[(text() = 'INVALID' or . = 'INVALID')]' is not present after '2' second(s)

2019-02-01 14:42:56 - [TEST_STEP][PASSED] - verifyElementNotPresent(findTestObject("JM_8918/New/Page_JM Control Centre/td_CREATING"), 2): Web element with id: 'Object Repository/JM_8918/New/Page_JM Control Centre/td_CREATING' located by 'By.xpath: //td[(text() = 'CREATING' or . = 'CREATING')]' is not present after '2' second(s)

2019-02-01 14:42:56 - [MESSAGE][PASSED] - Web element with id: 'Object Repository/JM_8918/New/Page_JM Control Centre/td_CREATING' located by 'By.xpath: //td[(text() = 'CREATING' or . = 'CREATING')]' is not present after '2' second(s)

2019-02-01 14:42:56 - [TEST_STEP][PASSED] - closeBrowser(): Browser is closed

2019-02-01 14:42:57 - [MESSAGE][PASSED] - Browser is closed]]></system-out>
         <system-err><![CDATA[]]></system-err>
      </testcase>
      <system-out><![CDATA[2019-02-01 14:36:54 - [TEST_SUITE][PASSED] - ICW Regression - 31: Test Cases/Generic/Check Subsequent Inspection Exist]]></system-out>
      <system-err><![CDATA[]]></system-err>
   </testsuite>
</testsuites>
