<?xml version="1.0" encoding="UTF-8"?>
<testsuites name="ABP Regression - 24a" time="431" tests="15" failures="0" errors="0">
   <testsuite name="ABP Regression - 24a" tests="15" failures="0" errors="0" time="431" timestamp="2018-11-14 11:59:27" hostname="JHATFIELD - SNDFSMINFSRV001.defra.onmicrosoft.com" id="Test Suites/ABP/ABP Regression - 24a">
      <properties>
         <property name="deviceName" value=""/>
         <property name="devicePlatform" value=""/>
         <property name="logFolder" value="C:\\Users\\JHATFIELD\\git\\DEFRA-FSM_Automated_Regression_NEW\\Reports\\ABP\\ABP Regression - 24a\\20181114_103610"/>
         <property name="logFiles" value="C:\\Users\\JHATFIELD\\git\\DEFRA-FSM_Automated_Regression_NEW\\Reports\\ABP\\ABP Regression - 24a\\20181114_103610\\execution0.log"/>
         <property name="attachments" value="C:\\Users\\JHATFIELD\\git\\DEFRA-FSM_Automated_Regression_NEW\\Reports\\ABP\\ABP Regression - 24a\\20181114_103610\\1542197023209.png"/>
         <property name="hostName" value="JHATFIELD - SNDFSMINFSRV001.defra.onmicrosoft.com"/>
         <property name="os" value="Windows Server 2016 64bit"/>
         <property name="katalonVersion" value="5.8.4.14"/>
         <property name="browser" value="Chrome 70.0.3538.102"/>
         <property name="hostAddress" value="10.201.1.17"/>
         <property name="sessionId" value="68b143175d099c416edf4cfe6624d0c4"/>
         <property name="seleniumVersion" value="3.7.1"/>
         <property name="proxyInformation" value="ProxyInformation{proxyOption=NO_PROXY, proxyServerType=HTTP, password=, proxyServerAddress=, proxyServerPort=0}"/>
         <property name="platform" value="Windows Server 2016"/>
      </properties>
      <testcase name="Test Cases/Generic/Launch Job Manager Control Centre" classname="Test Cases/Generic/Launch Job Manager Control Centre" status="PASSED">
         <system-out><![CDATA[2018-11-14 11:59:28 - [TEST_CASE][PASSED] - Test Cases/Generic/Launch Job Manager Control Centre: Test Cases/Generic/Launch Job Manager Control Centre

2018-11-14 11:59:29 - [TEST_STEP][PASSED] - openBrowser: Browser is opened with url: ''

2018-11-14 11:59:34 - [MESSAGE][PASSED] - Browser is opened with url: ''

2018-11-14 11:59:34 - [TEST_STEP][PASSED] - navigateToUrl: Navigate to 'https://kirona-def-6.kirona.com/jmprep/login#!loginView' successfully

2018-11-14 11:59:36 - [MESSAGE][PASSED] - Navigate to 'https://kirona-def-6.kirona.com/jmprep/login#!loginView' successfully

2018-11-14 11:59:36 - [TEST_STEP][PASSED] - setText: Text 'jon.hatfield' is set on object 'Object Repository/FSM1/Control Centre/Page_Job Manager Login/input_gwt-uid-3'

2018-11-14 11:59:37 - [MESSAGE][PASSED] - Text 'jon.hatfield' is set on object 'Object Repository/FSM1/Control Centre/Page_Job Manager Login/input_gwt-uid-3'

2018-11-14 11:59:37 - [TEST_STEP][PASSED] - setText: Text 'Fr@nc1sJ0n' is set on object 'Object Repository/FSM1/Control Centre/Page_Job Manager Login/input_gwt-uid-5'

2018-11-14 11:59:38 - [MESSAGE][PASSED] - Text 'Fr@nc1sJ0n' is set on object 'Object Repository/FSM1/Control Centre/Page_Job Manager Login/input_gwt-uid-5'

2018-11-14 11:59:38 - [TEST_STEP][PASSED] - click: Object: 'Object Repository/FSM1/PreProd/Page_Job Manager Login/div_Login' is clicked on

2018-11-14 11:59:38 - [MESSAGE][PASSED] - Object: 'Object Repository/FSM1/PreProd/Page_Job Manager Login/div_Login' is clicked on

2018-11-14 11:59:38 - [TEST_STEP][PASSED] - delay: Delayed 5 second(s)

2018-11-14 11:59:43 - [MESSAGE][PASSED] - Delayed 5 second(s)]]></system-out>
         <system-err><![CDATA[]]></system-err>
      </testcase>
      <testcase name="Test Cases/ABP/Generic/Create ABP Inspection - Manual Assignment" classname="Test Cases/ABP/Generic/Create ABP Inspection - Manual Assignment" status="PASSED">
         <system-out><![CDATA[2018-11-14 11:59:43 - [TEST_CASE][PASSED] - Test Cases/ABP/Generic/Create ABP Inspection - Manual Assignment: Test Cases/ABP/Generic/Create ABP Inspection - Manual Assignment

2018-11-14 11:59:44 - [TEST_STEP][PASSED] - Statement - log = new com.kms.katalon.core.logging.KeywordLogger(): null

2018-11-14 11:59:44 - [TEST_STEP][PASSED] - click: Object: 'Object Repository/FSM1/Create ABP Inspection Manual Ass/Page_JM Control Centre/Page_JM Control Centre/Page_JM Control Centre/div_Create' is clicked on

2018-11-14 11:59:44 - [MESSAGE][PASSED] - Object: 'Object Repository/FSM1/Create ABP Inspection Manual Ass/Page_JM Control Centre/Page_JM Control Centre/Page_JM Control Centre/div_Create' is clicked on

2018-11-14 11:59:44 - [TEST_STEP][PASSED] - click: Object: 'Object Repository/FSM1/Create ABP Inspection Manual Ass/Page_JM Control Centre/Page_JM Control Centre/Page_JM Control Centre/div_v-filterselect-button' is clicked on

2018-11-14 11:59:46 - [MESSAGE][PASSED] - Object: 'Object Repository/FSM1/Create ABP Inspection Manual Ass/Page_JM Control Centre/Page_JM Control Centre/Page_JM Control Centre/div_v-filterselect-button' is clicked on

2018-11-14 11:59:46 - [TEST_STEP][PASSED] - setText: Text 'ABPR24a' is set on object 'Object Repository/FSM1/Create ABP Inspection Manual Ass/Page_JM Control Centre/Page_JM Control Centre/Page_JM Control Centre/input_gwt-uid-8'

2018-11-14 11:59:47 - [MESSAGE][PASSED] - Text 'ABPR24a' is set on object 'Object Repository/FSM1/Create ABP Inspection Manual Ass/Page_JM Control Centre/Page_JM Control Centre/Page_JM Control Centre/input_gwt-uid-8'

2018-11-14 11:59:47 - [TEST_STEP][PASSED] - Statement - ABPInspectionTypeJ = com.kms.katalon.core.webui.keyword.WebUiBuiltInKeywords.modifyObjectProperty(com.kms.katalon.core.testobject.ObjectRepository.findTestObject(Object Repository/FSM1/Create ABP Inspection Manual Ass/Page_JM Control Centre/Page_JM Control Centre/Page_JM Control Centre/span_ABPR01A - Composting and), "text", "equals", ABPInspectionType, true): Modify property of object successfully

2018-11-14 11:59:47 - [MESSAGE][PASSED] - Modify property of object successfully

2018-11-14 11:59:47 - [TEST_STEP][PASSED] - click: Object: 'Object Repository/FSM1/Create ABP Inspection Manual Ass/Page_JM Control Centre/Page_JM Control Centre/Page_JM Control Centre/span_ABPR01A - Composting and' is clicked on

2018-11-14 11:59:47 - [MESSAGE][PASSED] - Object: 'Object Repository/FSM1/Create ABP Inspection Manual Ass/Page_JM Control Centre/Page_JM Control Centre/Page_JM Control Centre/span_ABPR01A - Composting and' is clicked on

2018-11-14 11:59:48 - [TEST_STEP][PASSED] - click: Object: 'Object Repository/FSM1/Create ABP Inspection Manual Ass/Page_JM Control Centre/Page_JM Control Centre/Page_JM Control Centre/div_v-filterselect-button_1' is clicked on

2018-11-14 11:59:50 - [MESSAGE][PASSED] - Object: 'Object Repository/FSM1/Create ABP Inspection Manual Ass/Page_JM Control Centre/Page_JM Control Centre/Page_JM Control Centre/div_v-filterselect-button_1' is clicked on

2018-11-14 11:59:50 - [TEST_STEP][PASSED] - click: Object: 'Object Repository/FSM1/Create ABP Inspection Manual Ass/Page_JM Control Centre/Page_JM Control Centre/Page_JM Control Centre/span_24 Hours' is clicked on

2018-11-14 11:59:50 - [MESSAGE][PASSED] - Object: 'Object Repository/FSM1/Create ABP Inspection Manual Ass/Page_JM Control Centre/Page_JM Control Centre/Page_JM Control Centre/span_24 Hours' is clicked on

2018-11-14 11:59:50 - [TEST_STEP][PASSED] - click: Object: 'Object Repository/FSM1/Create ABP Inspection Manual Ass/Page_JM Control Centre/Page_JM Control Centre/Page_JM Control Centre/div_Region_v-filterselect-butt' is clicked on

2018-11-14 11:59:51 - [MESSAGE][PASSED] - Object: 'Object Repository/FSM1/Create ABP Inspection Manual Ass/Page_JM Control Centre/Page_JM Control Centre/Page_JM Control Centre/div_Region_v-filterselect-butt' is clicked on

2018-11-14 11:59:51 - [TEST_STEP][PASSED] - click: Object: 'Object Repository/FSM1/Create ABP Inspection Manual Ass/Page_JM Control Centre/Page_JM Control Centre/Page_JM Control Centre/td_West' is clicked on

2018-11-14 11:59:51 - [MESSAGE][PASSED] - Object: 'Object Repository/FSM1/Create ABP Inspection Manual Ass/Page_JM Control Centre/Page_JM Control Centre/Page_JM Control Centre/td_West' is clicked on

2018-11-14 11:59:51 - [TEST_STEP][PASSED] - click: Object: 'Object Repository/FSM1/Create ABP Inspection Manual Ass/Page_JM Control Centre/Page_JM Control Centre/Page_JM Control Centre/div_Plant Type_v-filterselect-' is clicked on

2018-11-14 11:59:51 - [MESSAGE][PASSED] - Object: 'Object Repository/FSM1/Create ABP Inspection Manual Ass/Page_JM Control Centre/Page_JM Control Centre/Page_JM Control Centre/div_Plant Type_v-filterselect-' is clicked on

2018-11-14 11:59:52 - [TEST_STEP][PASSED] - click: Object: 'Object Repository/FSM1/Create ABP Inspection Manual Ass/Page_JM Control Centre/Page_JM Control Centre/Page_JM Control Centre/td_SECTION I Intermediate Acti' is clicked on

2018-11-14 11:59:52 - [MESSAGE][PASSED] - Object: 'Object Repository/FSM1/Create ABP Inspection Manual Ass/Page_JM Control Centre/Page_JM Control Centre/Page_JM Control Centre/td_SECTION I Intermediate Acti' is clicked on

2018-11-14 11:59:52 - [TEST_STEP][PASSED] - click: Object: 'Object Repository/FSM1/Create ABP Inspection Manual Ass/Page_JM Control Centre/Page_JM Control Centre/Page_JM Control Centre/div_Inspection Type_v-filterse' is clicked on

2018-11-14 11:59:52 - [MESSAGE][PASSED] - Object: 'Object Repository/FSM1/Create ABP Inspection Manual Ass/Page_JM Control Centre/Page_JM Control Centre/Page_JM Control Centre/div_Inspection Type_v-filterse' is clicked on

2018-11-14 11:59:52 - [TEST_STEP][PASSED] - click: Object: 'Object Repository/FSM1/Create ABP Inspection Manual Ass/Page_JM Control Centre/Page_JM Control Centre/Page_JM Control Centre/td_Routine' is clicked on

2018-11-14 11:59:53 - [MESSAGE][PASSED] - Object: 'Object Repository/FSM1/Create ABP Inspection Manual Ass/Page_JM Control Centre/Page_JM Control Centre/Page_JM Control Centre/td_Routine' is clicked on

2018-11-14 11:59:53 - [TEST_STEP][PASSED] - click: Object: 'Object Repository/FSM1/Create ABP Inspection Manual Ass/Page_JM Control Centre/Page_JM Control Centre/Page_JM Control Centre/div_Inspector Grade Required_v' is clicked on

2018-11-14 11:59:53 - [MESSAGE][PASSED] - Object: 'Object Repository/FSM1/Create ABP Inspection Manual Ass/Page_JM Control Centre/Page_JM Control Centre/Page_JM Control Centre/div_Inspector Grade Required_v' is clicked on

2018-11-14 11:59:53 - [TEST_STEP][PASSED] - click: Object: 'Object Repository/FSM1/Create ABP Inspection Manual Ass/Page_JM Control Centre/Page_JM Control Centre/Page_JM Control Centre/td_Tech' is clicked on

2018-11-14 11:59:54 - [MESSAGE][PASSED] - Object: 'Object Repository/FSM1/Create ABP Inspection Manual Ass/Page_JM Control Centre/Page_JM Control Centre/Page_JM Control Centre/td_Tech' is clicked on

2018-11-14 11:59:54 - [TEST_STEP][PASSED] - click: Object: 'Object Repository/FSM1/Create ABP Inspection Manual Ass/Page_JM Control Centre/Page_JM Control Centre/Page_JM Control Centre/div_Sequence within Inspection' is clicked on

2018-11-14 11:59:54 - [MESSAGE][PASSED] - Object: 'Object Repository/FSM1/Create ABP Inspection Manual Ass/Page_JM Control Centre/Page_JM Control Centre/Page_JM Control Centre/div_Sequence within Inspection' is clicked on

2018-11-14 11:59:54 - [TEST_STEP][PASSED] - click: Object: 'Object Repository/FSM1/Create ABP Inspection Manual Ass/Page_JM Control Centre/Page_JM Control Centre/Page_JM Control Centre/td_2 - Tech' is clicked on

2018-11-14 11:59:54 - [MESSAGE][PASSED] - Object: 'Object Repository/FSM1/Create ABP Inspection Manual Ass/Page_JM Control Centre/Page_JM Control Centre/Page_JM Control Centre/td_2 - Tech' is clicked on

2018-11-14 11:59:54 - [TEST_STEP][PASSED] - setText: Text '58182' is set on object 'Object Repository/FSM1/Create ABP Inspection Manual Ass/Page_JM Control Centre/Page_JM Control Centre/Page_JM Control Centre/input_Customer ID_gwt-uid-40'

2018-11-14 11:59:55 - [MESSAGE][PASSED] - Text '58182' is set on object 'Object Repository/FSM1/Create ABP Inspection Manual Ass/Page_JM Control Centre/Page_JM Control Centre/Page_JM Control Centre/input_Customer ID_gwt-uid-40'

2018-11-14 11:59:55 - [TEST_STEP][PASSED] - setText: Text '12332' is set on object 'Object Repository/FSM1/Create ABP Inspection Manual Ass/Page_JM Control Centre/Page_JM Control Centre/Page_JM Control Centre/input_Unit ID_gwt-uid-42'

2018-11-14 11:59:55 - [MESSAGE][PASSED] - Text '12332' is set on object 'Object Repository/FSM1/Create ABP Inspection Manual Ass/Page_JM Control Centre/Page_JM Control Centre/Page_JM Control Centre/input_Unit ID_gwt-uid-42'

2018-11-14 11:59:55 - [TEST_STEP][PASSED] - setText: Text 'Test Automation' is set on object 'Object Repository/FSM1/Create ABP Inspection Manual Ass/Page_JM Control Centre/Page_JM Control Centre/Page_JM Control Centre/input_Customer Name_gwt-uid-44'

2018-11-14 11:59:56 - [MESSAGE][PASSED] - Text 'Test Automation' is set on object 'Object Repository/FSM1/Create ABP Inspection Manual Ass/Page_JM Control Centre/Page_JM Control Centre/Page_JM Control Centre/input_Customer Name_gwt-uid-44'

2018-11-14 11:59:56 - [TEST_STEP][PASSED] - click: Object: 'Object Repository/FSM1/Create ABP Inspection Manual Ass/Page_JM Control Centre/Page_JM Control Centre/Page_JM Control Centre/span_' is clicked on

2018-11-14 11:59:56 - [MESSAGE][PASSED] - Object: 'Object Repository/FSM1/Create ABP Inspection Manual Ass/Page_JM Control Centre/Page_JM Control Centre/Page_JM Control Centre/span_' is clicked on

2018-11-14 11:59:56 - [TEST_STEP][PASSED] - click: Object: 'Object Repository/FSM1/Create ABP Inspection Manual Ass/Page_JM Control Centre/Page_JM Control Centre/Page_JM Control Centre/Postcode Search' is clicked on

2018-11-14 11:59:58 - [MESSAGE][PASSED] - Object: 'Object Repository/FSM1/Create ABP Inspection Manual Ass/Page_JM Control Centre/Page_JM Control Centre/Page_JM Control Centre/Postcode Search' is clicked on

2018-11-14 11:59:58 - [TEST_STEP][PASSED] - setText: Text 'WR5 2NQ' is set on object 'Object Repository/FSM1/Create ABP Inspection Manual Ass/Page_JM Control Centre/Page_JM Control Centre/Page_JM Control Centre/PostcodeSearch'

2018-11-14 11:59:59 - [MESSAGE][PASSED] - Text 'WR5 2NQ' is set on object 'Object Repository/FSM1/Create ABP Inspection Manual Ass/Page_JM Control Centre/Page_JM Control Centre/Page_JM Control Centre/PostcodeSearch'

2018-11-14 11:59:59 - [TEST_STEP][PASSED] - click: Object: 'Object Repository/FSM1/Control Centre/Create EMI Inspection/Create Address/Page_JM Control Centre (1)/SearchButton' is clicked on

2018-11-14 11:59:59 - [MESSAGE][PASSED] - Object: 'Object Repository/FSM1/Control Centre/Create EMI Inspection/Create Address/Page_JM Control Centre (1)/SearchButton' is clicked on

2018-11-14 12:00:00 - [TEST_STEP][PASSED] - Statement - FullAddress = com.kms.katalon.core.webui.keyword.WebUiBuiltInKeywords.modifyObjectProperty(com.kms.katalon.core.testobject.ObjectRepository.findTestObject(Object Repository/FSM1/Create ABP Inspection Manual Ass/Page_JM Control Centre/Page_JM Control Centre/Page_JM Control Centre/Address), "text", "equals", com.kms.katalon.core.testdata.TestDataFactory.findTestData(Pre Production/ABP/ABP Inspection Data 01a).getValue(3, 1), true): Modify property of object successfully

2018-11-14 12:00:00 - [MESSAGE][PASSED] - Modify property of object successfully

2018-11-14 12:00:00 - [TEST_STEP][PASSED] - click: Object: 'Object Repository/FSM1/Create ABP Inspection Manual Ass/Page_JM Control Centre/Page_JM Control Centre/Page_JM Control Centre/Address' is clicked on

2018-11-14 12:00:00 - [MESSAGE][PASSED] - Object: 'Object Repository/FSM1/Create ABP Inspection Manual Ass/Page_JM Control Centre/Page_JM Control Centre/Page_JM Control Centre/Address' is clicked on

2018-11-14 12:00:00 - [TEST_STEP][PASSED] - click: Object: 'Object Repository/FSM1/Control Centre/Create EMI Inspection/Create Address/Page_JM Control Centre (2)/div_Add Selected Item' is clicked on

2018-11-14 12:00:01 - [MESSAGE][PASSED] - Object: 'Object Repository/FSM1/Control Centre/Create EMI Inspection/Create Address/Page_JM Control Centre (2)/div_Add Selected Item' is clicked on

2018-11-14 12:00:01 - [TEST_STEP][PASSED] - delay: Delayed 2 second(s)

2018-11-14 12:00:03 - [MESSAGE][PASSED] - Delayed 2 second(s)

2018-11-14 12:00:03 - [TEST_STEP][PASSED] - click: Object: 'Object Repository/FSM1/Control Centre/Create EMI Inspection/Finish/Page_JM Control Centre (3)/div_Create' is clicked on

2018-11-14 12:00:04 - [MESSAGE][PASSED] - Object: 'Object Repository/FSM1/Control Centre/Create EMI Inspection/Finish/Page_JM Control Centre (3)/div_Create' is clicked on

2018-11-14 12:00:04 - [TEST_STEP][PASSED] - waitForElementPresent: Object 'Object Repository/FSM1/Create ABP Inspection Manual Ass/Page_JM Control Centre/Page_JM Control Centre/Page_JM Control Centre/div_APPROVED' is present

2018-11-14 12:00:10 - [MESSAGE][PASSED] - Object 'Object Repository/FSM1/Create ABP Inspection Manual Ass/Page_JM Control Centre/Page_JM Control Centre/Page_JM Control Centre/div_APPROVED' is present

2018-11-14 12:00:10 - [TEST_STEP][PASSED] - click: Object: 'Object Repository/FSM1/Create ABP Inspection Manual Ass/Page_JM Control Centre/Page_JM Control Centre/Page_JM Control Centre/span_Schedule' is clicked on

2018-11-14 12:00:10 - [MESSAGE][PASSED] - Object: 'Object Repository/FSM1/Create ABP Inspection Manual Ass/Page_JM Control Centre/Page_JM Control Centre/Page_JM Control Centre/span_Schedule' is clicked on

2018-11-14 12:00:10 - [TEST_STEP][PASSED] - click: Object: 'Object Repository/FSM1/Create ABP Inspection Manual Ass/Page_JM Control Centre/Page_JM Control Centre/Page_JM Control Centre/label_Manual Ownership' is clicked on

2018-11-14 12:00:15 - [MESSAGE][PASSED] - Object: 'Object Repository/FSM1/Create ABP Inspection Manual Ass/Page_JM Control Centre/Page_JM Control Centre/Page_JM Control Centre/label_Manual Ownership' is clicked on

2018-11-14 12:00:15 - [TEST_STEP][PASSED] - setText: Text 'test' is set on object 'Object Repository/FSM1/Create ABP Inspection Manual Ass/Page_JM Control Centre/Page_JM Control Centre/Page_JM Control Centre/input_Owner_gwt-uid-311 (3)'

2018-11-14 12:00:17 - [MESSAGE][PASSED] - Text 'test' is set on object 'Object Repository/FSM1/Create ABP Inspection Manual Ass/Page_JM Control Centre/Page_JM Control Centre/Page_JM Control Centre/input_Owner_gwt-uid-311 (3)'

2018-11-14 12:00:17 - [TEST_STEP][PASSED] - click: Object: 'Object Repository/FSM1/Create ABP Inspection Manual Ass/Page_JM Control Centre/Page_JM Control Centre/Page_JM Control Centre/span_Test Inspector' is clicked on

2018-11-14 12:00:17 - [MESSAGE][PASSED] - Object: 'Object Repository/FSM1/Create ABP Inspection Manual Ass/Page_JM Control Centre/Page_JM Control Centre/Page_JM Control Centre/span_Test Inspector' is clicked on

2018-11-14 12:00:18 - [TEST_STEP][NOT_RUN] - setText: NOT_RUN: setText

2018-11-14 12:00:18 - [MESSAGE][NOT_RUN] - NOT_RUN: setText

2018-11-14 12:00:18 - [TEST_STEP][PASSED] - Statement - mydate = new java.util.Date(): null

2018-11-14 12:00:18 - [TEST_STEP][PASSED] - Statement - tomorrow = mydate.next(): null

2018-11-14 12:00:18 - [TEST_STEP][PASSED] - Statement - formattedDate = tomorrow.format("dd-MMM-yyyy"): null

2018-11-14 12:00:18 - [TEST_STEP][PASSED] - setText: Text '15-Nov-2018' is set on object 'Object Repository/FSM1/Create ABP Inspection Manual Ass/Page_JM Control Centre/Page_JM Control Centre/Page_JM Control Centre/input_From date_gwt-uid-504 (10)'

2018-11-14 12:00:19 - [MESSAGE][PASSED] - Text '15-Nov-2018' is set on object 'Object Repository/FSM1/Create ABP Inspection Manual Ass/Page_JM Control Centre/Page_JM Control Centre/Page_JM Control Centre/input_From date_gwt-uid-504 (10)'

2018-11-14 12:00:19 - [TEST_STEP][PASSED] - setText: Text '15-Nov-2018' is set on object 'Object Repository/FSM1/Create ABP Inspection Manual Ass/Page_JM Control Centre/Page_JM Control Centre/Page_JM Control Centre/input_Due date_gwt-uid-506 (11)'

2018-11-14 12:00:20 - [MESSAGE][PASSED] - Text '15-Nov-2018' is set on object 'Object Repository/FSM1/Create ABP Inspection Manual Ass/Page_JM Control Centre/Page_JM Control Centre/Page_JM Control Centre/input_Due date_gwt-uid-506 (11)'

2018-11-14 12:00:20 - [TEST_STEP][PASSED] - click: Object: 'Object Repository/FSM1/Create ABP Inspection Manual Ass/Page_JM Control Centre/Page_JM Control Centre/Page_JM Control Centre/div_Allocate' is clicked on

2018-11-14 12:00:21 - [MESSAGE][PASSED] - Object: 'Object Repository/FSM1/Create ABP Inspection Manual Ass/Page_JM Control Centre/Page_JM Control Centre/Page_JM Control Centre/div_Allocate' is clicked on

2018-11-14 12:00:21 - [TEST_STEP][PASSED] - Statement - InspectionID = com.kms.katalon.core.webui.keyword.WebUiBuiltInKeywords.getText(com.kms.katalon.core.testobject.ObjectRepository.findTestObject(Object Repository/FSM1/Create ABP Inspection Manual Ass/Page_JM Control Centre/Page_JM Control Centre/Page_JM Control Centre/InspectionID)): Text of object 'Object Repository/FSM1/Create ABP Inspection Manual Ass/Page_JM Control Centre/Page_JM Control Centre/Page_JM Control Centre/InspectionID' is: 'Viewing Job 91118'

2018-11-14 12:00:22 - [MESSAGE][PASSED] - Text of object 'Object Repository/FSM1/Create ABP Inspection Manual Ass/Page_JM Control Centre/Page_JM Control Centre/Page_JM Control Centre/InspectionID' is: 'Viewing Job 91118'

2018-11-14 12:00:22 - [TEST_STEP][PASSED] - Statement - InspectionID = InspectionID.replaceAll("Viewing Job ", ""): null

2018-11-14 12:00:22 - [TEST_STEP][PASSED] - Statement - log.logWarning(InspectionID): 91118

2018-11-14 12:00:22 - [MESSAGE][WARNING] - 91118

2018-11-14 12:00:22 - [TEST_STEP][PASSED] - Statement - temp = InspectionID: null

2018-11-14 12:00:22 - [TEST_STEP][PASSED] - delay: Delayed 90 second(s)

2018-11-14 12:01:52 - [MESSAGE][PASSED] - Delayed 90 second(s)]]></system-out>
         <system-err><![CDATA[]]></system-err>
      </testcase>
      <testcase name="Test Cases/Generic/Launch Job Manager" classname="Test Cases/Generic/Launch Job Manager" status="PASSED">
         <system-out><![CDATA[2018-11-14 12:01:52 - [TEST_CASE][PASSED] - Test Cases/Generic/Launch Job Manager: Test Cases/Generic/Launch Job Manager

2018-11-14 12:01:52 - [TEST_STEP][PASSED] - openBrowser: Browser is opened with url: ''

2018-11-14 12:01:52 - [MESSAGE][WARNING] - A browser is already opened. Closing browser and opening a new one

2018-11-14 12:01:56 - [MESSAGE][PASSED] - Browser is opened with url: ''

2018-11-14 12:01:56 - [TEST_STEP][PASSED] - navigateToUrl: Navigate to 'https://kirona-def-6.kirona.com/jmprep/jclient/jclient.html' successfully

2018-11-14 12:01:58 - [MESSAGE][PASSED] - Navigate to 'https://kirona-def-6.kirona.com/jmprep/jclient/jclient.html' successfully

2018-11-14 12:01:58 - [TEST_STEP][PASSED] - setText: Text 'KIR1' is set on object 'Object Repository/FSM1/Launch Application/Page_JClient/input_gwt-TextBox GKH2EKQBMDB'

2018-11-14 12:02:01 - [MESSAGE][PASSED] - Text 'KIR1' is set on object 'Object Repository/FSM1/Launch Application/Page_JClient/input_gwt-TextBox GKH2EKQBMDB'

2018-11-14 12:02:01 - [TEST_STEP][PASSED] - sendKeys: Keys 'ENTER + ' sent to object: 'Object Repository/FSM1/Launch Application/Page_JClient/input_gwt-TextBox GKH2EKQBMDB'

2018-11-14 12:02:01 - [MESSAGE][PASSED] - Keys 'ENTER + ' sent to object: 'Object Repository/FSM1/Launch Application/Page_JClient/input_gwt-TextBox GKH2EKQBMDB'

2018-11-14 12:02:01 - [TEST_STEP][PASSED] - click: Object: 'Object Repository/FSM1/Launch Application/Page_JClient/div_Configure App' is clicked on

2018-11-14 12:02:01 - [MESSAGE][PASSED] - Object: 'Object Repository/FSM1/Launch Application/Page_JClient/div_Configure App' is clicked on

2018-11-14 12:02:01 - [TEST_STEP][PASSED] - setText: Text 'test.inspector' is set on object 'Object Repository/FSM1/Launch Application/Page_JClient/input_gwt-TextBox GKH2EKQBNHC'

2018-11-14 12:02:02 - [MESSAGE][PASSED] - Text 'test.inspector' is set on object 'Object Repository/FSM1/Launch Application/Page_JClient/input_gwt-TextBox GKH2EKQBNHC'

2018-11-14 12:02:02 - [TEST_STEP][PASSED] - setText: Text 'Password1.' is set on object 'Object Repository/FSM1/Launch Application/Page_JClient/input_gwt-PasswordTextBox GKH2'

2018-11-14 12:02:02 - [MESSAGE][PASSED] - Text 'Password1.' is set on object 'Object Repository/FSM1/Launch Application/Page_JClient/input_gwt-PasswordTextBox GKH2'

2018-11-14 12:02:02 - [TEST_STEP][PASSED] - click: Object: 'Object Repository/FSM1/Launch Application/Page_JClient/div_Sign In' is clicked on

2018-11-14 12:02:03 - [MESSAGE][PASSED] - Object: 'Object Repository/FSM1/Launch Application/Page_JClient/div_Sign In' is clicked on

2018-11-14 12:02:03 - [TEST_STEP][PASSED] - delay: Delayed 15 second(s)

2018-11-14 12:02:18 - [MESSAGE][PASSED] - Delayed 15 second(s)]]></system-out>
         <system-err><![CDATA[]]></system-err>
      </testcase>
      <testcase name="Test Cases/Generic/Select Inspection" classname="Test Cases/Generic/Select Inspection" status="PASSED">
         <system-out><![CDATA[2018-11-14 12:02:18 - [TEST_CASE][PASSED] - Test Cases/Generic/Select Inspection: Test Cases/Generic/Select Inspection

2018-11-14 12:02:18 - [TEST_STEP][PASSED] - delay: Delayed 30 second(s)

2018-11-14 12:02:48 - [MESSAGE][PASSED] - Delayed 30 second(s)

2018-11-14 12:02:48 - [TEST_STEP][PASSED] - waitForElementClickable: Object 'Object Repository/FSM1/Select Inspection/Landing/Refresh' is clickable

2018-11-14 12:02:48 - [MESSAGE][PASSED] - Object 'Object Repository/FSM1/Select Inspection/Landing/Refresh' is clickable

2018-11-14 12:02:48 - [TEST_STEP][PASSED] - click: Object: 'Object Repository/FSM1/Select Inspection/Landing/Refresh' is clicked on

2018-11-14 12:02:48 - [MESSAGE][PASSED] - Object: 'Object Repository/FSM1/Select Inspection/Landing/Refresh' is clicked on

2018-11-14 12:02:49 - [TEST_STEP][PASSED] - waitForElementClickable: Object 'Object Repository/FSM1/Select Inspection/Landing/Refresh' is clickable

2018-11-14 12:02:50 - [MESSAGE][PASSED] - Object 'Object Repository/FSM1/Select Inspection/Landing/Refresh' is clickable

2018-11-14 12:02:50 - [TEST_STEP][NOT_RUN] - delay: NOT_RUN: delay

2018-11-14 12:02:50 - [MESSAGE][NOT_RUN] - NOT_RUN: delay

2018-11-14 12:02:50 - [TEST_STEP][PASSED] - Statement - InspectionRef = com.kms.katalon.core.webui.keyword.WebUiBuiltInKeywords.modifyObjectProperty(com.kms.katalon.core.testobject.ObjectRepository.findTestObject(FSM1/Select Inspection/Landing/Page_JClient/div_35098), "text", "equals", temp, true, STOP_ON_FAILURE): Modify property of object successfully

2018-11-14 12:02:50 - [MESSAGE][PASSED] - Modify property of object successfully

2018-11-14 12:02:50 - [TEST_STEP][PASSED] - delay: Delayed 20 second(s)

2018-11-14 12:03:10 - [MESSAGE][PASSED] - Delayed 20 second(s)

2018-11-14 12:03:10 - [TEST_STEP][PASSED] - Statement - If (com.kms.katalon.core.webui.keyword.WebUiBuiltInKeywords.verifyElementPresent(InspectionRef, 30, OPTIONAL)): com.kms.katalon.core.webui.exception.WebElementNotFoundException: Web element with id: 'Object Repository/FSM1/Select Inspection/Landing/Page_JClient/div_35098' located by 'By.xpath: //div[(text() = '91118' or . = '91118')]' not found

2018-11-14 12:03:44 - [MESSAGE][WARNING] - com.kms.katalon.core.webui.exception.WebElementNotFoundException: Web element with id: 'Object Repository/FSM1/Select Inspection/Landing/Page_JClient/div_35098' located by 'By.xpath: //div[(text() = '91118' or . = '91118')]' not found
[[ATTACHMENT|C:\\Users\\JHATFIELD\\git\\DEFRA-FSM_Automated_Regression_NEW\\Reports\\ABP\\ABP Regression - 24a\\20181114_103610\\1542197023209.png]]

2018-11-14 12:03:44 - [TEST_STEP][PASSED] - Statement - Else: Object: 'Object Repository/FSM1/Select Inspection/Landing/Page_JClient/div_35098' is clicked on

2018-11-14 12:03:44 - [TEST_STEP][PASSED] - click: Object: 'Object Repository/FSM1/Select Inspection/Landing/Page_JClient (1)/2 Days' is clicked on

2018-11-14 12:03:44 - [MESSAGE][PASSED] - Object: 'Object Repository/FSM1/Select Inspection/Landing/Page_JClient (1)/2 Days' is clicked on

2018-11-14 12:03:44 - [TEST_STEP][PASSED] - delay: Delayed 3 second(s)

2018-11-14 12:03:47 - [MESSAGE][PASSED] - Delayed 3 second(s)

2018-11-14 12:03:47 - [TEST_STEP][PASSED] - click: Object: 'Object Repository/FSM1/Select Inspection/Landing/Page_JClient/div_35098' is clicked on

2018-11-14 12:03:47 - [MESSAGE][PASSED] - Object: 'Object Repository/FSM1/Select Inspection/Landing/Page_JClient/div_35098' is clicked on

2018-11-14 12:03:47 - [TEST_STEP][PASSED] - click: Object: 'Object Repository/FSM1/Select Inspection/Page_JClient/div_WITH OPERATIVE' is clicked on

2018-11-14 12:03:48 - [MESSAGE][PASSED] - Object: 'Object Repository/FSM1/Select Inspection/Page_JClient/div_WITH OPERATIVE' is clicked on

2018-11-14 12:03:48 - [TEST_STEP][PASSED] - delay: Delayed 2 second(s)

2018-11-14 12:03:50 - [MESSAGE][PASSED] - Delayed 2 second(s)

2018-11-14 12:03:50 - [TEST_STEP][PASSED] - click: Object: 'Object Repository/FSM1/Select Inspection/Page_JClient/div_TRAVELLING' is clicked on

2018-11-14 12:03:50 - [MESSAGE][PASSED] - Object: 'Object Repository/FSM1/Select Inspection/Page_JClient/div_TRAVELLING' is clicked on

2018-11-14 12:03:50 - [TEST_STEP][PASSED] - delay: Delayed 2 second(s)

2018-11-14 12:03:52 - [MESSAGE][PASSED] - Delayed 2 second(s)

2018-11-14 12:03:52 - [TEST_STEP][PASSED] - click: Object: 'Object Repository/FSM1/Select Inspection/Page_JClient/div_TRAVELLING' is clicked on

2018-11-14 12:03:52 - [MESSAGE][PASSED] - Object: 'Object Repository/FSM1/Select Inspection/Page_JClient/div_TRAVELLING' is clicked on

2018-11-14 12:03:52 - [TEST_STEP][PASSED] - delay: Delayed 2 second(s)

2018-11-14 12:03:54 - [MESSAGE][PASSED] - Delayed 2 second(s)

2018-11-14 12:03:54 - [TEST_STEP][PASSED] - click: Object: 'Object Repository/FSM1/Select Inspection/Page_JClient/div_ARRIVED' is clicked on

2018-11-14 12:03:54 - [MESSAGE][PASSED] - Object: 'Object Repository/FSM1/Select Inspection/Page_JClient/div_ARRIVED' is clicked on

2018-11-14 12:03:54 - [TEST_STEP][PASSED] - delay: Delayed 2 second(s)

2018-11-14 12:03:56 - [MESSAGE][PASSED] - Delayed 2 second(s)

2018-11-14 12:03:56 - [TEST_STEP][PASSED] - click: Object: 'Object Repository/FSM1/Select Inspection/Page_JClient/div_ARRIVED' is clicked on

2018-11-14 12:03:57 - [MESSAGE][PASSED] - Object: 'Object Repository/FSM1/Select Inspection/Page_JClient/div_ARRIVED' is clicked on

2018-11-14 12:03:57 - [TEST_STEP][PASSED] - delay: Delayed 4 second(s)

2018-11-14 12:04:01 - [MESSAGE][PASSED] - Delayed 4 second(s)

2018-11-14 12:04:01 - [TEST_STEP][PASSED] - click: Object: 'Object Repository/FSM1/Select Inspection/Page_JClient/div_STARTED' is clicked on

2018-11-14 12:04:01 - [MESSAGE][PASSED] - Object: 'Object Repository/FSM1/Select Inspection/Page_JClient/div_STARTED' is clicked on

2018-11-14 12:04:01 - [TEST_STEP][PASSED] - delay: Delayed 2 second(s)

2018-11-14 12:04:03 - [MESSAGE][PASSED] - Delayed 2 second(s)]]></system-out>
         <system-err><![CDATA[]]></system-err>
      </testcase>
      <testcase name="Test Cases/ABP/ABPR24a/Complete ABP Inspection - Section A - 24a, 25a, 26a, 29a" classname="Test Cases/ABP/ABPR24a/Complete ABP Inspection - Section A - 24a, 25a, 26a, 29a" status="PASSED">
         <system-out><![CDATA[2018-11-14 12:04:03 - [TEST_CASE][PASSED] - Test Cases/ABP/ABPR24a/Complete ABP Inspection - Section A - 24a, 25a, 26a, 29a: Test Cases/ABP/ABPR24a/Complete ABP Inspection - Section A - 24a, 25a, 26a, 29a

2018-11-14 12:04:03 - [TEST_STEP][PASSED] - click: Object: 'Object Repository/FSM1/Complete ABP Inspection/ABPR24a/Section A/Page_JClient/div_Section A Summary of Inspe' is clicked on

2018-11-14 12:04:04 - [MESSAGE][PASSED] - Object: 'Object Repository/FSM1/Complete ABP Inspection/ABPR24a/Section A/Page_JClient/div_Section A Summary of Inspe' is clicked on

2018-11-14 12:04:04 - [TEST_STEP][PASSED] - delay: Delayed 3 second(s)

2018-11-14 12:04:07 - [MESSAGE][PASSED] - Delayed 3 second(s)

2018-11-14 12:04:07 - [TEST_STEP][PASSED] - setText: Text '11/222/3333' is set on object 'Object Repository/FSM1/Complete ABP Inspection/ABPR24a/Section A/Page_JClient/input_County Parish Holding (C'

2018-11-14 12:04:07 - [MESSAGE][PASSED] - Text '11/222/3333' is set on object 'Object Repository/FSM1/Complete ABP Inspection/ABPR24a/Section A/Page_JClient/input_County Parish Holding (C'

2018-11-14 12:04:07 - [TEST_STEP][PASSED] - click: Object: 'Object Repository/FSM1/Complete ABP Inspection/ABPR24a/Section A/Page_JClient/input_Yes_radio_group_1' is clicked on

2018-11-14 12:04:07 - [MESSAGE][PASSED] - Object: 'Object Repository/FSM1/Complete ABP Inspection/ABPR24a/Section A/Page_JClient/input_Yes_radio_group_1' is clicked on

2018-11-14 12:04:07 - [TEST_STEP][PASSED] - click: Object: 'Object Repository/FSM1/Complete ABP Inspection/ABPR24a/Section A/Page_JClient/input_Yes_radio_group_2' is clicked on

2018-11-14 12:04:07 - [MESSAGE][PASSED] - Object: 'Object Repository/FSM1/Complete ABP Inspection/ABPR24a/Section A/Page_JClient/input_Yes_radio_group_2' is clicked on

2018-11-14 12:04:07 - [TEST_STEP][PASSED] - click: Object: 'Object Repository/FSM1/Complete ABP Inspection/ABPR24a/Section A/Page_JClient/input_Yes_radio_group_3' is clicked on

2018-11-14 12:04:08 - [MESSAGE][PASSED] - Object: 'Object Repository/FSM1/Complete ABP Inspection/ABPR24a/Section A/Page_JClient/input_Yes_radio_group_3' is clicked on

2018-11-14 12:04:08 - [TEST_STEP][PASSED] - click: Object: 'Object Repository/FSM1/Complete ABP Inspection/ABPR24a/Section A/Page_JClient/input_Yes_radio_group_4' is clicked on

2018-11-14 12:04:08 - [MESSAGE][PASSED] - Object: 'Object Repository/FSM1/Complete ABP Inspection/ABPR24a/Section A/Page_JClient/input_Yes_radio_group_4' is clicked on

2018-11-14 12:04:08 - [TEST_STEP][PASSED] - click: Object: 'Object Repository/FSM1/Complete ABP Inspection/ABPR24a/Section A/Page_JClient/input_Yes_radio_group_5' is clicked on

2018-11-14 12:04:08 - [MESSAGE][PASSED] - Object: 'Object Repository/FSM1/Complete ABP Inspection/ABPR24a/Section A/Page_JClient/input_Yes_radio_group_5' is clicked on

2018-11-14 12:04:08 - [TEST_STEP][PASSED] - selectOptionByValue: All options with value 'S' are selected in object 'Object Repository/FSM1/Complete ABP Inspection/ABPR24a/Page_JClient/Page_JClient/Operation'  using regular expression

2018-11-14 12:04:08 - [MESSAGE][PASSED] - All options with value 'S' are selected in object 'Object Repository/FSM1/Complete ABP Inspection/ABPR24a/Page_JClient/Page_JClient/Operation'  using regular expression

2018-11-14 12:04:08 - [TEST_STEP][PASSED] - selectOptionByValue: All options with value 'S' are selected in object 'Object Repository/FSM1/Complete ABP Inspection/ABPR24a/Page_JClient/Page_JClient/Structure'  using regular expression

2018-11-14 12:04:09 - [MESSAGE][PASSED] - All options with value 'S' are selected in object 'Object Repository/FSM1/Complete ABP Inspection/ABPR24a/Page_JClient/Page_JClient/Structure'  using regular expression

2018-11-14 12:04:09 - [TEST_STEP][PASSED] - selectOptionByValue: All options with value 'S' are selected in object 'Object Repository/FSM1/Complete ABP Inspection/ABPR24a/Page_JClient/Page_JClient/Records'  using regular expression

2018-11-14 12:04:09 - [MESSAGE][PASSED] - All options with value 'S' are selected in object 'Object Repository/FSM1/Complete ABP Inspection/ABPR24a/Page_JClient/Page_JClient/Records'  using regular expression

2018-11-14 12:04:09 - [TEST_STEP][PASSED] - selectOptionByValue: All options with value 'S' are selected in object 'Object Repository/FSM1/Complete ABP Inspection/ABPR24a/Page_JClient/Page_JClient/SRM'  using regular expression

2018-11-14 12:04:09 - [MESSAGE][PASSED] - All options with value 'S' are selected in object 'Object Repository/FSM1/Complete ABP Inspection/ABPR24a/Page_JClient/Page_JClient/SRM'  using regular expression

2018-11-14 12:04:09 - [TEST_STEP][PASSED] - click: Object: 'Object Repository/FSM1/Complete ABP Inspection/ABPR24a/Section A/Page_JClient/input_Yes_radio_group_14' is clicked on

2018-11-14 12:04:09 - [MESSAGE][PASSED] - Object: 'Object Repository/FSM1/Complete ABP Inspection/ABPR24a/Section A/Page_JClient/input_Yes_radio_group_14' is clicked on

2018-11-14 12:04:09 - [TEST_STEP][PASSED] - click: Object: 'Object Repository/FSM1/Complete ABP Inspection/ABPR24a/Section A/Page_JClient/input_Yes_radio_group_15' is clicked on

2018-11-14 12:04:10 - [MESSAGE][PASSED] - Object: 'Object Repository/FSM1/Complete ABP Inspection/ABPR24a/Section A/Page_JClient/input_Yes_radio_group_15' is clicked on

2018-11-14 12:04:10 - [TEST_STEP][PASSED] - selectOptionByValue: All options with value 'Continue with current reg' are selected in object 'Object Repository/FSM1/Complete ABP Inspection/ABPR24a/Section A/Page_JClient/select_(a) Continue with curre'  using regular expression

2018-11-14 12:04:10 - [MESSAGE][PASSED] - All options with value 'Continue with current reg' are selected in object 'Object Repository/FSM1/Complete ABP Inspection/ABPR24a/Section A/Page_JClient/select_(a) Continue with curre'  using regular expression

2018-11-14 12:04:10 - [TEST_STEP][PASSED] - click: Object: 'Object Repository/FSM1/Complete ABP Inspection/ABPR24a/Section A/Page_JClient/input_Yes_radio_group_16' is clicked on

2018-11-14 12:04:10 - [MESSAGE][PASSED] - Object: 'Object Repository/FSM1/Complete ABP Inspection/ABPR24a/Section A/Page_JClient/input_Yes_radio_group_16' is clicked on

2018-11-14 12:04:10 - [TEST_STEP][PASSED] - click: Object: 'Object Repository/FSM1/Complete ABP Inspection/ABPR24a/Section A/Page_JClient/input_Yes_radio_group_17' is clicked on

2018-11-14 12:04:10 - [MESSAGE][PASSED] - Object: 'Object Repository/FSM1/Complete ABP Inspection/ABPR24a/Section A/Page_JClient/input_Yes_radio_group_17' is clicked on

2018-11-14 12:04:10 - [TEST_STEP][PASSED] - click: Object: 'Object Repository/FSM1/Complete ABP Inspection/ABPR24a/Section A/Page_JClient/input_Yes_radio_group_18' is clicked on

2018-11-14 12:04:10 - [MESSAGE][PASSED] - Object: 'Object Repository/FSM1/Complete ABP Inspection/ABPR24a/Section A/Page_JClient/input_Yes_radio_group_18' is clicked on

2018-11-14 12:04:10 - [TEST_STEP][PASSED] - setText: Text '12' is set on object 'Object Repository/FSM1/Complete ABP Inspection/ABPR24a/Section A/Page_JClient/input_Chargeable time (minutes'

2018-11-14 12:04:11 - [MESSAGE][PASSED] - Text '12' is set on object 'Object Repository/FSM1/Complete ABP Inspection/ABPR24a/Section A/Page_JClient/input_Chargeable time (minutes'

2018-11-14 12:04:11 - [TEST_STEP][PASSED] - click: Object: 'Object Repository/FSM1/Complete ABP Inspection/ABPR24a/Section A/Page_JClient/div_Save' is clicked on

2018-11-14 12:04:11 - [MESSAGE][PASSED] - Object: 'Object Repository/FSM1/Complete ABP Inspection/ABPR24a/Section A/Page_JClient/div_Save' is clicked on]]></system-out>
         <system-err><![CDATA[]]></system-err>
      </testcase>
      <testcase name="Test Cases/ABP/ABPR24a/Complete ABP Inspection -Section B - 24a" classname="Test Cases/ABP/ABPR24a/Complete ABP Inspection -Section B - 24a" status="PASSED">
         <system-out><![CDATA[2018-11-14 12:04:11 - [TEST_CASE][PASSED] - Test Cases/ABP/ABPR24a/Complete ABP Inspection -Section B - 24a: Test Cases/ABP/ABPR24a/Complete ABP Inspection -Section B - 24a

2018-11-14 12:04:11 - [TEST_STEP][PASSED] - click: Object: 'Object Repository/FSM1/Complete ABP Inspection/ABPR24a/Page_JClient/div_Section B Inspection Detai' is clicked on

2018-11-14 12:04:12 - [MESSAGE][PASSED] - Object: 'Object Repository/FSM1/Complete ABP Inspection/ABPR24a/Page_JClient/div_Section B Inspection Detai' is clicked on

2018-11-14 12:04:12 - [TEST_STEP][PASSED] - delay: Delayed 3 second(s)

2018-11-14 12:04:15 - [MESSAGE][PASSED] - Delayed 3 second(s)

2018-11-14 12:04:15 - [TEST_STEP][PASSED] - click: Object: 'Object Repository/FSM1/Complete ABP Inspection/ABPR24a/Page_JClient/input_Structure_radio_group_19' is clicked on

2018-11-14 12:04:15 - [MESSAGE][PASSED] - Object: 'Object Repository/FSM1/Complete ABP Inspection/ABPR24a/Page_JClient/input_Structure_radio_group_19' is clicked on

2018-11-14 12:04:15 - [TEST_STEP][PASSED] - click: Object: 'Object Repository/FSM1/Complete ABP Inspection/ABPR24a/Page_JClient/input_Not Checked_radio_group_' is clicked on

2018-11-14 12:04:15 - [MESSAGE][PASSED] - Object: 'Object Repository/FSM1/Complete ABP Inspection/ABPR24a/Page_JClient/input_Not Checked_radio_group_' is clicked on

2018-11-14 12:04:15 - [TEST_STEP][PASSED] - click: Object: 'Object Repository/FSM1/Complete ABP Inspection/ABPR24a/Page_JClient/input_Not Checked_radio_group__1' is clicked on

2018-11-14 12:04:15 - [MESSAGE][PASSED] - Object: 'Object Repository/FSM1/Complete ABP Inspection/ABPR24a/Page_JClient/input_Not Checked_radio_group__1' is clicked on

2018-11-14 12:04:15 - [TEST_STEP][PASSED] - click: Object: 'Object Repository/FSM1/Complete ABP Inspection/ABPR24a/Page_JClient/input_Not Checked_radio_group__2' is clicked on

2018-11-14 12:04:15 - [MESSAGE][PASSED] - Object: 'Object Repository/FSM1/Complete ABP Inspection/ABPR24a/Page_JClient/input_Not Checked_radio_group__2' is clicked on

2018-11-14 12:04:15 - [TEST_STEP][PASSED] - click: Object: 'Object Repository/FSM1/Complete ABP Inspection/ABPR24a/Page_JClient/input_Not Checked_radio_group__3' is clicked on

2018-11-14 12:04:16 - [MESSAGE][PASSED] - Object: 'Object Repository/FSM1/Complete ABP Inspection/ABPR24a/Page_JClient/input_Not Checked_radio_group__3' is clicked on

2018-11-14 12:04:16 - [TEST_STEP][PASSED] - click: Object: 'Object Repository/FSM1/Complete ABP Inspection/ABPR24a/Page_JClient/input_Not Checked_radio_group__4' is clicked on

2018-11-14 12:04:16 - [MESSAGE][PASSED] - Object: 'Object Repository/FSM1/Complete ABP Inspection/ABPR24a/Page_JClient/input_Not Checked_radio_group__4' is clicked on

2018-11-14 12:04:16 - [TEST_STEP][PASSED] - click: Object: 'Object Repository/FSM1/Complete ABP Inspection/ABPR24a/Page_JClient/input_Operations_radio_group_2' is clicked on

2018-11-14 12:04:16 - [MESSAGE][PASSED] - Object: 'Object Repository/FSM1/Complete ABP Inspection/ABPR24a/Page_JClient/input_Operations_radio_group_2' is clicked on

2018-11-14 12:04:16 - [TEST_STEP][PASSED] - click: Object: 'Object Repository/FSM1/Complete ABP Inspection/ABPR24a/Page_JClient/input_Not Checked_radio_group__5' is clicked on

2018-11-14 12:04:16 - [MESSAGE][PASSED] - Object: 'Object Repository/FSM1/Complete ABP Inspection/ABPR24a/Page_JClient/input_Not Checked_radio_group__5' is clicked on

2018-11-14 12:04:16 - [TEST_STEP][PASSED] - click: Object: 'Object Repository/FSM1/Complete ABP Inspection/ABPR24a/Page_JClient/input_Not Checked_radio_group__6' is clicked on

2018-11-14 12:04:16 - [MESSAGE][PASSED] - Object: 'Object Repository/FSM1/Complete ABP Inspection/ABPR24a/Page_JClient/input_Not Checked_radio_group__6' is clicked on

2018-11-14 12:04:16 - [TEST_STEP][PASSED] - click: Object: 'Object Repository/FSM1/Complete ABP Inspection/ABPR24a/Page_JClient/input_Not Checked_radio_group__7' is clicked on

2018-11-14 12:04:16 - [MESSAGE][PASSED] - Object: 'Object Repository/FSM1/Complete ABP Inspection/ABPR24a/Page_JClient/input_Not Checked_radio_group__7' is clicked on

2018-11-14 12:04:16 - [TEST_STEP][PASSED] - click: Object: 'Object Repository/FSM1/Complete ABP Inspection/ABPR24a/Page_JClient/input_Not Checked_radio_group__8' is clicked on

2018-11-14 12:04:17 - [MESSAGE][PASSED] - Object: 'Object Repository/FSM1/Complete ABP Inspection/ABPR24a/Page_JClient/input_Not Checked_radio_group__8' is clicked on

2018-11-14 12:04:17 - [TEST_STEP][PASSED] - click: Object: 'Object Repository/FSM1/Complete ABP Inspection/ABPR24a/Page_JClient/input_Not Checked_radio_group__9' is clicked on

2018-11-14 12:04:17 - [MESSAGE][PASSED] - Object: 'Object Repository/FSM1/Complete ABP Inspection/ABPR24a/Page_JClient/input_Not Checked_radio_group__9' is clicked on

2018-11-14 12:04:17 - [TEST_STEP][PASSED] - click: Object: 'Object Repository/FSM1/Complete ABP Inspection/ABPR24a/Page_JClient/input_Not Checked_radio_group__10' is clicked on

2018-11-14 12:04:17 - [MESSAGE][PASSED] - Object: 'Object Repository/FSM1/Complete ABP Inspection/ABPR24a/Page_JClient/input_Not Checked_radio_group__10' is clicked on

2018-11-14 12:04:17 - [TEST_STEP][PASSED] - click: Object: 'Object Repository/FSM1/Complete ABP Inspection/ABPR24a/Page_JClient/input_Not Checked_radio_group__11' is clicked on

2018-11-14 12:04:17 - [MESSAGE][PASSED] - Object: 'Object Repository/FSM1/Complete ABP Inspection/ABPR24a/Page_JClient/input_Not Checked_radio_group__11' is clicked on

2018-11-14 12:04:17 - [TEST_STEP][PASSED] - click: Object: 'Object Repository/FSM1/Complete ABP Inspection/ABPR24a/Page_JClient/input_Not Checked_radio_group__12' is clicked on

2018-11-14 12:04:17 - [MESSAGE][PASSED] - Object: 'Object Repository/FSM1/Complete ABP Inspection/ABPR24a/Page_JClient/input_Not Checked_radio_group__12' is clicked on

2018-11-14 12:04:17 - [TEST_STEP][PASSED] - click: Object: 'Object Repository/FSM1/Complete ABP Inspection/ABPR24a/Page_JClient/input_Not Checked_radio_group__13' is clicked on

2018-11-14 12:04:17 - [MESSAGE][PASSED] - Object: 'Object Repository/FSM1/Complete ABP Inspection/ABPR24a/Page_JClient/input_Not Checked_radio_group__13' is clicked on

2018-11-14 12:04:17 - [TEST_STEP][PASSED] - click: Object: 'Object Repository/FSM1/Complete ABP Inspection/ABPR24a/Page_JClient/input_Not Checked_radio_group__14' is clicked on

2018-11-14 12:04:18 - [MESSAGE][PASSED] - Object: 'Object Repository/FSM1/Complete ABP Inspection/ABPR24a/Page_JClient/input_Not Checked_radio_group__14' is clicked on

2018-11-14 12:04:18 - [TEST_STEP][PASSED] - click: Object: 'Object Repository/FSM1/Complete ABP Inspection/ABPR24a/Page_JClient/input_Not Checked_radio_group__15' is clicked on

2018-11-14 12:04:18 - [MESSAGE][PASSED] - Object: 'Object Repository/FSM1/Complete ABP Inspection/ABPR24a/Page_JClient/input_Not Checked_radio_group__15' is clicked on

2018-11-14 12:04:18 - [TEST_STEP][PASSED] - click: Object: 'Object Repository/FSM1/Complete ABP Inspection/ABPR24a/Page_JClient/input_Not Checked_radio_group__16' is clicked on

2018-11-14 12:04:18 - [MESSAGE][PASSED] - Object: 'Object Repository/FSM1/Complete ABP Inspection/ABPR24a/Page_JClient/input_Not Checked_radio_group__16' is clicked on

2018-11-14 12:04:18 - [TEST_STEP][PASSED] - click: Object: 'Object Repository/FSM1/Complete ABP Inspection/ABPR24a/Page_JClient/input_Not Checked_radio_group__17' is clicked on

2018-11-14 12:04:18 - [MESSAGE][PASSED] - Object: 'Object Repository/FSM1/Complete ABP Inspection/ABPR24a/Page_JClient/input_Not Checked_radio_group__17' is clicked on

2018-11-14 12:04:18 - [TEST_STEP][PASSED] - click: Object: 'Object Repository/FSM1/Complete ABP Inspection/ABPR24a/Page_JClient/input_Not Checked_radio_group__18' is clicked on

2018-11-14 12:04:18 - [MESSAGE][PASSED] - Object: 'Object Repository/FSM1/Complete ABP Inspection/ABPR24a/Page_JClient/input_Not Checked_radio_group__18' is clicked on

2018-11-14 12:04:18 - [TEST_STEP][PASSED] - click: Object: 'Object Repository/FSM1/Complete ABP Inspection/ABPR24a/Page_JClient/input_Not Checked_radio_group__19' is clicked on

2018-11-14 12:04:18 - [MESSAGE][PASSED] - Object: 'Object Repository/FSM1/Complete ABP Inspection/ABPR24a/Page_JClient/input_Not Checked_radio_group__19' is clicked on

2018-11-14 12:04:18 - [TEST_STEP][PASSED] - click: Object: 'Object Repository/FSM1/Complete ABP Inspection/ABPR24a/Page_JClient/input_Not Checked_radio_group__20' is clicked on

2018-11-14 12:04:19 - [MESSAGE][PASSED] - Object: 'Object Repository/FSM1/Complete ABP Inspection/ABPR24a/Page_JClient/input_Not Checked_radio_group__20' is clicked on

2018-11-14 12:04:19 - [TEST_STEP][PASSED] - click: Object: 'Object Repository/FSM1/Complete ABP Inspection/ABPR24a/Page_JClient/input_Not Checked_radio_group__21' is clicked on

2018-11-14 12:04:19 - [MESSAGE][PASSED] - Object: 'Object Repository/FSM1/Complete ABP Inspection/ABPR24a/Page_JClient/input_Not Checked_radio_group__21' is clicked on

2018-11-14 12:04:19 - [TEST_STEP][PASSED] - click: Object: 'Object Repository/FSM1/Complete ABP Inspection/ABPR24a/Page_JClient/input_Records_radio_group_43' is clicked on

2018-11-14 12:04:19 - [MESSAGE][PASSED] - Object: 'Object Repository/FSM1/Complete ABP Inspection/ABPR24a/Page_JClient/input_Records_radio_group_43' is clicked on

2018-11-14 12:04:19 - [TEST_STEP][PASSED] - click: Object: 'Object Repository/FSM1/Complete ABP Inspection/ABPR24a/Page_JClient/input_Not Checked_radio_group__22' is clicked on

2018-11-14 12:04:19 - [MESSAGE][PASSED] - Object: 'Object Repository/FSM1/Complete ABP Inspection/ABPR24a/Page_JClient/input_Not Checked_radio_group__22' is clicked on

2018-11-14 12:04:19 - [TEST_STEP][PASSED] - click: Object: 'Object Repository/FSM1/Complete ABP Inspection/ABPR24a/Page_JClient/input_(b) Quantity (weight or' is clicked on

2018-11-14 12:04:19 - [MESSAGE][PASSED] - Object: 'Object Repository/FSM1/Complete ABP Inspection/ABPR24a/Page_JClient/input_(b) Quantity (weight or' is clicked on

2018-11-14 12:04:19 - [TEST_STEP][PASSED] - click: Object: 'Object Repository/FSM1/Complete ABP Inspection/ABPR24a/Page_JClient/input_(c) ABP Category e.g. ca' is clicked on

2018-11-14 12:04:19 - [MESSAGE][PASSED] - Object: 'Object Repository/FSM1/Complete ABP Inspection/ABPR24a/Page_JClient/input_(c) ABP Category e.g. ca' is clicked on

2018-11-14 12:04:19 - [TEST_STEP][PASSED] - click: Object: 'Object Repository/FSM1/Complete ABP Inspection/ABPR24a/Page_JClient/input_(d) Transporter (if appl' is clicked on

2018-11-14 12:04:20 - [MESSAGE][PASSED] - Object: 'Object Repository/FSM1/Complete ABP Inspection/ABPR24a/Page_JClient/input_(d) Transporter (if appl' is clicked on

2018-11-14 12:04:20 - [TEST_STEP][PASSED] - click: Object: 'Object Repository/FSM1/Complete ABP Inspection/ABPR24a/Page_JClient/input_(e) Place of origin of A' is clicked on

2018-11-14 12:04:20 - [MESSAGE][PASSED] - Object: 'Object Repository/FSM1/Complete ABP Inspection/ABPR24a/Page_JClient/input_(e) Place of origin of A' is clicked on

2018-11-14 12:04:20 - [TEST_STEP][PASSED] - click: Object: 'Object Repository/FSM1/Complete ABP Inspection/ABPR24a/Page_JClient/input_(f) Place of destination' is clicked on

2018-11-14 12:04:20 - [MESSAGE][PASSED] - Object: 'Object Repository/FSM1/Complete ABP Inspection/ABPR24a/Page_JClient/input_(f) Place of destination' is clicked on

2018-11-14 12:04:20 - [TEST_STEP][PASSED] - click: Object: 'Object Repository/FSM1/Complete ABP Inspection/ABPR24a/Page_JClient/input_Not Checked_radio_group__23' is clicked on

2018-11-14 12:04:20 - [MESSAGE][PASSED] - Object: 'Object Repository/FSM1/Complete ABP Inspection/ABPR24a/Page_JClient/input_Not Checked_radio_group__23' is clicked on

2018-11-14 12:04:20 - [TEST_STEP][PASSED] - click: Object: 'Object Repository/FSM1/Complete ABP Inspection/ABPR24a/Page_JClient/input_Not Checked_radio_group__24' is clicked on

2018-11-14 12:04:20 - [MESSAGE][PASSED] - Object: 'Object Repository/FSM1/Complete ABP Inspection/ABPR24a/Page_JClient/input_Not Checked_radio_group__24' is clicked on

2018-11-14 12:04:20 - [TEST_STEP][PASSED] - click: Object: 'Object Repository/FSM1/Complete ABP Inspection/ABPR24a/Page_JClient/input_Not Checked_radio_group__25' is clicked on

2018-11-14 12:04:20 - [MESSAGE][PASSED] - Object: 'Object Repository/FSM1/Complete ABP Inspection/ABPR24a/Page_JClient/input_Not Checked_radio_group__25' is clicked on

2018-11-14 12:04:20 - [TEST_STEP][PASSED] - click: Object: 'Object Repository/FSM1/Complete ABP Inspection/ABPR24a/Page_JClient/input_b) Approximate numbervol' is clicked on

2018-11-14 12:04:21 - [MESSAGE][PASSED] - Object: 'Object Repository/FSM1/Complete ABP Inspection/ABPR24a/Page_JClient/input_b) Approximate numbervol' is clicked on

2018-11-14 12:04:21 - [TEST_STEP][PASSED] - click: Object: 'Object Repository/FSM1/Complete ABP Inspection/ABPR24a/Page_JClient/input_c) Approximate numbervol' is clicked on

2018-11-14 12:04:21 - [MESSAGE][PASSED] - Object: 'Object Repository/FSM1/Complete ABP Inspection/ABPR24a/Page_JClient/input_c) Approximate numbervol' is clicked on

2018-11-14 12:04:21 - [TEST_STEP][PASSED] - click: Object: 'Object Repository/FSM1/Complete ABP Inspection/ABPR24a/Page_JClient/input_Not Checked_radio_group__26' is clicked on

2018-11-14 12:04:21 - [MESSAGE][PASSED] - Object: 'Object Repository/FSM1/Complete ABP Inspection/ABPR24a/Page_JClient/input_Not Checked_radio_group__26' is clicked on

2018-11-14 12:04:21 - [TEST_STEP][PASSED] - setText: Text 'test automation' is set on object 'Object Repository/FSM1/Complete ABP Inspection/ABPR24a/Page_JClient/textarea_Not Checked_gwt-TextA'

2018-11-14 12:04:21 - [MESSAGE][PASSED] - Text 'test automation' is set on object 'Object Repository/FSM1/Complete ABP Inspection/ABPR24a/Page_JClient/textarea_Not Checked_gwt-TextA'

2018-11-14 12:04:21 - [TEST_STEP][PASSED] - click: Object: 'Object Repository/FSM1/Complete ABP Inspection/ABPR24a/Page_JClient/input_(a) Back trace (complete' is clicked on

2018-11-14 12:04:21 - [MESSAGE][PASSED] - Object: 'Object Repository/FSM1/Complete ABP Inspection/ABPR24a/Page_JClient/input_(a) Back trace (complete' is clicked on

2018-11-14 12:04:21 - [TEST_STEP][PASSED] - click: Object: 'Object Repository/FSM1/Complete ABP Inspection/ABPR24a/Page_JClient/input_Yes_radio_group_57' is clicked on

2018-11-14 12:04:22 - [MESSAGE][PASSED] - Object: 'Object Repository/FSM1/Complete ABP Inspection/ABPR24a/Page_JClient/input_Yes_radio_group_57' is clicked on

2018-11-14 12:04:22 - [TEST_STEP][PASSED] - click: Object: 'Object Repository/FSM1/Complete ABP Inspection/ABPR24a/Page_JClient/input_(b) Forward trace (compl' is clicked on

2018-11-14 12:04:22 - [MESSAGE][PASSED] - Object: 'Object Repository/FSM1/Complete ABP Inspection/ABPR24a/Page_JClient/input_(b) Forward trace (compl' is clicked on

2018-11-14 12:04:22 - [TEST_STEP][PASSED] - click: Object: 'Object Repository/FSM1/Complete ABP Inspection/ABPR24a/Page_JClient/input_Yes_radio_group_59' is clicked on

2018-11-14 12:04:22 - [MESSAGE][PASSED] - Object: 'Object Repository/FSM1/Complete ABP Inspection/ABPR24a/Page_JClient/input_Yes_radio_group_59' is clicked on

2018-11-14 12:04:22 - [TEST_STEP][PASSED] - click: Object: 'Object Repository/FSM1/Complete ABP Inspection/ABPR24a/Page_JClient/input_Is SRM handled at the pr' is clicked on

2018-11-14 12:04:22 - [MESSAGE][PASSED] - Object: 'Object Repository/FSM1/Complete ABP Inspection/ABPR24a/Page_JClient/input_Is SRM handled at the pr' is clicked on

2018-11-14 12:04:22 - [TEST_STEP][PASSED] - click: Object: 'Object Repository/FSM1/Complete ABP Inspection/ABPR24a/Page_JClient/input_Not Checked_radio_group__27' is clicked on

2018-11-14 12:04:22 - [MESSAGE][PASSED] - Object: 'Object Repository/FSM1/Complete ABP Inspection/ABPR24a/Page_JClient/input_Not Checked_radio_group__27' is clicked on

2018-11-14 12:04:22 - [TEST_STEP][PASSED] - click: Object: 'Object Repository/FSM1/Complete ABP Inspection/ABPR24a/Page_JClient/input_Not Checked_radio_group__28' is clicked on

2018-11-14 12:04:22 - [MESSAGE][PASSED] - Object: 'Object Repository/FSM1/Complete ABP Inspection/ABPR24a/Page_JClient/input_Not Checked_radio_group__28' is clicked on

2018-11-14 12:04:22 - [TEST_STEP][PASSED] - click: Object: 'Object Repository/FSM1/Complete ABP Inspection/ABPR24a/Page_JClient/input_Not Checked_radio_group__29' is clicked on

2018-11-14 12:04:23 - [MESSAGE][PASSED] - Object: 'Object Repository/FSM1/Complete ABP Inspection/ABPR24a/Page_JClient/input_Not Checked_radio_group__29' is clicked on

2018-11-14 12:04:23 - [TEST_STEP][PASSED] - click: Object: 'Object Repository/FSM1/Complete ABP Inspection/ABPR24a/Page_JClient/input_Not Checked_radio_group__30' is clicked on

2018-11-14 12:04:23 - [MESSAGE][PASSED] - Object: 'Object Repository/FSM1/Complete ABP Inspection/ABPR24a/Page_JClient/input_Not Checked_radio_group__30' is clicked on

2018-11-14 12:04:23 - [TEST_STEP][PASSED] - click: Object: 'Object Repository/FSM1/Complete ABP Inspection/ABPR24a/Page_JClient/input_Not Checked_radio_group__31' is clicked on

2018-11-14 12:04:23 - [MESSAGE][PASSED] - Object: 'Object Repository/FSM1/Complete ABP Inspection/ABPR24a/Page_JClient/input_Not Checked_radio_group__31' is clicked on

2018-11-14 12:04:23 - [TEST_STEP][PASSED] - click: Object: 'Object Repository/FSM1/Complete ABP Inspection/ABPR24a/Page_JClient/input_Not Checked_radio_group__32' is clicked on

2018-11-14 12:04:23 - [MESSAGE][PASSED] - Object: 'Object Repository/FSM1/Complete ABP Inspection/ABPR24a/Page_JClient/input_Not Checked_radio_group__32' is clicked on

2018-11-14 12:04:23 - [TEST_STEP][PASSED] - click: Object: 'Object Repository/FSM1/Complete ABP Inspection/ABPR24a/Page_JClient/input_Not Checked_radio_group__33' is clicked on

2018-11-14 12:04:23 - [MESSAGE][PASSED] - Object: 'Object Repository/FSM1/Complete ABP Inspection/ABPR24a/Page_JClient/input_Not Checked_radio_group__33' is clicked on

2018-11-14 12:04:23 - [TEST_STEP][PASSED] - click: Object: 'Object Repository/FSM1/Complete ABP Inspection/ABPR24a/Page_JClient/input_Is this also a TSE sampl' is clicked on

2018-11-14 12:04:23 - [MESSAGE][PASSED] - Object: 'Object Repository/FSM1/Complete ABP Inspection/ABPR24a/Page_JClient/input_Is this also a TSE sampl' is clicked on

2018-11-14 12:04:23 - [TEST_STEP][PASSED] - click: Object: 'Object Repository/FSM1/Complete ABP Inspection/ABPR24a/Page_JClient/div_Save' is clicked on

2018-11-14 12:04:24 - [MESSAGE][PASSED] - Object: 'Object Repository/FSM1/Complete ABP Inspection/ABPR24a/Page_JClient/div_Save' is clicked on]]></system-out>
         <system-err><![CDATA[]]></system-err>
      </testcase>
      <testcase name="Test Cases/ABP/Generic/Complete ABP Inspection - Section C - Full Risk Assessment" classname="Test Cases/ABP/Generic/Complete ABP Inspection - Section C - Full Risk Assessment" status="PASSED">
         <system-out><![CDATA[2018-11-14 12:04:24 - [TEST_CASE][PASSED] - Test Cases/ABP/Generic/Complete ABP Inspection - Section C - Full Risk Assessment: Test Cases/ABP/Generic/Complete ABP Inspection - Section C - Full Risk Assessment

2018-11-14 12:04:24 - [TEST_STEP][PASSED] - delay: Delayed 5 second(s)

2018-11-14 12:04:29 - [MESSAGE][PASSED] - Delayed 5 second(s)

2018-11-14 12:04:29 - [TEST_STEP][PASSED] - click: Object: 'Object Repository/FSM1/Complete ABP Inspection/Section C Full Risk Assessment/Page_JClient/div_Section C Risk Assessment' is clicked on

2018-11-14 12:04:29 - [MESSAGE][PASSED] - Object: 'Object Repository/FSM1/Complete ABP Inspection/Section C Full Risk Assessment/Page_JClient/div_Section C Risk Assessment' is clicked on

2018-11-14 12:04:29 - [TEST_STEP][PASSED] - selectOptionByValue: All options with value '12' are selected in object 'Object Repository/FSM1/Complete ABP Inspection/Section C Full Risk Assessment/Page_JClient/select_3 - Cat 3 material and'  using regular expression

2018-11-14 12:04:30 - [MESSAGE][PASSED] - All options with value '12' are selected in object 'Object Repository/FSM1/Complete ABP Inspection/Section C Full Risk Assessment/Page_JClient/select_3 - Cat 3 material and'  using regular expression

2018-11-14 12:04:30 - [TEST_STEP][PASSED] - selectOptionByValue: All options with value '10' are selected in object 'Object Repository/FSM1/Complete ABP Inspection/Section C Full Risk Assessment/Page_JClient/select_0 - Very low throughput'  using regular expression

2018-11-14 12:04:30 - [MESSAGE][PASSED] - All options with value '10' are selected in object 'Object Repository/FSM1/Complete ABP Inspection/Section C Full Risk Assessment/Page_JClient/select_0 - Very low throughput'  using regular expression

2018-11-14 12:04:30 - [TEST_STEP][PASSED] - selectOptionByValue: All options with value '15' are selected in object 'Object Repository/FSM1/Complete ABP Inspection/Section C Full Risk Assessment/Page_JClient/select_0 - No product entering'  using regular expression

2018-11-14 12:04:31 - [MESSAGE][PASSED] - All options with value '15' are selected in object 'Object Repository/FSM1/Complete ABP Inspection/Section C Full Risk Assessment/Page_JClient/select_0 - No product entering'  using regular expression

2018-11-14 12:04:31 - [TEST_STEP][PASSED] - selectOptionByValue: All options with value '5' are selected in object 'Object Repository/FSM1/Complete ABP Inspection/Section C Full Risk Assessment/Page_JClient/select_0 - Not required or com'  using regular expression

2018-11-14 12:04:31 - [MESSAGE][PASSED] - All options with value '5' are selected in object 'Object Repository/FSM1/Complete ABP Inspection/Section C Full Risk Assessment/Page_JClient/select_0 - Not required or com'  using regular expression

2018-11-14 12:04:31 - [TEST_STEP][PASSED] - selectOptionByValue: All options with value '10' are selected in object 'Object Repository/FSM1/Complete ABP Inspection/Section C Full Risk Assessment/Page_JClient/select_0 - Fully compliant iss'  using regular expression

2018-11-14 12:04:31 - [MESSAGE][PASSED] - All options with value '10' are selected in object 'Object Repository/FSM1/Complete ABP Inspection/Section C Full Risk Assessment/Page_JClient/select_0 - Fully compliant iss'  using regular expression

2018-11-14 12:04:31 - [TEST_STEP][PASSED] - selectOptionByValue: All options with value 'Monthly' are selected in object 'Object Repository/FSM1/Complete ABP Inspection/Section C Full Risk Assessment/Page_JClient/select_AnnuallyQuarterly6 Mont'  using regular expression

2018-11-14 12:04:32 - [MESSAGE][PASSED] - All options with value 'Monthly' are selected in object 'Object Repository/FSM1/Complete ABP Inspection/Section C Full Risk Assessment/Page_JClient/select_AnnuallyQuarterly6 Mont'  using regular expression

2018-11-14 12:04:32 - [TEST_STEP][PASSED] - setText: Text 'Test Automation' is set on object 'Object Repository/FSM1/Complete ABP Inspection/Section C Full Risk Assessment/Page_JClient/textarea_Any other relevant in'

2018-11-14 12:04:32 - [MESSAGE][PASSED] - Text 'Test Automation' is set on object 'Object Repository/FSM1/Complete ABP Inspection/Section C Full Risk Assessment/Page_JClient/textarea_Any other relevant in'

2018-11-14 12:04:32 - [TEST_STEP][PASSED] - click: Object: 'Object Repository/FSM1/Complete ABP Inspection/Section C Full Risk Assessment/Page_JClient/div_Save' is clicked on

2018-11-14 12:04:32 - [MESSAGE][PASSED] - Object: 'Object Repository/FSM1/Complete ABP Inspection/Section C Full Risk Assessment/Page_JClient/div_Save' is clicked on]]></system-out>
         <system-err><![CDATA[]]></system-err>
      </testcase>
      <testcase name="Test Cases/ABP/Generic/Complete ABP Inspection - ABPR17 Forward Trace" classname="Test Cases/ABP/Generic/Complete ABP Inspection - ABPR17 Forward Trace" status="PASSED">
         <system-out><![CDATA[2018-11-14 12:04:32 - [TEST_CASE][PASSED] - Test Cases/ABP/Generic/Complete ABP Inspection - ABPR17 Forward Trace: Test Cases/ABP/Generic/Complete ABP Inspection - ABPR17 Forward Trace

2018-11-14 12:04:33 - [TEST_STEP][PASSED] - delay: Delayed 3 second(s)

2018-11-14 12:04:36 - [MESSAGE][PASSED] - Delayed 3 second(s)

2018-11-14 12:04:36 - [TEST_STEP][PASSED] - click: Object: 'Object Repository/FSM1/Complete ABP Inspection/ABPR17 Backward Trace/Page_JClient/div_ABPR17 - Backward Trace1' is clicked on

2018-11-14 12:04:36 - [MESSAGE][PASSED] - Object: 'Object Repository/FSM1/Complete ABP Inspection/ABPR17 Backward Trace/Page_JClient/div_ABPR17 - Backward Trace1' is clicked on

2018-11-14 12:04:36 - [TEST_STEP][PASSED] - delay: Delayed 2 second(s)

2018-11-14 12:04:38 - [MESSAGE][PASSED] - Delayed 2 second(s)

2018-11-14 12:04:38 - [TEST_STEP][PASSED] - click: Object: 'Object Repository/FSM1/Complete ABP Inspection/ABPR17 Backward Trace/Page_JClient/div_Create_GKH2EKQBDXB GKH2EKQ' is clicked on

2018-11-14 12:04:38 - [MESSAGE][PASSED] - Object: 'Object Repository/FSM1/Complete ABP Inspection/ABPR17 Backward Trace/Page_JClient/div_Create_GKH2EKQBDXB GKH2EKQ' is clicked on

2018-11-14 12:04:38 - [TEST_STEP][PASSED] - delay: Delayed 2 second(s)

2018-11-14 12:04:40 - [MESSAGE][PASSED] - Delayed 2 second(s)

2018-11-14 12:04:40 - [TEST_STEP][PASSED] - click: Object: 'Object Repository/FSM1/Complete ABP Inspection/ABPR17 Backward Trace/Page_JClient/input_Is this inspection at th' is clicked on

2018-11-14 12:04:41 - [MESSAGE][PASSED] - Object: 'Object Repository/FSM1/Complete ABP Inspection/ABPR17 Backward Trace/Page_JClient/input_Is this inspection at th' is clicked on

2018-11-14 12:04:41 - [TEST_STEP][PASSED] - setText: Text '1234' is set on object 'Object Repository/FSM1/Complete ABP Inspection/ABPR17 Backward Trace/Page_JClient/input_Approval Number_gwt-Text'

2018-11-14 12:04:41 - [MESSAGE][PASSED] - Text '1234' is set on object 'Object Repository/FSM1/Complete ABP Inspection/ABPR17 Backward Trace/Page_JClient/input_Approval Number_gwt-Text'

2018-11-14 12:04:41 - [TEST_STEP][PASSED] - setText: Text 'Test automation' is set on object 'Object Repository/FSM1/Complete ABP Inspection/ABPR17 Backward Trace/Page_JClient/input_Premises Type_gwt-TextBo'

2018-11-14 12:04:41 - [MESSAGE][PASSED] - Text 'Test automation' is set on object 'Object Repository/FSM1/Complete ABP Inspection/ABPR17 Backward Trace/Page_JClient/input_Premises Type_gwt-TextBo'

2018-11-14 12:04:41 - [TEST_STEP][PASSED] - setText: Text 'Test automation' is set on object 'Object Repository/FSM1/Complete ABP Inspection/ABPR17 Backward Trace/Page_JClient/input_Name of Operator_gwt-Tex'

2018-11-14 12:04:42 - [MESSAGE][PASSED] - Text 'Test automation' is set on object 'Object Repository/FSM1/Complete ABP Inspection/ABPR17 Backward Trace/Page_JClient/input_Name of Operator_gwt-Tex'

2018-11-14 12:04:42 - [TEST_STEP][PASSED] - setText: Text 'Test automation' is set on object 'Object Repository/FSM1/Complete ABP Inspection/ABPR17 Backward Trace/Page_JClient/textarea_Address of premises_g'

2018-11-14 12:04:42 - [MESSAGE][PASSED] - Text 'Test automation' is set on object 'Object Repository/FSM1/Complete ABP Inspection/ABPR17 Backward Trace/Page_JClient/textarea_Address of premises_g'

2018-11-14 12:04:42 - [TEST_STEP][PASSED] - setText: Text 'WR5 2NB' is set on object 'Object Repository/FSM1/Complete ABP Inspection/ABPR17 Backward Trace/Page_JClient/input_Postcode_gwt-TextBox GKH'

2018-11-14 12:04:42 - [MESSAGE][PASSED] - Text 'WR5 2NB' is set on object 'Object Repository/FSM1/Complete ABP Inspection/ABPR17 Backward Trace/Page_JClient/input_Postcode_gwt-TextBox GKH'

2018-11-14 12:04:42 - [TEST_STEP][PASSED] - setText: Text 'test@gmail.com' is set on object 'Object Repository/FSM1/Complete ABP Inspection/ABPR17 Backward Trace/Page_JClient/input_Email_gwt-TextBox GKH2EK'

2018-11-14 12:04:43 - [MESSAGE][PASSED] - Text 'test@gmail.com' is set on object 'Object Repository/FSM1/Complete ABP Inspection/ABPR17 Backward Trace/Page_JClient/input_Email_gwt-TextBox GKH2EK'

2018-11-14 12:04:43 - [TEST_STEP][PASSED] - setText: Text '1234' is set on object 'Object Repository/FSM1/Complete ABP Inspection/ABPR17 Backward Trace/Page_JClient/input_Approval number (if appl'

2018-11-14 12:04:43 - [MESSAGE][PASSED] - Text '1234' is set on object 'Object Repository/FSM1/Complete ABP Inspection/ABPR17 Backward Trace/Page_JClient/input_Approval number (if appl'

2018-11-14 12:04:43 - [TEST_STEP][PASSED] - selectOptionByValue: All options with value 'North' are selected in object 'Object Repository/FSM1/Complete ABP Inspection/ABPR17 Backward Trace/Page_JClient/select_NorthScotlandSouthernWa'  using regular expression

2018-11-14 12:04:44 - [MESSAGE][PASSED] - All options with value 'North' are selected in object 'Object Repository/FSM1/Complete ABP Inspection/ABPR17 Backward Trace/Page_JClient/select_NorthScotlandSouthernWa'  using regular expression

2018-11-14 12:04:44 - [TEST_STEP][PASSED] - setText: Text 'Test automation' is set on object 'Object Repository/FSM1/Complete ABP Inspection/ABPR17 Backward Trace/Page_JClient/input_Name of haulier_gwt-Text'

2018-11-14 12:04:44 - [MESSAGE][PASSED] - Text 'Test automation' is set on object 'Object Repository/FSM1/Complete ABP Inspection/ABPR17 Backward Trace/Page_JClient/input_Name of haulier_gwt-Text'

2018-11-14 12:04:44 - [TEST_STEP][PASSED] - setText: Text 'Test automation' is set on object 'Object Repository/FSM1/Complete ABP Inspection/ABPR17 Backward Trace/Page_JClient/textarea_Address of haulier_gw'

2018-11-14 12:04:44 - [MESSAGE][PASSED] - Text 'Test automation' is set on object 'Object Repository/FSM1/Complete ABP Inspection/ABPR17 Backward Trace/Page_JClient/textarea_Address of haulier_gw'

2018-11-14 12:04:44 - [TEST_STEP][PASSED] - delay: Delayed 2 second(s)

2018-11-14 12:04:46 - [MESSAGE][PASSED] - Delayed 2 second(s)

2018-11-14 12:04:46 - [TEST_STEP][PASSED] - setText: Text 'RN2 3WE' is set on object 'Object Repository/FSM1/Complete ABP Inspection/ABPR17 Backward Trace/Page_JClient/Postcode'

2018-11-14 12:04:47 - [MESSAGE][PASSED] - Text 'RN2 3WE' is set on object 'Object Repository/FSM1/Complete ABP Inspection/ABPR17 Backward Trace/Page_JClient/Postcode'

2018-11-14 12:04:47 - [TEST_STEP][PASSED] - setText: Text '9876' is set on object 'Object Repository/FSM1/Complete ABP Inspection/ABPR17 Backward Trace/Page_JClient/input_Registration number (if'

2018-11-14 12:04:47 - [MESSAGE][PASSED] - Text '9876' is set on object 'Object Repository/FSM1/Complete ABP Inspection/ABPR17 Backward Trace/Page_JClient/input_Registration number (if'

2018-11-14 12:04:47 - [TEST_STEP][PASSED] - setText: Text '112233' is set on object 'Object Repository/FSM1/Complete ABP Inspection/ABPR17 Backward Trace/Page_JClient/input_Reference No. of CD or o'

2018-11-14 12:04:47 - [MESSAGE][PASSED] - Text '112233' is set on object 'Object Repository/FSM1/Complete ABP Inspection/ABPR17 Backward Trace/Page_JClient/input_Reference No. of CD or o'

2018-11-14 12:04:47 - [TEST_STEP][PASSED] - setText: Text 'Test automation' is set on object 'Object Repository/FSM1/Complete ABP Inspection/ABPR17 Backward Trace/Page_JClient/textarea_Description of materi'

2018-11-14 12:04:47 - [MESSAGE][PASSED] - Text 'Test automation' is set on object 'Object Repository/FSM1/Complete ABP Inspection/ABPR17 Backward Trace/Page_JClient/textarea_Description of materi'

2018-11-14 12:04:47 - [TEST_STEP][PASSED] - selectOptionByValue: All options with value 'Fish' are selected in object 'Object Repository/FSM1/Complete ABP Inspection/ABPR17 Backward Trace/Page_JClient/select_NACattleDeerFishGoatsPi'  using regular expression

2018-11-14 12:04:48 - [MESSAGE][PASSED] - All options with value 'Fish' are selected in object 'Object Repository/FSM1/Complete ABP Inspection/ABPR17 Backward Trace/Page_JClient/select_NACattleDeerFishGoatsPi'  using regular expression

2018-11-14 12:04:48 - [TEST_STEP][PASSED] - setText: Text 'Test automation' is set on object 'Object Repository/FSM1/Complete ABP Inspection/ABPR17 Backward Trace/Page_JClient/input_Category_gwt-TextBox GKH'

2018-11-14 12:04:48 - [MESSAGE][PASSED] - Text 'Test automation' is set on object 'Object Repository/FSM1/Complete ABP Inspection/ABPR17 Backward Trace/Page_JClient/input_Category_gwt-TextBox GKH'

2018-11-14 12:04:48 - [TEST_STEP][PASSED] - setText: Text '100' is set on object 'Object Repository/FSM1/Complete ABP Inspection/ABPR17 Backward Trace/Page_JClient/input_Quantity_gwt-TextBox GKH'

2018-11-14 12:04:49 - [MESSAGE][PASSED] - Text '100' is set on object 'Object Repository/FSM1/Complete ABP Inspection/ABPR17 Backward Trace/Page_JClient/input_Quantity_gwt-TextBox GKH'

2018-11-14 12:04:49 - [TEST_STEP][PASSED] - setText: Text 'Test automation' is set on object 'Object Repository/FSM1/Complete ABP Inspection/ABPR17 Backward Trace/Page_JClient/textarea_Any other relevant in'

2018-11-14 12:04:49 - [MESSAGE][PASSED] - Text 'Test automation' is set on object 'Object Repository/FSM1/Complete ABP Inspection/ABPR17 Backward Trace/Page_JClient/textarea_Any other relevant in'

2018-11-14 12:04:49 - [TEST_STEP][PASSED] - click: Object: 'Object Repository/FSM1/Complete ABP Inspection/ABPR17 Backward Trace/Page_JClient/input_Yes_radio_group_56' is clicked on

2018-11-14 12:04:49 - [MESSAGE][PASSED] - Object: 'Object Repository/FSM1/Complete ABP Inspection/ABPR17 Backward Trace/Page_JClient/input_Yes_radio_group_56' is clicked on

2018-11-14 12:04:49 - [TEST_STEP][PASSED] - click: Object: 'Object Repository/FSM1/Complete ABP Inspection/ABPR17 Backward Trace/Page_JClient/input_Yes_radio_group_57' is clicked on

2018-11-14 12:04:49 - [MESSAGE][PASSED] - Object: 'Object Repository/FSM1/Complete ABP Inspection/ABPR17 Backward Trace/Page_JClient/input_Yes_radio_group_57' is clicked on

2018-11-14 12:04:49 - [TEST_STEP][PASSED] - delay: Delayed 1 second(s)

2018-11-14 12:04:50 - [MESSAGE][PASSED] - Delayed 1 second(s)

2018-11-14 12:04:50 - [TEST_STEP][PASSED] - Statement - mydate = new java.util.Date(): null

2018-11-14 12:04:50 - [TEST_STEP][PASSED] - Statement - formattedDate = mydate.format("MM/dd/yyy"): null

2018-11-14 12:04:50 - [TEST_STEP][PASSED] - sendKeys: Keys '11/14/2018' sent to object: 'Object Repository/FSM1/Complete ABP Inspection/ABPR17 Backward Trace/Page_JClient/DateofDespatch'

2018-11-14 12:04:51 - [MESSAGE][PASSED] - Keys '11/14/2018' sent to object: 'Object Repository/FSM1/Complete ABP Inspection/ABPR17 Backward Trace/Page_JClient/DateofDespatch'

2018-11-14 12:04:51 - [TEST_STEP][PASSED] - click: Object: 'Object Repository/FSM1/Complete ABP Inspection/ABPR17 Backward Trace/Page_JClient/div_Save1' is clicked on

2018-11-14 12:04:51 - [MESSAGE][PASSED] - Object: 'Object Repository/FSM1/Complete ABP Inspection/ABPR17 Backward Trace/Page_JClient/div_Save1' is clicked on]]></system-out>
         <system-err><![CDATA[]]></system-err>
      </testcase>
      <testcase name="Test Cases/ABP/Generic/Complete ABP Inspection - ABPR18 Backward Trace" classname="Test Cases/ABP/Generic/Complete ABP Inspection - ABPR18 Backward Trace" status="PASSED">
         <system-out><![CDATA[2018-11-14 12:04:51 - [TEST_CASE][PASSED] - Test Cases/ABP/Generic/Complete ABP Inspection - ABPR18 Backward Trace: Test Cases/ABP/Generic/Complete ABP Inspection - ABPR18 Backward Trace

2018-11-14 12:04:51 - [TEST_STEP][PASSED] - delay: Delayed 2 second(s)

2018-11-14 12:04:53 - [MESSAGE][PASSED] - Delayed 2 second(s)

2018-11-14 12:04:53 - [TEST_STEP][PASSED] - click: Object: 'Object Repository/FSM1/Complete ABP Inspection/ABP18 Forward Trace/Page_JClient/div_ABPR18 - Forward Trace1' is clicked on

2018-11-14 12:04:53 - [MESSAGE][PASSED] - Object: 'Object Repository/FSM1/Complete ABP Inspection/ABP18 Forward Trace/Page_JClient/div_ABPR18 - Forward Trace1' is clicked on

2018-11-14 12:04:53 - [TEST_STEP][PASSED] - delay: Delayed 2 second(s)

2018-11-14 12:04:55 - [MESSAGE][PASSED] - Delayed 2 second(s)

2018-11-14 12:04:55 - [TEST_STEP][PASSED] - click: Object: 'Object Repository/FSM1/Complete ABP Inspection/ABP18 Forward Trace/Page_JClient/div_Create_GKH2EKQBDXB GKH2EKQ' is clicked on

2018-11-14 12:04:56 - [MESSAGE][PASSED] - Object: 'Object Repository/FSM1/Complete ABP Inspection/ABP18 Forward Trace/Page_JClient/div_Create_GKH2EKQBDXB GKH2EKQ' is clicked on

2018-11-14 12:04:56 - [TEST_STEP][PASSED] - click: Object: 'Object Repository/FSM1/Complete ABP Inspection/ABP18 Forward Trace/Page_JClient/input_Is this inspection at th' is clicked on

2018-11-14 12:04:56 - [MESSAGE][PASSED] - Object: 'Object Repository/FSM1/Complete ABP Inspection/ABP18 Forward Trace/Page_JClient/input_Is this inspection at th' is clicked on

2018-11-14 12:04:56 - [TEST_STEP][PASSED] - setText: Text '123' is set on object 'Object Repository/FSM1/Complete ABP Inspection/ABP18 Forward Trace/Page_JClient/input_Approval Number_gwt-Text'

2018-11-14 12:04:56 - [MESSAGE][PASSED] - Text '123' is set on object 'Object Repository/FSM1/Complete ABP Inspection/ABP18 Forward Trace/Page_JClient/input_Approval Number_gwt-Text'

2018-11-14 12:04:56 - [TEST_STEP][PASSED] - setText: Text 'Test automation' is set on object 'Object Repository/FSM1/Complete ABP Inspection/ABP18 Forward Trace/Page_JClient/input_Premises Type_gwt-TextBo'

2018-11-14 12:04:57 - [MESSAGE][PASSED] - Text 'Test automation' is set on object 'Object Repository/FSM1/Complete ABP Inspection/ABP18 Forward Trace/Page_JClient/input_Premises Type_gwt-TextBo'

2018-11-14 12:04:57 - [TEST_STEP][PASSED] - setText: Text 'Test automation' is set on object 'Object Repository/FSM1/Complete ABP Inspection/ABP18 Forward Trace/Page_JClient/input_Name of Operator_gwt-Tex'

2018-11-14 12:04:57 - [MESSAGE][PASSED] - Text 'Test automation' is set on object 'Object Repository/FSM1/Complete ABP Inspection/ABP18 Forward Trace/Page_JClient/input_Name of Operator_gwt-Tex'

2018-11-14 12:04:57 - [TEST_STEP][PASSED] - setText: Text 'Test automation' is set on object 'Object Repository/FSM1/Complete ABP Inspection/ABP18 Forward Trace/Page_JClient/textarea_Address of premises_g'

2018-11-14 12:04:57 - [MESSAGE][PASSED] - Text 'Test automation' is set on object 'Object Repository/FSM1/Complete ABP Inspection/ABP18 Forward Trace/Page_JClient/textarea_Address of premises_g'

2018-11-14 12:04:57 - [TEST_STEP][PASSED] - setText: Text 'WR5 2NB' is set on object 'Object Repository/FSM1/Complete ABP Inspection/ABP18 Forward Trace/Page_JClient/input_Postcode_gwt-TextBox GKH'

2018-11-14 12:04:58 - [MESSAGE][PASSED] - Text 'WR5 2NB' is set on object 'Object Repository/FSM1/Complete ABP Inspection/ABP18 Forward Trace/Page_JClient/input_Postcode_gwt-TextBox GKH'

2018-11-14 12:04:58 - [TEST_STEP][PASSED] - selectOptionByValue: All options with value 'Scotland' are selected in object 'Object Repository/FSM1/Complete ABP Inspection/ABP18 Forward Trace/Page_JClient/select_NorthScotlandSouthernWa'  using regular expression

2018-11-14 12:04:58 - [MESSAGE][PASSED] - All options with value 'Scotland' are selected in object 'Object Repository/FSM1/Complete ABP Inspection/ABP18 Forward Trace/Page_JClient/select_NorthScotlandSouthernWa'  using regular expression

2018-11-14 12:04:58 - [TEST_STEP][PASSED] - setText: Text 'Test automation' is set on object 'Object Repository/FSM1/Complete ABP Inspection/ABP18 Forward Trace/Page_JClient/input_Name of haulier_gwt-Text'

2018-11-14 12:04:58 - [MESSAGE][PASSED] - Text 'Test automation' is set on object 'Object Repository/FSM1/Complete ABP Inspection/ABP18 Forward Trace/Page_JClient/input_Name of haulier_gwt-Text'

2018-11-14 12:04:58 - [TEST_STEP][PASSED] - setText: Text 'Test automation' is set on object 'Object Repository/FSM1/Complete ABP Inspection/ABP18 Forward Trace/Page_JClient/textarea_Address of haulier_gw'

2018-11-14 12:04:59 - [MESSAGE][PASSED] - Text 'Test automation' is set on object 'Object Repository/FSM1/Complete ABP Inspection/ABP18 Forward Trace/Page_JClient/textarea_Address of haulier_gw'

2018-11-14 12:04:59 - [TEST_STEP][PASSED] - setText: Text 'WR5 2NB' is set on object 'Object Repository/FSM1/Complete ABP Inspection/ABP18 Forward Trace/Page_JClient/Postcode'

2018-11-14 12:04:59 - [MESSAGE][PASSED] - Text 'WR5 2NB' is set on object 'Object Repository/FSM1/Complete ABP Inspection/ABP18 Forward Trace/Page_JClient/Postcode'

2018-11-14 12:04:59 - [TEST_STEP][PASSED] - setText: Text '123' is set on object 'Object Repository/FSM1/Complete ABP Inspection/ABP18 Forward Trace/Page_JClient/input_Registration number (if'

2018-11-14 12:04:59 - [MESSAGE][PASSED] - Text '123' is set on object 'Object Repository/FSM1/Complete ABP Inspection/ABP18 Forward Trace/Page_JClient/input_Registration number (if'

2018-11-14 12:04:59 - [TEST_STEP][PASSED] - setText: Text '987' is set on object 'Object Repository/FSM1/Complete ABP Inspection/ABP18 Forward Trace/Page_JClient/input_Reference No. of CD or o'

2018-11-14 12:05:00 - [MESSAGE][PASSED] - Text '987' is set on object 'Object Repository/FSM1/Complete ABP Inspection/ABP18 Forward Trace/Page_JClient/input_Reference No. of CD or o'

2018-11-14 12:05:00 - [TEST_STEP][PASSED] - setText: Text 'Test automation' is set on object 'Object Repository/FSM1/Complete ABP Inspection/ABP18 Forward Trace/Page_JClient/textarea_Description of materi'

2018-11-14 12:05:00 - [MESSAGE][PASSED] - Text 'Test automation' is set on object 'Object Repository/FSM1/Complete ABP Inspection/ABP18 Forward Trace/Page_JClient/textarea_Description of materi'

2018-11-14 12:05:00 - [TEST_STEP][PASSED] - selectOptionByValue: All options with value 'Goats' are selected in object 'Object Repository/FSM1/Complete ABP Inspection/ABP18 Forward Trace/Page_JClient/select_NACattleDeerFishGoatsPi'  using regular expression

2018-11-14 12:05:00 - [MESSAGE][PASSED] - All options with value 'Goats' are selected in object 'Object Repository/FSM1/Complete ABP Inspection/ABP18 Forward Trace/Page_JClient/select_NACattleDeerFishGoatsPi'  using regular expression

2018-11-14 12:05:00 - [TEST_STEP][PASSED] - setText: Text 'Test automation' is set on object 'Object Repository/FSM1/Complete ABP Inspection/ABP18 Forward Trace/Page_JClient/input_Category_gwt-TextBox GKH'

2018-11-14 12:05:01 - [MESSAGE][PASSED] - Text 'Test automation' is set on object 'Object Repository/FSM1/Complete ABP Inspection/ABP18 Forward Trace/Page_JClient/input_Category_gwt-TextBox GKH'

2018-11-14 12:05:01 - [TEST_STEP][PASSED] - setText: Text '12' is set on object 'Object Repository/FSM1/Complete ABP Inspection/ABP18 Forward Trace/Page_JClient/input_Quantity_gwt-TextBox GKH'

2018-11-14 12:05:01 - [MESSAGE][PASSED] - Text '12' is set on object 'Object Repository/FSM1/Complete ABP Inspection/ABP18 Forward Trace/Page_JClient/input_Quantity_gwt-TextBox GKH'

2018-11-14 12:05:01 - [TEST_STEP][PASSED] - setText: Text 'Test automation' is set on object 'Object Repository/FSM1/Complete ABP Inspection/ABP18 Forward Trace/Page_JClient/textarea_Any other relevant in'

2018-11-14 12:05:01 - [MESSAGE][PASSED] - Text 'Test automation' is set on object 'Object Repository/FSM1/Complete ABP Inspection/ABP18 Forward Trace/Page_JClient/textarea_Any other relevant in'

2018-11-14 12:05:01 - [TEST_STEP][PASSED] - click: Object: 'Object Repository/FSM1/Complete ABP Inspection/ABP18 Forward Trace/Page_JClient/input_Any other relevant infor' is clicked on

2018-11-14 12:05:01 - [MESSAGE][PASSED] - Object: 'Object Repository/FSM1/Complete ABP Inspection/ABP18 Forward Trace/Page_JClient/input_Any other relevant infor' is clicked on

2018-11-14 12:05:01 - [TEST_STEP][PASSED] - setText: Text 'Test automation' is set on object 'Object Repository/FSM1/Complete ABP Inspection/ABP18 Forward Trace/Page_JClient/textarea_If so give details_gw'

2018-11-14 12:05:02 - [MESSAGE][PASSED] - Text 'Test automation' is set on object 'Object Repository/FSM1/Complete ABP Inspection/ABP18 Forward Trace/Page_JClient/textarea_If so give details_gw'

2018-11-14 12:05:02 - [TEST_STEP][PASSED] - click: Object: 'Object Repository/FSM1/Complete ABP Inspection/ABP18 Forward Trace/Page_JClient/input_Yes_radio_group_132' is clicked on

2018-11-14 12:05:02 - [MESSAGE][PASSED] - Object: 'Object Repository/FSM1/Complete ABP Inspection/ABP18 Forward Trace/Page_JClient/input_Yes_radio_group_132' is clicked on

2018-11-14 12:05:02 - [TEST_STEP][NOT_RUN] - click: NOT_RUN: click

2018-11-14 12:05:02 - [MESSAGE][NOT_RUN] - NOT_RUN: click

2018-11-14 12:05:02 - [TEST_STEP][NOT_RUN] - click: NOT_RUN: click

2018-11-14 12:05:02 - [MESSAGE][NOT_RUN] - NOT_RUN: click

2018-11-14 12:05:02 - [TEST_STEP][NOT_RUN] - setText: NOT_RUN: setText

2018-11-14 12:05:02 - [MESSAGE][NOT_RUN] - NOT_RUN: setText

2018-11-14 12:05:02 - [TEST_STEP][NOT_RUN] - setText: NOT_RUN: setText

2018-11-14 12:05:02 - [MESSAGE][NOT_RUN] - NOT_RUN: setText

2018-11-14 12:05:02 - [TEST_STEP][PASSED] - Statement - mydate = new java.util.Date(): null

2018-11-14 12:05:02 - [TEST_STEP][PASSED] - Statement - formattedDate = mydate.format("MM/dd/yyy"): null

2018-11-14 12:05:02 - [TEST_STEP][PASSED] - sendKeys: Keys '11/14/2018' sent to object: 'Object Repository/FSM1/Complete ABP Inspection/ABP18 Forward Trace/Page_JClient/DateofDespatch'

2018-11-14 12:05:02 - [MESSAGE][PASSED] - Keys '11/14/2018' sent to object: 'Object Repository/FSM1/Complete ABP Inspection/ABP18 Forward Trace/Page_JClient/DateofDespatch'

2018-11-14 12:05:02 - [TEST_STEP][PASSED] - click: Object: 'Object Repository/FSM1/Complete ABP Inspection/ABP18 Forward Trace/Page_JClient/div_Save' is clicked on

2018-11-14 12:05:02 - [MESSAGE][PASSED] - Object: 'Object Repository/FSM1/Complete ABP Inspection/ABP18 Forward Trace/Page_JClient/div_Save' is clicked on]]></system-out>
         <system-err><![CDATA[]]></system-err>
      </testcase>
      <testcase name="Test Cases/ABP/ABPR12a/Complete Summary of Inspection - 12a" classname="Test Cases/ABP/ABPR12a/Complete Summary of Inspection - 12a" status="PASSED">
         <system-out><![CDATA[2018-11-14 12:05:02 - [TEST_CASE][PASSED] - Test Cases/ABP/ABPR12a/Complete Summary of Inspection - 12a: Test Cases/ABP/ABPR12a/Complete Summary of Inspection - 12a

2018-11-14 12:05:03 - [TEST_STEP][PASSED] - click: Object: 'Object Repository/FSM1/Complete ABP Inspection/ABPR46 and others/Page_JClient/div_ABPR12A - Summary of Inspe' is clicked on

2018-11-14 12:05:03 - [MESSAGE][PASSED] - Object: 'Object Repository/FSM1/Complete ABP Inspection/ABPR46 and others/Page_JClient/div_ABPR12A - Summary of Inspe' is clicked on

2018-11-14 12:05:03 - [TEST_STEP][PASSED] - delay: Delayed 3 second(s)

2018-11-14 12:05:06 - [MESSAGE][PASSED] - Delayed 3 second(s)

2018-11-14 12:05:06 - [TEST_STEP][PASSED] - click: Object: 'Object Repository/FSM1/Complete ABP Inspection/ABPR46 and others/Page_JClient/input_Map reference validated' is clicked on

2018-11-14 12:05:06 - [MESSAGE][PASSED] - Object: 'Object Repository/FSM1/Complete ABP Inspection/ABPR46 and others/Page_JClient/input_Map reference validated' is clicked on

2018-11-14 12:05:06 - [TEST_STEP][PASSED] - click: Object: 'Object Repository/FSM1/Complete ABP Inspection/ABPR46 and others/Page_JClient/input_Premises approved as_gwt' is clicked on

2018-11-14 12:05:07 - [MESSAGE][PASSED] - Object: 'Object Repository/FSM1/Complete ABP Inspection/ABPR46 and others/Page_JClient/input_Premises approved as_gwt' is clicked on

2018-11-14 12:05:07 - [TEST_STEP][PASSED] - click: Object: 'Object Repository/FSM1/Complete ABP Inspection/ABPR46 and others/Page_JClient/input_Brain stem sampling site' is clicked on

2018-11-14 12:05:07 - [MESSAGE][PASSED] - Object: 'Object Repository/FSM1/Complete ABP Inspection/ABPR46 and others/Page_JClient/input_Brain stem sampling site' is clicked on

2018-11-14 12:05:07 - [TEST_STEP][PASSED] - selectOptionByValue: All options with value 'S' are selected in object 'Object Repository/FSM1/Complete ABP Inspection/ABPR46 and others/12a/Page_JClient/select_Structure'  using regular expression

2018-11-14 12:05:07 - [MESSAGE][PASSED] - All options with value 'S' are selected in object 'Object Repository/FSM1/Complete ABP Inspection/ABPR46 and others/12a/Page_JClient/select_Structure'  using regular expression

2018-11-14 12:05:07 - [TEST_STEP][PASSED] - selectOptionByValue: All options with value 'S' are selected in object 'Object Repository/FSM1/Complete ABP Inspection/ABPR46 and others/12a/Page_JClient/select_Operation'  using regular expression

2018-11-14 12:05:07 - [MESSAGE][PASSED] - All options with value 'S' are selected in object 'Object Repository/FSM1/Complete ABP Inspection/ABPR46 and others/12a/Page_JClient/select_Operation'  using regular expression

2018-11-14 12:05:07 - [TEST_STEP][PASSED] - selectOptionByValue: All options with value 'S' are selected in object 'Object Repository/FSM1/Complete ABP Inspection/ABPR46 and others/12a/Page_JClient/select_Records'  using regular expression

2018-11-14 12:05:08 - [MESSAGE][PASSED] - All options with value 'S' are selected in object 'Object Repository/FSM1/Complete ABP Inspection/ABPR46 and others/12a/Page_JClient/select_Records'  using regular expression

2018-11-14 12:05:08 - [TEST_STEP][PASSED] - selectOptionByValue: All options with value 'S' are selected in object 'Object Repository/FSM1/Complete ABP Inspection/ABPR46 and others/12a/Page_JClient/select_SRM'  using regular expression

2018-11-14 12:05:08 - [MESSAGE][PASSED] - All options with value 'S' are selected in object 'Object Repository/FSM1/Complete ABP Inspection/ABPR46 and others/12a/Page_JClient/select_SRM'  using regular expression

2018-11-14 12:05:08 - [TEST_STEP][PASSED] - click: Object: 'Object Repository/FSM1/Complete ABP Inspection/ABPR46 and others/Page_JClient/input_Yes_radio_group_246' is clicked on

2018-11-14 12:05:08 - [MESSAGE][PASSED] - Object: 'Object Repository/FSM1/Complete ABP Inspection/ABPR46 and others/Page_JClient/input_Yes_radio_group_246' is clicked on

2018-11-14 12:05:08 - [TEST_STEP][PASSED] - selectOptionByValue: All options with value 'Continue with current approval' are selected in object 'Object Repository/FSM1/Complete ABP Inspection/ABPR46 and others/Page_JClient/select_(a) Continue with curre'  using regular expression

2018-11-14 12:05:09 - [MESSAGE][PASSED] - All options with value 'Continue with current approval' are selected in object 'Object Repository/FSM1/Complete ABP Inspection/ABPR46 and others/Page_JClient/select_(a) Continue with curre'  using regular expression

2018-11-14 12:05:09 - [TEST_STEP][PASSED] - click: Object: 'Object Repository/FSM1/Complete ABP Inspection/ABPR46 and others/Page_JClient/input_Yes_radio_group_247' is clicked on

2018-11-14 12:05:09 - [MESSAGE][PASSED] - Object: 'Object Repository/FSM1/Complete ABP Inspection/ABPR46 and others/Page_JClient/input_Yes_radio_group_247' is clicked on

2018-11-14 12:05:09 - [TEST_STEP][PASSED] - click: Object: 'Object Repository/FSM1/Complete ABP Inspection/ABPR46 and others/Page_JClient/input_Are copies of all releva_1' is clicked on

2018-11-14 12:05:09 - [MESSAGE][PASSED] - Object: 'Object Repository/FSM1/Complete ABP Inspection/ABPR46 and others/Page_JClient/input_Are copies of all releva_1' is clicked on

2018-11-14 12:05:09 - [TEST_STEP][PASSED] - click: Object: 'Object Repository/FSM1/Complete ABP Inspection/ABPR46 and others/Page_JClient/input_Yes_radio_group_249' is clicked on

2018-11-14 12:05:09 - [MESSAGE][PASSED] - Object: 'Object Repository/FSM1/Complete ABP Inspection/ABPR46 and others/Page_JClient/input_Yes_radio_group_249' is clicked on

2018-11-14 12:05:09 - [TEST_STEP][PASSED] - click: Object: 'Object Repository/FSM1/Complete ABP Inspection/ABPR46 and others/Page_JClient/div_Save' is clicked on

2018-11-14 12:05:09 - [MESSAGE][PASSED] - Object: 'Object Repository/FSM1/Complete ABP Inspection/ABPR46 and others/Page_JClient/div_Save' is clicked on]]></system-out>
         <system-err><![CDATA[]]></system-err>
      </testcase>
      <testcase name="Test Cases/ABP/ABPR12a/Complete Inspection Details - 12a" classname="Test Cases/ABP/ABPR12a/Complete Inspection Details - 12a" status="PASSED">
         <system-out><![CDATA[2018-11-14 12:05:09 - [TEST_CASE][PASSED] - Test Cases/ABP/ABPR12a/Complete Inspection Details - 12a: Test Cases/ABP/ABPR12a/Complete Inspection Details - 12a

2018-11-14 12:05:10 - [TEST_STEP][PASSED] - click: Object: 'Object Repository/FSM1/Complete ABP Inspection/ABPR46 and others/Page_JClient/div_ABPR12A - Inspection Detai' is clicked on

2018-11-14 12:05:10 - [MESSAGE][PASSED] - Object: 'Object Repository/FSM1/Complete ABP Inspection/ABPR46 and others/Page_JClient/div_ABPR12A - Inspection Detai' is clicked on

2018-11-14 12:05:10 - [TEST_STEP][PASSED] - delay: Delayed 3 second(s)

2018-11-14 12:05:13 - [MESSAGE][PASSED] - Delayed 3 second(s)

2018-11-14 12:05:13 - [TEST_STEP][PASSED] - click: Object: 'Object Repository/FSM1/Complete ABP Inspection/ABPR46 and others/Page_JClient/input_Facilities_radio_group_2' is clicked on

2018-11-14 12:05:13 - [MESSAGE][PASSED] - Object: 'Object Repository/FSM1/Complete ABP Inspection/ABPR46 and others/Page_JClient/input_Facilities_radio_group_2' is clicked on

2018-11-14 12:05:13 - [TEST_STEP][PASSED] - click: Object: 'Object Repository/FSM1/Complete ABP Inspection/ABPR46 and others/Page_JClient/input_Not Checked_radio_group__20' is clicked on

2018-11-14 12:05:14 - [MESSAGE][PASSED] - Object: 'Object Repository/FSM1/Complete ABP Inspection/ABPR46 and others/Page_JClient/input_Not Checked_radio_group__20' is clicked on

2018-11-14 12:05:14 - [TEST_STEP][PASSED] - click: Object: 'Object Repository/FSM1/Complete ABP Inspection/ABPR46 and others/Page_JClient/input_Not Checked_radio_group__21' is clicked on

2018-11-14 12:05:14 - [MESSAGE][PASSED] - Object: 'Object Repository/FSM1/Complete ABP Inspection/ABPR46 and others/Page_JClient/input_Not Checked_radio_group__21' is clicked on

2018-11-14 12:05:14 - [TEST_STEP][PASSED] - click: Object: 'Object Repository/FSM1/Complete ABP Inspection/ABPR46 and others/Page_JClient/input_Not Checked_radio_group__22' is clicked on

2018-11-14 12:05:14 - [MESSAGE][PASSED] - Object: 'Object Repository/FSM1/Complete ABP Inspection/ABPR46 and others/Page_JClient/input_Not Checked_radio_group__22' is clicked on

2018-11-14 12:05:14 - [TEST_STEP][PASSED] - click: Object: 'Object Repository/FSM1/Complete ABP Inspection/ABPR46 and others/Page_JClient/input_Not Checked_radio_group__23' is clicked on

2018-11-14 12:05:14 - [MESSAGE][PASSED] - Object: 'Object Repository/FSM1/Complete ABP Inspection/ABPR46 and others/Page_JClient/input_Not Checked_radio_group__23' is clicked on

2018-11-14 12:05:14 - [TEST_STEP][PASSED] - click: Object: 'Object Repository/FSM1/Complete ABP Inspection/ABPR46 and others/Page_JClient/input_Not Checked_radio_group__24' is clicked on

2018-11-14 12:05:14 - [MESSAGE][PASSED] - Object: 'Object Repository/FSM1/Complete ABP Inspection/ABPR46 and others/Page_JClient/input_Not Checked_radio_group__24' is clicked on

2018-11-14 12:05:14 - [TEST_STEP][PASSED] - click: Object: 'Object Repository/FSM1/Complete ABP Inspection/ABPR46 and others/Page_JClient/input_Not Checked_radio_group__25' is clicked on

2018-11-14 12:05:14 - [MESSAGE][PASSED] - Object: 'Object Repository/FSM1/Complete ABP Inspection/ABPR46 and others/Page_JClient/input_Not Checked_radio_group__25' is clicked on

2018-11-14 12:05:14 - [TEST_STEP][PASSED] - click: Object: 'Object Repository/FSM1/Complete ABP Inspection/ABPR46 and others/Page_JClient/input_Not Checked_radio_group__26' is clicked on

2018-11-14 12:05:15 - [MESSAGE][PASSED] - Object: 'Object Repository/FSM1/Complete ABP Inspection/ABPR46 and others/Page_JClient/input_Not Checked_radio_group__26' is clicked on

2018-11-14 12:05:15 - [TEST_STEP][PASSED] - click: Object: 'Object Repository/FSM1/Complete ABP Inspection/ABPR46 and others/Page_JClient/input_Not Checked_radio_group__27' is clicked on

2018-11-14 12:05:15 - [MESSAGE][PASSED] - Object: 'Object Repository/FSM1/Complete ABP Inspection/ABPR46 and others/Page_JClient/input_Not Checked_radio_group__27' is clicked on

2018-11-14 12:05:15 - [TEST_STEP][PASSED] - click: Object: 'Object Repository/FSM1/Complete ABP Inspection/ABPR46 and others/Page_JClient/input_Operations_radio_group_2' is clicked on

2018-11-14 12:05:15 - [MESSAGE][PASSED] - Object: 'Object Repository/FSM1/Complete ABP Inspection/ABPR46 and others/Page_JClient/input_Operations_radio_group_2' is clicked on

2018-11-14 12:05:15 - [TEST_STEP][PASSED] - click: Object: 'Object Repository/FSM1/Complete ABP Inspection/ABPR46 and others/Page_JClient/input_Not Checked_radio_group__28' is clicked on

2018-11-14 12:05:15 - [MESSAGE][PASSED] - Object: 'Object Repository/FSM1/Complete ABP Inspection/ABPR46 and others/Page_JClient/input_Not Checked_radio_group__28' is clicked on

2018-11-14 12:05:15 - [TEST_STEP][PASSED] - click: Object: 'Object Repository/FSM1/Complete ABP Inspection/ABPR46 and others/Page_JClient/input_Not Checked_radio_group__29' is clicked on

2018-11-14 12:05:15 - [MESSAGE][PASSED] - Object: 'Object Repository/FSM1/Complete ABP Inspection/ABPR46 and others/Page_JClient/input_Not Checked_radio_group__29' is clicked on

2018-11-14 12:05:15 - [TEST_STEP][PASSED] - click: Object: 'Object Repository/FSM1/Complete ABP Inspection/ABPR46 and others/Page_JClient/input_Not Checked_radio_group__30' is clicked on

2018-11-14 12:05:16 - [MESSAGE][PASSED] - Object: 'Object Repository/FSM1/Complete ABP Inspection/ABPR46 and others/Page_JClient/input_Not Checked_radio_group__30' is clicked on

2018-11-14 12:05:16 - [TEST_STEP][PASSED] - click: Object: 'Object Repository/FSM1/Complete ABP Inspection/ABPR46 and others/Page_JClient/input_Not Checked_radio_group__31' is clicked on

2018-11-14 12:05:16 - [MESSAGE][PASSED] - Object: 'Object Repository/FSM1/Complete ABP Inspection/ABPR46 and others/Page_JClient/input_Not Checked_radio_group__31' is clicked on

2018-11-14 12:05:16 - [TEST_STEP][PASSED] - click: Object: 'Object Repository/FSM1/Complete ABP Inspection/ABPR46 and others/Page_JClient/input_Not Checked_radio_group__32' is clicked on

2018-11-14 12:05:16 - [MESSAGE][PASSED] - Object: 'Object Repository/FSM1/Complete ABP Inspection/ABPR46 and others/Page_JClient/input_Not Checked_radio_group__32' is clicked on

2018-11-14 12:05:16 - [TEST_STEP][PASSED] - click: Object: 'Object Repository/FSM1/Complete ABP Inspection/ABPR46 and others/Page_JClient/input_Not Checked_radio_group__33' is clicked on

2018-11-14 12:05:16 - [MESSAGE][PASSED] - Object: 'Object Repository/FSM1/Complete ABP Inspection/ABPR46 and others/Page_JClient/input_Not Checked_radio_group__33' is clicked on

2018-11-14 12:05:16 - [TEST_STEP][PASSED] - click: Object: 'Object Repository/FSM1/Complete ABP Inspection/ABPR46 and others/Page_JClient/input_Not Checked_radio_group__34' is clicked on

2018-11-14 12:05:16 - [MESSAGE][PASSED] - Object: 'Object Repository/FSM1/Complete ABP Inspection/ABPR46 and others/Page_JClient/input_Not Checked_radio_group__34' is clicked on

2018-11-14 12:05:16 - [TEST_STEP][PASSED] - click: Object: 'Object Repository/FSM1/Complete ABP Inspection/ABPR46 and others/Page_JClient/input_Not Checked_radio_group__35' is clicked on

2018-11-14 12:05:17 - [MESSAGE][PASSED] - Object: 'Object Repository/FSM1/Complete ABP Inspection/ABPR46 and others/Page_JClient/input_Not Checked_radio_group__35' is clicked on

2018-11-14 12:05:17 - [TEST_STEP][PASSED] - click: Object: 'Object Repository/FSM1/Complete ABP Inspection/ABPR46 and others/Page_JClient/input_Not Checked_radio_group__36' is clicked on

2018-11-14 12:05:17 - [MESSAGE][PASSED] - Object: 'Object Repository/FSM1/Complete ABP Inspection/ABPR46 and others/Page_JClient/input_Not Checked_radio_group__36' is clicked on

2018-11-14 12:05:17 - [TEST_STEP][PASSED] - click: Object: 'Object Repository/FSM1/Complete ABP Inspection/ABPR46 and others/Page_JClient/input_Not Checked_radio_group__37' is clicked on

2018-11-14 12:05:17 - [MESSAGE][PASSED] - Object: 'Object Repository/FSM1/Complete ABP Inspection/ABPR46 and others/Page_JClient/input_Not Checked_radio_group__37' is clicked on

2018-11-14 12:05:17 - [TEST_STEP][PASSED] - click: Object: 'Object Repository/FSM1/Complete ABP Inspection/ABPR46 and others/Page_JClient/input_Not Checked_radio_group__38' is clicked on

2018-11-14 12:05:17 - [MESSAGE][PASSED] - Object: 'Object Repository/FSM1/Complete ABP Inspection/ABPR46 and others/Page_JClient/input_Not Checked_radio_group__38' is clicked on

2018-11-14 12:05:17 - [TEST_STEP][PASSED] - click: Object: 'Object Repository/FSM1/Complete ABP Inspection/ABPR46 and others/Page_JClient/input_Not Checked_radio_group__39' is clicked on

2018-11-14 12:05:17 - [MESSAGE][PASSED] - Object: 'Object Repository/FSM1/Complete ABP Inspection/ABPR46 and others/Page_JClient/input_Not Checked_radio_group__39' is clicked on

2018-11-14 12:05:17 - [TEST_STEP][PASSED] - click: Object: 'Object Repository/FSM1/Complete ABP Inspection/ABPR46 and others/Page_JClient/input_Not Checked_radio_group__40' is clicked on

2018-11-14 12:05:18 - [MESSAGE][PASSED] - Object: 'Object Repository/FSM1/Complete ABP Inspection/ABPR46 and others/Page_JClient/input_Not Checked_radio_group__40' is clicked on

2018-11-14 12:05:18 - [TEST_STEP][PASSED] - click: Object: 'Object Repository/FSM1/Complete ABP Inspection/ABPR46 and others/Page_JClient/input_Not Checked_radio_group__41' is clicked on

2018-11-14 12:05:18 - [MESSAGE][PASSED] - Object: 'Object Repository/FSM1/Complete ABP Inspection/ABPR46 and others/Page_JClient/input_Not Checked_radio_group__41' is clicked on

2018-11-14 12:05:18 - [TEST_STEP][PASSED] - click: Object: 'Object Repository/FSM1/Complete ABP Inspection/ABPR46 and others/Page_JClient/input_Not Checked_radio_group__42' is clicked on

2018-11-14 12:05:18 - [MESSAGE][PASSED] - Object: 'Object Repository/FSM1/Complete ABP Inspection/ABPR46 and others/Page_JClient/input_Not Checked_radio_group__42' is clicked on

2018-11-14 12:05:18 - [TEST_STEP][PASSED] - click: Object: 'Object Repository/FSM1/Complete ABP Inspection/ABPR46 and others/Page_JClient/input_Not Checked_radio_group__43' is clicked on

2018-11-14 12:05:18 - [MESSAGE][PASSED] - Object: 'Object Repository/FSM1/Complete ABP Inspection/ABPR46 and others/Page_JClient/input_Not Checked_radio_group__43' is clicked on

2018-11-14 12:05:18 - [TEST_STEP][PASSED] - click: Object: 'Object Repository/FSM1/Complete ABP Inspection/ABPR46 and others/Page_JClient/input_Not Checked_radio_group__44' is clicked on

2018-11-14 12:05:18 - [MESSAGE][PASSED] - Object: 'Object Repository/FSM1/Complete ABP Inspection/ABPR46 and others/Page_JClient/input_Not Checked_radio_group__44' is clicked on

2018-11-14 12:05:18 - [TEST_STEP][PASSED] - click: Object: 'Object Repository/FSM1/Complete ABP Inspection/ABPR46 and others/Page_JClient/input_Details of problems foun' is clicked on

2018-11-14 12:05:19 - [MESSAGE][PASSED] - Object: 'Object Repository/FSM1/Complete ABP Inspection/ABPR46 and others/Page_JClient/input_Details of problems foun' is clicked on

2018-11-14 12:05:19 - [TEST_STEP][PASSED] - click: Object: 'Object Repository/FSM1/Complete ABP Inspection/ABPR46 and others/Page_JClient/input_Records_radio_group_311' is clicked on

2018-11-14 12:05:19 - [MESSAGE][PASSED] - Object: 'Object Repository/FSM1/Complete ABP Inspection/ABPR46 and others/Page_JClient/input_Records_radio_group_311' is clicked on

2018-11-14 12:05:19 - [TEST_STEP][PASSED] - click: Object: 'Object Repository/FSM1/Complete ABP Inspection/ABPR46 and others/Page_JClient/input_If records have not been_1' is clicked on

2018-11-14 12:05:19 - [MESSAGE][PASSED] - Object: 'Object Repository/FSM1/Complete ABP Inspection/ABPR46 and others/Page_JClient/input_If records have not been_1' is clicked on

2018-11-14 12:05:19 - [TEST_STEP][PASSED] - click: Object: 'Object Repository/FSM1/Complete ABP Inspection/ABPR46 and others/Page_JClient/input_Not Checked_radio_group__45' is clicked on

2018-11-14 12:05:19 - [MESSAGE][PASSED] - Object: 'Object Repository/FSM1/Complete ABP Inspection/ABPR46 and others/Page_JClient/input_Not Checked_radio_group__45' is clicked on

2018-11-14 12:05:19 - [TEST_STEP][PASSED] - click: Object: 'Object Repository/FSM1/Complete ABP Inspection/ABPR46 and others/Page_JClient/input_Not Checked_radio_group__46' is clicked on

2018-11-14 12:05:19 - [MESSAGE][PASSED] - Object: 'Object Repository/FSM1/Complete ABP Inspection/ABPR46 and others/Page_JClient/input_Not Checked_radio_group__46' is clicked on

2018-11-14 12:05:19 - [TEST_STEP][PASSED] - click: Object: 'Object Repository/FSM1/Complete ABP Inspection/ABPR46 and others/Page_JClient/input_Not Checked_radio_group__47' is clicked on

2018-11-14 12:05:19 - [MESSAGE][PASSED] - Object: 'Object Repository/FSM1/Complete ABP Inspection/ABPR46 and others/Page_JClient/input_Not Checked_radio_group__47' is clicked on

2018-11-14 12:05:19 - [TEST_STEP][PASSED] - setText: Text '12' is set on object 'Object Repository/FSM1/Complete ABP Inspection/ABPR46 and others/Page_JClient/input_Not Checked_gwt-DoubleBo'

2018-11-14 12:05:20 - [MESSAGE][PASSED] - Text '12' is set on object 'Object Repository/FSM1/Complete ABP Inspection/ABPR46 and others/Page_JClient/input_Not Checked_gwt-DoubleBo'

2018-11-14 12:05:20 - [TEST_STEP][PASSED] - setText: Text '12' is set on object 'Object Repository/FSM1/Complete ABP Inspection/ABPR46 and others/Page_JClient/input_Number_of_sheep'

2018-11-14 12:05:20 - [MESSAGE][PASSED] - Text '12' is set on object 'Object Repository/FSM1/Complete ABP Inspection/ABPR46 and others/Page_JClient/input_Number_of_sheep'

2018-11-14 12:05:20 - [TEST_STEP][PASSED] - setText: Text '12' is set on object 'Object Repository/FSM1/Complete ABP Inspection/ABPR46 and others/Page_JClient/input_Number_of_goats'

2018-11-14 12:05:20 - [MESSAGE][PASSED] - Text '12' is set on object 'Object Repository/FSM1/Complete ABP Inspection/ABPR46 and others/Page_JClient/input_Number_of_goats'

2018-11-14 12:05:20 - [TEST_STEP][PASSED] - click: Object: 'Object Repository/FSM1/Complete ABP Inspection/ABPR46 and others/Page_JClient/div_Section C TSE Risk Assessm' is clicked on

2018-11-14 12:05:20 - [MESSAGE][PASSED] - Object: 'Object Repository/FSM1/Complete ABP Inspection/ABPR46 and others/Page_JClient/div_Section C TSE Risk Assessm' is clicked on

2018-11-14 12:05:20 - [TEST_STEP][PASSED] - selectOptionByValue: All options with value 'LOW' are selected in object 'Object Repository/FSM1/Complete ABP Inspection/ABPR46 and others/Page_JClient/select_Low Risk (Good)Medium R'  using regular expression

2018-11-14 12:05:22 - [MESSAGE][PASSED] - All options with value 'LOW' are selected in object 'Object Repository/FSM1/Complete ABP Inspection/ABPR46 and others/Page_JClient/select_Low Risk (Good)Medium R'  using regular expression

2018-11-14 12:05:22 - [TEST_STEP][PASSED] - selectOptionByValue: All options with value 'LOW' are selected in object 'Object Repository/FSM1/Complete ABP Inspection/ABPR46 and others/Page_JClient/select_Low Risk (Good)Medium R - Copy'  using regular expression

2018-11-14 12:05:22 - [MESSAGE][PASSED] - All options with value 'LOW' are selected in object 'Object Repository/FSM1/Complete ABP Inspection/ABPR46 and others/Page_JClient/select_Low Risk (Good)Medium R - Copy'  using regular expression

2018-11-14 12:05:22 - [TEST_STEP][PASSED] - selectOptionByValue: All options with value 'LOW' are selected in object 'Object Repository/FSM1/Complete ABP Inspection/ABPR46 and others/Page_JClient/select_Low Risk (Good)Medium R - Copy (1)'  using regular expression

2018-11-14 12:05:23 - [MESSAGE][PASSED] - All options with value 'LOW' are selected in object 'Object Repository/FSM1/Complete ABP Inspection/ABPR46 and others/Page_JClient/select_Low Risk (Good)Medium R - Copy (1)'  using regular expression

2018-11-14 12:05:23 - [TEST_STEP][PASSED] - selectOptionByValue: All options with value 'LOW' are selected in object 'Object Repository/FSM1/Complete ABP Inspection/ABPR46 and others/Page_JClient/select_Low Risk (Good)Medium R - Copy (2)'  using regular expression

2018-11-14 12:05:23 - [MESSAGE][PASSED] - All options with value 'LOW' are selected in object 'Object Repository/FSM1/Complete ABP Inspection/ABPR46 and others/Page_JClient/select_Low Risk (Good)Medium R - Copy (2)'  using regular expression

2018-11-14 12:05:23 - [TEST_STEP][PASSED] - selectOptionByValue: All options with value 'LOW' are selected in object 'Object Repository/FSM1/Complete ABP Inspection/ABPR46 and others/Page_JClient/select_Low Risk (Good)Medium R - Copy (3)'  using regular expression

2018-11-14 12:05:23 - [MESSAGE][PASSED] - All options with value 'LOW' are selected in object 'Object Repository/FSM1/Complete ABP Inspection/ABPR46 and others/Page_JClient/select_Low Risk (Good)Medium R - Copy (3)'  using regular expression

2018-11-14 12:05:23 - [TEST_STEP][PASSED] - selectOptionByValue: All options with value 'LOW' are selected in object 'Object Repository/FSM1/Complete ABP Inspection/ABPR46 and others/Page_JClient/select_Low Risk (Good)Medium R - Copy (4)'  using regular expression

2018-11-14 12:05:24 - [MESSAGE][PASSED] - All options with value 'LOW' are selected in object 'Object Repository/FSM1/Complete ABP Inspection/ABPR46 and others/Page_JClient/select_Low Risk (Good)Medium R - Copy (4)'  using regular expression

2018-11-14 12:05:24 - [TEST_STEP][PASSED] - selectOptionByValue: All options with value 'LOW' are selected in object 'Object Repository/FSM1/Complete ABP Inspection/ABPR46 and others/Page_JClient/select_Low Risk (Good)Medium R - Copy (5)'  using regular expression

2018-11-14 12:05:24 - [MESSAGE][PASSED] - All options with value 'LOW' are selected in object 'Object Repository/FSM1/Complete ABP Inspection/ABPR46 and others/Page_JClient/select_Low Risk (Good)Medium R - Copy (5)'  using regular expression

2018-11-14 12:05:24 - [TEST_STEP][PASSED] - selectOptionByValue: All options with value 'Biennially' are selected in object 'Object Repository/FSM1/Complete ABP Inspection/ABPR46 and others/Page_JClient/select_BienniallyAnnuallyQuart'  using regular expression

2018-11-14 12:05:24 - [MESSAGE][PASSED] - All options with value 'Biennially' are selected in object 'Object Repository/FSM1/Complete ABP Inspection/ABPR46 and others/Page_JClient/select_BienniallyAnnuallyQuart'  using regular expression

2018-11-14 12:05:24 - [TEST_STEP][PASSED] - click: Object: 'Object Repository/FSM1/Complete ABP Inspection/ABPR46 and others/Page_JClient/div_Save_TSE' is clicked on

2018-11-14 12:05:25 - [MESSAGE][PASSED] - Object: 'Object Repository/FSM1/Complete ABP Inspection/ABPR46 and others/Page_JClient/div_Save_TSE' is clicked on

2018-11-14 12:05:25 - [TEST_STEP][PASSED] - delay: Delayed 2 second(s)

2018-11-14 12:05:27 - [MESSAGE][PASSED] - Delayed 2 second(s)

2018-11-14 12:05:27 - [TEST_STEP][PASSED] - click: Object: 'Object Repository/FSM1/Complete ABP Inspection/ABPR46 and others/Page_JClient/div_Save' is clicked on

2018-11-14 12:05:27 - [MESSAGE][PASSED] - Object: 'Object Repository/FSM1/Complete ABP Inspection/ABPR46 and others/Page_JClient/div_Save' is clicked on]]></system-out>
         <system-err><![CDATA[]]></system-err>
      </testcase>
      <testcase name="Test Cases/ABP/Generic/Complete ABP Inspection - Complete" classname="Test Cases/ABP/Generic/Complete ABP Inspection - Complete" status="PASSED">
         <system-out><![CDATA[2018-11-14 12:05:27 - [TEST_CASE][PASSED] - Test Cases/ABP/Generic/Complete ABP Inspection - Complete: Test Cases/ABP/Generic/Complete ABP Inspection - Complete

2018-11-14 12:05:28 - [TEST_STEP][PASSED] - delay: Delayed 2 second(s)

2018-11-14 12:05:30 - [MESSAGE][PASSED] - Delayed 2 second(s)

2018-11-14 12:05:30 - [TEST_STEP][PASSED] - click: Object: 'Object Repository/FSM1/Complete ABP Inspection/Complete ABP01a Inspection/Page_JClient/div_STARTED (locked)' is clicked on

2018-11-14 12:05:30 - [MESSAGE][PASSED] - Object: 'Object Repository/FSM1/Complete ABP Inspection/Complete ABP01a Inspection/Page_JClient/div_STARTED (locked)' is clicked on

2018-11-14 12:05:30 - [TEST_STEP][PASSED] - delay: Delayed 2 second(s)

2018-11-14 12:05:32 - [MESSAGE][PASSED] - Delayed 2 second(s)

2018-11-14 12:05:32 - [TEST_STEP][PASSED] - click: Object: 'Object Repository/FSM1/Complete ABP Inspection/Complete ABP01a Inspection/Page_JClient/div_COMPLETED' is clicked on

2018-11-14 12:05:32 - [MESSAGE][PASSED] - Object: 'Object Repository/FSM1/Complete ABP Inspection/Complete ABP01a Inspection/Page_JClient/div_COMPLETED' is clicked on

2018-11-14 12:05:32 - [TEST_STEP][PASSED] - selectOptionByValue: All options with value 'COMPLETED' are selected in object 'Object Repository/FSM1/Complete ABP Inspection/Complete ABP01a Inspection/Page_JClient/select_Yes'  using regular expression

2018-11-14 12:05:33 - [MESSAGE][PASSED] - All options with value 'COMPLETED' are selected in object 'Object Repository/FSM1/Complete ABP Inspection/Complete ABP01a Inspection/Page_JClient/select_Yes'  using regular expression

2018-11-14 12:05:33 - [TEST_STEP][PASSED] - delay: Delayed 3 second(s)

2018-11-14 12:05:36 - [MESSAGE][PASSED] - Delayed 3 second(s)

2018-11-14 12:05:36 - [TEST_STEP][PASSED] - click: Object: 'Object Repository/FSM1/Complete ABP Inspection/Complete ABP01a Inspection/Page_JClient/div_Save' is clicked on

2018-11-14 12:05:37 - [MESSAGE][PASSED] - Object: 'Object Repository/FSM1/Complete ABP Inspection/Complete ABP01a Inspection/Page_JClient/div_Save' is clicked on

2018-11-14 12:05:37 - [TEST_STEP][PASSED] - delay: Delayed 2 second(s)

2018-11-14 12:05:39 - [MESSAGE][PASSED] - Delayed 2 second(s)

2018-11-14 12:05:39 - [TEST_STEP][PASSED] - click: Object: 'Object Repository/FSM1/Complete ABP Inspection/Complete ABP01a Inspection/Page_JClient/div_Ok' is clicked on

2018-11-14 12:05:39 - [MESSAGE][PASSED] - Object: 'Object Repository/FSM1/Complete ABP Inspection/Complete ABP01a Inspection/Page_JClient/div_Ok' is clicked on

2018-11-14 12:05:39 - [TEST_STEP][PASSED] - delay: Delayed 30 second(s)

2018-11-14 12:06:09 - [MESSAGE][PASSED] - Delayed 30 second(s)]]></system-out>
         <system-err><![CDATA[]]></system-err>
      </testcase>
      <testcase name="Test Cases/Generic/Launch Job Manager Control Centre - Check Result" classname="Test Cases/Generic/Launch Job Manager Control Centre - Check Result" status="PASSED">
         <system-out><![CDATA[2018-11-14 12:06:09 - [TEST_CASE][PASSED] - Test Cases/Generic/Launch Job Manager Control Centre - Check Result: Test Cases/Generic/Launch Job Manager Control Centre - Check Result

2018-11-14 12:06:09 - [TEST_STEP][PASSED] - openBrowser: Browser is opened with url: ''

2018-11-14 12:06:09 - [MESSAGE][WARNING] - A browser is already opened. Closing browser and opening a new one

2018-11-14 12:06:13 - [MESSAGE][PASSED] - Browser is opened with url: ''

2018-11-14 12:06:13 - [TEST_STEP][PASSED] - navigateToUrl: Navigate to 'https://kirona-def-6.kirona.com/jmprep/login#!loginView' successfully

2018-11-14 12:06:15 - [MESSAGE][PASSED] - Navigate to 'https://kirona-def-6.kirona.com/jmprep/login#!loginView' successfully

2018-11-14 12:06:15 - [TEST_STEP][PASSED] - setText: Text 'jon.hatfield' is set on object 'Object Repository/FSM1/Control Centre/Page_Job Manager Login/input_gwt-uid-3'

2018-11-14 12:06:16 - [MESSAGE][PASSED] - Text 'jon.hatfield' is set on object 'Object Repository/FSM1/Control Centre/Page_Job Manager Login/input_gwt-uid-3'

2018-11-14 12:06:16 - [TEST_STEP][PASSED] - setText: Text 'Fr@nc1sJ0n' is set on object 'Object Repository/FSM1/Control Centre/Page_Job Manager Login/input_gwt-uid-5'

2018-11-14 12:06:16 - [MESSAGE][PASSED] - Text 'Fr@nc1sJ0n' is set on object 'Object Repository/FSM1/Control Centre/Page_Job Manager Login/input_gwt-uid-5'

2018-11-14 12:06:16 - [TEST_STEP][PASSED] - click: Object: 'Object Repository/FSM1/PreProd/Page_Job Manager Login/div_Login' is clicked on

2018-11-14 12:06:16 - [MESSAGE][PASSED] - Object: 'Object Repository/FSM1/PreProd/Page_Job Manager Login/div_Login' is clicked on

2018-11-14 12:06:16 - [TEST_STEP][PASSED] - delay: Delayed 5 second(s)

2018-11-14 12:06:21 - [MESSAGE][PASSED] - Delayed 5 second(s)]]></system-out>
         <system-err><![CDATA[]]></system-err>
      </testcase>
      <testcase name="Test Cases/ABP/ABPR24a/Control Centre - Check Results - ABPR24a" classname="Test Cases/ABP/ABPR24a/Control Centre - Check Results - ABPR24a" status="PASSED">
         <system-out><![CDATA[2018-11-14 12:06:21 - [TEST_CASE][PASSED] - Test Cases/ABP/ABPR24a/Control Centre - Check Results - ABPR24a: Test Cases/ABP/ABPR24a/Control Centre - Check Results - ABPR24a

2018-11-14 12:06:22 - [TEST_STEP][PASSED] - Statement - log = new com.kms.katalon.core.logging.KeywordLogger(): null

2018-11-14 12:06:22 - [TEST_STEP][PASSED] - setText: Text '91118' is set on object 'Object Repository/FSM1/EMI Check Results/Page_JM Control Centre/input_Recents_v-textfield v-wi'

2018-11-14 12:06:22 - [MESSAGE][PASSED] - Text '91118' is set on object 'Object Repository/FSM1/EMI Check Results/Page_JM Control Centre/input_Recents_v-textfield v-wi'

2018-11-14 12:06:22 - [TEST_STEP][PASSED] - click: Object: 'Object Repository/FSM1/EMI Check Results/Page_JM Control Centre/span_' is clicked on

2018-11-14 12:06:23 - [MESSAGE][PASSED] - Object: 'Object Repository/FSM1/EMI Check Results/Page_JM Control Centre/span_' is clicked on

2018-11-14 12:06:23 - [TEST_STEP][PASSED] - waitForElementPresent: Object 'Object Repository/FSM1/EMI Check Results/Page_JM Control Centre/div_CLOSED' is present

2018-11-14 12:06:28 - [MESSAGE][PASSED] - Object 'Object Repository/FSM1/EMI Check Results/Page_JM Control Centre/div_CLOSED' is present

2018-11-14 12:06:28 - [TEST_STEP][PASSED] - delay: Delayed 3 second(s)

2018-11-14 12:06:31 - [MESSAGE][PASSED] - Delayed 3 second(s)

2018-11-14 12:06:31 - [TEST_STEP][PASSED] - verifyElementPresent: Object 'Object Repository/FSM1/Complete ABP Inspection/Check Results/03a/Page_JM Control Centre/div_Attachments_ABPR24A' is present

2018-11-14 12:06:31 - [MESSAGE][PASSED] - Object 'Object Repository/FSM1/Complete ABP Inspection/Check Results/03a/Page_JM Control Centre/div_Attachments_ABPR24A' is present

2018-11-14 12:06:31 - [TEST_STEP][PASSED] - verifyElementPresent: Object 'Object Repository/FSM1/Complete ABP Inspection/Check Results/03a/Page_JM Control Centre/div_Attachments_ABPR17 - Backw' is present

2018-11-14 12:06:31 - [MESSAGE][PASSED] - Object 'Object Repository/FSM1/Complete ABP Inspection/Check Results/03a/Page_JM Control Centre/div_Attachments_ABPR17 - Backw' is present

2018-11-14 12:06:31 - [TEST_STEP][PASSED] - verifyElementPresent: Object 'Object Repository/FSM1/Complete ABP Inspection/Check Results/03a/Page_JM Control Centre/div_Attachments_ABPR12A - Site' is present

2018-11-14 12:06:31 - [MESSAGE][PASSED] - Object 'Object Repository/FSM1/Complete ABP Inspection/Check Results/03a/Page_JM Control Centre/div_Attachments_ABPR12A - Site' is present

2018-11-14 12:06:31 - [TEST_STEP][PASSED] - verifyElementPresent: Object 'Object Repository/FSM1/Complete ABP Inspection/Check Results/03a/Page_JM Control Centre/div_Attachments_ABPR18 - Forwa' is present

2018-11-14 12:06:31 - [MESSAGE][PASSED] - Object 'Object Repository/FSM1/Complete ABP Inspection/Check Results/03a/Page_JM Control Centre/div_Attachments_ABPR18 - Forwa' is present]]></system-out>
         <system-err><![CDATA[]]></system-err>
      </testcase>
      <testcase name="Test Cases/ABP/Generic/Check Subsequent Inspection Exist" classname="Test Cases/ABP/Generic/Check Subsequent Inspection Exist" status="PASSED">
         <system-out><![CDATA[2018-11-14 12:06:31 - [TEST_CASE][PASSED] - Test Cases/ABP/Generic/Check Subsequent Inspection Exist: Test Cases/ABP/Generic/Check Subsequent Inspection Exist

2018-11-14 12:06:31 - [TEST_STEP][PASSED] - delay: Delayed 2 second(s)

2018-11-14 12:06:33 - [MESSAGE][PASSED] - Delayed 2 second(s)

2018-11-14 12:06:33 - [TEST_STEP][PASSED] - click: Object: 'Object Repository/FSM1/Complete ABP Inspection/Check Subsequent Inspections/New/Page_JM Control Centre/div_' is clicked on

2018-11-14 12:06:34 - [MESSAGE][PASSED] - Object: 'Object Repository/FSM1/Complete ABP Inspection/Check Subsequent Inspections/New/Page_JM Control Centre/div_' is clicked on

2018-11-14 12:06:34 - [TEST_STEP][PASSED] - click: Object: 'Object Repository/FSM1/Complete ABP Inspection/Check Subsequent Inspections/New/Page_JM Control Centre/span_List All Subordinate Jobs' is clicked on

2018-11-14 12:06:34 - [MESSAGE][PASSED] - Object: 'Object Repository/FSM1/Complete ABP Inspection/Check Subsequent Inspections/New/Page_JM Control Centre/span_List All Subordinate Jobs' is clicked on

2018-11-14 12:06:34 - [TEST_STEP][PASSED] - delay: Delayed 2 second(s)

2018-11-14 12:06:36 - [MESSAGE][PASSED] - Delayed 2 second(s)

2018-11-14 12:06:36 - [TEST_STEP][PASSED] - verifyElementVisible: Object 'Object Repository/FSM1/Complete ABP Inspection/Check Subsequent Inspections/New/Page_JM Control Centre/div_2 found.' is visible

2018-11-14 12:06:37 - [MESSAGE][PASSED] - Object 'Object Repository/FSM1/Complete ABP Inspection/Check Subsequent Inspections/New/Page_JM Control Centre/div_2 found.' is visible

2018-11-14 12:06:37 - [TEST_STEP][PASSED] - closeBrowser: Browser is closed

2018-11-14 12:06:38 - [MESSAGE][PASSED] - Browser is closed]]></system-out>
         <system-err><![CDATA[]]></system-err>
      </testcase>
      <system-out><![CDATA[2018-11-14 11:59:27 - [TEST_SUITE][PASSED] - ABP Regression - 24a: Test Cases/ABP/Generic/Check Subsequent Inspection Exist]]></system-out>
      <system-err><![CDATA[]]></system-err>
   </testsuite>
</testsuites>
