<?xml version="1.0" encoding="UTF-8"?>
<testsuites name="BSE16 Regression - Feedmill" time="203" tests="17" failures="0" errors="0">
   <testsuite name="BSE16 Regression - Feedmill" tests="17" failures="0" errors="0" time="203" timestamp="2018-11-29 16:31:16" hostname="JHATFIELD - SNDFSMINFSRV001.defra.onmicrosoft.com" id="Test Suites/Form Jobs/BSE16 Regression - Feedmill">
      <properties>
         <property name="deviceName" value=""/>
         <property name="devicePlatform" value=""/>
         <property name="logFolder" value="C:\\Users\\JHATFIELD\\git\\DEFRA-FSM_Automated_Regression_NEW\\Reports\\Form Jobs\\BSE16 Regression - Feedmill\\20181129_121954"/>
         <property name="logFiles" value="C:\\Users\\JHATFIELD\\git\\DEFRA-FSM_Automated_Regression_NEW\\Reports\\Form Jobs\\BSE16 Regression - Feedmill\\20181129_121954\\execution0.log"/>
         <property name="attachments" value=""/>
         <property name="hostName" value="JHATFIELD - SNDFSMINFSRV001.defra.onmicrosoft.com"/>
         <property name="os" value="Windows Server 2016 64bit"/>
         <property name="katalonVersion" value="5.9.0.1"/>
         <property name="browser" value="Chrome 70.0.3538.110"/>
         <property name="hostAddress" value="10.201.1.17"/>
         <property name="sessionId" value="c56088944d0bbbd40e1a3b383a980b91"/>
         <property name="seleniumVersion" value="3.7.1"/>
         <property name="proxyInformation" value="ProxyInformation{proxyOption=NO_PROXY, proxyServerType=HTTP, password=, proxyServerAddress=, proxyServerPort=0}"/>
         <property name="platform" value="Windows Server 2016"/>
      </properties>
      <testcase name="Test Cases/Generic/Launch Job Manager" classname="Test Cases/Generic/Launch Job Manager" status="PASSED">
         <system-out><![CDATA[2018-11-29 16:31:16 - [TEST_CASE][PASSED] - Test Cases/Generic/Launch Job Manager: Test Cases/Generic/Launch Job Manager

2018-11-29 16:31:17 - [TEST_STEP][PASSED] - openBrowser(""): Browser is opened with url: ''

2018-11-29 16:31:18 - [MESSAGE][INFO] - Starting 'Chrome' driver

2018-11-29 16:31:18 - [MESSAGE][INFO] - Action delay is set to 0 seconds

2018-11-29 16:31:22 - [MESSAGE][PASSED] - Browser is opened with url: ''

2018-11-29 16:31:22 - [TEST_STEP][PASSED] - navigateToUrl(JMURL): Navigate to 'https://kirona-def-11.kirona.com/jmtrain/jclient/jclient.html' successfully

2018-11-29 16:31:23 - [MESSAGE][PASSED] - Navigate to 'https://kirona-def-11.kirona.com/jmtrain/jclient/jclient.html' successfully

2018-11-29 16:31:23 - [TEST_STEP][PASSED] - setText(findTestObject("FSM1/Launch Application/Page_JClient/input_gwt-TextBox GKH2EKQBMDB"), "KIR1"): Text 'KIR1' is set on object 'Object Repository/FSM1/Launch Application/Page_JClient/input_gwt-TextBox GKH2EKQBMDB'

2018-11-29 16:31:26 - [MESSAGE][PASSED] - Text 'KIR1' is set on object 'Object Repository/FSM1/Launch Application/Page_JClient/input_gwt-TextBox GKH2EKQBMDB'

2018-11-29 16:31:26 - [TEST_STEP][PASSED] - sendKeys(findTestObject("FSM1/Launch Application/Page_JClient/input_gwt-TextBox GKH2EKQBMDB"), Keys.chord(ENTER)): Keys 'ENTER + ' sent to object: 'Object Repository/FSM1/Launch Application/Page_JClient/input_gwt-TextBox GKH2EKQBMDB'

2018-11-29 16:31:26 - [MESSAGE][PASSED] - Keys 'ENTER + ' sent to object: 'Object Repository/FSM1/Launch Application/Page_JClient/input_gwt-TextBox GKH2EKQBMDB'

2018-11-29 16:31:26 - [TEST_STEP][PASSED] - click(findTestObject("FSM1/Launch Application/Page_JClient/div_Configure App")): Object: 'Object Repository/FSM1/Launch Application/Page_JClient/div_Configure App' is clicked on

2018-11-29 16:31:27 - [MESSAGE][PASSED] - Object: 'Object Repository/FSM1/Launch Application/Page_JClient/div_Configure App' is clicked on

2018-11-29 16:31:27 - [TEST_STEP][PASSED] - setText(findTestObject("FSM1/Launch Application/Page_JClient/input_gwt-TextBox GKH2EKQBNHC"), findTestData("Pre Production/Environmental/UandP").getValue(3, 1)): Text 'test.inspector' is set on object 'Object Repository/FSM1/Launch Application/Page_JClient/input_gwt-TextBox GKH2EKQBNHC'

2018-11-29 16:31:28 - [MESSAGE][PASSED] - Text 'test.inspector' is set on object 'Object Repository/FSM1/Launch Application/Page_JClient/input_gwt-TextBox GKH2EKQBNHC'

2018-11-29 16:31:28 - [TEST_STEP][PASSED] - setText(findTestObject("FSM1/Launch Application/Page_JClient/input_gwt-PasswordTextBox GKH2"), findTestData("Pre Production/Environmental/UandP").getValue(4, 1)): Text 'Password1.' is set on object 'Object Repository/FSM1/Launch Application/Page_JClient/input_gwt-PasswordTextBox GKH2'

2018-11-29 16:31:28 - [MESSAGE][PASSED] - Text 'Password1.' is set on object 'Object Repository/FSM1/Launch Application/Page_JClient/input_gwt-PasswordTextBox GKH2'

2018-11-29 16:31:28 - [TEST_STEP][PASSED] - click(findTestObject("FSM1/Launch Application/Page_JClient/div_Sign In")): Object: 'Object Repository/FSM1/Launch Application/Page_JClient/div_Sign In' is clicked on

2018-11-29 16:31:28 - [MESSAGE][PASSED] - Object: 'Object Repository/FSM1/Launch Application/Page_JClient/div_Sign In' is clicked on

2018-11-29 16:31:28 - [TEST_STEP][PASSED] - delay(15): Delayed 15 second(s)

2018-11-29 16:31:43 - [MESSAGE][PASSED] - Delayed 15 second(s)]]></system-out>
         <system-err><![CDATA[]]></system-err>
      </testcase>
      <testcase name="Test Cases/Form Jobs/BSE16/Create BSE Inspection" classname="Test Cases/Form Jobs/BSE16/Create BSE Inspection" status="PASSED">
         <system-out><![CDATA[2018-11-29 16:31:43 - [TEST_CASE][PASSED] - Test Cases/Form Jobs/BSE16/Create BSE Inspection: Test Cases/Form Jobs/BSE16/Create BSE Inspection

2018-11-29 16:31:44 - [TEST_STEP][PASSED] - log = new com.kms.katalon.core.logging.KeywordLogger(): null

2018-11-29 16:31:44 - [TEST_STEP][PASSED] - delay(15): Delayed 15 second(s)

2018-11-29 16:31:59 - [MESSAGE][PASSED] - Delayed 15 second(s)

2018-11-29 16:31:59 - [TEST_STEP][PASSED] - click(findTestObject("Object Repository/FSM1/BSE16/Page_JClient/div_Main Menu_GKH2EKQBMBC")): Object: 'Object Repository/FSM1/BSE16/Page_JClient/div_Main Menu_GKH2EKQBMBC' is clicked on

2018-11-29 16:31:59 - [MESSAGE][PASSED] - Object: 'Object Repository/FSM1/BSE16/Page_JClient/div_Main Menu_GKH2EKQBMBC' is clicked on

2018-11-29 16:31:59 - [TEST_STEP][PASSED] - delay(3): Delayed 3 second(s)

2018-11-29 16:32:02 - [MESSAGE][PASSED] - Delayed 3 second(s)

2018-11-29 16:32:02 - [TEST_STEP][PASSED] - click(findTestObject("Object Repository/FSM1/BSE16/Page_JClient/div_Form Jobs")): Object: 'Object Repository/FSM1/BSE16/Page_JClient/div_Form Jobs' is clicked on

2018-11-29 16:32:02 - [MESSAGE][PASSED] - Object: 'Object Repository/FSM1/BSE16/Page_JClient/div_Form Jobs' is clicked on

2018-11-29 16:32:02 - [TEST_STEP][PASSED] - click(findTestObject("Object Repository/FSM1/BSE16/Page_JClient/div_BSE16")): Object: 'Object Repository/FSM1/BSE16/Page_JClient/div_BSE16' is clicked on

2018-11-29 16:32:03 - [MESSAGE][PASSED] - Object: 'Object Repository/FSM1/BSE16/Page_JClient/div_BSE16' is clicked on

2018-11-29 16:32:03 - [TEST_STEP][PASSED] - click(findTestObject("Object Repository/FSM1/BSE16/Page_JClient/div_WITH OPERATIVE")): Object: 'Object Repository/FSM1/BSE16/Page_JClient/div_WITH OPERATIVE' is clicked on

2018-11-29 16:32:03 - [MESSAGE][PASSED] - Object: 'Object Repository/FSM1/BSE16/Page_JClient/div_WITH OPERATIVE' is clicked on

2018-11-29 16:32:03 - [TEST_STEP][PASSED] - click(findTestObject("Object Repository/FSM1/BSE16/Page_JClient/div_TRAVELLING")): Object: 'Object Repository/FSM1/BSE16/Page_JClient/div_TRAVELLING' is clicked on

2018-11-29 16:32:04 - [MESSAGE][PASSED] - Object: 'Object Repository/FSM1/BSE16/Page_JClient/div_TRAVELLING' is clicked on

2018-11-29 16:32:04 - [TEST_STEP][PASSED] - click(findTestObject("Object Repository/FSM1/BSE16/Page_JClient/div_TRAVELLING")): Object: 'Object Repository/FSM1/BSE16/Page_JClient/div_TRAVELLING' is clicked on

2018-11-29 16:32:04 - [MESSAGE][PASSED] - Object: 'Object Repository/FSM1/BSE16/Page_JClient/div_TRAVELLING' is clicked on

2018-11-29 16:32:04 - [TEST_STEP][PASSED] - click(findTestObject("Object Repository/FSM1/BSE16/Page_JClient/div_ARRIVED")): Object: 'Object Repository/FSM1/BSE16/Page_JClient/div_ARRIVED' is clicked on

2018-11-29 16:32:04 - [MESSAGE][PASSED] - Object: 'Object Repository/FSM1/BSE16/Page_JClient/div_ARRIVED' is clicked on

2018-11-29 16:32:04 - [TEST_STEP][PASSED] - click(findTestObject("Object Repository/FSM1/BSE16/Page_JClient/div_ARRIVED")): Object: 'Object Repository/FSM1/BSE16/Page_JClient/div_ARRIVED' is clicked on

2018-11-29 16:32:04 - [MESSAGE][PASSED] - Object: 'Object Repository/FSM1/BSE16/Page_JClient/div_ARRIVED' is clicked on

2018-11-29 16:32:04 - [TEST_STEP][PASSED] - click(findTestObject("Object Repository/FSM1/BSE16/Page_JClient/div_STARTED")): Object: 'Object Repository/FSM1/BSE16/Page_JClient/div_STARTED' is clicked on

2018-11-29 16:32:04 - [MESSAGE][PASSED] - Object: 'Object Repository/FSM1/BSE16/Page_JClient/div_STARTED' is clicked on

2018-11-29 16:32:04 - [TEST_STEP][NOT_RUN] - mydate = new java.util.Date(): NOT_RUN: mydate = new java.util.Date()

2018-11-29 16:32:04 - [MESSAGE][NOT_RUN] - NOT_RUN: mydate = new java.util.Date()

2018-11-29 16:32:04 - [TEST_STEP][NOT_RUN] - formattedDate = mydate.format("MM/dd/yyy"): NOT_RUN: formattedDate = mydate.format("MM/dd/yyy")

2018-11-29 16:32:04 - [MESSAGE][NOT_RUN] - NOT_RUN: formattedDate = mydate.format("MM/dd/yyy")

2018-11-29 16:32:04 - [TEST_STEP][NOT_RUN] - sendKeys(findTestObject("Object Repository/FSM1/BSE16/Page_JClient/IV17 Date of Visit"), formattedDate): NOT_RUN: sendKeys(findTestObject("Object Repository/FSM1/BSE16/Page_JClient/IV17 Date of Visit"), formattedDate)

2018-11-29 16:32:04 - [MESSAGE][NOT_RUN] - NOT_RUN: sendKeys(findTestObject("Object Repository/FSM1/BSE16/Page_JClient/IV17 Date of Visit"), formattedDate)]]></system-out>
         <system-err><![CDATA[]]></system-err>
      </testcase>
      <testcase name="Test Cases/Form Jobs/BSE16/Edit Job Details - Feedmill" classname="Test Cases/Form Jobs/BSE16/Edit Job Details - Feedmill" status="PASSED">
         <system-out><![CDATA[2018-11-29 16:32:04 - [TEST_CASE][PASSED] - Test Cases/Form Jobs/BSE16/Edit Job Details - Feedmill: Test Cases/Form Jobs/BSE16/Edit Job Details - Feedmill

2018-11-29 16:32:05 - [TEST_STEP][PASSED] - click(findTestObject("Object Repository/FSM1/BSE16/Page_JClient/Page_JClient/div_Edit attributes")): Object: 'Object Repository/FSM1/BSE16/Page_JClient/Page_JClient/div_Edit attributes' is clicked on

2018-11-29 16:32:05 - [MESSAGE][PASSED] - Object: 'Object Repository/FSM1/BSE16/Page_JClient/Page_JClient/div_Edit attributes' is clicked on

2018-11-29 16:32:05 - [TEST_STEP][PASSED] - selectOptionByValue(findTestObject("Object Repository/FSM1/BSE16/Page_JClient/Page_JClient/select_Southern-1Southern-2Sou"), "SOUTHERN1", true): All options with value 'SOUTHERN1' are selected in object 'Object Repository/FSM1/BSE16/Page_JClient/Page_JClient/select_Southern-1Southern-2Sou'  using regular expression

2018-11-29 16:32:06 - [MESSAGE][PASSED] - All options with value 'SOUTHERN1' are selected in object 'Object Repository/FSM1/BSE16/Page_JClient/Page_JClient/select_Southern-1Southern-2Sou'  using regular expression

2018-11-29 16:32:06 - [TEST_STEP][PASSED] - setText(findTestObject("Object Repository/FSM1/BSE16/Page_JClient/Page_JClient/input_Email_gwt-TextBox GKH2EK"), "test@automation.com"): Text 'test@automation.com' is set on object 'Object Repository/FSM1/BSE16/Page_JClient/Page_JClient/input_Email_gwt-TextBox GKH2EK'

2018-11-29 16:32:06 - [MESSAGE][PASSED] - Text 'test@automation.com' is set on object 'Object Repository/FSM1/BSE16/Page_JClient/Page_JClient/input_Email_gwt-TextBox GKH2EK'

2018-11-29 16:32:06 - [TEST_STEP][PASSED] - click(findTestObject("Object Repository/FSM1/BSE16/Page_JClient/Page_JClient/input_Vet_radio_group_2")): Object: 'Object Repository/FSM1/BSE16/Page_JClient/Page_JClient/input_Vet_radio_group_2' is clicked on

2018-11-29 16:32:07 - [MESSAGE][PASSED] - Object: 'Object Repository/FSM1/BSE16/Page_JClient/Page_JClient/input_Vet_radio_group_2' is clicked on

2018-11-29 16:32:07 - [TEST_STEP][PASSED] - setText(findTestObject("Object Repository/FSM1/BSE16/Page_JClient/Page_JClient/input_TownFarm_gwt-TextBox GKH"), "Test Automation"): Text 'Test Automation' is set on object 'Object Repository/FSM1/BSE16/Page_JClient/Page_JClient/input_TownFarm_gwt-TextBox GKH'

2018-11-29 16:32:07 - [MESSAGE][PASSED] - Text 'Test Automation' is set on object 'Object Repository/FSM1/BSE16/Page_JClient/Page_JClient/input_TownFarm_gwt-TextBox GKH'

2018-11-29 16:32:07 - [TEST_STEP][PASSED] - setText(findTestObject("Object Repository/FSM1/BSE16/Page_JClient/Page_JClient/textarea_Address_gwt-TextArea"), "Test automation"): Text 'Test automation' is set on object 'Object Repository/FSM1/BSE16/Page_JClient/Page_JClient/textarea_Address_gwt-TextArea'

2018-11-29 16:32:07 - [MESSAGE][PASSED] - Text 'Test automation' is set on object 'Object Repository/FSM1/BSE16/Page_JClient/Page_JClient/textarea_Address_gwt-TextArea'

2018-11-29 16:32:07 - [TEST_STEP][PASSED] - setText(findTestObject("Object Repository/FSM1/BSE16/Page_JClient/Page_JClient/input_Postcode_gwt-TextBox GKH"), "CV37 6SN"): Text 'CV37 6SN' is set on object 'Object Repository/FSM1/BSE16/Page_JClient/Page_JClient/input_Postcode_gwt-TextBox GKH'

2018-11-29 16:32:07 - [MESSAGE][PASSED] - Text 'CV37 6SN' is set on object 'Object Repository/FSM1/BSE16/Page_JClient/Page_JClient/input_Postcode_gwt-TextBox GKH'

2018-11-29 16:32:07 - [TEST_STEP][PASSED] - selectOptionByValue(findTestObject("Object Repository/FSM1/BSE16/Page_JClient/Page_JClient/select_FeedmillImporterInterme"), findTestData("Pre Production/Form Jobs/BSE16/BSE16 - Feedmill").getValue(1, 1), false): All options with value 'FEEDMILL' are selected in object 'Object Repository/FSM1/BSE16/Page_JClient/Page_JClient/select_FeedmillImporterInterme' 

2018-11-29 16:32:08 - [MESSAGE][PASSED] - All options with value 'FEEDMILL' are selected in object 'Object Repository/FSM1/BSE16/Page_JClient/Page_JClient/select_FeedmillImporterInterme' 

2018-11-29 16:32:08 - [TEST_STEP][PASSED] - delay(3): Delayed 3 second(s)

2018-11-29 16:32:11 - [MESSAGE][PASSED] - Delayed 3 second(s)]]></system-out>
         <system-err><![CDATA[]]></system-err>
      </testcase>
      <testcase name="Test Cases/Form Jobs/BSE16/Sample Details" classname="Test Cases/Form Jobs/BSE16/Sample Details" status="PASSED">
         <system-out><![CDATA[2018-11-29 16:32:11 - [TEST_CASE][PASSED] - Test Cases/Form Jobs/BSE16/Sample Details: Test Cases/Form Jobs/BSE16/Sample Details

2018-11-29 16:32:11 - [TEST_STEP][PASSED] - click(findTestObject("Object Repository/FSM1/BSE16/Page_JClient/div_Sample Details")): Object: 'Object Repository/FSM1/BSE16/Page_JClient/div_Sample Details' is clicked on

2018-11-29 16:32:11 - [MESSAGE][PASSED] - Object: 'Object Repository/FSM1/BSE16/Page_JClient/div_Sample Details' is clicked on

2018-11-29 16:32:11 - [TEST_STEP][PASSED] - click(findTestObject("Object Repository/FSM1/BSE16/Page_JClient/input_Did you take samples at")): Object: 'Object Repository/FSM1/BSE16/Page_JClient/input_Did you take samples at' is clicked on

2018-11-29 16:32:13 - [MESSAGE][PASSED] - Object: 'Object Repository/FSM1/BSE16/Page_JClient/input_Did you take samples at' is clicked on

2018-11-29 16:32:13 - [TEST_STEP][PASSED] - click(findTestObject("Object Repository/FSM1/BSE16/Page_JClient/input_Are these routine sample")): Object: 'Object Repository/FSM1/BSE16/Page_JClient/input_Are these routine sample' is clicked on

2018-11-29 16:32:13 - [MESSAGE][PASSED] - Object: 'Object Repository/FSM1/BSE16/Page_JClient/input_Are these routine sample' is clicked on

2018-11-29 16:32:13 - [TEST_STEP][PASSED] - setText(findTestObject("Object Repository/FSM1/BSE16/Page_JClient/input_Total no. of rations sam"), "2"): Text '2' is set on object 'Object Repository/FSM1/BSE16/Page_JClient/input_Total no. of rations sam'

2018-11-29 16:32:13 - [MESSAGE][PASSED] - Text '2' is set on object 'Object Repository/FSM1/BSE16/Page_JClient/input_Total no. of rations sam'

2018-11-29 16:32:13 - [TEST_STEP][PASSED] - setText(findTestObject("Object Repository/FSM1/BSE16/Page_JClient/input_No. of fatoil samples_gw"), "2"): Text '2' is set on object 'Object Repository/FSM1/BSE16/Page_JClient/input_No. of fatoil samples_gw'

2018-11-29 16:32:13 - [MESSAGE][PASSED] - Text '2' is set on object 'Object Repository/FSM1/BSE16/Page_JClient/input_No. of fatoil samples_gw'

2018-11-29 16:32:13 - [TEST_STEP][PASSED] - mydate = new java.util.Date(): null

2018-11-29 16:32:13 - [TEST_STEP][PASSED] - formattedDate = mydate.format("MM/dd/yyy"): null

2018-11-29 16:32:13 - [TEST_STEP][PASSED] - sendKeys(findTestObject("FSM1/BSE16/Page_JClient/input_Date of dispatch to Weyb"), formattedDate): Keys '11/29/2018' sent to object: 'Object Repository/FSM1/BSE16/Page_JClient/input_Date of dispatch to Weyb'

2018-11-29 16:32:14 - [MESSAGE][PASSED] - Keys '11/29/2018' sent to object: 'Object Repository/FSM1/BSE16/Page_JClient/input_Date of dispatch to Weyb'

2018-11-29 16:32:14 - [TEST_STEP][PASSED] - click(findTestObject("FSM1/BSE16/Page_JClient/div_Save - Sample")): Object: 'Object Repository/FSM1/BSE16/Page_JClient/div_Save - Sample' is clicked on

2018-11-29 16:32:14 - [MESSAGE][PASSED] - Object: 'Object Repository/FSM1/BSE16/Page_JClient/div_Save - Sample' is clicked on

2018-11-29 16:32:14 - [TEST_STEP][PASSED] - delay(2): Delayed 2 second(s)

2018-11-29 16:32:16 - [MESSAGE][PASSED] - Delayed 2 second(s)]]></system-out>
         <system-err><![CDATA[]]></system-err>
      </testcase>
      <testcase name="Test Cases/Form Jobs/BSE16/Establishment - Production Information" classname="Test Cases/Form Jobs/BSE16/Establishment - Production Information" status="PASSED">
         <system-out><![CDATA[2018-11-29 16:32:16 - [TEST_CASE][PASSED] - Test Cases/Form Jobs/BSE16/Establishment - Production Information: Test Cases/Form Jobs/BSE16/Establishment - Production Information

2018-11-29 16:32:16 - [TEST_STEP][PASSED] - click(findTestObject("Object Repository/FSM1/BSE16/Page_JClient/div_EstablishmentProduction In")): Object: 'Object Repository/FSM1/BSE16/Page_JClient/div_EstablishmentProduction In' is clicked on

2018-11-29 16:32:17 - [MESSAGE][PASSED] - Object: 'Object Repository/FSM1/BSE16/Page_JClient/div_EstablishmentProduction In' is clicked on

2018-11-29 16:32:17 - [TEST_STEP][PASSED] - selectOptionByValue(findTestObject("Object Repository/FSM1/BSE16/Page_JClient/select_ 15000 tonnes15000-1500"), "15000150000_TONNES", true): All options with value '15000150000_TONNES' are selected in object 'Object Repository/FSM1/BSE16/Page_JClient/select_ 15000 tonnes15000-1500'  using regular expression

2018-11-29 16:32:18 - [MESSAGE][PASSED] - All options with value '15000150000_TONNES' are selected in object 'Object Repository/FSM1/BSE16/Page_JClient/select_ 15000 tonnes15000-1500'  using regular expression

2018-11-29 16:32:18 - [TEST_STEP][PASSED] - click(findTestObject("Object Repository/FSM1/BSE16/Page_JClient/input_Non-ruminant feed only_r")): Object: 'Object Repository/FSM1/BSE16/Page_JClient/input_Non-ruminant feed only_r' is clicked on

2018-11-29 16:32:18 - [MESSAGE][PASSED] - Object: 'Object Repository/FSM1/BSE16/Page_JClient/input_Non-ruminant feed only_r' is clicked on

2018-11-29 16:32:18 - [TEST_STEP][PASSED] - click(findTestObject("Object Repository/FSM1/BSE16/Page_JClient/input_Ruminant feed only_radio")): Object: 'Object Repository/FSM1/BSE16/Page_JClient/input_Ruminant feed only_radio' is clicked on

2018-11-29 16:32:18 - [MESSAGE][PASSED] - Object: 'Object Repository/FSM1/BSE16/Page_JClient/input_Ruminant feed only_radio' is clicked on

2018-11-29 16:32:18 - [TEST_STEP][PASSED] - click(findTestObject("Object Repository/FSM1/BSE16/Page_JClient/input_Ruminant and non-ruminan")): Object: 'Object Repository/FSM1/BSE16/Page_JClient/input_Ruminant and non-ruminan' is clicked on

2018-11-29 16:32:19 - [MESSAGE][PASSED] - Object: 'Object Repository/FSM1/BSE16/Page_JClient/input_Ruminant and non-ruminan' is clicked on

2018-11-29 16:32:19 - [TEST_STEP][PASSED] - click(findTestObject("Object Repository/FSM1/BSE16/Page_JClient/input_Only Non-ruminant feed w")): Object: 'Object Repository/FSM1/BSE16/Page_JClient/input_Only Non-ruminant feed w' is clicked on

2018-11-29 16:32:19 - [MESSAGE][PASSED] - Object: 'Object Repository/FSM1/BSE16/Page_JClient/input_Only Non-ruminant feed w' is clicked on

2018-11-29 16:32:19 - [TEST_STEP][PASSED] - click(findTestObject("Object Repository/FSM1/BSE16/Page_JClient/input_Ruminant and Non-ruminan (1)")): Object: 'Object Repository/FSM1/BSE16/Page_JClient/input_Ruminant and Non-ruminan (1)' is clicked on

2018-11-29 16:32:19 - [MESSAGE][PASSED] - Object: 'Object Repository/FSM1/BSE16/Page_JClient/input_Ruminant and Non-ruminan (1)' is clicked on

2018-11-29 16:32:19 - [TEST_STEP][PASSED] - click(findTestObject("Object Repository/FSM1/BSE16/Page_JClient/input_No_radio_group_10")): Object: 'Object Repository/FSM1/BSE16/Page_JClient/input_No_radio_group_10' is clicked on

2018-11-29 16:32:19 - [MESSAGE][PASSED] - Object: 'Object Repository/FSM1/BSE16/Page_JClient/input_No_radio_group_10' is clicked on

2018-11-29 16:32:19 - [TEST_STEP][PASSED] - click(findTestObject("Object Repository/FSM1/BSE16/Page_JClient/input_Is production single str")): Object: 'Object Repository/FSM1/BSE16/Page_JClient/input_Is production single str' is clicked on

2018-11-29 16:32:19 - [MESSAGE][PASSED] - Object: 'Object Repository/FSM1/BSE16/Page_JClient/input_Is production single str' is clicked on

2018-11-29 16:32:19 - [TEST_STEP][PASSED] - click(findTestObject("Object Repository/FSM1/BSE16/Page_JClient/input_Is production dual strea")): Object: 'Object Repository/FSM1/BSE16/Page_JClient/input_Is production dual strea' is clicked on

2018-11-29 16:32:19 - [MESSAGE][PASSED] - Object: 'Object Repository/FSM1/BSE16/Page_JClient/input_Is production dual strea' is clicked on

2018-11-29 16:32:19 - [TEST_STEP][PASSED] - click(findTestObject("Object Repository/FSM1/BSE16/Page_JClient/input_Is this a blending plant")): Object: 'Object Repository/FSM1/BSE16/Page_JClient/input_Is this a blending plant' is clicked on

2018-11-29 16:32:19 - [MESSAGE][PASSED] - Object: 'Object Repository/FSM1/BSE16/Page_JClient/input_Is this a blending plant' is clicked on

2018-11-29 16:32:19 - [TEST_STEP][PASSED] - click(findTestObject("Object Repository/FSM1/BSE16/Page_JClient/input_No_radio_group_14")): Object: 'Object Repository/FSM1/BSE16/Page_JClient/input_No_radio_group_14' is clicked on

2018-11-29 16:32:20 - [MESSAGE][PASSED] - Object: 'Object Repository/FSM1/BSE16/Page_JClient/input_No_radio_group_14' is clicked on

2018-11-29 16:32:20 - [TEST_STEP][PASSED] - setText(findTestObject("Object Repository/FSM1/BSE16/Page_JClient/input_Registration no. (if app"), "1234"): Text '1234' is set on object 'Object Repository/FSM1/BSE16/Page_JClient/input_Registration no. (if app'

2018-11-29 16:32:20 - [MESSAGE][PASSED] - Text '1234' is set on object 'Object Repository/FSM1/BSE16/Page_JClient/input_Registration no. (if app'

2018-11-29 16:32:20 - [TEST_STEP][PASSED] - click(findTestObject("Object Repository/FSM1/BSE16/Page_JClient/input_Registration no. (if app_1")): Object: 'Object Repository/FSM1/BSE16/Page_JClient/input_Registration no. (if app_1' is clicked on

2018-11-29 16:32:20 - [MESSAGE][PASSED] - Object: 'Object Repository/FSM1/BSE16/Page_JClient/input_Registration no. (if app_1' is clicked on

2018-11-29 16:32:20 - [TEST_STEP][PASSED] - click(findTestObject("FSM1/BSE16/Page_JClient/div_Save - Generic")): Object: 'Object Repository/FSM1/BSE16/Page_JClient/div_Save - Generic' is clicked on

2018-11-29 16:32:20 - [MESSAGE][PASSED] - Object: 'Object Repository/FSM1/BSE16/Page_JClient/div_Save - Generic' is clicked on

2018-11-29 16:32:20 - [TEST_STEP][PASSED] - delay(2): Delayed 2 second(s)

2018-11-29 16:32:22 - [MESSAGE][PASSED] - Delayed 2 second(s)]]></system-out>
         <system-err><![CDATA[]]></system-err>
      </testcase>
      <testcase name="Test Cases/Form Jobs/BSE16/Restricted Proteins" classname="Test Cases/Form Jobs/BSE16/Restricted Proteins" status="PASSED">
         <system-out><![CDATA[2018-11-29 16:32:22 - [TEST_CASE][PASSED] - Test Cases/Form Jobs/BSE16/Restricted Proteins: Test Cases/Form Jobs/BSE16/Restricted Proteins

2018-11-29 16:32:23 - [TEST_STEP][PASSED] - click(findTestObject("Object Repository/FSM1/BSE16/Page_JClient/Page_JClient/div_Restricted ProteinsAuthori")): Object: 'Object Repository/FSM1/BSE16/Page_JClient/Page_JClient/div_Restricted ProteinsAuthori' is clicked on

2018-11-29 16:32:23 - [MESSAGE][PASSED] - Object: 'Object Repository/FSM1/BSE16/Page_JClient/Page_JClient/div_Restricted ProteinsAuthori' is clicked on

2018-11-29 16:32:23 - [TEST_STEP][PASSED] - delay(2): Delayed 2 second(s)

2018-11-29 16:32:25 - [MESSAGE][PASSED] - Delayed 2 second(s)

2018-11-29 16:32:25 - [TEST_STEP][PASSED] - click(findTestObject("Object Repository/FSM1/BSE16/Page_JClient/Page_JClient/input_Are restricted proteins (1)")): Object: 'Object Repository/FSM1/BSE16/Page_JClient/Page_JClient/input_Are restricted proteins (1)' is clicked on

2018-11-29 16:32:25 - [MESSAGE][PASSED] - Object: 'Object Repository/FSM1/BSE16/Page_JClient/Page_JClient/input_Are restricted proteins (1)' is clicked on

2018-11-29 16:32:25 - [TEST_STEP][PASSED] - click(findTestObject("Object Repository/FSM1/BSE16/Page_JClient/Page_JClient/input_Which restricted protein")): Object: 'Object Repository/FSM1/BSE16/Page_JClient/Page_JClient/input_Which restricted protein' is clicked on

2018-11-29 16:32:25 - [MESSAGE][PASSED] - Object: 'Object Repository/FSM1/BSE16/Page_JClient/Page_JClient/input_Which restricted protein' is clicked on

2018-11-29 16:32:25 - [TEST_STEP][PASSED] - click(findTestObject("Object Repository/FSM1/BSE16/Page_JClient/Page_JClient/input_Supply further details o_2")): Object: 'Object Repository/FSM1/BSE16/Page_JClient/Page_JClient/input_Supply further details o_2' is clicked on

2018-11-29 16:32:26 - [MESSAGE][PASSED] - Object: 'Object Repository/FSM1/BSE16/Page_JClient/Page_JClient/input_Supply further details o_2' is clicked on

2018-11-29 16:32:26 - [TEST_STEP][PASSED] - click(findTestObject("Object Repository/FSM1/BSE16/Page_JClient/Page_JClient/input_No_radio_group_4")): Object: 'Object Repository/FSM1/BSE16/Page_JClient/Page_JClient/input_No_radio_group_4' is clicked on

2018-11-29 16:32:26 - [MESSAGE][PASSED] - Object: 'Object Repository/FSM1/BSE16/Page_JClient/Page_JClient/input_No_radio_group_4' is clicked on

2018-11-29 16:32:26 - [TEST_STEP][PASSED] - selectOptionByValue(findTestObject("Object Repository/FSM1/BSE16/Page_JClient/Page_JClient/select_YesNo"), "YES", true): All options with value 'YES' are selected in object 'Object Repository/FSM1/BSE16/Page_JClient/Page_JClient/select_YesNo'  using regular expression

2018-11-29 16:32:26 - [MESSAGE][PASSED] - All options with value 'YES' are selected in object 'Object Repository/FSM1/BSE16/Page_JClient/Page_JClient/select_YesNo'  using regular expression

2018-11-29 16:32:26 - [TEST_STEP][PASSED] - click(findTestObject("Object Repository/FSM1/BSE16/Page_JClient/Page_JClient/input_Registration number of b")): Object: 'Object Repository/FSM1/BSE16/Page_JClient/Page_JClient/input_Registration number of b' is clicked on

2018-11-29 16:32:26 - [MESSAGE][PASSED] - Object: 'Object Repository/FSM1/BSE16/Page_JClient/Page_JClient/input_Registration number of b' is clicked on

2018-11-29 16:32:26 - [TEST_STEP][PASSED] - click(findTestObject("Object Repository/FSM1/BSE16/Page_JClient/Page_JClient/input_No_gwt-uid-127")): Object: 'Object Repository/FSM1/BSE16/Page_JClient/Page_JClient/input_No_gwt-uid-127' is clicked on

2018-11-29 16:32:26 - [MESSAGE][PASSED] - Object: 'Object Repository/FSM1/BSE16/Page_JClient/Page_JClient/input_No_gwt-uid-127' is clicked on

2018-11-29 16:32:26 - [TEST_STEP][PASSED] - click(findTestObject("Object Repository/FSM1/BSE16/Page_JClient/Page_JClient/input_How are the restricted p")): Object: 'Object Repository/FSM1/BSE16/Page_JClient/Page_JClient/input_How are the restricted p' is clicked on

2018-11-29 16:32:26 - [MESSAGE][PASSED] - Object: 'Object Repository/FSM1/BSE16/Page_JClient/Page_JClient/input_How are the restricted p' is clicked on

2018-11-29 16:32:26 - [TEST_STEP][PASSED] - click(findTestObject("Object Repository/FSM1/BSE16/Page_JClient/Page_JClient/input_NA_radio_group_6")): Object: 'Object Repository/FSM1/BSE16/Page_JClient/Page_JClient/input_NA_radio_group_6' is clicked on

2018-11-29 16:32:27 - [MESSAGE][PASSED] - Object: 'Object Repository/FSM1/BSE16/Page_JClient/Page_JClient/input_NA_radio_group_6' is clicked on

2018-11-29 16:32:27 - [TEST_STEP][PASSED] - click(findTestObject("Object Repository/FSM1/BSE16/Page_JClient/Page_JClient/input_NA_radio_group_7")): Object: 'Object Repository/FSM1/BSE16/Page_JClient/Page_JClient/input_NA_radio_group_7' is clicked on

2018-11-29 16:32:27 - [MESSAGE][PASSED] - Object: 'Object Repository/FSM1/BSE16/Page_JClient/Page_JClient/input_NA_radio_group_7' is clicked on

2018-11-29 16:32:27 - [TEST_STEP][PASSED] - click(findTestObject("Object Repository/FSM1/BSE16/Page_JClient/Page_JClient/input_NA_radio_group_8")): Object: 'Object Repository/FSM1/BSE16/Page_JClient/Page_JClient/input_NA_radio_group_8' is clicked on

2018-11-29 16:32:27 - [MESSAGE][PASSED] - Object: 'Object Repository/FSM1/BSE16/Page_JClient/Page_JClient/input_NA_radio_group_8' is clicked on

2018-11-29 16:32:27 - [TEST_STEP][PASSED] - click(findTestObject("Object Repository/FSM1/BSE16/Page_JClient/Page_JClient/input_NA_radio_group_9")): Object: 'Object Repository/FSM1/BSE16/Page_JClient/Page_JClient/input_NA_radio_group_9' is clicked on

2018-11-29 16:32:27 - [MESSAGE][PASSED] - Object: 'Object Repository/FSM1/BSE16/Page_JClient/Page_JClient/input_NA_radio_group_9' is clicked on

2018-11-29 16:32:27 - [TEST_STEP][PASSED] - click(findTestObject("Object Repository/FSM1/BSE16/Page_JClient/Page_JClient/input_NA_radio_group_10")): Object: 'Object Repository/FSM1/BSE16/Page_JClient/Page_JClient/input_NA_radio_group_10' is clicked on

2018-11-29 16:32:27 - [MESSAGE][PASSED] - Object: 'Object Repository/FSM1/BSE16/Page_JClient/Page_JClient/input_NA_radio_group_10' is clicked on

2018-11-29 16:32:27 - [TEST_STEP][PASSED] - click(findTestObject("Object Repository/FSM1/BSE16/Page_JClient/Page_JClient/input_Commentsfurther details_")): Object: 'Object Repository/FSM1/BSE16/Page_JClient/Page_JClient/input_Commentsfurther details_' is clicked on

2018-11-29 16:32:27 - [MESSAGE][PASSED] - Object: 'Object Repository/FSM1/BSE16/Page_JClient/Page_JClient/input_Commentsfurther details_' is clicked on

2018-11-29 16:32:27 - [TEST_STEP][PASSED] - click(findTestObject("Object Repository/FSM1/BSE16/Page_JClient/Page_JClient/div_Save - Generic")): Object: 'Object Repository/FSM1/BSE16/Page_JClient/Page_JClient/div_Save - Generic' is clicked on

2018-11-29 16:32:28 - [MESSAGE][PASSED] - Object: 'Object Repository/FSM1/BSE16/Page_JClient/Page_JClient/div_Save - Generic' is clicked on

2018-11-29 16:32:28 - [TEST_STEP][PASSED] - delay(2): Delayed 2 second(s)

2018-11-29 16:32:30 - [MESSAGE][PASSED] - Delayed 2 second(s)]]></system-out>
         <system-err><![CDATA[]]></system-err>
      </testcase>
      <testcase name="Test Cases/Form Jobs/BSE16/Pet Food" classname="Test Cases/Form Jobs/BSE16/Pet Food" status="PASSED">
         <system-out><![CDATA[2018-11-29 16:32:30 - [TEST_CASE][PASSED] - Test Cases/Form Jobs/BSE16/Pet Food: Test Cases/Form Jobs/BSE16/Pet Food

2018-11-29 16:32:30 - [TEST_STEP][PASSED] - click(findTestObject("Object Repository/FSM1/BSE16/Page_JClient/div_Pet Food")): Object: 'Object Repository/FSM1/BSE16/Page_JClient/div_Pet Food' is clicked on

2018-11-29 16:32:30 - [MESSAGE][PASSED] - Object: 'Object Repository/FSM1/BSE16/Page_JClient/div_Pet Food' is clicked on

2018-11-29 16:32:30 - [TEST_STEP][PASSED] - delay(2): Delayed 2 second(s)

2018-11-29 16:32:32 - [MESSAGE][PASSED] - Delayed 2 second(s)

2018-11-29 16:32:32 - [TEST_STEP][PASSED] - click(findTestObject("Object Repository/FSM1/BSE16/Page_JClient/input_NA_radio_group_2")): Object: 'Object Repository/FSM1/BSE16/Page_JClient/input_NA_radio_group_2' is clicked on

2018-11-29 16:32:32 - [MESSAGE][PASSED] - Object: 'Object Repository/FSM1/BSE16/Page_JClient/input_NA_radio_group_2' is clicked on

2018-11-29 16:32:32 - [TEST_STEP][PASSED] - click(findTestObject("Object Repository/FSM1/BSE16/Page_JClient/input_NA_radio_group_3")): Object: 'Object Repository/FSM1/BSE16/Page_JClient/input_NA_radio_group_3' is clicked on

2018-11-29 16:32:32 - [MESSAGE][PASSED] - Object: 'Object Repository/FSM1/BSE16/Page_JClient/input_NA_radio_group_3' is clicked on

2018-11-29 16:32:32 - [TEST_STEP][PASSED] - setText(findTestObject("Object Repository/FSM1/BSE16/Page_JClient/textarea_Further details if re"), "Test automation"): Text 'Test automation' is set on object 'Object Repository/FSM1/BSE16/Page_JClient/textarea_Further details if re'

2018-11-29 16:32:33 - [MESSAGE][PASSED] - Text 'Test automation' is set on object 'Object Repository/FSM1/BSE16/Page_JClient/textarea_Further details if re'

2018-11-29 16:32:33 - [TEST_STEP][PASSED] - click(findTestObject("FSM1/BSE16/Page_JClient/div_Save - Generic")): Object: 'Object Repository/FSM1/BSE16/Page_JClient/div_Save - Generic' is clicked on

2018-11-29 16:32:33 - [MESSAGE][PASSED] - Object: 'Object Repository/FSM1/BSE16/Page_JClient/div_Save - Generic' is clicked on

2018-11-29 16:32:33 - [TEST_STEP][PASSED] - delay(3): Delayed 3 second(s)

2018-11-29 16:32:36 - [MESSAGE][PASSED] - Delayed 3 second(s)]]></system-out>
         <system-err><![CDATA[]]></system-err>
      </testcase>
      <testcase name="Test Cases/Form Jobs/BSE16/Former Food Stuffs" classname="Test Cases/Form Jobs/BSE16/Former Food Stuffs" status="PASSED">
         <system-out><![CDATA[2018-11-29 16:32:36 - [TEST_CASE][PASSED] - Test Cases/Form Jobs/BSE16/Former Food Stuffs: Test Cases/Form Jobs/BSE16/Former Food Stuffs

2018-11-29 16:32:36 - [TEST_STEP][PASSED] - click(findTestObject("Object Repository/FSM1/BSE16/Page_JClient/div_Former Foodstuffs")): Object: 'Object Repository/FSM1/BSE16/Page_JClient/div_Former Foodstuffs' is clicked on

2018-11-29 16:32:36 - [MESSAGE][PASSED] - Object: 'Object Repository/FSM1/BSE16/Page_JClient/div_Former Foodstuffs' is clicked on

2018-11-29 16:32:36 - [TEST_STEP][PASSED] - delay(3): Delayed 3 second(s)

2018-11-29 16:32:39 - [MESSAGE][PASSED] - Delayed 3 second(s)

2018-11-29 16:32:39 - [TEST_STEP][PASSED] - click(findTestObject("Object Repository/FSM1/BSE16/Page_JClient/input_Are former foodstuffs us")): Object: 'Object Repository/FSM1/BSE16/Page_JClient/input_Are former foodstuffs us' is clicked on

2018-11-29 16:32:40 - [MESSAGE][PASSED] - Object: 'Object Repository/FSM1/BSE16/Page_JClient/input_Are former foodstuffs us' is clicked on

2018-11-29 16:32:40 - [TEST_STEP][PASSED] - click(findTestObject("Object Repository/FSM1/BSE16/Page_JClient/input_Which former foodstuffs")): Object: 'Object Repository/FSM1/BSE16/Page_JClient/input_Which former foodstuffs' is clicked on

2018-11-29 16:32:40 - [MESSAGE][PASSED] - Object: 'Object Repository/FSM1/BSE16/Page_JClient/input_Which former foodstuffs' is clicked on

2018-11-29 16:32:40 - [TEST_STEP][PASSED] - click(findTestObject("Object Repository/FSM1/BSE16/Page_JClient/input_Kitchenrestaurant_gwt-ui")): Object: 'Object Repository/FSM1/BSE16/Page_JClient/input_Kitchenrestaurant_gwt-ui' is clicked on

2018-11-29 16:32:40 - [MESSAGE][PASSED] - Object: 'Object Repository/FSM1/BSE16/Page_JClient/input_Kitchenrestaurant_gwt-ui' is clicked on

2018-11-29 16:32:40 - [TEST_STEP][PASSED] - click(findTestObject("Object Repository/FSM1/BSE16/Page_JClient/input_Food manufacturer_radio_")): Object: 'Object Repository/FSM1/BSE16/Page_JClient/input_Food manufacturer_radio_' is clicked on

2018-11-29 16:32:40 - [MESSAGE][PASSED] - Object: 'Object Repository/FSM1/BSE16/Page_JClient/input_Food manufacturer_radio_' is clicked on

2018-11-29 16:32:40 - [TEST_STEP][PASSED] - click(findTestObject("Object Repository/FSM1/BSE16/Page_JClient/input_NA_radio_group_6")): Object: 'Object Repository/FSM1/BSE16/Page_JClient/input_NA_radio_group_6' is clicked on

2018-11-29 16:32:40 - [MESSAGE][PASSED] - Object: 'Object Repository/FSM1/BSE16/Page_JClient/input_NA_radio_group_6' is clicked on

2018-11-29 16:32:40 - [TEST_STEP][PASSED] - click(findTestObject("FSM1/BSE16/Page_JClient/div_Save - Generic")): Object: 'Object Repository/FSM1/BSE16/Page_JClient/div_Save - Generic' is clicked on

2018-11-29 16:32:40 - [MESSAGE][PASSED] - Object: 'Object Repository/FSM1/BSE16/Page_JClient/div_Save - Generic' is clicked on

2018-11-29 16:32:40 - [TEST_STEP][PASSED] - delay(3): Delayed 3 second(s)

2018-11-29 16:32:43 - [MESSAGE][PASSED] - Delayed 3 second(s)]]></system-out>
         <system-err><![CDATA[]]></system-err>
      </testcase>
      <testcase name="Test Cases/Form Jobs/BSE16/Storage of ABP, PAP and Organic Fertiliser" classname="Test Cases/Form Jobs/BSE16/Storage of ABP, PAP and Organic Fertiliser" status="PASSED">
         <system-out><![CDATA[2018-11-29 16:32:43 - [TEST_CASE][PASSED] - Test Cases/Form Jobs/BSE16/Storage of ABP, PAP and Organic Fertiliser: Test Cases/Form Jobs/BSE16/Storage of ABP, PAP and Organic Fertiliser

2018-11-29 16:32:44 - [TEST_STEP][PASSED] - click(findTestObject("Object Repository/FSM1/BSE16/Page_JClient/div_Storage of ABP PAP and org")): Object: 'Object Repository/FSM1/BSE16/Page_JClient/div_Storage of ABP PAP and org' is clicked on

2018-11-29 16:32:44 - [MESSAGE][PASSED] - Object: 'Object Repository/FSM1/BSE16/Page_JClient/div_Storage of ABP PAP and org' is clicked on

2018-11-29 16:32:44 - [TEST_STEP][PASSED] - delay(2): Delayed 2 second(s)

2018-11-29 16:32:46 - [MESSAGE][PASSED] - Delayed 2 second(s)

2018-11-29 16:32:46 - [TEST_STEP][PASSED] - click(findTestObject("Object Repository/FSM1/BSE16/Page_JClient/input_PAP (not including restr")): Object: 'Object Repository/FSM1/BSE16/Page_JClient/input_PAP (not including restr' is clicked on

2018-11-29 16:32:46 - [MESSAGE][PASSED] - Object: 'Object Repository/FSM1/BSE16/Page_JClient/input_PAP (not including restr' is clicked on

2018-11-29 16:32:46 - [TEST_STEP][PASSED] - setText(findTestObject("Object Repository/FSM1/BSE16/Page_JClient/textarea_None_gwt-TextArea GKH"), "Test automation"): Text 'Test automation' is set on object 'Object Repository/FSM1/BSE16/Page_JClient/textarea_None_gwt-TextArea GKH'

2018-11-29 16:32:46 - [MESSAGE][PASSED] - Text 'Test automation' is set on object 'Object Repository/FSM1/BSE16/Page_JClient/textarea_None_gwt-TextArea GKH'

2018-11-29 16:32:46 - [TEST_STEP][PASSED] - click(findTestObject("Object Repository/FSM1/BSE16/Page_JClient/input_NA_radio_group_7")): Object: 'Object Repository/FSM1/BSE16/Page_JClient/input_NA_radio_group_7' is clicked on

2018-11-29 16:32:47 - [MESSAGE][PASSED] - Object: 'Object Repository/FSM1/BSE16/Page_JClient/input_NA_radio_group_7' is clicked on

2018-11-29 16:32:47 - [TEST_STEP][PASSED] - click(findTestObject("Object Repository/FSM1/BSE16/Page_JClient/input_NA_radio_group_8")): Object: 'Object Repository/FSM1/BSE16/Page_JClient/input_NA_radio_group_8' is clicked on

2018-11-29 16:32:47 - [MESSAGE][PASSED] - Object: 'Object Repository/FSM1/BSE16/Page_JClient/input_NA_radio_group_8' is clicked on

2018-11-29 16:32:47 - [TEST_STEP][PASSED] - click(findTestObject("Object Repository/FSM1/BSE16/Page_JClient/input_NA_radio_group_9")): Object: 'Object Repository/FSM1/BSE16/Page_JClient/input_NA_radio_group_9' is clicked on

2018-11-29 16:32:47 - [MESSAGE][PASSED] - Object: 'Object Repository/FSM1/BSE16/Page_JClient/input_NA_radio_group_9' is clicked on

2018-11-29 16:32:47 - [TEST_STEP][PASSED] - click(findTestObject("Object Repository/FSM1/BSE16/Page_JClient/input_NA_radio_group_10")): Object: 'Object Repository/FSM1/BSE16/Page_JClient/input_NA_radio_group_10' is clicked on

2018-11-29 16:32:47 - [MESSAGE][PASSED] - Object: 'Object Repository/FSM1/BSE16/Page_JClient/input_NA_radio_group_10' is clicked on

2018-11-29 16:32:47 - [TEST_STEP][PASSED] - click(findTestObject("Object Repository/FSM1/BSE16/Page_JClient/input_NA_radio_group_11")): Object: 'Object Repository/FSM1/BSE16/Page_JClient/input_NA_radio_group_11' is clicked on

2018-11-29 16:32:47 - [MESSAGE][PASSED] - Object: 'Object Repository/FSM1/BSE16/Page_JClient/input_NA_radio_group_11' is clicked on

2018-11-29 16:32:47 - [TEST_STEP][PASSED] - click(findTestObject("FSM1/BSE16/Page_JClient/div_Save - Generic")): Object: 'Object Repository/FSM1/BSE16/Page_JClient/div_Save - Generic' is clicked on

2018-11-29 16:32:47 - [MESSAGE][PASSED] - Object: 'Object Repository/FSM1/BSE16/Page_JClient/div_Save - Generic' is clicked on

2018-11-29 16:32:47 - [TEST_STEP][PASSED] - delay(3): Delayed 3 second(s)

2018-11-29 16:32:50 - [MESSAGE][PASSED] - Delayed 3 second(s)]]></system-out>
         <system-err><![CDATA[]]></system-err>
      </testcase>
      <testcase name="Test Cases/Form Jobs/BSE16/Visit Report" classname="Test Cases/Form Jobs/BSE16/Visit Report" status="PASSED">
         <system-out><![CDATA[2018-11-29 16:32:50 - [TEST_CASE][PASSED] - Test Cases/Form Jobs/BSE16/Visit Report: Test Cases/Form Jobs/BSE16/Visit Report

2018-11-29 16:32:51 - [TEST_STEP][PASSED] - delay(2): Delayed 2 second(s)

2018-11-29 16:32:53 - [MESSAGE][PASSED] - Delayed 2 second(s)

2018-11-29 16:32:53 - [TEST_STEP][PASSED] - click(findTestObject("Object Repository/FSM1/BSE16/Page_JClient/div_Visit Report")): Object: 'Object Repository/FSM1/BSE16/Page_JClient/div_Visit Report' is clicked on

2018-11-29 16:32:53 - [MESSAGE][PASSED] - Object: 'Object Repository/FSM1/BSE16/Page_JClient/div_Visit Report' is clicked on

2018-11-29 16:32:53 - [TEST_STEP][PASSED] - delay(3): Delayed 3 second(s)

2018-11-29 16:32:56 - [MESSAGE][PASSED] - Delayed 3 second(s)

2018-11-29 16:32:56 - [TEST_STEP][PASSED] - setText(findTestObject("Object Repository/FSM1/BSE16/Page_JClient/textarea_Visit Report_gwt-Text"), "Test automation"): Text 'Test automation' is set on object 'Object Repository/FSM1/BSE16/Page_JClient/textarea_Visit Report_gwt-Text'

2018-11-29 16:32:56 - [MESSAGE][PASSED] - Text 'Test automation' is set on object 'Object Repository/FSM1/BSE16/Page_JClient/textarea_Visit Report_gwt-Text'

2018-11-29 16:32:56 - [TEST_STEP][PASSED] - delay(2): Delayed 2 second(s)

2018-11-29 16:32:58 - [MESSAGE][PASSED] - Delayed 2 second(s)

2018-11-29 16:32:58 - [TEST_STEP][PASSED] - click(findTestObject("FSM1/BSE16/Page_JClient/div_Save - Generic")): Object: 'Object Repository/FSM1/BSE16/Page_JClient/div_Save - Generic' is clicked on

2018-11-29 16:32:58 - [MESSAGE][PASSED] - Object: 'Object Repository/FSM1/BSE16/Page_JClient/div_Save - Generic' is clicked on

2018-11-29 16:32:58 - [TEST_STEP][PASSED] - delay(3): Delayed 3 second(s)

2018-11-29 16:33:01 - [MESSAGE][PASSED] - Delayed 3 second(s)]]></system-out>
         <system-err><![CDATA[]]></system-err>
      </testcase>
      <testcase name="Test Cases/Form Jobs/BSE16/Save All Job Lines" classname="Test Cases/Form Jobs/BSE16/Save All Job Lines" status="PASSED">
         <system-out><![CDATA[2018-11-29 16:33:01 - [TEST_CASE][PASSED] - Test Cases/Form Jobs/BSE16/Save All Job Lines: Test Cases/Form Jobs/BSE16/Save All Job Lines

2018-11-29 16:33:02 - [TEST_STEP][PASSED] - delay(2): Delayed 2 second(s)

2018-11-29 16:33:04 - [MESSAGE][PASSED] - Delayed 2 second(s)

2018-11-29 16:33:04 - [TEST_STEP][PASSED] - click(findTestObject("Object Repository/FSM1/BSE16/Page_JClient/div_Save (1)")): Object: 'Object Repository/FSM1/BSE16/Page_JClient/div_Save (1)' is clicked on

2018-11-29 16:33:04 - [MESSAGE][PASSED] - Object: 'Object Repository/FSM1/BSE16/Page_JClient/div_Save (1)' is clicked on

2018-11-29 16:33:04 - [TEST_STEP][PASSED] - delay(3): Delayed 3 second(s)

2018-11-29 16:33:07 - [MESSAGE][PASSED] - Delayed 3 second(s)]]></system-out>
         <system-err><![CDATA[]]></system-err>
      </testcase>
      <testcase name="Test Cases/Form Jobs/BSE16/NFA Samples Taken" classname="Test Cases/Form Jobs/BSE16/NFA Samples Taken" status="PASSED">
         <system-out><![CDATA[2018-11-29 16:33:07 - [TEST_CASE][PASSED] - Test Cases/Form Jobs/BSE16/NFA Samples Taken: Test Cases/Form Jobs/BSE16/NFA Samples Taken

2018-11-29 16:33:07 - [TEST_STEP][PASSED] - delay(2): Delayed 2 second(s)

2018-11-29 16:33:09 - [MESSAGE][PASSED] - Delayed 2 second(s)

2018-11-29 16:33:09 - [TEST_STEP][PASSED] - click(findTestObject("Object Repository/FSM1/BSE16/NFA Samples/Page_JClient/Page_JClient/Page_JClient/div_Samples Taken NFA")): Object: 'Object Repository/FSM1/BSE16/NFA Samples/Page_JClient/Page_JClient/Page_JClient/div_Samples Taken NFA' is clicked on

2018-11-29 16:33:09 - [MESSAGE][PASSED] - Object: 'Object Repository/FSM1/BSE16/NFA Samples/Page_JClient/Page_JClient/Page_JClient/div_Samples Taken NFA' is clicked on

2018-11-29 16:33:09 - [TEST_STEP][PASSED] - delay(2): Delayed 2 second(s)

2018-11-29 16:33:11 - [MESSAGE][PASSED] - Delayed 2 second(s)

2018-11-29 16:33:11 - [TEST_STEP][PASSED] - verifyElementText(findTestObject("FSM1/BSE16/NFA Samples/Page_JClient/Page_JClient/Page_JClient/div_Minimum number of instance"), "Minimum number of instances allowed is 2"): Actual text and expected text of test object 'Object Repository/FSM1/BSE16/NFA Samples/Page_JClient/Page_JClient/Page_JClient/div_Minimum number of instance' are matched.

2018-11-29 16:33:11 - [MESSAGE][PASSED] - Actual text and expected text of test object 'Object Repository/FSM1/BSE16/NFA Samples/Page_JClient/Page_JClient/Page_JClient/div_Minimum number of instance' are matched.

2018-11-29 16:33:11 - [TEST_STEP][PASSED] - click(findTestObject("Object Repository/FSM1/BSE16/NFA Samples/Page_JClient/Page_JClient/Page_JClient/div_Create_GKH2EKQBDXB GKH2EKQ")): Object: 'Object Repository/FSM1/BSE16/NFA Samples/Page_JClient/Page_JClient/Page_JClient/div_Create_GKH2EKQBDXB GKH2EKQ' is clicked on

2018-11-29 16:33:12 - [MESSAGE][PASSED] - Object: 'Object Repository/FSM1/BSE16/NFA Samples/Page_JClient/Page_JClient/Page_JClient/div_Create_GKH2EKQBDXB GKH2EKQ' is clicked on

2018-11-29 16:33:12 - [TEST_STEP][PASSED] - selectOptionByValue(findTestObject("Object Repository/FSM1/BSE16/NFA Samples/Page_JClient/Page_JClient/Page_JClient/select_Compound or concentrate"), "COMPOUND_OR_CONCENTRATE", true): All options with value 'COMPOUND_OR_CONCENTRATE' are selected in object 'Object Repository/FSM1/BSE16/NFA Samples/Page_JClient/Page_JClient/Page_JClient/select_Compound or concentrate'  using regular expression

2018-11-29 16:33:12 - [MESSAGE][PASSED] - All options with value 'COMPOUND_OR_CONCENTRATE' are selected in object 'Object Repository/FSM1/BSE16/NFA Samples/Page_JClient/Page_JClient/Page_JClient/select_Compound or concentrate'  using regular expression

2018-11-29 16:33:12 - [TEST_STEP][PASSED] - selectOptionByValue(findTestObject("Object Repository/FSM1/BSE16/NFA Samples/Page_JClient/Page_JClient/Page_JClient/select_RuminantsNon-ruminantsP"), "RUMINANTS", true): All options with value 'RUMINANTS' are selected in object 'Object Repository/FSM1/BSE16/NFA Samples/Page_JClient/Page_JClient/Page_JClient/select_RuminantsNon-ruminantsP'  using regular expression

2018-11-29 16:33:12 - [MESSAGE][PASSED] - All options with value 'RUMINANTS' are selected in object 'Object Repository/FSM1/BSE16/NFA Samples/Page_JClient/Page_JClient/Page_JClient/select_RuminantsNon-ruminantsP'  using regular expression

2018-11-29 16:33:12 - [TEST_STEP][PASSED] - setText(findTestObject("Object Repository/FSM1/BSE16/NFA Samples/Page_JClient/Page_JClient/Page_JClient/input_Feed name_gwt-TextBox GK"), "Test automation"): Text 'Test automation' is set on object 'Object Repository/FSM1/BSE16/NFA Samples/Page_JClient/Page_JClient/Page_JClient/input_Feed name_gwt-TextBox GK'

2018-11-29 16:33:13 - [MESSAGE][PASSED] - Text 'Test automation' is set on object 'Object Repository/FSM1/BSE16/NFA Samples/Page_JClient/Page_JClient/Page_JClient/input_Feed name_gwt-TextBox GK'

2018-11-29 16:33:13 - [TEST_STEP][PASSED] - selectOptionByValue(findTestObject("Object Repository/FSM1/BSE16/NFA Samples/Page_JClient/Page_JClient/Page_JClient/select_YesNo"), "YES", true): All options with value 'YES' are selected in object 'Object Repository/FSM1/BSE16/NFA Samples/Page_JClient/Page_JClient/Page_JClient/select_YesNo'  using regular expression

2018-11-29 16:33:13 - [MESSAGE][PASSED] - All options with value 'YES' are selected in object 'Object Repository/FSM1/BSE16/NFA Samples/Page_JClient/Page_JClient/Page_JClient/select_YesNo'  using regular expression

2018-11-29 16:33:13 - [TEST_STEP][PASSED] - selectOptionByValue(findTestObject("Object Repository/FSM1/BSE16/NFA Samples/Page_JClient/Page_JClient/Page_JClient/select_UKImport"), "UK", true): All options with value 'UK' are selected in object 'Object Repository/FSM1/BSE16/NFA Samples/Page_JClient/Page_JClient/Page_JClient/select_UKImport'  using regular expression

2018-11-29 16:33:13 - [MESSAGE][PASSED] - All options with value 'UK' are selected in object 'Object Repository/FSM1/BSE16/NFA Samples/Page_JClient/Page_JClient/Page_JClient/select_UKImport'  using regular expression

2018-11-29 16:33:13 - [TEST_STEP][PASSED] - setText(findTestObject("Object Repository/FSM1/BSE16/NFA Samples/Page_JClient/Page_JClient/Page_JClient/input_Batch no._gwt-TextBox GK"), "123"): Text '123' is set on object 'Object Repository/FSM1/BSE16/NFA Samples/Page_JClient/Page_JClient/Page_JClient/input_Batch no._gwt-TextBox GK'

2018-11-29 16:33:14 - [MESSAGE][PASSED] - Text '123' is set on object 'Object Repository/FSM1/BSE16/NFA Samples/Page_JClient/Page_JClient/Page_JClient/input_Batch no._gwt-TextBox GK'

2018-11-29 16:33:14 - [TEST_STEP][PASSED] - setText(findTestObject("Object Repository/FSM1/BSE16/NFA Samples/Page_JClient/Page_JClient/Page_JClient/input_Laboratory_gwt-TextBox G"), "Test"): Text 'Test' is set on object 'Object Repository/FSM1/BSE16/NFA Samples/Page_JClient/Page_JClient/Page_JClient/input_Laboratory_gwt-TextBox G'

2018-11-29 16:33:14 - [MESSAGE][PASSED] - Text 'Test' is set on object 'Object Repository/FSM1/BSE16/NFA Samples/Page_JClient/Page_JClient/Page_JClient/input_Laboratory_gwt-TextBox G'

2018-11-29 16:33:14 - [TEST_STEP][PASSED] - setText(findTestObject("Object Repository/FSM1/BSE16/NFA Samples/Page_JClient/Page_JClient/Page_JClient/input_Operator_gwt-TextBox GKH"), "Test"): Text 'Test' is set on object 'Object Repository/FSM1/BSE16/NFA Samples/Page_JClient/Page_JClient/Page_JClient/input_Operator_gwt-TextBox GKH'

2018-11-29 16:33:14 - [MESSAGE][PASSED] - Text 'Test' is set on object 'Object Repository/FSM1/BSE16/NFA Samples/Page_JClient/Page_JClient/Page_JClient/input_Operator_gwt-TextBox GKH'

2018-11-29 16:33:14 - [TEST_STEP][PASSED] - setText(findTestObject("Object Repository/FSM1/BSE16/NFA Samples/Page_JClient/Page_JClient/Page_JClient/input_Office_gwt-TextBox GKH2E"), "Test"): Text 'Test' is set on object 'Object Repository/FSM1/BSE16/NFA Samples/Page_JClient/Page_JClient/Page_JClient/input_Office_gwt-TextBox GKH2E'

2018-11-29 16:33:14 - [MESSAGE][PASSED] - Text 'Test' is set on object 'Object Repository/FSM1/BSE16/NFA Samples/Page_JClient/Page_JClient/Page_JClient/input_Office_gwt-TextBox GKH2E'

2018-11-29 16:33:14 - [TEST_STEP][PASSED] - click(findTestObject("Object Repository/FSM1/BSE16/NFA Samples/Page_JClient/Page_JClient/Page_JClient/div_Save")): Object: 'Object Repository/FSM1/BSE16/NFA Samples/Page_JClient/Page_JClient/Page_JClient/div_Save' is clicked on

2018-11-29 16:33:14 - [MESSAGE][PASSED] - Object: 'Object Repository/FSM1/BSE16/NFA Samples/Page_JClient/Page_JClient/Page_JClient/div_Save' is clicked on

2018-11-29 16:33:14 - [TEST_STEP][PASSED] - delay(3): Delayed 3 second(s)

2018-11-29 16:33:17 - [MESSAGE][PASSED] - Delayed 3 second(s)]]></system-out>
         <system-err><![CDATA[]]></system-err>
      </testcase>
      <testcase name="Test Cases/Form Jobs/BSE16/NFA Samples Taken 2" classname="Test Cases/Form Jobs/BSE16/NFA Samples Taken 2" status="PASSED">
         <system-out><![CDATA[2018-11-29 16:33:17 - [TEST_CASE][PASSED] - Test Cases/Form Jobs/BSE16/NFA Samples Taken 2: Test Cases/Form Jobs/BSE16/NFA Samples Taken 2

2018-11-29 16:33:18 - [TEST_STEP][PASSED] - delay(2): Delayed 2 second(s)

2018-11-29 16:33:20 - [MESSAGE][PASSED] - Delayed 2 second(s)

2018-11-29 16:33:20 - [TEST_STEP][PASSED] - click(findTestObject("Object Repository/FSM1/BSE16/NFA Samples/Page_JClient/Page_JClient/div_Samples Taken NFA")): Object: 'Object Repository/FSM1/BSE16/NFA Samples/Page_JClient/Page_JClient/div_Samples Taken NFA' is clicked on

2018-11-29 16:33:20 - [MESSAGE][PASSED] - Object: 'Object Repository/FSM1/BSE16/NFA Samples/Page_JClient/Page_JClient/div_Samples Taken NFA' is clicked on

2018-11-29 16:33:20 - [TEST_STEP][PASSED] - delay(2): Delayed 2 second(s)

2018-11-29 16:33:22 - [MESSAGE][PASSED] - Delayed 2 second(s)

2018-11-29 16:33:22 - [TEST_STEP][PASSED] - click(findTestObject("Object Repository/FSM1/BSE16/NFA Samples/Page_JClient/Page_JClient/div_Create_GKH2EKQBDXB GKH2EKQ")): Object: 'Object Repository/FSM1/BSE16/NFA Samples/Page_JClient/Page_JClient/div_Create_GKH2EKQBDXB GKH2EKQ' is clicked on

2018-11-29 16:33:22 - [MESSAGE][PASSED] - Object: 'Object Repository/FSM1/BSE16/NFA Samples/Page_JClient/Page_JClient/div_Create_GKH2EKQBDXB GKH2EKQ' is clicked on

2018-11-29 16:33:22 - [TEST_STEP][PASSED] - delay(2): Delayed 2 second(s)

2018-11-29 16:33:24 - [MESSAGE][PASSED] - Delayed 2 second(s)

2018-11-29 16:33:24 - [TEST_STEP][PASSED] - selectOptionByValue(findTestObject("Object Repository/FSM1/BSE16/NFA Samples/Page_JClient/Page_JClient/select_Compound or concentrate"), "COMPOUND_OR_CONCENTRATE", true): All options with value 'COMPOUND_OR_CONCENTRATE' are selected in object 'Object Repository/FSM1/BSE16/NFA Samples/Page_JClient/Page_JClient/select_Compound or concentrate'  using regular expression

2018-11-29 16:33:24 - [MESSAGE][PASSED] - All options with value 'COMPOUND_OR_CONCENTRATE' are selected in object 'Object Repository/FSM1/BSE16/NFA Samples/Page_JClient/Page_JClient/select_Compound or concentrate'  using regular expression

2018-11-29 16:33:24 - [TEST_STEP][PASSED] - selectOptionByValue(findTestObject("Object Repository/FSM1/BSE16/NFA Samples/Page_JClient/Page_JClient/select_RuminantsNon-ruminantsP"), "NONRUMINANTS", true): All options with value 'NONRUMINANTS' are selected in object 'Object Repository/FSM1/BSE16/NFA Samples/Page_JClient/Page_JClient/select_RuminantsNon-ruminantsP'  using regular expression

2018-11-29 16:33:25 - [MESSAGE][PASSED] - All options with value 'NONRUMINANTS' are selected in object 'Object Repository/FSM1/BSE16/NFA Samples/Page_JClient/Page_JClient/select_RuminantsNon-ruminantsP'  using regular expression

2018-11-29 16:33:25 - [TEST_STEP][PASSED] - setText(findTestObject("Object Repository/FSM1/BSE16/NFA Samples/Page_JClient/Page_JClient/input_Feed name_gwt-TextBox GK"), "Test automation"): Text 'Test automation' is set on object 'Object Repository/FSM1/BSE16/NFA Samples/Page_JClient/Page_JClient/input_Feed name_gwt-TextBox GK'

2018-11-29 16:33:25 - [MESSAGE][PASSED] - Text 'Test automation' is set on object 'Object Repository/FSM1/BSE16/NFA Samples/Page_JClient/Page_JClient/input_Feed name_gwt-TextBox GK'

2018-11-29 16:33:25 - [TEST_STEP][PASSED] - selectOptionByValue(findTestObject("Object Repository/FSM1/BSE16/NFA Samples/Page_JClient/Page_JClient/select_YesNo"), "NO", true): All options with value 'NO' are selected in object 'Object Repository/FSM1/BSE16/NFA Samples/Page_JClient/Page_JClient/select_YesNo'  using regular expression

2018-11-29 16:33:25 - [MESSAGE][PASSED] - All options with value 'NO' are selected in object 'Object Repository/FSM1/BSE16/NFA Samples/Page_JClient/Page_JClient/select_YesNo'  using regular expression

2018-11-29 16:33:25 - [TEST_STEP][PASSED] - setText(findTestObject("Object Repository/FSM1/BSE16/NFA Samples/Page_JClient/Page_JClient/textarea_If official method no"), "Test automation"): Text 'Test automation' is set on object 'Object Repository/FSM1/BSE16/NFA Samples/Page_JClient/Page_JClient/textarea_If official method no'

2018-11-29 16:33:26 - [MESSAGE][PASSED] - Text 'Test automation' is set on object 'Object Repository/FSM1/BSE16/NFA Samples/Page_JClient/Page_JClient/textarea_If official method no'

2018-11-29 16:33:26 - [TEST_STEP][PASSED] - selectOptionByValue(findTestObject("Object Repository/FSM1/BSE16/NFA Samples/Page_JClient/Page_JClient/select_UKImport"), "IMPORT", true): All options with value 'IMPORT' are selected in object 'Object Repository/FSM1/BSE16/NFA Samples/Page_JClient/Page_JClient/select_UKImport'  using regular expression

2018-11-29 16:33:26 - [MESSAGE][PASSED] - All options with value 'IMPORT' are selected in object 'Object Repository/FSM1/BSE16/NFA Samples/Page_JClient/Page_JClient/select_UKImport'  using regular expression

2018-11-29 16:33:26 - [TEST_STEP][PASSED] - setText(findTestObject("Object Repository/FSM1/BSE16/NFA Samples/Page_JClient/Page_JClient/input_Batch no._gwt-TextBox GK"), "123"): Text '123' is set on object 'Object Repository/FSM1/BSE16/NFA Samples/Page_JClient/Page_JClient/input_Batch no._gwt-TextBox GK'

2018-11-29 16:33:26 - [MESSAGE][PASSED] - Text '123' is set on object 'Object Repository/FSM1/BSE16/NFA Samples/Page_JClient/Page_JClient/input_Batch no._gwt-TextBox GK'

2018-11-29 16:33:26 - [TEST_STEP][PASSED] - setText(findTestObject("Object Repository/FSM1/BSE16/NFA Samples/Page_JClient/Page_JClient/input_Laboratory_gwt-TextBox G"), "123"): Text '123' is set on object 'Object Repository/FSM1/BSE16/NFA Samples/Page_JClient/Page_JClient/input_Laboratory_gwt-TextBox G'

2018-11-29 16:33:26 - [MESSAGE][PASSED] - Text '123' is set on object 'Object Repository/FSM1/BSE16/NFA Samples/Page_JClient/Page_JClient/input_Laboratory_gwt-TextBox G'

2018-11-29 16:33:26 - [TEST_STEP][PASSED] - setText(findTestObject("Object Repository/FSM1/BSE16/NFA Samples/Page_JClient/Page_JClient/input_Operator_gwt-TextBox GKH"), "123"): Text '123' is set on object 'Object Repository/FSM1/BSE16/NFA Samples/Page_JClient/Page_JClient/input_Operator_gwt-TextBox GKH'

2018-11-29 16:33:27 - [MESSAGE][PASSED] - Text '123' is set on object 'Object Repository/FSM1/BSE16/NFA Samples/Page_JClient/Page_JClient/input_Operator_gwt-TextBox GKH'

2018-11-29 16:33:27 - [TEST_STEP][PASSED] - setText(findTestObject("Object Repository/FSM1/BSE16/NFA Samples/Page_JClient/Page_JClient/input_Office_gwt-TextBox GKH2E"), "123"): Text '123' is set on object 'Object Repository/FSM1/BSE16/NFA Samples/Page_JClient/Page_JClient/input_Office_gwt-TextBox GKH2E'

2018-11-29 16:33:27 - [MESSAGE][PASSED] - Text '123' is set on object 'Object Repository/FSM1/BSE16/NFA Samples/Page_JClient/Page_JClient/input_Office_gwt-TextBox GKH2E'

2018-11-29 16:33:27 - [TEST_STEP][PASSED] - click(findTestObject("Object Repository/FSM1/BSE16/NFA Samples/Page_JClient/Page_JClient/div_Save")): Object: 'Object Repository/FSM1/BSE16/NFA Samples/Page_JClient/Page_JClient/div_Save' is clicked on

2018-11-29 16:33:27 - [MESSAGE][PASSED] - Object: 'Object Repository/FSM1/BSE16/NFA Samples/Page_JClient/Page_JClient/div_Save' is clicked on

2018-11-29 16:33:27 - [TEST_STEP][PASSED] - delay(3): Delayed 3 second(s)

2018-11-29 16:33:30 - [MESSAGE][PASSED] - Delayed 3 second(s)]]></system-out>
         <system-err><![CDATA[]]></system-err>
      </testcase>
      <testcase name="Test Cases/Form Jobs/BSE16/Complete BSE16 Inspection" classname="Test Cases/Form Jobs/BSE16/Complete BSE16 Inspection" status="PASSED">
         <system-out><![CDATA[2018-11-29 16:33:30 - [TEST_CASE][PASSED] - Test Cases/Form Jobs/BSE16/Complete BSE16 Inspection: Test Cases/Form Jobs/BSE16/Complete BSE16 Inspection

2018-11-29 16:33:31 - [TEST_STEP][PASSED] - log = new com.kms.katalon.core.logging.KeywordLogger(): null

2018-11-29 16:33:31 - [TEST_STEP][PASSED] - click(findTestObject("Object Repository/FSM1/IV17/Page_JClient/div_STARTED")): Object: 'Object Repository/FSM1/IV17/Page_JClient/div_STARTED' is clicked on

2018-11-29 16:33:31 - [MESSAGE][PASSED] - Object: 'Object Repository/FSM1/IV17/Page_JClient/div_STARTED' is clicked on

2018-11-29 16:33:31 - [TEST_STEP][PASSED] - click(findTestObject("Object Repository/FSM1/IV17/Page_JClient/div_COMPLETED")): Object: 'Object Repository/FSM1/IV17/Page_JClient/div_COMPLETED' is clicked on

2018-11-29 16:33:31 - [MESSAGE][PASSED] - Object: 'Object Repository/FSM1/IV17/Page_JClient/div_COMPLETED' is clicked on

2018-11-29 16:33:31 - [TEST_STEP][PASSED] - delay(2): Delayed 2 second(s)

2018-11-29 16:33:33 - [MESSAGE][PASSED] - Delayed 2 second(s)

2018-11-29 16:33:33 - [TEST_STEP][PASSED] - click(findTestObject("Object Repository/FSM1/IV17/Page_JClient/div_Ok")): Object: 'Object Repository/FSM1/IV17/Page_JClient/div_Ok' is clicked on

2018-11-29 16:33:33 - [MESSAGE][PASSED] - Object: 'Object Repository/FSM1/IV17/Page_JClient/div_Ok' is clicked on

2018-11-29 16:33:33 - [TEST_STEP][PASSED] - delay(40): Delayed 40 second(s)

2018-11-29 16:34:13 - [MESSAGE][PASSED] - Delayed 40 second(s)

2018-11-29 16:34:13 - [TEST_STEP][PASSED] - FormJobReference = getText(findTestObject("FSM1/IV17/Page_JClient/Form Job Reference")): Text of object 'Object Repository/FSM1/IV17/Page_JClient/Form Job Reference' is: 'Form Job 1 (94196)'

2018-11-29 16:34:13 - [MESSAGE][PASSED] - Text of object 'Object Repository/FSM1/IV17/Page_JClient/Form Job Reference' is: 'Form Job 1 (94196)'

2018-11-29 16:34:13 - [TEST_STEP][PASSED] - FormJobReference = FormJobReference.replaceAll("Form Job 1 \(", ""): null

2018-11-29 16:34:13 - [TEST_STEP][PASSED] - FormJobReference = FormJobReference.replaceAll("\)", ""): null

2018-11-29 16:34:13 - [TEST_STEP][PASSED] - log.logWarning(FormJobReference): 94196

2018-11-29 16:34:13 - [MESSAGE][WARNING] - 94196

2018-11-29 16:34:13 - [TEST_STEP][PASSED] - temp1 = FormJobReference: null]]></system-out>
         <system-err><![CDATA[]]></system-err>
      </testcase>
      <testcase name="Test Cases/Generic/Launch Job Manager Control Centre - Check Result" classname="Test Cases/Generic/Launch Job Manager Control Centre - Check Result" status="PASSED">
         <system-out><![CDATA[2018-11-29 16:34:13 - [TEST_CASE][PASSED] - Test Cases/Generic/Launch Job Manager Control Centre - Check Result: Test Cases/Generic/Launch Job Manager Control Centre - Check Result

2018-11-29 16:34:14 - [TEST_STEP][PASSED] - openBrowser(""): Browser is opened with url: ''

2018-11-29 16:34:14 - [MESSAGE][WARNING] - A browser is already opened. Closing browser and opening a new one

2018-11-29 16:34:15 - [MESSAGE][INFO] - Starting 'Chrome' driver

2018-11-29 16:34:17 - [MESSAGE][PASSED] - Browser is opened with url: ''

2018-11-29 16:34:17 - [TEST_STEP][PASSED] - navigateToUrl(CCURL): Navigate to 'https://kirona-def-11.kirona.com/jmtrain' successfully

2018-11-29 16:34:19 - [MESSAGE][PASSED] - Navigate to 'https://kirona-def-11.kirona.com/jmtrain' successfully

2018-11-29 16:34:19 - [TEST_STEP][PASSED] - setText(findTestObject("FSM1/Control Centre/Page_Job Manager Login/input_gwt-uid-3"), Username): Text 'jon.hatfield' is set on object 'Object Repository/FSM1/Control Centre/Page_Job Manager Login/input_gwt-uid-3'

2018-11-29 16:34:20 - [MESSAGE][PASSED] - Text 'jon.hatfield' is set on object 'Object Repository/FSM1/Control Centre/Page_Job Manager Login/input_gwt-uid-3'

2018-11-29 16:34:20 - [TEST_STEP][PASSED] - setText(findTestObject("FSM1/Control Centre/Page_Job Manager Login/input_gwt-uid-5"), Password): Text 'Fr@nc1sJ0n' is set on object 'Object Repository/FSM1/Control Centre/Page_Job Manager Login/input_gwt-uid-5'

2018-11-29 16:34:21 - [MESSAGE][PASSED] - Text 'Fr@nc1sJ0n' is set on object 'Object Repository/FSM1/Control Centre/Page_Job Manager Login/input_gwt-uid-5'

2018-11-29 16:34:21 - [TEST_STEP][PASSED] - click(findTestObject("FSM1/PreProd/Page_Job Manager Login/div_Login")): Object: 'Object Repository/FSM1/PreProd/Page_Job Manager Login/div_Login' is clicked on

2018-11-29 16:34:21 - [MESSAGE][PASSED] - Object: 'Object Repository/FSM1/PreProd/Page_Job Manager Login/div_Login' is clicked on

2018-11-29 16:34:21 - [TEST_STEP][PASSED] - delay(5): Delayed 5 second(s)

2018-11-29 16:34:26 - [MESSAGE][PASSED] - Delayed 5 second(s)]]></system-out>
         <system-err><![CDATA[]]></system-err>
      </testcase>
      <testcase name="Test Cases/Form Jobs/BSE16/Control Centre - Check Results - BSE16" classname="Test Cases/Form Jobs/BSE16/Control Centre - Check Results - BSE16" status="PASSED">
         <system-out><![CDATA[2018-11-29 16:34:26 - [TEST_CASE][PASSED] - Test Cases/Form Jobs/BSE16/Control Centre - Check Results - BSE16: Test Cases/Form Jobs/BSE16/Control Centre - Check Results - BSE16

2018-11-29 16:34:26 - [TEST_STEP][PASSED] - log = new com.kms.katalon.core.logging.KeywordLogger(): null

2018-11-29 16:34:26 - [TEST_STEP][PASSED] - setText(findTestObject("Object Repository/FSM1/EMI Check Results/Page_JM Control Centre/input_Recents_v-textfield v-wi"), temp1): Text '94196' is set on object 'Object Repository/FSM1/EMI Check Results/Page_JM Control Centre/input_Recents_v-textfield v-wi'

2018-11-29 16:34:27 - [MESSAGE][PASSED] - Text '94196' is set on object 'Object Repository/FSM1/EMI Check Results/Page_JM Control Centre/input_Recents_v-textfield v-wi'

2018-11-29 16:34:27 - [TEST_STEP][PASSED] - click(findTestObject("Object Repository/FSM1/EMI Check Results/Page_JM Control Centre/span_")): Object: 'Object Repository/FSM1/EMI Check Results/Page_JM Control Centre/span_' is clicked on

2018-11-29 16:34:27 - [MESSAGE][PASSED] - Object: 'Object Repository/FSM1/EMI Check Results/Page_JM Control Centre/span_' is clicked on

2018-11-29 16:34:27 - [TEST_STEP][PASSED] - waitForElementPresent(findTestObject("Object Repository/FSM1/EMI Check Results/Page_JM Control Centre/div_CLOSED"), 60): Object 'Object Repository/FSM1/EMI Check Results/Page_JM Control Centre/div_CLOSED' is present

2018-11-29 16:34:31 - [MESSAGE][PASSED] - Object 'Object Repository/FSM1/EMI Check Results/Page_JM Control Centre/div_CLOSED' is present

2018-11-29 16:34:31 - [TEST_STEP][PASSED] - delay(3): Delayed 3 second(s)

2018-11-29 16:34:34 - [MESSAGE][PASSED] - Delayed 3 second(s)

2018-11-29 16:34:34 - [TEST_STEP][PASSED] - verifyElementPresent(findTestObject("FSM1/Complete ABP Inspection/Check Results/03a/Page_JM Control Centre/div_Attachments_BSE16"), 5): Object 'Object Repository/FSM1/Complete ABP Inspection/Check Results/03a/Page_JM Control Centre/div_Attachments_BSE16' is present

2018-11-29 16:34:34 - [MESSAGE][PASSED] - Object 'Object Repository/FSM1/Complete ABP Inspection/Check Results/03a/Page_JM Control Centre/div_Attachments_BSE16' is present]]></system-out>
         <system-err><![CDATA[]]></system-err>
      </testcase>
      <testcase name="Test Cases/ABP/Generic/Check Subsequent Inspection Doesnt Exist" classname="Test Cases/ABP/Generic/Check Subsequent Inspection Doesnt Exist" status="PASSED">
         <system-out><![CDATA[2018-11-29 16:34:34 - [TEST_CASE][PASSED] - Test Cases/ABP/Generic/Check Subsequent Inspection Doesnt Exist: Test Cases/ABP/Generic/Check Subsequent Inspection Doesnt Exist

2018-11-29 16:34:35 - [TEST_STEP][PASSED] - delay(2): Delayed 2 second(s)

2018-11-29 16:34:37 - [MESSAGE][PASSED] - Delayed 2 second(s)

2018-11-29 16:34:37 - [TEST_STEP][PASSED] - click(findTestObject("Object Repository/FSM1/Complete ABP Inspection/Check Subsequent Inspections/New/Page_JM Control Centre/div_")): Object: 'Object Repository/FSM1/Complete ABP Inspection/Check Subsequent Inspections/New/Page_JM Control Centre/div_' is clicked on

2018-11-29 16:34:37 - [MESSAGE][PASSED] - Object: 'Object Repository/FSM1/Complete ABP Inspection/Check Subsequent Inspections/New/Page_JM Control Centre/div_' is clicked on

2018-11-29 16:34:37 - [TEST_STEP][PASSED] - click(findTestObject("Object Repository/FSM1/Complete ABP Inspection/Check Subsequent Inspections/New/Page_JM Control Centre/span_List All Subordinate Jobs")): Object: 'Object Repository/FSM1/Complete ABP Inspection/Check Subsequent Inspections/New/Page_JM Control Centre/span_List All Subordinate Jobs' is clicked on

2018-11-29 16:34:38 - [MESSAGE][PASSED] - Object: 'Object Repository/FSM1/Complete ABP Inspection/Check Subsequent Inspections/New/Page_JM Control Centre/span_List All Subordinate Jobs' is clicked on

2018-11-29 16:34:38 - [TEST_STEP][PASSED] - verifyElementNotPresent(findTestObject("Object Repository/FSM1/Complete ABP Inspection/Check Subsequent Inspections/New/Page_JM Control Centre/div_2 found."), 5): Web element with id: 'Object Repository/FSM1/Complete ABP Inspection/Check Subsequent Inspections/New/Page_JM Control Centre/div_2 found.' located by 'By.xpath: //div[@class = 'v-captiontext' and (text() = '2 found.' or . = '2 found.')]' is not present after '5' second(s)

2018-11-29 16:34:39 - [MESSAGE][PASSED] - Web element with id: 'Object Repository/FSM1/Complete ABP Inspection/Check Subsequent Inspections/New/Page_JM Control Centre/div_2 found.' located by 'By.xpath: //div[@class = 'v-captiontext' and (text() = '2 found.' or . = '2 found.')]' is not present after '5' second(s)

2018-11-29 16:34:39 - [TEST_STEP][PASSED] - closeBrowser(): Browser is closed

2018-11-29 16:34:39 - [MESSAGE][PASSED] - Browser is closed]]></system-out>
         <system-err><![CDATA[]]></system-err>
      </testcase>
      <system-out><![CDATA[2018-11-29 16:31:16 - [TEST_SUITE][PASSED] - BSE16 Regression - Feedmill: Test Cases/ABP/Generic/Check Subsequent Inspection Doesnt Exist]]></system-out>
      <system-err><![CDATA[]]></system-err>
   </testsuite>
</testsuites>
