<?xml version="1.0" encoding="UTF-8"?>
<testsuites name="EMI Regression - Packer" time="522" tests="10" failures="0" errors="0">
   <testsuite name="EMI Regression - Packer" tests="10" failures="0" errors="0" time="522" timestamp="2018-11-29 11:09:45" hostname="JHATFIELD - SNDFSMINFSRV001.defra.onmicrosoft.com" id="Test Suites/EMI/EMI Regression - Packer">
      <properties>
         <property name="deviceName" value=""/>
         <property name="devicePlatform" value=""/>
         <property name="logFolder" value="C:\\Users\\JHATFIELD\\git\\DEFRA-FSM_Automated_Regression_NEW\\Reports\\EMI\\EMI Regression - Packer\\20181129_110935"/>
         <property name="logFiles" value="C:\\Users\\JHATFIELD\\git\\DEFRA-FSM_Automated_Regression_NEW\\Reports\\EMI\\EMI Regression - Packer\\20181129_110935\\execution0.log"/>
         <property name="attachments" value=""/>
         <property name="hostName" value="JHATFIELD - SNDFSMINFSRV001.defra.onmicrosoft.com"/>
         <property name="os" value="Windows Server 2016 64bit"/>
         <property name="katalonVersion" value="5.9.0.1"/>
         <property name="browser" value="Chrome 70.0.3538.110"/>
         <property name="hostAddress" value="10.201.1.17"/>
         <property name="sessionId" value="d17a399d08b4124bbec1495e7b189d90"/>
         <property name="seleniumVersion" value="3.7.1"/>
         <property name="proxyInformation" value="ProxyInformation{proxyOption=NO_PROXY, proxyServerType=HTTP, password=, proxyServerAddress=, proxyServerPort=0}"/>
         <property name="platform" value="Windows Server 2016"/>
      </properties>
      <testcase name="Test Cases/Generic/Launch Job Manager Control Centre" classname="Test Cases/Generic/Launch Job Manager Control Centre" status="PASSED">
         <system-out><![CDATA[2018-11-29 11:09:45 - [TEST_CASE][PASSED] - Test Cases/Generic/Launch Job Manager Control Centre: Test Cases/Generic/Launch Job Manager Control Centre

2018-11-29 11:09:46 - [TEST_STEP][PASSED] - openBrowser(""): Browser is opened with url: ''

2018-11-29 11:09:49 - [MESSAGE][INFO] - Starting 'Chrome' driver

2018-11-29 11:09:49 - [MESSAGE][INFO] - Action delay is set to 0 seconds

2018-11-29 11:09:56 - [MESSAGE][PASSED] - Browser is opened with url: ''

2018-11-29 11:09:56 - [TEST_STEP][PASSED] - navigateToUrl(CCURL): Navigate to 'https://kirona-def-11.kirona.com/jmtrain' successfully

2018-11-29 11:09:57 - [MESSAGE][PASSED] - Navigate to 'https://kirona-def-11.kirona.com/jmtrain' successfully

2018-11-29 11:09:57 - [TEST_STEP][PASSED] - setText(findTestObject("FSM1/Control Centre/Page_Job Manager Login/input_gwt-uid-3"), Username): Text 'jon.hatfield' is set on object 'Object Repository/FSM1/Control Centre/Page_Job Manager Login/input_gwt-uid-3'

2018-11-29 11:10:00 - [MESSAGE][PASSED] - Text 'jon.hatfield' is set on object 'Object Repository/FSM1/Control Centre/Page_Job Manager Login/input_gwt-uid-3'

2018-11-29 11:10:00 - [TEST_STEP][PASSED] - setText(findTestObject("FSM1/Control Centre/Page_Job Manager Login/input_gwt-uid-5"), Password): Text 'Fr@nc1sJ0n' is set on object 'Object Repository/FSM1/Control Centre/Page_Job Manager Login/input_gwt-uid-5'

2018-11-29 11:10:00 - [MESSAGE][PASSED] - Text 'Fr@nc1sJ0n' is set on object 'Object Repository/FSM1/Control Centre/Page_Job Manager Login/input_gwt-uid-5'

2018-11-29 11:10:00 - [TEST_STEP][PASSED] - click(findTestObject("FSM1/PreProd/Page_Job Manager Login/div_Login")): Object: 'Object Repository/FSM1/PreProd/Page_Job Manager Login/div_Login' is clicked on

2018-11-29 11:10:00 - [MESSAGE][PASSED] - Object: 'Object Repository/FSM1/PreProd/Page_Job Manager Login/div_Login' is clicked on

2018-11-29 11:10:00 - [TEST_STEP][PASSED] - delay(5): Delayed 5 second(s)

2018-11-29 11:10:05 - [MESSAGE][PASSED] - Delayed 5 second(s)]]></system-out>
         <system-err><![CDATA[]]></system-err>
      </testcase>
      <testcase name="Test Cases/EMI/Create EMI Inspection" classname="Test Cases/EMI/Create EMI Inspection" status="PASSED">
         <system-out><![CDATA[2018-11-29 11:10:05 - [TEST_CASE][PASSED] - Test Cases/EMI/Create EMI Inspection: Test Cases/EMI/Create EMI Inspection

2018-11-29 11:10:06 - [TEST_STEP][PASSED] - log = new com.kms.katalon.core.logging.KeywordLogger(): null

2018-11-29 11:10:06 - [TEST_STEP][PASSED] - click(findTestObject("FSM1/Control Centre/Create EMI Inspection New/Page_JM Control Centre/div_Create")): Object: 'Object Repository/FSM1/Control Centre/Create EMI Inspection New/Page_JM Control Centre/div_Create' is clicked on

2018-11-29 11:10:06 - [MESSAGE][PASSED] - Object: 'Object Repository/FSM1/Control Centre/Create EMI Inspection New/Page_JM Control Centre/div_Create' is clicked on

2018-11-29 11:10:06 - [TEST_STEP][PASSED] - click(findTestObject("FSM1/Control Centre/Create EMI Inspection New/Page_JM Control Centre/div_v-filterselect-button")): Object: 'Object Repository/FSM1/Control Centre/Create EMI Inspection New/Page_JM Control Centre/div_v-filterselect-button' is clicked on

2018-11-29 11:10:08 - [MESSAGE][PASSED] - Object: 'Object Repository/FSM1/Control Centre/Create EMI Inspection New/Page_JM Control Centre/div_v-filterselect-button' is clicked on

2018-11-29 11:10:09 - [TEST_STEP][PASSED] - setText(findTestObject("FSM1/Control Centre/Create EMI Inspection New/Page_JM Control Centre/input_gwt-uid-8"), "emi"): Text 'emi' is set on object 'Object Repository/FSM1/Control Centre/Create EMI Inspection New/Page_JM Control Centre/input_gwt-uid-8'

2018-11-29 11:10:09 - [MESSAGE][PASSED] - Text 'emi' is set on object 'Object Repository/FSM1/Control Centre/Create EMI Inspection New/Page_JM Control Centre/input_gwt-uid-8'

2018-11-29 11:10:09 - [TEST_STEP][PASSED] - click(findTestObject("FSM1/Control Centre/Create EMI Inspection New/Page_JM Control Centre/span_EMI Inspection")): Object: 'Object Repository/FSM1/Control Centre/Create EMI Inspection New/Page_JM Control Centre/span_EMI Inspection' is clicked on

2018-11-29 11:10:10 - [MESSAGE][PASSED] - Object: 'Object Repository/FSM1/Control Centre/Create EMI Inspection New/Page_JM Control Centre/span_EMI Inspection' is clicked on

2018-11-29 11:10:10 - [TEST_STEP][PASSED] - setText(findTestObject("FSM1/Control Centre/Create EMI Inspection New/Page_JM Control Centre/input_gwt-uid-16"), "15"): Text '15' is set on object 'Object Repository/FSM1/Control Centre/Create EMI Inspection New/Page_JM Control Centre/input_gwt-uid-16'

2018-11-29 11:10:12 - [MESSAGE][PASSED] - Text '15' is set on object 'Object Repository/FSM1/Control Centre/Create EMI Inspection New/Page_JM Control Centre/input_gwt-uid-16'

2018-11-29 11:10:12 - [TEST_STEP][PASSED] - click(findTestObject("FSM1/Control Centre/Create EMI Inspection New/Page_JM Control Centre/div_v-filterselect-button_1")): Object: 'Object Repository/FSM1/Control Centre/Create EMI Inspection New/Page_JM Control Centre/div_v-filterselect-button_1' is clicked on

2018-11-29 11:10:13 - [MESSAGE][PASSED] - Object: 'Object Repository/FSM1/Control Centre/Create EMI Inspection New/Page_JM Control Centre/div_v-filterselect-button_1' is clicked on

2018-11-29 11:10:13 - [TEST_STEP][PASSED] - click(findTestObject("FSM1/Control Centre/Create EMI Inspection New/Page_JM Control Centre/span_24 Hours")): Object: 'Object Repository/FSM1/Control Centre/Create EMI Inspection New/Page_JM Control Centre/span_24 Hours' is clicked on

2018-11-29 11:10:13 - [MESSAGE][PASSED] - Object: 'Object Repository/FSM1/Control Centre/Create EMI Inspection New/Page_JM Control Centre/span_24 Hours' is clicked on

2018-11-29 11:10:13 - [TEST_STEP][PASSED] - click(findTestObject("FSM1/Control Centre/Create EMI Inspection New/Page_JM Control Centre/div_v-filterselect-button_2")): Object: 'Object Repository/FSM1/Control Centre/Create EMI Inspection New/Page_JM Control Centre/div_v-filterselect-button_2' is clicked on

2018-11-29 11:10:14 - [MESSAGE][PASSED] - Object: 'Object Repository/FSM1/Control Centre/Create EMI Inspection New/Page_JM Control Centre/div_v-filterselect-button_2' is clicked on

2018-11-29 11:10:14 - [TEST_STEP][PASSED] - click(findTestObject("FSM1/Control Centre/Create EMI Inspection New/Page_JM Control Centre/span_West")): Object: 'Object Repository/FSM1/Control Centre/Create EMI Inspection New/Page_JM Control Centre/span_West' is clicked on

2018-11-29 11:10:14 - [MESSAGE][PASSED] - Object: 'Object Repository/FSM1/Control Centre/Create EMI Inspection New/Page_JM Control Centre/span_West' is clicked on

2018-11-29 11:10:14 - [TEST_STEP][PASSED] - click(findTestObject("FSM1/Control Centre/Create EMI Inspection New/Page_JM Control Centre/div_v-filterselect-button_2")): Object: 'Object Repository/FSM1/Control Centre/Create EMI Inspection New/Page_JM Control Centre/div_v-filterselect-button_2' is clicked on

2018-11-29 11:10:14 - [MESSAGE][PASSED] - Object: 'Object Repository/FSM1/Control Centre/Create EMI Inspection New/Page_JM Control Centre/div_v-filterselect-button_2' is clicked on

2018-11-29 11:10:15 - [TEST_STEP][PASSED] - click(findTestObject("FSM1/Control Centre/Create EMI Inspection New/Page_JM Control Centre/span_EMI Routine")): Object: 'Object Repository/FSM1/Control Centre/Create EMI Inspection New/Page_JM Control Centre/span_EMI Routine' is clicked on

2018-11-29 11:10:15 - [MESSAGE][PASSED] - Object: 'Object Repository/FSM1/Control Centre/Create EMI Inspection New/Page_JM Control Centre/span_EMI Routine' is clicked on

2018-11-29 11:10:15 - [TEST_STEP][PASSED] - setText(findTestObject("FSM1/Control Centre/Create EMI Inspection New/Page_JM Control Centre/input_gwt-uid-34"), "Test Automation"): Text 'Test Automation' is set on object 'Object Repository/FSM1/Control Centre/Create EMI Inspection New/Page_JM Control Centre/input_gwt-uid-34'

2018-11-29 11:10:15 - [MESSAGE][PASSED] - Text 'Test Automation' is set on object 'Object Repository/FSM1/Control Centre/Create EMI Inspection New/Page_JM Control Centre/input_gwt-uid-34'

2018-11-29 11:10:15 - [TEST_STEP][PASSED] - setText(findTestObject("FSM1/Control Centre/Create EMI Inspection New/Page_JM Control Centre/input_gwt-uid-40"), RandomStringUtils.randomNumeric(5)): Text '56545' is set on object 'Object Repository/FSM1/Control Centre/Create EMI Inspection New/Page_JM Control Centre/input_gwt-uid-40'

2018-11-29 11:10:16 - [MESSAGE][PASSED] - Text '56545' is set on object 'Object Repository/FSM1/Control Centre/Create EMI Inspection New/Page_JM Control Centre/input_gwt-uid-40'

2018-11-29 11:10:16 - [TEST_STEP][PASSED] - setText(findTestObject("FSM1/Control Centre/Create EMI Inspection New/Page_JM Control Centre/input_gwt-uid-42"), RandomStringUtils.randomNumeric(5)): Text '58894' is set on object 'Object Repository/FSM1/Control Centre/Create EMI Inspection New/Page_JM Control Centre/input_gwt-uid-42'

2018-11-29 11:10:16 - [MESSAGE][PASSED] - Text '58894' is set on object 'Object Repository/FSM1/Control Centre/Create EMI Inspection New/Page_JM Control Centre/input_gwt-uid-42'

2018-11-29 11:10:16 - [TEST_STEP][PASSED] - click(findTestObject("FSM1/Control Centre/Create EMI Inspection New/Page_JM Control Centre/div_v-filterselect-button_2")): Object: 'Object Repository/FSM1/Control Centre/Create EMI Inspection New/Page_JM Control Centre/div_v-filterselect-button_2' is clicked on

2018-11-29 11:10:17 - [MESSAGE][PASSED] - Object: 'Object Repository/FSM1/Control Centre/Create EMI Inspection New/Page_JM Control Centre/div_v-filterselect-button_2' is clicked on

2018-11-29 11:10:17 - [TEST_STEP][PASSED] - click(findTestObject("FSM1/Control Centre/Create EMI Inspection New/Page_JM Control Centre/td_EGG PACKER")): Object: 'Object Repository/FSM1/Control Centre/Create EMI Inspection New/Page_JM Control Centre/td_EGG PACKER' is clicked on

2018-11-29 11:10:17 - [MESSAGE][PASSED] - Object: 'Object Repository/FSM1/Control Centre/Create EMI Inspection New/Page_JM Control Centre/td_EGG PACKER' is clicked on

2018-11-29 11:10:17 - [TEST_STEP][PASSED] - click(findTestObject("FSM1/Control Centre/Create EMI Inspection/Page_JM Control Centre/span_")): Object: 'Object Repository/FSM1/Control Centre/Create EMI Inspection/Page_JM Control Centre/span_' is clicked on

2018-11-29 11:10:18 - [MESSAGE][PASSED] - Object: 'Object Repository/FSM1/Control Centre/Create EMI Inspection/Page_JM Control Centre/span_' is clicked on

2018-11-29 11:10:18 - [TEST_STEP][PASSED] - click(findTestObject("FSM1/Control Centre/Create EMI Inspection/Address Search/Page_JM Control Centre/Postcode Search")): Object: 'Object Repository/FSM1/Control Centre/Create EMI Inspection/Address Search/Page_JM Control Centre/Postcode Search' is clicked on

2018-11-29 11:10:19 - [MESSAGE][PASSED] - Object: 'Object Repository/FSM1/Control Centre/Create EMI Inspection/Address Search/Page_JM Control Centre/Postcode Search' is clicked on

2018-11-29 11:10:19 - [TEST_STEP][PASSED] - setText(findTestObject("FSM1/PreProd/Page_JM Control Centre/PostcodeSearch"), findTestData("Pre Production/EMI/EMI Inspection Data").getValue(1, 1)): Text 'WR5 2NQ' is set on object 'Object Repository/FSM1/PreProd/Page_JM Control Centre/PostcodeSearch'

2018-11-29 11:10:20 - [MESSAGE][PASSED] - Text 'WR5 2NQ' is set on object 'Object Repository/FSM1/PreProd/Page_JM Control Centre/PostcodeSearch'

2018-11-29 11:10:20 - [TEST_STEP][PASSED] - click(findTestObject("FSM1/Control Centre/Create EMI Inspection/Create Address/Page_JM Control Centre (1)/SearchButton")): Object: 'Object Repository/FSM1/Control Centre/Create EMI Inspection/Create Address/Page_JM Control Centre (1)/SearchButton' is clicked on

2018-11-29 11:10:20 - [MESSAGE][PASSED] - Object: 'Object Repository/FSM1/Control Centre/Create EMI Inspection/Create Address/Page_JM Control Centre (1)/SearchButton' is clicked on

2018-11-29 11:10:21 - [TEST_STEP][PASSED] - FullAddress = modifyObjectProperty(findTestObject("FSM1/Control Centre/Create EMI Inspection/Page_JM Control Centre/Address"), "text", "equals", findTestData("Pre Production/EMI/EMI Inspection Data").getValue(2, 1), true): Modify property of object successfully

2018-11-29 11:10:21 - [MESSAGE][PASSED] - Modify property of object successfully

2018-11-29 11:10:21 - [TEST_STEP][PASSED] - click(FullAddress, STOP_ON_FAILURE): Object: 'Object Repository/FSM1/Control Centre/Create EMI Inspection/Page_JM Control Centre/Address' is clicked on

2018-11-29 11:10:22 - [MESSAGE][PASSED] - Object: 'Object Repository/FSM1/Control Centre/Create EMI Inspection/Page_JM Control Centre/Address' is clicked on

2018-11-29 11:10:22 - [TEST_STEP][PASSED] - click(findTestObject("FSM1/Control Centre/Create EMI Inspection/Create Address/Page_JM Control Centre (2)/div_Add Selected Item")): Object: 'Object Repository/FSM1/Control Centre/Create EMI Inspection/Create Address/Page_JM Control Centre (2)/div_Add Selected Item' is clicked on

2018-11-29 11:10:23 - [MESSAGE][PASSED] - Object: 'Object Repository/FSM1/Control Centre/Create EMI Inspection/Create Address/Page_JM Control Centre (2)/div_Add Selected Item' is clicked on

2018-11-29 11:10:23 - [TEST_STEP][PASSED] - delay(2): Delayed 2 second(s)

2018-11-29 11:10:25 - [MESSAGE][PASSED] - Delayed 2 second(s)

2018-11-29 11:10:25 - [TEST_STEP][PASSED] - setText(findTestObject("FSM1/Control Centre/Create EMI Inspection/FixedResource/Page_JM Control Centre (3)/input_gwt-uid-145"), "test"): Text 'test' is set on object 'Object Repository/FSM1/Control Centre/Create EMI Inspection/FixedResource/Page_JM Control Centre (3)/input_gwt-uid-145'

2018-11-29 11:10:26 - [MESSAGE][PASSED] - Text 'test' is set on object 'Object Repository/FSM1/Control Centre/Create EMI Inspection/FixedResource/Page_JM Control Centre (3)/input_gwt-uid-145'

2018-11-29 11:10:26 - [TEST_STEP][PASSED] - click(findTestObject("FSM1/Control Centre/Create EMI Inspection New/Page_JM Control Centre/span_Test Inspector")): Object: 'Object Repository/FSM1/Control Centre/Create EMI Inspection New/Page_JM Control Centre/span_Test Inspector' is clicked on

2018-11-29 11:10:26 - [MESSAGE][PASSED] - Object: 'Object Repository/FSM1/Control Centre/Create EMI Inspection New/Page_JM Control Centre/span_Test Inspector' is clicked on

2018-11-29 11:10:26 - [TEST_STEP][PASSED] - click(findTestObject("FSM1/Control Centre/Create EMI Inspection/Finish/Page_JM Control Centre (3)/div_Create")): Object: 'Object Repository/FSM1/Control Centre/Create EMI Inspection/Finish/Page_JM Control Centre (3)/div_Create' is clicked on

2018-11-29 11:10:26 - [MESSAGE][PASSED] - Object: 'Object Repository/FSM1/Control Centre/Create EMI Inspection/Finish/Page_JM Control Centre (3)/div_Create' is clicked on

2018-11-29 11:10:26 - [TEST_STEP][PASSED] - waitForElementPresent(findTestObject("FSM1/Control Centre/Status/Page_JM Control Centre/div_PLANNED DYNAMIC"), 120, STOP_ON_FAILURE): Object 'Object Repository/FSM1/Control Centre/Status/Page_JM Control Centre/div_PLANNED DYNAMIC' is present

2018-11-29 11:11:13 - [MESSAGE][PASSED] - Object 'Object Repository/FSM1/Control Centre/Status/Page_JM Control Centre/div_PLANNED DYNAMIC' is present

2018-11-29 11:11:13 - [TEST_STEP][PASSED] - InspectionID = getText(findTestObject("FSM1/Control Centre/Create EMI Inspection/InspectionID/Page_JM Control Centre/InspectionID")): Text of object 'Object Repository/FSM1/Control Centre/Create EMI Inspection/InspectionID/Page_JM Control Centre/InspectionID' is: 'Viewing Job 94119'

2018-11-29 11:11:13 - [MESSAGE][PASSED] - Text of object 'Object Repository/FSM1/Control Centre/Create EMI Inspection/InspectionID/Page_JM Control Centre/InspectionID' is: 'Viewing Job 94119'

2018-11-29 11:11:13 - [TEST_STEP][PASSED] - InspectionID = InspectionID.replaceAll("Viewing Job ", ""): null

2018-11-29 11:11:13 - [TEST_STEP][PASSED] - log.logWarning(InspectionID): 94119

2018-11-29 11:11:13 - [MESSAGE][WARNING] - 94119

2018-11-29 11:11:13 - [TEST_STEP][PASSED] - temp = InspectionID: null

2018-11-29 11:11:13 - [TEST_STEP][PASSED] - delay(200): Delayed 200 second(s)

2018-11-29 11:14:33 - [MESSAGE][PASSED] - Delayed 200 second(s)]]></system-out>
         <system-err><![CDATA[]]></system-err>
      </testcase>
      <testcase name="Test Cases/Generic/Launch Job Manager" classname="Test Cases/Generic/Launch Job Manager" status="PASSED">
         <system-out><![CDATA[2018-11-29 11:14:33 - [TEST_CASE][PASSED] - Test Cases/Generic/Launch Job Manager: Test Cases/Generic/Launch Job Manager

2018-11-29 11:14:34 - [TEST_STEP][PASSED] - openBrowser(""): Browser is opened with url: ''

2018-11-29 11:14:34 - [MESSAGE][WARNING] - A browser is already opened. Closing browser and opening a new one

2018-11-29 11:14:34 - [MESSAGE][INFO] - Starting 'Chrome' driver

2018-11-29 11:14:37 - [MESSAGE][PASSED] - Browser is opened with url: ''

2018-11-29 11:14:37 - [TEST_STEP][PASSED] - navigateToUrl(JMURL): Navigate to 'https://kirona-def-11.kirona.com/jmtrain/jclient/jclient.html' successfully

2018-11-29 11:14:38 - [MESSAGE][PASSED] - Navigate to 'https://kirona-def-11.kirona.com/jmtrain/jclient/jclient.html' successfully

2018-11-29 11:14:38 - [TEST_STEP][PASSED] - setText(findTestObject("FSM1/Launch Application/Page_JClient/input_gwt-TextBox GKH2EKQBMDB"), "KIR1"): Text 'KIR1' is set on object 'Object Repository/FSM1/Launch Application/Page_JClient/input_gwt-TextBox GKH2EKQBMDB'

2018-11-29 11:14:41 - [MESSAGE][PASSED] - Text 'KIR1' is set on object 'Object Repository/FSM1/Launch Application/Page_JClient/input_gwt-TextBox GKH2EKQBMDB'

2018-11-29 11:14:41 - [TEST_STEP][PASSED] - sendKeys(findTestObject("FSM1/Launch Application/Page_JClient/input_gwt-TextBox GKH2EKQBMDB"), Keys.chord(ENTER)): Keys 'ENTER + ' sent to object: 'Object Repository/FSM1/Launch Application/Page_JClient/input_gwt-TextBox GKH2EKQBMDB'

2018-11-29 11:14:42 - [MESSAGE][PASSED] - Keys 'ENTER + ' sent to object: 'Object Repository/FSM1/Launch Application/Page_JClient/input_gwt-TextBox GKH2EKQBMDB'

2018-11-29 11:14:42 - [TEST_STEP][PASSED] - click(findTestObject("FSM1/Launch Application/Page_JClient/div_Configure App")): Object: 'Object Repository/FSM1/Launch Application/Page_JClient/div_Configure App' is clicked on

2018-11-29 11:14:42 - [MESSAGE][PASSED] - Object: 'Object Repository/FSM1/Launch Application/Page_JClient/div_Configure App' is clicked on

2018-11-29 11:14:42 - [TEST_STEP][PASSED] - setText(findTestObject("FSM1/Launch Application/Page_JClient/input_gwt-TextBox GKH2EKQBNHC"), findTestData("Pre Production/Environmental/UandP").getValue(3, 1)): Text 'test.inspector' is set on object 'Object Repository/FSM1/Launch Application/Page_JClient/input_gwt-TextBox GKH2EKQBNHC'

2018-11-29 11:14:43 - [MESSAGE][PASSED] - Text 'test.inspector' is set on object 'Object Repository/FSM1/Launch Application/Page_JClient/input_gwt-TextBox GKH2EKQBNHC'

2018-11-29 11:14:43 - [TEST_STEP][PASSED] - setText(findTestObject("FSM1/Launch Application/Page_JClient/input_gwt-PasswordTextBox GKH2"), findTestData("Pre Production/Environmental/UandP").getValue(4, 1)): Text 'Password1.' is set on object 'Object Repository/FSM1/Launch Application/Page_JClient/input_gwt-PasswordTextBox GKH2'

2018-11-29 11:14:43 - [MESSAGE][PASSED] - Text 'Password1.' is set on object 'Object Repository/FSM1/Launch Application/Page_JClient/input_gwt-PasswordTextBox GKH2'

2018-11-29 11:14:43 - [TEST_STEP][PASSED] - click(findTestObject("FSM1/Launch Application/Page_JClient/div_Sign In")): Object: 'Object Repository/FSM1/Launch Application/Page_JClient/div_Sign In' is clicked on

2018-11-29 11:14:43 - [MESSAGE][PASSED] - Object: 'Object Repository/FSM1/Launch Application/Page_JClient/div_Sign In' is clicked on

2018-11-29 11:14:43 - [TEST_STEP][PASSED] - delay(15): Delayed 15 second(s)

2018-11-29 11:14:58 - [MESSAGE][PASSED] - Delayed 15 second(s)]]></system-out>
         <system-err><![CDATA[]]></system-err>
      </testcase>
      <testcase name="Test Cases/Generic/Select Inspection" classname="Test Cases/Generic/Select Inspection" status="PASSED">
         <system-out><![CDATA[2018-11-29 11:14:58 - [TEST_CASE][PASSED] - Test Cases/Generic/Select Inspection: Test Cases/Generic/Select Inspection

2018-11-29 11:14:59 - [TEST_STEP][PASSED] - delay(30): Delayed 30 second(s)

2018-11-29 11:15:29 - [MESSAGE][PASSED] - Delayed 30 second(s)

2018-11-29 11:15:29 - [TEST_STEP][PASSED] - waitForElementClickable(findTestObject("FSM1/Select Inspection/Landing/Refresh"), 250): Object 'Object Repository/FSM1/Select Inspection/Landing/Refresh' is clickable

2018-11-29 11:15:29 - [MESSAGE][PASSED] - Object 'Object Repository/FSM1/Select Inspection/Landing/Refresh' is clickable

2018-11-29 11:15:29 - [TEST_STEP][PASSED] - click(findTestObject("FSM1/Select Inspection/Landing/Refresh")): Object: 'Object Repository/FSM1/Select Inspection/Landing/Refresh' is clicked on

2018-11-29 11:15:29 - [MESSAGE][PASSED] - Object: 'Object Repository/FSM1/Select Inspection/Landing/Refresh' is clicked on

2018-11-29 11:15:29 - [TEST_STEP][PASSED] - waitForElementClickable(findTestObject("FSM1/Select Inspection/Landing/Refresh"), 250): Object 'Object Repository/FSM1/Select Inspection/Landing/Refresh' is clickable

2018-11-29 11:15:30 - [MESSAGE][PASSED] - Object 'Object Repository/FSM1/Select Inspection/Landing/Refresh' is clickable

2018-11-29 11:15:30 - [TEST_STEP][NOT_RUN] - delay(180): NOT_RUN: delay(180)

2018-11-29 11:15:30 - [MESSAGE][NOT_RUN] - NOT_RUN: delay(180)

2018-11-29 11:15:30 - [TEST_STEP][PASSED] - InspectionRef = modifyObjectProperty(findTestObject("FSM1/Select Inspection/Landing/Page_JClient/div_35098"), "text", "equals", temp, true, STOP_ON_FAILURE): Modify property of object successfully

2018-11-29 11:15:30 - [MESSAGE][PASSED] - Modify property of object successfully

2018-11-29 11:15:30 - [TEST_STEP][PASSED] - delay(20): Delayed 20 second(s)

2018-11-29 11:15:50 - [MESSAGE][PASSED] - Delayed 20 second(s)

2018-11-29 11:15:50 - [TEST_STEP][PASSED] - if (verifyElementPresent(InspectionRef, 30, OPTIONAL)): Object: 'Object Repository/FSM1/Select Inspection/Landing/Page_JClient/div_35098' is clicked on

2018-11-29 11:15:50 - [MESSAGE][PASSED] - Object 'Object Repository/FSM1/Select Inspection/Landing/Page_JClient/div_35098' is present

2018-11-29 11:15:50 - [TEST_STEP][PASSED] - delay(3): Delayed 3 second(s)

2018-11-29 11:15:53 - [MESSAGE][PASSED] - Delayed 3 second(s)

2018-11-29 11:15:53 - [TEST_STEP][PASSED] - click(InspectionRef): Object: 'Object Repository/FSM1/Select Inspection/Landing/Page_JClient/div_35098' is clicked on

2018-11-29 11:15:54 - [MESSAGE][PASSED] - Object: 'Object Repository/FSM1/Select Inspection/Landing/Page_JClient/div_35098' is clicked on

2018-11-29 11:15:54 - [TEST_STEP][PASSED] - click(findTestObject("FSM1/Select Inspection/Page_JClient/div_WITH OPERATIVE")): Object: 'Object Repository/FSM1/Select Inspection/Page_JClient/div_WITH OPERATIVE' is clicked on

2018-11-29 11:15:54 - [MESSAGE][PASSED] - Object: 'Object Repository/FSM1/Select Inspection/Page_JClient/div_WITH OPERATIVE' is clicked on

2018-11-29 11:15:54 - [TEST_STEP][PASSED] - delay(2): Delayed 2 second(s)

2018-11-29 11:15:56 - [MESSAGE][PASSED] - Delayed 2 second(s)

2018-11-29 11:15:56 - [TEST_STEP][PASSED] - click(findTestObject("FSM1/Select Inspection/Page_JClient/div_TRAVELLING")): Object: 'Object Repository/FSM1/Select Inspection/Page_JClient/div_TRAVELLING' is clicked on

2018-11-29 11:15:57 - [MESSAGE][PASSED] - Object: 'Object Repository/FSM1/Select Inspection/Page_JClient/div_TRAVELLING' is clicked on

2018-11-29 11:15:57 - [TEST_STEP][PASSED] - delay(2): Delayed 2 second(s)

2018-11-29 11:15:59 - [MESSAGE][PASSED] - Delayed 2 second(s)

2018-11-29 11:15:59 - [TEST_STEP][PASSED] - click(findTestObject("FSM1/Select Inspection/Page_JClient/div_TRAVELLING")): Object: 'Object Repository/FSM1/Select Inspection/Page_JClient/div_TRAVELLING' is clicked on

2018-11-29 11:15:59 - [MESSAGE][PASSED] - Object: 'Object Repository/FSM1/Select Inspection/Page_JClient/div_TRAVELLING' is clicked on

2018-11-29 11:15:59 - [TEST_STEP][PASSED] - delay(2): Delayed 2 second(s)

2018-11-29 11:16:01 - [MESSAGE][PASSED] - Delayed 2 second(s)

2018-11-29 11:16:01 - [TEST_STEP][PASSED] - click(findTestObject("FSM1/Select Inspection/Page_JClient/div_ARRIVED")): Object: 'Object Repository/FSM1/Select Inspection/Page_JClient/div_ARRIVED' is clicked on

2018-11-29 11:16:01 - [MESSAGE][PASSED] - Object: 'Object Repository/FSM1/Select Inspection/Page_JClient/div_ARRIVED' is clicked on

2018-11-29 11:16:01 - [TEST_STEP][PASSED] - delay(2): Delayed 2 second(s)

2018-11-29 11:16:03 - [MESSAGE][PASSED] - Delayed 2 second(s)

2018-11-29 11:16:03 - [TEST_STEP][PASSED] - click(findTestObject("FSM1/Select Inspection/Page_JClient/div_ARRIVED")): Object: 'Object Repository/FSM1/Select Inspection/Page_JClient/div_ARRIVED' is clicked on

2018-11-29 11:16:03 - [MESSAGE][PASSED] - Object: 'Object Repository/FSM1/Select Inspection/Page_JClient/div_ARRIVED' is clicked on

2018-11-29 11:16:03 - [TEST_STEP][PASSED] - delay(4): Delayed 4 second(s)

2018-11-29 11:16:07 - [MESSAGE][PASSED] - Delayed 4 second(s)

2018-11-29 11:16:07 - [TEST_STEP][PASSED] - click(findTestObject("FSM1/Select Inspection/Page_JClient/div_STARTED")): Object: 'Object Repository/FSM1/Select Inspection/Page_JClient/div_STARTED' is clicked on

2018-11-29 11:16:07 - [MESSAGE][PASSED] - Object: 'Object Repository/FSM1/Select Inspection/Page_JClient/div_STARTED' is clicked on

2018-11-29 11:16:07 - [TEST_STEP][PASSED] - delay(2): Delayed 2 second(s)

2018-11-29 11:16:09 - [MESSAGE][PASSED] - Delayed 2 second(s)]]></system-out>
         <system-err><![CDATA[]]></system-err>
      </testcase>
      <testcase name="Test Cases/EMI/Complete EMI Inspection - Edit Attributes" classname="Test Cases/EMI/Complete EMI Inspection - Edit Attributes" status="PASSED">
         <system-out><![CDATA[2018-11-29 11:16:09 - [TEST_CASE][PASSED] - Test Cases/EMI/Complete EMI Inspection - Edit Attributes: Test Cases/EMI/Complete EMI Inspection - Edit Attributes

2018-11-29 11:16:10 - [TEST_STEP][PASSED] - log = new com.kms.katalon.core.logging.KeywordLogger(): null

2018-11-29 11:16:10 - [TEST_STEP][PASSED] - click(findTestObject("FSM1/Select Inspection/Landing/Page_JClient (2)/div_Edit attributes")): Object: 'Object Repository/FSM1/Select Inspection/Landing/Page_JClient (2)/div_Edit attributes' is clicked on

2018-11-29 11:16:10 - [MESSAGE][PASSED] - Object: 'Object Repository/FSM1/Select Inspection/Landing/Page_JClient (2)/div_Edit attributes' is clicked on

2018-11-29 11:16:10 - [TEST_STEP][PASSED] - delay(2): Delayed 2 second(s)

2018-11-29 11:16:13 - [MESSAGE][PASSED] - Delayed 2 second(s)

2018-11-29 11:16:13 - [TEST_STEP][PASSED] - verifyElementPresent(findTestObject("FSM1/Complete Egg Inspection/Page_JClient/div_Mr Automation"), 0, CONTINUE_ON_FAILURE): Object 'Object Repository/FSM1/Complete Egg Inspection/Page_JClient/div_Mr Automation' is present

2018-11-29 11:16:13 - [MESSAGE][WARNING] - Timeout '0' is invalid. Using default page load timeout: '30'

2018-11-29 11:16:13 - [MESSAGE][PASSED] - Object 'Object Repository/FSM1/Complete Egg Inspection/Page_JClient/div_Mr Automation' is present

2018-11-29 11:16:13 - [TEST_STEP][PASSED] - click(findTestObject("FSM1/Complete Egg Inspection/Page_JClient/div_Business TypeAUCTION MARKE"), CONTINUE_ON_FAILURE): Object: 'Object Repository/FSM1/Complete Egg Inspection/Page_JClient/div_Business TypeAUCTION MARKE' is clicked on

2018-11-29 11:16:13 - [MESSAGE][PASSED] - Object: 'Object Repository/FSM1/Complete Egg Inspection/Page_JClient/div_Business TypeAUCTION MARKE' is clicked on

2018-11-29 11:16:13 - [TEST_STEP][NOT_RUN] - click(findTestObject("FSM1/Complete Egg Inspection/Page_JClient/div_Job TypeEMI InspectionJob"), CONTINUE_ON_FAILURE): NOT_RUN: click(findTestObject("FSM1/Complete Egg Inspection/Page_JClient/div_Job TypeEMI InspectionJob"), CONTINUE_ON_FAILURE)

2018-11-29 11:16:13 - [MESSAGE][NOT_RUN] - NOT_RUN: click(findTestObject("FSM1/Complete Egg Inspection/Page_JClient/div_Job TypeEMI InspectionJob"), CONTINUE_ON_FAILURE)

2018-11-29 11:16:13 - [TEST_STEP][PASSED] - setText(findTestObject("FSM1/Complete Egg Inspection/Page_JClient/input_gwt-TextBox GKH2EKQBOHC (1)"), "99/888/7777", CONTINUE_ON_FAILURE): Text '99/888/7777' is set on object 'Object Repository/FSM1/Complete Egg Inspection/Page_JClient/input_gwt-TextBox GKH2EKQBOHC (1)'

2018-11-29 11:16:13 - [MESSAGE][PASSED] - Text '99/888/7777' is set on object 'Object Repository/FSM1/Complete Egg Inspection/Page_JClient/input_gwt-TextBox GKH2EKQBOHC (1)'

2018-11-29 11:16:13 - [TEST_STEP][PASSED] - delay(3): Delayed 3 second(s)

2018-11-29 11:16:16 - [MESSAGE][PASSED] - Delayed 3 second(s)

2018-11-29 11:16:16 - [TEST_STEP][NOT_RUN] - check(findTestObject("Object Repository/FSM1/Select Inspection/Landing/Page_JClient (5)/UpdateDetails")): NOT_RUN: check(findTestObject("Object Repository/FSM1/Select Inspection/Landing/Page_JClient (5)/UpdateDetails"))

2018-11-29 11:16:16 - [MESSAGE][NOT_RUN] - NOT_RUN: check(findTestObject("Object Repository/FSM1/Select Inspection/Landing/Page_JClient (5)/UpdateDetails"))

2018-11-29 11:16:16 - [TEST_STEP][NOT_RUN] - setText(findTestObject("FSM1/Complete Egg Inspection/Page_JClient/input_gwt-TextBox GKH2EKQBOHC (1)"), "automation@eggs.com"): NOT_RUN: setText(findTestObject("FSM1/Complete Egg Inspection/Page_JClient/input_gwt-TextBox GKH2EKQBOHC (1)"), "automation@eggs.com")

2018-11-29 11:16:16 - [MESSAGE][NOT_RUN] - NOT_RUN: setText(findTestObject("FSM1/Complete Egg Inspection/Page_JClient/input_gwt-TextBox GKH2EKQBOHC (1)"), "automation@eggs.com")

2018-11-29 11:16:16 - [TEST_STEP][NOT_RUN] - setText(findTestObject("FSM1/Complete Egg Inspection/Page_JClient/textarea_gwt-TextArea GKH2EKQB"), "Automation Street
"): NOT_RUN: setText(findTestObject("FSM1/Complete Egg Inspection/Page_JClient/textarea_gwt-TextArea GKH2EKQB"), "Automation Street
")

2018-11-29 11:16:16 - [MESSAGE][NOT_RUN] - NOT_RUN: setText(findTestObject("FSM1/Complete Egg Inspection/Page_JClient/textarea_gwt-TextArea GKH2EKQB"), "Automation Street
")

2018-11-29 11:16:16 - [TEST_STEP][NOT_RUN] - sendKeys(findTestObject("FSM1/Complete Egg Inspection/Page_JClient/textarea_gwt-TextArea GKH2EKQB"), Keys.chord(ENTER)): NOT_RUN: sendKeys(findTestObject("FSM1/Complete Egg Inspection/Page_JClient/textarea_gwt-TextArea GKH2EKQB"), Keys.chord(ENTER))

2018-11-29 11:16:16 - [MESSAGE][NOT_RUN] - NOT_RUN: sendKeys(findTestObject("FSM1/Complete Egg Inspection/Page_JClient/textarea_gwt-TextArea GKH2EKQB"), Keys.chord(ENTER))

2018-11-29 11:16:16 - [TEST_STEP][NOT_RUN] - setText(findTestObject("FSM1/Complete Egg Inspection/Page_JClient/textarea_gwt-TextArea GKH2EKQB"), "Automation Street
Automation "): NOT_RUN: setText(findTestObject("FSM1/Complete Egg Inspection/Page_JClient/textarea_gwt-TextArea GKH2EKQB"), "Automation Street
Automation ")

2018-11-29 11:16:16 - [MESSAGE][NOT_RUN] - NOT_RUN: setText(findTestObject("FSM1/Complete Egg Inspection/Page_JClient/textarea_gwt-TextArea GKH2EKQB"), "Automation Street
Automation ")

2018-11-29 11:16:16 - [TEST_STEP][PASSED] - setText(findTestObject("FSM1/Complete Egg Inspection/Edit Job Details/Page_JClient/TradingName"), "Egg Automation"): Text 'Egg Automation' is set on object 'Object Repository/FSM1/Complete Egg Inspection/Edit Job Details/Page_JClient/TradingName'

2018-11-29 11:16:17 - [MESSAGE][PASSED] - Text 'Egg Automation' is set on object 'Object Repository/FSM1/Complete Egg Inspection/Edit Job Details/Page_JClient/TradingName'

2018-11-29 11:16:17 - [TEST_STEP][PASSED] - click(findTestObject("FSM1/Complete Egg Inspection/Edit Job Details/Page_JClient (6)/EggThroughput")): Object: 'Object Repository/FSM1/Complete Egg Inspection/Edit Job Details/Page_JClient (6)/EggThroughput' is clicked on

2018-11-29 11:16:17 - [MESSAGE][PASSED] - Object: 'Object Repository/FSM1/Complete Egg Inspection/Edit Job Details/Page_JClient (6)/EggThroughput' is clicked on

2018-11-29 11:16:17 - [TEST_STEP][PASSED] - delay(2): Delayed 2 second(s)

2018-11-29 11:16:19 - [MESSAGE][PASSED] - Delayed 2 second(s)

2018-11-29 11:16:19 - [TEST_STEP][PASSED] - setText(findTestObject("FSM1/Complete Egg Inspection/EggThroughput/Page_JClient/input_gwt-DoubleBox GKH2EKQBOH"), "100"): Text '100' is set on object 'Object Repository/FSM1/Complete Egg Inspection/EggThroughput/Page_JClient/input_gwt-DoubleBox GKH2EKQBOH'

2018-11-29 11:16:19 - [MESSAGE][PASSED] - Text '100' is set on object 'Object Repository/FSM1/Complete Egg Inspection/EggThroughput/Page_JClient/input_gwt-DoubleBox GKH2EKQBOH'

2018-11-29 11:16:19 - [TEST_STEP][PASSED] - setText(findTestObject("FSM1/Complete Egg Inspection/Edit Job Details/Page_JClient (2)/PackerRegularFreeRange"), "90"): Text '90' is set on object 'Object Repository/FSM1/Complete Egg Inspection/Edit Job Details/Page_JClient (2)/PackerRegularFreeRange'

2018-11-29 11:16:19 - [MESSAGE][PASSED] - Text '90' is set on object 'Object Repository/FSM1/Complete Egg Inspection/Edit Job Details/Page_JClient (2)/PackerRegularFreeRange'

2018-11-29 11:16:19 - [TEST_STEP][PASSED] - setText(findTestObject("FSM1/Complete Egg Inspection/Edit Job Details/Page_JClient (2)/PackerRegularBarn"), "80"): Text '80' is set on object 'Object Repository/FSM1/Complete Egg Inspection/Edit Job Details/Page_JClient (2)/PackerRegularBarn'

2018-11-29 11:16:20 - [MESSAGE][PASSED] - Text '80' is set on object 'Object Repository/FSM1/Complete Egg Inspection/Edit Job Details/Page_JClient (2)/PackerRegularBarn'

2018-11-29 11:16:20 - [TEST_STEP][PASSED] - setText(findTestObject("FSM1/Complete Egg Inspection/Edit Job Details/Page_JClient (2)/PackerRegularCageEnriched"), "70"): Text '70' is set on object 'Object Repository/FSM1/Complete Egg Inspection/Edit Job Details/Page_JClient (2)/PackerRegularCageEnriched'

2018-11-29 11:16:20 - [MESSAGE][PASSED] - Text '70' is set on object 'Object Repository/FSM1/Complete Egg Inspection/Edit Job Details/Page_JClient (2)/PackerRegularCageEnriched'

2018-11-29 11:16:20 - [TEST_STEP][PASSED] - setText(findTestObject("FSM1/Complete Egg Inspection/Edit Job Details/Page_JClient (2)/PackerImporterOrganic"), "60"): Text '60' is set on object 'Object Repository/FSM1/Complete Egg Inspection/Edit Job Details/Page_JClient (2)/PackerImporterOrganic'

2018-11-29 11:16:20 - [MESSAGE][PASSED] - Text '60' is set on object 'Object Repository/FSM1/Complete Egg Inspection/Edit Job Details/Page_JClient (2)/PackerImporterOrganic'

2018-11-29 11:16:20 - [TEST_STEP][PASSED] - setText(findTestObject("FSM1/Complete Egg Inspection/Edit Job Details/Page_JClient (2)/PackerImporterFreeRange"), "70"): Text '70' is set on object 'Object Repository/FSM1/Complete Egg Inspection/Edit Job Details/Page_JClient (2)/PackerImporterFreeRange'

2018-11-29 11:16:20 - [MESSAGE][PASSED] - Text '70' is set on object 'Object Repository/FSM1/Complete Egg Inspection/Edit Job Details/Page_JClient (2)/PackerImporterFreeRange'

2018-11-29 11:16:20 - [TEST_STEP][PASSED] - setText(findTestObject("FSM1/Complete Egg Inspection/Edit Job Details/Page_JClient (2)/PackerImporterBarn"), "50"): Text '50' is set on object 'Object Repository/FSM1/Complete Egg Inspection/Edit Job Details/Page_JClient (2)/PackerImporterBarn'

2018-11-29 11:16:21 - [MESSAGE][PASSED] - Text '50' is set on object 'Object Repository/FSM1/Complete Egg Inspection/Edit Job Details/Page_JClient (2)/PackerImporterBarn'

2018-11-29 11:16:21 - [TEST_STEP][PASSED] - setText(findTestObject("FSM1/Complete Egg Inspection/Edit Job Details/Page_JClient (2)/PackerImporterCageEnriched"), "50"): Text '50' is set on object 'Object Repository/FSM1/Complete Egg Inspection/Edit Job Details/Page_JClient (2)/PackerImporterCageEnriched'

2018-11-29 11:16:21 - [MESSAGE][PASSED] - Text '50' is set on object 'Object Repository/FSM1/Complete Egg Inspection/Edit Job Details/Page_JClient (2)/PackerImporterCageEnriched'

2018-11-29 11:16:21 - [TEST_STEP][PASSED] - setText(findTestObject("FSM1/Complete Egg Inspection/Edit Job Details/Page_JClient (2)/ThroughputChangedUK"), "11"): Text '11' is set on object 'Object Repository/FSM1/Complete Egg Inspection/Edit Job Details/Page_JClient (2)/ThroughputChangedUK'

2018-11-29 11:16:21 - [MESSAGE][PASSED] - Text '11' is set on object 'Object Repository/FSM1/Complete Egg Inspection/Edit Job Details/Page_JClient (2)/ThroughputChangedUK'

2018-11-29 11:16:21 - [TEST_STEP][PASSED] - setText(findTestObject("FSM1/Complete Egg Inspection/Edit Job Details/Page_JClient (2)/ThroughputChangedImported"), "12"): Text '12' is set on object 'Object Repository/FSM1/Complete Egg Inspection/Edit Job Details/Page_JClient (2)/ThroughputChangedImported'

2018-11-29 11:16:21 - [MESSAGE][PASSED] - Text '12' is set on object 'Object Repository/FSM1/Complete Egg Inspection/Edit Job Details/Page_JClient (2)/ThroughputChangedImported'

2018-11-29 11:16:21 - [TEST_STEP][PASSED] - selectOptionByValue(findTestObject("FSM1/Complete Egg Inspection/Page_JClient/select_Compliance (Schedule  A"), "COMPLIANCE", true): All options with value 'COMPLIANCE' are selected in object 'Object Repository/FSM1/Complete Egg Inspection/Page_JClient/select_Compliance (Schedule  A'  using regular expression

2018-11-29 11:16:22 - [MESSAGE][PASSED] - All options with value 'COMPLIANCE' are selected in object 'Object Repository/FSM1/Complete Egg Inspection/Page_JClient/select_Compliance (Schedule  A'  using regular expression

2018-11-29 11:16:22 - [TEST_STEP][PASSED] - setText(findTestObject("FSM1/Complete Egg Inspection/Edit Job Details/Page_JClient (2)/WholeSalerRegularOrganic"), "9"): Text '9' is set on object 'Object Repository/FSM1/Complete Egg Inspection/Edit Job Details/Page_JClient (2)/WholeSalerRegularOrganic'

2018-11-29 11:16:22 - [MESSAGE][PASSED] - Text '9' is set on object 'Object Repository/FSM1/Complete Egg Inspection/Edit Job Details/Page_JClient (2)/WholeSalerRegularOrganic'

2018-11-29 11:16:22 - [TEST_STEP][PASSED] - setText(findTestObject("FSM1/Complete Egg Inspection/Edit Job Details/Page_JClient (2)/WholeSalerRegularFreeRange"), "8"): Text '8' is set on object 'Object Repository/FSM1/Complete Egg Inspection/Edit Job Details/Page_JClient (2)/WholeSalerRegularFreeRange'

2018-11-29 11:16:22 - [MESSAGE][PASSED] - Text '8' is set on object 'Object Repository/FSM1/Complete Egg Inspection/Edit Job Details/Page_JClient (2)/WholeSalerRegularFreeRange'

2018-11-29 11:16:22 - [TEST_STEP][PASSED] - setText(findTestObject("FSM1/Complete Egg Inspection/Edit Job Details/Page_JClient (2)/WholeSalerRegularBarn"), "7"): Text '7' is set on object 'Object Repository/FSM1/Complete Egg Inspection/Edit Job Details/Page_JClient (2)/WholeSalerRegularBarn'

2018-11-29 11:16:22 - [MESSAGE][PASSED] - Text '7' is set on object 'Object Repository/FSM1/Complete Egg Inspection/Edit Job Details/Page_JClient (2)/WholeSalerRegularBarn'

2018-11-29 11:16:22 - [TEST_STEP][PASSED] - click(findTestObject("FSM1/Complete Egg Inspection/Signatures/Page_JClient (1)/div_Signatures  Remarks")): Object: 'Object Repository/FSM1/Complete Egg Inspection/Signatures/Page_JClient (1)/div_Signatures  Remarks' is clicked on

2018-11-29 11:16:23 - [MESSAGE][PASSED] - Object: 'Object Repository/FSM1/Complete Egg Inspection/Signatures/Page_JClient (1)/div_Signatures  Remarks' is clicked on

2018-11-29 11:16:23 - [TEST_STEP][PASSED] - delay(2): Delayed 2 second(s)

2018-11-29 11:16:25 - [MESSAGE][PASSED] - Delayed 2 second(s)

2018-11-29 11:16:25 - [TEST_STEP][PASSED] - click(findTestObject("FSM1/Complete Egg Inspection/Signatures/Page_JClient (4)/InspectorSignature1")): Object: 'Object Repository/FSM1/Complete Egg Inspection/Signatures/Page_JClient (4)/InspectorSignature1' is clicked on

2018-11-29 11:16:25 - [MESSAGE][PASSED] - Object: 'Object Repository/FSM1/Complete Egg Inspection/Signatures/Page_JClient (4)/InspectorSignature1' is clicked on

2018-11-29 11:16:25 - [TEST_STEP][PASSED] - click(findTestObject("FSM1/Complete Egg Inspection/Signatures/Page_JClient (1)/div_My JobsLast updated 1518Da")): Object: 'Object Repository/FSM1/Complete Egg Inspection/Signatures/Page_JClient (1)/div_My JobsLast updated 1518Da' is clicked on

2018-11-29 11:16:26 - [MESSAGE][PASSED] - Object: 'Object Repository/FSM1/Complete Egg Inspection/Signatures/Page_JClient (1)/div_My JobsLast updated 1518Da' is clicked on

2018-11-29 11:16:26 - [TEST_STEP][PASSED] - delay(3): Delayed 3 second(s)

2018-11-29 11:16:29 - [MESSAGE][PASSED] - Delayed 3 second(s)

2018-11-29 11:16:29 - [TEST_STEP][PASSED] - click(findTestObject("FSM1/Complete Egg Inspection/Signatures/Page_JClient (3)/RecipientSignature")): Object: 'Object Repository/FSM1/Complete Egg Inspection/Signatures/Page_JClient (3)/RecipientSignature' is clicked on

2018-11-29 11:16:29 - [MESSAGE][PASSED] - Object: 'Object Repository/FSM1/Complete Egg Inspection/Signatures/Page_JClient (3)/RecipientSignature' is clicked on

2018-11-29 11:16:29 - [TEST_STEP][PASSED] - click(findTestObject("FSM1/Complete Egg Inspection/Signatures/Page_JClient (1)/div_My JobsLast updated 1518Da")): Object: 'Object Repository/FSM1/Complete Egg Inspection/Signatures/Page_JClient (1)/div_My JobsLast updated 1518Da' is clicked on

2018-11-29 11:16:31 - [MESSAGE][PASSED] - Object: 'Object Repository/FSM1/Complete Egg Inspection/Signatures/Page_JClient (1)/div_My JobsLast updated 1518Da' is clicked on

2018-11-29 11:16:31 - [TEST_STEP][PASSED] - delay(5): Delayed 5 second(s)

2018-11-29 11:16:36 - [MESSAGE][PASSED] - Delayed 5 second(s)

2018-11-29 11:16:36 - [TEST_STEP][PASSED] - setText(findTestObject("FSM1/Complete Egg Inspection/Signatures/Page_JClient (6)/RecipientName2"), "Test Automation", CONTINUE_ON_FAILURE): Text 'Test Automation' is set on object 'Object Repository/FSM1/Complete Egg Inspection/Signatures/Page_JClient (6)/RecipientName2'

2018-11-29 11:16:36 - [MESSAGE][PASSED] - Text 'Test Automation' is set on object 'Object Repository/FSM1/Complete Egg Inspection/Signatures/Page_JClient (6)/RecipientName2'

2018-11-29 11:16:36 - [TEST_STEP][PASSED] - click(findTestObject("FSM1/Complete Egg Inspection/Signatures/Page_JClient (8)/label_Business Owner"), CONTINUE_ON_FAILURE): Object: 'Object Repository/FSM1/Complete Egg Inspection/Signatures/Page_JClient (8)/label_Business Owner' is clicked on

2018-11-29 11:16:36 - [MESSAGE][PASSED] - Object: 'Object Repository/FSM1/Complete Egg Inspection/Signatures/Page_JClient (8)/label_Business Owner' is clicked on

2018-11-29 11:16:36 - [TEST_STEP][PASSED] - delay(2): Delayed 2 second(s)

2018-11-29 11:16:38 - [MESSAGE][PASSED] - Delayed 2 second(s)

2018-11-29 11:16:38 - [TEST_STEP][PASSED] - click(findTestObject("FSM1/Complete Egg Inspection/Signatures/Page_JClient (10)/Save")): Object: 'Object Repository/FSM1/Complete Egg Inspection/Signatures/Page_JClient (10)/Save' is clicked on

2018-11-29 11:16:38 - [MESSAGE][PASSED] - Object: 'Object Repository/FSM1/Complete Egg Inspection/Signatures/Page_JClient (10)/Save' is clicked on

2018-11-29 11:16:38 - [TEST_STEP][PASSED] - delay(3): Delayed 3 second(s)

2018-11-29 11:16:41 - [MESSAGE][PASSED] - Delayed 3 second(s)

2018-11-29 11:16:41 - [TEST_STEP][PASSED] - click(findTestObject("FSM1/Complete Egg Inspection/Edit Job Details/Page_JClient (7)/div_Save_edit_details")): Object: 'Object Repository/FSM1/Complete Egg Inspection/Edit Job Details/Page_JClient (7)/div_Save_edit_details' is clicked on

2018-11-29 11:16:41 - [MESSAGE][PASSED] - Object: 'Object Repository/FSM1/Complete Egg Inspection/Edit Job Details/Page_JClient (7)/div_Save_edit_details' is clicked on

2018-11-29 11:16:41 - [TEST_STEP][PASSED] - delay(2): Delayed 2 second(s)

2018-11-29 11:16:43 - [MESSAGE][PASSED] - Delayed 2 second(s)]]></system-out>
         <system-err><![CDATA[]]></system-err>
      </testcase>
      <testcase name="Test Cases/EMI/Complete EMI Inspection - Data Capture - Packer" classname="Test Cases/EMI/Complete EMI Inspection - Data Capture - Packer" status="PASSED">
         <system-out><![CDATA[2018-11-29 11:16:43 - [TEST_CASE][PASSED] - Test Cases/EMI/Complete EMI Inspection - Data Capture - Packer: Test Cases/EMI/Complete EMI Inspection - Data Capture - Packer

2018-11-29 11:16:44 - [TEST_STEP][PASSED] - click(findTestObject("FSM1/Complete Egg Inspection/Data Capture/Page_JClient/div_Data Capture")): Object: 'Object Repository/FSM1/Complete Egg Inspection/Data Capture/Page_JClient/div_Data Capture' is clicked on

2018-11-29 11:16:44 - [MESSAGE][PASSED] - Object: 'Object Repository/FSM1/Complete Egg Inspection/Data Capture/Page_JClient/div_Data Capture' is clicked on

2018-11-29 11:16:44 - [TEST_STEP][PASSED] - delay(2): Delayed 2 second(s)

2018-11-29 11:16:46 - [MESSAGE][PASSED] - Delayed 2 second(s)

2018-11-29 11:16:46 - [TEST_STEP][PASSED] - click(findTestObject("FSM1/Complete Egg Inspection/Data Capture/Page_JClient/div_Packer")): Object: 'Object Repository/FSM1/Complete Egg Inspection/Data Capture/Page_JClient/div_Packer' is clicked on

2018-11-29 11:16:47 - [MESSAGE][PASSED] - Object: 'Object Repository/FSM1/Complete Egg Inspection/Data Capture/Page_JClient/div_Packer' is clicked on

2018-11-29 11:16:47 - [TEST_STEP][PASSED] - delay(2): Delayed 2 second(s)

2018-11-29 11:16:49 - [MESSAGE][PASSED] - Delayed 2 second(s)

2018-11-29 11:16:49 - [TEST_STEP][PASSED] - click(findTestObject("FSM1/PreProd/Page_JClient/CreateButton")): Object: 'Object Repository/FSM1/PreProd/Page_JClient/CreateButton' is clicked on

2018-11-29 11:16:49 - [MESSAGE][PASSED] - Object: 'Object Repository/FSM1/PreProd/Page_JClient/CreateButton' is clicked on

2018-11-29 11:16:49 - [TEST_STEP][PASSED] - selectOptionByValue(findTestObject("FSM1/Complete Egg Inspection/Data Capture/Page_JClient/InspectionCode1"), "CAT", true): All options with value 'CAT' are selected in object 'Object Repository/FSM1/Complete Egg Inspection/Data Capture/Page_JClient/InspectionCode1'  using regular expression

2018-11-29 11:16:50 - [MESSAGE][PASSED] - All options with value 'CAT' are selected in object 'Object Repository/FSM1/Complete Egg Inspection/Data Capture/Page_JClient/InspectionCode1'  using regular expression

2018-11-29 11:16:50 - [TEST_STEP][PASSED] - setText(findTestObject("FSM1/Complete Egg Inspection/Data Capture/Page_JClient/input_gwt-DoubleBox GKH2EKQBOH"), "25"): Text '25' is set on object 'Object Repository/FSM1/Complete Egg Inspection/Data Capture/Page_JClient/input_gwt-DoubleBox GKH2EKQBOH'

2018-11-29 11:16:50 - [MESSAGE][PASSED] - Text '25' is set on object 'Object Repository/FSM1/Complete Egg Inspection/Data Capture/Page_JClient/input_gwt-DoubleBox GKH2EKQBOH'

2018-11-29 11:16:50 - [TEST_STEP][PASSED] - delay(2): Delayed 2 second(s)

2018-11-29 11:16:52 - [MESSAGE][PASSED] - Delayed 2 second(s)

2018-11-29 11:16:52 - [TEST_STEP][PASSED] - check(findTestObject("FSM1/Complete Egg Inspection/Data Capture/Data Capture Packer/Page_JClient (6)/span_Na")): Object 'Object Repository/FSM1/Complete Egg Inspection/Data Capture/Data Capture Packer/Page_JClient (6)/span_Na' is checked

2018-11-29 11:16:53 - [MESSAGE][PASSED] - Object 'Object Repository/FSM1/Complete Egg Inspection/Data Capture/Data Capture Packer/Page_JClient (6)/span_Na' is checked

2018-11-29 11:16:53 - [TEST_STEP][PASSED] - delay(2): Delayed 2 second(s)

2018-11-29 11:16:55 - [MESSAGE][PASSED] - Delayed 2 second(s)

2018-11-29 11:16:55 - [TEST_STEP][PASSED] - click(findTestObject("FSM1/Complete Egg Inspection/Data Capture/Data Capture Packer/Page_JClient (6)/Page_JClient/Premises Compliant - Yes"), CONTINUE_ON_FAILURE): Object: 'Object Repository/FSM1/Complete Egg Inspection/Data Capture/Data Capture Packer/Page_JClient (6)/Page_JClient/Premises Compliant - Yes' is clicked on

2018-11-29 11:16:55 - [MESSAGE][PASSED] - Object: 'Object Repository/FSM1/Complete Egg Inspection/Data Capture/Data Capture Packer/Page_JClient (6)/Page_JClient/Premises Compliant - Yes' is clicked on

2018-11-29 11:16:55 - [TEST_STEP][NOT_RUN] - setText(findTestObject("FSM1/Complete Egg Inspection/Data Capture/Data Capture Packer/Page_JClient/Premises - Notes and Comments"), "Test Automation"): NOT_RUN: setText(findTestObject("FSM1/Complete Egg Inspection/Data Capture/Data Capture Packer/Page_JClient/Premises - Notes and Comments"), "Test Automation")

2018-11-29 11:16:55 - [MESSAGE][NOT_RUN] - NOT_RUN: setText(findTestObject("FSM1/Complete Egg Inspection/Data Capture/Data Capture Packer/Page_JClient/Premises - Notes and Comments"), "Test Automation")

2018-11-29 11:16:55 - [TEST_STEP][PASSED] - click(findTestObject("FSM1/Complete Egg Inspection/Data Capture/Data Capture Packer/Page_JClient/Equipment Compliant - No")): Object: 'Object Repository/FSM1/Complete Egg Inspection/Data Capture/Data Capture Packer/Page_JClient/Equipment Compliant - No' is clicked on

2018-11-29 11:16:55 - [MESSAGE][PASSED] - Object: 'Object Repository/FSM1/Complete Egg Inspection/Data Capture/Data Capture Packer/Page_JClient/Equipment Compliant - No' is clicked on

2018-11-29 11:16:55 - [TEST_STEP][PASSED] - click(findTestObject("FSM1/Complete Egg Inspection/Data Capture/Data Capture Packer/Page_JClient/Equipment - Low Risk - equipment not compliant")): Object: 'Object Repository/FSM1/Complete Egg Inspection/Data Capture/Data Capture Packer/Page_JClient/Equipment - Low Risk - equipment not compliant' is clicked on

2018-11-29 11:16:55 - [MESSAGE][PASSED] - Object: 'Object Repository/FSM1/Complete Egg Inspection/Data Capture/Data Capture Packer/Page_JClient/Equipment - Low Risk - equipment not compliant' is clicked on

2018-11-29 11:16:55 - [TEST_STEP][PASSED] - setText(findTestObject("FSM1/Complete Egg Inspection/Data Capture/Data Capture Packer/Page_JClient/Equipment - Notes and Comments"), "Test Automation"): Text 'Test Automation' is set on object 'Object Repository/FSM1/Complete Egg Inspection/Data Capture/Data Capture Packer/Page_JClient/Equipment - Notes and Comments'

2018-11-29 11:16:56 - [MESSAGE][PASSED] - Text 'Test Automation' is set on object 'Object Repository/FSM1/Complete Egg Inspection/Data Capture/Data Capture Packer/Page_JClient/Equipment - Notes and Comments'

2018-11-29 11:16:56 - [TEST_STEP][PASSED] - click(findTestObject("FSM1/Complete Egg Inspection/Data Capture/Data Capture Packer/Page_JClient/Quality Compliant - No")): Object: 'Object Repository/FSM1/Complete Egg Inspection/Data Capture/Data Capture Packer/Page_JClient/Quality Compliant - No' is clicked on

2018-11-29 11:16:56 - [MESSAGE][PASSED] - Object: 'Object Repository/FSM1/Complete Egg Inspection/Data Capture/Data Capture Packer/Page_JClient/Quality Compliant - No' is clicked on

2018-11-29 11:16:56 - [TEST_STEP][PASSED] - click(findTestObject("FSM1/Complete Egg Inspection/Data Capture/Data Capture Packer/Page_JClient/Quality - Low Risk - Poor Quality")): Object: 'Object Repository/FSM1/Complete Egg Inspection/Data Capture/Data Capture Packer/Page_JClient/Quality - Low Risk - Poor Quality' is clicked on

2018-11-29 11:16:56 - [MESSAGE][PASSED] - Object: 'Object Repository/FSM1/Complete Egg Inspection/Data Capture/Data Capture Packer/Page_JClient/Quality - Low Risk - Poor Quality' is clicked on

2018-11-29 11:16:56 - [TEST_STEP][PASSED] - setText(findTestObject("FSM1/Complete Egg Inspection/Data Capture/Data Capture Packer/Page_JClient/Quality - Notes and Comments"), "Test Automation"): Text 'Test Automation' is set on object 'Object Repository/FSM1/Complete Egg Inspection/Data Capture/Data Capture Packer/Page_JClient/Quality - Notes and Comments'

2018-11-29 11:16:56 - [MESSAGE][PASSED] - Text 'Test Automation' is set on object 'Object Repository/FSM1/Complete Egg Inspection/Data Capture/Data Capture Packer/Page_JClient/Quality - Notes and Comments'

2018-11-29 11:16:56 - [TEST_STEP][PASSED] - click(findTestObject("FSM1/Complete Egg Inspection/Data Capture/Data Capture Packer/Page_JClient/Weight Compliant - No")): Object: 'Object Repository/FSM1/Complete Egg Inspection/Data Capture/Data Capture Packer/Page_JClient/Weight Compliant - No' is clicked on

2018-11-29 11:16:57 - [MESSAGE][PASSED] - Object: 'Object Repository/FSM1/Complete Egg Inspection/Data Capture/Data Capture Packer/Page_JClient/Weight Compliant - No' is clicked on

2018-11-29 11:16:57 - [TEST_STEP][PASSED] - click(findTestObject("FSM1/Complete Egg Inspection/Data Capture/Data Capture Packer/Page_JClient/Weight - Low to Medium Risk")): Object: 'Object Repository/FSM1/Complete Egg Inspection/Data Capture/Data Capture Packer/Page_JClient/Weight - Low to Medium Risk' is clicked on

2018-11-29 11:16:57 - [MESSAGE][PASSED] - Object: 'Object Repository/FSM1/Complete Egg Inspection/Data Capture/Data Capture Packer/Page_JClient/Weight - Low to Medium Risk' is clicked on

2018-11-29 11:16:57 - [TEST_STEP][PASSED] - setText(findTestObject("FSM1/Complete Egg Inspection/Data Capture/Data Capture Packer/Page_JClient/Weight - Notes and Comments"), "Test Automation"): Text 'Test Automation' is set on object 'Object Repository/FSM1/Complete Egg Inspection/Data Capture/Data Capture Packer/Page_JClient/Weight - Notes and Comments'

2018-11-29 11:16:57 - [MESSAGE][PASSED] - Text 'Test Automation' is set on object 'Object Repository/FSM1/Complete Egg Inspection/Data Capture/Data Capture Packer/Page_JClient/Weight - Notes and Comments'

2018-11-29 11:16:57 - [TEST_STEP][PASSED] - click(findTestObject("FSM1/Complete Egg Inspection/Data Capture/Data Capture Packer/Page_JClient/Marking Compliant - No")): Object: 'Object Repository/FSM1/Complete Egg Inspection/Data Capture/Data Capture Packer/Page_JClient/Marking Compliant - No' is clicked on

2018-11-29 11:16:57 - [MESSAGE][PASSED] - Object: 'Object Repository/FSM1/Complete Egg Inspection/Data Capture/Data Capture Packer/Page_JClient/Marking Compliant - No' is clicked on

2018-11-29 11:16:57 - [TEST_STEP][PASSED] - click(findTestObject("FSM1/Complete Egg Inspection/Data Capture/Data Capture Packer/Page_JClient/Marking - Low to Medium Risk")): Object: 'Object Repository/FSM1/Complete Egg Inspection/Data Capture/Data Capture Packer/Page_JClient/Marking - Low to Medium Risk' is clicked on

2018-11-29 11:16:58 - [MESSAGE][PASSED] - Object: 'Object Repository/FSM1/Complete Egg Inspection/Data Capture/Data Capture Packer/Page_JClient/Marking - Low to Medium Risk' is clicked on

2018-11-29 11:16:58 - [TEST_STEP][PASSED] - setText(findTestObject("FSM1/Complete Egg Inspection/Data Capture/Data Capture Packer/Page_JClient/Marking - Notes and Comments"), "Test Automation"): Text 'Test Automation' is set on object 'Object Repository/FSM1/Complete Egg Inspection/Data Capture/Data Capture Packer/Page_JClient/Marking - Notes and Comments'

2018-11-29 11:16:58 - [MESSAGE][PASSED] - Text 'Test Automation' is set on object 'Object Repository/FSM1/Complete Egg Inspection/Data Capture/Data Capture Packer/Page_JClient/Marking - Notes and Comments'

2018-11-29 11:16:58 - [TEST_STEP][PASSED] - click(findTestObject("FSM1/Complete Egg Inspection/Data Capture/Data Capture Packer/Page_JClient/Grading Compliant - No")): Object: 'Object Repository/FSM1/Complete Egg Inspection/Data Capture/Data Capture Packer/Page_JClient/Grading Compliant - No' is clicked on

2018-11-29 11:16:58 - [MESSAGE][PASSED] - Object: 'Object Repository/FSM1/Complete Egg Inspection/Data Capture/Data Capture Packer/Page_JClient/Grading Compliant - No' is clicked on

2018-11-29 11:16:58 - [TEST_STEP][PASSED] - click(findTestObject("FSM1/Complete Egg Inspection/Data Capture/Data Capture Packer/Page_JClient/Grading - Low to Medium")): Object: 'Object Repository/FSM1/Complete Egg Inspection/Data Capture/Data Capture Packer/Page_JClient/Grading - Low to Medium' is clicked on

2018-11-29 11:16:58 - [MESSAGE][PASSED] - Object: 'Object Repository/FSM1/Complete Egg Inspection/Data Capture/Data Capture Packer/Page_JClient/Grading - Low to Medium' is clicked on

2018-11-29 11:16:58 - [TEST_STEP][PASSED] - setText(findTestObject("FSM1/Complete Egg Inspection/Data Capture/Data Capture Packer/Page_JClient/Grading - Notes and Comments"), "Test Automation"): Text 'Test Automation' is set on object 'Object Repository/FSM1/Complete Egg Inspection/Data Capture/Data Capture Packer/Page_JClient/Grading - Notes and Comments'

2018-11-29 11:16:59 - [MESSAGE][PASSED] - Text 'Test Automation' is set on object 'Object Repository/FSM1/Complete Egg Inspection/Data Capture/Data Capture Packer/Page_JClient/Grading - Notes and Comments'

2018-11-29 11:16:59 - [TEST_STEP][PASSED] - click(findTestObject("FSM1/Complete Egg Inspection/Data Capture/Data Capture Packer/Page_JClient/Packing Compliant - No")): Object: 'Object Repository/FSM1/Complete Egg Inspection/Data Capture/Data Capture Packer/Page_JClient/Packing Compliant - No' is clicked on

2018-11-29 11:16:59 - [MESSAGE][PASSED] - Object: 'Object Repository/FSM1/Complete Egg Inspection/Data Capture/Data Capture Packer/Page_JClient/Packing Compliant - No' is clicked on

2018-11-29 11:16:59 - [TEST_STEP][PASSED] - click(findTestObject("FSM1/Complete Egg Inspection/Data Capture/Data Capture Packer/Page_JClient/Packing - Low to Medium")): Object: 'Object Repository/FSM1/Complete Egg Inspection/Data Capture/Data Capture Packer/Page_JClient/Packing - Low to Medium' is clicked on

2018-11-29 11:16:59 - [MESSAGE][PASSED] - Object: 'Object Repository/FSM1/Complete Egg Inspection/Data Capture/Data Capture Packer/Page_JClient/Packing - Low to Medium' is clicked on

2018-11-29 11:16:59 - [TEST_STEP][PASSED] - setText(findTestObject("FSM1/Complete Egg Inspection/Data Capture/Data Capture Packer/Page_JClient/Packing - Notes and Comments"), "Test Automation"): Text 'Test Automation' is set on object 'Object Repository/FSM1/Complete Egg Inspection/Data Capture/Data Capture Packer/Page_JClient/Packing - Notes and Comments'

2018-11-29 11:16:59 - [MESSAGE][PASSED] - Text 'Test Automation' is set on object 'Object Repository/FSM1/Complete Egg Inspection/Data Capture/Data Capture Packer/Page_JClient/Packing - Notes and Comments'

2018-11-29 11:16:59 - [TEST_STEP][PASSED] - click(findTestObject("FSM1/Complete Egg Inspection/Data Capture/Data Capture Packer/Page_JClient/Labelling Compliant - No")): Object: 'Object Repository/FSM1/Complete Egg Inspection/Data Capture/Data Capture Packer/Page_JClient/Labelling Compliant - No' is clicked on

2018-11-29 11:17:00 - [MESSAGE][PASSED] - Object: 'Object Repository/FSM1/Complete Egg Inspection/Data Capture/Data Capture Packer/Page_JClient/Labelling Compliant - No' is clicked on

2018-11-29 11:17:00 - [TEST_STEP][PASSED] - click(findTestObject("FSM1/Complete Egg Inspection/Data Capture/Data Capture Packer/Page_JClient/Labelling - Low Risk")): Object: 'Object Repository/FSM1/Complete Egg Inspection/Data Capture/Data Capture Packer/Page_JClient/Labelling - Low Risk' is clicked on

2018-11-29 11:17:00 - [MESSAGE][PASSED] - Object: 'Object Repository/FSM1/Complete Egg Inspection/Data Capture/Data Capture Packer/Page_JClient/Labelling - Low Risk' is clicked on

2018-11-29 11:17:00 - [TEST_STEP][PASSED] - setText(findTestObject("FSM1/Complete Egg Inspection/Data Capture/Data Capture Packer/Page_JClient/Labelling - Notes and Comments"), "Test Automation"): Text 'Test Automation' is set on object 'Object Repository/FSM1/Complete Egg Inspection/Data Capture/Data Capture Packer/Page_JClient/Labelling - Notes and Comments'

2018-11-29 11:17:00 - [MESSAGE][PASSED] - Text 'Test Automation' is set on object 'Object Repository/FSM1/Complete Egg Inspection/Data Capture/Data Capture Packer/Page_JClient/Labelling - Notes and Comments'

2018-11-29 11:17:00 - [TEST_STEP][PASSED] - click(findTestObject("FSM1/Complete Egg Inspection/Data Capture/Data Capture Packer/Page_JClient/Records Compliant - No")): Object: 'Object Repository/FSM1/Complete Egg Inspection/Data Capture/Data Capture Packer/Page_JClient/Records Compliant - No' is clicked on

2018-11-29 11:17:00 - [MESSAGE][PASSED] - Object: 'Object Repository/FSM1/Complete Egg Inspection/Data Capture/Data Capture Packer/Page_JClient/Records Compliant - No' is clicked on

2018-11-29 11:17:00 - [TEST_STEP][PASSED] - click(findTestObject("FSM1/Complete Egg Inspection/Data Capture/Data Capture Packer/Page_JClient/Records - Low Risk")): Object: 'Object Repository/FSM1/Complete Egg Inspection/Data Capture/Data Capture Packer/Page_JClient/Records - Low Risk' is clicked on

2018-11-29 11:17:00 - [MESSAGE][PASSED] - Object: 'Object Repository/FSM1/Complete Egg Inspection/Data Capture/Data Capture Packer/Page_JClient/Records - Low Risk' is clicked on

2018-11-29 11:17:00 - [TEST_STEP][PASSED] - setText(findTestObject("FSM1/Complete Egg Inspection/Data Capture/Data Capture Packer/Page_JClient/Records - Notes and Comments"), "Test Automation"): Text 'Test Automation' is set on object 'Object Repository/FSM1/Complete Egg Inspection/Data Capture/Data Capture Packer/Page_JClient/Records - Notes and Comments'

2018-11-29 11:17:01 - [MESSAGE][PASSED] - Text 'Test Automation' is set on object 'Object Repository/FSM1/Complete Egg Inspection/Data Capture/Data Capture Packer/Page_JClient/Records - Notes and Comments'

2018-11-29 11:17:01 - [TEST_STEP][PASSED] - click(findTestObject("FSM1/Complete Egg Inspection/Data Capture/Data Capture Packer/Page_JClient (3)/span_No")): Object: 'Object Repository/FSM1/Complete Egg Inspection/Data Capture/Data Capture Packer/Page_JClient (3)/span_No' is clicked on

2018-11-29 11:17:01 - [MESSAGE][PASSED] - Object: 'Object Repository/FSM1/Complete Egg Inspection/Data Capture/Data Capture Packer/Page_JClient (3)/span_No' is clicked on

2018-11-29 11:17:01 - [TEST_STEP][PASSED] - click(findTestObject("FSM1/Complete Egg Inspection/Data Capture/Data Capture Packer/Page_JClient/Save")): Object: 'Object Repository/FSM1/Complete Egg Inspection/Data Capture/Data Capture Packer/Page_JClient/Save' is clicked on

2018-11-29 11:17:01 - [MESSAGE][PASSED] - Object: 'Object Repository/FSM1/Complete Egg Inspection/Data Capture/Data Capture Packer/Page_JClient/Save' is clicked on

2018-11-29 11:17:01 - [TEST_STEP][PASSED] - delay(10): Delayed 10 second(s)

2018-11-29 11:17:11 - [MESSAGE][PASSED] - Delayed 10 second(s)]]></system-out>
         <system-err><![CDATA[]]></system-err>
      </testcase>
      <testcase name="Test Cases/EMI/Complete EMI Inspection - Completion Attributes" classname="Test Cases/EMI/Complete EMI Inspection - Completion Attributes" status="PASSED">
         <system-out><![CDATA[2018-11-29 11:17:11 - [TEST_CASE][PASSED] - Test Cases/EMI/Complete EMI Inspection - Completion Attributes: Test Cases/EMI/Complete EMI Inspection - Completion Attributes

2018-11-29 11:17:12 - [TEST_STEP][PASSED] - click(findTestObject("FSM1/Complete Egg Inspection/CompletionAttributes/Page_JClient/div_STARTED (locked)")): Object: 'Object Repository/FSM1/Complete Egg Inspection/CompletionAttributes/Page_JClient/div_STARTED (locked)' is clicked on

2018-11-29 11:17:12 - [MESSAGE][PASSED] - Object: 'Object Repository/FSM1/Complete Egg Inspection/CompletionAttributes/Page_JClient/div_STARTED (locked)' is clicked on

2018-11-29 11:17:12 - [TEST_STEP][PASSED] - delay(2): Delayed 2 second(s)

2018-11-29 11:17:14 - [MESSAGE][PASSED] - Delayed 2 second(s)

2018-11-29 11:17:14 - [TEST_STEP][PASSED] - click(findTestObject("FSM1/Complete Egg Inspection/CompletionAttributes/Page_JClient/div_COMPLETED")): Object: 'Object Repository/FSM1/Complete Egg Inspection/CompletionAttributes/Page_JClient/div_COMPLETED' is clicked on

2018-11-29 11:17:14 - [MESSAGE][PASSED] - Object: 'Object Repository/FSM1/Complete Egg Inspection/CompletionAttributes/Page_JClient/div_COMPLETED' is clicked on

2018-11-29 11:17:14 - [TEST_STEP][PASSED] - setText(findTestObject("FSM1/Complete Egg Inspection/CompletionAttributes/Page_JClient/OrganicNumber"), "1"): Text '1' is set on object 'Object Repository/FSM1/Complete Egg Inspection/CompletionAttributes/Page_JClient/OrganicNumber'

2018-11-29 11:17:16 - [MESSAGE][PASSED] - Text '1' is set on object 'Object Repository/FSM1/Complete Egg Inspection/CompletionAttributes/Page_JClient/OrganicNumber'

2018-11-29 11:17:16 - [TEST_STEP][PASSED] - click(findTestObject("FSM1/Complete Egg Inspection/CompletionAttributes/Page_JClient/FreeRangeNumber")): Object: 'Object Repository/FSM1/Complete Egg Inspection/CompletionAttributes/Page_JClient/FreeRangeNumber' is clicked on

2018-11-29 11:17:16 - [MESSAGE][PASSED] - Object: 'Object Repository/FSM1/Complete Egg Inspection/CompletionAttributes/Page_JClient/FreeRangeNumber' is clicked on

2018-11-29 11:17:16 - [TEST_STEP][PASSED] - click(findTestObject("FSM1/Complete Egg Inspection/CompletionAttributes/Page_JClient/OrganicCompliant")): Object: 'Object Repository/FSM1/Complete Egg Inspection/CompletionAttributes/Page_JClient/OrganicCompliant' is clicked on

2018-11-29 11:17:16 - [MESSAGE][PASSED] - Object: 'Object Repository/FSM1/Complete Egg Inspection/CompletionAttributes/Page_JClient/OrganicCompliant' is clicked on

2018-11-29 11:17:16 - [TEST_STEP][PASSED] - setText(findTestObject("FSM1/Complete Egg Inspection/CompletionAttributes/Page_JClient/FreeRangeNumber1"), "1"): Text '1' is set on object 'Object Repository/FSM1/Complete Egg Inspection/CompletionAttributes/Page_JClient/FreeRangeNumber1'

2018-11-29 11:17:16 - [MESSAGE][PASSED] - Text '1' is set on object 'Object Repository/FSM1/Complete Egg Inspection/CompletionAttributes/Page_JClient/FreeRangeNumber1'

2018-11-29 11:17:16 - [TEST_STEP][PASSED] - click(findTestObject("FSM1/Complete Egg Inspection/CompletionAttributes/Page_JClient/BarnNumber")): Object: 'Object Repository/FSM1/Complete Egg Inspection/CompletionAttributes/Page_JClient/BarnNumber' is clicked on

2018-11-29 11:17:16 - [MESSAGE][PASSED] - Object: 'Object Repository/FSM1/Complete Egg Inspection/CompletionAttributes/Page_JClient/BarnNumber' is clicked on

2018-11-29 11:17:16 - [TEST_STEP][PASSED] - click(findTestObject("FSM1/Complete Egg Inspection/CompletionAttributes/Page_JClient/FreeRangeCompliant")): Object: 'Object Repository/FSM1/Complete Egg Inspection/CompletionAttributes/Page_JClient/FreeRangeCompliant' is clicked on

2018-11-29 11:17:16 - [MESSAGE][PASSED] - Object: 'Object Repository/FSM1/Complete Egg Inspection/CompletionAttributes/Page_JClient/FreeRangeCompliant' is clicked on

2018-11-29 11:17:16 - [TEST_STEP][PASSED] - setText(findTestObject("FSM1/Complete Egg Inspection/CompletionAttributes/Page_JClient/BarnNumber1"), "1"): Text '1' is set on object 'Object Repository/FSM1/Complete Egg Inspection/CompletionAttributes/Page_JClient/BarnNumber1'

2018-11-29 11:17:17 - [MESSAGE][PASSED] - Text '1' is set on object 'Object Repository/FSM1/Complete Egg Inspection/CompletionAttributes/Page_JClient/BarnNumber1'

2018-11-29 11:17:17 - [TEST_STEP][PASSED] - click(findTestObject("FSM1/Complete Egg Inspection/CompletionAttributes/Page_JClient/CageEnriched")): Object: 'Object Repository/FSM1/Complete Egg Inspection/CompletionAttributes/Page_JClient/CageEnriched' is clicked on

2018-11-29 11:17:17 - [MESSAGE][PASSED] - Object: 'Object Repository/FSM1/Complete Egg Inspection/CompletionAttributes/Page_JClient/CageEnriched' is clicked on

2018-11-29 11:17:17 - [TEST_STEP][PASSED] - click(findTestObject("FSM1/Complete Egg Inspection/CompletionAttributes/Page_JClient/BarnNumberCompliant")): Object: 'Object Repository/FSM1/Complete Egg Inspection/CompletionAttributes/Page_JClient/BarnNumberCompliant' is clicked on

2018-11-29 11:17:17 - [MESSAGE][PASSED] - Object: 'Object Repository/FSM1/Complete Egg Inspection/CompletionAttributes/Page_JClient/BarnNumberCompliant' is clicked on

2018-11-29 11:17:17 - [TEST_STEP][PASSED] - setText(findTestObject("FSM1/Complete Egg Inspection/CompletionAttributes/Page_JClient/CageEnriched1"), "1"): Text '1' is set on object 'Object Repository/FSM1/Complete Egg Inspection/CompletionAttributes/Page_JClient/CageEnriched1'

2018-11-29 11:17:17 - [MESSAGE][PASSED] - Text '1' is set on object 'Object Repository/FSM1/Complete Egg Inspection/CompletionAttributes/Page_JClient/CageEnriched1'

2018-11-29 11:17:17 - [TEST_STEP][PASSED] - click(findTestObject("FSM1/Complete Egg Inspection/CompletionAttributes/Page_JClient/VeterinaryRecords")): Object: 'Object Repository/FSM1/Complete Egg Inspection/CompletionAttributes/Page_JClient/VeterinaryRecords' is clicked on

2018-11-29 11:17:17 - [MESSAGE][PASSED] - Object: 'Object Repository/FSM1/Complete Egg Inspection/CompletionAttributes/Page_JClient/VeterinaryRecords' is clicked on

2018-11-29 11:17:17 - [TEST_STEP][PASSED] - click(findTestObject("FSM1/Complete Egg Inspection/CompletionAttributes/Page_JClient/CageEnrichedCompliant")): Object: 'Object Repository/FSM1/Complete Egg Inspection/CompletionAttributes/Page_JClient/CageEnrichedCompliant' is clicked on

2018-11-29 11:17:17 - [MESSAGE][PASSED] - Object: 'Object Repository/FSM1/Complete Egg Inspection/CompletionAttributes/Page_JClient/CageEnrichedCompliant' is clicked on

2018-11-29 11:17:17 - [TEST_STEP][PASSED] - click(findTestObject("FSM1/Complete Egg Inspection/CompletionAttributes/Page_JClient/VeterinaryMedical")): Object: 'Object Repository/FSM1/Complete Egg Inspection/CompletionAttributes/Page_JClient/VeterinaryMedical' is clicked on

2018-11-29 11:17:18 - [MESSAGE][PASSED] - Object: 'Object Repository/FSM1/Complete Egg Inspection/CompletionAttributes/Page_JClient/VeterinaryMedical' is clicked on

2018-11-29 11:17:18 - [TEST_STEP][PASSED] - click(findTestObject("FSM1/Complete Egg Inspection/CompletionAttributes/Page_JClient/HygieneCompliant")): Object: 'Object Repository/FSM1/Complete Egg Inspection/CompletionAttributes/Page_JClient/HygieneCompliant' is clicked on

2018-11-29 11:17:18 - [MESSAGE][PASSED] - Object: 'Object Repository/FSM1/Complete Egg Inspection/CompletionAttributes/Page_JClient/HygieneCompliant' is clicked on

2018-11-29 11:17:18 - [TEST_STEP][PASSED] - click(findTestObject("FSM1/Complete Egg Inspection/CompletionAttributes/Page_JClient/WelfareCompliant")): Object: 'Object Repository/FSM1/Complete Egg Inspection/CompletionAttributes/Page_JClient/WelfareCompliant' is clicked on

2018-11-29 11:17:18 - [MESSAGE][PASSED] - Object: 'Object Repository/FSM1/Complete Egg Inspection/CompletionAttributes/Page_JClient/WelfareCompliant' is clicked on

2018-11-29 11:17:18 - [TEST_STEP][PASSED] - click(findTestObject("FSM1/Complete Egg Inspection/CompletionAttributes/Page_JClient/SalmonellaCompliant")): Object: 'Object Repository/FSM1/Complete Egg Inspection/CompletionAttributes/Page_JClient/SalmonellaCompliant' is clicked on

2018-11-29 11:17:18 - [MESSAGE][PASSED] - Object: 'Object Repository/FSM1/Complete Egg Inspection/CompletionAttributes/Page_JClient/SalmonellaCompliant' is clicked on

2018-11-29 11:17:18 - [TEST_STEP][PASSED] - click(findTestObject("FSM1/Complete Egg Inspection/CompletionAttributes/Page_JClient/VMDCompliant")): Object: 'Object Repository/FSM1/Complete Egg Inspection/CompletionAttributes/Page_JClient/VMDCompliant' is clicked on

2018-11-29 11:17:18 - [MESSAGE][PASSED] - Object: 'Object Repository/FSM1/Complete Egg Inspection/CompletionAttributes/Page_JClient/VMDCompliant' is clicked on

2018-11-29 11:17:18 - [TEST_STEP][PASSED] - click(findTestObject("FSM1/Complete Egg Inspection/CompletionAttributes/Page_JClient/PremisesCompliant")): Object: 'Object Repository/FSM1/Complete Egg Inspection/CompletionAttributes/Page_JClient/PremisesCompliant' is clicked on

2018-11-29 11:17:19 - [MESSAGE][PASSED] - Object: 'Object Repository/FSM1/Complete Egg Inspection/CompletionAttributes/Page_JClient/PremisesCompliant' is clicked on

2018-11-29 11:17:19 - [TEST_STEP][PASSED] - click(findTestObject("FSM1/Complete Egg Inspection/CompletionAttributes/Page_JClient/PremisesTempCompliant")): Object: 'Object Repository/FSM1/Complete Egg Inspection/CompletionAttributes/Page_JClient/PremisesTempCompliant' is clicked on

2018-11-29 11:17:19 - [MESSAGE][PASSED] - Object: 'Object Repository/FSM1/Complete Egg Inspection/CompletionAttributes/Page_JClient/PremisesTempCompliant' is clicked on

2018-11-29 11:17:19 - [TEST_STEP][PASSED] - click(findTestObject("FSM1/Complete Egg Inspection/CompletionAttributes/Page_JClient/EquipmentCompliant")): Object: 'Object Repository/FSM1/Complete Egg Inspection/CompletionAttributes/Page_JClient/EquipmentCompliant' is clicked on

2018-11-29 11:17:19 - [MESSAGE][PASSED] - Object: 'Object Repository/FSM1/Complete Egg Inspection/CompletionAttributes/Page_JClient/EquipmentCompliant' is clicked on

2018-11-29 11:17:19 - [TEST_STEP][PASSED] - click(findTestObject("FSM1/Complete Egg Inspection/CompletionAttributes/Page_JClient/QualityCompliant")): Object: 'Object Repository/FSM1/Complete Egg Inspection/CompletionAttributes/Page_JClient/QualityCompliant' is clicked on

2018-11-29 11:17:19 - [MESSAGE][PASSED] - Object: 'Object Repository/FSM1/Complete Egg Inspection/CompletionAttributes/Page_JClient/QualityCompliant' is clicked on

2018-11-29 11:17:19 - [TEST_STEP][PASSED] - click(findTestObject("FSM1/Complete Egg Inspection/CompletionAttributes/Page_JClient/WeightGradingCompliant")): Object: 'Object Repository/FSM1/Complete Egg Inspection/CompletionAttributes/Page_JClient/WeightGradingCompliant' is clicked on

2018-11-29 11:17:19 - [MESSAGE][PASSED] - Object: 'Object Repository/FSM1/Complete Egg Inspection/CompletionAttributes/Page_JClient/WeightGradingCompliant' is clicked on

2018-11-29 11:17:19 - [TEST_STEP][PASSED] - click(findTestObject("FSM1/Complete Egg Inspection/CompletionAttributes/Page_JClient/ProductionCompliant")): Object: 'Object Repository/FSM1/Complete Egg Inspection/CompletionAttributes/Page_JClient/ProductionCompliant' is clicked on

2018-11-29 11:17:20 - [MESSAGE][PASSED] - Object: 'Object Repository/FSM1/Complete Egg Inspection/CompletionAttributes/Page_JClient/ProductionCompliant' is clicked on

2018-11-29 11:17:20 - [TEST_STEP][PASSED] - click(findTestObject("FSM1/Complete Egg Inspection/CompletionAttributes/Page_JClient/MarkingEggsCompliant")): Object: 'Object Repository/FSM1/Complete Egg Inspection/CompletionAttributes/Page_JClient/MarkingEggsCompliant' is clicked on

2018-11-29 11:17:20 - [MESSAGE][PASSED] - Object: 'Object Repository/FSM1/Complete Egg Inspection/CompletionAttributes/Page_JClient/MarkingEggsCompliant' is clicked on

2018-11-29 11:17:20 - [TEST_STEP][PASSED] - delay(2): Delayed 2 second(s)

2018-11-29 11:17:22 - [MESSAGE][PASSED] - Delayed 2 second(s)

2018-11-29 11:17:22 - [TEST_STEP][PASSED] - click(findTestObject("FSM1/Complete Egg Inspection/CompletionAttributes/Page_JClient/LabellingCompliant1")): Object: 'Object Repository/FSM1/Complete Egg Inspection/CompletionAttributes/Page_JClient/LabellingCompliant1' is clicked on

2018-11-29 11:17:22 - [MESSAGE][PASSED] - Object: 'Object Repository/FSM1/Complete Egg Inspection/CompletionAttributes/Page_JClient/LabellingCompliant1' is clicked on

2018-11-29 11:17:22 - [TEST_STEP][PASSED] - selectOptionByValue(findTestObject("Object Repository/FSM1/Complete Egg Inspection/CompletionAttributes/Page_JClient/Page_JClient/Page_JClient/select_Yes"), "COMPLETED", true): All options with value 'COMPLETED' are selected in object 'Object Repository/FSM1/Complete Egg Inspection/CompletionAttributes/Page_JClient/Page_JClient/Page_JClient/select_Yes'  using regular expression

2018-11-29 11:17:22 - [MESSAGE][PASSED] - All options with value 'COMPLETED' are selected in object 'Object Repository/FSM1/Complete Egg Inspection/CompletionAttributes/Page_JClient/Page_JClient/Page_JClient/select_Yes'  using regular expression

2018-11-29 11:17:22 - [TEST_STEP][PASSED] - click(findTestObject("FSM1/Complete Egg Inspection/CompletionAttributes/Page_JClient/Page_JClient/div_Save")): Object: 'Object Repository/FSM1/Complete Egg Inspection/CompletionAttributes/Page_JClient/Page_JClient/div_Save' is clicked on

2018-11-29 11:17:22 - [MESSAGE][PASSED] - Object: 'Object Repository/FSM1/Complete Egg Inspection/CompletionAttributes/Page_JClient/Page_JClient/div_Save' is clicked on

2018-11-29 11:17:22 - [TEST_STEP][PASSED] - delay(10): Delayed 10 second(s)

2018-11-29 11:17:32 - [MESSAGE][PASSED] - Delayed 10 second(s)

2018-11-29 11:17:32 - [TEST_STEP][PASSED] - click(findTestObject("FSM1/Complete Egg Inspection/CompletionAttributes/Page_JClient/CompletedOK")): Object: 'Object Repository/FSM1/Complete Egg Inspection/CompletionAttributes/Page_JClient/CompletedOK' is clicked on

2018-11-29 11:17:33 - [MESSAGE][PASSED] - Object: 'Object Repository/FSM1/Complete Egg Inspection/CompletionAttributes/Page_JClient/CompletedOK' is clicked on

2018-11-29 11:17:33 - [TEST_STEP][PASSED] - delay(30): Delayed 30 second(s)

2018-11-29 11:18:03 - [MESSAGE][PASSED] - Delayed 30 second(s)]]></system-out>
         <system-err><![CDATA[]]></system-err>
      </testcase>
      <testcase name="Test Cases/Generic/Launch Job Manager Control Centre - Check Result" classname="Test Cases/Generic/Launch Job Manager Control Centre - Check Result" status="PASSED">
         <system-out><![CDATA[2018-11-29 11:18:03 - [TEST_CASE][PASSED] - Test Cases/Generic/Launch Job Manager Control Centre - Check Result: Test Cases/Generic/Launch Job Manager Control Centre - Check Result

2018-11-29 11:18:03 - [TEST_STEP][PASSED] - openBrowser(""): Browser is opened with url: ''

2018-11-29 11:18:03 - [MESSAGE][WARNING] - A browser is already opened. Closing browser and opening a new one

2018-11-29 11:18:04 - [MESSAGE][INFO] - Starting 'Chrome' driver

2018-11-29 11:18:07 - [MESSAGE][PASSED] - Browser is opened with url: ''

2018-11-29 11:18:07 - [TEST_STEP][PASSED] - navigateToUrl(CCURL): Navigate to 'https://kirona-def-11.kirona.com/jmtrain' successfully

2018-11-29 11:18:08 - [MESSAGE][PASSED] - Navigate to 'https://kirona-def-11.kirona.com/jmtrain' successfully

2018-11-29 11:18:08 - [TEST_STEP][PASSED] - setText(findTestObject("FSM1/Control Centre/Page_Job Manager Login/input_gwt-uid-3"), Username): Text 'jon.hatfield' is set on object 'Object Repository/FSM1/Control Centre/Page_Job Manager Login/input_gwt-uid-3'

2018-11-29 11:18:10 - [MESSAGE][PASSED] - Text 'jon.hatfield' is set on object 'Object Repository/FSM1/Control Centre/Page_Job Manager Login/input_gwt-uid-3'

2018-11-29 11:18:10 - [TEST_STEP][PASSED] - setText(findTestObject("FSM1/Control Centre/Page_Job Manager Login/input_gwt-uid-5"), Password): Text 'Fr@nc1sJ0n' is set on object 'Object Repository/FSM1/Control Centre/Page_Job Manager Login/input_gwt-uid-5'

2018-11-29 11:18:10 - [MESSAGE][PASSED] - Text 'Fr@nc1sJ0n' is set on object 'Object Repository/FSM1/Control Centre/Page_Job Manager Login/input_gwt-uid-5'

2018-11-29 11:18:10 - [TEST_STEP][PASSED] - click(findTestObject("FSM1/PreProd/Page_Job Manager Login/div_Login")): Object: 'Object Repository/FSM1/PreProd/Page_Job Manager Login/div_Login' is clicked on

2018-11-29 11:18:10 - [MESSAGE][PASSED] - Object: 'Object Repository/FSM1/PreProd/Page_Job Manager Login/div_Login' is clicked on

2018-11-29 11:18:10 - [TEST_STEP][PASSED] - delay(5): Delayed 5 second(s)

2018-11-29 11:18:15 - [MESSAGE][PASSED] - Delayed 5 second(s)]]></system-out>
         <system-err><![CDATA[]]></system-err>
      </testcase>
      <testcase name="Test Cases/EMI/Control Centre - Check Results - EMI" classname="Test Cases/EMI/Control Centre - Check Results - EMI" status="PASSED">
         <system-out><![CDATA[2018-11-29 11:18:15 - [TEST_CASE][PASSED] - Test Cases/EMI/Control Centre - Check Results - EMI: Test Cases/EMI/Control Centre - Check Results - EMI

2018-11-29 11:18:16 - [TEST_STEP][PASSED] - log = new com.kms.katalon.core.logging.KeywordLogger(): null

2018-11-29 11:18:16 - [TEST_STEP][PASSED] - setText(findTestObject("Object Repository/FSM1/EMI Check Results/Page_JM Control Centre/input_Recents_v-textfield v-wi"), temp): Text '94119' is set on object 'Object Repository/FSM1/EMI Check Results/Page_JM Control Centre/input_Recents_v-textfield v-wi'

2018-11-29 11:18:16 - [MESSAGE][PASSED] - Text '94119' is set on object 'Object Repository/FSM1/EMI Check Results/Page_JM Control Centre/input_Recents_v-textfield v-wi'

2018-11-29 11:18:16 - [TEST_STEP][PASSED] - click(findTestObject("Object Repository/FSM1/EMI Check Results/Page_JM Control Centre/span_")): Object: 'Object Repository/FSM1/EMI Check Results/Page_JM Control Centre/span_' is clicked on

2018-11-29 11:18:17 - [MESSAGE][PASSED] - Object: 'Object Repository/FSM1/EMI Check Results/Page_JM Control Centre/span_' is clicked on

2018-11-29 11:18:17 - [TEST_STEP][PASSED] - waitForElementPresent(findTestObject("Object Repository/FSM1/EMI Check Results/Page_JM Control Centre/div_CLOSED"), 60): Object 'Object Repository/FSM1/EMI Check Results/Page_JM Control Centre/div_CLOSED' is present

2018-11-29 11:18:22 - [MESSAGE][PASSED] - Object 'Object Repository/FSM1/EMI Check Results/Page_JM Control Centre/div_CLOSED' is present

2018-11-29 11:18:22 - [TEST_STEP][PASSED] - verifyElementPresent(findTestObject("FSM1/EMI Check Results/Page_JM Control Centre/Page_JM Control Centre/Page_JM Control Centre/Page_JM Control Centre/Page_JM Control Centre/div_Attachments_EMI Technical"), 5): Object 'Object Repository/FSM1/EMI Check Results/Page_JM Control Centre/Page_JM Control Centre/Page_JM Control Centre/Page_JM Control Centre/Page_JM Control Centre/div_Attachments_EMI Technical' is present

2018-11-29 11:18:22 - [MESSAGE][PASSED] - Object 'Object Repository/FSM1/EMI Check Results/Page_JM Control Centre/Page_JM Control Centre/Page_JM Control Centre/Page_JM Control Centre/Page_JM Control Centre/div_Attachments_EMI Technical' is present]]></system-out>
         <system-err><![CDATA[]]></system-err>
      </testcase>
      <testcase name="Test Cases/ABP/Generic/Check Subsequent Inspection Doesnt Exist" classname="Test Cases/ABP/Generic/Check Subsequent Inspection Doesnt Exist" status="PASSED">
         <system-out><![CDATA[2018-11-29 11:18:22 - [TEST_CASE][PASSED] - Test Cases/ABP/Generic/Check Subsequent Inspection Doesnt Exist: Test Cases/ABP/Generic/Check Subsequent Inspection Doesnt Exist

2018-11-29 11:18:22 - [TEST_STEP][PASSED] - delay(2): Delayed 2 second(s)

2018-11-29 11:18:24 - [MESSAGE][PASSED] - Delayed 2 second(s)

2018-11-29 11:18:24 - [TEST_STEP][PASSED] - click(findTestObject("Object Repository/FSM1/Complete ABP Inspection/Check Subsequent Inspections/New/Page_JM Control Centre/div_")): Object: 'Object Repository/FSM1/Complete ABP Inspection/Check Subsequent Inspections/New/Page_JM Control Centre/div_' is clicked on

2018-11-29 11:18:25 - [MESSAGE][PASSED] - Object: 'Object Repository/FSM1/Complete ABP Inspection/Check Subsequent Inspections/New/Page_JM Control Centre/div_' is clicked on

2018-11-29 11:18:25 - [TEST_STEP][PASSED] - click(findTestObject("Object Repository/FSM1/Complete ABP Inspection/Check Subsequent Inspections/New/Page_JM Control Centre/span_List All Subordinate Jobs")): Object: 'Object Repository/FSM1/Complete ABP Inspection/Check Subsequent Inspections/New/Page_JM Control Centre/span_List All Subordinate Jobs' is clicked on

2018-11-29 11:18:25 - [MESSAGE][PASSED] - Object: 'Object Repository/FSM1/Complete ABP Inspection/Check Subsequent Inspections/New/Page_JM Control Centre/span_List All Subordinate Jobs' is clicked on

2018-11-29 11:18:25 - [TEST_STEP][PASSED] - verifyElementNotPresent(findTestObject("Object Repository/FSM1/Complete ABP Inspection/Check Subsequent Inspections/New/Page_JM Control Centre/div_2 found."), 5): Web element with id: 'Object Repository/FSM1/Complete ABP Inspection/Check Subsequent Inspections/New/Page_JM Control Centre/div_2 found.' located by 'By.xpath: //div[@class = 'v-captiontext' and (text() = '2 found.' or . = '2 found.')]' is not present after '5' second(s)

2018-11-29 11:18:26 - [MESSAGE][PASSED] - Web element with id: 'Object Repository/FSM1/Complete ABP Inspection/Check Subsequent Inspections/New/Page_JM Control Centre/div_2 found.' located by 'By.xpath: //div[@class = 'v-captiontext' and (text() = '2 found.' or . = '2 found.')]' is not present after '5' second(s)

2018-11-29 11:18:26 - [TEST_STEP][PASSED] - closeBrowser(): Browser is closed

2018-11-29 11:18:27 - [MESSAGE][PASSED] - Browser is closed]]></system-out>
         <system-err><![CDATA[]]></system-err>
      </testcase>
      <system-out><![CDATA[2018-11-29 11:09:45 - [TEST_SUITE][PASSED] - EMI Regression - Packer: Test Cases/ABP/Generic/Check Subsequent Inspection Doesnt Exist]]></system-out>
      <system-err><![CDATA[]]></system-err>
   </testsuite>
</testsuites>
