<?xml version="1.0" encoding="UTF-8"?>
<testsuites name="EMI Regression" time="549" tests="9" failures="0" errors="0">
   <testsuite name="EMI Regression" tests="9" failures="0" errors="0" time="549" timestamp="2018-11-22 15:24:14" hostname="JHATFIELD - SNDFSMINFSRV001.defra.onmicrosoft.com" id="Test Suites/EMI/EMI Regression">
      <properties>
         <property name="deviceName" value=""/>
         <property name="devicePlatform" value=""/>
         <property name="logFolder" value="C:\\Users\\JHATFIELD\\git\\DEFRA-FSM_Automated_Regression_NEW\\Reports\\EMI\\EMI Regression\\20181122_152347"/>
         <property name="logFiles" value="C:\\Users\\JHATFIELD\\git\\DEFRA-FSM_Automated_Regression_NEW\\Reports\\EMI\\EMI Regression\\20181122_152347\\execution0.log"/>
         <property name="attachments" value=""/>
         <property name="hostName" value="JHATFIELD - SNDFSMINFSRV001.defra.onmicrosoft.com"/>
         <property name="os" value="Windows Server 2016 64bit"/>
         <property name="katalonVersion" value="5.8.6.1"/>
         <property name="browser" value="Chrome 70.0.3538.102"/>
         <property name="hostAddress" value="10.201.1.17"/>
         <property name="sessionId" value="7d9ace9268bb06ba7abe228bbef2c59d"/>
         <property name="seleniumVersion" value="3.7.1"/>
         <property name="proxyInformation" value="ProxyInformation{proxyOption=NO_PROXY, proxyServerType=HTTP, password=, proxyServerAddress=, proxyServerPort=0}"/>
         <property name="platform" value="Windows Server 2016"/>
      </properties>
      <testcase name="Test Cases/Generic/Launch Job Manager Control Centre" classname="Test Cases/Generic/Launch Job Manager Control Centre" status="PASSED">
         <system-out><![CDATA[2018-11-22 15:24:15 - [TEST_CASE][PASSED] - Test Cases/Generic/Launch Job Manager Control Centre: Test Cases/Generic/Launch Job Manager Control Centre

2018-11-22 15:24:16 - [TEST_STEP][PASSED] - openBrowser: Browser is opened with url: ''

2018-11-22 15:24:31 - [MESSAGE][PASSED] - Browser is opened with url: ''

2018-11-22 15:24:31 - [TEST_STEP][PASSED] - navigateToUrl: Navigate to 'https://kirona-def-6.kirona.com/jmprep/login#!loginView' successfully

2018-11-22 15:24:33 - [MESSAGE][PASSED] - Navigate to 'https://kirona-def-6.kirona.com/jmprep/login#!loginView' successfully

2018-11-22 15:24:33 - [TEST_STEP][PASSED] - setText: Text 'jon.hatfield' is set on object 'Object Repository/FSM1/Control Centre/Page_Job Manager Login/input_gwt-uid-3'

2018-11-22 15:24:36 - [MESSAGE][PASSED] - Text 'jon.hatfield' is set on object 'Object Repository/FSM1/Control Centre/Page_Job Manager Login/input_gwt-uid-3'

2018-11-22 15:24:36 - [TEST_STEP][PASSED] - setText: Text 'Fr@nc1sJ0n' is set on object 'Object Repository/FSM1/Control Centre/Page_Job Manager Login/input_gwt-uid-5'

2018-11-22 15:24:37 - [MESSAGE][PASSED] - Text 'Fr@nc1sJ0n' is set on object 'Object Repository/FSM1/Control Centre/Page_Job Manager Login/input_gwt-uid-5'

2018-11-22 15:24:37 - [TEST_STEP][PASSED] - click: Object: 'Object Repository/FSM1/PreProd/Page_Job Manager Login/div_Login' is clicked on

2018-11-22 15:24:37 - [MESSAGE][PASSED] - Object: 'Object Repository/FSM1/PreProd/Page_Job Manager Login/div_Login' is clicked on

2018-11-22 15:24:37 - [TEST_STEP][PASSED] - delay: Delayed 5 second(s)

2018-11-22 15:24:42 - [MESSAGE][PASSED] - Delayed 5 second(s)]]></system-out>
         <system-err><![CDATA[]]></system-err>
      </testcase>
      <testcase name="Test Cases/EMI/Create EMI Inspection" classname="Test Cases/EMI/Create EMI Inspection" status="PASSED">
         <system-out><![CDATA[2018-11-22 15:24:42 - [TEST_CASE][PASSED] - Test Cases/EMI/Create EMI Inspection: Test Cases/EMI/Create EMI Inspection

2018-11-22 15:24:43 - [TEST_STEP][PASSED] - Statement - logg = new com.kms.katalon.core.logging.KeywordLogger(): null

2018-11-22 15:24:43 - [TEST_STEP][PASSED] - click: Object: 'Object Repository/FSM1/Control Centre/Create EMI Inspection New/Page_JM Control Centre/div_Create' is clicked on

2018-11-22 15:24:44 - [MESSAGE][PASSED] - Object: 'Object Repository/FSM1/Control Centre/Create EMI Inspection New/Page_JM Control Centre/div_Create' is clicked on

2018-11-22 15:24:44 - [TEST_STEP][PASSED] - click: Object: 'Object Repository/FSM1/Control Centre/Create EMI Inspection New/Page_JM Control Centre/div_v-filterselect-button' is clicked on

2018-11-22 15:24:46 - [MESSAGE][PASSED] - Object: 'Object Repository/FSM1/Control Centre/Create EMI Inspection New/Page_JM Control Centre/div_v-filterselect-button' is clicked on

2018-11-22 15:24:47 - [TEST_STEP][PASSED] - setText: Text 'emi' is set on object 'Object Repository/FSM1/Control Centre/Create EMI Inspection New/Page_JM Control Centre/input_gwt-uid-8'

2018-11-22 15:24:48 - [MESSAGE][PASSED] - Text 'emi' is set on object 'Object Repository/FSM1/Control Centre/Create EMI Inspection New/Page_JM Control Centre/input_gwt-uid-8'

2018-11-22 15:24:48 - [TEST_STEP][PASSED] - click: Object: 'Object Repository/FSM1/Control Centre/Create EMI Inspection New/Page_JM Control Centre/span_EMI Inspection' is clicked on

2018-11-22 15:24:48 - [MESSAGE][PASSED] - Object: 'Object Repository/FSM1/Control Centre/Create EMI Inspection New/Page_JM Control Centre/span_EMI Inspection' is clicked on

2018-11-22 15:24:48 - [TEST_STEP][PASSED] - setText: Text '15' is set on object 'Object Repository/FSM1/Control Centre/Create EMI Inspection New/Page_JM Control Centre/input_gwt-uid-16'

2018-11-22 15:24:51 - [MESSAGE][PASSED] - Text '15' is set on object 'Object Repository/FSM1/Control Centre/Create EMI Inspection New/Page_JM Control Centre/input_gwt-uid-16'

2018-11-22 15:24:52 - [TEST_STEP][PASSED] - click: Object: 'Object Repository/FSM1/Control Centre/Create EMI Inspection New/Page_JM Control Centre/div_v-filterselect-button_1' is clicked on

2018-11-22 15:24:52 - [MESSAGE][PASSED] - Object: 'Object Repository/FSM1/Control Centre/Create EMI Inspection New/Page_JM Control Centre/div_v-filterselect-button_1' is clicked on

2018-11-22 15:24:52 - [TEST_STEP][PASSED] - click: Object: 'Object Repository/FSM1/Control Centre/Create EMI Inspection New/Page_JM Control Centre/span_24 Hours' is clicked on

2018-11-22 15:24:53 - [MESSAGE][PASSED] - Object: 'Object Repository/FSM1/Control Centre/Create EMI Inspection New/Page_JM Control Centre/span_24 Hours' is clicked on

2018-11-22 15:24:53 - [TEST_STEP][PASSED] - click: Object: 'Object Repository/FSM1/Control Centre/Create EMI Inspection New/Page_JM Control Centre/div_v-filterselect-button_2' is clicked on

2018-11-22 15:24:53 - [MESSAGE][PASSED] - Object: 'Object Repository/FSM1/Control Centre/Create EMI Inspection New/Page_JM Control Centre/div_v-filterselect-button_2' is clicked on

2018-11-22 15:24:54 - [TEST_STEP][PASSED] - click: Object: 'Object Repository/FSM1/Control Centre/Create EMI Inspection New/Page_JM Control Centre/span_West' is clicked on

2018-11-22 15:24:54 - [MESSAGE][PASSED] - Object: 'Object Repository/FSM1/Control Centre/Create EMI Inspection New/Page_JM Control Centre/span_West' is clicked on

2018-11-22 15:24:54 - [TEST_STEP][PASSED] - click: Object: 'Object Repository/FSM1/Control Centre/Create EMI Inspection New/Page_JM Control Centre/div_v-filterselect-button_2' is clicked on

2018-11-22 15:24:55 - [MESSAGE][PASSED] - Object: 'Object Repository/FSM1/Control Centre/Create EMI Inspection New/Page_JM Control Centre/div_v-filterselect-button_2' is clicked on

2018-11-22 15:24:55 - [TEST_STEP][PASSED] - click: Object: 'Object Repository/FSM1/Control Centre/Create EMI Inspection New/Page_JM Control Centre/span_EMI Routine' is clicked on

2018-11-22 15:24:55 - [MESSAGE][PASSED] - Object: 'Object Repository/FSM1/Control Centre/Create EMI Inspection New/Page_JM Control Centre/span_EMI Routine' is clicked on

2018-11-22 15:24:55 - [TEST_STEP][PASSED] - setText: Text 'Test Automation' is set on object 'Object Repository/FSM1/Control Centre/Create EMI Inspection New/Page_JM Control Centre/input_gwt-uid-34'

2018-11-22 15:24:56 - [MESSAGE][PASSED] - Text 'Test Automation' is set on object 'Object Repository/FSM1/Control Centre/Create EMI Inspection New/Page_JM Control Centre/input_gwt-uid-34'

2018-11-22 15:24:56 - [TEST_STEP][PASSED] - setText: Text '04199' is set on object 'Object Repository/FSM1/Control Centre/Create EMI Inspection New/Page_JM Control Centre/input_gwt-uid-40'

2018-11-22 15:24:57 - [MESSAGE][PASSED] - Text '04199' is set on object 'Object Repository/FSM1/Control Centre/Create EMI Inspection New/Page_JM Control Centre/input_gwt-uid-40'

2018-11-22 15:24:57 - [TEST_STEP][PASSED] - setText: Text '34929' is set on object 'Object Repository/FSM1/Control Centre/Create EMI Inspection New/Page_JM Control Centre/input_gwt-uid-42'

2018-11-22 15:24:58 - [MESSAGE][PASSED] - Text '34929' is set on object 'Object Repository/FSM1/Control Centre/Create EMI Inspection New/Page_JM Control Centre/input_gwt-uid-42'

2018-11-22 15:24:58 - [TEST_STEP][PASSED] - click: Object: 'Object Repository/FSM1/Control Centre/Create EMI Inspection New/Page_JM Control Centre/div_v-filterselect-button_2' is clicked on

2018-11-22 15:24:58 - [MESSAGE][PASSED] - Object: 'Object Repository/FSM1/Control Centre/Create EMI Inspection New/Page_JM Control Centre/div_v-filterselect-button_2' is clicked on

2018-11-22 15:24:58 - [TEST_STEP][PASSED] - click: Object: 'Object Repository/FSM1/Control Centre/Create EMI Inspection New/Page_JM Control Centre/td_EGG PACKER' is clicked on

2018-11-22 15:24:59 - [MESSAGE][PASSED] - Object: 'Object Repository/FSM1/Control Centre/Create EMI Inspection New/Page_JM Control Centre/td_EGG PACKER' is clicked on

2018-11-22 15:24:59 - [TEST_STEP][PASSED] - click: Object: 'Object Repository/FSM1/Control Centre/Create EMI Inspection/Page_JM Control Centre/span_' is clicked on

2018-11-22 15:24:59 - [MESSAGE][PASSED] - Object: 'Object Repository/FSM1/Control Centre/Create EMI Inspection/Page_JM Control Centre/span_' is clicked on

2018-11-22 15:24:59 - [TEST_STEP][PASSED] - click: Object: 'Object Repository/FSM1/Control Centre/Create EMI Inspection/Address Search/Page_JM Control Centre/Postcode Search' is clicked on

2018-11-22 15:25:02 - [MESSAGE][PASSED] - Object: 'Object Repository/FSM1/Control Centre/Create EMI Inspection/Address Search/Page_JM Control Centre/Postcode Search' is clicked on

2018-11-22 15:25:02 - [TEST_STEP][PASSED] - setText: Text 'WR5 2NQ' is set on object 'Object Repository/FSM1/PreProd/Page_JM Control Centre/PostcodeSearch'

2018-11-22 15:25:02 - [MESSAGE][PASSED] - Text 'WR5 2NQ' is set on object 'Object Repository/FSM1/PreProd/Page_JM Control Centre/PostcodeSearch'

2018-11-22 15:25:02 - [TEST_STEP][PASSED] - click: Object: 'Object Repository/FSM1/Control Centre/Create EMI Inspection/Create Address/Page_JM Control Centre (1)/SearchButton' is clicked on

2018-11-22 15:25:03 - [MESSAGE][PASSED] - Object: 'Object Repository/FSM1/Control Centre/Create EMI Inspection/Create Address/Page_JM Control Centre (1)/SearchButton' is clicked on

2018-11-22 15:25:04 - [TEST_STEP][PASSED] - Statement - FullAddress = com.kms.katalon.core.webui.keyword.WebUiBuiltInKeywords.modifyObjectProperty(com.kms.katalon.core.testobject.ObjectRepository.findTestObject(FSM1/Control Centre/Create EMI Inspection/Page_JM Control Centre/Address), "text", "equals", com.kms.katalon.core.testdata.TestDataFactory.findTestData(Pre Production/EMI/EMI Inspection Data).getValue(2, 1), true): Modify property of object successfully

2018-11-22 15:25:04 - [MESSAGE][PASSED] - Modify property of object successfully

2018-11-22 15:25:04 - [TEST_STEP][PASSED] - click: Object: 'Object Repository/FSM1/Control Centre/Create EMI Inspection/Page_JM Control Centre/Address' is clicked on

2018-11-22 15:25:05 - [MESSAGE][PASSED] - Object: 'Object Repository/FSM1/Control Centre/Create EMI Inspection/Page_JM Control Centre/Address' is clicked on

2018-11-22 15:25:05 - [TEST_STEP][PASSED] - click: Object: 'Object Repository/FSM1/Control Centre/Create EMI Inspection/Create Address/Page_JM Control Centre (2)/div_Add Selected Item' is clicked on

2018-11-22 15:25:05 - [MESSAGE][PASSED] - Object: 'Object Repository/FSM1/Control Centre/Create EMI Inspection/Create Address/Page_JM Control Centre (2)/div_Add Selected Item' is clicked on

2018-11-22 15:25:05 - [TEST_STEP][PASSED] - delay: Delayed 2 second(s)

2018-11-22 15:25:07 - [MESSAGE][PASSED] - Delayed 2 second(s)

2018-11-22 15:25:07 - [TEST_STEP][PASSED] - setText: Text 'test' is set on object 'Object Repository/FSM1/Control Centre/Create EMI Inspection/FixedResource/Page_JM Control Centre (3)/input_gwt-uid-145'

2018-11-22 15:25:09 - [MESSAGE][PASSED] - Text 'test' is set on object 'Object Repository/FSM1/Control Centre/Create EMI Inspection/FixedResource/Page_JM Control Centre (3)/input_gwt-uid-145'

2018-11-22 15:25:09 - [TEST_STEP][PASSED] - click: Object: 'Object Repository/FSM1/Control Centre/Create EMI Inspection New/Page_JM Control Centre/span_Test Inspector' is clicked on

2018-11-22 15:25:09 - [MESSAGE][PASSED] - Object: 'Object Repository/FSM1/Control Centre/Create EMI Inspection New/Page_JM Control Centre/span_Test Inspector' is clicked on

2018-11-22 15:25:09 - [TEST_STEP][PASSED] - click: Object: 'Object Repository/FSM1/Control Centre/Create EMI Inspection/Finish/Page_JM Control Centre (3)/div_Create' is clicked on

2018-11-22 15:25:10 - [MESSAGE][PASSED] - Object: 'Object Repository/FSM1/Control Centre/Create EMI Inspection/Finish/Page_JM Control Centre (3)/div_Create' is clicked on

2018-11-22 15:25:10 - [TEST_STEP][PASSED] - waitForElementPresent: Object 'Object Repository/FSM1/Control Centre/Status/Page_JM Control Centre/div_PLANNED DYNAMIC' is present

2018-11-22 15:26:06 - [MESSAGE][PASSED] - Object 'Object Repository/FSM1/Control Centre/Status/Page_JM Control Centre/div_PLANNED DYNAMIC' is present

2018-11-22 15:26:06 - [TEST_STEP][PASSED] - Statement - InspectionID = com.kms.katalon.core.webui.keyword.WebUiBuiltInKeywords.getText(com.kms.katalon.core.testobject.ObjectRepository.findTestObject(FSM1/Control Centre/Create EMI Inspection/InspectionID/Page_JM Control Centre/InspectionID)): Text of object 'Object Repository/FSM1/Control Centre/Create EMI Inspection/InspectionID/Page_JM Control Centre/InspectionID' is: 'Viewing Job 91338'

2018-11-22 15:26:06 - [MESSAGE][PASSED] - Text of object 'Object Repository/FSM1/Control Centre/Create EMI Inspection/InspectionID/Page_JM Control Centre/InspectionID' is: 'Viewing Job 91338'

2018-11-22 15:26:06 - [TEST_STEP][PASSED] - Statement - InspectionID = InspectionID.replaceAll("Viewing Job ", ""): null

2018-11-22 15:26:06 - [TEST_STEP][PASSED] - Statement - logg.logWarning(InspectionID): 91338

2018-11-22 15:26:06 - [MESSAGE][WARNING] - 91338

2018-11-22 15:26:06 - [TEST_STEP][PASSED] - Statement - temp = InspectionID: null

2018-11-22 15:26:06 - [TEST_STEP][PASSED] - delay: Delayed 200 second(s)

2018-11-22 15:29:26 - [MESSAGE][PASSED] - Delayed 200 second(s)]]></system-out>
         <system-err><![CDATA[]]></system-err>
      </testcase>
      <testcase name="Test Cases/Generic/Launch Job Manager" classname="Test Cases/Generic/Launch Job Manager" status="PASSED">
         <system-out><![CDATA[2018-11-22 15:29:26 - [TEST_CASE][PASSED] - Test Cases/Generic/Launch Job Manager: Test Cases/Generic/Launch Job Manager

2018-11-22 15:29:26 - [TEST_STEP][PASSED] - openBrowser: Browser is opened with url: ''

2018-11-22 15:29:26 - [MESSAGE][WARNING] - A browser is already opened. Closing browser and opening a new one

2018-11-22 15:29:30 - [MESSAGE][PASSED] - Browser is opened with url: ''

2018-11-22 15:29:30 - [TEST_STEP][PASSED] - navigateToUrl: Navigate to 'https://kirona-def-6.kirona.com/jmprep/jclient/jclient.html' successfully

2018-11-22 15:29:31 - [MESSAGE][PASSED] - Navigate to 'https://kirona-def-6.kirona.com/jmprep/jclient/jclient.html' successfully

2018-11-22 15:29:31 - [TEST_STEP][PASSED] - setText: Text 'KIR1' is set on object 'Object Repository/FSM1/Launch Application/Page_JClient/input_gwt-TextBox GKH2EKQBMDB'

2018-11-22 15:29:34 - [MESSAGE][PASSED] - Text 'KIR1' is set on object 'Object Repository/FSM1/Launch Application/Page_JClient/input_gwt-TextBox GKH2EKQBMDB'

2018-11-22 15:29:34 - [TEST_STEP][PASSED] - sendKeys: Keys 'ENTER + ' sent to object: 'Object Repository/FSM1/Launch Application/Page_JClient/input_gwt-TextBox GKH2EKQBMDB'

2018-11-22 15:29:34 - [MESSAGE][PASSED] - Keys 'ENTER + ' sent to object: 'Object Repository/FSM1/Launch Application/Page_JClient/input_gwt-TextBox GKH2EKQBMDB'

2018-11-22 15:29:34 - [TEST_STEP][PASSED] - click: Object: 'Object Repository/FSM1/Launch Application/Page_JClient/div_Configure App' is clicked on

2018-11-22 15:29:35 - [MESSAGE][PASSED] - Object: 'Object Repository/FSM1/Launch Application/Page_JClient/div_Configure App' is clicked on

2018-11-22 15:29:35 - [TEST_STEP][PASSED] - setText: Text 'test.inspector' is set on object 'Object Repository/FSM1/Launch Application/Page_JClient/input_gwt-TextBox GKH2EKQBNHC'

2018-11-22 15:29:36 - [MESSAGE][PASSED] - Text 'test.inspector' is set on object 'Object Repository/FSM1/Launch Application/Page_JClient/input_gwt-TextBox GKH2EKQBNHC'

2018-11-22 15:29:36 - [TEST_STEP][PASSED] - setText: Text 'Password1.' is set on object 'Object Repository/FSM1/Launch Application/Page_JClient/input_gwt-PasswordTextBox GKH2'

2018-11-22 15:29:37 - [MESSAGE][PASSED] - Text 'Password1.' is set on object 'Object Repository/FSM1/Launch Application/Page_JClient/input_gwt-PasswordTextBox GKH2'

2018-11-22 15:29:37 - [TEST_STEP][PASSED] - click: Object: 'Object Repository/FSM1/Launch Application/Page_JClient/div_Sign In' is clicked on

2018-11-22 15:29:37 - [MESSAGE][PASSED] - Object: 'Object Repository/FSM1/Launch Application/Page_JClient/div_Sign In' is clicked on

2018-11-22 15:29:37 - [TEST_STEP][PASSED] - delay: Delayed 15 second(s)

2018-11-22 15:29:52 - [MESSAGE][PASSED] - Delayed 15 second(s)]]></system-out>
         <system-err><![CDATA[]]></system-err>
      </testcase>
      <testcase name="Test Cases/Generic/Select Inspection" classname="Test Cases/Generic/Select Inspection" status="PASSED">
         <system-out><![CDATA[2018-11-22 15:29:52 - [TEST_CASE][PASSED] - Test Cases/Generic/Select Inspection: Test Cases/Generic/Select Inspection

2018-11-22 15:29:52 - [TEST_STEP][PASSED] - delay: Delayed 30 second(s)

2018-11-22 15:30:22 - [MESSAGE][PASSED] - Delayed 30 second(s)

2018-11-22 15:30:22 - [TEST_STEP][PASSED] - waitForElementClickable: Object 'Object Repository/FSM1/Select Inspection/Landing/Refresh' is clickable

2018-11-22 15:30:23 - [MESSAGE][PASSED] - Object 'Object Repository/FSM1/Select Inspection/Landing/Refresh' is clickable

2018-11-22 15:30:23 - [TEST_STEP][PASSED] - click: Object: 'Object Repository/FSM1/Select Inspection/Landing/Refresh' is clicked on

2018-11-22 15:30:23 - [MESSAGE][PASSED] - Object: 'Object Repository/FSM1/Select Inspection/Landing/Refresh' is clicked on

2018-11-22 15:30:23 - [TEST_STEP][PASSED] - waitForElementClickable: Object 'Object Repository/FSM1/Select Inspection/Landing/Refresh' is clickable

2018-11-22 15:30:24 - [MESSAGE][PASSED] - Object 'Object Repository/FSM1/Select Inspection/Landing/Refresh' is clickable

2018-11-22 15:30:24 - [TEST_STEP][NOT_RUN] - delay: NOT_RUN: delay

2018-11-22 15:30:24 - [MESSAGE][NOT_RUN] - NOT_RUN: delay

2018-11-22 15:30:24 - [TEST_STEP][PASSED] - Statement - InspectionRef = com.kms.katalon.core.webui.keyword.WebUiBuiltInKeywords.modifyObjectProperty(com.kms.katalon.core.testobject.ObjectRepository.findTestObject(FSM1/Select Inspection/Landing/Page_JClient/div_35098), "text", "equals", temp, true, STOP_ON_FAILURE): Modify property of object successfully

2018-11-22 15:30:24 - [MESSAGE][PASSED] - Modify property of object successfully

2018-11-22 15:30:24 - [TEST_STEP][PASSED] - delay: Delayed 20 second(s)

2018-11-22 15:30:44 - [MESSAGE][PASSED] - Delayed 20 second(s)

2018-11-22 15:30:44 - [TEST_STEP][PASSED] - Statement - If (com.kms.katalon.core.webui.keyword.WebUiBuiltInKeywords.verifyElementPresent(InspectionRef, 30, OPTIONAL)): Object: 'Object Repository/FSM1/Select Inspection/Landing/Page_JClient/div_35098' is clicked on

2018-11-22 15:30:44 - [MESSAGE][PASSED] - Object 'Object Repository/FSM1/Select Inspection/Landing/Page_JClient/div_35098' is present

2018-11-22 15:30:44 - [TEST_STEP][PASSED] - delay: Delayed 3 second(s)

2018-11-22 15:30:47 - [MESSAGE][PASSED] - Delayed 3 second(s)

2018-11-22 15:30:47 - [TEST_STEP][PASSED] - click: Object: 'Object Repository/FSM1/Select Inspection/Landing/Page_JClient/div_35098' is clicked on

2018-11-22 15:30:47 - [MESSAGE][PASSED] - Object: 'Object Repository/FSM1/Select Inspection/Landing/Page_JClient/div_35098' is clicked on

2018-11-22 15:30:47 - [TEST_STEP][PASSED] - click: Object: 'Object Repository/FSM1/Select Inspection/Page_JClient/div_WITH OPERATIVE' is clicked on

2018-11-22 15:30:48 - [MESSAGE][PASSED] - Object: 'Object Repository/FSM1/Select Inspection/Page_JClient/div_WITH OPERATIVE' is clicked on

2018-11-22 15:30:48 - [TEST_STEP][PASSED] - delay: Delayed 2 second(s)

2018-11-22 15:30:50 - [MESSAGE][PASSED] - Delayed 2 second(s)

2018-11-22 15:30:50 - [TEST_STEP][PASSED] - click: Object: 'Object Repository/FSM1/Select Inspection/Page_JClient/div_TRAVELLING' is clicked on

2018-11-22 15:30:50 - [MESSAGE][PASSED] - Object: 'Object Repository/FSM1/Select Inspection/Page_JClient/div_TRAVELLING' is clicked on

2018-11-22 15:30:50 - [TEST_STEP][PASSED] - delay: Delayed 2 second(s)

2018-11-22 15:30:52 - [MESSAGE][PASSED] - Delayed 2 second(s)

2018-11-22 15:30:52 - [TEST_STEP][PASSED] - click: Object: 'Object Repository/FSM1/Select Inspection/Page_JClient/div_TRAVELLING' is clicked on

2018-11-22 15:30:53 - [MESSAGE][PASSED] - Object: 'Object Repository/FSM1/Select Inspection/Page_JClient/div_TRAVELLING' is clicked on

2018-11-22 15:30:53 - [TEST_STEP][PASSED] - delay: Delayed 2 second(s)

2018-11-22 15:30:55 - [MESSAGE][PASSED] - Delayed 2 second(s)

2018-11-22 15:30:55 - [TEST_STEP][PASSED] - click: Object: 'Object Repository/FSM1/Select Inspection/Page_JClient/div_ARRIVED' is clicked on

2018-11-22 15:30:55 - [MESSAGE][PASSED] - Object: 'Object Repository/FSM1/Select Inspection/Page_JClient/div_ARRIVED' is clicked on

2018-11-22 15:30:55 - [TEST_STEP][PASSED] - delay: Delayed 2 second(s)

2018-11-22 15:30:57 - [MESSAGE][PASSED] - Delayed 2 second(s)

2018-11-22 15:30:57 - [TEST_STEP][PASSED] - click: Object: 'Object Repository/FSM1/Select Inspection/Page_JClient/div_ARRIVED' is clicked on

2018-11-22 15:30:57 - [MESSAGE][PASSED] - Object: 'Object Repository/FSM1/Select Inspection/Page_JClient/div_ARRIVED' is clicked on

2018-11-22 15:30:57 - [TEST_STEP][PASSED] - delay: Delayed 4 second(s)

2018-11-22 15:31:01 - [MESSAGE][PASSED] - Delayed 4 second(s)

2018-11-22 15:31:01 - [TEST_STEP][PASSED] - click: Object: 'Object Repository/FSM1/Select Inspection/Page_JClient/div_STARTED' is clicked on

2018-11-22 15:31:01 - [MESSAGE][PASSED] - Object: 'Object Repository/FSM1/Select Inspection/Page_JClient/div_STARTED' is clicked on

2018-11-22 15:31:01 - [TEST_STEP][PASSED] - delay: Delayed 2 second(s)

2018-11-22 15:31:03 - [MESSAGE][PASSED] - Delayed 2 second(s)]]></system-out>
         <system-err><![CDATA[]]></system-err>
      </testcase>
      <testcase name="Test Cases/EMI/Complete EMI Inspection - Edit Attributes" classname="Test Cases/EMI/Complete EMI Inspection - Edit Attributes" status="PASSED">
         <system-out><![CDATA[2018-11-22 15:31:03 - [TEST_CASE][PASSED] - Test Cases/EMI/Complete EMI Inspection - Edit Attributes: Test Cases/EMI/Complete EMI Inspection - Edit Attributes

2018-11-22 15:31:04 - [TEST_STEP][PASSED] - Statement - log = new com.kms.katalon.core.logging.KeywordLogger(): null

2018-11-22 15:31:04 - [TEST_STEP][PASSED] - click: Object: 'Object Repository/FSM1/Select Inspection/Landing/Page_JClient (2)/div_Edit attributes' is clicked on

2018-11-22 15:31:05 - [MESSAGE][PASSED] - Object: 'Object Repository/FSM1/Select Inspection/Landing/Page_JClient (2)/div_Edit attributes' is clicked on

2018-11-22 15:31:05 - [TEST_STEP][PASSED] - delay: Delayed 2 second(s)

2018-11-22 15:31:07 - [MESSAGE][PASSED] - Delayed 2 second(s)

2018-11-22 15:31:07 - [TEST_STEP][PASSED] - verifyElementPresent: Object 'Object Repository/FSM1/Complete Egg Inspection/Page_JClient/div_Mr Automation' is present

2018-11-22 15:31:07 - [MESSAGE][WARNING] - Timeout '0' is invalid. Using default page load timeout: '30'

2018-11-22 15:31:07 - [MESSAGE][PASSED] - Object 'Object Repository/FSM1/Complete Egg Inspection/Page_JClient/div_Mr Automation' is present

2018-11-22 15:31:07 - [TEST_STEP][PASSED] - click: Object: 'Object Repository/FSM1/Complete Egg Inspection/Page_JClient/div_Business TypeAUCTION MARKE' is clicked on

2018-11-22 15:31:07 - [MESSAGE][PASSED] - Object: 'Object Repository/FSM1/Complete Egg Inspection/Page_JClient/div_Business TypeAUCTION MARKE' is clicked on

2018-11-22 15:31:07 - [TEST_STEP][NOT_RUN] - click: NOT_RUN: click

2018-11-22 15:31:07 - [MESSAGE][NOT_RUN] - NOT_RUN: click

2018-11-22 15:31:07 - [TEST_STEP][PASSED] - setText: Text '99/888/7777' is set on object 'Object Repository/FSM1/Complete Egg Inspection/Page_JClient/input_gwt-TextBox GKH2EKQBOHC (1)'

2018-11-22 15:31:08 - [MESSAGE][PASSED] - Text '99/888/7777' is set on object 'Object Repository/FSM1/Complete Egg Inspection/Page_JClient/input_gwt-TextBox GKH2EKQBOHC (1)'

2018-11-22 15:31:08 - [TEST_STEP][PASSED] - delay: Delayed 3 second(s)

2018-11-22 15:31:11 - [MESSAGE][PASSED] - Delayed 3 second(s)

2018-11-22 15:31:11 - [TEST_STEP][NOT_RUN] - check: NOT_RUN: check

2018-11-22 15:31:11 - [MESSAGE][NOT_RUN] - NOT_RUN: check

2018-11-22 15:31:11 - [TEST_STEP][NOT_RUN] - setText: NOT_RUN: setText

2018-11-22 15:31:11 - [MESSAGE][NOT_RUN] - NOT_RUN: setText

2018-11-22 15:31:11 - [TEST_STEP][NOT_RUN] - setText: NOT_RUN: setText

2018-11-22 15:31:11 - [MESSAGE][NOT_RUN] - NOT_RUN: setText

2018-11-22 15:31:11 - [TEST_STEP][NOT_RUN] - sendKeys: NOT_RUN: sendKeys

2018-11-22 15:31:11 - [MESSAGE][NOT_RUN] - NOT_RUN: sendKeys

2018-11-22 15:31:11 - [TEST_STEP][NOT_RUN] - setText: NOT_RUN: setText

2018-11-22 15:31:11 - [MESSAGE][NOT_RUN] - NOT_RUN: setText

2018-11-22 15:31:11 - [TEST_STEP][PASSED] - setText: Text 'Egg Automation' is set on object 'Object Repository/FSM1/Complete Egg Inspection/Edit Job Details/Page_JClient/TradingName'

2018-11-22 15:31:11 - [MESSAGE][PASSED] - Text 'Egg Automation' is set on object 'Object Repository/FSM1/Complete Egg Inspection/Edit Job Details/Page_JClient/TradingName'

2018-11-22 15:31:11 - [TEST_STEP][PASSED] - click: Object: 'Object Repository/FSM1/Complete Egg Inspection/Edit Job Details/Page_JClient (6)/EggThroughput' is clicked on

2018-11-22 15:31:12 - [MESSAGE][PASSED] - Object: 'Object Repository/FSM1/Complete Egg Inspection/Edit Job Details/Page_JClient (6)/EggThroughput' is clicked on

2018-11-22 15:31:12 - [TEST_STEP][PASSED] - delay: Delayed 2 second(s)

2018-11-22 15:31:14 - [MESSAGE][PASSED] - Delayed 2 second(s)

2018-11-22 15:31:14 - [TEST_STEP][PASSED] - setText: Text '100' is set on object 'Object Repository/FSM1/Complete Egg Inspection/EggThroughput/Page_JClient/input_gwt-DoubleBox GKH2EKQBOH'

2018-11-22 15:31:14 - [MESSAGE][PASSED] - Text '100' is set on object 'Object Repository/FSM1/Complete Egg Inspection/EggThroughput/Page_JClient/input_gwt-DoubleBox GKH2EKQBOH'

2018-11-22 15:31:14 - [TEST_STEP][PASSED] - setText: Text '90' is set on object 'Object Repository/FSM1/Complete Egg Inspection/Edit Job Details/Page_JClient (2)/PackerRegularFreeRange'

2018-11-22 15:31:15 - [MESSAGE][PASSED] - Text '90' is set on object 'Object Repository/FSM1/Complete Egg Inspection/Edit Job Details/Page_JClient (2)/PackerRegularFreeRange'

2018-11-22 15:31:15 - [TEST_STEP][PASSED] - setText: Text '80' is set on object 'Object Repository/FSM1/Complete Egg Inspection/Edit Job Details/Page_JClient (2)/PackerRegularBarn'

2018-11-22 15:31:15 - [MESSAGE][PASSED] - Text '80' is set on object 'Object Repository/FSM1/Complete Egg Inspection/Edit Job Details/Page_JClient (2)/PackerRegularBarn'

2018-11-22 15:31:15 - [TEST_STEP][PASSED] - setText: Text '70' is set on object 'Object Repository/FSM1/Complete Egg Inspection/Edit Job Details/Page_JClient (2)/PackerRegularCageEnriched'

2018-11-22 15:31:15 - [MESSAGE][PASSED] - Text '70' is set on object 'Object Repository/FSM1/Complete Egg Inspection/Edit Job Details/Page_JClient (2)/PackerRegularCageEnriched'

2018-11-22 15:31:15 - [TEST_STEP][PASSED] - setText: Text '60' is set on object 'Object Repository/FSM1/Complete Egg Inspection/Edit Job Details/Page_JClient (2)/PackerImporterOrganic'

2018-11-22 15:31:16 - [MESSAGE][PASSED] - Text '60' is set on object 'Object Repository/FSM1/Complete Egg Inspection/Edit Job Details/Page_JClient (2)/PackerImporterOrganic'

2018-11-22 15:31:16 - [TEST_STEP][PASSED] - setText: Text '70' is set on object 'Object Repository/FSM1/Complete Egg Inspection/Edit Job Details/Page_JClient (2)/PackerImporterFreeRange'

2018-11-22 15:31:16 - [MESSAGE][PASSED] - Text '70' is set on object 'Object Repository/FSM1/Complete Egg Inspection/Edit Job Details/Page_JClient (2)/PackerImporterFreeRange'

2018-11-22 15:31:16 - [TEST_STEP][PASSED] - setText: Text '50' is set on object 'Object Repository/FSM1/Complete Egg Inspection/Edit Job Details/Page_JClient (2)/PackerImporterBarn'

2018-11-22 15:31:16 - [MESSAGE][PASSED] - Text '50' is set on object 'Object Repository/FSM1/Complete Egg Inspection/Edit Job Details/Page_JClient (2)/PackerImporterBarn'

2018-11-22 15:31:16 - [TEST_STEP][PASSED] - setText: Text '50' is set on object 'Object Repository/FSM1/Complete Egg Inspection/Edit Job Details/Page_JClient (2)/PackerImporterCageEnriched'

2018-11-22 15:31:17 - [MESSAGE][PASSED] - Text '50' is set on object 'Object Repository/FSM1/Complete Egg Inspection/Edit Job Details/Page_JClient (2)/PackerImporterCageEnriched'

2018-11-22 15:31:17 - [TEST_STEP][PASSED] - setText: Text '11' is set on object 'Object Repository/FSM1/Complete Egg Inspection/Edit Job Details/Page_JClient (2)/ThroughputChangedUK'

2018-11-22 15:31:17 - [MESSAGE][PASSED] - Text '11' is set on object 'Object Repository/FSM1/Complete Egg Inspection/Edit Job Details/Page_JClient (2)/ThroughputChangedUK'

2018-11-22 15:31:17 - [TEST_STEP][PASSED] - setText: Text '12' is set on object 'Object Repository/FSM1/Complete Egg Inspection/Edit Job Details/Page_JClient (2)/ThroughputChangedImported'

2018-11-22 15:31:18 - [MESSAGE][PASSED] - Text '12' is set on object 'Object Repository/FSM1/Complete Egg Inspection/Edit Job Details/Page_JClient (2)/ThroughputChangedImported'

2018-11-22 15:31:18 - [TEST_STEP][PASSED] - selectOptionByValue: All options with value 'COMPLIANCE' are selected in object 'Object Repository/FSM1/Complete Egg Inspection/Page_JClient/select_Compliance (Schedule  A'  using regular expression

2018-11-22 15:31:18 - [MESSAGE][PASSED] - All options with value 'COMPLIANCE' are selected in object 'Object Repository/FSM1/Complete Egg Inspection/Page_JClient/select_Compliance (Schedule  A'  using regular expression

2018-11-22 15:31:18 - [TEST_STEP][PASSED] - setText: Text '9' is set on object 'Object Repository/FSM1/Complete Egg Inspection/Edit Job Details/Page_JClient (2)/WholeSalerRegularOrganic'

2018-11-22 15:31:19 - [MESSAGE][PASSED] - Text '9' is set on object 'Object Repository/FSM1/Complete Egg Inspection/Edit Job Details/Page_JClient (2)/WholeSalerRegularOrganic'

2018-11-22 15:31:19 - [TEST_STEP][PASSED] - setText: Text '8' is set on object 'Object Repository/FSM1/Complete Egg Inspection/Edit Job Details/Page_JClient (2)/WholeSalerRegularFreeRange'

2018-11-22 15:31:19 - [MESSAGE][PASSED] - Text '8' is set on object 'Object Repository/FSM1/Complete Egg Inspection/Edit Job Details/Page_JClient (2)/WholeSalerRegularFreeRange'

2018-11-22 15:31:19 - [TEST_STEP][PASSED] - setText: Text '7' is set on object 'Object Repository/FSM1/Complete Egg Inspection/Edit Job Details/Page_JClient (2)/WholeSalerRegularBarn'

2018-11-22 15:31:20 - [MESSAGE][PASSED] - Text '7' is set on object 'Object Repository/FSM1/Complete Egg Inspection/Edit Job Details/Page_JClient (2)/WholeSalerRegularBarn'

2018-11-22 15:31:20 - [TEST_STEP][PASSED] - click: Object: 'Object Repository/FSM1/Complete Egg Inspection/Signatures/Page_JClient (1)/div_Signatures  Remarks' is clicked on

2018-11-22 15:31:20 - [MESSAGE][PASSED] - Object: 'Object Repository/FSM1/Complete Egg Inspection/Signatures/Page_JClient (1)/div_Signatures  Remarks' is clicked on

2018-11-22 15:31:20 - [TEST_STEP][PASSED] - delay: Delayed 2 second(s)

2018-11-22 15:31:22 - [MESSAGE][PASSED] - Delayed 2 second(s)

2018-11-22 15:31:22 - [TEST_STEP][PASSED] - click: Object: 'Object Repository/FSM1/Complete Egg Inspection/Signatures/Page_JClient (4)/InspectorSignature1' is clicked on

2018-11-22 15:31:22 - [MESSAGE][PASSED] - Object: 'Object Repository/FSM1/Complete Egg Inspection/Signatures/Page_JClient (4)/InspectorSignature1' is clicked on

2018-11-22 15:31:22 - [TEST_STEP][PASSED] - click: Object: 'Object Repository/FSM1/Complete Egg Inspection/Signatures/Page_JClient (1)/div_My JobsLast updated 1518Da' is clicked on

2018-11-22 15:31:24 - [MESSAGE][PASSED] - Object: 'Object Repository/FSM1/Complete Egg Inspection/Signatures/Page_JClient (1)/div_My JobsLast updated 1518Da' is clicked on

2018-11-22 15:31:24 - [TEST_STEP][PASSED] - delay: Delayed 3 second(s)

2018-11-22 15:31:27 - [MESSAGE][PASSED] - Delayed 3 second(s)

2018-11-22 15:31:27 - [TEST_STEP][PASSED] - click: Object: 'Object Repository/FSM1/Complete Egg Inspection/Signatures/Page_JClient (3)/RecipientSignature' is clicked on

2018-11-22 15:31:27 - [MESSAGE][PASSED] - Object: 'Object Repository/FSM1/Complete Egg Inspection/Signatures/Page_JClient (3)/RecipientSignature' is clicked on

2018-11-22 15:31:27 - [TEST_STEP][PASSED] - click: Object: 'Object Repository/FSM1/Complete Egg Inspection/Signatures/Page_JClient (1)/div_My JobsLast updated 1518Da' is clicked on

2018-11-22 15:31:29 - [MESSAGE][PASSED] - Object: 'Object Repository/FSM1/Complete Egg Inspection/Signatures/Page_JClient (1)/div_My JobsLast updated 1518Da' is clicked on

2018-11-22 15:31:29 - [TEST_STEP][PASSED] - delay: Delayed 5 second(s)

2018-11-22 15:31:34 - [MESSAGE][PASSED] - Delayed 5 second(s)

2018-11-22 15:31:34 - [TEST_STEP][PASSED] - setText: Text 'Test Automation' is set on object 'Object Repository/FSM1/Complete Egg Inspection/Signatures/Page_JClient (6)/RecipientName2'

2018-11-22 15:31:34 - [MESSAGE][PASSED] - Text 'Test Automation' is set on object 'Object Repository/FSM1/Complete Egg Inspection/Signatures/Page_JClient (6)/RecipientName2'

2018-11-22 15:31:34 - [TEST_STEP][PASSED] - click: Object: 'Object Repository/FSM1/Complete Egg Inspection/Signatures/Page_JClient (8)/label_Business Owner' is clicked on

2018-11-22 15:31:35 - [MESSAGE][PASSED] - Object: 'Object Repository/FSM1/Complete Egg Inspection/Signatures/Page_JClient (8)/label_Business Owner' is clicked on

2018-11-22 15:31:35 - [TEST_STEP][PASSED] - delay: Delayed 2 second(s)

2018-11-22 15:31:37 - [MESSAGE][PASSED] - Delayed 2 second(s)

2018-11-22 15:31:37 - [TEST_STEP][PASSED] - click: Object: 'Object Repository/FSM1/Complete Egg Inspection/Signatures/Page_JClient (10)/Save' is clicked on

2018-11-22 15:31:37 - [MESSAGE][PASSED] - Object: 'Object Repository/FSM1/Complete Egg Inspection/Signatures/Page_JClient (10)/Save' is clicked on

2018-11-22 15:31:37 - [TEST_STEP][PASSED] - delay: Delayed 3 second(s)

2018-11-22 15:31:40 - [MESSAGE][PASSED] - Delayed 3 second(s)

2018-11-22 15:31:40 - [TEST_STEP][PASSED] - click: Object: 'Object Repository/FSM1/Complete Egg Inspection/Edit Job Details/Page_JClient (7)/div_Save_edit_details' is clicked on

2018-11-22 15:31:40 - [MESSAGE][PASSED] - Object: 'Object Repository/FSM1/Complete Egg Inspection/Edit Job Details/Page_JClient (7)/div_Save_edit_details' is clicked on

2018-11-22 15:31:40 - [TEST_STEP][PASSED] - delay: Delayed 2 second(s)

2018-11-22 15:31:42 - [MESSAGE][PASSED] - Delayed 2 second(s)]]></system-out>
         <system-err><![CDATA[]]></system-err>
      </testcase>
      <testcase name="Test Cases/EMI/Complete EMI Inspection - Data Capture" classname="Test Cases/EMI/Complete EMI Inspection - Data Capture" status="PASSED">
         <system-out><![CDATA[2018-11-22 15:31:42 - [TEST_CASE][PASSED] - Test Cases/EMI/Complete EMI Inspection - Data Capture: Test Cases/EMI/Complete EMI Inspection - Data Capture

2018-11-22 15:31:43 - [TEST_STEP][PASSED] - click: Object: 'Object Repository/FSM1/Complete Egg Inspection/Data Capture/Page_JClient/div_Data Capture' is clicked on

2018-11-22 15:31:43 - [MESSAGE][PASSED] - Object: 'Object Repository/FSM1/Complete Egg Inspection/Data Capture/Page_JClient/div_Data Capture' is clicked on

2018-11-22 15:31:43 - [TEST_STEP][PASSED] - click: Object: 'Object Repository/FSM1/Complete Egg Inspection/Data Capture/Page_JClient/div_Packer' is clicked on

2018-11-22 15:31:43 - [MESSAGE][PASSED] - Object: 'Object Repository/FSM1/Complete Egg Inspection/Data Capture/Page_JClient/div_Packer' is clicked on

2018-11-22 15:31:43 - [TEST_STEP][PASSED] - click: Object: 'Object Repository/FSM1/PreProd/Page_JClient/CreateButton' is clicked on

2018-11-22 15:31:45 - [MESSAGE][PASSED] - Object: 'Object Repository/FSM1/PreProd/Page_JClient/CreateButton' is clicked on

2018-11-22 15:31:45 - [TEST_STEP][PASSED] - selectOptionByValue: All options with value 'CAT' are selected in object 'Object Repository/FSM1/Complete Egg Inspection/Data Capture/Page_JClient/InspectionCode1'  using regular expression

2018-11-22 15:31:47 - [MESSAGE][PASSED] - All options with value 'CAT' are selected in object 'Object Repository/FSM1/Complete Egg Inspection/Data Capture/Page_JClient/InspectionCode1'  using regular expression

2018-11-22 15:31:47 - [TEST_STEP][PASSED] - setText: Text '25' is set on object 'Object Repository/FSM1/Complete Egg Inspection/Data Capture/Page_JClient/input_gwt-DoubleBox GKH2EKQBOH'

2018-11-22 15:31:47 - [MESSAGE][PASSED] - Text '25' is set on object 'Object Repository/FSM1/Complete Egg Inspection/Data Capture/Page_JClient/input_gwt-DoubleBox GKH2EKQBOH'

2018-11-22 15:31:47 - [TEST_STEP][PASSED] - delay: Delayed 2 second(s)

2018-11-22 15:31:49 - [MESSAGE][PASSED] - Delayed 2 second(s)

2018-11-22 15:31:49 - [TEST_STEP][PASSED] - check: Object 'Object Repository/FSM1/Complete Egg Inspection/Data Capture/Data Capture Packer/Page_JClient (6)/span_Na' is checked

2018-11-22 15:31:49 - [MESSAGE][PASSED] - Object 'Object Repository/FSM1/Complete Egg Inspection/Data Capture/Data Capture Packer/Page_JClient (6)/span_Na' is checked

2018-11-22 15:31:49 - [TEST_STEP][PASSED] - delay: Delayed 2 second(s)

2018-11-22 15:31:51 - [MESSAGE][PASSED] - Delayed 2 second(s)

2018-11-22 15:31:51 - [TEST_STEP][PASSED] - click: Object: 'Object Repository/FSM1/Complete Egg Inspection/Data Capture/Data Capture Packer/Page_JClient (6)/Page_JClient/Premises Compliant - Yes' is clicked on

2018-11-22 15:31:51 - [MESSAGE][PASSED] - Object: 'Object Repository/FSM1/Complete Egg Inspection/Data Capture/Data Capture Packer/Page_JClient (6)/Page_JClient/Premises Compliant - Yes' is clicked on

2018-11-22 15:31:51 - [TEST_STEP][NOT_RUN] - setText: NOT_RUN: setText

2018-11-22 15:31:51 - [MESSAGE][NOT_RUN] - NOT_RUN: setText

2018-11-22 15:31:51 - [TEST_STEP][PASSED] - click: Object: 'Object Repository/FSM1/Complete Egg Inspection/Data Capture/Data Capture Packer/Page_JClient/Equipment Compliant - No' is clicked on

2018-11-22 15:31:52 - [MESSAGE][PASSED] - Object: 'Object Repository/FSM1/Complete Egg Inspection/Data Capture/Data Capture Packer/Page_JClient/Equipment Compliant - No' is clicked on

2018-11-22 15:31:52 - [TEST_STEP][PASSED] - click: Object: 'Object Repository/FSM1/Complete Egg Inspection/Data Capture/Data Capture Packer/Page_JClient/Equipment - Low Risk - equipment not compliant' is clicked on

2018-11-22 15:31:52 - [MESSAGE][PASSED] - Object: 'Object Repository/FSM1/Complete Egg Inspection/Data Capture/Data Capture Packer/Page_JClient/Equipment - Low Risk - equipment not compliant' is clicked on

2018-11-22 15:31:52 - [TEST_STEP][PASSED] - setText: Text 'Test Automation' is set on object 'Object Repository/FSM1/Complete Egg Inspection/Data Capture/Data Capture Packer/Page_JClient/Equipment - Notes and Comments'

2018-11-22 15:31:52 - [MESSAGE][PASSED] - Text 'Test Automation' is set on object 'Object Repository/FSM1/Complete Egg Inspection/Data Capture/Data Capture Packer/Page_JClient/Equipment - Notes and Comments'

2018-11-22 15:31:52 - [TEST_STEP][PASSED] - click: Object: 'Object Repository/FSM1/Complete Egg Inspection/Data Capture/Data Capture Packer/Page_JClient/Quality Compliant - No' is clicked on

2018-11-22 15:31:53 - [MESSAGE][PASSED] - Object: 'Object Repository/FSM1/Complete Egg Inspection/Data Capture/Data Capture Packer/Page_JClient/Quality Compliant - No' is clicked on

2018-11-22 15:31:53 - [TEST_STEP][PASSED] - click: Object: 'Object Repository/FSM1/Complete Egg Inspection/Data Capture/Data Capture Packer/Page_JClient/Quality - Low Risk - Poor Quality' is clicked on

2018-11-22 15:31:53 - [MESSAGE][PASSED] - Object: 'Object Repository/FSM1/Complete Egg Inspection/Data Capture/Data Capture Packer/Page_JClient/Quality - Low Risk - Poor Quality' is clicked on

2018-11-22 15:31:53 - [TEST_STEP][PASSED] - setText: Text 'Test Automation' is set on object 'Object Repository/FSM1/Complete Egg Inspection/Data Capture/Data Capture Packer/Page_JClient/Quality - Notes and Comments'

2018-11-22 15:31:53 - [MESSAGE][PASSED] - Text 'Test Automation' is set on object 'Object Repository/FSM1/Complete Egg Inspection/Data Capture/Data Capture Packer/Page_JClient/Quality - Notes and Comments'

2018-11-22 15:31:53 - [TEST_STEP][PASSED] - click: Object: 'Object Repository/FSM1/Complete Egg Inspection/Data Capture/Data Capture Packer/Page_JClient/Weight Compliant - No' is clicked on

2018-11-22 15:31:54 - [MESSAGE][PASSED] - Object: 'Object Repository/FSM1/Complete Egg Inspection/Data Capture/Data Capture Packer/Page_JClient/Weight Compliant - No' is clicked on

2018-11-22 15:31:54 - [TEST_STEP][PASSED] - click: Object: 'Object Repository/FSM1/Complete Egg Inspection/Data Capture/Data Capture Packer/Page_JClient/Weight - Low to Medium Risk' is clicked on

2018-11-22 15:31:54 - [MESSAGE][PASSED] - Object: 'Object Repository/FSM1/Complete Egg Inspection/Data Capture/Data Capture Packer/Page_JClient/Weight - Low to Medium Risk' is clicked on

2018-11-22 15:31:54 - [TEST_STEP][PASSED] - setText: Text 'Test Automation' is set on object 'Object Repository/FSM1/Complete Egg Inspection/Data Capture/Data Capture Packer/Page_JClient/Weight - Notes and Comments'

2018-11-22 15:31:54 - [MESSAGE][PASSED] - Text 'Test Automation' is set on object 'Object Repository/FSM1/Complete Egg Inspection/Data Capture/Data Capture Packer/Page_JClient/Weight - Notes and Comments'

2018-11-22 15:31:54 - [TEST_STEP][PASSED] - click: Object: 'Object Repository/FSM1/Complete Egg Inspection/Data Capture/Data Capture Packer/Page_JClient/Marking Compliant - No' is clicked on

2018-11-22 15:31:54 - [MESSAGE][PASSED] - Object: 'Object Repository/FSM1/Complete Egg Inspection/Data Capture/Data Capture Packer/Page_JClient/Marking Compliant - No' is clicked on

2018-11-22 15:31:54 - [TEST_STEP][PASSED] - click: Object: 'Object Repository/FSM1/Complete Egg Inspection/Data Capture/Data Capture Packer/Page_JClient/Marking - Low to Medium Risk' is clicked on

2018-11-22 15:31:55 - [MESSAGE][PASSED] - Object: 'Object Repository/FSM1/Complete Egg Inspection/Data Capture/Data Capture Packer/Page_JClient/Marking - Low to Medium Risk' is clicked on

2018-11-22 15:31:55 - [TEST_STEP][PASSED] - setText: Text 'Test Automation' is set on object 'Object Repository/FSM1/Complete Egg Inspection/Data Capture/Data Capture Packer/Page_JClient/Marking - Notes and Comments'

2018-11-22 15:31:55 - [MESSAGE][PASSED] - Text 'Test Automation' is set on object 'Object Repository/FSM1/Complete Egg Inspection/Data Capture/Data Capture Packer/Page_JClient/Marking - Notes and Comments'

2018-11-22 15:31:55 - [TEST_STEP][PASSED] - click: Object: 'Object Repository/FSM1/Complete Egg Inspection/Data Capture/Data Capture Packer/Page_JClient/Grading Compliant - No' is clicked on

2018-11-22 15:31:55 - [MESSAGE][PASSED] - Object: 'Object Repository/FSM1/Complete Egg Inspection/Data Capture/Data Capture Packer/Page_JClient/Grading Compliant - No' is clicked on

2018-11-22 15:31:55 - [TEST_STEP][PASSED] - click: Object: 'Object Repository/FSM1/Complete Egg Inspection/Data Capture/Data Capture Packer/Page_JClient/Grading - Low to Medium' is clicked on

2018-11-22 15:31:55 - [MESSAGE][PASSED] - Object: 'Object Repository/FSM1/Complete Egg Inspection/Data Capture/Data Capture Packer/Page_JClient/Grading - Low to Medium' is clicked on

2018-11-22 15:31:55 - [TEST_STEP][PASSED] - setText: Text 'Test Automation' is set on object 'Object Repository/FSM1/Complete Egg Inspection/Data Capture/Data Capture Packer/Page_JClient/Grading - Notes and Comments'

2018-11-22 15:31:56 - [MESSAGE][PASSED] - Text 'Test Automation' is set on object 'Object Repository/FSM1/Complete Egg Inspection/Data Capture/Data Capture Packer/Page_JClient/Grading - Notes and Comments'

2018-11-22 15:31:56 - [TEST_STEP][PASSED] - click: Object: 'Object Repository/FSM1/Complete Egg Inspection/Data Capture/Data Capture Packer/Page_JClient/Packing Compliant - No' is clicked on

2018-11-22 15:31:56 - [MESSAGE][PASSED] - Object: 'Object Repository/FSM1/Complete Egg Inspection/Data Capture/Data Capture Packer/Page_JClient/Packing Compliant - No' is clicked on

2018-11-22 15:31:56 - [TEST_STEP][PASSED] - click: Object: 'Object Repository/FSM1/Complete Egg Inspection/Data Capture/Data Capture Packer/Page_JClient/Packing - Low to Medium' is clicked on

2018-11-22 15:31:56 - [MESSAGE][PASSED] - Object: 'Object Repository/FSM1/Complete Egg Inspection/Data Capture/Data Capture Packer/Page_JClient/Packing - Low to Medium' is clicked on

2018-11-22 15:31:56 - [TEST_STEP][PASSED] - setText: Text 'Test Automation' is set on object 'Object Repository/FSM1/Complete Egg Inspection/Data Capture/Data Capture Packer/Page_JClient/Packing - Notes and Comments'

2018-11-22 15:31:57 - [MESSAGE][PASSED] - Text 'Test Automation' is set on object 'Object Repository/FSM1/Complete Egg Inspection/Data Capture/Data Capture Packer/Page_JClient/Packing - Notes and Comments'

2018-11-22 15:31:57 - [TEST_STEP][PASSED] - click: Object: 'Object Repository/FSM1/Complete Egg Inspection/Data Capture/Data Capture Packer/Page_JClient/Labelling Compliant - No' is clicked on

2018-11-22 15:31:57 - [MESSAGE][PASSED] - Object: 'Object Repository/FSM1/Complete Egg Inspection/Data Capture/Data Capture Packer/Page_JClient/Labelling Compliant - No' is clicked on

2018-11-22 15:31:57 - [TEST_STEP][PASSED] - click: Object: 'Object Repository/FSM1/Complete Egg Inspection/Data Capture/Data Capture Packer/Page_JClient/Labelling - Low Risk' is clicked on

2018-11-22 15:31:57 - [MESSAGE][PASSED] - Object: 'Object Repository/FSM1/Complete Egg Inspection/Data Capture/Data Capture Packer/Page_JClient/Labelling - Low Risk' is clicked on

2018-11-22 15:31:57 - [TEST_STEP][PASSED] - setText: Text 'Test Automation' is set on object 'Object Repository/FSM1/Complete Egg Inspection/Data Capture/Data Capture Packer/Page_JClient/Labelling - Notes and Comments'

2018-11-22 15:31:58 - [MESSAGE][PASSED] - Text 'Test Automation' is set on object 'Object Repository/FSM1/Complete Egg Inspection/Data Capture/Data Capture Packer/Page_JClient/Labelling - Notes and Comments'

2018-11-22 15:31:58 - [TEST_STEP][PASSED] - click: Object: 'Object Repository/FSM1/Complete Egg Inspection/Data Capture/Data Capture Packer/Page_JClient/Records Compliant - No' is clicked on

2018-11-22 15:31:58 - [MESSAGE][PASSED] - Object: 'Object Repository/FSM1/Complete Egg Inspection/Data Capture/Data Capture Packer/Page_JClient/Records Compliant - No' is clicked on

2018-11-22 15:31:58 - [TEST_STEP][PASSED] - click: Object: 'Object Repository/FSM1/Complete Egg Inspection/Data Capture/Data Capture Packer/Page_JClient/Records - Low Risk' is clicked on

2018-11-22 15:31:58 - [MESSAGE][PASSED] - Object: 'Object Repository/FSM1/Complete Egg Inspection/Data Capture/Data Capture Packer/Page_JClient/Records - Low Risk' is clicked on

2018-11-22 15:31:58 - [TEST_STEP][PASSED] - setText: Text 'Test Automation' is set on object 'Object Repository/FSM1/Complete Egg Inspection/Data Capture/Data Capture Packer/Page_JClient/Records - Notes and Comments'

2018-11-22 15:31:59 - [MESSAGE][PASSED] - Text 'Test Automation' is set on object 'Object Repository/FSM1/Complete Egg Inspection/Data Capture/Data Capture Packer/Page_JClient/Records - Notes and Comments'

2018-11-22 15:31:59 - [TEST_STEP][PASSED] - click: Object: 'Object Repository/FSM1/Complete Egg Inspection/Data Capture/Data Capture Packer/Page_JClient (3)/span_No' is clicked on

2018-11-22 15:31:59 - [MESSAGE][PASSED] - Object: 'Object Repository/FSM1/Complete Egg Inspection/Data Capture/Data Capture Packer/Page_JClient (3)/span_No' is clicked on

2018-11-22 15:31:59 - [TEST_STEP][PASSED] - click: Object: 'Object Repository/FSM1/Complete Egg Inspection/Data Capture/Data Capture Packer/Page_JClient/Save' is clicked on

2018-11-22 15:31:59 - [MESSAGE][PASSED] - Object: 'Object Repository/FSM1/Complete Egg Inspection/Data Capture/Data Capture Packer/Page_JClient/Save' is clicked on

2018-11-22 15:31:59 - [TEST_STEP][PASSED] - delay: Delayed 10 second(s)

2018-11-22 15:32:09 - [MESSAGE][PASSED] - Delayed 10 second(s)]]></system-out>
         <system-err><![CDATA[]]></system-err>
      </testcase>
      <testcase name="Test Cases/EMI/Complete EMI Inspection - Completion Attributes" classname="Test Cases/EMI/Complete EMI Inspection - Completion Attributes" status="PASSED">
         <system-out><![CDATA[2018-11-22 15:32:09 - [TEST_CASE][PASSED] - Test Cases/EMI/Complete EMI Inspection - Completion Attributes: Test Cases/EMI/Complete EMI Inspection - Completion Attributes

2018-11-22 15:32:10 - [TEST_STEP][PASSED] - click: Object: 'Object Repository/FSM1/Complete Egg Inspection/CompletionAttributes/Page_JClient/div_STARTED (locked)' is clicked on

2018-11-22 15:32:10 - [MESSAGE][PASSED] - Object: 'Object Repository/FSM1/Complete Egg Inspection/CompletionAttributes/Page_JClient/div_STARTED (locked)' is clicked on

2018-11-22 15:32:10 - [TEST_STEP][PASSED] - delay: Delayed 2 second(s)

2018-11-22 15:32:12 - [MESSAGE][PASSED] - Delayed 2 second(s)

2018-11-22 15:32:12 - [TEST_STEP][PASSED] - click: Object: 'Object Repository/FSM1/Complete Egg Inspection/CompletionAttributes/Page_JClient/div_COMPLETED' is clicked on

2018-11-22 15:32:12 - [MESSAGE][PASSED] - Object: 'Object Repository/FSM1/Complete Egg Inspection/CompletionAttributes/Page_JClient/div_COMPLETED' is clicked on

2018-11-22 15:32:12 - [TEST_STEP][PASSED] - setText: Text '1' is set on object 'Object Repository/FSM1/Complete Egg Inspection/CompletionAttributes/Page_JClient/OrganicNumber'

2018-11-22 15:32:14 - [MESSAGE][PASSED] - Text '1' is set on object 'Object Repository/FSM1/Complete Egg Inspection/CompletionAttributes/Page_JClient/OrganicNumber'

2018-11-22 15:32:14 - [TEST_STEP][PASSED] - click: Object: 'Object Repository/FSM1/Complete Egg Inspection/CompletionAttributes/Page_JClient/FreeRangeNumber' is clicked on

2018-11-22 15:32:14 - [MESSAGE][PASSED] - Object: 'Object Repository/FSM1/Complete Egg Inspection/CompletionAttributes/Page_JClient/FreeRangeNumber' is clicked on

2018-11-22 15:32:14 - [TEST_STEP][PASSED] - click: Object: 'Object Repository/FSM1/Complete Egg Inspection/CompletionAttributes/Page_JClient/OrganicCompliant' is clicked on

2018-11-22 15:32:14 - [MESSAGE][PASSED] - Object: 'Object Repository/FSM1/Complete Egg Inspection/CompletionAttributes/Page_JClient/OrganicCompliant' is clicked on

2018-11-22 15:32:14 - [TEST_STEP][PASSED] - setText: Text '1' is set on object 'Object Repository/FSM1/Complete Egg Inspection/CompletionAttributes/Page_JClient/FreeRangeNumber1'

2018-11-22 15:32:15 - [MESSAGE][PASSED] - Text '1' is set on object 'Object Repository/FSM1/Complete Egg Inspection/CompletionAttributes/Page_JClient/FreeRangeNumber1'

2018-11-22 15:32:15 - [TEST_STEP][PASSED] - click: Object: 'Object Repository/FSM1/Complete Egg Inspection/CompletionAttributes/Page_JClient/BarnNumber' is clicked on

2018-11-22 15:32:15 - [MESSAGE][PASSED] - Object: 'Object Repository/FSM1/Complete Egg Inspection/CompletionAttributes/Page_JClient/BarnNumber' is clicked on

2018-11-22 15:32:15 - [TEST_STEP][PASSED] - click: Object: 'Object Repository/FSM1/Complete Egg Inspection/CompletionAttributes/Page_JClient/FreeRangeCompliant' is clicked on

2018-11-22 15:32:15 - [MESSAGE][PASSED] - Object: 'Object Repository/FSM1/Complete Egg Inspection/CompletionAttributes/Page_JClient/FreeRangeCompliant' is clicked on

2018-11-22 15:32:15 - [TEST_STEP][PASSED] - setText: Text '1' is set on object 'Object Repository/FSM1/Complete Egg Inspection/CompletionAttributes/Page_JClient/BarnNumber1'

2018-11-22 15:32:15 - [MESSAGE][PASSED] - Text '1' is set on object 'Object Repository/FSM1/Complete Egg Inspection/CompletionAttributes/Page_JClient/BarnNumber1'

2018-11-22 15:32:15 - [TEST_STEP][PASSED] - click: Object: 'Object Repository/FSM1/Complete Egg Inspection/CompletionAttributes/Page_JClient/CageEnriched' is clicked on

2018-11-22 15:32:16 - [MESSAGE][PASSED] - Object: 'Object Repository/FSM1/Complete Egg Inspection/CompletionAttributes/Page_JClient/CageEnriched' is clicked on

2018-11-22 15:32:16 - [TEST_STEP][PASSED] - click: Object: 'Object Repository/FSM1/Complete Egg Inspection/CompletionAttributes/Page_JClient/BarnNumberCompliant' is clicked on

2018-11-22 15:32:16 - [MESSAGE][PASSED] - Object: 'Object Repository/FSM1/Complete Egg Inspection/CompletionAttributes/Page_JClient/BarnNumberCompliant' is clicked on

2018-11-22 15:32:16 - [TEST_STEP][PASSED] - setText: Text '1' is set on object 'Object Repository/FSM1/Complete Egg Inspection/CompletionAttributes/Page_JClient/CageEnriched1'

2018-11-22 15:32:16 - [MESSAGE][PASSED] - Text '1' is set on object 'Object Repository/FSM1/Complete Egg Inspection/CompletionAttributes/Page_JClient/CageEnriched1'

2018-11-22 15:32:16 - [TEST_STEP][PASSED] - click: Object: 'Object Repository/FSM1/Complete Egg Inspection/CompletionAttributes/Page_JClient/VeterinaryRecords' is clicked on

2018-11-22 15:32:16 - [MESSAGE][PASSED] - Object: 'Object Repository/FSM1/Complete Egg Inspection/CompletionAttributes/Page_JClient/VeterinaryRecords' is clicked on

2018-11-22 15:32:16 - [TEST_STEP][PASSED] - click: Object: 'Object Repository/FSM1/Complete Egg Inspection/CompletionAttributes/Page_JClient/CageEnrichedCompliant' is clicked on

2018-11-22 15:32:16 - [MESSAGE][PASSED] - Object: 'Object Repository/FSM1/Complete Egg Inspection/CompletionAttributes/Page_JClient/CageEnrichedCompliant' is clicked on

2018-11-22 15:32:16 - [TEST_STEP][PASSED] - click: Object: 'Object Repository/FSM1/Complete Egg Inspection/CompletionAttributes/Page_JClient/VeterinaryMedical' is clicked on

2018-11-22 15:32:16 - [MESSAGE][PASSED] - Object: 'Object Repository/FSM1/Complete Egg Inspection/CompletionAttributes/Page_JClient/VeterinaryMedical' is clicked on

2018-11-22 15:32:16 - [TEST_STEP][PASSED] - click: Object: 'Object Repository/FSM1/Complete Egg Inspection/CompletionAttributes/Page_JClient/HygieneCompliant' is clicked on

2018-11-22 15:32:17 - [MESSAGE][PASSED] - Object: 'Object Repository/FSM1/Complete Egg Inspection/CompletionAttributes/Page_JClient/HygieneCompliant' is clicked on

2018-11-22 15:32:17 - [TEST_STEP][PASSED] - click: Object: 'Object Repository/FSM1/Complete Egg Inspection/CompletionAttributes/Page_JClient/WelfareCompliant' is clicked on

2018-11-22 15:32:17 - [MESSAGE][PASSED] - Object: 'Object Repository/FSM1/Complete Egg Inspection/CompletionAttributes/Page_JClient/WelfareCompliant' is clicked on

2018-11-22 15:32:17 - [TEST_STEP][PASSED] - click: Object: 'Object Repository/FSM1/Complete Egg Inspection/CompletionAttributes/Page_JClient/SalmonellaCompliant' is clicked on

2018-11-22 15:32:17 - [MESSAGE][PASSED] - Object: 'Object Repository/FSM1/Complete Egg Inspection/CompletionAttributes/Page_JClient/SalmonellaCompliant' is clicked on

2018-11-22 15:32:17 - [TEST_STEP][PASSED] - click: Object: 'Object Repository/FSM1/Complete Egg Inspection/CompletionAttributes/Page_JClient/VMDCompliant' is clicked on

2018-11-22 15:32:17 - [MESSAGE][PASSED] - Object: 'Object Repository/FSM1/Complete Egg Inspection/CompletionAttributes/Page_JClient/VMDCompliant' is clicked on

2018-11-22 15:32:17 - [TEST_STEP][PASSED] - click: Object: 'Object Repository/FSM1/Complete Egg Inspection/CompletionAttributes/Page_JClient/PremisesCompliant' is clicked on

2018-11-22 15:32:18 - [MESSAGE][PASSED] - Object: 'Object Repository/FSM1/Complete Egg Inspection/CompletionAttributes/Page_JClient/PremisesCompliant' is clicked on

2018-11-22 15:32:18 - [TEST_STEP][PASSED] - click: Object: 'Object Repository/FSM1/Complete Egg Inspection/CompletionAttributes/Page_JClient/PremisesTempCompliant' is clicked on

2018-11-22 15:32:18 - [MESSAGE][PASSED] - Object: 'Object Repository/FSM1/Complete Egg Inspection/CompletionAttributes/Page_JClient/PremisesTempCompliant' is clicked on

2018-11-22 15:32:18 - [TEST_STEP][PASSED] - click: Object: 'Object Repository/FSM1/Complete Egg Inspection/CompletionAttributes/Page_JClient/EquipmentCompliant' is clicked on

2018-11-22 15:32:18 - [MESSAGE][PASSED] - Object: 'Object Repository/FSM1/Complete Egg Inspection/CompletionAttributes/Page_JClient/EquipmentCompliant' is clicked on

2018-11-22 15:32:18 - [TEST_STEP][PASSED] - click: Object: 'Object Repository/FSM1/Complete Egg Inspection/CompletionAttributes/Page_JClient/QualityCompliant' is clicked on

2018-11-22 15:32:18 - [MESSAGE][PASSED] - Object: 'Object Repository/FSM1/Complete Egg Inspection/CompletionAttributes/Page_JClient/QualityCompliant' is clicked on

2018-11-22 15:32:18 - [TEST_STEP][PASSED] - click: Object: 'Object Repository/FSM1/Complete Egg Inspection/CompletionAttributes/Page_JClient/WeightGradingCompliant' is clicked on

2018-11-22 15:32:18 - [MESSAGE][PASSED] - Object: 'Object Repository/FSM1/Complete Egg Inspection/CompletionAttributes/Page_JClient/WeightGradingCompliant' is clicked on

2018-11-22 15:32:18 - [TEST_STEP][PASSED] - click: Object: 'Object Repository/FSM1/Complete Egg Inspection/CompletionAttributes/Page_JClient/ProductionCompliant' is clicked on

2018-11-22 15:32:19 - [MESSAGE][PASSED] - Object: 'Object Repository/FSM1/Complete Egg Inspection/CompletionAttributes/Page_JClient/ProductionCompliant' is clicked on

2018-11-22 15:32:19 - [TEST_STEP][PASSED] - click: Object: 'Object Repository/FSM1/Complete Egg Inspection/CompletionAttributes/Page_JClient/MarkingEggsCompliant' is clicked on

2018-11-22 15:32:19 - [MESSAGE][PASSED] - Object: 'Object Repository/FSM1/Complete Egg Inspection/CompletionAttributes/Page_JClient/MarkingEggsCompliant' is clicked on

2018-11-22 15:32:19 - [TEST_STEP][PASSED] - delay: Delayed 2 second(s)

2018-11-22 15:32:21 - [MESSAGE][PASSED] - Delayed 2 second(s)

2018-11-22 15:32:21 - [TEST_STEP][PASSED] - click: Object: 'Object Repository/FSM1/Complete Egg Inspection/CompletionAttributes/Page_JClient/LabellingCompliant1' is clicked on

2018-11-22 15:32:21 - [MESSAGE][PASSED] - Object: 'Object Repository/FSM1/Complete Egg Inspection/CompletionAttributes/Page_JClient/LabellingCompliant1' is clicked on

2018-11-22 15:32:21 - [TEST_STEP][PASSED] - selectOptionByValue: All options with value 'COMPLETED' are selected in object 'Object Repository/FSM1/Complete Egg Inspection/CompletionAttributes/Page_JClient/Page_JClient/Page_JClient/select_Yes'  using regular expression

2018-11-22 15:32:21 - [MESSAGE][PASSED] - All options with value 'COMPLETED' are selected in object 'Object Repository/FSM1/Complete Egg Inspection/CompletionAttributes/Page_JClient/Page_JClient/Page_JClient/select_Yes'  using regular expression

2018-11-22 15:32:21 - [TEST_STEP][PASSED] - click: Object: 'Object Repository/FSM1/Complete Egg Inspection/CompletionAttributes/Page_JClient/Page_JClient/div_Save' is clicked on

2018-11-22 15:32:22 - [MESSAGE][PASSED] - Object: 'Object Repository/FSM1/Complete Egg Inspection/CompletionAttributes/Page_JClient/Page_JClient/div_Save' is clicked on

2018-11-22 15:32:22 - [TEST_STEP][PASSED] - delay: Delayed 10 second(s)

2018-11-22 15:32:32 - [MESSAGE][PASSED] - Delayed 10 second(s)

2018-11-22 15:32:32 - [TEST_STEP][PASSED] - click: Object: 'Object Repository/FSM1/Complete Egg Inspection/CompletionAttributes/Page_JClient/CompletedOK' is clicked on

2018-11-22 15:32:32 - [MESSAGE][PASSED] - Object: 'Object Repository/FSM1/Complete Egg Inspection/CompletionAttributes/Page_JClient/CompletedOK' is clicked on

2018-11-22 15:32:32 - [TEST_STEP][PASSED] - delay: Delayed 30 second(s)

2018-11-22 15:33:02 - [MESSAGE][PASSED] - Delayed 30 second(s)]]></system-out>
         <system-err><![CDATA[]]></system-err>
      </testcase>
      <testcase name="Test Cases/Generic/Launch Job Manager Control Centre - Check Result" classname="Test Cases/Generic/Launch Job Manager Control Centre - Check Result" status="PASSED">
         <system-out><![CDATA[2018-11-22 15:33:02 - [TEST_CASE][PASSED] - Test Cases/Generic/Launch Job Manager Control Centre - Check Result: Test Cases/Generic/Launch Job Manager Control Centre - Check Result

2018-11-22 15:33:02 - [TEST_STEP][PASSED] - openBrowser: Browser is opened with url: ''

2018-11-22 15:33:02 - [MESSAGE][WARNING] - A browser is already opened. Closing browser and opening a new one

2018-11-22 15:33:06 - [MESSAGE][PASSED] - Browser is opened with url: ''

2018-11-22 15:33:06 - [TEST_STEP][PASSED] - navigateToUrl: Navigate to 'https://kirona-def-6.kirona.com/jmprep/login#!loginView' successfully

2018-11-22 15:33:08 - [MESSAGE][PASSED] - Navigate to 'https://kirona-def-6.kirona.com/jmprep/login#!loginView' successfully

2018-11-22 15:33:08 - [TEST_STEP][PASSED] - setText: Text 'jon.hatfield' is set on object 'Object Repository/FSM1/Control Centre/Page_Job Manager Login/input_gwt-uid-3'

2018-11-22 15:33:09 - [MESSAGE][PASSED] - Text 'jon.hatfield' is set on object 'Object Repository/FSM1/Control Centre/Page_Job Manager Login/input_gwt-uid-3'

2018-11-22 15:33:09 - [TEST_STEP][PASSED] - setText: Text 'Fr@nc1sJ0n' is set on object 'Object Repository/FSM1/Control Centre/Page_Job Manager Login/input_gwt-uid-5'

2018-11-22 15:33:10 - [MESSAGE][PASSED] - Text 'Fr@nc1sJ0n' is set on object 'Object Repository/FSM1/Control Centre/Page_Job Manager Login/input_gwt-uid-5'

2018-11-22 15:33:10 - [TEST_STEP][PASSED] - click: Object: 'Object Repository/FSM1/PreProd/Page_Job Manager Login/div_Login' is clicked on

2018-11-22 15:33:10 - [MESSAGE][PASSED] - Object: 'Object Repository/FSM1/PreProd/Page_Job Manager Login/div_Login' is clicked on

2018-11-22 15:33:10 - [TEST_STEP][PASSED] - delay: Delayed 5 second(s)

2018-11-22 15:33:15 - [MESSAGE][PASSED] - Delayed 5 second(s)]]></system-out>
         <system-err><![CDATA[]]></system-err>
      </testcase>
      <testcase name="Test Cases/EMI/Control Centre - Check Results - EMI" classname="Test Cases/EMI/Control Centre - Check Results - EMI" status="PASSED">
         <system-out><![CDATA[2018-11-22 15:33:15 - [TEST_CASE][PASSED] - Test Cases/EMI/Control Centre - Check Results - EMI: Test Cases/EMI/Control Centre - Check Results - EMI

2018-11-22 15:33:15 - [TEST_STEP][PASSED] - Statement - log = new com.kms.katalon.core.logging.KeywordLogger(): null

2018-11-22 15:33:15 - [TEST_STEP][PASSED] - setText: Text '91338' is set on object 'Object Repository/FSM1/EMI Check Results/Page_JM Control Centre/input_Recents_v-textfield v-wi'

2018-11-22 15:33:16 - [MESSAGE][PASSED] - Text '91338' is set on object 'Object Repository/FSM1/EMI Check Results/Page_JM Control Centre/input_Recents_v-textfield v-wi'

2018-11-22 15:33:16 - [TEST_STEP][PASSED] - click: Object: 'Object Repository/FSM1/EMI Check Results/Page_JM Control Centre/span_' is clicked on

2018-11-22 15:33:17 - [MESSAGE][PASSED] - Object: 'Object Repository/FSM1/EMI Check Results/Page_JM Control Centre/span_' is clicked on

2018-11-22 15:33:17 - [TEST_STEP][PASSED] - waitForElementPresent: Object 'Object Repository/FSM1/EMI Check Results/Page_JM Control Centre/div_CLOSED' is present

2018-11-22 15:33:22 - [MESSAGE][PASSED] - Object 'Object Repository/FSM1/EMI Check Results/Page_JM Control Centre/div_CLOSED' is present

2018-11-22 15:33:22 - [TEST_STEP][PASSED] - verifyElementPresent: Object 'Object Repository/FSM1/EMI Check Results/Page_JM Control Centre/Page_JM Control Centre/Page_JM Control Centre/Page_JM Control Centre/Page_JM Control Centre/div_Attachments_EMI Technical' is present

2018-11-22 15:33:22 - [MESSAGE][PASSED] - Object 'Object Repository/FSM1/EMI Check Results/Page_JM Control Centre/Page_JM Control Centre/Page_JM Control Centre/Page_JM Control Centre/Page_JM Control Centre/div_Attachments_EMI Technical' is present

2018-11-22 15:33:22 - [TEST_STEP][PASSED] - closeBrowser: Browser is closed

2018-11-22 15:33:23 - [MESSAGE][PASSED] - Browser is closed]]></system-out>
         <system-err><![CDATA[]]></system-err>
      </testcase>
      <system-out><![CDATA[2018-11-22 15:24:14 - [TEST_SUITE][PASSED] - EMI Regression: Test Cases/EMI/Control Centre - Check Results - EMI]]></system-out>
      <system-err><![CDATA[]]></system-err>
   </testsuite>
</testsuites>
